

================================================================
== Vitis HLS Report for 'insertChecksum'
================================================================
* Date:           Tue Jul 11 09:16:15 2023

* Version:        2022.1 (Build 3526262 on Mon Apr 18 15:47:01 MDT 2022)
* Project:        icmp_server_prj
* Solution:       solution1 (Vivado IP Flow Target)
* Product family: virtexuplus
* Target device:  xcu280-fsvh2892-2L-e


================================================================
== Performance Estimates
================================================================
+ Timing: 
    * Summary: 
    +--------+---------+----------+------------+
    |  Clock |  Target | Estimated| Uncertainty|
    +--------+---------+----------+------------+
    |ap_clk  |  3.20 ns|  2.218 ns|     0.86 ns|
    +--------+---------+----------+------------+

+ Latency: 
    * Summary: 
    +---------+---------+----------+----------+-----+-----+---------+
    |  Latency (cycles) |  Latency (absolute) |  Interval | Pipeline|
    |   min   |   max   |    min   |    max   | min | max |   Type  |
    +---------+---------+----------+----------+-----+-----+---------+
    |        2|        2|  6.400 ns|  6.400 ns|    1|    1|      yes|
    +---------+---------+----------+----------+-----+-----+---------+

    + Detail: 
        * Instance: 
        N/A

        * Loop: 
        N/A



================================================================
== Utilization Estimates
================================================================
* Summary: 
+---------------------+---------+------+---------+---------+-----+
|         Name        | BRAM_18K|  DSP |    FF   |   LUT   | URAM|
+---------------------+---------+------+---------+---------+-----+
|DSP                  |        -|     -|        -|        -|    -|
|Expression           |        -|     -|        0|      105|    -|
|FIFO                 |        -|     -|        -|        -|    -|
|Instance             |        -|     -|        -|        -|    -|
|Memory               |        -|     -|        -|        -|    -|
|Multiplexer          |        -|     -|        -|      270|    -|
|Register             |        -|     -|      470|        -|    -|
+---------------------+---------+------+---------+---------+-----+
|Total                |        0|     0|      470|      375|    0|
+---------------------+---------+------+---------+---------+-----+
|Available SLR        |     1344|  3008|   869120|   434560|  320|
+---------------------+---------+------+---------+---------+-----+
|Utilization SLR (%)  |        0|     0|       ~0|       ~0|    0|
+---------------------+---------+------+---------+---------+-----+
|Available            |     4032|  9024|  2607360|  1303680|  960|
+---------------------+---------+------+---------+---------+-----+
|Utilization (%)      |        0|     0|       ~0|       ~0|    0|
+---------------------+---------+------+---------+---------+-----+

+ Detail: 
    * Instance: 
    N/A

    * DSP: 
    N/A

    * Memory: 
    N/A

    * FIFO: 
    N/A

    * Expression: 
    +----------------------------------+----------+----+---+----+------------+------------+
    |           Variable Name          | Operation| DSP| FF| LUT| Bitwidth P0| Bitwidth P1|
    +----------------------------------+----------+----+---+----+------------+------------+
    |add_ln886_fu_324_p2               |         +|   0|  0|  23|          16|           1|
    |ap_condition_101                  |       and|   0|  0|   2|           1|           1|
    |ap_condition_107                  |       and|   0|  0|   2|           1|           1|
    |ap_condition_115                  |       and|   0|  0|   2|           1|           1|
    |ap_condition_118                  |       and|   0|  0|   2|           1|           1|
    |ap_condition_123                  |       and|   0|  0|   2|           1|           1|
    |ap_condition_124                  |       and|   0|  0|   2|           1|           1|
    |ap_condition_290                  |       and|   0|  0|   2|           1|           1|
    |ap_condition_361                  |       and|   0|  0|   2|           1|           1|
    |ap_condition_364                  |       and|   0|  0|   2|           1|           1|
    |ap_condition_387                  |       and|   0|  0|   2|           1|           1|
    |ap_condition_50                   |       and|   0|  0|   2|           1|           1|
    |ap_condition_53                   |       and|   0|  0|   2|           1|           1|
    |ap_condition_77                   |       and|   0|  0|   2|           1|           1|
    |ap_condition_78                   |       and|   0|  0|   2|           1|           1|
    |ap_predicate_op91_write_state2    |       and|   0|  0|   2|           1|           1|
    |ap_predicate_op93_write_state2    |       and|   0|  0|   2|           1|           1|
    |ap_predicate_op94_write_state2    |       and|   0|  0|   2|           1|           1|
    |ap_predicate_op95_write_state3    |       and|   0|  0|   2|           1|           1|
    |ap_predicate_op97_write_state3    |       and|   0|  0|   2|           1|           1|
    |ap_predicate_op99_write_state3    |       and|   0|  0|   2|           1|           1|
    |grp_nbreadreq_fu_70_p3            |       and|   0|  0|   2|           1|           0|
    |grp_nbreadreq_fu_78_p3            |       and|   0|  0|   2|           1|           0|
    |tmp_50_i_nbreadreq_fu_94_p3       |       and|   0|  0|   2|           1|           0|
    |tmp_51_i_nbreadreq_fu_86_p3       |       and|   0|  0|   2|           1|           0|
    |ap_block_pp0_stage0_01001         |        or|   0|  0|   2|           1|           1|
    |ap_block_pp0_stage0_11001         |        or|   0|  0|   2|           1|           1|
    |ap_block_state1_pp0_stage0_iter0  |        or|   0|  0|   2|           1|           1|
    |ap_block_state2_io                |        or|   0|  0|   2|           1|           1|
    |ap_block_state3_io                |        or|   0|  0|   2|           1|           1|
    |ap_block_state3_pp0_stage0_iter2  |        or|   0|  0|   2|           1|           1|
    |or_ln377_fu_292_p2                |        or|   0|  0|   2|           1|           1|
    |select_ln399_fu_330_p3            |    select|   0|  0|  16|           1|           1|
    |ap_enable_pp0                     |       xor|   0|  0|   2|           1|           2|
    |xor_ln257_fu_298_p2               |       xor|   0|  0|   2|           1|           2|
    +----------------------------------+----------+----+---+----+------------+------------+
    |Total                             |          |   0|  0| 105|          50|          33|
    +----------------------------------+----------+----+---+----+------------+------------+

    * Multiplexer: 
    +---------------------------------------------------------------------------+----+-----------+-----+-----------+
    |                                    Name                                   | LUT| Input Size| Bits| Total Bits|
    +---------------------------------------------------------------------------+----+-----------+-----+-----------+
    |ap_done                                                                    |   9|          2|    1|          2|
    |ap_phi_mux_empty_35_phi_fu_148_p4                                          |  14|          3|    1|          3|
    |ap_phi_mux_empty_36_phi_fu_160_p4                                          |  14|          3|    1|          3|
    |ap_phi_mux_empty_phi_fu_136_p4                                             |  14|          3|    1|          3|
    |ap_phi_mux_p_0_phi_fu_173_p4                                               |  14|          3|  128|        384|
    |ap_phi_reg_pp0_iter1_p_1_0_0_09736_i_reg_191                               |  14|          3|    8|         24|
    |ap_phi_reg_pp0_iter1_p_2_0_0_09938_i_reg_182                               |  14|          3|    1|          3|
    |ap_phi_reg_pp0_iter1_phi_ln145_reg_200                                     |  14|          3|  128|        384|
    |ap_phi_reg_pp0_iter1_tmp_15_reg_209                                        |  14|          3|   16|         48|
    |ap_phi_reg_pp0_iter1_tmp_reg_218                                           |  14|          3|  128|        384|
    |empty_35_reg_145                                                           |  14|          3|    1|          3|
    |empty_36_reg_157                                                           |  14|          3|    1|          3|
    |empty_reg_133                                                              |  14|          3|    1|          3|
    |ic_wordCount_V                                                             |  14|          3|   16|         48|
    |icmp_server_stream_stream_stream_stream_axiWord_0_checksumStreams_1_blk_n  |   9|          2|    1|          2|
    |icmp_server_stream_stream_stream_stream_axiWord_0_checksumStreams_blk_n    |   9|          2|    1|          2|
    |icmp_server_stream_stream_stream_stream_axiWord_0_dataStreams_1_blk_n      |   9|          2|    1|          2|
    |icmp_server_stream_stream_stream_stream_axiWord_0_dataStreams_blk_n        |   9|          2|    1|          2|
    |m_axis_TDATA_blk_n                                                         |   9|          2|    1|          2|
    |m_axis_TDATA_int_regslice                                                  |  20|          4|  128|        512|
    |p_0_reg_169                                                                |  14|          3|  128|        384|
    +---------------------------------------------------------------------------+----+-----------+-----+-----------+
    |Total                                                                      | 270|         58|  693|       2201|
    +---------------------------------------------------------------------------+----+-----------+-----+-----------+

    * Register: 
    +----------------------------------------------+-----+----+-----+-----------+
    |                     Name                     |  FF | LUT| Bits| Const Bits|
    +----------------------------------------------+-----+----+-----+-----------+
    |ap_CS_fsm                                     |    1|   0|    1|          0|
    |ap_done_reg                                   |    1|   0|    1|          0|
    |ap_enable_reg_pp0_iter1                       |    1|   0|    1|          0|
    |ap_enable_reg_pp0_iter2                       |    1|   0|    1|          0|
    |ap_phi_reg_pp0_iter1_p_1_0_0_09736_i_reg_191  |    8|   0|    8|          0|
    |ap_phi_reg_pp0_iter1_p_2_0_0_09938_i_reg_182  |    1|   0|    1|          0|
    |ap_phi_reg_pp0_iter1_phi_ln145_reg_200        |  128|   0|  128|          0|
    |ap_phi_reg_pp0_iter1_tmp_15_reg_209           |   16|   0|   16|          0|
    |ap_phi_reg_pp0_iter1_tmp_reg_218              |  128|   0|  128|          0|
    |empty_35_reg_145                              |    1|   0|    1|          0|
    |empty_35_reg_145_pp0_iter1_reg                |    1|   0|    1|          0|
    |empty_36_reg_157                              |    1|   0|    1|          0|
    |empty_36_reg_157_pp0_iter1_reg                |    1|   0|    1|          0|
    |empty_reg_133                                 |    1|   0|    1|          0|
    |empty_reg_133_pp0_iter1_reg                   |    1|   0|    1|          0|
    |ic_wordCount_V                                |   16|   0|   16|          0|
    |ic_wordCount_V_load_reg_375                   |   16|   0|   16|          0|
    |ic_wordCount_V_load_reg_375_pp0_iter1_reg     |   16|   0|   16|          0|
    |or_ln377_reg_415                              |    1|   0|    1|          0|
    |or_ln377_reg_415_pp0_iter1_reg                |    1|   0|    1|          0|
    |p_0_reg_169                                   |  128|   0|  128|          0|
    |streamSource_V_1                              |    1|   0|    1|          0|
    +----------------------------------------------+-----+----+-----+-----------+
    |Total                                         |  470|   0|  470|          0|
    +----------------------------------------------+-----+----+-----+-----------+



================================================================
== Interface
================================================================
* Summary: 
+------------------------------------------------------------------------------------+-----+-----+------------+---------------------------------------------------------------------+--------------+
|                                      RTL Ports                                     | Dir | Bits|  Protocol  |                            Source Object                            |    C Type    |
+------------------------------------------------------------------------------------+-----+-----+------------+---------------------------------------------------------------------+--------------+
|ap_clk                                                                              |   in|    1|  ap_ctrl_hs|                                                       insertChecksum|  return value|
|ap_rst                                                                              |   in|    1|  ap_ctrl_hs|                                                       insertChecksum|  return value|
|ap_start                                                                            |   in|    1|  ap_ctrl_hs|                                                       insertChecksum|  return value|
|ap_done                                                                             |  out|    1|  ap_ctrl_hs|                                                       insertChecksum|  return value|
|ap_continue                                                                         |   in|    1|  ap_ctrl_hs|                                                       insertChecksum|  return value|
|ap_idle                                                                             |  out|    1|  ap_ctrl_hs|                                                       insertChecksum|  return value|
|ap_ready                                                                            |  out|    1|  ap_ctrl_hs|                                                       insertChecksum|  return value|
|icmp_server_stream_stream_stream_stream_axiWord_0_dataStreams_dout                  |   in|  128|     ap_fifo|        icmp_server_stream_stream_stream_stream_axiWord_0_dataStreams|       pointer|
|icmp_server_stream_stream_stream_stream_axiWord_0_dataStreams_num_data_valid        |   in|    5|     ap_fifo|        icmp_server_stream_stream_stream_stream_axiWord_0_dataStreams|       pointer|
|icmp_server_stream_stream_stream_stream_axiWord_0_dataStreams_fifo_cap              |   in|    5|     ap_fifo|        icmp_server_stream_stream_stream_stream_axiWord_0_dataStreams|       pointer|
|icmp_server_stream_stream_stream_stream_axiWord_0_dataStreams_empty_n               |   in|    1|     ap_fifo|        icmp_server_stream_stream_stream_stream_axiWord_0_dataStreams|       pointer|
|icmp_server_stream_stream_stream_stream_axiWord_0_dataStreams_read                  |  out|    1|     ap_fifo|        icmp_server_stream_stream_stream_stream_axiWord_0_dataStreams|       pointer|
|icmp_server_stream_stream_stream_stream_axiWord_0_checksumStreams_1_dout            |   in|   16|     ap_fifo|  icmp_server_stream_stream_stream_stream_axiWord_0_checksumStreams_1|       pointer|
|icmp_server_stream_stream_stream_stream_axiWord_0_checksumStreams_1_num_data_valid  |   in|    5|     ap_fifo|  icmp_server_stream_stream_stream_stream_axiWord_0_checksumStreams_1|       pointer|
|icmp_server_stream_stream_stream_stream_axiWord_0_checksumStreams_1_fifo_cap        |   in|    5|     ap_fifo|  icmp_server_stream_stream_stream_stream_axiWord_0_checksumStreams_1|       pointer|
|icmp_server_stream_stream_stream_stream_axiWord_0_checksumStreams_1_empty_n         |   in|    1|     ap_fifo|  icmp_server_stream_stream_stream_stream_axiWord_0_checksumStreams_1|       pointer|
|icmp_server_stream_stream_stream_stream_axiWord_0_checksumStreams_1_read            |  out|    1|     ap_fifo|  icmp_server_stream_stream_stream_stream_axiWord_0_checksumStreams_1|       pointer|
|icmp_server_stream_stream_stream_stream_axiWord_0_dataStreams_1_dout                |   in|  128|     ap_fifo|      icmp_server_stream_stream_stream_stream_axiWord_0_dataStreams_1|       pointer|
|icmp_server_stream_stream_stream_stream_axiWord_0_dataStreams_1_num_data_valid      |   in|    5|     ap_fifo|      icmp_server_stream_stream_stream_stream_axiWord_0_dataStreams_1|       pointer|
|icmp_server_stream_stream_stream_stream_axiWord_0_dataStreams_1_fifo_cap            |   in|    5|     ap_fifo|      icmp_server_stream_stream_stream_stream_axiWord_0_dataStreams_1|       pointer|
|icmp_server_stream_stream_stream_stream_axiWord_0_dataStreams_1_empty_n             |   in|    1|     ap_fifo|      icmp_server_stream_stream_stream_stream_axiWord_0_dataStreams_1|       pointer|
|icmp_server_stream_stream_stream_stream_axiWord_0_dataStreams_1_read                |  out|    1|     ap_fifo|      icmp_server_stream_stream_stream_stream_axiWord_0_dataStreams_1|       pointer|
|icmp_server_stream_stream_stream_stream_axiWord_0_checksumStreams_dout              |   in|   16|     ap_fifo|    icmp_server_stream_stream_stream_stream_axiWord_0_checksumStreams|       pointer|
|icmp_server_stream_stream_stream_stream_axiWord_0_checksumStreams_num_data_valid    |   in|    5|     ap_fifo|    icmp_server_stream_stream_stream_stream_axiWord_0_checksumStreams|       pointer|
|icmp_server_stream_stream_stream_stream_axiWord_0_checksumStreams_fifo_cap          |   in|    5|     ap_fifo|    icmp_server_stream_stream_stream_stream_axiWord_0_checksumStreams|       pointer|
|icmp_server_stream_stream_stream_stream_axiWord_0_checksumStreams_empty_n           |   in|    1|     ap_fifo|    icmp_server_stream_stream_stream_stream_axiWord_0_checksumStreams|       pointer|
|icmp_server_stream_stream_stream_stream_axiWord_0_checksumStreams_read              |  out|    1|     ap_fifo|    icmp_server_stream_stream_stream_stream_axiWord_0_checksumStreams|       pointer|
|m_axis_TREADY                                                                       |   in|    1|        axis|                                                               m_axis|       pointer|
|m_axis_TDATA                                                                        |  out|  128|        axis|                                                               m_axis|       pointer|
|m_axis_TVALID                                                                       |  out|    1|        axis|                                                               m_axis|       pointer|
+------------------------------------------------------------------------------------+-----+-----+------------+---------------------------------------------------------------------+--------------+

