

================================================================
== Vitis HLS Report for 'udpPortUnreachable'
================================================================
* Date:           Tue Jul 11 09:16:14 2023

* Version:        2022.1 (Build 3526262 on Mon Apr 18 15:47:01 MDT 2022)
* Project:        icmp_server_prj
* Solution:       solution1 (Vivado IP Flow Target)
* Product family: virtexuplus
* Target device:  xcu280-fsvh2892-2L-e


================================================================
== Performance Estimates
================================================================
+ Timing: 
    * Summary: 
    +--------+---------+----------+------------+
    |  Clock |  Target | Estimated| Uncertainty|
    +--------+---------+----------+------------+
    |ap_clk  |  3.20 ns|  3.224 ns|     0.86 ns|
    +--------+---------+----------+------------+

+ Latency: 
    * Summary: 
    +---------+---------+----------+----------+-----+-----+---------+
    |  Latency (cycles) |  Latency (absolute) |  Interval | Pipeline|
    |   min   |   max   |    min   |    max   | min | max |   Type  |
    +---------+---------+----------+----------+-----+-----+---------+
    |        0|        0|      0 ns|      0 ns|    1|    1|      yes|
    +---------+---------+----------+----------+-----+-----+---------+

    + Detail: 
        * Instance: 
        N/A

        * Loop: 
        N/A



================================================================
== Utilization Estimates
================================================================
* Summary: 
+---------------------+---------+------+---------+---------+-----+
|         Name        | BRAM_18K|  DSP |    FF   |   LUT   | URAM|
+---------------------+---------+------+---------+---------+-----+
|DSP                  |        -|     -|        -|        -|    -|
|Expression           |        -|     -|        0|      365|    -|
|FIFO                 |        -|     -|        -|        -|    -|
|Instance             |        -|     -|        -|        -|    -|
|Memory               |        -|     -|        -|        -|    -|
|Multiplexer          |        -|     -|        -|      227|    -|
|Register             |        -|     -|       28|        -|    -|
+---------------------+---------+------+---------+---------+-----+
|Total                |        0|     0|       28|      592|    0|
+---------------------+---------+------+---------+---------+-----+
|Available SLR        |     1344|  3008|   869120|   434560|  320|
+---------------------+---------+------+---------+---------+-----+
|Utilization SLR (%)  |        0|     0|       ~0|       ~0|    0|
+---------------------+---------+------+---------+---------+-----+
|Available            |     4032|  9024|  2607360|  1303680|  960|
+---------------------+---------+------+---------+---------+-----+
|Utilization (%)      |        0|     0|       ~0|       ~0|    0|
+---------------------+---------+------+---------+---------+-----+

+ Detail: 
    * Instance: 
    N/A

    * DSP: 
    N/A

    * Memory: 
    N/A

    * FIFO: 
    N/A

    * Expression: 
    +---------------------------------+----------+----+---+----+------------+------------+
    |          Variable Name          | Operation| DSP| FF| LUT| Bitwidth P0| Bitwidth P1|
    +---------------------------------+----------+----+---+----+------------+------------+
    |add_ln1543_fu_652_p2             |         +|   0|  0|  23|          16|          16|
    |add_ln232_1_fu_674_p2            |         +|   0|  0|  24|          17|          17|
    |add_ln232_2_fu_401_p2            |         +|   0|  0|  24|          17|          17|
    |add_ln232_3_fu_411_p2            |         +|   0|  0|  24|          17|          17|
    |add_ln232_4_fu_421_p2            |         +|   0|  0|  25|          18|          18|
    |add_ln232_5_fu_431_p2            |         +|   0|  0|  27|          20|          20|
    |add_ln232_6_fu_543_p2            |         +|   0|  0|  24|          17|          17|
    |add_ln232_7_fu_553_p2            |         +|   0|  0|  24|          17|          17|
    |add_ln232_8_fu_563_p2            |         +|   0|  0|  25|          18|          18|
    |add_ln232_9_fu_573_p2            |         +|   0|  0|  27|          20|          20|
    |add_ln232_fu_646_p2              |         +|   0|  0|  24|          17|          17|
    |add_ln886_fu_606_p2              |         +|   0|  0|  10|           3|           1|
    |and_ln201_1_fu_476_p2            |       and|   0|  0|   2|           1|           1|
    |and_ln201_fu_470_p2              |       and|   0|  0|   2|           1|           1|
    |and_ln217_1_fu_335_p2            |       and|   0|  0|   2|           1|           1|
    |and_ln217_fu_329_p2              |       and|   0|  0|   2|           1|           1|
    |ap_condition_104                 |       and|   0|  0|   2|           1|           1|
    |ap_condition_105                 |       and|   0|  0|   2|           1|           1|
    |ap_condition_109                 |       and|   0|  0|   2|           1|           1|
    |ap_condition_110                 |       and|   0|  0|   2|           1|           1|
    |ap_condition_113                 |       and|   0|  0|   2|           1|           1|
    |ap_condition_213                 |       and|   0|  0|   2|           1|           1|
    |ap_condition_217                 |       and|   0|  0|   2|           1|           1|
    |ap_condition_577                 |       and|   0|  0|   2|           1|           1|
    |ap_condition_587                 |       and|   0|  0|   2|           1|           1|
    |ap_condition_624                 |       and|   0|  0|   2|           1|           1|
    |ap_condition_627                 |       and|   0|  0|   2|           1|           1|
    |ap_condition_82                  |       and|   0|  0|   2|           1|           1|
    |ap_predicate_op137_write_state1  |       and|   0|  0|   2|           1|           1|
    |ap_predicate_op33_read_state1    |       and|   0|  0|   2|           1|           1|
    |ap_predicate_op37_read_state1    |       and|   0|  0|   2|           1|           1|
    |ap_predicate_op79_read_state1    |       and|   0|  0|   2|           1|           1|
    |ap_predicate_op83_read_state1    |       and|   0|  0|   2|           1|           1|
    |tmp_1_i_nbreadreq_fu_122_p3      |       and|   0|  0|   2|           1|           0|
    |tmp_i_nbreadreq_fu_114_p3        |       and|   0|  0|   2|           1|           0|
    |icmp_ln1065_fu_600_p2            |      icmp|   0|  0|   8|           3|           2|
    |ap_block_state1                  |        or|   0|  0|   2|           1|           1|
    |or_ln184_fu_711_p2               |        or|   0|  0|   2|           1|           1|
    |or_ln201_fu_482_p2               |        or|   0|  0|   2|           1|           1|
    |or_ln217_fu_341_p2               |        or|   0|  0|   2|           1|           1|
    |r_V_2_fu_684_p2                  |       xor|   0|  0|  18|          18|           2|
    |xor_ln201_fu_464_p2              |       xor|   0|  0|   2|           1|           2|
    |xor_ln217_fu_323_p2              |       xor|   0|  0|   2|           1|           2|
    +---------------------------------+----------+----+---+----+------------+------------+
    |Total                            |          |   0|  0| 365|         247|         228|
    +---------------------------------+----------+----+---+----+------------+------------+

    * Multiplexer: 
    +-------------------------------------------------------------------------+----+-----------+-----+-----------+
    |                                   Name                                  | LUT| Input Size| Bits| Total Bits|
    +-------------------------------------------------------------------------+----+-----------+-----+-----------+
    |ap_done                                                                  |   9|          2|    1|          2|
    |ap_phi_mux_phi_ln155_1_phi_fu_219_p4                                     |  14|          3|  128|        384|
    |ap_phi_mux_phi_ln155_phi_fu_190_p4                                       |  14|          3|  128|        384|
    |ap_phi_mux_tempWord_data_V_1_1_phi_fu_248_p6                             |  20|          4|    9|         36|
    |ap_phi_mux_tempWord_keep_V_4_phi_fu_201_p4                               |  14|          3|    8|         24|
    |ap_phi_mux_tempWord_keep_V_5_phi_fu_230_p4                               |  14|          3|    8|         24|
    |ap_phi_mux_tempWord_last_V_4_phi_fu_210_p4                               |  14|          3|    1|          3|
    |ap_phi_mux_tempWord_last_V_5_phi_fu_239_p4                               |  14|          3|    1|          3|
    |icmp_server_stream_stream_stream_stream_axiWord_0_checksumStreams_blk_n  |   9|          2|    1|          2|
    |ipWordCounter_V                                                          |   9|          2|    3|          6|
    |ttlIn_TDATA_blk_n                                                        |   9|          2|    1|          2|
    |udpChecksum_V                                                            |  20|          4|   20|         80|
    |udpIn_TDATA_blk_n                                                        |   9|          2|    1|          2|
    |udpPort2addIpHeader_data_blk_n                                           |   9|          2|    1|          2|
    |udpPort2addIpHeader_data_din                                             |  20|          4|  128|        512|
    |udpPort2addIpHeader_header_blk_n                                         |   9|          2|    1|          2|
    |udpState                                                                 |  20|          4|    2|          8|
    +-------------------------------------------------------------------------+----+-----------+-----+-----------+
    |Total                                                                    | 227|         48|  442|       1476|
    +-------------------------------------------------------------------------+----+-----------+-----+-----------+

    * Register: 
    +-----------------+----+----+-----+-----------+
    |       Name      | FF | LUT| Bits| Const Bits|
    +-----------------+----+----+-----+-----------+
    |ap_CS_fsm        |   1|   0|    1|          0|
    |ap_done_reg      |   1|   0|    1|          0|
    |ipWordCounter_V  |   3|   0|    3|          0|
    |streamSource_V   |   1|   0|    1|          0|
    |udpChecksum_V    |  20|   0|   20|          0|
    |udpState         |   2|   0|    2|          0|
    +-----------------+----+----+-----+-----------+
    |Total            |  28|   0|   28|          0|
    +-----------------+----+----+-----+-----------+



================================================================
== Interface
================================================================
* Summary: 
+----------------------------------------------------------------------------------+-----+-----+------------+-------------------------------------------------------------------+--------------+
|                                     RTL Ports                                    | Dir | Bits|  Protocol  |                           Source Object                           |    C Type    |
+----------------------------------------------------------------------------------+-----+-----+------------+-------------------------------------------------------------------+--------------+
|ap_clk                                                                            |   in|    1|  ap_ctrl_hs|                                                 udpPortUnreachable|  return value|
|ap_rst                                                                            |   in|    1|  ap_ctrl_hs|                                                 udpPortUnreachable|  return value|
|ap_start                                                                          |   in|    1|  ap_ctrl_hs|                                                 udpPortUnreachable|  return value|
|ap_done                                                                           |  out|    1|  ap_ctrl_hs|                                                 udpPortUnreachable|  return value|
|ap_continue                                                                       |   in|    1|  ap_ctrl_hs|                                                 udpPortUnreachable|  return value|
|ap_idle                                                                           |  out|    1|  ap_ctrl_hs|                                                 udpPortUnreachable|  return value|
|ap_ready                                                                          |  out|    1|  ap_ctrl_hs|                                                 udpPortUnreachable|  return value|
|udpIn_TDATA                                                                       |   in|  128|        axis|                                                              udpIn|       pointer|
|udpIn_TVALID                                                                      |   in|    1|        axis|                                                              udpIn|       pointer|
|udpIn_TREADY                                                                      |  out|    1|        axis|                                                              udpIn|       pointer|
|ttlIn_TDATA                                                                       |   in|  128|        axis|                                                              ttlIn|       pointer|
|ttlIn_TVALID                                                                      |   in|    1|        axis|                                                              ttlIn|       pointer|
|ttlIn_TREADY                                                                      |  out|    1|        axis|                                                              ttlIn|       pointer|
|udpPort2addIpHeader_data_din                                                      |  out|  128|     ap_fifo|                                           udpPort2addIpHeader_data|       pointer|
|udpPort2addIpHeader_data_num_data_valid                                           |   in|    9|     ap_fifo|                                           udpPort2addIpHeader_data|       pointer|
|udpPort2addIpHeader_data_fifo_cap                                                 |   in|    9|     ap_fifo|                                           udpPort2addIpHeader_data|       pointer|
|udpPort2addIpHeader_data_full_n                                                   |   in|    1|     ap_fifo|                                           udpPort2addIpHeader_data|       pointer|
|udpPort2addIpHeader_data_write                                                    |  out|    1|     ap_fifo|                                           udpPort2addIpHeader_data|       pointer|
|udpPort2addIpHeader_header_din                                                    |  out|   64|     ap_fifo|                                         udpPort2addIpHeader_header|       pointer|
|udpPort2addIpHeader_header_num_data_valid                                         |   in|    7|     ap_fifo|                                         udpPort2addIpHeader_header|       pointer|
|udpPort2addIpHeader_header_fifo_cap                                               |   in|    7|     ap_fifo|                                         udpPort2addIpHeader_header|       pointer|
|udpPort2addIpHeader_header_full_n                                                 |   in|    1|     ap_fifo|                                         udpPort2addIpHeader_header|       pointer|
|udpPort2addIpHeader_header_write                                                  |  out|    1|     ap_fifo|                                         udpPort2addIpHeader_header|       pointer|
|icmp_server_stream_stream_stream_stream_axiWord_0_checksumStreams_din             |  out|   16|     ap_fifo|  icmp_server_stream_stream_stream_stream_axiWord_0_checksumStreams|       pointer|
|icmp_server_stream_stream_stream_stream_axiWord_0_checksumStreams_num_data_valid  |   in|    5|     ap_fifo|  icmp_server_stream_stream_stream_stream_axiWord_0_checksumStreams|       pointer|
|icmp_server_stream_stream_stream_stream_axiWord_0_checksumStreams_fifo_cap        |   in|    5|     ap_fifo|  icmp_server_stream_stream_stream_stream_axiWord_0_checksumStreams|       pointer|
|icmp_server_stream_stream_stream_stream_axiWord_0_checksumStreams_full_n          |   in|    1|     ap_fifo|  icmp_server_stream_stream_stream_stream_axiWord_0_checksumStreams|       pointer|
|icmp_server_stream_stream_stream_stream_axiWord_0_checksumStreams_write           |  out|    1|     ap_fifo|  icmp_server_stream_stream_stream_stream_axiWord_0_checksumStreams|       pointer|
+----------------------------------------------------------------------------------+-----+-----+------------+-------------------------------------------------------------------+--------------+

