

================================================================
== Vitis HLS Report for 'server_512_s'
================================================================
* Date:           Tue Jul 11 09:38:28 2023

* Version:        2022.1 (Build 3526262 on Mon Apr 18 15:47:01 MDT 2022)
* Project:        scatter_prj
* Solution:       solution1 (Vivado IP Flow Target)
* Product family: virtexuplus
* Target device:  xcu280-fsvh2892-2L-e


================================================================
== Performance Estimates
================================================================
+ Timing: 
    * Summary: 
    +--------+---------+----------+------------+
    |  Clock |  Target | Estimated| Uncertainty|
    +--------+---------+----------+------------+
    |ap_clk  |  3.20 ns|  2.124 ns|     0.86 ns|
    +--------+---------+----------+------------+

+ Latency: 
    * Summary: 
    +---------+---------+----------+----------+-----+-----+---------+
    |  Latency (cycles) |  Latency (absolute) |  Interval | Pipeline|
    |   min   |   max   |    min   |    max   | min | max |   Type  |
    +---------+---------+----------+----------+-----+-----+---------+
    |        2|        2|  6.400 ns|  6.400 ns|    1|    1|      yes|
    +---------+---------+----------+----------+-----+-----+---------+

    + Detail: 
        * Instance: 
        N/A

        * Loop: 
        N/A

============================================================
+ Verbose Summary: Synthesis Manager
============================================================
InlineROM: 1
ExposeGlobal: 0
============================================================
+ Verbose Summary: CDFG Model
============================================================
IsTopModel: 0
ResetActiveHigh: 1
IsCombinational: 2
IsDatapathOnly: 0
HasWiredReturn: 1
HasMFsm: 2
HasVarLatency: 0
IsPipeline: 1
IsRtlPipelined: 1
IsInstanceOverlapped: 0
IsDontTouch: 0
HasImplIP: 0
IsGatedGlobalClock: 0

+ Individual pipeline summary: 
  * Pipeline-0: initiation interval (II) = 1, depth = 3


============================================================
+ Verbose Summary: Schedule
============================================================
* Number of FSM states : 3
* Pipeline : 1
  Pipeline-0 : II = 1, D = 3, States = { 1 2 3 }
* Dataflow Pipeline: 0

* FSM state transitions: 
1 --> 2 
2 --> 3 
3 --> 

* FSM state operations: 

State 1 <SV = 0> <Delay = 2.12>
ST_1 : Operation 4 [1/1] (0.00ns)   --->   "%specinterface_ln0 = specinterface void @_ssdm_op_SpecInterface, i1024 %s_axis_rx_data, void @empty, i32 1, i32 1, void @empty_0, i32 0, i32 0, void @empty_1, void @empty_1, void @empty_1, i32 0, i32 0, i32 0, i32 0, void @empty_1, void @empty_1, i32 4294967295, i32 0"   --->   Operation 4 'specinterface' 'specinterface_ln0' <Predicate = true> <Delay = 0.00>
ST_1 : Operation 5 [1/1] (0.00ns)   --->   "%specinterface_ln0 = specinterface void @_ssdm_op_SpecInterface, i16 %s_axis_rx_metadata, void @empty, i32 1, i32 1, void @empty_0, i32 0, i32 0, void @empty_1, void @empty_1, void @empty_1, i32 0, i32 0, i32 0, i32 0, void @empty_1, void @empty_1, i32 4294967295, i32 0"   --->   Operation 5 'specinterface' 'specinterface_ln0' <Predicate = true> <Delay = 0.00>
ST_1 : Operation 6 [1/1] (0.00ns)   --->   "%specinterface_ln0 = specinterface void @_ssdm_op_SpecInterface, i32 %m_axis_read_package, void @empty, i32 1, i32 1, void @empty_0, i32 0, i32 0, void @empty_1, void @empty_1, void @empty_1, i32 0, i32 0, i32 0, i32 0, void @empty_1, void @empty_1, i32 4294967295, i32 0"   --->   Operation 6 'specinterface' 'specinterface_ln0' <Predicate = true> <Delay = 0.00>
ST_1 : Operation 7 [1/1] (0.00ns)   --->   "%specinterface_ln0 = specinterface void @_ssdm_op_SpecInterface, i96 %s_axis_notifications, void @empty, i32 1, i32 1, void @empty_0, i32 0, i32 0, void @empty_1, void @empty_1, void @empty_1, i32 0, i32 0, i32 0, i32 0, void @empty_1, void @empty_1, i32 4294967295, i32 0"   --->   Operation 7 'specinterface' 'specinterface_ln0' <Predicate = true> <Delay = 0.00>
ST_1 : Operation 8 [1/1] (0.00ns)   --->   "%specinterface_ln0 = specinterface void @_ssdm_op_SpecInterface, i8 %s_axis_listen_port_status, void @empty, i32 1, i32 1, void @empty_0, i32 0, i32 0, void @empty_1, void @empty_1, void @empty_1, i32 0, i32 0, i32 0, i32 0, void @empty_1, void @empty_1, i32 4294967295, i32 0"   --->   Operation 8 'specinterface' 'specinterface_ln0' <Predicate = true> <Delay = 0.00>
ST_1 : Operation 9 [1/1] (0.00ns)   --->   "%specinterface_ln0 = specinterface void @_ssdm_op_SpecInterface, i16 %m_axis_listen_port, void @empty, i32 1, i32 1, void @empty_0, i32 0, i32 0, void @empty_1, void @empty_1, void @empty_1, i32 0, i32 0, i32 0, i32 0, void @empty_1, void @empty_1, i32 4294967295, i32 0"   --->   Operation 9 'specinterface' 'specinterface_ln0' <Predicate = true> <Delay = 0.00>
ST_1 : Operation 10 [1/1] (0.00ns)   --->   "%specpipeline_ln355 = specpipeline void @_ssdm_op_SpecPipeline, i32 1, i32 0, i32 0, i32 0, void @empty_1" [/mnt/scratch/pyuvaraj/Vitis_RoCE_W/Vitis_RoCE/kernel/user_krnl/scatter_krnl/src/hls/scatter.cpp:355]   --->   Operation 10 'specpipeline' 'specpipeline_ln355' <Predicate = true> <Delay = 0.00>
ST_1 : Operation 11 [1/1] (0.00ns)   --->   "%regBasePort_read = read i16 @_ssdm_op_Read.ap_auto.i16, i16 %regBasePort" [/mnt/scratch/pyuvaraj/Vitis_RoCE_W/Vitis_RoCE/kernel/user_krnl/scatter_krnl/src/hls/scatter.cpp:344]   --->   Operation 11 'read' 'regBasePort_read' <Predicate = true> <Delay = 0.00>
ST_1 : Operation 12 [1/1] (0.00ns)   --->   "%usePort_read = read i16 @_ssdm_op_Read.ap_auto.i16, i16 %usePort" [/mnt/scratch/pyuvaraj/Vitis_RoCE_W/Vitis_RoCE/kernel/user_krnl/scatter_krnl/src/hls/scatter.cpp:344]   --->   Operation 12 'read' 'usePort_read' <Predicate = true> <Delay = 0.00>
ST_1 : Operation 13 [1/1] (0.00ns)   --->   "%runExperiment_read = read i1 @_ssdm_op_Read.ap_auto.i1, i1 %runExperiment" [/mnt/scratch/pyuvaraj/Vitis_RoCE_W/Vitis_RoCE/kernel/user_krnl/scatter_krnl/src/hls/scatter.cpp:344]   --->   Operation 13 'read' 'runExperiment_read' <Predicate = true> <Delay = 0.00>
ST_1 : Operation 14 [1/1] (0.00ns)   --->   "%specreset_ln362 = specreset void @_ssdm_op_SpecReset, i2 %listenState, i64 1, void @empty_1" [/mnt/scratch/pyuvaraj/Vitis_RoCE_W/Vitis_RoCE/kernel/user_krnl/scatter_krnl/src/hls/scatter.cpp:362]   --->   Operation 14 'specreset' 'specreset_ln362' <Predicate = true> <Delay = 0.00>
ST_1 : Operation 15 [1/1] (0.00ns)   --->   "%listenState_load = load i2 %listenState" [/mnt/scratch/pyuvaraj/Vitis_RoCE_W/Vitis_RoCE/kernel/user_krnl/scatter_krnl/src/hls/scatter.cpp:368]   --->   Operation 15 'load' 'listenState_load' <Predicate = true> <Delay = 0.00>
ST_1 : Operation 16 [1/1] (0.00ns)   --->   "%currentPort_V_load = load i16 %currentPort_V" [/tools/Xilinx/Vitis_HLS/2022.1/common/technology/autopilot/hls_stream_39.h:174]   --->   Operation 16 'load' 'currentPort_V_load' <Predicate = true> <Delay = 0.00>
ST_1 : Operation 17 [1/1] (0.00ns)   --->   "%openedPort_V_load = load i16 %openedPort_V"   --->   Operation 17 'load' 'openedPort_V_load' <Predicate = true> <Delay = 0.00>
ST_1 : Operation 18 [1/1] (0.41ns)   --->   "%switch_ln368 = switch i2 %listenState_load, void %sw.epilog, i2 0, void %sw.bb, i2 1, void %sw.bb5, i2 2, void %sw.bb10" [/mnt/scratch/pyuvaraj/Vitis_RoCE_W/Vitis_RoCE/kernel/user_krnl/scatter_krnl/src/hls/scatter.cpp:368]   --->   Operation 18 'switch' 'switch_ln368' <Predicate = true> <Delay = 0.41>
ST_1 : Operation 19 [1/1] (0.00ns)   --->   "%tmp = nbreadreq i1 @_ssdm_op_NbReadReq.axis.i8P128A, i8 %s_axis_listen_port_status, i32 1" [/tools/Xilinx/Vitis_HLS/2022.1/common/technology/autopilot/hls_stream_39.h:136]   --->   Operation 19 'nbreadreq' 'tmp' <Predicate = (listenState_load == 2)> <Delay = 0.00> <CoreInst = "axis">   --->   Core 123 'axis' <Latency = 0> <II = 1> <Delay = 1.00> <Adapter> <Opcode : >
ST_1 : Operation 20 [1/1] (0.41ns)   --->   "%br_ln387 = br i1 %tmp, void %sw.epilog, void %if.then12_ifconv" [/mnt/scratch/pyuvaraj/Vitis_RoCE_W/Vitis_RoCE/kernel/user_krnl/scatter_krnl/src/hls/scatter.cpp:387]   --->   Operation 20 'br' 'br_ln387' <Predicate = (listenState_load == 2)> <Delay = 0.41>
ST_1 : Operation 21 [1/1] (0.00ns)   --->   "%s_axis_listen_port_status_read = read i8 @_ssdm_op_Read.axis.volatile.i8P128A, i8 %s_axis_listen_port_status" [/tools/Xilinx/Vitis_HLS/2022.1/common/technology/autopilot/hls_stream_39.h:145]   --->   Operation 21 'read' 's_axis_listen_port_status_read' <Predicate = (listenState_load == 2 & tmp)> <Delay = 0.00> <CoreInst = "axis">   --->   Core 123 'axis' <Latency = 0> <II = 1> <Delay = 1.00> <Adapter> <Opcode : >
ST_1 : Operation 22 [1/1] (0.00ns)   --->   "%tmp_5 = trunc i8 %s_axis_listen_port_status_read" [/tools/Xilinx/Vitis_HLS/2022.1/common/technology/autopilot/hls_stream_39.h:145]   --->   Operation 22 'trunc' 'tmp_5' <Predicate = (listenState_load == 2 & tmp)> <Delay = 0.00>
ST_1 : Operation 23 [1/1] (0.78ns)   --->   "%add_ln886 = add i16 %currentPort_V_load, i16 1"   --->   Operation 23 'add' 'add_ln886' <Predicate = (listenState_load == 2 & tmp)> <Delay = 0.78> <CoreInst = "Adder">   --->   Core 1 'Adder' <Latency = 0> <II = 1> <Delay = 0.78> <FuncUnit> <Opcode : 'add' 'sub'> <InPorts = 2> <OutPorts = 1>
ST_1 : Operation 24 [1/1] (0.78ns)   --->   "%add_ln886_1 = add i16 %openedPort_V_load, i16 1"   --->   Operation 24 'add' 'add_ln886_1' <Predicate = (listenState_load == 2 & tmp)> <Delay = 0.78> <CoreInst = "Adder">   --->   Core 1 'Adder' <Latency = 0> <II = 1> <Delay = 0.78> <FuncUnit> <Opcode : 'add' 'sub'> <InPorts = 2> <OutPorts = 1>
ST_1 : Operation 25 [1/1] (0.67ns)   --->   "%icmp_ln1065 = icmp_eq  i16 %add_ln886_1, i16 %usePort_read"   --->   Operation 25 'icmp' 'icmp_ln1065' <Predicate = (listenState_load == 2 & tmp)> <Delay = 0.67> <CoreInst = "Cmp">   --->   Core 9 'Cmp' <Latency = 0> <II = 1> <Delay = 0.67> <FuncUnit> <Opcode : 'icmp'> <InPorts = 2> <OutPorts = 1>
ST_1 : Operation 26 [1/1] (0.24ns)   --->   "%select_ln400 = select i1 %icmp_ln1065, i16 0, i16 %add_ln886" [/mnt/scratch/pyuvaraj/Vitis_RoCE_W/Vitis_RoCE/kernel/user_krnl/scatter_krnl/src/hls/scatter.cpp:400]   --->   Operation 26 'select' 'select_ln400' <Predicate = (listenState_load == 2 & tmp)> <Delay = 0.24> <CoreInst = "Sel">   --->   Core 73 'Sel' <Latency = 0> <II = 1> <Delay = 0.24> <FuncUnit> <Opcode : 'select'> <InPorts = 3> <OutPorts = 1>
ST_1 : Operation 27 [1/1] (0.24ns)   --->   "%select_ln400_1 = select i1 %icmp_ln1065, i16 0, i16 %add_ln886_1" [/mnt/scratch/pyuvaraj/Vitis_RoCE_W/Vitis_RoCE/kernel/user_krnl/scatter_krnl/src/hls/scatter.cpp:400]   --->   Operation 27 'select' 'select_ln400_1' <Predicate = (listenState_load == 2 & tmp)> <Delay = 0.24> <CoreInst = "Sel">   --->   Core 73 'Sel' <Latency = 0> <II = 1> <Delay = 0.24> <FuncUnit> <Opcode : 'select'> <InPorts = 3> <OutPorts = 1>
ST_1 : Operation 28 [1/1] (0.00ns) (grouped into LUT with out node xor_ln145)   --->   "%and_ln145 = and i1 %tmp_5, i1 %icmp_ln1065" [/tools/Xilinx/Vitis_HLS/2022.1/common/technology/autopilot/hls_stream_39.h:145]   --->   Operation 28 'and' 'and_ln145' <Predicate = (listenState_load == 2 & tmp)> <Delay = 0.00> <CoreInst = "LogicGate">   --->   Core 74 'LogicGate' <Latency = 0> <II = 1> <Delay = 0.12> <FuncUnit> <Opcode : 'and' 'or' 'xor'> <InPorts = 2> <OutPorts = 1>
ST_1 : Operation 29 [1/1] (0.12ns) (out node of the LUT)   --->   "%xor_ln145 = xor i1 %and_ln145, i1 1" [/tools/Xilinx/Vitis_HLS/2022.1/common/technology/autopilot/hls_stream_39.h:145]   --->   Operation 29 'xor' 'xor_ln145' <Predicate = (listenState_load == 2 & tmp)> <Delay = 0.12> <CoreInst = "LogicGate">   --->   Core 74 'LogicGate' <Latency = 0> <II = 1> <Delay = 0.12> <FuncUnit> <Opcode : 'and' 'or' 'xor'> <InPorts = 2> <OutPorts = 1>
ST_1 : Operation 30 [1/1] (0.00ns)   --->   "%zext_ln392 = zext i1 %xor_ln145" [/mnt/scratch/pyuvaraj/Vitis_RoCE_W/Vitis_RoCE/kernel/user_krnl/scatter_krnl/src/hls/scatter.cpp:392]   --->   Operation 30 'zext' 'zext_ln392' <Predicate = (listenState_load == 2 & tmp)> <Delay = 0.00>
ST_1 : Operation 31 [1/1] (0.41ns)   --->   "%store_ln392 = store i2 %zext_ln392, i2 %listenState" [/mnt/scratch/pyuvaraj/Vitis_RoCE_W/Vitis_RoCE/kernel/user_krnl/scatter_krnl/src/hls/scatter.cpp:392]   --->   Operation 31 'store' 'store_ln392' <Predicate = (listenState_load == 2 & tmp)> <Delay = 0.41>
ST_1 : Operation 32 [1/1] (0.41ns)   --->   "%br_ln409 = br void %sw.epilog" [/mnt/scratch/pyuvaraj/Vitis_RoCE_W/Vitis_RoCE/kernel/user_krnl/scatter_krnl/src/hls/scatter.cpp:409]   --->   Operation 32 'br' 'br_ln409' <Predicate = (listenState_load == 2 & tmp)> <Delay = 0.41>
ST_1 : Operation 33 [1/1] (0.41ns)   --->   "%store_ln383 = store i2 2, i2 %listenState" [/mnt/scratch/pyuvaraj/Vitis_RoCE_W/Vitis_RoCE/kernel/user_krnl/scatter_krnl/src/hls/scatter.cpp:383]   --->   Operation 33 'store' 'store_ln383' <Predicate = (listenState_load == 1)> <Delay = 0.41>
ST_1 : Operation 34 [1/1] (0.41ns)   --->   "%br_ln385 = br void %sw.epilog" [/mnt/scratch/pyuvaraj/Vitis_RoCE_W/Vitis_RoCE/kernel/user_krnl/scatter_krnl/src/hls/scatter.cpp:385]   --->   Operation 34 'br' 'br_ln385' <Predicate = (listenState_load == 1)> <Delay = 0.41>
ST_1 : Operation 35 [1/1] (0.41ns)   --->   "%br_ln373 = br i1 %runExperiment_read, void %sw.epilog, void %if.then" [/mnt/scratch/pyuvaraj/Vitis_RoCE_W/Vitis_RoCE/kernel/user_krnl/scatter_krnl/src/hls/scatter.cpp:373]   --->   Operation 35 'br' 'br_ln373' <Predicate = (listenState_load == 0)> <Delay = 0.41>
ST_1 : Operation 36 [1/1] (0.41ns)   --->   "%store_ln376 = store i2 1, i2 %listenState" [/mnt/scratch/pyuvaraj/Vitis_RoCE_W/Vitis_RoCE/kernel/user_krnl/scatter_krnl/src/hls/scatter.cpp:376]   --->   Operation 36 'store' 'store_ln376' <Predicate = (listenState_load == 0 & runExperiment_read)> <Delay = 0.41>
ST_1 : Operation 37 [1/1] (0.41ns)   --->   "%br_ln377 = br void %sw.epilog" [/mnt/scratch/pyuvaraj/Vitis_RoCE_W/Vitis_RoCE/kernel/user_krnl/scatter_krnl/src/hls/scatter.cpp:377]   --->   Operation 37 'br' 'br_ln377' <Predicate = (listenState_load == 0 & runExperiment_read)> <Delay = 0.41>
ST_1 : Operation 38 [1/1] (0.00ns)   --->   "%currentPort_V_flag_4 = phi i1 0, void %entry, i1 0, void %sw.bb5, i1 1, void %if.then, i1 1, void %sw.bb, i1 %tmp_5, void %if.then12_ifconv, i1 0, void %sw.bb10"   --->   Operation 38 'phi' 'currentPort_V_flag_4' <Predicate = true> <Delay = 0.00>
ST_1 : Operation 39 [1/1] (0.00ns)   --->   "%currentPort_V_new_4 = phi i16 0, void %entry, i16 0, void %sw.bb5, i16 %regBasePort_read, void %if.then, i16 0, void %sw.bb, i16 %select_ln400, void %if.then12_ifconv, i16 0, void %sw.bb10" [/mnt/scratch/pyuvaraj/Vitis_RoCE_W/Vitis_RoCE/kernel/user_krnl/scatter_krnl/src/hls/scatter.cpp:344]   --->   Operation 39 'phi' 'currentPort_V_new_4' <Predicate = true> <Delay = 0.00>
ST_1 : Operation 40 [1/1] (0.00ns)   --->   "%openedPort_V_new_3 = phi i16 0, void %entry, i16 0, void %sw.bb5, i16 0, void %if.then, i16 0, void %sw.bb, i16 %select_ln400_1, void %if.then12_ifconv, i16 0, void %sw.bb10" [/mnt/scratch/pyuvaraj/Vitis_RoCE_W/Vitis_RoCE/kernel/user_krnl/scatter_krnl/src/hls/scatter.cpp:400]   --->   Operation 40 'phi' 'openedPort_V_new_3' <Predicate = true> <Delay = 0.00>
ST_1 : Operation 41 [1/1] (0.00ns)   --->   "%tmp_6 = nbreadreq i1 @_ssdm_op_NbReadReq.axis.i96P128A, i96 %s_axis_notifications, i32 1" [/tools/Xilinx/Vitis_HLS/2022.1/common/technology/autopilot/hls_stream_39.h:136]   --->   Operation 41 'nbreadreq' 'tmp_6' <Predicate = true> <Delay = 0.00> <CoreInst = "axis">   --->   Core 123 'axis' <Latency = 0> <II = 1> <Delay = 1.00> <Adapter> <Opcode : >
ST_1 : Operation 42 [1/1] (0.00ns)   --->   "%br_ln145 = br i1 %currentPort_V_flag_4, void %sw.epilog.new, void %mergeST1" [/tools/Xilinx/Vitis_HLS/2022.1/common/technology/autopilot/hls_stream_39.h:145]   --->   Operation 42 'br' 'br_ln145' <Predicate = true> <Delay = 0.00>
ST_1 : Operation 43 [1/1] (0.00ns)   --->   "%store_ln372 = store i16 %openedPort_V_new_3, i16 %openedPort_V" [/mnt/scratch/pyuvaraj/Vitis_RoCE_W/Vitis_RoCE/kernel/user_krnl/scatter_krnl/src/hls/scatter.cpp:372]   --->   Operation 43 'store' 'store_ln372' <Predicate = (currentPort_V_flag_4)> <Delay = 0.00>
ST_1 : Operation 44 [1/1] (0.00ns)   --->   "%store_ln371 = store i16 %currentPort_V_new_4, i16 %currentPort_V" [/mnt/scratch/pyuvaraj/Vitis_RoCE_W/Vitis_RoCE/kernel/user_krnl/scatter_krnl/src/hls/scatter.cpp:371]   --->   Operation 44 'store' 'store_ln371' <Predicate = (currentPort_V_flag_4)> <Delay = 0.00>
ST_1 : Operation 45 [1/1] (0.00ns)   --->   "%br_ln0 = br void %sw.epilog.new"   --->   Operation 45 'br' 'br_ln0' <Predicate = (currentPort_V_flag_4)> <Delay = 0.00>
ST_1 : Operation 46 [1/1] (0.00ns)   --->   "%br_ln413 = br i1 %tmp_6, void %if.end40, void %if.then33" [/mnt/scratch/pyuvaraj/Vitis_RoCE_W/Vitis_RoCE/kernel/user_krnl/scatter_krnl/src/hls/scatter.cpp:413]   --->   Operation 46 'br' 'br_ln413' <Predicate = true> <Delay = 0.00>
ST_1 : Operation 47 [1/1] (0.00ns)   --->   "%s_axis_notifications_read = read i96 @_ssdm_op_Read.axis.volatile.i96P128A, i96 %s_axis_notifications" [/tools/Xilinx/Vitis_HLS/2022.1/common/technology/autopilot/hls_stream_39.h:145]   --->   Operation 47 'read' 's_axis_notifications_read' <Predicate = (tmp_6)> <Delay = 0.00> <CoreInst = "axis">   --->   Core 123 'axis' <Latency = 0> <II = 1> <Delay = 1.00> <Adapter> <Opcode : >
ST_1 : Operation 48 [1/1] (0.00ns)   --->   "%tmp_length_V = partselect i16 @_ssdm_op_PartSelect.i16.i96.i32.i32, i96 %s_axis_notifications_read, i32 16, i32 31" [/tools/Xilinx/Vitis_HLS/2022.1/common/technology/autopilot/hls_stream_39.h:145]   --->   Operation 48 'partselect' 'tmp_length_V' <Predicate = (tmp_6)> <Delay = 0.00>
ST_1 : Operation 49 [1/1] (0.67ns)   --->   "%icmp_ln1069 = icmp_eq  i16 %tmp_length_V, i16 0"   --->   Operation 49 'icmp' 'icmp_ln1069' <Predicate = (tmp_6)> <Delay = 0.67> <CoreInst = "Cmp">   --->   Core 9 'Cmp' <Latency = 0> <II = 1> <Delay = 0.67> <FuncUnit> <Opcode : 'icmp'> <InPorts = 2> <OutPorts = 1>
ST_1 : Operation 50 [1/1] (0.00ns)   --->   "%br_ln417 = br i1 %icmp_ln1069, void %if.then35, void %if.end39" [/mnt/scratch/pyuvaraj/Vitis_RoCE_W/Vitis_RoCE/kernel/user_krnl/scatter_krnl/src/hls/scatter.cpp:417]   --->   Operation 50 'br' 'br_ln417' <Predicate = (tmp_6)> <Delay = 0.00>
ST_1 : Operation 51 [1/1] (0.00ns)   --->   "%trunc_ln174 = trunc i96 %s_axis_notifications_read" [/tools/Xilinx/Vitis_HLS/2022.1/common/technology/autopilot/hls_stream_39.h:174]   --->   Operation 51 'trunc' 'trunc_ln174' <Predicate = (tmp_6 & !icmp_ln1069)> <Delay = 0.00>
ST_1 : Operation 52 [1/1] (0.00ns)   --->   "%br_ln421 = br void %if.end40" [/mnt/scratch/pyuvaraj/Vitis_RoCE_W/Vitis_RoCE/kernel/user_krnl/scatter_krnl/src/hls/scatter.cpp:421]   --->   Operation 52 'br' 'br_ln421' <Predicate = (tmp_6)> <Delay = 0.00>
ST_1 : Operation 53 [1/1] (0.00ns)   --->   "%serverFsmState_load = load i1 %serverFsmState" [/mnt/scratch/pyuvaraj/Vitis_RoCE_W/Vitis_RoCE/kernel/user_krnl/scatter_krnl/src/hls/scatter.cpp:423]   --->   Operation 53 'load' 'serverFsmState_load' <Predicate = true> <Delay = 0.00>
ST_1 : Operation 54 [1/1] (0.00ns)   --->   "%br_ln423 = br i1 %serverFsmState_load, void %sw.bb41, void %sw.bb50" [/mnt/scratch/pyuvaraj/Vitis_RoCE_W/Vitis_RoCE/kernel/user_krnl/scatter_krnl/src/hls/scatter.cpp:423]   --->   Operation 54 'br' 'br_ln423' <Predicate = true> <Delay = 0.00>
ST_1 : Operation 55 [1/1] (0.00ns)   --->   "%tmp_9 = nbreadreq i1 @_ssdm_op_NbReadReq.axis.i16P128A, i16 %s_axis_rx_metadata, i32 1" [/tools/Xilinx/Vitis_HLS/2022.1/common/technology/autopilot/hls_stream_39.h:136]   --->   Operation 55 'nbreadreq' 'tmp_9' <Predicate = (!serverFsmState_load)> <Delay = 0.00> <CoreInst = "axis">   --->   Core 123 'axis' <Latency = 0> <II = 1> <Delay = 1.00> <Adapter> <Opcode : >
ST_1 : Operation 56 [1/1] (0.00ns)   --->   "%br_ln426 = br i1 %tmp_9, void %if.end49, void %land.lhs.true" [/mnt/scratch/pyuvaraj/Vitis_RoCE_W/Vitis_RoCE/kernel/user_krnl/scatter_krnl/src/hls/scatter.cpp:426]   --->   Operation 56 'br' 'br_ln426' <Predicate = (!serverFsmState_load)> <Delay = 0.00>
ST_1 : Operation 57 [1/1] (0.00ns)   --->   "%tmp_1 = nbreadreq i1 @_ssdm_op_NbReadReq.axis.i1024P128A, i1024 %s_axis_rx_data, i32 1" [/tools/Xilinx/Vitis_HLS/2022.1/common/technology/autopilot/hls_stream_39.h:136]   --->   Operation 57 'nbreadreq' 'tmp_1' <Predicate = (!serverFsmState_load & tmp_9)> <Delay = 0.00> <CoreInst = "axis">   --->   Core 123 'axis' <Latency = 0> <II = 1> <Delay = 1.00> <Adapter> <Opcode : >
ST_1 : Operation 58 [1/1] (0.00ns)   --->   "%br_ln426 = br i1 %tmp_1, void %if.end49, void %if.then44" [/mnt/scratch/pyuvaraj/Vitis_RoCE_W/Vitis_RoCE/kernel/user_krnl/scatter_krnl/src/hls/scatter.cpp:426]   --->   Operation 58 'br' 'br_ln426' <Predicate = (!serverFsmState_load & tmp_9)> <Delay = 0.00>
ST_1 : Operation 59 [1/1] (0.00ns)   --->   "%p_0 = read i16 @_ssdm_op_Read.axis.volatile.i16P128A, i16 %s_axis_rx_metadata" [/tools/Xilinx/Vitis_HLS/2022.1/common/technology/autopilot/hls_stream_39.h:145]   --->   Operation 59 'read' 'p_0' <Predicate = (!serverFsmState_load & tmp_9 & tmp_1)> <Delay = 0.00> <CoreInst = "axis">   --->   Core 123 'axis' <Latency = 0> <II = 1> <Delay = 1.00> <Adapter> <Opcode : >
ST_1 : Operation 60 [1/1] (0.00ns)   --->   "%s_axis_rx_data_read_1 = read i1024 @_ssdm_op_Read.axis.volatile.i1024P128A, i1024 %s_axis_rx_data" [/tools/Xilinx/Vitis_HLS/2022.1/common/technology/autopilot/hls_stream_39.h:145]   --->   Operation 60 'read' 's_axis_rx_data_read_1' <Predicate = (!serverFsmState_load & tmp_9 & tmp_1)> <Delay = 0.00> <CoreInst = "axis">   --->   Core 123 'axis' <Latency = 0> <II = 1> <Delay = 1.00> <Adapter> <Opcode : >
ST_1 : Operation 61 [1/1] (0.00ns)   --->   "%tmp_last_V = bitselect i1 @_ssdm_op_BitSelect.i1.i1024.i1024, i1024 %s_axis_rx_data_read_1, i1024 576" [/tools/Xilinx/Vitis_HLS/2022.1/common/technology/autopilot/hls_stream_39.h:145]   --->   Operation 61 'bitselect' 'tmp_last_V' <Predicate = (!serverFsmState_load & tmp_9 & tmp_1)> <Delay = 0.00>
ST_1 : Operation 62 [1/1] (0.00ns)   --->   "%br_ln430 = br i1 %tmp_last_V, void %if.then47, void %if.end48" [/mnt/scratch/pyuvaraj/Vitis_RoCE_W/Vitis_RoCE/kernel/user_krnl/scatter_krnl/src/hls/scatter.cpp:430]   --->   Operation 62 'br' 'br_ln430' <Predicate = (!serverFsmState_load & tmp_9 & tmp_1)> <Delay = 0.00>
ST_1 : Operation 63 [1/1] (0.38ns)   --->   "%store_ln432 = store i1 1, i1 %serverFsmState" [/mnt/scratch/pyuvaraj/Vitis_RoCE_W/Vitis_RoCE/kernel/user_krnl/scatter_krnl/src/hls/scatter.cpp:432]   --->   Operation 63 'store' 'store_ln432' <Predicate = (!serverFsmState_load & tmp_9 & tmp_1 & !tmp_last_V)> <Delay = 0.38>
ST_1 : Operation 64 [1/1] (0.00ns)   --->   "%br_ln433 = br void %if.end48" [/mnt/scratch/pyuvaraj/Vitis_RoCE_W/Vitis_RoCE/kernel/user_krnl/scatter_krnl/src/hls/scatter.cpp:433]   --->   Operation 64 'br' 'br_ln433' <Predicate = (!serverFsmState_load & tmp_9 & tmp_1 & !tmp_last_V)> <Delay = 0.00>
ST_1 : Operation 65 [1/1] (0.00ns)   --->   "%br_ln434 = br void %if.end49" [/mnt/scratch/pyuvaraj/Vitis_RoCE_W/Vitis_RoCE/kernel/user_krnl/scatter_krnl/src/hls/scatter.cpp:434]   --->   Operation 65 'br' 'br_ln434' <Predicate = (!serverFsmState_load & tmp_9 & tmp_1)> <Delay = 0.00>
ST_1 : Operation 66 [1/1] (0.00ns)   --->   "%br_ln435 = br void %sw.epilog60" [/mnt/scratch/pyuvaraj/Vitis_RoCE_W/Vitis_RoCE/kernel/user_krnl/scatter_krnl/src/hls/scatter.cpp:435]   --->   Operation 66 'br' 'br_ln435' <Predicate = (!serverFsmState_load)> <Delay = 0.00>
ST_1 : Operation 67 [1/1] (0.00ns)   --->   "%tmp_s = nbreadreq i1 @_ssdm_op_NbReadReq.axis.i1024P128A, i1024 %s_axis_rx_data, i32 1" [/tools/Xilinx/Vitis_HLS/2022.1/common/technology/autopilot/hls_stream_39.h:136]   --->   Operation 67 'nbreadreq' 'tmp_s' <Predicate = (serverFsmState_load)> <Delay = 0.00> <CoreInst = "axis">   --->   Core 123 'axis' <Latency = 0> <II = 1> <Delay = 1.00> <Adapter> <Opcode : >
ST_1 : Operation 68 [1/1] (0.00ns)   --->   "%br_ln437 = br i1 %tmp_s, void %if.end59, void %if.then52" [/mnt/scratch/pyuvaraj/Vitis_RoCE_W/Vitis_RoCE/kernel/user_krnl/scatter_krnl/src/hls/scatter.cpp:437]   --->   Operation 68 'br' 'br_ln437' <Predicate = (serverFsmState_load)> <Delay = 0.00>
ST_1 : Operation 69 [1/1] (0.00ns)   --->   "%s_axis_rx_data_read = read i1024 @_ssdm_op_Read.axis.volatile.i1024P128A, i1024 %s_axis_rx_data" [/tools/Xilinx/Vitis_HLS/2022.1/common/technology/autopilot/hls_stream_39.h:145]   --->   Operation 69 'read' 's_axis_rx_data_read' <Predicate = (serverFsmState_load & tmp_s)> <Delay = 0.00> <CoreInst = "axis">   --->   Core 123 'axis' <Latency = 0> <II = 1> <Delay = 1.00> <Adapter> <Opcode : >
ST_1 : Operation 70 [1/1] (0.00ns)   --->   "%tmp_last_V_1 = bitselect i1 @_ssdm_op_BitSelect.i1.i1024.i1024, i1024 %s_axis_rx_data_read, i1024 576" [/tools/Xilinx/Vitis_HLS/2022.1/common/technology/autopilot/hls_stream_39.h:145]   --->   Operation 70 'bitselect' 'tmp_last_V_1' <Predicate = (serverFsmState_load & tmp_s)> <Delay = 0.00>
ST_1 : Operation 71 [1/1] (0.00ns)   --->   "%br_ln440 = br i1 %tmp_last_V_1, void %if.end58, void %if.then57" [/mnt/scratch/pyuvaraj/Vitis_RoCE_W/Vitis_RoCE/kernel/user_krnl/scatter_krnl/src/hls/scatter.cpp:440]   --->   Operation 71 'br' 'br_ln440' <Predicate = (serverFsmState_load & tmp_s)> <Delay = 0.00>
ST_1 : Operation 72 [1/1] (0.38ns)   --->   "%store_ln442 = store i1 0, i1 %serverFsmState" [/mnt/scratch/pyuvaraj/Vitis_RoCE_W/Vitis_RoCE/kernel/user_krnl/scatter_krnl/src/hls/scatter.cpp:442]   --->   Operation 72 'store' 'store_ln442' <Predicate = (serverFsmState_load & tmp_s & tmp_last_V_1)> <Delay = 0.38>
ST_1 : Operation 73 [1/1] (0.00ns)   --->   "%br_ln443 = br void %if.end58" [/mnt/scratch/pyuvaraj/Vitis_RoCE_W/Vitis_RoCE/kernel/user_krnl/scatter_krnl/src/hls/scatter.cpp:443]   --->   Operation 73 'br' 'br_ln443' <Predicate = (serverFsmState_load & tmp_s & tmp_last_V_1)> <Delay = 0.00>
ST_1 : Operation 74 [1/1] (0.00ns)   --->   "%br_ln444 = br void %if.end59" [/mnt/scratch/pyuvaraj/Vitis_RoCE_W/Vitis_RoCE/kernel/user_krnl/scatter_krnl/src/hls/scatter.cpp:444]   --->   Operation 74 'br' 'br_ln444' <Predicate = (serverFsmState_load & tmp_s)> <Delay = 0.00>
ST_1 : Operation 75 [1/1] (0.00ns)   --->   "%br_ln445 = br void %sw.epilog60" [/mnt/scratch/pyuvaraj/Vitis_RoCE_W/Vitis_RoCE/kernel/user_krnl/scatter_krnl/src/hls/scatter.cpp:445]   --->   Operation 75 'br' 'br_ln445' <Predicate = (serverFsmState_load)> <Delay = 0.00>

State 2 <SV = 1> <Delay = 0.00>
ST_2 : Operation 76 [2/2] (0.00ns)   --->   "%write_ln174 = write void @_ssdm_op_Write.axis.volatile.i16P128A, i16 %m_axis_listen_port, i16 %currentPort_V_load" [/tools/Xilinx/Vitis_HLS/2022.1/common/technology/autopilot/hls_stream_39.h:174]   --->   Operation 76 'write' 'write_ln174' <Predicate = (listenState_load == 1)> <Delay = 0.00> <CoreInst = "axis">   --->   Core 123 'axis' <Latency = 0> <II = 1> <Delay = 1.00> <Adapter> <Opcode : >
ST_2 : Operation 77 [2/2] (0.00ns)   --->   "%write_ln174 = write void @_ssdm_op_Write.axis.volatile.i32P128A, i32 %m_axis_read_package, i32 %trunc_ln174" [/tools/Xilinx/Vitis_HLS/2022.1/common/technology/autopilot/hls_stream_39.h:174]   --->   Operation 77 'write' 'write_ln174' <Predicate = (tmp_6 & !icmp_ln1069)> <Delay = 0.00> <CoreInst = "axis">   --->   Core 123 'axis' <Latency = 0> <II = 1> <Delay = 1.00> <Adapter> <Opcode : >

State 3 <SV = 2> <Delay = 0.00>
ST_3 : Operation 78 [1/2] (0.00ns)   --->   "%write_ln174 = write void @_ssdm_op_Write.axis.volatile.i16P128A, i16 %m_axis_listen_port, i16 %currentPort_V_load" [/tools/Xilinx/Vitis_HLS/2022.1/common/technology/autopilot/hls_stream_39.h:174]   --->   Operation 78 'write' 'write_ln174' <Predicate = (listenState_load == 1)> <Delay = 0.00> <CoreInst = "axis">   --->   Core 123 'axis' <Latency = 0> <II = 1> <Delay = 1.00> <Adapter> <Opcode : >
ST_3 : Operation 79 [1/2] (0.00ns)   --->   "%write_ln174 = write void @_ssdm_op_Write.axis.volatile.i32P128A, i32 %m_axis_read_package, i32 %trunc_ln174" [/tools/Xilinx/Vitis_HLS/2022.1/common/technology/autopilot/hls_stream_39.h:174]   --->   Operation 79 'write' 'write_ln174' <Predicate = (tmp_6 & !icmp_ln1069)> <Delay = 0.00> <CoreInst = "axis">   --->   Core 123 'axis' <Latency = 0> <II = 1> <Delay = 1.00> <Adapter> <Opcode : >
ST_3 : Operation 80 [1/1] (0.00ns)   --->   "%br_ln420 = br void %if.end39" [/mnt/scratch/pyuvaraj/Vitis_RoCE_W/Vitis_RoCE/kernel/user_krnl/scatter_krnl/src/hls/scatter.cpp:420]   --->   Operation 80 'br' 'br_ln420' <Predicate = (tmp_6 & !icmp_ln1069)> <Delay = 0.00>
ST_3 : Operation 81 [1/1] (0.00ns)   --->   "%ret_ln447 = ret" [/mnt/scratch/pyuvaraj/Vitis_RoCE_W/Vitis_RoCE/kernel/user_krnl/scatter_krnl/src/hls/scatter.cpp:447]   --->   Operation 81 'ret' 'ret_ln447' <Predicate = true> <Delay = 0.00>


============================================================
+ Verbose Summary: Binding
============================================================
STG Binding: 
---------------- STG Properties BEGIN ----------------
- Is combinational: 0
- Is one-state seq: 0
- Is datapath-only: 0
- Is pipelined: 1
- Is top level: 0
Port [ Return ] is wired: 1; IO mode=ap_ctrl_hs:ce=0
Port [ m_axis_listen_port]:  wired=1; compound=1; hidden=0; nouse=0; global=0; static=0; extern=0; dir=1; type=0; pingpong=0; private_global=0; IO mode=axis:ce=0
Port [ s_axis_listen_port_status]:  wired=1; compound=1; hidden=0; nouse=0; global=0; static=0; extern=0; dir=0; type=0; pingpong=0; private_global=0; IO mode=axis:ce=0
Port [ s_axis_notifications]:  wired=1; compound=1; hidden=0; nouse=0; global=0; static=0; extern=0; dir=0; type=0; pingpong=0; private_global=0; IO mode=axis:ce=0
Port [ m_axis_read_package]:  wired=1; compound=1; hidden=0; nouse=0; global=0; static=0; extern=0; dir=1; type=0; pingpong=0; private_global=0; IO mode=axis:ce=0
Port [ s_axis_rx_metadata]:  wired=1; compound=1; hidden=0; nouse=0; global=0; static=0; extern=0; dir=0; type=0; pingpong=0; private_global=0; IO mode=axis:ce=0
Port [ s_axis_rx_data]:  wired=1; compound=1; hidden=0; nouse=0; global=0; static=0; extern=0; dir=0; type=0; pingpong=0; private_global=0; IO mode=axis:ce=0
Port [ runExperiment]:  wired=1; compound=0; hidden=0; nouse=0; global=0; static=0; extern=0; dir=0; type=0; pingpong=0; private_global=0; IO mode=ap_none:ce=0
Port [ usePort]:  wired=1; compound=0; hidden=0; nouse=0; global=0; static=0; extern=0; dir=0; type=0; pingpong=0; private_global=0; IO mode=ap_none:ce=0
Port [ regBasePort]:  wired=1; compound=0; hidden=0; nouse=0; global=0; static=0; extern=0; dir=0; type=0; pingpong=0; private_global=0; IO mode=ap_none:ce=0
Port [ listenState]:  wired=0; compound=0; hidden=1; nouse=0; global=1; static=1; extern=0; dir=2; type=0; pingpong=0; private_global=1; IO mode=ap_ovld:ce=0
Port [ currentPort_V]:  wired=0; compound=0; hidden=1; nouse=0; global=1; static=1; extern=0; dir=2; type=0; pingpong=0; private_global=1; IO mode=ap_ovld:ce=0
Port [ openedPort_V]:  wired=0; compound=0; hidden=1; nouse=0; global=1; static=1; extern=0; dir=2; type=0; pingpong=0; private_global=1; IO mode=ap_ovld:ce=0
Port [ serverFsmState]:  wired=0; compound=0; hidden=1; nouse=0; global=1; static=1; extern=0; dir=2; type=0; pingpong=0; private_global=1; IO mode=ap_ovld:ce=0
---------------- STG Properties END ------------------

---------------- Datapath Model BEGIN ----------------

<LifeTime>
<method=bitvector/>
specinterface_ln0              (specinterface) [ 0000]
specinterface_ln0              (specinterface) [ 0000]
specinterface_ln0              (specinterface) [ 0000]
specinterface_ln0              (specinterface) [ 0000]
specinterface_ln0              (specinterface) [ 0000]
specinterface_ln0              (specinterface) [ 0000]
specpipeline_ln355             (specpipeline ) [ 0000]
regBasePort_read               (read         ) [ 0000]
usePort_read                   (read         ) [ 0000]
runExperiment_read             (read         ) [ 0100]
specreset_ln362                (specreset    ) [ 0000]
listenState_load               (load         ) [ 0111]
currentPort_V_load             (load         ) [ 0111]
openedPort_V_load              (load         ) [ 0000]
switch_ln368                   (switch       ) [ 0000]
tmp                            (nbreadreq    ) [ 0100]
br_ln387                       (br           ) [ 0000]
s_axis_listen_port_status_read (read         ) [ 0000]
tmp_5                          (trunc        ) [ 0000]
add_ln886                      (add          ) [ 0000]
add_ln886_1                    (add          ) [ 0000]
icmp_ln1065                    (icmp         ) [ 0000]
select_ln400                   (select       ) [ 0000]
select_ln400_1                 (select       ) [ 0000]
and_ln145                      (and          ) [ 0000]
xor_ln145                      (xor          ) [ 0000]
zext_ln392                     (zext         ) [ 0000]
store_ln392                    (store        ) [ 0000]
br_ln409                       (br           ) [ 0000]
store_ln383                    (store        ) [ 0000]
br_ln385                       (br           ) [ 0000]
br_ln373                       (br           ) [ 0000]
store_ln376                    (store        ) [ 0000]
br_ln377                       (br           ) [ 0000]
currentPort_V_flag_4           (phi          ) [ 0100]
currentPort_V_new_4            (phi          ) [ 0000]
openedPort_V_new_3             (phi          ) [ 0000]
tmp_6                          (nbreadreq    ) [ 0111]
br_ln145                       (br           ) [ 0000]
store_ln372                    (store        ) [ 0000]
store_ln371                    (store        ) [ 0000]
br_ln0                         (br           ) [ 0000]
br_ln413                       (br           ) [ 0000]
s_axis_notifications_read      (read         ) [ 0000]
tmp_length_V                   (partselect   ) [ 0000]
icmp_ln1069                    (icmp         ) [ 0111]
br_ln417                       (br           ) [ 0000]
trunc_ln174                    (trunc        ) [ 0111]
br_ln421                       (br           ) [ 0000]
serverFsmState_load            (load         ) [ 0100]
br_ln423                       (br           ) [ 0000]
tmp_9                          (nbreadreq    ) [ 0100]
br_ln426                       (br           ) [ 0000]
tmp_1                          (nbreadreq    ) [ 0100]
br_ln426                       (br           ) [ 0000]
p_0                            (read         ) [ 0000]
s_axis_rx_data_read_1          (read         ) [ 0000]
tmp_last_V                     (bitselect    ) [ 0100]
br_ln430                       (br           ) [ 0000]
store_ln432                    (store        ) [ 0000]
br_ln433                       (br           ) [ 0000]
br_ln434                       (br           ) [ 0000]
br_ln435                       (br           ) [ 0000]
tmp_s                          (nbreadreq    ) [ 0100]
br_ln437                       (br           ) [ 0000]
s_axis_rx_data_read            (read         ) [ 0000]
tmp_last_V_1                   (bitselect    ) [ 0100]
br_ln440                       (br           ) [ 0000]
store_ln442                    (store        ) [ 0000]
br_ln443                       (br           ) [ 0000]
br_ln444                       (br           ) [ 0000]
br_ln445                       (br           ) [ 0000]
write_ln174                    (write        ) [ 0000]
write_ln174                    (write        ) [ 0000]
br_ln420                       (br           ) [ 0000]
ret_ln447                      (ret          ) [ 0000]
</LifeTime>

<model>

<comp_list>
<comp id="0" class="1000" name="m_axis_listen_port">
<pin_list>
<pin id="1" dir="1" index="0" bw="1" slack="0"/>
</pin_list>
<bind>
<StgValue><ssdm name="m_axis_listen_port"/></StgValue>
</bind>
</comp>

<comp id="2" class="1000" name="s_axis_listen_port_status">
<pin_list>
<pin id="3" dir="1" index="0" bw="1" slack="0"/>
</pin_list>
<bind>
<StgValue><ssdm name="s_axis_listen_port_status"/></StgValue>
</bind>
</comp>

<comp id="4" class="1000" name="s_axis_notifications">
<pin_list>
<pin id="5" dir="1" index="0" bw="1" slack="0"/>
</pin_list>
<bind>
<StgValue><ssdm name="s_axis_notifications"/></StgValue>
</bind>
</comp>

<comp id="6" class="1000" name="m_axis_read_package">
<pin_list>
<pin id="7" dir="1" index="0" bw="1" slack="0"/>
</pin_list>
<bind>
<StgValue><ssdm name="m_axis_read_package"/></StgValue>
</bind>
</comp>

<comp id="8" class="1000" name="s_axis_rx_metadata">
<pin_list>
<pin id="9" dir="1" index="0" bw="1" slack="0"/>
</pin_list>
<bind>
<StgValue><ssdm name="s_axis_rx_metadata"/></StgValue>
</bind>
</comp>

<comp id="10" class="1000" name="s_axis_rx_data">
<pin_list>
<pin id="11" dir="1" index="0" bw="1" slack="0"/>
</pin_list>
<bind>
<StgValue><ssdm name="s_axis_rx_data"/></StgValue>
</bind>
</comp>

<comp id="12" class="1000" name="runExperiment">
<pin_list>
<pin id="13" dir="1" index="0" bw="1" slack="0"/>
</pin_list>
<bind>
<StgValue><ssdm name="runExperiment"/></StgValue>
</bind>
</comp>

<comp id="14" class="1000" name="usePort">
<pin_list>
<pin id="15" dir="1" index="0" bw="1" slack="0"/>
</pin_list>
<bind>
<StgValue><ssdm name="usePort"/></StgValue>
</bind>
</comp>

<comp id="16" class="1000" name="regBasePort">
<pin_list>
<pin id="17" dir="1" index="0" bw="1" slack="0"/>
</pin_list>
<bind>
<StgValue><ssdm name="regBasePort"/></StgValue>
</bind>
</comp>

<comp id="18" class="1000" name="listenState">
<pin_list>
<pin id="19" dir="1" index="0" bw="1" slack="0"/>
</pin_list>
<bind>
<StgValue><ssdm name="listenState"/></StgValue>
</bind>
</comp>

<comp id="20" class="1000" name="currentPort_V">
<pin_list>
<pin id="21" dir="1" index="0" bw="1" slack="0"/>
</pin_list>
<bind>
<StgValue><ssdm name="currentPort_V"/></StgValue>
</bind>
</comp>

<comp id="22" class="1000" name="openedPort_V">
<pin_list>
<pin id="23" dir="1" index="0" bw="1" slack="0"/>
</pin_list>
<bind>
<StgValue><ssdm name="openedPort_V"/></StgValue>
</bind>
</comp>

<comp id="24" class="1000" name="serverFsmState">
<pin_list>
<pin id="25" dir="1" index="0" bw="1" slack="0"/>
</pin_list>
<bind>
<StgValue><ssdm name="serverFsmState"/></StgValue>
</bind>
</comp>

<comp id="26" class="1001" name="const_26">
<pin_list>
<pin id="27" dir="1" index="0" bw="1" slack="2147483647"/>
</pin_list>
<bind>
<StgValue><ssdm name="_ssdm_op_SpecInterface"/></StgValue>
</bind>
</comp>

<comp id="28" class="1001" name="const_28">
<pin_list>
<pin id="29" dir="1" index="0" bw="1" slack="2147483647"/>
</pin_list>
<bind>
<StgValue><ssdm name="empty"/></StgValue>
</bind>
</comp>

<comp id="30" class="1001" name="const_30">
<pin_list>
<pin id="31" dir="1" index="0" bw="1" slack="0"/>
</pin_list>
<bind>
<StgValue><ssdm name=""/></StgValue>
</bind>
</comp>

<comp id="32" class="1001" name="const_32">
<pin_list>
<pin id="33" dir="1" index="0" bw="1" slack="2147483647"/>
</pin_list>
<bind>
<StgValue><ssdm name="empty_0"/></StgValue>
</bind>
</comp>

<comp id="34" class="1001" name="const_34">
<pin_list>
<pin id="35" dir="1" index="0" bw="1" slack="2147483647"/>
</pin_list>
<bind>
<StgValue><ssdm name=""/></StgValue>
</bind>
</comp>

<comp id="36" class="1001" name="const_36">
<pin_list>
<pin id="37" dir="1" index="0" bw="1" slack="2147483647"/>
</pin_list>
<bind>
<StgValue><ssdm name="empty_1"/></StgValue>
</bind>
</comp>

<comp id="38" class="1001" name="const_38">
<pin_list>
<pin id="39" dir="1" index="0" bw="1" slack="2147483647"/>
</pin_list>
<bind>
<StgValue><ssdm name=""/></StgValue>
</bind>
</comp>

<comp id="40" class="1001" name="const_40">
<pin_list>
<pin id="41" dir="1" index="0" bw="1" slack="2147483647"/>
</pin_list>
<bind>
<StgValue><ssdm name="_ssdm_op_SpecPipeline"/></StgValue>
</bind>
</comp>

<comp id="42" class="1001" name="const_42">
<pin_list>
<pin id="43" dir="1" index="0" bw="1" slack="0"/>
</pin_list>
<bind>
<StgValue><ssdm name="_ssdm_op_Read.ap_auto.i16"/></StgValue>
</bind>
</comp>

<comp id="44" class="1001" name="const_44">
<pin_list>
<pin id="45" dir="1" index="0" bw="1" slack="0"/>
</pin_list>
<bind>
<StgValue><ssdm name="_ssdm_op_Read.ap_auto.i1"/></StgValue>
</bind>
</comp>

<comp id="46" class="1001" name="const_46">
<pin_list>
<pin id="47" dir="1" index="0" bw="1" slack="2147483647"/>
</pin_list>
<bind>
<StgValue><ssdm name="_ssdm_op_SpecReset"/></StgValue>
</bind>
</comp>

<comp id="48" class="1001" name="const_48">
<pin_list>
<pin id="49" dir="1" index="0" bw="1" slack="2147483647"/>
</pin_list>
<bind>
<StgValue><ssdm name=""/></StgValue>
</bind>
</comp>

<comp id="50" class="1001" name="const_50">
<pin_list>
<pin id="51" dir="1" index="0" bw="1" slack="2147483647"/>
</pin_list>
<bind>
<StgValue><ssdm name=""/></StgValue>
</bind>
</comp>

<comp id="52" class="1001" name="const_52">
<pin_list>
<pin id="53" dir="1" index="0" bw="1" slack="0"/>
</pin_list>
<bind>
<StgValue><ssdm name=""/></StgValue>
</bind>
</comp>

<comp id="54" class="1001" name="const_54">
<pin_list>
<pin id="55" dir="1" index="0" bw="1" slack="0"/>
</pin_list>
<bind>
<StgValue><ssdm name=""/></StgValue>
</bind>
</comp>

<comp id="56" class="1001" name="const_56">
<pin_list>
<pin id="57" dir="1" index="0" bw="1" slack="0"/>
</pin_list>
<bind>
<StgValue><ssdm name="_ssdm_op_NbReadReq.axis.i8P128A"/></StgValue>
</bind>
</comp>

<comp id="58" class="1001" name="const_58">
<pin_list>
<pin id="59" dir="1" index="0" bw="1" slack="0"/>
</pin_list>
<bind>
<StgValue><ssdm name="_ssdm_op_Read.axis.volatile.i8P128A"/></StgValue>
</bind>
</comp>

<comp id="60" class="1001" name="const_60">
<pin_list>
<pin id="61" dir="1" index="0" bw="1" slack="0"/>
</pin_list>
<bind>
<StgValue><ssdm name=""/></StgValue>
</bind>
</comp>

<comp id="62" class="1001" name="const_62">
<pin_list>
<pin id="63" dir="1" index="0" bw="1" slack="0"/>
</pin_list>
<bind>
<StgValue><ssdm name=""/></StgValue>
</bind>
</comp>

<comp id="64" class="1001" name="const_64">
<pin_list>
<pin id="65" dir="1" index="0" bw="1" slack="0"/>
</pin_list>
<bind>
<StgValue><ssdm name=""/></StgValue>
</bind>
</comp>

<comp id="66" class="1001" name="const_66">
<pin_list>
<pin id="67" dir="1" index="0" bw="1" slack="0"/>
</pin_list>
<bind>
<StgValue><ssdm name=""/></StgValue>
</bind>
</comp>

<comp id="68" class="1001" name="const_68">
<pin_list>
<pin id="69" dir="1" index="0" bw="1" slack="0"/>
</pin_list>
<bind>
<StgValue><ssdm name=""/></StgValue>
</bind>
</comp>

<comp id="70" class="1001" name="const_70">
<pin_list>
<pin id="71" dir="1" index="0" bw="1" slack="0"/>
</pin_list>
<bind>
<StgValue><ssdm name="_ssdm_op_NbReadReq.axis.i96P128A"/></StgValue>
</bind>
</comp>

<comp id="72" class="1001" name="const_72">
<pin_list>
<pin id="73" dir="1" index="0" bw="1" slack="0"/>
</pin_list>
<bind>
<StgValue><ssdm name="_ssdm_op_Read.axis.volatile.i96P128A"/></StgValue>
</bind>
</comp>

<comp id="74" class="1001" name="const_74">
<pin_list>
<pin id="75" dir="1" index="0" bw="1" slack="0"/>
</pin_list>
<bind>
<StgValue><ssdm name="_ssdm_op_PartSelect.i16.i96.i32.i32"/></StgValue>
</bind>
</comp>

<comp id="76" class="1001" name="const_76">
<pin_list>
<pin id="77" dir="1" index="0" bw="1" slack="0"/>
</pin_list>
<bind>
<StgValue><ssdm name=""/></StgValue>
</bind>
</comp>

<comp id="78" class="1001" name="const_78">
<pin_list>
<pin id="79" dir="1" index="0" bw="1" slack="0"/>
</pin_list>
<bind>
<StgValue><ssdm name=""/></StgValue>
</bind>
</comp>

<comp id="80" class="1001" name="const_80">
<pin_list>
<pin id="81" dir="1" index="0" bw="1" slack="0"/>
</pin_list>
<bind>
<StgValue><ssdm name="_ssdm_op_NbReadReq.axis.i16P128A"/></StgValue>
</bind>
</comp>

<comp id="82" class="1001" name="const_82">
<pin_list>
<pin id="83" dir="1" index="0" bw="1" slack="0"/>
</pin_list>
<bind>
<StgValue><ssdm name="_ssdm_op_NbReadReq.axis.i1024P128A"/></StgValue>
</bind>
</comp>

<comp id="84" class="1001" name="const_84">
<pin_list>
<pin id="85" dir="1" index="0" bw="1" slack="0"/>
</pin_list>
<bind>
<StgValue><ssdm name="_ssdm_op_Read.axis.volatile.i16P128A"/></StgValue>
</bind>
</comp>

<comp id="86" class="1001" name="const_86">
<pin_list>
<pin id="87" dir="1" index="0" bw="1" slack="0"/>
</pin_list>
<bind>
<StgValue><ssdm name="_ssdm_op_Read.axis.volatile.i1024P128A"/></StgValue>
</bind>
</comp>

<comp id="88" class="1001" name="const_88">
<pin_list>
<pin id="89" dir="1" index="0" bw="1" slack="0"/>
</pin_list>
<bind>
<StgValue><ssdm name="_ssdm_op_BitSelect.i1.i1024.i1024"/></StgValue>
</bind>
</comp>

<comp id="90" class="1001" name="const_90">
<pin_list>
<pin id="91" dir="1" index="0" bw="1" slack="0"/>
</pin_list>
<bind>
<StgValue><ssdm name=""/></StgValue>
</bind>
</comp>

<comp id="92" class="1001" name="const_92">
<pin_list>
<pin id="93" dir="1" index="0" bw="1" slack="0"/>
</pin_list>
<bind>
<StgValue><ssdm name="_ssdm_op_Write.axis.volatile.i16P128A"/></StgValue>
</bind>
</comp>

<comp id="94" class="1001" name="const_94">
<pin_list>
<pin id="95" dir="1" index="0" bw="1" slack="0"/>
</pin_list>
<bind>
<StgValue><ssdm name="_ssdm_op_Write.axis.volatile.i32P128A"/></StgValue>
</bind>
</comp>

<comp id="96" class="1004" name="regBasePort_read_read_fu_96">
<pin_list>
<pin id="97" dir="0" index="0" bw="16" slack="0"/>
<pin id="98" dir="0" index="1" bw="16" slack="0"/>
<pin id="99" dir="1" index="2" bw="16" slack="0"/>
</pin_list>
<bind>
<opcode="read(1150) " fcode="read"/>
<opset="regBasePort_read/1 "/>
</bind>
</comp>

<comp id="102" class="1004" name="usePort_read_read_fu_102">
<pin_list>
<pin id="103" dir="0" index="0" bw="16" slack="0"/>
<pin id="104" dir="0" index="1" bw="16" slack="0"/>
<pin id="105" dir="1" index="2" bw="16" slack="0"/>
</pin_list>
<bind>
<opcode="read(1150) " fcode="read"/>
<opset="usePort_read/1 "/>
</bind>
</comp>

<comp id="108" class="1004" name="runExperiment_read_read_fu_108">
<pin_list>
<pin id="109" dir="0" index="0" bw="1" slack="0"/>
<pin id="110" dir="0" index="1" bw="1" slack="0"/>
<pin id="111" dir="1" index="2" bw="1" slack="2147483647"/>
</pin_list>
<bind>
<opcode="read(1150) " fcode="read"/>
<opset="runExperiment_read/1 "/>
</bind>
</comp>

<comp id="114" class="1004" name="tmp_nbreadreq_fu_114">
<pin_list>
<pin id="115" dir="0" index="0" bw="1" slack="0"/>
<pin id="116" dir="0" index="1" bw="8" slack="0"/>
<pin id="117" dir="0" index="2" bw="1" slack="0"/>
<pin id="118" dir="1" index="3" bw="1" slack="2147483647"/>
</pin_list>
<bind>
<opcode="nbreadreq(1156) " fcode="nbreadreq"/>
<opset="tmp/1 "/>
</bind>
</comp>

<comp id="122" class="1004" name="s_axis_listen_port_status_read_read_fu_122">
<pin_list>
<pin id="123" dir="0" index="0" bw="8" slack="0"/>
<pin id="124" dir="0" index="1" bw="8" slack="0"/>
<pin id="125" dir="1" index="2" bw="8" slack="0"/>
</pin_list>
<bind>
<opcode="read(1150) " fcode="read"/>
<opset="s_axis_listen_port_status_read/1 "/>
</bind>
</comp>

<comp id="128" class="1004" name="tmp_6_nbreadreq_fu_128">
<pin_list>
<pin id="129" dir="0" index="0" bw="1" slack="0"/>
<pin id="130" dir="0" index="1" bw="96" slack="0"/>
<pin id="131" dir="0" index="2" bw="1" slack="0"/>
<pin id="132" dir="1" index="3" bw="1" slack="1"/>
</pin_list>
<bind>
<opcode="nbreadreq(1156) " fcode="nbreadreq"/>
<opset="tmp_6/1 "/>
</bind>
</comp>

<comp id="136" class="1004" name="s_axis_notifications_read_read_fu_136">
<pin_list>
<pin id="137" dir="0" index="0" bw="96" slack="0"/>
<pin id="138" dir="0" index="1" bw="96" slack="0"/>
<pin id="139" dir="1" index="2" bw="96" slack="0"/>
</pin_list>
<bind>
<opcode="read(1150) " fcode="read"/>
<opset="s_axis_notifications_read/1 "/>
</bind>
</comp>

<comp id="142" class="1004" name="tmp_9_nbreadreq_fu_142">
<pin_list>
<pin id="143" dir="0" index="0" bw="1" slack="0"/>
<pin id="144" dir="0" index="1" bw="16" slack="0"/>
<pin id="145" dir="0" index="2" bw="1" slack="0"/>
<pin id="146" dir="1" index="3" bw="1" slack="2147483647"/>
</pin_list>
<bind>
<opcode="nbreadreq(1156) " fcode="nbreadreq"/>
<opset="tmp_9/1 "/>
</bind>
</comp>

<comp id="150" class="1004" name="grp_nbreadreq_fu_150">
<pin_list>
<pin id="151" dir="0" index="0" bw="1" slack="0"/>
<pin id="152" dir="0" index="1" bw="1024" slack="0"/>
<pin id="153" dir="0" index="2" bw="1" slack="0"/>
<pin id="154" dir="1" index="3" bw="1" slack="2147483647"/>
</pin_list>
<bind>
<opcode="nbreadreq(1156) " fcode="nbreadreq"/>
<opset="tmp_1/1 tmp_s/1 "/>
</bind>
</comp>

<comp id="158" class="1004" name="p_0_read_fu_158">
<pin_list>
<pin id="159" dir="0" index="0" bw="16" slack="0"/>
<pin id="160" dir="0" index="1" bw="16" slack="0"/>
<pin id="161" dir="1" index="2" bw="16" slack="2147483647"/>
</pin_list>
<bind>
<opcode="read(1150) " fcode="read"/>
<opset="p_0/1 "/>
</bind>
</comp>

<comp id="164" class="1004" name="grp_read_fu_164">
<pin_list>
<pin id="165" dir="0" index="0" bw="1024" slack="0"/>
<pin id="166" dir="0" index="1" bw="1024" slack="0"/>
<pin id="167" dir="1" index="2" bw="1024" slack="0"/>
</pin_list>
<bind>
<opcode="read(1150) " fcode="read"/>
<opset="s_axis_rx_data_read_1/1 s_axis_rx_data_read/1 "/>
</bind>
</comp>

<comp id="170" class="1004" name="grp_write_fu_170">
<pin_list>
<pin id="171" dir="0" index="0" bw="0" slack="0"/>
<pin id="172" dir="0" index="1" bw="16" slack="0"/>
<pin id="173" dir="0" index="2" bw="16" slack="1"/>
<pin id="174" dir="1" index="3" bw="0" slack="2147483647"/>
</pin_list>
<bind>
<opcode="write(1151) " fcode="write"/>
<opset="write_ln174/2 "/>
</bind>
</comp>

<comp id="177" class="1004" name="grp_write_fu_177">
<pin_list>
<pin id="178" dir="0" index="0" bw="0" slack="0"/>
<pin id="179" dir="0" index="1" bw="32" slack="0"/>
<pin id="180" dir="0" index="2" bw="32" slack="1"/>
<pin id="181" dir="1" index="3" bw="0" slack="2147483647"/>
</pin_list>
<bind>
<opcode="write(1151) " fcode="write"/>
<opset="write_ln174/2 "/>
</bind>
</comp>

<comp id="184" class="1005" name="currentPort_V_flag_4_reg_184">
<pin_list>
<pin id="185" dir="0" index="0" bw="1" slack="2147483647"/>
<pin id="186" dir="1" index="1" bw="1" slack="2147483647"/>
</pin_list>
<bind>
<opset="currentPort_V_flag_4 (phireg) "/>
</bind>
</comp>

<comp id="187" class="1004" name="currentPort_V_flag_4_phi_fu_187">
<pin_list>
<pin id="188" dir="0" index="0" bw="1" slack="0"/>
<pin id="189" dir="0" index="1" bw="0" slack="2147483647"/>
<pin id="190" dir="0" index="2" bw="1" slack="0"/>
<pin id="191" dir="0" index="3" bw="0" slack="2147483647"/>
<pin id="192" dir="0" index="4" bw="1" slack="0"/>
<pin id="193" dir="0" index="5" bw="0" slack="2147483647"/>
<pin id="194" dir="0" index="6" bw="1" slack="0"/>
<pin id="195" dir="0" index="7" bw="0" slack="2147483647"/>
<pin id="196" dir="0" index="8" bw="1" slack="0"/>
<pin id="197" dir="0" index="9" bw="0" slack="2147483647"/>
<pin id="198" dir="0" index="10" bw="1" slack="0"/>
<pin id="199" dir="0" index="11" bw="0" slack="2147483647"/>
<pin id="200" dir="1" index="12" bw="1" slack="2147483647"/>
</pin_list>
<bind>
<opcode="phi(47) " fcode="phi"/>
<opset="currentPort_V_flag_4/1 "/>
</bind>
</comp>

<comp id="206" class="1005" name="currentPort_V_new_4_reg_206">
<pin_list>
<pin id="207" dir="0" index="0" bw="16" slack="2147483647"/>
<pin id="208" dir="1" index="1" bw="16" slack="2147483647"/>
</pin_list>
<bind>
<opset="currentPort_V_new_4 (phireg) "/>
</bind>
</comp>

<comp id="209" class="1004" name="currentPort_V_new_4_phi_fu_209">
<pin_list>
<pin id="210" dir="0" index="0" bw="1" slack="0"/>
<pin id="211" dir="0" index="1" bw="0" slack="2147483647"/>
<pin id="212" dir="0" index="2" bw="1" slack="0"/>
<pin id="213" dir="0" index="3" bw="0" slack="2147483647"/>
<pin id="214" dir="0" index="4" bw="16" slack="0"/>
<pin id="215" dir="0" index="5" bw="0" slack="2147483647"/>
<pin id="216" dir="0" index="6" bw="1" slack="0"/>
<pin id="217" dir="0" index="7" bw="0" slack="2147483647"/>
<pin id="218" dir="0" index="8" bw="16" slack="0"/>
<pin id="219" dir="0" index="9" bw="0" slack="2147483647"/>
<pin id="220" dir="0" index="10" bw="1" slack="0"/>
<pin id="221" dir="0" index="11" bw="0" slack="2147483647"/>
<pin id="222" dir="1" index="12" bw="16" slack="0"/>
</pin_list>
<bind>
<opcode="phi(47) " fcode="phi"/>
<opset="currentPort_V_new_4/1 "/>
</bind>
</comp>

<comp id="228" class="1005" name="openedPort_V_new_3_reg_228">
<pin_list>
<pin id="229" dir="0" index="0" bw="16" slack="2147483647"/>
<pin id="230" dir="1" index="1" bw="16" slack="2147483647"/>
</pin_list>
<bind>
<opset="openedPort_V_new_3 (phireg) "/>
</bind>
</comp>

<comp id="231" class="1004" name="openedPort_V_new_3_phi_fu_231">
<pin_list>
<pin id="232" dir="0" index="0" bw="1" slack="0"/>
<pin id="233" dir="0" index="1" bw="0" slack="2147483647"/>
<pin id="234" dir="0" index="2" bw="1" slack="0"/>
<pin id="235" dir="0" index="3" bw="0" slack="2147483647"/>
<pin id="236" dir="0" index="4" bw="1" slack="0"/>
<pin id="237" dir="0" index="5" bw="0" slack="2147483647"/>
<pin id="238" dir="0" index="6" bw="1" slack="0"/>
<pin id="239" dir="0" index="7" bw="0" slack="2147483647"/>
<pin id="240" dir="0" index="8" bw="16" slack="0"/>
<pin id="241" dir="0" index="9" bw="0" slack="2147483647"/>
<pin id="242" dir="0" index="10" bw="1" slack="0"/>
<pin id="243" dir="0" index="11" bw="0" slack="2147483647"/>
<pin id="244" dir="1" index="12" bw="16" slack="0"/>
</pin_list>
<bind>
<opcode="phi(47) " fcode="phi"/>
<opset="openedPort_V_new_3/1 "/>
</bind>
</comp>

<comp id="250" class="1004" name="grp_fu_250">
<pin_list>
<pin id="251" dir="0" index="0" bw="1" slack="0"/>
<pin id="252" dir="0" index="1" bw="1024" slack="0"/>
<pin id="253" dir="0" index="2" bw="11" slack="0"/>
<pin id="254" dir="1" index="3" bw="1" slack="2147483647"/>
</pin_list>
<bind>
<opcode="bitselect(1000) " fcode="bitselect"/>
<opset="tmp_last_V/1 tmp_last_V_1/1 "/>
</bind>
</comp>

<comp id="258" class="1004" name="listenState_load_load_fu_258">
<pin_list>
<pin id="259" dir="0" index="0" bw="2" slack="0"/>
<pin id="260" dir="1" index="1" bw="2" slack="1"/>
</pin_list>
<bind>
<opcode="load(27) " fcode="load"/>
<opset="listenState_load/1 "/>
</bind>
</comp>

<comp id="262" class="1004" name="currentPort_V_load_load_fu_262">
<pin_list>
<pin id="263" dir="0" index="0" bw="16" slack="0"/>
<pin id="264" dir="1" index="1" bw="16" slack="0"/>
</pin_list>
<bind>
<opcode="load(27) " fcode="load"/>
<opset="currentPort_V_load/1 "/>
</bind>
</comp>

<comp id="266" class="1004" name="openedPort_V_load_load_fu_266">
<pin_list>
<pin id="267" dir="0" index="0" bw="16" slack="0"/>
<pin id="268" dir="1" index="1" bw="16" slack="0"/>
</pin_list>
<bind>
<opcode="load(27) " fcode="load"/>
<opset="openedPort_V_load/1 "/>
</bind>
</comp>

<comp id="270" class="1004" name="tmp_5_fu_270">
<pin_list>
<pin id="271" dir="0" index="0" bw="8" slack="0"/>
<pin id="272" dir="1" index="1" bw="1" slack="0"/>
</pin_list>
<bind>
<opcode="trunc(33) " fcode="trunc"/>
<opset="tmp_5/1 "/>
</bind>
</comp>

<comp id="275" class="1004" name="add_ln886_fu_275">
<pin_list>
<pin id="276" dir="0" index="0" bw="16" slack="0"/>
<pin id="277" dir="0" index="1" bw="1" slack="0"/>
<pin id="278" dir="1" index="2" bw="16" slack="0"/>
</pin_list>
<bind>
<opcode="add(8) " fcode="add"/>
<opset="add_ln886/1 "/>
</bind>
</comp>

<comp id="281" class="1004" name="add_ln886_1_fu_281">
<pin_list>
<pin id="282" dir="0" index="0" bw="16" slack="0"/>
<pin id="283" dir="0" index="1" bw="1" slack="0"/>
<pin id="284" dir="1" index="2" bw="16" slack="0"/>
</pin_list>
<bind>
<opcode="add(8) " fcode="add"/>
<opset="add_ln886_1/1 "/>
</bind>
</comp>

<comp id="287" class="1004" name="icmp_ln1065_fu_287">
<pin_list>
<pin id="288" dir="0" index="0" bw="16" slack="0"/>
<pin id="289" dir="0" index="1" bw="16" slack="0"/>
<pin id="290" dir="1" index="2" bw="1" slack="0"/>
</pin_list>
<bind>
<opcode="icmp(45) " fcode="icmp"/>
<opset="icmp_ln1065/1 "/>
</bind>
</comp>

<comp id="293" class="1004" name="select_ln400_fu_293">
<pin_list>
<pin id="294" dir="0" index="0" bw="1" slack="0"/>
<pin id="295" dir="0" index="1" bw="1" slack="0"/>
<pin id="296" dir="0" index="2" bw="16" slack="0"/>
<pin id="297" dir="1" index="3" bw="16" slack="0"/>
</pin_list>
<bind>
<opcode="select(49) " fcode="select"/>
<opset="select_ln400/1 "/>
</bind>
</comp>

<comp id="302" class="1004" name="select_ln400_1_fu_302">
<pin_list>
<pin id="303" dir="0" index="0" bw="1" slack="0"/>
<pin id="304" dir="0" index="1" bw="1" slack="0"/>
<pin id="305" dir="0" index="2" bw="16" slack="0"/>
<pin id="306" dir="1" index="3" bw="16" slack="0"/>
</pin_list>
<bind>
<opcode="select(49) " fcode="select"/>
<opset="select_ln400_1/1 "/>
</bind>
</comp>

<comp id="311" class="1004" name="and_ln145_fu_311">
<pin_list>
<pin id="312" dir="0" index="0" bw="1" slack="0"/>
<pin id="313" dir="0" index="1" bw="1" slack="0"/>
<pin id="314" dir="1" index="2" bw="1" slack="0"/>
</pin_list>
<bind>
<opcode="and(23) " fcode="and"/>
<opset="and_ln145/1 "/>
</bind>
</comp>

<comp id="317" class="1004" name="xor_ln145_fu_317">
<pin_list>
<pin id="318" dir="0" index="0" bw="1" slack="0"/>
<pin id="319" dir="0" index="1" bw="1" slack="0"/>
<pin id="320" dir="1" index="2" bw="1" slack="0"/>
</pin_list>
<bind>
<opcode="xor(25) " fcode="xor"/>
<opset="xor_ln145/1 "/>
</bind>
</comp>

<comp id="323" class="1004" name="zext_ln392_fu_323">
<pin_list>
<pin id="324" dir="0" index="0" bw="1" slack="0"/>
<pin id="325" dir="1" index="1" bw="2" slack="0"/>
</pin_list>
<bind>
<opcode="zext(34) " fcode="zext"/>
<opset="zext_ln392/1 "/>
</bind>
</comp>

<comp id="327" class="1004" name="store_ln392_store_fu_327">
<pin_list>
<pin id="328" dir="0" index="0" bw="1" slack="0"/>
<pin id="329" dir="0" index="1" bw="2" slack="0"/>
<pin id="330" dir="1" index="2" bw="0" slack="2147483647"/>
</pin_list>
<bind>
<opcode="store(28) " fcode="store"/>
<opset="store_ln392/1 "/>
</bind>
</comp>

<comp id="333" class="1004" name="store_ln383_store_fu_333">
<pin_list>
<pin id="334" dir="0" index="0" bw="2" slack="0"/>
<pin id="335" dir="0" index="1" bw="2" slack="0"/>
<pin id="336" dir="1" index="2" bw="0" slack="2147483647"/>
</pin_list>
<bind>
<opcode="store(28) " fcode="store"/>
<opset="store_ln383/1 "/>
</bind>
</comp>

<comp id="339" class="1004" name="store_ln376_store_fu_339">
<pin_list>
<pin id="340" dir="0" index="0" bw="1" slack="0"/>
<pin id="341" dir="0" index="1" bw="2" slack="0"/>
<pin id="342" dir="1" index="2" bw="0" slack="2147483647"/>
</pin_list>
<bind>
<opcode="store(28) " fcode="store"/>
<opset="store_ln376/1 "/>
</bind>
</comp>

<comp id="345" class="1004" name="store_ln372_store_fu_345">
<pin_list>
<pin id="346" dir="0" index="0" bw="16" slack="0"/>
<pin id="347" dir="0" index="1" bw="16" slack="0"/>
<pin id="348" dir="1" index="2" bw="0" slack="2147483647"/>
</pin_list>
<bind>
<opcode="store(28) " fcode="store"/>
<opset="store_ln372/1 "/>
</bind>
</comp>

<comp id="351" class="1004" name="store_ln371_store_fu_351">
<pin_list>
<pin id="352" dir="0" index="0" bw="16" slack="0"/>
<pin id="353" dir="0" index="1" bw="16" slack="0"/>
<pin id="354" dir="1" index="2" bw="0" slack="2147483647"/>
</pin_list>
<bind>
<opcode="store(28) " fcode="store"/>
<opset="store_ln371/1 "/>
</bind>
</comp>

<comp id="357" class="1004" name="tmp_length_V_fu_357">
<pin_list>
<pin id="358" dir="0" index="0" bw="16" slack="0"/>
<pin id="359" dir="0" index="1" bw="96" slack="0"/>
<pin id="360" dir="0" index="2" bw="6" slack="0"/>
<pin id="361" dir="0" index="3" bw="6" slack="0"/>
<pin id="362" dir="1" index="4" bw="16" slack="0"/>
</pin_list>
<bind>
<opcode="partselect(1002) " fcode="partselect"/>
<opset="tmp_length_V/1 "/>
</bind>
</comp>

<comp id="367" class="1004" name="icmp_ln1069_fu_367">
<pin_list>
<pin id="368" dir="0" index="0" bw="16" slack="0"/>
<pin id="369" dir="0" index="1" bw="1" slack="0"/>
<pin id="370" dir="1" index="2" bw="1" slack="1"/>
</pin_list>
<bind>
<opcode="icmp(45) " fcode="icmp"/>
<opset="icmp_ln1069/1 "/>
</bind>
</comp>

<comp id="373" class="1004" name="trunc_ln174_fu_373">
<pin_list>
<pin id="374" dir="0" index="0" bw="96" slack="0"/>
<pin id="375" dir="1" index="1" bw="32" slack="1"/>
</pin_list>
<bind>
<opcode="trunc(33) " fcode="trunc"/>
<opset="trunc_ln174/1 "/>
</bind>
</comp>

<comp id="377" class="1004" name="serverFsmState_load_load_fu_377">
<pin_list>
<pin id="378" dir="0" index="0" bw="1" slack="0"/>
<pin id="379" dir="1" index="1" bw="1" slack="2147483647"/>
</pin_list>
<bind>
<opcode="load(27) " fcode="load"/>
<opset="serverFsmState_load/1 "/>
</bind>
</comp>

<comp id="381" class="1004" name="store_ln432_store_fu_381">
<pin_list>
<pin id="382" dir="0" index="0" bw="1" slack="0"/>
<pin id="383" dir="0" index="1" bw="1" slack="0"/>
<pin id="384" dir="1" index="2" bw="0" slack="2147483647"/>
</pin_list>
<bind>
<opcode="store(28) " fcode="store"/>
<opset="store_ln432/1 "/>
</bind>
</comp>

<comp id="387" class="1004" name="store_ln442_store_fu_387">
<pin_list>
<pin id="388" dir="0" index="0" bw="1" slack="0"/>
<pin id="389" dir="0" index="1" bw="1" slack="0"/>
<pin id="390" dir="1" index="2" bw="0" slack="2147483647"/>
</pin_list>
<bind>
<opcode="store(28) " fcode="store"/>
<opset="store_ln442/1 "/>
</bind>
</comp>

<comp id="396" class="1005" name="listenState_load_reg_396">
<pin_list>
<pin id="397" dir="0" index="0" bw="2" slack="1"/>
<pin id="398" dir="1" index="1" bw="2" slack="2147483647"/>
</pin_list>
<bind>
<opset="listenState_load "/>
</bind>
</comp>

<comp id="400" class="1005" name="currentPort_V_load_reg_400">
<pin_list>
<pin id="401" dir="0" index="0" bw="16" slack="1"/>
<pin id="402" dir="1" index="1" bw="16" slack="1"/>
</pin_list>
<bind>
<opset="currentPort_V_load "/>
</bind>
</comp>

<comp id="408" class="1005" name="tmp_6_reg_408">
<pin_list>
<pin id="409" dir="0" index="0" bw="1" slack="1"/>
<pin id="410" dir="1" index="1" bw="1" slack="2147483647"/>
</pin_list>
<bind>
<opset="tmp_6 "/>
</bind>
</comp>

<comp id="412" class="1005" name="icmp_ln1069_reg_412">
<pin_list>
<pin id="413" dir="0" index="0" bw="1" slack="1"/>
<pin id="414" dir="1" index="1" bw="1" slack="2147483647"/>
</pin_list>
<bind>
<opset="icmp_ln1069 "/>
</bind>
</comp>

<comp id="416" class="1005" name="trunc_ln174_reg_416">
<pin_list>
<pin id="417" dir="0" index="0" bw="32" slack="1"/>
<pin id="418" dir="1" index="1" bw="32" slack="1"/>
</pin_list>
<bind>
<opset="trunc_ln174 "/>
</bind>
</comp>

</comp_list>

<net_list>
<net id="100"><net_src comp="42" pin="0"/><net_sink comp="96" pin=0"/></net>

<net id="101"><net_src comp="16" pin="0"/><net_sink comp="96" pin=1"/></net>

<net id="106"><net_src comp="42" pin="0"/><net_sink comp="102" pin=0"/></net>

<net id="107"><net_src comp="14" pin="0"/><net_sink comp="102" pin=1"/></net>

<net id="112"><net_src comp="44" pin="0"/><net_sink comp="108" pin=0"/></net>

<net id="113"><net_src comp="12" pin="0"/><net_sink comp="108" pin=1"/></net>

<net id="119"><net_src comp="56" pin="0"/><net_sink comp="114" pin=0"/></net>

<net id="120"><net_src comp="2" pin="0"/><net_sink comp="114" pin=1"/></net>

<net id="121"><net_src comp="30" pin="0"/><net_sink comp="114" pin=2"/></net>

<net id="126"><net_src comp="58" pin="0"/><net_sink comp="122" pin=0"/></net>

<net id="127"><net_src comp="2" pin="0"/><net_sink comp="122" pin=1"/></net>

<net id="133"><net_src comp="70" pin="0"/><net_sink comp="128" pin=0"/></net>

<net id="134"><net_src comp="4" pin="0"/><net_sink comp="128" pin=1"/></net>

<net id="135"><net_src comp="30" pin="0"/><net_sink comp="128" pin=2"/></net>

<net id="140"><net_src comp="72" pin="0"/><net_sink comp="136" pin=0"/></net>

<net id="141"><net_src comp="4" pin="0"/><net_sink comp="136" pin=1"/></net>

<net id="147"><net_src comp="80" pin="0"/><net_sink comp="142" pin=0"/></net>

<net id="148"><net_src comp="8" pin="0"/><net_sink comp="142" pin=1"/></net>

<net id="149"><net_src comp="30" pin="0"/><net_sink comp="142" pin=2"/></net>

<net id="155"><net_src comp="82" pin="0"/><net_sink comp="150" pin=0"/></net>

<net id="156"><net_src comp="10" pin="0"/><net_sink comp="150" pin=1"/></net>

<net id="157"><net_src comp="30" pin="0"/><net_sink comp="150" pin=2"/></net>

<net id="162"><net_src comp="84" pin="0"/><net_sink comp="158" pin=0"/></net>

<net id="163"><net_src comp="8" pin="0"/><net_sink comp="158" pin=1"/></net>

<net id="168"><net_src comp="86" pin="0"/><net_sink comp="164" pin=0"/></net>

<net id="169"><net_src comp="10" pin="0"/><net_sink comp="164" pin=1"/></net>

<net id="175"><net_src comp="92" pin="0"/><net_sink comp="170" pin=0"/></net>

<net id="176"><net_src comp="0" pin="0"/><net_sink comp="170" pin=1"/></net>

<net id="182"><net_src comp="94" pin="0"/><net_sink comp="177" pin=0"/></net>

<net id="183"><net_src comp="6" pin="0"/><net_sink comp="177" pin=1"/></net>

<net id="201"><net_src comp="66" pin="0"/><net_sink comp="187" pin=0"/></net>

<net id="202"><net_src comp="66" pin="0"/><net_sink comp="187" pin=2"/></net>

<net id="203"><net_src comp="64" pin="0"/><net_sink comp="187" pin=4"/></net>

<net id="204"><net_src comp="64" pin="0"/><net_sink comp="187" pin=6"/></net>

<net id="205"><net_src comp="66" pin="0"/><net_sink comp="187" pin=10"/></net>

<net id="223"><net_src comp="68" pin="0"/><net_sink comp="209" pin=0"/></net>

<net id="224"><net_src comp="68" pin="0"/><net_sink comp="209" pin=2"/></net>

<net id="225"><net_src comp="96" pin="2"/><net_sink comp="209" pin=4"/></net>

<net id="226"><net_src comp="62" pin="0"/><net_sink comp="209" pin=6"/></net>

<net id="227"><net_src comp="68" pin="0"/><net_sink comp="209" pin=10"/></net>

<net id="245"><net_src comp="68" pin="0"/><net_sink comp="231" pin=0"/></net>

<net id="246"><net_src comp="68" pin="0"/><net_sink comp="231" pin=2"/></net>

<net id="247"><net_src comp="62" pin="0"/><net_sink comp="231" pin=4"/></net>

<net id="248"><net_src comp="62" pin="0"/><net_sink comp="231" pin=6"/></net>

<net id="249"><net_src comp="68" pin="0"/><net_sink comp="231" pin=10"/></net>

<net id="255"><net_src comp="88" pin="0"/><net_sink comp="250" pin=0"/></net>

<net id="256"><net_src comp="164" pin="2"/><net_sink comp="250" pin=1"/></net>

<net id="257"><net_src comp="90" pin="0"/><net_sink comp="250" pin=2"/></net>

<net id="261"><net_src comp="18" pin="0"/><net_sink comp="258" pin=0"/></net>

<net id="265"><net_src comp="20" pin="0"/><net_sink comp="262" pin=0"/></net>

<net id="269"><net_src comp="22" pin="0"/><net_sink comp="266" pin=0"/></net>

<net id="273"><net_src comp="122" pin="2"/><net_sink comp="270" pin=0"/></net>

<net id="274"><net_src comp="270" pin="1"/><net_sink comp="187" pin=8"/></net>

<net id="279"><net_src comp="262" pin="1"/><net_sink comp="275" pin=0"/></net>

<net id="280"><net_src comp="60" pin="0"/><net_sink comp="275" pin=1"/></net>

<net id="285"><net_src comp="266" pin="1"/><net_sink comp="281" pin=0"/></net>

<net id="286"><net_src comp="60" pin="0"/><net_sink comp="281" pin=1"/></net>

<net id="291"><net_src comp="281" pin="2"/><net_sink comp="287" pin=0"/></net>

<net id="292"><net_src comp="102" pin="2"/><net_sink comp="287" pin=1"/></net>

<net id="298"><net_src comp="287" pin="2"/><net_sink comp="293" pin=0"/></net>

<net id="299"><net_src comp="62" pin="0"/><net_sink comp="293" pin=1"/></net>

<net id="300"><net_src comp="275" pin="2"/><net_sink comp="293" pin=2"/></net>

<net id="301"><net_src comp="293" pin="3"/><net_sink comp="209" pin=8"/></net>

<net id="307"><net_src comp="287" pin="2"/><net_sink comp="302" pin=0"/></net>

<net id="308"><net_src comp="62" pin="0"/><net_sink comp="302" pin=1"/></net>

<net id="309"><net_src comp="281" pin="2"/><net_sink comp="302" pin=2"/></net>

<net id="310"><net_src comp="302" pin="3"/><net_sink comp="231" pin=8"/></net>

<net id="315"><net_src comp="270" pin="1"/><net_sink comp="311" pin=0"/></net>

<net id="316"><net_src comp="287" pin="2"/><net_sink comp="311" pin=1"/></net>

<net id="321"><net_src comp="311" pin="2"/><net_sink comp="317" pin=0"/></net>

<net id="322"><net_src comp="64" pin="0"/><net_sink comp="317" pin=1"/></net>

<net id="326"><net_src comp="317" pin="2"/><net_sink comp="323" pin=0"/></net>

<net id="331"><net_src comp="323" pin="1"/><net_sink comp="327" pin=0"/></net>

<net id="332"><net_src comp="18" pin="0"/><net_sink comp="327" pin=1"/></net>

<net id="337"><net_src comp="54" pin="0"/><net_sink comp="333" pin=0"/></net>

<net id="338"><net_src comp="18" pin="0"/><net_sink comp="333" pin=1"/></net>

<net id="343"><net_src comp="52" pin="0"/><net_sink comp="339" pin=0"/></net>

<net id="344"><net_src comp="18" pin="0"/><net_sink comp="339" pin=1"/></net>

<net id="349"><net_src comp="231" pin="12"/><net_sink comp="345" pin=0"/></net>

<net id="350"><net_src comp="22" pin="0"/><net_sink comp="345" pin=1"/></net>

<net id="355"><net_src comp="209" pin="12"/><net_sink comp="351" pin=0"/></net>

<net id="356"><net_src comp="20" pin="0"/><net_sink comp="351" pin=1"/></net>

<net id="363"><net_src comp="74" pin="0"/><net_sink comp="357" pin=0"/></net>

<net id="364"><net_src comp="136" pin="2"/><net_sink comp="357" pin=1"/></net>

<net id="365"><net_src comp="76" pin="0"/><net_sink comp="357" pin=2"/></net>

<net id="366"><net_src comp="78" pin="0"/><net_sink comp="357" pin=3"/></net>

<net id="371"><net_src comp="357" pin="4"/><net_sink comp="367" pin=0"/></net>

<net id="372"><net_src comp="62" pin="0"/><net_sink comp="367" pin=1"/></net>

<net id="376"><net_src comp="136" pin="2"/><net_sink comp="373" pin=0"/></net>

<net id="380"><net_src comp="24" pin="0"/><net_sink comp="377" pin=0"/></net>

<net id="385"><net_src comp="64" pin="0"/><net_sink comp="381" pin=0"/></net>

<net id="386"><net_src comp="24" pin="0"/><net_sink comp="381" pin=1"/></net>

<net id="391"><net_src comp="66" pin="0"/><net_sink comp="387" pin=0"/></net>

<net id="392"><net_src comp="24" pin="0"/><net_sink comp="387" pin=1"/></net>

<net id="399"><net_src comp="258" pin="1"/><net_sink comp="396" pin=0"/></net>

<net id="403"><net_src comp="262" pin="1"/><net_sink comp="400" pin=0"/></net>

<net id="404"><net_src comp="400" pin="1"/><net_sink comp="170" pin=2"/></net>

<net id="411"><net_src comp="128" pin="3"/><net_sink comp="408" pin=0"/></net>

<net id="415"><net_src comp="367" pin="2"/><net_sink comp="412" pin=0"/></net>

<net id="419"><net_src comp="373" pin="1"/><net_sink comp="416" pin=0"/></net>

<net id="420"><net_src comp="416" pin="1"/><net_sink comp="177" pin=2"/></net>

</net_list>

</model> 
---------------- Datapath Model END ------------------

* FSMD analyzer results:
  - Output states:
	Port: m_axis_listen_port | {3 }
	Port: m_axis_read_package | {3 }
	Port: listenState | {1 }
	Port: currentPort_V | {1 }
	Port: openedPort_V | {1 }
	Port: serverFsmState | {1 }
 - Input state : 
	Port: server<512> : s_axis_listen_port_status | {1 }
	Port: server<512> : s_axis_notifications | {1 }
	Port: server<512> : s_axis_rx_metadata | {1 }
	Port: server<512> : s_axis_rx_data | {1 }
	Port: server<512> : runExperiment | {1 }
	Port: server<512> : usePort | {1 }
	Port: server<512> : regBasePort | {1 }
	Port: server<512> : listenState | {1 }
	Port: server<512> : currentPort_V | {1 }
	Port: server<512> : openedPort_V | {1 }
	Port: server<512> : serverFsmState | {1 }
  - Chain level:
	State 1
		switch_ln368 : 1
		add_ln886 : 1
		add_ln886_1 : 1
		icmp_ln1065 : 2
		select_ln400 : 3
		select_ln400_1 : 3
		and_ln145 : 3
		xor_ln145 : 3
		zext_ln392 : 3
		store_ln392 : 4
		currentPort_V_flag_4 : 1
		currentPort_V_new_4 : 4
		openedPort_V_new_3 : 4
		br_ln145 : 2
		store_ln372 : 5
		store_ln371 : 5
		icmp_ln1069 : 1
		br_ln417 : 2
		br_ln423 : 1
		br_ln430 : 1
		br_ln440 : 1
	State 2
	State 3


============================================================
+ Verbose Summary: Datapath Resource usage 
============================================================

* Functional unit list:
|----------|--------------------------------------------|---------|---------|
| Operation|               Functional Unit              |    FF   |   LUT   |
|----------|--------------------------------------------|---------|---------|
|    add   |              add_ln886_fu_275              |    0    |    23   |
|          |             add_ln886_1_fu_281             |    0    |    23   |
|----------|--------------------------------------------|---------|---------|
|  select  |             select_ln400_fu_293            |    0    |    16   |
|          |            select_ln400_1_fu_302           |    0    |    16   |
|----------|--------------------------------------------|---------|---------|
|   icmp   |             icmp_ln1065_fu_287             |    0    |    13   |
|          |             icmp_ln1069_fu_367             |    0    |    13   |
|----------|--------------------------------------------|---------|---------|
|    and   |              and_ln145_fu_311              |    0    |    2    |
|----------|--------------------------------------------|---------|---------|
|    xor   |              xor_ln145_fu_317              |    0    |    2    |
|----------|--------------------------------------------|---------|---------|
|          |         regBasePort_read_read_fu_96        |    0    |    0    |
|          |          usePort_read_read_fu_102          |    0    |    0    |
|          |       runExperiment_read_read_fu_108       |    0    |    0    |
|   read   | s_axis_listen_port_status_read_read_fu_122 |    0    |    0    |
|          |    s_axis_notifications_read_read_fu_136   |    0    |    0    |
|          |               p_0_read_fu_158              |    0    |    0    |
|          |               grp_read_fu_164              |    0    |    0    |
|----------|--------------------------------------------|---------|---------|
|          |            tmp_nbreadreq_fu_114            |    0    |    0    |
| nbreadreq|           tmp_6_nbreadreq_fu_128           |    0    |    0    |
|          |           tmp_9_nbreadreq_fu_142           |    0    |    0    |
|          |            grp_nbreadreq_fu_150            |    0    |    0    |
|----------|--------------------------------------------|---------|---------|
|   write  |              grp_write_fu_170              |    0    |    0    |
|          |              grp_write_fu_177              |    0    |    0    |
|----------|--------------------------------------------|---------|---------|
| bitselect|                 grp_fu_250                 |    0    |    0    |
|----------|--------------------------------------------|---------|---------|
|   trunc  |                tmp_5_fu_270                |    0    |    0    |
|          |             trunc_ln174_fu_373             |    0    |    0    |
|----------|--------------------------------------------|---------|---------|
|   zext   |              zext_ln392_fu_323             |    0    |    0    |
|----------|--------------------------------------------|---------|---------|
|partselect|             tmp_length_V_fu_357            |    0    |    0    |
|----------|--------------------------------------------|---------|---------|
|   Total  |                                            |    0    |   108   |
|----------|--------------------------------------------|---------|---------|

Memories:
N/A

* Register list:
+----------------------------+--------+
|                            |   FF   |
+----------------------------+--------+
|currentPort_V_flag_4_reg_184|    1   |
| currentPort_V_load_reg_400 |   16   |
| currentPort_V_new_4_reg_206|   16   |
|     icmp_ln1069_reg_412    |    1   |
|  listenState_load_reg_396  |    2   |
| openedPort_V_new_3_reg_228 |   16   |
|        tmp_6_reg_408       |    1   |
|     trunc_ln174_reg_416    |   32   |
+----------------------------+--------+
|            Total           |   85   |
+----------------------------+--------+

* Multiplexer (MUX) list: 
|--------|------|------|------|--------|
|  Comp  |  Pin | Size |  BW  | S x BW |
|--------|------|------|------|--------|
|  Total |      |      |      |    0   |
|--------|------|------|------|--------|



* Summary:
+-----------+--------+--------+
|           |   FF   |   LUT  |
+-----------+--------+--------+
|  Function |    0   |   108  |
|   Memory  |    -   |    -   |
|Multiplexer|    -   |    -   |
|  Register |   85   |    -   |
+-----------+--------+--------+
|   Total   |   85   |   108  |
+-----------+--------+--------+
