

================================================================
== Vitis HLS Report for 'dropper'
================================================================
* Date:           Tue Jul 11 09:16:12 2023

* Version:        2022.1 (Build 3526262 on Mon Apr 18 15:47:01 MDT 2022)
* Project:        icmp_server_prj
* Solution:       solution1 (Vivado IP Flow Target)
* Product family: virtexuplus
* Target device:  xcu280-fsvh2892-2L-e


================================================================
== Performance Estimates
================================================================
+ Timing: 
    * Summary: 
    +--------+---------+----------+------------+
    |  Clock |  Target | Estimated| Uncertainty|
    +--------+---------+----------+------------+
    |ap_clk  |  3.20 ns|  2.458 ns|     0.86 ns|
    +--------+---------+----------+------------+

+ Latency: 
    * Summary: 
    +---------+---------+----------+----------+-----+-----+---------+
    |  Latency (cycles) |  Latency (absolute) |  Interval | Pipeline|
    |   min   |   max   |    min   |    max   | min | max |   Type  |
    +---------+---------+----------+----------+-----+-----+---------+
    |        0|        0|      0 ns|      0 ns|    0|    0|       no|
    +---------+---------+----------+----------+-----+-----+---------+

    + Detail: 
        * Instance: 
        N/A

        * Loop: 
        N/A

============================================================
+ Verbose Summary: Synthesis Manager
============================================================
InlineROM: 1
ExposeGlobal: 0
============================================================
+ Verbose Summary: CDFG Model
============================================================
IsTopModel: 0
ResetActiveHigh: 1
IsCombinational: 2
IsDatapathOnly: 0
HasWiredReturn: 1
HasMFsm: 0
HasVarLatency: 0
IsPipeline: 0
IsRtlPipelined: 0
IsInstanceOverlapped: 0
IsDontTouch: 0
HasImplIP: 0
IsGatedGlobalClock: 0


============================================================
+ Verbose Summary: Schedule
============================================================
* Number of FSM states : 1
* Pipeline : 0
* Dataflow Pipeline: 0

* FSM state transitions: 
1 --> 

* FSM state operations: 

State 1 <SV = 0> <Delay = 2.45>
ST_1 : Operation 2 [1/1] (0.00ns)   --->   "%specinterface_ln0 = specinterface void @_ssdm_op_SpecInterface, i128 %icmp_server_stream_stream_stream_stream_axiWord_0_dataStreams, void @empty_1, i32 0, i32 0, void @empty_0, i32 0, i32 0, void @empty_0, void @empty_0, void @empty_0, i32 0, i32 0, i32 0, i32 0, void @empty_0, void @empty_0, i32 4294967295, i32 0"   --->   Operation 2 'specinterface' 'specinterface_ln0' <Predicate = true> <Delay = 0.00>
ST_1 : Operation 3 [1/1] (0.00ns)   --->   "%specinterface_ln0 = specinterface void @_ssdm_op_SpecInterface, i128 %icmp_server_stream_stream_stream_stream_axiWord_0_dataStreams, void @empty_1, i32 0, i32 0, void @empty_0, i32 0, i32 0, void @empty_0, void @empty_0, void @empty_0, i32 0, i32 0, i32 0, i32 0, void @empty_0, void @empty_0, i32 4294967295, i32 0"   --->   Operation 3 'specinterface' 'specinterface_ln0' <Predicate = true> <Delay = 0.00>
ST_1 : Operation 4 [1/1] (0.00ns)   --->   "%specinterface_ln0 = specinterface void @_ssdm_op_SpecInterface, i128 %icmp_server_stream_stream_stream_stream_axiWord_0_dataStreams, void @empty_1, i32 0, i32 0, void @empty_0, i32 0, i32 0, void @empty_0, void @empty_0, void @empty_0, i32 0, i32 0, i32 0, i32 0, void @empty_0, void @empty_0, i32 4294967295, i32 0"   --->   Operation 4 'specinterface' 'specinterface_ln0' <Predicate = true> <Delay = 0.00>
ST_1 : Operation 5 [1/1] (0.00ns)   --->   "%specinterface_ln0 = specinterface void @_ssdm_op_SpecInterface, i128 %packageBuffer1, void @empty_1, i32 0, i32 0, void @empty_0, i32 0, i32 0, void @empty_0, void @empty_0, void @empty_0, i32 0, i32 0, i32 0, i32 0, void @empty_0, void @empty_0, i32 4294967295, i32 0"   --->   Operation 5 'specinterface' 'specinterface_ln0' <Predicate = true> <Delay = 0.00>
ST_1 : Operation 6 [1/1] (0.00ns)   --->   "%specinterface_ln0 = specinterface void @_ssdm_op_SpecInterface, i128 %packageBuffer1, void @empty_1, i32 0, i32 0, void @empty_0, i32 0, i32 0, void @empty_0, void @empty_0, void @empty_0, i32 0, i32 0, i32 0, i32 0, void @empty_0, void @empty_0, i32 4294967295, i32 0"   --->   Operation 6 'specinterface' 'specinterface_ln0' <Predicate = true> <Delay = 0.00>
ST_1 : Operation 7 [1/1] (0.00ns)   --->   "%specinterface_ln0 = specinterface void @_ssdm_op_SpecInterface, i128 %packageBuffer1, void @empty_1, i32 0, i32 0, void @empty_0, i32 0, i32 0, void @empty_0, void @empty_0, void @empty_0, i32 0, i32 0, i32 0, i32 0, void @empty_0, void @empty_0, i32 4294967295, i32 0"   --->   Operation 7 'specinterface' 'specinterface_ln0' <Predicate = true> <Delay = 0.00>
ST_1 : Operation 8 [1/1] (0.00ns)   --->   "%specinterface_ln0 = specinterface void @_ssdm_op_SpecInterface, i1 %validFifo, void @empty_1, i32 0, i32 0, void @empty_0, i32 0, i32 0, void @empty_0, void @empty_0, void @empty_0, i32 0, i32 0, i32 0, i32 0, void @empty_0, void @empty_0, i32 4294967295, i32 0"   --->   Operation 8 'specinterface' 'specinterface_ln0' <Predicate = true> <Delay = 0.00>
ST_1 : Operation 9 [1/1] (0.00ns)   --->   "%specinterface_ln0 = specinterface void @_ssdm_op_SpecInterface, i1 %validFifo, void @empty_1, i32 0, i32 0, void @empty_0, i32 0, i32 0, void @empty_0, void @empty_0, void @empty_0, i32 0, i32 0, i32 0, i32 0, void @empty_0, void @empty_0, i32 4294967295, i32 0"   --->   Operation 9 'specinterface' 'specinterface_ln0' <Predicate = true> <Delay = 0.00>
ST_1 : Operation 10 [1/1] (0.00ns)   --->   "%specinterface_ln0 = specinterface void @_ssdm_op_SpecInterface, i1 %validFifo, void @empty_1, i32 0, i32 0, void @empty_0, i32 0, i32 0, void @empty_0, void @empty_0, void @empty_0, i32 0, i32 0, i32 0, i32 0, void @empty_0, void @empty_0, i32 4294967295, i32 0"   --->   Operation 10 'specinterface' 'specinterface_ln0' <Predicate = true> <Delay = 0.00>
ST_1 : Operation 11 [1/1] (0.00ns)   --->   "%specinterface_ln0 = specinterface void @_ssdm_op_SpecInterface, i128 %icmp_server_stream_stream_stream_stream_axiWord_0_dataStreams, void @empty_1, i32 0, i32 0, void @empty_0, i32 0, i32 0, void @empty_0, void @empty_0, void @empty_0, i32 0, i32 0, i32 0, i32 0, void @empty_0, void @empty_0, i32 4294967295, i32 0"   --->   Operation 11 'specinterface' 'specinterface_ln0' <Predicate = true> <Delay = 0.00>
ST_1 : Operation 12 [1/1] (0.00ns)   --->   "%specinterface_ln0 = specinterface void @_ssdm_op_SpecInterface, i1 %validFifo, void @empty_1, i32 0, i32 0, void @empty_0, i32 0, i32 0, void @empty_0, void @empty_0, void @empty_0, i32 0, i32 0, i32 0, i32 0, void @empty_0, void @empty_0, i32 4294967295, i32 0"   --->   Operation 12 'specinterface' 'specinterface_ln0' <Predicate = true> <Delay = 0.00>
ST_1 : Operation 13 [1/1] (0.00ns)   --->   "%specinterface_ln0 = specinterface void @_ssdm_op_SpecInterface, i128 %packageBuffer1, void @empty_1, i32 0, i32 0, void @empty_0, i32 0, i32 0, void @empty_0, void @empty_0, void @empty_0, i32 0, i32 0, i32 0, i32 0, void @empty_0, void @empty_0, i32 4294967295, i32 0"   --->   Operation 13 'specinterface' 'specinterface_ln0' <Predicate = true> <Delay = 0.00>
ST_1 : Operation 14 [1/1] (0.00ns)   --->   "%tmp_i = nbreadreq i1 @_ssdm_op_NbReadReq.ap_fifo.i128P0A, i128 %packageBuffer1, i32 1" [/tools/Xilinx/Vitis_HLS/2022.1/common/technology/autopilot/hls_stream_39.h:136]   --->   Operation 14 'nbreadreq' 'tmp_i' <Predicate = true> <Delay = 0.00> <CoreInst = "FIFO">   --->   Core 78 'FIFO' <Latency = 0> <II = 1> <Delay = 1.06> <Storage> <Opcode : 'read' 'write' 'nbread' 'nbwrite'> <Ports = 0> <Width = 128> <Depth = 64> <FIFO>
ST_1 : Operation 15 [1/1] (0.00ns)   --->   "%br_ln329 = br i1 %tmp_i, void %dropper.exit, void %if.then.i" [/mnt/scratch/pyuvaraj/Vitis_RoCE_W/Vitis_RoCE/fpga-network-stack/hls/icmp_server/icmp_server.cpp:329]   --->   Operation 15 'br' 'br_ln329' <Predicate = true> <Delay = 0.00>
ST_1 : Operation 16 [1/1] (0.00ns)   --->   "%d_isFirstWord_load = load i1 %d_isFirstWord" [/mnt/scratch/pyuvaraj/Vitis_RoCE_W/Vitis_RoCE/fpga-network-stack/hls/icmp_server/icmp_server.cpp:330]   --->   Operation 16 'load' 'd_isFirstWord_load' <Predicate = (tmp_i)> <Delay = 0.00>
ST_1 : Operation 17 [1/1] (0.00ns)   --->   "%d_drop_load = load i1 %d_drop" [/mnt/scratch/pyuvaraj/Vitis_RoCE_W/Vitis_RoCE/fpga-network-stack/hls/icmp_server/icmp_server.cpp:341]   --->   Operation 17 'load' 'd_drop_load' <Predicate = (tmp_i)> <Delay = 0.00>
ST_1 : Operation 18 [1/1] (0.00ns)   --->   "%br_ln330 = br i1 %d_isFirstWord_load, void %if.else6.i, void %if.then1.i" [/mnt/scratch/pyuvaraj/Vitis_RoCE_W/Vitis_RoCE/fpga-network-stack/hls/icmp_server/icmp_server.cpp:330]   --->   Operation 18 'br' 'br_ln330' <Predicate = (tmp_i)> <Delay = 0.00>
ST_1 : Operation 19 [1/1] (1.06ns)   --->   "%packageBuffer1_read = read i128 @_ssdm_op_Read.ap_fifo.volatile.i128P0A, i128 %packageBuffer1" [/tools/Xilinx/Vitis_HLS/2022.1/common/technology/autopilot/hls_stream_39.h:145]   --->   Operation 19 'read' 'packageBuffer1_read' <Predicate = (tmp_i & !d_isFirstWord_load)> <Delay = 1.06> <CoreInst = "FIFO">   --->   Core 78 'FIFO' <Latency = 0> <II = 1> <Delay = 1.06> <Storage> <Opcode : 'read' 'write' 'nbread' 'nbwrite'> <Ports = 0> <Width = 128> <Depth = 64> <FIFO>
ST_1 : Operation 20 [1/1] (0.00ns)   --->   "%currWord_last_V_1 = bitselect i1 @_ssdm_op_BitSelect.i1.i128.i128, i128 %packageBuffer1_read, i128 72" [/tools/Xilinx/Vitis_HLS/2022.1/common/technology/autopilot/hls_stream_39.h:145]   --->   Operation 20 'bitselect' 'currWord_last_V_1' <Predicate = (tmp_i & !d_isFirstWord_load)> <Delay = 0.00>
ST_1 : Operation 21 [1/1] (0.00ns)   --->   "%br_ln341 = br i1 %d_drop_load, void %if.else8.i, void %if.then7.i" [/mnt/scratch/pyuvaraj/Vitis_RoCE_W/Vitis_RoCE/fpga-network-stack/hls/icmp_server/icmp_server.cpp:341]   --->   Operation 21 'br' 'br_ln341' <Predicate = (tmp_i & !d_isFirstWord_load)> <Delay = 0.00>
ST_1 : Operation 22 [1/1] (1.16ns)   --->   "%write_ln174 = write void @_ssdm_op_Write.ap_fifo.volatile.i128P0A, i128 %icmp_server_stream_stream_stream_stream_axiWord_0_dataStreams, i128 %packageBuffer1_read" [/tools/Xilinx/Vitis_HLS/2022.1/common/technology/autopilot/hls_stream_39.h:174]   --->   Operation 22 'write' 'write_ln174' <Predicate = (tmp_i & !d_isFirstWord_load & !d_drop_load)> <Delay = 1.16> <CoreInst = "FIFO">   --->   Core 78 'FIFO' <Latency = 0> <II = 1> <Delay = 1.38> <Storage> <Opcode : 'read' 'write' 'nbread' 'nbwrite'> <Ports = 0> <Width = 128> <Depth = 16> <FIFO>
ST_1 : Operation 23 [1/1] (0.41ns)   --->   "%br_ln347 = br i1 %currWord_last_V_1, void %if.end13.i, void %if.then12.i" [/mnt/scratch/pyuvaraj/Vitis_RoCE_W/Vitis_RoCE/fpga-network-stack/hls/icmp_server/icmp_server.cpp:347]   --->   Operation 23 'br' 'br_ln347' <Predicate = (tmp_i & !d_isFirstWord_load & !d_drop_load)> <Delay = 0.41>
ST_1 : Operation 24 [1/1] (0.41ns)   --->   "%br_ln347 = br i1 %currWord_last_V_1, void %if.end13.i, void %if.then12.i" [/mnt/scratch/pyuvaraj/Vitis_RoCE_W/Vitis_RoCE/fpga-network-stack/hls/icmp_server/icmp_server.cpp:347]   --->   Operation 24 'br' 'br_ln347' <Predicate = (tmp_i & !d_isFirstWord_load & d_drop_load)> <Delay = 0.41>
ST_1 : Operation 25 [1/1] (0.00ns)   --->   "%tmp_i_44 = nbreadreq i1 @_ssdm_op_NbReadReq.ap_fifo.i1P0A, i1 %validFifo, i32 1" [/tools/Xilinx/Vitis_HLS/2022.1/common/technology/autopilot/hls_stream_39.h:136]   --->   Operation 25 'nbreadreq' 'tmp_i_44' <Predicate = (tmp_i & d_isFirstWord_load)> <Delay = 0.00> <CoreInst = "FIFO_SRL">   --->   Core 81 'FIFO_SRL' <Latency = 0> <II = 1> <Delay = 1.31> <Storage> <Opcode : 'read' 'write' 'nbread' 'nbwrite'> <Ports = 0> <Width = 1> <Depth = 8> <FIFO>
ST_1 : Operation 26 [1/1] (0.00ns)   --->   "%br_ln331 = br i1 %tmp_i_44, void %if.then12.i, void %if.then3.i" [/mnt/scratch/pyuvaraj/Vitis_RoCE_W/Vitis_RoCE/fpga-network-stack/hls/icmp_server/icmp_server.cpp:331]   --->   Operation 26 'br' 'br_ln331' <Predicate = (tmp_i & d_isFirstWord_load)> <Delay = 0.00>
ST_1 : Operation 27 [1/1] (1.06ns)   --->   "%packageBuffer1_read_1 = read i128 @_ssdm_op_Read.ap_fifo.volatile.i128P0A, i128 %packageBuffer1" [/tools/Xilinx/Vitis_HLS/2022.1/common/technology/autopilot/hls_stream_39.h:145]   --->   Operation 27 'read' 'packageBuffer1_read_1' <Predicate = (tmp_i & d_isFirstWord_load & tmp_i_44)> <Delay = 1.06> <CoreInst = "FIFO">   --->   Core 78 'FIFO' <Latency = 0> <II = 1> <Delay = 1.06> <Storage> <Opcode : 'read' 'write' 'nbread' 'nbwrite'> <Ports = 0> <Width = 128> <Depth = 64> <FIFO>
ST_1 : Operation 28 [1/1] (0.00ns)   --->   "%currWord_last_V = bitselect i1 @_ssdm_op_BitSelect.i1.i128.i128, i128 %packageBuffer1_read_1, i128 72" [/tools/Xilinx/Vitis_HLS/2022.1/common/technology/autopilot/hls_stream_39.h:145]   --->   Operation 28 'bitselect' 'currWord_last_V' <Predicate = (tmp_i & d_isFirstWord_load & tmp_i_44)> <Delay = 0.00>
ST_1 : Operation 29 [1/1] (1.16ns)   --->   "%d_valid = read i1 @_ssdm_op_Read.ap_fifo.volatile.i1P0A, i1 %validFifo" [/tools/Xilinx/Vitis_HLS/2022.1/common/technology/autopilot/hls_stream_39.h:145]   --->   Operation 29 'read' 'd_valid' <Predicate = (tmp_i & d_isFirstWord_load & tmp_i_44)> <Delay = 1.16> <CoreInst = "FIFO_SRL">   --->   Core 81 'FIFO_SRL' <Latency = 0> <II = 1> <Delay = 1.31> <Storage> <Opcode : 'read' 'write' 'nbread' 'nbwrite'> <Ports = 0> <Width = 1> <Depth = 8> <FIFO>
ST_1 : Operation 30 [1/1] (0.38ns)   --->   "%br_ln334 = br i1 %d_valid, void %if.end.i, void %if.then4.i" [/mnt/scratch/pyuvaraj/Vitis_RoCE_W/Vitis_RoCE/fpga-network-stack/hls/icmp_server/icmp_server.cpp:334]   --->   Operation 30 'br' 'br_ln334' <Predicate = (tmp_i & d_isFirstWord_load & tmp_i_44)> <Delay = 0.38>
ST_1 : Operation 31 [1/1] (1.16ns)   --->   "%write_ln174 = write void @_ssdm_op_Write.ap_fifo.volatile.i128P0A, i128 %icmp_server_stream_stream_stream_stream_axiWord_0_dataStreams, i128 %packageBuffer1_read_1" [/tools/Xilinx/Vitis_HLS/2022.1/common/technology/autopilot/hls_stream_39.h:174]   --->   Operation 31 'write' 'write_ln174' <Predicate = (tmp_i & d_isFirstWord_load & tmp_i_44 & d_valid)> <Delay = 1.16> <CoreInst = "FIFO">   --->   Core 78 'FIFO' <Latency = 0> <II = 1> <Delay = 1.38> <Storage> <Opcode : 'read' 'write' 'nbread' 'nbwrite'> <Ports = 0> <Width = 128> <Depth = 16> <FIFO>
ST_1 : Operation 32 [1/1] (0.38ns)   --->   "%br_ln335 = br void %if.end.i" [/mnt/scratch/pyuvaraj/Vitis_RoCE_W/Vitis_RoCE/fpga-network-stack/hls/icmp_server/icmp_server.cpp:335]   --->   Operation 32 'br' 'br_ln335' <Predicate = (tmp_i & d_isFirstWord_load & tmp_i_44 & d_valid)> <Delay = 0.38>
ST_1 : Operation 33 [1/1] (0.00ns)   --->   "%d_drop_flag_0_i = phi i1 0, void %if.then4.i, i1 1, void %if.then3.i"   --->   Operation 33 'phi' 'd_drop_flag_0_i' <Predicate = (tmp_i & d_isFirstWord_load & tmp_i_44)> <Delay = 0.00>
ST_1 : Operation 34 [1/1] (0.41ns)   --->   "%br_ln347 = br i1 %currWord_last_V, void %if.end13.i, void %if.then12.i" [/mnt/scratch/pyuvaraj/Vitis_RoCE_W/Vitis_RoCE/fpga-network-stack/hls/icmp_server/icmp_server.cpp:347]   --->   Operation 34 'br' 'br_ln347' <Predicate = (tmp_i & d_isFirstWord_load & tmp_i_44)> <Delay = 0.41>
ST_1 : Operation 35 [1/1] (0.41ns)   --->   "%br_ln350 = br void %if.end13.i" [/mnt/scratch/pyuvaraj/Vitis_RoCE_W/Vitis_RoCE/fpga-network-stack/hls/icmp_server/icmp_server.cpp:350]   --->   Operation 35 'br' 'br_ln350' <Predicate = (tmp_i & d_isFirstWord_load & currWord_last_V) | (tmp_i & d_isFirstWord_load & !tmp_i_44) | (tmp_i & !d_isFirstWord_load & currWord_last_V_1)> <Delay = 0.41>
ST_1 : Operation 36 [1/1] (0.00ns)   --->   "%d_isFirstWord_flag_0_i = phi i1 1, void %if.then12.i, i1 1, void %if.end.i, i1 0, void %if.then7.i, i1 0, void %if.else8.i"   --->   Operation 36 'phi' 'd_isFirstWord_flag_0_i' <Predicate = (tmp_i)> <Delay = 0.00>
ST_1 : Operation 37 [1/1] (0.00ns)   --->   "%d_isFirstWord_new_0_i = phi i1 1, void %if.then12.i, i1 0, void %if.end.i, i1 0, void %if.then7.i, i1 0, void %if.else8.i"   --->   Operation 37 'phi' 'd_isFirstWord_new_0_i' <Predicate = (tmp_i)> <Delay = 0.00>
ST_1 : Operation 38 [1/1] (0.00ns)   --->   "%d_drop_flag_1_i = phi i1 1, void %if.then12.i, i1 %d_drop_flag_0_i, void %if.end.i, i1 0, void %if.then7.i, i1 0, void %if.else8.i"   --->   Operation 38 'phi' 'd_drop_flag_1_i' <Predicate = (tmp_i)> <Delay = 0.00>
ST_1 : Operation 39 [1/1] (0.00ns)   --->   "%d_drop_new_1_i = phi i1 0, void %if.then12.i, i1 1, void %if.end.i, i1 0, void %if.then7.i, i1 0, void %if.else8.i"   --->   Operation 39 'phi' 'd_drop_new_1_i' <Predicate = (tmp_i)> <Delay = 0.00>
ST_1 : Operation 40 [1/1] (0.00ns)   --->   "%br_ln0 = br i1 %d_drop_flag_1_i, void %if.end13.new2.i, void %mergeST1.i"   --->   Operation 40 'br' 'br_ln0' <Predicate = (tmp_i)> <Delay = 0.00>
ST_1 : Operation 41 [1/1] (0.00ns)   --->   "%store_ln337 = store i1 %d_drop_new_1_i, i1 %d_drop" [/mnt/scratch/pyuvaraj/Vitis_RoCE_W/Vitis_RoCE/fpga-network-stack/hls/icmp_server/icmp_server.cpp:337]   --->   Operation 41 'store' 'store_ln337' <Predicate = (tmp_i & d_drop_flag_1_i)> <Delay = 0.00>
ST_1 : Operation 42 [1/1] (0.00ns)   --->   "%br_ln0 = br void %if.end13.new2.i"   --->   Operation 42 'br' 'br_ln0' <Predicate = (tmp_i & d_drop_flag_1_i)> <Delay = 0.00>
ST_1 : Operation 43 [1/1] (0.00ns)   --->   "%br_ln0 = br i1 %d_isFirstWord_flag_0_i, void %if.end13.new.i, void %mergeST.i"   --->   Operation 43 'br' 'br_ln0' <Predicate = (tmp_i)> <Delay = 0.00>
ST_1 : Operation 44 [1/1] (0.00ns)   --->   "%store_ln338 = store i1 %d_isFirstWord_new_0_i, i1 %d_isFirstWord" [/mnt/scratch/pyuvaraj/Vitis_RoCE_W/Vitis_RoCE/fpga-network-stack/hls/icmp_server/icmp_server.cpp:338]   --->   Operation 44 'store' 'store_ln338' <Predicate = (tmp_i & d_isFirstWord_flag_0_i)> <Delay = 0.00>
ST_1 : Operation 45 [1/1] (0.00ns)   --->   "%br_ln0 = br void %if.end13.new.i"   --->   Operation 45 'br' 'br_ln0' <Predicate = (tmp_i & d_isFirstWord_flag_0_i)> <Delay = 0.00>
ST_1 : Operation 46 [1/1] (0.00ns)   --->   "%br_ln351 = br void %dropper.exit" [/mnt/scratch/pyuvaraj/Vitis_RoCE_W/Vitis_RoCE/fpga-network-stack/hls/icmp_server/icmp_server.cpp:351]   --->   Operation 46 'br' 'br_ln351' <Predicate = (tmp_i)> <Delay = 0.00>
ST_1 : Operation 47 [1/1] (0.00ns)   --->   "%ret_ln0 = ret"   --->   Operation 47 'ret' 'ret_ln0' <Predicate = true> <Delay = 0.00>


============================================================
+ Verbose Summary: Timing violations
============================================================
Target clock period: 3.2ns, clock uncertainty: 0.864ns.

 <State 1>: 2.46ns
The critical path consists of the following:
	fifo read operation ('packageBuffer1_read_1', /tools/Xilinx/Vitis_HLS/2022.1/common/technology/autopilot/hls_stream_39.h:145) on port 'packageBuffer1' (/tools/Xilinx/Vitis_HLS/2022.1/common/technology/autopilot/hls_stream_39.h:145) [37]  (1.06 ns)
	fifo write operation ('write_ln174', /tools/Xilinx/Vitis_HLS/2022.1/common/technology/autopilot/hls_stream_39.h:174) on port 'icmp_server_stream_stream_stream_stream_axiWord_0_dataStreams' (/tools/Xilinx/Vitis_HLS/2022.1/common/technology/autopilot/hls_stream_39.h:174) [42]  (1.17 ns)
	blocking operation 0.23 ns on control path)


============================================================
+ Verbose Summary: Binding
============================================================
N/A
* FSMD analyzer results:
  - Output states:
 - Input state : 
  - Chain level:
	State 1


============================================================
+ Verbose Summary: Datapath Resource usage 
============================================================
N/A
