

================================================================
== Vitis HLS Report for 'icmp_server'
================================================================
* Date:           Tue Jul 11 09:16:12 2023

* Version:        2022.1 (Build 3526262 on Mon Apr 18 15:47:01 MDT 2022)
* Project:        icmp_server_prj
* Solution:       solution1 (Vivado IP Flow Target)
* Product family: virtexuplus
* Target device:  xcu280-fsvh2892-2L-e


================================================================
== Performance Estimates
================================================================
+ Timing: 
    * Summary: 
    +--------+---------+----------+------------+
    |  Clock |  Target | Estimated| Uncertainty|
    +--------+---------+----------+------------+
    |ap_clk  |  3.20 ns|  3.224 ns|     0.86 ns|
    +--------+---------+----------+------------+

+ Latency: 
    * Summary: 
    +---------+---------+-----------+-----------+-----+-----+----------+
    |  Latency (cycles) |   Latency (absolute)  |  Interval | Pipeline |
    |   min   |   max   |    min    |    max    | min | max |   Type   |
    +---------+---------+-----------+-----------+-----+-----+----------+
    |        5|        5|  16.122 ns|  16.122 ns|    1|    1|  dataflow|
    +---------+---------+-----------+-----------+-----+-----+----------+

    + Detail: 
        * Instance: 
        +--------------------------------------+---------------------+---------+---------+----------+----------+-----+-----+---------+
        |                                      |                     |  Latency (cycles) |  Latency (absolute) |  Interval | Pipeline|
        |               Instance               |        Module       |   min   |   max   |    min   |    max   | min | max |   Type  |
        +--------------------------------------+---------------------+---------+---------+----------+----------+-----+-----+---------+
        |grp_check_icmp_checksum_fu_140        |check_icmp_checksum  |        1|        1|  3.200 ns|  3.200 ns|    1|    1|      yes|
        |call_ln444_udpPortUnreachable_fu_180  |udpPortUnreachable   |        0|        0|      0 ns|      0 ns|    1|    1|      yes|
        |call_ln445_udpAddIpHeader_fu_202      |udpAddIpHeader       |        0|        0|      0 ns|      0 ns|    1|    1|      yes|
        |call_ln446_dropper_fu_220             |dropper              |        0|        0|      0 ns|      0 ns|    0|    0|       no|
        |grp_insertChecksum_fu_234             |insertChecksum       |        2|        2|  6.400 ns|  6.400 ns|    1|    1|      yes|
        +--------------------------------------+---------------------+---------+---------+----------+----------+-----+-----+---------+

        * Loop: 
        N/A

============================================================
+ Verbose Summary: Synthesis Manager
============================================================
InlineROM: 1
ExposeGlobal: 0
============================================================
+ Verbose Summary: CDFG Model
============================================================
IsTopModel: 1
ResetActiveHigh: 1
IsCombinational: 2
IsDatapathOnly: 0
HasWiredReturn: 1
HasMFsm: 0
HasVarLatency: 1
IsPipeline: 0
IsRtlPipelined: 0
IsInstanceOverlapped: 0
IsDontTouch: 0
HasImplIP: 0
IsGatedGlobalClock: 0


============================================================
+ Verbose Summary: Schedule
============================================================
* Number of FSM states : 8
* Pipeline : 0
* Dataflow Pipeline: 1
  DF-Pipeline-0: Size = 8, States = { 1 2 3 4 5 6 7 8 }

* FSM state transitions: 
1 --> 2 
2 --> 3 
3 --> 4 
4 --> 5 
5 --> 6 
6 --> 7 
7 --> 8 
8 --> 

* FSM state operations: 

State 1 <SV = 0> <Delay = 0.00>

State 2 <SV = 1> <Delay = 0.00>
ST_2 : Operation 9 [2/2] (0.00ns)   --->   "%call_ln443 = call void @check_icmp_checksum, i128 %s_axis, i1 %cics_writeLastOne, i64 %cics_prevWord_data_V, i8 %cics_prevWord_keep_V, i1 %cics_prevWord_last_V, i128 %packageBuffer1, i1 %cics_computeCs, i17 %cics_sums_V_3, i16 %cics_sums_V_1, i16 %cics_sums_V, i16 %cics_sums_V_2, i17 %icmpChecksum_V, i8 %icmpType_V, i8 %icmpCode_V, i2 %cics_state, i1 %validFifo, i16 %icmp_server_stream_stream_stream_stream_axiWord_0_checksumStreams_1, i16 %cics_wordCount_V" [/mnt/scratch/pyuvaraj/Vitis_RoCE_W/Vitis_RoCE/fpga-network-stack/hls/icmp_server/icmp_server.cpp:443]   --->   Operation 9 'call' 'call_ln443' <Predicate = true> <Delay = 0.00> <CoreType = "Generic">   --->   Core 0 '' <Latency = 0> <II = 1> <Delay = 1.00> <Generic> <Opcode : >

State 3 <SV = 2> <Delay = 0.00>
ST_3 : Operation 10 [1/2] (0.00ns)   --->   "%call_ln443 = call void @check_icmp_checksum, i128 %s_axis, i1 %cics_writeLastOne, i64 %cics_prevWord_data_V, i8 %cics_prevWord_keep_V, i1 %cics_prevWord_last_V, i128 %packageBuffer1, i1 %cics_computeCs, i17 %cics_sums_V_3, i16 %cics_sums_V_1, i16 %cics_sums_V, i16 %cics_sums_V_2, i17 %icmpChecksum_V, i8 %icmpType_V, i8 %icmpCode_V, i2 %cics_state, i1 %validFifo, i16 %icmp_server_stream_stream_stream_stream_axiWord_0_checksumStreams_1, i16 %cics_wordCount_V" [/mnt/scratch/pyuvaraj/Vitis_RoCE_W/Vitis_RoCE/fpga-network-stack/hls/icmp_server/icmp_server.cpp:443]   --->   Operation 10 'call' 'call_ln443' <Predicate = true> <Delay = 0.00> <CoreType = "Generic">   --->   Core 0 '' <Latency = 0> <II = 1> <Delay = 1.00> <Generic> <Opcode : >
ST_3 : Operation 11 [1/1] (0.00ns)   --->   "%call_ln444 = call void @udpPortUnreachable, i128 %udpIn, i128 %ttlIn, i2 %udpState, i3 %ipWordCounter_V, i1 %streamSource_V, i20 %udpChecksum_V, i128 %udpPort2addIpHeader_data, i64 %udpPort2addIpHeader_header, i16 %icmp_server_stream_stream_stream_stream_axiWord_0_checksumStreams" [/mnt/scratch/pyuvaraj/Vitis_RoCE_W/Vitis_RoCE/fpga-network-stack/hls/icmp_server/icmp_server.cpp:444]   --->   Operation 11 'call' 'call_ln444' <Predicate = true> <Delay = 0.00> <CoreType = "Generic">   --->   Core 0 '' <Latency = 0> <II = 1> <Delay = 1.00> <Generic> <Opcode : >

State 4 <SV = 3> <Delay = 0.00>
ST_4 : Operation 12 [1/1] (0.00ns)   --->   "%call_ln445 = call void @udpAddIpHeader, i3 %addIpState, i64 %tempWord_data_V, i64 %udpPort2addIpHeader_header, i128 %icmp_server_stream_stream_stream_stream_axiWord_0_dataStreams_1, i8 %tempWord_keep_V, i32 %sourceIP_V, i128 %udpPort2addIpHeader_data" [/mnt/scratch/pyuvaraj/Vitis_RoCE_W/Vitis_RoCE/fpga-network-stack/hls/icmp_server/icmp_server.cpp:445]   --->   Operation 12 'call' 'call_ln445' <Predicate = true> <Delay = 0.00> <CoreType = "Generic">   --->   Core 0 '' <Latency = 0> <II = 1> <Delay = 1.00> <Generic> <Opcode : >
ST_4 : Operation 13 [1/1] (0.00ns)   --->   "%call_ln446 = call void @dropper, i128 %packageBuffer1, i1 %d_isFirstWord, i1 %d_drop, i1 %validFifo, i128 %icmp_server_stream_stream_stream_stream_axiWord_0_dataStreams" [/mnt/scratch/pyuvaraj/Vitis_RoCE_W/Vitis_RoCE/fpga-network-stack/hls/icmp_server/icmp_server.cpp:446]   --->   Operation 13 'call' 'call_ln446' <Predicate = true> <Delay = 0.00> <CoreType = "Generic">   --->   Core 0 '' <Latency = 0> <II = 1> <Delay = 1.00> <Generic> <Opcode : >

State 5 <SV = 4> <Delay = 0.00>
ST_5 : Operation 14 [3/3] (0.00ns)   --->   "%call_ln447 = call void @insertChecksum, i128 %m_axis, i16 %ic_wordCount_V, i1 %streamSource_V_1, i128 %icmp_server_stream_stream_stream_stream_axiWord_0_dataStreams, i128 %icmp_server_stream_stream_stream_stream_axiWord_0_dataStreams_1, i16 %icmp_server_stream_stream_stream_stream_axiWord_0_checksumStreams_1, i16 %icmp_server_stream_stream_stream_stream_axiWord_0_checksumStreams" [/mnt/scratch/pyuvaraj/Vitis_RoCE_W/Vitis_RoCE/fpga-network-stack/hls/icmp_server/icmp_server.cpp:447]   --->   Operation 14 'call' 'call_ln447' <Predicate = true> <Delay = 0.00> <CoreType = "Generic">   --->   Core 0 '' <Latency = 0> <II = 1> <Delay = 1.00> <Generic> <Opcode : >

State 6 <SV = 5> <Delay = 2.21>
ST_6 : Operation 15 [2/3] (2.21ns)   --->   "%call_ln447 = call void @insertChecksum, i128 %m_axis, i16 %ic_wordCount_V, i1 %streamSource_V_1, i128 %icmp_server_stream_stream_stream_stream_axiWord_0_dataStreams, i128 %icmp_server_stream_stream_stream_stream_axiWord_0_dataStreams_1, i16 %icmp_server_stream_stream_stream_stream_axiWord_0_checksumStreams_1, i16 %icmp_server_stream_stream_stream_stream_axiWord_0_checksumStreams" [/mnt/scratch/pyuvaraj/Vitis_RoCE_W/Vitis_RoCE/fpga-network-stack/hls/icmp_server/icmp_server.cpp:447]   --->   Operation 15 'call' 'call_ln447' <Predicate = true> <Delay = 2.21> <CoreType = "Generic">   --->   Core 0 '' <Latency = 0> <II = 1> <Delay = 1.00> <Generic> <Opcode : >

State 7 <SV = 6> <Delay = 0.00>
ST_7 : Operation 16 [1/3] (0.00ns)   --->   "%call_ln447 = call void @insertChecksum, i128 %m_axis, i16 %ic_wordCount_V, i1 %streamSource_V_1, i128 %icmp_server_stream_stream_stream_stream_axiWord_0_dataStreams, i128 %icmp_server_stream_stream_stream_stream_axiWord_0_dataStreams_1, i16 %icmp_server_stream_stream_stream_stream_axiWord_0_checksumStreams_1, i16 %icmp_server_stream_stream_stream_stream_axiWord_0_checksumStreams" [/mnt/scratch/pyuvaraj/Vitis_RoCE_W/Vitis_RoCE/fpga-network-stack/hls/icmp_server/icmp_server.cpp:447]   --->   Operation 16 'call' 'call_ln447' <Predicate = true> <Delay = 0.00> <CoreType = "Generic">   --->   Core 0 '' <Latency = 0> <II = 1> <Delay = 1.00> <Generic> <Opcode : >

State 8 <SV = 7> <Delay = 0.00>
ST_8 : Operation 17 [1/1] (0.00ns)   --->   "%specdataflowpipeline_ln416 = specdataflowpipeline void @_ssdm_op_SpecDataflowPipeline, i32 4294967295, i32 1, void @empty_0" [/mnt/scratch/pyuvaraj/Vitis_RoCE_W/Vitis_RoCE/fpga-network-stack/hls/icmp_server/icmp_server.cpp:416]   --->   Operation 17 'specdataflowpipeline' 'specdataflowpipeline_ln416' <Predicate = true> <Delay = 0.00>
ST_8 : Operation 18 [1/1] (0.00ns)   --->   "%empty = specchannel i32 @_ssdm_op_SpecChannel, void @icmp_server_IC_stream_MD_axiWord_MC_AC_0_OD_GC_MC_AC_stream_MD_axiWord_MC_A_3, i32 1, void @p_str, void @p_str, i32 16, i32 16, i16 %icmp_server_stream_stream_stream_stream_axiWord_0_checksumStreams_1, i16 %icmp_server_stream_stream_stream_stream_axiWord_0_checksumStreams_1"   --->   Operation 18 'specchannel' 'empty' <Predicate = true> <Delay = 0.00>
ST_8 : Operation 19 [1/1] (0.00ns)   --->   "%empty_37 = specchannel i32 @_ssdm_op_SpecChannel, void @icmp_server_IC_stream_MD_axiWord_MC_AC_0_OD_GC_MC_AC_stream_MD_axiWord_MC_A_2, i32 1, void @p_str, void @p_str, i32 16, i32 16, i16 %icmp_server_stream_stream_stream_stream_axiWord_0_checksumStreams, i16 %icmp_server_stream_stream_stream_stream_axiWord_0_checksumStreams"   --->   Operation 19 'specchannel' 'empty_37' <Predicate = true> <Delay = 0.00>
ST_8 : Operation 20 [1/1] (0.00ns)   --->   "%empty_38 = specchannel i32 @_ssdm_op_SpecChannel, void @icmp_server_IC_stream_MD_axiWord_MC_AC_0_OD_GC_MC_AC_stream_MD_axiWord_MC_A_1, i32 1, void @p_str, void @p_str, i32 16, i32 16, i128 %icmp_server_stream_stream_stream_stream_axiWord_0_dataStreams_1, i128 %icmp_server_stream_stream_stream_stream_axiWord_0_dataStreams_1"   --->   Operation 20 'specchannel' 'empty_38' <Predicate = true> <Delay = 0.00>
ST_8 : Operation 21 [1/1] (0.00ns)   --->   "%empty_39 = specchannel i32 @_ssdm_op_SpecChannel, void @icmp_server_IC_stream_MD_axiWord_MC_AC_0_OD_GC_MC_AC_stream_MD_axiWord_MC_A, i32 1, void @p_str, void @p_str, i32 16, i32 16, i128 %icmp_server_stream_stream_stream_stream_axiWord_0_dataStreams, i128 %icmp_server_stream_stream_stream_stream_axiWord_0_dataStreams"   --->   Operation 21 'specchannel' 'empty_39' <Predicate = true> <Delay = 0.00>
ST_8 : Operation 22 [1/1] (0.00ns)   --->   "%empty_40 = specchannel i32 @_ssdm_op_SpecChannel, void @packageBuffer1_str, i32 1, void @p_str, void @p_str, i32 64, i32 64, i128 %packageBuffer1, i128 %packageBuffer1"   --->   Operation 22 'specchannel' 'empty_40' <Predicate = true> <Delay = 0.00>
ST_8 : Operation 23 [1/1] (0.00ns)   --->   "%empty_41 = specchannel i32 @_ssdm_op_SpecChannel, void @udpPort2addIpHeader_data_str, i32 1, void @p_str, void @p_str, i32 192, i32 192, i128 %udpPort2addIpHeader_data, i128 %udpPort2addIpHeader_data"   --->   Operation 23 'specchannel' 'empty_41' <Predicate = true> <Delay = 0.00>
ST_8 : Operation 24 [1/1] (0.00ns)   --->   "%empty_42 = specchannel i32 @_ssdm_op_SpecChannel, void @udpPort2addIpHeader_header_str, i32 1, void @p_str, void @p_str, i32 64, i32 64, i64 %udpPort2addIpHeader_header, i64 %udpPort2addIpHeader_header"   --->   Operation 24 'specchannel' 'empty_42' <Predicate = true> <Delay = 0.00>
ST_8 : Operation 25 [1/1] (0.00ns)   --->   "%empty_43 = specchannel i32 @_ssdm_op_SpecChannel, void @validFifo_str, i32 1, void @p_str, void @p_str, i32 8, i32 8, i1 %validFifo, i1 %validFifo"   --->   Operation 25 'specchannel' 'empty_43' <Predicate = true> <Delay = 0.00>
ST_8 : Operation 26 [1/1] (0.00ns)   --->   "%spectopmodule_ln412 = spectopmodule void @_ssdm_op_SpecTopModule, void @empty_2" [/mnt/scratch/pyuvaraj/Vitis_RoCE_W/Vitis_RoCE/fpga-network-stack/hls/icmp_server/icmp_server.cpp:412]   --->   Operation 26 'spectopmodule' 'spectopmodule_ln412' <Predicate = true> <Delay = 0.00>
ST_8 : Operation 27 [1/1] (0.00ns)   --->   "%specinterface_ln412 = specinterface void @_ssdm_op_SpecInterface, i32 0, void @empty_3, i32 0, i32 0, void @empty_0, i32 0, i32 0, void @empty_0, void @empty_0, void @empty_0, i32 0, i32 0, i32 0, i32 0, void @empty_0, void @empty_0, i32 4294967295, i32 0" [/mnt/scratch/pyuvaraj/Vitis_RoCE_W/Vitis_RoCE/fpga-network-stack/hls/icmp_server/icmp_server.cpp:412]   --->   Operation 27 'specinterface' 'specinterface_ln412' <Predicate = true> <Delay = 0.00>
ST_8 : Operation 28 [1/1] (0.00ns)   --->   "%specinterface_ln0 = specinterface void @_ssdm_op_SpecInterface, i128 %s_axis, void @empty, i32 1, i32 1, void @empty_4, i32 0, i32 0, void @empty_0, void @empty_0, void @empty_0, i32 0, i32 0, i32 0, i32 0, void @empty_0, void @empty_0, i32 4294967295, i32 0"   --->   Operation 28 'specinterface' 'specinterface_ln0' <Predicate = true> <Delay = 0.00>
ST_8 : Operation 29 [1/1] (0.00ns)   --->   "%specbitsmap_ln0 = specbitsmap void @_ssdm_op_SpecBitsMap, i128 %s_axis"   --->   Operation 29 'specbitsmap' 'specbitsmap_ln0' <Predicate = true> <Delay = 0.00>
ST_8 : Operation 30 [1/1] (0.00ns)   --->   "%specinterface_ln0 = specinterface void @_ssdm_op_SpecInterface, i128 %udpIn, void @empty, i32 1, i32 1, void @empty_4, i32 0, i32 0, void @empty_0, void @empty_0, void @empty_0, i32 0, i32 0, i32 0, i32 0, void @empty_0, void @empty_0, i32 4294967295, i32 0"   --->   Operation 30 'specinterface' 'specinterface_ln0' <Predicate = true> <Delay = 0.00>
ST_8 : Operation 31 [1/1] (0.00ns)   --->   "%specbitsmap_ln0 = specbitsmap void @_ssdm_op_SpecBitsMap, i128 %udpIn"   --->   Operation 31 'specbitsmap' 'specbitsmap_ln0' <Predicate = true> <Delay = 0.00>
ST_8 : Operation 32 [1/1] (0.00ns)   --->   "%specinterface_ln0 = specinterface void @_ssdm_op_SpecInterface, i128 %ttlIn, void @empty, i32 1, i32 1, void @empty_4, i32 0, i32 0, void @empty_0, void @empty_0, void @empty_0, i32 0, i32 0, i32 0, i32 0, void @empty_0, void @empty_0, i32 4294967295, i32 0"   --->   Operation 32 'specinterface' 'specinterface_ln0' <Predicate = true> <Delay = 0.00>
ST_8 : Operation 33 [1/1] (0.00ns)   --->   "%specbitsmap_ln0 = specbitsmap void @_ssdm_op_SpecBitsMap, i128 %ttlIn"   --->   Operation 33 'specbitsmap' 'specbitsmap_ln0' <Predicate = true> <Delay = 0.00>
ST_8 : Operation 34 [1/1] (0.00ns)   --->   "%specinterface_ln0 = specinterface void @_ssdm_op_SpecInterface, i128 %m_axis, void @empty, i32 1, i32 1, void @empty_4, i32 0, i32 0, void @empty_0, void @empty_0, void @empty_0, i32 0, i32 0, i32 0, i32 0, void @empty_0, void @empty_0, i32 4294967295, i32 0"   --->   Operation 34 'specinterface' 'specinterface_ln0' <Predicate = true> <Delay = 0.00>
ST_8 : Operation 35 [1/1] (0.00ns)   --->   "%specbitsmap_ln0 = specbitsmap void @_ssdm_op_SpecBitsMap, i128 %m_axis"   --->   Operation 35 'specbitsmap' 'specbitsmap_ln0' <Predicate = true> <Delay = 0.00>
ST_8 : Operation 36 [1/1] (0.00ns)   --->   "%specinterface_ln0 = specinterface void @_ssdm_op_SpecInterface, i128 %packageBuffer1, void @empty_1, i32 0, i32 0, void @empty_0, i32 0, i32 0, void @empty_0, void @empty_0, void @empty_0, i32 0, i32 0, i32 0, i32 0, void @empty_0, void @empty_0, i32 4294967295, i32 0"   --->   Operation 36 'specinterface' 'specinterface_ln0' <Predicate = true> <Delay = 0.00>
ST_8 : Operation 37 [1/1] (0.00ns)   --->   "%specinterface_ln0 = specinterface void @_ssdm_op_SpecInterface, i1 %validFifo, void @empty_1, i32 0, i32 0, void @empty_0, i32 0, i32 0, void @empty_0, void @empty_0, void @empty_0, i32 0, i32 0, i32 0, i32 0, void @empty_0, void @empty_0, i32 4294967295, i32 0"   --->   Operation 37 'specinterface' 'specinterface_ln0' <Predicate = true> <Delay = 0.00>
ST_8 : Operation 38 [1/1] (0.00ns)   --->   "%specinterface_ln0 = specinterface void @_ssdm_op_SpecInterface, i16 %icmp_server_stream_stream_stream_stream_axiWord_0_checksumStreams_1, void @empty_1, i32 0, i32 0, void @empty_0, i32 0, i32 0, void @empty_0, void @empty_0, void @empty_0, i32 0, i32 0, i32 0, i32 0, void @empty_0, void @empty_0, i32 4294967295, i32 0"   --->   Operation 38 'specinterface' 'specinterface_ln0' <Predicate = true> <Delay = 0.00>
ST_8 : Operation 39 [1/1] (0.00ns)   --->   "%specinterface_ln0 = specinterface void @_ssdm_op_SpecInterface, i128 %udpPort2addIpHeader_data, void @empty_1, i32 0, i32 0, void @empty_0, i32 0, i32 0, void @empty_0, void @empty_0, void @empty_0, i32 0, i32 0, i32 0, i32 0, void @empty_0, void @empty_0, i32 4294967295, i32 0"   --->   Operation 39 'specinterface' 'specinterface_ln0' <Predicate = true> <Delay = 0.00>
ST_8 : Operation 40 [1/1] (0.00ns)   --->   "%specinterface_ln0 = specinterface void @_ssdm_op_SpecInterface, i64 %udpPort2addIpHeader_header, void @empty_1, i32 0, i32 0, void @empty_0, i32 0, i32 0, void @empty_0, void @empty_0, void @empty_0, i32 0, i32 0, i32 0, i32 0, void @empty_0, void @empty_0, i32 4294967295, i32 0"   --->   Operation 40 'specinterface' 'specinterface_ln0' <Predicate = true> <Delay = 0.00>
ST_8 : Operation 41 [1/1] (0.00ns)   --->   "%specinterface_ln0 = specinterface void @_ssdm_op_SpecInterface, i16 %icmp_server_stream_stream_stream_stream_axiWord_0_checksumStreams, void @empty_1, i32 0, i32 0, void @empty_0, i32 0, i32 0, void @empty_0, void @empty_0, void @empty_0, i32 0, i32 0, i32 0, i32 0, void @empty_0, void @empty_0, i32 4294967295, i32 0"   --->   Operation 41 'specinterface' 'specinterface_ln0' <Predicate = true> <Delay = 0.00>
ST_8 : Operation 42 [1/1] (0.00ns)   --->   "%specinterface_ln0 = specinterface void @_ssdm_op_SpecInterface, i128 %icmp_server_stream_stream_stream_stream_axiWord_0_dataStreams_1, void @empty_1, i32 0, i32 0, void @empty_0, i32 0, i32 0, void @empty_0, void @empty_0, void @empty_0, i32 0, i32 0, i32 0, i32 0, void @empty_0, void @empty_0, i32 4294967295, i32 0"   --->   Operation 42 'specinterface' 'specinterface_ln0' <Predicate = true> <Delay = 0.00>
ST_8 : Operation 43 [1/1] (0.00ns)   --->   "%specinterface_ln0 = specinterface void @_ssdm_op_SpecInterface, i128 %icmp_server_stream_stream_stream_stream_axiWord_0_dataStreams, void @empty_1, i32 0, i32 0, void @empty_0, i32 0, i32 0, void @empty_0, void @empty_0, void @empty_0, i32 0, i32 0, i32 0, i32 0, void @empty_0, void @empty_0, i32 4294967295, i32 0"   --->   Operation 43 'specinterface' 'specinterface_ln0' <Predicate = true> <Delay = 0.00>
ST_8 : Operation 44 [1/1] (0.00ns)   --->   "%ret_ln448 = ret" [/mnt/scratch/pyuvaraj/Vitis_RoCE_W/Vitis_RoCE/fpga-network-stack/hls/icmp_server/icmp_server.cpp:448]   --->   Operation 44 'ret' 'ret_ln448' <Predicate = true> <Delay = 0.00>


============================================================
+ Verbose Summary: Binding
============================================================
STG Binding: 
---------------- STG Properties BEGIN ----------------
- Is combinational: 0
- Is one-state seq: 0
- Is datapath-only: 0
- Is pipelined: 0
- Is top level: 1
Port [ Return ] is wired: 1; IO mode=ap_ctrl_none:ce=0
Port [ s_axis]:  wired=1; compound=1; hidden=0; nouse=0; global=0; static=0; extern=0; dir=0; type=0; pingpong=0; private_global=0; IO mode=axis:ce=0
Port [ udpIn]:  wired=1; compound=1; hidden=0; nouse=0; global=0; static=0; extern=0; dir=0; type=0; pingpong=0; private_global=0; IO mode=axis:ce=0
Port [ ttlIn]:  wired=1; compound=1; hidden=0; nouse=0; global=0; static=0; extern=0; dir=0; type=0; pingpong=0; private_global=0; IO mode=axis:ce=0
Port [ m_axis]:  wired=1; compound=1; hidden=0; nouse=0; global=0; static=0; extern=0; dir=1; type=0; pingpong=0; private_global=0; IO mode=axis:ce=0
Port [ cics_writeLastOne]:  wired=0; compound=0; hidden=1; nouse=1; global=1; static=1; extern=0; dir=2; type=0; pingpong=0; private_global=0; IO mode=ap_ovld:ce=0
Port [ cics_prevWord_data_V]:  wired=0; compound=0; hidden=1; nouse=1; global=1; static=1; extern=0; dir=2; type=0; pingpong=0; private_global=0; IO mode=ap_ovld:ce=0
Port [ cics_prevWord_keep_V]:  wired=0; compound=0; hidden=1; nouse=1; global=1; static=1; extern=0; dir=2; type=0; pingpong=0; private_global=0; IO mode=ap_ovld:ce=0
Port [ cics_prevWord_last_V]:  wired=0; compound=0; hidden=1; nouse=1; global=1; static=1; extern=0; dir=2; type=0; pingpong=0; private_global=0; IO mode=ap_ovld:ce=0
Port [ packageBuffer1]:  wired=0; compound=1; hidden=1; nouse=0; global=1; static=1; extern=0; dir=2; type=3; pingpong=0; private_global=1; IO mode=ap_fifo:ce=0
Port [ cics_computeCs]:  wired=0; compound=0; hidden=1; nouse=1; global=1; static=1; extern=0; dir=2; type=0; pingpong=0; private_global=0; IO mode=ap_ovld:ce=0
Port [ cics_sums_V_3]:  wired=0; compound=0; hidden=1; nouse=1; global=1; static=1; extern=0; dir=2; type=0; pingpong=0; private_global=0; IO mode=ap_ovld:ce=0
Port [ cics_sums_V_1]:  wired=0; compound=0; hidden=1; nouse=1; global=1; static=1; extern=0; dir=2; type=0; pingpong=0; private_global=0; IO mode=ap_ovld:ce=0
Port [ cics_sums_V]:  wired=0; compound=0; hidden=1; nouse=1; global=1; static=1; extern=0; dir=2; type=0; pingpong=0; private_global=0; IO mode=ap_ovld:ce=0
Port [ cics_sums_V_2]:  wired=0; compound=0; hidden=1; nouse=1; global=1; static=1; extern=0; dir=2; type=0; pingpong=0; private_global=0; IO mode=ap_ovld:ce=0
Port [ icmpChecksum_V]:  wired=0; compound=0; hidden=1; nouse=1; global=1; static=1; extern=0; dir=2; type=0; pingpong=0; private_global=0; IO mode=ap_ovld:ce=0
Port [ icmpType_V]:  wired=0; compound=0; hidden=1; nouse=1; global=1; static=1; extern=0; dir=2; type=0; pingpong=0; private_global=0; IO mode=ap_ovld:ce=0
Port [ icmpCode_V]:  wired=0; compound=0; hidden=1; nouse=1; global=1; static=1; extern=0; dir=2; type=0; pingpong=0; private_global=0; IO mode=ap_ovld:ce=0
Port [ cics_state]:  wired=0; compound=0; hidden=1; nouse=1; global=1; static=1; extern=0; dir=2; type=0; pingpong=0; private_global=0; IO mode=ap_ovld:ce=0
Port [ validFifo]:  wired=0; compound=1; hidden=1; nouse=0; global=1; static=1; extern=0; dir=2; type=3; pingpong=0; private_global=1; IO mode=ap_fifo:ce=0
Port [ icmp_server_stream_stream_stream_stream_axiWord_0_checksumStreams_1]:  wired=0; compound=1; hidden=1; nouse=0; global=1; static=1; extern=0; dir=2; type=3; pingpong=0; private_global=1; IO mode=ap_fifo:ce=0
Port [ cics_wordCount_V]:  wired=0; compound=0; hidden=1; nouse=1; global=1; static=1; extern=0; dir=2; type=0; pingpong=0; private_global=0; IO mode=ap_ovld:ce=0
Port [ udpState]:  wired=0; compound=0; hidden=1; nouse=1; global=1; static=1; extern=0; dir=2; type=0; pingpong=0; private_global=0; IO mode=ap_ovld:ce=0
Port [ ipWordCounter_V]:  wired=0; compound=0; hidden=1; nouse=1; global=1; static=1; extern=0; dir=2; type=0; pingpong=0; private_global=0; IO mode=ap_ovld:ce=0
Port [ streamSource_V]:  wired=0; compound=0; hidden=1; nouse=1; global=1; static=1; extern=0; dir=2; type=0; pingpong=0; private_global=0; IO mode=ap_ovld:ce=0
Port [ udpChecksum_V]:  wired=0; compound=0; hidden=1; nouse=1; global=1; static=1; extern=0; dir=2; type=0; pingpong=0; private_global=0; IO mode=ap_ovld:ce=0
Port [ udpPort2addIpHeader_data]:  wired=0; compound=1; hidden=1; nouse=0; global=1; static=1; extern=0; dir=2; type=3; pingpong=0; private_global=1; IO mode=ap_fifo:ce=0
Port [ udpPort2addIpHeader_header]:  wired=0; compound=1; hidden=1; nouse=0; global=1; static=1; extern=0; dir=2; type=3; pingpong=0; private_global=1; IO mode=ap_fifo:ce=0
Port [ icmp_server_stream_stream_stream_stream_axiWord_0_checksumStreams]:  wired=0; compound=1; hidden=1; nouse=0; global=1; static=1; extern=0; dir=2; type=3; pingpong=0; private_global=1; IO mode=ap_fifo:ce=0
Port [ addIpState]:  wired=0; compound=0; hidden=1; nouse=1; global=1; static=1; extern=0; dir=2; type=0; pingpong=0; private_global=0; IO mode=ap_ovld:ce=0
Port [ tempWord_data_V]:  wired=0; compound=0; hidden=1; nouse=1; global=1; static=1; extern=0; dir=2; type=0; pingpong=0; private_global=0; IO mode=ap_ovld:ce=0
Port [ icmp_server_stream_stream_stream_stream_axiWord_0_dataStreams_1]:  wired=0; compound=1; hidden=1; nouse=0; global=1; static=1; extern=0; dir=2; type=3; pingpong=0; private_global=1; IO mode=ap_fifo:ce=0
Port [ tempWord_keep_V]:  wired=0; compound=0; hidden=1; nouse=1; global=1; static=1; extern=0; dir=2; type=0; pingpong=0; private_global=0; IO mode=ap_ovld:ce=0
Port [ sourceIP_V]:  wired=0; compound=0; hidden=1; nouse=1; global=1; static=1; extern=0; dir=2; type=0; pingpong=0; private_global=0; IO mode=ap_ovld:ce=0
Port [ d_isFirstWord]:  wired=0; compound=0; hidden=1; nouse=1; global=1; static=1; extern=0; dir=2; type=0; pingpong=0; private_global=0; IO mode=ap_ovld:ce=0
Port [ d_drop]:  wired=0; compound=0; hidden=1; nouse=1; global=1; static=1; extern=0; dir=2; type=0; pingpong=0; private_global=0; IO mode=ap_ovld:ce=0
Port [ icmp_server_stream_stream_stream_stream_axiWord_0_dataStreams]:  wired=0; compound=1; hidden=1; nouse=0; global=1; static=1; extern=0; dir=2; type=3; pingpong=0; private_global=1; IO mode=ap_fifo:ce=0
Port [ ic_wordCount_V]:  wired=0; compound=0; hidden=1; nouse=1; global=1; static=1; extern=0; dir=2; type=0; pingpong=0; private_global=0; IO mode=ap_ovld:ce=0
Port [ streamSource_V_1]:  wired=0; compound=0; hidden=1; nouse=1; global=1; static=1; extern=0; dir=2; type=0; pingpong=0; private_global=0; IO mode=ap_ovld:ce=0
---------------- STG Properties END ------------------

---------------- Datapath Model BEGIN ----------------

<LifeTime>
<method=bitvector/>
call_ln443                 (call                ) [ 000000000]
call_ln444                 (call                ) [ 000000000]
call_ln445                 (call                ) [ 000000000]
call_ln446                 (call                ) [ 000000000]
call_ln447                 (call                ) [ 000000000]
specdataflowpipeline_ln416 (specdataflowpipeline) [ 000000000]
empty                      (specchannel         ) [ 000000000]
empty_37                   (specchannel         ) [ 000000000]
empty_38                   (specchannel         ) [ 000000000]
empty_39                   (specchannel         ) [ 000000000]
empty_40                   (specchannel         ) [ 000000000]
empty_41                   (specchannel         ) [ 000000000]
empty_42                   (specchannel         ) [ 000000000]
empty_43                   (specchannel         ) [ 000000000]
spectopmodule_ln412        (spectopmodule       ) [ 000000000]
specinterface_ln412        (specinterface       ) [ 000000000]
specinterface_ln0          (specinterface       ) [ 000000000]
specbitsmap_ln0            (specbitsmap         ) [ 000000000]
specinterface_ln0          (specinterface       ) [ 000000000]
specbitsmap_ln0            (specbitsmap         ) [ 000000000]
specinterface_ln0          (specinterface       ) [ 000000000]
specbitsmap_ln0            (specbitsmap         ) [ 000000000]
specinterface_ln0          (specinterface       ) [ 000000000]
specbitsmap_ln0            (specbitsmap         ) [ 000000000]
specinterface_ln0          (specinterface       ) [ 000000000]
specinterface_ln0          (specinterface       ) [ 000000000]
specinterface_ln0          (specinterface       ) [ 000000000]
specinterface_ln0          (specinterface       ) [ 000000000]
specinterface_ln0          (specinterface       ) [ 000000000]
specinterface_ln0          (specinterface       ) [ 000000000]
specinterface_ln0          (specinterface       ) [ 000000000]
specinterface_ln0          (specinterface       ) [ 000000000]
ret_ln448                  (ret                 ) [ 000000000]
</LifeTime>

<model>

<comp_list>
<comp id="0" class="1000" name="s_axis">
<pin_list>
<pin id="1" dir="1" index="0" bw="1" slack="0"/>
</pin_list>
<bind>
<StgValue><ssdm name="s_axis"/></StgValue>
</bind>
</comp>

<comp id="2" class="1000" name="udpIn">
<pin_list>
<pin id="3" dir="1" index="0" bw="1" slack="0"/>
</pin_list>
<bind>
<StgValue><ssdm name="udpIn"/></StgValue>
</bind>
</comp>

<comp id="4" class="1000" name="ttlIn">
<pin_list>
<pin id="5" dir="1" index="0" bw="1" slack="0"/>
</pin_list>
<bind>
<StgValue><ssdm name="ttlIn"/></StgValue>
</bind>
</comp>

<comp id="6" class="1000" name="m_axis">
<pin_list>
<pin id="7" dir="1" index="0" bw="1" slack="0"/>
</pin_list>
<bind>
<StgValue><ssdm name="m_axis"/></StgValue>
</bind>
</comp>

<comp id="8" class="1000" name="cics_writeLastOne">
<pin_list>
<pin id="9" dir="1" index="0" bw="1" slack="0"/>
</pin_list>
<bind>
<StgValue><ssdm name="cics_writeLastOne"/></StgValue>
</bind>
</comp>

<comp id="10" class="1000" name="cics_prevWord_data_V">
<pin_list>
<pin id="11" dir="1" index="0" bw="1" slack="0"/>
</pin_list>
<bind>
<StgValue><ssdm name="cics_prevWord_data_V"/></StgValue>
</bind>
</comp>

<comp id="12" class="1000" name="cics_prevWord_keep_V">
<pin_list>
<pin id="13" dir="1" index="0" bw="1" slack="0"/>
</pin_list>
<bind>
<StgValue><ssdm name="cics_prevWord_keep_V"/></StgValue>
</bind>
</comp>

<comp id="14" class="1000" name="cics_prevWord_last_V">
<pin_list>
<pin id="15" dir="1" index="0" bw="1" slack="0"/>
</pin_list>
<bind>
<StgValue><ssdm name="cics_prevWord_last_V"/></StgValue>
</bind>
</comp>

<comp id="16" class="1000" name="packageBuffer1">
<pin_list>
<pin id="17" dir="1" index="0" bw="1" slack="0"/>
</pin_list>
<bind>
<StgValue><ssdm name="packageBuffer1"/></StgValue>
</bind>
</comp>

<comp id="18" class="1000" name="cics_computeCs">
<pin_list>
<pin id="19" dir="1" index="0" bw="1" slack="0"/>
</pin_list>
<bind>
<StgValue><ssdm name="cics_computeCs"/></StgValue>
</bind>
</comp>

<comp id="20" class="1000" name="cics_sums_V_3">
<pin_list>
<pin id="21" dir="1" index="0" bw="1" slack="0"/>
</pin_list>
<bind>
<StgValue><ssdm name="cics_sums_V_3"/></StgValue>
</bind>
</comp>

<comp id="22" class="1000" name="cics_sums_V_1">
<pin_list>
<pin id="23" dir="1" index="0" bw="1" slack="0"/>
</pin_list>
<bind>
<StgValue><ssdm name="cics_sums_V_1"/></StgValue>
</bind>
</comp>

<comp id="24" class="1000" name="cics_sums_V">
<pin_list>
<pin id="25" dir="1" index="0" bw="1" slack="0"/>
</pin_list>
<bind>
<StgValue><ssdm name="cics_sums_V"/></StgValue>
</bind>
</comp>

<comp id="26" class="1000" name="cics_sums_V_2">
<pin_list>
<pin id="27" dir="1" index="0" bw="1" slack="0"/>
</pin_list>
<bind>
<StgValue><ssdm name="cics_sums_V_2"/></StgValue>
</bind>
</comp>

<comp id="28" class="1000" name="icmpChecksum_V">
<pin_list>
<pin id="29" dir="1" index="0" bw="1" slack="0"/>
</pin_list>
<bind>
<StgValue><ssdm name="icmpChecksum_V"/></StgValue>
</bind>
</comp>

<comp id="30" class="1000" name="icmpType_V">
<pin_list>
<pin id="31" dir="1" index="0" bw="1" slack="0"/>
</pin_list>
<bind>
<StgValue><ssdm name="icmpType_V"/></StgValue>
</bind>
</comp>

<comp id="32" class="1000" name="icmpCode_V">
<pin_list>
<pin id="33" dir="1" index="0" bw="1" slack="0"/>
</pin_list>
<bind>
<StgValue><ssdm name="icmpCode_V"/></StgValue>
</bind>
</comp>

<comp id="34" class="1000" name="cics_state">
<pin_list>
<pin id="35" dir="1" index="0" bw="1" slack="0"/>
</pin_list>
<bind>
<StgValue><ssdm name="cics_state"/></StgValue>
</bind>
</comp>

<comp id="36" class="1000" name="validFifo">
<pin_list>
<pin id="37" dir="1" index="0" bw="1" slack="0"/>
</pin_list>
<bind>
<StgValue><ssdm name="validFifo"/></StgValue>
</bind>
</comp>

<comp id="38" class="1000" name="icmp_server_stream_stream_stream_stream_axiWord_0_checksumStreams_1">
<pin_list>
<pin id="39" dir="1" index="0" bw="1" slack="0"/>
</pin_list>
<bind>
<StgValue><ssdm name="icmp_server_stream_stream_stream_stream_axiWord_0_checksumStreams_1"/></StgValue>
</bind>
</comp>

<comp id="40" class="1000" name="cics_wordCount_V">
<pin_list>
<pin id="41" dir="1" index="0" bw="1" slack="0"/>
</pin_list>
<bind>
<StgValue><ssdm name="cics_wordCount_V"/></StgValue>
</bind>
</comp>

<comp id="42" class="1000" name="udpState">
<pin_list>
<pin id="43" dir="1" index="0" bw="1" slack="0"/>
</pin_list>
<bind>
<StgValue><ssdm name="udpState"/></StgValue>
</bind>
</comp>

<comp id="44" class="1000" name="ipWordCounter_V">
<pin_list>
<pin id="45" dir="1" index="0" bw="1" slack="0"/>
</pin_list>
<bind>
<StgValue><ssdm name="ipWordCounter_V"/></StgValue>
</bind>
</comp>

<comp id="46" class="1000" name="streamSource_V">
<pin_list>
<pin id="47" dir="1" index="0" bw="1" slack="0"/>
</pin_list>
<bind>
<StgValue><ssdm name="streamSource_V"/></StgValue>
</bind>
</comp>

<comp id="48" class="1000" name="udpChecksum_V">
<pin_list>
<pin id="49" dir="1" index="0" bw="1" slack="0"/>
</pin_list>
<bind>
<StgValue><ssdm name="udpChecksum_V"/></StgValue>
</bind>
</comp>

<comp id="50" class="1000" name="udpPort2addIpHeader_data">
<pin_list>
<pin id="51" dir="1" index="0" bw="1" slack="0"/>
</pin_list>
<bind>
<StgValue><ssdm name="udpPort2addIpHeader_data"/></StgValue>
</bind>
</comp>

<comp id="52" class="1000" name="udpPort2addIpHeader_header">
<pin_list>
<pin id="53" dir="1" index="0" bw="1" slack="0"/>
</pin_list>
<bind>
<StgValue><ssdm name="udpPort2addIpHeader_header"/></StgValue>
</bind>
</comp>

<comp id="54" class="1000" name="icmp_server_stream_stream_stream_stream_axiWord_0_checksumStreams">
<pin_list>
<pin id="55" dir="1" index="0" bw="1" slack="0"/>
</pin_list>
<bind>
<StgValue><ssdm name="icmp_server_stream_stream_stream_stream_axiWord_0_checksumStreams"/></StgValue>
</bind>
</comp>

<comp id="56" class="1000" name="addIpState">
<pin_list>
<pin id="57" dir="1" index="0" bw="1" slack="0"/>
</pin_list>
<bind>
<StgValue><ssdm name="addIpState"/></StgValue>
</bind>
</comp>

<comp id="58" class="1000" name="tempWord_data_V">
<pin_list>
<pin id="59" dir="1" index="0" bw="1" slack="0"/>
</pin_list>
<bind>
<StgValue><ssdm name="tempWord_data_V"/></StgValue>
</bind>
</comp>

<comp id="60" class="1000" name="icmp_server_stream_stream_stream_stream_axiWord_0_dataStreams_1">
<pin_list>
<pin id="61" dir="1" index="0" bw="1" slack="0"/>
</pin_list>
<bind>
<StgValue><ssdm name="icmp_server_stream_stream_stream_stream_axiWord_0_dataStreams_1"/></StgValue>
</bind>
</comp>

<comp id="62" class="1000" name="tempWord_keep_V">
<pin_list>
<pin id="63" dir="1" index="0" bw="1" slack="0"/>
</pin_list>
<bind>
<StgValue><ssdm name="tempWord_keep_V"/></StgValue>
</bind>
</comp>

<comp id="64" class="1000" name="sourceIP_V">
<pin_list>
<pin id="65" dir="1" index="0" bw="1" slack="0"/>
</pin_list>
<bind>
<StgValue><ssdm name="sourceIP_V"/></StgValue>
</bind>
</comp>

<comp id="66" class="1000" name="d_isFirstWord">
<pin_list>
<pin id="67" dir="1" index="0" bw="1" slack="0"/>
</pin_list>
<bind>
<StgValue><ssdm name="d_isFirstWord"/></StgValue>
</bind>
</comp>

<comp id="68" class="1000" name="d_drop">
<pin_list>
<pin id="69" dir="1" index="0" bw="1" slack="0"/>
</pin_list>
<bind>
<StgValue><ssdm name="d_drop"/></StgValue>
</bind>
</comp>

<comp id="70" class="1000" name="icmp_server_stream_stream_stream_stream_axiWord_0_dataStreams">
<pin_list>
<pin id="71" dir="1" index="0" bw="1" slack="0"/>
</pin_list>
<bind>
<StgValue><ssdm name="icmp_server_stream_stream_stream_stream_axiWord_0_dataStreams"/></StgValue>
</bind>
</comp>

<comp id="72" class="1000" name="ic_wordCount_V">
<pin_list>
<pin id="73" dir="1" index="0" bw="1" slack="0"/>
</pin_list>
<bind>
<StgValue><ssdm name="ic_wordCount_V"/></StgValue>
</bind>
</comp>

<comp id="74" class="1000" name="streamSource_V_1">
<pin_list>
<pin id="75" dir="1" index="0" bw="1" slack="0"/>
</pin_list>
<bind>
<StgValue><ssdm name="streamSource_V_1"/></StgValue>
</bind>
</comp>

<comp id="76" class="1001" name="const_76">
<pin_list>
<pin id="77" dir="1" index="0" bw="1" slack="0"/>
</pin_list>
<bind>
<StgValue><ssdm name="check_icmp_checksum"/></StgValue>
</bind>
</comp>

<comp id="78" class="1001" name="const_78">
<pin_list>
<pin id="79" dir="1" index="0" bw="1" slack="0"/>
</pin_list>
<bind>
<StgValue><ssdm name="udpPortUnreachable"/></StgValue>
</bind>
</comp>

<comp id="80" class="1001" name="const_80">
<pin_list>
<pin id="81" dir="1" index="0" bw="1" slack="0"/>
</pin_list>
<bind>
<StgValue><ssdm name="udpAddIpHeader"/></StgValue>
</bind>
</comp>

<comp id="82" class="1001" name="const_82">
<pin_list>
<pin id="83" dir="1" index="0" bw="1" slack="0"/>
</pin_list>
<bind>
<StgValue><ssdm name="dropper"/></StgValue>
</bind>
</comp>

<comp id="84" class="1001" name="const_84">
<pin_list>
<pin id="85" dir="1" index="0" bw="1" slack="0"/>
</pin_list>
<bind>
<StgValue><ssdm name="insertChecksum"/></StgValue>
</bind>
</comp>

<comp id="86" class="1001" name="const_86">
<pin_list>
<pin id="87" dir="1" index="0" bw="1" slack="2147483647"/>
</pin_list>
<bind>
<StgValue><ssdm name="_ssdm_op_SpecDataflowPipeline"/></StgValue>
</bind>
</comp>

<comp id="88" class="1001" name="const_88">
<pin_list>
<pin id="89" dir="1" index="0" bw="1" slack="2147483647"/>
</pin_list>
<bind>
<StgValue><ssdm name=""/></StgValue>
</bind>
</comp>

<comp id="90" class="1001" name="const_90">
<pin_list>
<pin id="91" dir="1" index="0" bw="1" slack="2147483647"/>
</pin_list>
<bind>
<StgValue><ssdm name=""/></StgValue>
</bind>
</comp>

<comp id="92" class="1001" name="const_92">
<pin_list>
<pin id="93" dir="1" index="0" bw="1" slack="2147483647"/>
</pin_list>
<bind>
<StgValue><ssdm name="empty_0"/></StgValue>
</bind>
</comp>

<comp id="94" class="1001" name="const_94">
<pin_list>
<pin id="95" dir="1" index="0" bw="1" slack="2147483647"/>
</pin_list>
<bind>
<StgValue><ssdm name="_ssdm_op_SpecChannel"/></StgValue>
</bind>
</comp>

<comp id="96" class="1001" name="const_96">
<pin_list>
<pin id="97" dir="1" index="0" bw="1" slack="2147483647"/>
</pin_list>
<bind>
<StgValue><ssdm name="icmp_server_IC_stream_MD_axiWord_MC_AC_0_OD_GC_MC_AC_stream_MD_axiWord_MC_A_3"/></StgValue>
</bind>
</comp>

<comp id="98" class="1001" name="const_98">
<pin_list>
<pin id="99" dir="1" index="0" bw="1" slack="2147483647"/>
</pin_list>
<bind>
<StgValue><ssdm name="p_str"/></StgValue>
</bind>
</comp>

<comp id="100" class="1001" name="const_100">
<pin_list>
<pin id="101" dir="1" index="0" bw="1" slack="2147483647"/>
</pin_list>
<bind>
<StgValue><ssdm name=""/></StgValue>
</bind>
</comp>

<comp id="102" class="1001" name="const_102">
<pin_list>
<pin id="103" dir="1" index="0" bw="1" slack="2147483647"/>
</pin_list>
<bind>
<StgValue><ssdm name="icmp_server_IC_stream_MD_axiWord_MC_AC_0_OD_GC_MC_AC_stream_MD_axiWord_MC_A_2"/></StgValue>
</bind>
</comp>

<comp id="104" class="1001" name="const_104">
<pin_list>
<pin id="105" dir="1" index="0" bw="1" slack="2147483647"/>
</pin_list>
<bind>
<StgValue><ssdm name="icmp_server_IC_stream_MD_axiWord_MC_AC_0_OD_GC_MC_AC_stream_MD_axiWord_MC_A_1"/></StgValue>
</bind>
</comp>

<comp id="106" class="1001" name="const_106">
<pin_list>
<pin id="107" dir="1" index="0" bw="1" slack="2147483647"/>
</pin_list>
<bind>
<StgValue><ssdm name="icmp_server_IC_stream_MD_axiWord_MC_AC_0_OD_GC_MC_AC_stream_MD_axiWord_MC_A"/></StgValue>
</bind>
</comp>

<comp id="108" class="1001" name="const_108">
<pin_list>
<pin id="109" dir="1" index="0" bw="1" slack="2147483647"/>
</pin_list>
<bind>
<StgValue><ssdm name="packageBuffer1_str"/></StgValue>
</bind>
</comp>

<comp id="110" class="1001" name="const_110">
<pin_list>
<pin id="111" dir="1" index="0" bw="1" slack="2147483647"/>
</pin_list>
<bind>
<StgValue><ssdm name=""/></StgValue>
</bind>
</comp>

<comp id="112" class="1001" name="const_112">
<pin_list>
<pin id="113" dir="1" index="0" bw="1" slack="2147483647"/>
</pin_list>
<bind>
<StgValue><ssdm name="udpPort2addIpHeader_data_str"/></StgValue>
</bind>
</comp>

<comp id="114" class="1001" name="const_114">
<pin_list>
<pin id="115" dir="1" index="0" bw="1" slack="2147483647"/>
</pin_list>
<bind>
<StgValue><ssdm name=""/></StgValue>
</bind>
</comp>

<comp id="116" class="1001" name="const_116">
<pin_list>
<pin id="117" dir="1" index="0" bw="1" slack="2147483647"/>
</pin_list>
<bind>
<StgValue><ssdm name="udpPort2addIpHeader_header_str"/></StgValue>
</bind>
</comp>

<comp id="118" class="1001" name="const_118">
<pin_list>
<pin id="119" dir="1" index="0" bw="1" slack="2147483647"/>
</pin_list>
<bind>
<StgValue><ssdm name="validFifo_str"/></StgValue>
</bind>
</comp>

<comp id="120" class="1001" name="const_120">
<pin_list>
<pin id="121" dir="1" index="0" bw="1" slack="2147483647"/>
</pin_list>
<bind>
<StgValue><ssdm name=""/></StgValue>
</bind>
</comp>

<comp id="122" class="1001" name="const_122">
<pin_list>
<pin id="123" dir="1" index="0" bw="1" slack="2147483647"/>
</pin_list>
<bind>
<StgValue><ssdm name="_ssdm_op_SpecTopModule"/></StgValue>
</bind>
</comp>

<comp id="124" class="1001" name="const_124">
<pin_list>
<pin id="125" dir="1" index="0" bw="1" slack="2147483647"/>
</pin_list>
<bind>
<StgValue><ssdm name="empty_2"/></StgValue>
</bind>
</comp>

<comp id="126" class="1001" name="const_126">
<pin_list>
<pin id="127" dir="1" index="0" bw="1" slack="2147483647"/>
</pin_list>
<bind>
<StgValue><ssdm name="_ssdm_op_SpecInterface"/></StgValue>
</bind>
</comp>

<comp id="128" class="1001" name="const_128">
<pin_list>
<pin id="129" dir="1" index="0" bw="1" slack="2147483647"/>
</pin_list>
<bind>
<StgValue><ssdm name=""/></StgValue>
</bind>
</comp>

<comp id="130" class="1001" name="const_130">
<pin_list>
<pin id="131" dir="1" index="0" bw="1" slack="2147483647"/>
</pin_list>
<bind>
<StgValue><ssdm name="empty_3"/></StgValue>
</bind>
</comp>

<comp id="132" class="1001" name="const_132">
<pin_list>
<pin id="133" dir="1" index="0" bw="1" slack="2147483647"/>
</pin_list>
<bind>
<StgValue><ssdm name="empty"/></StgValue>
</bind>
</comp>

<comp id="134" class="1001" name="const_134">
<pin_list>
<pin id="135" dir="1" index="0" bw="1" slack="2147483647"/>
</pin_list>
<bind>
<StgValue><ssdm name="empty_4"/></StgValue>
</bind>
</comp>

<comp id="136" class="1001" name="const_136">
<pin_list>
<pin id="137" dir="1" index="0" bw="1" slack="2147483647"/>
</pin_list>
<bind>
<StgValue><ssdm name="_ssdm_op_SpecBitsMap"/></StgValue>
</bind>
</comp>

<comp id="138" class="1001" name="const_138">
<pin_list>
<pin id="139" dir="1" index="0" bw="1" slack="2147483647"/>
</pin_list>
<bind>
<StgValue><ssdm name="empty_1"/></StgValue>
</bind>
</comp>

<comp id="140" class="1004" name="grp_check_icmp_checksum_fu_140">
<pin_list>
<pin id="141" dir="0" index="0" bw="0" slack="0"/>
<pin id="142" dir="0" index="1" bw="128" slack="0"/>
<pin id="143" dir="0" index="2" bw="1" slack="0"/>
<pin id="144" dir="0" index="3" bw="64" slack="0"/>
<pin id="145" dir="0" index="4" bw="8" slack="0"/>
<pin id="146" dir="0" index="5" bw="1" slack="0"/>
<pin id="147" dir="0" index="6" bw="128" slack="0"/>
<pin id="148" dir="0" index="7" bw="1" slack="0"/>
<pin id="149" dir="0" index="8" bw="17" slack="0"/>
<pin id="150" dir="0" index="9" bw="16" slack="0"/>
<pin id="151" dir="0" index="10" bw="16" slack="0"/>
<pin id="152" dir="0" index="11" bw="16" slack="0"/>
<pin id="153" dir="0" index="12" bw="17" slack="0"/>
<pin id="154" dir="0" index="13" bw="8" slack="0"/>
<pin id="155" dir="0" index="14" bw="8" slack="0"/>
<pin id="156" dir="0" index="15" bw="2" slack="0"/>
<pin id="157" dir="0" index="16" bw="1" slack="0"/>
<pin id="158" dir="0" index="17" bw="16" slack="0"/>
<pin id="159" dir="0" index="18" bw="16" slack="0"/>
<pin id="160" dir="1" index="19" bw="0" slack="2147483647"/>
</pin_list>
<bind>
<opcode="call(48) " fcode="call"/>
<opset="call_ln443/2 "/>
</bind>
</comp>

<comp id="180" class="1004" name="call_ln444_udpPortUnreachable_fu_180">
<pin_list>
<pin id="181" dir="0" index="0" bw="0" slack="0"/>
<pin id="182" dir="0" index="1" bw="128" slack="0"/>
<pin id="183" dir="0" index="2" bw="128" slack="0"/>
<pin id="184" dir="0" index="3" bw="2" slack="0"/>
<pin id="185" dir="0" index="4" bw="3" slack="0"/>
<pin id="186" dir="0" index="5" bw="1" slack="0"/>
<pin id="187" dir="0" index="6" bw="20" slack="0"/>
<pin id="188" dir="0" index="7" bw="128" slack="0"/>
<pin id="189" dir="0" index="8" bw="64" slack="0"/>
<pin id="190" dir="0" index="9" bw="16" slack="0"/>
<pin id="191" dir="1" index="10" bw="0" slack="2147483647"/>
</pin_list>
<bind>
<opcode="call(48) " fcode="call"/>
<opset="call_ln444/3 "/>
</bind>
</comp>

<comp id="202" class="1004" name="call_ln445_udpAddIpHeader_fu_202">
<pin_list>
<pin id="203" dir="0" index="0" bw="0" slack="0"/>
<pin id="204" dir="0" index="1" bw="3" slack="0"/>
<pin id="205" dir="0" index="2" bw="64" slack="0"/>
<pin id="206" dir="0" index="3" bw="64" slack="0"/>
<pin id="207" dir="0" index="4" bw="128" slack="0"/>
<pin id="208" dir="0" index="5" bw="8" slack="0"/>
<pin id="209" dir="0" index="6" bw="32" slack="0"/>
<pin id="210" dir="0" index="7" bw="128" slack="0"/>
<pin id="211" dir="1" index="8" bw="0" slack="2147483647"/>
</pin_list>
<bind>
<opcode="call(48) " fcode="call"/>
<opset="call_ln445/4 "/>
</bind>
</comp>

<comp id="220" class="1004" name="call_ln446_dropper_fu_220">
<pin_list>
<pin id="221" dir="0" index="0" bw="0" slack="0"/>
<pin id="222" dir="0" index="1" bw="128" slack="0"/>
<pin id="223" dir="0" index="2" bw="1" slack="0"/>
<pin id="224" dir="0" index="3" bw="1" slack="0"/>
<pin id="225" dir="0" index="4" bw="1" slack="0"/>
<pin id="226" dir="0" index="5" bw="128" slack="0"/>
<pin id="227" dir="1" index="6" bw="0" slack="2147483647"/>
</pin_list>
<bind>
<opcode="call(48) " fcode="call"/>
<opset="call_ln446/4 "/>
</bind>
</comp>

<comp id="234" class="1004" name="grp_insertChecksum_fu_234">
<pin_list>
<pin id="235" dir="0" index="0" bw="0" slack="0"/>
<pin id="236" dir="0" index="1" bw="128" slack="0"/>
<pin id="237" dir="0" index="2" bw="16" slack="0"/>
<pin id="238" dir="0" index="3" bw="1" slack="0"/>
<pin id="239" dir="0" index="4" bw="128" slack="0"/>
<pin id="240" dir="0" index="5" bw="128" slack="0"/>
<pin id="241" dir="0" index="6" bw="16" slack="0"/>
<pin id="242" dir="0" index="7" bw="16" slack="0"/>
<pin id="243" dir="1" index="8" bw="0" slack="2147483647"/>
</pin_list>
<bind>
<opcode="call(48) " fcode="call"/>
<opset="call_ln447/5 "/>
</bind>
</comp>

</comp_list>

<net_list>
<net id="161"><net_src comp="76" pin="0"/><net_sink comp="140" pin=0"/></net>

<net id="162"><net_src comp="0" pin="0"/><net_sink comp="140" pin=1"/></net>

<net id="163"><net_src comp="8" pin="0"/><net_sink comp="140" pin=2"/></net>

<net id="164"><net_src comp="10" pin="0"/><net_sink comp="140" pin=3"/></net>

<net id="165"><net_src comp="12" pin="0"/><net_sink comp="140" pin=4"/></net>

<net id="166"><net_src comp="14" pin="0"/><net_sink comp="140" pin=5"/></net>

<net id="167"><net_src comp="16" pin="0"/><net_sink comp="140" pin=6"/></net>

<net id="168"><net_src comp="18" pin="0"/><net_sink comp="140" pin=7"/></net>

<net id="169"><net_src comp="20" pin="0"/><net_sink comp="140" pin=8"/></net>

<net id="170"><net_src comp="22" pin="0"/><net_sink comp="140" pin=9"/></net>

<net id="171"><net_src comp="24" pin="0"/><net_sink comp="140" pin=10"/></net>

<net id="172"><net_src comp="26" pin="0"/><net_sink comp="140" pin=11"/></net>

<net id="173"><net_src comp="28" pin="0"/><net_sink comp="140" pin=12"/></net>

<net id="174"><net_src comp="30" pin="0"/><net_sink comp="140" pin=13"/></net>

<net id="175"><net_src comp="32" pin="0"/><net_sink comp="140" pin=14"/></net>

<net id="176"><net_src comp="34" pin="0"/><net_sink comp="140" pin=15"/></net>

<net id="177"><net_src comp="36" pin="0"/><net_sink comp="140" pin=16"/></net>

<net id="178"><net_src comp="38" pin="0"/><net_sink comp="140" pin=17"/></net>

<net id="179"><net_src comp="40" pin="0"/><net_sink comp="140" pin=18"/></net>

<net id="192"><net_src comp="78" pin="0"/><net_sink comp="180" pin=0"/></net>

<net id="193"><net_src comp="2" pin="0"/><net_sink comp="180" pin=1"/></net>

<net id="194"><net_src comp="4" pin="0"/><net_sink comp="180" pin=2"/></net>

<net id="195"><net_src comp="42" pin="0"/><net_sink comp="180" pin=3"/></net>

<net id="196"><net_src comp="44" pin="0"/><net_sink comp="180" pin=4"/></net>

<net id="197"><net_src comp="46" pin="0"/><net_sink comp="180" pin=5"/></net>

<net id="198"><net_src comp="48" pin="0"/><net_sink comp="180" pin=6"/></net>

<net id="199"><net_src comp="50" pin="0"/><net_sink comp="180" pin=7"/></net>

<net id="200"><net_src comp="52" pin="0"/><net_sink comp="180" pin=8"/></net>

<net id="201"><net_src comp="54" pin="0"/><net_sink comp="180" pin=9"/></net>

<net id="212"><net_src comp="80" pin="0"/><net_sink comp="202" pin=0"/></net>

<net id="213"><net_src comp="56" pin="0"/><net_sink comp="202" pin=1"/></net>

<net id="214"><net_src comp="58" pin="0"/><net_sink comp="202" pin=2"/></net>

<net id="215"><net_src comp="52" pin="0"/><net_sink comp="202" pin=3"/></net>

<net id="216"><net_src comp="60" pin="0"/><net_sink comp="202" pin=4"/></net>

<net id="217"><net_src comp="62" pin="0"/><net_sink comp="202" pin=5"/></net>

<net id="218"><net_src comp="64" pin="0"/><net_sink comp="202" pin=6"/></net>

<net id="219"><net_src comp="50" pin="0"/><net_sink comp="202" pin=7"/></net>

<net id="228"><net_src comp="82" pin="0"/><net_sink comp="220" pin=0"/></net>

<net id="229"><net_src comp="16" pin="0"/><net_sink comp="220" pin=1"/></net>

<net id="230"><net_src comp="66" pin="0"/><net_sink comp="220" pin=2"/></net>

<net id="231"><net_src comp="68" pin="0"/><net_sink comp="220" pin=3"/></net>

<net id="232"><net_src comp="36" pin="0"/><net_sink comp="220" pin=4"/></net>

<net id="233"><net_src comp="70" pin="0"/><net_sink comp="220" pin=5"/></net>

<net id="244"><net_src comp="84" pin="0"/><net_sink comp="234" pin=0"/></net>

<net id="245"><net_src comp="6" pin="0"/><net_sink comp="234" pin=1"/></net>

<net id="246"><net_src comp="72" pin="0"/><net_sink comp="234" pin=2"/></net>

<net id="247"><net_src comp="74" pin="0"/><net_sink comp="234" pin=3"/></net>

<net id="248"><net_src comp="70" pin="0"/><net_sink comp="234" pin=4"/></net>

<net id="249"><net_src comp="60" pin="0"/><net_sink comp="234" pin=5"/></net>

<net id="250"><net_src comp="38" pin="0"/><net_sink comp="234" pin=6"/></net>

<net id="251"><net_src comp="54" pin="0"/><net_sink comp="234" pin=7"/></net>

</net_list>

</model> 
---------------- Datapath Model END ------------------

* FSMD analyzer results:
  - Output states:
	Port: m_axis | {7 }
	Port: cics_writeLastOne | {2 }
	Port: cics_prevWord_data_V | {3 }
	Port: cics_prevWord_keep_V | {2 }
	Port: cics_prevWord_last_V | {2 }
	Port: packageBuffer1 | {3 }
	Port: cics_computeCs | {2 }
	Port: cics_sums_V_3 | {2 }
	Port: cics_sums_V_1 | {2 }
	Port: cics_sums_V | {2 }
	Port: cics_sums_V_2 | {2 }
	Port: icmpChecksum_V | {3 }
	Port: icmpType_V | {2 }
	Port: icmpCode_V | {2 }
	Port: cics_state | {2 }
	Port: validFifo | {3 }
	Port: icmp_server_stream_stream_stream_stream_axiWord_0_checksumStreams_1 | {3 }
	Port: cics_wordCount_V | {2 }
	Port: udpState | {3 }
	Port: ipWordCounter_V | {3 }
	Port: streamSource_V | {3 }
	Port: udpChecksum_V | {3 }
	Port: udpPort2addIpHeader_data | {3 }
	Port: udpPort2addIpHeader_header | {3 }
	Port: icmp_server_stream_stream_stream_stream_axiWord_0_checksumStreams | {3 }
	Port: addIpState | {4 }
	Port: tempWord_data_V | {4 }
	Port: icmp_server_stream_stream_stream_stream_axiWord_0_dataStreams_1 | {4 }
	Port: tempWord_keep_V | {4 }
	Port: sourceIP_V | {4 }
	Port: d_isFirstWord | {4 }
	Port: d_drop | {4 }
	Port: icmp_server_stream_stream_stream_stream_axiWord_0_dataStreams | {4 }
	Port: ic_wordCount_V | {5 }
	Port: streamSource_V_1 | {5 }
 - Input state : 
	Port: icmp_server : s_axis | {2 }
	Port: icmp_server : udpIn | {3 }
	Port: icmp_server : ttlIn | {3 }
	Port: icmp_server : cics_writeLastOne | {2 }
	Port: icmp_server : cics_prevWord_data_V | {3 }
	Port: icmp_server : cics_prevWord_keep_V | {2 }
	Port: icmp_server : cics_prevWord_last_V | {2 }
	Port: icmp_server : packageBuffer1 | {4 }
	Port: icmp_server : cics_computeCs | {2 }
	Port: icmp_server : cics_sums_V_3 | {2 }
	Port: icmp_server : cics_sums_V_1 | {2 }
	Port: icmp_server : cics_sums_V | {2 }
	Port: icmp_server : cics_sums_V_2 | {2 }
	Port: icmp_server : icmpChecksum_V | {3 }
	Port: icmp_server : icmpType_V | {2 }
	Port: icmp_server : icmpCode_V | {2 }
	Port: icmp_server : cics_state | {2 }
	Port: icmp_server : validFifo | {4 }
	Port: icmp_server : icmp_server_stream_stream_stream_stream_axiWord_0_checksumStreams_1 | {5 }
	Port: icmp_server : cics_wordCount_V | {2 }
	Port: icmp_server : udpState | {3 }
	Port: icmp_server : ipWordCounter_V | {3 }
	Port: icmp_server : streamSource_V | {3 }
	Port: icmp_server : udpChecksum_V | {3 }
	Port: icmp_server : udpPort2addIpHeader_data | {4 }
	Port: icmp_server : udpPort2addIpHeader_header | {4 }
	Port: icmp_server : icmp_server_stream_stream_stream_stream_axiWord_0_checksumStreams | {5 }
	Port: icmp_server : addIpState | {4 }
	Port: icmp_server : tempWord_data_V | {4 }
	Port: icmp_server : icmp_server_stream_stream_stream_stream_axiWord_0_dataStreams_1 | {5 }
	Port: icmp_server : tempWord_keep_V | {4 }
	Port: icmp_server : sourceIP_V | {4 }
	Port: icmp_server : d_isFirstWord | {4 }
	Port: icmp_server : d_drop | {4 }
	Port: icmp_server : icmp_server_stream_stream_stream_stream_axiWord_0_dataStreams | {5 }
	Port: icmp_server : ic_wordCount_V | {5 }
	Port: icmp_server : streamSource_V_1 | {5 }
  - Chain level:
	State 1
	State 2
	State 3
	State 4
	State 5
	State 6
	State 7
	State 8


============================================================
+ Verbose Summary: Datapath Resource usage 
============================================================

* Functional unit list:
|----------|--------------------------------------|---------|---------|---------|
| Operation|            Functional Unit           |  Delay  |    FF   |   LUT   |
|----------|--------------------------------------|---------|---------|---------|
|          |    grp_check_icmp_checksum_fu_140    | 0.839714|   223   |   896   |
|          | call_ln444_udpPortUnreachable_fu_180 | 0.419857|   283   |   330   |
|   call   |   call_ln445_udpAddIpHeader_fu_202   | 0.485571|    9    |    58   |
|          |       call_ln446_dropper_fu_220      |    0    |    5    |    0    |
|          |       grp_insertChecksum_fu_234      | 0.485571|   863   |    69   |
|----------|--------------------------------------|---------|---------|---------|
|   Total  |                                      | 2.23071 |   1383  |   1353  |
|----------|--------------------------------------|---------|---------|---------|

Memories:
N/A

* Register list:
N/A

* Multiplexer (MUX) list: 
|--------|------|------|------|--------|
|  Comp  |  Pin | Size |  BW  | S x BW |
|--------|------|------|------|--------|
|  Total |      |      |      |    0   |
|--------|------|------|------|--------|



* Summary:
+-----------+--------+--------+--------+
|           |  Delay |   FF   |   LUT  |
+-----------+--------+--------+--------+
|  Function |    2   |  1383  |  1353  |
|   Memory  |    -   |    -   |    -   |
|Multiplexer|    -   |    -   |    -   |
|  Register |    -   |    -   |    -   |
+-----------+--------+--------+--------+
|   Total   |    2   |  1383  |  1353  |
+-----------+--------+--------+--------+
