

================================================================
== Vitis HLS Report for 'insertChecksum'
================================================================
* Date:           Tue Jul 11 09:16:12 2023

* Version:        2022.1 (Build 3526262 on Mon Apr 18 15:47:01 MDT 2022)
* Project:        icmp_server_prj
* Solution:       solution1 (Vivado IP Flow Target)
* Product family: virtexuplus
* Target device:  xcu280-fsvh2892-2L-e


================================================================
== Performance Estimates
================================================================
+ Timing: 
    * Summary: 
    +--------+---------+----------+------------+
    |  Clock |  Target | Estimated| Uncertainty|
    +--------+---------+----------+------------+
    |ap_clk  |  3.20 ns|  2.218 ns|     0.86 ns|
    +--------+---------+----------+------------+

+ Latency: 
    * Summary: 
    +---------+---------+----------+----------+-----+-----+---------+
    |  Latency (cycles) |  Latency (absolute) |  Interval | Pipeline|
    |   min   |   max   |    min   |    max   | min | max |   Type  |
    +---------+---------+----------+----------+-----+-----+---------+
    |        2|        2|  6.400 ns|  6.400 ns|    1|    1|      yes|
    +---------+---------+----------+----------+-----+-----+---------+

    + Detail: 
        * Instance: 
        N/A

        * Loop: 
        N/A

============================================================
+ Verbose Summary: Synthesis Manager
============================================================
InlineROM: 1
ExposeGlobal: 0
============================================================
+ Verbose Summary: CDFG Model
============================================================
IsTopModel: 0
ResetActiveHigh: 1
IsCombinational: 2
IsDatapathOnly: 0
HasWiredReturn: 1
HasMFsm: 2
HasVarLatency: 0
IsPipeline: 1
IsRtlPipelined: 1
IsInstanceOverlapped: 0
IsDontTouch: 0
HasImplIP: 0
IsGatedGlobalClock: 0

+ Individual pipeline summary: 
  * Pipeline-0: initiation interval (II) = 1, depth = 3


============================================================
+ Verbose Summary: Schedule
============================================================
* Number of FSM states : 3
* Pipeline : 1
  Pipeline-0 : II = 1, D = 3, States = { 1 2 3 }
* Dataflow Pipeline: 0

* FSM state transitions: 
1 --> 2 
2 --> 3 
3 --> 

* FSM state operations: 

State 1 <SV = 0> <Delay = 2.21>
ST_1 : Operation 4 [1/1] (0.00ns)   --->   "%specinterface_ln0 = specinterface void @_ssdm_op_SpecInterface, i16 %icmp_server_stream_stream_stream_stream_axiWord_0_checksumStreams_1, void @empty_1, i32 0, i32 0, void @empty_0, i32 0, i32 0, void @empty_0, void @empty_0, void @empty_0, i32 0, i32 0, i32 0, i32 0, void @empty_0, void @empty_0, i32 4294967295, i32 0"   --->   Operation 4 'specinterface' 'specinterface_ln0' <Predicate = true> <Delay = 0.00>
ST_1 : Operation 5 [1/1] (0.00ns)   --->   "%specinterface_ln0 = specinterface void @_ssdm_op_SpecInterface, i16 %icmp_server_stream_stream_stream_stream_axiWord_0_checksumStreams_1, void @empty_1, i32 0, i32 0, void @empty_0, i32 0, i32 0, void @empty_0, void @empty_0, void @empty_0, i32 0, i32 0, i32 0, i32 0, void @empty_0, void @empty_0, i32 4294967295, i32 0"   --->   Operation 5 'specinterface' 'specinterface_ln0' <Predicate = true> <Delay = 0.00>
ST_1 : Operation 6 [1/1] (0.00ns)   --->   "%specinterface_ln0 = specinterface void @_ssdm_op_SpecInterface, i16 %icmp_server_stream_stream_stream_stream_axiWord_0_checksumStreams_1, void @empty_1, i32 0, i32 0, void @empty_0, i32 0, i32 0, void @empty_0, void @empty_0, void @empty_0, i32 0, i32 0, i32 0, i32 0, void @empty_0, void @empty_0, i32 4294967295, i32 0"   --->   Operation 6 'specinterface' 'specinterface_ln0' <Predicate = true> <Delay = 0.00>
ST_1 : Operation 7 [1/1] (0.00ns)   --->   "%specinterface_ln0 = specinterface void @_ssdm_op_SpecInterface, i16 %icmp_server_stream_stream_stream_stream_axiWord_0_checksumStreams, void @empty_1, i32 0, i32 0, void @empty_0, i32 0, i32 0, void @empty_0, void @empty_0, void @empty_0, i32 0, i32 0, i32 0, i32 0, void @empty_0, void @empty_0, i32 4294967295, i32 0"   --->   Operation 7 'specinterface' 'specinterface_ln0' <Predicate = true> <Delay = 0.00>
ST_1 : Operation 8 [1/1] (0.00ns)   --->   "%specinterface_ln0 = specinterface void @_ssdm_op_SpecInterface, i16 %icmp_server_stream_stream_stream_stream_axiWord_0_checksumStreams, void @empty_1, i32 0, i32 0, void @empty_0, i32 0, i32 0, void @empty_0, void @empty_0, void @empty_0, i32 0, i32 0, i32 0, i32 0, void @empty_0, void @empty_0, i32 4294967295, i32 0"   --->   Operation 8 'specinterface' 'specinterface_ln0' <Predicate = true> <Delay = 0.00>
ST_1 : Operation 9 [1/1] (0.00ns)   --->   "%specinterface_ln0 = specinterface void @_ssdm_op_SpecInterface, i16 %icmp_server_stream_stream_stream_stream_axiWord_0_checksumStreams, void @empty_1, i32 0, i32 0, void @empty_0, i32 0, i32 0, void @empty_0, void @empty_0, void @empty_0, i32 0, i32 0, i32 0, i32 0, void @empty_0, void @empty_0, i32 4294967295, i32 0"   --->   Operation 9 'specinterface' 'specinterface_ln0' <Predicate = true> <Delay = 0.00>
ST_1 : Operation 10 [1/1] (0.00ns)   --->   "%specinterface_ln0 = specinterface void @_ssdm_op_SpecInterface, i128 %icmp_server_stream_stream_stream_stream_axiWord_0_dataStreams_1, void @empty_1, i32 0, i32 0, void @empty_0, i32 0, i32 0, void @empty_0, void @empty_0, void @empty_0, i32 0, i32 0, i32 0, i32 0, void @empty_0, void @empty_0, i32 4294967295, i32 0"   --->   Operation 10 'specinterface' 'specinterface_ln0' <Predicate = true> <Delay = 0.00>
ST_1 : Operation 11 [1/1] (0.00ns)   --->   "%specinterface_ln0 = specinterface void @_ssdm_op_SpecInterface, i128 %icmp_server_stream_stream_stream_stream_axiWord_0_dataStreams_1, void @empty_1, i32 0, i32 0, void @empty_0, i32 0, i32 0, void @empty_0, void @empty_0, void @empty_0, i32 0, i32 0, i32 0, i32 0, void @empty_0, void @empty_0, i32 4294967295, i32 0"   --->   Operation 11 'specinterface' 'specinterface_ln0' <Predicate = true> <Delay = 0.00>
ST_1 : Operation 12 [1/1] (0.00ns)   --->   "%specinterface_ln0 = specinterface void @_ssdm_op_SpecInterface, i128 %icmp_server_stream_stream_stream_stream_axiWord_0_dataStreams_1, void @empty_1, i32 0, i32 0, void @empty_0, i32 0, i32 0, void @empty_0, void @empty_0, void @empty_0, i32 0, i32 0, i32 0, i32 0, void @empty_0, void @empty_0, i32 4294967295, i32 0"   --->   Operation 12 'specinterface' 'specinterface_ln0' <Predicate = true> <Delay = 0.00>
ST_1 : Operation 13 [1/1] (0.00ns)   --->   "%specinterface_ln0 = specinterface void @_ssdm_op_SpecInterface, i128 %icmp_server_stream_stream_stream_stream_axiWord_0_dataStreams, void @empty_1, i32 0, i32 0, void @empty_0, i32 0, i32 0, void @empty_0, void @empty_0, void @empty_0, i32 0, i32 0, i32 0, i32 0, void @empty_0, void @empty_0, i32 4294967295, i32 0"   --->   Operation 13 'specinterface' 'specinterface_ln0' <Predicate = true> <Delay = 0.00>
ST_1 : Operation 14 [1/1] (0.00ns)   --->   "%specinterface_ln0 = specinterface void @_ssdm_op_SpecInterface, i128 %icmp_server_stream_stream_stream_stream_axiWord_0_dataStreams, void @empty_1, i32 0, i32 0, void @empty_0, i32 0, i32 0, void @empty_0, void @empty_0, void @empty_0, i32 0, i32 0, i32 0, i32 0, void @empty_0, void @empty_0, i32 4294967295, i32 0"   --->   Operation 14 'specinterface' 'specinterface_ln0' <Predicate = true> <Delay = 0.00>
ST_1 : Operation 15 [1/1] (0.00ns)   --->   "%specinterface_ln0 = specinterface void @_ssdm_op_SpecInterface, i128 %icmp_server_stream_stream_stream_stream_axiWord_0_dataStreams, void @empty_1, i32 0, i32 0, void @empty_0, i32 0, i32 0, void @empty_0, void @empty_0, void @empty_0, i32 0, i32 0, i32 0, i32 0, void @empty_0, void @empty_0, i32 4294967295, i32 0"   --->   Operation 15 'specinterface' 'specinterface_ln0' <Predicate = true> <Delay = 0.00>
ST_1 : Operation 16 [1/1] (0.00ns)   --->   "%specinterface_ln0 = specinterface void @_ssdm_op_SpecInterface, i128 %icmp_server_stream_stream_stream_stream_axiWord_0_dataStreams, void @empty_1, i32 0, i32 0, void @empty_0, i32 0, i32 0, void @empty_0, void @empty_0, void @empty_0, i32 0, i32 0, i32 0, i32 0, void @empty_0, void @empty_0, i32 4294967295, i32 0"   --->   Operation 16 'specinterface' 'specinterface_ln0' <Predicate = true> <Delay = 0.00>
ST_1 : Operation 17 [1/1] (0.00ns)   --->   "%specinterface_ln0 = specinterface void @_ssdm_op_SpecInterface, i128 %icmp_server_stream_stream_stream_stream_axiWord_0_dataStreams_1, void @empty_1, i32 0, i32 0, void @empty_0, i32 0, i32 0, void @empty_0, void @empty_0, void @empty_0, i32 0, i32 0, i32 0, i32 0, void @empty_0, void @empty_0, i32 4294967295, i32 0"   --->   Operation 17 'specinterface' 'specinterface_ln0' <Predicate = true> <Delay = 0.00>
ST_1 : Operation 18 [1/1] (0.00ns)   --->   "%specinterface_ln0 = specinterface void @_ssdm_op_SpecInterface, i16 %icmp_server_stream_stream_stream_stream_axiWord_0_checksumStreams, void @empty_1, i32 0, i32 0, void @empty_0, i32 0, i32 0, void @empty_0, void @empty_0, void @empty_0, i32 0, i32 0, i32 0, i32 0, void @empty_0, void @empty_0, i32 4294967295, i32 0"   --->   Operation 18 'specinterface' 'specinterface_ln0' <Predicate = true> <Delay = 0.00>
ST_1 : Operation 19 [1/1] (0.00ns)   --->   "%specinterface_ln0 = specinterface void @_ssdm_op_SpecInterface, i16 %icmp_server_stream_stream_stream_stream_axiWord_0_checksumStreams_1, void @empty_1, i32 0, i32 0, void @empty_0, i32 0, i32 0, void @empty_0, void @empty_0, void @empty_0, i32 0, i32 0, i32 0, i32 0, void @empty_0, void @empty_0, i32 4294967295, i32 0"   --->   Operation 19 'specinterface' 'specinterface_ln0' <Predicate = true> <Delay = 0.00>
ST_1 : Operation 20 [1/1] (0.00ns)   --->   "%specinterface_ln0 = specinterface void @_ssdm_op_SpecInterface, i128 %m_axis, void @empty, i32 1, i32 1, void @empty_4, i32 0, i32 0, void @empty_0, void @empty_0, void @empty_0, i32 0, i32 0, i32 0, i32 0, void @empty_0, void @empty_0, i32 4294967295, i32 0"   --->   Operation 20 'specinterface' 'specinterface_ln0' <Predicate = true> <Delay = 0.00>
ST_1 : Operation 21 [1/1] (0.00ns)   --->   "%specpipeline_ln365 = specpipeline void @_ssdm_op_SpecPipeline, i32 1, i32 0, i32 0, i32 0, void @empty_0" [/mnt/scratch/pyuvaraj/Vitis_RoCE_W/Vitis_RoCE/fpga-network-stack/hls/icmp_server/icmp_server.cpp:365]   --->   Operation 21 'specpipeline' 'specpipeline_ln365' <Predicate = true> <Delay = 0.00>
ST_1 : Operation 22 [1/1] (0.00ns)   --->   "%ic_wordCount_V_load = load i16 %ic_wordCount_V"   --->   Operation 22 'load' 'ic_wordCount_V_load' <Predicate = true> <Delay = 0.00>
ST_1 : Operation 23 [1/1] (0.00ns)   --->   "%streamSource_V_1_load = load i1 %streamSource_V_1"   --->   Operation 23 'load' 'streamSource_V_1_load' <Predicate = true> <Delay = 0.00>
ST_1 : Operation 24 [1/1] (0.34ns)   --->   "%switch_ln370 = switch i16 %ic_wordCount_V_load, void %sw.default.i, i16 0, void %for.inc.i, i16 2, void %sw.bb21.i" [/mnt/scratch/pyuvaraj/Vitis_RoCE_W/Vitis_RoCE/fpga-network-stack/hls/icmp_server/icmp_server.cpp:370]   --->   Operation 24 'switch' 'switch_ln370' <Predicate = true> <Delay = 0.34>
ST_1 : Operation 25 [1/1] (0.00ns)   --->   "%br_ln136 = br i1 %streamSource_V_1_load, void %V.i3470.case.0.i, void %V.i3470.case.1.i" [/tools/Xilinx/Vitis_HLS/2022.1/common/technology/autopilot/hls_stream_39.h:136]   --->   Operation 25 'br' 'br_ln136' <Predicate = (ic_wordCount_V_load == 2)> <Delay = 0.00>
ST_1 : Operation 26 [1/1] (0.00ns)   --->   "%tmp_48_i = nbreadreq i1 @_ssdm_op_NbReadReq.ap_fifo.i128P0A, i128 %icmp_server_stream_stream_stream_stream_axiWord_0_dataStreams, i32 1" [/tools/Xilinx/Vitis_HLS/2022.1/common/technology/autopilot/hls_stream_39.h:136]   --->   Operation 26 'nbreadreq' 'tmp_48_i' <Predicate = (ic_wordCount_V_load == 2 & !streamSource_V_1_load)> <Delay = 0.00> <CoreInst = "FIFO">   --->   Core 78 'FIFO' <Latency = 0> <II = 1> <Delay = 1.38> <Storage> <Opcode : 'read' 'write' 'nbread' 'nbwrite'> <Ports = 0> <Width = 128> <Depth = 16> <FIFO>
ST_1 : Operation 27 [1/1] (0.38ns)   --->   "%br_ln136 = br void %V.i3470.exit.i" [/tools/Xilinx/Vitis_HLS/2022.1/common/technology/autopilot/hls_stream_39.h:136]   --->   Operation 27 'br' 'br_ln136' <Predicate = (ic_wordCount_V_load == 2 & !streamSource_V_1_load)> <Delay = 0.38>
ST_1 : Operation 28 [1/1] (0.00ns)   --->   "%tmp_47_i = nbreadreq i1 @_ssdm_op_NbReadReq.ap_fifo.i128P0A, i128 %icmp_server_stream_stream_stream_stream_axiWord_0_dataStreams_1, i32 1" [/tools/Xilinx/Vitis_HLS/2022.1/common/technology/autopilot/hls_stream_39.h:136]   --->   Operation 28 'nbreadreq' 'tmp_47_i' <Predicate = (ic_wordCount_V_load == 2 & streamSource_V_1_load)> <Delay = 0.00> <CoreInst = "FIFO">   --->   Core 78 'FIFO' <Latency = 0> <II = 1> <Delay = 1.38> <Storage> <Opcode : 'read' 'write' 'nbread' 'nbwrite'> <Ports = 0> <Width = 128> <Depth = 16> <FIFO>
ST_1 : Operation 29 [1/1] (0.38ns)   --->   "%br_ln136 = br void %V.i3470.exit.i" [/tools/Xilinx/Vitis_HLS/2022.1/common/technology/autopilot/hls_stream_39.h:136]   --->   Operation 29 'br' 'br_ln136' <Predicate = (ic_wordCount_V_load == 2 & streamSource_V_1_load)> <Delay = 0.38>
ST_1 : Operation 30 [1/1] (0.00ns)   --->   "%empty = phi i1 %tmp_48_i, void %V.i3470.case.0.i, i1 %tmp_47_i, void %V.i3470.case.1.i" [/tools/Xilinx/Vitis_HLS/2022.1/common/technology/autopilot/hls_stream_39.h:136]   --->   Operation 30 'phi' 'empty' <Predicate = (ic_wordCount_V_load == 2)> <Delay = 0.00>
ST_1 : Operation 31 [1/1] (0.00ns)   --->   "%br_ln387 = br i1 %empty, void %if.end38.i, void %land.lhs.true.i" [/mnt/scratch/pyuvaraj/Vitis_RoCE_W/Vitis_RoCE/fpga-network-stack/hls/icmp_server/icmp_server.cpp:387]   --->   Operation 31 'br' 'br_ln387' <Predicate = (ic_wordCount_V_load == 2)> <Delay = 0.00>
ST_1 : Operation 32 [1/1] (0.00ns)   --->   "%br_ln136 = br i1 %streamSource_V_1_load, void %V.i3172.case.0.i, void %V.i3172.case.1.i" [/tools/Xilinx/Vitis_HLS/2022.1/common/technology/autopilot/hls_stream_39.h:136]   --->   Operation 32 'br' 'br_ln136' <Predicate = (ic_wordCount_V_load == 2 & empty)> <Delay = 0.00>
ST_1 : Operation 33 [1/1] (0.00ns)   --->   "%tmp_51_i = nbreadreq i1 @_ssdm_op_NbReadReq.ap_fifo.i16P0A, i16 %icmp_server_stream_stream_stream_stream_axiWord_0_checksumStreams_1, i32 1" [/tools/Xilinx/Vitis_HLS/2022.1/common/technology/autopilot/hls_stream_39.h:136]   --->   Operation 33 'nbreadreq' 'tmp_51_i' <Predicate = (ic_wordCount_V_load == 2 & !streamSource_V_1_load & empty)> <Delay = 0.00> <CoreInst = "FIFO_SRL">   --->   Core 81 'FIFO_SRL' <Latency = 0> <II = 1> <Delay = 1.34> <Storage> <Opcode : 'read' 'write' 'nbread' 'nbwrite'> <Ports = 0> <Width = 16> <Depth = 16> <FIFO>
ST_1 : Operation 34 [1/1] (0.38ns)   --->   "%br_ln136 = br void %V.i3172.exit.i" [/tools/Xilinx/Vitis_HLS/2022.1/common/technology/autopilot/hls_stream_39.h:136]   --->   Operation 34 'br' 'br_ln136' <Predicate = (ic_wordCount_V_load == 2 & !streamSource_V_1_load & empty)> <Delay = 0.38>
ST_1 : Operation 35 [1/1] (0.00ns)   --->   "%tmp_50_i = nbreadreq i1 @_ssdm_op_NbReadReq.ap_fifo.i16P0A, i16 %icmp_server_stream_stream_stream_stream_axiWord_0_checksumStreams, i32 1" [/tools/Xilinx/Vitis_HLS/2022.1/common/technology/autopilot/hls_stream_39.h:136]   --->   Operation 35 'nbreadreq' 'tmp_50_i' <Predicate = (ic_wordCount_V_load == 2 & streamSource_V_1_load & empty)> <Delay = 0.00> <CoreInst = "FIFO_SRL">   --->   Core 81 'FIFO_SRL' <Latency = 0> <II = 1> <Delay = 1.34> <Storage> <Opcode : 'read' 'write' 'nbread' 'nbwrite'> <Ports = 0> <Width = 16> <Depth = 16> <FIFO>
ST_1 : Operation 36 [1/1] (0.38ns)   --->   "%br_ln136 = br void %V.i3172.exit.i" [/tools/Xilinx/Vitis_HLS/2022.1/common/technology/autopilot/hls_stream_39.h:136]   --->   Operation 36 'br' 'br_ln136' <Predicate = (ic_wordCount_V_load == 2 & streamSource_V_1_load & empty)> <Delay = 0.38>
ST_1 : Operation 37 [1/1] (0.00ns)   --->   "%empty_35 = phi i1 %tmp_51_i, void %V.i3172.case.0.i, i1 %tmp_50_i, void %V.i3172.case.1.i" [/tools/Xilinx/Vitis_HLS/2022.1/common/technology/autopilot/hls_stream_39.h:136]   --->   Operation 37 'phi' 'empty_35' <Predicate = (ic_wordCount_V_load == 2 & empty)> <Delay = 0.00>
ST_1 : Operation 38 [1/1] (0.00ns)   --->   "%br_ln387 = br i1 %empty_35, void %if.end38.i, void %if.then28.i" [/mnt/scratch/pyuvaraj/Vitis_RoCE_W/Vitis_RoCE/fpga-network-stack/hls/icmp_server/icmp_server.cpp:387]   --->   Operation 38 'br' 'br_ln387' <Predicate = (ic_wordCount_V_load == 2 & empty)> <Delay = 0.00>
ST_1 : Operation 39 [1/1] (0.00ns)   --->   "%br_ln145 = br i1 %streamSource_V_1_load, void %V.i3172.case.011.i, void %V.i3172.case.112.i" [/tools/Xilinx/Vitis_HLS/2022.1/common/technology/autopilot/hls_stream_39.h:145]   --->   Operation 39 'br' 'br_ln145' <Predicate = (ic_wordCount_V_load == 2 & empty & empty_35)> <Delay = 0.00>
ST_1 : Operation 40 [1/1] (1.16ns)   --->   "%icmp_server_stream_stream_stream_stream_axiWord_0_dataStreams_read_2 = read i128 @_ssdm_op_Read.ap_fifo.volatile.i128P0A, i128 %icmp_server_stream_stream_stream_stream_axiWord_0_dataStreams" [/tools/Xilinx/Vitis_HLS/2022.1/common/technology/autopilot/hls_stream_39.h:145]   --->   Operation 40 'read' 'icmp_server_stream_stream_stream_stream_axiWord_0_dataStreams_read_2' <Predicate = (ic_wordCount_V_load == 2 & !streamSource_V_1_load & empty & empty_35)> <Delay = 1.16> <CoreInst = "FIFO">   --->   Core 78 'FIFO' <Latency = 0> <II = 1> <Delay = 1.38> <Storage> <Opcode : 'read' 'write' 'nbread' 'nbwrite'> <Ports = 0> <Width = 128> <Depth = 16> <FIFO>
ST_1 : Operation 41 [1/1] (0.00ns)   --->   "%tmp_52_i = partselect i8 @_ssdm_op_PartSelect.i8.i128.i32.i32, i128 %icmp_server_stream_stream_stream_stream_axiWord_0_dataStreams_read_2, i32 64, i32 71" [/tools/Xilinx/Vitis_HLS/2022.1/common/technology/autopilot/hls_stream_39.h:145]   --->   Operation 41 'partselect' 'tmp_52_i' <Predicate = (ic_wordCount_V_load == 2 & !streamSource_V_1_load & empty & empty_35)> <Delay = 0.00>
ST_1 : Operation 42 [1/1] (0.00ns)   --->   "%tmp_14 = bitselect i1 @_ssdm_op_BitSelect.i1.i128.i128, i128 %icmp_server_stream_stream_stream_stream_axiWord_0_dataStreams_read_2, i128 72" [/tools/Xilinx/Vitis_HLS/2022.1/common/technology/autopilot/hls_stream_39.h:145]   --->   Operation 42 'bitselect' 'tmp_14' <Predicate = (ic_wordCount_V_load == 2 & !streamSource_V_1_load & empty & empty_35)> <Delay = 0.00>
ST_1 : Operation 43 [1/1] (1.16ns)   --->   "%icmp_server_stream_stream_stream_stream_axiWord_0_checksumStreams_1_read = read i16 @_ssdm_op_Read.ap_fifo.volatile.i16P0A, i16 %icmp_server_stream_stream_stream_stream_axiWord_0_checksumStreams_1" [/tools/Xilinx/Vitis_HLS/2022.1/common/technology/autopilot/hls_stream_39.h:145]   --->   Operation 43 'read' 'icmp_server_stream_stream_stream_stream_axiWord_0_checksumStreams_1_read' <Predicate = (ic_wordCount_V_load == 2 & !streamSource_V_1_load & empty & empty_35)> <Delay = 1.16> <CoreInst = "FIFO_SRL">   --->   Core 81 'FIFO_SRL' <Latency = 0> <II = 1> <Delay = 1.34> <Storage> <Opcode : 'read' 'write' 'nbread' 'nbwrite'> <Ports = 0> <Width = 16> <Depth = 16> <FIFO>
ST_1 : Operation 44 [1/1] (0.38ns)   --->   "%br_ln145 = br void %V.i3172.exit10.i" [/tools/Xilinx/Vitis_HLS/2022.1/common/technology/autopilot/hls_stream_39.h:145]   --->   Operation 44 'br' 'br_ln145' <Predicate = (ic_wordCount_V_load == 2 & !streamSource_V_1_load & empty & empty_35)> <Delay = 0.38>
ST_1 : Operation 45 [1/1] (1.16ns)   --->   "%icmp_server_stream_stream_stream_stream_axiWord_0_dataStreams_1_read_2 = read i128 @_ssdm_op_Read.ap_fifo.volatile.i128P0A, i128 %icmp_server_stream_stream_stream_stream_axiWord_0_dataStreams_1" [/tools/Xilinx/Vitis_HLS/2022.1/common/technology/autopilot/hls_stream_39.h:145]   --->   Operation 45 'read' 'icmp_server_stream_stream_stream_stream_axiWord_0_dataStreams_1_read_2' <Predicate = (ic_wordCount_V_load == 2 & streamSource_V_1_load & empty & empty_35)> <Delay = 1.16> <CoreInst = "FIFO">   --->   Core 78 'FIFO' <Latency = 0> <II = 1> <Delay = 1.38> <Storage> <Opcode : 'read' 'write' 'nbread' 'nbwrite'> <Ports = 0> <Width = 128> <Depth = 16> <FIFO>
ST_1 : Operation 46 [1/1] (0.00ns)   --->   "%inputWord_keep_V_i = partselect i8 @_ssdm_op_PartSelect.i8.i128.i32.i32, i128 %icmp_server_stream_stream_stream_stream_axiWord_0_dataStreams_1_read_2, i32 64, i32 71" [/tools/Xilinx/Vitis_HLS/2022.1/common/technology/autopilot/hls_stream_39.h:145]   --->   Operation 46 'partselect' 'inputWord_keep_V_i' <Predicate = (ic_wordCount_V_load == 2 & streamSource_V_1_load & empty & empty_35)> <Delay = 0.00>
ST_1 : Operation 47 [1/1] (0.00ns)   --->   "%tmp_13 = bitselect i1 @_ssdm_op_BitSelect.i1.i128.i128, i128 %icmp_server_stream_stream_stream_stream_axiWord_0_dataStreams_1_read_2, i128 72" [/tools/Xilinx/Vitis_HLS/2022.1/common/technology/autopilot/hls_stream_39.h:145]   --->   Operation 47 'bitselect' 'tmp_13' <Predicate = (ic_wordCount_V_load == 2 & streamSource_V_1_load & empty & empty_35)> <Delay = 0.00>
ST_1 : Operation 48 [1/1] (1.16ns)   --->   "%icmp_server_stream_stream_stream_stream_axiWord_0_checksumStreams_read = read i16 @_ssdm_op_Read.ap_fifo.volatile.i16P0A, i16 %icmp_server_stream_stream_stream_stream_axiWord_0_checksumStreams" [/tools/Xilinx/Vitis_HLS/2022.1/common/technology/autopilot/hls_stream_39.h:145]   --->   Operation 48 'read' 'icmp_server_stream_stream_stream_stream_axiWord_0_checksumStreams_read' <Predicate = (ic_wordCount_V_load == 2 & streamSource_V_1_load & empty & empty_35)> <Delay = 1.16> <CoreInst = "FIFO_SRL">   --->   Core 81 'FIFO_SRL' <Latency = 0> <II = 1> <Delay = 1.34> <Storage> <Opcode : 'read' 'write' 'nbread' 'nbwrite'> <Ports = 0> <Width = 16> <Depth = 16> <FIFO>
ST_1 : Operation 49 [1/1] (0.38ns)   --->   "%br_ln145 = br void %V.i3172.exit10.i" [/tools/Xilinx/Vitis_HLS/2022.1/common/technology/autopilot/hls_stream_39.h:145]   --->   Operation 49 'br' 'br_ln145' <Predicate = (ic_wordCount_V_load == 2 & streamSource_V_1_load & empty & empty_35)> <Delay = 0.38>
ST_1 : Operation 50 [1/1] (0.41ns)   --->   "%store_ln886 = store i16 3, i16 %ic_wordCount_V"   --->   Operation 50 'store' 'store_ln886' <Predicate = (ic_wordCount_V_load == 2 & empty & empty_35)> <Delay = 0.41>
ST_1 : Operation 51 [1/1] (0.00ns)   --->   "%br_ln394 = br void %insertChecksum.exit" [/mnt/scratch/pyuvaraj/Vitis_RoCE_W/Vitis_RoCE/fpga-network-stack/hls/icmp_server/icmp_server.cpp:394]   --->   Operation 51 'br' 'br_ln394' <Predicate = (ic_wordCount_V_load == 2)> <Delay = 0.00>
ST_1 : Operation 52 [1/1] (0.00ns)   --->   "%tmp_i = nbreadreq i1 @_ssdm_op_NbReadReq.ap_fifo.i128P0A, i128 %icmp_server_stream_stream_stream_stream_axiWord_0_dataStreams, i32 1" [/tools/Xilinx/Vitis_HLS/2022.1/common/technology/autopilot/hls_stream_39.h:136]   --->   Operation 52 'nbreadreq' 'tmp_i' <Predicate = (ic_wordCount_V_load == 0)> <Delay = 0.00> <CoreInst = "FIFO">   --->   Core 78 'FIFO' <Latency = 0> <II = 1> <Delay = 1.38> <Storage> <Opcode : 'read' 'write' 'nbread' 'nbwrite'> <Ports = 0> <Width = 128> <Depth = 16> <FIFO>
ST_1 : Operation 53 [1/1] (0.00ns)   --->   "%tmp_i_34 = nbreadreq i1 @_ssdm_op_NbReadReq.ap_fifo.i128P0A, i128 %icmp_server_stream_stream_stream_stream_axiWord_0_dataStreams_1, i32 1" [/tools/Xilinx/Vitis_HLS/2022.1/common/technology/autopilot/hls_stream_39.h:136]   --->   Operation 53 'nbreadreq' 'tmp_i_34' <Predicate = (ic_wordCount_V_load == 0)> <Delay = 0.00> <CoreInst = "FIFO">   --->   Core 78 'FIFO' <Latency = 0> <II = 1> <Delay = 1.38> <Storage> <Opcode : 'read' 'write' 'nbread' 'nbwrite'> <Ports = 0> <Width = 128> <Depth = 16> <FIFO>
ST_1 : Operation 54 [1/1] (0.12ns)   --->   "%or_ln377 = or i1 %tmp_i, i1 %tmp_i_34" [/mnt/scratch/pyuvaraj/Vitis_RoCE_W/Vitis_RoCE/fpga-network-stack/hls/icmp_server/icmp_server.cpp:377]   --->   Operation 54 'or' 'or_ln377' <Predicate = (ic_wordCount_V_load == 0)> <Delay = 0.12> <CoreInst = "LogicGate">   --->   Core 74 'LogicGate' <Latency = 0> <II = 1> <Delay = 0.12> <FuncUnit> <Opcode : 'and' 'or' 'xor'> <InPorts = 2> <OutPorts = 1>
ST_1 : Operation 55 [1/1] (0.00ns)   --->   "%br_ln377 = br i1 %or_ln377, void %for.end20.i, void %if.then.i" [/mnt/scratch/pyuvaraj/Vitis_RoCE_W/Vitis_RoCE/fpga-network-stack/hls/icmp_server/icmp_server.cpp:377]   --->   Operation 55 'br' 'br_ln377' <Predicate = (ic_wordCount_V_load == 0)> <Delay = 0.00>
ST_1 : Operation 56 [1/1] (0.12ns)   --->   "%xor_ln257 = xor i1 %tmp_i, i1 1"   --->   Operation 56 'xor' 'xor_ln257' <Predicate = (ic_wordCount_V_load == 0 & or_ln377)> <Delay = 0.12> <CoreInst = "LogicGate">   --->   Core 74 'LogicGate' <Latency = 0> <II = 1> <Delay = 0.12> <FuncUnit> <Opcode : 'and' 'or' 'xor'> <InPorts = 2> <OutPorts = 1>
ST_1 : Operation 57 [1/1] (0.00ns)   --->   "%store_ln378 = store i1 %xor_ln257, i1 %streamSource_V_1" [/mnt/scratch/pyuvaraj/Vitis_RoCE_W/Vitis_RoCE/fpga-network-stack/hls/icmp_server/icmp_server.cpp:378]   --->   Operation 57 'store' 'store_ln378' <Predicate = (ic_wordCount_V_load == 0 & or_ln377)> <Delay = 0.00>
ST_1 : Operation 58 [1/1] (0.00ns)   --->   "%br_ln145 = br i1 %tmp_i, void %V.i.i4784.case.1.i, void %V.i.i4784.case.0.i" [/tools/Xilinx/Vitis_HLS/2022.1/common/technology/autopilot/hls_stream_39.h:145]   --->   Operation 58 'br' 'br_ln145' <Predicate = (ic_wordCount_V_load == 0 & or_ln377)> <Delay = 0.00>
ST_1 : Operation 59 [1/1] (1.16ns)   --->   "%icmp_server_stream_stream_stream_stream_axiWord_0_dataStreams_1_read = read i128 @_ssdm_op_Read.ap_fifo.volatile.i128P0A, i128 %icmp_server_stream_stream_stream_stream_axiWord_0_dataStreams_1" [/tools/Xilinx/Vitis_HLS/2022.1/common/technology/autopilot/hls_stream_39.h:145]   --->   Operation 59 'read' 'icmp_server_stream_stream_stream_stream_axiWord_0_dataStreams_1_read' <Predicate = (ic_wordCount_V_load == 0 & or_ln377 & !tmp_i)> <Delay = 1.16> <CoreInst = "FIFO">   --->   Core 78 'FIFO' <Latency = 0> <II = 1> <Delay = 1.38> <Storage> <Opcode : 'read' 'write' 'nbread' 'nbwrite'> <Ports = 0> <Width = 128> <Depth = 16> <FIFO>
ST_1 : Operation 60 [1/1] (0.38ns)   --->   "%br_ln145 = br void %V.i.i4784.exit.i" [/tools/Xilinx/Vitis_HLS/2022.1/common/technology/autopilot/hls_stream_39.h:145]   --->   Operation 60 'br' 'br_ln145' <Predicate = (ic_wordCount_V_load == 0 & or_ln377 & !tmp_i)> <Delay = 0.38>
ST_1 : Operation 61 [1/1] (1.16ns)   --->   "%icmp_server_stream_stream_stream_stream_axiWord_0_dataStreams_read = read i128 @_ssdm_op_Read.ap_fifo.volatile.i128P0A, i128 %icmp_server_stream_stream_stream_stream_axiWord_0_dataStreams" [/tools/Xilinx/Vitis_HLS/2022.1/common/technology/autopilot/hls_stream_39.h:145]   --->   Operation 61 'read' 'icmp_server_stream_stream_stream_stream_axiWord_0_dataStreams_read' <Predicate = (ic_wordCount_V_load == 0 & or_ln377 & tmp_i)> <Delay = 1.16> <CoreInst = "FIFO">   --->   Core 78 'FIFO' <Latency = 0> <II = 1> <Delay = 1.38> <Storage> <Opcode : 'read' 'write' 'nbread' 'nbwrite'> <Ports = 0> <Width = 128> <Depth = 16> <FIFO>
ST_1 : Operation 62 [1/1] (0.38ns)   --->   "%br_ln145 = br void %V.i.i4784.exit.i" [/tools/Xilinx/Vitis_HLS/2022.1/common/technology/autopilot/hls_stream_39.h:145]   --->   Operation 62 'br' 'br_ln145' <Predicate = (ic_wordCount_V_load == 0 & or_ln377 & tmp_i)> <Delay = 0.38>
ST_1 : Operation 63 [1/1] (0.41ns)   --->   "%store_ln886 = store i16 1, i16 %ic_wordCount_V"   --->   Operation 63 'store' 'store_ln886' <Predicate = (ic_wordCount_V_load == 0 & or_ln377)> <Delay = 0.41>
ST_1 : Operation 64 [1/1] (0.00ns)   --->   "%br_ln385 = br void %insertChecksum.exit" [/mnt/scratch/pyuvaraj/Vitis_RoCE_W/Vitis_RoCE/fpga-network-stack/hls/icmp_server/icmp_server.cpp:385]   --->   Operation 64 'br' 'br_ln385' <Predicate = (ic_wordCount_V_load == 0)> <Delay = 0.00>
ST_1 : Operation 65 [1/1] (0.00ns)   --->   "%br_ln136 = br i1 %streamSource_V_1_load, void %V.i1188.case.0.i, void %V.i1188.case.1.i" [/tools/Xilinx/Vitis_HLS/2022.1/common/technology/autopilot/hls_stream_39.h:136]   --->   Operation 65 'br' 'br_ln136' <Predicate = (ic_wordCount_V_load != 0 & ic_wordCount_V_load != 2)> <Delay = 0.00>
ST_1 : Operation 66 [1/1] (0.00ns)   --->   "%tmp_46_i = nbreadreq i1 @_ssdm_op_NbReadReq.ap_fifo.i128P0A, i128 %icmp_server_stream_stream_stream_stream_axiWord_0_dataStreams, i32 1" [/tools/Xilinx/Vitis_HLS/2022.1/common/technology/autopilot/hls_stream_39.h:136]   --->   Operation 66 'nbreadreq' 'tmp_46_i' <Predicate = (ic_wordCount_V_load != 0 & ic_wordCount_V_load != 2 & !streamSource_V_1_load)> <Delay = 0.00> <CoreInst = "FIFO">   --->   Core 78 'FIFO' <Latency = 0> <II = 1> <Delay = 1.38> <Storage> <Opcode : 'read' 'write' 'nbread' 'nbwrite'> <Ports = 0> <Width = 128> <Depth = 16> <FIFO>
ST_1 : Operation 67 [1/1] (0.38ns)   --->   "%br_ln136 = br void %V.i1188.exit.i" [/tools/Xilinx/Vitis_HLS/2022.1/common/technology/autopilot/hls_stream_39.h:136]   --->   Operation 67 'br' 'br_ln136' <Predicate = (ic_wordCount_V_load != 0 & ic_wordCount_V_load != 2 & !streamSource_V_1_load)> <Delay = 0.38>
ST_1 : Operation 68 [1/1] (0.00ns)   --->   "%tmp_45_i = nbreadreq i1 @_ssdm_op_NbReadReq.ap_fifo.i128P0A, i128 %icmp_server_stream_stream_stream_stream_axiWord_0_dataStreams_1, i32 1" [/tools/Xilinx/Vitis_HLS/2022.1/common/technology/autopilot/hls_stream_39.h:136]   --->   Operation 68 'nbreadreq' 'tmp_45_i' <Predicate = (ic_wordCount_V_load != 0 & ic_wordCount_V_load != 2 & streamSource_V_1_load)> <Delay = 0.00> <CoreInst = "FIFO">   --->   Core 78 'FIFO' <Latency = 0> <II = 1> <Delay = 1.38> <Storage> <Opcode : 'read' 'write' 'nbread' 'nbwrite'> <Ports = 0> <Width = 128> <Depth = 16> <FIFO>
ST_1 : Operation 69 [1/1] (0.38ns)   --->   "%br_ln136 = br void %V.i1188.exit.i" [/tools/Xilinx/Vitis_HLS/2022.1/common/technology/autopilot/hls_stream_39.h:136]   --->   Operation 69 'br' 'br_ln136' <Predicate = (ic_wordCount_V_load != 0 & ic_wordCount_V_load != 2 & streamSource_V_1_load)> <Delay = 0.38>
ST_1 : Operation 70 [1/1] (0.00ns)   --->   "%empty_36 = phi i1 %tmp_46_i, void %V.i1188.case.0.i, i1 %tmp_45_i, void %V.i1188.case.1.i" [/tools/Xilinx/Vitis_HLS/2022.1/common/technology/autopilot/hls_stream_39.h:136]   --->   Operation 70 'phi' 'empty_36' <Predicate = (ic_wordCount_V_load != 0 & ic_wordCount_V_load != 2)> <Delay = 0.00>
ST_1 : Operation 71 [1/1] (0.00ns)   --->   "%br_ln396 = br i1 %empty_36, void %if.end51.i, void %if.then42.i" [/mnt/scratch/pyuvaraj/Vitis_RoCE_W/Vitis_RoCE/fpga-network-stack/hls/icmp_server/icmp_server.cpp:396]   --->   Operation 71 'br' 'br_ln396' <Predicate = (ic_wordCount_V_load != 0 & ic_wordCount_V_load != 2)> <Delay = 0.00>
ST_1 : Operation 72 [1/1] (0.00ns)   --->   "%br_ln145 = br i1 %streamSource_V_1_load, void %V.i1188.case.018.i, void %V.i1188.case.119.i" [/tools/Xilinx/Vitis_HLS/2022.1/common/technology/autopilot/hls_stream_39.h:145]   --->   Operation 72 'br' 'br_ln145' <Predicate = (ic_wordCount_V_load != 0 & ic_wordCount_V_load != 2 & empty_36)> <Delay = 0.00>
ST_1 : Operation 73 [1/1] (1.16ns)   --->   "%icmp_server_stream_stream_stream_stream_axiWord_0_dataStreams_read_1 = read i128 @_ssdm_op_Read.ap_fifo.volatile.i128P0A, i128 %icmp_server_stream_stream_stream_stream_axiWord_0_dataStreams" [/tools/Xilinx/Vitis_HLS/2022.1/common/technology/autopilot/hls_stream_39.h:145]   --->   Operation 73 'read' 'icmp_server_stream_stream_stream_stream_axiWord_0_dataStreams_read_1' <Predicate = (ic_wordCount_V_load != 0 & ic_wordCount_V_load != 2 & !streamSource_V_1_load & empty_36)> <Delay = 1.16> <CoreInst = "FIFO">   --->   Core 78 'FIFO' <Latency = 0> <II = 1> <Delay = 1.38> <Storage> <Opcode : 'read' 'write' 'nbread' 'nbwrite'> <Ports = 0> <Width = 128> <Depth = 16> <FIFO>
ST_1 : Operation 74 [1/1] (0.38ns)   --->   "%br_ln145 = br void %V.i1188.exit17.i" [/tools/Xilinx/Vitis_HLS/2022.1/common/technology/autopilot/hls_stream_39.h:145]   --->   Operation 74 'br' 'br_ln145' <Predicate = (ic_wordCount_V_load != 0 & ic_wordCount_V_load != 2 & !streamSource_V_1_load & empty_36)> <Delay = 0.38>
ST_1 : Operation 75 [1/1] (1.16ns)   --->   "%icmp_server_stream_stream_stream_stream_axiWord_0_dataStreams_1_read_1 = read i128 @_ssdm_op_Read.ap_fifo.volatile.i128P0A, i128 %icmp_server_stream_stream_stream_stream_axiWord_0_dataStreams_1" [/tools/Xilinx/Vitis_HLS/2022.1/common/technology/autopilot/hls_stream_39.h:145]   --->   Operation 75 'read' 'icmp_server_stream_stream_stream_stream_axiWord_0_dataStreams_1_read_1' <Predicate = (ic_wordCount_V_load != 0 & ic_wordCount_V_load != 2 & streamSource_V_1_load & empty_36)> <Delay = 1.16> <CoreInst = "FIFO">   --->   Core 78 'FIFO' <Latency = 0> <II = 1> <Delay = 1.38> <Storage> <Opcode : 'read' 'write' 'nbread' 'nbwrite'> <Ports = 0> <Width = 128> <Depth = 16> <FIFO>
ST_1 : Operation 76 [1/1] (0.38ns)   --->   "%br_ln145 = br void %V.i1188.exit17.i" [/tools/Xilinx/Vitis_HLS/2022.1/common/technology/autopilot/hls_stream_39.h:145]   --->   Operation 76 'br' 'br_ln145' <Predicate = (ic_wordCount_V_load != 0 & ic_wordCount_V_load != 2 & streamSource_V_1_load & empty_36)> <Delay = 0.38>
ST_1 : Operation 77 [1/1] (0.00ns)   --->   "%p_0 = phi i128 %icmp_server_stream_stream_stream_stream_axiWord_0_dataStreams_read_1, void %V.i1188.case.018.i, i128 %icmp_server_stream_stream_stream_stream_axiWord_0_dataStreams_1_read_1, void %V.i1188.case.119.i" [/tools/Xilinx/Vitis_HLS/2022.1/common/technology/autopilot/hls_stream_39.h:145]   --->   Operation 77 'phi' 'p_0' <Predicate = (ic_wordCount_V_load != 0 & ic_wordCount_V_load != 2 & empty_36)> <Delay = 0.00>
ST_1 : Operation 78 [1/1] (0.00ns)   --->   "%inputWord_last_V = bitselect i1 @_ssdm_op_BitSelect.i1.i128.i128, i128 %p_0, i128 72" [/tools/Xilinx/Vitis_HLS/2022.1/common/technology/autopilot/hls_stream_39.h:145]   --->   Operation 78 'bitselect' 'inputWord_last_V' <Predicate = (ic_wordCount_V_load != 0 & ic_wordCount_V_load != 2 & empty_36)> <Delay = 0.00>
ST_1 : Operation 79 [1/1] (0.78ns)   --->   "%add_ln886 = add i16 %ic_wordCount_V_load, i16 1"   --->   Operation 79 'add' 'add_ln886' <Predicate = (ic_wordCount_V_load != 0 & ic_wordCount_V_load != 2 & empty_36)> <Delay = 0.78> <CoreInst = "Adder">   --->   Core 1 'Adder' <Latency = 0> <II = 1> <Delay = 0.78> <FuncUnit> <Opcode : 'add' 'sub'> <InPorts = 2> <OutPorts = 1>
ST_1 : Operation 80 [1/1] (0.24ns)   --->   "%select_ln399 = select i1 %inputWord_last_V, i16 0, i16 %add_ln886" [/mnt/scratch/pyuvaraj/Vitis_RoCE_W/Vitis_RoCE/fpga-network-stack/hls/icmp_server/icmp_server.cpp:399]   --->   Operation 80 'select' 'select_ln399' <Predicate = (ic_wordCount_V_load != 0 & ic_wordCount_V_load != 2 & empty_36)> <Delay = 0.24> <CoreInst = "Sel">   --->   Core 73 'Sel' <Latency = 0> <II = 1> <Delay = 0.24> <FuncUnit> <Opcode : 'select'> <InPorts = 3> <OutPorts = 1>
ST_1 : Operation 81 [1/1] (0.41ns)   --->   "%store_ln400 = store i16 %select_ln399, i16 %ic_wordCount_V" [/mnt/scratch/pyuvaraj/Vitis_RoCE_W/Vitis_RoCE/fpga-network-stack/hls/icmp_server/icmp_server.cpp:400]   --->   Operation 81 'store' 'store_ln400' <Predicate = (ic_wordCount_V_load != 0 & ic_wordCount_V_load != 2 & empty_36)> <Delay = 0.41>
ST_1 : Operation 82 [1/1] (0.00ns)   --->   "%br_ln404 = br void %insertChecksum.exit" [/mnt/scratch/pyuvaraj/Vitis_RoCE_W/Vitis_RoCE/fpga-network-stack/hls/icmp_server/icmp_server.cpp:404]   --->   Operation 82 'br' 'br_ln404' <Predicate = (ic_wordCount_V_load != 0 & ic_wordCount_V_load != 2)> <Delay = 0.00>

State 2 <SV = 1> <Delay = 0.00>
ST_2 : Operation 83 [1/1] (0.00ns)   --->   "%p_2_0_0_09938_i = phi i1 %tmp_14, void %V.i3172.case.011.i, i1 %tmp_13, void %V.i3172.case.112.i" [/tools/Xilinx/Vitis_HLS/2022.1/common/technology/autopilot/hls_stream_39.h:145]   --->   Operation 83 'phi' 'p_2_0_0_09938_i' <Predicate = (ic_wordCount_V_load == 2 & empty & empty_35)> <Delay = 0.00>
ST_2 : Operation 84 [1/1] (0.00ns)   --->   "%p_1_0_0_09736_i = phi i8 %tmp_52_i, void %V.i3172.case.011.i, i8 %inputWord_keep_V_i, void %V.i3172.case.112.i" [/tools/Xilinx/Vitis_HLS/2022.1/common/technology/autopilot/hls_stream_39.h:145]   --->   Operation 84 'phi' 'p_1_0_0_09736_i' <Predicate = (ic_wordCount_V_load == 2 & empty & empty_35)> <Delay = 0.00>
ST_2 : Operation 85 [1/1] (0.00ns)   --->   "%phi_ln145 = phi i128 %icmp_server_stream_stream_stream_stream_axiWord_0_dataStreams_read_2, void %V.i3172.case.011.i, i128 %icmp_server_stream_stream_stream_stream_axiWord_0_dataStreams_1_read_2, void %V.i3172.case.112.i" [/tools/Xilinx/Vitis_HLS/2022.1/common/technology/autopilot/hls_stream_39.h:145]   --->   Operation 85 'phi' 'phi_ln145' <Predicate = (ic_wordCount_V_load == 2 & empty & empty_35)> <Delay = 0.00>
ST_2 : Operation 86 [1/1] (0.00ns)   --->   "%tmp_15 = phi i16 %icmp_server_stream_stream_stream_stream_axiWord_0_checksumStreams_1_read, void %V.i3172.case.011.i, i16 %icmp_server_stream_stream_stream_stream_axiWord_0_checksumStreams_read, void %V.i3172.case.112.i" [/tools/Xilinx/Vitis_HLS/2022.1/common/technology/autopilot/hls_stream_39.h:145]   --->   Operation 86 'phi' 'tmp_15' <Predicate = (ic_wordCount_V_load == 2 & empty & empty_35)> <Delay = 0.00>
ST_2 : Operation 87 [1/1] (0.00ns)   --->   "%p_Val2_s = trunc i128 %phi_ln145" [/tools/Xilinx/Vitis_HLS/2022.1/common/technology/autopilot/hls_stream_39.h:145]   --->   Operation 87 'trunc' 'p_Val2_s' <Predicate = (ic_wordCount_V_load == 2 & empty & empty_35)> <Delay = 0.00>
ST_2 : Operation 88 [1/1] (0.00ns)   --->   "%p_Result_s = partset i64 @_ssdm_op_PartSet.i64.i64.i16.i32.i32, i64 %p_Val2_s, i16 %tmp_15, i32 48, i32 63"   --->   Operation 88 'partset' 'p_Result_s' <Predicate = (ic_wordCount_V_load == 2 & empty & empty_35)> <Delay = 0.00>
ST_2 : Operation 89 [1/1] (0.00ns)   --->   "%tmp_9 = bitconcatenate i73 @_ssdm_op_BitConcatenate.i73.i1.i8.i64, i1 %p_2_0_0_09938_i, i8 %p_1_0_0_09736_i, i64 %p_Result_s" [/tools/Xilinx/Vitis_HLS/2022.1/common/technology/autopilot/hls_stream_39.h:174]   --->   Operation 89 'bitconcatenate' 'tmp_9' <Predicate = (ic_wordCount_V_load == 2 & empty & empty_35)> <Delay = 0.00>
ST_2 : Operation 90 [1/1] (0.00ns)   --->   "%zext_ln174 = zext i73 %tmp_9" [/tools/Xilinx/Vitis_HLS/2022.1/common/technology/autopilot/hls_stream_39.h:174]   --->   Operation 90 'zext' 'zext_ln174' <Predicate = (ic_wordCount_V_load == 2 & empty & empty_35)> <Delay = 0.00>
ST_2 : Operation 91 [2/2] (0.00ns)   --->   "%write_ln174 = write void @_ssdm_op_Write.axis.volatile.i128P128A, i128 %m_axis, i128 %zext_ln174" [/tools/Xilinx/Vitis_HLS/2022.1/common/technology/autopilot/hls_stream_39.h:174]   --->   Operation 91 'write' 'write_ln174' <Predicate = (ic_wordCount_V_load == 2 & empty & empty_35)> <Delay = 0.00> <CoreInst = "axis">   --->   Core 123 'axis' <Latency = 0> <II = 1> <Delay = 1.00> <Adapter> <Opcode : >
ST_2 : Operation 92 [1/1] (0.00ns)   --->   "%tmp = phi i128 %icmp_server_stream_stream_stream_stream_axiWord_0_dataStreams_read, void %V.i.i4784.case.0.i, i128 %icmp_server_stream_stream_stream_stream_axiWord_0_dataStreams_1_read, void %V.i.i4784.case.1.i" [/tools/Xilinx/Vitis_HLS/2022.1/common/technology/autopilot/hls_stream_39.h:145]   --->   Operation 92 'phi' 'tmp' <Predicate = (ic_wordCount_V_load == 0 & or_ln377)> <Delay = 0.00>
ST_2 : Operation 93 [2/2] (0.00ns)   --->   "%write_ln174 = write void @_ssdm_op_Write.axis.volatile.i128P128A, i128 %m_axis, i128 %tmp" [/tools/Xilinx/Vitis_HLS/2022.1/common/technology/autopilot/hls_stream_39.h:174]   --->   Operation 93 'write' 'write_ln174' <Predicate = (ic_wordCount_V_load == 0 & or_ln377)> <Delay = 0.00> <CoreInst = "axis">   --->   Core 123 'axis' <Latency = 0> <II = 1> <Delay = 1.00> <Adapter> <Opcode : >
ST_2 : Operation 94 [2/2] (0.00ns)   --->   "%write_ln174 = write void @_ssdm_op_Write.axis.volatile.i128P128A, i128 %m_axis, i128 %p_0" [/tools/Xilinx/Vitis_HLS/2022.1/common/technology/autopilot/hls_stream_39.h:174]   --->   Operation 94 'write' 'write_ln174' <Predicate = (ic_wordCount_V_load != 0 & ic_wordCount_V_load != 2 & empty_36)> <Delay = 0.00> <CoreInst = "axis">   --->   Core 123 'axis' <Latency = 0> <II = 1> <Delay = 1.00> <Adapter> <Opcode : >

State 3 <SV = 2> <Delay = 0.00>
ST_3 : Operation 95 [1/2] (0.00ns)   --->   "%write_ln174 = write void @_ssdm_op_Write.axis.volatile.i128P128A, i128 %m_axis, i128 %zext_ln174" [/tools/Xilinx/Vitis_HLS/2022.1/common/technology/autopilot/hls_stream_39.h:174]   --->   Operation 95 'write' 'write_ln174' <Predicate = (ic_wordCount_V_load == 2 & empty & empty_35)> <Delay = 0.00> <CoreInst = "axis">   --->   Core 123 'axis' <Latency = 0> <II = 1> <Delay = 1.00> <Adapter> <Opcode : >
ST_3 : Operation 96 [1/1] (0.00ns)   --->   "%br_ln393 = br void %if.end38.i" [/mnt/scratch/pyuvaraj/Vitis_RoCE_W/Vitis_RoCE/fpga-network-stack/hls/icmp_server/icmp_server.cpp:393]   --->   Operation 96 'br' 'br_ln393' <Predicate = (ic_wordCount_V_load == 2 & empty & empty_35)> <Delay = 0.00>
ST_3 : Operation 97 [1/2] (0.00ns)   --->   "%write_ln174 = write void @_ssdm_op_Write.axis.volatile.i128P128A, i128 %m_axis, i128 %tmp" [/tools/Xilinx/Vitis_HLS/2022.1/common/technology/autopilot/hls_stream_39.h:174]   --->   Operation 97 'write' 'write_ln174' <Predicate = (ic_wordCount_V_load == 0 & or_ln377)> <Delay = 0.00> <CoreInst = "axis">   --->   Core 123 'axis' <Latency = 0> <II = 1> <Delay = 1.00> <Adapter> <Opcode : >
ST_3 : Operation 98 [1/1] (0.00ns)   --->   "%br_ln382 = br void %for.end20.i" [/mnt/scratch/pyuvaraj/Vitis_RoCE_W/Vitis_RoCE/fpga-network-stack/hls/icmp_server/icmp_server.cpp:382]   --->   Operation 98 'br' 'br_ln382' <Predicate = (ic_wordCount_V_load == 0 & or_ln377)> <Delay = 0.00>
ST_3 : Operation 99 [1/2] (0.00ns)   --->   "%write_ln174 = write void @_ssdm_op_Write.axis.volatile.i128P128A, i128 %m_axis, i128 %p_0" [/tools/Xilinx/Vitis_HLS/2022.1/common/technology/autopilot/hls_stream_39.h:174]   --->   Operation 99 'write' 'write_ln174' <Predicate = (ic_wordCount_V_load != 0 & ic_wordCount_V_load != 2 & empty_36)> <Delay = 0.00> <CoreInst = "axis">   --->   Core 123 'axis' <Latency = 0> <II = 1> <Delay = 1.00> <Adapter> <Opcode : >
ST_3 : Operation 100 [1/1] (0.00ns)   --->   "%br_ln403 = br void %if.end51.i" [/mnt/scratch/pyuvaraj/Vitis_RoCE_W/Vitis_RoCE/fpga-network-stack/hls/icmp_server/icmp_server.cpp:403]   --->   Operation 100 'br' 'br_ln403' <Predicate = (ic_wordCount_V_load != 0 & ic_wordCount_V_load != 2 & empty_36)> <Delay = 0.00>
ST_3 : Operation 101 [1/1] (0.00ns)   --->   "%ret_ln0 = ret"   --->   Operation 101 'ret' 'ret_ln0' <Predicate = true> <Delay = 0.00>


============================================================
+ Verbose Summary: Timing violations
============================================================
Target clock period: 3.2ns, clock uncertainty: 0.864ns.

 <State 1>: 2.22ns
The critical path consists of the following:
	fifo read operation ('icmp_server_stream_stream_stream_stream_axiWord_0_dataStreams_read_1', /tools/Xilinx/Vitis_HLS/2022.1/common/technology/autopilot/hls_stream_39.h:145) on port 'icmp_server_stream_stream_stream_stream_axiWord_0_dataStreams' (/tools/Xilinx/Vitis_HLS/2022.1/common/technology/autopilot/hls_stream_39.h:145) [115]  (1.17 ns)
	multiplexor before 'phi' operation ('p_0', /tools/Xilinx/Vitis_HLS/2022.1/common/technology/autopilot/hls_stream_39.h:145) with incoming values : ('icmp_server_stream_stream_stream_stream_axiWord_0_dataStreams_read_1', /tools/Xilinx/Vitis_HLS/2022.1/common/technology/autopilot/hls_stream_39.h:145) ('icmp_server_stream_stream_stream_stream_axiWord_0_dataStreams_1_read_1', /tools/Xilinx/Vitis_HLS/2022.1/common/technology/autopilot/hls_stream_39.h:145) [121]  (0.387 ns)
	'phi' operation ('p_0', /tools/Xilinx/Vitis_HLS/2022.1/common/technology/autopilot/hls_stream_39.h:145) with incoming values : ('icmp_server_stream_stream_stream_stream_axiWord_0_dataStreams_read_1', /tools/Xilinx/Vitis_HLS/2022.1/common/technology/autopilot/hls_stream_39.h:145) ('icmp_server_stream_stream_stream_stream_axiWord_0_dataStreams_1_read_1', /tools/Xilinx/Vitis_HLS/2022.1/common/technology/autopilot/hls_stream_39.h:145) [121]  (0 ns)
	'select' operation ('select_ln399', /mnt/scratch/pyuvaraj/Vitis_RoCE_W/Vitis_RoCE/fpga-network-stack/hls/icmp_server/icmp_server.cpp:399) [125]  (0.243 ns)
	'store' operation ('store_ln400', /mnt/scratch/pyuvaraj/Vitis_RoCE_W/Vitis_RoCE/fpga-network-stack/hls/icmp_server/icmp_server.cpp:400) of variable 'select_ln399', /mnt/scratch/pyuvaraj/Vitis_RoCE_W/Vitis_RoCE/fpga-network-stack/hls/icmp_server/icmp_server.cpp:399 on static variable 'ic_wordCount_V' [126]  (0.42 ns)

 <State 2>: 0ns
The critical path consists of the following:

 <State 3>: 0ns
The critical path consists of the following:


============================================================
+ Verbose Summary: Binding
============================================================
N/A
* FSMD analyzer results:
  - Output states:
 - Input state : 
  - Chain level:
	State 1
	State 2
	State 3


============================================================
+ Verbose Summary: Datapath Resource usage 
============================================================
N/A
