

================================================================
== Vitis HLS Report for 'udpPortUnreachable'
================================================================
* Date:           Tue Jul 11 09:16:11 2023

* Version:        2022.1 (Build 3526262 on Mon Apr 18 15:47:01 MDT 2022)
* Project:        icmp_server_prj
* Solution:       solution1 (Vivado IP Flow Target)
* Product family: virtexuplus
* Target device:  xcu280-fsvh2892-2L-e


================================================================
== Performance Estimates
================================================================
+ Timing: 
    * Summary: 
    +--------+---------+----------+------------+
    |  Clock |  Target | Estimated| Uncertainty|
    +--------+---------+----------+------------+
    |ap_clk  |  3.20 ns|  3.224 ns|     0.86 ns|
    +--------+---------+----------+------------+

+ Latency: 
    * Summary: 
    +---------+---------+----------+----------+-----+-----+---------+
    |  Latency (cycles) |  Latency (absolute) |  Interval | Pipeline|
    |   min   |   max   |    min   |    max   | min | max |   Type  |
    +---------+---------+----------+----------+-----+-----+---------+
    |        0|        0|      0 ns|      0 ns|    1|    1|      yes|
    +---------+---------+----------+----------+-----+-----+---------+

    + Detail: 
        * Instance: 
        N/A

        * Loop: 
        N/A

============================================================
+ Verbose Summary: Synthesis Manager
============================================================
InlineROM: 1
ExposeGlobal: 0
============================================================
+ Verbose Summary: CDFG Model
============================================================
IsTopModel: 0
ResetActiveHigh: 1
IsCombinational: 2
IsDatapathOnly: 0
HasWiredReturn: 1
HasMFsm: 2
HasVarLatency: 0
IsPipeline: 1
IsRtlPipelined: 0
IsInstanceOverlapped: 0
IsDontTouch: 0
HasImplIP: 0
IsGatedGlobalClock: 0

+ Individual pipeline summary: 
  * Pipeline-0: initiation interval (II) = 1, depth = 1


============================================================
+ Verbose Summary: Schedule
============================================================
* Number of FSM states : 1
* Pipeline : 1
  Pipeline-0 : II = 1, D = 1, States = { 1 }
* Dataflow Pipeline: 0

* FSM state transitions: 
1 --> 

* FSM state operations: 

State 1 <SV = 0> <Delay = 3.22>
ST_1 : Operation 2 [1/1] (0.00ns)   --->   "%specinterface_ln0 = specinterface void @_ssdm_op_SpecInterface, i16 %icmp_server_stream_stream_stream_stream_axiWord_0_checksumStreams, void @empty_1, i32 0, i32 0, void @empty_0, i32 0, i32 0, void @empty_0, void @empty_0, void @empty_0, i32 0, i32 0, i32 0, i32 0, void @empty_0, void @empty_0, i32 4294967295, i32 0"   --->   Operation 2 'specinterface' 'specinterface_ln0' <Predicate = true> <Delay = 0.00>
ST_1 : Operation 3 [1/1] (0.00ns)   --->   "%specinterface_ln0 = specinterface void @_ssdm_op_SpecInterface, i16 %icmp_server_stream_stream_stream_stream_axiWord_0_checksumStreams, void @empty_1, i32 0, i32 0, void @empty_0, i32 0, i32 0, void @empty_0, void @empty_0, void @empty_0, i32 0, i32 0, i32 0, i32 0, void @empty_0, void @empty_0, i32 4294967295, i32 0"   --->   Operation 3 'specinterface' 'specinterface_ln0' <Predicate = true> <Delay = 0.00>
ST_1 : Operation 4 [1/1] (0.00ns)   --->   "%specinterface_ln0 = specinterface void @_ssdm_op_SpecInterface, i16 %icmp_server_stream_stream_stream_stream_axiWord_0_checksumStreams, void @empty_1, i32 0, i32 0, void @empty_0, i32 0, i32 0, void @empty_0, void @empty_0, void @empty_0, i32 0, i32 0, i32 0, i32 0, void @empty_0, void @empty_0, i32 4294967295, i32 0"   --->   Operation 4 'specinterface' 'specinterface_ln0' <Predicate = true> <Delay = 0.00>
ST_1 : Operation 5 [1/1] (0.00ns)   --->   "%specinterface_ln0 = specinterface void @_ssdm_op_SpecInterface, i128 %udpPort2addIpHeader_data, void @empty_1, i32 0, i32 0, void @empty_0, i32 0, i32 0, void @empty_0, void @empty_0, void @empty_0, i32 0, i32 0, i32 0, i32 0, void @empty_0, void @empty_0, i32 4294967295, i32 0"   --->   Operation 5 'specinterface' 'specinterface_ln0' <Predicate = true> <Delay = 0.00>
ST_1 : Operation 6 [1/1] (0.00ns)   --->   "%specinterface_ln0 = specinterface void @_ssdm_op_SpecInterface, i128 %udpPort2addIpHeader_data, void @empty_1, i32 0, i32 0, void @empty_0, i32 0, i32 0, void @empty_0, void @empty_0, void @empty_0, i32 0, i32 0, i32 0, i32 0, void @empty_0, void @empty_0, i32 4294967295, i32 0"   --->   Operation 6 'specinterface' 'specinterface_ln0' <Predicate = true> <Delay = 0.00>
ST_1 : Operation 7 [1/1] (0.00ns)   --->   "%specinterface_ln0 = specinterface void @_ssdm_op_SpecInterface, i128 %udpPort2addIpHeader_data, void @empty_1, i32 0, i32 0, void @empty_0, i32 0, i32 0, void @empty_0, void @empty_0, void @empty_0, i32 0, i32 0, i32 0, i32 0, void @empty_0, void @empty_0, i32 4294967295, i32 0"   --->   Operation 7 'specinterface' 'specinterface_ln0' <Predicate = true> <Delay = 0.00>
ST_1 : Operation 8 [1/1] (0.00ns)   --->   "%specinterface_ln0 = specinterface void @_ssdm_op_SpecInterface, i64 %udpPort2addIpHeader_header, void @empty_1, i32 0, i32 0, void @empty_0, i32 0, i32 0, void @empty_0, void @empty_0, void @empty_0, i32 0, i32 0, i32 0, i32 0, void @empty_0, void @empty_0, i32 4294967295, i32 0"   --->   Operation 8 'specinterface' 'specinterface_ln0' <Predicate = true> <Delay = 0.00>
ST_1 : Operation 9 [1/1] (0.00ns)   --->   "%specinterface_ln0 = specinterface void @_ssdm_op_SpecInterface, i64 %udpPort2addIpHeader_header, void @empty_1, i32 0, i32 0, void @empty_0, i32 0, i32 0, void @empty_0, void @empty_0, void @empty_0, i32 0, i32 0, i32 0, i32 0, void @empty_0, void @empty_0, i32 4294967295, i32 0"   --->   Operation 9 'specinterface' 'specinterface_ln0' <Predicate = true> <Delay = 0.00>
ST_1 : Operation 10 [1/1] (0.00ns)   --->   "%specinterface_ln0 = specinterface void @_ssdm_op_SpecInterface, i64 %udpPort2addIpHeader_header, void @empty_1, i32 0, i32 0, void @empty_0, i32 0, i32 0, void @empty_0, void @empty_0, void @empty_0, i32 0, i32 0, i32 0, i32 0, void @empty_0, void @empty_0, i32 4294967295, i32 0"   --->   Operation 10 'specinterface' 'specinterface_ln0' <Predicate = true> <Delay = 0.00>
ST_1 : Operation 11 [1/1] (0.00ns)   --->   "%specinterface_ln0 = specinterface void @_ssdm_op_SpecInterface, i16 %icmp_server_stream_stream_stream_stream_axiWord_0_checksumStreams, void @empty_1, i32 0, i32 0, void @empty_0, i32 0, i32 0, void @empty_0, void @empty_0, void @empty_0, i32 0, i32 0, i32 0, i32 0, void @empty_0, void @empty_0, i32 4294967295, i32 0"   --->   Operation 11 'specinterface' 'specinterface_ln0' <Predicate = true> <Delay = 0.00>
ST_1 : Operation 12 [1/1] (0.00ns)   --->   "%specinterface_ln0 = specinterface void @_ssdm_op_SpecInterface, i64 %udpPort2addIpHeader_header, void @empty_1, i32 0, i32 0, void @empty_0, i32 0, i32 0, void @empty_0, void @empty_0, void @empty_0, i32 0, i32 0, i32 0, i32 0, void @empty_0, void @empty_0, i32 4294967295, i32 0"   --->   Operation 12 'specinterface' 'specinterface_ln0' <Predicate = true> <Delay = 0.00>
ST_1 : Operation 13 [1/1] (0.00ns)   --->   "%specinterface_ln0 = specinterface void @_ssdm_op_SpecInterface, i128 %udpPort2addIpHeader_data, void @empty_1, i32 0, i32 0, void @empty_0, i32 0, i32 0, void @empty_0, void @empty_0, void @empty_0, i32 0, i32 0, i32 0, i32 0, void @empty_0, void @empty_0, i32 4294967295, i32 0"   --->   Operation 13 'specinterface' 'specinterface_ln0' <Predicate = true> <Delay = 0.00>
ST_1 : Operation 14 [1/1] (0.00ns)   --->   "%specinterface_ln0 = specinterface void @_ssdm_op_SpecInterface, i128 %ttlIn, void @empty, i32 1, i32 1, void @empty_4, i32 0, i32 0, void @empty_0, void @empty_0, void @empty_0, i32 0, i32 0, i32 0, i32 0, void @empty_0, void @empty_0, i32 4294967295, i32 0"   --->   Operation 14 'specinterface' 'specinterface_ln0' <Predicate = true> <Delay = 0.00>
ST_1 : Operation 15 [1/1] (0.00ns)   --->   "%specinterface_ln0 = specinterface void @_ssdm_op_SpecInterface, i128 %udpIn, void @empty, i32 1, i32 1, void @empty_4, i32 0, i32 0, void @empty_0, void @empty_0, void @empty_0, i32 0, i32 0, i32 0, i32 0, void @empty_0, void @empty_0, i32 4294967295, i32 0"   --->   Operation 15 'specinterface' 'specinterface_ln0' <Predicate = true> <Delay = 0.00>
ST_1 : Operation 16 [1/1] (0.00ns)   --->   "%specpipeline_ln169 = specpipeline void @_ssdm_op_SpecPipeline, i32 1, i32 0, i32 0, i32 0, void @empty_0" [/mnt/scratch/pyuvaraj/Vitis_RoCE_W/Vitis_RoCE/fpga-network-stack/hls/icmp_server/icmp_server.cpp:169]   --->   Operation 16 'specpipeline' 'specpipeline_ln169' <Predicate = true> <Delay = 0.00>
ST_1 : Operation 17 [1/1] (0.00ns)   --->   "%tmp_i = nbreadreq i1 @_ssdm_op_NbReadReq.axis.i128P128A, i128 %udpIn, i32 1" [/tools/Xilinx/Vitis_HLS/2022.1/common/technology/autopilot/hls_stream_39.h:136]   --->   Operation 17 'nbreadreq' 'tmp_i' <Predicate = true> <Delay = 0.00> <CoreInst = "axis">   --->   Core 123 'axis' <Latency = 0> <II = 1> <Delay = 1.00> <Adapter> <Opcode : >
ST_1 : Operation 18 [1/1] (0.00ns)   --->   "%tmp_1_i = nbreadreq i1 @_ssdm_op_NbReadReq.axis.i128P128A, i128 %ttlIn, i32 1" [/tools/Xilinx/Vitis_HLS/2022.1/common/technology/autopilot/hls_stream_39.h:136]   --->   Operation 18 'nbreadreq' 'tmp_1_i' <Predicate = true> <Delay = 0.00> <CoreInst = "axis">   --->   Core 123 'axis' <Latency = 0> <II = 1> <Delay = 1.00> <Adapter> <Opcode : >
ST_1 : Operation 19 [1/1] (0.00ns)   --->   "%udpState_load = load i2 %udpState" [/mnt/scratch/pyuvaraj/Vitis_RoCE_W/Vitis_RoCE/fpga-network-stack/hls/icmp_server/icmp_server.cpp:182]   --->   Operation 19 'load' 'udpState_load' <Predicate = true> <Delay = 0.00>
ST_1 : Operation 20 [1/1] (0.00ns)   --->   "%ipWordCounter_V_load = load i3 %ipWordCounter_V"   --->   Operation 20 'load' 'ipWordCounter_V_load' <Predicate = true> <Delay = 0.00>
ST_1 : Operation 21 [1/1] (0.00ns)   --->   "%streamSource_V_load = load i1 %streamSource_V"   --->   Operation 21 'load' 'streamSource_V_load' <Predicate = true> <Delay = 0.00>
ST_1 : Operation 22 [1/1] (0.00ns)   --->   "%udpChecksum_V_load = load i20 %udpChecksum_V"   --->   Operation 22 'load' 'udpChecksum_V_load' <Predicate = true> <Delay = 0.00>
ST_1 : Operation 23 [1/1] (0.00ns)   --->   "%trunc_ln182 = trunc i20 %udpChecksum_V_load" [/mnt/scratch/pyuvaraj/Vitis_RoCE_W/Vitis_RoCE/fpga-network-stack/hls/icmp_server/icmp_server.cpp:182]   --->   Operation 23 'trunc' 'trunc_ln182' <Predicate = true> <Delay = 0.00>
ST_1 : Operation 24 [1/1] (0.34ns)   --->   "%switch_ln182 = switch i2 %udpState_load, void %sw.bb.i, i2 3, void %sw.bb124.i, i2 1, void %sw.bb37.i, i2 2, void %sw.bb82.i" [/mnt/scratch/pyuvaraj/Vitis_RoCE_W/Vitis_RoCE/fpga-network-stack/hls/icmp_server/icmp_server.cpp:182]   --->   Operation 24 'switch' 'switch_ln182' <Predicate = true> <Delay = 0.34>
ST_1 : Operation 25 [1/1] (0.00ns) (grouped into LUT with out node or_ln217)   --->   "%xor_ln217 = xor i1 %streamSource_V_load, i1 1" [/mnt/scratch/pyuvaraj/Vitis_RoCE_W/Vitis_RoCE/fpga-network-stack/hls/icmp_server/icmp_server.cpp:217]   --->   Operation 25 'xor' 'xor_ln217' <Predicate = (udpState_load == 2)> <Delay = 0.00> <CoreInst = "LogicGate">   --->   Core 74 'LogicGate' <Latency = 0> <II = 1> <Delay = 0.12> <FuncUnit> <Opcode : 'and' 'or' 'xor'> <InPorts = 2> <OutPorts = 1>
ST_1 : Operation 26 [1/1] (0.00ns) (grouped into LUT with out node or_ln217)   --->   "%and_ln217 = and i1 %tmp_i, i1 %xor_ln217" [/mnt/scratch/pyuvaraj/Vitis_RoCE_W/Vitis_RoCE/fpga-network-stack/hls/icmp_server/icmp_server.cpp:217]   --->   Operation 26 'and' 'and_ln217' <Predicate = (udpState_load == 2)> <Delay = 0.00> <CoreInst = "LogicGate">   --->   Core 74 'LogicGate' <Latency = 0> <II = 1> <Delay = 0.12> <FuncUnit> <Opcode : 'and' 'or' 'xor'> <InPorts = 2> <OutPorts = 1>
ST_1 : Operation 27 [1/1] (0.00ns) (grouped into LUT with out node or_ln217)   --->   "%and_ln217_1 = and i1 %streamSource_V_load, i1 %tmp_1_i" [/mnt/scratch/pyuvaraj/Vitis_RoCE_W/Vitis_RoCE/fpga-network-stack/hls/icmp_server/icmp_server.cpp:217]   --->   Operation 27 'and' 'and_ln217_1' <Predicate = (udpState_load == 2)> <Delay = 0.00> <CoreInst = "LogicGate">   --->   Core 74 'LogicGate' <Latency = 0> <II = 1> <Delay = 0.12> <FuncUnit> <Opcode : 'and' 'or' 'xor'> <InPorts = 2> <OutPorts = 1>
ST_1 : Operation 28 [1/1] (0.12ns) (out node of the LUT)   --->   "%or_ln217 = or i1 %and_ln217, i1 %and_ln217_1" [/mnt/scratch/pyuvaraj/Vitis_RoCE_W/Vitis_RoCE/fpga-network-stack/hls/icmp_server/icmp_server.cpp:217]   --->   Operation 28 'or' 'or_ln217' <Predicate = (udpState_load == 2)> <Delay = 0.12> <CoreInst = "LogicGate">   --->   Core 74 'LogicGate' <Latency = 0> <II = 1> <Delay = 0.12> <FuncUnit> <Opcode : 'and' 'or' 'xor'> <InPorts = 2> <OutPorts = 1>
ST_1 : Operation 29 [1/1] (0.00ns)   --->   "%br_ln217 = br i1 %or_ln217, void %if.end123.i, void %land.lhs.true90.i" [/mnt/scratch/pyuvaraj/Vitis_RoCE_W/Vitis_RoCE/fpga-network-stack/hls/icmp_server/icmp_server.cpp:217]   --->   Operation 29 'br' 'br_ln217' <Predicate = (udpState_load == 2)> <Delay = 0.00>
ST_1 : Operation 30 [1/1] (0.00ns)   --->   "%tmp_5_i = nbwritereq i1 @_ssdm_op_NbWriteReq.ap_fifo.i128P0A, i128 %udpPort2addIpHeader_data, i32 1" [/tools/Xilinx/Vitis_HLS/2022.1/common/technology/autopilot/hls_stream_39.h:140]   --->   Operation 30 'nbwritereq' 'tmp_5_i' <Predicate = (udpState_load == 2 & or_ln217)> <Delay = 0.00> <CoreInst = "FIFO">   --->   Core 78 'FIFO' <Latency = 0> <II = 1> <Delay = 1.21> <Storage> <Opcode : 'read' 'write' 'nbread' 'nbwrite'> <Ports = 0> <Width = 128> <Depth = 192> <FIFO>
ST_1 : Operation 31 [1/1] (0.00ns)   --->   "%br_ln217 = br i1 %tmp_5_i, void %if.end123.i, void %if.then92.i" [/mnt/scratch/pyuvaraj/Vitis_RoCE_W/Vitis_RoCE/fpga-network-stack/hls/icmp_server/icmp_server.cpp:217]   --->   Operation 31 'br' 'br_ln217' <Predicate = (udpState_load == 2 & or_ln217)> <Delay = 0.00>
ST_1 : Operation 32 [1/1] (0.00ns)   --->   "%br_ln219 = br i1 %streamSource_V_load, void %if.then98.i, void %if.then102.i" [/mnt/scratch/pyuvaraj/Vitis_RoCE_W/Vitis_RoCE/fpga-network-stack/hls/icmp_server/icmp_server.cpp:219]   --->   Operation 32 'br' 'br_ln219' <Predicate = (udpState_load == 2 & or_ln217 & tmp_5_i)> <Delay = 0.00>
ST_1 : Operation 33 [1/1] (0.00ns)   --->   "%tmp_2 = read i128 @_ssdm_op_Read.axis.volatile.i128P128A, i128 %udpIn" [/tools/Xilinx/Vitis_HLS/2022.1/common/technology/autopilot/hls_stream_39.h:145]   --->   Operation 33 'read' 'tmp_2' <Predicate = (udpState_load == 2 & or_ln217 & tmp_5_i & !streamSource_V_load)> <Delay = 0.00> <CoreInst = "axis">   --->   Core 123 'axis' <Latency = 0> <II = 1> <Delay = 1.00> <Adapter> <Opcode : >
ST_1 : Operation 34 [1/1] (0.00ns)   --->   "%tempWord_keep_V_1 = partselect i8 @_ssdm_op_PartSelect.i8.i128.i32.i32, i128 %tmp_2, i32 64, i32 71" [/mnt/scratch/pyuvaraj/Vitis_RoCE_W/Vitis_RoCE/fpga-network-stack/hls/icmp_server/icmp_server.cpp:220]   --->   Operation 34 'partselect' 'tempWord_keep_V_1' <Predicate = (udpState_load == 2 & or_ln217 & tmp_5_i & !streamSource_V_load)> <Delay = 0.00>
ST_1 : Operation 35 [1/1] (0.00ns)   --->   "%tempWord_last_V_1 = bitselect i1 @_ssdm_op_BitSelect.i1.i128.i128, i128 %tmp_2, i128 72" [/mnt/scratch/pyuvaraj/Vitis_RoCE_W/Vitis_RoCE/fpga-network-stack/hls/icmp_server/icmp_server.cpp:220]   --->   Operation 35 'bitselect' 'tempWord_last_V_1' <Predicate = (udpState_load == 2 & or_ln217 & tmp_5_i & !streamSource_V_load)> <Delay = 0.00>
ST_1 : Operation 36 [1/1] (0.38ns)   --->   "%br_ln220 = br void %if.end105.i" [/mnt/scratch/pyuvaraj/Vitis_RoCE_W/Vitis_RoCE/fpga-network-stack/hls/icmp_server/icmp_server.cpp:220]   --->   Operation 36 'br' 'br_ln220' <Predicate = (udpState_load == 2 & or_ln217 & tmp_5_i & !streamSource_V_load)> <Delay = 0.38>
ST_1 : Operation 37 [1/1] (0.00ns)   --->   "%tmp = read i128 @_ssdm_op_Read.axis.volatile.i128P128A, i128 %ttlIn" [/tools/Xilinx/Vitis_HLS/2022.1/common/technology/autopilot/hls_stream_39.h:145]   --->   Operation 37 'read' 'tmp' <Predicate = (udpState_load == 2 & or_ln217 & tmp_5_i & streamSource_V_load)> <Delay = 0.00> <CoreInst = "axis">   --->   Core 123 'axis' <Latency = 0> <II = 1> <Delay = 1.00> <Adapter> <Opcode : >
ST_1 : Operation 38 [1/1] (0.00ns)   --->   "%tempWord_keep_V_1_1 = partselect i8 @_ssdm_op_PartSelect.i8.i128.i32.i32, i128 %tmp, i32 64, i32 71" [/mnt/scratch/pyuvaraj/Vitis_RoCE_W/Vitis_RoCE/fpga-network-stack/hls/icmp_server/icmp_server.cpp:222]   --->   Operation 38 'partselect' 'tempWord_keep_V_1_1' <Predicate = (udpState_load == 2 & or_ln217 & tmp_5_i & streamSource_V_load)> <Delay = 0.00>
ST_1 : Operation 39 [1/1] (0.00ns)   --->   "%tempWord_last_V = bitselect i1 @_ssdm_op_BitSelect.i1.i128.i128, i128 %tmp, i128 72" [/mnt/scratch/pyuvaraj/Vitis_RoCE_W/Vitis_RoCE/fpga-network-stack/hls/icmp_server/icmp_server.cpp:222]   --->   Operation 39 'bitselect' 'tempWord_last_V' <Predicate = (udpState_load == 2 & or_ln217 & tmp_5_i & streamSource_V_load)> <Delay = 0.00>
ST_1 : Operation 40 [1/1] (0.38ns)   --->   "%br_ln222 = br void %if.end105.i" [/mnt/scratch/pyuvaraj/Vitis_RoCE_W/Vitis_RoCE/fpga-network-stack/hls/icmp_server/icmp_server.cpp:222]   --->   Operation 40 'br' 'br_ln222' <Predicate = (udpState_load == 2 & or_ln217 & tmp_5_i & streamSource_V_load)> <Delay = 0.38>
ST_1 : Operation 41 [1/1] (0.00ns)   --->   "%phi_ln155 = phi i128 %tmp_2, void %if.then98.i, i128 %tmp, void %if.then102.i"   --->   Operation 41 'phi' 'phi_ln155' <Predicate = (udpState_load == 2 & or_ln217 & tmp_5_i)> <Delay = 0.00>
ST_1 : Operation 42 [1/1] (0.00ns)   --->   "%tempWord_keep_V_4 = phi i8 %tempWord_keep_V_1, void %if.then98.i, i8 %tempWord_keep_V_1_1, void %if.then102.i"   --->   Operation 42 'phi' 'tempWord_keep_V_4' <Predicate = (udpState_load == 2 & or_ln217 & tmp_5_i)> <Delay = 0.00>
ST_1 : Operation 43 [1/1] (0.00ns)   --->   "%tempWord_last_V_4 = phi i1 %tempWord_last_V_1, void %if.then98.i, i1 %tempWord_last_V, void %if.then102.i"   --->   Operation 43 'phi' 'tempWord_last_V_4' <Predicate = (udpState_load == 2 & or_ln217 & tmp_5_i)> <Delay = 0.00>
ST_1 : Operation 44 [1/1] (0.00ns)   --->   "%tempWord_data_V_2 = trunc i128 %phi_ln155" [/tools/Xilinx/Vitis_HLS/2022.1/common/technology/autopilot/hls_stream_39.h:155]   --->   Operation 44 'trunc' 'tempWord_data_V_2' <Predicate = (udpState_load == 2 & or_ln217 & tmp_5_i)> <Delay = 0.00>
ST_1 : Operation 45 [1/1] (0.00ns)   --->   "%tmp_15_i = partselect i16 @_ssdm_op_PartSelect.i16.i128.i32.i32, i128 %phi_ln155, i32 48, i32 63"   --->   Operation 45 'partselect' 'tmp_15_i' <Predicate = (udpState_load == 2 & or_ln217 & tmp_5_i)> <Delay = 0.00>
ST_1 : Operation 46 [1/1] (0.00ns)   --->   "%tmp_16_i = partselect i16 @_ssdm_op_PartSelect.i16.i128.i32.i32, i128 %phi_ln155, i32 32, i32 47"   --->   Operation 46 'partselect' 'tmp_16_i' <Predicate = (udpState_load == 2 & or_ln217 & tmp_5_i)> <Delay = 0.00>
ST_1 : Operation 47 [1/1] (0.00ns)   --->   "%zext_ln232 = zext i16 %tmp_15_i"   --->   Operation 47 'zext' 'zext_ln232' <Predicate = (udpState_load == 2 & or_ln217 & tmp_5_i)> <Delay = 0.00>
ST_1 : Operation 48 [1/1] (0.00ns)   --->   "%zext_ln674 = zext i16 %tmp_16_i"   --->   Operation 48 'zext' 'zext_ln674' <Predicate = (udpState_load == 2 & or_ln217 & tmp_5_i)> <Delay = 0.00>
ST_1 : Operation 49 [1/1] (0.00ns)   --->   "%tmp_17_i = partselect i16 @_ssdm_op_PartSelect.i16.i128.i32.i32, i128 %phi_ln155, i32 16, i32 31"   --->   Operation 49 'partselect' 'tmp_17_i' <Predicate = (udpState_load == 2 & or_ln217 & tmp_5_i)> <Delay = 0.00>
ST_1 : Operation 50 [1/1] (0.00ns)   --->   "%zext_ln674_1 = zext i16 %tmp_17_i"   --->   Operation 50 'zext' 'zext_ln674_1' <Predicate = (udpState_load == 2 & or_ln217 & tmp_5_i)> <Delay = 0.00>
ST_1 : Operation 51 [1/1] (0.00ns)   --->   "%trunc_ln674_1 = trunc i128 %phi_ln155"   --->   Operation 51 'trunc' 'trunc_ln674_1' <Predicate = (udpState_load == 2 & or_ln217 & tmp_5_i)> <Delay = 0.00>
ST_1 : Operation 52 [1/1] (0.00ns)   --->   "%zext_ln232_1 = zext i16 %trunc_ln674_1"   --->   Operation 52 'zext' 'zext_ln232_1' <Predicate = (udpState_load == 2 & or_ln217 & tmp_5_i)> <Delay = 0.00>
ST_1 : Operation 53 [1/1] (0.78ns)   --->   "%add_ln232_2 = add i17 %zext_ln674, i17 %zext_ln232"   --->   Operation 53 'add' 'add_ln232_2' <Predicate = (udpState_load == 2 & or_ln217 & tmp_5_i)> <Delay = 0.78> <CoreInst = "Adder">   --->   Core 1 'Adder' <Latency = 0> <II = 1> <Delay = 0.78> <FuncUnit> <Opcode : 'add' 'sub'> <InPorts = 2> <OutPorts = 1>
ST_1 : Operation 54 [1/1] (0.00ns)   --->   "%zext_ln232_2 = zext i17 %add_ln232_2"   --->   Operation 54 'zext' 'zext_ln232_2' <Predicate = (udpState_load == 2 & or_ln217 & tmp_5_i)> <Delay = 0.00>
ST_1 : Operation 55 [1/1] (0.78ns)   --->   "%add_ln232_3 = add i17 %zext_ln674_1, i17 %zext_ln232_1"   --->   Operation 55 'add' 'add_ln232_3' <Predicate = (udpState_load == 2 & or_ln217 & tmp_5_i)> <Delay = 0.78> <CoreInst = "Adder">   --->   Core 1 'Adder' <Latency = 0> <II = 1> <Delay = 0.78> <FuncUnit> <Opcode : 'add' 'sub'> <InPorts = 2> <OutPorts = 1>
ST_1 : Operation 56 [1/1] (0.00ns)   --->   "%zext_ln232_3 = zext i17 %add_ln232_3"   --->   Operation 56 'zext' 'zext_ln232_3' <Predicate = (udpState_load == 2 & or_ln217 & tmp_5_i)> <Delay = 0.00>
ST_1 : Operation 57 [1/1] (0.79ns)   --->   "%add_ln232_4 = add i18 %zext_ln232_3, i18 %zext_ln232_2"   --->   Operation 57 'add' 'add_ln232_4' <Predicate = (udpState_load == 2 & or_ln217 & tmp_5_i)> <Delay = 0.79> <CoreInst = "Adder">   --->   Core 1 'Adder' <Latency = 0> <II = 1> <Delay = 0.79> <FuncUnit> <Opcode : 'add' 'sub'> <InPorts = 2> <OutPorts = 1>
ST_1 : Operation 58 [1/1] (0.00ns)   --->   "%zext_ln232_4 = zext i18 %add_ln232_4"   --->   Operation 58 'zext' 'zext_ln232_4' <Predicate = (udpState_load == 2 & or_ln217 & tmp_5_i)> <Delay = 0.00>
ST_1 : Operation 59 [1/1] (0.80ns)   --->   "%add_ln232_5 = add i20 %udpChecksum_V_load, i20 %zext_ln232_4"   --->   Operation 59 'add' 'add_ln232_5' <Predicate = (udpState_load == 2 & or_ln217 & tmp_5_i)> <Delay = 0.80> <CoreInst = "Adder">   --->   Core 1 'Adder' <Latency = 0> <II = 1> <Delay = 0.80> <FuncUnit> <Opcode : 'add' 'sub'> <InPorts = 2> <OutPorts = 1>
ST_1 : Operation 60 [1/1] (0.45ns)   --->   "%store_ln223 = store i20 %add_ln232_5, i20 %udpChecksum_V" [/mnt/scratch/pyuvaraj/Vitis_RoCE_W/Vitis_RoCE/fpga-network-stack/hls/icmp_server/icmp_server.cpp:223]   --->   Operation 60 'store' 'store_ln223' <Predicate = (udpState_load == 2 & or_ln217 & tmp_5_i)> <Delay = 0.45>
ST_1 : Operation 61 [1/1] (0.00ns)   --->   "%tmp_23_i = bitconcatenate i73 @_ssdm_op_BitConcatenate.i73.i1.i8.i64, i1 %tempWord_last_V_4, i8 %tempWord_keep_V_4, i64 %tempWord_data_V_2" [/tools/Xilinx/Vitis_HLS/2022.1/common/technology/autopilot/hls_stream_39.h:174]   --->   Operation 61 'bitconcatenate' 'tmp_23_i' <Predicate = (udpState_load == 2 & or_ln217 & tmp_5_i)> <Delay = 0.00>
ST_1 : Operation 62 [1/1] (0.00ns)   --->   "%zext_ln174_1 = zext i73 %tmp_23_i" [/tools/Xilinx/Vitis_HLS/2022.1/common/technology/autopilot/hls_stream_39.h:174]   --->   Operation 62 'zext' 'zext_ln174_1' <Predicate = (udpState_load == 2 & or_ln217 & tmp_5_i)> <Delay = 0.00>
ST_1 : Operation 63 [1/1] (1.16ns)   --->   "%write_ln174 = write void @_ssdm_op_Write.ap_fifo.volatile.i128P0A, i128 %udpPort2addIpHeader_data, i128 %zext_ln174_1" [/tools/Xilinx/Vitis_HLS/2022.1/common/technology/autopilot/hls_stream_39.h:174]   --->   Operation 63 'write' 'write_ln174' <Predicate = (udpState_load == 2 & or_ln217 & tmp_5_i)> <Delay = 1.16> <CoreInst = "FIFO">   --->   Core 78 'FIFO' <Latency = 0> <II = 1> <Delay = 1.21> <Storage> <Opcode : 'read' 'write' 'nbread' 'nbwrite'> <Ports = 0> <Width = 128> <Depth = 192> <FIFO>
ST_1 : Operation 64 [1/1] (0.00ns)   --->   "%br_ln225 = br i1 %tempWord_last_V_4, void %if.end122.i, void %if.then121.i" [/mnt/scratch/pyuvaraj/Vitis_RoCE_W/Vitis_RoCE/fpga-network-stack/hls/icmp_server/icmp_server.cpp:225]   --->   Operation 64 'br' 'br_ln225' <Predicate = (udpState_load == 2 & or_ln217 & tmp_5_i)> <Delay = 0.00>
ST_1 : Operation 65 [1/1] (0.45ns)   --->   "%store_ln226 = store i2 3, i2 %udpState" [/mnt/scratch/pyuvaraj/Vitis_RoCE_W/Vitis_RoCE/fpga-network-stack/hls/icmp_server/icmp_server.cpp:226]   --->   Operation 65 'store' 'store_ln226' <Predicate = (udpState_load == 2 & or_ln217 & tmp_5_i & tempWord_last_V_4)> <Delay = 0.45>
ST_1 : Operation 66 [1/1] (0.00ns)   --->   "%br_ln226 = br void %if.end122.i" [/mnt/scratch/pyuvaraj/Vitis_RoCE_W/Vitis_RoCE/fpga-network-stack/hls/icmp_server/icmp_server.cpp:226]   --->   Operation 66 'br' 'br_ln226' <Predicate = (udpState_load == 2 & or_ln217 & tmp_5_i & tempWord_last_V_4)> <Delay = 0.00>
ST_1 : Operation 67 [1/1] (0.00ns)   --->   "%br_ln227 = br void %if.end123.i" [/mnt/scratch/pyuvaraj/Vitis_RoCE_W/Vitis_RoCE/fpga-network-stack/hls/icmp_server/icmp_server.cpp:227]   --->   Operation 67 'br' 'br_ln227' <Predicate = (udpState_load == 2 & or_ln217 & tmp_5_i)> <Delay = 0.00>
ST_1 : Operation 68 [1/1] (0.00ns)   --->   "%br_ln228 = br void %udpPortUnreachable.exit" [/mnt/scratch/pyuvaraj/Vitis_RoCE_W/Vitis_RoCE/fpga-network-stack/hls/icmp_server/icmp_server.cpp:228]   --->   Operation 68 'br' 'br_ln228' <Predicate = (udpState_load == 2)> <Delay = 0.00>
ST_1 : Operation 69 [1/1] (0.00ns) (grouped into LUT with out node or_ln201)   --->   "%xor_ln201 = xor i1 %streamSource_V_load, i1 1" [/mnt/scratch/pyuvaraj/Vitis_RoCE_W/Vitis_RoCE/fpga-network-stack/hls/icmp_server/icmp_server.cpp:201]   --->   Operation 69 'xor' 'xor_ln201' <Predicate = (udpState_load == 1)> <Delay = 0.00> <CoreInst = "LogicGate">   --->   Core 74 'LogicGate' <Latency = 0> <II = 1> <Delay = 0.12> <FuncUnit> <Opcode : 'and' 'or' 'xor'> <InPorts = 2> <OutPorts = 1>
ST_1 : Operation 70 [1/1] (0.00ns) (grouped into LUT with out node or_ln201)   --->   "%and_ln201 = and i1 %tmp_i, i1 %xor_ln201" [/mnt/scratch/pyuvaraj/Vitis_RoCE_W/Vitis_RoCE/fpga-network-stack/hls/icmp_server/icmp_server.cpp:201]   --->   Operation 70 'and' 'and_ln201' <Predicate = (udpState_load == 1)> <Delay = 0.00> <CoreInst = "LogicGate">   --->   Core 74 'LogicGate' <Latency = 0> <II = 1> <Delay = 0.12> <FuncUnit> <Opcode : 'and' 'or' 'xor'> <InPorts = 2> <OutPorts = 1>
ST_1 : Operation 71 [1/1] (0.00ns) (grouped into LUT with out node or_ln201)   --->   "%and_ln201_1 = and i1 %streamSource_V_load, i1 %tmp_1_i" [/mnt/scratch/pyuvaraj/Vitis_RoCE_W/Vitis_RoCE/fpga-network-stack/hls/icmp_server/icmp_server.cpp:201]   --->   Operation 71 'and' 'and_ln201_1' <Predicate = (udpState_load == 1)> <Delay = 0.00> <CoreInst = "LogicGate">   --->   Core 74 'LogicGate' <Latency = 0> <II = 1> <Delay = 0.12> <FuncUnit> <Opcode : 'and' 'or' 'xor'> <InPorts = 2> <OutPorts = 1>
ST_1 : Operation 72 [1/1] (0.12ns) (out node of the LUT)   --->   "%or_ln201 = or i1 %and_ln201, i1 %and_ln201_1" [/mnt/scratch/pyuvaraj/Vitis_RoCE_W/Vitis_RoCE/fpga-network-stack/hls/icmp_server/icmp_server.cpp:201]   --->   Operation 72 'or' 'or_ln201' <Predicate = (udpState_load == 1)> <Delay = 0.12> <CoreInst = "LogicGate">   --->   Core 74 'LogicGate' <Latency = 0> <II = 1> <Delay = 0.12> <FuncUnit> <Opcode : 'and' 'or' 'xor'> <InPorts = 2> <OutPorts = 1>
ST_1 : Operation 73 [1/1] (0.00ns)   --->   "%br_ln201 = br i1 %or_ln201, void %if.end81.i, void %land.lhs.true45.i" [/mnt/scratch/pyuvaraj/Vitis_RoCE_W/Vitis_RoCE/fpga-network-stack/hls/icmp_server/icmp_server.cpp:201]   --->   Operation 73 'br' 'br_ln201' <Predicate = (udpState_load == 1)> <Delay = 0.00>
ST_1 : Operation 74 [1/1] (0.00ns)   --->   "%tmp_4_i = nbwritereq i1 @_ssdm_op_NbWriteReq.ap_fifo.i128P0A, i128 %udpPort2addIpHeader_data, i32 1" [/tools/Xilinx/Vitis_HLS/2022.1/common/technology/autopilot/hls_stream_39.h:140]   --->   Operation 74 'nbwritereq' 'tmp_4_i' <Predicate = (udpState_load == 1 & or_ln201)> <Delay = 0.00> <CoreInst = "FIFO">   --->   Core 78 'FIFO' <Latency = 0> <II = 1> <Delay = 1.21> <Storage> <Opcode : 'read' 'write' 'nbread' 'nbwrite'> <Ports = 0> <Width = 128> <Depth = 192> <FIFO>
ST_1 : Operation 75 [1/1] (0.00ns)   --->   "%br_ln201 = br i1 %tmp_4_i, void %if.end81.i, void %land.lhs.true47.i" [/mnt/scratch/pyuvaraj/Vitis_RoCE_W/Vitis_RoCE/fpga-network-stack/hls/icmp_server/icmp_server.cpp:201]   --->   Operation 75 'br' 'br_ln201' <Predicate = (udpState_load == 1 & or_ln201)> <Delay = 0.00>
ST_1 : Operation 76 [1/1] (0.00ns)   --->   "%tmp_7_i = nbwritereq i1 @_ssdm_op_NbWriteReq.ap_fifo.i64P0A, i64 %udpPort2addIpHeader_header, i32 1" [/tools/Xilinx/Vitis_HLS/2022.1/common/technology/autopilot/hls_stream_39.h:140]   --->   Operation 76 'nbwritereq' 'tmp_7_i' <Predicate = (udpState_load == 1 & or_ln201 & tmp_4_i)> <Delay = 0.00> <CoreInst = "FIFO">   --->   Core 78 'FIFO' <Latency = 0> <II = 1> <Delay = 1.13> <Storage> <Opcode : 'read' 'write' 'nbread' 'nbwrite'> <Ports = 0> <Width = 64> <Depth = 64> <FIFO>
ST_1 : Operation 77 [1/1] (0.00ns)   --->   "%br_ln201 = br i1 %tmp_7_i, void %if.end81.i, void %if.then49.i" [/mnt/scratch/pyuvaraj/Vitis_RoCE_W/Vitis_RoCE/fpga-network-stack/hls/icmp_server/icmp_server.cpp:201]   --->   Operation 77 'br' 'br_ln201' <Predicate = (udpState_load == 1 & or_ln201 & tmp_4_i)> <Delay = 0.00>
ST_1 : Operation 78 [1/1] (0.00ns)   --->   "%br_ln203 = br i1 %streamSource_V_load, void %if.then55.i, void %if.then59.i" [/mnt/scratch/pyuvaraj/Vitis_RoCE_W/Vitis_RoCE/fpga-network-stack/hls/icmp_server/icmp_server.cpp:203]   --->   Operation 78 'br' 'br_ln203' <Predicate = (udpState_load == 1 & or_ln201 & tmp_4_i & tmp_7_i)> <Delay = 0.00>
ST_1 : Operation 79 [1/1] (0.00ns)   --->   "%tmp_6 = read i128 @_ssdm_op_Read.axis.volatile.i128P128A, i128 %udpIn" [/tools/Xilinx/Vitis_HLS/2022.1/common/technology/autopilot/hls_stream_39.h:145]   --->   Operation 79 'read' 'tmp_6' <Predicate = (udpState_load == 1 & !streamSource_V_load & or_ln201 & tmp_4_i & tmp_7_i)> <Delay = 0.00> <CoreInst = "axis">   --->   Core 123 'axis' <Latency = 0> <II = 1> <Delay = 1.00> <Adapter> <Opcode : >
ST_1 : Operation 80 [1/1] (0.00ns)   --->   "%tempWord_keep_V_3 = partselect i8 @_ssdm_op_PartSelect.i8.i128.i32.i32, i128 %tmp_6, i32 64, i32 71" [/mnt/scratch/pyuvaraj/Vitis_RoCE_W/Vitis_RoCE/fpga-network-stack/hls/icmp_server/icmp_server.cpp:204]   --->   Operation 80 'partselect' 'tempWord_keep_V_3' <Predicate = (udpState_load == 1 & !streamSource_V_load & or_ln201 & tmp_4_i & tmp_7_i)> <Delay = 0.00>
ST_1 : Operation 81 [1/1] (0.00ns)   --->   "%tempWord_last_V_3 = bitselect i1 @_ssdm_op_BitSelect.i1.i128.i128, i128 %tmp_6, i128 72" [/mnt/scratch/pyuvaraj/Vitis_RoCE_W/Vitis_RoCE/fpga-network-stack/hls/icmp_server/icmp_server.cpp:204]   --->   Operation 81 'bitselect' 'tempWord_last_V_3' <Predicate = (udpState_load == 1 & !streamSource_V_load & or_ln201 & tmp_4_i & tmp_7_i)> <Delay = 0.00>
ST_1 : Operation 82 [1/1] (0.38ns)   --->   "%br_ln204 = br void %if.end62.i" [/mnt/scratch/pyuvaraj/Vitis_RoCE_W/Vitis_RoCE/fpga-network-stack/hls/icmp_server/icmp_server.cpp:204]   --->   Operation 82 'br' 'br_ln204' <Predicate = (udpState_load == 1 & !streamSource_V_load & or_ln201 & tmp_4_i & tmp_7_i)> <Delay = 0.38>
ST_1 : Operation 83 [1/1] (0.00ns)   --->   "%tmp_4 = read i128 @_ssdm_op_Read.axis.volatile.i128P128A, i128 %ttlIn" [/tools/Xilinx/Vitis_HLS/2022.1/common/technology/autopilot/hls_stream_39.h:145]   --->   Operation 83 'read' 'tmp_4' <Predicate = (udpState_load == 1 & streamSource_V_load & or_ln201 & tmp_4_i & tmp_7_i)> <Delay = 0.00> <CoreInst = "axis">   --->   Core 123 'axis' <Latency = 0> <II = 1> <Delay = 1.00> <Adapter> <Opcode : >
ST_1 : Operation 84 [1/1] (0.00ns)   --->   "%tempWord_keep_V_2 = partselect i8 @_ssdm_op_PartSelect.i8.i128.i32.i32, i128 %tmp_4, i32 64, i32 71" [/mnt/scratch/pyuvaraj/Vitis_RoCE_W/Vitis_RoCE/fpga-network-stack/hls/icmp_server/icmp_server.cpp:206]   --->   Operation 84 'partselect' 'tempWord_keep_V_2' <Predicate = (udpState_load == 1 & streamSource_V_load & or_ln201 & tmp_4_i & tmp_7_i)> <Delay = 0.00>
ST_1 : Operation 85 [1/1] (0.00ns)   --->   "%tempWord_last_V_2 = bitselect i1 @_ssdm_op_BitSelect.i1.i128.i128, i128 %tmp_4, i128 72" [/mnt/scratch/pyuvaraj/Vitis_RoCE_W/Vitis_RoCE/fpga-network-stack/hls/icmp_server/icmp_server.cpp:206]   --->   Operation 85 'bitselect' 'tempWord_last_V_2' <Predicate = (udpState_load == 1 & streamSource_V_load & or_ln201 & tmp_4_i & tmp_7_i)> <Delay = 0.00>
ST_1 : Operation 86 [1/1] (0.38ns)   --->   "%br_ln206 = br void %if.end62.i" [/mnt/scratch/pyuvaraj/Vitis_RoCE_W/Vitis_RoCE/fpga-network-stack/hls/icmp_server/icmp_server.cpp:206]   --->   Operation 86 'br' 'br_ln206' <Predicate = (udpState_load == 1 & streamSource_V_load & or_ln201 & tmp_4_i & tmp_7_i)> <Delay = 0.38>
ST_1 : Operation 87 [1/1] (0.00ns)   --->   "%phi_ln155_1 = phi i128 %tmp_6, void %if.then55.i, i128 %tmp_4, void %if.then59.i"   --->   Operation 87 'phi' 'phi_ln155_1' <Predicate = (udpState_load == 1 & or_ln201 & tmp_4_i & tmp_7_i)> <Delay = 0.00>
ST_1 : Operation 88 [1/1] (0.00ns)   --->   "%tempWord_keep_V_5 = phi i8 %tempWord_keep_V_3, void %if.then55.i, i8 %tempWord_keep_V_2, void %if.then59.i"   --->   Operation 88 'phi' 'tempWord_keep_V_5' <Predicate = (udpState_load == 1 & or_ln201 & tmp_4_i & tmp_7_i)> <Delay = 0.00>
ST_1 : Operation 89 [1/1] (0.00ns)   --->   "%tempWord_last_V_5 = phi i1 %tempWord_last_V_3, void %if.then55.i, i1 %tempWord_last_V_2, void %if.then59.i"   --->   Operation 89 'phi' 'tempWord_last_V_5' <Predicate = (udpState_load == 1 & or_ln201 & tmp_4_i & tmp_7_i)> <Delay = 0.00>
ST_1 : Operation 90 [1/1] (0.00ns)   --->   "%tempWord_data_V_1 = trunc i128 %phi_ln155_1" [/tools/Xilinx/Vitis_HLS/2022.1/common/technology/autopilot/hls_stream_39.h:155]   --->   Operation 90 'trunc' 'tempWord_data_V_1' <Predicate = (udpState_load == 1 & or_ln201 & tmp_4_i & tmp_7_i)> <Delay = 0.00>
ST_1 : Operation 91 [1/1] (0.00ns)   --->   "%tmp_19_i = partselect i16 @_ssdm_op_PartSelect.i16.i128.i32.i32, i128 %phi_ln155_1, i32 48, i32 63"   --->   Operation 91 'partselect' 'tmp_19_i' <Predicate = (udpState_load == 1 & or_ln201 & tmp_4_i & tmp_7_i)> <Delay = 0.00>
ST_1 : Operation 92 [1/1] (0.00ns)   --->   "%tmp_20_i = partselect i16 @_ssdm_op_PartSelect.i16.i128.i32.i32, i128 %phi_ln155_1, i32 32, i32 47"   --->   Operation 92 'partselect' 'tmp_20_i' <Predicate = (udpState_load == 1 & or_ln201 & tmp_4_i & tmp_7_i)> <Delay = 0.00>
ST_1 : Operation 93 [1/1] (0.00ns)   --->   "%zext_ln232_5 = zext i16 %tmp_19_i"   --->   Operation 93 'zext' 'zext_ln232_5' <Predicate = (udpState_load == 1 & or_ln201 & tmp_4_i & tmp_7_i)> <Delay = 0.00>
ST_1 : Operation 94 [1/1] (0.00ns)   --->   "%zext_ln674_2 = zext i16 %tmp_20_i"   --->   Operation 94 'zext' 'zext_ln674_2' <Predicate = (udpState_load == 1 & or_ln201 & tmp_4_i & tmp_7_i)> <Delay = 0.00>
ST_1 : Operation 95 [1/1] (0.00ns)   --->   "%tmp_21_i = partselect i16 @_ssdm_op_PartSelect.i16.i128.i32.i32, i128 %phi_ln155_1, i32 16, i32 31"   --->   Operation 95 'partselect' 'tmp_21_i' <Predicate = (udpState_load == 1 & or_ln201 & tmp_4_i & tmp_7_i)> <Delay = 0.00>
ST_1 : Operation 96 [1/1] (0.00ns)   --->   "%zext_ln674_3 = zext i16 %tmp_21_i"   --->   Operation 96 'zext' 'zext_ln674_3' <Predicate = (udpState_load == 1 & or_ln201 & tmp_4_i & tmp_7_i)> <Delay = 0.00>
ST_1 : Operation 97 [1/1] (0.00ns)   --->   "%trunc_ln674_2 = trunc i128 %phi_ln155_1"   --->   Operation 97 'trunc' 'trunc_ln674_2' <Predicate = (udpState_load == 1 & or_ln201 & tmp_4_i & tmp_7_i)> <Delay = 0.00>
ST_1 : Operation 98 [1/1] (0.00ns)   --->   "%zext_ln232_6 = zext i16 %trunc_ln674_2"   --->   Operation 98 'zext' 'zext_ln232_6' <Predicate = (udpState_load == 1 & or_ln201 & tmp_4_i & tmp_7_i)> <Delay = 0.00>
ST_1 : Operation 99 [1/1] (0.78ns)   --->   "%add_ln232_6 = add i17 %zext_ln674_2, i17 %zext_ln232_5"   --->   Operation 99 'add' 'add_ln232_6' <Predicate = (udpState_load == 1 & or_ln201 & tmp_4_i & tmp_7_i)> <Delay = 0.78> <CoreInst = "Adder">   --->   Core 1 'Adder' <Latency = 0> <II = 1> <Delay = 0.78> <FuncUnit> <Opcode : 'add' 'sub'> <InPorts = 2> <OutPorts = 1>
ST_1 : Operation 100 [1/1] (0.00ns)   --->   "%zext_ln232_7 = zext i17 %add_ln232_6"   --->   Operation 100 'zext' 'zext_ln232_7' <Predicate = (udpState_load == 1 & or_ln201 & tmp_4_i & tmp_7_i)> <Delay = 0.00>
ST_1 : Operation 101 [1/1] (0.78ns)   --->   "%add_ln232_7 = add i17 %zext_ln674_3, i17 %zext_ln232_6"   --->   Operation 101 'add' 'add_ln232_7' <Predicate = (udpState_load == 1 & or_ln201 & tmp_4_i & tmp_7_i)> <Delay = 0.78> <CoreInst = "Adder">   --->   Core 1 'Adder' <Latency = 0> <II = 1> <Delay = 0.78> <FuncUnit> <Opcode : 'add' 'sub'> <InPorts = 2> <OutPorts = 1>
ST_1 : Operation 102 [1/1] (0.00ns)   --->   "%zext_ln232_8 = zext i17 %add_ln232_7"   --->   Operation 102 'zext' 'zext_ln232_8' <Predicate = (udpState_load == 1 & or_ln201 & tmp_4_i & tmp_7_i)> <Delay = 0.00>
ST_1 : Operation 103 [1/1] (0.79ns)   --->   "%add_ln232_8 = add i18 %zext_ln232_8, i18 %zext_ln232_7"   --->   Operation 103 'add' 'add_ln232_8' <Predicate = (udpState_load == 1 & or_ln201 & tmp_4_i & tmp_7_i)> <Delay = 0.79> <CoreInst = "Adder">   --->   Core 1 'Adder' <Latency = 0> <II = 1> <Delay = 0.79> <FuncUnit> <Opcode : 'add' 'sub'> <InPorts = 2> <OutPorts = 1>
ST_1 : Operation 104 [1/1] (0.00ns)   --->   "%zext_ln232_9 = zext i18 %add_ln232_8"   --->   Operation 104 'zext' 'zext_ln232_9' <Predicate = (udpState_load == 1 & or_ln201 & tmp_4_i & tmp_7_i)> <Delay = 0.00>
ST_1 : Operation 105 [1/1] (0.80ns)   --->   "%add_ln232_9 = add i20 %udpChecksum_V_load, i20 %zext_ln232_9"   --->   Operation 105 'add' 'add_ln232_9' <Predicate = (udpState_load == 1 & or_ln201 & tmp_4_i & tmp_7_i)> <Delay = 0.80> <CoreInst = "Adder">   --->   Core 1 'Adder' <Latency = 0> <II = 1> <Delay = 0.80> <FuncUnit> <Opcode : 'add' 'sub'> <InPorts = 2> <OutPorts = 1>
ST_1 : Operation 106 [1/1] (0.45ns)   --->   "%store_ln207 = store i20 %add_ln232_9, i20 %udpChecksum_V" [/mnt/scratch/pyuvaraj/Vitis_RoCE_W/Vitis_RoCE/fpga-network-stack/hls/icmp_server/icmp_server.cpp:207]   --->   Operation 106 'store' 'store_ln207' <Predicate = (udpState_load == 1 & or_ln201 & tmp_4_i & tmp_7_i)> <Delay = 0.45>
ST_1 : Operation 107 [1/1] (0.00ns)   --->   "%tmp_24_i = bitconcatenate i73 @_ssdm_op_BitConcatenate.i73.i1.i8.i64, i1 %tempWord_last_V_5, i8 %tempWord_keep_V_5, i64 %tempWord_data_V_1" [/tools/Xilinx/Vitis_HLS/2022.1/common/technology/autopilot/hls_stream_39.h:174]   --->   Operation 107 'bitconcatenate' 'tmp_24_i' <Predicate = (udpState_load == 1 & or_ln201 & tmp_4_i & tmp_7_i)> <Delay = 0.00>
ST_1 : Operation 108 [1/1] (0.00ns)   --->   "%zext_ln174_2 = zext i73 %tmp_24_i" [/tools/Xilinx/Vitis_HLS/2022.1/common/technology/autopilot/hls_stream_39.h:174]   --->   Operation 108 'zext' 'zext_ln174_2' <Predicate = (udpState_load == 1 & or_ln201 & tmp_4_i & tmp_7_i)> <Delay = 0.00>
ST_1 : Operation 109 [1/1] (1.16ns)   --->   "%write_ln174 = write void @_ssdm_op_Write.ap_fifo.volatile.i128P0A, i128 %udpPort2addIpHeader_data, i128 %zext_ln174_2" [/tools/Xilinx/Vitis_HLS/2022.1/common/technology/autopilot/hls_stream_39.h:174]   --->   Operation 109 'write' 'write_ln174' <Predicate = (udpState_load == 1 & or_ln201 & tmp_4_i & tmp_7_i)> <Delay = 1.16> <CoreInst = "FIFO">   --->   Core 78 'FIFO' <Latency = 0> <II = 1> <Delay = 1.21> <Storage> <Opcode : 'read' 'write' 'nbread' 'nbwrite'> <Ports = 0> <Width = 128> <Depth = 192> <FIFO>
ST_1 : Operation 110 [1/1] (1.13ns)   --->   "%write_ln174 = write void @_ssdm_op_Write.ap_fifo.volatile.i64P0A, i64 %udpPort2addIpHeader_header, i64 %tempWord_data_V_1" [/tools/Xilinx/Vitis_HLS/2022.1/common/technology/autopilot/hls_stream_39.h:174]   --->   Operation 110 'write' 'write_ln174' <Predicate = (udpState_load == 1 & or_ln201 & tmp_4_i & tmp_7_i)> <Delay = 1.13> <CoreInst = "FIFO">   --->   Core 78 'FIFO' <Latency = 0> <II = 1> <Delay = 1.13> <Storage> <Opcode : 'read' 'write' 'nbread' 'nbwrite'> <Ports = 0> <Width = 64> <Depth = 64> <FIFO>
ST_1 : Operation 111 [1/1] (0.49ns)   --->   "%icmp_ln1065 = icmp_eq  i3 %ipWordCounter_V_load, i3 2"   --->   Operation 111 'icmp' 'icmp_ln1065' <Predicate = (udpState_load == 1 & or_ln201 & tmp_4_i & tmp_7_i)> <Delay = 0.49> <CoreInst = "Cmp">   --->   Core 9 'Cmp' <Latency = 0> <II = 1> <Delay = 0.49> <FuncUnit> <Opcode : 'icmp'> <InPorts = 2> <OutPorts = 1>
ST_1 : Operation 112 [1/1] (0.00ns)   --->   "%br_ln210 = br i1 %icmp_ln1065, void %if.else79.i, void %if.then78.i" [/mnt/scratch/pyuvaraj/Vitis_RoCE_W/Vitis_RoCE/fpga-network-stack/hls/icmp_server/icmp_server.cpp:210]   --->   Operation 112 'br' 'br_ln210' <Predicate = (udpState_load == 1 & or_ln201 & tmp_4_i & tmp_7_i)> <Delay = 0.00>
ST_1 : Operation 113 [1/1] (0.57ns)   --->   "%add_ln886 = add i3 %ipWordCounter_V_load, i3 1"   --->   Operation 113 'add' 'add_ln886' <Predicate = (udpState_load == 1 & or_ln201 & tmp_4_i & tmp_7_i & !icmp_ln1065)> <Delay = 0.57> <CoreInst = "Adder">   --->   Core 1 'Adder' <Latency = 0> <II = 1> <Delay = 0.57> <FuncUnit> <Opcode : 'add' 'sub'> <InPorts = 2> <OutPorts = 1>
ST_1 : Operation 114 [1/1] (0.38ns)   --->   "%store_ln886 = store i3 %add_ln886, i3 %ipWordCounter_V"   --->   Operation 114 'store' 'store_ln886' <Predicate = (udpState_load == 1 & or_ln201 & tmp_4_i & tmp_7_i & !icmp_ln1065)> <Delay = 0.38>
ST_1 : Operation 115 [1/1] (0.00ns)   --->   "%br_ln0 = br void %if.end80.i"   --->   Operation 115 'br' 'br_ln0' <Predicate = (udpState_load == 1 & or_ln201 & tmp_4_i & tmp_7_i & !icmp_ln1065)> <Delay = 0.00>
ST_1 : Operation 116 [1/1] (0.45ns)   --->   "%store_ln211 = store i2 2, i2 %udpState" [/mnt/scratch/pyuvaraj/Vitis_RoCE_W/Vitis_RoCE/fpga-network-stack/hls/icmp_server/icmp_server.cpp:211]   --->   Operation 116 'store' 'store_ln211' <Predicate = (udpState_load == 1 & or_ln201 & tmp_4_i & tmp_7_i & icmp_ln1065)> <Delay = 0.45>
ST_1 : Operation 117 [1/1] (0.00ns)   --->   "%br_ln211 = br void %if.end80.i" [/mnt/scratch/pyuvaraj/Vitis_RoCE_W/Vitis_RoCE/fpga-network-stack/hls/icmp_server/icmp_server.cpp:211]   --->   Operation 117 'br' 'br_ln211' <Predicate = (udpState_load == 1 & or_ln201 & tmp_4_i & tmp_7_i & icmp_ln1065)> <Delay = 0.00>
ST_1 : Operation 118 [1/1] (0.00ns)   --->   "%br_ln214 = br void %if.end81.i" [/mnt/scratch/pyuvaraj/Vitis_RoCE_W/Vitis_RoCE/fpga-network-stack/hls/icmp_server/icmp_server.cpp:214]   --->   Operation 118 'br' 'br_ln214' <Predicate = (udpState_load == 1 & or_ln201 & tmp_4_i & tmp_7_i)> <Delay = 0.00>
ST_1 : Operation 119 [1/1] (0.00ns)   --->   "%br_ln215 = br void %udpPortUnreachable.exit" [/mnt/scratch/pyuvaraj/Vitis_RoCE_W/Vitis_RoCE/fpga-network-stack/hls/icmp_server/icmp_server.cpp:215]   --->   Operation 119 'br' 'br_ln215' <Predicate = (udpState_load == 1)> <Delay = 0.00>
ST_1 : Operation 120 [1/1] (0.00ns)   --->   "%tmp_2_i = nbwritereq i1 @_ssdm_op_NbWriteReq.ap_fifo.i16P0A, i16 %icmp_server_stream_stream_stream_stream_axiWord_0_checksumStreams, i32 1" [/tools/Xilinx/Vitis_HLS/2022.1/common/technology/autopilot/hls_stream_39.h:140]   --->   Operation 120 'nbwritereq' 'tmp_2_i' <Predicate = (udpState_load == 3)> <Delay = 0.00> <CoreInst = "FIFO_SRL">   --->   Core 81 'FIFO_SRL' <Latency = 0> <II = 1> <Delay = 1.34> <Storage> <Opcode : 'read' 'write' 'nbread' 'nbwrite'> <Ports = 0> <Width = 16> <Depth = 16> <FIFO>
ST_1 : Operation 121 [1/1] (0.00ns)   --->   "%br_ln230 = br i1 %tmp_2_i, void %if.end138.i, void %if.then126.i" [/mnt/scratch/pyuvaraj/Vitis_RoCE_W/Vitis_RoCE/fpga-network-stack/hls/icmp_server/icmp_server.cpp:230]   --->   Operation 121 'br' 'br_ln230' <Predicate = (udpState_load == 3)> <Delay = 0.00>
ST_1 : Operation 122 [1/1] (0.00ns)   --->   "%zext_ln1715 = zext i16 %trunc_ln182"   --->   Operation 122 'zext' 'zext_ln1715' <Predicate = (udpState_load == 3 & tmp_2_i)> <Delay = 0.00>
ST_1 : Operation 123 [1/1] (0.00ns)   --->   "%trunc_ln1 = partselect i4 @_ssdm_op_PartSelect.i4.i20.i32.i32, i20 %udpChecksum_V_load, i32 16, i32 19"   --->   Operation 123 'partselect' 'trunc_ln1' <Predicate = (udpState_load == 3 & tmp_2_i)> <Delay = 0.00>
ST_1 : Operation 124 [1/1] (0.00ns)   --->   "%zext_ln1715_1 = zext i4 %trunc_ln1"   --->   Operation 124 'zext' 'zext_ln1715_1' <Predicate = (udpState_load == 3 & tmp_2_i)> <Delay = 0.00>
ST_1 : Operation 125 [1/1] (0.00ns)   --->   "%zext_ln1715_2 = zext i4 %trunc_ln1"   --->   Operation 125 'zext' 'zext_ln1715_2' <Predicate = (udpState_load == 3 & tmp_2_i)> <Delay = 0.00>
ST_1 : Operation 126 [1/1] (0.78ns)   --->   "%add_ln232 = add i17 %zext_ln1715, i17 %zext_ln1715_2"   --->   Operation 126 'add' 'add_ln232' <Predicate = (udpState_load == 3 & tmp_2_i)> <Delay = 0.78> <CoreInst = "Adder">   --->   Core 1 'Adder' <Latency = 0> <II = 1> <Delay = 0.78> <FuncUnit> <Opcode : 'add' 'sub'> <InPorts = 2> <OutPorts = 1>
ST_1 : Operation 127 [1/1] (0.78ns)   --->   "%add_ln1543 = add i16 %trunc_ln182, i16 %zext_ln1715_1"   --->   Operation 127 'add' 'add_ln1543' <Predicate = (udpState_load == 3 & tmp_2_i)> <Delay = 0.78> <CoreInst = "Adder">   --->   Core 1 'Adder' <Latency = 0> <II = 1> <Delay = 0.78> <FuncUnit> <Opcode : 'add' 'sub'> <InPorts = 2> <OutPorts = 1>
ST_1 : Operation 128 [1/1] (0.00ns)   --->   "%zext_ln1715_3 = zext i16 %add_ln1543"   --->   Operation 128 'zext' 'zext_ln1715_3' <Predicate = (udpState_load == 3 & tmp_2_i)> <Delay = 0.00>
ST_1 : Operation 129 [1/1] (0.00ns)   --->   "%r_V = bitselect i1 @_ssdm_op_BitSelect.i1.i17.i32, i17 %add_ln232, i32 16"   --->   Operation 129 'bitselect' 'r_V' <Predicate = (udpState_load == 3 & tmp_2_i)> <Delay = 0.00>
ST_1 : Operation 130 [1/1] (0.00ns)   --->   "%zext_ln1715_4 = zext i1 %r_V"   --->   Operation 130 'zext' 'zext_ln1715_4' <Predicate = (udpState_load == 3 & tmp_2_i)> <Delay = 0.00>
ST_1 : Operation 131 [1/1] (0.78ns)   --->   "%add_ln232_1 = add i17 %zext_ln1715_4, i17 %zext_ln1715_3"   --->   Operation 131 'add' 'add_ln232_1' <Predicate = (udpState_load == 3 & tmp_2_i)> <Delay = 0.78> <CoreInst = "Adder">   --->   Core 1 'Adder' <Latency = 0> <II = 1> <Delay = 0.78> <FuncUnit> <Opcode : 'add' 'sub'> <InPorts = 2> <OutPorts = 1>
ST_1 : Operation 132 [1/1] (0.00ns)   --->   "%zext_ln955 = zext i17 %add_ln232_1"   --->   Operation 132 'zext' 'zext_ln955' <Predicate = (udpState_load == 3 & tmp_2_i)> <Delay = 0.00>
ST_1 : Operation 133 [1/1] (0.28ns)   --->   "%r_V_2 = xor i18 %zext_ln955, i18 262143"   --->   Operation 133 'xor' 'r_V_2' <Predicate = (udpState_load == 3 & tmp_2_i)> <Delay = 0.28> <CoreInst = "LogicGate">   --->   Core 74 'LogicGate' <Latency = 0> <II = 1> <Delay = 0.28> <FuncUnit> <Opcode : 'and' 'or' 'xor'> <InPorts = 2> <OutPorts = 1>
ST_1 : Operation 134 [1/1] (0.00ns)   --->   "%sext_ln954 = sext i18 %r_V_2"   --->   Operation 134 'sext' 'sext_ln954' <Predicate = (udpState_load == 3 & tmp_2_i)> <Delay = 0.00>
ST_1 : Operation 135 [1/1] (0.45ns)   --->   "%store_ln233 = store i20 %sext_ln954, i20 %udpChecksum_V" [/mnt/scratch/pyuvaraj/Vitis_RoCE_W/Vitis_RoCE/fpga-network-stack/hls/icmp_server/icmp_server.cpp:233]   --->   Operation 135 'store' 'store_ln233' <Predicate = (udpState_load == 3 & tmp_2_i)> <Delay = 0.45>
ST_1 : Operation 136 [1/1] (0.00ns)   --->   "%trunc_ln674 = trunc i18 %r_V_2"   --->   Operation 136 'trunc' 'trunc_ln674' <Predicate = (udpState_load == 3 & tmp_2_i)> <Delay = 0.00>
ST_1 : Operation 137 [1/1] (1.16ns)   --->   "%write_ln174 = write void @_ssdm_op_Write.ap_fifo.volatile.i16P0A, i16 %icmp_server_stream_stream_stream_stream_axiWord_0_checksumStreams, i16 %trunc_ln674" [/tools/Xilinx/Vitis_HLS/2022.1/common/technology/autopilot/hls_stream_39.h:174]   --->   Operation 137 'write' 'write_ln174' <Predicate = (udpState_load == 3 & tmp_2_i)> <Delay = 1.16> <CoreInst = "FIFO_SRL">   --->   Core 81 'FIFO_SRL' <Latency = 0> <II = 1> <Delay = 1.34> <Storage> <Opcode : 'read' 'write' 'nbread' 'nbwrite'> <Ports = 0> <Width = 16> <Depth = 16> <FIFO>
ST_1 : Operation 138 [1/1] (0.45ns)   --->   "%store_ln235 = store i2 0, i2 %udpState" [/mnt/scratch/pyuvaraj/Vitis_RoCE_W/Vitis_RoCE/fpga-network-stack/hls/icmp_server/icmp_server.cpp:235]   --->   Operation 138 'store' 'store_ln235' <Predicate = (udpState_load == 3 & tmp_2_i)> <Delay = 0.45>
ST_1 : Operation 139 [1/1] (0.00ns)   --->   "%br_ln236 = br void %if.end138.i" [/mnt/scratch/pyuvaraj/Vitis_RoCE_W/Vitis_RoCE/fpga-network-stack/hls/icmp_server/icmp_server.cpp:236]   --->   Operation 139 'br' 'br_ln236' <Predicate = (udpState_load == 3 & tmp_2_i)> <Delay = 0.00>
ST_1 : Operation 140 [1/1] (0.00ns)   --->   "%br_ln237 = br void %udpPortUnreachable.exit" [/mnt/scratch/pyuvaraj/Vitis_RoCE_W/Vitis_RoCE/fpga-network-stack/hls/icmp_server/icmp_server.cpp:237]   --->   Operation 140 'br' 'br_ln237' <Predicate = (udpState_load == 3)> <Delay = 0.00>
ST_1 : Operation 141 [1/1] (0.12ns)   --->   "%or_ln184 = or i1 %tmp_i, i1 %tmp_1_i" [/mnt/scratch/pyuvaraj/Vitis_RoCE_W/Vitis_RoCE/fpga-network-stack/hls/icmp_server/icmp_server.cpp:184]   --->   Operation 141 'or' 'or_ln184' <Predicate = (udpState_load == 0)> <Delay = 0.12> <CoreInst = "LogicGate">   --->   Core 74 'LogicGate' <Latency = 0> <II = 1> <Delay = 0.12> <FuncUnit> <Opcode : 'and' 'or' 'xor'> <InPorts = 2> <OutPorts = 1>
ST_1 : Operation 142 [1/1] (0.00ns)   --->   "%br_ln184 = br i1 %or_ln184, void %if.end36.i, void %land.lhs.true.i" [/mnt/scratch/pyuvaraj/Vitis_RoCE_W/Vitis_RoCE/fpga-network-stack/hls/icmp_server/icmp_server.cpp:184]   --->   Operation 142 'br' 'br_ln184' <Predicate = (udpState_load == 0)> <Delay = 0.00>
ST_1 : Operation 143 [1/1] (0.00ns)   --->   "%tmp_3_i = nbwritereq i1 @_ssdm_op_NbWriteReq.ap_fifo.i128P0A, i128 %udpPort2addIpHeader_data, i32 1" [/tools/Xilinx/Vitis_HLS/2022.1/common/technology/autopilot/hls_stream_39.h:140]   --->   Operation 143 'nbwritereq' 'tmp_3_i' <Predicate = (udpState_load == 0 & or_ln184)> <Delay = 0.00> <CoreInst = "FIFO">   --->   Core 78 'FIFO' <Latency = 0> <II = 1> <Delay = 1.21> <Storage> <Opcode : 'read' 'write' 'nbread' 'nbwrite'> <Ports = 0> <Width = 128> <Depth = 192> <FIFO>
ST_1 : Operation 144 [1/1] (0.00ns)   --->   "%br_ln184 = br i1 %tmp_3_i, void %if.end36.i, void %if.then.i" [/mnt/scratch/pyuvaraj/Vitis_RoCE_W/Vitis_RoCE/fpga-network-stack/hls/icmp_server/icmp_server.cpp:184]   --->   Operation 144 'br' 'br_ln184' <Predicate = (udpState_load == 0 & or_ln184)> <Delay = 0.00>
ST_1 : Operation 145 [1/1] (0.38ns)   --->   "%store_ln185 = store i3 0, i3 %ipWordCounter_V" [/mnt/scratch/pyuvaraj/Vitis_RoCE_W/Vitis_RoCE/fpga-network-stack/hls/icmp_server/icmp_server.cpp:185]   --->   Operation 145 'store' 'store_ln185' <Predicate = (udpState_load == 0 & or_ln184 & tmp_3_i)> <Delay = 0.38>
ST_1 : Operation 146 [1/1] (0.00ns)   --->   "%br_ln187 = br i1 %tmp_i, void %if.else.i, void %if.then14.i" [/mnt/scratch/pyuvaraj/Vitis_RoCE_W/Vitis_RoCE/fpga-network-stack/hls/icmp_server/icmp_server.cpp:187]   --->   Operation 146 'br' 'br_ln187' <Predicate = (udpState_load == 0 & or_ln184 & tmp_3_i)> <Delay = 0.00>
ST_1 : Operation 147 [1/1] (0.41ns)   --->   "%br_ln191 = br i1 %tmp_1_i, void %if.end23.i, void %if.then19.i" [/mnt/scratch/pyuvaraj/Vitis_RoCE_W/Vitis_RoCE/fpga-network-stack/hls/icmp_server/icmp_server.cpp:191]   --->   Operation 147 'br' 'br_ln191' <Predicate = (udpState_load == 0 & or_ln184 & tmp_3_i & !tmp_i)> <Delay = 0.41>
ST_1 : Operation 148 [1/1] (0.38ns)   --->   "%store_ln193 = store i1 1, i1 %streamSource_V" [/mnt/scratch/pyuvaraj/Vitis_RoCE_W/Vitis_RoCE/fpga-network-stack/hls/icmp_server/icmp_server.cpp:193]   --->   Operation 148 'store' 'store_ln193' <Predicate = (udpState_load == 0 & or_ln184 & tmp_3_i & !tmp_i & tmp_1_i)> <Delay = 0.38>
ST_1 : Operation 149 [1/1] (0.41ns)   --->   "%br_ln194 = br void %if.end23.i" [/mnt/scratch/pyuvaraj/Vitis_RoCE_W/Vitis_RoCE/fpga-network-stack/hls/icmp_server/icmp_server.cpp:194]   --->   Operation 149 'br' 'br_ln194' <Predicate = (udpState_load == 0 & or_ln184 & tmp_3_i & !tmp_i & tmp_1_i)> <Delay = 0.41>
ST_1 : Operation 150 [1/1] (0.38ns)   --->   "%store_ln189 = store i1 0, i1 %streamSource_V" [/mnt/scratch/pyuvaraj/Vitis_RoCE_W/Vitis_RoCE/fpga-network-stack/hls/icmp_server/icmp_server.cpp:189]   --->   Operation 150 'store' 'store_ln189' <Predicate = (udpState_load == 0 & or_ln184 & tmp_3_i & tmp_i)> <Delay = 0.38>
ST_1 : Operation 151 [1/1] (0.41ns)   --->   "%br_ln190 = br void %if.end23.i" [/mnt/scratch/pyuvaraj/Vitis_RoCE_W/Vitis_RoCE/fpga-network-stack/hls/icmp_server/icmp_server.cpp:190]   --->   Operation 151 'br' 'br_ln190' <Predicate = (udpState_load == 0 & or_ln184 & tmp_3_i & tmp_i)> <Delay = 0.41>
ST_1 : Operation 152 [1/1] (0.00ns)   --->   "%tempWord_data_V_1_1 = phi i9 259, void %if.then14.i, i9 11, void %if.then19.i, i9 0, void %if.else.i"   --->   Operation 152 'phi' 'tempWord_data_V_1_1' <Predicate = (udpState_load == 0 & or_ln184 & tmp_3_i)> <Delay = 0.00>
ST_1 : Operation 153 [1/1] (0.00ns)   --->   "%sext_ln195 = sext i9 %tempWord_data_V_1_1" [/mnt/scratch/pyuvaraj/Vitis_RoCE_W/Vitis_RoCE/fpga-network-stack/hls/icmp_server/icmp_server.cpp:195]   --->   Operation 153 'sext' 'sext_ln195' <Predicate = (udpState_load == 0 & or_ln184 & tmp_3_i)> <Delay = 0.00>
ST_1 : Operation 154 [1/1] (0.00ns)   --->   "%zext_ln195 = zext i10 %sext_ln195" [/mnt/scratch/pyuvaraj/Vitis_RoCE_W/Vitis_RoCE/fpga-network-stack/hls/icmp_server/icmp_server.cpp:195]   --->   Operation 154 'zext' 'zext_ln195' <Predicate = (udpState_load == 0 & or_ln184 & tmp_3_i)> <Delay = 0.00>
ST_1 : Operation 155 [1/1] (0.45ns)   --->   "%store_ln195 = store i20 %zext_ln195, i20 %udpChecksum_V" [/mnt/scratch/pyuvaraj/Vitis_RoCE_W/Vitis_RoCE/fpga-network-stack/hls/icmp_server/icmp_server.cpp:195]   --->   Operation 155 'store' 'store_ln195' <Predicate = (udpState_load == 0 & or_ln184 & tmp_3_i)> <Delay = 0.45>
ST_1 : Operation 156 [1/1] (0.00ns)   --->   "%or_ln = bitconcatenate i65 @_ssdm_op_BitConcatenate.i65.i55.i10, i55 18014398509481984, i10 %sext_ln195" [/tools/Xilinx/Vitis_HLS/2022.1/common/technology/autopilot/hls_stream_39.h:174]   --->   Operation 156 'bitconcatenate' 'or_ln' <Predicate = (udpState_load == 0 & or_ln184 & tmp_3_i)> <Delay = 0.00>
ST_1 : Operation 157 [1/1] (0.00ns)   --->   "%sext_ln174 = sext i65 %or_ln" [/tools/Xilinx/Vitis_HLS/2022.1/common/technology/autopilot/hls_stream_39.h:174]   --->   Operation 157 'sext' 'sext_ln174' <Predicate = (udpState_load == 0 & or_ln184 & tmp_3_i)> <Delay = 0.00>
ST_1 : Operation 158 [1/1] (0.00ns)   --->   "%zext_ln174 = zext i72 %sext_ln174" [/tools/Xilinx/Vitis_HLS/2022.1/common/technology/autopilot/hls_stream_39.h:174]   --->   Operation 158 'zext' 'zext_ln174' <Predicate = (udpState_load == 0 & or_ln184 & tmp_3_i)> <Delay = 0.00>
ST_1 : Operation 159 [1/1] (1.16ns)   --->   "%write_ln174 = write void @_ssdm_op_Write.ap_fifo.volatile.i128P0A, i128 %udpPort2addIpHeader_data, i128 %zext_ln174" [/tools/Xilinx/Vitis_HLS/2022.1/common/technology/autopilot/hls_stream_39.h:174]   --->   Operation 159 'write' 'write_ln174' <Predicate = (udpState_load == 0 & or_ln184 & tmp_3_i)> <Delay = 1.16> <CoreInst = "FIFO">   --->   Core 78 'FIFO' <Latency = 0> <II = 1> <Delay = 1.21> <Storage> <Opcode : 'read' 'write' 'nbread' 'nbwrite'> <Ports = 0> <Width = 128> <Depth = 192> <FIFO>
ST_1 : Operation 160 [1/1] (0.45ns)   --->   "%store_ln197 = store i2 1, i2 %udpState" [/mnt/scratch/pyuvaraj/Vitis_RoCE_W/Vitis_RoCE/fpga-network-stack/hls/icmp_server/icmp_server.cpp:197]   --->   Operation 160 'store' 'store_ln197' <Predicate = (udpState_load == 0 & or_ln184 & tmp_3_i)> <Delay = 0.45>
ST_1 : Operation 161 [1/1] (0.00ns)   --->   "%br_ln198 = br void %if.end36.i" [/mnt/scratch/pyuvaraj/Vitis_RoCE_W/Vitis_RoCE/fpga-network-stack/hls/icmp_server/icmp_server.cpp:198]   --->   Operation 161 'br' 'br_ln198' <Predicate = (udpState_load == 0 & or_ln184 & tmp_3_i)> <Delay = 0.00>
ST_1 : Operation 162 [1/1] (0.00ns)   --->   "%br_ln199 = br void %udpPortUnreachable.exit" [/mnt/scratch/pyuvaraj/Vitis_RoCE_W/Vitis_RoCE/fpga-network-stack/hls/icmp_server/icmp_server.cpp:199]   --->   Operation 162 'br' 'br_ln199' <Predicate = (udpState_load == 0)> <Delay = 0.00>
ST_1 : Operation 163 [1/1] (0.00ns)   --->   "%ret_ln0 = ret"   --->   Operation 163 'ret' 'ret_ln0' <Predicate = true> <Delay = 0.00>


============================================================
+ Verbose Summary: Timing violations
============================================================
Target clock period: 3.2ns, clock uncertainty: 0.864ns.

 <State 1>: 3.22ns
The critical path consists of the following:
	axis read operation ('tmp', /tools/Xilinx/Vitis_HLS/2022.1/common/technology/autopilot/hls_stream_39.h:145) on port 'udpIn' (/tools/Xilinx/Vitis_HLS/2022.1/common/technology/autopilot/hls_stream_39.h:145) [101]  (0 ns)
	multiplexor before 'phi' operation ('tmp') with incoming values : ('tmp', /tools/Xilinx/Vitis_HLS/2022.1/common/technology/autopilot/hls_stream_39.h:145) [111]  (0.387 ns)
	'phi' operation ('tmp') with incoming values : ('tmp', /tools/Xilinx/Vitis_HLS/2022.1/common/technology/autopilot/hls_stream_39.h:145) [111]  (0 ns)
	'add' operation ('add_ln232_7') [125]  (0.785 ns)
	'add' operation ('add_ln232_8') [127]  (0.791 ns)
	'add' operation ('add_ln232_9') [129]  (0.809 ns)
	'store' operation ('store_ln207', /mnt/scratch/pyuvaraj/Vitis_RoCE_W/Vitis_RoCE/fpga-network-stack/hls/icmp_server/icmp_server.cpp:207) of variable 'add_ln232_9' on static variable 'udpChecksum_V' [130]  (0.453 ns)


============================================================
+ Verbose Summary: Binding
============================================================
N/A
* FSMD analyzer results:
  - Output states:
 - Input state : 
  - Chain level:
	State 1


============================================================
+ Verbose Summary: Datapath Resource usage 
============================================================
N/A
