

================================================================
== Vitis HLS Report for 'dhcp_client'
================================================================
* Date:           Tue Jul 11 09:17:06 2023

* Version:        2022.1 (Build 3526262 on Mon Apr 18 15:47:01 MDT 2022)
* Project:        dhcp_client_prj
* Solution:       solution1 (Vivado IP Flow Target)
* Product family: virtexuplus
* Target device:  xcu280-fsvh2892-2L-e


================================================================
== Performance Estimates
================================================================
+ Timing: 
    * Summary: 
    +--------+---------+----------+------------+
    |  Clock |  Target | Estimated| Uncertainty|
    +--------+---------+----------+------------+
    |ap_clk  |  3.20 ns|  2.602 ns|     0.86 ns|
    +--------+---------+----------+------------+

+ Latency: 
    * Summary: 
    +---------+---------+-----------+-----------+-----+-----+----------+
    |  Latency (cycles) |   Latency (absolute)  |  Interval | Pipeline |
    |   min   |   max   |    min    |    max    | min | max |   Type   |
    +---------+---------+-----------+-----------+-----+-----+----------+
    |        7|        7|  22.400 ns|  22.400 ns|    2|    2|  dataflow|
    +---------+---------+-----------+-----------+-----+-----+----------+

    + Detail: 
        * Instance: 
        N/A

        * Loop: 
        N/A

============================================================
+ Verbose Summary: Synthesis Manager
============================================================
InlineROM: 1
ExposeGlobal: 0
============================================================
+ Verbose Summary: CDFG Model
============================================================
IsTopModel: 1
ResetActiveHigh: 1
IsCombinational: 2
IsDatapathOnly: 0
HasWiredReturn: 1
HasMFsm: 0
HasVarLatency: 1
IsPipeline: 0
IsRtlPipelined: 0
IsInstanceOverlapped: 0
IsDontTouch: 0
HasImplIP: 0
IsGatedGlobalClock: 0


============================================================
+ Verbose Summary: Schedule
============================================================
* Number of FSM states : 10
* Pipeline : 0
* Dataflow Pipeline: 1
  DF-Pipeline-0: Size = 10, States = { 1 2 3 4 5 6 7 8 9 10 }

* FSM state transitions: 
1 --> 2 
2 --> 3 
3 --> 4 
4 --> 5 
5 --> 6 
6 --> 7 
7 --> 8 
8 --> 9 
9 --> 10 
10 --> 

* FSM state operations: 

State 1 <SV = 0> <Delay = 0.00>

State 2 <SV = 1> <Delay = 0.00>
ST_2 : Operation 11 [3/3] (0.00ns)   --->   "%call_ln371 = call void @open_dhcp_port, i16 %m_axis_open_port, i8 %s_axis_open_port_status, i32 %openPortWaitTime_V, i1 %odp_listenDone, i1 %odp_waitListenStatus, i1 %portOpen" [/mnt/scratch/pyuvaraj/Vitis_RoCE_W/Vitis_RoCE/fpga-network-stack/hls/dhcp_client/dhcp_client.cpp:371]   --->   Operation 11 'call' 'call_ln371' <Predicate = true> <Delay = 0.00> <CoreType = "Generic">   --->   Core 0 '' <Latency = 0> <II = 1> <Delay = 1.00> <Generic> <Opcode : >

State 3 <SV = 2> <Delay = 1.55>
ST_3 : Operation 12 [2/3] (0.00ns)   --->   "%call_ln371 = call void @open_dhcp_port, i16 %m_axis_open_port, i8 %s_axis_open_port_status, i32 %openPortWaitTime_V, i1 %odp_listenDone, i1 %odp_waitListenStatus, i1 %portOpen" [/mnt/scratch/pyuvaraj/Vitis_RoCE_W/Vitis_RoCE/fpga-network-stack/hls/dhcp_client/dhcp_client.cpp:371]   --->   Operation 12 'call' 'call_ln371' <Predicate = true> <Delay = 0.00> <CoreType = "Generic">   --->   Core 0 '' <Latency = 0> <II = 1> <Delay = 1.00> <Generic> <Opcode : >
ST_3 : Operation 13 [2/2] (1.55ns)   --->   "%call_ln373 = call void @receive_message, i128 %s_axis_rx_metadata, i128 %s_axis_rx_data, i48 %myMacAddress, i6 %rm_wordCount_V, i1 %rm_isReply, i1 %rm_correctMac, i1 %rm_isDHCP, i32 %meta_identifier_V, i32 %meta_assignedIpAddress_V, i32 %meta_serverAddress_V, i8 %meta_type_V_1, i128 %dhcp_replyMetaFifo" [/mnt/scratch/pyuvaraj/Vitis_RoCE_W/Vitis_RoCE/fpga-network-stack/hls/dhcp_client/dhcp_client.cpp:373]   --->   Operation 13 'call' 'call_ln373' <Predicate = true> <Delay = 1.55> <CoreType = "Generic">   --->   Core 0 '' <Latency = 0> <II = 1> <Delay = 1.00> <Generic> <Opcode : >

State 4 <SV = 3> <Delay = 0.00>
ST_4 : Operation 14 [1/3] (0.00ns)   --->   "%call_ln371 = call void @open_dhcp_port, i16 %m_axis_open_port, i8 %s_axis_open_port_status, i32 %openPortWaitTime_V, i1 %odp_listenDone, i1 %odp_waitListenStatus, i1 %portOpen" [/mnt/scratch/pyuvaraj/Vitis_RoCE_W/Vitis_RoCE/fpga-network-stack/hls/dhcp_client/dhcp_client.cpp:371]   --->   Operation 14 'call' 'call_ln371' <Predicate = true> <Delay = 0.00> <CoreType = "Generic">   --->   Core 0 '' <Latency = 0> <II = 1> <Delay = 1.00> <Generic> <Opcode : >
ST_4 : Operation 15 [1/2] (0.00ns)   --->   "%call_ln373 = call void @receive_message, i128 %s_axis_rx_metadata, i128 %s_axis_rx_data, i48 %myMacAddress, i6 %rm_wordCount_V, i1 %rm_isReply, i1 %rm_correctMac, i1 %rm_isDHCP, i32 %meta_identifier_V, i32 %meta_assignedIpAddress_V, i32 %meta_serverAddress_V, i8 %meta_type_V_1, i128 %dhcp_replyMetaFifo" [/mnt/scratch/pyuvaraj/Vitis_RoCE_W/Vitis_RoCE/fpga-network-stack/hls/dhcp_client/dhcp_client.cpp:373]   --->   Operation 15 'call' 'call_ln373' <Predicate = true> <Delay = 0.00> <CoreType = "Generic">   --->   Core 0 '' <Latency = 0> <II = 1> <Delay = 1.00> <Generic> <Opcode : >

State 5 <SV = 4> <Delay = 1.26>
ST_5 : Operation 16 [2/2] (1.26ns)   --->   "%call_ln375 = call void @dhcp_fsm, i32 %dhcpIpAddressOut, i1 %dhcpEnable, i32 %inputIpAddress, i32 %myIpAddress_V, i3 %state, i32 %time_V, i32 %randomValue_V, i32 %myIdentity_V, i32 %IpAddressBuffer_V, i1 %portOpen, i96 %dhcp_requestMetaFifo, i128 %dhcp_replyMetaFifo" [/mnt/scratch/pyuvaraj/Vitis_RoCE_W/Vitis_RoCE/fpga-network-stack/hls/dhcp_client/dhcp_client.cpp:375]   --->   Operation 16 'call' 'call_ln375' <Predicate = true> <Delay = 1.26> <CoreType = "Generic">   --->   Core 0 '' <Latency = 0> <II = 1> <Delay = 1.00> <Generic> <Opcode : >

State 6 <SV = 5> <Delay = 0.00>
ST_6 : Operation 17 [1/2] (0.00ns)   --->   "%call_ln375 = call void @dhcp_fsm, i32 %dhcpIpAddressOut, i1 %dhcpEnable, i32 %inputIpAddress, i32 %myIpAddress_V, i3 %state, i32 %time_V, i32 %randomValue_V, i32 %myIdentity_V, i32 %IpAddressBuffer_V, i1 %portOpen, i96 %dhcp_requestMetaFifo, i128 %dhcp_replyMetaFifo" [/mnt/scratch/pyuvaraj/Vitis_RoCE_W/Vitis_RoCE/fpga-network-stack/hls/dhcp_client/dhcp_client.cpp:375]   --->   Operation 17 'call' 'call_ln375' <Predicate = true> <Delay = 0.00> <CoreType = "Generic">   --->   Core 0 '' <Latency = 0> <II = 1> <Delay = 1.00> <Generic> <Opcode : >

State 7 <SV = 6> <Delay = 0.00>
ST_7 : Operation 18 [3/3] (0.00ns)   --->   "%call_ln377 = call void @send_message, i128 %m_axis_tx_metadata, i16 %m_axis_tx_length, i128 %m_axis_tx_data, i48 %myMacAddress, i6 %sm_wordCount_V, i8 %meta_type_V, i32 %meta_requestedIpAddress_V, i96 %dhcp_requestMetaFifo" [/mnt/scratch/pyuvaraj/Vitis_RoCE_W/Vitis_RoCE/fpga-network-stack/hls/dhcp_client/dhcp_client.cpp:377]   --->   Operation 18 'call' 'call_ln377' <Predicate = true> <Delay = 0.00> <CoreType = "Generic">   --->   Core 0 '' <Latency = 0> <II = 1> <Delay = 1.00> <Generic> <Opcode : >

State 8 <SV = 7> <Delay = 1.32>
ST_8 : Operation 19 [2/3] (1.32ns)   --->   "%call_ln377 = call void @send_message, i128 %m_axis_tx_metadata, i16 %m_axis_tx_length, i128 %m_axis_tx_data, i48 %myMacAddress, i6 %sm_wordCount_V, i8 %meta_type_V, i32 %meta_requestedIpAddress_V, i96 %dhcp_requestMetaFifo" [/mnt/scratch/pyuvaraj/Vitis_RoCE_W/Vitis_RoCE/fpga-network-stack/hls/dhcp_client/dhcp_client.cpp:377]   --->   Operation 19 'call' 'call_ln377' <Predicate = true> <Delay = 1.32> <CoreType = "Generic">   --->   Core 0 '' <Latency = 0> <II = 1> <Delay = 1.00> <Generic> <Opcode : >

State 9 <SV = 8> <Delay = 0.00>
ST_9 : Operation 20 [1/3] (0.00ns)   --->   "%call_ln377 = call void @send_message, i128 %m_axis_tx_metadata, i16 %m_axis_tx_length, i128 %m_axis_tx_data, i48 %myMacAddress, i6 %sm_wordCount_V, i8 %meta_type_V, i32 %meta_requestedIpAddress_V, i96 %dhcp_requestMetaFifo" [/mnt/scratch/pyuvaraj/Vitis_RoCE_W/Vitis_RoCE/fpga-network-stack/hls/dhcp_client/dhcp_client.cpp:377]   --->   Operation 20 'call' 'call_ln377' <Predicate = true> <Delay = 0.00> <CoreType = "Generic">   --->   Core 0 '' <Latency = 0> <II = 1> <Delay = 1.00> <Generic> <Opcode : >

State 10 <SV = 9> <Delay = 0.00>
ST_10 : Operation 21 [1/1] (0.00ns)   --->   "%specdataflowpipeline_ln346 = specdataflowpipeline void @_ssdm_op_SpecDataflowPipeline, i32 4294967295, i32 1, void @empty" [/mnt/scratch/pyuvaraj/Vitis_RoCE_W/Vitis_RoCE/fpga-network-stack/hls/dhcp_client/dhcp_client.cpp:346]   --->   Operation 21 'specdataflowpipeline' 'specdataflowpipeline_ln346' <Predicate = true> <Delay = 0.00>
ST_10 : Operation 22 [1/1] (0.00ns)   --->   "%empty = specchannel i32 @_ssdm_op_SpecChannel, void @dhcp_replyMetaFifo_str, i32 1, void @p_str, void @p_str, i32 4, i32 4, i128 %dhcp_replyMetaFifo, i128 %dhcp_replyMetaFifo"   --->   Operation 22 'specchannel' 'empty' <Predicate = true> <Delay = 0.00>
ST_10 : Operation 23 [1/1] (0.00ns)   --->   "%empty_21 = specchannel i32 @_ssdm_op_SpecChannel, void @dhcp_requestMetaFifo_str, i32 1, void @p_str, void @p_str, i32 4, i32 4, i96 %dhcp_requestMetaFifo, i96 %dhcp_requestMetaFifo"   --->   Operation 23 'specchannel' 'empty_21' <Predicate = true> <Delay = 0.00>
ST_10 : Operation 24 [1/1] (0.00ns)   --->   "%empty_22 = specchannel i32 @_ssdm_op_SpecChannel, void @portOpen_str, i32 1, void @p_str, void @p_str, i32 2, i32 2, i1 %portOpen, i1 %portOpen"   --->   Operation 24 'specchannel' 'empty_22' <Predicate = true> <Delay = 0.00>
ST_10 : Operation 25 [1/1] (0.00ns)   --->   "%spectopmodule_ln334 = spectopmodule void @_ssdm_op_SpecTopModule, void @empty_2" [/mnt/scratch/pyuvaraj/Vitis_RoCE_W/Vitis_RoCE/fpga-network-stack/hls/dhcp_client/dhcp_client.cpp:334]   --->   Operation 25 'spectopmodule' 'spectopmodule_ln334' <Predicate = true> <Delay = 0.00>
ST_10 : Operation 26 [1/1] (0.00ns)   --->   "%specinterface_ln334 = specinterface void @_ssdm_op_SpecInterface, i32 0, void @empty_3, i32 0, i32 0, void @empty, i32 0, i32 0, void @empty, void @empty, void @empty, i32 0, i32 0, i32 0, i32 0, void @empty, void @empty, i32 4294967295, i32 0" [/mnt/scratch/pyuvaraj/Vitis_RoCE_W/Vitis_RoCE/fpga-network-stack/hls/dhcp_client/dhcp_client.cpp:334]   --->   Operation 26 'specinterface' 'specinterface_ln334' <Predicate = true> <Delay = 0.00>
ST_10 : Operation 27 [1/1] (0.00ns)   --->   "%specinterface_ln0 = specinterface void @_ssdm_op_SpecInterface, i16 %m_axis_open_port, void @empty_5, i32 1, i32 1, void @empty_4, i32 0, i32 0, void @empty, void @empty, void @empty, i32 0, i32 0, i32 0, i32 0, void @empty, void @empty, i32 4294967295, i32 0"   --->   Operation 27 'specinterface' 'specinterface_ln0' <Predicate = true> <Delay = 0.00>
ST_10 : Operation 28 [1/1] (0.00ns)   --->   "%specbitsmap_ln0 = specbitsmap void @_ssdm_op_SpecBitsMap, i16 %m_axis_open_port"   --->   Operation 28 'specbitsmap' 'specbitsmap_ln0' <Predicate = true> <Delay = 0.00>
ST_10 : Operation 29 [1/1] (0.00ns)   --->   "%specinterface_ln0 = specinterface void @_ssdm_op_SpecInterface, i8 %s_axis_open_port_status, void @empty_5, i32 1, i32 1, void @empty_4, i32 0, i32 0, void @empty, void @empty, void @empty, i32 0, i32 0, i32 0, i32 0, void @empty, void @empty, i32 4294967295, i32 0"   --->   Operation 29 'specinterface' 'specinterface_ln0' <Predicate = true> <Delay = 0.00>
ST_10 : Operation 30 [1/1] (0.00ns)   --->   "%specbitsmap_ln0 = specbitsmap void @_ssdm_op_SpecBitsMap, i8 %s_axis_open_port_status"   --->   Operation 30 'specbitsmap' 'specbitsmap_ln0' <Predicate = true> <Delay = 0.00>
ST_10 : Operation 31 [1/1] (0.00ns)   --->   "%specinterface_ln0 = specinterface void @_ssdm_op_SpecInterface, i128 %s_axis_rx_metadata, void @empty_5, i32 1, i32 1, void @empty_4, i32 0, i32 0, void @empty, void @empty, void @empty, i32 0, i32 0, i32 0, i32 0, void @empty, void @empty, i32 4294967295, i32 0"   --->   Operation 31 'specinterface' 'specinterface_ln0' <Predicate = true> <Delay = 0.00>
ST_10 : Operation 32 [1/1] (0.00ns)   --->   "%specbitsmap_ln0 = specbitsmap void @_ssdm_op_SpecBitsMap, i128 %s_axis_rx_metadata"   --->   Operation 32 'specbitsmap' 'specbitsmap_ln0' <Predicate = true> <Delay = 0.00>
ST_10 : Operation 33 [1/1] (0.00ns)   --->   "%specinterface_ln0 = specinterface void @_ssdm_op_SpecInterface, i128 %s_axis_rx_data, void @empty_5, i32 1, i32 1, void @empty_4, i32 0, i32 0, void @empty, void @empty, void @empty, i32 0, i32 0, i32 0, i32 0, void @empty, void @empty, i32 4294967295, i32 0"   --->   Operation 33 'specinterface' 'specinterface_ln0' <Predicate = true> <Delay = 0.00>
ST_10 : Operation 34 [1/1] (0.00ns)   --->   "%specbitsmap_ln0 = specbitsmap void @_ssdm_op_SpecBitsMap, i128 %s_axis_rx_data"   --->   Operation 34 'specbitsmap' 'specbitsmap_ln0' <Predicate = true> <Delay = 0.00>
ST_10 : Operation 35 [1/1] (0.00ns)   --->   "%specinterface_ln0 = specinterface void @_ssdm_op_SpecInterface, i128 %m_axis_tx_metadata, void @empty_5, i32 1, i32 1, void @empty_4, i32 0, i32 0, void @empty, void @empty, void @empty, i32 0, i32 0, i32 0, i32 0, void @empty, void @empty, i32 4294967295, i32 0"   --->   Operation 35 'specinterface' 'specinterface_ln0' <Predicate = true> <Delay = 0.00>
ST_10 : Operation 36 [1/1] (0.00ns)   --->   "%specbitsmap_ln0 = specbitsmap void @_ssdm_op_SpecBitsMap, i128 %m_axis_tx_metadata"   --->   Operation 36 'specbitsmap' 'specbitsmap_ln0' <Predicate = true> <Delay = 0.00>
ST_10 : Operation 37 [1/1] (0.00ns)   --->   "%specinterface_ln0 = specinterface void @_ssdm_op_SpecInterface, i16 %m_axis_tx_length, void @empty_5, i32 1, i32 1, void @empty_4, i32 0, i32 0, void @empty, void @empty, void @empty, i32 0, i32 0, i32 0, i32 0, void @empty, void @empty, i32 4294967295, i32 0"   --->   Operation 37 'specinterface' 'specinterface_ln0' <Predicate = true> <Delay = 0.00>
ST_10 : Operation 38 [1/1] (0.00ns)   --->   "%specbitsmap_ln0 = specbitsmap void @_ssdm_op_SpecBitsMap, i16 %m_axis_tx_length"   --->   Operation 38 'specbitsmap' 'specbitsmap_ln0' <Predicate = true> <Delay = 0.00>
ST_10 : Operation 39 [1/1] (0.00ns)   --->   "%specinterface_ln0 = specinterface void @_ssdm_op_SpecInterface, i128 %m_axis_tx_data, void @empty_5, i32 1, i32 1, void @empty_4, i32 0, i32 0, void @empty, void @empty, void @empty, i32 0, i32 0, i32 0, i32 0, void @empty, void @empty, i32 4294967295, i32 0"   --->   Operation 39 'specinterface' 'specinterface_ln0' <Predicate = true> <Delay = 0.00>
ST_10 : Operation 40 [1/1] (0.00ns)   --->   "%specbitsmap_ln0 = specbitsmap void @_ssdm_op_SpecBitsMap, i128 %m_axis_tx_data"   --->   Operation 40 'specbitsmap' 'specbitsmap_ln0' <Predicate = true> <Delay = 0.00>
ST_10 : Operation 41 [1/1] (0.00ns)   --->   "%specbitsmap_ln0 = specbitsmap void @_ssdm_op_SpecBitsMap, i1 %dhcpEnable"   --->   Operation 41 'specbitsmap' 'specbitsmap_ln0' <Predicate = true> <Delay = 0.00>
ST_10 : Operation 42 [1/1] (0.00ns)   --->   "%specinterface_ln0 = specinterface void @_ssdm_op_SpecInterface, i1 %dhcpEnable, void @empty_0, i32 1, i32 1, void @empty, i32 0, i32 0, void @empty, void @empty, void @empty, i32 0, i32 0, i32 0, i32 0, void @empty, void @empty, i32 4294967295, i32 0"   --->   Operation 42 'specinterface' 'specinterface_ln0' <Predicate = true> <Delay = 0.00>
ST_10 : Operation 43 [1/1] (0.00ns)   --->   "%specbitsmap_ln0 = specbitsmap void @_ssdm_op_SpecBitsMap, i32 %inputIpAddress"   --->   Operation 43 'specbitsmap' 'specbitsmap_ln0' <Predicate = true> <Delay = 0.00>
ST_10 : Operation 44 [1/1] (0.00ns)   --->   "%specinterface_ln0 = specinterface void @_ssdm_op_SpecInterface, i32 %inputIpAddress, void @empty_0, i32 1, i32 1, void @empty, i32 0, i32 0, void @empty, void @empty, void @empty, i32 0, i32 0, i32 0, i32 0, void @empty, void @empty, i32 4294967295, i32 0"   --->   Operation 44 'specinterface' 'specinterface_ln0' <Predicate = true> <Delay = 0.00>
ST_10 : Operation 45 [1/1] (0.00ns)   --->   "%specbitsmap_ln0 = specbitsmap void @_ssdm_op_SpecBitsMap, i32 %dhcpIpAddressOut"   --->   Operation 45 'specbitsmap' 'specbitsmap_ln0' <Predicate = true> <Delay = 0.00>
ST_10 : Operation 46 [1/1] (0.00ns)   --->   "%specinterface_ln0 = specinterface void @_ssdm_op_SpecInterface, i32 %dhcpIpAddressOut, void @empty_0, i32 1, i32 1, void @empty, i32 0, i32 0, void @empty, void @empty, void @empty, i32 0, i32 0, i32 0, i32 0, void @empty, void @empty, i32 4294967295, i32 0"   --->   Operation 46 'specinterface' 'specinterface_ln0' <Predicate = true> <Delay = 0.00>
ST_10 : Operation 47 [1/1] (0.00ns)   --->   "%specbitsmap_ln0 = specbitsmap void @_ssdm_op_SpecBitsMap, i48 %myMacAddress"   --->   Operation 47 'specbitsmap' 'specbitsmap_ln0' <Predicate = true> <Delay = 0.00>
ST_10 : Operation 48 [1/1] (0.00ns)   --->   "%specinterface_ln0 = specinterface void @_ssdm_op_SpecInterface, i48 %myMacAddress, void @empty_0, i32 0, i32 0, void @empty, i32 0, i32 0, void @empty, void @empty, void @empty, i32 0, i32 0, i32 0, i32 0, void @empty, void @empty, i32 4294967295, i32 0"   --->   Operation 48 'specinterface' 'specinterface_ln0' <Predicate = true> <Delay = 0.00>
ST_10 : Operation 49 [1/1] (0.00ns)   --->   "%specinterface_ln0 = specinterface void @_ssdm_op_SpecInterface, i1 %portOpen, void @empty_1, i32 0, i32 0, void @empty, i32 0, i32 0, void @empty, void @empty, void @empty, i32 0, i32 0, i32 0, i32 0, void @empty, void @empty, i32 4294967295, i32 0"   --->   Operation 49 'specinterface' 'specinterface_ln0' <Predicate = true> <Delay = 0.00>
ST_10 : Operation 50 [1/1] (0.00ns)   --->   "%specinterface_ln0 = specinterface void @_ssdm_op_SpecInterface, i128 %dhcp_replyMetaFifo, void @empty_1, i32 0, i32 0, void @empty, i32 0, i32 0, void @empty, void @empty, void @empty, i32 0, i32 0, i32 0, i32 0, void @empty, void @empty, i32 4294967295, i32 0"   --->   Operation 50 'specinterface' 'specinterface_ln0' <Predicate = true> <Delay = 0.00>
ST_10 : Operation 51 [1/1] (0.00ns)   --->   "%specinterface_ln0 = specinterface void @_ssdm_op_SpecInterface, i96 %dhcp_requestMetaFifo, void @empty_1, i32 0, i32 0, void @empty, i32 0, i32 0, void @empty, void @empty, void @empty, i32 0, i32 0, i32 0, i32 0, void @empty, void @empty, i32 4294967295, i32 0"   --->   Operation 51 'specinterface' 'specinterface_ln0' <Predicate = true> <Delay = 0.00>
ST_10 : Operation 52 [1/1] (0.00ns)   --->   "%ret_ln381 = ret" [/mnt/scratch/pyuvaraj/Vitis_RoCE_W/Vitis_RoCE/fpga-network-stack/hls/dhcp_client/dhcp_client.cpp:381]   --->   Operation 52 'ret' 'ret_ln381' <Predicate = true> <Delay = 0.00>


============================================================
+ Verbose Summary: Timing violations
============================================================
Target clock period: 3.2ns, clock uncertainty: 0.864ns.

 <State 1>: 0ns
The critical path consists of the following:

 <State 2>: 0ns
The critical path consists of the following:

 <State 3>: 1.56ns
The critical path consists of the following:
	'call' operation ('call_ln373', /mnt/scratch/pyuvaraj/Vitis_RoCE_W/Vitis_RoCE/fpga-network-stack/hls/dhcp_client/dhcp_client.cpp:373) to 'receive_message' [67]  (1.56 ns)

 <State 4>: 0ns
The critical path consists of the following:

 <State 5>: 1.27ns
The critical path consists of the following:
	'call' operation ('call_ln375', /mnt/scratch/pyuvaraj/Vitis_RoCE_W/Vitis_RoCE/fpga-network-stack/hls/dhcp_client/dhcp_client.cpp:375) to 'dhcp_fsm' [68]  (1.27 ns)

 <State 6>: 0ns
The critical path consists of the following:

 <State 7>: 0ns
The critical path consists of the following:

 <State 8>: 1.32ns
The critical path consists of the following:
	'call' operation ('call_ln377', /mnt/scratch/pyuvaraj/Vitis_RoCE_W/Vitis_RoCE/fpga-network-stack/hls/dhcp_client/dhcp_client.cpp:377) to 'send_message' [69]  (1.32 ns)

 <State 9>: 0ns
The critical path consists of the following:

 <State 10>: 0ns
The critical path consists of the following:


============================================================
+ Verbose Summary: Binding
============================================================
N/A
* FSMD analyzer results:
  - Output states:
 - Input state : 
  - Chain level:
	State 1
	State 2
	State 3
	State 4
	State 5
	State 6
	State 7
	State 8
	State 9
	State 10


============================================================
+ Verbose Summary: Datapath Resource usage 
============================================================
N/A
