

================================================================
== Vitis HLS Report for 'receive_message'
================================================================
* Date:           Tue Jul 11 09:17:06 2023

* Version:        2022.1 (Build 3526262 on Mon Apr 18 15:47:01 MDT 2022)
* Project:        dhcp_client_prj
* Solution:       solution1 (Vivado IP Flow Target)
* Product family: virtexuplus
* Target device:  xcu280-fsvh2892-2L-e


================================================================
== Performance Estimates
================================================================
+ Timing: 
    * Summary: 
    +--------+---------+----------+------------+
    |  Clock |  Target | Estimated| Uncertainty|
    +--------+---------+----------+------------+
    |ap_clk  |  3.20 ns|  1.556 ns|     0.86 ns|
    +--------+---------+----------+------------+

+ Latency: 
    * Summary: 
    +---------+---------+----------+----------+-----+-----+---------+
    |  Latency (cycles) |  Latency (absolute) |  Interval | Pipeline|
    |   min   |   max   |    min   |    max   | min | max |   Type  |
    +---------+---------+----------+----------+-----+-----+---------+
    |        1|        1|  3.200 ns|  3.200 ns|    1|    1|      yes|
    +---------+---------+----------+----------+-----+-----+---------+

    + Detail: 
        * Instance: 
        N/A

        * Loop: 
        N/A

============================================================
+ Verbose Summary: Synthesis Manager
============================================================
InlineROM: 1
ExposeGlobal: 0
============================================================
+ Verbose Summary: CDFG Model
============================================================
IsTopModel: 0
ResetActiveHigh: 1
IsCombinational: 2
IsDatapathOnly: 0
HasWiredReturn: 1
HasMFsm: 2
HasVarLatency: 0
IsPipeline: 1
IsRtlPipelined: 1
IsInstanceOverlapped: 0
IsDontTouch: 0
HasImplIP: 0
IsGatedGlobalClock: 0

+ Individual pipeline summary: 
  * Pipeline-0: initiation interval (II) = 1, depth = 2


============================================================
+ Verbose Summary: Schedule
============================================================
* Number of FSM states : 2
* Pipeline : 1
  Pipeline-0 : II = 1, D = 2, States = { 1 2 }
* Dataflow Pipeline: 0

* FSM state transitions: 
1 --> 2 
2 --> 

* FSM state operations: 

State 1 <SV = 0> <Delay = 1.55>
ST_1 : Operation 3 [1/1] (0.00ns)   --->   "%p_Val2_s = read i48 @_ssdm_op_Read.ap_auto.i48P0A, i48 %myMacAddress" [/mnt/scratch/pyuvaraj/Vitis_RoCE_W/Vitis_RoCE/fpga-network-stack/hls/dhcp_client/dhcp_client.cpp:373]   --->   Operation 3 'read' 'p_Val2_s' <Predicate = true> <Delay = 0.00>
ST_1 : Operation 4 [1/1] (0.00ns)   --->   "%specinterface_ln0 = specinterface void @_ssdm_op_SpecInterface, i128 %dhcp_replyMetaFifo, void @empty_1, i32 0, i32 0, void @empty, i32 0, i32 0, void @empty, void @empty, void @empty, i32 0, i32 0, i32 0, i32 0, void @empty, void @empty, i32 4294967295, i32 0"   --->   Operation 4 'specinterface' 'specinterface_ln0' <Predicate = true> <Delay = 0.00>
ST_1 : Operation 5 [1/1] (0.00ns)   --->   "%specinterface_ln0 = specinterface void @_ssdm_op_SpecInterface, i128 %dhcp_replyMetaFifo, void @empty_1, i32 0, i32 0, void @empty, i32 0, i32 0, void @empty, void @empty, void @empty, i32 0, i32 0, i32 0, i32 0, void @empty, void @empty, i32 4294967295, i32 0"   --->   Operation 5 'specinterface' 'specinterface_ln0' <Predicate = true> <Delay = 0.00>
ST_1 : Operation 6 [1/1] (0.00ns)   --->   "%specinterface_ln0 = specinterface void @_ssdm_op_SpecInterface, i128 %dhcp_replyMetaFifo, void @empty_1, i32 0, i32 0, void @empty, i32 0, i32 0, void @empty, void @empty, void @empty, i32 0, i32 0, i32 0, i32 0, void @empty, void @empty, i32 4294967295, i32 0"   --->   Operation 6 'specinterface' 'specinterface_ln0' <Predicate = true> <Delay = 0.00>
ST_1 : Operation 7 [1/1] (0.00ns)   --->   "%specinterface_ln0 = specinterface void @_ssdm_op_SpecInterface, i128 %dhcp_replyMetaFifo, void @empty_1, i32 0, i32 0, void @empty, i32 0, i32 0, void @empty, void @empty, void @empty, i32 0, i32 0, i32 0, i32 0, void @empty, void @empty, i32 4294967295, i32 0"   --->   Operation 7 'specinterface' 'specinterface_ln0' <Predicate = true> <Delay = 0.00>
ST_1 : Operation 8 [1/1] (0.00ns)   --->   "%specinterface_ln0 = specinterface void @_ssdm_op_SpecInterface, i128 %s_axis_rx_data, void @empty_5, i32 1, i32 1, void @empty_4, i32 0, i32 0, void @empty, void @empty, void @empty, i32 0, i32 0, i32 0, i32 0, void @empty, void @empty, i32 4294967295, i32 0"   --->   Operation 8 'specinterface' 'specinterface_ln0' <Predicate = true> <Delay = 0.00>
ST_1 : Operation 9 [1/1] (0.00ns)   --->   "%specinterface_ln0 = specinterface void @_ssdm_op_SpecInterface, i128 %s_axis_rx_metadata, void @empty_5, i32 1, i32 1, void @empty_4, i32 0, i32 0, void @empty, void @empty, void @empty, i32 0, i32 0, i32 0, i32 0, void @empty, void @empty, i32 4294967295, i32 0"   --->   Operation 9 'specinterface' 'specinterface_ln0' <Predicate = true> <Delay = 0.00>
ST_1 : Operation 10 [1/1] (0.00ns)   --->   "%specpipeline_ln62 = specpipeline void @_ssdm_op_SpecPipeline, i32 1, i32 0, i32 0, i32 0, void @empty" [/mnt/scratch/pyuvaraj/Vitis_RoCE_W/Vitis_RoCE/fpga-network-stack/hls/dhcp_client/dhcp_client.cpp:62->/mnt/scratch/pyuvaraj/Vitis_RoCE_W/Vitis_RoCE/fpga-network-stack/hls/dhcp_client/dhcp_client.cpp:373]   --->   Operation 10 'specpipeline' 'specpipeline_ln62' <Predicate = true> <Delay = 0.00>
ST_1 : Operation 11 [1/1] (0.00ns)   --->   "%tmp_i_i = nbreadreq i1 @_ssdm_op_NbReadReq.axis.i128P128A, i128 %s_axis_rx_data, i32 1" [/tools/Xilinx/Vitis_HLS/2022.1/common/technology/autopilot/hls_stream_39.h:136]   --->   Operation 11 'nbreadreq' 'tmp_i_i' <Predicate = true> <Delay = 0.00> <CoreInst = "axis">   --->   Core 123 'axis' <Latency = 0> <II = 1> <Delay = 1.00> <Adapter> <Opcode : >
ST_1 : Operation 12 [1/1] (0.00ns)   --->   "%br_ln75 = br i1 %tmp_i_i, void %if.end52.i.i, void %if.then.i.i" [/mnt/scratch/pyuvaraj/Vitis_RoCE_W/Vitis_RoCE/fpga-network-stack/hls/dhcp_client/dhcp_client.cpp:75->/mnt/scratch/pyuvaraj/Vitis_RoCE_W/Vitis_RoCE/fpga-network-stack/hls/dhcp_client/dhcp_client.cpp:373]   --->   Operation 12 'br' 'br_ln75' <Predicate = true> <Delay = 0.00>
ST_1 : Operation 13 [1/1] (0.00ns)   --->   "%s_axis_rx_data_read = read i128 @_ssdm_op_Read.axis.volatile.i128P128A, i128 %s_axis_rx_data" [/tools/Xilinx/Vitis_HLS/2022.1/common/technology/autopilot/hls_stream_39.h:145]   --->   Operation 13 'read' 's_axis_rx_data_read' <Predicate = (tmp_i_i)> <Delay = 0.00> <CoreInst = "axis">   --->   Core 123 'axis' <Latency = 0> <II = 1> <Delay = 1.00> <Adapter> <Opcode : >
ST_1 : Operation 14 [1/1] (0.00ns)   --->   "%currWord_last_V = bitselect i1 @_ssdm_op_BitSelect.i1.i128.i128, i128 %s_axis_rx_data_read, i128 72" [/tools/Xilinx/Vitis_HLS/2022.1/common/technology/autopilot/hls_stream_39.h:145]   --->   Operation 14 'bitselect' 'currWord_last_V' <Predicate = (tmp_i_i)> <Delay = 0.00>
ST_1 : Operation 15 [1/1] (0.00ns)   --->   "%rm_wordCount_V_load = load i6 %rm_wordCount_V"   --->   Operation 15 'load' 'rm_wordCount_V_load' <Predicate = (tmp_i_i)> <Delay = 0.00>
ST_1 : Operation 16 [1/1] (0.00ns)   --->   "%rm_isReply_load = load i1 %rm_isReply" [/mnt/scratch/pyuvaraj/Vitis_RoCE_W/Vitis_RoCE/fpga-network-stack/hls/dhcp_client/dhcp_client.cpp:121->/mnt/scratch/pyuvaraj/Vitis_RoCE_W/Vitis_RoCE/fpga-network-stack/hls/dhcp_client/dhcp_client.cpp:373]   --->   Operation 16 'load' 'rm_isReply_load' <Predicate = (tmp_i_i)> <Delay = 0.00>
ST_1 : Operation 17 [1/1] (0.00ns)   --->   "%rm_correctMac_load = load i1 %rm_correctMac" [/mnt/scratch/pyuvaraj/Vitis_RoCE_W/Vitis_RoCE/fpga-network-stack/hls/dhcp_client/dhcp_client.cpp:93->/mnt/scratch/pyuvaraj/Vitis_RoCE_W/Vitis_RoCE/fpga-network-stack/hls/dhcp_client/dhcp_client.cpp:373]   --->   Operation 17 'load' 'rm_correctMac_load' <Predicate = (tmp_i_i)> <Delay = 0.00>
ST_1 : Operation 18 [1/1] (0.00ns)   --->   "%rm_isDHCP_load = load i1 %rm_isDHCP" [/mnt/scratch/pyuvaraj/Vitis_RoCE_W/Vitis_RoCE/fpga-network-stack/hls/dhcp_client/dhcp_client.cpp:121->/mnt/scratch/pyuvaraj/Vitis_RoCE_W/Vitis_RoCE/fpga-network-stack/hls/dhcp_client/dhcp_client.cpp:373]   --->   Operation 18 'load' 'rm_isDHCP_load' <Predicate = (tmp_i_i)> <Delay = 0.00>
ST_1 : Operation 19 [1/1] (0.45ns)   --->   "%switch_ln78 = switch i6 %rm_wordCount_V_load, void %sw.epilog.i.i, i6 0, void %sw.bb.i.i, i6 30, void %sw.bb36.i.i, i6 2, void %sw.bb10.i.i, i6 3, void %sw.bb17.i.i_ifconv, i6 4, void %sw.bb21.i.i_ifconv, i6 29, void %sw.bb32.i.i" [/mnt/scratch/pyuvaraj/Vitis_RoCE_W/Vitis_RoCE/fpga-network-stack/hls/dhcp_client/dhcp_client.cpp:78->/mnt/scratch/pyuvaraj/Vitis_RoCE_W/Vitis_RoCE/fpga-network-stack/hls/dhcp_client/dhcp_client.cpp:373]   --->   Operation 19 'switch' 'switch_ln78' <Predicate = (tmp_i_i)> <Delay = 0.45>
ST_1 : Operation 20 [1/1] (0.00ns)   --->   "%tmp_5_i_i = partselect i32 @_ssdm_op_PartSelect.i32.i128.i32.i32, i128 %s_axis_rx_data_read, i32 32, i32 63"   --->   Operation 20 'partselect' 'tmp_5_i_i' <Predicate = (tmp_i_i & rm_wordCount_V_load == 29)> <Delay = 0.00>
ST_1 : Operation 21 [1/1] (0.85ns)   --->   "%icmp_ln1065_3 = icmp_eq  i32 %tmp_5_i_i, i32 1666417251"   --->   Operation 21 'icmp' 'icmp_ln1065_3' <Predicate = (tmp_i_i & rm_wordCount_V_load == 29)> <Delay = 0.85> <CoreInst = "Cmp">   --->   Core 9 'Cmp' <Latency = 0> <II = 1> <Delay = 0.85> <FuncUnit> <Opcode : 'icmp'> <InPorts = 2> <OutPorts = 1>
ST_1 : Operation 22 [1/1] (0.00ns)   --->   "%store_ln106 = store i1 %icmp_ln1065_3, i1 %rm_isDHCP" [/mnt/scratch/pyuvaraj/Vitis_RoCE_W/Vitis_RoCE/fpga-network-stack/hls/dhcp_client/dhcp_client.cpp:106->/mnt/scratch/pyuvaraj/Vitis_RoCE_W/Vitis_RoCE/fpga-network-stack/hls/dhcp_client/dhcp_client.cpp:373]   --->   Operation 22 'store' 'store_ln106' <Predicate = (tmp_i_i & rm_wordCount_V_load == 29)> <Delay = 0.00>
ST_1 : Operation 23 [1/1] (0.45ns)   --->   "%br_ln107 = br void %sw.epilog.i.i" [/mnt/scratch/pyuvaraj/Vitis_RoCE_W/Vitis_RoCE/fpga-network-stack/hls/dhcp_client/dhcp_client.cpp:107->/mnt/scratch/pyuvaraj/Vitis_RoCE_W/Vitis_RoCE/fpga-network-stack/hls/dhcp_client/dhcp_client.cpp:373]   --->   Operation 23 'br' 'br_ln107' <Predicate = (tmp_i_i & rm_wordCount_V_load == 29)> <Delay = 0.45>
ST_1 : Operation 24 [1/1] (0.00ns)   --->   "%tmp_9_i_i3 = partselect i16 @_ssdm_op_PartSelect.i16.i48.i32.i32, i48 %p_Val2_s, i32 32, i32 47"   --->   Operation 24 'partselect' 'tmp_9_i_i3' <Predicate = (tmp_i_i & rm_wordCount_V_load == 4)> <Delay = 0.00>
ST_1 : Operation 25 [1/1] (0.00ns)   --->   "%trunc_ln674_5 = trunc i128 %s_axis_rx_data_read"   --->   Operation 25 'trunc' 'trunc_ln674_5' <Predicate = (tmp_i_i & rm_wordCount_V_load == 4)> <Delay = 0.00>
ST_1 : Operation 26 [1/1] (0.67ns)   --->   "%icmp_ln1065_5 = icmp_eq  i16 %tmp_9_i_i3, i16 %trunc_ln674_5"   --->   Operation 26 'icmp' 'icmp_ln1065_5' <Predicate = (tmp_i_i & rm_wordCount_V_load == 4)> <Delay = 0.67> <CoreInst = "Cmp">   --->   Core 9 'Cmp' <Latency = 0> <II = 1> <Delay = 0.67> <FuncUnit> <Opcode : 'icmp'> <InPorts = 2> <OutPorts = 1>
ST_1 : Operation 27 [1/1] (0.12ns)   --->   "%and_ln93_1 = and i1 %rm_correctMac_load, i1 %icmp_ln1065_5" [/mnt/scratch/pyuvaraj/Vitis_RoCE_W/Vitis_RoCE/fpga-network-stack/hls/dhcp_client/dhcp_client.cpp:93->/mnt/scratch/pyuvaraj/Vitis_RoCE_W/Vitis_RoCE/fpga-network-stack/hls/dhcp_client/dhcp_client.cpp:373]   --->   Operation 27 'and' 'and_ln93_1' <Predicate = (tmp_i_i & rm_wordCount_V_load == 4)> <Delay = 0.12> <CoreInst = "LogicGate">   --->   Core 74 'LogicGate' <Latency = 0> <II = 1> <Delay = 0.12> <FuncUnit> <Opcode : 'and' 'or' 'xor'> <InPorts = 2> <OutPorts = 1>
ST_1 : Operation 28 [1/1] (0.41ns)   --->   "%store_ln97 = store i1 %and_ln93_1, i1 %rm_correctMac" [/mnt/scratch/pyuvaraj/Vitis_RoCE_W/Vitis_RoCE/fpga-network-stack/hls/dhcp_client/dhcp_client.cpp:97->/mnt/scratch/pyuvaraj/Vitis_RoCE_W/Vitis_RoCE/fpga-network-stack/hls/dhcp_client/dhcp_client.cpp:373]   --->   Operation 28 'store' 'store_ln97' <Predicate = (tmp_i_i & rm_wordCount_V_load == 4)> <Delay = 0.41>
ST_1 : Operation 29 [1/1] (0.45ns)   --->   "%br_ln98 = br void %sw.epilog.i.i" [/mnt/scratch/pyuvaraj/Vitis_RoCE_W/Vitis_RoCE/fpga-network-stack/hls/dhcp_client/dhcp_client.cpp:98->/mnt/scratch/pyuvaraj/Vitis_RoCE_W/Vitis_RoCE/fpga-network-stack/hls/dhcp_client/dhcp_client.cpp:373]   --->   Operation 29 'br' 'br_ln98' <Predicate = (tmp_i_i & rm_wordCount_V_load == 4)> <Delay = 0.45>
ST_1 : Operation 30 [1/1] (0.00ns)   --->   "%trunc_ln674_4 = trunc i48 %p_Val2_s"   --->   Operation 30 'trunc' 'trunc_ln674_4' <Predicate = (tmp_i_i & rm_wordCount_V_load == 3)> <Delay = 0.00>
ST_1 : Operation 31 [1/1] (0.00ns)   --->   "%tmp_8_i_i = partselect i32 @_ssdm_op_PartSelect.i32.i128.i32.i32, i128 %s_axis_rx_data_read, i32 32, i32 63"   --->   Operation 31 'partselect' 'tmp_8_i_i' <Predicate = (tmp_i_i & rm_wordCount_V_load == 3)> <Delay = 0.00>
ST_1 : Operation 32 [1/1] (0.85ns)   --->   "%icmp_ln1065_4 = icmp_eq  i32 %trunc_ln674_4, i32 %tmp_8_i_i"   --->   Operation 32 'icmp' 'icmp_ln1065_4' <Predicate = (tmp_i_i & rm_wordCount_V_load == 3)> <Delay = 0.85> <CoreInst = "Cmp">   --->   Core 9 'Cmp' <Latency = 0> <II = 1> <Delay = 0.85> <FuncUnit> <Opcode : 'icmp'> <InPorts = 2> <OutPorts = 1>
ST_1 : Operation 33 [1/1] (0.12ns)   --->   "%and_ln93 = and i1 %rm_correctMac_load, i1 %icmp_ln1065_4" [/mnt/scratch/pyuvaraj/Vitis_RoCE_W/Vitis_RoCE/fpga-network-stack/hls/dhcp_client/dhcp_client.cpp:93->/mnt/scratch/pyuvaraj/Vitis_RoCE_W/Vitis_RoCE/fpga-network-stack/hls/dhcp_client/dhcp_client.cpp:373]   --->   Operation 33 'and' 'and_ln93' <Predicate = (tmp_i_i & rm_wordCount_V_load == 3)> <Delay = 0.12> <CoreInst = "LogicGate">   --->   Core 74 'LogicGate' <Latency = 0> <II = 1> <Delay = 0.12> <FuncUnit> <Opcode : 'and' 'or' 'xor'> <InPorts = 2> <OutPorts = 1>
ST_1 : Operation 34 [1/1] (0.41ns)   --->   "%store_ln93 = store i1 %and_ln93, i1 %rm_correctMac" [/mnt/scratch/pyuvaraj/Vitis_RoCE_W/Vitis_RoCE/fpga-network-stack/hls/dhcp_client/dhcp_client.cpp:93->/mnt/scratch/pyuvaraj/Vitis_RoCE_W/Vitis_RoCE/fpga-network-stack/hls/dhcp_client/dhcp_client.cpp:373]   --->   Operation 34 'store' 'store_ln93' <Predicate = (tmp_i_i & rm_wordCount_V_load == 3)> <Delay = 0.41>
ST_1 : Operation 35 [1/1] (0.45ns)   --->   "%br_ln94 = br void %sw.epilog.i.i" [/mnt/scratch/pyuvaraj/Vitis_RoCE_W/Vitis_RoCE/fpga-network-stack/hls/dhcp_client/dhcp_client.cpp:94->/mnt/scratch/pyuvaraj/Vitis_RoCE_W/Vitis_RoCE/fpga-network-stack/hls/dhcp_client/dhcp_client.cpp:373]   --->   Operation 35 'br' 'br_ln94' <Predicate = (tmp_i_i & rm_wordCount_V_load == 3)> <Delay = 0.45>
ST_1 : Operation 36 [1/1] (0.00ns)   --->   "%trunc_ln674_3 = trunc i128 %s_axis_rx_data_read"   --->   Operation 36 'trunc' 'trunc_ln674_3' <Predicate = (tmp_i_i & rm_wordCount_V_load == 2)> <Delay = 0.00>
ST_1 : Operation 37 [1/1] (0.00ns)   --->   "%store_ln89 = store i32 %trunc_ln674_3, i32 %meta_assignedIpAddress_V" [/mnt/scratch/pyuvaraj/Vitis_RoCE_W/Vitis_RoCE/fpga-network-stack/hls/dhcp_client/dhcp_client.cpp:89->/mnt/scratch/pyuvaraj/Vitis_RoCE_W/Vitis_RoCE/fpga-network-stack/hls/dhcp_client/dhcp_client.cpp:373]   --->   Operation 37 'store' 'store_ln89' <Predicate = (tmp_i_i & rm_wordCount_V_load == 2)> <Delay = 0.00>
ST_1 : Operation 38 [1/1] (0.00ns)   --->   "%tmp_4_i_i = partselect i32 @_ssdm_op_PartSelect.i32.i128.i32.i32, i128 %s_axis_rx_data_read, i32 32, i32 63"   --->   Operation 38 'partselect' 'tmp_4_i_i' <Predicate = (tmp_i_i & rm_wordCount_V_load == 2)> <Delay = 0.00>
ST_1 : Operation 39 [1/1] (0.00ns)   --->   "%store_ln90 = store i32 %tmp_4_i_i, i32 %meta_serverAddress_V" [/mnt/scratch/pyuvaraj/Vitis_RoCE_W/Vitis_RoCE/fpga-network-stack/hls/dhcp_client/dhcp_client.cpp:90->/mnt/scratch/pyuvaraj/Vitis_RoCE_W/Vitis_RoCE/fpga-network-stack/hls/dhcp_client/dhcp_client.cpp:373]   --->   Operation 39 'store' 'store_ln90' <Predicate = (tmp_i_i & rm_wordCount_V_load == 2)> <Delay = 0.00>
ST_1 : Operation 40 [1/1] (0.45ns)   --->   "%br_ln91 = br void %sw.epilog.i.i" [/mnt/scratch/pyuvaraj/Vitis_RoCE_W/Vitis_RoCE/fpga-network-stack/hls/dhcp_client/dhcp_client.cpp:91->/mnt/scratch/pyuvaraj/Vitis_RoCE_W/Vitis_RoCE/fpga-network-stack/hls/dhcp_client/dhcp_client.cpp:373]   --->   Operation 40 'br' 'br_ln91' <Predicate = (tmp_i_i & rm_wordCount_V_load == 2)> <Delay = 0.45>
ST_1 : Operation 41 [1/1] (0.00ns)   --->   "%trunc_ln674_2 = trunc i128 %s_axis_rx_data_read"   --->   Operation 41 'trunc' 'trunc_ln674_2' <Predicate = (tmp_i_i & rm_wordCount_V_load == 30)> <Delay = 0.00>
ST_1 : Operation 42 [1/1] (0.67ns)   --->   "%icmp_ln1065_2 = icmp_eq  i16 %trunc_ln674_2, i16 309"   --->   Operation 42 'icmp' 'icmp_ln1065_2' <Predicate = (tmp_i_i & rm_wordCount_V_load == 30)> <Delay = 0.67> <CoreInst = "Cmp">   --->   Core 9 'Cmp' <Latency = 0> <II = 1> <Delay = 0.67> <FuncUnit> <Opcode : 'icmp'> <InPorts = 2> <OutPorts = 1>
ST_1 : Operation 43 [1/1] (0.00ns)   --->   "%br_ln110 = br i1 %icmp_ln1065_2, void %if.end.i.i, void %if.then40.i.i" [/mnt/scratch/pyuvaraj/Vitis_RoCE_W/Vitis_RoCE/fpga-network-stack/hls/dhcp_client/dhcp_client.cpp:110->/mnt/scratch/pyuvaraj/Vitis_RoCE_W/Vitis_RoCE/fpga-network-stack/hls/dhcp_client/dhcp_client.cpp:373]   --->   Operation 43 'br' 'br_ln110' <Predicate = (tmp_i_i & rm_wordCount_V_load == 30)> <Delay = 0.00>
ST_1 : Operation 44 [1/1] (0.00ns)   --->   "%tmp_6_i_i = partselect i8 @_ssdm_op_PartSelect.i8.i128.i32.i32, i128 %s_axis_rx_data_read, i32 16, i32 23"   --->   Operation 44 'partselect' 'tmp_6_i_i' <Predicate = (tmp_i_i & rm_wordCount_V_load == 30 & icmp_ln1065_2)> <Delay = 0.00>
ST_1 : Operation 45 [1/1] (0.00ns)   --->   "%store_ln111 = store i8 %tmp_6_i_i, i8 %meta_type_V_1" [/mnt/scratch/pyuvaraj/Vitis_RoCE_W/Vitis_RoCE/fpga-network-stack/hls/dhcp_client/dhcp_client.cpp:111->/mnt/scratch/pyuvaraj/Vitis_RoCE_W/Vitis_RoCE/fpga-network-stack/hls/dhcp_client/dhcp_client.cpp:373]   --->   Operation 45 'store' 'store_ln111' <Predicate = (tmp_i_i & rm_wordCount_V_load == 30 & icmp_ln1065_2)> <Delay = 0.00>
ST_1 : Operation 46 [1/1] (0.00ns)   --->   "%br_ln111 = br void %if.end.i.i" [/mnt/scratch/pyuvaraj/Vitis_RoCE_W/Vitis_RoCE/fpga-network-stack/hls/dhcp_client/dhcp_client.cpp:111->/mnt/scratch/pyuvaraj/Vitis_RoCE_W/Vitis_RoCE/fpga-network-stack/hls/dhcp_client/dhcp_client.cpp:373]   --->   Operation 46 'br' 'br_ln111' <Predicate = (tmp_i_i & rm_wordCount_V_load == 30 & icmp_ln1065_2)> <Delay = 0.00>
ST_1 : Operation 47 [1/1] (0.45ns)   --->   "%br_ln112 = br void %sw.epilog.i.i" [/mnt/scratch/pyuvaraj/Vitis_RoCE_W/Vitis_RoCE/fpga-network-stack/hls/dhcp_client/dhcp_client.cpp:112->/mnt/scratch/pyuvaraj/Vitis_RoCE_W/Vitis_RoCE/fpga-network-stack/hls/dhcp_client/dhcp_client.cpp:373]   --->   Operation 47 'br' 'br_ln112' <Predicate = (tmp_i_i & rm_wordCount_V_load == 30)> <Delay = 0.45>
ST_1 : Operation 48 [1/1] (0.00ns)   --->   "%trunc_ln674 = trunc i128 %s_axis_rx_data_read"   --->   Operation 48 'trunc' 'trunc_ln674' <Predicate = (tmp_i_i & rm_wordCount_V_load == 0)> <Delay = 0.00>
ST_1 : Operation 49 [1/1] (0.58ns)   --->   "%icmp_ln1065 = icmp_eq  i8 %trunc_ln674, i8 2"   --->   Operation 49 'icmp' 'icmp_ln1065' <Predicate = (tmp_i_i & rm_wordCount_V_load == 0)> <Delay = 0.58> <CoreInst = "Cmp">   --->   Core 9 'Cmp' <Latency = 0> <II = 1> <Delay = 0.58> <FuncUnit> <Opcode : 'icmp'> <InPorts = 2> <OutPorts = 1>
ST_1 : Operation 50 [1/1] (0.00ns)   --->   "%store_ln80 = store i1 %icmp_ln1065, i1 %rm_isReply" [/mnt/scratch/pyuvaraj/Vitis_RoCE_W/Vitis_RoCE/fpga-network-stack/hls/dhcp_client/dhcp_client.cpp:80->/mnt/scratch/pyuvaraj/Vitis_RoCE_W/Vitis_RoCE/fpga-network-stack/hls/dhcp_client/dhcp_client.cpp:373]   --->   Operation 50 'store' 'store_ln80' <Predicate = (tmp_i_i & rm_wordCount_V_load == 0)> <Delay = 0.00>
ST_1 : Operation 51 [1/1] (0.00ns)   --->   "%tmp_1_i_i = partselect i32 @_ssdm_op_PartSelect.i32.i128.i32.i32, i128 %s_axis_rx_data_read, i32 32, i32 63"   --->   Operation 51 'partselect' 'tmp_1_i_i' <Predicate = (tmp_i_i & rm_wordCount_V_load == 0)> <Delay = 0.00>
ST_1 : Operation 52 [1/1] (0.00ns)   --->   "%store_ln81 = store i32 %tmp_1_i_i, i32 %meta_identifier_V" [/mnt/scratch/pyuvaraj/Vitis_RoCE_W/Vitis_RoCE/fpga-network-stack/hls/dhcp_client/dhcp_client.cpp:81->/mnt/scratch/pyuvaraj/Vitis_RoCE_W/Vitis_RoCE/fpga-network-stack/hls/dhcp_client/dhcp_client.cpp:373]   --->   Operation 52 'store' 'store_ln81' <Predicate = (tmp_i_i & rm_wordCount_V_load == 0)> <Delay = 0.00>
ST_1 : Operation 53 [1/1] (0.41ns)   --->   "%store_ln82 = store i1 1, i1 %rm_correctMac" [/mnt/scratch/pyuvaraj/Vitis_RoCE_W/Vitis_RoCE/fpga-network-stack/hls/dhcp_client/dhcp_client.cpp:82->/mnt/scratch/pyuvaraj/Vitis_RoCE_W/Vitis_RoCE/fpga-network-stack/hls/dhcp_client/dhcp_client.cpp:373]   --->   Operation 53 'store' 'store_ln82' <Predicate = (tmp_i_i & rm_wordCount_V_load == 0)> <Delay = 0.41>
ST_1 : Operation 54 [1/1] (0.45ns)   --->   "%br_ln83 = br void %sw.epilog.i.i" [/mnt/scratch/pyuvaraj/Vitis_RoCE_W/Vitis_RoCE/fpga-network-stack/hls/dhcp_client/dhcp_client.cpp:83->/mnt/scratch/pyuvaraj/Vitis_RoCE_W/Vitis_RoCE/fpga-network-stack/hls/dhcp_client/dhcp_client.cpp:373]   --->   Operation 54 'br' 'br_ln83' <Predicate = (tmp_i_i & rm_wordCount_V_load == 0)> <Delay = 0.45>
ST_1 : Operation 55 [1/1] (0.00ns)   --->   "%rm_isReply_loc_0_i_i = phi i1 %rm_isReply_load, void %if.then.i.i, i1 %rm_isReply_load, void %sw.bb32.i.i, i1 %rm_isReply_load, void %sw.bb21.i.i_ifconv, i1 %rm_isReply_load, void %sw.bb17.i.i_ifconv, i1 %rm_isReply_load, void %sw.bb10.i.i, i1 %rm_isReply_load, void %if.end.i.i, i1 %icmp_ln1065, void %sw.bb.i.i" [/mnt/scratch/pyuvaraj/Vitis_RoCE_W/Vitis_RoCE/fpga-network-stack/hls/dhcp_client/dhcp_client.cpp:121->/mnt/scratch/pyuvaraj/Vitis_RoCE_W/Vitis_RoCE/fpga-network-stack/hls/dhcp_client/dhcp_client.cpp:373]   --->   Operation 55 'phi' 'rm_isReply_loc_0_i_i' <Predicate = (tmp_i_i)> <Delay = 0.00>
ST_1 : Operation 56 [1/1] (0.00ns)   --->   "%rm_correctMac_loc_0_i_i = phi i1 %rm_correctMac_load, void %if.then.i.i, i1 %rm_correctMac_load, void %sw.bb32.i.i, i1 %and_ln93_1, void %sw.bb21.i.i_ifconv, i1 %and_ln93, void %sw.bb17.i.i_ifconv, i1 %rm_correctMac_load, void %sw.bb10.i.i, i1 %rm_correctMac_load, void %if.end.i.i, i1 1, void %sw.bb.i.i" [/mnt/scratch/pyuvaraj/Vitis_RoCE_W/Vitis_RoCE/fpga-network-stack/hls/dhcp_client/dhcp_client.cpp:93->/mnt/scratch/pyuvaraj/Vitis_RoCE_W/Vitis_RoCE/fpga-network-stack/hls/dhcp_client/dhcp_client.cpp:373]   --->   Operation 56 'phi' 'rm_correctMac_loc_0_i_i' <Predicate = (tmp_i_i)> <Delay = 0.00>
ST_1 : Operation 57 [1/1] (0.00ns)   --->   "%rm_isDHCP_loc_0_i_i = phi i1 %rm_isDHCP_load, void %if.then.i.i, i1 %icmp_ln1065_3, void %sw.bb32.i.i, i1 %rm_isDHCP_load, void %sw.bb21.i.i_ifconv, i1 %rm_isDHCP_load, void %sw.bb17.i.i_ifconv, i1 %rm_isDHCP_load, void %sw.bb10.i.i, i1 %rm_isDHCP_load, void %if.end.i.i, i1 %rm_isDHCP_load, void %sw.bb.i.i" [/mnt/scratch/pyuvaraj/Vitis_RoCE_W/Vitis_RoCE/fpga-network-stack/hls/dhcp_client/dhcp_client.cpp:121->/mnt/scratch/pyuvaraj/Vitis_RoCE_W/Vitis_RoCE/fpga-network-stack/hls/dhcp_client/dhcp_client.cpp:373]   --->   Operation 57 'phi' 'rm_isDHCP_loc_0_i_i' <Predicate = (tmp_i_i)> <Delay = 0.00>
ST_1 : Operation 58 [1/1] (0.70ns)   --->   "%add_ln886 = add i6 %rm_wordCount_V_load, i6 1"   --->   Operation 58 'add' 'add_ln886' <Predicate = (tmp_i_i)> <Delay = 0.70> <CoreInst = "Adder">   --->   Core 1 'Adder' <Latency = 0> <II = 1> <Delay = 0.70> <FuncUnit> <Opcode : 'add' 'sub'> <InPorts = 2> <OutPorts = 1>
ST_1 : Operation 59 [1/1] (0.38ns)   --->   "%br_ln118 = br i1 %currWord_last_V, void %mergeST.i.i, void %if.then46.i.i" [/mnt/scratch/pyuvaraj/Vitis_RoCE_W/Vitis_RoCE/fpga-network-stack/hls/dhcp_client/dhcp_client.cpp:118->/mnt/scratch/pyuvaraj/Vitis_RoCE_W/Vitis_RoCE/fpga-network-stack/hls/dhcp_client/dhcp_client.cpp:373]   --->   Operation 59 'br' 'br_ln118' <Predicate = (tmp_i_i)> <Delay = 0.38>
ST_1 : Operation 60 [1/1] (0.00ns) (grouped into LUT with out node and_ln121_1)   --->   "%and_ln121 = and i1 %rm_correctMac_loc_0_i_i, i1 %rm_isDHCP_loc_0_i_i" [/mnt/scratch/pyuvaraj/Vitis_RoCE_W/Vitis_RoCE/fpga-network-stack/hls/dhcp_client/dhcp_client.cpp:121->/mnt/scratch/pyuvaraj/Vitis_RoCE_W/Vitis_RoCE/fpga-network-stack/hls/dhcp_client/dhcp_client.cpp:373]   --->   Operation 60 'and' 'and_ln121' <Predicate = (tmp_i_i & currWord_last_V)> <Delay = 0.00> <CoreInst = "LogicGate">   --->   Core 74 'LogicGate' <Latency = 0> <II = 1> <Delay = 0.12> <FuncUnit> <Opcode : 'and' 'or' 'xor'> <InPorts = 2> <OutPorts = 1>
ST_1 : Operation 61 [1/1] (0.12ns) (out node of the LUT)   --->   "%and_ln121_1 = and i1 %and_ln121, i1 %rm_isReply_loc_0_i_i" [/mnt/scratch/pyuvaraj/Vitis_RoCE_W/Vitis_RoCE/fpga-network-stack/hls/dhcp_client/dhcp_client.cpp:121->/mnt/scratch/pyuvaraj/Vitis_RoCE_W/Vitis_RoCE/fpga-network-stack/hls/dhcp_client/dhcp_client.cpp:373]   --->   Operation 61 'and' 'and_ln121_1' <Predicate = (tmp_i_i & currWord_last_V)> <Delay = 0.12> <CoreInst = "LogicGate">   --->   Core 74 'LogicGate' <Latency = 0> <II = 1> <Delay = 0.12> <FuncUnit> <Opcode : 'and' 'or' 'xor'> <InPorts = 2> <OutPorts = 1>
ST_1 : Operation 62 [1/1] (0.00ns)   --->   "%br_ln121 = br i1 %and_ln121_1, void %if.end50.i.i, void %if.then49.i.i" [/mnt/scratch/pyuvaraj/Vitis_RoCE_W/Vitis_RoCE/fpga-network-stack/hls/dhcp_client/dhcp_client.cpp:121->/mnt/scratch/pyuvaraj/Vitis_RoCE_W/Vitis_RoCE/fpga-network-stack/hls/dhcp_client/dhcp_client.cpp:373]   --->   Operation 62 'br' 'br_ln121' <Predicate = (tmp_i_i & currWord_last_V)> <Delay = 0.00>
ST_1 : Operation 63 [1/1] (0.38ns)   --->   "%br_ln123 = br void %mergeST.i.i" [/mnt/scratch/pyuvaraj/Vitis_RoCE_W/Vitis_RoCE/fpga-network-stack/hls/dhcp_client/dhcp_client.cpp:123->/mnt/scratch/pyuvaraj/Vitis_RoCE_W/Vitis_RoCE/fpga-network-stack/hls/dhcp_client/dhcp_client.cpp:373]   --->   Operation 63 'br' 'br_ln123' <Predicate = (tmp_i_i & currWord_last_V)> <Delay = 0.38>
ST_1 : Operation 64 [1/1] (0.00ns)   --->   "%rm_wordCount_V_new_0_i_i = phi i6 0, void %if.end50.i.i, i6 %add_ln886, void %sw.epilog.i.i"   --->   Operation 64 'phi' 'rm_wordCount_V_new_0_i_i' <Predicate = (tmp_i_i)> <Delay = 0.00>
ST_1 : Operation 65 [1/1] (0.00ns)   --->   "%store_ln886 = store i6 %rm_wordCount_V_new_0_i_i, i6 %rm_wordCount_V"   --->   Operation 65 'store' 'store_ln886' <Predicate = (tmp_i_i)> <Delay = 0.00>
ST_1 : Operation 66 [1/1] (0.00ns)   --->   "%br_ln124 = br void %if.end52.i.i" [/mnt/scratch/pyuvaraj/Vitis_RoCE_W/Vitis_RoCE/fpga-network-stack/hls/dhcp_client/dhcp_client.cpp:124->/mnt/scratch/pyuvaraj/Vitis_RoCE_W/Vitis_RoCE/fpga-network-stack/hls/dhcp_client/dhcp_client.cpp:373]   --->   Operation 66 'br' 'br_ln124' <Predicate = (tmp_i_i)> <Delay = 0.00>
ST_1 : Operation 67 [1/1] (0.00ns)   --->   "%tmp_11_i_i = nbreadreq i1 @_ssdm_op_NbReadReq.axis.i128P128A, i128 %s_axis_rx_metadata, i32 1" [/tools/Xilinx/Vitis_HLS/2022.1/common/technology/autopilot/hls_stream_39.h:136]   --->   Operation 67 'nbreadreq' 'tmp_11_i_i' <Predicate = true> <Delay = 0.00> <CoreInst = "axis">   --->   Core 123 'axis' <Latency = 0> <II = 1> <Delay = 1.00> <Adapter> <Opcode : >
ST_1 : Operation 68 [1/1] (0.00ns)   --->   "%br_ln126 = br i1 %tmp_11_i_i, void %receive_message.exit, void %if.then54.i.i" [/mnt/scratch/pyuvaraj/Vitis_RoCE_W/Vitis_RoCE/fpga-network-stack/hls/dhcp_client/dhcp_client.cpp:126->/mnt/scratch/pyuvaraj/Vitis_RoCE_W/Vitis_RoCE/fpga-network-stack/hls/dhcp_client/dhcp_client.cpp:373]   --->   Operation 68 'br' 'br_ln126' <Predicate = true> <Delay = 0.00>
ST_1 : Operation 69 [1/1] (0.00ns)   --->   "%p_02 = read i128 @_ssdm_op_Read.axis.volatile.i128P128A, i128 %s_axis_rx_metadata" [/tools/Xilinx/Vitis_HLS/2022.1/common/technology/autopilot/hls_stream_39.h:145]   --->   Operation 69 'read' 'p_02' <Predicate = (tmp_11_i_i)> <Delay = 0.00> <CoreInst = "axis">   --->   Core 123 'axis' <Latency = 0> <II = 1> <Delay = 1.00> <Adapter> <Opcode : >
ST_1 : Operation 70 [1/1] (0.00ns)   --->   "%br_ln127 = br void %receive_message.exit" [/mnt/scratch/pyuvaraj/Vitis_RoCE_W/Vitis_RoCE/fpga-network-stack/hls/dhcp_client/dhcp_client.cpp:127->/mnt/scratch/pyuvaraj/Vitis_RoCE_W/Vitis_RoCE/fpga-network-stack/hls/dhcp_client/dhcp_client.cpp:373]   --->   Operation 70 'br' 'br_ln127' <Predicate = (tmp_11_i_i)> <Delay = 0.00>

State 2 <SV = 1> <Delay = 1.16>
ST_2 : Operation 71 [1/1] (0.00ns)   --->   "%meta_identifier_V_load = load i32 %meta_identifier_V" [/tools/Xilinx/Vitis_HLS/2022.1/common/technology/autopilot/hls_stream_39.h:174]   --->   Operation 71 'load' 'meta_identifier_V_load' <Predicate = (tmp_i_i & currWord_last_V & and_ln121_1)> <Delay = 0.00>
ST_2 : Operation 72 [1/1] (0.00ns)   --->   "%meta_assignedIpAddress_V_load = load i32 %meta_assignedIpAddress_V" [/tools/Xilinx/Vitis_HLS/2022.1/common/technology/autopilot/hls_stream_39.h:174]   --->   Operation 72 'load' 'meta_assignedIpAddress_V_load' <Predicate = (tmp_i_i & currWord_last_V & and_ln121_1)> <Delay = 0.00>
ST_2 : Operation 73 [1/1] (0.00ns)   --->   "%meta_serverAddress_V_load = load i32 %meta_serverAddress_V" [/tools/Xilinx/Vitis_HLS/2022.1/common/technology/autopilot/hls_stream_39.h:174]   --->   Operation 73 'load' 'meta_serverAddress_V_load' <Predicate = (tmp_i_i & currWord_last_V & and_ln121_1)> <Delay = 0.00>
ST_2 : Operation 74 [1/1] (0.00ns)   --->   "%meta_type_V_1_load = load i8 %meta_type_V_1" [/tools/Xilinx/Vitis_HLS/2022.1/common/technology/autopilot/hls_stream_39.h:174]   --->   Operation 74 'load' 'meta_type_V_1_load' <Predicate = (tmp_i_i & currWord_last_V & and_ln121_1)> <Delay = 0.00>
ST_2 : Operation 75 [1/1] (0.00ns)   --->   "%tmp_12_i_i = bitconcatenate i104 @_ssdm_op_BitConcatenate.i104.i8.i32.i32.i32, i8 %meta_type_V_1_load, i32 %meta_serverAddress_V_load, i32 %meta_assignedIpAddress_V_load, i32 %meta_identifier_V_load" [/tools/Xilinx/Vitis_HLS/2022.1/common/technology/autopilot/hls_stream_39.h:174]   --->   Operation 75 'bitconcatenate' 'tmp_12_i_i' <Predicate = (tmp_i_i & currWord_last_V & and_ln121_1)> <Delay = 0.00>
ST_2 : Operation 76 [1/1] (0.00ns)   --->   "%zext_ln174 = zext i104 %tmp_12_i_i" [/tools/Xilinx/Vitis_HLS/2022.1/common/technology/autopilot/hls_stream_39.h:174]   --->   Operation 76 'zext' 'zext_ln174' <Predicate = (tmp_i_i & currWord_last_V & and_ln121_1)> <Delay = 0.00>
ST_2 : Operation 77 [1/1] (1.16ns)   --->   "%write_ln174 = write void @_ssdm_op_Write.ap_fifo.volatile.i128P0A, i128 %dhcp_replyMetaFifo, i128 %zext_ln174" [/tools/Xilinx/Vitis_HLS/2022.1/common/technology/autopilot/hls_stream_39.h:174]   --->   Operation 77 'write' 'write_ln174' <Predicate = (tmp_i_i & currWord_last_V & and_ln121_1)> <Delay = 1.16> <CoreInst = "FIFO_SRL">   --->   Core 81 'FIFO_SRL' <Latency = 0> <II = 1> <Delay = 1.41> <Storage> <Opcode : 'read' 'write' 'nbread' 'nbwrite'> <Ports = 0> <Width = 128> <Depth = 4> <FIFO>
ST_2 : Operation 78 [1/1] (0.00ns)   --->   "%br_ln122 = br void %if.end50.i.i" [/mnt/scratch/pyuvaraj/Vitis_RoCE_W/Vitis_RoCE/fpga-network-stack/hls/dhcp_client/dhcp_client.cpp:122->/mnt/scratch/pyuvaraj/Vitis_RoCE_W/Vitis_RoCE/fpga-network-stack/hls/dhcp_client/dhcp_client.cpp:373]   --->   Operation 78 'br' 'br_ln122' <Predicate = (tmp_i_i & currWord_last_V & and_ln121_1)> <Delay = 0.00>
ST_2 : Operation 79 [1/1] (0.00ns)   --->   "%ret_ln373 = ret" [/mnt/scratch/pyuvaraj/Vitis_RoCE_W/Vitis_RoCE/fpga-network-stack/hls/dhcp_client/dhcp_client.cpp:373]   --->   Operation 79 'ret' 'ret_ln373' <Predicate = true> <Delay = 0.00>


============================================================
+ Verbose Summary: Timing violations
============================================================
Target clock period: 3.2ns, clock uncertainty: 0.864ns.

 <State 1>: 1.56ns
The critical path consists of the following:
	wire read operation ('__Val2__', /mnt/scratch/pyuvaraj/Vitis_RoCE_W/Vitis_RoCE/fpga-network-stack/hls/dhcp_client/dhcp_client.cpp:373) on port 'myMacAddress' (/mnt/scratch/pyuvaraj/Vitis_RoCE_W/Vitis_RoCE/fpga-network-stack/hls/dhcp_client/dhcp_client.cpp:373) [13]  (0 ns)
	'icmp' operation ('icmp_ln1065_4') [46]  (0.859 ns)
	'and' operation ('and_ln93', /mnt/scratch/pyuvaraj/Vitis_RoCE_W/Vitis_RoCE/fpga-network-stack/hls/dhcp_client/dhcp_client.cpp:93->/mnt/scratch/pyuvaraj/Vitis_RoCE_W/Vitis_RoCE/fpga-network-stack/hls/dhcp_client/dhcp_client.cpp:373) [47]  (0.122 ns)
	multiplexor before 'phi' operation ('rm_correctMac_loc_0_i_i', /mnt/scratch/pyuvaraj/Vitis_RoCE_W/Vitis_RoCE/fpga-network-stack/hls/dhcp_client/dhcp_client.cpp:93->/mnt/scratch/pyuvaraj/Vitis_RoCE_W/Vitis_RoCE/fpga-network-stack/hls/dhcp_client/dhcp_client.cpp:373) with incoming values : ('rm_correctMac_load', /mnt/scratch/pyuvaraj/Vitis_RoCE_W/Vitis_RoCE/fpga-network-stack/hls/dhcp_client/dhcp_client.cpp:93->/mnt/scratch/pyuvaraj/Vitis_RoCE_W/Vitis_RoCE/fpga-network-stack/hls/dhcp_client/dhcp_client.cpp:373) ('and_ln93_1', /mnt/scratch/pyuvaraj/Vitis_RoCE_W/Vitis_RoCE/fpga-network-stack/hls/dhcp_client/dhcp_client.cpp:93->/mnt/scratch/pyuvaraj/Vitis_RoCE_W/Vitis_RoCE/fpga-network-stack/hls/dhcp_client/dhcp_client.cpp:373) ('and_ln93', /mnt/scratch/pyuvaraj/Vitis_RoCE_W/Vitis_RoCE/fpga-network-stack/hls/dhcp_client/dhcp_client.cpp:93->/mnt/scratch/pyuvaraj/Vitis_RoCE_W/Vitis_RoCE/fpga-network-stack/hls/dhcp_client/dhcp_client.cpp:373) [76]  (0.453 ns)
	'phi' operation ('rm_correctMac_loc_0_i_i', /mnt/scratch/pyuvaraj/Vitis_RoCE_W/Vitis_RoCE/fpga-network-stack/hls/dhcp_client/dhcp_client.cpp:93->/mnt/scratch/pyuvaraj/Vitis_RoCE_W/Vitis_RoCE/fpga-network-stack/hls/dhcp_client/dhcp_client.cpp:373) with incoming values : ('rm_correctMac_load', /mnt/scratch/pyuvaraj/Vitis_RoCE_W/Vitis_RoCE/fpga-network-stack/hls/dhcp_client/dhcp_client.cpp:93->/mnt/scratch/pyuvaraj/Vitis_RoCE_W/Vitis_RoCE/fpga-network-stack/hls/dhcp_client/dhcp_client.cpp:373) ('and_ln93_1', /mnt/scratch/pyuvaraj/Vitis_RoCE_W/Vitis_RoCE/fpga-network-stack/hls/dhcp_client/dhcp_client.cpp:93->/mnt/scratch/pyuvaraj/Vitis_RoCE_W/Vitis_RoCE/fpga-network-stack/hls/dhcp_client/dhcp_client.cpp:373) ('and_ln93', /mnt/scratch/pyuvaraj/Vitis_RoCE_W/Vitis_RoCE/fpga-network-stack/hls/dhcp_client/dhcp_client.cpp:93->/mnt/scratch/pyuvaraj/Vitis_RoCE_W/Vitis_RoCE/fpga-network-stack/hls/dhcp_client/dhcp_client.cpp:373) [76]  (0 ns)
	'and' operation ('and_ln121', /mnt/scratch/pyuvaraj/Vitis_RoCE_W/Vitis_RoCE/fpga-network-stack/hls/dhcp_client/dhcp_client.cpp:121->/mnt/scratch/pyuvaraj/Vitis_RoCE_W/Vitis_RoCE/fpga-network-stack/hls/dhcp_client/dhcp_client.cpp:373) [81]  (0 ns)
	'and' operation ('and_ln121_1', /mnt/scratch/pyuvaraj/Vitis_RoCE_W/Vitis_RoCE/fpga-network-stack/hls/dhcp_client/dhcp_client.cpp:121->/mnt/scratch/pyuvaraj/Vitis_RoCE_W/Vitis_RoCE/fpga-network-stack/hls/dhcp_client/dhcp_client.cpp:373) [82]  (0.122 ns)

 <State 2>: 1.17ns
The critical path consists of the following:
	'load' operation ('meta_identifier_V_load', /tools/Xilinx/Vitis_HLS/2022.1/common/technology/autopilot/hls_stream_39.h:174) on static variable 'meta_identifier_V' [85]  (0 ns)
	fifo write operation ('write_ln174', /tools/Xilinx/Vitis_HLS/2022.1/common/technology/autopilot/hls_stream_39.h:174) on port 'dhcp_replyMetaFifo' (/tools/Xilinx/Vitis_HLS/2022.1/common/technology/autopilot/hls_stream_39.h:174) [91]  (1.17 ns)


============================================================
+ Verbose Summary: Binding
============================================================
N/A
* FSMD analyzer results:
  - Output states:
 - Input state : 
  - Chain level:
	State 1
	State 2


============================================================
+ Verbose Summary: Datapath Resource usage 
============================================================
N/A
