==============================================================
Vitis HLS - High-Level Synthesis from C, C++ and OpenCL v2022.1 (64-bit)
Tool Version Limit: 2022.04
Copyright 1986-2022 Xilinx, Inc. All Rights Reserved.
==============================================================
INFO: [HLS 200-1505] Using default flow_target 'vivado'
INFO: [HLS 200-435] Setting 'open_solution -flow_target vivado' configuration: config_interface -m_axi_latency=0
INFO: [HLS 200-1510] Running: set_part xcu280-fsvh2892-2L-e 
INFO: [HLS 200-1611] Setting target device to 'xcu280-fsvh2892-2L-e'
INFO: [HLS 200-1510] Running: create_clock -period 3.2 -name default 
INFO: [SYN 201-201] Setting up clock 'default' with a period of 3.2ns.
INFO: [HLS 200-1510] Running: set_top icmp_server 
INFO: [HLS 200-1510] Running: add_files /mnt/scratch/pyuvaraj/Vitis_RoCE_W/Vitis_RoCE/fpga-network-stack/hls/icmp_server/icmp_server.cpp -cflags -I/mnt/scratch/pyuvaraj/Vitis_RoCE_W/Vitis_RoCE/build/fpga-network-stack/hls/icmp_server 
INFO: [HLS 200-10] Adding design file '/mnt/scratch/pyuvaraj/Vitis_RoCE_W/Vitis_RoCE/fpga-network-stack/hls/icmp_server/icmp_server.cpp' to the project
INFO: [HLS 200-1510] Running: add_files -tb test_icmp_server.cpp 
WARNING: [HLS 200-40] Cannot find test bench file 'test_icmp_server.cpp'
INFO: [HLS 200-1510] Running: csynth_design 
INFO: [HLS 200-111] Finished File checks and directory preparation: CPU user time: 0.04 seconds. CPU system time: 0.01 seconds. Elapsed time: 0.03 seconds; current allocated memory: 1.624 GB.
INFO: [HLS 200-10] Analyzing design file '/mnt/scratch/pyuvaraj/Vitis_RoCE_W/Vitis_RoCE/fpga-network-stack/hls/icmp_server/icmp_server.cpp' ... 
WARNING: [HLS 207-5505] the pragma is not supported and will be ignored (/mnt/scratch/pyuvaraj/Vitis_RoCE_W/Vitis_RoCE/fpga-network-stack/hls/icmp_server/icmp_server.cpp:440:9)
WARNING: [HLS 207-5505] the pragma is not supported and will be ignored (/mnt/scratch/pyuvaraj/Vitis_RoCE_W/Vitis_RoCE/fpga-network-stack/hls/icmp_server/icmp_server.cpp:441:9)
WARNING: [HLS 214-111] Static scalars and arrays declared inside a dataflow region will be treated like local variables (/mnt/scratch/pyuvaraj/Vitis_RoCE_W/Vitis_RoCE/fpga-network-stack/hls/icmp_server/icmp_server.cpp:430:25)
WARNING: [HLS 214-111] Static scalars and arrays declared inside a dataflow region will be treated like local variables (/mnt/scratch/pyuvaraj/Vitis_RoCE_W/Vitis_RoCE/fpga-network-stack/hls/icmp_server/icmp_server.cpp:432:30)
WARNING: [HLS 200-471] Dataflow form checks found 2 issue(s) in file /mnt/scratch/pyuvaraj/Vitis_RoCE_W/Vitis_RoCE/fpga-network-stack/hls/icmp_server/icmp_server.cpp
INFO: [HLS 200-111] Finished Source Code Analysis and Preprocessing: CPU user time: 5.6 seconds. CPU system time: 0.93 seconds. Elapsed time: 7.53 seconds; current allocated memory: 632.238 MB.
INFO: [HLS 200-777] Using interface defaults for 'Vivado' flow target.
INFO: [HLS 214-291] Loop 'VITIS_LOOP_376_2' is marked as complete unroll implied by the pipeline pragma (/mnt/scratch/pyuvaraj/Vitis_RoCE_W/Vitis_RoCE/fpga-network-stack/hls/icmp_server/icmp_server.cpp:376:31)
INFO: [HLS 214-291] Loop 'VITIS_LOOP_373_1' is marked as complete unroll implied by the pipeline pragma (/mnt/scratch/pyuvaraj/Vitis_RoCE_W/Vitis_RoCE/fpga-network-stack/hls/icmp_server/icmp_server.cpp:373:31)
INFO: [HLS 214-291] Loop 'VITIS_LOOP_139_2' is marked as complete unroll implied by the pipeline pragma (/mnt/scratch/pyuvaraj/Vitis_RoCE_W/Vitis_RoCE/fpga-network-stack/hls/icmp_server/icmp_server.cpp:139:22)
INFO: [HLS 214-291] Loop 'VITIS_LOOP_127_1' is marked as complete unroll implied by the pipeline pragma (/mnt/scratch/pyuvaraj/Vitis_RoCE_W/Vitis_RoCE/fpga-network-stack/hls/icmp_server/icmp_server.cpp:127:22)
INFO: [HLS 214-186] Unrolling loop 'VITIS_LOOP_376_2' (/mnt/scratch/pyuvaraj/Vitis_RoCE_W/Vitis_RoCE/fpga-network-stack/hls/icmp_server/icmp_server.cpp:376:31) in function 'insertChecksum' completely with a factor of 2 (/mnt/scratch/pyuvaraj/Vitis_RoCE_W/Vitis_RoCE/fpga-network-stack/hls/icmp_server/icmp_server.cpp:361:0)
INFO: [HLS 214-186] Unrolling loop 'VITIS_LOOP_373_1' (/mnt/scratch/pyuvaraj/Vitis_RoCE_W/Vitis_RoCE/fpga-network-stack/hls/icmp_server/icmp_server.cpp:373:31) in function 'insertChecksum' completely with a factor of 2 (/mnt/scratch/pyuvaraj/Vitis_RoCE_W/Vitis_RoCE/fpga-network-stack/hls/icmp_server/icmp_server.cpp:361:0)
INFO: [HLS 214-186] Unrolling loop 'VITIS_LOOP_139_2' (/mnt/scratch/pyuvaraj/Vitis_RoCE_W/Vitis_RoCE/fpga-network-stack/hls/icmp_server/icmp_server.cpp:139:22) in function 'check_icmp_checksum' completely with a factor of 4 (/mnt/scratch/pyuvaraj/Vitis_RoCE_W/Vitis_RoCE/fpga-network-stack/hls/icmp_server/icmp_server.cpp:46:0)
INFO: [HLS 214-186] Unrolling loop 'VITIS_LOOP_127_1' (/mnt/scratch/pyuvaraj/Vitis_RoCE_W/Vitis_RoCE/fpga-network-stack/hls/icmp_server/icmp_server.cpp:127:22) in function 'check_icmp_checksum' completely with a factor of 2 (/mnt/scratch/pyuvaraj/Vitis_RoCE_W/Vitis_RoCE/fpga-network-stack/hls/icmp_server/icmp_server.cpp:46:0)
INFO: [HLS 214-178] Inlining function 'byteSwap16(ap_uint<16>)' into 'udpAddIpHeader(hls::stream<axiWord, 0>&, hls::stream<ap_uint<64>, 0>&, hls::stream<axiWord, 0>&)' (/mnt/scratch/pyuvaraj/Vitis_RoCE_W/Vitis_RoCE/fpga-network-stack/hls/icmp_server/icmp_server.cpp:242:0)
INFO: [HLS 214-248] Applying array_partition to '_ZZ11icmp_serverRN3hls6streamI7axiWordLi0EEES3_S3_S3_E15checksumStreams': Complete partitioning on dimension 1. (/mnt/scratch/pyuvaraj/Vitis_RoCE_W/Vitis_RoCE/fpga-network-stack/hls/icmp_server/icmp_server.cpp:432:0)
INFO: [HLS 214-248] Applying array_partition to '_ZZ11icmp_serverRN3hls6streamI7axiWordLi0EEES3_S3_S3_E11dataStreams': Complete partitioning on dimension 1. (/mnt/scratch/pyuvaraj/Vitis_RoCE_W/Vitis_RoCE/fpga-network-stack/hls/icmp_server/icmp_server.cpp:430:0)
INFO: [HLS 214-131] Inlining function '_llvm.fpga.pack.none.i128.s_struct.axiWords' into 'check_icmp_checksum(hls::stream<axiWord, 0>&, hls::stream<axiWord, 0>&, hls::stream<bool, 0>&, hls::stream<ap_uint<16>, 0>&) (.1)' (/tools/Xilinx/Vitis_HLS/2022.1/common/technology/autopilot/hls_stream_39.h:174:9)
INFO: [HLS 214-131] Inlining function '_llvm.fpga.pack.none.i16.s_struct.ap_uint<16>s' into 'check_icmp_checksum(hls::stream<axiWord, 0>&, hls::stream<axiWord, 0>&, hls::stream<bool, 0>&, hls::stream<ap_uint<16>, 0>&) (.1)' (/tools/Xilinx/Vitis_HLS/2022.1/common/technology/autopilot/hls_stream_39.h:174:9)
INFO: [HLS 214-131] Inlining function '_llvm.fpga.pack.none.i128.s_struct.axiWords' into 'udpPortUnreachable(hls::stream<axiWord, 0>&, hls::stream<axiWord, 0>&, hls::stream<axiWord, 0>&, hls::stream<ap_uint<64>, 0>&, hls::stream<ap_uint<16>, 0>&) (.1)' (/tools/Xilinx/Vitis_HLS/2022.1/common/technology/autopilot/hls_stream_39.h:174:9)
INFO: [HLS 214-131] Inlining function '_llvm.fpga.pack.none.i16.s_struct.ap_uint<16>s' into 'udpPortUnreachable(hls::stream<axiWord, 0>&, hls::stream<axiWord, 0>&, hls::stream<axiWord, 0>&, hls::stream<ap_uint<64>, 0>&, hls::stream<ap_uint<16>, 0>&) (.1)' (/tools/Xilinx/Vitis_HLS/2022.1/common/technology/autopilot/hls_stream_39.h:174:9)
INFO: [HLS 214-131] Inlining function '_llvm.fpga.pack.none.i64.s_struct.ap_uint<64>s' into 'udpPortUnreachable(hls::stream<axiWord, 0>&, hls::stream<axiWord, 0>&, hls::stream<axiWord, 0>&, hls::stream<ap_uint<64>, 0>&, hls::stream<ap_uint<16>, 0>&) (.1)' (/tools/Xilinx/Vitis_HLS/2022.1/common/technology/autopilot/hls_stream_39.h:174:9)
INFO: [HLS 214-131] Inlining function '_llvm.fpga.pack.none.i128.s_struct.axiWords' into 'udpAddIpHeader(hls::stream<axiWord, 0>&, hls::stream<ap_uint<64>, 0>&, hls::stream<axiWord, 0>&) (.1)' (/tools/Xilinx/Vitis_HLS/2022.1/common/technology/autopilot/hls_stream_39.h:174:9)
INFO: [HLS 214-131] Inlining function '_llvm.fpga.pack.none.i128.s_struct.axiWords' into 'insertChecksum(hls::stream<axiWord, 0>*, hls::stream<ap_uint<16>, 0>*, hls::stream<axiWord, 0>&) (.1)' (/tools/Xilinx/Vitis_HLS/2022.1/common/technology/autopilot/hls_stream_39.h:174:9)
INFO: [HLS 200-111] Finished Compiling Optimization and Transform: CPU user time: 5.03 seconds. CPU system time: 0.99 seconds. Elapsed time: 11.43 seconds; current allocated memory: 634.539 MB.
INFO: [HLS 200-111] Finished Checking Pragmas: CPU user time: 0 seconds. CPU system time: 0.01 seconds. Elapsed time: 0 seconds; current allocated memory: 634.539 MB.
INFO: [HLS 200-10] Starting code transformations ...
INFO: [HLS 200-111] Finished Standard Transforms: CPU user time: 0.12 seconds. CPU system time: 0.04 seconds. Elapsed time: 0.63 seconds; current allocated memory: 647.695 MB.
INFO: [HLS 200-10] Checking synthesizability ...
INFO: [HLS 200-111] Finished Checking Synthesizability: CPU user time: 0.23 seconds. CPU system time: 0.03 seconds. Elapsed time: 0.56 seconds; current allocated memory: 664.762 MB.
INFO: [XFORM 203-712] Applying dataflow to function 'icmp_server' (/mnt/scratch/pyuvaraj/Vitis_RoCE_W/Vitis_RoCE/fpga-network-stack/hls/icmp_server/icmp_server.cpp:413), detected/extracted 5 process function(s): 
	 'check_icmp_checksum'
	 'udpPortUnreachable'
	 'udpAddIpHeader'
	 'dropper'
	 'insertChecksum'.
INFO: [HLS 200-111] Finished Loop, function and other optimizations: CPU user time: 0.49 seconds. CPU system time: 0.06 seconds. Elapsed time: 1.01 seconds; current allocated memory: 703.664 MB.
INFO: [HLS 200-111] Finished Architecture Synthesis: CPU user time: 0.33 seconds. CPU system time: 0.03 seconds. Elapsed time: 0.52 seconds; current allocated memory: 753.500 MB.
INFO: [HLS 200-10] Starting hardware synthesis ...
INFO: [HLS 200-10] Synthesizing 'icmp_server' ...
INFO: [HLS 200-10] ----------------------------------------------------------------
INFO: [HLS 200-42] -- Implementing module 'check_icmp_checksum' 
INFO: [HLS 200-10] ----------------------------------------------------------------
INFO: [SCHED 204-11] Starting scheduling ...
INFO: [SCHED 204-61] Pipelining function 'check_icmp_checksum'.
INFO: [HLS 200-1470] Pipelining result : Target II = 1, Final II = 1, Depth = 2, function 'check_icmp_checksum'
INFO: [SCHED 204-11] Finished scheduling.
INFO: [HLS 200-111] Finished Scheduling: CPU user time: 0.23 seconds. CPU system time: 0.07 seconds. Elapsed time: 0.48 seconds; current allocated memory: 756.324 MB.
INFO: [BIND 205-100] Starting micro-architecture generation ...
INFO: [BIND 205-101] Performing variable lifetime analysis.
INFO: [BIND 205-101] Exploring resource sharing.
INFO: [BIND 205-101] Binding ...
INFO: [BIND 205-100] Finished micro-architecture generation.
INFO: [HLS 200-111] Finished Binding: CPU user time: 0.15 seconds. CPU system time: 0 seconds. Elapsed time: 0.38 seconds; current allocated memory: 756.324 MB.
INFO: [HLS 200-10] ----------------------------------------------------------------
INFO: [HLS 200-42] -- Implementing module 'udpPortUnreachable' 
INFO: [HLS 200-10] ----------------------------------------------------------------
INFO: [SCHED 204-11] Starting scheduling ...
INFO: [SCHED 204-61] Pipelining function 'udpPortUnreachable'.
INFO: [HLS 200-1470] Pipelining result : Target II = 1, Final II = 1, Depth = 1, function 'udpPortUnreachable'
WARNING: [HLS 200-871] Estimated clock period (3.2244ns) exceeds the target (target clock period: 3.2ns, clock uncertainty: 0.864ns, effective delay budget: 2.336ns).
WARNING: [HLS 200-1016] The critical path in module 'udpPortUnreachable' consists of the following:	axis read operation ('tmp', /tools/Xilinx/Vitis_HLS/2022.1/common/technology/autopilot/hls_stream_39.h:145) on port 'udpIn' (/tools/Xilinx/Vitis_HLS/2022.1/common/technology/autopilot/hls_stream_39.h:145) [101]  (0 ns)
	multiplexor before 'phi' operation ('tmp') with incoming values : ('tmp', /tools/Xilinx/Vitis_HLS/2022.1/common/technology/autopilot/hls_stream_39.h:145) [111]  (0.387 ns)
	'phi' operation ('tmp') with incoming values : ('tmp', /tools/Xilinx/Vitis_HLS/2022.1/common/technology/autopilot/hls_stream_39.h:145) [111]  (0 ns)
	'add' operation ('add_ln232_7') [125]  (0.785 ns)
	'add' operation ('add_ln232_8') [127]  (0.791 ns)
	'add' operation ('add_ln232_9') [129]  (0.809 ns)
	'store' operation ('udpChecksum_V_write_ln207', /mnt/scratch/pyuvaraj/Vitis_RoCE_W/Vitis_RoCE/fpga-network-stack/hls/icmp_server/icmp_server.cpp:207) of variable 'add_ln232_9' on static variable 'udpChecksum_V' [130]  (0.453 ns)

INFO: [SCHED 204-11] Finished scheduling.
INFO: [HLS 200-111] Finished Scheduling: CPU user time: 0.32 seconds. CPU system time: 0.02 seconds. Elapsed time: 0.68 seconds; current allocated memory: 756.324 MB.
INFO: [BIND 205-100] Starting micro-architecture generation ...
INFO: [BIND 205-101] Performing variable lifetime analysis.
INFO: [BIND 205-101] Exploring resource sharing.
INFO: [BIND 205-101] Binding ...
INFO: [BIND 205-100] Finished micro-architecture generation.
INFO: [HLS 200-111] Finished Binding: CPU user time: 0.08 seconds. CPU system time: 0 seconds. Elapsed time: 0.16 seconds; current allocated memory: 757.055 MB.
INFO: [HLS 200-10] ----------------------------------------------------------------
INFO: [HLS 200-42] -- Implementing module 'udpAddIpHeader' 
INFO: [HLS 200-10] ----------------------------------------------------------------
INFO: [SCHED 204-11] Starting scheduling ...
INFO: [SCHED 204-61] Pipelining function 'udpAddIpHeader'.
INFO: [HLS 200-1470] Pipelining result : Target II = 1, Final II = 1, Depth = 1, function 'udpAddIpHeader'
WARNING: [HLS 200-871] Estimated clock period (3.083ns) exceeds the target (target clock period: 3.2ns, clock uncertainty: 0.864ns, effective delay budget: 2.336ns).
WARNING: [HLS 200-1016] The critical path in module 'udpAddIpHeader' consists of the following:	fifo read operation ('tmp', /tools/Xilinx/Vitis_HLS/2022.1/common/technology/autopilot/hls_stream_39.h:145) on port 'udpPort2addIpHeader_header' (/tools/Xilinx/Vitis_HLS/2022.1/common/technology/autopilot/hls_stream_39.h:145) [133]  (1.13 ns)
	'add' operation ('inputVector.V') [137]  (0.785 ns)
	fifo write operation ('icmp_server_stream_stream_stream_stream_axiWord_0_dataStreams_1_write_ln174', /tools/Xilinx/Vitis_HLS/2022.1/common/technology/autopilot/hls_stream_39.h:174) on port 'icmp_server_stream_stream_stream_stream_axiWord_0_dataStreams_1' (/tools/Xilinx/Vitis_HLS/2022.1/common/technology/autopilot/hls_stream_39.h:174) [147]  (1.17 ns)

INFO: [SCHED 204-11] Finished scheduling.
INFO: [HLS 200-111] Finished Scheduling: CPU user time: 0.18 seconds. CPU system time: 0.01 seconds. Elapsed time: 0.26 seconds; current allocated memory: 757.055 MB.
INFO: [BIND 205-100] Starting micro-architecture generation ...
INFO: [BIND 205-101] Performing variable lifetime analysis.
INFO: [BIND 205-101] Exploring resource sharing.
INFO: [BIND 205-101] Binding ...
INFO: [BIND 205-100] Finished micro-architecture generation.
INFO: [HLS 200-111] Finished Binding: CPU user time: 0.05 seconds. CPU system time: 0.01 seconds. Elapsed time: 0.11 seconds; current allocated memory: 757.914 MB.
INFO: [HLS 200-10] ----------------------------------------------------------------
INFO: [HLS 200-42] -- Implementing module 'dropper' 
INFO: [HLS 200-10] ----------------------------------------------------------------
INFO: [SCHED 204-11] Starting scheduling ...
WARNING: [HLS 200-871] Estimated clock period (2.458ns) exceeds the target (target clock period: 3.2ns, clock uncertainty: 0.864ns, effective delay budget: 2.336ns).
WARNING: [HLS 200-1016] The critical path in module 'dropper' consists of the following:	fifo read operation ('packageBuffer1_read_1', /tools/Xilinx/Vitis_HLS/2022.1/common/technology/autopilot/hls_stream_39.h:145) on port 'packageBuffer1' (/tools/Xilinx/Vitis_HLS/2022.1/common/technology/autopilot/hls_stream_39.h:145) [37]  (1.06 ns)
	fifo write operation ('icmp_server_stream_stream_stream_stream_axiWord_0_dataStreams_write_ln174', /tools/Xilinx/Vitis_HLS/2022.1/common/technology/autopilot/hls_stream_39.h:174) on port 'icmp_server_stream_stream_stream_stream_axiWord_0_dataStreams' (/tools/Xilinx/Vitis_HLS/2022.1/common/technology/autopilot/hls_stream_39.h:174) [42]  (1.17 ns)
	blocking operation 0.23 ns on control path)

INFO: [SCHED 204-11] Finished scheduling.
INFO: [HLS 200-111] Finished Scheduling: CPU user time: 0.08 seconds. CPU system time: 0.01 seconds. Elapsed time: 0.16 seconds; current allocated memory: 757.914 MB.
INFO: [BIND 205-100] Starting micro-architecture generation ...
INFO: [BIND 205-101] Performing variable lifetime analysis.
INFO: [BIND 205-101] Exploring resource sharing.
INFO: [BIND 205-101] Binding ...
INFO: [BIND 205-100] Finished micro-architecture generation.
INFO: [HLS 200-111] Finished Binding: CPU user time: 0.04 seconds. CPU system time: 0 seconds. Elapsed time: 0.09 seconds; current allocated memory: 758.324 MB.
INFO: [HLS 200-10] ----------------------------------------------------------------
INFO: [HLS 200-42] -- Implementing module 'insertChecksum' 
INFO: [HLS 200-10] ----------------------------------------------------------------
INFO: [SCHED 204-11] Starting scheduling ...
INFO: [SCHED 204-61] Pipelining function 'insertChecksum'.
INFO: [HLS 200-1470] Pipelining result : Target II = 1, Final II = 1, Depth = 3, function 'insertChecksum'
INFO: [SCHED 204-11] Finished scheduling.
INFO: [HLS 200-111] Finished Scheduling: CPU user time: 0.1 seconds. CPU system time: 0 seconds. Elapsed time: 0.15 seconds; current allocated memory: 759.625 MB.
INFO: [BIND 205-100] Starting micro-architecture generation ...
INFO: [BIND 205-101] Performing variable lifetime analysis.
INFO: [BIND 205-101] Exploring resource sharing.
INFO: [BIND 205-101] Binding ...
INFO: [BIND 205-100] Finished micro-architecture generation.
INFO: [HLS 200-111] Finished Binding: CPU user time: 0.07 seconds. CPU system time: 0 seconds. Elapsed time: 0.16 seconds; current allocated memory: 759.625 MB.
INFO: [HLS 200-10] ----------------------------------------------------------------
INFO: [HLS 200-42] -- Implementing module 'icmp_server' 
INFO: [HLS 200-10] ----------------------------------------------------------------
INFO: [SCHED 204-11] Starting scheduling ...
INFO: [SCHED 204-11] Finished scheduling.
INFO: [HLS 200-111] Finished Scheduling: CPU user time: 0.08 seconds. CPU system time: 0.01 seconds. Elapsed time: 0.14 seconds; current allocated memory: 759.625 MB.
INFO: [BIND 205-100] Starting micro-architecture generation ...
INFO: [BIND 205-101] Performing variable lifetime analysis.
INFO: [BIND 205-101] Exploring resource sharing.
INFO: [BIND 205-101] Binding ...
INFO: [BIND 205-100] Finished micro-architecture generation.
INFO: [HLS 200-111] Finished Binding: CPU user time: 0.1 seconds. CPU system time: 0.02 seconds. Elapsed time: 0.16 seconds; current allocated memory: 759.625 MB.
INFO: [HLS 200-10] ----------------------------------------------------------------
INFO: [HLS 200-10] -- Generating RTL for module 'check_icmp_checksum' 
INFO: [HLS 200-10] ----------------------------------------------------------------
WARNING: [RTGEN 206-101] Register 'cics_writeLastOne' is power-on initialization.
WARNING: [RTGEN 206-101] Register 'cics_prevWord_data_V' is power-on initialization.
WARNING: [RTGEN 206-101] Register 'cics_prevWord_keep_V' is power-on initialization.
WARNING: [RTGEN 206-101] Register 'cics_prevWord_last_V' is power-on initialization.
WARNING: [RTGEN 206-101] Register 'cics_computeCs' is power-on initialization.
WARNING: [RTGEN 206-101] Register 'cics_sums_V_3' is power-on initialization.
WARNING: [RTGEN 206-101] Register 'cics_sums_V_1' is power-on initialization.
WARNING: [RTGEN 206-101] Register 'cics_sums_V' is power-on initialization.
WARNING: [RTGEN 206-101] Register 'cics_sums_V_2' is power-on initialization.
WARNING: [RTGEN 206-101] Register 'icmpChecksum_V' is power-on initialization.
WARNING: [RTGEN 206-101] Register 'icmpType_V' is power-on initialization.
WARNING: [RTGEN 206-101] Register 'icmpCode_V' is power-on initialization.
WARNING: [RTGEN 206-101] Register 'cics_state' is power-on initialization.
WARNING: [RTGEN 206-101] Register 'cics_wordCount_V' is power-on initialization.
INFO: [HLS 200-1030] Apply Unified Pipeline Control on module 'check_icmp_checksum' pipeline 'check_icmp_checksum' pipeline type 'function pipeline'
INFO: [RTGEN 206-100] Finished creating RTL model for 'check_icmp_checksum'.
INFO: [HLS 200-111] Finished Creating RTL model: CPU user time: 0.28 seconds. CPU system time: 0 seconds. Elapsed time: 0.42 seconds; current allocated memory: 760.152 MB.
INFO: [HLS 200-10] ----------------------------------------------------------------
INFO: [HLS 200-10] -- Generating RTL for module 'udpPortUnreachable' 
INFO: [HLS 200-10] ----------------------------------------------------------------
WARNING: [RTGEN 206-101] Register 'udpState' is power-on initialization.
WARNING: [RTGEN 206-101] Register 'ipWordCounter_V' is power-on initialization.
WARNING: [RTGEN 206-101] Register 'streamSource_V' is power-on initialization.
WARNING: [RTGEN 206-101] Register 'udpChecksum_V' is power-on initialization.
INFO: [RTGEN 206-100] Finished creating RTL model for 'udpPortUnreachable'.
INFO: [HLS 200-111] Finished Creating RTL model: CPU user time: 0.53 seconds. CPU system time: 0.03 seconds. Elapsed time: 0.71 seconds; current allocated memory: 765.066 MB.
INFO: [HLS 200-10] ----------------------------------------------------------------
INFO: [HLS 200-10] -- Generating RTL for module 'udpAddIpHeader' 
INFO: [HLS 200-10] ----------------------------------------------------------------
WARNING: [RTGEN 206-101] Register 'addIpState' is power-on initialization.
WARNING: [RTGEN 206-101] Register 'tempWord_data_V' is power-on initialization.
WARNING: [RTGEN 206-101] Register 'tempWord_keep_V' is power-on initialization.
WARNING: [RTGEN 206-101] Register 'sourceIP_V' is power-on initialization.
INFO: [RTGEN 206-100] Finished creating RTL model for 'udpAddIpHeader'.
INFO: [HLS 200-111] Finished Creating RTL model: CPU user time: 0.36 seconds. CPU system time: 0.02 seconds. Elapsed time: 0.52 seconds; current allocated memory: 768.195 MB.
INFO: [HLS 200-10] ----------------------------------------------------------------
INFO: [HLS 200-10] -- Generating RTL for module 'dropper' 
INFO: [HLS 200-10] ----------------------------------------------------------------
WARNING: [RTGEN 206-101] Register 'd_isFirstWord' is power-on initialization.
WARNING: [RTGEN 206-101] Register 'd_drop' is power-on initialization.
INFO: [RTGEN 206-100] Finished creating RTL model for 'dropper'.
INFO: [HLS 200-111] Finished Creating RTL model: CPU user time: 0.17 seconds. CPU system time: 0.01 seconds. Elapsed time: 0.3 seconds; current allocated memory: 770.191 MB.
INFO: [HLS 200-10] ----------------------------------------------------------------
INFO: [HLS 200-10] -- Generating RTL for module 'insertChecksum' 
INFO: [HLS 200-10] ----------------------------------------------------------------
WARNING: [RTGEN 206-101] Register 'ic_wordCount_V' is power-on initialization.
WARNING: [RTGEN 206-101] Register 'streamSource_V_1' is power-on initialization.
INFO: [HLS 200-1030] Apply Unified Pipeline Control on module 'insertChecksum' pipeline 'insertChecksum' pipeline type 'function pipeline'
INFO: [RTGEN 206-100] Finished creating RTL model for 'insertChecksum'.
INFO: [HLS 200-111] Finished Creating RTL model: CPU user time: 0.13 seconds. CPU system time: 0.01 seconds. Elapsed time: 0.26 seconds; current allocated memory: 771.633 MB.
INFO: [HLS 200-10] ----------------------------------------------------------------
INFO: [HLS 200-10] -- Generating RTL for module 'icmp_server' 
INFO: [HLS 200-10] ----------------------------------------------------------------
WARNING: [RTGEN 206-101] Design contains AXI ports. Reset is fixed to synchronous and active low.
INFO: [RTGEN 206-500] Setting interface mode on port 'icmp_server/s_axis' to 'axis' (register, both mode).
INFO: [RTGEN 206-500] Setting interface mode on port 'icmp_server/udpIn' to 'axis' (register, both mode).
INFO: [RTGEN 206-500] Setting interface mode on port 'icmp_server/ttlIn' to 'axis' (register, both mode).
INFO: [RTGEN 206-500] Setting interface mode on port 'icmp_server/m_axis' to 'axis' (register, both mode).
INFO: [RTGEN 206-500] Setting interface mode on function 'icmp_server' to 'ap_ctrl_none'.
WARNING: [HLS 200-656] Deadlocks can occur since process check_icmp_checksum is instantiated in a dataflow region with ap_ctrl_none or without start propagation and contains an auto-rewind pipeline.
WARNING: [HLS 200-656] Deadlocks can occur since process insertChecksum is instantiated in a dataflow region with ap_ctrl_none or without start propagation and contains an auto-rewind pipeline.
WARNING: [HLS 200-656] Deadlocks can occur since process check_icmp_checksum is instantiated in a dataflow region with ap_ctrl_none or without start propagation and contains an auto-rewind pipeline.
==============================================================
Vitis HLS - High-Level Synthesis from C, C++ and OpenCL v2022.1 (64-bit)
Tool Version Limit: 2022.04
Copyright 1986-2022 Xilinx, Inc. All Rights Reserved.
==============================================================
==============================================================
Vitis HLS - High-Level Synthesis from C, C++ and OpenCL v2022.1 (64-bit)
Tool Version Limit: 2022.04
Copyright 1986-2022 Xilinx, Inc. All Rights Reserved.
==============================================================
