

================================================================
== Vitis HLS Report for 'conn_table'
================================================================
* Date:           Tue Jul 11 09:32:38 2023

* Version:        2022.1 (Build 3526262 on Mon Apr 18 15:47:01 MDT 2022)
* Project:        rocev2_prj
* Solution:       solution1 (Vivado IP Flow Target)
* Product family: virtexuplus
* Target device:  xcu280-fsvh2892-2L-e


================================================================
== Performance Estimates
================================================================
+ Timing: 
    * Summary: 
    +--------+---------+----------+------------+
    |  Clock |  Target | Estimated| Uncertainty|
    +--------+---------+----------+------------+
    |ap_clk  |  3.20 ns|  1.318 ns|     0.86 ns|
    +--------+---------+----------+------------+

+ Latency: 
    * Summary: 
    +---------+---------+----------+----------+-----+-----+---------+
    |  Latency (cycles) |  Latency (absolute) |  Interval | Pipeline|
    |   min   |   max   |    min   |    max   | min | max |   Type  |
    +---------+---------+----------+----------+-----+-----+---------+
    |        3|        3|  9.600 ns|  9.600 ns|    1|    1|      yes|
    +---------+---------+----------+----------+-----+-----+---------+

    + Detail: 
        * Instance: 
        N/A

        * Loop: 
        N/A

============================================================
+ Verbose Summary: Synthesis Manager
============================================================
InlineROM: 1
ExposeGlobal: 0
============================================================
+ Verbose Summary: CDFG Model
============================================================
IsTopModel: 0
ResetActiveHigh: 1
IsCombinational: 2
IsDatapathOnly: 0
HasWiredReturn: 1
HasMFsm: 2
HasVarLatency: 0
IsPipeline: 1
IsRtlPipelined: 1
IsInstanceOverlapped: 0
IsDontTouch: 0
HasImplIP: 0
IsGatedGlobalClock: 0

+ Individual pipeline summary: 
  * Pipeline-0: initiation interval (II) = 1, depth = 4


============================================================
+ Verbose Summary: Schedule
============================================================
* Number of FSM states : 4
* Pipeline : 1
  Pipeline-0 : II = 1, D = 4, States = { 1 2 3 4 }
* Dataflow Pipeline: 0

* FSM state transitions: 
1 --> 2 
2 --> 3 
3 --> 4 
4 --> 

* FSM state operations: 

State 1 <SV = 0> <Delay = 1.31>
ST_1 : Operation 5 [1/1] (0.00ns)   --->   "%specinterface_ln0 = specinterface void @_ssdm_op_SpecInterface, i384 %tx_connTable2ibh_rsp, void @empty_5, i32 0, i32 0, void @empty, i32 0, i32 0, void @empty, void @empty, void @empty, i32 0, i32 0, i32 0, i32 0, void @empty, void @empty, i32 4294967295, i32 0"   --->   Operation 5 'specinterface' 'specinterface_ln0' <Predicate = true> <Delay = 0.00>
ST_1 : Operation 6 [1/1] (0.00ns)   --->   "%specinterface_ln0 = specinterface void @_ssdm_op_SpecInterface, i384 %tx_connTable2ibh_rsp, void @empty_5, i32 0, i32 0, void @empty, i32 0, i32 0, void @empty, void @empty, void @empty, i32 0, i32 0, i32 0, i32 0, void @empty, void @empty, i32 4294967295, i32 0"   --->   Operation 6 'specinterface' 'specinterface_ln0' <Predicate = true> <Delay = 0.00>
ST_1 : Operation 7 [1/1] (0.00ns)   --->   "%specinterface_ln0 = specinterface void @_ssdm_op_SpecInterface, i384 %tx_connTable2ibh_rsp, void @empty_5, i32 0, i32 0, void @empty, i32 0, i32 0, void @empty, void @empty, void @empty, i32 0, i32 0, i32 0, i32 0, void @empty, void @empty, i32 4294967295, i32 0"   --->   Operation 7 'specinterface' 'specinterface_ln0' <Predicate = true> <Delay = 0.00>
ST_1 : Operation 8 [1/1] (0.00ns)   --->   "%specinterface_ln0 = specinterface void @_ssdm_op_SpecInterface, i16 %tx_ibhconnTable_req, void @empty_5, i32 0, i32 0, void @empty, i32 0, i32 0, void @empty, void @empty, void @empty, i32 0, i32 0, i32 0, i32 0, void @empty, void @empty, i32 4294967295, i32 0"   --->   Operation 8 'specinterface' 'specinterface_ln0' <Predicate = true> <Delay = 0.00>
ST_1 : Operation 9 [1/1] (0.00ns)   --->   "%specinterface_ln0 = specinterface void @_ssdm_op_SpecInterface, i16 %tx_ibhconnTable_req, void @empty_5, i32 0, i32 0, void @empty, i32 0, i32 0, void @empty, void @empty, void @empty, i32 0, i32 0, i32 0, i32 0, void @empty, void @empty, i32 4294967295, i32 0"   --->   Operation 9 'specinterface' 'specinterface_ln0' <Predicate = true> <Delay = 0.00>
ST_1 : Operation 10 [1/1] (0.00ns)   --->   "%specinterface_ln0 = specinterface void @_ssdm_op_SpecInterface, i16 %tx_ibhconnTable_req, void @empty_5, i32 0, i32 0, void @empty, i32 0, i32 0, void @empty, void @empty, void @empty, i32 0, i32 0, i32 0, i32 0, void @empty, void @empty, i32 4294967295, i32 0"   --->   Operation 10 'specinterface' 'specinterface_ln0' <Predicate = true> <Delay = 0.00>
ST_1 : Operation 11 [1/1] (0.00ns)   --->   "%specinterface_ln0 = specinterface void @_ssdm_op_SpecInterface, i384 %tx_connTable2ibh_rsp, void @empty_5, i32 0, i32 0, void @empty, i32 0, i32 0, void @empty, void @empty, void @empty, i32 0, i32 0, i32 0, i32 0, void @empty, void @empty, i32 4294967295, i32 0"   --->   Operation 11 'specinterface' 'specinterface_ln0' <Predicate = true> <Delay = 0.00>
ST_1 : Operation 12 [1/1] (0.00ns)   --->   "%specinterface_ln0 = specinterface void @_ssdm_op_SpecInterface, i16 %tx_ibhconnTable_req, void @empty_5, i32 0, i32 0, void @empty, i32 0, i32 0, void @empty, void @empty, void @empty, i32 0, i32 0, i32 0, i32 0, void @empty, void @empty, i32 4294967295, i32 0"   --->   Operation 12 'specinterface' 'specinterface_ln0' <Predicate = true> <Delay = 0.00>
ST_1 : Operation 13 [1/1] (0.00ns)   --->   "%specinterface_ln0 = specinterface void @_ssdm_op_SpecInterface, i384 %s_axis_qp_conn_interface, void @empty_1, i32 1, i32 1, void @empty_0, i32 0, i32 0, void @empty, void @empty, void @empty, i32 0, i32 0, i32 0, i32 0, void @empty, void @empty, i32 4294967295, i32 0"   --->   Operation 13 'specinterface' 'specinterface_ln0' <Predicate = true> <Delay = 0.00>
ST_1 : Operation 14 [1/1] (0.00ns)   --->   "%specpipeline_ln32 = specpipeline void @_ssdm_op_SpecPipeline, i32 1, i32 0, i32 0, i32 0, void @empty" [/mnt/scratch/pyuvaraj/Vitis_RoCE_W/Vitis_RoCE/fpga-network-stack/hls/rocev2/../ib_transport_protocol/conn_table.cpp:32]   --->   Operation 14 'specpipeline' 'specpipeline_ln32' <Predicate = true> <Delay = 0.00>
ST_1 : Operation 15 [1/1] (0.00ns)   --->   "%tmp_i = nbreadreq i1 @_ssdm_op_NbReadReq.ap_fifo.i16P0A, i16 %tx_ibhconnTable_req, i32 1" [/tools/Xilinx/Vitis_HLS/2022.1/common/technology/autopilot/hls_stream_39.h:136]   --->   Operation 15 'nbreadreq' 'tmp_i' <Predicate = true> <Delay = 0.00> <CoreInst = "FIFO_SRL">   --->   Core 81 'FIFO_SRL' <Latency = 0> <II = 1> <Delay = 1.34> <Storage> <Opcode : 'read' 'write' 'nbread' 'nbwrite'> <Ports = 0> <Width = 16> <Depth = 2> <FIFO>
ST_1 : Operation 16 [1/1] (0.00ns)   --->   "%br_ln45 = br i1 %tmp_i, void %if.else.i, void %if.then.i" [/mnt/scratch/pyuvaraj/Vitis_RoCE_W/Vitis_RoCE/fpga-network-stack/hls/rocev2/../ib_transport_protocol/conn_table.cpp:45]   --->   Operation 16 'br' 'br_ln45' <Predicate = true> <Delay = 0.00>
ST_1 : Operation 17 [1/1] (0.00ns)   --->   "%tmp_i_241 = nbreadreq i1 @_ssdm_op_NbReadReq.axis.i384P128A, i384 %s_axis_qp_conn_interface, i32 1" [/tools/Xilinx/Vitis_HLS/2022.1/common/technology/autopilot/hls_stream_39.h:136]   --->   Operation 17 'nbreadreq' 'tmp_i_241' <Predicate = (!tmp_i)> <Delay = 0.00> <CoreInst = "axis">   --->   Core 123 'axis' <Latency = 0> <II = 1> <Delay = 1.00> <Adapter> <Opcode : >
ST_1 : Operation 18 [1/1] (0.00ns)   --->   "%br_ln51 = br i1 %tmp_i_241, void %if.end.i, void %if.then5.i" [/mnt/scratch/pyuvaraj/Vitis_RoCE_W/Vitis_RoCE/fpga-network-stack/hls/rocev2/../ib_transport_protocol/conn_table.cpp:51]   --->   Operation 18 'br' 'br_ln51' <Predicate = (!tmp_i)> <Delay = 0.00>
ST_1 : Operation 19 [1/1] (0.00ns)   --->   "%s_axis_qp_conn_interface_read = read i384 @_ssdm_op_Read.axis.volatile.i384P128A, i384 %s_axis_qp_conn_interface" [/tools/Xilinx/Vitis_HLS/2022.1/common/technology/autopilot/hls_stream_39.h:145]   --->   Operation 19 'read' 's_axis_qp_conn_interface_read' <Predicate = (!tmp_i & tmp_i_241)> <Delay = 0.00> <CoreInst = "axis">   --->   Core 123 'axis' <Latency = 0> <II = 1> <Delay = 1.00> <Adapter> <Opcode : >
ST_1 : Operation 20 [1/1] (0.00ns)   --->   "%ifRequest_qpn_V = trunc i384 %s_axis_qp_conn_interface_read" [/tools/Xilinx/Vitis_HLS/2022.1/common/technology/autopilot/hls_stream_39.h:145]   --->   Operation 20 'trunc' 'ifRequest_qpn_V' <Predicate = (!tmp_i & tmp_i_241)> <Delay = 0.00>
ST_1 : Operation 21 [1/1] (0.00ns)   --->   "%ifRequest_remote_qpn_V = partselect i24 @_ssdm_op_PartSelect.i24.i384.i32.i32, i384 %s_axis_qp_conn_interface_read, i32 32, i32 55" [/tools/Xilinx/Vitis_HLS/2022.1/common/technology/autopilot/hls_stream_39.h:145]   --->   Operation 21 'partselect' 'ifRequest_remote_qpn_V' <Predicate = (!tmp_i & tmp_i_241)> <Delay = 0.00>
ST_1 : Operation 22 [1/1] (0.00ns)   --->   "%ifRequest_remote_ip_address_V = partselect i128 @_ssdm_op_PartSelect.i128.i384.i32.i32, i384 %s_axis_qp_conn_interface_read, i32 128, i32 255" [/tools/Xilinx/Vitis_HLS/2022.1/common/technology/autopilot/hls_stream_39.h:145]   --->   Operation 22 'partselect' 'ifRequest_remote_ip_address_V' <Predicate = (!tmp_i & tmp_i_241)> <Delay = 0.00>
ST_1 : Operation 23 [1/1] (0.00ns)   --->   "%ifRequest_remote_udp_port_V = partselect i16 @_ssdm_op_PartSelect.i16.i384.i32.i32, i384 %s_axis_qp_conn_interface_read, i32 256, i32 271" [/tools/Xilinx/Vitis_HLS/2022.1/common/technology/autopilot/hls_stream_39.h:145]   --->   Operation 23 'partselect' 'ifRequest_remote_udp_port_V' <Predicate = (!tmp_i & tmp_i_241)> <Delay = 0.00>
ST_1 : Operation 24 [1/1] (0.00ns)   --->   "%zext_ln587_8 = zext i9 %ifRequest_qpn_V"   --->   Operation 24 'zext' 'zext_ln587_8' <Predicate = (!tmp_i & tmp_i_241)> <Delay = 0.00>
ST_1 : Operation 25 [1/1] (0.00ns)   --->   "%conn_table_remote_qpn_V_addr_1 = getelementptr i24 %conn_table_remote_qpn_V, i64 0, i64 %zext_ln587_8" [/mnt/scratch/pyuvaraj/Vitis_RoCE_W/Vitis_RoCE/fpga-network-stack/hls/rocev2/../ib_transport_protocol/conn_table.cpp:55]   --->   Operation 25 'getelementptr' 'conn_table_remote_qpn_V_addr_1' <Predicate = (!tmp_i & tmp_i_241)> <Delay = 0.00>
ST_1 : Operation 26 [1/1] (1.19ns)   --->   "%store_ln55 = store i24 %ifRequest_remote_qpn_V, i9 %conn_table_remote_qpn_V_addr_1" [/mnt/scratch/pyuvaraj/Vitis_RoCE_W/Vitis_RoCE/fpga-network-stack/hls/rocev2/../ib_transport_protocol/conn_table.cpp:55]   --->   Operation 26 'store' 'store_ln55' <Predicate = (!tmp_i & tmp_i_241)> <Delay = 1.19> <CoreInst = "RAM">   --->   Core 83 'RAM' <Latency = 1> <II = 1> <Delay = 1.19> <Storage> <Opcode : 'load' 'store'> <Ports = 2> <Width = 24> <Depth = 500> <RAM>
ST_1 : Operation 27 [1/1] (0.00ns)   --->   "%conn_table_remote_ip_address_V_addr_1 = getelementptr i128 %conn_table_remote_ip_address_V, i64 0, i64 %zext_ln587_8" [/mnt/scratch/pyuvaraj/Vitis_RoCE_W/Vitis_RoCE/fpga-network-stack/hls/rocev2/../ib_transport_protocol/conn_table.cpp:56]   --->   Operation 27 'getelementptr' 'conn_table_remote_ip_address_V_addr_1' <Predicate = (!tmp_i & tmp_i_241)> <Delay = 0.00>
ST_1 : Operation 28 [1/1] (1.20ns)   --->   "%store_ln56 = store i128 %ifRequest_remote_ip_address_V, i9 %conn_table_remote_ip_address_V_addr_1" [/mnt/scratch/pyuvaraj/Vitis_RoCE_W/Vitis_RoCE/fpga-network-stack/hls/rocev2/../ib_transport_protocol/conn_table.cpp:56]   --->   Operation 28 'store' 'store_ln56' <Predicate = (!tmp_i & tmp_i_241)> <Delay = 1.20> <CoreInst = "RAM">   --->   Core 83 'RAM' <Latency = 1> <II = 1> <Delay = 1.20> <Storage> <Opcode : 'load' 'store'> <Ports = 2> <Width = 128> <Depth = 500> <RAM>
ST_1 : Operation 29 [1/1] (0.00ns)   --->   "%conn_table_remote_udp_port_V_addr_1 = getelementptr i16 %conn_table_remote_udp_port_V, i64 0, i64 %zext_ln587_8" [/mnt/scratch/pyuvaraj/Vitis_RoCE_W/Vitis_RoCE/fpga-network-stack/hls/rocev2/../ib_transport_protocol/conn_table.cpp:57]   --->   Operation 29 'getelementptr' 'conn_table_remote_udp_port_V_addr_1' <Predicate = (!tmp_i & tmp_i_241)> <Delay = 0.00>
ST_1 : Operation 30 [1/1] (1.17ns)   --->   "%store_ln57 = store i16 %ifRequest_remote_udp_port_V, i9 %conn_table_remote_udp_port_V_addr_1" [/mnt/scratch/pyuvaraj/Vitis_RoCE_W/Vitis_RoCE/fpga-network-stack/hls/rocev2/../ib_transport_protocol/conn_table.cpp:57]   --->   Operation 30 'store' 'store_ln57' <Predicate = (!tmp_i & tmp_i_241)> <Delay = 1.17> <CoreInst = "RAM">   --->   Core 83 'RAM' <Latency = 1> <II = 1> <Delay = 1.17> <Storage> <Opcode : 'load' 'store'> <Ports = 2> <Width = 16> <Depth = 500> <RAM>
ST_1 : Operation 31 [1/1] (0.00ns)   --->   "%br_ln58 = br void %if.end.i" [/mnt/scratch/pyuvaraj/Vitis_RoCE_W/Vitis_RoCE/fpga-network-stack/hls/rocev2/../ib_transport_protocol/conn_table.cpp:58]   --->   Operation 31 'br' 'br_ln58' <Predicate = (!tmp_i & tmp_i_241)> <Delay = 0.00>
ST_1 : Operation 32 [1/1] (0.00ns)   --->   "%br_ln0 = br void %conn_table.exit"   --->   Operation 32 'br' 'br_ln0' <Predicate = (!tmp_i)> <Delay = 0.00>
ST_1 : Operation 33 [1/1] (1.16ns)   --->   "%txRequest_V = read i16 @_ssdm_op_Read.ap_fifo.volatile.i16P0A, i16 %tx_ibhconnTable_req" [/tools/Xilinx/Vitis_HLS/2022.1/common/technology/autopilot/hls_stream_39.h:145]   --->   Operation 33 'read' 'txRequest_V' <Predicate = (tmp_i)> <Delay = 1.16> <CoreInst = "FIFO_SRL">   --->   Core 81 'FIFO_SRL' <Latency = 0> <II = 1> <Delay = 1.34> <Storage> <Opcode : 'read' 'write' 'nbread' 'nbwrite'> <Ports = 0> <Width = 16> <Depth = 2> <FIFO>

State 2 <SV = 1> <Delay = 1.20>
ST_2 : Operation 34 [1/1] (0.00ns)   --->   "%zext_ln587 = zext i16 %txRequest_V"   --->   Operation 34 'zext' 'zext_ln587' <Predicate = (tmp_i)> <Delay = 0.00>
ST_2 : Operation 35 [1/1] (0.00ns)   --->   "%conn_table_remote_qpn_V_addr = getelementptr i24 %conn_table_remote_qpn_V, i64 0, i64 %zext_ln587" [/tools/Xilinx/Vitis_HLS/2022.1/common/technology/autopilot/hls_stream_39.h:174]   --->   Operation 35 'getelementptr' 'conn_table_remote_qpn_V_addr' <Predicate = (tmp_i)> <Delay = 0.00>
ST_2 : Operation 36 [2/2] (1.19ns)   --->   "%conn_table_remote_qpn_V_load = load i9 %conn_table_remote_qpn_V_addr" [/tools/Xilinx/Vitis_HLS/2022.1/common/technology/autopilot/hls_stream_39.h:174]   --->   Operation 36 'load' 'conn_table_remote_qpn_V_load' <Predicate = (tmp_i)> <Delay = 1.19> <CoreInst = "RAM">   --->   Core 83 'RAM' <Latency = 1> <II = 1> <Delay = 1.19> <Storage> <Opcode : 'load' 'store'> <Ports = 2> <Width = 24> <Depth = 500> <RAM>
ST_2 : Operation 37 [1/1] (0.00ns)   --->   "%conn_table_remote_ip_address_V_addr = getelementptr i128 %conn_table_remote_ip_address_V, i64 0, i64 %zext_ln587" [/tools/Xilinx/Vitis_HLS/2022.1/common/technology/autopilot/hls_stream_39.h:174]   --->   Operation 37 'getelementptr' 'conn_table_remote_ip_address_V_addr' <Predicate = (tmp_i)> <Delay = 0.00>
ST_2 : Operation 38 [2/2] (1.20ns)   --->   "%conn_table_remote_ip_address_V_load = load i9 %conn_table_remote_ip_address_V_addr" [/tools/Xilinx/Vitis_HLS/2022.1/common/technology/autopilot/hls_stream_39.h:174]   --->   Operation 38 'load' 'conn_table_remote_ip_address_V_load' <Predicate = (tmp_i)> <Delay = 1.20> <CoreInst = "RAM">   --->   Core 83 'RAM' <Latency = 1> <II = 1> <Delay = 1.20> <Storage> <Opcode : 'load' 'store'> <Ports = 2> <Width = 128> <Depth = 500> <RAM>
ST_2 : Operation 39 [1/1] (0.00ns)   --->   "%conn_table_remote_udp_port_V_addr = getelementptr i16 %conn_table_remote_udp_port_V, i64 0, i64 %zext_ln587" [/tools/Xilinx/Vitis_HLS/2022.1/common/technology/autopilot/hls_stream_39.h:174]   --->   Operation 39 'getelementptr' 'conn_table_remote_udp_port_V_addr' <Predicate = (tmp_i)> <Delay = 0.00>
ST_2 : Operation 40 [2/2] (1.17ns)   --->   "%conn_table_remote_udp_port_V_load = load i9 %conn_table_remote_udp_port_V_addr" [/tools/Xilinx/Vitis_HLS/2022.1/common/technology/autopilot/hls_stream_39.h:174]   --->   Operation 40 'load' 'conn_table_remote_udp_port_V_load' <Predicate = (tmp_i)> <Delay = 1.17> <CoreInst = "RAM">   --->   Core 83 'RAM' <Latency = 1> <II = 1> <Delay = 1.17> <Storage> <Opcode : 'load' 'store'> <Ports = 2> <Width = 16> <Depth = 500> <RAM>

State 3 <SV = 2> <Delay = 1.20>
ST_3 : Operation 41 [1/2] (1.19ns)   --->   "%conn_table_remote_qpn_V_load = load i9 %conn_table_remote_qpn_V_addr" [/tools/Xilinx/Vitis_HLS/2022.1/common/technology/autopilot/hls_stream_39.h:174]   --->   Operation 41 'load' 'conn_table_remote_qpn_V_load' <Predicate = (tmp_i)> <Delay = 1.19> <CoreInst = "RAM">   --->   Core 83 'RAM' <Latency = 1> <II = 1> <Delay = 1.19> <Storage> <Opcode : 'load' 'store'> <Ports = 2> <Width = 24> <Depth = 500> <RAM>
ST_3 : Operation 42 [1/2] (1.20ns)   --->   "%conn_table_remote_ip_address_V_load = load i9 %conn_table_remote_ip_address_V_addr" [/tools/Xilinx/Vitis_HLS/2022.1/common/technology/autopilot/hls_stream_39.h:174]   --->   Operation 42 'load' 'conn_table_remote_ip_address_V_load' <Predicate = (tmp_i)> <Delay = 1.20> <CoreInst = "RAM">   --->   Core 83 'RAM' <Latency = 1> <II = 1> <Delay = 1.20> <Storage> <Opcode : 'load' 'store'> <Ports = 2> <Width = 128> <Depth = 500> <RAM>
ST_3 : Operation 43 [1/2] (1.17ns)   --->   "%conn_table_remote_udp_port_V_load = load i9 %conn_table_remote_udp_port_V_addr" [/tools/Xilinx/Vitis_HLS/2022.1/common/technology/autopilot/hls_stream_39.h:174]   --->   Operation 43 'load' 'conn_table_remote_udp_port_V_load' <Predicate = (tmp_i)> <Delay = 1.17> <CoreInst = "RAM">   --->   Core 83 'RAM' <Latency = 1> <II = 1> <Delay = 1.17> <Storage> <Opcode : 'load' 'store'> <Ports = 2> <Width = 16> <Depth = 500> <RAM>

State 4 <SV = 3> <Delay = 1.16>
ST_4 : Operation 44 [1/1] (0.00ns)   --->   "%tmp_267_i = bitconcatenate i272 @_ssdm_op_BitConcatenate.i272.i16.i128.i104.i24, i16 %conn_table_remote_udp_port_V_load, i128 %conn_table_remote_ip_address_V_load, i104 0, i24 %conn_table_remote_qpn_V_load" [/tools/Xilinx/Vitis_HLS/2022.1/common/technology/autopilot/hls_stream_39.h:174]   --->   Operation 44 'bitconcatenate' 'tmp_267_i' <Predicate = (tmp_i)> <Delay = 0.00>
ST_4 : Operation 45 [1/1] (0.00ns)   --->   "%zext_ln174 = zext i272 %tmp_267_i" [/tools/Xilinx/Vitis_HLS/2022.1/common/technology/autopilot/hls_stream_39.h:174]   --->   Operation 45 'zext' 'zext_ln174' <Predicate = (tmp_i)> <Delay = 0.00>
ST_4 : Operation 46 [1/1] (1.16ns)   --->   "%write_ln174 = write void @_ssdm_op_Write.ap_fifo.volatile.i384P0A, i384 %tx_connTable2ibh_rsp, i384 %zext_ln174" [/tools/Xilinx/Vitis_HLS/2022.1/common/technology/autopilot/hls_stream_39.h:174]   --->   Operation 46 'write' 'write_ln174' <Predicate = (tmp_i)> <Delay = 1.16> <CoreInst = "FIFO">   --->   Core 78 'FIFO' <Latency = 0> <II = 1> <Delay = 1.23> <Storage> <Opcode : 'read' 'write' 'nbread' 'nbwrite'> <Ports = 0> <Width = 384> <Depth = 8> <FIFO>
ST_4 : Operation 47 [1/1] (0.00ns)   --->   "%br_ln50 = br void %conn_table.exit" [/mnt/scratch/pyuvaraj/Vitis_RoCE_W/Vitis_RoCE/fpga-network-stack/hls/rocev2/../ib_transport_protocol/conn_table.cpp:50]   --->   Operation 47 'br' 'br_ln50' <Predicate = (tmp_i)> <Delay = 0.00>
ST_4 : Operation 48 [1/1] (0.00ns)   --->   "%ret_ln0 = ret"   --->   Operation 48 'ret' 'ret_ln0' <Predicate = true> <Delay = 0.00>


============================================================
+ Verbose Summary: Timing violations
============================================================
Target clock period: 3.2ns, clock uncertainty: 0.864ns.

 <State 1>: 1.32ns
The critical path consists of the following:
	axis read operation ('s_axis_qp_conn_interface_read', /tools/Xilinx/Vitis_HLS/2022.1/common/technology/autopilot/hls_stream_39.h:145) on port 's_axis_qp_conn_interface' (/tools/Xilinx/Vitis_HLS/2022.1/common/technology/autopilot/hls_stream_39.h:145) [23]  (0 ns)
	'store' operation ('store_ln56', /mnt/scratch/pyuvaraj/Vitis_RoCE_W/Vitis_RoCE/fpga-network-stack/hls/rocev2/../ib_transport_protocol/conn_table.cpp:56) of variable 'ifRequest.remote_ip_address.V', /tools/Xilinx/Vitis_HLS/2022.1/common/technology/autopilot/hls_stream_39.h:145 on array 'conn_table_remote_ip_address_V' [32]  (1.2 ns)
	blocking operation 0.118 ns on control path)

 <State 2>: 1.2ns
The critical path consists of the following:
	'getelementptr' operation ('conn_table_remote_ip_address_V_addr', /tools/Xilinx/Vitis_HLS/2022.1/common/technology/autopilot/hls_stream_39.h:174) [43]  (0 ns)
	'load' operation ('conn_table_remote_ip_address_V_load', /tools/Xilinx/Vitis_HLS/2022.1/common/technology/autopilot/hls_stream_39.h:174) on array 'conn_table_remote_ip_address_V' [44]  (1.2 ns)

 <State 3>: 1.2ns
The critical path consists of the following:
	'load' operation ('conn_table_remote_ip_address_V_load', /tools/Xilinx/Vitis_HLS/2022.1/common/technology/autopilot/hls_stream_39.h:174) on array 'conn_table_remote_ip_address_V' [44]  (1.2 ns)

 <State 4>: 1.17ns
The critical path consists of the following:
	fifo write operation ('write_ln174', /tools/Xilinx/Vitis_HLS/2022.1/common/technology/autopilot/hls_stream_39.h:174) on port 'tx_connTable2ibh_rsp' (/tools/Xilinx/Vitis_HLS/2022.1/common/technology/autopilot/hls_stream_39.h:174) [49]  (1.17 ns)


============================================================
+ Verbose Summary: Binding
============================================================
N/A
* FSMD analyzer results:
  - Output states:
 - Input state : 
  - Chain level:
	State 1
	State 2
	State 3
	State 4


============================================================
+ Verbose Summary: Datapath Resource usage 
============================================================
N/A
