

================================================================
== Vitis HLS Report for 'generate_exh_512_s'
================================================================
* Date:           Tue Jul 11 09:32:33 2023

* Version:        2022.1 (Build 3526262 on Mon Apr 18 15:47:01 MDT 2022)
* Project:        rocev2_prj
* Solution:       solution1 (Vivado IP Flow Target)
* Product family: virtexuplus
* Target device:  xcu280-fsvh2892-2L-e


================================================================
== Performance Estimates
================================================================
+ Timing: 
    * Summary: 
    +--------+---------+----------+------------+
    |  Clock |  Target | Estimated| Uncertainty|
    +--------+---------+----------+------------+
    |ap_clk  |  3.20 ns|  2.270 ns|     0.86 ns|
    +--------+---------+----------+------------+

+ Latency: 
    * Summary: 
    +---------+---------+----------+----------+-----+-----+---------+
    |  Latency (cycles) |  Latency (absolute) |  Interval | Pipeline|
    |   min   |   max   |    min   |    max   | min | max |   Type  |
    +---------+---------+----------+----------+-----+-----+---------+
    |        1|        1|  3.200 ns|  3.200 ns|    1|    1|      yes|
    +---------+---------+----------+----------+-----+-----+---------+

    + Detail: 
        * Instance: 
        N/A

        * Loop: 
        N/A

============================================================
+ Verbose Summary: Synthesis Manager
============================================================
InlineROM: 1
ExposeGlobal: 0
============================================================
+ Verbose Summary: CDFG Model
============================================================
IsTopModel: 0
ResetActiveHigh: 1
IsCombinational: 2
IsDatapathOnly: 0
HasWiredReturn: 1
HasMFsm: 2
HasVarLatency: 0
IsPipeline: 1
IsRtlPipelined: 1
IsInstanceOverlapped: 0
IsDontTouch: 0
HasImplIP: 0
IsGatedGlobalClock: 0

+ Individual pipeline summary: 
  * Pipeline-0: initiation interval (II) = 1, depth = 2


============================================================
+ Verbose Summary: Schedule
============================================================
* Number of FSM states : 2
* Pipeline : 1
  Pipeline-0 : II = 1, D = 2, States = { 1 2 }
* Dataflow Pipeline: 0

* FSM state transitions: 
1 --> 2 
2 --> 

* FSM state operations: 

State 1 <SV = 0> <Delay = 1.29>
ST_1 : Operation 3 [1/1] (0.00ns)   --->   "%specinterface_ln0 = specinterface void @_ssdm_op_SpecInterface, i64 %msnTable2txExh_rsp, void @empty_5, i32 0, i32 0, void @empty, i32 0, i32 0, void @empty, void @empty, void @empty, i32 0, i32 0, i32 0, i32 0, void @empty, void @empty, i32 4294967295, i32 0"   --->   Operation 3 'specinterface' 'specinterface_ln0' <Predicate = true> <Delay = 0.00>
ST_1 : Operation 4 [1/1] (0.00ns)   --->   "%specinterface_ln0 = specinterface void @_ssdm_op_SpecInterface, i64 %msnTable2txExh_rsp, void @empty_5, i32 0, i32 0, void @empty, i32 0, i32 0, void @empty, void @empty, void @empty, i32 0, i32 0, i32 0, i32 0, void @empty, void @empty, i32 4294967295, i32 0"   --->   Operation 4 'specinterface' 'specinterface_ln0' <Predicate = true> <Delay = 0.00>
ST_1 : Operation 5 [1/1] (0.00ns)   --->   "%specinterface_ln0 = specinterface void @_ssdm_op_SpecInterface, i64 %msnTable2txExh_rsp, void @empty_5, i32 0, i32 0, void @empty, i32 0, i32 0, void @empty, void @empty, void @empty, i32 0, i32 0, i32 0, i32 0, void @empty, void @empty, i32 4294967295, i32 0"   --->   Operation 5 'specinterface' 'specinterface_ln0' <Predicate = true> <Delay = 0.00>
ST_1 : Operation 6 [1/1] (0.00ns)   --->   "%specinterface_ln0 = specinterface void @_ssdm_op_SpecInterface, i16 %txExh2msnTable_req, void @empty_5, i32 0, i32 0, void @empty, i32 0, i32 0, void @empty, void @empty, void @empty, i32 0, i32 0, i32 0, i32 0, void @empty, void @empty, i32 4294967295, i32 0"   --->   Operation 6 'specinterface' 'specinterface_ln0' <Predicate = true> <Delay = 0.00>
ST_1 : Operation 7 [1/1] (0.00ns)   --->   "%specinterface_ln0 = specinterface void @_ssdm_op_SpecInterface, i16 %txExh2msnTable_req, void @empty_5, i32 0, i32 0, void @empty, i32 0, i32 0, void @empty, void @empty, void @empty, i32 0, i32 0, i32 0, i32 0, void @empty, void @empty, i32 4294967295, i32 0"   --->   Operation 7 'specinterface' 'specinterface_ln0' <Predicate = true> <Delay = 0.00>
ST_1 : Operation 8 [1/1] (0.00ns)   --->   "%specinterface_ln0 = specinterface void @_ssdm_op_SpecInterface, i16 %txExh2msnTable_req, void @empty_5, i32 0, i32 0, void @empty, i32 0, i32 0, void @empty, void @empty, void @empty, i32 0, i32 0, i32 0, i32 0, void @empty, void @empty, i32 4294967295, i32 0"   --->   Operation 8 'specinterface' 'specinterface_ln0' <Predicate = true> <Delay = 0.00>
ST_1 : Operation 9 [1/1] (0.00ns)   --->   "%specinterface_ln0 = specinterface void @_ssdm_op_SpecInterface, i1024 %tx_exh2payFifo, void @empty_5, i32 0, i32 0, void @empty, i32 0, i32 0, void @empty, void @empty, void @empty, i32 0, i32 0, i32 0, i32 0, void @empty, void @empty, i32 4294967295, i32 0"   --->   Operation 9 'specinterface' 'specinterface_ln0' <Predicate = true> <Delay = 0.00>
ST_1 : Operation 10 [1/1] (0.00ns)   --->   "%specinterface_ln0 = specinterface void @_ssdm_op_SpecInterface, i1024 %tx_exh2payFifo, void @empty_5, i32 0, i32 0, void @empty, i32 0, i32 0, void @empty, void @empty, void @empty, i32 0, i32 0, i32 0, i32 0, void @empty, void @empty, i32 4294967295, i32 0"   --->   Operation 10 'specinterface' 'specinterface_ln0' <Predicate = true> <Delay = 0.00>
ST_1 : Operation 11 [1/1] (0.00ns)   --->   "%specinterface_ln0 = specinterface void @_ssdm_op_SpecInterface, i1024 %tx_exh2payFifo, void @empty_5, i32 0, i32 0, void @empty, i32 0, i32 0, void @empty, void @empty, void @empty, i32 0, i32 0, i32 0, i32 0, void @empty, void @empty, i32 4294967295, i32 0"   --->   Operation 11 'specinterface' 'specinterface_ln0' <Predicate = true> <Delay = 0.00>
ST_1 : Operation 12 [1/1] (0.00ns)   --->   "%specinterface_ln0 = specinterface void @_ssdm_op_SpecInterface, i256 %tx_exhMetaFifo, void @empty_5, i32 0, i32 0, void @empty, i32 0, i32 0, void @empty, void @empty, void @empty, i32 0, i32 0, i32 0, i32 0, void @empty, void @empty, i32 4294967295, i32 0"   --->   Operation 12 'specinterface' 'specinterface_ln0' <Predicate = true> <Delay = 0.00>
ST_1 : Operation 13 [1/1] (0.00ns)   --->   "%specinterface_ln0 = specinterface void @_ssdm_op_SpecInterface, i256 %tx_exhMetaFifo, void @empty_5, i32 0, i32 0, void @empty, i32 0, i32 0, void @empty, void @empty, void @empty, i32 0, i32 0, i32 0, i32 0, void @empty, void @empty, i32 4294967295, i32 0"   --->   Operation 13 'specinterface' 'specinterface_ln0' <Predicate = true> <Delay = 0.00>
ST_1 : Operation 14 [1/1] (0.00ns)   --->   "%specinterface_ln0 = specinterface void @_ssdm_op_SpecInterface, i256 %tx_exhMetaFifo, void @empty_5, i32 0, i32 0, void @empty, i32 0, i32 0, void @empty, void @empty, void @empty, i32 0, i32 0, i32 0, i32 0, void @empty, void @empty, i32 4294967295, i32 0"   --->   Operation 14 'specinterface' 'specinterface_ln0' <Predicate = true> <Delay = 0.00>
ST_1 : Operation 15 [1/1] (0.00ns)   --->   "%specinterface_ln0 = specinterface void @_ssdm_op_SpecInterface, i16 %tx_lengthFifo, void @empty_5, i32 0, i32 0, void @empty, i32 0, i32 0, void @empty, void @empty, void @empty, i32 0, i32 0, i32 0, i32 0, void @empty, void @empty, i32 4294967295, i32 0"   --->   Operation 15 'specinterface' 'specinterface_ln0' <Predicate = true> <Delay = 0.00>
ST_1 : Operation 16 [1/1] (0.00ns)   --->   "%specinterface_ln0 = specinterface void @_ssdm_op_SpecInterface, i16 %tx_lengthFifo, void @empty_5, i32 0, i32 0, void @empty, i32 0, i32 0, void @empty, void @empty, void @empty, i32 0, i32 0, i32 0, i32 0, void @empty, void @empty, i32 4294967295, i32 0"   --->   Operation 16 'specinterface' 'specinterface_ln0' <Predicate = true> <Delay = 0.00>
ST_1 : Operation 17 [1/1] (0.00ns)   --->   "%specinterface_ln0 = specinterface void @_ssdm_op_SpecInterface, i16 %tx_lengthFifo, void @empty_5, i32 0, i32 0, void @empty, i32 0, i32 0, void @empty, void @empty, void @empty, i32 0, i32 0, i32 0, i32 0, void @empty, void @empty, i32 4294967295, i32 0"   --->   Operation 17 'specinterface' 'specinterface_ln0' <Predicate = true> <Delay = 0.00>
ST_1 : Operation 18 [1/1] (0.00ns)   --->   "%specinterface_ln0 = specinterface void @_ssdm_op_SpecInterface, i24 %tx_packetInfoFifo, void @empty_5, i32 0, i32 0, void @empty, i32 0, i32 0, void @empty, void @empty, void @empty, i32 0, i32 0, i32 0, i32 0, void @empty, void @empty, i32 4294967295, i32 0"   --->   Operation 18 'specinterface' 'specinterface_ln0' <Predicate = true> <Delay = 0.00>
ST_1 : Operation 19 [1/1] (0.00ns)   --->   "%specinterface_ln0 = specinterface void @_ssdm_op_SpecInterface, i24 %tx_packetInfoFifo, void @empty_5, i32 0, i32 0, void @empty, i32 0, i32 0, void @empty, void @empty, void @empty, i32 0, i32 0, i32 0, i32 0, void @empty, void @empty, i32 4294967295, i32 0"   --->   Operation 19 'specinterface' 'specinterface_ln0' <Predicate = true> <Delay = 0.00>
ST_1 : Operation 20 [1/1] (0.00ns)   --->   "%specinterface_ln0 = specinterface void @_ssdm_op_SpecInterface, i24 %tx_packetInfoFifo, void @empty_5, i32 0, i32 0, void @empty, i32 0, i32 0, void @empty, void @empty, void @empty, i32 0, i32 0, i32 0, i32 0, void @empty, void @empty, i32 4294967295, i32 0"   --->   Operation 20 'specinterface' 'specinterface_ln0' <Predicate = true> <Delay = 0.00>
ST_1 : Operation 21 [1/1] (0.00ns)   --->   "%specinterface_ln0 = specinterface void @_ssdm_op_SpecInterface, i64 %tx_readReqTable_upd, void @empty_5, i32 0, i32 0, void @empty, i32 0, i32 0, void @empty, void @empty, void @empty, i32 0, i32 0, i32 0, i32 0, void @empty, void @empty, i32 4294967295, i32 0"   --->   Operation 21 'specinterface' 'specinterface_ln0' <Predicate = true> <Delay = 0.00>
ST_1 : Operation 22 [1/1] (0.00ns)   --->   "%specinterface_ln0 = specinterface void @_ssdm_op_SpecInterface, i64 %tx_readReqTable_upd, void @empty_5, i32 0, i32 0, void @empty, i32 0, i32 0, void @empty, void @empty, void @empty, i32 0, i32 0, i32 0, i32 0, void @empty, void @empty, i32 4294967295, i32 0"   --->   Operation 22 'specinterface' 'specinterface_ln0' <Predicate = true> <Delay = 0.00>
ST_1 : Operation 23 [1/1] (0.00ns)   --->   "%specinterface_ln0 = specinterface void @_ssdm_op_SpecInterface, i64 %tx_readReqTable_upd, void @empty_5, i32 0, i32 0, void @empty, i32 0, i32 0, void @empty, void @empty, void @empty, i32 0, i32 0, i32 0, i32 0, void @empty, void @empty, i32 4294967295, i32 0"   --->   Operation 23 'specinterface' 'specinterface_ln0' <Predicate = true> <Delay = 0.00>
ST_1 : Operation 24 [1/1] (0.00ns)   --->   "%specinterface_ln0 = specinterface void @_ssdm_op_SpecInterface, i64 %tx_readReqTable_upd, void @empty_5, i32 0, i32 0, void @empty, i32 0, i32 0, void @empty, void @empty, void @empty, i32 0, i32 0, i32 0, i32 0, void @empty, void @empty, i32 4294967295, i32 0"   --->   Operation 24 'specinterface' 'specinterface_ln0' <Predicate = true> <Delay = 0.00>
ST_1 : Operation 25 [1/1] (0.00ns)   --->   "%specinterface_ln0 = specinterface void @_ssdm_op_SpecInterface, i16 %tx_lengthFifo, void @empty_5, i32 0, i32 0, void @empty, i32 0, i32 0, void @empty, void @empty, void @empty, i32 0, i32 0, i32 0, i32 0, void @empty, void @empty, i32 4294967295, i32 0"   --->   Operation 25 'specinterface' 'specinterface_ln0' <Predicate = true> <Delay = 0.00>
ST_1 : Operation 26 [1/1] (0.00ns)   --->   "%specinterface_ln0 = specinterface void @_ssdm_op_SpecInterface, i24 %tx_packetInfoFifo, void @empty_5, i32 0, i32 0, void @empty, i32 0, i32 0, void @empty, void @empty, void @empty, i32 0, i32 0, i32 0, i32 0, void @empty, void @empty, i32 4294967295, i32 0"   --->   Operation 26 'specinterface' 'specinterface_ln0' <Predicate = true> <Delay = 0.00>
ST_1 : Operation 27 [1/1] (0.00ns)   --->   "%specinterface_ln0 = specinterface void @_ssdm_op_SpecInterface, i1024 %tx_exh2payFifo, void @empty_5, i32 0, i32 0, void @empty, i32 0, i32 0, void @empty, void @empty, void @empty, i32 0, i32 0, i32 0, i32 0, void @empty, void @empty, i32 4294967295, i32 0"   --->   Operation 27 'specinterface' 'specinterface_ln0' <Predicate = true> <Delay = 0.00>
ST_1 : Operation 28 [1/1] (0.00ns)   --->   "%specinterface_ln0 = specinterface void @_ssdm_op_SpecInterface, i64 %msnTable2txExh_rsp, void @empty_5, i32 0, i32 0, void @empty, i32 0, i32 0, void @empty, void @empty, void @empty, i32 0, i32 0, i32 0, i32 0, void @empty, void @empty, i32 4294967295, i32 0"   --->   Operation 28 'specinterface' 'specinterface_ln0' <Predicate = true> <Delay = 0.00>
ST_1 : Operation 29 [1/1] (0.00ns)   --->   "%specinterface_ln0 = specinterface void @_ssdm_op_SpecInterface, i16 %txExh2msnTable_req, void @empty_5, i32 0, i32 0, void @empty, i32 0, i32 0, void @empty, void @empty, void @empty, i32 0, i32 0, i32 0, i32 0, void @empty, void @empty, i32 4294967295, i32 0"   --->   Operation 29 'specinterface' 'specinterface_ln0' <Predicate = true> <Delay = 0.00>
ST_1 : Operation 30 [1/1] (0.00ns)   --->   "%specinterface_ln0 = specinterface void @_ssdm_op_SpecInterface, i256 %tx_exhMetaFifo, void @empty_5, i32 0, i32 0, void @empty, i32 0, i32 0, void @empty, void @empty, void @empty, i32 0, i32 0, i32 0, i32 0, void @empty, void @empty, i32 4294967295, i32 0"   --->   Operation 30 'specinterface' 'specinterface_ln0' <Predicate = true> <Delay = 0.00>
ST_1 : Operation 31 [1/1] (0.00ns)   --->   "%specpipeline_ln999 = specpipeline void @_ssdm_op_SpecPipeline, i32 1, i32 0, i32 0, i32 0, void @empty" [/mnt/scratch/pyuvaraj/Vitis_RoCE_W/Vitis_RoCE/fpga-network-stack/hls/rocev2/../ib_transport_protocol/ib_transport_protocol.cpp:999]   --->   Operation 31 'specpipeline' 'specpipeline_ln999' <Predicate = true> <Delay = 0.00>
ST_1 : Operation 32 [1/1] (0.00ns)   --->   "%ge_state_load = load i2 %ge_state" [/mnt/scratch/pyuvaraj/Vitis_RoCE_W/Vitis_RoCE/fpga-network-stack/hls/rocev2/../ib_transport_protocol/ib_transport_protocol.cpp:1034]   --->   Operation 32 'load' 'ge_state_load' <Predicate = true> <Delay = 0.00>
ST_1 : Operation 33 [1/1] (0.00ns)   --->   "%rdmaHeader_idx_1_load = load i16 %rdmaHeader_idx_1" [/mnt/scratch/pyuvaraj/Vitis_RoCE_W/Vitis_RoCE/fpga-network-stack/hls/rocev2/../ib_transport_protocol/../packet.hpp:76]   --->   Operation 33 'load' 'rdmaHeader_idx_1_load' <Predicate = true> <Delay = 0.00>
ST_1 : Operation 34 [1/1] (0.00ns)   --->   "%ackHeader_idx_1_load = load i16 %ackHeader_idx_1" [/mnt/scratch/pyuvaraj/Vitis_RoCE_W/Vitis_RoCE/fpga-network-stack/hls/rocev2/../ib_transport_protocol/../packet.hpp:76]   --->   Operation 34 'load' 'ackHeader_idx_1_load' <Predicate = true> <Delay = 0.00>
ST_1 : Operation 35 [1/1] (0.00ns)   --->   "%meta_load = load i48 %meta_addr_V"   --->   Operation 35 'load' 'meta_load' <Predicate = true> <Delay = 0.00>
ST_1 : Operation 36 [1/1] (0.00ns)   --->   "%len_V = load i32 %meta_length_V" [/mnt/scratch/pyuvaraj/Vitis_RoCE_W/Vitis_RoCE/fpga-network-stack/hls/rocev2/../ib_transport_protocol/ib_transport_protocol.cpp:1096]   --->   Operation 36 'load' 'len_V' <Predicate = true> <Delay = 0.00>
ST_1 : Operation 37 [1/1] (0.00ns)   --->   "%trunc_ln1305 = trunc i32 %len_V" [/mnt/scratch/pyuvaraj/Vitis_RoCE_W/Vitis_RoCE/fpga-network-stack/hls/rocev2/../ib_transport_protocol/ib_transport_protocol.cpp:1305]   --->   Operation 37 'trunc' 'trunc_ln1305' <Predicate = true> <Delay = 0.00>
ST_1 : Operation 38 [1/1] (0.00ns)   --->   "%meta_isNak_load = load i1 %meta_isNak" [/mnt/scratch/pyuvaraj/Vitis_RoCE_W/Vitis_RoCE/fpga-network-stack/hls/rocev2/../ib_transport_protocol/ib_transport_protocol.cpp:1305]   --->   Operation 38 'load' 'meta_isNak_load' <Predicate = true> <Delay = 0.00>
ST_1 : Operation 39 [1/1] (0.00ns)   --->   "%metaWritten_4_load = load i1 %metaWritten_4" [/mnt/scratch/pyuvaraj/Vitis_RoCE_W/Vitis_RoCE/fpga-network-stack/hls/rocev2/../ib_transport_protocol/ib_transport_protocol.cpp:1109]   --->   Operation 39 'load' 'metaWritten_4_load' <Predicate = true> <Delay = 0.00>
ST_1 : Operation 40 [1/1] (0.00ns)   --->   "%msn_V = load i24 %msnMeta_msn_V" [/mnt/scratch/pyuvaraj/Vitis_RoCE_W/Vitis_RoCE/fpga-network-stack/hls/rocev2/../ib_transport_protocol/ib_transport_protocol.cpp:1265]   --->   Operation 40 'load' 'msn_V' <Predicate = true> <Delay = 0.00>
ST_1 : Operation 41 [1/1] (0.00ns)   --->   "%key_V = load i32 %msnMeta_r_key_V" [/mnt/scratch/pyuvaraj/Vitis_RoCE_W/Vitis_RoCE/fpga-network-stack/hls/rocev2/../ib_transport_protocol/ib_transport_protocol.cpp:1097]   --->   Operation 41 'load' 'key_V' <Predicate = true> <Delay = 0.00>
ST_1 : Operation 42 [1/1] (0.85ns)   --->   "%info_hasPayload_1 = icmp_ne  i32 %len_V, i32 0"   --->   Operation 42 'icmp' 'info_hasPayload_1' <Predicate = true> <Delay = 0.85> <CoreInst = "Cmp">   --->   Core 9 'Cmp' <Latency = 0> <II = 1> <Delay = 0.85> <FuncUnit> <Opcode : 'icmp'> <InPorts = 2> <OutPorts = 1>
ST_1 : Operation 43 [1/1] (0.34ns)   --->   "%switch_ln1034 = switch i2 %ge_state_load, void %sw.bb.i, i2 2, void %sw.bb14.i, i2 1, void %sw.bb10.i" [/mnt/scratch/pyuvaraj/Vitis_RoCE_W/Vitis_RoCE/fpga-network-stack/hls/rocev2/../ib_transport_protocol/ib_transport_protocol.cpp:1034]   --->   Operation 43 'switch' 'switch_ln1034' <Predicate = true> <Delay = 0.34>
ST_1 : Operation 44 [1/1] (0.00ns)   --->   "%tmp_i_238 = nbreadreq i1 @_ssdm_op_NbReadReq.ap_fifo.i64P0A, i64 %msnTable2txExh_rsp, i32 1" [/tools/Xilinx/Vitis_HLS/2022.1/common/technology/autopilot/hls_stream_39.h:136]   --->   Operation 44 'nbreadreq' 'tmp_i_238' <Predicate = (ge_state_load == 1)> <Delay = 0.00> <CoreInst = "FIFO_SRL">   --->   Core 81 'FIFO_SRL' <Latency = 0> <II = 1> <Delay = 1.40> <Storage> <Opcode : 'read' 'write' 'nbread' 'nbwrite'> <Ports = 0> <Width = 64> <Depth = 2> <FIFO>
ST_1 : Operation 45 [1/1] (0.00ns)   --->   "%br_ln1071 = br i1 %tmp_i_238, void %if.end13.i, void %if.then12.i" [/mnt/scratch/pyuvaraj/Vitis_RoCE_W/Vitis_RoCE/fpga-network-stack/hls/rocev2/../ib_transport_protocol/ib_transport_protocol.cpp:1071]   --->   Operation 45 'br' 'br_ln1071' <Predicate = (ge_state_load == 1)> <Delay = 0.00>
ST_1 : Operation 46 [1/1] (1.16ns)   --->   "%msnTable2txExh_rsp_read = read i64 @_ssdm_op_Read.ap_fifo.volatile.i64P0A, i64 %msnTable2txExh_rsp" [/tools/Xilinx/Vitis_HLS/2022.1/common/technology/autopilot/hls_stream_39.h:145]   --->   Operation 46 'read' 'msnTable2txExh_rsp_read' <Predicate = (ge_state_load == 1 & tmp_i_238)> <Delay = 1.16> <CoreInst = "FIFO_SRL">   --->   Core 81 'FIFO_SRL' <Latency = 0> <II = 1> <Delay = 1.40> <Storage> <Opcode : 'read' 'write' 'nbread' 'nbwrite'> <Ports = 0> <Width = 64> <Depth = 2> <FIFO>
ST_1 : Operation 47 [1/1] (0.00ns)   --->   "%trunc_ln145_11 = trunc i64 %msnTable2txExh_rsp_read" [/tools/Xilinx/Vitis_HLS/2022.1/common/technology/autopilot/hls_stream_39.h:145]   --->   Operation 47 'trunc' 'trunc_ln145_11' <Predicate = (ge_state_load == 1 & tmp_i_238)> <Delay = 0.00>
ST_1 : Operation 48 [1/1] (0.00ns)   --->   "%store_ln145 = store i24 %trunc_ln145_11, i24 %msnMeta_msn_V" [/tools/Xilinx/Vitis_HLS/2022.1/common/technology/autopilot/hls_stream_39.h:145]   --->   Operation 48 'store' 'store_ln145' <Predicate = (ge_state_load == 1 & tmp_i_238)> <Delay = 0.00>
ST_1 : Operation 49 [1/1] (0.00ns)   --->   "%tmp_230_i = partselect i32 @_ssdm_op_PartSelect.i32.i64.i32.i32, i64 %msnTable2txExh_rsp_read, i32 32, i32 63" [/tools/Xilinx/Vitis_HLS/2022.1/common/technology/autopilot/hls_stream_39.h:145]   --->   Operation 49 'partselect' 'tmp_230_i' <Predicate = (ge_state_load == 1 & tmp_i_238)> <Delay = 0.00>
ST_1 : Operation 50 [1/1] (0.00ns)   --->   "%store_ln145 = store i32 %tmp_230_i, i32 %msnMeta_r_key_V" [/tools/Xilinx/Vitis_HLS/2022.1/common/technology/autopilot/hls_stream_39.h:145]   --->   Operation 50 'store' 'store_ln145' <Predicate = (ge_state_load == 1 & tmp_i_238)> <Delay = 0.00>
ST_1 : Operation 51 [1/1] (0.41ns)   --->   "%store_ln1081 = store i2 2, i2 %ge_state" [/mnt/scratch/pyuvaraj/Vitis_RoCE_W/Vitis_RoCE/fpga-network-stack/hls/rocev2/../ib_transport_protocol/ib_transport_protocol.cpp:1081]   --->   Operation 51 'store' 'store_ln1081' <Predicate = (ge_state_load == 1 & tmp_i_238)> <Delay = 0.41>
ST_1 : Operation 52 [1/1] (0.00ns)   --->   "%br_ln1082 = br void %if.end13.i" [/mnt/scratch/pyuvaraj/Vitis_RoCE_W/Vitis_RoCE/fpga-network-stack/hls/rocev2/../ib_transport_protocol/ib_transport_protocol.cpp:1082]   --->   Operation 52 'br' 'br_ln1082' <Predicate = (ge_state_load == 1 & tmp_i_238)> <Delay = 0.00>
ST_1 : Operation 53 [1/1] (0.00ns)   --->   "%br_ln1083 = br void %generate_exh<512>.exit" [/mnt/scratch/pyuvaraj/Vitis_RoCE_W/Vitis_RoCE/fpga-network-stack/hls/rocev2/../ib_transport_protocol/ib_transport_protocol.cpp:1083]   --->   Operation 53 'br' 'br_ln1083' <Predicate = (ge_state_load == 1)> <Delay = 0.00>
ST_1 : Operation 54 [1/1] (0.00ns)   --->   "%meta_op_code_3_load = load i32 %meta_op_code_3" [/mnt/scratch/pyuvaraj/Vitis_RoCE_W/Vitis_RoCE/fpga-network-stack/hls/rocev2/../ib_transport_protocol/ib_transport_protocol.cpp:1087]   --->   Operation 54 'load' 'meta_op_code_3_load' <Predicate = (ge_state_load == 2)> <Delay = 0.00>
ST_1 : Operation 55 [1/1] (0.34ns)   --->   "%switch_ln1087 = switch i32 %meta_op_code_3_load, void %if.end132.i, i32 10, void %sw.bb16.i, i32 6, void %sw.bb16.i, i32 24, void %sw.bb16.i, i32 25, void %sw.bb16.i, i32 7, void %sw.bb38.i, i32 8, void %sw.bb38.i, i32 26, void %sw.bb38.i, i32 27, void %sw.bb38.i, i32 12, void %sw.bb46.i, i32 29, void %sw.bb46.i, i32 16, void %sw.bb68.i, i32 13, void %sw.bb68.i, i32 15, void %sw.bb68.i, i32 14, void %sw.bb94.i, i32 17, void %sw.bb102.i_ifconv" [/mnt/scratch/pyuvaraj/Vitis_RoCE_W/Vitis_RoCE/fpga-network-stack/hls/rocev2/../ib_transport_protocol/ib_transport_protocol.cpp:1087]   --->   Operation 55 'switch' 'switch_ln1087' <Predicate = (ge_state_load == 2)> <Delay = 0.34>
ST_1 : Operation 56 [1/1] (0.30ns)   --->   "%select_ln496 = select i1 %meta_isNak_load, i8 96, i8 31" [/mnt/scratch/pyuvaraj/Vitis_RoCE_W/Vitis_RoCE/fpga-network-stack/hls/rocev2/../ib_transport_protocol/ib_transport_protocol.hpp:496]   --->   Operation 56 'select' 'select_ln496' <Predicate = (ge_state_load == 2 & meta_op_code_3_load == 17)> <Delay = 0.30> <CoreInst = "Sel">   --->   Core 73 'Sel' <Latency = 0> <II = 1> <Delay = 0.30> <FuncUnit> <Opcode : 'select'> <InPorts = 3> <OutPorts = 1>
ST_1 : Operation 57 [1/1] (0.00ns)   --->   "%tmp_265_i = partselect i8 @_ssdm_op_PartSelect.i8.i24.i32.i32, i24 %msn_V, i32 16, i32 23"   --->   Operation 57 'partselect' 'tmp_265_i' <Predicate = (ge_state_load == 2 & meta_op_code_3_load == 17)> <Delay = 0.00>
ST_1 : Operation 58 [1/1] (0.00ns)   --->   "%tmp_266_i = partselect i8 @_ssdm_op_PartSelect.i8.i24.i32.i32, i24 %msn_V, i32 8, i32 15"   --->   Operation 58 'partselect' 'tmp_266_i' <Predicate = (ge_state_load == 2 & meta_op_code_3_load == 17)> <Delay = 0.00>
ST_1 : Operation 59 [1/1] (0.00ns)   --->   "%trunc_ln674_11 = trunc i24 %msn_V"   --->   Operation 59 'trunc' 'trunc_ln674_11' <Predicate = (ge_state_load == 2 & meta_op_code_3_load == 17)> <Delay = 0.00>
ST_1 : Operation 60 [1/1] (0.00ns)   --->   "%p_Result_88 = bitconcatenate i32 @_ssdm_op_BitConcatenate.i32.i8.i8.i8.i8, i8 %trunc_ln674_11, i8 %tmp_266_i, i8 %tmp_265_i, i8 %select_ln496"   --->   Operation 60 'bitconcatenate' 'p_Result_88' <Predicate = (ge_state_load == 2 & meta_op_code_3_load == 17)> <Delay = 0.00>
ST_1 : Operation 61 [1/1] (0.38ns)   --->   "%store_ln414 = store i32 %p_Result_88, i32 %ackHeader_header_V_1"   --->   Operation 61 'store' 'store_ln414' <Predicate = (ge_state_load == 2 & meta_op_code_3_load == 17)> <Delay = 0.38>
ST_1 : Operation 62 [1/1] (0.00ns)   --->   "%tmp_61 = bitconcatenate i20 @_ssdm_op_BitConcatenate.i20.i16.i4, i16 %ackHeader_idx_1_load, i4 0" [/mnt/scratch/pyuvaraj/Vitis_RoCE_W/Vitis_RoCE/fpga-network-stack/hls/rocev2/../ib_transport_protocol/../packet.hpp:82]   --->   Operation 62 'bitconcatenate' 'tmp_61' <Predicate = (ge_state_load == 2 & meta_op_code_3_load == 17)> <Delay = 0.00>
ST_1 : Operation 63 [1/1] (0.72ns)   --->   "%icmp_ln82_6 = icmp_eq  i20 %tmp_61, i20 0" [/mnt/scratch/pyuvaraj/Vitis_RoCE_W/Vitis_RoCE/fpga-network-stack/hls/rocev2/../ib_transport_protocol/../packet.hpp:82]   --->   Operation 63 'icmp' 'icmp_ln82_6' <Predicate = (ge_state_load == 2 & meta_op_code_3_load == 17)> <Delay = 0.72> <CoreInst = "Cmp">   --->   Core 9 'Cmp' <Latency = 0> <II = 1> <Delay = 0.72> <FuncUnit> <Opcode : 'icmp'> <InPorts = 2> <OutPorts = 1>
ST_1 : Operation 64 [1/1] (0.00ns)   --->   "%br_ln82 = br i1 %icmp_ln82_6, void %_ZN12packetHeaderILi512ELi32EE11consumeWordER7ap_uintILi512EE.exit1112.i, void %if.then19.i1110.i" [/mnt/scratch/pyuvaraj/Vitis_RoCE_W/Vitis_RoCE/fpga-network-stack/hls/rocev2/../ib_transport_protocol/../packet.hpp:82]   --->   Operation 64 'br' 'br_ln82' <Predicate = (ge_state_load == 2 & meta_op_code_3_load == 17)> <Delay = 0.00>
ST_1 : Operation 65 [1/1] (0.00ns)   --->   "%p_Result_89 = partset i512 @_ssdm_op_PartSet.i512.i512.i32.i32.i32, i512 0, i32 %p_Result_88, i32 0, i32 31"   --->   Operation 65 'partset' 'p_Result_89' <Predicate = (ge_state_load == 2 & meta_op_code_3_load == 17 & icmp_ln82_6)> <Delay = 0.00>
ST_1 : Operation 66 [1/1] (0.78ns)   --->   "%add_ln85_6 = add i16 %ackHeader_idx_1_load, i16 1" [/mnt/scratch/pyuvaraj/Vitis_RoCE_W/Vitis_RoCE/fpga-network-stack/hls/rocev2/../ib_transport_protocol/../packet.hpp:85]   --->   Operation 66 'add' 'add_ln85_6' <Predicate = (ge_state_load == 2 & meta_op_code_3_load == 17 & icmp_ln82_6)> <Delay = 0.78> <CoreInst = "Adder">   --->   Core 1 'Adder' <Latency = 0> <II = 1> <Delay = 0.78> <FuncUnit> <Opcode : 'add' 'sub'> <InPorts = 2> <OutPorts = 1>
ST_1 : Operation 67 [1/1] (0.41ns)   --->   "%store_ln85 = store i16 %add_ln85_6, i16 %ackHeader_idx_1" [/mnt/scratch/pyuvaraj/Vitis_RoCE_W/Vitis_RoCE/fpga-network-stack/hls/rocev2/../ib_transport_protocol/../packet.hpp:85]   --->   Operation 67 'store' 'store_ln85' <Predicate = (ge_state_load == 2 & meta_op_code_3_load == 17 & icmp_ln82_6)> <Delay = 0.41>
ST_1 : Operation 68 [1/1] (0.00ns)   --->   "%br_ln86 = br void %_ZN12packetHeaderILi512ELi32EE11consumeWordER7ap_uintILi512EE.exit1112.i" [/mnt/scratch/pyuvaraj/Vitis_RoCE_W/Vitis_RoCE/fpga-network-stack/hls/rocev2/../ib_transport_protocol/../packet.hpp:86]   --->   Operation 68 'br' 'br_ln86' <Predicate = (ge_state_load == 2 & meta_op_code_3_load == 17 & icmp_ln82_6)> <Delay = 0.00>
ST_1 : Operation 69 [1/1] (0.41ns)   --->   "%store_ln1299 = store i2 0, i2 %ge_state" [/mnt/scratch/pyuvaraj/Vitis_RoCE_W/Vitis_RoCE/fpga-network-stack/hls/rocev2/../ib_transport_protocol/ib_transport_protocol.cpp:1299]   --->   Operation 69 'store' 'store_ln1299' <Predicate = (ge_state_load == 2 & meta_op_code_3_load == 14)> <Delay = 0.41>
ST_1 : Operation 70 [1/1] (0.00ns)   --->   "%tmp_259_i = partselect i8 @_ssdm_op_PartSelect.i8.i24.i32.i32, i24 %msn_V, i32 16, i32 23"   --->   Operation 70 'partselect' 'tmp_259_i' <Predicate = (ge_state_load == 2 & meta_op_code_3_load == 15) | (ge_state_load == 2 & meta_op_code_3_load == 13) | (ge_state_load == 2 & meta_op_code_3_load == 16)> <Delay = 0.00>
ST_1 : Operation 71 [1/1] (0.00ns)   --->   "%tmp_260_i = partselect i8 @_ssdm_op_PartSelect.i8.i24.i32.i32, i24 %msn_V, i32 8, i32 15"   --->   Operation 71 'partselect' 'tmp_260_i' <Predicate = (ge_state_load == 2 & meta_op_code_3_load == 15) | (ge_state_load == 2 & meta_op_code_3_load == 13) | (ge_state_load == 2 & meta_op_code_3_load == 16)> <Delay = 0.00>
ST_1 : Operation 72 [1/1] (0.00ns)   --->   "%trunc_ln674_10 = trunc i24 %msn_V"   --->   Operation 72 'trunc' 'trunc_ln674_10' <Predicate = (ge_state_load == 2 & meta_op_code_3_load == 15) | (ge_state_load == 2 & meta_op_code_3_load == 13) | (ge_state_load == 2 & meta_op_code_3_load == 16)> <Delay = 0.00>
ST_1 : Operation 73 [1/1] (0.00ns)   --->   "%p_Result_86 = bitconcatenate i32 @_ssdm_op_BitConcatenate.i32.i8.i8.i8.i8, i8 %trunc_ln674_10, i8 %tmp_260_i, i8 %tmp_259_i, i8 31"   --->   Operation 73 'bitconcatenate' 'p_Result_86' <Predicate = (ge_state_load == 2 & meta_op_code_3_load == 15) | (ge_state_load == 2 & meta_op_code_3_load == 13) | (ge_state_load == 2 & meta_op_code_3_load == 16)> <Delay = 0.00>
ST_1 : Operation 74 [1/1] (0.38ns)   --->   "%store_ln414 = store i32 %p_Result_86, i32 %ackHeader_header_V_1"   --->   Operation 74 'store' 'store_ln414' <Predicate = (ge_state_load == 2 & meta_op_code_3_load == 15) | (ge_state_load == 2 & meta_op_code_3_load == 13) | (ge_state_load == 2 & meta_op_code_3_load == 16)> <Delay = 0.38>
ST_1 : Operation 75 [1/1] (0.00ns)   --->   "%tmp_60 = bitconcatenate i20 @_ssdm_op_BitConcatenate.i20.i16.i4, i16 %ackHeader_idx_1_load, i4 0" [/mnt/scratch/pyuvaraj/Vitis_RoCE_W/Vitis_RoCE/fpga-network-stack/hls/rocev2/../ib_transport_protocol/../packet.hpp:82]   --->   Operation 75 'bitconcatenate' 'tmp_60' <Predicate = (ge_state_load == 2 & meta_op_code_3_load == 15) | (ge_state_load == 2 & meta_op_code_3_load == 13) | (ge_state_load == 2 & meta_op_code_3_load == 16)> <Delay = 0.00>
ST_1 : Operation 76 [1/1] (0.72ns)   --->   "%icmp_ln82_5 = icmp_eq  i20 %tmp_60, i20 0" [/mnt/scratch/pyuvaraj/Vitis_RoCE_W/Vitis_RoCE/fpga-network-stack/hls/rocev2/../ib_transport_protocol/../packet.hpp:82]   --->   Operation 76 'icmp' 'icmp_ln82_5' <Predicate = (ge_state_load == 2 & meta_op_code_3_load == 15) | (ge_state_load == 2 & meta_op_code_3_load == 13) | (ge_state_load == 2 & meta_op_code_3_load == 16)> <Delay = 0.72> <CoreInst = "Cmp">   --->   Core 9 'Cmp' <Latency = 0> <II = 1> <Delay = 0.72> <FuncUnit> <Opcode : 'icmp'> <InPorts = 2> <OutPorts = 1>
ST_1 : Operation 77 [1/1] (0.00ns)   --->   "%br_ln82 = br i1 %icmp_ln82_5, void %_ZN12packetHeaderILi512ELi32EE11consumeWordER7ap_uintILi512EE.exit.i, void %if.then19.i1066.i" [/mnt/scratch/pyuvaraj/Vitis_RoCE_W/Vitis_RoCE/fpga-network-stack/hls/rocev2/../ib_transport_protocol/../packet.hpp:82]   --->   Operation 77 'br' 'br_ln82' <Predicate = (ge_state_load == 2 & meta_op_code_3_load == 15) | (ge_state_load == 2 & meta_op_code_3_load == 13) | (ge_state_load == 2 & meta_op_code_3_load == 16)> <Delay = 0.00>
ST_1 : Operation 78 [1/1] (0.00ns)   --->   "%p_Result_87 = partset i512 @_ssdm_op_PartSet.i512.i512.i32.i32.i32, i512 0, i32 %p_Result_86, i32 0, i32 31"   --->   Operation 78 'partset' 'p_Result_87' <Predicate = (ge_state_load == 2 & meta_op_code_3_load == 15 & icmp_ln82_5) | (ge_state_load == 2 & meta_op_code_3_load == 13 & icmp_ln82_5) | (ge_state_load == 2 & meta_op_code_3_load == 16 & icmp_ln82_5)> <Delay = 0.00>
ST_1 : Operation 79 [1/1] (0.78ns)   --->   "%add_ln85_5 = add i16 %ackHeader_idx_1_load, i16 1" [/mnt/scratch/pyuvaraj/Vitis_RoCE_W/Vitis_RoCE/fpga-network-stack/hls/rocev2/../ib_transport_protocol/../packet.hpp:85]   --->   Operation 79 'add' 'add_ln85_5' <Predicate = (ge_state_load == 2 & meta_op_code_3_load == 15 & icmp_ln82_5) | (ge_state_load == 2 & meta_op_code_3_load == 13 & icmp_ln82_5) | (ge_state_load == 2 & meta_op_code_3_load == 16 & icmp_ln82_5)> <Delay = 0.78> <CoreInst = "Adder">   --->   Core 1 'Adder' <Latency = 0> <II = 1> <Delay = 0.78> <FuncUnit> <Opcode : 'add' 'sub'> <InPorts = 2> <OutPorts = 1>
ST_1 : Operation 80 [1/1] (0.41ns)   --->   "%store_ln85 = store i16 %add_ln85_5, i16 %ackHeader_idx_1" [/mnt/scratch/pyuvaraj/Vitis_RoCE_W/Vitis_RoCE/fpga-network-stack/hls/rocev2/../ib_transport_protocol/../packet.hpp:85]   --->   Operation 80 'store' 'store_ln85' <Predicate = (ge_state_load == 2 & meta_op_code_3_load == 15 & icmp_ln82_5) | (ge_state_load == 2 & meta_op_code_3_load == 13 & icmp_ln82_5) | (ge_state_load == 2 & meta_op_code_3_load == 16 & icmp_ln82_5)> <Delay = 0.41>
ST_1 : Operation 81 [1/1] (0.00ns)   --->   "%br_ln86 = br void %_ZN12packetHeaderILi512ELi32EE11consumeWordER7ap_uintILi512EE.exit.i" [/mnt/scratch/pyuvaraj/Vitis_RoCE_W/Vitis_RoCE/fpga-network-stack/hls/rocev2/../ib_transport_protocol/../packet.hpp:86]   --->   Operation 81 'br' 'br_ln86' <Predicate = (ge_state_load == 2 & meta_op_code_3_load == 15 & icmp_ln82_5) | (ge_state_load == 2 & meta_op_code_3_load == 13 & icmp_ln82_5) | (ge_state_load == 2 & meta_op_code_3_load == 16 & icmp_ln82_5)> <Delay = 0.00>
ST_1 : Operation 82 [1/1] (0.00ns)   --->   "%tmp_245_i = partselect i8 @_ssdm_op_PartSelect.i8.i48.i32.i32, i48 %meta_load, i32 40, i32 47"   --->   Operation 82 'partselect' 'tmp_245_i' <Predicate = (ge_state_load == 2 & meta_op_code_3_load == 29) | (ge_state_load == 2 & meta_op_code_3_load == 12)> <Delay = 0.00>
ST_1 : Operation 83 [1/1] (0.00ns)   --->   "%tmp_246_i = partselect i8 @_ssdm_op_PartSelect.i8.i48.i32.i32, i48 %meta_load, i32 32, i32 39"   --->   Operation 83 'partselect' 'tmp_246_i' <Predicate = (ge_state_load == 2 & meta_op_code_3_load == 29) | (ge_state_load == 2 & meta_op_code_3_load == 12)> <Delay = 0.00>
ST_1 : Operation 84 [1/1] (0.00ns)   --->   "%tmp_247_i = partselect i8 @_ssdm_op_PartSelect.i8.i48.i32.i32, i48 %meta_load, i32 24, i32 31"   --->   Operation 84 'partselect' 'tmp_247_i' <Predicate = (ge_state_load == 2 & meta_op_code_3_load == 29) | (ge_state_load == 2 & meta_op_code_3_load == 12)> <Delay = 0.00>
ST_1 : Operation 85 [1/1] (0.00ns)   --->   "%tmp_248_i = partselect i8 @_ssdm_op_PartSelect.i8.i48.i32.i32, i48 %meta_load, i32 16, i32 23"   --->   Operation 85 'partselect' 'tmp_248_i' <Predicate = (ge_state_load == 2 & meta_op_code_3_load == 29) | (ge_state_load == 2 & meta_op_code_3_load == 12)> <Delay = 0.00>
ST_1 : Operation 86 [1/1] (0.00ns)   --->   "%tmp_249_i = partselect i8 @_ssdm_op_PartSelect.i8.i48.i32.i32, i48 %meta_load, i32 8, i32 15"   --->   Operation 86 'partselect' 'tmp_249_i' <Predicate = (ge_state_load == 2 & meta_op_code_3_load == 29) | (ge_state_load == 2 & meta_op_code_3_load == 12)> <Delay = 0.00>
ST_1 : Operation 87 [1/1] (0.00ns)   --->   "%trunc_ln674_7 = trunc i48 %meta_load"   --->   Operation 87 'trunc' 'trunc_ln674_7' <Predicate = (ge_state_load == 2 & meta_op_code_3_load == 29) | (ge_state_load == 2 & meta_op_code_3_load == 12)> <Delay = 0.00>
ST_1 : Operation 88 [1/1] (0.00ns)   --->   "%tmp_251_i = partselect i8 @_ssdm_op_PartSelect.i8.i32.i32.i32, i32 %len_V, i32 24, i32 31"   --->   Operation 88 'partselect' 'tmp_251_i' <Predicate = (ge_state_load == 2 & meta_op_code_3_load == 29) | (ge_state_load == 2 & meta_op_code_3_load == 12)> <Delay = 0.00>
ST_1 : Operation 89 [1/1] (0.00ns)   --->   "%tmp_252_i = partselect i8 @_ssdm_op_PartSelect.i8.i32.i32.i32, i32 %len_V, i32 16, i32 23"   --->   Operation 89 'partselect' 'tmp_252_i' <Predicate = (ge_state_load == 2 & meta_op_code_3_load == 29) | (ge_state_load == 2 & meta_op_code_3_load == 12)> <Delay = 0.00>
ST_1 : Operation 90 [1/1] (0.00ns)   --->   "%tmp_253_i = partselect i8 @_ssdm_op_PartSelect.i8.i32.i32.i32, i32 %len_V, i32 8, i32 15"   --->   Operation 90 'partselect' 'tmp_253_i' <Predicate = (ge_state_load == 2 & meta_op_code_3_load == 29) | (ge_state_load == 2 & meta_op_code_3_load == 12)> <Delay = 0.00>
ST_1 : Operation 91 [1/1] (0.00ns)   --->   "%trunc_ln674_8 = trunc i32 %len_V"   --->   Operation 91 'trunc' 'trunc_ln674_8' <Predicate = (ge_state_load == 2 & meta_op_code_3_load == 29) | (ge_state_load == 2 & meta_op_code_3_load == 12)> <Delay = 0.00>
ST_1 : Operation 92 [1/1] (0.00ns)   --->   "%tmp_255_i = partselect i8 @_ssdm_op_PartSelect.i8.i32.i32.i32, i32 %key_V, i32 24, i32 31"   --->   Operation 92 'partselect' 'tmp_255_i' <Predicate = (ge_state_load == 2 & meta_op_code_3_load == 29) | (ge_state_load == 2 & meta_op_code_3_load == 12)> <Delay = 0.00>
ST_1 : Operation 93 [1/1] (0.00ns)   --->   "%tmp_256_i = partselect i8 @_ssdm_op_PartSelect.i8.i32.i32.i32, i32 %key_V, i32 16, i32 23"   --->   Operation 93 'partselect' 'tmp_256_i' <Predicate = (ge_state_load == 2 & meta_op_code_3_load == 29) | (ge_state_load == 2 & meta_op_code_3_load == 12)> <Delay = 0.00>
ST_1 : Operation 94 [1/1] (0.00ns)   --->   "%tmp_257_i = partselect i8 @_ssdm_op_PartSelect.i8.i32.i32.i32, i32 %key_V, i32 8, i32 15"   --->   Operation 94 'partselect' 'tmp_257_i' <Predicate = (ge_state_load == 2 & meta_op_code_3_load == 29) | (ge_state_load == 2 & meta_op_code_3_load == 12)> <Delay = 0.00>
ST_1 : Operation 95 [1/1] (0.00ns)   --->   "%trunc_ln674_9 = trunc i32 %key_V"   --->   Operation 95 'trunc' 'trunc_ln674_9' <Predicate = (ge_state_load == 2 & meta_op_code_3_load == 29) | (ge_state_load == 2 & meta_op_code_3_load == 12)> <Delay = 0.00>
ST_1 : Operation 96 [1/1] (0.00ns)   --->   "%p_Result_84 = bitconcatenate i128 @_ssdm_op_BitConcatenate.i128.i8.i8.i8.i8.i8.i8.i8.i8.i8.i8.i8.i8.i8.i8.i16, i8 %trunc_ln674_8, i8 %tmp_253_i, i8 %tmp_252_i, i8 %tmp_251_i, i8 %trunc_ln674_9, i8 %tmp_257_i, i8 %tmp_256_i, i8 %tmp_255_i, i8 %trunc_ln674_7, i8 %tmp_249_i, i8 %tmp_248_i, i8 %tmp_247_i, i8 %tmp_246_i, i8 %tmp_245_i, i16 0"   --->   Operation 96 'bitconcatenate' 'p_Result_84' <Predicate = (ge_state_load == 2 & meta_op_code_3_load == 29) | (ge_state_load == 2 & meta_op_code_3_load == 12)> <Delay = 0.00>
ST_1 : Operation 97 [1/1] (0.00ns)   --->   "%tmp_59 = bitconcatenate i18 @_ssdm_op_BitConcatenate.i18.i16.i2, i16 %rdmaHeader_idx_1_load, i2 0" [/mnt/scratch/pyuvaraj/Vitis_RoCE_W/Vitis_RoCE/fpga-network-stack/hls/rocev2/../ib_transport_protocol/../packet.hpp:82]   --->   Operation 97 'bitconcatenate' 'tmp_59' <Predicate = (ge_state_load == 2 & meta_op_code_3_load == 29) | (ge_state_load == 2 & meta_op_code_3_load == 12)> <Delay = 0.00>
ST_1 : Operation 98 [1/1] (0.69ns)   --->   "%icmp_ln82_4 = icmp_eq  i18 %tmp_59, i18 0" [/mnt/scratch/pyuvaraj/Vitis_RoCE_W/Vitis_RoCE/fpga-network-stack/hls/rocev2/../ib_transport_protocol/../packet.hpp:82]   --->   Operation 98 'icmp' 'icmp_ln82_4' <Predicate = (ge_state_load == 2 & meta_op_code_3_load == 29) | (ge_state_load == 2 & meta_op_code_3_load == 12)> <Delay = 0.69> <CoreInst = "Cmp">   --->   Core 9 'Cmp' <Latency = 0> <II = 1> <Delay = 0.69> <FuncUnit> <Opcode : 'icmp'> <InPorts = 2> <OutPorts = 1>
ST_1 : Operation 99 [1/1] (0.00ns)   --->   "%br_ln82 = br i1 %icmp_ln82_4, void %_ZN12packetHeaderILi512ELi128EE11consumeWordER7ap_uintILi512EE.exit1024.i, void %if.then19.i1022.i" [/mnt/scratch/pyuvaraj/Vitis_RoCE_W/Vitis_RoCE/fpga-network-stack/hls/rocev2/../ib_transport_protocol/../packet.hpp:82]   --->   Operation 99 'br' 'br_ln82' <Predicate = (ge_state_load == 2 & meta_op_code_3_load == 29) | (ge_state_load == 2 & meta_op_code_3_load == 12)> <Delay = 0.00>
ST_1 : Operation 100 [1/1] (0.00ns)   --->   "%p_Result_85 = partset i512 @_ssdm_op_PartSet.i512.i512.i128.i32.i32, i512 0, i128 %p_Result_84, i32 0, i32 127"   --->   Operation 100 'partset' 'p_Result_85' <Predicate = (ge_state_load == 2 & meta_op_code_3_load == 29 & icmp_ln82_4) | (ge_state_load == 2 & meta_op_code_3_load == 12 & icmp_ln82_4)> <Delay = 0.00>
ST_1 : Operation 101 [1/1] (0.78ns)   --->   "%add_ln85_4 = add i16 %rdmaHeader_idx_1_load, i16 1" [/mnt/scratch/pyuvaraj/Vitis_RoCE_W/Vitis_RoCE/fpga-network-stack/hls/rocev2/../ib_transport_protocol/../packet.hpp:85]   --->   Operation 101 'add' 'add_ln85_4' <Predicate = (ge_state_load == 2 & meta_op_code_3_load == 29 & icmp_ln82_4) | (ge_state_load == 2 & meta_op_code_3_load == 12 & icmp_ln82_4)> <Delay = 0.78> <CoreInst = "Adder">   --->   Core 1 'Adder' <Latency = 0> <II = 1> <Delay = 0.78> <FuncUnit> <Opcode : 'add' 'sub'> <InPorts = 2> <OutPorts = 1>
ST_1 : Operation 102 [1/1] (0.41ns)   --->   "%store_ln85 = store i16 %add_ln85_4, i16 %rdmaHeader_idx_1" [/mnt/scratch/pyuvaraj/Vitis_RoCE_W/Vitis_RoCE/fpga-network-stack/hls/rocev2/../ib_transport_protocol/../packet.hpp:85]   --->   Operation 102 'store' 'store_ln85' <Predicate = (ge_state_load == 2 & meta_op_code_3_load == 29 & icmp_ln82_4) | (ge_state_load == 2 & meta_op_code_3_load == 12 & icmp_ln82_4)> <Delay = 0.41>
ST_1 : Operation 103 [1/1] (0.00ns)   --->   "%br_ln86 = br void %_ZN12packetHeaderILi512ELi128EE11consumeWordER7ap_uintILi512EE.exit1024.i" [/mnt/scratch/pyuvaraj/Vitis_RoCE_W/Vitis_RoCE/fpga-network-stack/hls/rocev2/../ib_transport_protocol/../packet.hpp:86]   --->   Operation 103 'br' 'br_ln86' <Predicate = (ge_state_load == 2 & meta_op_code_3_load == 29 & icmp_ln82_4) | (ge_state_load == 2 & meta_op_code_3_load == 12 & icmp_ln82_4)> <Delay = 0.00>
ST_1 : Operation 104 [1/1] (0.00ns)   --->   "%br_ln1176 = br i1 %metaWritten_4_load, void %if.then59.i, void %if.end67.i" [/mnt/scratch/pyuvaraj/Vitis_RoCE_W/Vitis_RoCE/fpga-network-stack/hls/rocev2/../ib_transport_protocol/ib_transport_protocol.cpp:1176]   --->   Operation 104 'br' 'br_ln1176' <Predicate = (ge_state_load == 2 & meta_op_code_3_load == 29) | (ge_state_load == 2 & meta_op_code_3_load == 12)> <Delay = 0.00>
ST_1 : Operation 105 [1/1] (0.38ns)   --->   "%store_ln1201 = store i1 1, i1 %metaWritten_4" [/mnt/scratch/pyuvaraj/Vitis_RoCE_W/Vitis_RoCE/fpga-network-stack/hls/rocev2/../ib_transport_protocol/ib_transport_protocol.cpp:1201]   --->   Operation 105 'store' 'store_ln1201' <Predicate = (ge_state_load == 2 & meta_op_code_3_load == 29 & !metaWritten_4_load) | (ge_state_load == 2 & meta_op_code_3_load == 12 & !metaWritten_4_load)> <Delay = 0.38>
ST_1 : Operation 106 [1/1] (0.00ns)   --->   "%br_ln1341 = br void %if.then131.i" [/mnt/scratch/pyuvaraj/Vitis_RoCE_W/Vitis_RoCE/fpga-network-stack/hls/rocev2/../ib_transport_protocol/ib_transport_protocol.cpp:1341]   --->   Operation 106 'br' 'br_ln1341' <Predicate = (ge_state_load == 2 & meta_op_code_3_load == 29) | (ge_state_load == 2 & meta_op_code_3_load == 12)> <Delay = 0.00>
ST_1 : Operation 107 [1/1] (0.41ns)   --->   "%store_ln1160 = store i2 0, i2 %ge_state" [/mnt/scratch/pyuvaraj/Vitis_RoCE_W/Vitis_RoCE/fpga-network-stack/hls/rocev2/../ib_transport_protocol/ib_transport_protocol.cpp:1160]   --->   Operation 107 'store' 'store_ln1160' <Predicate = (ge_state_load == 2 & meta_op_code_3_load == 27) | (ge_state_load == 2 & meta_op_code_3_load == 26) | (ge_state_load == 2 & meta_op_code_3_load == 8) | (ge_state_load == 2 & meta_op_code_3_load == 7)> <Delay = 0.41>
ST_1 : Operation 108 [1/1] (0.00ns)   --->   "%tmp_231_i = partselect i8 @_ssdm_op_PartSelect.i8.i48.i32.i32, i48 %meta_load, i32 40, i32 47"   --->   Operation 108 'partselect' 'tmp_231_i' <Predicate = (ge_state_load == 2 & meta_op_code_3_load == 25) | (ge_state_load == 2 & meta_op_code_3_load == 24) | (ge_state_load == 2 & meta_op_code_3_load == 6) | (ge_state_load == 2 & meta_op_code_3_load == 10)> <Delay = 0.00>
ST_1 : Operation 109 [1/1] (0.00ns)   --->   "%tmp_232_i = partselect i8 @_ssdm_op_PartSelect.i8.i48.i32.i32, i48 %meta_load, i32 32, i32 39"   --->   Operation 109 'partselect' 'tmp_232_i' <Predicate = (ge_state_load == 2 & meta_op_code_3_load == 25) | (ge_state_load == 2 & meta_op_code_3_load == 24) | (ge_state_load == 2 & meta_op_code_3_load == 6) | (ge_state_load == 2 & meta_op_code_3_load == 10)> <Delay = 0.00>
ST_1 : Operation 110 [1/1] (0.00ns)   --->   "%tmp_233_i = partselect i8 @_ssdm_op_PartSelect.i8.i48.i32.i32, i48 %meta_load, i32 24, i32 31"   --->   Operation 110 'partselect' 'tmp_233_i' <Predicate = (ge_state_load == 2 & meta_op_code_3_load == 25) | (ge_state_load == 2 & meta_op_code_3_load == 24) | (ge_state_load == 2 & meta_op_code_3_load == 6) | (ge_state_load == 2 & meta_op_code_3_load == 10)> <Delay = 0.00>
ST_1 : Operation 111 [1/1] (0.00ns)   --->   "%tmp_234_i = partselect i8 @_ssdm_op_PartSelect.i8.i48.i32.i32, i48 %meta_load, i32 16, i32 23"   --->   Operation 111 'partselect' 'tmp_234_i' <Predicate = (ge_state_load == 2 & meta_op_code_3_load == 25) | (ge_state_load == 2 & meta_op_code_3_load == 24) | (ge_state_load == 2 & meta_op_code_3_load == 6) | (ge_state_load == 2 & meta_op_code_3_load == 10)> <Delay = 0.00>
ST_1 : Operation 112 [1/1] (0.00ns)   --->   "%tmp_235_i = partselect i8 @_ssdm_op_PartSelect.i8.i48.i32.i32, i48 %meta_load, i32 8, i32 15"   --->   Operation 112 'partselect' 'tmp_235_i' <Predicate = (ge_state_load == 2 & meta_op_code_3_load == 25) | (ge_state_load == 2 & meta_op_code_3_load == 24) | (ge_state_load == 2 & meta_op_code_3_load == 6) | (ge_state_load == 2 & meta_op_code_3_load == 10)> <Delay = 0.00>
ST_1 : Operation 113 [1/1] (0.00ns)   --->   "%trunc_ln674 = trunc i48 %meta_load"   --->   Operation 113 'trunc' 'trunc_ln674' <Predicate = (ge_state_load == 2 & meta_op_code_3_load == 25) | (ge_state_load == 2 & meta_op_code_3_load == 24) | (ge_state_load == 2 & meta_op_code_3_load == 6) | (ge_state_load == 2 & meta_op_code_3_load == 10)> <Delay = 0.00>
ST_1 : Operation 114 [1/1] (0.00ns)   --->   "%tmp_237_i = partselect i8 @_ssdm_op_PartSelect.i8.i32.i32.i32, i32 %len_V, i32 24, i32 31"   --->   Operation 114 'partselect' 'tmp_237_i' <Predicate = (ge_state_load == 2 & meta_op_code_3_load == 25) | (ge_state_load == 2 & meta_op_code_3_load == 24) | (ge_state_load == 2 & meta_op_code_3_load == 6) | (ge_state_load == 2 & meta_op_code_3_load == 10)> <Delay = 0.00>
ST_1 : Operation 115 [1/1] (0.00ns)   --->   "%tmp_238_i = partselect i8 @_ssdm_op_PartSelect.i8.i32.i32.i32, i32 %len_V, i32 16, i32 23"   --->   Operation 115 'partselect' 'tmp_238_i' <Predicate = (ge_state_load == 2 & meta_op_code_3_load == 25) | (ge_state_load == 2 & meta_op_code_3_load == 24) | (ge_state_load == 2 & meta_op_code_3_load == 6) | (ge_state_load == 2 & meta_op_code_3_load == 10)> <Delay = 0.00>
ST_1 : Operation 116 [1/1] (0.00ns)   --->   "%tmp_239_i = partselect i8 @_ssdm_op_PartSelect.i8.i32.i32.i32, i32 %len_V, i32 8, i32 15"   --->   Operation 116 'partselect' 'tmp_239_i' <Predicate = (ge_state_load == 2 & meta_op_code_3_load == 25) | (ge_state_load == 2 & meta_op_code_3_load == 24) | (ge_state_load == 2 & meta_op_code_3_load == 6) | (ge_state_load == 2 & meta_op_code_3_load == 10)> <Delay = 0.00>
ST_1 : Operation 117 [1/1] (0.00ns)   --->   "%trunc_ln674_5 = trunc i32 %len_V"   --->   Operation 117 'trunc' 'trunc_ln674_5' <Predicate = (ge_state_load == 2 & meta_op_code_3_load == 25) | (ge_state_load == 2 & meta_op_code_3_load == 24) | (ge_state_load == 2 & meta_op_code_3_load == 6) | (ge_state_load == 2 & meta_op_code_3_load == 10)> <Delay = 0.00>
ST_1 : Operation 118 [1/1] (0.00ns)   --->   "%tmp_241_i = partselect i8 @_ssdm_op_PartSelect.i8.i32.i32.i32, i32 %key_V, i32 24, i32 31"   --->   Operation 118 'partselect' 'tmp_241_i' <Predicate = (ge_state_load == 2 & meta_op_code_3_load == 25) | (ge_state_load == 2 & meta_op_code_3_load == 24) | (ge_state_load == 2 & meta_op_code_3_load == 6) | (ge_state_load == 2 & meta_op_code_3_load == 10)> <Delay = 0.00>
ST_1 : Operation 119 [1/1] (0.00ns)   --->   "%tmp_242_i = partselect i8 @_ssdm_op_PartSelect.i8.i32.i32.i32, i32 %key_V, i32 16, i32 23"   --->   Operation 119 'partselect' 'tmp_242_i' <Predicate = (ge_state_load == 2 & meta_op_code_3_load == 25) | (ge_state_load == 2 & meta_op_code_3_load == 24) | (ge_state_load == 2 & meta_op_code_3_load == 6) | (ge_state_load == 2 & meta_op_code_3_load == 10)> <Delay = 0.00>
ST_1 : Operation 120 [1/1] (0.00ns)   --->   "%tmp_243_i = partselect i8 @_ssdm_op_PartSelect.i8.i32.i32.i32, i32 %key_V, i32 8, i32 15"   --->   Operation 120 'partselect' 'tmp_243_i' <Predicate = (ge_state_load == 2 & meta_op_code_3_load == 25) | (ge_state_load == 2 & meta_op_code_3_load == 24) | (ge_state_load == 2 & meta_op_code_3_load == 6) | (ge_state_load == 2 & meta_op_code_3_load == 10)> <Delay = 0.00>
ST_1 : Operation 121 [1/1] (0.00ns)   --->   "%trunc_ln674_6 = trunc i32 %key_V"   --->   Operation 121 'trunc' 'trunc_ln674_6' <Predicate = (ge_state_load == 2 & meta_op_code_3_load == 25) | (ge_state_load == 2 & meta_op_code_3_load == 24) | (ge_state_load == 2 & meta_op_code_3_load == 6) | (ge_state_load == 2 & meta_op_code_3_load == 10)> <Delay = 0.00>
ST_1 : Operation 122 [1/1] (0.00ns)   --->   "%p_Result_s = bitconcatenate i128 @_ssdm_op_BitConcatenate.i128.i8.i8.i8.i8.i8.i8.i8.i8.i8.i8.i8.i8.i8.i8.i16, i8 %trunc_ln674_5, i8 %tmp_239_i, i8 %tmp_238_i, i8 %tmp_237_i, i8 %trunc_ln674_6, i8 %tmp_243_i, i8 %tmp_242_i, i8 %tmp_241_i, i8 %trunc_ln674, i8 %tmp_235_i, i8 %tmp_234_i, i8 %tmp_233_i, i8 %tmp_232_i, i8 %tmp_231_i, i16 0"   --->   Operation 122 'bitconcatenate' 'p_Result_s' <Predicate = (ge_state_load == 2 & meta_op_code_3_load == 25) | (ge_state_load == 2 & meta_op_code_3_load == 24) | (ge_state_load == 2 & meta_op_code_3_load == 6) | (ge_state_load == 2 & meta_op_code_3_load == 10)> <Delay = 0.00>
ST_1 : Operation 123 [1/1] (0.00ns)   --->   "%tmp_58 = bitconcatenate i18 @_ssdm_op_BitConcatenate.i18.i16.i2, i16 %rdmaHeader_idx_1_load, i2 0" [/mnt/scratch/pyuvaraj/Vitis_RoCE_W/Vitis_RoCE/fpga-network-stack/hls/rocev2/../ib_transport_protocol/../packet.hpp:82]   --->   Operation 123 'bitconcatenate' 'tmp_58' <Predicate = (ge_state_load == 2 & meta_op_code_3_load == 25) | (ge_state_load == 2 & meta_op_code_3_load == 24) | (ge_state_load == 2 & meta_op_code_3_load == 6) | (ge_state_load == 2 & meta_op_code_3_load == 10)> <Delay = 0.00>
ST_1 : Operation 124 [1/1] (0.69ns)   --->   "%icmp_ln82 = icmp_eq  i18 %tmp_58, i18 0" [/mnt/scratch/pyuvaraj/Vitis_RoCE_W/Vitis_RoCE/fpga-network-stack/hls/rocev2/../ib_transport_protocol/../packet.hpp:82]   --->   Operation 124 'icmp' 'icmp_ln82' <Predicate = (ge_state_load == 2 & meta_op_code_3_load == 25) | (ge_state_load == 2 & meta_op_code_3_load == 24) | (ge_state_load == 2 & meta_op_code_3_load == 6) | (ge_state_load == 2 & meta_op_code_3_load == 10)> <Delay = 0.69> <CoreInst = "Cmp">   --->   Core 9 'Cmp' <Latency = 0> <II = 1> <Delay = 0.69> <FuncUnit> <Opcode : 'icmp'> <InPorts = 2> <OutPorts = 1>
ST_1 : Operation 125 [1/1] (0.00ns)   --->   "%br_ln82 = br i1 %icmp_ln82, void %_ZN12packetHeaderILi512ELi128EE11consumeWordER7ap_uintILi512EE.exit.i, void %if.then19.i.i" [/mnt/scratch/pyuvaraj/Vitis_RoCE_W/Vitis_RoCE/fpga-network-stack/hls/rocev2/../ib_transport_protocol/../packet.hpp:82]   --->   Operation 125 'br' 'br_ln82' <Predicate = (ge_state_load == 2 & meta_op_code_3_load == 25) | (ge_state_load == 2 & meta_op_code_3_load == 24) | (ge_state_load == 2 & meta_op_code_3_load == 6) | (ge_state_load == 2 & meta_op_code_3_load == 10)> <Delay = 0.00>
ST_1 : Operation 126 [1/1] (0.00ns)   --->   "%p_Result_83 = partset i512 @_ssdm_op_PartSet.i512.i512.i128.i32.i32, i512 0, i128 %p_Result_s, i32 0, i32 127"   --->   Operation 126 'partset' 'p_Result_83' <Predicate = (ge_state_load == 2 & meta_op_code_3_load == 25 & icmp_ln82) | (ge_state_load == 2 & meta_op_code_3_load == 24 & icmp_ln82) | (ge_state_load == 2 & meta_op_code_3_load == 6 & icmp_ln82) | (ge_state_load == 2 & meta_op_code_3_load == 10 & icmp_ln82)> <Delay = 0.00>
ST_1 : Operation 127 [1/1] (0.78ns)   --->   "%add_ln85 = add i16 %rdmaHeader_idx_1_load, i16 1" [/mnt/scratch/pyuvaraj/Vitis_RoCE_W/Vitis_RoCE/fpga-network-stack/hls/rocev2/../ib_transport_protocol/../packet.hpp:85]   --->   Operation 127 'add' 'add_ln85' <Predicate = (ge_state_load == 2 & meta_op_code_3_load == 25 & icmp_ln82) | (ge_state_load == 2 & meta_op_code_3_load == 24 & icmp_ln82) | (ge_state_load == 2 & meta_op_code_3_load == 6 & icmp_ln82) | (ge_state_load == 2 & meta_op_code_3_load == 10 & icmp_ln82)> <Delay = 0.78> <CoreInst = "Adder">   --->   Core 1 'Adder' <Latency = 0> <II = 1> <Delay = 0.78> <FuncUnit> <Opcode : 'add' 'sub'> <InPorts = 2> <OutPorts = 1>
ST_1 : Operation 128 [1/1] (0.41ns)   --->   "%store_ln85 = store i16 %add_ln85, i16 %rdmaHeader_idx_1" [/mnt/scratch/pyuvaraj/Vitis_RoCE_W/Vitis_RoCE/fpga-network-stack/hls/rocev2/../ib_transport_protocol/../packet.hpp:85]   --->   Operation 128 'store' 'store_ln85' <Predicate = (ge_state_load == 2 & meta_op_code_3_load == 25 & icmp_ln82) | (ge_state_load == 2 & meta_op_code_3_load == 24 & icmp_ln82) | (ge_state_load == 2 & meta_op_code_3_load == 6 & icmp_ln82) | (ge_state_load == 2 & meta_op_code_3_load == 10 & icmp_ln82)> <Delay = 0.41>
ST_1 : Operation 129 [1/1] (0.00ns)   --->   "%br_ln86 = br void %_ZN12packetHeaderILi512ELi128EE11consumeWordER7ap_uintILi512EE.exit.i" [/mnt/scratch/pyuvaraj/Vitis_RoCE_W/Vitis_RoCE/fpga-network-stack/hls/rocev2/../ib_transport_protocol/../packet.hpp:86]   --->   Operation 129 'br' 'br_ln86' <Predicate = (ge_state_load == 2 & meta_op_code_3_load == 25 & icmp_ln82) | (ge_state_load == 2 & meta_op_code_3_load == 24 & icmp_ln82) | (ge_state_load == 2 & meta_op_code_3_load == 6 & icmp_ln82) | (ge_state_load == 2 & meta_op_code_3_load == 10 & icmp_ln82)> <Delay = 0.00>
ST_1 : Operation 130 [1/1] (0.00ns)   --->   "%br_ln1109 = br i1 %metaWritten_4_load, void %if.then28.i_ifconv, void %sw.epilog.i" [/mnt/scratch/pyuvaraj/Vitis_RoCE_W/Vitis_RoCE/fpga-network-stack/hls/rocev2/../ib_transport_protocol/ib_transport_protocol.cpp:1109]   --->   Operation 130 'br' 'br_ln1109' <Predicate = (ge_state_load == 2 & meta_op_code_3_load == 25) | (ge_state_load == 2 & meta_op_code_3_load == 24) | (ge_state_load == 2 & meta_op_code_3_load == 6) | (ge_state_load == 2 & meta_op_code_3_load == 10)> <Delay = 0.00>
ST_1 : Operation 131 [1/1] (0.38ns)   --->   "%store_ln1137 = store i1 1, i1 %metaWritten_4" [/mnt/scratch/pyuvaraj/Vitis_RoCE_W/Vitis_RoCE/fpga-network-stack/hls/rocev2/../ib_transport_protocol/ib_transport_protocol.cpp:1137]   --->   Operation 131 'store' 'store_ln1137' <Predicate = (ge_state_load == 2 & meta_op_code_3_load == 25 & !metaWritten_4_load) | (ge_state_load == 2 & meta_op_code_3_load == 24 & !metaWritten_4_load) | (ge_state_load == 2 & meta_op_code_3_load == 6 & !metaWritten_4_load) | (ge_state_load == 2 & meta_op_code_3_load == 10 & !metaWritten_4_load)> <Delay = 0.38>
ST_1 : Operation 132 [1/1] (0.00ns)   --->   "%br_ln1341 = br void %if.then131.i" [/mnt/scratch/pyuvaraj/Vitis_RoCE_W/Vitis_RoCE/fpga-network-stack/hls/rocev2/../ib_transport_protocol/ib_transport_protocol.cpp:1341]   --->   Operation 132 'br' 'br_ln1341' <Predicate = (ge_state_load == 2 & meta_op_code_3_load == 25) | (ge_state_load == 2 & meta_op_code_3_load == 24) | (ge_state_load == 2 & meta_op_code_3_load == 6) | (ge_state_load == 2 & meta_op_code_3_load == 10)> <Delay = 0.00>
ST_1 : Operation 133 [1/1] (0.41ns)   --->   "%store_ln1343 = store i2 0, i2 %ge_state" [/mnt/scratch/pyuvaraj/Vitis_RoCE_W/Vitis_RoCE/fpga-network-stack/hls/rocev2/../ib_transport_protocol/ib_transport_protocol.cpp:1343]   --->   Operation 133 'store' 'store_ln1343' <Predicate = (ge_state_load == 2 & meta_op_code_3_load == 17) | (ge_state_load == 2 & meta_op_code_3_load == 15) | (ge_state_load == 2 & meta_op_code_3_load == 13) | (ge_state_load == 2 & meta_op_code_3_load == 16) | (ge_state_load == 2 & meta_op_code_3_load == 29) | (ge_state_load == 2 & meta_op_code_3_load == 12) | (ge_state_load == 2 & meta_op_code_3_load == 25) | (ge_state_load == 2 & meta_op_code_3_load == 24) | (ge_state_load == 2 & meta_op_code_3_load == 6) | (ge_state_load == 2 & meta_op_code_3_load == 10)> <Delay = 0.41>
ST_1 : Operation 134 [1/1] (0.00ns)   --->   "%br_ln1344 = br void %if.end132.i" [/mnt/scratch/pyuvaraj/Vitis_RoCE_W/Vitis_RoCE/fpga-network-stack/hls/rocev2/../ib_transport_protocol/ib_transport_protocol.cpp:1344]   --->   Operation 134 'br' 'br_ln1344' <Predicate = (ge_state_load == 2 & meta_op_code_3_load == 17) | (ge_state_load == 2 & meta_op_code_3_load == 15) | (ge_state_load == 2 & meta_op_code_3_load == 13) | (ge_state_load == 2 & meta_op_code_3_load == 16) | (ge_state_load == 2 & meta_op_code_3_load == 29) | (ge_state_load == 2 & meta_op_code_3_load == 12) | (ge_state_load == 2 & meta_op_code_3_load == 25) | (ge_state_load == 2 & meta_op_code_3_load == 24) | (ge_state_load == 2 & meta_op_code_3_load == 6) | (ge_state_load == 2 & meta_op_code_3_load == 10)> <Delay = 0.00>
ST_1 : Operation 135 [1/1] (0.00ns)   --->   "%br_ln1345 = br void %generate_exh<512>.exit" [/mnt/scratch/pyuvaraj/Vitis_RoCE_W/Vitis_RoCE/fpga-network-stack/hls/rocev2/../ib_transport_protocol/ib_transport_protocol.cpp:1345]   --->   Operation 135 'br' 'br_ln1345' <Predicate = (ge_state_load == 2)> <Delay = 0.00>
ST_1 : Operation 136 [1/1] (0.00ns)   --->   "%tmp_i = nbreadreq i1 @_ssdm_op_NbReadReq.ap_fifo.i256P0A, i256 %tx_exhMetaFifo, i32 1" [/tools/Xilinx/Vitis_HLS/2022.1/common/technology/autopilot/hls_stream_39.h:136]   --->   Operation 136 'nbreadreq' 'tmp_i' <Predicate = (ge_state_load != 2 & ge_state_load != 1)> <Delay = 0.00> <CoreInst = "FIFO_SRL">   --->   Core 81 'FIFO_SRL' <Latency = 0> <II = 1> <Delay = 0.98> <Storage> <Opcode : 'read' 'write' 'nbread' 'nbwrite'> <Ports = 0> <Width = 256> <Depth = 4> <FIFO>
ST_1 : Operation 137 [1/1] (0.00ns)   --->   "%br_ln1037 = br i1 %tmp_i, void %if.end.i, void %if.then.i" [/mnt/scratch/pyuvaraj/Vitis_RoCE_W/Vitis_RoCE/fpga-network-stack/hls/rocev2/../ib_transport_protocol/ib_transport_protocol.cpp:1037]   --->   Operation 137 'br' 'br_ln1037' <Predicate = (ge_state_load != 2 & ge_state_load != 1)> <Delay = 0.00>
ST_1 : Operation 138 [1/1] (0.41ns)   --->   "%store_ln1039 = store i16 0, i16 %rdmaHeader_idx_1" [/mnt/scratch/pyuvaraj/Vitis_RoCE_W/Vitis_RoCE/fpga-network-stack/hls/rocev2/../ib_transport_protocol/ib_transport_protocol.cpp:1039]   --->   Operation 138 'store' 'store_ln1039' <Predicate = (ge_state_load != 2 & ge_state_load != 1 & tmp_i)> <Delay = 0.41>
ST_1 : Operation 139 [1/1] (0.41ns)   --->   "%store_ln1040 = store i16 0, i16 %ackHeader_idx_1" [/mnt/scratch/pyuvaraj/Vitis_RoCE_W/Vitis_RoCE/fpga-network-stack/hls/rocev2/../ib_transport_protocol/ib_transport_protocol.cpp:1040]   --->   Operation 139 'store' 'store_ln1040' <Predicate = (ge_state_load != 2 & ge_state_load != 1 & tmp_i)> <Delay = 0.41>
ST_1 : Operation 140 [1/1] (0.98ns)   --->   "%tx_exhMetaFifo_read = read i256 @_ssdm_op_Read.ap_fifo.volatile.i256P0A, i256 %tx_exhMetaFifo" [/tools/Xilinx/Vitis_HLS/2022.1/common/technology/autopilot/hls_stream_39.h:145]   --->   Operation 140 'read' 'tx_exhMetaFifo_read' <Predicate = (ge_state_load != 2 & ge_state_load != 1 & tmp_i)> <Delay = 0.98> <CoreInst = "FIFO_SRL">   --->   Core 81 'FIFO_SRL' <Latency = 0> <II = 1> <Delay = 0.98> <Storage> <Opcode : 'read' 'write' 'nbread' 'nbwrite'> <Ports = 0> <Width = 256> <Depth = 4> <FIFO>
ST_1 : Operation 141 [1/1] (0.00ns)   --->   "%trunc_ln145 = trunc i256 %tx_exhMetaFifo_read" [/tools/Xilinx/Vitis_HLS/2022.1/common/technology/autopilot/hls_stream_39.h:145]   --->   Operation 141 'trunc' 'trunc_ln145' <Predicate = (ge_state_load != 2 & ge_state_load != 1 & tmp_i)> <Delay = 0.00>
ST_1 : Operation 142 [1/1] (0.00ns)   --->   "%store_ln145 = store i32 %trunc_ln145, i32 %meta_op_code_3" [/tools/Xilinx/Vitis_HLS/2022.1/common/technology/autopilot/hls_stream_39.h:145]   --->   Operation 142 'store' 'store_ln145' <Predicate = (ge_state_load != 2 & ge_state_load != 1 & tmp_i)> <Delay = 0.00>
ST_1 : Operation 143 [1/1] (0.00ns)   --->   "%p_s = partselect i16 @_ssdm_op_PartSelect.i16.i256.i32.i32, i256 %tx_exhMetaFifo_read, i32 32, i32 47" [/tools/Xilinx/Vitis_HLS/2022.1/common/technology/autopilot/hls_stream_39.h:145]   --->   Operation 143 'partselect' 'p_s' <Predicate = (ge_state_load != 2 & ge_state_load != 1 & tmp_i)> <Delay = 0.00>
ST_1 : Operation 144 [1/1] (0.00ns)   --->   "%store_ln145 = store i16 %p_s, i16 %meta_qpn_V" [/tools/Xilinx/Vitis_HLS/2022.1/common/technology/autopilot/hls_stream_39.h:145]   --->   Operation 144 'store' 'store_ln145' <Predicate = (ge_state_load != 2 & ge_state_load != 1 & tmp_i)> <Delay = 0.00>
ST_1 : Operation 145 [1/1] (0.00ns)   --->   "%tmp_226_i = partselect i48 @_ssdm_op_PartSelect.i48.i256.i32.i32, i256 %tx_exhMetaFifo_read, i32 64, i32 111" [/tools/Xilinx/Vitis_HLS/2022.1/common/technology/autopilot/hls_stream_39.h:145]   --->   Operation 145 'partselect' 'tmp_226_i' <Predicate = (ge_state_load != 2 & ge_state_load != 1 & tmp_i)> <Delay = 0.00>
ST_1 : Operation 146 [1/1] (0.00ns)   --->   "%store_ln145 = store i48 %tmp_226_i, i48 %meta_addr_V" [/tools/Xilinx/Vitis_HLS/2022.1/common/technology/autopilot/hls_stream_39.h:145]   --->   Operation 146 'store' 'store_ln145' <Predicate = (ge_state_load != 2 & ge_state_load != 1 & tmp_i)> <Delay = 0.00>
ST_1 : Operation 147 [1/1] (0.00ns)   --->   "%tmp_227_i = partselect i32 @_ssdm_op_PartSelect.i32.i256.i32.i32, i256 %tx_exhMetaFifo_read, i32 128, i32 159" [/tools/Xilinx/Vitis_HLS/2022.1/common/technology/autopilot/hls_stream_39.h:145]   --->   Operation 147 'partselect' 'tmp_227_i' <Predicate = (ge_state_load != 2 & ge_state_load != 1 & tmp_i)> <Delay = 0.00>
ST_1 : Operation 148 [1/1] (0.00ns)   --->   "%store_ln145 = store i32 %tmp_227_i, i32 %meta_length_V" [/tools/Xilinx/Vitis_HLS/2022.1/common/technology/autopilot/hls_stream_39.h:145]   --->   Operation 148 'store' 'store_ln145' <Predicate = (ge_state_load != 2 & ge_state_load != 1 & tmp_i)> <Delay = 0.00>
ST_1 : Operation 149 [1/1] (0.00ns)   --->   "%tmp_228_i = partselect i24 @_ssdm_op_PartSelect.i24.i256.i32.i32, i256 %tx_exhMetaFifo_read, i32 160, i32 183" [/tools/Xilinx/Vitis_HLS/2022.1/common/technology/autopilot/hls_stream_39.h:145]   --->   Operation 149 'partselect' 'tmp_228_i' <Predicate = (ge_state_load != 2 & ge_state_load != 1 & tmp_i)> <Delay = 0.00>
ST_1 : Operation 150 [1/1] (0.00ns)   --->   "%store_ln145 = store i24 %tmp_228_i, i24 %meta_psn_V_1" [/tools/Xilinx/Vitis_HLS/2022.1/common/technology/autopilot/hls_stream_39.h:145]   --->   Operation 150 'store' 'store_ln145' <Predicate = (ge_state_load != 2 & ge_state_load != 1 & tmp_i)> <Delay = 0.00>
ST_1 : Operation 151 [1/1] (0.00ns)   --->   "%tmp = bitselect i1 @_ssdm_op_BitSelect.i1.i256.i256, i256 %tx_exhMetaFifo_read, i256 200" [/tools/Xilinx/Vitis_HLS/2022.1/common/technology/autopilot/hls_stream_39.h:145]   --->   Operation 151 'bitselect' 'tmp' <Predicate = (ge_state_load != 2 & ge_state_load != 1 & tmp_i)> <Delay = 0.00>
ST_1 : Operation 152 [1/1] (0.00ns)   --->   "%store_ln145 = store i1 %tmp, i1 %meta_isNak" [/tools/Xilinx/Vitis_HLS/2022.1/common/technology/autopilot/hls_stream_39.h:145]   --->   Operation 152 'store' 'store_ln145' <Predicate = (ge_state_load != 2 & ge_state_load != 1 & tmp_i)> <Delay = 0.00>
ST_1 : Operation 153 [1/1] (0.38ns)   --->   "%store_ln1045 = store i1 0, i1 %metaWritten_4" [/mnt/scratch/pyuvaraj/Vitis_RoCE_W/Vitis_RoCE/fpga-network-stack/hls/rocev2/../ib_transport_protocol/ib_transport_protocol.cpp:1045]   --->   Operation 153 'store' 'store_ln1045' <Predicate = (ge_state_load != 2 & ge_state_load != 1 & tmp_i)> <Delay = 0.38>
ST_1 : Operation 154 [1/1] (0.41ns)   --->   "%store_ln1049 = store i2 1, i2 %ge_state" [/mnt/scratch/pyuvaraj/Vitis_RoCE_W/Vitis_RoCE/fpga-network-stack/hls/rocev2/../ib_transport_protocol/ib_transport_protocol.cpp:1049]   --->   Operation 154 'store' 'store_ln1049' <Predicate = (ge_state_load != 2 & ge_state_load != 1 & tmp_i)> <Delay = 0.41>
ST_1 : Operation 155 [1/1] (0.00ns)   --->   "%br_ln1066 = br void %generate_exh<512>.exit" [/mnt/scratch/pyuvaraj/Vitis_RoCE_W/Vitis_RoCE/fpga-network-stack/hls/rocev2/../ib_transport_protocol/ib_transport_protocol.cpp:1066]   --->   Operation 155 'br' 'br_ln1066' <Predicate = (ge_state_load != 2 & ge_state_load != 1)> <Delay = 0.00>

State 2 <SV = 1> <Delay = 2.27>
ST_2 : Operation 156 [1/1] (0.00ns)   --->   "%sendWord_data_V_17 = phi i512 %p_Result_89, void %if.then19.i1110.i, i512 0, void %sw.bb102.i_ifconv"   --->   Operation 156 'phi' 'sendWord_data_V_17' <Predicate = (ge_state_load == 2 & meta_op_code_3_load == 17)> <Delay = 0.00>
ST_2 : Operation 157 [1/1] (1.16ns)   --->   "%write_ln174 = write void @_ssdm_op_Write.ap_fifo.volatile.i24P0A, i24 %tx_packetInfoFifo, i24 257" [/tools/Xilinx/Vitis_HLS/2022.1/common/technology/autopilot/hls_stream_39.h:174]   --->   Operation 157 'write' 'write_ln174' <Predicate = (ge_state_load == 2 & meta_op_code_3_load == 17)> <Delay = 1.16> <CoreInst = "FIFO_SRL">   --->   Core 81 'FIFO_SRL' <Latency = 0> <II = 1> <Delay = 1.39> <Storage> <Opcode : 'read' 'write' 'nbread' 'nbwrite'> <Ports = 0> <Width = 24> <Depth = 2> <FIFO>
ST_2 : Operation 158 [1/1] (0.00ns)   --->   "%zext_ln174_87_cast = bitconcatenate i577 @_ssdm_op_BitConcatenate.i577.i65.i512, i65 18446744073709551631, i512 %sendWord_data_V_17" [/tools/Xilinx/Vitis_HLS/2022.1/common/technology/autopilot/hls_stream_39.h:174]   --->   Operation 158 'bitconcatenate' 'zext_ln174_87_cast' <Predicate = (ge_state_load == 2 & meta_op_code_3_load == 17)> <Delay = 0.00>
ST_2 : Operation 159 [1/1] (0.00ns)   --->   "%zext_ln174_87 = zext i577 %zext_ln174_87_cast" [/tools/Xilinx/Vitis_HLS/2022.1/common/technology/autopilot/hls_stream_39.h:174]   --->   Operation 159 'zext' 'zext_ln174_87' <Predicate = (ge_state_load == 2 & meta_op_code_3_load == 17)> <Delay = 0.00>
ST_2 : Operation 160 [1/1] (1.16ns)   --->   "%write_ln174 = write void @_ssdm_op_Write.ap_fifo.volatile.i1024P0A, i1024 %tx_exh2payFifo, i1024 %zext_ln174_87" [/tools/Xilinx/Vitis_HLS/2022.1/common/technology/autopilot/hls_stream_39.h:174]   --->   Operation 160 'write' 'write_ln174' <Predicate = (ge_state_load == 2 & meta_op_code_3_load == 17)> <Delay = 1.16> <CoreInst = "FIFO">   --->   Core 78 'FIFO' <Latency = 0> <II = 1> <Delay = 1.28> <Storage> <Opcode : 'read' 'write' 'nbread' 'nbwrite'> <Ports = 0> <Width = 1024> <Depth = 4> <FIFO>
ST_2 : Operation 161 [1/1] (1.16ns)   --->   "%write_ln174 = write void @_ssdm_op_Write.ap_fifo.volatile.i16P0A, i16 %tx_lengthFifo, i16 20" [/tools/Xilinx/Vitis_HLS/2022.1/common/technology/autopilot/hls_stream_39.h:174]   --->   Operation 161 'write' 'write_ln174' <Predicate = (ge_state_load == 2 & meta_op_code_3_load == 17)> <Delay = 1.16> <CoreInst = "FIFO_SRL">   --->   Core 81 'FIFO_SRL' <Latency = 0> <II = 1> <Delay = 1.33> <Storage> <Opcode : 'read' 'write' 'nbread' 'nbwrite'> <Ports = 0> <Width = 16> <Depth = 4> <FIFO>
ST_2 : Operation 162 [1/1] (0.00ns)   --->   "%br_ln0 = br void %if.then131.i"   --->   Operation 162 'br' 'br_ln0' <Predicate = (ge_state_load == 2 & meta_op_code_3_load == 17)> <Delay = 0.00>
ST_2 : Operation 163 [1/1] (0.00ns)   --->   "%shl_ln174_s = bitconcatenate i17 @_ssdm_op_BitConcatenate.i17.i1.i16, i1 %info_hasPayload_1, i16 0" [/tools/Xilinx/Vitis_HLS/2022.1/common/technology/autopilot/hls_stream_39.h:174]   --->   Operation 163 'bitconcatenate' 'shl_ln174_s' <Predicate = (ge_state_load == 2 & meta_op_code_3_load == 14)> <Delay = 0.00>
ST_2 : Operation 164 [1/1] (0.00ns)   --->   "%or_ln174 = or i17 %shl_ln174_s, i17 1" [/tools/Xilinx/Vitis_HLS/2022.1/common/technology/autopilot/hls_stream_39.h:174]   --->   Operation 164 'or' 'or_ln174' <Predicate = (ge_state_load == 2 & meta_op_code_3_load == 14)> <Delay = 0.00>
ST_2 : Operation 165 [1/1] (0.00ns)   --->   "%zext_ln174_82 = zext i17 %or_ln174" [/tools/Xilinx/Vitis_HLS/2022.1/common/technology/autopilot/hls_stream_39.h:174]   --->   Operation 165 'zext' 'zext_ln174_82' <Predicate = (ge_state_load == 2 & meta_op_code_3_load == 14)> <Delay = 0.00>
ST_2 : Operation 166 [1/1] (1.16ns)   --->   "%write_ln174 = write void @_ssdm_op_Write.ap_fifo.volatile.i24P0A, i24 %tx_packetInfoFifo, i24 %zext_ln174_82" [/tools/Xilinx/Vitis_HLS/2022.1/common/technology/autopilot/hls_stream_39.h:174]   --->   Operation 166 'write' 'write_ln174' <Predicate = (ge_state_load == 2 & meta_op_code_3_load == 14)> <Delay = 1.16> <CoreInst = "FIFO_SRL">   --->   Core 81 'FIFO_SRL' <Latency = 0> <II = 1> <Delay = 1.39> <Storage> <Opcode : 'read' 'write' 'nbread' 'nbwrite'> <Ports = 0> <Width = 24> <Depth = 2> <FIFO>
ST_2 : Operation 167 [1/1] (0.78ns)   --->   "%add_ln232_13 = add i16 %trunc_ln1305, i16 16"   --->   Operation 167 'add' 'add_ln232_13' <Predicate = (ge_state_load == 2 & meta_op_code_3_load == 14)> <Delay = 0.78> <CoreInst = "Adder">   --->   Core 1 'Adder' <Latency = 0> <II = 1> <Delay = 0.78> <FuncUnit> <Opcode : 'add' 'sub'> <InPorts = 2> <OutPorts = 1>
ST_2 : Operation 168 [1/1] (1.16ns)   --->   "%write_ln174 = write void @_ssdm_op_Write.ap_fifo.volatile.i16P0A, i16 %tx_lengthFifo, i16 %add_ln232_13" [/tools/Xilinx/Vitis_HLS/2022.1/common/technology/autopilot/hls_stream_39.h:174]   --->   Operation 168 'write' 'write_ln174' <Predicate = (ge_state_load == 2 & meta_op_code_3_load == 14)> <Delay = 1.16> <CoreInst = "FIFO_SRL">   --->   Core 81 'FIFO_SRL' <Latency = 0> <II = 1> <Delay = 1.33> <Storage> <Opcode : 'read' 'write' 'nbread' 'nbwrite'> <Ports = 0> <Width = 16> <Depth = 4> <FIFO>
ST_2 : Operation 169 [1/1] (0.00ns)   --->   "%br_ln0 = br void %if.end132.i"   --->   Operation 169 'br' 'br_ln0' <Predicate = (ge_state_load == 2 & meta_op_code_3_load == 14)> <Delay = 0.00>
ST_2 : Operation 170 [1/1] (0.00ns)   --->   "%sendWord_data_V_15 = phi i512 %p_Result_87, void %if.then19.i1066.i, i512 0, void %sw.bb68.i"   --->   Operation 170 'phi' 'sendWord_data_V_15' <Predicate = (ge_state_load == 2 & meta_op_code_3_load == 15) | (ge_state_load == 2 & meta_op_code_3_load == 13) | (ge_state_load == 2 & meta_op_code_3_load == 16)> <Delay = 0.00>
ST_2 : Operation 171 [1/1] (0.00ns)   --->   "%shl_ln174_2 = bitconcatenate i17 @_ssdm_op_BitConcatenate.i17.i1.i16, i1 %info_hasPayload_1, i16 0" [/tools/Xilinx/Vitis_HLS/2022.1/common/technology/autopilot/hls_stream_39.h:174]   --->   Operation 171 'bitconcatenate' 'shl_ln174_2' <Predicate = (ge_state_load == 2 & meta_op_code_3_load == 15) | (ge_state_load == 2 & meta_op_code_3_load == 13) | (ge_state_load == 2 & meta_op_code_3_load == 16)> <Delay = 0.00>
ST_2 : Operation 172 [1/1] (0.00ns)   --->   "%or_ln174_7 = or i17 %shl_ln174_2, i17 257" [/tools/Xilinx/Vitis_HLS/2022.1/common/technology/autopilot/hls_stream_39.h:174]   --->   Operation 172 'or' 'or_ln174_7' <Predicate = (ge_state_load == 2 & meta_op_code_3_load == 15) | (ge_state_load == 2 & meta_op_code_3_load == 13) | (ge_state_load == 2 & meta_op_code_3_load == 16)> <Delay = 0.00>
ST_2 : Operation 173 [1/1] (0.00ns)   --->   "%zext_ln174_85 = zext i17 %or_ln174_7" [/tools/Xilinx/Vitis_HLS/2022.1/common/technology/autopilot/hls_stream_39.h:174]   --->   Operation 173 'zext' 'zext_ln174_85' <Predicate = (ge_state_load == 2 & meta_op_code_3_load == 15) | (ge_state_load == 2 & meta_op_code_3_load == 13) | (ge_state_load == 2 & meta_op_code_3_load == 16)> <Delay = 0.00>
ST_2 : Operation 174 [1/1] (1.16ns)   --->   "%write_ln174 = write void @_ssdm_op_Write.ap_fifo.volatile.i24P0A, i24 %tx_packetInfoFifo, i24 %zext_ln174_85" [/tools/Xilinx/Vitis_HLS/2022.1/common/technology/autopilot/hls_stream_39.h:174]   --->   Operation 174 'write' 'write_ln174' <Predicate = (ge_state_load == 2 & meta_op_code_3_load == 15) | (ge_state_load == 2 & meta_op_code_3_load == 13) | (ge_state_load == 2 & meta_op_code_3_load == 16)> <Delay = 1.16> <CoreInst = "FIFO_SRL">   --->   Core 81 'FIFO_SRL' <Latency = 0> <II = 1> <Delay = 1.39> <Storage> <Opcode : 'read' 'write' 'nbread' 'nbwrite'> <Ports = 0> <Width = 24> <Depth = 2> <FIFO>
ST_2 : Operation 175 [1/1] (0.00ns)   --->   "%zext_ln174_86_cast = bitconcatenate i577 @_ssdm_op_BitConcatenate.i577.i65.i512, i65 18446744073709551631, i512 %sendWord_data_V_15" [/tools/Xilinx/Vitis_HLS/2022.1/common/technology/autopilot/hls_stream_39.h:174]   --->   Operation 175 'bitconcatenate' 'zext_ln174_86_cast' <Predicate = (ge_state_load == 2 & meta_op_code_3_load == 15) | (ge_state_load == 2 & meta_op_code_3_load == 13) | (ge_state_load == 2 & meta_op_code_3_load == 16)> <Delay = 0.00>
ST_2 : Operation 176 [1/1] (0.00ns)   --->   "%zext_ln174_86 = zext i577 %zext_ln174_86_cast" [/tools/Xilinx/Vitis_HLS/2022.1/common/technology/autopilot/hls_stream_39.h:174]   --->   Operation 176 'zext' 'zext_ln174_86' <Predicate = (ge_state_load == 2 & meta_op_code_3_load == 15) | (ge_state_load == 2 & meta_op_code_3_load == 13) | (ge_state_load == 2 & meta_op_code_3_load == 16)> <Delay = 0.00>
ST_2 : Operation 177 [1/1] (1.16ns)   --->   "%write_ln174 = write void @_ssdm_op_Write.ap_fifo.volatile.i1024P0A, i1024 %tx_exh2payFifo, i1024 %zext_ln174_86" [/tools/Xilinx/Vitis_HLS/2022.1/common/technology/autopilot/hls_stream_39.h:174]   --->   Operation 177 'write' 'write_ln174' <Predicate = (ge_state_load == 2 & meta_op_code_3_load == 15) | (ge_state_load == 2 & meta_op_code_3_load == 13) | (ge_state_load == 2 & meta_op_code_3_load == 16)> <Delay = 1.16> <CoreInst = "FIFO">   --->   Core 78 'FIFO' <Latency = 0> <II = 1> <Delay = 1.28> <Storage> <Opcode : 'read' 'write' 'nbread' 'nbwrite'> <Ports = 0> <Width = 1024> <Depth = 4> <FIFO>
ST_2 : Operation 178 [1/1] (0.78ns)   --->   "%add_ln232_14 = add i16 %trunc_ln1305, i16 20"   --->   Operation 178 'add' 'add_ln232_14' <Predicate = (ge_state_load == 2 & meta_op_code_3_load == 15) | (ge_state_load == 2 & meta_op_code_3_load == 13) | (ge_state_load == 2 & meta_op_code_3_load == 16)> <Delay = 0.78> <CoreInst = "Adder">   --->   Core 1 'Adder' <Latency = 0> <II = 1> <Delay = 0.78> <FuncUnit> <Opcode : 'add' 'sub'> <InPorts = 2> <OutPorts = 1>
ST_2 : Operation 179 [1/1] (1.16ns)   --->   "%write_ln174 = write void @_ssdm_op_Write.ap_fifo.volatile.i16P0A, i16 %tx_lengthFifo, i16 %add_ln232_14" [/tools/Xilinx/Vitis_HLS/2022.1/common/technology/autopilot/hls_stream_39.h:174]   --->   Operation 179 'write' 'write_ln174' <Predicate = (ge_state_load == 2 & meta_op_code_3_load == 15) | (ge_state_load == 2 & meta_op_code_3_load == 13) | (ge_state_load == 2 & meta_op_code_3_load == 16)> <Delay = 1.16> <CoreInst = "FIFO_SRL">   --->   Core 81 'FIFO_SRL' <Latency = 0> <II = 1> <Delay = 1.33> <Storage> <Opcode : 'read' 'write' 'nbread' 'nbwrite'> <Ports = 0> <Width = 16> <Depth = 4> <FIFO>
ST_2 : Operation 180 [1/1] (0.00ns)   --->   "%br_ln0 = br void %if.then131.i"   --->   Operation 180 'br' 'br_ln0' <Predicate = (ge_state_load == 2 & meta_op_code_3_load == 15) | (ge_state_load == 2 & meta_op_code_3_load == 13) | (ge_state_load == 2 & meta_op_code_3_load == 16)> <Delay = 0.00>
ST_2 : Operation 181 [1/1] (0.00ns)   --->   "%sendWord_data_V_13 = phi i512 %p_Result_85, void %if.then19.i1022.i, i512 0, void %sw.bb46.i"   --->   Operation 181 'phi' 'sendWord_data_V_13' <Predicate = (ge_state_load == 2 & meta_op_code_3_load == 29) | (ge_state_load == 2 & meta_op_code_3_load == 12)> <Delay = 0.00>
ST_2 : Operation 182 [1/1] (0.00ns)   --->   "%zext_ln174_114_i = bitconcatenate i577 @_ssdm_op_BitConcatenate.i577.i65.i512, i65 18446744073709551616, i512 %sendWord_data_V_13" [/tools/Xilinx/Vitis_HLS/2022.1/common/technology/autopilot/hls_stream_39.h:174]   --->   Operation 182 'bitconcatenate' 'zext_ln174_114_i' <Predicate = (ge_state_load == 2 & meta_op_code_3_load == 29) | (ge_state_load == 2 & meta_op_code_3_load == 12)> <Delay = 0.00>
ST_2 : Operation 183 [1/1] (0.00ns)   --->   "%or_ln174_6 = or i577 %zext_ln174_114_i, i577 247330401473104534047094713089704592935557324103005993786583690272304831728808305726594637031169498012795797127849235911661333176120265159113792272289946597970173123142615040" [/tools/Xilinx/Vitis_HLS/2022.1/common/technology/autopilot/hls_stream_39.h:174]   --->   Operation 183 'or' 'or_ln174_6' <Predicate = (ge_state_load == 2 & meta_op_code_3_load == 29) | (ge_state_load == 2 & meta_op_code_3_load == 12)> <Delay = 0.00>
ST_2 : Operation 184 [1/1] (0.00ns)   --->   "%zext_ln174_84 = zext i577 %or_ln174_6" [/tools/Xilinx/Vitis_HLS/2022.1/common/technology/autopilot/hls_stream_39.h:174]   --->   Operation 184 'zext' 'zext_ln174_84' <Predicate = (ge_state_load == 2 & meta_op_code_3_load == 29) | (ge_state_load == 2 & meta_op_code_3_load == 12)> <Delay = 0.00>
ST_2 : Operation 185 [1/1] (1.16ns)   --->   "%write_ln174 = write void @_ssdm_op_Write.ap_fifo.volatile.i1024P0A, i1024 %tx_exh2payFifo, i1024 %zext_ln174_84" [/tools/Xilinx/Vitis_HLS/2022.1/common/technology/autopilot/hls_stream_39.h:174]   --->   Operation 185 'write' 'write_ln174' <Predicate = (ge_state_load == 2 & meta_op_code_3_load == 29) | (ge_state_load == 2 & meta_op_code_3_load == 12)> <Delay = 1.16> <CoreInst = "FIFO">   --->   Core 78 'FIFO' <Latency = 0> <II = 1> <Delay = 1.28> <Storage> <Opcode : 'read' 'write' 'nbread' 'nbwrite'> <Ports = 0> <Width = 1024> <Depth = 4> <FIFO>
ST_2 : Operation 186 [1/1] (1.16ns)   --->   "%write_ln174 = write void @_ssdm_op_Write.ap_fifo.volatile.i24P0A, i24 %tx_packetInfoFifo, i24 256" [/tools/Xilinx/Vitis_HLS/2022.1/common/technology/autopilot/hls_stream_39.h:174]   --->   Operation 186 'write' 'write_ln174' <Predicate = (ge_state_load == 2 & meta_op_code_3_load == 29 & !metaWritten_4_load) | (ge_state_load == 2 & meta_op_code_3_load == 12 & !metaWritten_4_load)> <Delay = 1.16> <CoreInst = "FIFO_SRL">   --->   Core 81 'FIFO_SRL' <Latency = 0> <II = 1> <Delay = 1.39> <Storage> <Opcode : 'read' 'write' 'nbread' 'nbwrite'> <Ports = 0> <Width = 24> <Depth = 2> <FIFO>
ST_2 : Operation 187 [1/1] (1.16ns)   --->   "%write_ln174 = write void @_ssdm_op_Write.ap_fifo.volatile.i16P0A, i16 %tx_lengthFifo, i16 32" [/tools/Xilinx/Vitis_HLS/2022.1/common/technology/autopilot/hls_stream_39.h:174]   --->   Operation 187 'write' 'write_ln174' <Predicate = (ge_state_load == 2 & meta_op_code_3_load == 29 & !metaWritten_4_load) | (ge_state_load == 2 & meta_op_code_3_load == 12 & !metaWritten_4_load)> <Delay = 1.16> <CoreInst = "FIFO_SRL">   --->   Core 81 'FIFO_SRL' <Latency = 0> <II = 1> <Delay = 1.33> <Storage> <Opcode : 'read' 'write' 'nbread' 'nbwrite'> <Ports = 0> <Width = 16> <Depth = 4> <FIFO>
ST_2 : Operation 188 [1/1] (0.00ns)   --->   "%meta_qpn_V_load = load i16 %meta_qpn_V"   --->   Operation 188 'load' 'meta_qpn_V_load' <Predicate = (ge_state_load == 2 & meta_op_code_3_load == 29 & !metaWritten_4_load) | (ge_state_load == 2 & meta_op_code_3_load == 12 & !metaWritten_4_load)> <Delay = 0.00>
ST_2 : Operation 189 [1/1] (0.00ns)   --->   "%meta_psn_V_1_load = load i24 %meta_psn_V_1" [/mnt/scratch/pyuvaraj/Vitis_RoCE_W/Vitis_RoCE/fpga-network-stack/hls/rocev2/../ib_transport_protocol/ib_transport_protocol.cpp:1193]   --->   Operation 189 'load' 'meta_psn_V_1_load' <Predicate = (ge_state_load == 2 & meta_op_code_3_load == 29 & !metaWritten_4_load) | (ge_state_load == 2 & meta_op_code_3_load == 12 & !metaWritten_4_load)> <Delay = 0.00>
ST_2 : Operation 190 [1/1] (0.00ns)   --->   "%tmp_264_i = bitconcatenate i56 @_ssdm_op_BitConcatenate.i56.i24.i16.i16, i24 %meta_psn_V_1_load, i16 0, i16 %meta_qpn_V_load" [/tools/Xilinx/Vitis_HLS/2022.1/common/technology/autopilot/hls_stream_39.h:174]   --->   Operation 190 'bitconcatenate' 'tmp_264_i' <Predicate = (ge_state_load == 2 & meta_op_code_3_load == 29 & !metaWritten_4_load) | (ge_state_load == 2 & meta_op_code_3_load == 12 & !metaWritten_4_load)> <Delay = 0.00>
ST_2 : Operation 191 [1/1] (0.00ns)   --->   "%zext_ln174_89 = zext i56 %tmp_264_i" [/tools/Xilinx/Vitis_HLS/2022.1/common/technology/autopilot/hls_stream_39.h:174]   --->   Operation 191 'zext' 'zext_ln174_89' <Predicate = (ge_state_load == 2 & meta_op_code_3_load == 29 & !metaWritten_4_load) | (ge_state_load == 2 & meta_op_code_3_load == 12 & !metaWritten_4_load)> <Delay = 0.00>
ST_2 : Operation 192 [1/1] (1.16ns)   --->   "%write_ln174 = write void @_ssdm_op_Write.ap_fifo.volatile.i64P0A, i64 %tx_readReqTable_upd, i64 %zext_ln174_89" [/tools/Xilinx/Vitis_HLS/2022.1/common/technology/autopilot/hls_stream_39.h:174]   --->   Operation 192 'write' 'write_ln174' <Predicate = (ge_state_load == 2 & meta_op_code_3_load == 29 & !metaWritten_4_load) | (ge_state_load == 2 & meta_op_code_3_load == 12 & !metaWritten_4_load)> <Delay = 1.16> <CoreInst = "FIFO_SRL">   --->   Core 81 'FIFO_SRL' <Latency = 0> <II = 1> <Delay = 1.40> <Storage> <Opcode : 'read' 'write' 'nbread' 'nbwrite'> <Ports = 0> <Width = 64> <Depth = 2> <FIFO>
ST_2 : Operation 193 [1/1] (0.00ns)   --->   "%br_ln1202 = br void %if.end67.i" [/mnt/scratch/pyuvaraj/Vitis_RoCE_W/Vitis_RoCE/fpga-network-stack/hls/rocev2/../ib_transport_protocol/ib_transport_protocol.cpp:1202]   --->   Operation 193 'br' 'br_ln1202' <Predicate = (ge_state_load == 2 & meta_op_code_3_load == 29 & !metaWritten_4_load) | (ge_state_load == 2 & meta_op_code_3_load == 12 & !metaWritten_4_load)> <Delay = 0.00>
ST_2 : Operation 194 [1/1] (0.00ns)   --->   "%shl_ln2 = bitconcatenate i17 @_ssdm_op_BitConcatenate.i17.i1.i16, i1 %info_hasPayload_1, i16 0" [/tools/Xilinx/Vitis_HLS/2022.1/common/technology/autopilot/hls_stream_39.h:174]   --->   Operation 194 'bitconcatenate' 'shl_ln2' <Predicate = (ge_state_load == 2 & meta_op_code_3_load == 27) | (ge_state_load == 2 & meta_op_code_3_load == 26) | (ge_state_load == 2 & meta_op_code_3_load == 8) | (ge_state_load == 2 & meta_op_code_3_load == 7)> <Delay = 0.00>
ST_2 : Operation 195 [1/1] (0.00ns)   --->   "%zext_ln174 = zext i17 %shl_ln2" [/tools/Xilinx/Vitis_HLS/2022.1/common/technology/autopilot/hls_stream_39.h:174]   --->   Operation 195 'zext' 'zext_ln174' <Predicate = (ge_state_load == 2 & meta_op_code_3_load == 27) | (ge_state_load == 2 & meta_op_code_3_load == 26) | (ge_state_load == 2 & meta_op_code_3_load == 8) | (ge_state_load == 2 & meta_op_code_3_load == 7)> <Delay = 0.00>
ST_2 : Operation 196 [1/1] (1.16ns)   --->   "%write_ln174 = write void @_ssdm_op_Write.ap_fifo.volatile.i24P0A, i24 %tx_packetInfoFifo, i24 %zext_ln174" [/tools/Xilinx/Vitis_HLS/2022.1/common/technology/autopilot/hls_stream_39.h:174]   --->   Operation 196 'write' 'write_ln174' <Predicate = (ge_state_load == 2 & meta_op_code_3_load == 27) | (ge_state_load == 2 & meta_op_code_3_load == 26) | (ge_state_load == 2 & meta_op_code_3_load == 8) | (ge_state_load == 2 & meta_op_code_3_load == 7)> <Delay = 1.16> <CoreInst = "FIFO_SRL">   --->   Core 81 'FIFO_SRL' <Latency = 0> <II = 1> <Delay = 1.39> <Storage> <Opcode : 'read' 'write' 'nbread' 'nbwrite'> <Ports = 0> <Width = 24> <Depth = 2> <FIFO>
ST_2 : Operation 197 [1/1] (0.78ns)   --->   "%add_ln232 = add i16 %trunc_ln1305, i16 16"   --->   Operation 197 'add' 'add_ln232' <Predicate = (ge_state_load == 2 & meta_op_code_3_load == 27) | (ge_state_load == 2 & meta_op_code_3_load == 26) | (ge_state_load == 2 & meta_op_code_3_load == 8) | (ge_state_load == 2 & meta_op_code_3_load == 7)> <Delay = 0.78> <CoreInst = "Adder">   --->   Core 1 'Adder' <Latency = 0> <II = 1> <Delay = 0.78> <FuncUnit> <Opcode : 'add' 'sub'> <InPorts = 2> <OutPorts = 1>
ST_2 : Operation 198 [1/1] (1.16ns)   --->   "%write_ln174 = write void @_ssdm_op_Write.ap_fifo.volatile.i16P0A, i16 %tx_lengthFifo, i16 %add_ln232" [/tools/Xilinx/Vitis_HLS/2022.1/common/technology/autopilot/hls_stream_39.h:174]   --->   Operation 198 'write' 'write_ln174' <Predicate = (ge_state_load == 2 & meta_op_code_3_load == 27) | (ge_state_load == 2 & meta_op_code_3_load == 26) | (ge_state_load == 2 & meta_op_code_3_load == 8) | (ge_state_load == 2 & meta_op_code_3_load == 7)> <Delay = 1.16> <CoreInst = "FIFO_SRL">   --->   Core 81 'FIFO_SRL' <Latency = 0> <II = 1> <Delay = 1.33> <Storage> <Opcode : 'read' 'write' 'nbread' 'nbwrite'> <Ports = 0> <Width = 16> <Depth = 4> <FIFO>
ST_2 : Operation 199 [1/1] (0.00ns)   --->   "%br_ln0 = br void %if.end132.i"   --->   Operation 199 'br' 'br_ln0' <Predicate = (ge_state_load == 2 & meta_op_code_3_load == 27) | (ge_state_load == 2 & meta_op_code_3_load == 26) | (ge_state_load == 2 & meta_op_code_3_load == 8) | (ge_state_load == 2 & meta_op_code_3_load == 7)> <Delay = 0.00>
ST_2 : Operation 200 [1/1] (0.00ns)   --->   "%sendWord_data_V_11 = phi i512 %p_Result_83, void %if.then19.i.i, i512 0, void %sw.bb16.i"   --->   Operation 200 'phi' 'sendWord_data_V_11' <Predicate = (ge_state_load == 2 & meta_op_code_3_load == 25) | (ge_state_load == 2 & meta_op_code_3_load == 24) | (ge_state_load == 2 & meta_op_code_3_load == 6) | (ge_state_load == 2 & meta_op_code_3_load == 10)> <Delay = 0.00>
ST_2 : Operation 201 [1/1] (0.00ns)   --->   "%zext_ln174_113_i = bitconcatenate i577 @_ssdm_op_BitConcatenate.i577.i65.i512, i65 18446744073709551616, i512 %sendWord_data_V_11" [/tools/Xilinx/Vitis_HLS/2022.1/common/technology/autopilot/hls_stream_39.h:174]   --->   Operation 201 'bitconcatenate' 'zext_ln174_113_i' <Predicate = (ge_state_load == 2 & meta_op_code_3_load == 25) | (ge_state_load == 2 & meta_op_code_3_load == 24) | (ge_state_load == 2 & meta_op_code_3_load == 6) | (ge_state_load == 2 & meta_op_code_3_load == 10)> <Delay = 0.00>
ST_2 : Operation 202 [1/1] (0.00ns)   --->   "%or_ln174_5 = or i577 %zext_ln174_113_i, i577 247330401473104534047094713089704592935557324103005993786583690272304831728808305726594637031169498012795797127849235911661333176120265159113792272289946597970173123142615040" [/tools/Xilinx/Vitis_HLS/2022.1/common/technology/autopilot/hls_stream_39.h:174]   --->   Operation 202 'or' 'or_ln174_5' <Predicate = (ge_state_load == 2 & meta_op_code_3_load == 25) | (ge_state_load == 2 & meta_op_code_3_load == 24) | (ge_state_load == 2 & meta_op_code_3_load == 6) | (ge_state_load == 2 & meta_op_code_3_load == 10)> <Delay = 0.00>
ST_2 : Operation 203 [1/1] (0.00ns)   --->   "%zext_ln174_83 = zext i577 %or_ln174_5" [/tools/Xilinx/Vitis_HLS/2022.1/common/technology/autopilot/hls_stream_39.h:174]   --->   Operation 203 'zext' 'zext_ln174_83' <Predicate = (ge_state_load == 2 & meta_op_code_3_load == 25) | (ge_state_load == 2 & meta_op_code_3_load == 24) | (ge_state_load == 2 & meta_op_code_3_load == 6) | (ge_state_load == 2 & meta_op_code_3_load == 10)> <Delay = 0.00>
ST_2 : Operation 204 [1/1] (1.16ns)   --->   "%write_ln174 = write void @_ssdm_op_Write.ap_fifo.volatile.i1024P0A, i1024 %tx_exh2payFifo, i1024 %zext_ln174_83" [/tools/Xilinx/Vitis_HLS/2022.1/common/technology/autopilot/hls_stream_39.h:174]   --->   Operation 204 'write' 'write_ln174' <Predicate = (ge_state_load == 2 & meta_op_code_3_load == 25) | (ge_state_load == 2 & meta_op_code_3_load == 24) | (ge_state_load == 2 & meta_op_code_3_load == 6) | (ge_state_load == 2 & meta_op_code_3_load == 10)> <Delay = 1.16> <CoreInst = "FIFO">   --->   Core 78 'FIFO' <Latency = 0> <II = 1> <Delay = 1.28> <Storage> <Opcode : 'read' 'write' 'nbread' 'nbwrite'> <Ports = 0> <Width = 1024> <Depth = 4> <FIFO>
ST_2 : Operation 205 [1/1] (0.00ns)   --->   "%shl_ln174_3 = bitconcatenate i17 @_ssdm_op_BitConcatenate.i17.i1.i16, i1 %info_hasPayload_1, i16 0" [/tools/Xilinx/Vitis_HLS/2022.1/common/technology/autopilot/hls_stream_39.h:174]   --->   Operation 205 'bitconcatenate' 'shl_ln174_3' <Predicate = (ge_state_load == 2 & meta_op_code_3_load == 25 & !metaWritten_4_load) | (ge_state_load == 2 & meta_op_code_3_load == 24 & !metaWritten_4_load) | (ge_state_load == 2 & meta_op_code_3_load == 6 & !metaWritten_4_load) | (ge_state_load == 2 & meta_op_code_3_load == 10 & !metaWritten_4_load)> <Delay = 0.00>
ST_2 : Operation 206 [1/1] (0.00ns)   --->   "%or_ln174_8 = or i17 %shl_ln174_3, i17 256" [/tools/Xilinx/Vitis_HLS/2022.1/common/technology/autopilot/hls_stream_39.h:174]   --->   Operation 206 'or' 'or_ln174_8' <Predicate = (ge_state_load == 2 & meta_op_code_3_load == 25 & !metaWritten_4_load) | (ge_state_load == 2 & meta_op_code_3_load == 24 & !metaWritten_4_load) | (ge_state_load == 2 & meta_op_code_3_load == 6 & !metaWritten_4_load) | (ge_state_load == 2 & meta_op_code_3_load == 10 & !metaWritten_4_load)> <Delay = 0.00>
ST_2 : Operation 207 [1/1] (0.00ns)   --->   "%zext_ln174_88 = zext i17 %or_ln174_8" [/tools/Xilinx/Vitis_HLS/2022.1/common/technology/autopilot/hls_stream_39.h:174]   --->   Operation 207 'zext' 'zext_ln174_88' <Predicate = (ge_state_load == 2 & meta_op_code_3_load == 25 & !metaWritten_4_load) | (ge_state_load == 2 & meta_op_code_3_load == 24 & !metaWritten_4_load) | (ge_state_load == 2 & meta_op_code_3_load == 6 & !metaWritten_4_load) | (ge_state_load == 2 & meta_op_code_3_load == 10 & !metaWritten_4_load)> <Delay = 0.00>
ST_2 : Operation 208 [1/1] (1.16ns)   --->   "%write_ln174 = write void @_ssdm_op_Write.ap_fifo.volatile.i24P0A, i24 %tx_packetInfoFifo, i24 %zext_ln174_88" [/tools/Xilinx/Vitis_HLS/2022.1/common/technology/autopilot/hls_stream_39.h:174]   --->   Operation 208 'write' 'write_ln174' <Predicate = (ge_state_load == 2 & meta_op_code_3_load == 25 & !metaWritten_4_load) | (ge_state_load == 2 & meta_op_code_3_load == 24 & !metaWritten_4_load) | (ge_state_load == 2 & meta_op_code_3_load == 6 & !metaWritten_4_load) | (ge_state_load == 2 & meta_op_code_3_load == 10 & !metaWritten_4_load)> <Delay = 1.16> <CoreInst = "FIFO_SRL">   --->   Core 81 'FIFO_SRL' <Latency = 0> <II = 1> <Delay = 1.39> <Storage> <Opcode : 'read' 'write' 'nbread' 'nbwrite'> <Ports = 0> <Width = 24> <Depth = 2> <FIFO>
ST_2 : Operation 209 [1/1] (0.85ns)   --->   "%icmp_ln1124 = icmp_eq  i32 %meta_op_code_3_load, i32 6" [/mnt/scratch/pyuvaraj/Vitis_RoCE_W/Vitis_RoCE/fpga-network-stack/hls/rocev2/../ib_transport_protocol/ib_transport_protocol.cpp:1124]   --->   Operation 209 'icmp' 'icmp_ln1124' <Predicate = (ge_state_load == 2 & meta_op_code_3_load == 25 & !metaWritten_4_load) | (ge_state_load == 2 & meta_op_code_3_load == 24 & !metaWritten_4_load) | (ge_state_load == 2 & meta_op_code_3_load == 6 & !metaWritten_4_load) | (ge_state_load == 2 & meta_op_code_3_load == 10 & !metaWritten_4_load)> <Delay = 0.85> <CoreInst = "Cmp">   --->   Core 9 'Cmp' <Latency = 0> <II = 1> <Delay = 0.85> <FuncUnit> <Opcode : 'icmp'> <InPorts = 2> <OutPorts = 1>
ST_2 : Operation 210 [1/1] (0.85ns)   --->   "%icmp_ln1124_1 = icmp_eq  i32 %meta_op_code_3_load, i32 25" [/mnt/scratch/pyuvaraj/Vitis_RoCE_W/Vitis_RoCE/fpga-network-stack/hls/rocev2/../ib_transport_protocol/ib_transport_protocol.cpp:1124]   --->   Operation 210 'icmp' 'icmp_ln1124_1' <Predicate = (ge_state_load == 2 & meta_op_code_3_load == 25 & !metaWritten_4_load) | (ge_state_load == 2 & meta_op_code_3_load == 24 & !metaWritten_4_load) | (ge_state_load == 2 & meta_op_code_3_load == 6 & !metaWritten_4_load) | (ge_state_load == 2 & meta_op_code_3_load == 10 & !metaWritten_4_load)> <Delay = 0.85> <CoreInst = "Cmp">   --->   Core 9 'Cmp' <Latency = 0> <II = 1> <Delay = 0.85> <FuncUnit> <Opcode : 'icmp'> <InPorts = 2> <OutPorts = 1>
ST_2 : Operation 211 [1/1] (0.00ns) (grouped into LUT with out node select_ln232)   --->   "%or_ln1124 = or i1 %icmp_ln1124, i1 %icmp_ln1124_1" [/mnt/scratch/pyuvaraj/Vitis_RoCE_W/Vitis_RoCE/fpga-network-stack/hls/rocev2/../ib_transport_protocol/ib_transport_protocol.cpp:1124]   --->   Operation 211 'or' 'or_ln1124' <Predicate = (ge_state_load == 2 & meta_op_code_3_load == 25 & !metaWritten_4_load) | (ge_state_load == 2 & meta_op_code_3_load == 24 & !metaWritten_4_load) | (ge_state_load == 2 & meta_op_code_3_load == 6 & !metaWritten_4_load) | (ge_state_load == 2 & meta_op_code_3_load == 10 & !metaWritten_4_load)> <Delay = 0.00> <CoreInst = "LogicGate">   --->   Core 74 'LogicGate' <Latency = 0> <II = 1> <Delay = 0.12> <FuncUnit> <Opcode : 'and' 'or' 'xor'> <InPorts = 2> <OutPorts = 1>
ST_2 : Operation 212 [1/1] (0.78ns)   --->   "%add_ln232_12 = add i16 %trunc_ln1305, i16 32"   --->   Operation 212 'add' 'add_ln232_12' <Predicate = (ge_state_load == 2 & meta_op_code_3_load == 25 & !metaWritten_4_load) | (ge_state_load == 2 & meta_op_code_3_load == 24 & !metaWritten_4_load) | (ge_state_load == 2 & meta_op_code_3_load == 6 & !metaWritten_4_load) | (ge_state_load == 2 & meta_op_code_3_load == 10 & !metaWritten_4_load)> <Delay = 0.78> <CoreInst = "Adder">   --->   Core 1 'Adder' <Latency = 0> <II = 1> <Delay = 0.78> <FuncUnit> <Opcode : 'add' 'sub'> <InPorts = 2> <OutPorts = 1>
ST_2 : Operation 213 [1/1] (0.24ns) (out node of the LUT)   --->   "%select_ln232 = select i1 %or_ln1124, i16 1440, i16 %add_ln232_12"   --->   Operation 213 'select' 'select_ln232' <Predicate = (ge_state_load == 2 & meta_op_code_3_load == 25 & !metaWritten_4_load) | (ge_state_load == 2 & meta_op_code_3_load == 24 & !metaWritten_4_load) | (ge_state_load == 2 & meta_op_code_3_load == 6 & !metaWritten_4_load) | (ge_state_load == 2 & meta_op_code_3_load == 10 & !metaWritten_4_load)> <Delay = 0.24> <CoreInst = "Sel">   --->   Core 73 'Sel' <Latency = 0> <II = 1> <Delay = 0.24> <FuncUnit> <Opcode : 'select'> <InPorts = 3> <OutPorts = 1>
ST_2 : Operation 214 [1/1] (1.16ns)   --->   "%write_ln174 = write void @_ssdm_op_Write.ap_fifo.volatile.i16P0A, i16 %tx_lengthFifo, i16 %select_ln232" [/tools/Xilinx/Vitis_HLS/2022.1/common/technology/autopilot/hls_stream_39.h:174]   --->   Operation 214 'write' 'write_ln174' <Predicate = (ge_state_load == 2 & meta_op_code_3_load == 25 & !metaWritten_4_load) | (ge_state_load == 2 & meta_op_code_3_load == 24 & !metaWritten_4_load) | (ge_state_load == 2 & meta_op_code_3_load == 6 & !metaWritten_4_load) | (ge_state_load == 2 & meta_op_code_3_load == 10 & !metaWritten_4_load)> <Delay = 1.16> <CoreInst = "FIFO_SRL">   --->   Core 81 'FIFO_SRL' <Latency = 0> <II = 1> <Delay = 1.33> <Storage> <Opcode : 'read' 'write' 'nbread' 'nbwrite'> <Ports = 0> <Width = 16> <Depth = 4> <FIFO>
ST_2 : Operation 215 [1/1] (0.00ns)   --->   "%br_ln1138 = br void %sw.epilog.i" [/mnt/scratch/pyuvaraj/Vitis_RoCE_W/Vitis_RoCE/fpga-network-stack/hls/rocev2/../ib_transport_protocol/ib_transport_protocol.cpp:1138]   --->   Operation 215 'br' 'br_ln1138' <Predicate = (ge_state_load == 2 & meta_op_code_3_load == 25 & !metaWritten_4_load) | (ge_state_load == 2 & meta_op_code_3_load == 24 & !metaWritten_4_load) | (ge_state_load == 2 & meta_op_code_3_load == 6 & !metaWritten_4_load) | (ge_state_load == 2 & meta_op_code_3_load == 10 & !metaWritten_4_load)> <Delay = 0.00>
ST_2 : Operation 216 [1/1] (1.16ns)   --->   "%write_ln174 = write void @_ssdm_op_Write.ap_fifo.volatile.i16P0A, i16 %txExh2msnTable_req, i16 %p_s" [/tools/Xilinx/Vitis_HLS/2022.1/common/technology/autopilot/hls_stream_39.h:174]   --->   Operation 216 'write' 'write_ln174' <Predicate = (ge_state_load != 2 & ge_state_load != 1 & tmp_i)> <Delay = 1.16> <CoreInst = "FIFO_SRL">   --->   Core 81 'FIFO_SRL' <Latency = 0> <II = 1> <Delay = 1.34> <Storage> <Opcode : 'read' 'write' 'nbread' 'nbwrite'> <Ports = 0> <Width = 16> <Depth = 2> <FIFO>
ST_2 : Operation 217 [1/1] (0.00ns)   --->   "%br_ln1065 = br void %if.end.i" [/mnt/scratch/pyuvaraj/Vitis_RoCE_W/Vitis_RoCE/fpga-network-stack/hls/rocev2/../ib_transport_protocol/ib_transport_protocol.cpp:1065]   --->   Operation 217 'br' 'br_ln1065' <Predicate = (ge_state_load != 2 & ge_state_load != 1 & tmp_i)> <Delay = 0.00>
ST_2 : Operation 218 [1/1] (0.00ns)   --->   "%ret_ln0 = ret"   --->   Operation 218 'ret' 'ret_ln0' <Predicate = true> <Delay = 0.00>


============================================================
+ Verbose Summary: Timing violations
============================================================
Target clock period: 3.2ns, clock uncertainty: 0.864ns.

 <State 1>: 1.29ns
The critical path consists of the following:
	'load' operation ('rdmaHeader_idx_1_load', /mnt/scratch/pyuvaraj/Vitis_RoCE_W/Vitis_RoCE/fpga-network-stack/hls/rocev2/../ib_transport_protocol/../packet.hpp:76) on static variable 'rdmaHeader_idx_1' [51]  (0 ns)
	'add' operation ('add_ln85', /mnt/scratch/pyuvaraj/Vitis_RoCE_W/Vitis_RoCE/fpga-network-stack/hls/rocev2/../ib_transport_protocol/../packet.hpp:85) [208]  (0.785 ns)
	'store' operation ('store_ln85', /mnt/scratch/pyuvaraj/Vitis_RoCE_W/Vitis_RoCE/fpga-network-stack/hls/rocev2/../ib_transport_protocol/../packet.hpp:85) of variable 'add_ln85', /mnt/scratch/pyuvaraj/Vitis_RoCE_W/Vitis_RoCE/fpga-network-stack/hls/rocev2/../ib_transport_protocol/../packet.hpp:85 on static variable 'rdmaHeader_idx_1' [209]  (0.42 ns)
	blocking operation 0.0851 ns on control path)

 <State 2>: 2.27ns
The critical path consists of the following:
	'icmp' operation ('icmp_ln1124', /mnt/scratch/pyuvaraj/Vitis_RoCE_W/Vitis_RoCE/fpga-network-stack/hls/rocev2/../ib_transport_protocol/ib_transport_protocol.cpp:1124) [223]  (0.859 ns)
	'or' operation ('or_ln1124', /mnt/scratch/pyuvaraj/Vitis_RoCE_W/Vitis_RoCE/fpga-network-stack/hls/rocev2/../ib_transport_protocol/ib_transport_protocol.cpp:1124) [225]  (0 ns)
	'select' operation ('select_ln232') [227]  (0.243 ns)
	fifo write operation ('write_ln174', /tools/Xilinx/Vitis_HLS/2022.1/common/technology/autopilot/hls_stream_39.h:174) on port 'tx_lengthFifo' (/tools/Xilinx/Vitis_HLS/2022.1/common/technology/autopilot/hls_stream_39.h:174) [228]  (1.17 ns)


============================================================
+ Verbose Summary: Binding
============================================================
N/A
* FSMD analyzer results:
  - Output states:
 - Input state : 
  - Chain level:
	State 1
	State 2


============================================================
+ Verbose Summary: Datapath Resource usage 
============================================================
N/A
