

================================================================
== Vitis HLS Report for 'ipv4_generate_ipv4_512_13'
================================================================
* Date:           Tue Jul 11 09:32:13 2023

* Version:        2022.1 (Build 3526262 on Mon Apr 18 15:47:01 MDT 2022)
* Project:        rocev2_prj
* Solution:       solution1 (Vivado IP Flow Target)
* Product family: virtexuplus
* Target device:  xcu280-fsvh2892-2L-e


================================================================
== Performance Estimates
================================================================
+ Timing: 
    * Summary: 
    +--------+---------+----------+------------+
    |  Clock |  Target | Estimated| Uncertainty|
    +--------+---------+----------+------------+
    |ap_clk  |  3.20 ns|  1.953 ns|     0.86 ns|
    +--------+---------+----------+------------+

+ Latency: 
    * Summary: 
    +---------+---------+----------+----------+-----+-----+---------+
    |  Latency (cycles) |  Latency (absolute) |  Interval | Pipeline|
    |   min   |   max   |    min   |    max   | min | max |   Type  |
    +---------+---------+----------+----------+-----+-----+---------+
    |        1|        1|  3.200 ns|  3.200 ns|    1|    1|      yes|
    +---------+---------+----------+----------+-----+-----+---------+

    + Detail: 
        * Instance: 
        N/A

        * Loop: 
        N/A

============================================================
+ Verbose Summary: Synthesis Manager
============================================================
InlineROM: 1
ExposeGlobal: 0
============================================================
+ Verbose Summary: CDFG Model
============================================================
IsTopModel: 0
ResetActiveHigh: 1
IsCombinational: 2
IsDatapathOnly: 0
HasWiredReturn: 1
HasMFsm: 2
HasVarLatency: 0
IsPipeline: 1
IsRtlPipelined: 1
IsInstanceOverlapped: 0
IsDontTouch: 0
HasImplIP: 0
IsGatedGlobalClock: 0

+ Individual pipeline summary: 
  * Pipeline-0: initiation interval (II) = 1, depth = 2


============================================================
+ Verbose Summary: Schedule
============================================================
* Number of FSM states : 2
* Pipeline : 1
  Pipeline-0 : II = 1, D = 2, States = { 1 2 }
* Dataflow Pipeline: 0

* FSM state transitions: 
1 --> 2 
2 --> 

* FSM state operations: 

State 1 <SV = 0> <Delay = 1.95>
ST_1 : Operation 3 [1/1] (0.00ns)   --->   "%specinterface_ln0 = specinterface void @_ssdm_op_SpecInterface, i128 %local_ip_address, void @ap_fifo_str, i32 0, i32 0, void @p_str, i32 0, i32 0, void @p_str, void @p_str, void @p_str, i32 2, i32 2, i32 16, i32 16, void @p_str, void @ScalarProp_str, i32 4294967295, i32 0"   --->   Operation 3 'specinterface' 'specinterface_ln0' <Predicate = true> <Delay = 0.00>
ST_1 : Operation 4 [1/1] (1.16ns)   --->   "%local_ip_address_read = read i128 @_ssdm_op_Read.ap_fifo.i128P0A, i128 %local_ip_address" [/mnt/scratch/pyuvaraj/Vitis_RoCE_W/Vitis_RoCE/fpga-network-stack/hls/rocev2/../ipv4/ipv4.cpp:158->/mnt/scratch/pyuvaraj/Vitis_RoCE_W/Vitis_RoCE/fpga-network-stack/hls/rocev2/../ipv4/ipv4.cpp:277]   --->   Operation 4 'read' 'local_ip_address_read' <Predicate = true> <Delay = 1.16> <CoreInst = "FIFO_SRL">   --->   Core 81 'FIFO_SRL' <Latency = 0> <II = 1> <Delay = 1.41> <Storage> <Opcode : 'read' 'write' 'nbread' 'nbwrite'> <Ports = 0> <Width = 128> <Depth = 3> <FIFO>
ST_1 : Operation 5 [1/1] (0.00ns)   --->   "%agg_tmp_i_i8 = partselect i32 @_ssdm_op_PartSelect.i32.i128.i32.i32, i128 %local_ip_address_read, i32 96, i32 127"   --->   Operation 5 'partselect' 'agg_tmp_i_i8' <Predicate = true> <Delay = 0.00>
ST_1 : Operation 6 [1/1] (0.00ns)   --->   "%specinterface_ln0 = specinterface void @_ssdm_op_SpecInterface, i1024 %tx_ip2crcFifo, void @empty_5, i32 0, i32 0, void @empty, i32 0, i32 0, void @empty, void @empty, void @empty, i32 0, i32 0, i32 0, i32 0, void @empty, void @empty, i32 4294967295, i32 0"   --->   Operation 6 'specinterface' 'specinterface_ln0' <Predicate = true> <Delay = 0.00>
ST_1 : Operation 7 [1/1] (0.00ns)   --->   "%specinterface_ln0 = specinterface void @_ssdm_op_SpecInterface, i1024 %tx_ip2crcFifo, void @empty_5, i32 0, i32 0, void @empty, i32 0, i32 0, void @empty, void @empty, void @empty, i32 0, i32 0, i32 0, i32 0, void @empty, void @empty, i32 4294967295, i32 0"   --->   Operation 7 'specinterface' 'specinterface_ln0' <Predicate = true> <Delay = 0.00>
ST_1 : Operation 8 [1/1] (0.00ns)   --->   "%specinterface_ln0 = specinterface void @_ssdm_op_SpecInterface, i1024 %tx_ip2crcFifo, void @empty_5, i32 0, i32 0, void @empty, i32 0, i32 0, void @empty, void @empty, void @empty, i32 0, i32 0, i32 0, i32 0, void @empty, void @empty, i32 4294967295, i32 0"   --->   Operation 8 'specinterface' 'specinterface_ln0' <Predicate = true> <Delay = 0.00>
ST_1 : Operation 9 [1/1] (0.00ns)   --->   "%specinterface_ln0 = specinterface void @_ssdm_op_SpecInterface, i1024 %tx_shift2ipv4Fifo, void @empty_5, i32 0, i32 0, void @empty, i32 0, i32 0, void @empty, void @empty, void @empty, i32 0, i32 0, i32 0, i32 0, void @empty, void @empty, i32 4294967295, i32 0"   --->   Operation 9 'specinterface' 'specinterface_ln0' <Predicate = true> <Delay = 0.00>
ST_1 : Operation 10 [1/1] (0.00ns)   --->   "%specinterface_ln0 = specinterface void @_ssdm_op_SpecInterface, i1024 %tx_shift2ipv4Fifo, void @empty_5, i32 0, i32 0, void @empty, i32 0, i32 0, void @empty, void @empty, void @empty, i32 0, i32 0, i32 0, i32 0, void @empty, void @empty, i32 4294967295, i32 0"   --->   Operation 10 'specinterface' 'specinterface_ln0' <Predicate = true> <Delay = 0.00>
ST_1 : Operation 11 [1/1] (0.00ns)   --->   "%specinterface_ln0 = specinterface void @_ssdm_op_SpecInterface, i1024 %tx_shift2ipv4Fifo, void @empty_5, i32 0, i32 0, void @empty, i32 0, i32 0, void @empty, void @empty, void @empty, i32 0, i32 0, i32 0, i32 0, void @empty, void @empty, i32 4294967295, i32 0"   --->   Operation 11 'specinterface' 'specinterface_ln0' <Predicate = true> <Delay = 0.00>
ST_1 : Operation 12 [1/1] (0.00ns)   --->   "%specinterface_ln0 = specinterface void @_ssdm_op_SpecInterface, i64 %tx_udp2ipMetaFifo, void @empty_5, i32 0, i32 0, void @empty, i32 0, i32 0, void @empty, void @empty, void @empty, i32 0, i32 0, i32 0, i32 0, void @empty, void @empty, i32 4294967295, i32 0"   --->   Operation 12 'specinterface' 'specinterface_ln0' <Predicate = true> <Delay = 0.00>
ST_1 : Operation 13 [1/1] (0.00ns)   --->   "%specinterface_ln0 = specinterface void @_ssdm_op_SpecInterface, i64 %tx_udp2ipMetaFifo, void @empty_5, i32 0, i32 0, void @empty, i32 0, i32 0, void @empty, void @empty, void @empty, i32 0, i32 0, i32 0, i32 0, void @empty, void @empty, i32 4294967295, i32 0"   --->   Operation 13 'specinterface' 'specinterface_ln0' <Predicate = true> <Delay = 0.00>
ST_1 : Operation 14 [1/1] (0.00ns)   --->   "%specinterface_ln0 = specinterface void @_ssdm_op_SpecInterface, i64 %tx_udp2ipMetaFifo, void @empty_5, i32 0, i32 0, void @empty, i32 0, i32 0, void @empty, void @empty, void @empty, i32 0, i32 0, i32 0, i32 0, void @empty, void @empty, i32 4294967295, i32 0"   --->   Operation 14 'specinterface' 'specinterface_ln0' <Predicate = true> <Delay = 0.00>
ST_1 : Operation 15 [1/1] (0.00ns)   --->   "%specinterface_ln0 = specinterface void @_ssdm_op_SpecInterface, i1024 %tx_ip2crcFifo, void @empty_5, i32 0, i32 0, void @empty, i32 0, i32 0, void @empty, void @empty, void @empty, i32 0, i32 0, i32 0, i32 0, void @empty, void @empty, i32 4294967295, i32 0"   --->   Operation 15 'specinterface' 'specinterface_ln0' <Predicate = true> <Delay = 0.00>
ST_1 : Operation 16 [1/1] (0.00ns)   --->   "%specinterface_ln0 = specinterface void @_ssdm_op_SpecInterface, i64 %tx_udp2ipMetaFifo, void @empty_5, i32 0, i32 0, void @empty, i32 0, i32 0, void @empty, void @empty, void @empty, i32 0, i32 0, i32 0, i32 0, void @empty, void @empty, i32 4294967295, i32 0"   --->   Operation 16 'specinterface' 'specinterface_ln0' <Predicate = true> <Delay = 0.00>
ST_1 : Operation 17 [1/1] (0.00ns)   --->   "%specinterface_ln0 = specinterface void @_ssdm_op_SpecInterface, i1024 %tx_shift2ipv4Fifo, void @empty_5, i32 0, i32 0, void @empty, i32 0, i32 0, void @empty, void @empty, void @empty, i32 0, i32 0, i32 0, i32 0, void @empty, void @empty, i32 4294967295, i32 0"   --->   Operation 17 'specinterface' 'specinterface_ln0' <Predicate = true> <Delay = 0.00>
ST_1 : Operation 18 [1/1] (0.00ns)   --->   "%specpipeline_ln158 = specpipeline void @_ssdm_op_SpecPipeline, i32 1, i32 0, i32 0, i32 0, void @empty" [/mnt/scratch/pyuvaraj/Vitis_RoCE_W/Vitis_RoCE/fpga-network-stack/hls/rocev2/../ipv4/ipv4.cpp:158->/mnt/scratch/pyuvaraj/Vitis_RoCE_W/Vitis_RoCE/fpga-network-stack/hls/rocev2/../ipv4/ipv4.cpp:277]   --->   Operation 18 'specpipeline' 'specpipeline_ln158' <Predicate = true> <Delay = 0.00>
ST_1 : Operation 19 [1/1] (0.00ns)   --->   "%gi_state_load = load i2 %gi_state" [/mnt/scratch/pyuvaraj/Vitis_RoCE_W/Vitis_RoCE/fpga-network-stack/hls/rocev2/../ipv4/ipv4.cpp:175->/mnt/scratch/pyuvaraj/Vitis_RoCE_W/Vitis_RoCE/fpga-network-stack/hls/rocev2/../ipv4/ipv4.cpp:277]   --->   Operation 19 'load' 'gi_state_load' <Predicate = true> <Delay = 0.00>
ST_1 : Operation 20 [1/1] (0.00ns)   --->   "%header_idx_2_load = load i16 %header_idx_2" [/mnt/scratch/pyuvaraj/Vitis_RoCE_W/Vitis_RoCE/fpga-network-stack/hls/rocev2/../ipv4/../packet.hpp:76]   --->   Operation 20 'load' 'header_idx_2_load' <Predicate = true> <Delay = 0.00>
ST_1 : Operation 21 [1/1] (0.00ns)   --->   "%p_Val2_s = load i160 %header_header_V_2"   --->   Operation 21 'load' 'p_Val2_s' <Predicate = true> <Delay = 0.00>
ST_1 : Operation 22 [1/1] (0.34ns)   --->   "%switch_ln175 = switch i2 %gi_state_load, void %sw.bb.i.i, i2 3, void %sw.bb19.i.i, i2 1, void %sw.bb3.i.i, i2 2, void %sw.bb10.i.i" [/mnt/scratch/pyuvaraj/Vitis_RoCE_W/Vitis_RoCE/fpga-network-stack/hls/rocev2/../ipv4/ipv4.cpp:175->/mnt/scratch/pyuvaraj/Vitis_RoCE_W/Vitis_RoCE/fpga-network-stack/hls/rocev2/../ipv4/ipv4.cpp:277]   --->   Operation 22 'switch' 'switch_ln175' <Predicate = true> <Delay = 0.34>
ST_1 : Operation 23 [1/1] (0.00ns)   --->   "%tmp_i_i_233 = nbreadreq i1 @_ssdm_op_NbReadReq.ap_fifo.i1024P0A, i1024 %tx_shift2ipv4Fifo, i32 1" [/tools/Xilinx/Vitis_HLS/2022.1/common/technology/autopilot/hls_stream_39.h:136]   --->   Operation 23 'nbreadreq' 'tmp_i_i_233' <Predicate = (gi_state_load == 2)> <Delay = 0.00> <CoreInst = "FIFO">   --->   Core 78 'FIFO' <Latency = 0> <II = 1> <Delay = 1.26> <Storage> <Opcode : 'read' 'write' 'nbread' 'nbwrite'> <Ports = 0> <Width = 1024> <Depth = 8> <FIFO>
ST_1 : Operation 24 [1/1] (0.00ns)   --->   "%br_ln215 = br i1 %tmp_i_i_233, void %if.end18.i.i, void %if.then12.i.i" [/mnt/scratch/pyuvaraj/Vitis_RoCE_W/Vitis_RoCE/fpga-network-stack/hls/rocev2/../ipv4/ipv4.cpp:215->/mnt/scratch/pyuvaraj/Vitis_RoCE_W/Vitis_RoCE/fpga-network-stack/hls/rocev2/../ipv4/ipv4.cpp:277]   --->   Operation 24 'br' 'br_ln215' <Predicate = (gi_state_load == 2)> <Delay = 0.00>
ST_1 : Operation 25 [1/1] (1.16ns)   --->   "%tx_shift2ipv4Fifo_read_1 = read i1024 @_ssdm_op_Read.ap_fifo.volatile.i1024P0A, i1024 %tx_shift2ipv4Fifo" [/tools/Xilinx/Vitis_HLS/2022.1/common/technology/autopilot/hls_stream_39.h:145]   --->   Operation 25 'read' 'tx_shift2ipv4Fifo_read_1' <Predicate = (gi_state_load == 2 & tmp_i_i_233)> <Delay = 1.16> <CoreInst = "FIFO">   --->   Core 78 'FIFO' <Latency = 0> <II = 1> <Delay = 1.26> <Storage> <Opcode : 'read' 'write' 'nbread' 'nbwrite'> <Ports = 0> <Width = 1024> <Depth = 8> <FIFO>
ST_1 : Operation 26 [1/1] (0.00ns)   --->   "%currWord_data_V = trunc i1024 %tx_shift2ipv4Fifo_read_1" [/tools/Xilinx/Vitis_HLS/2022.1/common/technology/autopilot/hls_stream_39.h:145]   --->   Operation 26 'trunc' 'currWord_data_V' <Predicate = (gi_state_load == 2 & tmp_i_i_233)> <Delay = 0.00>
ST_1 : Operation 27 [1/1] (0.00ns)   --->   "%currWord_last_V_17 = bitselect i1 @_ssdm_op_BitSelect.i1.i1024.i1024, i1024 %tx_shift2ipv4Fifo_read_1, i1024 576" [/tools/Xilinx/Vitis_HLS/2022.1/common/technology/autopilot/hls_stream_39.h:145]   --->   Operation 27 'bitselect' 'currWord_last_V_17' <Predicate = (gi_state_load == 2 & tmp_i_i_233)> <Delay = 0.00>
ST_1 : Operation 28 [1/1] (0.00ns)   --->   "%shl_ln76_2 = bitconcatenate i25 @_ssdm_op_BitConcatenate.i25.i16.i9, i16 %header_idx_2_load, i9 0" [/mnt/scratch/pyuvaraj/Vitis_RoCE_W/Vitis_RoCE/fpga-network-stack/hls/rocev2/../ipv4/../packet.hpp:76]   --->   Operation 28 'bitconcatenate' 'shl_ln76_2' <Predicate = (gi_state_load == 2 & tmp_i_i_233)> <Delay = 0.00>
ST_1 : Operation 29 [1/1] (0.77ns)   --->   "%icmp_ln82_2 = icmp_ult  i25 %shl_ln76_2, i25 160" [/mnt/scratch/pyuvaraj/Vitis_RoCE_W/Vitis_RoCE/fpga-network-stack/hls/rocev2/../ipv4/../packet.hpp:82]   --->   Operation 29 'icmp' 'icmp_ln82_2' <Predicate = (gi_state_load == 2 & tmp_i_i_233)> <Delay = 0.77> <CoreInst = "Cmp">   --->   Core 9 'Cmp' <Latency = 0> <II = 1> <Delay = 0.77> <FuncUnit> <Opcode : 'icmp'> <InPorts = 2> <OutPorts = 1>
ST_1 : Operation 30 [1/1] (0.38ns)   --->   "%br_ln82 = br i1 %icmp_ln82_2, void %_ZN12packetHeaderILi512ELi160EE11consumeWordER7ap_uintILi512EE.exit24.i.i, void %if.then19.i22.i.i" [/mnt/scratch/pyuvaraj/Vitis_RoCE_W/Vitis_RoCE/fpga-network-stack/hls/rocev2/../ipv4/../packet.hpp:82]   --->   Operation 30 'br' 'br_ln82' <Predicate = (gi_state_load == 2 & tmp_i_i_233)> <Delay = 0.38>
ST_1 : Operation 31 [1/1] (0.00ns)   --->   "%p_Result_29 = partset i512 @_ssdm_op_PartSet.i512.i512.i160.i32.i32, i512 %currWord_data_V, i160 %p_Val2_s, i32 0, i32 159"   --->   Operation 31 'partset' 'p_Result_29' <Predicate = (gi_state_load == 2 & tmp_i_i_233 & icmp_ln82_2)> <Delay = 0.00>
ST_1 : Operation 32 [1/1] (0.78ns)   --->   "%add_ln85_2 = add i16 %header_idx_2_load, i16 1" [/mnt/scratch/pyuvaraj/Vitis_RoCE_W/Vitis_RoCE/fpga-network-stack/hls/rocev2/../ipv4/../packet.hpp:85]   --->   Operation 32 'add' 'add_ln85_2' <Predicate = (gi_state_load == 2 & tmp_i_i_233 & icmp_ln82_2)> <Delay = 0.78> <CoreInst = "Adder">   --->   Core 1 'Adder' <Latency = 0> <II = 1> <Delay = 0.78> <FuncUnit> <Opcode : 'add' 'sub'> <InPorts = 2> <OutPorts = 1>
ST_1 : Operation 33 [1/1] (0.41ns)   --->   "%store_ln85 = store i16 %add_ln85_2, i16 %header_idx_2" [/mnt/scratch/pyuvaraj/Vitis_RoCE_W/Vitis_RoCE/fpga-network-stack/hls/rocev2/../ipv4/../packet.hpp:85]   --->   Operation 33 'store' 'store_ln85' <Predicate = (gi_state_load == 2 & tmp_i_i_233 & icmp_ln82_2)> <Delay = 0.41>
ST_1 : Operation 34 [1/1] (0.38ns)   --->   "%br_ln86 = br void %_ZN12packetHeaderILi512ELi160EE11consumeWordER7ap_uintILi512EE.exit24.i.i" [/mnt/scratch/pyuvaraj/Vitis_RoCE_W/Vitis_RoCE/fpga-network-stack/hls/rocev2/../ipv4/../packet.hpp:86]   --->   Operation 34 'br' 'br_ln86' <Predicate = (gi_state_load == 2 & tmp_i_i_233 & icmp_ln82_2)> <Delay = 0.38>
ST_1 : Operation 35 [1/1] (0.00ns)   --->   "%tmp = partselect i65 @_ssdm_op_PartSelect.i65.i1024.i32.i32, i1024 %tx_shift2ipv4Fifo_read_1, i32 512, i32 576" [/tools/Xilinx/Vitis_HLS/2022.1/common/technology/autopilot/hls_stream_39.h:174]   --->   Operation 35 'partselect' 'tmp' <Predicate = (gi_state_load == 2 & tmp_i_i_233)> <Delay = 0.00>
ST_1 : Operation 36 [1/1] (0.00ns) (grouped into LUT with out node select_ln222_cast_i_i)   --->   "%xor_ln222 = xor i1 %currWord_last_V_17, i1 1" [/mnt/scratch/pyuvaraj/Vitis_RoCE_W/Vitis_RoCE/fpga-network-stack/hls/rocev2/../ipv4/ipv4.cpp:222->/mnt/scratch/pyuvaraj/Vitis_RoCE_W/Vitis_RoCE/fpga-network-stack/hls/rocev2/../ipv4/ipv4.cpp:277]   --->   Operation 36 'xor' 'xor_ln222' <Predicate = (gi_state_load == 2 & tmp_i_i_233)> <Delay = 0.00> <CoreInst = "LogicGate">   --->   Core 74 'LogicGate' <Latency = 0> <II = 1> <Delay = 0.12> <FuncUnit> <Opcode : 'and' 'or' 'xor'> <InPorts = 2> <OutPorts = 1>
ST_1 : Operation 37 [1/1] (0.27ns) (out node of the LUT)   --->   "%select_ln222_cast_i_i = select i1 %xor_ln222, i2 3, i2 0" [/mnt/scratch/pyuvaraj/Vitis_RoCE_W/Vitis_RoCE/fpga-network-stack/hls/rocev2/../ipv4/ipv4.cpp:222->/mnt/scratch/pyuvaraj/Vitis_RoCE_W/Vitis_RoCE/fpga-network-stack/hls/rocev2/../ipv4/ipv4.cpp:277]   --->   Operation 37 'select' 'select_ln222_cast_i_i' <Predicate = (gi_state_load == 2 & tmp_i_i_233)> <Delay = 0.27> <CoreInst = "Sel">   --->   Core 73 'Sel' <Latency = 0> <II = 1> <Delay = 0.27> <FuncUnit> <Opcode : 'select'> <InPorts = 3> <OutPorts = 1>
ST_1 : Operation 38 [1/1] (0.41ns)   --->   "%store_ln222 = store i2 %select_ln222_cast_i_i, i2 %gi_state" [/mnt/scratch/pyuvaraj/Vitis_RoCE_W/Vitis_RoCE/fpga-network-stack/hls/rocev2/../ipv4/ipv4.cpp:222->/mnt/scratch/pyuvaraj/Vitis_RoCE_W/Vitis_RoCE/fpga-network-stack/hls/rocev2/../ipv4/ipv4.cpp:277]   --->   Operation 38 'store' 'store_ln222' <Predicate = (gi_state_load == 2 & tmp_i_i_233)> <Delay = 0.41>
ST_1 : Operation 39 [1/1] (0.00ns)   --->   "%br_ln227 = br void %ipv4_generate_ipv4<512>13.exit" [/mnt/scratch/pyuvaraj/Vitis_RoCE_W/Vitis_RoCE/fpga-network-stack/hls/rocev2/../ipv4/ipv4.cpp:227->/mnt/scratch/pyuvaraj/Vitis_RoCE_W/Vitis_RoCE/fpga-network-stack/hls/rocev2/../ipv4/ipv4.cpp:277]   --->   Operation 39 'br' 'br_ln227' <Predicate = (gi_state_load == 2)> <Delay = 0.00>
ST_1 : Operation 40 [1/1] (0.00ns)   --->   "%shl_ln = bitconcatenate i25 @_ssdm_op_BitConcatenate.i25.i16.i9, i16 %header_idx_2_load, i9 0" [/mnt/scratch/pyuvaraj/Vitis_RoCE_W/Vitis_RoCE/fpga-network-stack/hls/rocev2/../ipv4/../packet.hpp:76]   --->   Operation 40 'bitconcatenate' 'shl_ln' <Predicate = (gi_state_load == 1)> <Delay = 0.00>
ST_1 : Operation 41 [1/1] (0.77ns)   --->   "%icmp_ln82 = icmp_ult  i25 %shl_ln, i25 160" [/mnt/scratch/pyuvaraj/Vitis_RoCE_W/Vitis_RoCE/fpga-network-stack/hls/rocev2/../ipv4/../packet.hpp:82]   --->   Operation 41 'icmp' 'icmp_ln82' <Predicate = (gi_state_load == 1)> <Delay = 0.77> <CoreInst = "Cmp">   --->   Core 9 'Cmp' <Latency = 0> <II = 1> <Delay = 0.77> <FuncUnit> <Opcode : 'icmp'> <InPorts = 2> <OutPorts = 1>
ST_1 : Operation 42 [1/1] (0.00ns)   --->   "%br_ln82 = br i1 %icmp_ln82, void %if.then6.i.i, void %if.then19.i.i.i" [/mnt/scratch/pyuvaraj/Vitis_RoCE_W/Vitis_RoCE/fpga-network-stack/hls/rocev2/../ipv4/../packet.hpp:82]   --->   Operation 42 'br' 'br_ln82' <Predicate = (gi_state_load == 1)> <Delay = 0.00>
ST_1 : Operation 43 [1/1] (0.00ns)   --->   "%p_Result_28 = partset i512 @_ssdm_op_PartSet.i512.i512.i160.i32.i32, i512 0, i160 %p_Val2_s, i32 0, i32 159"   --->   Operation 43 'partset' 'p_Result_28' <Predicate = (gi_state_load == 1 & icmp_ln82)> <Delay = 0.00>
ST_1 : Operation 44 [1/1] (0.78ns)   --->   "%add_ln85 = add i16 %header_idx_2_load, i16 1" [/mnt/scratch/pyuvaraj/Vitis_RoCE_W/Vitis_RoCE/fpga-network-stack/hls/rocev2/../ipv4/../packet.hpp:85]   --->   Operation 44 'add' 'add_ln85' <Predicate = (gi_state_load == 1 & icmp_ln82)> <Delay = 0.78> <CoreInst = "Adder">   --->   Core 1 'Adder' <Latency = 0> <II = 1> <Delay = 0.78> <FuncUnit> <Opcode : 'add' 'sub'> <InPorts = 2> <OutPorts = 1>
ST_1 : Operation 45 [1/1] (0.41ns)   --->   "%store_ln85 = store i16 %add_ln85, i16 %header_idx_2" [/mnt/scratch/pyuvaraj/Vitis_RoCE_W/Vitis_RoCE/fpga-network-stack/hls/rocev2/../ipv4/../packet.hpp:85]   --->   Operation 45 'store' 'store_ln85' <Predicate = (gi_state_load == 1 & icmp_ln82)> <Delay = 0.41>
ST_1 : Operation 46 [1/1] (0.00ns)   --->   "%br_ln86 = br void %if.then6.i.i" [/mnt/scratch/pyuvaraj/Vitis_RoCE_W/Vitis_RoCE/fpga-network-stack/hls/rocev2/../ipv4/../packet.hpp:86]   --->   Operation 46 'br' 'br_ln86' <Predicate = (gi_state_load == 1 & icmp_ln82)> <Delay = 0.00>
ST_1 : Operation 47 [1/1] (0.41ns)   --->   "%store_ln204 = store i2 2, i2 %gi_state" [/mnt/scratch/pyuvaraj/Vitis_RoCE_W/Vitis_RoCE/fpga-network-stack/hls/rocev2/../ipv4/ipv4.cpp:204->/mnt/scratch/pyuvaraj/Vitis_RoCE_W/Vitis_RoCE/fpga-network-stack/hls/rocev2/../ipv4/ipv4.cpp:277]   --->   Operation 47 'store' 'store_ln204' <Predicate = (gi_state_load == 1)> <Delay = 0.41>
ST_1 : Operation 48 [1/1] (0.00ns)   --->   "%tmp_179_i_i = nbreadreq i1 @_ssdm_op_NbReadReq.ap_fifo.i1024P0A, i1024 %tx_shift2ipv4Fifo, i32 1" [/tools/Xilinx/Vitis_HLS/2022.1/common/technology/autopilot/hls_stream_39.h:136]   --->   Operation 48 'nbreadreq' 'tmp_179_i_i' <Predicate = (gi_state_load == 3)> <Delay = 0.00> <CoreInst = "FIFO">   --->   Core 78 'FIFO' <Latency = 0> <II = 1> <Delay = 1.26> <Storage> <Opcode : 'read' 'write' 'nbread' 'nbwrite'> <Ports = 0> <Width = 1024> <Depth = 8> <FIFO>
ST_1 : Operation 49 [1/1] (0.00ns)   --->   "%br_ln229 = br i1 %tmp_179_i_i, void %if.end27.i.i, void %if.then21.i.i" [/mnt/scratch/pyuvaraj/Vitis_RoCE_W/Vitis_RoCE/fpga-network-stack/hls/rocev2/../ipv4/ipv4.cpp:229->/mnt/scratch/pyuvaraj/Vitis_RoCE_W/Vitis_RoCE/fpga-network-stack/hls/rocev2/../ipv4/ipv4.cpp:277]   --->   Operation 49 'br' 'br_ln229' <Predicate = (gi_state_load == 3)> <Delay = 0.00>
ST_1 : Operation 50 [1/1] (1.16ns)   --->   "%tx_shift2ipv4Fifo_read = read i1024 @_ssdm_op_Read.ap_fifo.volatile.i1024P0A, i1024 %tx_shift2ipv4Fifo" [/tools/Xilinx/Vitis_HLS/2022.1/common/technology/autopilot/hls_stream_39.h:145]   --->   Operation 50 'read' 'tx_shift2ipv4Fifo_read' <Predicate = (gi_state_load == 3 & tmp_179_i_i)> <Delay = 1.16> <CoreInst = "FIFO">   --->   Core 78 'FIFO' <Latency = 0> <II = 1> <Delay = 1.26> <Storage> <Opcode : 'read' 'write' 'nbread' 'nbwrite'> <Ports = 0> <Width = 1024> <Depth = 8> <FIFO>
ST_1 : Operation 51 [1/1] (0.00ns)   --->   "%currWord_last_V = bitselect i1 @_ssdm_op_BitSelect.i1.i1024.i1024, i1024 %tx_shift2ipv4Fifo_read, i1024 576" [/tools/Xilinx/Vitis_HLS/2022.1/common/technology/autopilot/hls_stream_39.h:145]   --->   Operation 51 'bitselect' 'currWord_last_V' <Predicate = (gi_state_load == 3 & tmp_179_i_i)> <Delay = 0.00>
ST_1 : Operation 52 [1/1] (0.00ns)   --->   "%br_ln233 = br i1 %currWord_last_V, void %if.end26.i.i, void %if.then25.i.i" [/mnt/scratch/pyuvaraj/Vitis_RoCE_W/Vitis_RoCE/fpga-network-stack/hls/rocev2/../ipv4/ipv4.cpp:233->/mnt/scratch/pyuvaraj/Vitis_RoCE_W/Vitis_RoCE/fpga-network-stack/hls/rocev2/../ipv4/ipv4.cpp:277]   --->   Operation 52 'br' 'br_ln233' <Predicate = (gi_state_load == 3 & tmp_179_i_i)> <Delay = 0.00>
ST_1 : Operation 53 [1/1] (0.41ns)   --->   "%store_ln235 = store i2 0, i2 %gi_state" [/mnt/scratch/pyuvaraj/Vitis_RoCE_W/Vitis_RoCE/fpga-network-stack/hls/rocev2/../ipv4/ipv4.cpp:235->/mnt/scratch/pyuvaraj/Vitis_RoCE_W/Vitis_RoCE/fpga-network-stack/hls/rocev2/../ipv4/ipv4.cpp:277]   --->   Operation 53 'store' 'store_ln235' <Predicate = (gi_state_load == 3 & tmp_179_i_i & currWord_last_V)> <Delay = 0.41>
ST_1 : Operation 54 [1/1] (0.00ns)   --->   "%br_ln236 = br void %if.end26.i.i" [/mnt/scratch/pyuvaraj/Vitis_RoCE_W/Vitis_RoCE/fpga-network-stack/hls/rocev2/../ipv4/ipv4.cpp:236->/mnt/scratch/pyuvaraj/Vitis_RoCE_W/Vitis_RoCE/fpga-network-stack/hls/rocev2/../ipv4/ipv4.cpp:277]   --->   Operation 54 'br' 'br_ln236' <Predicate = (gi_state_load == 3 & tmp_179_i_i & currWord_last_V)> <Delay = 0.00>
ST_1 : Operation 55 [1/1] (0.00ns)   --->   "%br_ln237 = br void %if.end27.i.i" [/mnt/scratch/pyuvaraj/Vitis_RoCE_W/Vitis_RoCE/fpga-network-stack/hls/rocev2/../ipv4/ipv4.cpp:237->/mnt/scratch/pyuvaraj/Vitis_RoCE_W/Vitis_RoCE/fpga-network-stack/hls/rocev2/../ipv4/ipv4.cpp:277]   --->   Operation 55 'br' 'br_ln237' <Predicate = (gi_state_load == 3 & tmp_179_i_i)> <Delay = 0.00>
ST_1 : Operation 56 [1/1] (0.00ns)   --->   "%br_ln238 = br void %ipv4_generate_ipv4<512>13.exit" [/mnt/scratch/pyuvaraj/Vitis_RoCE_W/Vitis_RoCE/fpga-network-stack/hls/rocev2/../ipv4/ipv4.cpp:238->/mnt/scratch/pyuvaraj/Vitis_RoCE_W/Vitis_RoCE/fpga-network-stack/hls/rocev2/../ipv4/ipv4.cpp:277]   --->   Operation 56 'br' 'br_ln238' <Predicate = (gi_state_load == 3)> <Delay = 0.00>
ST_1 : Operation 57 [1/1] (0.00ns)   --->   "%tmp_i_i = nbreadreq i1 @_ssdm_op_NbReadReq.ap_fifo.i64P0A, i64 %tx_udp2ipMetaFifo, i32 1" [/tools/Xilinx/Vitis_HLS/2022.1/common/technology/autopilot/hls_stream_39.h:136]   --->   Operation 57 'nbreadreq' 'tmp_i_i' <Predicate = (gi_state_load == 0)> <Delay = 0.00> <CoreInst = "FIFO_SRL">   --->   Core 81 'FIFO_SRL' <Latency = 0> <II = 1> <Delay = 1.40> <Storage> <Opcode : 'read' 'write' 'nbread' 'nbwrite'> <Ports = 0> <Width = 64> <Depth = 2> <FIFO>
ST_1 : Operation 58 [1/1] (0.00ns)   --->   "%br_ln178 = br i1 %tmp_i_i, void %if.end.i.i, void %if.then.i.i" [/mnt/scratch/pyuvaraj/Vitis_RoCE_W/Vitis_RoCE/fpga-network-stack/hls/rocev2/../ipv4/ipv4.cpp:178->/mnt/scratch/pyuvaraj/Vitis_RoCE_W/Vitis_RoCE/fpga-network-stack/hls/rocev2/../ipv4/ipv4.cpp:277]   --->   Operation 58 'br' 'br_ln178' <Predicate = (gi_state_load == 0)> <Delay = 0.00>
ST_1 : Operation 59 [1/1] (1.16ns)   --->   "%tx_udp2ipMetaFifo_read = read i64 @_ssdm_op_Read.ap_fifo.volatile.i64P0A, i64 %tx_udp2ipMetaFifo" [/tools/Xilinx/Vitis_HLS/2022.1/common/technology/autopilot/hls_stream_39.h:145]   --->   Operation 59 'read' 'tx_udp2ipMetaFifo_read' <Predicate = (gi_state_load == 0 & tmp_i_i)> <Delay = 1.16> <CoreInst = "FIFO_SRL">   --->   Core 81 'FIFO_SRL' <Latency = 0> <II = 1> <Delay = 1.40> <Storage> <Opcode : 'read' 'write' 'nbread' 'nbwrite'> <Ports = 0> <Width = 64> <Depth = 2> <FIFO>
ST_1 : Operation 60 [1/1] (0.00ns)   --->   "%meta_their_address_V = trunc i64 %tx_udp2ipMetaFifo_read" [/tools/Xilinx/Vitis_HLS/2022.1/common/technology/autopilot/hls_stream_39.h:145]   --->   Operation 60 'trunc' 'meta_their_address_V' <Predicate = (gi_state_load == 0 & tmp_i_i)> <Delay = 0.00>
ST_1 : Operation 61 [1/1] (0.00ns)   --->   "%meta_length_V_2 = partselect i16 @_ssdm_op_PartSelect.i16.i64.i32.i32, i64 %tx_udp2ipMetaFifo_read, i32 32, i32 47" [/tools/Xilinx/Vitis_HLS/2022.1/common/technology/autopilot/hls_stream_39.h:145]   --->   Operation 61 'partselect' 'meta_length_V_2' <Predicate = (gi_state_load == 0 & tmp_i_i)> <Delay = 0.00>
ST_1 : Operation 62 [1/1] (0.41ns)   --->   "%store_ln181 = store i16 0, i16 %header_idx_2" [/mnt/scratch/pyuvaraj/Vitis_RoCE_W/Vitis_RoCE/fpga-network-stack/hls/rocev2/../ipv4/ipv4.cpp:181->/mnt/scratch/pyuvaraj/Vitis_RoCE_W/Vitis_RoCE/fpga-network-stack/hls/rocev2/../ipv4/ipv4.cpp:277]   --->   Operation 62 'store' 'store_ln181' <Predicate = (gi_state_load == 0 & tmp_i_i)> <Delay = 0.41>
ST_1 : Operation 63 [1/1] (0.78ns)   --->   "%len_V = add i16 %meta_length_V_2, i16 20"   --->   Operation 63 'add' 'len_V' <Predicate = (gi_state_load == 0 & tmp_i_i)> <Delay = 0.78> <CoreInst = "Adder">   --->   Core 1 'Adder' <Latency = 0> <II = 1> <Delay = 0.78> <FuncUnit> <Opcode : 'add' 'sub'> <InPorts = 2> <OutPorts = 1>
ST_1 : Operation 64 [1/1] (0.00ns)   --->   "%tmp_180_i_i = partselect i8 @_ssdm_op_PartSelect.i8.i16.i32.i32, i16 %len_V, i32 8, i32 15"   --->   Operation 64 'partselect' 'tmp_180_i_i' <Predicate = (gi_state_load == 0 & tmp_i_i)> <Delay = 0.00>
ST_1 : Operation 65 [1/1] (0.00ns)   --->   "%trunc_ln674 = trunc i16 %len_V"   --->   Operation 65 'trunc' 'trunc_ln674' <Predicate = (gi_state_load == 0 & tmp_i_i)> <Delay = 0.00>
ST_1 : Operation 66 [1/1] (0.00ns)   --->   "%p_Result_s = bitconcatenate i16 @_ssdm_op_BitConcatenate.i16.i8.i8, i8 %trunc_ln674, i8 %tmp_180_i_i"   --->   Operation 66 'bitconcatenate' 'p_Result_s' <Predicate = (gi_state_load == 0 & tmp_i_i)> <Delay = 0.00>
ST_1 : Operation 67 [1/1] (0.00ns)   --->   "%p_Result_25 = partset i160 @_ssdm_op_PartSet.i160.i160.i16.i32.i32, i160 %p_Val2_s, i16 %p_Result_s, i32 16, i32 31"   --->   Operation 67 'partset' 'p_Result_25' <Predicate = (gi_state_load == 0 & tmp_i_i)> <Delay = 0.00>
ST_1 : Operation 68 [1/1] (0.00ns)   --->   "%p_Result_26 = partset i160 @_ssdm_op_PartSet.i160.i160.i32.i32.i32, i160 %p_Result_25, i32 %meta_their_address_V, i32 128, i32 159"   --->   Operation 68 'partset' 'p_Result_26' <Predicate = (gi_state_load == 0 & tmp_i_i)> <Delay = 0.00>
ST_1 : Operation 69 [1/1] (0.00ns)   --->   "%p_Result_27 = partset i160 @_ssdm_op_PartSet.i160.i160.i32.i32.i32, i160 %p_Result_26, i32 %agg_tmp_i_i8, i32 96, i32 127"   --->   Operation 69 'partset' 'p_Result_27' <Predicate = (gi_state_load == 0 & tmp_i_i)> <Delay = 0.00>
ST_1 : Operation 70 [1/1] (0.00ns)   --->   "%p_Result_14 = partset i160 @_ssdm_op_PartSet.i160.i160.i8.i32.i32, i160 %p_Result_27, i8 17, i32 72, i32 79"   --->   Operation 70 'partset' 'p_Result_14' <Predicate = (gi_state_load == 0 & tmp_i_i)> <Delay = 0.00>
ST_1 : Operation 71 [1/1] (0.00ns)   --->   "%store_ln414 = store i160 %p_Result_14, i160 %header_header_V_2"   --->   Operation 71 'store' 'store_ln414' <Predicate = (gi_state_load == 0 & tmp_i_i)> <Delay = 0.00>
ST_1 : Operation 72 [1/1] (0.41ns)   --->   "%store_ln194 = store i2 2, i2 %gi_state" [/mnt/scratch/pyuvaraj/Vitis_RoCE_W/Vitis_RoCE/fpga-network-stack/hls/rocev2/../ipv4/ipv4.cpp:194->/mnt/scratch/pyuvaraj/Vitis_RoCE_W/Vitis_RoCE/fpga-network-stack/hls/rocev2/../ipv4/ipv4.cpp:277]   --->   Operation 72 'store' 'store_ln194' <Predicate = (gi_state_load == 0 & tmp_i_i)> <Delay = 0.41>
ST_1 : Operation 73 [1/1] (0.00ns)   --->   "%br_ln196 = br void %if.end.i.i" [/mnt/scratch/pyuvaraj/Vitis_RoCE_W/Vitis_RoCE/fpga-network-stack/hls/rocev2/../ipv4/ipv4.cpp:196->/mnt/scratch/pyuvaraj/Vitis_RoCE_W/Vitis_RoCE/fpga-network-stack/hls/rocev2/../ipv4/ipv4.cpp:277]   --->   Operation 73 'br' 'br_ln196' <Predicate = (gi_state_load == 0 & tmp_i_i)> <Delay = 0.00>
ST_1 : Operation 74 [1/1] (0.00ns)   --->   "%br_ln197 = br void %ipv4_generate_ipv4<512>13.exit" [/mnt/scratch/pyuvaraj/Vitis_RoCE_W/Vitis_RoCE/fpga-network-stack/hls/rocev2/../ipv4/ipv4.cpp:197->/mnt/scratch/pyuvaraj/Vitis_RoCE_W/Vitis_RoCE/fpga-network-stack/hls/rocev2/../ipv4/ipv4.cpp:277]   --->   Operation 74 'br' 'br_ln197' <Predicate = (gi_state_load == 0)> <Delay = 0.00>

State 2 <SV = 1> <Delay = 1.16>
ST_2 : Operation 75 [1/1] (0.00ns)   --->   "%currWord_data_V_7 = phi i512 %p_Result_29, void %if.then19.i22.i.i, i512 %currWord_data_V, void %if.then12.i.i"   --->   Operation 75 'phi' 'currWord_data_V_7' <Predicate = (gi_state_load == 2 & tmp_i_i_233)> <Delay = 0.00>
ST_2 : Operation 76 [1/1] (0.00ns)   --->   "%tmp_s = bitconcatenate i577 @_ssdm_op_BitConcatenate.i577.i65.i512, i65 %tmp, i512 %currWord_data_V_7" [/tools/Xilinx/Vitis_HLS/2022.1/common/technology/autopilot/hls_stream_39.h:174]   --->   Operation 76 'bitconcatenate' 'tmp_s' <Predicate = (gi_state_load == 2 & tmp_i_i_233)> <Delay = 0.00>
ST_2 : Operation 77 [1/1] (0.00ns)   --->   "%zext_ln174_70 = zext i577 %tmp_s" [/tools/Xilinx/Vitis_HLS/2022.1/common/technology/autopilot/hls_stream_39.h:174]   --->   Operation 77 'zext' 'zext_ln174_70' <Predicate = (gi_state_load == 2 & tmp_i_i_233)> <Delay = 0.00>
ST_2 : Operation 78 [1/1] (1.16ns)   --->   "%write_ln174 = write void @_ssdm_op_Write.ap_fifo.volatile.i1024P0A, i1024 %tx_ip2crcFifo, i1024 %zext_ln174_70" [/tools/Xilinx/Vitis_HLS/2022.1/common/technology/autopilot/hls_stream_39.h:174]   --->   Operation 78 'write' 'write_ln174' <Predicate = (gi_state_load == 2 & tmp_i_i_233)> <Delay = 1.16> <CoreInst = "FIFO_SRL">   --->   Core 81 'FIFO_SRL' <Latency = 0> <II = 1> <Delay = 1.33> <Storage> <Opcode : 'read' 'write' 'nbread' 'nbwrite'> <Ports = 0> <Width = 1024> <Depth = 2> <FIFO>
ST_2 : Operation 79 [1/1] (0.00ns)   --->   "%br_ln226 = br void %if.end18.i.i" [/mnt/scratch/pyuvaraj/Vitis_RoCE_W/Vitis_RoCE/fpga-network-stack/hls/rocev2/../ipv4/ipv4.cpp:226->/mnt/scratch/pyuvaraj/Vitis_RoCE_W/Vitis_RoCE/fpga-network-stack/hls/rocev2/../ipv4/ipv4.cpp:277]   --->   Operation 79 'br' 'br_ln226' <Predicate = (gi_state_load == 2 & tmp_i_i_233)> <Delay = 0.00>
ST_2 : Operation 80 [1/1] (0.00ns)   --->   "%currWord_data_V_5 = phi i512 %p_Result_28, void %if.then19.i.i.i, i512 0, void %sw.bb3.i.i"   --->   Operation 80 'phi' 'currWord_data_V_5' <Predicate = (gi_state_load == 1)> <Delay = 0.00>
ST_2 : Operation 81 [1/1] (0.00ns)   --->   "%or_ln = bitconcatenate i513 @_ssdm_op_BitConcatenate.i513.i1.i512, i1 1, i512 %currWord_data_V_5" [/tools/Xilinx/Vitis_HLS/2022.1/common/technology/autopilot/hls_stream_39.h:174]   --->   Operation 81 'bitconcatenate' 'or_ln' <Predicate = (gi_state_load == 1)> <Delay = 0.00>
ST_2 : Operation 82 [1/1] (0.00ns)   --->   "%sext_ln174 = sext i513 %or_ln" [/tools/Xilinx/Vitis_HLS/2022.1/common/technology/autopilot/hls_stream_39.h:174]   --->   Operation 82 'sext' 'sext_ln174' <Predicate = (gi_state_load == 1)> <Delay = 0.00>
ST_2 : Operation 83 [1/1] (0.00ns)   --->   "%zext_ln174 = zext i544 %sext_ln174" [/tools/Xilinx/Vitis_HLS/2022.1/common/technology/autopilot/hls_stream_39.h:174]   --->   Operation 83 'zext' 'zext_ln174' <Predicate = (gi_state_load == 1)> <Delay = 0.00>
ST_2 : Operation 84 [1/1] (1.16ns)   --->   "%write_ln174 = write void @_ssdm_op_Write.ap_fifo.volatile.i1024P0A, i1024 %tx_ip2crcFifo, i1024 %zext_ln174" [/tools/Xilinx/Vitis_HLS/2022.1/common/technology/autopilot/hls_stream_39.h:174]   --->   Operation 84 'write' 'write_ln174' <Predicate = (gi_state_load == 1)> <Delay = 1.16> <CoreInst = "FIFO_SRL">   --->   Core 81 'FIFO_SRL' <Latency = 0> <II = 1> <Delay = 1.33> <Storage> <Opcode : 'read' 'write' 'nbread' 'nbwrite'> <Ports = 0> <Width = 1024> <Depth = 2> <FIFO>
ST_2 : Operation 85 [1/1] (0.00ns)   --->   "%br_ln213 = br void %ipv4_generate_ipv4<512>13.exit" [/mnt/scratch/pyuvaraj/Vitis_RoCE_W/Vitis_RoCE/fpga-network-stack/hls/rocev2/../ipv4/ipv4.cpp:213->/mnt/scratch/pyuvaraj/Vitis_RoCE_W/Vitis_RoCE/fpga-network-stack/hls/rocev2/../ipv4/ipv4.cpp:277]   --->   Operation 85 'br' 'br_ln213' <Predicate = (gi_state_load == 1)> <Delay = 0.00>
ST_2 : Operation 86 [1/1] (1.16ns)   --->   "%write_ln174 = write void @_ssdm_op_Write.ap_fifo.volatile.i1024P0A, i1024 %tx_ip2crcFifo, i1024 %tx_shift2ipv4Fifo_read" [/tools/Xilinx/Vitis_HLS/2022.1/common/technology/autopilot/hls_stream_39.h:174]   --->   Operation 86 'write' 'write_ln174' <Predicate = (gi_state_load == 3 & tmp_179_i_i)> <Delay = 1.16> <CoreInst = "FIFO_SRL">   --->   Core 81 'FIFO_SRL' <Latency = 0> <II = 1> <Delay = 1.33> <Storage> <Opcode : 'read' 'write' 'nbread' 'nbwrite'> <Ports = 0> <Width = 1024> <Depth = 2> <FIFO>
ST_2 : Operation 87 [1/1] (0.00ns)   --->   "%ret_ln277 = ret" [/mnt/scratch/pyuvaraj/Vitis_RoCE_W/Vitis_RoCE/fpga-network-stack/hls/rocev2/../ipv4/ipv4.cpp:277]   --->   Operation 87 'ret' 'ret_ln277' <Predicate = true> <Delay = 0.00>


============================================================
+ Verbose Summary: Timing violations
============================================================
Target clock period: 3.2ns, clock uncertainty: 0.864ns.

 <State 1>: 1.95ns
The critical path consists of the following:
	fifo read operation ('tx_udp2ipMetaFifo_read', /tools/Xilinx/Vitis_HLS/2022.1/common/technology/autopilot/hls_stream_39.h:145) on port 'tx_udp2ipMetaFifo' (/tools/Xilinx/Vitis_HLS/2022.1/common/technology/autopilot/hls_stream_39.h:145) [91]  (1.17 ns)
	'add' operation ('len.V') [95]  (0.785 ns)

 <State 2>: 1.17ns
The critical path consists of the following:
	fifo write operation ('write_ln174', /tools/Xilinx/Vitis_HLS/2022.1/common/technology/autopilot/hls_stream_39.h:174) on port 'tx_ip2crcFifo' (/tools/Xilinx/Vitis_HLS/2022.1/common/technology/autopilot/hls_stream_39.h:174) [78]  (1.17 ns)


============================================================
+ Verbose Summary: Binding
============================================================
N/A
* FSMD analyzer results:
  - Output states:
 - Input state : 
  - Chain level:
	State 1
	State 2


============================================================
+ Verbose Summary: Datapath Resource usage 
============================================================
N/A
