

================================================================
== Vitis HLS Report for 'lshiftWordByOctet_512_12_s'
================================================================
* Date:           Tue Jul 11 09:32:31 2023

* Version:        2022.1 (Build 3526262 on Mon Apr 18 15:47:01 MDT 2022)
* Project:        rocev2_prj
* Solution:       solution1 (Vivado IP Flow Target)
* Product family: virtexuplus
* Target device:  xcu280-fsvh2892-2L-e


================================================================
== Performance Estimates
================================================================
+ Timing: 
    * Summary: 
    +--------+---------+----------+------------+
    |  Clock |  Target | Estimated| Uncertainty|
    +--------+---------+----------+------------+
    |ap_clk  |  3.20 ns|  2.333 ns|     0.86 ns|
    +--------+---------+----------+------------+

+ Latency: 
    * Summary: 
    +---------+---------+----------+----------+-----+-----+---------+
    |  Latency (cycles) |  Latency (absolute) |  Interval | Pipeline|
    |   min   |   max   |    min   |    max   | min | max |   Type  |
    +---------+---------+----------+----------+-----+-----+---------+
    |        1|        1|  3.200 ns|  3.200 ns|    1|    1|      yes|
    +---------+---------+----------+----------+-----+-----+---------+

    + Detail: 
        * Instance: 
        N/A

        * Loop: 
        N/A

============================================================
+ Verbose Summary: Synthesis Manager
============================================================
InlineROM: 1
ExposeGlobal: 0
============================================================
+ Verbose Summary: CDFG Model
============================================================
IsTopModel: 0
ResetActiveHigh: 1
IsCombinational: 2
IsDatapathOnly: 0
HasWiredReturn: 1
HasMFsm: 2
HasVarLatency: 0
IsPipeline: 1
IsRtlPipelined: 1
IsInstanceOverlapped: 0
IsDontTouch: 0
HasImplIP: 0
IsGatedGlobalClock: 0

+ Individual pipeline summary: 
  * Pipeline-0: initiation interval (II) = 1, depth = 2


============================================================
+ Verbose Summary: Schedule
============================================================
* Number of FSM states : 2
* Pipeline : 1
  Pipeline-0 : II = 1, D = 2, States = { 1 2 }
* Dataflow Pipeline: 0

* FSM state transitions: 
1 --> 2 
2 --> 

* FSM state operations: 

State 1 <SV = 0> <Delay = 2.33>
ST_1 : Operation 3 [1/1] (0.00ns)   --->   "%specinterface_ln0 = specinterface void @_ssdm_op_SpecInterface, i1024 %tx_aethShift2payFifo, void @empty_5, i32 0, i32 0, void @empty, i32 0, i32 0, void @empty, void @empty, void @empty, i32 0, i32 0, i32 0, i32 0, void @empty, void @empty, i32 4294967295, i32 0"   --->   Operation 3 'specinterface' 'specinterface_ln0' <Predicate = true> <Delay = 0.00>
ST_1 : Operation 4 [1/1] (0.00ns)   --->   "%specinterface_ln0 = specinterface void @_ssdm_op_SpecInterface, i1024 %tx_aethShift2payFifo, void @empty_5, i32 0, i32 0, void @empty, i32 0, i32 0, void @empty, void @empty, void @empty, i32 0, i32 0, i32 0, i32 0, void @empty, void @empty, i32 4294967295, i32 0"   --->   Operation 4 'specinterface' 'specinterface_ln0' <Predicate = true> <Delay = 0.00>
ST_1 : Operation 5 [1/1] (0.00ns)   --->   "%specinterface_ln0 = specinterface void @_ssdm_op_SpecInterface, i1024 %tx_aethShift2payFifo, void @empty_5, i32 0, i32 0, void @empty, i32 0, i32 0, void @empty, void @empty, void @empty, i32 0, i32 0, i32 0, i32 0, void @empty, void @empty, i32 4294967295, i32 0"   --->   Operation 5 'specinterface' 'specinterface_ln0' <Predicate = true> <Delay = 0.00>
ST_1 : Operation 6 [1/1] (0.00ns)   --->   "%specinterface_ln0 = specinterface void @_ssdm_op_SpecInterface, i1024 %tx_split2aethShift, void @empty_5, i32 0, i32 0, void @empty, i32 0, i32 0, void @empty, void @empty, void @empty, i32 0, i32 0, i32 0, i32 0, void @empty, void @empty, i32 4294967295, i32 0"   --->   Operation 6 'specinterface' 'specinterface_ln0' <Predicate = true> <Delay = 0.00>
ST_1 : Operation 7 [1/1] (0.00ns)   --->   "%specinterface_ln0 = specinterface void @_ssdm_op_SpecInterface, i1024 %tx_split2aethShift, void @empty_5, i32 0, i32 0, void @empty, i32 0, i32 0, void @empty, void @empty, void @empty, i32 0, i32 0, i32 0, i32 0, void @empty, void @empty, i32 4294967295, i32 0"   --->   Operation 7 'specinterface' 'specinterface_ln0' <Predicate = true> <Delay = 0.00>
ST_1 : Operation 8 [1/1] (0.00ns)   --->   "%specinterface_ln0 = specinterface void @_ssdm_op_SpecInterface, i1024 %tx_split2aethShift, void @empty_5, i32 0, i32 0, void @empty, i32 0, i32 0, void @empty, void @empty, void @empty, i32 0, i32 0, i32 0, i32 0, void @empty, void @empty, i32 4294967295, i32 0"   --->   Operation 8 'specinterface' 'specinterface_ln0' <Predicate = true> <Delay = 0.00>
ST_1 : Operation 9 [1/1] (0.00ns)   --->   "%specinterface_ln0 = specinterface void @_ssdm_op_SpecInterface, i1024 %tx_aethShift2payFifo, void @empty_5, i32 0, i32 0, void @empty, i32 0, i32 0, void @empty, void @empty, void @empty, i32 0, i32 0, i32 0, i32 0, void @empty, void @empty, i32 4294967295, i32 0"   --->   Operation 9 'specinterface' 'specinterface_ln0' <Predicate = true> <Delay = 0.00>
ST_1 : Operation 10 [1/1] (0.00ns)   --->   "%specinterface_ln0 = specinterface void @_ssdm_op_SpecInterface, i1024 %tx_split2aethShift, void @empty_5, i32 0, i32 0, void @empty, i32 0, i32 0, void @empty, void @empty, void @empty, i32 0, i32 0, i32 0, i32 0, void @empty, void @empty, i32 4294967295, i32 0"   --->   Operation 10 'specinterface' 'specinterface_ln0' <Predicate = true> <Delay = 0.00>
ST_1 : Operation 11 [1/1] (0.00ns)   --->   "%specpipeline_ln505 = specpipeline void @_ssdm_op_SpecPipeline, i32 1, i32 0, i32 0, i32 0, void @empty" [/mnt/scratch/pyuvaraj/Vitis_RoCE_W/Vitis_RoCE/fpga-network-stack/hls/rocev2/../ib_transport_protocol/../axi_utils.hpp:505]   --->   Operation 11 'specpipeline' 'specpipeline_ln505' <Predicate = true> <Delay = 0.00>
ST_1 : Operation 12 [1/1] (0.00ns)   --->   "%ls_writeRemainder_2_load = load i1 %ls_writeRemainder_2" [/mnt/scratch/pyuvaraj/Vitis_RoCE_W/Vitis_RoCE/fpga-network-stack/hls/rocev2/../ib_transport_protocol/../axi_utils.hpp:519]   --->   Operation 12 'load' 'ls_writeRemainder_2_load' <Predicate = true> <Delay = 0.00>
ST_1 : Operation 13 [1/1] (0.00ns)   --->   "%p_Val2_s = load i512 %prevWord_data_V_3"   --->   Operation 13 'load' 'p_Val2_s' <Predicate = true> <Delay = 0.00>
ST_1 : Operation 14 [1/1] (0.00ns)   --->   "%p_Val2_24 = load i64 %prevWord_keep_V_9"   --->   Operation 14 'load' 'p_Val2_24' <Predicate = true> <Delay = 0.00>
ST_1 : Operation 15 [1/1] (0.00ns)   --->   "%br_ln519 = br i1 %ls_writeRemainder_2_load, void %if.else.i, void %if.then.i" [/mnt/scratch/pyuvaraj/Vitis_RoCE_W/Vitis_RoCE/fpga-network-stack/hls/rocev2/../ib_transport_protocol/../axi_utils.hpp:519]   --->   Operation 15 'br' 'br_ln519' <Predicate = true> <Delay = 0.00>
ST_1 : Operation 16 [1/1] (0.00ns)   --->   "%tmp_159_i = nbreadreq i1 @_ssdm_op_NbReadReq.ap_fifo.i1024P0A, i1024 %tx_split2aethShift, i32 1" [/tools/Xilinx/Vitis_HLS/2022.1/common/technology/autopilot/hls_stream_39.h:136]   --->   Operation 16 'nbreadreq' 'tmp_159_i' <Predicate = (!ls_writeRemainder_2_load)> <Delay = 0.00> <CoreInst = "FIFO">   --->   Core 78 'FIFO' <Latency = 0> <II = 1> <Delay = 1.28> <Storage> <Opcode : 'read' 'write' 'nbread' 'nbwrite'> <Ports = 0> <Width = 1024> <Depth = 4> <FIFO>
ST_1 : Operation 17 [1/1] (0.00ns)   --->   "%br_ln530 = br i1 %tmp_159_i, void %if.end114.i, void %if.then22.i_ifconv" [/mnt/scratch/pyuvaraj/Vitis_RoCE_W/Vitis_RoCE/fpga-network-stack/hls/rocev2/../ib_transport_protocol/../axi_utils.hpp:530]   --->   Operation 17 'br' 'br_ln530' <Predicate = (!ls_writeRemainder_2_load)> <Delay = 0.00>
ST_1 : Operation 18 [1/1] (1.16ns)   --->   "%tx_split2aethShift_read = read i1024 @_ssdm_op_Read.ap_fifo.volatile.i1024P0A, i1024 %tx_split2aethShift" [/tools/Xilinx/Vitis_HLS/2022.1/common/technology/autopilot/hls_stream_39.h:145]   --->   Operation 18 'read' 'tx_split2aethShift_read' <Predicate = (!ls_writeRemainder_2_load & tmp_159_i)> <Delay = 1.16> <CoreInst = "FIFO">   --->   Core 78 'FIFO' <Latency = 0> <II = 1> <Delay = 1.28> <Storage> <Opcode : 'read' 'write' 'nbread' 'nbwrite'> <Ports = 0> <Width = 1024> <Depth = 4> <FIFO>
ST_1 : Operation 19 [1/1] (0.00ns)   --->   "%currWord_data_V = trunc i1024 %tx_split2aethShift_read" [/tools/Xilinx/Vitis_HLS/2022.1/common/technology/autopilot/hls_stream_39.h:145]   --->   Operation 19 'trunc' 'currWord_data_V' <Predicate = (!ls_writeRemainder_2_load & tmp_159_i)> <Delay = 0.00>
ST_1 : Operation 20 [1/1] (0.00ns)   --->   "%currWord_keep_V = partselect i64 @_ssdm_op_PartSelect.i64.i1024.i32.i32, i1024 %tx_split2aethShift_read, i32 512, i32 575" [/tools/Xilinx/Vitis_HLS/2022.1/common/technology/autopilot/hls_stream_39.h:145]   --->   Operation 20 'partselect' 'currWord_keep_V' <Predicate = (!ls_writeRemainder_2_load & tmp_159_i)> <Delay = 0.00>
ST_1 : Operation 21 [1/1] (0.00ns)   --->   "%currWord_last_V = bitselect i1 @_ssdm_op_BitSelect.i1.i1024.i1024, i1024 %tx_split2aethShift_read, i1024 576" [/tools/Xilinx/Vitis_HLS/2022.1/common/technology/autopilot/hls_stream_39.h:145]   --->   Operation 21 'bitselect' 'currWord_last_V' <Predicate = (!ls_writeRemainder_2_load & tmp_159_i)> <Delay = 0.00>
ST_1 : Operation 22 [1/1] (0.00ns)   --->   "%trunc_ln674 = trunc i1024 %tx_split2aethShift_read"   --->   Operation 22 'trunc' 'trunc_ln674' <Predicate = (!ls_writeRemainder_2_load & tmp_159_i)> <Delay = 0.00>
ST_1 : Operation 23 [1/1] (0.00ns)   --->   "%tmp_161_i7 = partselect i60 @_ssdm_op_PartSelect.i60.i1024.i32.i32, i1024 %tx_split2aethShift_read, i32 512, i32 571"   --->   Operation 23 'partselect' 'tmp_161_i7' <Predicate = (!ls_writeRemainder_2_load & tmp_159_i)> <Delay = 0.00>
ST_1 : Operation 24 [1/1] (0.00ns)   --->   "%tmp_162_i8 = partselect i4 @_ssdm_op_PartSelect.i4.i1024.i32.i32, i1024 %tx_split2aethShift_read, i32 572, i32 575"   --->   Operation 24 'partselect' 'tmp_162_i8' <Predicate = (!ls_writeRemainder_2_load & tmp_159_i)> <Delay = 0.00>
ST_1 : Operation 25 [1/1] (0.65ns)   --->   "%sendWord_last_V = icmp_eq  i4 %tmp_162_i8, i4 0"   --->   Operation 25 'icmp' 'sendWord_last_V' <Predicate = (!ls_writeRemainder_2_load & tmp_159_i)> <Delay = 0.65> <CoreInst = "Cmp">   --->   Core 9 'Cmp' <Latency = 0> <II = 1> <Delay = 0.65> <FuncUnit> <Opcode : 'icmp'> <InPorts = 2> <OutPorts = 1>
ST_1 : Operation 26 [1/1] (0.00ns)   --->   "%tmp_163_i9 = partselect i32 @_ssdm_op_PartSelect.i32.i512.i32.i32, i512 %p_Val2_s, i32 480, i32 511"   --->   Operation 26 'partselect' 'tmp_163_i9' <Predicate = (!ls_writeRemainder_2_load & tmp_159_i)> <Delay = 0.00>
ST_1 : Operation 27 [1/1] (0.00ns)   --->   "%tmp_164_i = partselect i4 @_ssdm_op_PartSelect.i4.i64.i32.i32, i64 %p_Val2_24, i32 60, i32 63"   --->   Operation 27 'partselect' 'tmp_164_i' <Predicate = (!ls_writeRemainder_2_load & tmp_159_i)> <Delay = 0.00>
ST_1 : Operation 28 [1/1] (0.00ns)   --->   "%store_ln562 = store i512 %currWord_data_V, i512 %prevWord_data_V_3" [/mnt/scratch/pyuvaraj/Vitis_RoCE_W/Vitis_RoCE/fpga-network-stack/hls/rocev2/../ib_transport_protocol/../axi_utils.hpp:562]   --->   Operation 28 'store' 'store_ln562' <Predicate = (!ls_writeRemainder_2_load & tmp_159_i)> <Delay = 0.00>
ST_1 : Operation 29 [1/1] (0.00ns)   --->   "%store_ln562 = store i64 %currWord_keep_V, i64 %prevWord_keep_V_9" [/mnt/scratch/pyuvaraj/Vitis_RoCE_W/Vitis_RoCE/fpga-network-stack/hls/rocev2/../ib_transport_protocol/../axi_utils.hpp:562]   --->   Operation 29 'store' 'store_ln562' <Predicate = (!ls_writeRemainder_2_load & tmp_159_i)> <Delay = 0.00>
ST_1 : Operation 30 [1/1] (0.38ns)   --->   "%br_ln564 = br i1 %currWord_last_V, void %mergeST.i, void %if.then109.i" [/mnt/scratch/pyuvaraj/Vitis_RoCE_W/Vitis_RoCE/fpga-network-stack/hls/rocev2/../ib_transport_protocol/../axi_utils.hpp:564]   --->   Operation 30 'br' 'br_ln564' <Predicate = (!ls_writeRemainder_2_load & tmp_159_i)> <Delay = 0.38>
ST_1 : Operation 31 [1/1] (0.12ns)   --->   "%xor_ln947 = xor i1 %sendWord_last_V, i1 1"   --->   Operation 31 'xor' 'xor_ln947' <Predicate = (!ls_writeRemainder_2_load & tmp_159_i & currWord_last_V)> <Delay = 0.12> <CoreInst = "LogicGate">   --->   Core 74 'LogicGate' <Latency = 0> <II = 1> <Delay = 0.12> <FuncUnit> <Opcode : 'and' 'or' 'xor'> <InPorts = 2> <OutPorts = 1>
ST_1 : Operation 32 [1/1] (0.38ns)   --->   "%store_ln567 = store i1 %xor_ln947, i1 %ls_writeRemainder_2" [/mnt/scratch/pyuvaraj/Vitis_RoCE_W/Vitis_RoCE/fpga-network-stack/hls/rocev2/../ib_transport_protocol/../axi_utils.hpp:567]   --->   Operation 32 'store' 'store_ln567' <Predicate = (!ls_writeRemainder_2_load & tmp_159_i & currWord_last_V)> <Delay = 0.38>
ST_1 : Operation 33 [1/1] (0.38ns)   --->   "%br_ln568 = br void %mergeST.i" [/mnt/scratch/pyuvaraj/Vitis_RoCE_W/Vitis_RoCE/fpga-network-stack/hls/rocev2/../ib_transport_protocol/../axi_utils.hpp:568]   --->   Operation 33 'br' 'br_ln568' <Predicate = (!ls_writeRemainder_2_load & tmp_159_i & currWord_last_V)> <Delay = 0.38>
ST_1 : Operation 34 [1/1] (0.00ns)   --->   "%br_ln0 = br void %lshiftWordByOctet<512, 12>.exit"   --->   Operation 34 'br' 'br_ln0' <Predicate = (!ls_writeRemainder_2_load)> <Delay = 0.00>
ST_1 : Operation 35 [1/1] (0.00ns)   --->   "%tmp_i4 = partselect i32 @_ssdm_op_PartSelect.i32.i512.i32.i32, i512 %p_Val2_s, i32 480, i32 511"   --->   Operation 35 'partselect' 'tmp_i4' <Predicate = (ls_writeRemainder_2_load)> <Delay = 0.00>
ST_1 : Operation 36 [1/1] (0.00ns)   --->   "%tmp_i5 = partselect i4 @_ssdm_op_PartSelect.i4.i64.i32.i32, i64 %p_Val2_24, i32 60, i32 63"   --->   Operation 36 'partselect' 'tmp_i5' <Predicate = (ls_writeRemainder_2_load)> <Delay = 0.00>
ST_1 : Operation 37 [1/1] (0.38ns)   --->   "%store_ln528 = store i1 0, i1 %ls_writeRemainder_2" [/mnt/scratch/pyuvaraj/Vitis_RoCE_W/Vitis_RoCE/fpga-network-stack/hls/rocev2/../ib_transport_protocol/../axi_utils.hpp:528]   --->   Operation 37 'store' 'store_ln528' <Predicate = (ls_writeRemainder_2_load)> <Delay = 0.38>

State 2 <SV = 1> <Delay = 1.74>
ST_2 : Operation 38 [1/1] (0.00ns)   --->   "%ls_firstWord_2_load = load i1 %ls_firstWord_2" [/mnt/scratch/pyuvaraj/Vitis_RoCE_W/Vitis_RoCE/fpga-network-stack/hls/rocev2/../ib_transport_protocol/../axi_utils.hpp:541]   --->   Operation 38 'load' 'ls_firstWord_2_load' <Predicate = (!ls_writeRemainder_2_load & tmp_159_i)> <Delay = 0.00>
ST_2 : Operation 39 [1/1] (0.00ns)   --->   "%p_Result_s = bitconcatenate i512 @_ssdm_op_BitConcatenate.i512.i480.i32, i480 %trunc_ln674, i32 0"   --->   Operation 39 'bitconcatenate' 'p_Result_s' <Predicate = (!ls_writeRemainder_2_load & tmp_159_i)> <Delay = 0.00>
ST_2 : Operation 40 [1/1] (0.00ns)   --->   "%p_Result_16 = bitconcatenate i64 @_ssdm_op_BitConcatenate.i64.i60.i4, i60 %tmp_161_i7, i4 15"   --->   Operation 40 'bitconcatenate' 'p_Result_16' <Predicate = (!ls_writeRemainder_2_load & tmp_159_i)> <Delay = 0.00>
ST_2 : Operation 41 [1/1] (0.00ns)   --->   "%p_Result_17 = bitconcatenate i512 @_ssdm_op_BitConcatenate.i512.i480.i32, i480 %trunc_ln674, i32 %tmp_163_i9"   --->   Operation 41 'bitconcatenate' 'p_Result_17' <Predicate = (!ls_writeRemainder_2_load & tmp_159_i)> <Delay = 0.00>
ST_2 : Operation 42 [1/1] (0.00ns)   --->   "%p_Result_18 = bitconcatenate i64 @_ssdm_op_BitConcatenate.i64.i60.i4, i60 %tmp_161_i7, i4 %tmp_164_i"   --->   Operation 42 'bitconcatenate' 'p_Result_18' <Predicate = (!ls_writeRemainder_2_load & tmp_159_i)> <Delay = 0.00>
ST_2 : Operation 43 [1/1] (0.57ns)   --->   "%sendWord_data_V_6 = select i1 %ls_firstWord_2_load, i512 %p_Result_s, i512 %p_Result_17" [/mnt/scratch/pyuvaraj/Vitis_RoCE_W/Vitis_RoCE/fpga-network-stack/hls/rocev2/../ib_transport_protocol/../axi_utils.hpp:541]   --->   Operation 43 'select' 'sendWord_data_V_6' <Predicate = (!ls_writeRemainder_2_load & tmp_159_i)> <Delay = 0.57> <CoreInst = "Sel">   --->   Core 73 'Sel' <Latency = 0> <II = 1> <Delay = 0.57> <FuncUnit> <Opcode : 'select'> <InPorts = 3> <OutPorts = 1>
ST_2 : Operation 44 [1/1] (0.41ns)   --->   "%select_ln541 = select i1 %ls_firstWord_2_load, i64 %p_Result_16, i64 %p_Result_18" [/mnt/scratch/pyuvaraj/Vitis_RoCE_W/Vitis_RoCE/fpga-network-stack/hls/rocev2/../ib_transport_protocol/../axi_utils.hpp:541]   --->   Operation 44 'select' 'select_ln541' <Predicate = (!ls_writeRemainder_2_load & tmp_159_i)> <Delay = 0.41> <CoreInst = "Sel">   --->   Core 73 'Sel' <Latency = 0> <II = 1> <Delay = 0.41> <FuncUnit> <Opcode : 'select'> <InPorts = 3> <OutPorts = 1>
ST_2 : Operation 45 [1/1] (0.00ns)   --->   "%or_ln174_i = bitconcatenate i578 @_ssdm_op_BitConcatenate.i578.i1.i1.i64.i512, i1 0, i1 %sendWord_last_V, i64 %select_ln541, i512 %sendWord_data_V_6" [/tools/Xilinx/Vitis_HLS/2022.1/common/technology/autopilot/hls_stream_39.h:174]   --->   Operation 45 'bitconcatenate' 'or_ln174_i' <Predicate = (!ls_writeRemainder_2_load & tmp_159_i)> <Delay = 0.00>
ST_2 : Operation 46 [1/1] (0.00ns)   --->   "%zext_ln174_62 = zext i578 %or_ln174_i" [/tools/Xilinx/Vitis_HLS/2022.1/common/technology/autopilot/hls_stream_39.h:174]   --->   Operation 46 'zext' 'zext_ln174_62' <Predicate = (!ls_writeRemainder_2_load & tmp_159_i)> <Delay = 0.00>
ST_2 : Operation 47 [1/1] (1.16ns)   --->   "%write_ln174 = write void @_ssdm_op_Write.ap_fifo.volatile.i1024P0A, i1024 %tx_aethShift2payFifo, i1024 %zext_ln174_62" [/tools/Xilinx/Vitis_HLS/2022.1/common/technology/autopilot/hls_stream_39.h:174]   --->   Operation 47 'write' 'write_ln174' <Predicate = (!ls_writeRemainder_2_load & tmp_159_i)> <Delay = 1.16> <CoreInst = "FIFO_SRL">   --->   Core 81 'FIFO_SRL' <Latency = 0> <II = 1> <Delay = 1.33> <Storage> <Opcode : 'read' 'write' 'nbread' 'nbwrite'> <Ports = 0> <Width = 1024> <Depth = 2> <FIFO>
ST_2 : Operation 48 [1/1] (0.00ns)   --->   "%ls_firstWord_6_new_0_i = phi i1 1, void %if.then109.i, i1 0, void %if.then22.i_ifconv"   --->   Operation 48 'phi' 'ls_firstWord_6_new_0_i' <Predicate = (!ls_writeRemainder_2_load & tmp_159_i)> <Delay = 0.00>
ST_2 : Operation 49 [1/1] (0.00ns)   --->   "%store_ln563 = store i1 %ls_firstWord_6_new_0_i, i1 %ls_firstWord_2" [/mnt/scratch/pyuvaraj/Vitis_RoCE_W/Vitis_RoCE/fpga-network-stack/hls/rocev2/../ib_transport_protocol/../axi_utils.hpp:563]   --->   Operation 49 'store' 'store_ln563' <Predicate = (!ls_writeRemainder_2_load & tmp_159_i)> <Delay = 0.00>
ST_2 : Operation 50 [1/1] (0.00ns)   --->   "%br_ln570 = br void %if.end114.i" [/mnt/scratch/pyuvaraj/Vitis_RoCE_W/Vitis_RoCE/fpga-network-stack/hls/rocev2/../ib_transport_protocol/../axi_utils.hpp:570]   --->   Operation 50 'br' 'br_ln570' <Predicate = (!ls_writeRemainder_2_load & tmp_159_i)> <Delay = 0.00>
ST_2 : Operation 51 [1/1] (0.00ns)   --->   "%zext_ln174_cast = bitconcatenate i577 @_ssdm_op_BitConcatenate.i577.i61.i4.i480.i32, i61 1152921504606846976, i4 %tmp_i5, i480 0, i32 %tmp_i4" [/tools/Xilinx/Vitis_HLS/2022.1/common/technology/autopilot/hls_stream_39.h:174]   --->   Operation 51 'bitconcatenate' 'zext_ln174_cast' <Predicate = (ls_writeRemainder_2_load)> <Delay = 0.00>
ST_2 : Operation 52 [1/1] (0.00ns)   --->   "%zext_ln174 = zext i577 %zext_ln174_cast" [/tools/Xilinx/Vitis_HLS/2022.1/common/technology/autopilot/hls_stream_39.h:174]   --->   Operation 52 'zext' 'zext_ln174' <Predicate = (ls_writeRemainder_2_load)> <Delay = 0.00>
ST_2 : Operation 53 [1/1] (1.16ns)   --->   "%write_ln174 = write void @_ssdm_op_Write.ap_fifo.volatile.i1024P0A, i1024 %tx_aethShift2payFifo, i1024 %zext_ln174" [/tools/Xilinx/Vitis_HLS/2022.1/common/technology/autopilot/hls_stream_39.h:174]   --->   Operation 53 'write' 'write_ln174' <Predicate = (ls_writeRemainder_2_load)> <Delay = 1.16> <CoreInst = "FIFO_SRL">   --->   Core 81 'FIFO_SRL' <Latency = 0> <II = 1> <Delay = 1.33> <Storage> <Opcode : 'read' 'write' 'nbread' 'nbwrite'> <Ports = 0> <Width = 1024> <Depth = 2> <FIFO>
ST_2 : Operation 54 [1/1] (0.00ns)   --->   "%br_ln529 = br void %lshiftWordByOctet<512, 12>.exit" [/mnt/scratch/pyuvaraj/Vitis_RoCE_W/Vitis_RoCE/fpga-network-stack/hls/rocev2/../ib_transport_protocol/../axi_utils.hpp:529]   --->   Operation 54 'br' 'br_ln529' <Predicate = (ls_writeRemainder_2_load)> <Delay = 0.00>
ST_2 : Operation 55 [1/1] (0.00ns)   --->   "%ret_ln0 = ret"   --->   Operation 55 'ret' 'ret_ln0' <Predicate = true> <Delay = 0.00>


============================================================
+ Verbose Summary: Binding
============================================================
STG Binding: 
---------------- STG Properties BEGIN ----------------
- Is combinational: 0
- Is one-state seq: 0
- Is datapath-only: 0
- Is pipelined: 1
- Is top level: 0
Port [ Return ] is wired: 1; IO mode=ap_ctrl_hs:ce=0
Port [ ls_writeRemainder_2]:  wired=0; compound=0; hidden=1; nouse=0; global=1; static=1; extern=0; dir=2; type=0; pingpong=0; private_global=1; IO mode=ap_ovld:ce=0
Port [ prevWord_data_V_3]:  wired=0; compound=0; hidden=1; nouse=0; global=1; static=1; extern=0; dir=2; type=0; pingpong=0; private_global=1; IO mode=ap_ovld:ce=0
Port [ prevWord_keep_V_9]:  wired=0; compound=0; hidden=1; nouse=0; global=1; static=1; extern=0; dir=2; type=0; pingpong=0; private_global=1; IO mode=ap_ovld:ce=0
Port [ tx_aethShift2payFifo]:  wired=1; compound=1; hidden=0; nouse=0; global=1; static=1; extern=0; dir=1; type=3; pingpong=0; private_global=0; IO mode=ap_fifo:ce=0
Port [ tx_split2aethShift]:  wired=1; compound=1; hidden=0; nouse=0; global=1; static=1; extern=0; dir=0; type=3; pingpong=0; private_global=0; IO mode=ap_fifo:ce=0
Port [ ls_firstWord_2]:  wired=0; compound=0; hidden=1; nouse=0; global=1; static=1; extern=0; dir=2; type=0; pingpong=0; private_global=1; IO mode=ap_ovld:ce=0
---------------- STG Properties END ------------------

---------------- Datapath Model BEGIN ----------------

<LifeTime>
<method=bitvector/>
specinterface_ln0        (specinterface ) [ 000]
specinterface_ln0        (specinterface ) [ 000]
specinterface_ln0        (specinterface ) [ 000]
specinterface_ln0        (specinterface ) [ 000]
specinterface_ln0        (specinterface ) [ 000]
specinterface_ln0        (specinterface ) [ 000]
specinterface_ln0        (specinterface ) [ 000]
specinterface_ln0        (specinterface ) [ 000]
specpipeline_ln505       (specpipeline  ) [ 000]
ls_writeRemainder_2_load (load          ) [ 011]
p_Val2_s                 (load          ) [ 000]
p_Val2_24                (load          ) [ 000]
br_ln519                 (br            ) [ 000]
tmp_159_i                (nbreadreq     ) [ 011]
br_ln530                 (br            ) [ 000]
tx_split2aethShift_read  (read          ) [ 000]
currWord_data_V          (trunc         ) [ 000]
currWord_keep_V          (partselect    ) [ 000]
currWord_last_V          (bitselect     ) [ 010]
trunc_ln674              (trunc         ) [ 011]
tmp_161_i7               (partselect    ) [ 011]
tmp_162_i8               (partselect    ) [ 000]
sendWord_last_V          (icmp          ) [ 011]
tmp_163_i9               (partselect    ) [ 011]
tmp_164_i                (partselect    ) [ 011]
store_ln562              (store         ) [ 000]
store_ln562              (store         ) [ 000]
br_ln564                 (br            ) [ 011]
xor_ln947                (xor           ) [ 000]
store_ln567              (store         ) [ 000]
br_ln568                 (br            ) [ 011]
br_ln0                   (br            ) [ 000]
tmp_i4                   (partselect    ) [ 011]
tmp_i5                   (partselect    ) [ 011]
store_ln528              (store         ) [ 000]
ls_firstWord_2_load      (load          ) [ 000]
p_Result_s               (bitconcatenate) [ 000]
p_Result_16              (bitconcatenate) [ 000]
p_Result_17              (bitconcatenate) [ 000]
p_Result_18              (bitconcatenate) [ 000]
sendWord_data_V_6        (select        ) [ 000]
select_ln541             (select        ) [ 000]
or_ln174_i               (bitconcatenate) [ 000]
zext_ln174_62            (zext          ) [ 000]
write_ln174              (write         ) [ 000]
ls_firstWord_6_new_0_i   (phi           ) [ 011]
store_ln563              (store         ) [ 000]
br_ln570                 (br            ) [ 000]
zext_ln174_cast          (bitconcatenate) [ 000]
zext_ln174               (zext          ) [ 000]
write_ln174              (write         ) [ 000]
br_ln529                 (br            ) [ 000]
ret_ln0                  (ret           ) [ 000]
</LifeTime>

<model>

<comp_list>
<comp id="0" class="1000" name="ls_writeRemainder_2">
<pin_list>
<pin id="1" dir="1" index="0" bw="1" slack="0"/>
</pin_list>
<bind>
<StgValue><ssdm name="ls_writeRemainder_2"/></StgValue>
</bind>
</comp>

<comp id="2" class="1000" name="prevWord_data_V_3">
<pin_list>
<pin id="3" dir="1" index="0" bw="1" slack="0"/>
</pin_list>
<bind>
<StgValue><ssdm name="prevWord_data_V_3"/></StgValue>
</bind>
</comp>

<comp id="4" class="1000" name="prevWord_keep_V_9">
<pin_list>
<pin id="5" dir="1" index="0" bw="1" slack="0"/>
</pin_list>
<bind>
<StgValue><ssdm name="prevWord_keep_V_9"/></StgValue>
</bind>
</comp>

<comp id="6" class="1000" name="tx_aethShift2payFifo">
<pin_list>
<pin id="7" dir="1" index="0" bw="1" slack="0"/>
</pin_list>
<bind>
<StgValue><ssdm name="tx_aethShift2payFifo"/></StgValue>
</bind>
</comp>

<comp id="8" class="1000" name="tx_split2aethShift">
<pin_list>
<pin id="9" dir="1" index="0" bw="1" slack="0"/>
</pin_list>
<bind>
<StgValue><ssdm name="tx_split2aethShift"/></StgValue>
</bind>
</comp>

<comp id="10" class="1000" name="ls_firstWord_2">
<pin_list>
<pin id="11" dir="1" index="0" bw="1" slack="0"/>
</pin_list>
<bind>
<StgValue><ssdm name="ls_firstWord_2"/></StgValue>
</bind>
</comp>

<comp id="12" class="1001" name="const_12">
<pin_list>
<pin id="13" dir="1" index="0" bw="1" slack="2147483647"/>
</pin_list>
<bind>
<StgValue><ssdm name="_ssdm_op_SpecInterface"/></StgValue>
</bind>
</comp>

<comp id="14" class="1001" name="const_14">
<pin_list>
<pin id="15" dir="1" index="0" bw="1" slack="2147483647"/>
</pin_list>
<bind>
<StgValue><ssdm name="empty_5"/></StgValue>
</bind>
</comp>

<comp id="16" class="1001" name="const_16">
<pin_list>
<pin id="17" dir="1" index="0" bw="1" slack="0"/>
</pin_list>
<bind>
<StgValue><ssdm name=""/></StgValue>
</bind>
</comp>

<comp id="18" class="1001" name="const_18">
<pin_list>
<pin id="19" dir="1" index="0" bw="1" slack="2147483647"/>
</pin_list>
<bind>
<StgValue><ssdm name="empty"/></StgValue>
</bind>
</comp>

<comp id="20" class="1001" name="const_20">
<pin_list>
<pin id="21" dir="1" index="0" bw="1" slack="2147483647"/>
</pin_list>
<bind>
<StgValue><ssdm name=""/></StgValue>
</bind>
</comp>

<comp id="22" class="1001" name="const_22">
<pin_list>
<pin id="23" dir="1" index="0" bw="1" slack="2147483647"/>
</pin_list>
<bind>
<StgValue><ssdm name="_ssdm_op_SpecPipeline"/></StgValue>
</bind>
</comp>

<comp id="24" class="1001" name="const_24">
<pin_list>
<pin id="25" dir="1" index="0" bw="1" slack="0"/>
</pin_list>
<bind>
<StgValue><ssdm name=""/></StgValue>
</bind>
</comp>

<comp id="26" class="1001" name="const_26">
<pin_list>
<pin id="27" dir="1" index="0" bw="1" slack="0"/>
</pin_list>
<bind>
<StgValue><ssdm name="_ssdm_op_NbReadReq.ap_fifo.i1024P0A"/></StgValue>
</bind>
</comp>

<comp id="28" class="1001" name="const_28">
<pin_list>
<pin id="29" dir="1" index="0" bw="1" slack="0"/>
</pin_list>
<bind>
<StgValue><ssdm name="_ssdm_op_Read.ap_fifo.volatile.i1024P0A"/></StgValue>
</bind>
</comp>

<comp id="30" class="1001" name="const_30">
<pin_list>
<pin id="31" dir="1" index="0" bw="1" slack="0"/>
</pin_list>
<bind>
<StgValue><ssdm name="_ssdm_op_PartSelect.i64.i1024.i32.i32"/></StgValue>
</bind>
</comp>

<comp id="32" class="1001" name="const_32">
<pin_list>
<pin id="33" dir="1" index="0" bw="1" slack="0"/>
</pin_list>
<bind>
<StgValue><ssdm name=""/></StgValue>
</bind>
</comp>

<comp id="34" class="1001" name="const_34">
<pin_list>
<pin id="35" dir="1" index="0" bw="1" slack="0"/>
</pin_list>
<bind>
<StgValue><ssdm name=""/></StgValue>
</bind>
</comp>

<comp id="36" class="1001" name="const_36">
<pin_list>
<pin id="37" dir="1" index="0" bw="1" slack="0"/>
</pin_list>
<bind>
<StgValue><ssdm name="_ssdm_op_BitSelect.i1.i1024.i1024"/></StgValue>
</bind>
</comp>

<comp id="38" class="1001" name="const_38">
<pin_list>
<pin id="39" dir="1" index="0" bw="1" slack="0"/>
</pin_list>
<bind>
<StgValue><ssdm name=""/></StgValue>
</bind>
</comp>

<comp id="40" class="1001" name="const_40">
<pin_list>
<pin id="41" dir="1" index="0" bw="1" slack="0"/>
</pin_list>
<bind>
<StgValue><ssdm name="_ssdm_op_PartSelect.i60.i1024.i32.i32"/></StgValue>
</bind>
</comp>

<comp id="42" class="1001" name="const_42">
<pin_list>
<pin id="43" dir="1" index="0" bw="1" slack="0"/>
</pin_list>
<bind>
<StgValue><ssdm name=""/></StgValue>
</bind>
</comp>

<comp id="44" class="1001" name="const_44">
<pin_list>
<pin id="45" dir="1" index="0" bw="1" slack="0"/>
</pin_list>
<bind>
<StgValue><ssdm name="_ssdm_op_PartSelect.i4.i1024.i32.i32"/></StgValue>
</bind>
</comp>

<comp id="46" class="1001" name="const_46">
<pin_list>
<pin id="47" dir="1" index="0" bw="1" slack="0"/>
</pin_list>
<bind>
<StgValue><ssdm name=""/></StgValue>
</bind>
</comp>

<comp id="48" class="1001" name="const_48">
<pin_list>
<pin id="49" dir="1" index="0" bw="1" slack="0"/>
</pin_list>
<bind>
<StgValue><ssdm name=""/></StgValue>
</bind>
</comp>

<comp id="50" class="1001" name="const_50">
<pin_list>
<pin id="51" dir="1" index="0" bw="1" slack="0"/>
</pin_list>
<bind>
<StgValue><ssdm name="_ssdm_op_PartSelect.i32.i512.i32.i32"/></StgValue>
</bind>
</comp>

<comp id="52" class="1001" name="const_52">
<pin_list>
<pin id="53" dir="1" index="0" bw="1" slack="0"/>
</pin_list>
<bind>
<StgValue><ssdm name=""/></StgValue>
</bind>
</comp>

<comp id="54" class="1001" name="const_54">
<pin_list>
<pin id="55" dir="1" index="0" bw="1" slack="0"/>
</pin_list>
<bind>
<StgValue><ssdm name=""/></StgValue>
</bind>
</comp>

<comp id="56" class="1001" name="const_56">
<pin_list>
<pin id="57" dir="1" index="0" bw="1" slack="0"/>
</pin_list>
<bind>
<StgValue><ssdm name="_ssdm_op_PartSelect.i4.i64.i32.i32"/></StgValue>
</bind>
</comp>

<comp id="58" class="1001" name="const_58">
<pin_list>
<pin id="59" dir="1" index="0" bw="1" slack="0"/>
</pin_list>
<bind>
<StgValue><ssdm name=""/></StgValue>
</bind>
</comp>

<comp id="60" class="1001" name="const_60">
<pin_list>
<pin id="61" dir="1" index="0" bw="1" slack="0"/>
</pin_list>
<bind>
<StgValue><ssdm name=""/></StgValue>
</bind>
</comp>

<comp id="62" class="1001" name="const_62">
<pin_list>
<pin id="63" dir="1" index="0" bw="1" slack="0"/>
</pin_list>
<bind>
<StgValue><ssdm name=""/></StgValue>
</bind>
</comp>

<comp id="64" class="1001" name="const_64">
<pin_list>
<pin id="65" dir="1" index="0" bw="1" slack="0"/>
</pin_list>
<bind>
<StgValue><ssdm name=""/></StgValue>
</bind>
</comp>

<comp id="66" class="1001" name="const_66">
<pin_list>
<pin id="67" dir="1" index="0" bw="1" slack="0"/>
</pin_list>
<bind>
<StgValue><ssdm name="_ssdm_op_BitConcatenate.i512.i480.i32"/></StgValue>
</bind>
</comp>

<comp id="68" class="1001" name="const_68">
<pin_list>
<pin id="69" dir="1" index="0" bw="1" slack="0"/>
</pin_list>
<bind>
<StgValue><ssdm name="_ssdm_op_BitConcatenate.i64.i60.i4"/></StgValue>
</bind>
</comp>

<comp id="70" class="1001" name="const_70">
<pin_list>
<pin id="71" dir="1" index="0" bw="1" slack="0"/>
</pin_list>
<bind>
<StgValue><ssdm name=""/></StgValue>
</bind>
</comp>

<comp id="72" class="1001" name="const_72">
<pin_list>
<pin id="73" dir="1" index="0" bw="1" slack="0"/>
</pin_list>
<bind>
<StgValue><ssdm name="_ssdm_op_BitConcatenate.i578.i1.i1.i64.i512"/></StgValue>
</bind>
</comp>

<comp id="74" class="1001" name="const_74">
<pin_list>
<pin id="75" dir="1" index="0" bw="1" slack="0"/>
</pin_list>
<bind>
<StgValue><ssdm name="_ssdm_op_Write.ap_fifo.volatile.i1024P0A"/></StgValue>
</bind>
</comp>

<comp id="76" class="1001" name="const_76">
<pin_list>
<pin id="77" dir="1" index="0" bw="1" slack="0"/>
</pin_list>
<bind>
<StgValue><ssdm name="_ssdm_op_BitConcatenate.i577.i61.i4.i480.i32"/></StgValue>
</bind>
</comp>

<comp id="78" class="1001" name="const_78">
<pin_list>
<pin id="79" dir="1" index="0" bw="1" slack="0"/>
</pin_list>
<bind>
<StgValue><ssdm name=""/></StgValue>
</bind>
</comp>

<comp id="80" class="1001" name="const_80">
<pin_list>
<pin id="81" dir="1" index="0" bw="1" slack="0"/>
</pin_list>
<bind>
<StgValue><ssdm name=""/></StgValue>
</bind>
</comp>

<comp id="82" class="1004" name="tmp_159_i_nbreadreq_fu_82">
<pin_list>
<pin id="83" dir="0" index="0" bw="1" slack="0"/>
<pin id="84" dir="0" index="1" bw="1024" slack="0"/>
<pin id="85" dir="0" index="2" bw="1" slack="0"/>
<pin id="86" dir="1" index="3" bw="1" slack="1"/>
</pin_list>
<bind>
<opcode="nbreadreq(1156) " fcode="nbreadreq"/>
<opset="tmp_159_i/1 "/>
</bind>
</comp>

<comp id="90" class="1004" name="tx_split2aethShift_read_read_fu_90">
<pin_list>
<pin id="91" dir="0" index="0" bw="1024" slack="0"/>
<pin id="92" dir="0" index="1" bw="1024" slack="0"/>
<pin id="93" dir="1" index="2" bw="1024" slack="0"/>
</pin_list>
<bind>
<opcode="read(1150) " fcode="read"/>
<opset="tx_split2aethShift_read/1 "/>
</bind>
</comp>

<comp id="96" class="1004" name="grp_write_fu_96">
<pin_list>
<pin id="97" dir="0" index="0" bw="0" slack="0"/>
<pin id="98" dir="0" index="1" bw="1024" slack="0"/>
<pin id="99" dir="0" index="2" bw="578" slack="0"/>
<pin id="100" dir="1" index="3" bw="0" slack="2147483647"/>
</pin_list>
<bind>
<opcode="write(1151) " fcode="write"/>
<opset="write_ln174/2 write_ln174/2 "/>
</bind>
</comp>

<comp id="103" class="1005" name="ls_firstWord_6_new_0_i_reg_103">
<pin_list>
<pin id="104" dir="0" index="0" bw="1" slack="1"/>
<pin id="105" dir="1" index="1" bw="1" slack="1"/>
</pin_list>
<bind>
<opset="ls_firstWord_6_new_0_i (phireg) "/>
</bind>
</comp>

<comp id="108" class="1004" name="ls_firstWord_6_new_0_i_phi_fu_108">
<pin_list>
<pin id="109" dir="0" index="0" bw="1" slack="1"/>
<pin id="110" dir="0" index="1" bw="0" slack="2147483647"/>
<pin id="111" dir="0" index="2" bw="1" slack="1"/>
<pin id="112" dir="0" index="3" bw="0" slack="2147483647"/>
<pin id="113" dir="1" index="4" bw="1" slack="0"/>
</pin_list>
<bind>
<opcode="phi(47) " fcode="phi"/>
<opset="ls_firstWord_6_new_0_i/2 "/>
</bind>
</comp>

<comp id="116" class="1004" name="grp_fu_116">
<pin_list>
<pin id="117" dir="0" index="0" bw="32" slack="0"/>
<pin id="118" dir="0" index="1" bw="512" slack="0"/>
<pin id="119" dir="0" index="2" bw="10" slack="0"/>
<pin id="120" dir="0" index="3" bw="10" slack="0"/>
<pin id="121" dir="1" index="4" bw="32" slack="1"/>
</pin_list>
<bind>
<opcode="partselect(1002) " fcode="partselect"/>
<opset="tmp_163_i9/1 tmp_i4/1 "/>
</bind>
</comp>

<comp id="125" class="1004" name="grp_fu_125">
<pin_list>
<pin id="126" dir="0" index="0" bw="4" slack="0"/>
<pin id="127" dir="0" index="1" bw="64" slack="0"/>
<pin id="128" dir="0" index="2" bw="7" slack="0"/>
<pin id="129" dir="0" index="3" bw="7" slack="0"/>
<pin id="130" dir="1" index="4" bw="4" slack="1"/>
</pin_list>
<bind>
<opcode="partselect(1002) " fcode="partselect"/>
<opset="tmp_164_i/1 tmp_i5/1 "/>
</bind>
</comp>

<comp id="134" class="1005" name="reg_134">
<pin_list>
<pin id="135" dir="0" index="0" bw="32" slack="1"/>
<pin id="136" dir="1" index="1" bw="32" slack="1"/>
</pin_list>
<bind>
<opset="tmp_163_i9 tmp_i4 "/>
</bind>
</comp>

<comp id="138" class="1005" name="reg_138">
<pin_list>
<pin id="139" dir="0" index="0" bw="4" slack="1"/>
<pin id="140" dir="1" index="1" bw="4" slack="1"/>
</pin_list>
<bind>
<opset="tmp_164_i tmp_i5 "/>
</bind>
</comp>

<comp id="142" class="1004" name="ls_writeRemainder_2_load_load_fu_142">
<pin_list>
<pin id="143" dir="0" index="0" bw="1" slack="0"/>
<pin id="144" dir="1" index="1" bw="1" slack="1"/>
</pin_list>
<bind>
<opcode="load(27) " fcode="load"/>
<opset="ls_writeRemainder_2_load/1 "/>
</bind>
</comp>

<comp id="146" class="1004" name="p_Val2_s_load_fu_146">
<pin_list>
<pin id="147" dir="0" index="0" bw="512" slack="0"/>
<pin id="148" dir="1" index="1" bw="512" slack="0"/>
</pin_list>
<bind>
<opcode="load(27) " fcode="load"/>
<opset="p_Val2_s/1 "/>
</bind>
</comp>

<comp id="151" class="1004" name="p_Val2_24_load_fu_151">
<pin_list>
<pin id="152" dir="0" index="0" bw="64" slack="0"/>
<pin id="153" dir="1" index="1" bw="64" slack="0"/>
</pin_list>
<bind>
<opcode="load(27) " fcode="load"/>
<opset="p_Val2_24/1 "/>
</bind>
</comp>

<comp id="156" class="1004" name="currWord_data_V_fu_156">
<pin_list>
<pin id="157" dir="0" index="0" bw="1024" slack="0"/>
<pin id="158" dir="1" index="1" bw="512" slack="0"/>
</pin_list>
<bind>
<opcode="trunc(33) " fcode="trunc"/>
<opset="currWord_data_V/1 "/>
</bind>
</comp>

<comp id="160" class="1004" name="currWord_keep_V_fu_160">
<pin_list>
<pin id="161" dir="0" index="0" bw="64" slack="0"/>
<pin id="162" dir="0" index="1" bw="1024" slack="0"/>
<pin id="163" dir="0" index="2" bw="11" slack="0"/>
<pin id="164" dir="0" index="3" bw="11" slack="0"/>
<pin id="165" dir="1" index="4" bw="64" slack="0"/>
</pin_list>
<bind>
<opcode="partselect(1002) " fcode="partselect"/>
<opset="currWord_keep_V/1 "/>
</bind>
</comp>

<comp id="170" class="1004" name="currWord_last_V_fu_170">
<pin_list>
<pin id="171" dir="0" index="0" bw="1" slack="0"/>
<pin id="172" dir="0" index="1" bw="1024" slack="0"/>
<pin id="173" dir="0" index="2" bw="11" slack="0"/>
<pin id="174" dir="1" index="3" bw="1" slack="2147483647"/>
</pin_list>
<bind>
<opcode="bitselect(1000) " fcode="bitselect"/>
<opset="currWord_last_V/1 "/>
</bind>
</comp>

<comp id="178" class="1004" name="trunc_ln674_fu_178">
<pin_list>
<pin id="179" dir="0" index="0" bw="1024" slack="0"/>
<pin id="180" dir="1" index="1" bw="480" slack="1"/>
</pin_list>
<bind>
<opcode="trunc(33) " fcode="trunc"/>
<opset="trunc_ln674/1 "/>
</bind>
</comp>

<comp id="182" class="1004" name="tmp_161_i7_fu_182">
<pin_list>
<pin id="183" dir="0" index="0" bw="60" slack="0"/>
<pin id="184" dir="0" index="1" bw="1024" slack="0"/>
<pin id="185" dir="0" index="2" bw="11" slack="0"/>
<pin id="186" dir="0" index="3" bw="11" slack="0"/>
<pin id="187" dir="1" index="4" bw="60" slack="1"/>
</pin_list>
<bind>
<opcode="partselect(1002) " fcode="partselect"/>
<opset="tmp_161_i7/1 "/>
</bind>
</comp>

<comp id="192" class="1004" name="tmp_162_i8_fu_192">
<pin_list>
<pin id="193" dir="0" index="0" bw="4" slack="0"/>
<pin id="194" dir="0" index="1" bw="1024" slack="0"/>
<pin id="195" dir="0" index="2" bw="11" slack="0"/>
<pin id="196" dir="0" index="3" bw="11" slack="0"/>
<pin id="197" dir="1" index="4" bw="4" slack="0"/>
</pin_list>
<bind>
<opcode="partselect(1002) " fcode="partselect"/>
<opset="tmp_162_i8/1 "/>
</bind>
</comp>

<comp id="202" class="1004" name="sendWord_last_V_fu_202">
<pin_list>
<pin id="203" dir="0" index="0" bw="4" slack="0"/>
<pin id="204" dir="0" index="1" bw="1" slack="0"/>
<pin id="205" dir="1" index="2" bw="1" slack="0"/>
</pin_list>
<bind>
<opcode="icmp(45) " fcode="icmp"/>
<opset="sendWord_last_V/1 "/>
</bind>
</comp>

<comp id="208" class="1004" name="store_ln562_store_fu_208">
<pin_list>
<pin id="209" dir="0" index="0" bw="512" slack="0"/>
<pin id="210" dir="0" index="1" bw="512" slack="0"/>
<pin id="211" dir="1" index="2" bw="0" slack="2147483647"/>
</pin_list>
<bind>
<opcode="store(28) " fcode="store"/>
<opset="store_ln562/1 "/>
</bind>
</comp>

<comp id="214" class="1004" name="store_ln562_store_fu_214">
<pin_list>
<pin id="215" dir="0" index="0" bw="64" slack="0"/>
<pin id="216" dir="0" index="1" bw="64" slack="0"/>
<pin id="217" dir="1" index="2" bw="0" slack="2147483647"/>
</pin_list>
<bind>
<opcode="store(28) " fcode="store"/>
<opset="store_ln562/1 "/>
</bind>
</comp>

<comp id="220" class="1004" name="xor_ln947_fu_220">
<pin_list>
<pin id="221" dir="0" index="0" bw="1" slack="0"/>
<pin id="222" dir="0" index="1" bw="1" slack="0"/>
<pin id="223" dir="1" index="2" bw="1" slack="0"/>
</pin_list>
<bind>
<opcode="xor(25) " fcode="xor"/>
<opset="xor_ln947/1 "/>
</bind>
</comp>

<comp id="226" class="1004" name="store_ln567_store_fu_226">
<pin_list>
<pin id="227" dir="0" index="0" bw="1" slack="0"/>
<pin id="228" dir="0" index="1" bw="1" slack="0"/>
<pin id="229" dir="1" index="2" bw="0" slack="2147483647"/>
</pin_list>
<bind>
<opcode="store(28) " fcode="store"/>
<opset="store_ln567/1 "/>
</bind>
</comp>

<comp id="232" class="1004" name="store_ln528_store_fu_232">
<pin_list>
<pin id="233" dir="0" index="0" bw="1" slack="0"/>
<pin id="234" dir="0" index="1" bw="1" slack="0"/>
<pin id="235" dir="1" index="2" bw="0" slack="2147483647"/>
</pin_list>
<bind>
<opcode="store(28) " fcode="store"/>
<opset="store_ln528/1 "/>
</bind>
</comp>

<comp id="238" class="1004" name="ls_firstWord_2_load_load_fu_238">
<pin_list>
<pin id="239" dir="0" index="0" bw="1" slack="0"/>
<pin id="240" dir="1" index="1" bw="1" slack="0"/>
</pin_list>
<bind>
<opcode="load(27) " fcode="load"/>
<opset="ls_firstWord_2_load/2 "/>
</bind>
</comp>

<comp id="242" class="1004" name="p_Result_s_fu_242">
<pin_list>
<pin id="243" dir="0" index="0" bw="512" slack="0"/>
<pin id="244" dir="0" index="1" bw="480" slack="1"/>
<pin id="245" dir="0" index="2" bw="1" slack="0"/>
<pin id="246" dir="1" index="3" bw="512" slack="0"/>
</pin_list>
<bind>
<opcode="bitconcatenate(1004) " fcode="bitconcatenate"/>
<opset="p_Result_s/2 "/>
</bind>
</comp>

<comp id="249" class="1004" name="p_Result_16_fu_249">
<pin_list>
<pin id="250" dir="0" index="0" bw="64" slack="0"/>
<pin id="251" dir="0" index="1" bw="60" slack="1"/>
<pin id="252" dir="0" index="2" bw="1" slack="0"/>
<pin id="253" dir="1" index="3" bw="64" slack="0"/>
</pin_list>
<bind>
<opcode="bitconcatenate(1004) " fcode="bitconcatenate"/>
<opset="p_Result_16/2 "/>
</bind>
</comp>

<comp id="256" class="1004" name="p_Result_17_fu_256">
<pin_list>
<pin id="257" dir="0" index="0" bw="512" slack="0"/>
<pin id="258" dir="0" index="1" bw="480" slack="1"/>
<pin id="259" dir="0" index="2" bw="32" slack="1"/>
<pin id="260" dir="1" index="3" bw="512" slack="0"/>
</pin_list>
<bind>
<opcode="bitconcatenate(1004) " fcode="bitconcatenate"/>
<opset="p_Result_17/2 "/>
</bind>
</comp>

<comp id="263" class="1004" name="p_Result_18_fu_263">
<pin_list>
<pin id="264" dir="0" index="0" bw="64" slack="0"/>
<pin id="265" dir="0" index="1" bw="60" slack="1"/>
<pin id="266" dir="0" index="2" bw="4" slack="1"/>
<pin id="267" dir="1" index="3" bw="64" slack="0"/>
</pin_list>
<bind>
<opcode="bitconcatenate(1004) " fcode="bitconcatenate"/>
<opset="p_Result_18/2 "/>
</bind>
</comp>

<comp id="270" class="1004" name="sendWord_data_V_6_fu_270">
<pin_list>
<pin id="271" dir="0" index="0" bw="1" slack="0"/>
<pin id="272" dir="0" index="1" bw="512" slack="0"/>
<pin id="273" dir="0" index="2" bw="512" slack="0"/>
<pin id="274" dir="1" index="3" bw="512" slack="0"/>
</pin_list>
<bind>
<opcode="select(49) " fcode="select"/>
<opset="sendWord_data_V_6/2 "/>
</bind>
</comp>

<comp id="278" class="1004" name="select_ln541_fu_278">
<pin_list>
<pin id="279" dir="0" index="0" bw="1" slack="0"/>
<pin id="280" dir="0" index="1" bw="64" slack="0"/>
<pin id="281" dir="0" index="2" bw="64" slack="0"/>
<pin id="282" dir="1" index="3" bw="64" slack="0"/>
</pin_list>
<bind>
<opcode="select(49) " fcode="select"/>
<opset="select_ln541/2 "/>
</bind>
</comp>

<comp id="286" class="1004" name="or_ln174_i_fu_286">
<pin_list>
<pin id="287" dir="0" index="0" bw="578" slack="0"/>
<pin id="288" dir="0" index="1" bw="1" slack="0"/>
<pin id="289" dir="0" index="2" bw="1" slack="1"/>
<pin id="290" dir="0" index="3" bw="64" slack="0"/>
<pin id="291" dir="0" index="4" bw="512" slack="0"/>
<pin id="292" dir="1" index="5" bw="578" slack="0"/>
</pin_list>
<bind>
<opcode="bitconcatenate(1004) " fcode="bitconcatenate"/>
<opset="or_ln174_i/2 "/>
</bind>
</comp>

<comp id="297" class="1004" name="zext_ln174_62_fu_297">
<pin_list>
<pin id="298" dir="0" index="0" bw="578" slack="0"/>
<pin id="299" dir="1" index="1" bw="1024" slack="0"/>
</pin_list>
<bind>
<opcode="zext(34) " fcode="zext"/>
<opset="zext_ln174_62/2 "/>
</bind>
</comp>

<comp id="302" class="1004" name="store_ln563_store_fu_302">
<pin_list>
<pin id="303" dir="0" index="0" bw="1" slack="0"/>
<pin id="304" dir="0" index="1" bw="1" slack="0"/>
<pin id="305" dir="1" index="2" bw="0" slack="2147483647"/>
</pin_list>
<bind>
<opcode="store(28) " fcode="store"/>
<opset="store_ln563/2 "/>
</bind>
</comp>

<comp id="308" class="1004" name="zext_ln174_cast_fu_308">
<pin_list>
<pin id="309" dir="0" index="0" bw="577" slack="0"/>
<pin id="310" dir="0" index="1" bw="61" slack="0"/>
<pin id="311" dir="0" index="2" bw="4" slack="1"/>
<pin id="312" dir="0" index="3" bw="1" slack="0"/>
<pin id="313" dir="0" index="4" bw="32" slack="1"/>
<pin id="314" dir="1" index="5" bw="577" slack="0"/>
</pin_list>
<bind>
<opcode="bitconcatenate(1004) " fcode="bitconcatenate"/>
<opset="zext_ln174_cast/2 "/>
</bind>
</comp>

<comp id="320" class="1004" name="zext_ln174_fu_320">
<pin_list>
<pin id="321" dir="0" index="0" bw="577" slack="0"/>
<pin id="322" dir="1" index="1" bw="1024" slack="0"/>
</pin_list>
<bind>
<opcode="zext(34) " fcode="zext"/>
<opset="zext_ln174/2 "/>
</bind>
</comp>

<comp id="325" class="1005" name="ls_writeRemainder_2_load_reg_325">
<pin_list>
<pin id="326" dir="0" index="0" bw="1" slack="1"/>
<pin id="327" dir="1" index="1" bw="1" slack="2147483647"/>
</pin_list>
<bind>
<opset="ls_writeRemainder_2_load "/>
</bind>
</comp>

<comp id="329" class="1005" name="tmp_159_i_reg_329">
<pin_list>
<pin id="330" dir="0" index="0" bw="1" slack="1"/>
<pin id="331" dir="1" index="1" bw="1" slack="2147483647"/>
</pin_list>
<bind>
<opset="tmp_159_i "/>
</bind>
</comp>

<comp id="336" class="1005" name="trunc_ln674_reg_336">
<pin_list>
<pin id="337" dir="0" index="0" bw="480" slack="1"/>
<pin id="338" dir="1" index="1" bw="480" slack="1"/>
</pin_list>
<bind>
<opset="trunc_ln674 "/>
</bind>
</comp>

<comp id="342" class="1005" name="tmp_161_i7_reg_342">
<pin_list>
<pin id="343" dir="0" index="0" bw="60" slack="1"/>
<pin id="344" dir="1" index="1" bw="60" slack="1"/>
</pin_list>
<bind>
<opset="tmp_161_i7 "/>
</bind>
</comp>

<comp id="348" class="1005" name="sendWord_last_V_reg_348">
<pin_list>
<pin id="349" dir="0" index="0" bw="1" slack="1"/>
<pin id="350" dir="1" index="1" bw="1" slack="1"/>
</pin_list>
<bind>
<opset="sendWord_last_V "/>
</bind>
</comp>

</comp_list>

<net_list>
<net id="87"><net_src comp="26" pin="0"/><net_sink comp="82" pin=0"/></net>

<net id="88"><net_src comp="8" pin="0"/><net_sink comp="82" pin=1"/></net>

<net id="89"><net_src comp="24" pin="0"/><net_sink comp="82" pin=2"/></net>

<net id="94"><net_src comp="28" pin="0"/><net_sink comp="90" pin=0"/></net>

<net id="95"><net_src comp="8" pin="0"/><net_sink comp="90" pin=1"/></net>

<net id="101"><net_src comp="74" pin="0"/><net_sink comp="96" pin=0"/></net>

<net id="102"><net_src comp="6" pin="0"/><net_sink comp="96" pin=1"/></net>

<net id="106"><net_src comp="62" pin="0"/><net_sink comp="103" pin=0"/></net>

<net id="107"><net_src comp="64" pin="0"/><net_sink comp="103" pin=0"/></net>

<net id="114"><net_src comp="103" pin="1"/><net_sink comp="108" pin=0"/></net>

<net id="115"><net_src comp="103" pin="1"/><net_sink comp="108" pin=2"/></net>

<net id="122"><net_src comp="50" pin="0"/><net_sink comp="116" pin=0"/></net>

<net id="123"><net_src comp="52" pin="0"/><net_sink comp="116" pin=2"/></net>

<net id="124"><net_src comp="54" pin="0"/><net_sink comp="116" pin=3"/></net>

<net id="131"><net_src comp="56" pin="0"/><net_sink comp="125" pin=0"/></net>

<net id="132"><net_src comp="58" pin="0"/><net_sink comp="125" pin=2"/></net>

<net id="133"><net_src comp="60" pin="0"/><net_sink comp="125" pin=3"/></net>

<net id="137"><net_src comp="116" pin="4"/><net_sink comp="134" pin=0"/></net>

<net id="141"><net_src comp="125" pin="4"/><net_sink comp="138" pin=0"/></net>

<net id="145"><net_src comp="0" pin="0"/><net_sink comp="142" pin=0"/></net>

<net id="149"><net_src comp="2" pin="0"/><net_sink comp="146" pin=0"/></net>

<net id="150"><net_src comp="146" pin="1"/><net_sink comp="116" pin=1"/></net>

<net id="154"><net_src comp="4" pin="0"/><net_sink comp="151" pin=0"/></net>

<net id="155"><net_src comp="151" pin="1"/><net_sink comp="125" pin=1"/></net>

<net id="159"><net_src comp="90" pin="2"/><net_sink comp="156" pin=0"/></net>

<net id="166"><net_src comp="30" pin="0"/><net_sink comp="160" pin=0"/></net>

<net id="167"><net_src comp="90" pin="2"/><net_sink comp="160" pin=1"/></net>

<net id="168"><net_src comp="32" pin="0"/><net_sink comp="160" pin=2"/></net>

<net id="169"><net_src comp="34" pin="0"/><net_sink comp="160" pin=3"/></net>

<net id="175"><net_src comp="36" pin="0"/><net_sink comp="170" pin=0"/></net>

<net id="176"><net_src comp="90" pin="2"/><net_sink comp="170" pin=1"/></net>

<net id="177"><net_src comp="38" pin="0"/><net_sink comp="170" pin=2"/></net>

<net id="181"><net_src comp="90" pin="2"/><net_sink comp="178" pin=0"/></net>

<net id="188"><net_src comp="40" pin="0"/><net_sink comp="182" pin=0"/></net>

<net id="189"><net_src comp="90" pin="2"/><net_sink comp="182" pin=1"/></net>

<net id="190"><net_src comp="32" pin="0"/><net_sink comp="182" pin=2"/></net>

<net id="191"><net_src comp="42" pin="0"/><net_sink comp="182" pin=3"/></net>

<net id="198"><net_src comp="44" pin="0"/><net_sink comp="192" pin=0"/></net>

<net id="199"><net_src comp="90" pin="2"/><net_sink comp="192" pin=1"/></net>

<net id="200"><net_src comp="46" pin="0"/><net_sink comp="192" pin=2"/></net>

<net id="201"><net_src comp="34" pin="0"/><net_sink comp="192" pin=3"/></net>

<net id="206"><net_src comp="192" pin="4"/><net_sink comp="202" pin=0"/></net>

<net id="207"><net_src comp="48" pin="0"/><net_sink comp="202" pin=1"/></net>

<net id="212"><net_src comp="156" pin="1"/><net_sink comp="208" pin=0"/></net>

<net id="213"><net_src comp="2" pin="0"/><net_sink comp="208" pin=1"/></net>

<net id="218"><net_src comp="160" pin="4"/><net_sink comp="214" pin=0"/></net>

<net id="219"><net_src comp="4" pin="0"/><net_sink comp="214" pin=1"/></net>

<net id="224"><net_src comp="202" pin="2"/><net_sink comp="220" pin=0"/></net>

<net id="225"><net_src comp="62" pin="0"/><net_sink comp="220" pin=1"/></net>

<net id="230"><net_src comp="220" pin="2"/><net_sink comp="226" pin=0"/></net>

<net id="231"><net_src comp="0" pin="0"/><net_sink comp="226" pin=1"/></net>

<net id="236"><net_src comp="64" pin="0"/><net_sink comp="232" pin=0"/></net>

<net id="237"><net_src comp="0" pin="0"/><net_sink comp="232" pin=1"/></net>

<net id="241"><net_src comp="10" pin="0"/><net_sink comp="238" pin=0"/></net>

<net id="247"><net_src comp="66" pin="0"/><net_sink comp="242" pin=0"/></net>

<net id="248"><net_src comp="16" pin="0"/><net_sink comp="242" pin=2"/></net>

<net id="254"><net_src comp="68" pin="0"/><net_sink comp="249" pin=0"/></net>

<net id="255"><net_src comp="70" pin="0"/><net_sink comp="249" pin=2"/></net>

<net id="261"><net_src comp="66" pin="0"/><net_sink comp="256" pin=0"/></net>

<net id="262"><net_src comp="134" pin="1"/><net_sink comp="256" pin=2"/></net>

<net id="268"><net_src comp="68" pin="0"/><net_sink comp="263" pin=0"/></net>

<net id="269"><net_src comp="138" pin="1"/><net_sink comp="263" pin=2"/></net>

<net id="275"><net_src comp="238" pin="1"/><net_sink comp="270" pin=0"/></net>

<net id="276"><net_src comp="242" pin="3"/><net_sink comp="270" pin=1"/></net>

<net id="277"><net_src comp="256" pin="3"/><net_sink comp="270" pin=2"/></net>

<net id="283"><net_src comp="238" pin="1"/><net_sink comp="278" pin=0"/></net>

<net id="284"><net_src comp="249" pin="3"/><net_sink comp="278" pin=1"/></net>

<net id="285"><net_src comp="263" pin="3"/><net_sink comp="278" pin=2"/></net>

<net id="293"><net_src comp="72" pin="0"/><net_sink comp="286" pin=0"/></net>

<net id="294"><net_src comp="64" pin="0"/><net_sink comp="286" pin=1"/></net>

<net id="295"><net_src comp="278" pin="3"/><net_sink comp="286" pin=3"/></net>

<net id="296"><net_src comp="270" pin="3"/><net_sink comp="286" pin=4"/></net>

<net id="300"><net_src comp="286" pin="5"/><net_sink comp="297" pin=0"/></net>

<net id="301"><net_src comp="297" pin="1"/><net_sink comp="96" pin=2"/></net>

<net id="306"><net_src comp="108" pin="4"/><net_sink comp="302" pin=0"/></net>

<net id="307"><net_src comp="10" pin="0"/><net_sink comp="302" pin=1"/></net>

<net id="315"><net_src comp="76" pin="0"/><net_sink comp="308" pin=0"/></net>

<net id="316"><net_src comp="78" pin="0"/><net_sink comp="308" pin=1"/></net>

<net id="317"><net_src comp="138" pin="1"/><net_sink comp="308" pin=2"/></net>

<net id="318"><net_src comp="80" pin="0"/><net_sink comp="308" pin=3"/></net>

<net id="319"><net_src comp="134" pin="1"/><net_sink comp="308" pin=4"/></net>

<net id="323"><net_src comp="308" pin="5"/><net_sink comp="320" pin=0"/></net>

<net id="324"><net_src comp="320" pin="1"/><net_sink comp="96" pin=2"/></net>

<net id="328"><net_src comp="142" pin="1"/><net_sink comp="325" pin=0"/></net>

<net id="332"><net_src comp="82" pin="3"/><net_sink comp="329" pin=0"/></net>

<net id="339"><net_src comp="178" pin="1"/><net_sink comp="336" pin=0"/></net>

<net id="340"><net_src comp="336" pin="1"/><net_sink comp="242" pin=1"/></net>

<net id="341"><net_src comp="336" pin="1"/><net_sink comp="256" pin=1"/></net>

<net id="345"><net_src comp="182" pin="4"/><net_sink comp="342" pin=0"/></net>

<net id="346"><net_src comp="342" pin="1"/><net_sink comp="249" pin=1"/></net>

<net id="347"><net_src comp="342" pin="1"/><net_sink comp="263" pin=1"/></net>

<net id="351"><net_src comp="202" pin="2"/><net_sink comp="348" pin=0"/></net>

<net id="352"><net_src comp="348" pin="1"/><net_sink comp="286" pin=2"/></net>

</net_list>

</model> 
---------------- Datapath Model END ------------------

* FSMD analyzer results:
  - Output states:
	Port: ls_writeRemainder_2 | {1 }
	Port: prevWord_data_V_3 | {1 }
	Port: prevWord_keep_V_9 | {1 }
	Port: tx_aethShift2payFifo | {2 }
	Port: ls_firstWord_2 | {2 }
 - Input state : 
	Port: lshiftWordByOctet<512, 12> : ls_writeRemainder_2 | {1 }
	Port: lshiftWordByOctet<512, 12> : prevWord_data_V_3 | {1 }
	Port: lshiftWordByOctet<512, 12> : prevWord_keep_V_9 | {1 }
	Port: lshiftWordByOctet<512, 12> : tx_split2aethShift | {1 }
	Port: lshiftWordByOctet<512, 12> : ls_firstWord_2 | {2 }
  - Chain level:
	State 1
		br_ln519 : 1
		sendWord_last_V : 1
		tmp_163_i9 : 1
		tmp_164_i : 1
		store_ln562 : 1
		store_ln562 : 1
		br_ln564 : 1
		xor_ln947 : 2
		store_ln567 : 2
		tmp_i4 : 1
		tmp_i5 : 1
	State 2
		sendWord_data_V_6 : 1
		select_ln541 : 1
		or_ln174_i : 2
		zext_ln174_62 : 3
		write_ln174 : 4
		store_ln563 : 1
		zext_ln174 : 1
		write_ln174 : 2


============================================================
+ Verbose Summary: Datapath Resource usage 
============================================================

* Functional unit list:
|----------|------------------------------------|---------|---------|
| Operation|           Functional Unit          |    FF   |   LUT   |
|----------|------------------------------------|---------|---------|
|  select  |      sendWord_data_V_6_fu_270      |    0    |   428   |
|          |         select_ln541_fu_278        |    0    |    63   |
|----------|------------------------------------|---------|---------|
|   icmp   |       sendWord_last_V_fu_202       |    0    |    9    |
|----------|------------------------------------|---------|---------|
|    xor   |          xor_ln947_fu_220          |    0    |    2    |
|----------|------------------------------------|---------|---------|
| nbreadreq|      tmp_159_i_nbreadreq_fu_82     |    0    |    0    |
|----------|------------------------------------|---------|---------|
|   read   | tx_split2aethShift_read_read_fu_90 |    0    |    0    |
|----------|------------------------------------|---------|---------|
|   write  |           grp_write_fu_96          |    0    |    0    |
|----------|------------------------------------|---------|---------|
|          |             grp_fu_116             |    0    |    0    |
|          |             grp_fu_125             |    0    |    0    |
|partselect|       currWord_keep_V_fu_160       |    0    |    0    |
|          |          tmp_161_i7_fu_182         |    0    |    0    |
|          |          tmp_162_i8_fu_192         |    0    |    0    |
|----------|------------------------------------|---------|---------|
|   trunc  |       currWord_data_V_fu_156       |    0    |    0    |
|          |         trunc_ln674_fu_178         |    0    |    0    |
|----------|------------------------------------|---------|---------|
| bitselect|       currWord_last_V_fu_170       |    0    |    0    |
|----------|------------------------------------|---------|---------|
|          |          p_Result_s_fu_242         |    0    |    0    |
|          |         p_Result_16_fu_249         |    0    |    0    |
|bitconcatenate|         p_Result_17_fu_256         |    0    |    0    |
|          |         p_Result_18_fu_263         |    0    |    0    |
|          |          or_ln174_i_fu_286         |    0    |    0    |
|          |       zext_ln174_cast_fu_308       |    0    |    0    |
|----------|------------------------------------|---------|---------|
|   zext   |        zext_ln174_62_fu_297        |    0    |    0    |
|          |          zext_ln174_fu_320         |    0    |    0    |
|----------|------------------------------------|---------|---------|
|   Total  |                                    |    0    |   502   |
|----------|------------------------------------|---------|---------|

Memories:
N/A

* Register list:
+--------------------------------+--------+
|                                |   FF   |
+--------------------------------+--------+
| ls_firstWord_6_new_0_i_reg_103 |    1   |
|ls_writeRemainder_2_load_reg_325|    1   |
|             reg_134            |   32   |
|             reg_138            |    4   |
|     sendWord_last_V_reg_348    |    1   |
|        tmp_159_i_reg_329       |    1   |
|       tmp_161_i7_reg_342       |   60   |
|       trunc_ln674_reg_336      |   480  |
+--------------------------------+--------+
|              Total             |   580  |
+--------------------------------+--------+

* Multiplexer (MUX) list: 
|--------------------------------|------|------|------|--------||---------||---------|
|              Comp              |  Pin | Size |  BW  | S x BW ||  Delay  ||   LUT   |
|--------------------------------|------|------|------|--------||---------||---------|
|         grp_write_fu_96        |  p2  |   2  |  578 |  1156  ||    9    |
| ls_firstWord_6_new_0_i_reg_103 |  p0  |   2  |   1  |    2   |
|--------------------------------|------|------|------|--------||---------||---------|
|              Total             |      |      |      |  1158  ||  0.774  ||    9    |
|--------------------------------|------|------|------|--------||---------||---------|



* Summary:
+-----------+--------+--------+--------+
|           |  Delay |   FF   |   LUT  |
+-----------+--------+--------+--------+
|  Function |    -   |    0   |   502  |
|   Memory  |    -   |    -   |    -   |
|Multiplexer|    0   |    -   |    9   |
|  Register |    -   |   580  |    -   |
+-----------+--------+--------+--------+
|   Total   |    0   |   580  |   511  |
+-----------+--------+--------+--------+
