

================================================================
== Vitis HLS Report for 'lshiftWordByOctet_512_11_s'
================================================================
* Date:           Tue Jul 11 09:32:34 2023

* Version:        2022.1 (Build 3526262 on Mon Apr 18 15:47:01 MDT 2022)
* Project:        rocev2_prj
* Solution:       solution1 (Vivado IP Flow Target)
* Product family: virtexuplus
* Target device:  xcu280-fsvh2892-2L-e


================================================================
== Performance Estimates
================================================================
+ Timing: 
    * Summary: 
    +--------+---------+----------+------------+
    |  Clock |  Target | Estimated| Uncertainty|
    +--------+---------+----------+------------+
    |ap_clk  |  3.20 ns|  2.305 ns|     0.86 ns|
    +--------+---------+----------+------------+

+ Latency: 
    * Summary: 
    +---------+---------+----------+----------+-----+-----+---------+
    |  Latency (cycles) |  Latency (absolute) |  Interval | Pipeline|
    |   min   |   max   |    min   |    max   | min | max |   Type  |
    +---------+---------+----------+----------+-----+-----+---------+
    |        1|        1|  3.200 ns|  3.200 ns|    1|    1|      yes|
    +---------+---------+----------+----------+-----+-----+---------+

    + Detail: 
        * Instance: 
        N/A

        * Loop: 
        N/A

============================================================
+ Verbose Summary: Synthesis Manager
============================================================
InlineROM: 1
ExposeGlobal: 0
============================================================
+ Verbose Summary: CDFG Model
============================================================
IsTopModel: 0
ResetActiveHigh: 1
IsCombinational: 2
IsDatapathOnly: 0
HasWiredReturn: 1
HasMFsm: 2
HasVarLatency: 0
IsPipeline: 1
IsRtlPipelined: 1
IsInstanceOverlapped: 0
IsDontTouch: 0
HasImplIP: 0
IsGatedGlobalClock: 0

+ Individual pipeline summary: 
  * Pipeline-0: initiation interval (II) = 1, depth = 2


============================================================
+ Verbose Summary: Schedule
============================================================
* Number of FSM states : 2
* Pipeline : 1
  Pipeline-0 : II = 1, D = 2, States = { 1 2 }
* Dataflow Pipeline: 0

* FSM state transitions: 
1 --> 2 
2 --> 

* FSM state operations: 

State 1 <SV = 0> <Delay = 2.30>
ST_1 : Operation 3 [1/1] (0.00ns)   --->   "%specinterface_ln0 = specinterface void @_ssdm_op_SpecInterface, i1024 %tx_exh2shiftFifo, void @empty_5, i32 0, i32 0, void @empty, i32 0, i32 0, void @empty, void @empty, void @empty, i32 0, i32 0, i32 0, i32 0, void @empty, void @empty, i32 4294967295, i32 0"   --->   Operation 3 'specinterface' 'specinterface_ln0' <Predicate = true> <Delay = 0.00>
ST_1 : Operation 4 [1/1] (0.00ns)   --->   "%specinterface_ln0 = specinterface void @_ssdm_op_SpecInterface, i1024 %tx_exh2shiftFifo, void @empty_5, i32 0, i32 0, void @empty, i32 0, i32 0, void @empty, void @empty, void @empty, i32 0, i32 0, i32 0, i32 0, void @empty, void @empty, i32 4294967295, i32 0"   --->   Operation 4 'specinterface' 'specinterface_ln0' <Predicate = true> <Delay = 0.00>
ST_1 : Operation 5 [1/1] (0.00ns)   --->   "%specinterface_ln0 = specinterface void @_ssdm_op_SpecInterface, i1024 %tx_exh2shiftFifo, void @empty_5, i32 0, i32 0, void @empty, i32 0, i32 0, void @empty, void @empty, void @empty, i32 0, i32 0, i32 0, i32 0, void @empty, void @empty, i32 4294967295, i32 0"   --->   Operation 5 'specinterface' 'specinterface_ln0' <Predicate = true> <Delay = 0.00>
ST_1 : Operation 6 [1/1] (0.00ns)   --->   "%specinterface_ln0 = specinterface void @_ssdm_op_SpecInterface, i1024 %tx_shift2ibhFifo, void @empty_5, i32 0, i32 0, void @empty, i32 0, i32 0, void @empty, void @empty, void @empty, i32 0, i32 0, i32 0, i32 0, void @empty, void @empty, i32 4294967295, i32 0"   --->   Operation 6 'specinterface' 'specinterface_ln0' <Predicate = true> <Delay = 0.00>
ST_1 : Operation 7 [1/1] (0.00ns)   --->   "%specinterface_ln0 = specinterface void @_ssdm_op_SpecInterface, i1024 %tx_shift2ibhFifo, void @empty_5, i32 0, i32 0, void @empty, i32 0, i32 0, void @empty, void @empty, void @empty, i32 0, i32 0, i32 0, i32 0, void @empty, void @empty, i32 4294967295, i32 0"   --->   Operation 7 'specinterface' 'specinterface_ln0' <Predicate = true> <Delay = 0.00>
ST_1 : Operation 8 [1/1] (0.00ns)   --->   "%specinterface_ln0 = specinterface void @_ssdm_op_SpecInterface, i1024 %tx_shift2ibhFifo, void @empty_5, i32 0, i32 0, void @empty, i32 0, i32 0, void @empty, void @empty, void @empty, i32 0, i32 0, i32 0, i32 0, void @empty, void @empty, i32 4294967295, i32 0"   --->   Operation 8 'specinterface' 'specinterface_ln0' <Predicate = true> <Delay = 0.00>
ST_1 : Operation 9 [1/1] (0.00ns)   --->   "%specinterface_ln0 = specinterface void @_ssdm_op_SpecInterface, i1024 %tx_shift2ibhFifo, void @empty_5, i32 0, i32 0, void @empty, i32 0, i32 0, void @empty, void @empty, void @empty, i32 0, i32 0, i32 0, i32 0, void @empty, void @empty, i32 4294967295, i32 0"   --->   Operation 9 'specinterface' 'specinterface_ln0' <Predicate = true> <Delay = 0.00>
ST_1 : Operation 10 [1/1] (0.00ns)   --->   "%specinterface_ln0 = specinterface void @_ssdm_op_SpecInterface, i1024 %tx_exh2shiftFifo, void @empty_5, i32 0, i32 0, void @empty, i32 0, i32 0, void @empty, void @empty, void @empty, i32 0, i32 0, i32 0, i32 0, void @empty, void @empty, i32 4294967295, i32 0"   --->   Operation 10 'specinterface' 'specinterface_ln0' <Predicate = true> <Delay = 0.00>
ST_1 : Operation 11 [1/1] (0.00ns)   --->   "%specpipeline_ln505 = specpipeline void @_ssdm_op_SpecPipeline, i32 1, i32 0, i32 0, i32 0, void @empty" [/mnt/scratch/pyuvaraj/Vitis_RoCE_W/Vitis_RoCE/fpga-network-stack/hls/rocev2/../ib_transport_protocol/../axi_utils.hpp:505]   --->   Operation 11 'specpipeline' 'specpipeline_ln505' <Predicate = true> <Delay = 0.00>
ST_1 : Operation 12 [1/1] (0.00ns)   --->   "%ls_writeRemainder_3_load = load i1 %ls_writeRemainder_3" [/mnt/scratch/pyuvaraj/Vitis_RoCE_W/Vitis_RoCE/fpga-network-stack/hls/rocev2/../ib_transport_protocol/../axi_utils.hpp:519]   --->   Operation 12 'load' 'ls_writeRemainder_3_load' <Predicate = true> <Delay = 0.00>
ST_1 : Operation 13 [1/1] (0.00ns)   --->   "%p_Val2_s = load i512 %prevWord_data_V_2"   --->   Operation 13 'load' 'p_Val2_s' <Predicate = true> <Delay = 0.00>
ST_1 : Operation 14 [1/1] (0.00ns)   --->   "%p_Val2_27 = load i64 %prevWord_keep_V_1"   --->   Operation 14 'load' 'p_Val2_27' <Predicate = true> <Delay = 0.00>
ST_1 : Operation 15 [1/1] (0.00ns)   --->   "%br_ln519 = br i1 %ls_writeRemainder_3_load, void %if.else.i, void %if.then.i" [/mnt/scratch/pyuvaraj/Vitis_RoCE_W/Vitis_RoCE/fpga-network-stack/hls/rocev2/../ib_transport_protocol/../axi_utils.hpp:519]   --->   Operation 15 'br' 'br_ln519' <Predicate = true> <Delay = 0.00>
ST_1 : Operation 16 [1/1] (0.00ns)   --->   "%tmp_165_i = nbreadreq i1 @_ssdm_op_NbReadReq.ap_fifo.i1024P0A, i1024 %tx_exh2shiftFifo, i32 1" [/tools/Xilinx/Vitis_HLS/2022.1/common/technology/autopilot/hls_stream_39.h:136]   --->   Operation 16 'nbreadreq' 'tmp_165_i' <Predicate = (!ls_writeRemainder_3_load)> <Delay = 0.00> <CoreInst = "FIFO_SRL">   --->   Core 81 'FIFO_SRL' <Latency = 0> <II = 1> <Delay = 1.33> <Storage> <Opcode : 'read' 'write' 'nbread' 'nbwrite'> <Ports = 0> <Width = 1024> <Depth = 2> <FIFO>
ST_1 : Operation 17 [1/1] (0.00ns)   --->   "%br_ln530 = br i1 %tmp_165_i, void %if.end114.i, void %if.then22.i_ifconv" [/mnt/scratch/pyuvaraj/Vitis_RoCE_W/Vitis_RoCE/fpga-network-stack/hls/rocev2/../ib_transport_protocol/../axi_utils.hpp:530]   --->   Operation 17 'br' 'br_ln530' <Predicate = (!ls_writeRemainder_3_load)> <Delay = 0.00>
ST_1 : Operation 18 [1/1] (1.16ns)   --->   "%tx_exh2shiftFifo_read = read i1024 @_ssdm_op_Read.ap_fifo.volatile.i1024P0A, i1024 %tx_exh2shiftFifo" [/tools/Xilinx/Vitis_HLS/2022.1/common/technology/autopilot/hls_stream_39.h:145]   --->   Operation 18 'read' 'tx_exh2shiftFifo_read' <Predicate = (!ls_writeRemainder_3_load & tmp_165_i)> <Delay = 1.16> <CoreInst = "FIFO_SRL">   --->   Core 81 'FIFO_SRL' <Latency = 0> <II = 1> <Delay = 1.33> <Storage> <Opcode : 'read' 'write' 'nbread' 'nbwrite'> <Ports = 0> <Width = 1024> <Depth = 2> <FIFO>
ST_1 : Operation 19 [1/1] (0.00ns)   --->   "%currWord_data_V = trunc i1024 %tx_exh2shiftFifo_read" [/tools/Xilinx/Vitis_HLS/2022.1/common/technology/autopilot/hls_stream_39.h:145]   --->   Operation 19 'trunc' 'currWord_data_V' <Predicate = (!ls_writeRemainder_3_load & tmp_165_i)> <Delay = 0.00>
ST_1 : Operation 20 [1/1] (0.00ns)   --->   "%currWord_keep_V = partselect i64 @_ssdm_op_PartSelect.i64.i1024.i32.i32, i1024 %tx_exh2shiftFifo_read, i32 512, i32 575" [/tools/Xilinx/Vitis_HLS/2022.1/common/technology/autopilot/hls_stream_39.h:145]   --->   Operation 20 'partselect' 'currWord_keep_V' <Predicate = (!ls_writeRemainder_3_load & tmp_165_i)> <Delay = 0.00>
ST_1 : Operation 21 [1/1] (0.00ns)   --->   "%currWord_last_V = bitselect i1 @_ssdm_op_BitSelect.i1.i1024.i1024, i1024 %tx_exh2shiftFifo_read, i1024 576" [/tools/Xilinx/Vitis_HLS/2022.1/common/technology/autopilot/hls_stream_39.h:145]   --->   Operation 21 'bitselect' 'currWord_last_V' <Predicate = (!ls_writeRemainder_3_load & tmp_165_i)> <Delay = 0.00>
ST_1 : Operation 22 [1/1] (0.00ns)   --->   "%trunc_ln674 = trunc i1024 %tx_exh2shiftFifo_read"   --->   Operation 22 'trunc' 'trunc_ln674' <Predicate = (!ls_writeRemainder_3_load & tmp_165_i)> <Delay = 0.00>
ST_1 : Operation 23 [1/1] (0.00ns)   --->   "%tmp_167_i7 = partselect i52 @_ssdm_op_PartSelect.i52.i1024.i32.i32, i1024 %tx_exh2shiftFifo_read, i32 512, i32 563"   --->   Operation 23 'partselect' 'tmp_167_i7' <Predicate = (!ls_writeRemainder_3_load & tmp_165_i)> <Delay = 0.00>
ST_1 : Operation 24 [1/1] (0.00ns)   --->   "%tmp_168_i8 = partselect i12 @_ssdm_op_PartSelect.i12.i1024.i32.i32, i1024 %tx_exh2shiftFifo_read, i32 564, i32 575"   --->   Operation 24 'partselect' 'tmp_168_i8' <Predicate = (!ls_writeRemainder_3_load & tmp_165_i)> <Delay = 0.00>
ST_1 : Operation 25 [1/1] (0.62ns)   --->   "%sendWord_last_V = icmp_eq  i12 %tmp_168_i8, i12 0"   --->   Operation 25 'icmp' 'sendWord_last_V' <Predicate = (!ls_writeRemainder_3_load & tmp_165_i)> <Delay = 0.62> <CoreInst = "Cmp">   --->   Core 9 'Cmp' <Latency = 0> <II = 1> <Delay = 0.62> <FuncUnit> <Opcode : 'icmp'> <InPorts = 2> <OutPorts = 1>
ST_1 : Operation 26 [1/1] (0.00ns)   --->   "%tmp_169_i9 = partselect i96 @_ssdm_op_PartSelect.i96.i512.i32.i32, i512 %p_Val2_s, i32 416, i32 511"   --->   Operation 26 'partselect' 'tmp_169_i9' <Predicate = (!ls_writeRemainder_3_load & tmp_165_i)> <Delay = 0.00>
ST_1 : Operation 27 [1/1] (0.00ns)   --->   "%tmp_170_i = partselect i12 @_ssdm_op_PartSelect.i12.i64.i32.i32, i64 %p_Val2_27, i32 52, i32 63"   --->   Operation 27 'partselect' 'tmp_170_i' <Predicate = (!ls_writeRemainder_3_load & tmp_165_i)> <Delay = 0.00>
ST_1 : Operation 28 [1/1] (0.00ns)   --->   "%store_ln562 = store i512 %currWord_data_V, i512 %prevWord_data_V_2" [/mnt/scratch/pyuvaraj/Vitis_RoCE_W/Vitis_RoCE/fpga-network-stack/hls/rocev2/../ib_transport_protocol/../axi_utils.hpp:562]   --->   Operation 28 'store' 'store_ln562' <Predicate = (!ls_writeRemainder_3_load & tmp_165_i)> <Delay = 0.00>
ST_1 : Operation 29 [1/1] (0.00ns)   --->   "%store_ln562 = store i64 %currWord_keep_V, i64 %prevWord_keep_V_1" [/mnt/scratch/pyuvaraj/Vitis_RoCE_W/Vitis_RoCE/fpga-network-stack/hls/rocev2/../ib_transport_protocol/../axi_utils.hpp:562]   --->   Operation 29 'store' 'store_ln562' <Predicate = (!ls_writeRemainder_3_load & tmp_165_i)> <Delay = 0.00>
ST_1 : Operation 30 [1/1] (0.38ns)   --->   "%br_ln564 = br i1 %currWord_last_V, void %mergeST.i, void %if.then109.i" [/mnt/scratch/pyuvaraj/Vitis_RoCE_W/Vitis_RoCE/fpga-network-stack/hls/rocev2/../ib_transport_protocol/../axi_utils.hpp:564]   --->   Operation 30 'br' 'br_ln564' <Predicate = (!ls_writeRemainder_3_load & tmp_165_i)> <Delay = 0.38>
ST_1 : Operation 31 [1/1] (0.12ns)   --->   "%xor_ln947 = xor i1 %sendWord_last_V, i1 1"   --->   Operation 31 'xor' 'xor_ln947' <Predicate = (!ls_writeRemainder_3_load & tmp_165_i & currWord_last_V)> <Delay = 0.12> <CoreInst = "LogicGate">   --->   Core 74 'LogicGate' <Latency = 0> <II = 1> <Delay = 0.12> <FuncUnit> <Opcode : 'and' 'or' 'xor'> <InPorts = 2> <OutPorts = 1>
ST_1 : Operation 32 [1/1] (0.38ns)   --->   "%store_ln567 = store i1 %xor_ln947, i1 %ls_writeRemainder_3" [/mnt/scratch/pyuvaraj/Vitis_RoCE_W/Vitis_RoCE/fpga-network-stack/hls/rocev2/../ib_transport_protocol/../axi_utils.hpp:567]   --->   Operation 32 'store' 'store_ln567' <Predicate = (!ls_writeRemainder_3_load & tmp_165_i & currWord_last_V)> <Delay = 0.38>
ST_1 : Operation 33 [1/1] (0.38ns)   --->   "%br_ln568 = br void %mergeST.i" [/mnt/scratch/pyuvaraj/Vitis_RoCE_W/Vitis_RoCE/fpga-network-stack/hls/rocev2/../ib_transport_protocol/../axi_utils.hpp:568]   --->   Operation 33 'br' 'br_ln568' <Predicate = (!ls_writeRemainder_3_load & tmp_165_i & currWord_last_V)> <Delay = 0.38>
ST_1 : Operation 34 [1/1] (0.00ns)   --->   "%br_ln0 = br void %lshiftWordByOctet<512, 11>.exit"   --->   Operation 34 'br' 'br_ln0' <Predicate = (!ls_writeRemainder_3_load)> <Delay = 0.00>
ST_1 : Operation 35 [1/1] (0.00ns)   --->   "%tmp_i4 = partselect i96 @_ssdm_op_PartSelect.i96.i512.i32.i32, i512 %p_Val2_s, i32 416, i32 511"   --->   Operation 35 'partselect' 'tmp_i4' <Predicate = (ls_writeRemainder_3_load)> <Delay = 0.00>
ST_1 : Operation 36 [1/1] (0.00ns)   --->   "%tmp_i5 = partselect i12 @_ssdm_op_PartSelect.i12.i64.i32.i32, i64 %p_Val2_27, i32 52, i32 63"   --->   Operation 36 'partselect' 'tmp_i5' <Predicate = (ls_writeRemainder_3_load)> <Delay = 0.00>
ST_1 : Operation 37 [1/1] (0.38ns)   --->   "%store_ln528 = store i1 0, i1 %ls_writeRemainder_3" [/mnt/scratch/pyuvaraj/Vitis_RoCE_W/Vitis_RoCE/fpga-network-stack/hls/rocev2/../ib_transport_protocol/../axi_utils.hpp:528]   --->   Operation 37 'store' 'store_ln528' <Predicate = (ls_writeRemainder_3_load)> <Delay = 0.38>

State 2 <SV = 1> <Delay = 1.74>
ST_2 : Operation 38 [1/1] (0.00ns)   --->   "%ls_firstWord_3_load = load i1 %ls_firstWord_3" [/mnt/scratch/pyuvaraj/Vitis_RoCE_W/Vitis_RoCE/fpga-network-stack/hls/rocev2/../ib_transport_protocol/../axi_utils.hpp:541]   --->   Operation 38 'load' 'ls_firstWord_3_load' <Predicate = (!ls_writeRemainder_3_load & tmp_165_i)> <Delay = 0.00>
ST_2 : Operation 39 [1/1] (0.00ns)   --->   "%p_Result_s = bitconcatenate i512 @_ssdm_op_BitConcatenate.i512.i416.i96, i416 %trunc_ln674, i96 0"   --->   Operation 39 'bitconcatenate' 'p_Result_s' <Predicate = (!ls_writeRemainder_3_load & tmp_165_i)> <Delay = 0.00>
ST_2 : Operation 40 [1/1] (0.00ns)   --->   "%p_Result_19 = bitconcatenate i64 @_ssdm_op_BitConcatenate.i64.i52.i12, i52 %tmp_167_i7, i12 4095"   --->   Operation 40 'bitconcatenate' 'p_Result_19' <Predicate = (!ls_writeRemainder_3_load & tmp_165_i)> <Delay = 0.00>
ST_2 : Operation 41 [1/1] (0.00ns)   --->   "%p_Result_20 = bitconcatenate i512 @_ssdm_op_BitConcatenate.i512.i416.i96, i416 %trunc_ln674, i96 %tmp_169_i9"   --->   Operation 41 'bitconcatenate' 'p_Result_20' <Predicate = (!ls_writeRemainder_3_load & tmp_165_i)> <Delay = 0.00>
ST_2 : Operation 42 [1/1] (0.00ns)   --->   "%p_Result_21 = bitconcatenate i64 @_ssdm_op_BitConcatenate.i64.i52.i12, i52 %tmp_167_i7, i12 %tmp_170_i"   --->   Operation 42 'bitconcatenate' 'p_Result_21' <Predicate = (!ls_writeRemainder_3_load & tmp_165_i)> <Delay = 0.00>
ST_2 : Operation 43 [1/1] (0.57ns)   --->   "%sendWord_data_V_8 = select i1 %ls_firstWord_3_load, i512 %p_Result_s, i512 %p_Result_20" [/mnt/scratch/pyuvaraj/Vitis_RoCE_W/Vitis_RoCE/fpga-network-stack/hls/rocev2/../ib_transport_protocol/../axi_utils.hpp:541]   --->   Operation 43 'select' 'sendWord_data_V_8' <Predicate = (!ls_writeRemainder_3_load & tmp_165_i)> <Delay = 0.57> <CoreInst = "Sel">   --->   Core 73 'Sel' <Latency = 0> <II = 1> <Delay = 0.57> <FuncUnit> <Opcode : 'select'> <InPorts = 3> <OutPorts = 1>
ST_2 : Operation 44 [1/1] (0.41ns)   --->   "%select_ln541 = select i1 %ls_firstWord_3_load, i64 %p_Result_19, i64 %p_Result_21" [/mnt/scratch/pyuvaraj/Vitis_RoCE_W/Vitis_RoCE/fpga-network-stack/hls/rocev2/../ib_transport_protocol/../axi_utils.hpp:541]   --->   Operation 44 'select' 'select_ln541' <Predicate = (!ls_writeRemainder_3_load & tmp_165_i)> <Delay = 0.41> <CoreInst = "Sel">   --->   Core 73 'Sel' <Latency = 0> <II = 1> <Delay = 0.41> <FuncUnit> <Opcode : 'select'> <InPorts = 3> <OutPorts = 1>
ST_2 : Operation 45 [1/1] (0.00ns)   --->   "%or_ln174_i = bitconcatenate i578 @_ssdm_op_BitConcatenate.i578.i1.i1.i64.i512, i1 0, i1 %sendWord_last_V, i64 %select_ln541, i512 %sendWord_data_V_8" [/tools/Xilinx/Vitis_HLS/2022.1/common/technology/autopilot/hls_stream_39.h:174]   --->   Operation 45 'bitconcatenate' 'or_ln174_i' <Predicate = (!ls_writeRemainder_3_load & tmp_165_i)> <Delay = 0.00>
ST_2 : Operation 46 [1/1] (0.00ns)   --->   "%zext_ln174_63 = zext i578 %or_ln174_i" [/tools/Xilinx/Vitis_HLS/2022.1/common/technology/autopilot/hls_stream_39.h:174]   --->   Operation 46 'zext' 'zext_ln174_63' <Predicate = (!ls_writeRemainder_3_load & tmp_165_i)> <Delay = 0.00>
ST_2 : Operation 47 [1/1] (1.16ns)   --->   "%write_ln174 = write void @_ssdm_op_Write.ap_fifo.volatile.i1024P0A, i1024 %tx_shift2ibhFifo, i1024 %zext_ln174_63" [/tools/Xilinx/Vitis_HLS/2022.1/common/technology/autopilot/hls_stream_39.h:174]   --->   Operation 47 'write' 'write_ln174' <Predicate = (!ls_writeRemainder_3_load & tmp_165_i)> <Delay = 1.16> <CoreInst = "FIFO">   --->   Core 78 'FIFO' <Latency = 0> <II = 1> <Delay = 1.26> <Storage> <Opcode : 'read' 'write' 'nbread' 'nbwrite'> <Ports = 0> <Width = 1024> <Depth = 8> <FIFO>
ST_2 : Operation 48 [1/1] (0.00ns)   --->   "%ls_firstWord_5_new_0_i = phi i1 1, void %if.then109.i, i1 0, void %if.then22.i_ifconv"   --->   Operation 48 'phi' 'ls_firstWord_5_new_0_i' <Predicate = (!ls_writeRemainder_3_load & tmp_165_i)> <Delay = 0.00>
ST_2 : Operation 49 [1/1] (0.00ns)   --->   "%store_ln563 = store i1 %ls_firstWord_5_new_0_i, i1 %ls_firstWord_3" [/mnt/scratch/pyuvaraj/Vitis_RoCE_W/Vitis_RoCE/fpga-network-stack/hls/rocev2/../ib_transport_protocol/../axi_utils.hpp:563]   --->   Operation 49 'store' 'store_ln563' <Predicate = (!ls_writeRemainder_3_load & tmp_165_i)> <Delay = 0.00>
ST_2 : Operation 50 [1/1] (0.00ns)   --->   "%br_ln570 = br void %if.end114.i" [/mnt/scratch/pyuvaraj/Vitis_RoCE_W/Vitis_RoCE/fpga-network-stack/hls/rocev2/../ib_transport_protocol/../axi_utils.hpp:570]   --->   Operation 50 'br' 'br_ln570' <Predicate = (!ls_writeRemainder_3_load & tmp_165_i)> <Delay = 0.00>
ST_2 : Operation 51 [1/1] (0.00ns)   --->   "%zext_ln174_cast = bitconcatenate i577 @_ssdm_op_BitConcatenate.i577.i53.i12.i416.i96, i53 4503599627370496, i12 %tmp_i5, i416 0, i96 %tmp_i4" [/tools/Xilinx/Vitis_HLS/2022.1/common/technology/autopilot/hls_stream_39.h:174]   --->   Operation 51 'bitconcatenate' 'zext_ln174_cast' <Predicate = (ls_writeRemainder_3_load)> <Delay = 0.00>
ST_2 : Operation 52 [1/1] (0.00ns)   --->   "%zext_ln174 = zext i577 %zext_ln174_cast" [/tools/Xilinx/Vitis_HLS/2022.1/common/technology/autopilot/hls_stream_39.h:174]   --->   Operation 52 'zext' 'zext_ln174' <Predicate = (ls_writeRemainder_3_load)> <Delay = 0.00>
ST_2 : Operation 53 [1/1] (1.16ns)   --->   "%write_ln174 = write void @_ssdm_op_Write.ap_fifo.volatile.i1024P0A, i1024 %tx_shift2ibhFifo, i1024 %zext_ln174" [/tools/Xilinx/Vitis_HLS/2022.1/common/technology/autopilot/hls_stream_39.h:174]   --->   Operation 53 'write' 'write_ln174' <Predicate = (ls_writeRemainder_3_load)> <Delay = 1.16> <CoreInst = "FIFO">   --->   Core 78 'FIFO' <Latency = 0> <II = 1> <Delay = 1.26> <Storage> <Opcode : 'read' 'write' 'nbread' 'nbwrite'> <Ports = 0> <Width = 1024> <Depth = 8> <FIFO>
ST_2 : Operation 54 [1/1] (0.00ns)   --->   "%br_ln529 = br void %lshiftWordByOctet<512, 11>.exit" [/mnt/scratch/pyuvaraj/Vitis_RoCE_W/Vitis_RoCE/fpga-network-stack/hls/rocev2/../ib_transport_protocol/../axi_utils.hpp:529]   --->   Operation 54 'br' 'br_ln529' <Predicate = (ls_writeRemainder_3_load)> <Delay = 0.00>
ST_2 : Operation 55 [1/1] (0.00ns)   --->   "%ret_ln0 = ret"   --->   Operation 55 'ret' 'ret_ln0' <Predicate = true> <Delay = 0.00>


============================================================
+ Verbose Summary: Timing violations
============================================================
Target clock period: 3.2ns, clock uncertainty: 0.864ns.

 <State 1>: 2.31ns
The critical path consists of the following:
	fifo read operation ('tx_exh2shiftFifo_read', /tools/Xilinx/Vitis_HLS/2022.1/common/technology/autopilot/hls_stream_39.h:145) on port 'tx_exh2shiftFifo' (/tools/Xilinx/Vitis_HLS/2022.1/common/technology/autopilot/hls_stream_39.h:145) [24]  (1.17 ns)
	'icmp' operation ('sendWord.last.V') [32]  (0.629 ns)
	'xor' operation ('xor_ln947') [48]  (0.122 ns)
	'store' operation ('store_ln567', /mnt/scratch/pyuvaraj/Vitis_RoCE_W/Vitis_RoCE/fpga-network-stack/hls/rocev2/../ib_transport_protocol/../axi_utils.hpp:567) of variable 'xor_ln947' on static variable 'ls_writeRemainder_3' [49]  (0.387 ns)

 <State 2>: 1.75ns
The critical path consists of the following:
	'load' operation ('ls_firstWord_3_load', /mnt/scratch/pyuvaraj/Vitis_RoCE_W/Vitis_RoCE/fpga-network-stack/hls/rocev2/../ib_transport_protocol/../axi_utils.hpp:541) on static variable 'ls_firstWord_3' [28]  (0 ns)
	'select' operation ('sendWord.data.V', /mnt/scratch/pyuvaraj/Vitis_RoCE_W/Vitis_RoCE/fpga-network-stack/hls/rocev2/../ib_transport_protocol/../axi_utils.hpp:541) [39]  (0.578 ns)
	fifo write operation ('write_ln174', /tools/Xilinx/Vitis_HLS/2022.1/common/technology/autopilot/hls_stream_39.h:174) on port 'tx_shift2ibhFifo' (/tools/Xilinx/Vitis_HLS/2022.1/common/technology/autopilot/hls_stream_39.h:174) [43]  (1.17 ns)


============================================================
+ Verbose Summary: Binding
============================================================
N/A
* FSMD analyzer results:
  - Output states:
 - Input state : 
  - Chain level:
	State 1
	State 2


============================================================
+ Verbose Summary: Datapath Resource usage 
============================================================
N/A
