

================================================================
== Vitis HLS Report for 'meta_merger'
================================================================
* Date:           Tue Jul 11 09:32:30 2023

* Version:        2022.1 (Build 3526262 on Mon Apr 18 15:47:01 MDT 2022)
* Project:        rocev2_prj
* Solution:       solution1 (Vivado IP Flow Target)
* Product family: virtexuplus
* Target device:  xcu280-fsvh2892-2L-e


================================================================
== Performance Estimates
================================================================
+ Timing: 
    * Summary: 
    +--------+---------+----------+------------+
    |  Clock |  Target | Estimated| Uncertainty|
    +--------+---------+----------+------------+
    |ap_clk  |  3.20 ns|  2.288 ns|     0.86 ns|
    +--------+---------+----------+------------+

+ Latency: 
    * Summary: 
    +---------+---------+-----------+-----------+-----+-----+---------+
    |  Latency (cycles) |   Latency (absolute)  |  Interval | Pipeline|
    |   min   |   max   |    min    |    max    | min | max |   Type  |
    +---------+---------+-----------+-----------+-----+-----+---------+
    |        5|        5|  16.000 ns|  16.000 ns|    1|    1|      yes|
    +---------+---------+-----------+-----------+-----+-----+---------+

    + Detail: 
        * Instance: 
        N/A

        * Loop: 
        N/A

============================================================
+ Verbose Summary: Synthesis Manager
============================================================
InlineROM: 1
ExposeGlobal: 0
============================================================
+ Verbose Summary: CDFG Model
============================================================
IsTopModel: 0
ResetActiveHigh: 1
IsCombinational: 2
IsDatapathOnly: 0
HasWiredReturn: 1
HasMFsm: 2
HasVarLatency: 0
IsPipeline: 1
IsRtlPipelined: 1
IsInstanceOverlapped: 0
IsDontTouch: 0
HasImplIP: 0
IsGatedGlobalClock: 0

+ Individual pipeline summary: 
  * Pipeline-0: initiation interval (II) = 1, depth = 6


============================================================
+ Verbose Summary: Schedule
============================================================
* Number of FSM states : 6
* Pipeline : 1
  Pipeline-0 : II = 1, D = 6, States = { 1 2 3 4 5 6 }
* Dataflow Pipeline: 0

* FSM state transitions: 
1 --> 2 
2 --> 3 
3 --> 4 
4 --> 5 
5 --> 6 
6 --> 

* FSM state operations: 

State 1 <SV = 0> <Delay = 1.16>
ST_1 : Operation 7 [1/1] (0.00ns)   --->   "%specinterface_ln0 = specinterface void @_ssdm_op_SpecInterface, i96 %rx_ackEventFifo, void @empty_5, i32 0, i32 0, void @empty, i32 0, i32 0, void @empty, void @empty, void @empty, i32 0, i32 0, i32 0, i32 0, void @empty, void @empty, i32 4294967295, i32 0"   --->   Operation 7 'specinterface' 'specinterface_ln0' <Predicate = true> <Delay = 0.00>
ST_1 : Operation 8 [1/1] (0.00ns)   --->   "%specinterface_ln0 = specinterface void @_ssdm_op_SpecInterface, i96 %rx_ackEventFifo, void @empty_5, i32 0, i32 0, void @empty, i32 0, i32 0, void @empty, void @empty, void @empty, i32 0, i32 0, i32 0, i32 0, void @empty, void @empty, i32 4294967295, i32 0"   --->   Operation 8 'specinterface' 'specinterface_ln0' <Predicate = true> <Delay = 0.00>
ST_1 : Operation 9 [1/1] (0.00ns)   --->   "%specinterface_ln0 = specinterface void @_ssdm_op_SpecInterface, i96 %rx_ackEventFifo, void @empty_5, i32 0, i32 0, void @empty, i32 0, i32 0, void @empty, void @empty, void @empty, i32 0, i32 0, i32 0, i32 0, void @empty, void @empty, i32 4294967295, i32 0"   --->   Operation 9 'specinterface' 'specinterface_ln0' <Predicate = true> <Delay = 0.00>
ST_1 : Operation 10 [1/1] (0.00ns)   --->   "%specinterface_ln0 = specinterface void @_ssdm_op_SpecInterface, i256 %rx_readEvenFifo, void @empty_5, i32 0, i32 0, void @empty, i32 0, i32 0, void @empty, void @empty, void @empty, i32 0, i32 0, i32 0, i32 0, void @empty, void @empty, i32 4294967295, i32 0"   --->   Operation 10 'specinterface' 'specinterface_ln0' <Predicate = true> <Delay = 0.00>
ST_1 : Operation 11 [1/1] (0.00ns)   --->   "%specinterface_ln0 = specinterface void @_ssdm_op_SpecInterface, i256 %rx_readEvenFifo, void @empty_5, i32 0, i32 0, void @empty, i32 0, i32 0, void @empty, void @empty, void @empty, i32 0, i32 0, i32 0, i32 0, void @empty, void @empty, i32 4294967295, i32 0"   --->   Operation 11 'specinterface' 'specinterface_ln0' <Predicate = true> <Delay = 0.00>
ST_1 : Operation 12 [1/1] (0.00ns)   --->   "%specinterface_ln0 = specinterface void @_ssdm_op_SpecInterface, i256 %rx_readEvenFifo, void @empty_5, i32 0, i32 0, void @empty, i32 0, i32 0, void @empty, void @empty, void @empty, i32 0, i32 0, i32 0, i32 0, void @empty, void @empty, i32 4294967295, i32 0"   --->   Operation 12 'specinterface' 'specinterface_ln0' <Predicate = true> <Delay = 0.00>
ST_1 : Operation 13 [1/1] (0.00ns)   --->   "%specinterface_ln0 = specinterface void @_ssdm_op_SpecInterface, i256 %tx_appMetaFifo, void @empty_5, i32 0, i32 0, void @empty, i32 0, i32 0, void @empty, void @empty, void @empty, i32 0, i32 0, i32 0, i32 0, void @empty, void @empty, i32 4294967295, i32 0"   --->   Operation 13 'specinterface' 'specinterface_ln0' <Predicate = true> <Delay = 0.00>
ST_1 : Operation 14 [1/1] (0.00ns)   --->   "%specinterface_ln0 = specinterface void @_ssdm_op_SpecInterface, i256 %tx_appMetaFifo, void @empty_5, i32 0, i32 0, void @empty, i32 0, i32 0, void @empty, void @empty, void @empty, i32 0, i32 0, i32 0, i32 0, void @empty, void @empty, i32 4294967295, i32 0"   --->   Operation 14 'specinterface' 'specinterface_ln0' <Predicate = true> <Delay = 0.00>
ST_1 : Operation 15 [1/1] (0.00ns)   --->   "%specinterface_ln0 = specinterface void @_ssdm_op_SpecInterface, i256 %tx_appMetaFifo, void @empty_5, i32 0, i32 0, void @empty, i32 0, i32 0, void @empty, void @empty, void @empty, i32 0, i32 0, i32 0, i32 0, void @empty, void @empty, i32 4294967295, i32 0"   --->   Operation 15 'specinterface' 'specinterface_ln0' <Predicate = true> <Delay = 0.00>
ST_1 : Operation 16 [1/1] (0.00ns)   --->   "%specinterface_ln0 = specinterface void @_ssdm_op_SpecInterface, i256 %tx_exhMetaFifo, void @empty_5, i32 0, i32 0, void @empty, i32 0, i32 0, void @empty, void @empty, void @empty, i32 0, i32 0, i32 0, i32 0, void @empty, void @empty, i32 4294967295, i32 0"   --->   Operation 16 'specinterface' 'specinterface_ln0' <Predicate = true> <Delay = 0.00>
ST_1 : Operation 17 [1/1] (0.00ns)   --->   "%specinterface_ln0 = specinterface void @_ssdm_op_SpecInterface, i256 %tx_exhMetaFifo, void @empty_5, i32 0, i32 0, void @empty, i32 0, i32 0, void @empty, void @empty, void @empty, i32 0, i32 0, i32 0, i32 0, void @empty, void @empty, i32 4294967295, i32 0"   --->   Operation 17 'specinterface' 'specinterface_ln0' <Predicate = true> <Delay = 0.00>
ST_1 : Operation 18 [1/1] (0.00ns)   --->   "%specinterface_ln0 = specinterface void @_ssdm_op_SpecInterface, i256 %tx_exhMetaFifo, void @empty_5, i32 0, i32 0, void @empty, i32 0, i32 0, void @empty, void @empty, void @empty, i32 0, i32 0, i32 0, i32 0, void @empty, void @empty, i32 4294967295, i32 0"   --->   Operation 18 'specinterface' 'specinterface_ln0' <Predicate = true> <Delay = 0.00>
ST_1 : Operation 19 [1/1] (0.00ns)   --->   "%specinterface_ln0 = specinterface void @_ssdm_op_SpecInterface, i192 %tx_ibhMetaFifo, void @empty_5, i32 0, i32 0, void @empty, i32 0, i32 0, void @empty, void @empty, void @empty, i32 0, i32 0, i32 0, i32 0, void @empty, void @empty, i32 4294967295, i32 0"   --->   Operation 19 'specinterface' 'specinterface_ln0' <Predicate = true> <Delay = 0.00>
ST_1 : Operation 20 [1/1] (0.00ns)   --->   "%specinterface_ln0 = specinterface void @_ssdm_op_SpecInterface, i192 %tx_ibhMetaFifo, void @empty_5, i32 0, i32 0, void @empty, i32 0, i32 0, void @empty, void @empty, void @empty, i32 0, i32 0, i32 0, i32 0, void @empty, void @empty, i32 4294967295, i32 0"   --->   Operation 20 'specinterface' 'specinterface_ln0' <Predicate = true> <Delay = 0.00>
ST_1 : Operation 21 [1/1] (0.00ns)   --->   "%specinterface_ln0 = specinterface void @_ssdm_op_SpecInterface, i192 %tx_ibhMetaFifo, void @empty_5, i32 0, i32 0, void @empty, i32 0, i32 0, void @empty, void @empty, void @empty, i32 0, i32 0, i32 0, i32 0, void @empty, void @empty, i32 4294967295, i32 0"   --->   Operation 21 'specinterface' 'specinterface_ln0' <Predicate = true> <Delay = 0.00>
ST_1 : Operation 22 [1/1] (0.00ns)   --->   "%specinterface_ln0 = specinterface void @_ssdm_op_SpecInterface, i16 %tx_ibhconnTable_req, void @empty_5, i32 0, i32 0, void @empty, i32 0, i32 0, void @empty, void @empty, void @empty, i32 0, i32 0, i32 0, i32 0, void @empty, void @empty, i32 4294967295, i32 0"   --->   Operation 22 'specinterface' 'specinterface_ln0' <Predicate = true> <Delay = 0.00>
ST_1 : Operation 23 [1/1] (0.00ns)   --->   "%specinterface_ln0 = specinterface void @_ssdm_op_SpecInterface, i16 %tx_ibhconnTable_req, void @empty_5, i32 0, i32 0, void @empty, i32 0, i32 0, void @empty, void @empty, void @empty, i32 0, i32 0, i32 0, i32 0, void @empty, void @empty, i32 4294967295, i32 0"   --->   Operation 23 'specinterface' 'specinterface_ln0' <Predicate = true> <Delay = 0.00>
ST_1 : Operation 24 [1/1] (0.00ns)   --->   "%specinterface_ln0 = specinterface void @_ssdm_op_SpecInterface, i16 %tx_ibhconnTable_req, void @empty_5, i32 0, i32 0, void @empty, i32 0, i32 0, void @empty, void @empty, void @empty, i32 0, i32 0, i32 0, i32 0, void @empty, void @empty, i32 4294967295, i32 0"   --->   Operation 24 'specinterface' 'specinterface_ln0' <Predicate = true> <Delay = 0.00>
ST_1 : Operation 25 [1/1] (0.00ns)   --->   "%specinterface_ln0 = specinterface void @_ssdm_op_SpecInterface, i256 %tx_exhMetaFifo, void @empty_5, i32 0, i32 0, void @empty, i32 0, i32 0, void @empty, void @empty, void @empty, i32 0, i32 0, i32 0, i32 0, void @empty, void @empty, i32 4294967295, i32 0"   --->   Operation 25 'specinterface' 'specinterface_ln0' <Predicate = true> <Delay = 0.00>
ST_1 : Operation 26 [1/1] (0.00ns)   --->   "%specinterface_ln0 = specinterface void @_ssdm_op_SpecInterface, i192 %tx_ibhMetaFifo, void @empty_5, i32 0, i32 0, void @empty, i32 0, i32 0, void @empty, void @empty, void @empty, i32 0, i32 0, i32 0, i32 0, void @empty, void @empty, i32 4294967295, i32 0"   --->   Operation 26 'specinterface' 'specinterface_ln0' <Predicate = true> <Delay = 0.00>
ST_1 : Operation 27 [1/1] (0.00ns)   --->   "%specinterface_ln0 = specinterface void @_ssdm_op_SpecInterface, i16 %tx_ibhconnTable_req, void @empty_5, i32 0, i32 0, void @empty, i32 0, i32 0, void @empty, void @empty, void @empty, i32 0, i32 0, i32 0, i32 0, void @empty, void @empty, i32 4294967295, i32 0"   --->   Operation 27 'specinterface' 'specinterface_ln0' <Predicate = true> <Delay = 0.00>
ST_1 : Operation 28 [1/1] (0.00ns)   --->   "%specinterface_ln0 = specinterface void @_ssdm_op_SpecInterface, i256 %tx_appMetaFifo, void @empty_5, i32 0, i32 0, void @empty, i32 0, i32 0, void @empty, void @empty, void @empty, i32 0, i32 0, i32 0, i32 0, void @empty, void @empty, i32 4294967295, i32 0"   --->   Operation 28 'specinterface' 'specinterface_ln0' <Predicate = true> <Delay = 0.00>
ST_1 : Operation 29 [1/1] (0.00ns)   --->   "%specinterface_ln0 = specinterface void @_ssdm_op_SpecInterface, i96 %rx_ackEventFifo, void @empty_5, i32 0, i32 0, void @empty, i32 0, i32 0, void @empty, void @empty, void @empty, i32 0, i32 0, i32 0, i32 0, void @empty, void @empty, i32 4294967295, i32 0"   --->   Operation 29 'specinterface' 'specinterface_ln0' <Predicate = true> <Delay = 0.00>
ST_1 : Operation 30 [1/1] (0.00ns)   --->   "%specinterface_ln0 = specinterface void @_ssdm_op_SpecInterface, i256 %rx_readEvenFifo, void @empty_5, i32 0, i32 0, void @empty, i32 0, i32 0, void @empty, void @empty, void @empty, i32 0, i32 0, i32 0, i32 0, void @empty, void @empty, i32 4294967295, i32 0"   --->   Operation 30 'specinterface' 'specinterface_ln0' <Predicate = true> <Delay = 0.00>
ST_1 : Operation 31 [1/1] (0.00ns)   --->   "%specpipeline_ln1744 = specpipeline void @_ssdm_op_SpecPipeline, i32 1, i32 0, i32 0, i32 0, void @empty" [/mnt/scratch/pyuvaraj/Vitis_RoCE_W/Vitis_RoCE/fpga-network-stack/hls/rocev2/../ib_transport_protocol/ib_transport_protocol.cpp:1744]   --->   Operation 31 'specpipeline' 'specpipeline_ln1744' <Predicate = true> <Delay = 0.00>
ST_1 : Operation 32 [1/1] (0.00ns)   --->   "%tmp_i = nbreadreq i1 @_ssdm_op_NbReadReq.ap_fifo.i96P0A, i96 %rx_ackEventFifo, i32 1" [/tools/Xilinx/Vitis_HLS/2022.1/common/technology/autopilot/hls_stream_39.h:136]   --->   Operation 32 'nbreadreq' 'tmp_i' <Predicate = true> <Delay = 0.00> <CoreInst = "FIFO_SRL">   --->   Core 81 'FIFO_SRL' <Latency = 0> <II = 1> <Delay = 1.41> <Storage> <Opcode : 'read' 'write' 'nbread' 'nbwrite'> <Ports = 0> <Width = 96> <Depth = 4> <FIFO>
ST_1 : Operation 33 [1/1] (0.00ns)   --->   "%br_ln1759 = br i1 %tmp_i, void %if.else.i, void %if.then.i" [/mnt/scratch/pyuvaraj/Vitis_RoCE_W/Vitis_RoCE/fpga-network-stack/hls/rocev2/../ib_transport_protocol/ib_transport_protocol.cpp:1759]   --->   Operation 33 'br' 'br_ln1759' <Predicate = true> <Delay = 0.00>
ST_1 : Operation 34 [1/1] (0.00ns)   --->   "%br_ln0 = br void %meta_merger.exit"   --->   Operation 34 'br' 'br_ln0' <Predicate = (!tmp_i)> <Delay = 0.00>
ST_1 : Operation 35 [1/1] (1.16ns)   --->   "%rx_ackEventFifo_read = read i96 @_ssdm_op_Read.ap_fifo.volatile.i96P0A, i96 %rx_ackEventFifo" [/tools/Xilinx/Vitis_HLS/2022.1/common/technology/autopilot/hls_stream_39.h:145]   --->   Operation 35 'read' 'rx_ackEventFifo_read' <Predicate = (tmp_i)> <Delay = 1.16> <CoreInst = "FIFO_SRL">   --->   Core 81 'FIFO_SRL' <Latency = 0> <II = 1> <Delay = 1.41> <Storage> <Opcode : 'read' 'write' 'nbread' 'nbwrite'> <Ports = 0> <Width = 96> <Depth = 4> <FIFO>
ST_1 : Operation 36 [1/1] (0.00ns)   --->   "%trunc_ln674 = trunc i96 %rx_ackEventFifo_read"   --->   Operation 36 'trunc' 'trunc_ln674' <Predicate = (tmp_i)> <Delay = 0.00>
ST_1 : Operation 37 [1/1] (0.00ns)   --->   "%trunc_ln174 = trunc i96 %rx_ackEventFifo_read" [/tools/Xilinx/Vitis_HLS/2022.1/common/technology/autopilot/hls_stream_39.h:174]   --->   Operation 37 'trunc' 'trunc_ln174' <Predicate = (tmp_i)> <Delay = 0.00>
ST_1 : Operation 38 [1/1] (0.00ns)   --->   "%tmp24 = partselect i24 @_ssdm_op_PartSelect.i24.i96.i32.i32, i96 %rx_ackEventFifo_read, i32 32, i32 55" [/tools/Xilinx/Vitis_HLS/2022.1/common/technology/autopilot/hls_stream_39.h:174]   --->   Operation 38 'partselect' 'tmp24' <Predicate = (tmp_i)> <Delay = 0.00>
ST_1 : Operation 39 [1/1] (0.00ns)   --->   "%tmp = bitselect i1 @_ssdm_op_BitSelect.i1.i96.i96, i96 %rx_ackEventFifo_read, i96 64" [/tools/Xilinx/Vitis_HLS/2022.1/common/technology/autopilot/hls_stream_39.h:174]   --->   Operation 39 'bitselect' 'tmp' <Predicate = (tmp_i)> <Delay = 0.00>
ST_1 : Operation 40 [1/1] (0.00ns)   --->   "%tmp_37 = bitselect i1 @_ssdm_op_BitSelect.i1.i96.i96, i96 %rx_ackEventFifo_read, i96 72" [/tools/Xilinx/Vitis_HLS/2022.1/common/technology/autopilot/hls_stream_39.h:174]   --->   Operation 40 'bitselect' 'tmp_37' <Predicate = (tmp_i)> <Delay = 0.00>

State 2 <SV = 1> <Delay = 0.98>
ST_2 : Operation 41 [1/1] (0.00ns)   --->   "%tmp_147_i = nbreadreq i1 @_ssdm_op_NbReadReq.ap_fifo.i256P0A, i256 %rx_readEvenFifo, i32 1" [/tools/Xilinx/Vitis_HLS/2022.1/common/technology/autopilot/hls_stream_39.h:136]   --->   Operation 41 'nbreadreq' 'tmp_147_i' <Predicate = (!tmp_i)> <Delay = 0.00> <CoreInst = "FIFO">   --->   Core 78 'FIFO' <Latency = 0> <II = 1> <Delay = 0.98> <Storage> <Opcode : 'read' 'write' 'nbread' 'nbwrite'> <Ports = 0> <Width = 256> <Depth = 512> <FIFO>
ST_2 : Operation 42 [1/1] (0.00ns)   --->   "%br_ln1768 = br i1 %tmp_147_i, void %if.else19.i, void %if.then8.i" [/mnt/scratch/pyuvaraj/Vitis_RoCE_W/Vitis_RoCE/fpga-network-stack/hls/rocev2/../ib_transport_protocol/ib_transport_protocol.cpp:1768]   --->   Operation 42 'br' 'br_ln1768' <Predicate = (!tmp_i)> <Delay = 0.00>
ST_2 : Operation 43 [1/1] (0.00ns)   --->   "%br_ln0 = br void %if.end54.i"   --->   Operation 43 'br' 'br_ln0' <Predicate = (!tmp_i & !tmp_147_i)> <Delay = 0.00>
ST_2 : Operation 44 [1/1] (0.98ns)   --->   "%rx_readEvenFifo_read = read i256 @_ssdm_op_Read.ap_fifo.volatile.i256P0A, i256 %rx_readEvenFifo" [/tools/Xilinx/Vitis_HLS/2022.1/common/technology/autopilot/hls_stream_39.h:145]   --->   Operation 44 'read' 'rx_readEvenFifo_read' <Predicate = (!tmp_i & tmp_147_i)> <Delay = 0.98> <CoreInst = "FIFO">   --->   Core 78 'FIFO' <Latency = 0> <II = 1> <Delay = 0.98> <Storage> <Opcode : 'read' 'write' 'nbread' 'nbwrite'> <Ports = 0> <Width = 256> <Depth = 512> <FIFO>
ST_2 : Operation 45 [1/1] (0.00ns)   --->   "%ev_op_code = trunc i256 %rx_readEvenFifo_read" [/tools/Xilinx/Vitis_HLS/2022.1/common/technology/autopilot/hls_stream_39.h:145]   --->   Operation 45 'trunc' 'ev_op_code' <Predicate = (!tmp_i & tmp_147_i)> <Delay = 0.00>
ST_2 : Operation 46 [1/1] (0.00ns)   --->   "%p_s = partselect i16 @_ssdm_op_PartSelect.i16.i256.i32.i32, i256 %rx_readEvenFifo_read, i32 32, i32 47"   --->   Operation 46 'partselect' 'p_s' <Predicate = (!tmp_i & tmp_147_i)> <Delay = 0.00>
ST_2 : Operation 47 [1/1] (0.00ns)   --->   "%tmp_156_i = partselect i24 @_ssdm_op_PartSelect.i24.i256.i32.i32, i256 %rx_readEvenFifo_read, i32 32, i32 55" [/tools/Xilinx/Vitis_HLS/2022.1/common/technology/autopilot/hls_stream_39.h:174]   --->   Operation 47 'partselect' 'tmp_156_i' <Predicate = (!tmp_i & tmp_147_i)> <Delay = 0.00>
ST_2 : Operation 48 [1/1] (0.00ns)   --->   "%tmp_157_i = partselect i24 @_ssdm_op_PartSelect.i24.i256.i32.i32, i256 %rx_readEvenFifo_read, i32 160, i32 183" [/tools/Xilinx/Vitis_HLS/2022.1/common/technology/autopilot/hls_stream_39.h:174]   --->   Operation 48 'partselect' 'tmp_157_i' <Predicate = (!tmp_i & tmp_147_i)> <Delay = 0.00>
ST_2 : Operation 49 [1/1] (0.00ns)   --->   "%tmp_38 = bitselect i1 @_ssdm_op_BitSelect.i1.i256.i256, i256 %rx_readEvenFifo_read, i256 192" [/tools/Xilinx/Vitis_HLS/2022.1/common/technology/autopilot/hls_stream_39.h:174]   --->   Operation 49 'bitselect' 'tmp_38' <Predicate = (!tmp_i & tmp_147_i)> <Delay = 0.00>

State 3 <SV = 2> <Delay = 2.27>
ST_3 : Operation 50 [1/1] (0.00ns)   --->   "%tmp_149_i = nbreadreq i1 @_ssdm_op_NbReadReq.ap_fifo.i256P0A, i256 %tx_appMetaFifo, i32 1" [/tools/Xilinx/Vitis_HLS/2022.1/common/technology/autopilot/hls_stream_39.h:136]   --->   Operation 50 'nbreadreq' 'tmp_149_i' <Predicate = (!tmp_i & !tmp_147_i)> <Delay = 0.00> <CoreInst = "FIFO">   --->   Core 78 'FIFO' <Latency = 0> <II = 1> <Delay = 1.25> <Storage> <Opcode : 'read' 'write' 'nbread' 'nbwrite'> <Ports = 0> <Width = 256> <Depth = 32> <FIFO>
ST_3 : Operation 51 [1/1] (0.00ns)   --->   "%br_ln1776 = br i1 %tmp_149_i, void %if.end53.i, void %if.then21.i" [/mnt/scratch/pyuvaraj/Vitis_RoCE_W/Vitis_RoCE/fpga-network-stack/hls/rocev2/../ib_transport_protocol/ib_transport_protocol.cpp:1776]   --->   Operation 51 'br' 'br_ln1776' <Predicate = (!tmp_i & !tmp_147_i)> <Delay = 0.00>
ST_3 : Operation 52 [1/1] (1.16ns)   --->   "%tx_appMetaFifo_read = read i256 @_ssdm_op_Read.ap_fifo.volatile.i256P0A, i256 %tx_appMetaFifo" [/tools/Xilinx/Vitis_HLS/2022.1/common/technology/autopilot/hls_stream_39.h:145]   --->   Operation 52 'read' 'tx_appMetaFifo_read' <Predicate = (!tmp_i & !tmp_147_i & tmp_149_i)> <Delay = 1.16> <CoreInst = "FIFO">   --->   Core 78 'FIFO' <Latency = 0> <II = 1> <Delay = 1.25> <Storage> <Opcode : 'read' 'write' 'nbread' 'nbwrite'> <Ports = 0> <Width = 256> <Depth = 32> <FIFO>
ST_3 : Operation 53 [1/1] (0.00ns)   --->   "%ev_op_code_1 = trunc i256 %tx_appMetaFifo_read" [/tools/Xilinx/Vitis_HLS/2022.1/common/technology/autopilot/hls_stream_39.h:145]   --->   Operation 53 'trunc' 'ev_op_code_1' <Predicate = (!tmp_i & !tmp_147_i & tmp_149_i)> <Delay = 0.00>
ST_3 : Operation 54 [1/1] (0.00ns)   --->   "%ev_length_V = partselect i32 @_ssdm_op_PartSelect.i32.i256.i32.i32, i256 %tx_appMetaFifo_read, i32 128, i32 159" [/tools/Xilinx/Vitis_HLS/2022.1/common/technology/autopilot/hls_stream_39.h:145]   --->   Operation 54 'partselect' 'ev_length_V' <Predicate = (!tmp_i & !tmp_147_i & tmp_149_i)> <Delay = 0.00>
ST_3 : Operation 55 [1/1] (0.00ns)   --->   "%ev_validPsn = bitselect i1 @_ssdm_op_BitSelect.i1.i256.i256, i256 %tx_appMetaFifo_read, i256 192" [/tools/Xilinx/Vitis_HLS/2022.1/common/technology/autopilot/hls_stream_39.h:145]   --->   Operation 55 'bitselect' 'ev_validPsn' <Predicate = (!tmp_i & !tmp_147_i & tmp_149_i)> <Delay = 0.00>
ST_3 : Operation 56 [1/1] (0.85ns)   --->   "%empty = icmp_eq  i32 %ev_op_code_1, i32 29" [/tools/Xilinx/Vitis_HLS/2022.1/common/technology/autopilot/hls_stream_39.h:145]   --->   Operation 56 'icmp' 'empty' <Predicate = (!tmp_i & !tmp_147_i & tmp_149_i)> <Delay = 0.85> <CoreInst = "Cmp">   --->   Core 9 'Cmp' <Latency = 0> <II = 1> <Delay = 0.85> <FuncUnit> <Opcode : 'icmp'> <InPorts = 2> <OutPorts = 1>
ST_3 : Operation 57 [1/1] (0.85ns)   --->   "%empty_225 = icmp_eq  i32 %ev_op_code_1, i32 28" [/tools/Xilinx/Vitis_HLS/2022.1/common/technology/autopilot/hls_stream_39.h:145]   --->   Operation 57 'icmp' 'empty_225' <Predicate = (!tmp_i & !tmp_147_i & tmp_149_i)> <Delay = 0.85> <CoreInst = "Cmp">   --->   Core 9 'Cmp' <Latency = 0> <II = 1> <Delay = 0.85> <FuncUnit> <Opcode : 'icmp'> <InPorts = 2> <OutPorts = 1>
ST_3 : Operation 58 [1/1] (0.00ns) (grouped into LUT with out node empty_228)   --->   "%empty_226 = or i1 %empty_225, i1 %empty" [/tools/Xilinx/Vitis_HLS/2022.1/common/technology/autopilot/hls_stream_39.h:145]   --->   Operation 58 'or' 'empty_226' <Predicate = (!tmp_i & !tmp_147_i & tmp_149_i)> <Delay = 0.00> <CoreInst = "LogicGate">   --->   Core 74 'LogicGate' <Latency = 0> <II = 1> <Delay = 0.12> <FuncUnit> <Opcode : 'and' 'or' 'xor'> <InPorts = 2> <OutPorts = 1>
ST_3 : Operation 59 [1/1] (0.85ns)   --->   "%empty_227 = icmp_eq  i32 %ev_op_code_1, i32 12" [/tools/Xilinx/Vitis_HLS/2022.1/common/technology/autopilot/hls_stream_39.h:145]   --->   Operation 59 'icmp' 'empty_227' <Predicate = (!tmp_i & !tmp_147_i & tmp_149_i)> <Delay = 0.85> <CoreInst = "Cmp">   --->   Core 9 'Cmp' <Latency = 0> <II = 1> <Delay = 0.85> <FuncUnit> <Opcode : 'icmp'> <InPorts = 2> <OutPorts = 1>
ST_3 : Operation 60 [1/1] (0.12ns) (out node of the LUT)   --->   "%empty_228 = or i1 %empty_227, i1 %empty_226" [/tools/Xilinx/Vitis_HLS/2022.1/common/technology/autopilot/hls_stream_39.h:145]   --->   Operation 60 'or' 'empty_228' <Predicate = (!tmp_i & !tmp_147_i & tmp_149_i)> <Delay = 0.12> <CoreInst = "LogicGate">   --->   Core 74 'LogicGate' <Latency = 0> <II = 1> <Delay = 0.12> <FuncUnit> <Opcode : 'and' 'or' 'xor'> <InPorts = 2> <OutPorts = 1>
ST_3 : Operation 61 [1/1] (0.00ns)   --->   "%zext_ln1541 = zext i32 %ev_length_V"   --->   Operation 61 'zext' 'zext_ln1541' <Predicate = (!tmp_i & !tmp_147_i & tmp_149_i & empty_228)> <Delay = 0.00>
ST_3 : Operation 62 [1/1] (0.88ns)   --->   "%ret_V = add i33 %zext_ln1541, i33 1407"   --->   Operation 62 'add' 'ret_V' <Predicate = (!tmp_i & !tmp_147_i & tmp_149_i & empty_228)> <Delay = 0.88> <CoreInst = "Adder">   --->   Core 1 'Adder' <Latency = 0> <II = 1> <Delay = 0.88> <FuncUnit> <Opcode : 'add' 'sub'> <InPorts = 2> <OutPorts = 1>
ST_3 : Operation 63 [1/1] (0.00ns)   --->   "%br_ln1787 = br i1 %ev_validPsn, void %if.else45.i, void %if.then36.i" [/mnt/scratch/pyuvaraj/Vitis_RoCE_W/Vitis_RoCE/fpga-network-stack/hls/rocev2/../ib_transport_protocol/ib_transport_protocol.cpp:1787]   --->   Operation 63 'br' 'br_ln1787' <Predicate = (!tmp_i & !tmp_147_i & tmp_149_i)> <Delay = 0.00>

State 4 <SV = 3> <Delay = 2.28>
ST_4 : Operation 64 [1/1] (0.38ns)   --->   "%br_ln145 = br i1 %empty_228, void %if.end.i, void %if.then28.i" [/tools/Xilinx/Vitis_HLS/2022.1/common/technology/autopilot/hls_stream_39.h:145]   --->   Operation 64 'br' 'br_ln145' <Predicate = (!tmp_i & !tmp_147_i & tmp_149_i)> <Delay = 0.38>
ST_4 : Operation 65 [1/1] (0.00ns)   --->   "%zext_ln1559 = zext i33 %ret_V"   --->   Operation 65 'zext' 'zext_ln1559' <Predicate = (!tmp_i & !tmp_147_i & tmp_149_i & empty_228)> <Delay = 0.00>
ST_4 : Operation 66 [2/2] (2.28ns)   --->   "%mul_ln1559 = mul i66 %zext_ln1559, i66 12494450316"   --->   Operation 66 'mul' 'mul_ln1559' <Predicate = (!tmp_i & !tmp_147_i & tmp_149_i & empty_228)> <Delay = 2.28> <CoreInst = "Multiplier">   --->   Core 3 'Multiplier' <Latency = 1> <II = 1> <Delay = 2.28> <FuncUnit> <Opcode : 'mul'> <InPorts = 2> <OutPorts = 1>

State 5 <SV = 4> <Delay = 2.28>
ST_5 : Operation 67 [1/2] (2.28ns)   --->   "%mul_ln1559 = mul i66 %zext_ln1559, i66 12494450316"   --->   Operation 67 'mul' 'mul_ln1559' <Predicate = (!tmp_i & !tmp_147_i & tmp_149_i & empty_228)> <Delay = 2.28> <CoreInst = "Multiplier">   --->   Core 3 'Multiplier' <Latency = 1> <II = 1> <Delay = 2.28> <FuncUnit> <Opcode : 'mul'> <InPorts = 2> <OutPorts = 1>
ST_5 : Operation 68 [1/1] (0.00ns)   --->   "%numPkg_V = partselect i22 @_ssdm_op_PartSelect.i22.i66.i32.i32, i66 %mul_ln1559, i32 44, i32 65"   --->   Operation 68 'partselect' 'numPkg_V' <Predicate = (!tmp_i & !tmp_147_i & tmp_149_i & empty_228)> <Delay = 0.00>

State 6 <SV = 5> <Delay = 1.44>
ST_6 : Operation 69 [1/1] (0.38ns)   --->   "%br_ln1784 = br void %if.end.i" [/mnt/scratch/pyuvaraj/Vitis_RoCE_W/Vitis_RoCE/fpga-network-stack/hls/rocev2/../ib_transport_protocol/ib_transport_protocol.cpp:1784]   --->   Operation 69 'br' 'br_ln1784' <Predicate = (!tmp_i & !tmp_147_i & tmp_149_i & empty_228)> <Delay = 0.38>
ST_6 : Operation 70 [1/1] (0.00ns)   --->   "%numPkg_V_1 = phi i22 %numPkg_V, void %if.then28.i, i22 1, void %if.then21.i"   --->   Operation 70 'phi' 'numPkg_V_1' <Predicate = (!tmp_i & !tmp_147_i & tmp_149_i)> <Delay = 0.00>
ST_6 : Operation 71 [1/1] (0.00ns)   --->   "%p_2 = partselect i16 @_ssdm_op_PartSelect.i16.i256.i32.i32, i256 %tx_appMetaFifo_read, i32 32, i32 47"   --->   Operation 71 'partselect' 'p_2' <Predicate = (!tmp_i & !tmp_147_i & tmp_149_i)> <Delay = 0.00>
ST_6 : Operation 72 [1/1] (1.16ns)   --->   "%write_ln174 = write void @_ssdm_op_Write.ap_fifo.volatile.i16P0A, i16 %tx_ibhconnTable_req, i16 %p_2" [/tools/Xilinx/Vitis_HLS/2022.1/common/technology/autopilot/hls_stream_39.h:174]   --->   Operation 72 'write' 'write_ln174' <Predicate = (!tmp_i & !tmp_147_i & tmp_149_i)> <Delay = 1.16> <CoreInst = "FIFO_SRL">   --->   Core 81 'FIFO_SRL' <Latency = 0> <II = 1> <Delay = 1.34> <Storage> <Opcode : 'read' 'write' 'nbread' 'nbwrite'> <Ports = 0> <Width = 16> <Depth = 2> <FIFO>
ST_6 : Operation 73 [1/1] (0.00ns)   --->   "%tmp_160_i = partselect i24 @_ssdm_op_PartSelect.i24.i256.i32.i32, i256 %tx_appMetaFifo_read, i32 32, i32 55" [/tools/Xilinx/Vitis_HLS/2022.1/common/technology/autopilot/hls_stream_39.h:174]   --->   Operation 73 'partselect' 'tmp_160_i' <Predicate = (!tmp_i & !tmp_147_i & tmp_149_i)> <Delay = 0.00>
ST_6 : Operation 74 [1/1] (0.00ns)   --->   "%tmp_164_i = bitconcatenate i182 @_ssdm_op_BitConcatenate.i182.i22.i72.i24.i32.i32, i22 %numPkg_V_1, i72 0, i24 %tmp_160_i, i32 0, i32 %ev_op_code_1" [/tools/Xilinx/Vitis_HLS/2022.1/common/technology/autopilot/hls_stream_39.h:174]   --->   Operation 74 'bitconcatenate' 'tmp_164_i' <Predicate = (!tmp_i & !tmp_147_i & tmp_149_i & !ev_validPsn)> <Delay = 0.00>
ST_6 : Operation 75 [1/1] (0.00ns)   --->   "%zext_ln174_56 = zext i182 %tmp_164_i" [/tools/Xilinx/Vitis_HLS/2022.1/common/technology/autopilot/hls_stream_39.h:174]   --->   Operation 75 'zext' 'zext_ln174_56' <Predicate = (!tmp_i & !tmp_147_i & tmp_149_i & !ev_validPsn)> <Delay = 0.00>
ST_6 : Operation 76 [1/1] (1.06ns)   --->   "%write_ln174 = write void @_ssdm_op_Write.ap_fifo.volatile.i192P0A, i192 %tx_ibhMetaFifo, i192 %zext_ln174_56" [/tools/Xilinx/Vitis_HLS/2022.1/common/technology/autopilot/hls_stream_39.h:174]   --->   Operation 76 'write' 'write_ln174' <Predicate = (!tmp_i & !tmp_147_i & tmp_149_i & !ev_validPsn)> <Delay = 1.06> <CoreInst = "FIFO">   --->   Core 78 'FIFO' <Latency = 0> <II = 1> <Delay = 1.06> <Storage> <Opcode : 'read' 'write' 'nbread' 'nbwrite'> <Ports = 0> <Width = 192> <Depth = 8> <FIFO>
ST_6 : Operation 77 [1/1] (0.00ns)   --->   "%br_ln0 = br void %if.end52.i"   --->   Operation 77 'br' 'br_ln0' <Predicate = (!tmp_i & !tmp_147_i & tmp_149_i & !ev_validPsn)> <Delay = 0.00>
ST_6 : Operation 78 [1/1] (0.00ns)   --->   "%tmp_161_i = partselect i24 @_ssdm_op_PartSelect.i24.i256.i32.i32, i256 %tx_appMetaFifo_read, i32 160, i32 183" [/tools/Xilinx/Vitis_HLS/2022.1/common/technology/autopilot/hls_stream_39.h:174]   --->   Operation 78 'partselect' 'tmp_161_i' <Predicate = (!tmp_i & !tmp_147_i & tmp_149_i & ev_validPsn)> <Delay = 0.00>
ST_6 : Operation 79 [1/1] (0.00ns)   --->   "%zext_ln174_55_cast = bitconcatenate i161 @_ssdm_op_BitConcatenate.i161.i41.i24.i8.i24.i32.i32, i41 1099511628032, i24 %tmp_161_i, i8 0, i24 %tmp_160_i, i32 0, i32 %ev_op_code_1" [/tools/Xilinx/Vitis_HLS/2022.1/common/technology/autopilot/hls_stream_39.h:174]   --->   Operation 79 'bitconcatenate' 'zext_ln174_55_cast' <Predicate = (!tmp_i & !tmp_147_i & tmp_149_i & ev_validPsn)> <Delay = 0.00>
ST_6 : Operation 80 [1/1] (0.00ns)   --->   "%zext_ln174_55 = zext i161 %zext_ln174_55_cast" [/tools/Xilinx/Vitis_HLS/2022.1/common/technology/autopilot/hls_stream_39.h:174]   --->   Operation 80 'zext' 'zext_ln174_55' <Predicate = (!tmp_i & !tmp_147_i & tmp_149_i & ev_validPsn)> <Delay = 0.00>
ST_6 : Operation 81 [1/1] (1.06ns)   --->   "%write_ln174 = write void @_ssdm_op_Write.ap_fifo.volatile.i192P0A, i192 %tx_ibhMetaFifo, i192 %zext_ln174_55" [/tools/Xilinx/Vitis_HLS/2022.1/common/technology/autopilot/hls_stream_39.h:174]   --->   Operation 81 'write' 'write_ln174' <Predicate = (!tmp_i & !tmp_147_i & tmp_149_i & ev_validPsn)> <Delay = 1.06> <CoreInst = "FIFO">   --->   Core 78 'FIFO' <Latency = 0> <II = 1> <Delay = 1.06> <Storage> <Opcode : 'read' 'write' 'nbread' 'nbwrite'> <Ports = 0> <Width = 192> <Depth = 8> <FIFO>
ST_6 : Operation 82 [1/1] (0.00ns)   --->   "%br_ln1790 = br void %if.end52.i" [/mnt/scratch/pyuvaraj/Vitis_RoCE_W/Vitis_RoCE/fpga-network-stack/hls/rocev2/../ib_transport_protocol/ib_transport_protocol.cpp:1790]   --->   Operation 82 'br' 'br_ln1790' <Predicate = (!tmp_i & !tmp_147_i & tmp_149_i & ev_validPsn)> <Delay = 0.00>
ST_6 : Operation 83 [1/1] (0.98ns)   --->   "%write_ln174 = write void @_ssdm_op_Write.ap_fifo.volatile.i256P0A, i256 %tx_exhMetaFifo, i256 %tx_appMetaFifo_read" [/tools/Xilinx/Vitis_HLS/2022.1/common/technology/autopilot/hls_stream_39.h:174]   --->   Operation 83 'write' 'write_ln174' <Predicate = (!tmp_i & !tmp_147_i & tmp_149_i)> <Delay = 0.98> <CoreInst = "FIFO_SRL">   --->   Core 81 'FIFO_SRL' <Latency = 0> <II = 1> <Delay = 0.98> <Storage> <Opcode : 'read' 'write' 'nbread' 'nbwrite'> <Ports = 0> <Width = 256> <Depth = 4> <FIFO>
ST_6 : Operation 84 [1/1] (0.00ns)   --->   "%br_ln1796 = br void %if.end53.i" [/mnt/scratch/pyuvaraj/Vitis_RoCE_W/Vitis_RoCE/fpga-network-stack/hls/rocev2/../ib_transport_protocol/ib_transport_protocol.cpp:1796]   --->   Operation 84 'br' 'br_ln1796' <Predicate = (!tmp_i & !tmp_147_i & tmp_149_i)> <Delay = 0.00>
ST_6 : Operation 85 [1/1] (1.16ns)   --->   "%write_ln174 = write void @_ssdm_op_Write.ap_fifo.volatile.i16P0A, i16 %tx_ibhconnTable_req, i16 %p_s" [/tools/Xilinx/Vitis_HLS/2022.1/common/technology/autopilot/hls_stream_39.h:174]   --->   Operation 85 'write' 'write_ln174' <Predicate = (!tmp_i & tmp_147_i)> <Delay = 1.16> <CoreInst = "FIFO_SRL">   --->   Core 81 'FIFO_SRL' <Latency = 0> <II = 1> <Delay = 1.34> <Storage> <Opcode : 'read' 'write' 'nbread' 'nbwrite'> <Ports = 0> <Width = 16> <Depth = 2> <FIFO>
ST_6 : Operation 86 [1/1] (0.00ns)   --->   "%zext_ln174_54_cast = bitconcatenate i161 @_ssdm_op_BitConcatenate.i161.i32.i1.i8.i24.i8.i24.i32.i32, i32 2147483648, i1 %tmp_38, i8 0, i24 %tmp_157_i, i8 0, i24 %tmp_156_i, i32 0, i32 %ev_op_code" [/tools/Xilinx/Vitis_HLS/2022.1/common/technology/autopilot/hls_stream_39.h:174]   --->   Operation 86 'bitconcatenate' 'zext_ln174_54_cast' <Predicate = (!tmp_i & tmp_147_i)> <Delay = 0.00>
ST_6 : Operation 87 [1/1] (0.00ns)   --->   "%zext_ln174_54 = zext i161 %zext_ln174_54_cast" [/tools/Xilinx/Vitis_HLS/2022.1/common/technology/autopilot/hls_stream_39.h:174]   --->   Operation 87 'zext' 'zext_ln174_54' <Predicate = (!tmp_i & tmp_147_i)> <Delay = 0.00>
ST_6 : Operation 88 [1/1] (1.06ns)   --->   "%write_ln174 = write void @_ssdm_op_Write.ap_fifo.volatile.i192P0A, i192 %tx_ibhMetaFifo, i192 %zext_ln174_54" [/tools/Xilinx/Vitis_HLS/2022.1/common/technology/autopilot/hls_stream_39.h:174]   --->   Operation 88 'write' 'write_ln174' <Predicate = (!tmp_i & tmp_147_i)> <Delay = 1.06> <CoreInst = "FIFO">   --->   Core 78 'FIFO' <Latency = 0> <II = 1> <Delay = 1.06> <Storage> <Opcode : 'read' 'write' 'nbread' 'nbwrite'> <Ports = 0> <Width = 192> <Depth = 8> <FIFO>
ST_6 : Operation 89 [1/1] (0.98ns)   --->   "%write_ln174 = write void @_ssdm_op_Write.ap_fifo.volatile.i256P0A, i256 %tx_exhMetaFifo, i256 %rx_readEvenFifo_read" [/tools/Xilinx/Vitis_HLS/2022.1/common/technology/autopilot/hls_stream_39.h:174]   --->   Operation 89 'write' 'write_ln174' <Predicate = (!tmp_i & tmp_147_i)> <Delay = 0.98> <CoreInst = "FIFO_SRL">   --->   Core 81 'FIFO_SRL' <Latency = 0> <II = 1> <Delay = 0.98> <Storage> <Opcode : 'read' 'write' 'nbread' 'nbwrite'> <Ports = 0> <Width = 256> <Depth = 4> <FIFO>
ST_6 : Operation 90 [1/1] (0.00ns)   --->   "%br_ln1775 = br void %if.end54.i" [/mnt/scratch/pyuvaraj/Vitis_RoCE_W/Vitis_RoCE/fpga-network-stack/hls/rocev2/../ib_transport_protocol/ib_transport_protocol.cpp:1775]   --->   Operation 90 'br' 'br_ln1775' <Predicate = (!tmp_i & tmp_147_i)> <Delay = 0.00>
ST_6 : Operation 91 [1/1] (1.16ns)   --->   "%write_ln174 = write void @_ssdm_op_Write.ap_fifo.volatile.i16P0A, i16 %tx_ibhconnTable_req, i16 %trunc_ln674" [/tools/Xilinx/Vitis_HLS/2022.1/common/technology/autopilot/hls_stream_39.h:174]   --->   Operation 91 'write' 'write_ln174' <Predicate = (tmp_i)> <Delay = 1.16> <CoreInst = "FIFO_SRL">   --->   Core 81 'FIFO_SRL' <Latency = 0> <II = 1> <Delay = 1.34> <Storage> <Opcode : 'read' 'write' 'nbread' 'nbwrite'> <Ports = 0> <Width = 16> <Depth = 2> <FIFO>
ST_6 : Operation 92 [1/1] (0.00ns)   --->   "%or_ln174_s = bitconcatenate i129 @_ssdm_op_BitConcatenate.i129.i1.i8.i24.i8.i24.i64, i1 %tmp, i8 0, i24 %tmp24, i8 0, i24 %trunc_ln174, i64 0" [/tools/Xilinx/Vitis_HLS/2022.1/common/technology/autopilot/hls_stream_39.h:174]   --->   Operation 92 'bitconcatenate' 'or_ln174_s' <Predicate = (tmp_i)> <Delay = 0.00>
ST_6 : Operation 93 [1/1] (0.00ns)   --->   "%or_ln174_2 = or i129 %or_ln174_s, i129 17" [/tools/Xilinx/Vitis_HLS/2022.1/common/technology/autopilot/hls_stream_39.h:174]   --->   Operation 93 'or' 'or_ln174_2' <Predicate = (tmp_i)> <Delay = 0.00>
ST_6 : Operation 94 [1/1] (0.00ns)   --->   "%zext_ln174_cast = bitconcatenate i161 @_ssdm_op_BitConcatenate.i161.i32.i129, i32 2147483648, i129 %or_ln174_2" [/tools/Xilinx/Vitis_HLS/2022.1/common/technology/autopilot/hls_stream_39.h:174]   --->   Operation 94 'bitconcatenate' 'zext_ln174_cast' <Predicate = (tmp_i)> <Delay = 0.00>
ST_6 : Operation 95 [1/1] (0.00ns)   --->   "%zext_ln174 = zext i161 %zext_ln174_cast" [/tools/Xilinx/Vitis_HLS/2022.1/common/technology/autopilot/hls_stream_39.h:174]   --->   Operation 95 'zext' 'zext_ln174' <Predicate = (tmp_i)> <Delay = 0.00>
ST_6 : Operation 96 [1/1] (1.06ns)   --->   "%write_ln174 = write void @_ssdm_op_Write.ap_fifo.volatile.i192P0A, i192 %tx_ibhMetaFifo, i192 %zext_ln174" [/tools/Xilinx/Vitis_HLS/2022.1/common/technology/autopilot/hls_stream_39.h:174]   --->   Operation 96 'write' 'write_ln174' <Predicate = (tmp_i)> <Delay = 1.06> <CoreInst = "FIFO">   --->   Core 78 'FIFO' <Latency = 0> <II = 1> <Delay = 1.06> <Storage> <Opcode : 'read' 'write' 'nbread' 'nbwrite'> <Ports = 0> <Width = 192> <Depth = 8> <FIFO>
ST_6 : Operation 97 [1/1] (0.00ns)   --->   "%or_ln174_1 = bitconcatenate i201 @_ssdm_op_BitConcatenate.i201.i1.i7.i1.i8.i24.i104.i24.i32, i1 %tmp_37, i7 0, i1 %tmp, i8 0, i24 %tmp24, i104 0, i24 %trunc_ln174, i32 0" [/tools/Xilinx/Vitis_HLS/2022.1/common/technology/autopilot/hls_stream_39.h:174]   --->   Operation 97 'bitconcatenate' 'or_ln174_1' <Predicate = (tmp_i)> <Delay = 0.00>
ST_6 : Operation 98 [1/1] (0.00ns)   --->   "%or_ln174 = or i201 %or_ln174_1, i201 17" [/tools/Xilinx/Vitis_HLS/2022.1/common/technology/autopilot/hls_stream_39.h:174]   --->   Operation 98 'or' 'or_ln174' <Predicate = (tmp_i)> <Delay = 0.00>
ST_6 : Operation 99 [1/1] (0.00ns)   --->   "%zext_ln174_53 = zext i201 %or_ln174" [/tools/Xilinx/Vitis_HLS/2022.1/common/technology/autopilot/hls_stream_39.h:174]   --->   Operation 99 'zext' 'zext_ln174_53' <Predicate = (tmp_i)> <Delay = 0.00>
ST_6 : Operation 100 [1/1] (0.98ns)   --->   "%write_ln174 = write void @_ssdm_op_Write.ap_fifo.volatile.i256P0A, i256 %tx_exhMetaFifo, i256 %zext_ln174_53" [/tools/Xilinx/Vitis_HLS/2022.1/common/technology/autopilot/hls_stream_39.h:174]   --->   Operation 100 'write' 'write_ln174' <Predicate = (tmp_i)> <Delay = 0.98> <CoreInst = "FIFO_SRL">   --->   Core 81 'FIFO_SRL' <Latency = 0> <II = 1> <Delay = 0.98> <Storage> <Opcode : 'read' 'write' 'nbread' 'nbwrite'> <Ports = 0> <Width = 256> <Depth = 4> <FIFO>
ST_6 : Operation 101 [1/1] (0.00ns)   --->   "%br_ln1767 = br void %meta_merger.exit" [/mnt/scratch/pyuvaraj/Vitis_RoCE_W/Vitis_RoCE/fpga-network-stack/hls/rocev2/../ib_transport_protocol/ib_transport_protocol.cpp:1767]   --->   Operation 101 'br' 'br_ln1767' <Predicate = (tmp_i)> <Delay = 0.00>
ST_6 : Operation 102 [1/1] (0.00ns)   --->   "%ret_ln0 = ret"   --->   Operation 102 'ret' 'ret_ln0' <Predicate = true> <Delay = 0.00>


============================================================
+ Verbose Summary: Timing violations
============================================================
Target clock period: 3.2ns, clock uncertainty: 0.864ns.

 <State 1>: 1.17ns
The critical path consists of the following:
	fifo read operation ('rx_ackEventFifo_read', /tools/Xilinx/Vitis_HLS/2022.1/common/technology/autopilot/hls_stream_39.h:145) on port 'rx_ackEventFifo' (/tools/Xilinx/Vitis_HLS/2022.1/common/technology/autopilot/hls_stream_39.h:145) [96]  (1.17 ns)

 <State 2>: 0.989ns
The critical path consists of the following:
	fifo read operation ('rx_readEvenFifo_read', /tools/Xilinx/Vitis_HLS/2022.1/common/technology/autopilot/hls_stream_39.h:145) on port 'rx_readEvenFifo' (/tools/Xilinx/Vitis_HLS/2022.1/common/technology/autopilot/hls_stream_39.h:145) [81]  (0.989 ns)

 <State 3>: 2.27ns
The critical path consists of the following:
	fifo read operation ('tx_appMetaFifo_read', /tools/Xilinx/Vitis_HLS/2022.1/common/technology/autopilot/hls_stream_39.h:145) on port 'tx_appMetaFifo' (/tools/Xilinx/Vitis_HLS/2022.1/common/technology/autopilot/hls_stream_39.h:145) [41]  (1.17 ns)
	'icmp' operation ('empty_227', /tools/Xilinx/Vitis_HLS/2022.1/common/technology/autopilot/hls_stream_39.h:145) [48]  (0.859 ns)
	'or' operation ('empty_228', /tools/Xilinx/Vitis_HLS/2022.1/common/technology/autopilot/hls_stream_39.h:145) [49]  (0.122 ns)
	blocking operation 0.122 ns on control path)

 <State 4>: 2.29ns
The critical path consists of the following:
	'mul' operation ('mul_ln1559') [55]  (2.29 ns)

 <State 5>: 2.29ns
The critical path consists of the following:
	'mul' operation ('mul_ln1559') [55]  (2.29 ns)

 <State 6>: 1.45ns
The critical path consists of the following:
	multiplexor before 'phi' operation ('numPkg.V') with incoming values : ('numPkg.V') [59]  (0.387 ns)
	'phi' operation ('numPkg.V') with incoming values : ('numPkg.V') [59]  (0 ns)
	fifo write operation ('write_ln174', /tools/Xilinx/Vitis_HLS/2022.1/common/technology/autopilot/hls_stream_39.h:174) on port 'tx_ibhMetaFifo' (/tools/Xilinx/Vitis_HLS/2022.1/common/technology/autopilot/hls_stream_39.h:174) [67]  (1.06 ns)


============================================================
+ Verbose Summary: Binding
============================================================
N/A
* FSMD analyzer results:
  - Output states:
 - Input state : 
  - Chain level:
	State 1
	State 2
	State 3
	State 4
	State 5
	State 6


============================================================
+ Verbose Summary: Datapath Resource usage 
============================================================
N/A
