

================================================================
== Vitis HLS Report for 'mq_pointer_table_500_s'
================================================================
* Date:           Tue Jul 11 09:32:41 2023

* Version:        2022.1 (Build 3526262 on Mon Apr 18 15:47:01 MDT 2022)
* Project:        rocev2_prj
* Solution:       solution1 (Vivado IP Flow Target)
* Product family: virtexuplus
* Target device:  xcu280-fsvh2892-2L-e


================================================================
== Performance Estimates
================================================================
+ Timing: 
    * Summary: 
    +--------+---------+----------+------------+
    |  Clock |  Target | Estimated| Uncertainty|
    +--------+---------+----------+------------+
    |ap_clk  |  3.20 ns|  1.555 ns|     0.86 ns|
    +--------+---------+----------+------------+

+ Latency: 
    * Summary: 
    +---------+---------+-----------+-----------+-----+-----+---------+
    |  Latency (cycles) |   Latency (absolute)  |  Interval | Pipeline|
    |   min   |   max   |    min    |    max    | min | max |   Type  |
    +---------+---------+-----------+-----------+-----+-----+---------+
    |        4|        4|  12.800 ns|  12.800 ns|    1|    1|      yes|
    +---------+---------+-----------+-----------+-----+-----+---------+

    + Detail: 
        * Instance: 
        N/A

        * Loop: 
        N/A

============================================================
+ Verbose Summary: Synthesis Manager
============================================================
InlineROM: 1
ExposeGlobal: 0
============================================================
+ Verbose Summary: CDFG Model
============================================================
IsTopModel: 0
ResetActiveHigh: 1
IsCombinational: 2
IsDatapathOnly: 0
HasWiredReturn: 1
HasMFsm: 2
HasVarLatency: 0
IsPipeline: 1
IsRtlPipelined: 1
IsInstanceOverlapped: 0
IsDontTouch: 0
HasImplIP: 0
IsGatedGlobalClock: 0

+ Individual pipeline summary: 
  * Pipeline-0: initiation interval (II) = 1, depth = 5


============================================================
+ Verbose Summary: Schedule
============================================================
* Number of FSM states : 5
* Pipeline : 1
  Pipeline-0 : II = 1, D = 5, States = { 1 2 3 4 5 }
* Dataflow Pipeline: 0

* FSM state transitions: 
1 --> 2 
2 --> 3 
3 --> 4 
4 --> 5 
5 --> 

* FSM state operations: 

State 1 <SV = 0> <Delay = 1.16>
ST_1 : Operation 6 [1/1] (0.00ns)   --->   "%tmp_i = nbreadreq i1 @_ssdm_op_NbReadReq.ap_fifo.i64P0A, i64 %mq_pointerUpdFifo, i32 1" [/tools/Xilinx/Vitis_HLS/2022.1/common/technology/autopilot/hls_stream_39.h:136]   --->   Operation 6 'nbreadreq' 'tmp_i' <Predicate = true> <Delay = 0.00> <CoreInst = "FIFO_SRL">   --->   Core 81 'FIFO_SRL' <Latency = 0> <II = 1> <Delay = 1.40> <Storage> <Opcode : 'read' 'write' 'nbread' 'nbwrite'> <Ports = 0> <Width = 64> <Depth = 2> <FIFO>
ST_1 : Operation 7 [1/1] (0.00ns)   --->   "%br_ln137 = br i1 %tmp_i, void %if.else.i, void %if.then.i" [/mnt/scratch/pyuvaraj/Vitis_RoCE_W/Vitis_RoCE/fpga-network-stack/hls/rocev2/../ib_transport_protocol/multi_queue/multi_queue.hpp:137]   --->   Operation 7 'br' 'br_ln137' <Predicate = true> <Delay = 0.00>
ST_1 : Operation 8 [1/1] (0.00ns)   --->   "%br_ln0 = br void %mq_pointer_table<500>.exit"   --->   Operation 8 'br' 'br_ln0' <Predicate = (!tmp_i)> <Delay = 0.00>
ST_1 : Operation 9 [1/1] (1.16ns)   --->   "%mq_pointerUpdFifo_read = read i64 @_ssdm_op_Read.ap_fifo.volatile.i64P0A, i64 %mq_pointerUpdFifo" [/tools/Xilinx/Vitis_HLS/2022.1/common/technology/autopilot/hls_stream_39.h:145]   --->   Operation 9 'read' 'mq_pointerUpdFifo_read' <Predicate = (tmp_i)> <Delay = 1.16> <CoreInst = "FIFO_SRL">   --->   Core 81 'FIFO_SRL' <Latency = 0> <II = 1> <Delay = 1.40> <Storage> <Opcode : 'read' 'write' 'nbread' 'nbwrite'> <Ports = 0> <Width = 64> <Depth = 2> <FIFO>
ST_1 : Operation 10 [1/1] (0.00ns)   --->   "%udpate_key_V = trunc i64 %mq_pointerUpdFifo_read" [/tools/Xilinx/Vitis_HLS/2022.1/common/technology/autopilot/hls_stream_39.h:145]   --->   Operation 10 'trunc' 'udpate_key_V' <Predicate = (tmp_i)> <Delay = 0.00>
ST_1 : Operation 11 [1/1] (0.00ns)   --->   "%udpate_entry_head_V = partselect i16 @_ssdm_op_PartSelect.i16.i64.i32.i32, i64 %mq_pointerUpdFifo_read, i32 16, i32 31" [/tools/Xilinx/Vitis_HLS/2022.1/common/technology/autopilot/hls_stream_39.h:145]   --->   Operation 11 'partselect' 'udpate_entry_head_V' <Predicate = (tmp_i)> <Delay = 0.00>
ST_1 : Operation 12 [1/1] (0.00ns)   --->   "%udpate_entry_tail_V = partselect i16 @_ssdm_op_PartSelect.i16.i64.i32.i32, i64 %mq_pointerUpdFifo_read, i32 32, i32 47" [/tools/Xilinx/Vitis_HLS/2022.1/common/technology/autopilot/hls_stream_39.h:145]   --->   Operation 12 'partselect' 'udpate_entry_tail_V' <Predicate = (tmp_i)> <Delay = 0.00>
ST_1 : Operation 13 [1/1] (0.00ns)   --->   "%udpate_entry_valid = bitselect i1 @_ssdm_op_BitSelect.i1.i64.i64, i64 %mq_pointerUpdFifo_read, i64 48" [/tools/Xilinx/Vitis_HLS/2022.1/common/technology/autopilot/hls_stream_39.h:145]   --->   Operation 13 'bitselect' 'udpate_entry_valid' <Predicate = (tmp_i)> <Delay = 0.00>
ST_1 : Operation 14 [1/1] (0.00ns)   --->   "%br_ln145 = br void %mq_pointer_table<500>.exit" [/mnt/scratch/pyuvaraj/Vitis_RoCE_W/Vitis_RoCE/fpga-network-stack/hls/rocev2/../ib_transport_protocol/multi_queue/multi_queue.hpp:145]   --->   Operation 14 'br' 'br_ln145' <Predicate = (tmp_i)> <Delay = 0.00>

State 2 <SV = 1> <Delay = 1.55>
ST_2 : Operation 15 [1/1] (0.00ns)   --->   "%specinterface_ln0 = specinterface void @_ssdm_op_SpecInterface, i32 %mq_pointerReqFifo, void @empty_5, i32 0, i32 0, void @empty, i32 0, i32 0, void @empty, void @empty, void @empty, i32 0, i32 0, i32 0, i32 0, void @empty, void @empty, i32 4294967295, i32 0"   --->   Operation 15 'specinterface' 'specinterface_ln0' <Predicate = true> <Delay = 0.00>
ST_2 : Operation 16 [1/1] (0.00ns)   --->   "%specinterface_ln0 = specinterface void @_ssdm_op_SpecInterface, i32 %mq_pointerReqFifo, void @empty_5, i32 0, i32 0, void @empty, i32 0, i32 0, void @empty, void @empty, void @empty, i32 0, i32 0, i32 0, i32 0, void @empty, void @empty, i32 4294967295, i32 0"   --->   Operation 16 'specinterface' 'specinterface_ln0' <Predicate = true> <Delay = 0.00>
ST_2 : Operation 17 [1/1] (0.00ns)   --->   "%specinterface_ln0 = specinterface void @_ssdm_op_SpecInterface, i32 %mq_pointerReqFifo, void @empty_5, i32 0, i32 0, void @empty, i32 0, i32 0, void @empty, void @empty, void @empty, i32 0, i32 0, i32 0, i32 0, void @empty, void @empty, i32 4294967295, i32 0"   --->   Operation 17 'specinterface' 'specinterface_ln0' <Predicate = true> <Delay = 0.00>
ST_2 : Operation 18 [1/1] (0.00ns)   --->   "%specinterface_ln0 = specinterface void @_ssdm_op_SpecInterface, i48 %mq_pointerRspFifo, void @empty_5, i32 0, i32 0, void @empty, i32 0, i32 0, void @empty, void @empty, void @empty, i32 0, i32 0, i32 0, i32 0, void @empty, void @empty, i32 4294967295, i32 0"   --->   Operation 18 'specinterface' 'specinterface_ln0' <Predicate = true> <Delay = 0.00>
ST_2 : Operation 19 [1/1] (0.00ns)   --->   "%specinterface_ln0 = specinterface void @_ssdm_op_SpecInterface, i48 %mq_pointerRspFifo, void @empty_5, i32 0, i32 0, void @empty, i32 0, i32 0, void @empty, void @empty, void @empty, i32 0, i32 0, i32 0, i32 0, void @empty, void @empty, i32 4294967295, i32 0"   --->   Operation 19 'specinterface' 'specinterface_ln0' <Predicate = true> <Delay = 0.00>
ST_2 : Operation 20 [1/1] (0.00ns)   --->   "%specinterface_ln0 = specinterface void @_ssdm_op_SpecInterface, i48 %mq_pointerRspFifo, void @empty_5, i32 0, i32 0, void @empty, i32 0, i32 0, void @empty, void @empty, void @empty, i32 0, i32 0, i32 0, i32 0, void @empty, void @empty, i32 4294967295, i32 0"   --->   Operation 20 'specinterface' 'specinterface_ln0' <Predicate = true> <Delay = 0.00>
ST_2 : Operation 21 [1/1] (0.00ns)   --->   "%specinterface_ln0 = specinterface void @_ssdm_op_SpecInterface, i64 %mq_pointerUpdFifo, void @empty_5, i32 0, i32 0, void @empty, i32 0, i32 0, void @empty, void @empty, void @empty, i32 0, i32 0, i32 0, i32 0, void @empty, void @empty, i32 4294967295, i32 0"   --->   Operation 21 'specinterface' 'specinterface_ln0' <Predicate = true> <Delay = 0.00>
ST_2 : Operation 22 [1/1] (0.00ns)   --->   "%specinterface_ln0 = specinterface void @_ssdm_op_SpecInterface, i64 %mq_pointerUpdFifo, void @empty_5, i32 0, i32 0, void @empty, i32 0, i32 0, void @empty, void @empty, void @empty, i32 0, i32 0, i32 0, i32 0, void @empty, void @empty, i32 4294967295, i32 0"   --->   Operation 22 'specinterface' 'specinterface_ln0' <Predicate = true> <Delay = 0.00>
ST_2 : Operation 23 [1/1] (0.00ns)   --->   "%specinterface_ln0 = specinterface void @_ssdm_op_SpecInterface, i64 %mq_pointerUpdFifo, void @empty_5, i32 0, i32 0, void @empty, i32 0, i32 0, void @empty, void @empty, void @empty, i32 0, i32 0, i32 0, i32 0, void @empty, void @empty, i32 4294967295, i32 0"   --->   Operation 23 'specinterface' 'specinterface_ln0' <Predicate = true> <Delay = 0.00>
ST_2 : Operation 24 [1/1] (0.00ns)   --->   "%specinterface_ln0 = specinterface void @_ssdm_op_SpecInterface, i48 %mq_pointerRspFifo, void @empty_5, i32 0, i32 0, void @empty, i32 0, i32 0, void @empty, void @empty, void @empty, i32 0, i32 0, i32 0, i32 0, void @empty, void @empty, i32 4294967295, i32 0"   --->   Operation 24 'specinterface' 'specinterface_ln0' <Predicate = true> <Delay = 0.00>
ST_2 : Operation 25 [1/1] (0.00ns)   --->   "%specinterface_ln0 = specinterface void @_ssdm_op_SpecInterface, i32 %mq_pointerReqFifo, void @empty_5, i32 0, i32 0, void @empty, i32 0, i32 0, void @empty, void @empty, void @empty, i32 0, i32 0, i32 0, i32 0, void @empty, void @empty, i32 4294967295, i32 0"   --->   Operation 25 'specinterface' 'specinterface_ln0' <Predicate = true> <Delay = 0.00>
ST_2 : Operation 26 [1/1] (0.00ns)   --->   "%specinterface_ln0 = specinterface void @_ssdm_op_SpecInterface, i64 %mq_pointerUpdFifo, void @empty_5, i32 0, i32 0, void @empty, i32 0, i32 0, void @empty, void @empty, void @empty, i32 0, i32 0, i32 0, i32 0, void @empty, void @empty, i32 4294967295, i32 0"   --->   Operation 26 'specinterface' 'specinterface_ln0' <Predicate = true> <Delay = 0.00>
ST_2 : Operation 27 [1/1] (0.00ns)   --->   "%specpipeline_ln119 = specpipeline void @_ssdm_op_SpecPipeline, i32 1, i32 0, i32 0, i32 0, void @empty" [/mnt/scratch/pyuvaraj/Vitis_RoCE_W/Vitis_RoCE/fpga-network-stack/hls/rocev2/../ib_transport_protocol/multi_queue/multi_queue.hpp:119]   --->   Operation 27 'specpipeline' 'specpipeline_ln119' <Predicate = true> <Delay = 0.00>
ST_2 : Operation 28 [1/1] (0.00ns)   --->   "%specmemcore_ln127 = specmemcore void @_ssdm_op_SpecMemCore, i16 %ptr_table_head_V, i64 666, i64 30, i64 18446744073709551615" [/mnt/scratch/pyuvaraj/Vitis_RoCE_W/Vitis_RoCE/fpga-network-stack/hls/rocev2/../ib_transport_protocol/multi_queue/multi_queue.hpp:127]   --->   Operation 28 'specmemcore' 'specmemcore_ln127' <Predicate = true> <Delay = 0.00>
ST_2 : Operation 29 [1/1] (0.00ns)   --->   "%specmemcore_ln127 = specmemcore void @_ssdm_op_SpecMemCore, i16 %ptr_table_tail_V, i64 666, i64 30, i64 18446744073709551615" [/mnt/scratch/pyuvaraj/Vitis_RoCE_W/Vitis_RoCE/fpga-network-stack/hls/rocev2/../ib_transport_protocol/multi_queue/multi_queue.hpp:127]   --->   Operation 29 'specmemcore' 'specmemcore_ln127' <Predicate = true> <Delay = 0.00>
ST_2 : Operation 30 [1/1] (0.00ns)   --->   "%specmemcore_ln127 = specmemcore void @_ssdm_op_SpecMemCore, i1 %ptr_table_valid, i64 666, i64 30, i64 18446744073709551615" [/mnt/scratch/pyuvaraj/Vitis_RoCE_W/Vitis_RoCE/fpga-network-stack/hls/rocev2/../ib_transport_protocol/multi_queue/multi_queue.hpp:127]   --->   Operation 30 'specmemcore' 'specmemcore_ln127' <Predicate = true> <Delay = 0.00>
ST_2 : Operation 31 [1/1] (0.00ns)   --->   "%mq_lockedKey_V_load = load i16 %mq_lockedKey_V"   --->   Operation 31 'load' 'mq_lockedKey_V_load' <Predicate = true> <Delay = 0.00>
ST_2 : Operation 32 [1/1] (0.00ns)   --->   "%mq_isLocked_load = load i1 %mq_isLocked" [/mnt/scratch/pyuvaraj/Vitis_RoCE_W/Vitis_RoCE/fpga-network-stack/hls/rocev2/../ib_transport_protocol/multi_queue/multi_queue.hpp:149]   --->   Operation 32 'load' 'mq_isLocked_load' <Predicate = true> <Delay = 0.00>
ST_2 : Operation 33 [1/1] (0.00ns)   --->   "%tmp_i_223 = nbreadreq i1 @_ssdm_op_NbReadReq.ap_fifo.i32P0A, i32 %mq_pointerReqFifo, i32 1" [/tools/Xilinx/Vitis_HLS/2022.1/common/technology/autopilot/hls_stream_39.h:136]   --->   Operation 33 'nbreadreq' 'tmp_i_223' <Predicate = (!tmp_i)> <Delay = 0.00> <CoreInst = "FIFO_SRL">   --->   Core 81 'FIFO_SRL' <Latency = 0> <II = 1> <Delay = 1.39> <Storage> <Opcode : 'read' 'write' 'nbread' 'nbwrite'> <Ports = 0> <Width = 32> <Depth = 2> <FIFO>
ST_2 : Operation 34 [1/1] (0.00ns) (grouped into LUT with out node or_ln146)   --->   "%xor_ln136 = xor i1 %tmp_i_223, i1 1" [/tools/Xilinx/Vitis_HLS/2022.1/common/technology/autopilot/hls_stream_39.h:136]   --->   Operation 34 'xor' 'xor_ln136' <Predicate = (!tmp_i)> <Delay = 0.00> <CoreInst = "LogicGate">   --->   Core 74 'LogicGate' <Latency = 0> <II = 1> <Delay = 0.12> <FuncUnit> <Opcode : 'and' 'or' 'xor'> <InPorts = 2> <OutPorts = 1>
ST_2 : Operation 35 [1/1] (0.00ns)   --->   "%mq_wait_load = load i1 %mq_wait" [/mnt/scratch/pyuvaraj/Vitis_RoCE_W/Vitis_RoCE/fpga-network-stack/hls/rocev2/../ib_transport_protocol/multi_queue/multi_queue.hpp:146]   --->   Operation 35 'load' 'mq_wait_load' <Predicate = (!tmp_i)> <Delay = 0.00>
ST_2 : Operation 36 [1/1] (0.12ns) (out node of the LUT)   --->   "%or_ln146 = or i1 %mq_wait_load, i1 %xor_ln136" [/mnt/scratch/pyuvaraj/Vitis_RoCE_W/Vitis_RoCE/fpga-network-stack/hls/rocev2/../ib_transport_protocol/multi_queue/multi_queue.hpp:146]   --->   Operation 36 'or' 'or_ln146' <Predicate = (!tmp_i)> <Delay = 0.12> <CoreInst = "LogicGate">   --->   Core 74 'LogicGate' <Latency = 0> <II = 1> <Delay = 0.12> <FuncUnit> <Opcode : 'and' 'or' 'xor'> <InPorts = 2> <OutPorts = 1>
ST_2 : Operation 37 [1/1] (0.00ns)   --->   "%mq_request_key_V_load = load i16 %mq_request_key_V"   --->   Operation 37 'load' 'mq_request_key_V_load' <Predicate = (!tmp_i)> <Delay = 0.00>
ST_2 : Operation 38 [1/1] (0.00ns)   --->   "%br_ln146 = br i1 %or_ln146, void %if.then15.i, void %if.else24.i" [/mnt/scratch/pyuvaraj/Vitis_RoCE_W/Vitis_RoCE/fpga-network-stack/hls/rocev2/../ib_transport_protocol/multi_queue/multi_queue.hpp:146]   --->   Operation 38 'br' 'br_ln146' <Predicate = (!tmp_i)> <Delay = 0.00>
ST_2 : Operation 39 [1/1] (1.16ns)   --->   "%mq_pointerReqFifo_read = read i32 @_ssdm_op_Read.ap_fifo.volatile.i32P0A, i32 %mq_pointerReqFifo" [/tools/Xilinx/Vitis_HLS/2022.1/common/technology/autopilot/hls_stream_39.h:145]   --->   Operation 39 'read' 'mq_pointerReqFifo_read' <Predicate = (!tmp_i & !or_ln146)> <Delay = 1.16> <CoreInst = "FIFO_SRL">   --->   Core 81 'FIFO_SRL' <Latency = 0> <II = 1> <Delay = 1.39> <Storage> <Opcode : 'read' 'write' 'nbread' 'nbwrite'> <Ports = 0> <Width = 32> <Depth = 2> <FIFO>
ST_2 : Operation 40 [1/1] (0.00ns)   --->   "%trunc_ln145 = trunc i32 %mq_pointerReqFifo_read" [/tools/Xilinx/Vitis_HLS/2022.1/common/technology/autopilot/hls_stream_39.h:145]   --->   Operation 40 'trunc' 'trunc_ln145' <Predicate = (!tmp_i & !or_ln146)> <Delay = 0.00>
ST_2 : Operation 41 [1/1] (0.00ns)   --->   "%store_ln145 = store i16 %trunc_ln145, i16 %mq_request_key_V" [/tools/Xilinx/Vitis_HLS/2022.1/common/technology/autopilot/hls_stream_39.h:145]   --->   Operation 41 'store' 'store_ln145' <Predicate = (!tmp_i & !or_ln146)> <Delay = 0.00>
ST_2 : Operation 42 [1/1] (0.00ns)   --->   "%tmp = bitselect i1 @_ssdm_op_BitSelect.i1.i32.i32, i32 %mq_pointerReqFifo_read, i32 16" [/tools/Xilinx/Vitis_HLS/2022.1/common/technology/autopilot/hls_stream_39.h:145]   --->   Operation 42 'bitselect' 'tmp' <Predicate = (!tmp_i & !or_ln146)> <Delay = 0.00>
ST_2 : Operation 43 [1/1] (0.00ns)   --->   "%br_ln149 = br i1 %tmp, void %if.else18.i, void %land.lhs.true16.i" [/mnt/scratch/pyuvaraj/Vitis_RoCE_W/Vitis_RoCE/fpga-network-stack/hls/rocev2/../ib_transport_protocol/multi_queue/multi_queue.hpp:149]   --->   Operation 43 'br' 'br_ln149' <Predicate = (!tmp_i & !or_ln146)> <Delay = 0.00>
ST_2 : Operation 44 [1/1] (0.00ns)   --->   "%br_ln149 = br i1 %mq_isLocked_load, void %if.then21.i, void %if.then17.i" [/mnt/scratch/pyuvaraj/Vitis_RoCE_W/Vitis_RoCE/fpga-network-stack/hls/rocev2/../ib_transport_protocol/multi_queue/multi_queue.hpp:149]   --->   Operation 44 'br' 'br_ln149' <Predicate = (!tmp_i & !or_ln146 & tmp)> <Delay = 0.00>
ST_2 : Operation 45 [1/1] (0.38ns)   --->   "%store_ln158 = store i1 1, i1 %mq_isLocked" [/mnt/scratch/pyuvaraj/Vitis_RoCE_W/Vitis_RoCE/fpga-network-stack/hls/rocev2/../ib_transport_protocol/multi_queue/multi_queue.hpp:158]   --->   Operation 45 'store' 'store_ln158' <Predicate = (!tmp_i & !or_ln146 & tmp & !mq_isLocked_load)> <Delay = 0.38>
ST_2 : Operation 46 [1/1] (0.38ns)   --->   "%store_ln159 = store i16 %trunc_ln145, i16 %mq_lockedKey_V" [/mnt/scratch/pyuvaraj/Vitis_RoCE_W/Vitis_RoCE/fpga-network-stack/hls/rocev2/../ib_transport_protocol/multi_queue/multi_queue.hpp:159]   --->   Operation 46 'store' 'store_ln159' <Predicate = (!tmp_i & !or_ln146 & tmp & !mq_isLocked_load)> <Delay = 0.38>
ST_2 : Operation 47 [1/1] (0.00ns)   --->   "%br_ln0 = br void %if.end23.i"   --->   Operation 47 'br' 'br_ln0' <Predicate = (!tmp_i & !or_ln146 & !mq_isLocked_load) | (!tmp_i & !or_ln146 & !tmp)> <Delay = 0.00>
ST_2 : Operation 48 [1/1] (0.38ns)   --->   "%store_ln151 = store i1 1, i1 %mq_wait" [/mnt/scratch/pyuvaraj/Vitis_RoCE_W/Vitis_RoCE/fpga-network-stack/hls/rocev2/../ib_transport_protocol/multi_queue/multi_queue.hpp:151]   --->   Operation 48 'store' 'store_ln151' <Predicate = (!tmp_i & !or_ln146 & tmp & mq_isLocked_load)> <Delay = 0.38>
ST_2 : Operation 49 [1/1] (0.00ns)   --->   "%br_ln152 = br void %if.end23.i" [/mnt/scratch/pyuvaraj/Vitis_RoCE_W/Vitis_RoCE/fpga-network-stack/hls/rocev2/../ib_transport_protocol/multi_queue/multi_queue.hpp:152]   --->   Operation 49 'br' 'br_ln152' <Predicate = (!tmp_i & !or_ln146 & tmp & mq_isLocked_load)> <Delay = 0.00>
ST_2 : Operation 50 [1/1] (0.00ns)   --->   "%br_ln162 = br void %if.end31.i" [/mnt/scratch/pyuvaraj/Vitis_RoCE_W/Vitis_RoCE/fpga-network-stack/hls/rocev2/../ib_transport_protocol/multi_queue/multi_queue.hpp:162]   --->   Operation 50 'br' 'br_ln162' <Predicate = (!tmp_i & !or_ln146)> <Delay = 0.00>
ST_2 : Operation 51 [1/1] (0.00ns)   --->   "%br_ln163 = br i1 %mq_wait_load, void %if.end30.i, void %if.then25.i" [/mnt/scratch/pyuvaraj/Vitis_RoCE_W/Vitis_RoCE/fpga-network-stack/hls/rocev2/../ib_transport_protocol/multi_queue/multi_queue.hpp:163]   --->   Operation 51 'br' 'br_ln163' <Predicate = (!tmp_i & or_ln146)> <Delay = 0.00>
ST_2 : Operation 52 [1/1] (0.00ns)   --->   "%br_ln165 = br i1 %mq_isLocked_load, void %if.then26.i, void %if.end29.i" [/mnt/scratch/pyuvaraj/Vitis_RoCE_W/Vitis_RoCE/fpga-network-stack/hls/rocev2/../ib_transport_protocol/multi_queue/multi_queue.hpp:165]   --->   Operation 52 'br' 'br_ln165' <Predicate = (!tmp_i & or_ln146 & mq_wait_load)> <Delay = 0.00>
ST_2 : Operation 53 [1/1] (0.38ns)   --->   "%store_ln168 = store i1 1, i1 %mq_isLocked" [/mnt/scratch/pyuvaraj/Vitis_RoCE_W/Vitis_RoCE/fpga-network-stack/hls/rocev2/../ib_transport_protocol/multi_queue/multi_queue.hpp:168]   --->   Operation 53 'store' 'store_ln168' <Predicate = (!tmp_i & or_ln146 & !mq_isLocked_load & mq_wait_load)> <Delay = 0.38>
ST_2 : Operation 54 [1/1] (0.38ns)   --->   "%store_ln169 = store i16 %mq_request_key_V_load, i16 %mq_lockedKey_V" [/mnt/scratch/pyuvaraj/Vitis_RoCE_W/Vitis_RoCE/fpga-network-stack/hls/rocev2/../ib_transport_protocol/multi_queue/multi_queue.hpp:169]   --->   Operation 54 'store' 'store_ln169' <Predicate = (!tmp_i & or_ln146 & !mq_isLocked_load & mq_wait_load)> <Delay = 0.38>
ST_2 : Operation 55 [1/1] (0.38ns)   --->   "%store_ln170 = store i1 0, i1 %mq_wait" [/mnt/scratch/pyuvaraj/Vitis_RoCE_W/Vitis_RoCE/fpga-network-stack/hls/rocev2/../ib_transport_protocol/multi_queue/multi_queue.hpp:170]   --->   Operation 55 'store' 'store_ln170' <Predicate = (!tmp_i & or_ln146 & !mq_isLocked_load & mq_wait_load)> <Delay = 0.38>
ST_2 : Operation 56 [1/1] (0.00ns)   --->   "%br_ln172 = br void %if.end30.i" [/mnt/scratch/pyuvaraj/Vitis_RoCE_W/Vitis_RoCE/fpga-network-stack/hls/rocev2/../ib_transport_protocol/multi_queue/multi_queue.hpp:172]   --->   Operation 56 'br' 'br_ln172' <Predicate = (!tmp_i & or_ln146 & mq_wait_load)> <Delay = 0.00>
ST_2 : Operation 57 [1/1] (0.00ns)   --->   "%br_ln0 = br void %if.end31.i"   --->   Operation 57 'br' 'br_ln0' <Predicate = (!tmp_i & or_ln146)> <Delay = 0.00>
ST_2 : Operation 58 [1/1] (0.00ns)   --->   "%zext_ln587 = zext i16 %udpate_key_V"   --->   Operation 58 'zext' 'zext_ln587' <Predicate = (tmp_i)> <Delay = 0.00>
ST_2 : Operation 59 [1/1] (0.00ns)   --->   "%ptr_table_head_V_addr = getelementptr i16 %ptr_table_head_V, i64 0, i64 %zext_ln587" [/mnt/scratch/pyuvaraj/Vitis_RoCE_W/Vitis_RoCE/fpga-network-stack/hls/rocev2/../ib_transport_protocol/multi_queue/multi_queue.hpp:140]   --->   Operation 59 'getelementptr' 'ptr_table_head_V_addr' <Predicate = (tmp_i)> <Delay = 0.00>
ST_2 : Operation 60 [1/1] (1.17ns)   --->   "%store_ln140 = store i16 %udpate_entry_head_V, i9 %ptr_table_head_V_addr" [/mnt/scratch/pyuvaraj/Vitis_RoCE_W/Vitis_RoCE/fpga-network-stack/hls/rocev2/../ib_transport_protocol/multi_queue/multi_queue.hpp:140]   --->   Operation 60 'store' 'store_ln140' <Predicate = (tmp_i)> <Delay = 1.17> <CoreInst = "RAM_T2P_BRAM">   --->   Core 99 'RAM_T2P_BRAM' <Latency = 1> <II = 1> <Delay = 1.17> <Storage> <Opcode : 'load' 'store'> <Ports = 2> <Width = 16> <Depth = 500> <RAM>
ST_2 : Operation 61 [1/1] (0.00ns)   --->   "%ptr_table_tail_V_addr = getelementptr i16 %ptr_table_tail_V, i64 0, i64 %zext_ln587" [/mnt/scratch/pyuvaraj/Vitis_RoCE_W/Vitis_RoCE/fpga-network-stack/hls/rocev2/../ib_transport_protocol/multi_queue/multi_queue.hpp:140]   --->   Operation 61 'getelementptr' 'ptr_table_tail_V_addr' <Predicate = (tmp_i)> <Delay = 0.00>
ST_2 : Operation 62 [1/1] (1.17ns)   --->   "%store_ln140 = store i16 %udpate_entry_tail_V, i9 %ptr_table_tail_V_addr" [/mnt/scratch/pyuvaraj/Vitis_RoCE_W/Vitis_RoCE/fpga-network-stack/hls/rocev2/../ib_transport_protocol/multi_queue/multi_queue.hpp:140]   --->   Operation 62 'store' 'store_ln140' <Predicate = (tmp_i)> <Delay = 1.17> <CoreInst = "RAM_T2P_BRAM">   --->   Core 99 'RAM_T2P_BRAM' <Latency = 1> <II = 1> <Delay = 1.17> <Storage> <Opcode : 'load' 'store'> <Ports = 2> <Width = 16> <Depth = 500> <RAM>
ST_2 : Operation 63 [1/1] (0.00ns)   --->   "%ptr_table_valid_addr = getelementptr i1 %ptr_table_valid, i64 0, i64 %zext_ln587" [/mnt/scratch/pyuvaraj/Vitis_RoCE_W/Vitis_RoCE/fpga-network-stack/hls/rocev2/../ib_transport_protocol/multi_queue/multi_queue.hpp:140]   --->   Operation 63 'getelementptr' 'ptr_table_valid_addr' <Predicate = (tmp_i)> <Delay = 0.00>
ST_2 : Operation 64 [1/1] (1.17ns)   --->   "%store_ln140 = store i1 %udpate_entry_valid, i9 %ptr_table_valid_addr" [/mnt/scratch/pyuvaraj/Vitis_RoCE_W/Vitis_RoCE/fpga-network-stack/hls/rocev2/../ib_transport_protocol/multi_queue/multi_queue.hpp:140]   --->   Operation 64 'store' 'store_ln140' <Predicate = (tmp_i)> <Delay = 1.17> <CoreInst = "RAM_T2P_BRAM">   --->   Core 99 'RAM_T2P_BRAM' <Latency = 1> <II = 1> <Delay = 1.17> <Storage> <Opcode : 'load' 'store'> <Ports = 2> <Width = 1> <Depth = 500> <RAM>
ST_2 : Operation 65 [1/1] (0.67ns)   --->   "%icmp_ln1065 = icmp_eq  i16 %mq_lockedKey_V_load, i16 %udpate_key_V"   --->   Operation 65 'icmp' 'icmp_ln1065' <Predicate = (tmp_i)> <Delay = 0.67> <CoreInst = "Cmp">   --->   Core 9 'Cmp' <Latency = 0> <II = 1> <Delay = 0.67> <FuncUnit> <Opcode : 'icmp'> <InPorts = 2> <OutPorts = 1>
ST_2 : Operation 66 [1/1] (0.00ns)   --->   "%br_ln141 = br i1 %icmp_ln1065, void %if.end.i, void %if.then13.i" [/mnt/scratch/pyuvaraj/Vitis_RoCE_W/Vitis_RoCE/fpga-network-stack/hls/rocev2/../ib_transport_protocol/multi_queue/multi_queue.hpp:141]   --->   Operation 66 'br' 'br_ln141' <Predicate = (tmp_i)> <Delay = 0.00>
ST_2 : Operation 67 [1/1] (0.38ns)   --->   "%store_ln143 = store i1 0, i1 %mq_isLocked" [/mnt/scratch/pyuvaraj/Vitis_RoCE_W/Vitis_RoCE/fpga-network-stack/hls/rocev2/../ib_transport_protocol/multi_queue/multi_queue.hpp:143]   --->   Operation 67 'store' 'store_ln143' <Predicate = (tmp_i & icmp_ln1065)> <Delay = 0.38>
ST_2 : Operation 68 [1/1] (0.00ns)   --->   "%br_ln144 = br void %if.end.i" [/mnt/scratch/pyuvaraj/Vitis_RoCE_W/Vitis_RoCE/fpga-network-stack/hls/rocev2/../ib_transport_protocol/multi_queue/multi_queue.hpp:144]   --->   Operation 68 'br' 'br_ln144' <Predicate = (tmp_i & icmp_ln1065)> <Delay = 0.00>

State 3 <SV = 2> <Delay = 1.17>
ST_3 : Operation 69 [1/1] (0.00ns)   --->   "%zext_ln587_5 = zext i16 %trunc_ln145"   --->   Operation 69 'zext' 'zext_ln587_5' <Predicate = (!tmp_i & !or_ln146 & !tmp)> <Delay = 0.00>
ST_3 : Operation 70 [1/1] (0.00ns)   --->   "%ptr_table_head_V_addr_1 = getelementptr i16 %ptr_table_head_V, i64 0, i64 %zext_ln587_5" [/tools/Xilinx/Vitis_HLS/2022.1/common/technology/autopilot/hls_stream_39.h:174]   --->   Operation 70 'getelementptr' 'ptr_table_head_V_addr_1' <Predicate = (!tmp_i & !or_ln146 & !tmp)> <Delay = 0.00>
ST_3 : Operation 71 [2/2] (1.17ns)   --->   "%ptr_table_head_V_load = load i9 %ptr_table_head_V_addr_1" [/tools/Xilinx/Vitis_HLS/2022.1/common/technology/autopilot/hls_stream_39.h:174]   --->   Operation 71 'load' 'ptr_table_head_V_load' <Predicate = (!tmp_i & !or_ln146 & !tmp)> <Delay = 1.17> <CoreInst = "RAM_T2P_BRAM">   --->   Core 99 'RAM_T2P_BRAM' <Latency = 1> <II = 1> <Delay = 1.17> <Storage> <Opcode : 'load' 'store'> <Ports = 2> <Width = 16> <Depth = 500> <RAM>
ST_3 : Operation 72 [1/1] (0.00ns)   --->   "%ptr_table_tail_V_addr_1 = getelementptr i16 %ptr_table_tail_V, i64 0, i64 %zext_ln587_5" [/tools/Xilinx/Vitis_HLS/2022.1/common/technology/autopilot/hls_stream_39.h:174]   --->   Operation 72 'getelementptr' 'ptr_table_tail_V_addr_1' <Predicate = (!tmp_i & !or_ln146 & !tmp)> <Delay = 0.00>
ST_3 : Operation 73 [2/2] (1.17ns)   --->   "%ptr_table_tail_V_load = load i9 %ptr_table_tail_V_addr_1" [/tools/Xilinx/Vitis_HLS/2022.1/common/technology/autopilot/hls_stream_39.h:174]   --->   Operation 73 'load' 'ptr_table_tail_V_load' <Predicate = (!tmp_i & !or_ln146 & !tmp)> <Delay = 1.17> <CoreInst = "RAM_T2P_BRAM">   --->   Core 99 'RAM_T2P_BRAM' <Latency = 1> <II = 1> <Delay = 1.17> <Storage> <Opcode : 'load' 'store'> <Ports = 2> <Width = 16> <Depth = 500> <RAM>
ST_3 : Operation 74 [1/1] (0.00ns)   --->   "%ptr_table_valid_addr_1 = getelementptr i1 %ptr_table_valid, i64 0, i64 %zext_ln587_5" [/tools/Xilinx/Vitis_HLS/2022.1/common/technology/autopilot/hls_stream_39.h:174]   --->   Operation 74 'getelementptr' 'ptr_table_valid_addr_1' <Predicate = (!tmp_i & !or_ln146 & !tmp)> <Delay = 0.00>
ST_3 : Operation 75 [2/2] (1.17ns)   --->   "%ptr_table_valid_load = load i9 %ptr_table_valid_addr_1" [/tools/Xilinx/Vitis_HLS/2022.1/common/technology/autopilot/hls_stream_39.h:174]   --->   Operation 75 'load' 'ptr_table_valid_load' <Predicate = (!tmp_i & !or_ln146 & !tmp)> <Delay = 1.17> <CoreInst = "RAM_T2P_BRAM">   --->   Core 99 'RAM_T2P_BRAM' <Latency = 1> <II = 1> <Delay = 1.17> <Storage> <Opcode : 'load' 'store'> <Ports = 2> <Width = 1> <Depth = 500> <RAM>
ST_3 : Operation 76 [1/1] (0.00ns)   --->   "%zext_ln587_7 = zext i16 %trunc_ln145"   --->   Operation 76 'zext' 'zext_ln587_7' <Predicate = (!tmp_i & !or_ln146 & tmp & !mq_isLocked_load)> <Delay = 0.00>
ST_3 : Operation 77 [1/1] (0.00ns)   --->   "%ptr_table_head_V_addr_3 = getelementptr i16 %ptr_table_head_V, i64 0, i64 %zext_ln587_7" [/tools/Xilinx/Vitis_HLS/2022.1/common/technology/autopilot/hls_stream_39.h:174]   --->   Operation 77 'getelementptr' 'ptr_table_head_V_addr_3' <Predicate = (!tmp_i & !or_ln146 & tmp & !mq_isLocked_load)> <Delay = 0.00>
ST_3 : Operation 78 [2/2] (1.17ns)   --->   "%ptr_table_head_V_load_2 = load i9 %ptr_table_head_V_addr_3" [/tools/Xilinx/Vitis_HLS/2022.1/common/technology/autopilot/hls_stream_39.h:174]   --->   Operation 78 'load' 'ptr_table_head_V_load_2' <Predicate = (!tmp_i & !or_ln146 & tmp & !mq_isLocked_load)> <Delay = 1.17> <CoreInst = "RAM_T2P_BRAM">   --->   Core 99 'RAM_T2P_BRAM' <Latency = 1> <II = 1> <Delay = 1.17> <Storage> <Opcode : 'load' 'store'> <Ports = 2> <Width = 16> <Depth = 500> <RAM>
ST_3 : Operation 79 [1/1] (0.00ns)   --->   "%ptr_table_tail_V_addr_3 = getelementptr i16 %ptr_table_tail_V, i64 0, i64 %zext_ln587_7" [/tools/Xilinx/Vitis_HLS/2022.1/common/technology/autopilot/hls_stream_39.h:174]   --->   Operation 79 'getelementptr' 'ptr_table_tail_V_addr_3' <Predicate = (!tmp_i & !or_ln146 & tmp & !mq_isLocked_load)> <Delay = 0.00>
ST_3 : Operation 80 [2/2] (1.17ns)   --->   "%ptr_table_tail_V_load_2 = load i9 %ptr_table_tail_V_addr_3" [/tools/Xilinx/Vitis_HLS/2022.1/common/technology/autopilot/hls_stream_39.h:174]   --->   Operation 80 'load' 'ptr_table_tail_V_load_2' <Predicate = (!tmp_i & !or_ln146 & tmp & !mq_isLocked_load)> <Delay = 1.17> <CoreInst = "RAM_T2P_BRAM">   --->   Core 99 'RAM_T2P_BRAM' <Latency = 1> <II = 1> <Delay = 1.17> <Storage> <Opcode : 'load' 'store'> <Ports = 2> <Width = 16> <Depth = 500> <RAM>
ST_3 : Operation 81 [1/1] (0.00ns)   --->   "%ptr_table_valid_addr_3 = getelementptr i1 %ptr_table_valid, i64 0, i64 %zext_ln587_7" [/tools/Xilinx/Vitis_HLS/2022.1/common/technology/autopilot/hls_stream_39.h:174]   --->   Operation 81 'getelementptr' 'ptr_table_valid_addr_3' <Predicate = (!tmp_i & !or_ln146 & tmp & !mq_isLocked_load)> <Delay = 0.00>
ST_3 : Operation 82 [2/2] (1.17ns)   --->   "%ptr_table_valid_load_2 = load i9 %ptr_table_valid_addr_3" [/tools/Xilinx/Vitis_HLS/2022.1/common/technology/autopilot/hls_stream_39.h:174]   --->   Operation 82 'load' 'ptr_table_valid_load_2' <Predicate = (!tmp_i & !or_ln146 & tmp & !mq_isLocked_load)> <Delay = 1.17> <CoreInst = "RAM_T2P_BRAM">   --->   Core 99 'RAM_T2P_BRAM' <Latency = 1> <II = 1> <Delay = 1.17> <Storage> <Opcode : 'load' 'store'> <Ports = 2> <Width = 1> <Depth = 500> <RAM>
ST_3 : Operation 83 [1/1] (0.00ns)   --->   "%zext_ln587_6 = zext i16 %mq_request_key_V_load"   --->   Operation 83 'zext' 'zext_ln587_6' <Predicate = (!tmp_i & or_ln146 & !mq_isLocked_load & mq_wait_load)> <Delay = 0.00>
ST_3 : Operation 84 [1/1] (0.00ns)   --->   "%ptr_table_head_V_addr_2 = getelementptr i16 %ptr_table_head_V, i64 0, i64 %zext_ln587_6" [/tools/Xilinx/Vitis_HLS/2022.1/common/technology/autopilot/hls_stream_39.h:174]   --->   Operation 84 'getelementptr' 'ptr_table_head_V_addr_2' <Predicate = (!tmp_i & or_ln146 & !mq_isLocked_load & mq_wait_load)> <Delay = 0.00>
ST_3 : Operation 85 [2/2] (1.17ns)   --->   "%ptr_table_head_V_load_1 = load i9 %ptr_table_head_V_addr_2" [/tools/Xilinx/Vitis_HLS/2022.1/common/technology/autopilot/hls_stream_39.h:174]   --->   Operation 85 'load' 'ptr_table_head_V_load_1' <Predicate = (!tmp_i & or_ln146 & !mq_isLocked_load & mq_wait_load)> <Delay = 1.17> <CoreInst = "RAM_T2P_BRAM">   --->   Core 99 'RAM_T2P_BRAM' <Latency = 1> <II = 1> <Delay = 1.17> <Storage> <Opcode : 'load' 'store'> <Ports = 2> <Width = 16> <Depth = 500> <RAM>
ST_3 : Operation 86 [1/1] (0.00ns)   --->   "%ptr_table_tail_V_addr_2 = getelementptr i16 %ptr_table_tail_V, i64 0, i64 %zext_ln587_6" [/tools/Xilinx/Vitis_HLS/2022.1/common/technology/autopilot/hls_stream_39.h:174]   --->   Operation 86 'getelementptr' 'ptr_table_tail_V_addr_2' <Predicate = (!tmp_i & or_ln146 & !mq_isLocked_load & mq_wait_load)> <Delay = 0.00>
ST_3 : Operation 87 [2/2] (1.17ns)   --->   "%ptr_table_tail_V_load_1 = load i9 %ptr_table_tail_V_addr_2" [/tools/Xilinx/Vitis_HLS/2022.1/common/technology/autopilot/hls_stream_39.h:174]   --->   Operation 87 'load' 'ptr_table_tail_V_load_1' <Predicate = (!tmp_i & or_ln146 & !mq_isLocked_load & mq_wait_load)> <Delay = 1.17> <CoreInst = "RAM_T2P_BRAM">   --->   Core 99 'RAM_T2P_BRAM' <Latency = 1> <II = 1> <Delay = 1.17> <Storage> <Opcode : 'load' 'store'> <Ports = 2> <Width = 16> <Depth = 500> <RAM>
ST_3 : Operation 88 [1/1] (0.00ns)   --->   "%ptr_table_valid_addr_2 = getelementptr i1 %ptr_table_valid, i64 0, i64 %zext_ln587_6" [/tools/Xilinx/Vitis_HLS/2022.1/common/technology/autopilot/hls_stream_39.h:174]   --->   Operation 88 'getelementptr' 'ptr_table_valid_addr_2' <Predicate = (!tmp_i & or_ln146 & !mq_isLocked_load & mq_wait_load)> <Delay = 0.00>
ST_3 : Operation 89 [2/2] (1.17ns)   --->   "%ptr_table_valid_load_1 = load i9 %ptr_table_valid_addr_2" [/tools/Xilinx/Vitis_HLS/2022.1/common/technology/autopilot/hls_stream_39.h:174]   --->   Operation 89 'load' 'ptr_table_valid_load_1' <Predicate = (!tmp_i & or_ln146 & !mq_isLocked_load & mq_wait_load)> <Delay = 1.17> <CoreInst = "RAM_T2P_BRAM">   --->   Core 99 'RAM_T2P_BRAM' <Latency = 1> <II = 1> <Delay = 1.17> <Storage> <Opcode : 'load' 'store'> <Ports = 2> <Width = 1> <Depth = 500> <RAM>

State 4 <SV = 3> <Delay = 1.17>
ST_4 : Operation 90 [1/2] (1.17ns)   --->   "%ptr_table_head_V_load = load i9 %ptr_table_head_V_addr_1" [/tools/Xilinx/Vitis_HLS/2022.1/common/technology/autopilot/hls_stream_39.h:174]   --->   Operation 90 'load' 'ptr_table_head_V_load' <Predicate = (!tmp_i & !or_ln146 & !tmp)> <Delay = 1.17> <CoreInst = "RAM_T2P_BRAM">   --->   Core 99 'RAM_T2P_BRAM' <Latency = 1> <II = 1> <Delay = 1.17> <Storage> <Opcode : 'load' 'store'> <Ports = 2> <Width = 16> <Depth = 500> <RAM>
ST_4 : Operation 91 [1/2] (1.17ns)   --->   "%ptr_table_tail_V_load = load i9 %ptr_table_tail_V_addr_1" [/tools/Xilinx/Vitis_HLS/2022.1/common/technology/autopilot/hls_stream_39.h:174]   --->   Operation 91 'load' 'ptr_table_tail_V_load' <Predicate = (!tmp_i & !or_ln146 & !tmp)> <Delay = 1.17> <CoreInst = "RAM_T2P_BRAM">   --->   Core 99 'RAM_T2P_BRAM' <Latency = 1> <II = 1> <Delay = 1.17> <Storage> <Opcode : 'load' 'store'> <Ports = 2> <Width = 16> <Depth = 500> <RAM>
ST_4 : Operation 92 [1/2] (1.17ns)   --->   "%ptr_table_valid_load = load i9 %ptr_table_valid_addr_1" [/tools/Xilinx/Vitis_HLS/2022.1/common/technology/autopilot/hls_stream_39.h:174]   --->   Operation 92 'load' 'ptr_table_valid_load' <Predicate = (!tmp_i & !or_ln146 & !tmp)> <Delay = 1.17> <CoreInst = "RAM_T2P_BRAM">   --->   Core 99 'RAM_T2P_BRAM' <Latency = 1> <II = 1> <Delay = 1.17> <Storage> <Opcode : 'load' 'store'> <Ports = 2> <Width = 1> <Depth = 500> <RAM>
ST_4 : Operation 93 [1/2] (1.17ns)   --->   "%ptr_table_head_V_load_2 = load i9 %ptr_table_head_V_addr_3" [/tools/Xilinx/Vitis_HLS/2022.1/common/technology/autopilot/hls_stream_39.h:174]   --->   Operation 93 'load' 'ptr_table_head_V_load_2' <Predicate = (!tmp_i & !or_ln146 & tmp & !mq_isLocked_load)> <Delay = 1.17> <CoreInst = "RAM_T2P_BRAM">   --->   Core 99 'RAM_T2P_BRAM' <Latency = 1> <II = 1> <Delay = 1.17> <Storage> <Opcode : 'load' 'store'> <Ports = 2> <Width = 16> <Depth = 500> <RAM>
ST_4 : Operation 94 [1/2] (1.17ns)   --->   "%ptr_table_tail_V_load_2 = load i9 %ptr_table_tail_V_addr_3" [/tools/Xilinx/Vitis_HLS/2022.1/common/technology/autopilot/hls_stream_39.h:174]   --->   Operation 94 'load' 'ptr_table_tail_V_load_2' <Predicate = (!tmp_i & !or_ln146 & tmp & !mq_isLocked_load)> <Delay = 1.17> <CoreInst = "RAM_T2P_BRAM">   --->   Core 99 'RAM_T2P_BRAM' <Latency = 1> <II = 1> <Delay = 1.17> <Storage> <Opcode : 'load' 'store'> <Ports = 2> <Width = 16> <Depth = 500> <RAM>
ST_4 : Operation 95 [1/2] (1.17ns)   --->   "%ptr_table_valid_load_2 = load i9 %ptr_table_valid_addr_3" [/tools/Xilinx/Vitis_HLS/2022.1/common/technology/autopilot/hls_stream_39.h:174]   --->   Operation 95 'load' 'ptr_table_valid_load_2' <Predicate = (!tmp_i & !or_ln146 & tmp & !mq_isLocked_load)> <Delay = 1.17> <CoreInst = "RAM_T2P_BRAM">   --->   Core 99 'RAM_T2P_BRAM' <Latency = 1> <II = 1> <Delay = 1.17> <Storage> <Opcode : 'load' 'store'> <Ports = 2> <Width = 1> <Depth = 500> <RAM>
ST_4 : Operation 96 [1/2] (1.17ns)   --->   "%ptr_table_head_V_load_1 = load i9 %ptr_table_head_V_addr_2" [/tools/Xilinx/Vitis_HLS/2022.1/common/technology/autopilot/hls_stream_39.h:174]   --->   Operation 96 'load' 'ptr_table_head_V_load_1' <Predicate = (!tmp_i & or_ln146 & !mq_isLocked_load & mq_wait_load)> <Delay = 1.17> <CoreInst = "RAM_T2P_BRAM">   --->   Core 99 'RAM_T2P_BRAM' <Latency = 1> <II = 1> <Delay = 1.17> <Storage> <Opcode : 'load' 'store'> <Ports = 2> <Width = 16> <Depth = 500> <RAM>
ST_4 : Operation 97 [1/2] (1.17ns)   --->   "%ptr_table_tail_V_load_1 = load i9 %ptr_table_tail_V_addr_2" [/tools/Xilinx/Vitis_HLS/2022.1/common/technology/autopilot/hls_stream_39.h:174]   --->   Operation 97 'load' 'ptr_table_tail_V_load_1' <Predicate = (!tmp_i & or_ln146 & !mq_isLocked_load & mq_wait_load)> <Delay = 1.17> <CoreInst = "RAM_T2P_BRAM">   --->   Core 99 'RAM_T2P_BRAM' <Latency = 1> <II = 1> <Delay = 1.17> <Storage> <Opcode : 'load' 'store'> <Ports = 2> <Width = 16> <Depth = 500> <RAM>
ST_4 : Operation 98 [1/2] (1.17ns)   --->   "%ptr_table_valid_load_1 = load i9 %ptr_table_valid_addr_2" [/tools/Xilinx/Vitis_HLS/2022.1/common/technology/autopilot/hls_stream_39.h:174]   --->   Operation 98 'load' 'ptr_table_valid_load_1' <Predicate = (!tmp_i & or_ln146 & !mq_isLocked_load & mq_wait_load)> <Delay = 1.17> <CoreInst = "RAM_T2P_BRAM">   --->   Core 99 'RAM_T2P_BRAM' <Latency = 1> <II = 1> <Delay = 1.17> <Storage> <Opcode : 'load' 'store'> <Ports = 2> <Width = 1> <Depth = 500> <RAM>

State 5 <SV = 4> <Delay = 1.16>
ST_5 : Operation 99 [1/1] (0.00ns)   --->   "%tmp_152_i = bitconcatenate i33 @_ssdm_op_BitConcatenate.i33.i1.i16.i16, i1 %ptr_table_valid_load, i16 %ptr_table_tail_V_load, i16 %ptr_table_head_V_load" [/tools/Xilinx/Vitis_HLS/2022.1/common/technology/autopilot/hls_stream_39.h:174]   --->   Operation 99 'bitconcatenate' 'tmp_152_i' <Predicate = (!tmp_i & !or_ln146 & !tmp)> <Delay = 0.00>
ST_5 : Operation 100 [1/1] (0.00ns)   --->   "%zext_ln174 = zext i33 %tmp_152_i" [/tools/Xilinx/Vitis_HLS/2022.1/common/technology/autopilot/hls_stream_39.h:174]   --->   Operation 100 'zext' 'zext_ln174' <Predicate = (!tmp_i & !or_ln146 & !tmp)> <Delay = 0.00>
ST_5 : Operation 101 [1/1] (1.16ns)   --->   "%write_ln174 = write void @_ssdm_op_Write.ap_fifo.volatile.i48P0A, i48 %mq_pointerRspFifo, i48 %zext_ln174" [/tools/Xilinx/Vitis_HLS/2022.1/common/technology/autopilot/hls_stream_39.h:174]   --->   Operation 101 'write' 'write_ln174' <Predicate = (!tmp_i & !or_ln146 & !tmp)> <Delay = 1.16> <CoreInst = "FIFO_SRL">   --->   Core 81 'FIFO_SRL' <Latency = 0> <II = 1> <Delay = 1.40> <Storage> <Opcode : 'read' 'write' 'nbread' 'nbwrite'> <Ports = 0> <Width = 48> <Depth = 2> <FIFO>
ST_5 : Operation 102 [1/1] (0.00ns)   --->   "%br_ln156 = br void %if.end22.i" [/mnt/scratch/pyuvaraj/Vitis_RoCE_W/Vitis_RoCE/fpga-network-stack/hls/rocev2/../ib_transport_protocol/multi_queue/multi_queue.hpp:156]   --->   Operation 102 'br' 'br_ln156' <Predicate = (!tmp_i & !or_ln146 & !tmp)> <Delay = 0.00>
ST_5 : Operation 103 [1/1] (0.00ns)   --->   "%tmp_154_i = bitconcatenate i33 @_ssdm_op_BitConcatenate.i33.i1.i16.i16, i1 %ptr_table_valid_load_2, i16 %ptr_table_tail_V_load_2, i16 %ptr_table_head_V_load_2" [/tools/Xilinx/Vitis_HLS/2022.1/common/technology/autopilot/hls_stream_39.h:174]   --->   Operation 103 'bitconcatenate' 'tmp_154_i' <Predicate = (!tmp_i & !or_ln146 & tmp & !mq_isLocked_load)> <Delay = 0.00>
ST_5 : Operation 104 [1/1] (0.00ns)   --->   "%zext_ln174_52 = zext i33 %tmp_154_i" [/tools/Xilinx/Vitis_HLS/2022.1/common/technology/autopilot/hls_stream_39.h:174]   --->   Operation 104 'zext' 'zext_ln174_52' <Predicate = (!tmp_i & !or_ln146 & tmp & !mq_isLocked_load)> <Delay = 0.00>
ST_5 : Operation 105 [1/1] (1.16ns)   --->   "%write_ln174 = write void @_ssdm_op_Write.ap_fifo.volatile.i48P0A, i48 %mq_pointerRspFifo, i48 %zext_ln174_52" [/tools/Xilinx/Vitis_HLS/2022.1/common/technology/autopilot/hls_stream_39.h:174]   --->   Operation 105 'write' 'write_ln174' <Predicate = (!tmp_i & !or_ln146 & tmp & !mq_isLocked_load)> <Delay = 1.16> <CoreInst = "FIFO_SRL">   --->   Core 81 'FIFO_SRL' <Latency = 0> <II = 1> <Delay = 1.40> <Storage> <Opcode : 'read' 'write' 'nbread' 'nbwrite'> <Ports = 0> <Width = 48> <Depth = 2> <FIFO>
ST_5 : Operation 106 [1/1] (0.00ns)   --->   "%br_ln160 = br void %if.end22.i" [/mnt/scratch/pyuvaraj/Vitis_RoCE_W/Vitis_RoCE/fpga-network-stack/hls/rocev2/../ib_transport_protocol/multi_queue/multi_queue.hpp:160]   --->   Operation 106 'br' 'br_ln160' <Predicate = (!tmp_i & !or_ln146 & tmp & !mq_isLocked_load)> <Delay = 0.00>
ST_5 : Operation 107 [1/1] (0.00ns)   --->   "%tmp_153_i = bitconcatenate i33 @_ssdm_op_BitConcatenate.i33.i1.i16.i16, i1 %ptr_table_valid_load_1, i16 %ptr_table_tail_V_load_1, i16 %ptr_table_head_V_load_1" [/tools/Xilinx/Vitis_HLS/2022.1/common/technology/autopilot/hls_stream_39.h:174]   --->   Operation 107 'bitconcatenate' 'tmp_153_i' <Predicate = (!tmp_i & or_ln146 & !mq_isLocked_load & mq_wait_load)> <Delay = 0.00>
ST_5 : Operation 108 [1/1] (0.00ns)   --->   "%zext_ln174_51 = zext i33 %tmp_153_i" [/tools/Xilinx/Vitis_HLS/2022.1/common/technology/autopilot/hls_stream_39.h:174]   --->   Operation 108 'zext' 'zext_ln174_51' <Predicate = (!tmp_i & or_ln146 & !mq_isLocked_load & mq_wait_load)> <Delay = 0.00>
ST_5 : Operation 109 [1/1] (1.16ns)   --->   "%write_ln174 = write void @_ssdm_op_Write.ap_fifo.volatile.i48P0A, i48 %mq_pointerRspFifo, i48 %zext_ln174_51" [/tools/Xilinx/Vitis_HLS/2022.1/common/technology/autopilot/hls_stream_39.h:174]   --->   Operation 109 'write' 'write_ln174' <Predicate = (!tmp_i & or_ln146 & !mq_isLocked_load & mq_wait_load)> <Delay = 1.16> <CoreInst = "FIFO_SRL">   --->   Core 81 'FIFO_SRL' <Latency = 0> <II = 1> <Delay = 1.40> <Storage> <Opcode : 'read' 'write' 'nbread' 'nbwrite'> <Ports = 0> <Width = 48> <Depth = 2> <FIFO>
ST_5 : Operation 110 [1/1] (0.00ns)   --->   "%br_ln171 = br void %if.end29.i" [/mnt/scratch/pyuvaraj/Vitis_RoCE_W/Vitis_RoCE/fpga-network-stack/hls/rocev2/../ib_transport_protocol/multi_queue/multi_queue.hpp:171]   --->   Operation 110 'br' 'br_ln171' <Predicate = (!tmp_i & or_ln146 & !mq_isLocked_load & mq_wait_load)> <Delay = 0.00>
ST_5 : Operation 111 [1/1] (0.00ns)   --->   "%ret_ln0 = ret"   --->   Operation 111 'ret' 'ret_ln0' <Predicate = true> <Delay = 0.00>


============================================================
+ Verbose Summary: Timing violations
============================================================
Target clock period: 3.2ns, clock uncertainty: 0.864ns.

 <State 1>: 1.17ns
The critical path consists of the following:
	fifo read operation ('mq_pointerUpdFifo_read', /tools/Xilinx/Vitis_HLS/2022.1/common/technology/autopilot/hls_stream_39.h:145) on port 'mq_pointerUpdFifo' (/tools/Xilinx/Vitis_HLS/2022.1/common/technology/autopilot/hls_stream_39.h:145) [105]  (1.17 ns)

 <State 2>: 1.55ns
The critical path consists of the following:
	fifo read operation ('mq_pointerReqFifo_read', /tools/Xilinx/Vitis_HLS/2022.1/common/technology/autopilot/hls_stream_39.h:145) on port 'mq_pointerReqFifo' (/tools/Xilinx/Vitis_HLS/2022.1/common/technology/autopilot/hls_stream_39.h:145) [39]  (1.17 ns)
	'store' operation ('store_ln159', /mnt/scratch/pyuvaraj/Vitis_RoCE_W/Vitis_RoCE/fpga-network-stack/hls/rocev2/../ib_transport_protocol/multi_queue/multi_queue.hpp:159) of variable 'trunc_ln145', /tools/Xilinx/Vitis_HLS/2022.1/common/technology/autopilot/hls_stream_39.h:145 on static variable 'mq_lockedKey_V' [70]  (0.387 ns)

 <State 3>: 1.18ns
The critical path consists of the following:
	'getelementptr' operation ('ptr_table_head_V_addr_2', /tools/Xilinx/Vitis_HLS/2022.1/common/technology/autopilot/hls_stream_39.h:174) [85]  (0 ns)
	'load' operation ('ptr_table_head_V_load_1', /tools/Xilinx/Vitis_HLS/2022.1/common/technology/autopilot/hls_stream_39.h:174) on array 'ptr_table_head_V' [86]  (1.18 ns)

 <State 4>: 1.18ns
The critical path consists of the following:
	'load' operation ('ptr_table_head_V_load_2', /tools/Xilinx/Vitis_HLS/2022.1/common/technology/autopilot/hls_stream_39.h:174) on array 'ptr_table_head_V' [61]  (1.18 ns)

 <State 5>: 1.17ns
The critical path consists of the following:
	fifo write operation ('write_ln174', /tools/Xilinx/Vitis_HLS/2022.1/common/technology/autopilot/hls_stream_39.h:174) on port 'mq_pointerRspFifo' (/tools/Xilinx/Vitis_HLS/2022.1/common/technology/autopilot/hls_stream_39.h:174) [54]  (1.17 ns)


============================================================
+ Verbose Summary: Binding
============================================================
N/A
* FSMD analyzer results:
  - Output states:
 - Input state : 
  - Chain level:
	State 1
	State 2
	State 3
	State 4
	State 5


============================================================
+ Verbose Summary: Datapath Resource usage 
============================================================
N/A
