

================================================================
== Vitis HLS Report for 'prepend_ibh_header_512_s'
================================================================
* Date:           Tue Jul 11 09:32:36 2023

* Version:        2022.1 (Build 3526262 on Mon Apr 18 15:47:01 MDT 2022)
* Project:        rocev2_prj
* Solution:       solution1 (Vivado IP Flow Target)
* Product family: virtexuplus
* Target device:  xcu280-fsvh2892-2L-e


================================================================
== Performance Estimates
================================================================
+ Timing: 
    * Summary: 
    +--------+---------+----------+------------+
    |  Clock |  Target | Estimated| Uncertainty|
    +--------+---------+----------+------------+
    |ap_clk  |  3.20 ns|  1.866 ns|     0.86 ns|
    +--------+---------+----------+------------+

+ Latency: 
    * Summary: 
    +---------+---------+----------+----------+-----+-----+---------+
    |  Latency (cycles) |  Latency (absolute) |  Interval | Pipeline|
    |   min   |   max   |    min   |    max   | min | max |   Type  |
    +---------+---------+----------+----------+-----+-----+---------+
    |        1|        1|  3.200 ns|  3.200 ns|    1|    1|      yes|
    +---------+---------+----------+----------+-----+-----+---------+

    + Detail: 
        * Instance: 
        N/A

        * Loop: 
        N/A

============================================================
+ Verbose Summary: Synthesis Manager
============================================================
InlineROM: 1
ExposeGlobal: 0
============================================================
+ Verbose Summary: CDFG Model
============================================================
IsTopModel: 0
ResetActiveHigh: 1
IsCombinational: 2
IsDatapathOnly: 0
HasWiredReturn: 1
HasMFsm: 2
HasVarLatency: 0
IsPipeline: 1
IsRtlPipelined: 1
IsInstanceOverlapped: 0
IsDontTouch: 0
HasImplIP: 0
IsGatedGlobalClock: 0

+ Individual pipeline summary: 
  * Pipeline-0: initiation interval (II) = 1, depth = 2


============================================================
+ Verbose Summary: Schedule
============================================================
* Number of FSM states : 2
* Pipeline : 1
  Pipeline-0 : II = 1, D = 2, States = { 1 2 }
* Dataflow Pipeline: 0

* FSM state transitions: 
1 --> 2 
2 --> 

* FSM state operations: 

State 1 <SV = 0> <Delay = 1.86>
ST_1 : Operation 3 [1/1] (0.00ns)   --->   "%specinterface_ln0 = specinterface void @_ssdm_op_SpecInterface, i1024 %tx_ib2udpFifo, void @empty_5, i32 0, i32 0, void @empty, i32 0, i32 0, void @empty, void @empty, void @empty, i32 0, i32 0, i32 0, i32 0, void @empty, void @empty, i32 4294967295, i32 0"   --->   Operation 3 'specinterface' 'specinterface_ln0' <Predicate = true> <Delay = 0.00>
ST_1 : Operation 4 [1/1] (0.00ns)   --->   "%specinterface_ln0 = specinterface void @_ssdm_op_SpecInterface, i1024 %tx_ib2udpFifo, void @empty_5, i32 0, i32 0, void @empty, i32 0, i32 0, void @empty, void @empty, void @empty, i32 0, i32 0, i32 0, i32 0, void @empty, void @empty, i32 4294967295, i32 0"   --->   Operation 4 'specinterface' 'specinterface_ln0' <Predicate = true> <Delay = 0.00>
ST_1 : Operation 5 [1/1] (0.00ns)   --->   "%specinterface_ln0 = specinterface void @_ssdm_op_SpecInterface, i1024 %tx_ib2udpFifo, void @empty_5, i32 0, i32 0, void @empty, i32 0, i32 0, void @empty, void @empty, void @empty, i32 0, i32 0, i32 0, i32 0, void @empty, void @empty, i32 4294967295, i32 0"   --->   Operation 5 'specinterface' 'specinterface_ln0' <Predicate = true> <Delay = 0.00>
ST_1 : Operation 6 [1/1] (0.00ns)   --->   "%specinterface_ln0 = specinterface void @_ssdm_op_SpecInterface, i256 %tx_ibhHeaderFifo, void @empty_5, i32 0, i32 0, void @empty, i32 0, i32 0, void @empty, void @empty, void @empty, i32 0, i32 0, i32 0, i32 0, void @empty, void @empty, i32 4294967295, i32 0"   --->   Operation 6 'specinterface' 'specinterface_ln0' <Predicate = true> <Delay = 0.00>
ST_1 : Operation 7 [1/1] (0.00ns)   --->   "%specinterface_ln0 = specinterface void @_ssdm_op_SpecInterface, i256 %tx_ibhHeaderFifo, void @empty_5, i32 0, i32 0, void @empty, i32 0, i32 0, void @empty, void @empty, void @empty, i32 0, i32 0, i32 0, i32 0, void @empty, void @empty, i32 4294967295, i32 0"   --->   Operation 7 'specinterface' 'specinterface_ln0' <Predicate = true> <Delay = 0.00>
ST_1 : Operation 8 [1/1] (0.00ns)   --->   "%specinterface_ln0 = specinterface void @_ssdm_op_SpecInterface, i256 %tx_ibhHeaderFifo, void @empty_5, i32 0, i32 0, void @empty, i32 0, i32 0, void @empty, void @empty, void @empty, i32 0, i32 0, i32 0, i32 0, void @empty, void @empty, i32 4294967295, i32 0"   --->   Operation 8 'specinterface' 'specinterface_ln0' <Predicate = true> <Delay = 0.00>
ST_1 : Operation 9 [1/1] (0.00ns)   --->   "%specinterface_ln0 = specinterface void @_ssdm_op_SpecInterface, i1024 %tx_shift2ibhFifo, void @empty_5, i32 0, i32 0, void @empty, i32 0, i32 0, void @empty, void @empty, void @empty, i32 0, i32 0, i32 0, i32 0, void @empty, void @empty, i32 4294967295, i32 0"   --->   Operation 9 'specinterface' 'specinterface_ln0' <Predicate = true> <Delay = 0.00>
ST_1 : Operation 10 [1/1] (0.00ns)   --->   "%specinterface_ln0 = specinterface void @_ssdm_op_SpecInterface, i1024 %tx_shift2ibhFifo, void @empty_5, i32 0, i32 0, void @empty, i32 0, i32 0, void @empty, void @empty, void @empty, i32 0, i32 0, i32 0, i32 0, void @empty, void @empty, i32 4294967295, i32 0"   --->   Operation 10 'specinterface' 'specinterface_ln0' <Predicate = true> <Delay = 0.00>
ST_1 : Operation 11 [1/1] (0.00ns)   --->   "%specinterface_ln0 = specinterface void @_ssdm_op_SpecInterface, i1024 %tx_shift2ibhFifo, void @empty_5, i32 0, i32 0, void @empty, i32 0, i32 0, void @empty, void @empty, void @empty, i32 0, i32 0, i32 0, i32 0, void @empty, void @empty, i32 4294967295, i32 0"   --->   Operation 11 'specinterface' 'specinterface_ln0' <Predicate = true> <Delay = 0.00>
ST_1 : Operation 12 [1/1] (0.00ns)   --->   "%specinterface_ln0 = specinterface void @_ssdm_op_SpecInterface, i256 %tx_ibhHeaderFifo, void @empty_5, i32 0, i32 0, void @empty, i32 0, i32 0, void @empty, void @empty, void @empty, i32 0, i32 0, i32 0, i32 0, void @empty, void @empty, i32 4294967295, i32 0"   --->   Operation 12 'specinterface' 'specinterface_ln0' <Predicate = true> <Delay = 0.00>
ST_1 : Operation 13 [1/1] (0.00ns)   --->   "%specinterface_ln0 = specinterface void @_ssdm_op_SpecInterface, i1024 %tx_shift2ibhFifo, void @empty_5, i32 0, i32 0, void @empty, i32 0, i32 0, void @empty, void @empty, void @empty, i32 0, i32 0, i32 0, i32 0, void @empty, void @empty, i32 4294967295, i32 0"   --->   Operation 13 'specinterface' 'specinterface_ln0' <Predicate = true> <Delay = 0.00>
ST_1 : Operation 14 [1/1] (0.00ns)   --->   "%specinterface_ln0 = specinterface void @_ssdm_op_SpecInterface, i1024 %tx_ib2udpFifo, void @empty_5, i32 0, i32 0, void @empty, i32 0, i32 0, void @empty, void @empty, void @empty, i32 0, i32 0, i32 0, i32 0, void @empty, void @empty, i32 4294967295, i32 0"   --->   Operation 14 'specinterface' 'specinterface_ln0' <Predicate = true> <Delay = 0.00>
ST_1 : Operation 15 [1/1] (0.00ns)   --->   "%specpipeline_ln1494 = specpipeline void @_ssdm_op_SpecPipeline, i32 1, i32 0, i32 0, i32 0, void @empty" [/mnt/scratch/pyuvaraj/Vitis_RoCE_W/Vitis_RoCE/fpga-network-stack/hls/rocev2/../ib_transport_protocol/ib_transport_protocol.cpp:1494]   --->   Operation 15 'specpipeline' 'specpipeline_ln1494' <Predicate = true> <Delay = 0.00>
ST_1 : Operation 16 [1/1] (0.00ns)   --->   "%state_2_load = load i2 %state_2" [/mnt/scratch/pyuvaraj/Vitis_RoCE_W/Vitis_RoCE/fpga-network-stack/hls/rocev2/../ib_transport_protocol/ib_transport_protocol.cpp:1507]   --->   Operation 16 'load' 'state_2_load' <Predicate = true> <Delay = 0.00>
ST_1 : Operation 17 [1/1] (0.00ns)   --->   "%header_idx_1_load = load i16 %header_idx_1" [/mnt/scratch/pyuvaraj/Vitis_RoCE_W/Vitis_RoCE/fpga-network-stack/hls/rocev2/../ib_transport_protocol/../packet.hpp:76]   --->   Operation 17 'load' 'header_idx_1_load' <Predicate = true> <Delay = 0.00>
ST_1 : Operation 18 [1/1] (0.00ns)   --->   "%p_Val2_20 = load i96 %header_header_V_1"   --->   Operation 18 'load' 'p_Val2_20' <Predicate = true> <Delay = 0.00>
ST_1 : Operation 19 [1/1] (0.34ns)   --->   "%switch_ln1507 = switch i2 %state_2_load, void %sw.bb.i, i2 3, void %sw.bb22.i, i2 1, void %sw.bb4.i, i2 2, void %sw.bb9.i" [/mnt/scratch/pyuvaraj/Vitis_RoCE_W/Vitis_RoCE/fpga-network-stack/hls/rocev2/../ib_transport_protocol/ib_transport_protocol.cpp:1507]   --->   Operation 19 'switch' 'switch_ln1507' <Predicate = true> <Delay = 0.34>
ST_1 : Operation 20 [1/1] (0.00ns)   --->   "%tmp_i_220 = nbreadreq i1 @_ssdm_op_NbReadReq.ap_fifo.i1024P0A, i1024 %tx_shift2ibhFifo, i32 1" [/tools/Xilinx/Vitis_HLS/2022.1/common/technology/autopilot/hls_stream_39.h:136]   --->   Operation 20 'nbreadreq' 'tmp_i_220' <Predicate = (state_2_load == 2)> <Delay = 0.00> <CoreInst = "FIFO">   --->   Core 78 'FIFO' <Latency = 0> <II = 1> <Delay = 1.26> <Storage> <Opcode : 'read' 'write' 'nbread' 'nbwrite'> <Ports = 0> <Width = 1024> <Depth = 8> <FIFO>
ST_1 : Operation 21 [1/1] (0.00ns)   --->   "%br_ln1536 = br i1 %tmp_i_220, void %if.end21.i, void %if.then11.i" [/mnt/scratch/pyuvaraj/Vitis_RoCE_W/Vitis_RoCE/fpga-network-stack/hls/rocev2/../ib_transport_protocol/ib_transport_protocol.cpp:1536]   --->   Operation 21 'br' 'br_ln1536' <Predicate = (state_2_load == 2)> <Delay = 0.00>
ST_1 : Operation 22 [1/1] (1.16ns)   --->   "%tx_shift2ibhFifo_read_1 = read i1024 @_ssdm_op_Read.ap_fifo.volatile.i1024P0A, i1024 %tx_shift2ibhFifo" [/tools/Xilinx/Vitis_HLS/2022.1/common/technology/autopilot/hls_stream_39.h:145]   --->   Operation 22 'read' 'tx_shift2ibhFifo_read_1' <Predicate = (state_2_load == 2 & tmp_i_220)> <Delay = 1.16> <CoreInst = "FIFO">   --->   Core 78 'FIFO' <Latency = 0> <II = 1> <Delay = 1.26> <Storage> <Opcode : 'read' 'write' 'nbread' 'nbwrite'> <Ports = 0> <Width = 1024> <Depth = 8> <FIFO>
ST_1 : Operation 23 [1/1] (0.00ns)   --->   "%currWord_data_V = trunc i1024 %tx_shift2ibhFifo_read_1" [/tools/Xilinx/Vitis_HLS/2022.1/common/technology/autopilot/hls_stream_39.h:145]   --->   Operation 23 'trunc' 'currWord_data_V' <Predicate = (state_2_load == 2 & tmp_i_220)> <Delay = 0.00>
ST_1 : Operation 24 [1/1] (0.00ns)   --->   "%currWord_last_V_14 = bitselect i1 @_ssdm_op_BitSelect.i1.i1024.i1024, i1024 %tx_shift2ibhFifo_read_1, i1024 576" [/tools/Xilinx/Vitis_HLS/2022.1/common/technology/autopilot/hls_stream_39.h:145]   --->   Operation 24 'bitselect' 'currWord_last_V_14' <Predicate = (state_2_load == 2 & tmp_i_220)> <Delay = 0.00>
ST_1 : Operation 25 [1/1] (0.00ns)   --->   "%shl_ln76_1 = bitconcatenate i25 @_ssdm_op_BitConcatenate.i25.i16.i9, i16 %header_idx_1_load, i9 0" [/mnt/scratch/pyuvaraj/Vitis_RoCE_W/Vitis_RoCE/fpga-network-stack/hls/rocev2/../ib_transport_protocol/../packet.hpp:76]   --->   Operation 25 'bitconcatenate' 'shl_ln76_1' <Predicate = (state_2_load == 2 & tmp_i_220)> <Delay = 0.00>
ST_1 : Operation 26 [1/1] (0.77ns)   --->   "%icmp_ln82_1 = icmp_ult  i25 %shl_ln76_1, i25 96" [/mnt/scratch/pyuvaraj/Vitis_RoCE_W/Vitis_RoCE/fpga-network-stack/hls/rocev2/../ib_transport_protocol/../packet.hpp:82]   --->   Operation 26 'icmp' 'icmp_ln82_1' <Predicate = (state_2_load == 2 & tmp_i_220)> <Delay = 0.77> <CoreInst = "Cmp">   --->   Core 9 'Cmp' <Latency = 0> <II = 1> <Delay = 0.77> <FuncUnit> <Opcode : 'icmp'> <InPorts = 2> <OutPorts = 1>
ST_1 : Operation 27 [1/1] (0.38ns)   --->   "%br_ln82 = br i1 %icmp_ln82_1, void %_ZN12packetHeaderILi512ELi96EE11consumeWordER7ap_uintILi512EE.exit136.i, void %if.then19.i134.i" [/mnt/scratch/pyuvaraj/Vitis_RoCE_W/Vitis_RoCE/fpga-network-stack/hls/rocev2/../ib_transport_protocol/../packet.hpp:82]   --->   Operation 27 'br' 'br_ln82' <Predicate = (state_2_load == 2 & tmp_i_220)> <Delay = 0.38>
ST_1 : Operation 28 [1/1] (0.00ns)   --->   "%p_Result_12 = partset i512 @_ssdm_op_PartSet.i512.i512.i96.i32.i32, i512 %currWord_data_V, i96 %p_Val2_20, i32 0, i32 95"   --->   Operation 28 'partset' 'p_Result_12' <Predicate = (state_2_load == 2 & tmp_i_220 & icmp_ln82_1)> <Delay = 0.00>
ST_1 : Operation 29 [1/1] (0.78ns)   --->   "%add_ln85_1 = add i16 %header_idx_1_load, i16 1" [/mnt/scratch/pyuvaraj/Vitis_RoCE_W/Vitis_RoCE/fpga-network-stack/hls/rocev2/../ib_transport_protocol/../packet.hpp:85]   --->   Operation 29 'add' 'add_ln85_1' <Predicate = (state_2_load == 2 & tmp_i_220 & icmp_ln82_1)> <Delay = 0.78> <CoreInst = "Adder">   --->   Core 1 'Adder' <Latency = 0> <II = 1> <Delay = 0.78> <FuncUnit> <Opcode : 'add' 'sub'> <InPorts = 2> <OutPorts = 1>
ST_1 : Operation 30 [1/1] (0.41ns)   --->   "%store_ln85 = store i16 %add_ln85_1, i16 %header_idx_1" [/mnt/scratch/pyuvaraj/Vitis_RoCE_W/Vitis_RoCE/fpga-network-stack/hls/rocev2/../ib_transport_protocol/../packet.hpp:85]   --->   Operation 30 'store' 'store_ln85' <Predicate = (state_2_load == 2 & tmp_i_220 & icmp_ln82_1)> <Delay = 0.41>
ST_1 : Operation 31 [1/1] (0.38ns)   --->   "%br_ln86 = br void %_ZN12packetHeaderILi512ELi96EE11consumeWordER7ap_uintILi512EE.exit136.i" [/mnt/scratch/pyuvaraj/Vitis_RoCE_W/Vitis_RoCE/fpga-network-stack/hls/rocev2/../ib_transport_protocol/../packet.hpp:86]   --->   Operation 31 'br' 'br_ln86' <Predicate = (state_2_load == 2 & tmp_i_220 & icmp_ln82_1)> <Delay = 0.38>
ST_1 : Operation 32 [1/1] (0.00ns)   --->   "%tmp = partselect i65 @_ssdm_op_PartSelect.i65.i1024.i32.i32, i1024 %tx_shift2ibhFifo_read_1, i32 512, i32 576" [/tools/Xilinx/Vitis_HLS/2022.1/common/technology/autopilot/hls_stream_39.h:174]   --->   Operation 32 'partselect' 'tmp' <Predicate = (state_2_load == 2 & tmp_i_220)> <Delay = 0.00>
ST_1 : Operation 33 [1/1] (0.00ns) (grouped into LUT with out node select_ln1551_cast_i)   --->   "%xor_ln1551 = xor i1 %currWord_last_V_14, i1 1" [/mnt/scratch/pyuvaraj/Vitis_RoCE_W/Vitis_RoCE/fpga-network-stack/hls/rocev2/../ib_transport_protocol/ib_transport_protocol.cpp:1551]   --->   Operation 33 'xor' 'xor_ln1551' <Predicate = (state_2_load == 2 & tmp_i_220)> <Delay = 0.00> <CoreInst = "LogicGate">   --->   Core 74 'LogicGate' <Latency = 0> <II = 1> <Delay = 0.12> <FuncUnit> <Opcode : 'and' 'or' 'xor'> <InPorts = 2> <OutPorts = 1>
ST_1 : Operation 34 [1/1] (0.27ns) (out node of the LUT)   --->   "%select_ln1551_cast_i = select i1 %xor_ln1551, i2 3, i2 0" [/mnt/scratch/pyuvaraj/Vitis_RoCE_W/Vitis_RoCE/fpga-network-stack/hls/rocev2/../ib_transport_protocol/ib_transport_protocol.cpp:1551]   --->   Operation 34 'select' 'select_ln1551_cast_i' <Predicate = (state_2_load == 2 & tmp_i_220)> <Delay = 0.27> <CoreInst = "Sel">   --->   Core 73 'Sel' <Latency = 0> <II = 1> <Delay = 0.27> <FuncUnit> <Opcode : 'select'> <InPorts = 3> <OutPorts = 1>
ST_1 : Operation 35 [1/1] (0.41ns)   --->   "%store_ln1551 = store i2 %select_ln1551_cast_i, i2 %state_2" [/mnt/scratch/pyuvaraj/Vitis_RoCE_W/Vitis_RoCE/fpga-network-stack/hls/rocev2/../ib_transport_protocol/ib_transport_protocol.cpp:1551]   --->   Operation 35 'store' 'store_ln1551' <Predicate = (state_2_load == 2 & tmp_i_220)> <Delay = 0.41>
ST_1 : Operation 36 [1/1] (0.00ns)   --->   "%br_ln1556 = br void %prepend_ibh_header<512>.exit" [/mnt/scratch/pyuvaraj/Vitis_RoCE_W/Vitis_RoCE/fpga-network-stack/hls/rocev2/../ib_transport_protocol/ib_transport_protocol.cpp:1556]   --->   Operation 36 'br' 'br_ln1556' <Predicate = (state_2_load == 2)> <Delay = 0.00>
ST_1 : Operation 37 [1/1] (0.00ns)   --->   "%shl_ln = bitconcatenate i25 @_ssdm_op_BitConcatenate.i25.i16.i9, i16 %header_idx_1_load, i9 0" [/mnt/scratch/pyuvaraj/Vitis_RoCE_W/Vitis_RoCE/fpga-network-stack/hls/rocev2/../ib_transport_protocol/../packet.hpp:76]   --->   Operation 37 'bitconcatenate' 'shl_ln' <Predicate = (state_2_load == 1)> <Delay = 0.00>
ST_1 : Operation 38 [1/1] (0.77ns)   --->   "%icmp_ln82 = icmp_ult  i25 %shl_ln, i25 96" [/mnt/scratch/pyuvaraj/Vitis_RoCE_W/Vitis_RoCE/fpga-network-stack/hls/rocev2/../ib_transport_protocol/../packet.hpp:82]   --->   Operation 38 'icmp' 'icmp_ln82' <Predicate = (state_2_load == 1)> <Delay = 0.77> <CoreInst = "Cmp">   --->   Core 9 'Cmp' <Latency = 0> <II = 1> <Delay = 0.77> <FuncUnit> <Opcode : 'icmp'> <InPorts = 2> <OutPorts = 1>
ST_1 : Operation 39 [1/1] (0.00ns)   --->   "%br_ln82 = br i1 %icmp_ln82, void %if.then6.i, void %if.then19.i.i" [/mnt/scratch/pyuvaraj/Vitis_RoCE_W/Vitis_RoCE/fpga-network-stack/hls/rocev2/../ib_transport_protocol/../packet.hpp:82]   --->   Operation 39 'br' 'br_ln82' <Predicate = (state_2_load == 1)> <Delay = 0.00>
ST_1 : Operation 40 [1/1] (0.00ns)   --->   "%p_Result_s = partset i512 @_ssdm_op_PartSet.i512.i512.i96.i32.i32, i512 0, i96 %p_Val2_20, i32 0, i32 95"   --->   Operation 40 'partset' 'p_Result_s' <Predicate = (state_2_load == 1 & icmp_ln82)> <Delay = 0.00>
ST_1 : Operation 41 [1/1] (0.78ns)   --->   "%add_ln85 = add i16 %header_idx_1_load, i16 1" [/mnt/scratch/pyuvaraj/Vitis_RoCE_W/Vitis_RoCE/fpga-network-stack/hls/rocev2/../ib_transport_protocol/../packet.hpp:85]   --->   Operation 41 'add' 'add_ln85' <Predicate = (state_2_load == 1 & icmp_ln82)> <Delay = 0.78> <CoreInst = "Adder">   --->   Core 1 'Adder' <Latency = 0> <II = 1> <Delay = 0.78> <FuncUnit> <Opcode : 'add' 'sub'> <InPorts = 2> <OutPorts = 1>
ST_1 : Operation 42 [1/1] (0.41ns)   --->   "%store_ln85 = store i16 %add_ln85, i16 %header_idx_1" [/mnt/scratch/pyuvaraj/Vitis_RoCE_W/Vitis_RoCE/fpga-network-stack/hls/rocev2/../ib_transport_protocol/../packet.hpp:85]   --->   Operation 42 'store' 'store_ln85' <Predicate = (state_2_load == 1 & icmp_ln82)> <Delay = 0.41>
ST_1 : Operation 43 [1/1] (0.00ns)   --->   "%br_ln86 = br void %if.then6.i" [/mnt/scratch/pyuvaraj/Vitis_RoCE_W/Vitis_RoCE/fpga-network-stack/hls/rocev2/../ib_transport_protocol/../packet.hpp:86]   --->   Operation 43 'br' 'br_ln86' <Predicate = (state_2_load == 1 & icmp_ln82)> <Delay = 0.00>
ST_1 : Operation 44 [1/1] (0.41ns)   --->   "%store_ln1528 = store i2 2, i2 %state_2" [/mnt/scratch/pyuvaraj/Vitis_RoCE_W/Vitis_RoCE/fpga-network-stack/hls/rocev2/../ib_transport_protocol/ib_transport_protocol.cpp:1528]   --->   Operation 44 'store' 'store_ln1528' <Predicate = (state_2_load == 1)> <Delay = 0.41>
ST_1 : Operation 45 [1/1] (0.00ns)   --->   "%tmp_126_i = nbreadreq i1 @_ssdm_op_NbReadReq.ap_fifo.i1024P0A, i1024 %tx_shift2ibhFifo, i32 1" [/tools/Xilinx/Vitis_HLS/2022.1/common/technology/autopilot/hls_stream_39.h:136]   --->   Operation 45 'nbreadreq' 'tmp_126_i' <Predicate = (state_2_load == 3)> <Delay = 0.00> <CoreInst = "FIFO">   --->   Core 78 'FIFO' <Latency = 0> <II = 1> <Delay = 1.26> <Storage> <Opcode : 'read' 'write' 'nbread' 'nbwrite'> <Ports = 0> <Width = 1024> <Depth = 8> <FIFO>
ST_1 : Operation 46 [1/1] (0.00ns)   --->   "%br_ln1558 = br i1 %tmp_126_i, void %if.end32.i, void %if.then24.i" [/mnt/scratch/pyuvaraj/Vitis_RoCE_W/Vitis_RoCE/fpga-network-stack/hls/rocev2/../ib_transport_protocol/ib_transport_protocol.cpp:1558]   --->   Operation 46 'br' 'br_ln1558' <Predicate = (state_2_load == 3)> <Delay = 0.00>
ST_1 : Operation 47 [1/1] (1.16ns)   --->   "%tx_shift2ibhFifo_read = read i1024 @_ssdm_op_Read.ap_fifo.volatile.i1024P0A, i1024 %tx_shift2ibhFifo" [/tools/Xilinx/Vitis_HLS/2022.1/common/technology/autopilot/hls_stream_39.h:145]   --->   Operation 47 'read' 'tx_shift2ibhFifo_read' <Predicate = (state_2_load == 3 & tmp_126_i)> <Delay = 1.16> <CoreInst = "FIFO">   --->   Core 78 'FIFO' <Latency = 0> <II = 1> <Delay = 1.26> <Storage> <Opcode : 'read' 'write' 'nbread' 'nbwrite'> <Ports = 0> <Width = 1024> <Depth = 8> <FIFO>
ST_1 : Operation 48 [1/1] (0.00ns)   --->   "%currWord_last_V = bitselect i1 @_ssdm_op_BitSelect.i1.i1024.i1024, i1024 %tx_shift2ibhFifo_read, i1024 576" [/tools/Xilinx/Vitis_HLS/2022.1/common/technology/autopilot/hls_stream_39.h:145]   --->   Operation 48 'bitselect' 'currWord_last_V' <Predicate = (state_2_load == 3 & tmp_126_i)> <Delay = 0.00>
ST_1 : Operation 49 [1/1] (0.00ns)   --->   "%br_ln1567 = br i1 %currWord_last_V, void %if.end31.i, void %if.then30.i" [/mnt/scratch/pyuvaraj/Vitis_RoCE_W/Vitis_RoCE/fpga-network-stack/hls/rocev2/../ib_transport_protocol/ib_transport_protocol.cpp:1567]   --->   Operation 49 'br' 'br_ln1567' <Predicate = (state_2_load == 3 & tmp_126_i)> <Delay = 0.00>
ST_1 : Operation 50 [1/1] (0.41ns)   --->   "%store_ln1569 = store i2 0, i2 %state_2" [/mnt/scratch/pyuvaraj/Vitis_RoCE_W/Vitis_RoCE/fpga-network-stack/hls/rocev2/../ib_transport_protocol/ib_transport_protocol.cpp:1569]   --->   Operation 50 'store' 'store_ln1569' <Predicate = (state_2_load == 3 & tmp_126_i & currWord_last_V)> <Delay = 0.41>
ST_1 : Operation 51 [1/1] (0.00ns)   --->   "%br_ln1570 = br void %if.end31.i" [/mnt/scratch/pyuvaraj/Vitis_RoCE_W/Vitis_RoCE/fpga-network-stack/hls/rocev2/../ib_transport_protocol/ib_transport_protocol.cpp:1570]   --->   Operation 51 'br' 'br_ln1570' <Predicate = (state_2_load == 3 & tmp_126_i & currWord_last_V)> <Delay = 0.00>
ST_1 : Operation 52 [1/1] (0.00ns)   --->   "%br_ln1571 = br void %if.end32.i" [/mnt/scratch/pyuvaraj/Vitis_RoCE_W/Vitis_RoCE/fpga-network-stack/hls/rocev2/../ib_transport_protocol/ib_transport_protocol.cpp:1571]   --->   Operation 52 'br' 'br_ln1571' <Predicate = (state_2_load == 3 & tmp_126_i)> <Delay = 0.00>
ST_1 : Operation 53 [1/1] (0.00ns)   --->   "%br_ln1572 = br void %prepend_ibh_header<512>.exit" [/mnt/scratch/pyuvaraj/Vitis_RoCE_W/Vitis_RoCE/fpga-network-stack/hls/rocev2/../ib_transport_protocol/ib_transport_protocol.cpp:1572]   --->   Operation 53 'br' 'br_ln1572' <Predicate = (state_2_load == 3)> <Delay = 0.00>
ST_1 : Operation 54 [1/1] (0.00ns)   --->   "%tmp_i = nbreadreq i1 @_ssdm_op_NbReadReq.ap_fifo.i256P0A, i256 %tx_ibhHeaderFifo, i32 1" [/tools/Xilinx/Vitis_HLS/2022.1/common/technology/autopilot/hls_stream_39.h:136]   --->   Operation 54 'nbreadreq' 'tmp_i' <Predicate = (state_2_load == 0)> <Delay = 0.00> <CoreInst = "FIFO_SRL">   --->   Core 81 'FIFO_SRL' <Latency = 0> <II = 1> <Delay = 1.42> <Storage> <Opcode : 'read' 'write' 'nbread' 'nbwrite'> <Ports = 0> <Width = 256> <Depth = 2> <FIFO>
ST_1 : Operation 55 [1/1] (0.00ns)   --->   "%br_ln1510 = br i1 %tmp_i, void %if.end.i, void %if.then.i" [/mnt/scratch/pyuvaraj/Vitis_RoCE_W/Vitis_RoCE/fpga-network-stack/hls/rocev2/../ib_transport_protocol/ib_transport_protocol.cpp:1510]   --->   Operation 55 'br' 'br_ln1510' <Predicate = (state_2_load == 0)> <Delay = 0.00>
ST_1 : Operation 56 [1/1] (1.16ns)   --->   "%tx_ibhHeaderFifo_read = read i256 @_ssdm_op_Read.ap_fifo.volatile.i256P0A, i256 %tx_ibhHeaderFifo" [/tools/Xilinx/Vitis_HLS/2022.1/common/technology/autopilot/hls_stream_39.h:145]   --->   Operation 56 'read' 'tx_ibhHeaderFifo_read' <Predicate = (state_2_load == 0 & tmp_i)> <Delay = 1.16> <CoreInst = "FIFO_SRL">   --->   Core 81 'FIFO_SRL' <Latency = 0> <II = 1> <Delay = 1.42> <Storage> <Opcode : 'read' 'write' 'nbread' 'nbwrite'> <Ports = 0> <Width = 256> <Depth = 2> <FIFO>
ST_1 : Operation 57 [1/1] (0.00ns)   --->   "%tmp_127_i8 = partselect i16 @_ssdm_op_PartSelect.i16.i256.i32.i32, i256 %tx_ibhHeaderFifo_read, i32 16, i32 31" [/tools/Xilinx/Vitis_HLS/2022.1/common/technology/autopilot/hls_stream_39.h:145]   --->   Operation 57 'partselect' 'tmp_127_i8' <Predicate = (state_2_load == 0 & tmp_i)> <Delay = 0.00>
ST_1 : Operation 58 [1/1] (0.41ns)   --->   "%store_ln145 = store i16 %tmp_127_i8, i16 %header_idx_1" [/tools/Xilinx/Vitis_HLS/2022.1/common/technology/autopilot/hls_stream_39.h:145]   --->   Operation 58 'store' 'store_ln145' <Predicate = (state_2_load == 0 & tmp_i)> <Delay = 0.41>
ST_1 : Operation 59 [1/1] (0.00ns)   --->   "%tmp_128_i9 = partselect i96 @_ssdm_op_PartSelect.i96.i256.i32.i32, i256 %tx_ibhHeaderFifo_read, i32 128, i32 223" [/tools/Xilinx/Vitis_HLS/2022.1/common/technology/autopilot/hls_stream_39.h:145]   --->   Operation 59 'partselect' 'tmp_128_i9' <Predicate = (state_2_load == 0 & tmp_i)> <Delay = 0.00>
ST_1 : Operation 60 [1/1] (0.00ns)   --->   "%store_ln145 = store i96 %tmp_128_i9, i96 %header_header_V_1" [/tools/Xilinx/Vitis_HLS/2022.1/common/technology/autopilot/hls_stream_39.h:145]   --->   Operation 60 'store' 'store_ln145' <Predicate = (state_2_load == 0 & tmp_i)> <Delay = 0.00>
ST_1 : Operation 61 [1/1] (0.41ns)   --->   "%store_ln1519 = store i2 2, i2 %state_2" [/mnt/scratch/pyuvaraj/Vitis_RoCE_W/Vitis_RoCE/fpga-network-stack/hls/rocev2/../ib_transport_protocol/ib_transport_protocol.cpp:1519]   --->   Operation 61 'store' 'store_ln1519' <Predicate = (state_2_load == 0 & tmp_i)> <Delay = 0.41>
ST_1 : Operation 62 [1/1] (0.00ns)   --->   "%br_ln1521 = br void %if.end.i" [/mnt/scratch/pyuvaraj/Vitis_RoCE_W/Vitis_RoCE/fpga-network-stack/hls/rocev2/../ib_transport_protocol/ib_transport_protocol.cpp:1521]   --->   Operation 62 'br' 'br_ln1521' <Predicate = (state_2_load == 0 & tmp_i)> <Delay = 0.00>
ST_1 : Operation 63 [1/1] (0.00ns)   --->   "%br_ln1522 = br void %prepend_ibh_header<512>.exit" [/mnt/scratch/pyuvaraj/Vitis_RoCE_W/Vitis_RoCE/fpga-network-stack/hls/rocev2/../ib_transport_protocol/ib_transport_protocol.cpp:1522]   --->   Operation 63 'br' 'br_ln1522' <Predicate = (state_2_load == 0)> <Delay = 0.00>

State 2 <SV = 1> <Delay = 1.16>
ST_2 : Operation 64 [1/1] (0.00ns)   --->   "%currWord_data_V_3 = phi i512 %p_Result_12, void %if.then19.i134.i, i512 %currWord_data_V, void %if.then11.i"   --->   Operation 64 'phi' 'currWord_data_V_3' <Predicate = (state_2_load == 2 & tmp_i_220)> <Delay = 0.00>
ST_2 : Operation 65 [1/1] (0.00ns)   --->   "%tmp_s = bitconcatenate i577 @_ssdm_op_BitConcatenate.i577.i65.i512, i65 %tmp, i512 %currWord_data_V_3" [/tools/Xilinx/Vitis_HLS/2022.1/common/technology/autopilot/hls_stream_39.h:174]   --->   Operation 65 'bitconcatenate' 'tmp_s' <Predicate = (state_2_load == 2 & tmp_i_220)> <Delay = 0.00>
ST_2 : Operation 66 [1/1] (0.00ns)   --->   "%zext_ln174_42 = zext i577 %tmp_s" [/tools/Xilinx/Vitis_HLS/2022.1/common/technology/autopilot/hls_stream_39.h:174]   --->   Operation 66 'zext' 'zext_ln174_42' <Predicate = (state_2_load == 2 & tmp_i_220)> <Delay = 0.00>
ST_2 : Operation 67 [1/1] (1.16ns)   --->   "%write_ln174 = write void @_ssdm_op_Write.ap_fifo.volatile.i1024P0A, i1024 %tx_ib2udpFifo, i1024 %zext_ln174_42" [/tools/Xilinx/Vitis_HLS/2022.1/common/technology/autopilot/hls_stream_39.h:174]   --->   Operation 67 'write' 'write_ln174' <Predicate = (state_2_load == 2 & tmp_i_220)> <Delay = 1.16> <CoreInst = "FIFO_SRL">   --->   Core 81 'FIFO_SRL' <Latency = 0> <II = 1> <Delay = 1.33> <Storage> <Opcode : 'read' 'write' 'nbread' 'nbwrite'> <Ports = 0> <Width = 1024> <Depth = 2> <FIFO>
ST_2 : Operation 68 [1/1] (0.00ns)   --->   "%br_ln1555 = br void %if.end21.i" [/mnt/scratch/pyuvaraj/Vitis_RoCE_W/Vitis_RoCE/fpga-network-stack/hls/rocev2/../ib_transport_protocol/ib_transport_protocol.cpp:1555]   --->   Operation 68 'br' 'br_ln1555' <Predicate = (state_2_load == 2 & tmp_i_220)> <Delay = 0.00>
ST_2 : Operation 69 [1/1] (0.00ns)   --->   "%currWord_data_V_1 = phi i512 %p_Result_s, void %if.then19.i.i, i512 0, void %sw.bb4.i"   --->   Operation 69 'phi' 'currWord_data_V_1' <Predicate = (state_2_load == 1)> <Delay = 0.00>
ST_2 : Operation 70 [1/1] (0.00ns)   --->   "%or_ln = bitconcatenate i513 @_ssdm_op_BitConcatenate.i513.i1.i512, i1 1, i512 %currWord_data_V_1" [/tools/Xilinx/Vitis_HLS/2022.1/common/technology/autopilot/hls_stream_39.h:174]   --->   Operation 70 'bitconcatenate' 'or_ln' <Predicate = (state_2_load == 1)> <Delay = 0.00>
ST_2 : Operation 71 [1/1] (0.00ns)   --->   "%sext_ln174 = sext i513 %or_ln" [/tools/Xilinx/Vitis_HLS/2022.1/common/technology/autopilot/hls_stream_39.h:174]   --->   Operation 71 'sext' 'sext_ln174' <Predicate = (state_2_load == 1)> <Delay = 0.00>
ST_2 : Operation 72 [1/1] (0.00ns)   --->   "%zext_ln174 = zext i576 %sext_ln174" [/tools/Xilinx/Vitis_HLS/2022.1/common/technology/autopilot/hls_stream_39.h:174]   --->   Operation 72 'zext' 'zext_ln174' <Predicate = (state_2_load == 1)> <Delay = 0.00>
ST_2 : Operation 73 [1/1] (1.16ns)   --->   "%write_ln174 = write void @_ssdm_op_Write.ap_fifo.volatile.i1024P0A, i1024 %tx_ib2udpFifo, i1024 %zext_ln174" [/tools/Xilinx/Vitis_HLS/2022.1/common/technology/autopilot/hls_stream_39.h:174]   --->   Operation 73 'write' 'write_ln174' <Predicate = (state_2_load == 1)> <Delay = 1.16> <CoreInst = "FIFO_SRL">   --->   Core 81 'FIFO_SRL' <Latency = 0> <II = 1> <Delay = 1.33> <Storage> <Opcode : 'read' 'write' 'nbread' 'nbwrite'> <Ports = 0> <Width = 1024> <Depth = 2> <FIFO>
ST_2 : Operation 74 [1/1] (0.00ns)   --->   "%br_ln0 = br void %prepend_ibh_header<512>.exit"   --->   Operation 74 'br' 'br_ln0' <Predicate = (state_2_load == 1)> <Delay = 0.00>
ST_2 : Operation 75 [1/1] (1.16ns)   --->   "%write_ln174 = write void @_ssdm_op_Write.ap_fifo.volatile.i1024P0A, i1024 %tx_ib2udpFifo, i1024 %tx_shift2ibhFifo_read" [/tools/Xilinx/Vitis_HLS/2022.1/common/technology/autopilot/hls_stream_39.h:174]   --->   Operation 75 'write' 'write_ln174' <Predicate = (state_2_load == 3 & tmp_126_i)> <Delay = 1.16> <CoreInst = "FIFO_SRL">   --->   Core 81 'FIFO_SRL' <Latency = 0> <II = 1> <Delay = 1.33> <Storage> <Opcode : 'read' 'write' 'nbread' 'nbwrite'> <Ports = 0> <Width = 1024> <Depth = 2> <FIFO>
ST_2 : Operation 76 [1/1] (0.00ns)   --->   "%ret_ln0 = ret"   --->   Operation 76 'ret' 'ret_ln0' <Predicate = true> <Delay = 0.00>


============================================================
+ Verbose Summary: Timing violations
============================================================
Target clock period: 3.2ns, clock uncertainty: 0.864ns.

 <State 1>: 1.87ns
The critical path consists of the following:
	fifo read operation ('tx_shift2ibhFifo_read_1', /tools/Xilinx/Vitis_HLS/2022.1/common/technology/autopilot/hls_stream_39.h:145) on port 'tx_shift2ibhFifo' (/tools/Xilinx/Vitis_HLS/2022.1/common/technology/autopilot/hls_stream_39.h:145) [28]  (1.17 ns)
	'xor' operation ('xor_ln1551', /mnt/scratch/pyuvaraj/Vitis_RoCE_W/Vitis_RoCE/fpga-network-stack/hls/rocev2/../ib_transport_protocol/ib_transport_protocol.cpp:1551) [45]  (0 ns)
	'select' operation ('select_ln1551_cast_i', /mnt/scratch/pyuvaraj/Vitis_RoCE_W/Vitis_RoCE/fpga-network-stack/hls/rocev2/../ib_transport_protocol/ib_transport_protocol.cpp:1551) [46]  (0.278 ns)
	'store' operation ('store_ln1551', /mnt/scratch/pyuvaraj/Vitis_RoCE_W/Vitis_RoCE/fpga-network-stack/hls/rocev2/../ib_transport_protocol/ib_transport_protocol.cpp:1551) of variable 'select_ln1551_cast_i', /mnt/scratch/pyuvaraj/Vitis_RoCE_W/Vitis_RoCE/fpga-network-stack/hls/rocev2/../ib_transport_protocol/ib_transport_protocol.cpp:1551 on static variable 'state_2' [47]  (0.42 ns)

 <State 2>: 1.17ns
The critical path consists of the following:
	fifo write operation ('write_ln174', /tools/Xilinx/Vitis_HLS/2022.1/common/technology/autopilot/hls_stream_39.h:174) on port 'tx_ib2udpFifo' (/tools/Xilinx/Vitis_HLS/2022.1/common/technology/autopilot/hls_stream_39.h:174) [74]  (1.17 ns)


============================================================
+ Verbose Summary: Binding
============================================================
N/A
* FSMD analyzer results:
  - Output states:
 - Input state : 
  - Chain level:
	State 1
	State 2


============================================================
+ Verbose Summary: Datapath Resource usage 
============================================================
N/A
