

================================================================
== Vitis HLS Report for 'prepend_ibh_header_512_s'
================================================================
* Date:           Tue Jul 11 09:32:36 2023

* Version:        2022.1 (Build 3526262 on Mon Apr 18 15:47:01 MDT 2022)
* Project:        rocev2_prj
* Solution:       solution1 (Vivado IP Flow Target)
* Product family: virtexuplus
* Target device:  xcu280-fsvh2892-2L-e


================================================================
== Performance Estimates
================================================================
+ Timing: 
    * Summary: 
    +--------+---------+----------+------------+
    |  Clock |  Target | Estimated| Uncertainty|
    +--------+---------+----------+------------+
    |ap_clk  |  3.20 ns|  1.866 ns|     0.86 ns|
    +--------+---------+----------+------------+

+ Latency: 
    * Summary: 
    +---------+---------+----------+----------+-----+-----+---------+
    |  Latency (cycles) |  Latency (absolute) |  Interval | Pipeline|
    |   min   |   max   |    min   |    max   | min | max |   Type  |
    +---------+---------+----------+----------+-----+-----+---------+
    |        1|        1|  3.200 ns|  3.200 ns|    1|    1|      yes|
    +---------+---------+----------+----------+-----+-----+---------+

    + Detail: 
        * Instance: 
        N/A

        * Loop: 
        N/A

============================================================
+ Verbose Summary: Synthesis Manager
============================================================
InlineROM: 1
ExposeGlobal: 0
============================================================
+ Verbose Summary: CDFG Model
============================================================
IsTopModel: 0
ResetActiveHigh: 1
IsCombinational: 2
IsDatapathOnly: 0
HasWiredReturn: 1
HasMFsm: 2
HasVarLatency: 0
IsPipeline: 1
IsRtlPipelined: 1
IsInstanceOverlapped: 0
IsDontTouch: 0
HasImplIP: 0
IsGatedGlobalClock: 0

+ Individual pipeline summary: 
  * Pipeline-0: initiation interval (II) = 1, depth = 2


============================================================
+ Verbose Summary: Schedule
============================================================
* Number of FSM states : 2
* Pipeline : 1
  Pipeline-0 : II = 1, D = 2, States = { 1 2 }
* Dataflow Pipeline: 0

* FSM state transitions: 
1 --> 2 
2 --> 

* FSM state operations: 

State 1 <SV = 0> <Delay = 1.86>
ST_1 : Operation 3 [1/1] (0.00ns)   --->   "%specinterface_ln0 = specinterface void @_ssdm_op_SpecInterface, i1024 %tx_ib2udpFifo, void @empty_5, i32 0, i32 0, void @empty, i32 0, i32 0, void @empty, void @empty, void @empty, i32 0, i32 0, i32 0, i32 0, void @empty, void @empty, i32 4294967295, i32 0"   --->   Operation 3 'specinterface' 'specinterface_ln0' <Predicate = true> <Delay = 0.00>
ST_1 : Operation 4 [1/1] (0.00ns)   --->   "%specinterface_ln0 = specinterface void @_ssdm_op_SpecInterface, i1024 %tx_ib2udpFifo, void @empty_5, i32 0, i32 0, void @empty, i32 0, i32 0, void @empty, void @empty, void @empty, i32 0, i32 0, i32 0, i32 0, void @empty, void @empty, i32 4294967295, i32 0"   --->   Operation 4 'specinterface' 'specinterface_ln0' <Predicate = true> <Delay = 0.00>
ST_1 : Operation 5 [1/1] (0.00ns)   --->   "%specinterface_ln0 = specinterface void @_ssdm_op_SpecInterface, i1024 %tx_ib2udpFifo, void @empty_5, i32 0, i32 0, void @empty, i32 0, i32 0, void @empty, void @empty, void @empty, i32 0, i32 0, i32 0, i32 0, void @empty, void @empty, i32 4294967295, i32 0"   --->   Operation 5 'specinterface' 'specinterface_ln0' <Predicate = true> <Delay = 0.00>
ST_1 : Operation 6 [1/1] (0.00ns)   --->   "%specinterface_ln0 = specinterface void @_ssdm_op_SpecInterface, i256 %tx_ibhHeaderFifo, void @empty_5, i32 0, i32 0, void @empty, i32 0, i32 0, void @empty, void @empty, void @empty, i32 0, i32 0, i32 0, i32 0, void @empty, void @empty, i32 4294967295, i32 0"   --->   Operation 6 'specinterface' 'specinterface_ln0' <Predicate = true> <Delay = 0.00>
ST_1 : Operation 7 [1/1] (0.00ns)   --->   "%specinterface_ln0 = specinterface void @_ssdm_op_SpecInterface, i256 %tx_ibhHeaderFifo, void @empty_5, i32 0, i32 0, void @empty, i32 0, i32 0, void @empty, void @empty, void @empty, i32 0, i32 0, i32 0, i32 0, void @empty, void @empty, i32 4294967295, i32 0"   --->   Operation 7 'specinterface' 'specinterface_ln0' <Predicate = true> <Delay = 0.00>
ST_1 : Operation 8 [1/1] (0.00ns)   --->   "%specinterface_ln0 = specinterface void @_ssdm_op_SpecInterface, i256 %tx_ibhHeaderFifo, void @empty_5, i32 0, i32 0, void @empty, i32 0, i32 0, void @empty, void @empty, void @empty, i32 0, i32 0, i32 0, i32 0, void @empty, void @empty, i32 4294967295, i32 0"   --->   Operation 8 'specinterface' 'specinterface_ln0' <Predicate = true> <Delay = 0.00>
ST_1 : Operation 9 [1/1] (0.00ns)   --->   "%specinterface_ln0 = specinterface void @_ssdm_op_SpecInterface, i1024 %tx_shift2ibhFifo, void @empty_5, i32 0, i32 0, void @empty, i32 0, i32 0, void @empty, void @empty, void @empty, i32 0, i32 0, i32 0, i32 0, void @empty, void @empty, i32 4294967295, i32 0"   --->   Operation 9 'specinterface' 'specinterface_ln0' <Predicate = true> <Delay = 0.00>
ST_1 : Operation 10 [1/1] (0.00ns)   --->   "%specinterface_ln0 = specinterface void @_ssdm_op_SpecInterface, i1024 %tx_shift2ibhFifo, void @empty_5, i32 0, i32 0, void @empty, i32 0, i32 0, void @empty, void @empty, void @empty, i32 0, i32 0, i32 0, i32 0, void @empty, void @empty, i32 4294967295, i32 0"   --->   Operation 10 'specinterface' 'specinterface_ln0' <Predicate = true> <Delay = 0.00>
ST_1 : Operation 11 [1/1] (0.00ns)   --->   "%specinterface_ln0 = specinterface void @_ssdm_op_SpecInterface, i1024 %tx_shift2ibhFifo, void @empty_5, i32 0, i32 0, void @empty, i32 0, i32 0, void @empty, void @empty, void @empty, i32 0, i32 0, i32 0, i32 0, void @empty, void @empty, i32 4294967295, i32 0"   --->   Operation 11 'specinterface' 'specinterface_ln0' <Predicate = true> <Delay = 0.00>
ST_1 : Operation 12 [1/1] (0.00ns)   --->   "%specinterface_ln0 = specinterface void @_ssdm_op_SpecInterface, i256 %tx_ibhHeaderFifo, void @empty_5, i32 0, i32 0, void @empty, i32 0, i32 0, void @empty, void @empty, void @empty, i32 0, i32 0, i32 0, i32 0, void @empty, void @empty, i32 4294967295, i32 0"   --->   Operation 12 'specinterface' 'specinterface_ln0' <Predicate = true> <Delay = 0.00>
ST_1 : Operation 13 [1/1] (0.00ns)   --->   "%specinterface_ln0 = specinterface void @_ssdm_op_SpecInterface, i1024 %tx_shift2ibhFifo, void @empty_5, i32 0, i32 0, void @empty, i32 0, i32 0, void @empty, void @empty, void @empty, i32 0, i32 0, i32 0, i32 0, void @empty, void @empty, i32 4294967295, i32 0"   --->   Operation 13 'specinterface' 'specinterface_ln0' <Predicate = true> <Delay = 0.00>
ST_1 : Operation 14 [1/1] (0.00ns)   --->   "%specinterface_ln0 = specinterface void @_ssdm_op_SpecInterface, i1024 %tx_ib2udpFifo, void @empty_5, i32 0, i32 0, void @empty, i32 0, i32 0, void @empty, void @empty, void @empty, i32 0, i32 0, i32 0, i32 0, void @empty, void @empty, i32 4294967295, i32 0"   --->   Operation 14 'specinterface' 'specinterface_ln0' <Predicate = true> <Delay = 0.00>
ST_1 : Operation 15 [1/1] (0.00ns)   --->   "%specpipeline_ln1494 = specpipeline void @_ssdm_op_SpecPipeline, i32 1, i32 0, i32 0, i32 0, void @empty" [/mnt/scratch/pyuvaraj/Vitis_RoCE_W/Vitis_RoCE/fpga-network-stack/hls/rocev2/../ib_transport_protocol/ib_transport_protocol.cpp:1494]   --->   Operation 15 'specpipeline' 'specpipeline_ln1494' <Predicate = true> <Delay = 0.00>
ST_1 : Operation 16 [1/1] (0.00ns)   --->   "%state_2_load = load i2 %state_2" [/mnt/scratch/pyuvaraj/Vitis_RoCE_W/Vitis_RoCE/fpga-network-stack/hls/rocev2/../ib_transport_protocol/ib_transport_protocol.cpp:1507]   --->   Operation 16 'load' 'state_2_load' <Predicate = true> <Delay = 0.00>
ST_1 : Operation 17 [1/1] (0.00ns)   --->   "%header_idx_1_load = load i16 %header_idx_1" [/mnt/scratch/pyuvaraj/Vitis_RoCE_W/Vitis_RoCE/fpga-network-stack/hls/rocev2/../ib_transport_protocol/../packet.hpp:76]   --->   Operation 17 'load' 'header_idx_1_load' <Predicate = true> <Delay = 0.00>
ST_1 : Operation 18 [1/1] (0.00ns)   --->   "%p_Val2_20 = load i96 %header_header_V_1"   --->   Operation 18 'load' 'p_Val2_20' <Predicate = true> <Delay = 0.00>
ST_1 : Operation 19 [1/1] (0.34ns)   --->   "%switch_ln1507 = switch i2 %state_2_load, void %sw.bb.i, i2 3, void %sw.bb22.i, i2 1, void %sw.bb4.i, i2 2, void %sw.bb9.i" [/mnt/scratch/pyuvaraj/Vitis_RoCE_W/Vitis_RoCE/fpga-network-stack/hls/rocev2/../ib_transport_protocol/ib_transport_protocol.cpp:1507]   --->   Operation 19 'switch' 'switch_ln1507' <Predicate = true> <Delay = 0.34>
ST_1 : Operation 20 [1/1] (0.00ns)   --->   "%tmp_i_220 = nbreadreq i1 @_ssdm_op_NbReadReq.ap_fifo.i1024P0A, i1024 %tx_shift2ibhFifo, i32 1" [/tools/Xilinx/Vitis_HLS/2022.1/common/technology/autopilot/hls_stream_39.h:136]   --->   Operation 20 'nbreadreq' 'tmp_i_220' <Predicate = (state_2_load == 2)> <Delay = 0.00> <CoreInst = "FIFO">   --->   Core 78 'FIFO' <Latency = 0> <II = 1> <Delay = 1.26> <Storage> <Opcode : 'read' 'write' 'nbread' 'nbwrite'> <Ports = 0> <Width = 1024> <Depth = 8> <FIFO>
ST_1 : Operation 21 [1/1] (0.00ns)   --->   "%br_ln1536 = br i1 %tmp_i_220, void %if.end21.i, void %if.then11.i" [/mnt/scratch/pyuvaraj/Vitis_RoCE_W/Vitis_RoCE/fpga-network-stack/hls/rocev2/../ib_transport_protocol/ib_transport_protocol.cpp:1536]   --->   Operation 21 'br' 'br_ln1536' <Predicate = (state_2_load == 2)> <Delay = 0.00>
ST_1 : Operation 22 [1/1] (1.16ns)   --->   "%tx_shift2ibhFifo_read_1 = read i1024 @_ssdm_op_Read.ap_fifo.volatile.i1024P0A, i1024 %tx_shift2ibhFifo" [/tools/Xilinx/Vitis_HLS/2022.1/common/technology/autopilot/hls_stream_39.h:145]   --->   Operation 22 'read' 'tx_shift2ibhFifo_read_1' <Predicate = (state_2_load == 2 & tmp_i_220)> <Delay = 1.16> <CoreInst = "FIFO">   --->   Core 78 'FIFO' <Latency = 0> <II = 1> <Delay = 1.26> <Storage> <Opcode : 'read' 'write' 'nbread' 'nbwrite'> <Ports = 0> <Width = 1024> <Depth = 8> <FIFO>
ST_1 : Operation 23 [1/1] (0.00ns)   --->   "%currWord_data_V = trunc i1024 %tx_shift2ibhFifo_read_1" [/tools/Xilinx/Vitis_HLS/2022.1/common/technology/autopilot/hls_stream_39.h:145]   --->   Operation 23 'trunc' 'currWord_data_V' <Predicate = (state_2_load == 2 & tmp_i_220)> <Delay = 0.00>
ST_1 : Operation 24 [1/1] (0.00ns)   --->   "%currWord_last_V_14 = bitselect i1 @_ssdm_op_BitSelect.i1.i1024.i1024, i1024 %tx_shift2ibhFifo_read_1, i1024 576" [/tools/Xilinx/Vitis_HLS/2022.1/common/technology/autopilot/hls_stream_39.h:145]   --->   Operation 24 'bitselect' 'currWord_last_V_14' <Predicate = (state_2_load == 2 & tmp_i_220)> <Delay = 0.00>
ST_1 : Operation 25 [1/1] (0.00ns)   --->   "%shl_ln76_1 = bitconcatenate i25 @_ssdm_op_BitConcatenate.i25.i16.i9, i16 %header_idx_1_load, i9 0" [/mnt/scratch/pyuvaraj/Vitis_RoCE_W/Vitis_RoCE/fpga-network-stack/hls/rocev2/../ib_transport_protocol/../packet.hpp:76]   --->   Operation 25 'bitconcatenate' 'shl_ln76_1' <Predicate = (state_2_load == 2 & tmp_i_220)> <Delay = 0.00>
ST_1 : Operation 26 [1/1] (0.77ns)   --->   "%icmp_ln82_1 = icmp_ult  i25 %shl_ln76_1, i25 96" [/mnt/scratch/pyuvaraj/Vitis_RoCE_W/Vitis_RoCE/fpga-network-stack/hls/rocev2/../ib_transport_protocol/../packet.hpp:82]   --->   Operation 26 'icmp' 'icmp_ln82_1' <Predicate = (state_2_load == 2 & tmp_i_220)> <Delay = 0.77> <CoreInst = "Cmp">   --->   Core 9 'Cmp' <Latency = 0> <II = 1> <Delay = 0.77> <FuncUnit> <Opcode : 'icmp'> <InPorts = 2> <OutPorts = 1>
ST_1 : Operation 27 [1/1] (0.38ns)   --->   "%br_ln82 = br i1 %icmp_ln82_1, void %_ZN12packetHeaderILi512ELi96EE11consumeWordER7ap_uintILi512EE.exit136.i, void %if.then19.i134.i" [/mnt/scratch/pyuvaraj/Vitis_RoCE_W/Vitis_RoCE/fpga-network-stack/hls/rocev2/../ib_transport_protocol/../packet.hpp:82]   --->   Operation 27 'br' 'br_ln82' <Predicate = (state_2_load == 2 & tmp_i_220)> <Delay = 0.38>
ST_1 : Operation 28 [1/1] (0.00ns)   --->   "%p_Result_12 = partset i512 @_ssdm_op_PartSet.i512.i512.i96.i32.i32, i512 %currWord_data_V, i96 %p_Val2_20, i32 0, i32 95"   --->   Operation 28 'partset' 'p_Result_12' <Predicate = (state_2_load == 2 & tmp_i_220 & icmp_ln82_1)> <Delay = 0.00>
ST_1 : Operation 29 [1/1] (0.78ns)   --->   "%add_ln85_1 = add i16 %header_idx_1_load, i16 1" [/mnt/scratch/pyuvaraj/Vitis_RoCE_W/Vitis_RoCE/fpga-network-stack/hls/rocev2/../ib_transport_protocol/../packet.hpp:85]   --->   Operation 29 'add' 'add_ln85_1' <Predicate = (state_2_load == 2 & tmp_i_220 & icmp_ln82_1)> <Delay = 0.78> <CoreInst = "Adder">   --->   Core 1 'Adder' <Latency = 0> <II = 1> <Delay = 0.78> <FuncUnit> <Opcode : 'add' 'sub'> <InPorts = 2> <OutPorts = 1>
ST_1 : Operation 30 [1/1] (0.41ns)   --->   "%store_ln85 = store i16 %add_ln85_1, i16 %header_idx_1" [/mnt/scratch/pyuvaraj/Vitis_RoCE_W/Vitis_RoCE/fpga-network-stack/hls/rocev2/../ib_transport_protocol/../packet.hpp:85]   --->   Operation 30 'store' 'store_ln85' <Predicate = (state_2_load == 2 & tmp_i_220 & icmp_ln82_1)> <Delay = 0.41>
ST_1 : Operation 31 [1/1] (0.38ns)   --->   "%br_ln86 = br void %_ZN12packetHeaderILi512ELi96EE11consumeWordER7ap_uintILi512EE.exit136.i" [/mnt/scratch/pyuvaraj/Vitis_RoCE_W/Vitis_RoCE/fpga-network-stack/hls/rocev2/../ib_transport_protocol/../packet.hpp:86]   --->   Operation 31 'br' 'br_ln86' <Predicate = (state_2_load == 2 & tmp_i_220 & icmp_ln82_1)> <Delay = 0.38>
ST_1 : Operation 32 [1/1] (0.00ns)   --->   "%tmp = partselect i65 @_ssdm_op_PartSelect.i65.i1024.i32.i32, i1024 %tx_shift2ibhFifo_read_1, i32 512, i32 576" [/tools/Xilinx/Vitis_HLS/2022.1/common/technology/autopilot/hls_stream_39.h:174]   --->   Operation 32 'partselect' 'tmp' <Predicate = (state_2_load == 2 & tmp_i_220)> <Delay = 0.00>
ST_1 : Operation 33 [1/1] (0.00ns) (grouped into LUT with out node select_ln1551_cast_i)   --->   "%xor_ln1551 = xor i1 %currWord_last_V_14, i1 1" [/mnt/scratch/pyuvaraj/Vitis_RoCE_W/Vitis_RoCE/fpga-network-stack/hls/rocev2/../ib_transport_protocol/ib_transport_protocol.cpp:1551]   --->   Operation 33 'xor' 'xor_ln1551' <Predicate = (state_2_load == 2 & tmp_i_220)> <Delay = 0.00> <CoreInst = "LogicGate">   --->   Core 74 'LogicGate' <Latency = 0> <II = 1> <Delay = 0.12> <FuncUnit> <Opcode : 'and' 'or' 'xor'> <InPorts = 2> <OutPorts = 1>
ST_1 : Operation 34 [1/1] (0.27ns) (out node of the LUT)   --->   "%select_ln1551_cast_i = select i1 %xor_ln1551, i2 3, i2 0" [/mnt/scratch/pyuvaraj/Vitis_RoCE_W/Vitis_RoCE/fpga-network-stack/hls/rocev2/../ib_transport_protocol/ib_transport_protocol.cpp:1551]   --->   Operation 34 'select' 'select_ln1551_cast_i' <Predicate = (state_2_load == 2 & tmp_i_220)> <Delay = 0.27> <CoreInst = "Sel">   --->   Core 73 'Sel' <Latency = 0> <II = 1> <Delay = 0.27> <FuncUnit> <Opcode : 'select'> <InPorts = 3> <OutPorts = 1>
ST_1 : Operation 35 [1/1] (0.41ns)   --->   "%store_ln1551 = store i2 %select_ln1551_cast_i, i2 %state_2" [/mnt/scratch/pyuvaraj/Vitis_RoCE_W/Vitis_RoCE/fpga-network-stack/hls/rocev2/../ib_transport_protocol/ib_transport_protocol.cpp:1551]   --->   Operation 35 'store' 'store_ln1551' <Predicate = (state_2_load == 2 & tmp_i_220)> <Delay = 0.41>
ST_1 : Operation 36 [1/1] (0.00ns)   --->   "%br_ln1556 = br void %prepend_ibh_header<512>.exit" [/mnt/scratch/pyuvaraj/Vitis_RoCE_W/Vitis_RoCE/fpga-network-stack/hls/rocev2/../ib_transport_protocol/ib_transport_protocol.cpp:1556]   --->   Operation 36 'br' 'br_ln1556' <Predicate = (state_2_load == 2)> <Delay = 0.00>
ST_1 : Operation 37 [1/1] (0.00ns)   --->   "%shl_ln = bitconcatenate i25 @_ssdm_op_BitConcatenate.i25.i16.i9, i16 %header_idx_1_load, i9 0" [/mnt/scratch/pyuvaraj/Vitis_RoCE_W/Vitis_RoCE/fpga-network-stack/hls/rocev2/../ib_transport_protocol/../packet.hpp:76]   --->   Operation 37 'bitconcatenate' 'shl_ln' <Predicate = (state_2_load == 1)> <Delay = 0.00>
ST_1 : Operation 38 [1/1] (0.77ns)   --->   "%icmp_ln82 = icmp_ult  i25 %shl_ln, i25 96" [/mnt/scratch/pyuvaraj/Vitis_RoCE_W/Vitis_RoCE/fpga-network-stack/hls/rocev2/../ib_transport_protocol/../packet.hpp:82]   --->   Operation 38 'icmp' 'icmp_ln82' <Predicate = (state_2_load == 1)> <Delay = 0.77> <CoreInst = "Cmp">   --->   Core 9 'Cmp' <Latency = 0> <II = 1> <Delay = 0.77> <FuncUnit> <Opcode : 'icmp'> <InPorts = 2> <OutPorts = 1>
ST_1 : Operation 39 [1/1] (0.00ns)   --->   "%br_ln82 = br i1 %icmp_ln82, void %if.then6.i, void %if.then19.i.i" [/mnt/scratch/pyuvaraj/Vitis_RoCE_W/Vitis_RoCE/fpga-network-stack/hls/rocev2/../ib_transport_protocol/../packet.hpp:82]   --->   Operation 39 'br' 'br_ln82' <Predicate = (state_2_load == 1)> <Delay = 0.00>
ST_1 : Operation 40 [1/1] (0.00ns)   --->   "%p_Result_s = partset i512 @_ssdm_op_PartSet.i512.i512.i96.i32.i32, i512 0, i96 %p_Val2_20, i32 0, i32 95"   --->   Operation 40 'partset' 'p_Result_s' <Predicate = (state_2_load == 1 & icmp_ln82)> <Delay = 0.00>
ST_1 : Operation 41 [1/1] (0.78ns)   --->   "%add_ln85 = add i16 %header_idx_1_load, i16 1" [/mnt/scratch/pyuvaraj/Vitis_RoCE_W/Vitis_RoCE/fpga-network-stack/hls/rocev2/../ib_transport_protocol/../packet.hpp:85]   --->   Operation 41 'add' 'add_ln85' <Predicate = (state_2_load == 1 & icmp_ln82)> <Delay = 0.78> <CoreInst = "Adder">   --->   Core 1 'Adder' <Latency = 0> <II = 1> <Delay = 0.78> <FuncUnit> <Opcode : 'add' 'sub'> <InPorts = 2> <OutPorts = 1>
ST_1 : Operation 42 [1/1] (0.41ns)   --->   "%store_ln85 = store i16 %add_ln85, i16 %header_idx_1" [/mnt/scratch/pyuvaraj/Vitis_RoCE_W/Vitis_RoCE/fpga-network-stack/hls/rocev2/../ib_transport_protocol/../packet.hpp:85]   --->   Operation 42 'store' 'store_ln85' <Predicate = (state_2_load == 1 & icmp_ln82)> <Delay = 0.41>
ST_1 : Operation 43 [1/1] (0.00ns)   --->   "%br_ln86 = br void %if.then6.i" [/mnt/scratch/pyuvaraj/Vitis_RoCE_W/Vitis_RoCE/fpga-network-stack/hls/rocev2/../ib_transport_protocol/../packet.hpp:86]   --->   Operation 43 'br' 'br_ln86' <Predicate = (state_2_load == 1 & icmp_ln82)> <Delay = 0.00>
ST_1 : Operation 44 [1/1] (0.41ns)   --->   "%store_ln1528 = store i2 2, i2 %state_2" [/mnt/scratch/pyuvaraj/Vitis_RoCE_W/Vitis_RoCE/fpga-network-stack/hls/rocev2/../ib_transport_protocol/ib_transport_protocol.cpp:1528]   --->   Operation 44 'store' 'store_ln1528' <Predicate = (state_2_load == 1)> <Delay = 0.41>
ST_1 : Operation 45 [1/1] (0.00ns)   --->   "%tmp_126_i = nbreadreq i1 @_ssdm_op_NbReadReq.ap_fifo.i1024P0A, i1024 %tx_shift2ibhFifo, i32 1" [/tools/Xilinx/Vitis_HLS/2022.1/common/technology/autopilot/hls_stream_39.h:136]   --->   Operation 45 'nbreadreq' 'tmp_126_i' <Predicate = (state_2_load == 3)> <Delay = 0.00> <CoreInst = "FIFO">   --->   Core 78 'FIFO' <Latency = 0> <II = 1> <Delay = 1.26> <Storage> <Opcode : 'read' 'write' 'nbread' 'nbwrite'> <Ports = 0> <Width = 1024> <Depth = 8> <FIFO>
ST_1 : Operation 46 [1/1] (0.00ns)   --->   "%br_ln1558 = br i1 %tmp_126_i, void %if.end32.i, void %if.then24.i" [/mnt/scratch/pyuvaraj/Vitis_RoCE_W/Vitis_RoCE/fpga-network-stack/hls/rocev2/../ib_transport_protocol/ib_transport_protocol.cpp:1558]   --->   Operation 46 'br' 'br_ln1558' <Predicate = (state_2_load == 3)> <Delay = 0.00>
ST_1 : Operation 47 [1/1] (1.16ns)   --->   "%tx_shift2ibhFifo_read = read i1024 @_ssdm_op_Read.ap_fifo.volatile.i1024P0A, i1024 %tx_shift2ibhFifo" [/tools/Xilinx/Vitis_HLS/2022.1/common/technology/autopilot/hls_stream_39.h:145]   --->   Operation 47 'read' 'tx_shift2ibhFifo_read' <Predicate = (state_2_load == 3 & tmp_126_i)> <Delay = 1.16> <CoreInst = "FIFO">   --->   Core 78 'FIFO' <Latency = 0> <II = 1> <Delay = 1.26> <Storage> <Opcode : 'read' 'write' 'nbread' 'nbwrite'> <Ports = 0> <Width = 1024> <Depth = 8> <FIFO>
ST_1 : Operation 48 [1/1] (0.00ns)   --->   "%currWord_last_V = bitselect i1 @_ssdm_op_BitSelect.i1.i1024.i1024, i1024 %tx_shift2ibhFifo_read, i1024 576" [/tools/Xilinx/Vitis_HLS/2022.1/common/technology/autopilot/hls_stream_39.h:145]   --->   Operation 48 'bitselect' 'currWord_last_V' <Predicate = (state_2_load == 3 & tmp_126_i)> <Delay = 0.00>
ST_1 : Operation 49 [1/1] (0.00ns)   --->   "%br_ln1567 = br i1 %currWord_last_V, void %if.end31.i, void %if.then30.i" [/mnt/scratch/pyuvaraj/Vitis_RoCE_W/Vitis_RoCE/fpga-network-stack/hls/rocev2/../ib_transport_protocol/ib_transport_protocol.cpp:1567]   --->   Operation 49 'br' 'br_ln1567' <Predicate = (state_2_load == 3 & tmp_126_i)> <Delay = 0.00>
ST_1 : Operation 50 [1/1] (0.41ns)   --->   "%store_ln1569 = store i2 0, i2 %state_2" [/mnt/scratch/pyuvaraj/Vitis_RoCE_W/Vitis_RoCE/fpga-network-stack/hls/rocev2/../ib_transport_protocol/ib_transport_protocol.cpp:1569]   --->   Operation 50 'store' 'store_ln1569' <Predicate = (state_2_load == 3 & tmp_126_i & currWord_last_V)> <Delay = 0.41>
ST_1 : Operation 51 [1/1] (0.00ns)   --->   "%br_ln1570 = br void %if.end31.i" [/mnt/scratch/pyuvaraj/Vitis_RoCE_W/Vitis_RoCE/fpga-network-stack/hls/rocev2/../ib_transport_protocol/ib_transport_protocol.cpp:1570]   --->   Operation 51 'br' 'br_ln1570' <Predicate = (state_2_load == 3 & tmp_126_i & currWord_last_V)> <Delay = 0.00>
ST_1 : Operation 52 [1/1] (0.00ns)   --->   "%br_ln1571 = br void %if.end32.i" [/mnt/scratch/pyuvaraj/Vitis_RoCE_W/Vitis_RoCE/fpga-network-stack/hls/rocev2/../ib_transport_protocol/ib_transport_protocol.cpp:1571]   --->   Operation 52 'br' 'br_ln1571' <Predicate = (state_2_load == 3 & tmp_126_i)> <Delay = 0.00>
ST_1 : Operation 53 [1/1] (0.00ns)   --->   "%br_ln1572 = br void %prepend_ibh_header<512>.exit" [/mnt/scratch/pyuvaraj/Vitis_RoCE_W/Vitis_RoCE/fpga-network-stack/hls/rocev2/../ib_transport_protocol/ib_transport_protocol.cpp:1572]   --->   Operation 53 'br' 'br_ln1572' <Predicate = (state_2_load == 3)> <Delay = 0.00>
ST_1 : Operation 54 [1/1] (0.00ns)   --->   "%tmp_i = nbreadreq i1 @_ssdm_op_NbReadReq.ap_fifo.i256P0A, i256 %tx_ibhHeaderFifo, i32 1" [/tools/Xilinx/Vitis_HLS/2022.1/common/technology/autopilot/hls_stream_39.h:136]   --->   Operation 54 'nbreadreq' 'tmp_i' <Predicate = (state_2_load == 0)> <Delay = 0.00> <CoreInst = "FIFO_SRL">   --->   Core 81 'FIFO_SRL' <Latency = 0> <II = 1> <Delay = 1.42> <Storage> <Opcode : 'read' 'write' 'nbread' 'nbwrite'> <Ports = 0> <Width = 256> <Depth = 2> <FIFO>
ST_1 : Operation 55 [1/1] (0.00ns)   --->   "%br_ln1510 = br i1 %tmp_i, void %if.end.i, void %if.then.i" [/mnt/scratch/pyuvaraj/Vitis_RoCE_W/Vitis_RoCE/fpga-network-stack/hls/rocev2/../ib_transport_protocol/ib_transport_protocol.cpp:1510]   --->   Operation 55 'br' 'br_ln1510' <Predicate = (state_2_load == 0)> <Delay = 0.00>
ST_1 : Operation 56 [1/1] (1.16ns)   --->   "%tx_ibhHeaderFifo_read = read i256 @_ssdm_op_Read.ap_fifo.volatile.i256P0A, i256 %tx_ibhHeaderFifo" [/tools/Xilinx/Vitis_HLS/2022.1/common/technology/autopilot/hls_stream_39.h:145]   --->   Operation 56 'read' 'tx_ibhHeaderFifo_read' <Predicate = (state_2_load == 0 & tmp_i)> <Delay = 1.16> <CoreInst = "FIFO_SRL">   --->   Core 81 'FIFO_SRL' <Latency = 0> <II = 1> <Delay = 1.42> <Storage> <Opcode : 'read' 'write' 'nbread' 'nbwrite'> <Ports = 0> <Width = 256> <Depth = 2> <FIFO>
ST_1 : Operation 57 [1/1] (0.00ns)   --->   "%tmp_127_i8 = partselect i16 @_ssdm_op_PartSelect.i16.i256.i32.i32, i256 %tx_ibhHeaderFifo_read, i32 16, i32 31" [/tools/Xilinx/Vitis_HLS/2022.1/common/technology/autopilot/hls_stream_39.h:145]   --->   Operation 57 'partselect' 'tmp_127_i8' <Predicate = (state_2_load == 0 & tmp_i)> <Delay = 0.00>
ST_1 : Operation 58 [1/1] (0.41ns)   --->   "%store_ln145 = store i16 %tmp_127_i8, i16 %header_idx_1" [/tools/Xilinx/Vitis_HLS/2022.1/common/technology/autopilot/hls_stream_39.h:145]   --->   Operation 58 'store' 'store_ln145' <Predicate = (state_2_load == 0 & tmp_i)> <Delay = 0.41>
ST_1 : Operation 59 [1/1] (0.00ns)   --->   "%tmp_128_i9 = partselect i96 @_ssdm_op_PartSelect.i96.i256.i32.i32, i256 %tx_ibhHeaderFifo_read, i32 128, i32 223" [/tools/Xilinx/Vitis_HLS/2022.1/common/technology/autopilot/hls_stream_39.h:145]   --->   Operation 59 'partselect' 'tmp_128_i9' <Predicate = (state_2_load == 0 & tmp_i)> <Delay = 0.00>
ST_1 : Operation 60 [1/1] (0.00ns)   --->   "%store_ln145 = store i96 %tmp_128_i9, i96 %header_header_V_1" [/tools/Xilinx/Vitis_HLS/2022.1/common/technology/autopilot/hls_stream_39.h:145]   --->   Operation 60 'store' 'store_ln145' <Predicate = (state_2_load == 0 & tmp_i)> <Delay = 0.00>
ST_1 : Operation 61 [1/1] (0.41ns)   --->   "%store_ln1519 = store i2 2, i2 %state_2" [/mnt/scratch/pyuvaraj/Vitis_RoCE_W/Vitis_RoCE/fpga-network-stack/hls/rocev2/../ib_transport_protocol/ib_transport_protocol.cpp:1519]   --->   Operation 61 'store' 'store_ln1519' <Predicate = (state_2_load == 0 & tmp_i)> <Delay = 0.41>
ST_1 : Operation 62 [1/1] (0.00ns)   --->   "%br_ln1521 = br void %if.end.i" [/mnt/scratch/pyuvaraj/Vitis_RoCE_W/Vitis_RoCE/fpga-network-stack/hls/rocev2/../ib_transport_protocol/ib_transport_protocol.cpp:1521]   --->   Operation 62 'br' 'br_ln1521' <Predicate = (state_2_load == 0 & tmp_i)> <Delay = 0.00>
ST_1 : Operation 63 [1/1] (0.00ns)   --->   "%br_ln1522 = br void %prepend_ibh_header<512>.exit" [/mnt/scratch/pyuvaraj/Vitis_RoCE_W/Vitis_RoCE/fpga-network-stack/hls/rocev2/../ib_transport_protocol/ib_transport_protocol.cpp:1522]   --->   Operation 63 'br' 'br_ln1522' <Predicate = (state_2_load == 0)> <Delay = 0.00>

State 2 <SV = 1> <Delay = 1.16>
ST_2 : Operation 64 [1/1] (0.00ns)   --->   "%currWord_data_V_3 = phi i512 %p_Result_12, void %if.then19.i134.i, i512 %currWord_data_V, void %if.then11.i"   --->   Operation 64 'phi' 'currWord_data_V_3' <Predicate = (state_2_load == 2 & tmp_i_220)> <Delay = 0.00>
ST_2 : Operation 65 [1/1] (0.00ns)   --->   "%tmp_s = bitconcatenate i577 @_ssdm_op_BitConcatenate.i577.i65.i512, i65 %tmp, i512 %currWord_data_V_3" [/tools/Xilinx/Vitis_HLS/2022.1/common/technology/autopilot/hls_stream_39.h:174]   --->   Operation 65 'bitconcatenate' 'tmp_s' <Predicate = (state_2_load == 2 & tmp_i_220)> <Delay = 0.00>
ST_2 : Operation 66 [1/1] (0.00ns)   --->   "%zext_ln174_42 = zext i577 %tmp_s" [/tools/Xilinx/Vitis_HLS/2022.1/common/technology/autopilot/hls_stream_39.h:174]   --->   Operation 66 'zext' 'zext_ln174_42' <Predicate = (state_2_load == 2 & tmp_i_220)> <Delay = 0.00>
ST_2 : Operation 67 [1/1] (1.16ns)   --->   "%write_ln174 = write void @_ssdm_op_Write.ap_fifo.volatile.i1024P0A, i1024 %tx_ib2udpFifo, i1024 %zext_ln174_42" [/tools/Xilinx/Vitis_HLS/2022.1/common/technology/autopilot/hls_stream_39.h:174]   --->   Operation 67 'write' 'write_ln174' <Predicate = (state_2_load == 2 & tmp_i_220)> <Delay = 1.16> <CoreInst = "FIFO_SRL">   --->   Core 81 'FIFO_SRL' <Latency = 0> <II = 1> <Delay = 1.33> <Storage> <Opcode : 'read' 'write' 'nbread' 'nbwrite'> <Ports = 0> <Width = 1024> <Depth = 2> <FIFO>
ST_2 : Operation 68 [1/1] (0.00ns)   --->   "%br_ln1555 = br void %if.end21.i" [/mnt/scratch/pyuvaraj/Vitis_RoCE_W/Vitis_RoCE/fpga-network-stack/hls/rocev2/../ib_transport_protocol/ib_transport_protocol.cpp:1555]   --->   Operation 68 'br' 'br_ln1555' <Predicate = (state_2_load == 2 & tmp_i_220)> <Delay = 0.00>
ST_2 : Operation 69 [1/1] (0.00ns)   --->   "%currWord_data_V_1 = phi i512 %p_Result_s, void %if.then19.i.i, i512 0, void %sw.bb4.i"   --->   Operation 69 'phi' 'currWord_data_V_1' <Predicate = (state_2_load == 1)> <Delay = 0.00>
ST_2 : Operation 70 [1/1] (0.00ns)   --->   "%or_ln = bitconcatenate i513 @_ssdm_op_BitConcatenate.i513.i1.i512, i1 1, i512 %currWord_data_V_1" [/tools/Xilinx/Vitis_HLS/2022.1/common/technology/autopilot/hls_stream_39.h:174]   --->   Operation 70 'bitconcatenate' 'or_ln' <Predicate = (state_2_load == 1)> <Delay = 0.00>
ST_2 : Operation 71 [1/1] (0.00ns)   --->   "%sext_ln174 = sext i513 %or_ln" [/tools/Xilinx/Vitis_HLS/2022.1/common/technology/autopilot/hls_stream_39.h:174]   --->   Operation 71 'sext' 'sext_ln174' <Predicate = (state_2_load == 1)> <Delay = 0.00>
ST_2 : Operation 72 [1/1] (0.00ns)   --->   "%zext_ln174 = zext i576 %sext_ln174" [/tools/Xilinx/Vitis_HLS/2022.1/common/technology/autopilot/hls_stream_39.h:174]   --->   Operation 72 'zext' 'zext_ln174' <Predicate = (state_2_load == 1)> <Delay = 0.00>
ST_2 : Operation 73 [1/1] (1.16ns)   --->   "%write_ln174 = write void @_ssdm_op_Write.ap_fifo.volatile.i1024P0A, i1024 %tx_ib2udpFifo, i1024 %zext_ln174" [/tools/Xilinx/Vitis_HLS/2022.1/common/technology/autopilot/hls_stream_39.h:174]   --->   Operation 73 'write' 'write_ln174' <Predicate = (state_2_load == 1)> <Delay = 1.16> <CoreInst = "FIFO_SRL">   --->   Core 81 'FIFO_SRL' <Latency = 0> <II = 1> <Delay = 1.33> <Storage> <Opcode : 'read' 'write' 'nbread' 'nbwrite'> <Ports = 0> <Width = 1024> <Depth = 2> <FIFO>
ST_2 : Operation 74 [1/1] (0.00ns)   --->   "%br_ln0 = br void %prepend_ibh_header<512>.exit"   --->   Operation 74 'br' 'br_ln0' <Predicate = (state_2_load == 1)> <Delay = 0.00>
ST_2 : Operation 75 [1/1] (1.16ns)   --->   "%write_ln174 = write void @_ssdm_op_Write.ap_fifo.volatile.i1024P0A, i1024 %tx_ib2udpFifo, i1024 %tx_shift2ibhFifo_read" [/tools/Xilinx/Vitis_HLS/2022.1/common/technology/autopilot/hls_stream_39.h:174]   --->   Operation 75 'write' 'write_ln174' <Predicate = (state_2_load == 3 & tmp_126_i)> <Delay = 1.16> <CoreInst = "FIFO_SRL">   --->   Core 81 'FIFO_SRL' <Latency = 0> <II = 1> <Delay = 1.33> <Storage> <Opcode : 'read' 'write' 'nbread' 'nbwrite'> <Ports = 0> <Width = 1024> <Depth = 2> <FIFO>
ST_2 : Operation 76 [1/1] (0.00ns)   --->   "%ret_ln0 = ret"   --->   Operation 76 'ret' 'ret_ln0' <Predicate = true> <Delay = 0.00>


============================================================
+ Verbose Summary: Binding
============================================================
STG Binding: 
---------------- STG Properties BEGIN ----------------
- Is combinational: 0
- Is one-state seq: 0
- Is datapath-only: 0
- Is pipelined: 1
- Is top level: 0
Port [ Return ] is wired: 1; IO mode=ap_ctrl_hs:ce=0
Port [ state_2]:  wired=0; compound=0; hidden=1; nouse=0; global=1; static=1; extern=0; dir=2; type=0; pingpong=0; private_global=1; IO mode=ap_ovld:ce=0
Port [ header_idx_1]:  wired=0; compound=0; hidden=1; nouse=0; global=1; static=1; extern=0; dir=2; type=0; pingpong=0; private_global=1; IO mode=ap_ovld:ce=0
Port [ header_header_V_1]:  wired=0; compound=0; hidden=1; nouse=0; global=1; static=1; extern=0; dir=2; type=0; pingpong=0; private_global=1; IO mode=ap_ovld:ce=0
Port [ tx_ibhHeaderFifo]:  wired=1; compound=1; hidden=0; nouse=0; global=1; static=1; extern=0; dir=0; type=3; pingpong=0; private_global=0; IO mode=ap_fifo:ce=0
Port [ tx_ib2udpFifo]:  wired=1; compound=1; hidden=0; nouse=0; global=1; static=1; extern=0; dir=1; type=3; pingpong=0; private_global=0; IO mode=ap_fifo:ce=0
Port [ tx_shift2ibhFifo]:  wired=1; compound=1; hidden=0; nouse=0; global=1; static=1; extern=0; dir=0; type=3; pingpong=0; private_global=0; IO mode=ap_fifo:ce=0
---------------- STG Properties END ------------------

---------------- Datapath Model BEGIN ----------------

<LifeTime>
<method=bitvector/>
specinterface_ln0       (specinterface ) [ 000]
specinterface_ln0       (specinterface ) [ 000]
specinterface_ln0       (specinterface ) [ 000]
specinterface_ln0       (specinterface ) [ 000]
specinterface_ln0       (specinterface ) [ 000]
specinterface_ln0       (specinterface ) [ 000]
specinterface_ln0       (specinterface ) [ 000]
specinterface_ln0       (specinterface ) [ 000]
specinterface_ln0       (specinterface ) [ 000]
specinterface_ln0       (specinterface ) [ 000]
specinterface_ln0       (specinterface ) [ 000]
specinterface_ln0       (specinterface ) [ 000]
specpipeline_ln1494     (specpipeline  ) [ 000]
state_2_load            (load          ) [ 011]
header_idx_1_load       (load          ) [ 000]
p_Val2_20               (load          ) [ 000]
switch_ln1507           (switch        ) [ 000]
tmp_i_220               (nbreadreq     ) [ 011]
br_ln1536               (br            ) [ 000]
tx_shift2ibhFifo_read_1 (read          ) [ 000]
currWord_data_V         (trunc         ) [ 011]
currWord_last_V_14      (bitselect     ) [ 000]
shl_ln76_1              (bitconcatenate) [ 000]
icmp_ln82_1             (icmp          ) [ 010]
br_ln82                 (br            ) [ 011]
p_Result_12             (partset       ) [ 011]
add_ln85_1              (add           ) [ 000]
store_ln85              (store         ) [ 000]
br_ln86                 (br            ) [ 011]
tmp                     (partselect    ) [ 011]
xor_ln1551              (xor           ) [ 000]
select_ln1551_cast_i    (select        ) [ 000]
store_ln1551            (store         ) [ 000]
br_ln1556               (br            ) [ 000]
shl_ln                  (bitconcatenate) [ 000]
icmp_ln82               (icmp          ) [ 010]
br_ln82                 (br            ) [ 011]
p_Result_s              (partset       ) [ 011]
add_ln85                (add           ) [ 000]
store_ln85              (store         ) [ 000]
br_ln86                 (br            ) [ 011]
store_ln1528            (store         ) [ 000]
tmp_126_i               (nbreadreq     ) [ 011]
br_ln1558               (br            ) [ 000]
tx_shift2ibhFifo_read   (read          ) [ 011]
currWord_last_V         (bitselect     ) [ 010]
br_ln1567               (br            ) [ 000]
store_ln1569            (store         ) [ 000]
br_ln1570               (br            ) [ 000]
br_ln1571               (br            ) [ 000]
br_ln1572               (br            ) [ 000]
tmp_i                   (nbreadreq     ) [ 010]
br_ln1510               (br            ) [ 000]
tx_ibhHeaderFifo_read   (read          ) [ 000]
tmp_127_i8              (partselect    ) [ 000]
store_ln145             (store         ) [ 000]
tmp_128_i9              (partselect    ) [ 000]
store_ln145             (store         ) [ 000]
store_ln1519            (store         ) [ 000]
br_ln1521               (br            ) [ 000]
br_ln1522               (br            ) [ 000]
currWord_data_V_3       (phi           ) [ 011]
tmp_s                   (bitconcatenate) [ 000]
zext_ln174_42           (zext          ) [ 000]
write_ln174             (write         ) [ 000]
br_ln1555               (br            ) [ 000]
currWord_data_V_1       (phi           ) [ 011]
or_ln                   (bitconcatenate) [ 000]
sext_ln174              (sext          ) [ 000]
zext_ln174              (zext          ) [ 000]
write_ln174             (write         ) [ 000]
br_ln0                  (br            ) [ 000]
write_ln174             (write         ) [ 000]
ret_ln0                 (ret           ) [ 000]
</LifeTime>

<model>

<comp_list>
<comp id="0" class="1000" name="state_2">
<pin_list>
<pin id="1" dir="1" index="0" bw="1" slack="0"/>
</pin_list>
<bind>
<StgValue><ssdm name="state_2"/></StgValue>
</bind>
</comp>

<comp id="2" class="1000" name="header_idx_1">
<pin_list>
<pin id="3" dir="1" index="0" bw="1" slack="0"/>
</pin_list>
<bind>
<StgValue><ssdm name="header_idx_1"/></StgValue>
</bind>
</comp>

<comp id="4" class="1000" name="header_header_V_1">
<pin_list>
<pin id="5" dir="1" index="0" bw="1" slack="0"/>
</pin_list>
<bind>
<StgValue><ssdm name="header_header_V_1"/></StgValue>
</bind>
</comp>

<comp id="6" class="1000" name="tx_ibhHeaderFifo">
<pin_list>
<pin id="7" dir="1" index="0" bw="1" slack="0"/>
</pin_list>
<bind>
<StgValue><ssdm name="tx_ibhHeaderFifo"/></StgValue>
</bind>
</comp>

<comp id="8" class="1000" name="tx_ib2udpFifo">
<pin_list>
<pin id="9" dir="1" index="0" bw="1" slack="0"/>
</pin_list>
<bind>
<StgValue><ssdm name="tx_ib2udpFifo"/></StgValue>
</bind>
</comp>

<comp id="10" class="1000" name="tx_shift2ibhFifo">
<pin_list>
<pin id="11" dir="1" index="0" bw="1" slack="0"/>
</pin_list>
<bind>
<StgValue><ssdm name="tx_shift2ibhFifo"/></StgValue>
</bind>
</comp>

<comp id="12" class="1001" name="const_12">
<pin_list>
<pin id="13" dir="1" index="0" bw="1" slack="2147483647"/>
</pin_list>
<bind>
<StgValue><ssdm name="_ssdm_op_SpecInterface"/></StgValue>
</bind>
</comp>

<comp id="14" class="1001" name="const_14">
<pin_list>
<pin id="15" dir="1" index="0" bw="1" slack="2147483647"/>
</pin_list>
<bind>
<StgValue><ssdm name="empty_5"/></StgValue>
</bind>
</comp>

<comp id="16" class="1001" name="const_16">
<pin_list>
<pin id="17" dir="1" index="0" bw="1" slack="0"/>
</pin_list>
<bind>
<StgValue><ssdm name=""/></StgValue>
</bind>
</comp>

<comp id="18" class="1001" name="const_18">
<pin_list>
<pin id="19" dir="1" index="0" bw="1" slack="2147483647"/>
</pin_list>
<bind>
<StgValue><ssdm name="empty"/></StgValue>
</bind>
</comp>

<comp id="20" class="1001" name="const_20">
<pin_list>
<pin id="21" dir="1" index="0" bw="1" slack="2147483647"/>
</pin_list>
<bind>
<StgValue><ssdm name=""/></StgValue>
</bind>
</comp>

<comp id="22" class="1001" name="const_22">
<pin_list>
<pin id="23" dir="1" index="0" bw="1" slack="2147483647"/>
</pin_list>
<bind>
<StgValue><ssdm name="_ssdm_op_SpecPipeline"/></StgValue>
</bind>
</comp>

<comp id="24" class="1001" name="const_24">
<pin_list>
<pin id="25" dir="1" index="0" bw="1" slack="0"/>
</pin_list>
<bind>
<StgValue><ssdm name=""/></StgValue>
</bind>
</comp>

<comp id="26" class="1001" name="const_26">
<pin_list>
<pin id="27" dir="1" index="0" bw="1" slack="0"/>
</pin_list>
<bind>
<StgValue><ssdm name=""/></StgValue>
</bind>
</comp>

<comp id="28" class="1001" name="const_28">
<pin_list>
<pin id="29" dir="1" index="0" bw="1" slack="2147483647"/>
</pin_list>
<bind>
<StgValue><ssdm name=""/></StgValue>
</bind>
</comp>

<comp id="30" class="1001" name="const_30">
<pin_list>
<pin id="31" dir="1" index="0" bw="1" slack="0"/>
</pin_list>
<bind>
<StgValue><ssdm name=""/></StgValue>
</bind>
</comp>

<comp id="32" class="1001" name="const_32">
<pin_list>
<pin id="33" dir="1" index="0" bw="1" slack="0"/>
</pin_list>
<bind>
<StgValue><ssdm name="_ssdm_op_NbReadReq.ap_fifo.i1024P0A"/></StgValue>
</bind>
</comp>

<comp id="34" class="1001" name="const_34">
<pin_list>
<pin id="35" dir="1" index="0" bw="1" slack="0"/>
</pin_list>
<bind>
<StgValue><ssdm name="_ssdm_op_Read.ap_fifo.volatile.i1024P0A"/></StgValue>
</bind>
</comp>

<comp id="36" class="1001" name="const_36">
<pin_list>
<pin id="37" dir="1" index="0" bw="1" slack="0"/>
</pin_list>
<bind>
<StgValue><ssdm name="_ssdm_op_BitSelect.i1.i1024.i1024"/></StgValue>
</bind>
</comp>

<comp id="38" class="1001" name="const_38">
<pin_list>
<pin id="39" dir="1" index="0" bw="1" slack="0"/>
</pin_list>
<bind>
<StgValue><ssdm name=""/></StgValue>
</bind>
</comp>

<comp id="40" class="1001" name="const_40">
<pin_list>
<pin id="41" dir="1" index="0" bw="1" slack="0"/>
</pin_list>
<bind>
<StgValue><ssdm name="_ssdm_op_BitConcatenate.i25.i16.i9"/></StgValue>
</bind>
</comp>

<comp id="42" class="1001" name="const_42">
<pin_list>
<pin id="43" dir="1" index="0" bw="1" slack="0"/>
</pin_list>
<bind>
<StgValue><ssdm name=""/></StgValue>
</bind>
</comp>

<comp id="44" class="1001" name="const_44">
<pin_list>
<pin id="45" dir="1" index="0" bw="1" slack="0"/>
</pin_list>
<bind>
<StgValue><ssdm name=""/></StgValue>
</bind>
</comp>

<comp id="46" class="1001" name="const_46">
<pin_list>
<pin id="47" dir="1" index="0" bw="1" slack="0"/>
</pin_list>
<bind>
<StgValue><ssdm name="_ssdm_op_PartSet.i512.i512.i96.i32.i32"/></StgValue>
</bind>
</comp>

<comp id="48" class="1001" name="const_48">
<pin_list>
<pin id="49" dir="1" index="0" bw="1" slack="0"/>
</pin_list>
<bind>
<StgValue><ssdm name=""/></StgValue>
</bind>
</comp>

<comp id="50" class="1001" name="const_50">
<pin_list>
<pin id="51" dir="1" index="0" bw="1" slack="0"/>
</pin_list>
<bind>
<StgValue><ssdm name=""/></StgValue>
</bind>
</comp>

<comp id="52" class="1001" name="const_52">
<pin_list>
<pin id="53" dir="1" index="0" bw="1" slack="0"/>
</pin_list>
<bind>
<StgValue><ssdm name="_ssdm_op_PartSelect.i65.i1024.i32.i32"/></StgValue>
</bind>
</comp>

<comp id="54" class="1001" name="const_54">
<pin_list>
<pin id="55" dir="1" index="0" bw="1" slack="0"/>
</pin_list>
<bind>
<StgValue><ssdm name=""/></StgValue>
</bind>
</comp>

<comp id="56" class="1001" name="const_56">
<pin_list>
<pin id="57" dir="1" index="0" bw="1" slack="0"/>
</pin_list>
<bind>
<StgValue><ssdm name=""/></StgValue>
</bind>
</comp>

<comp id="58" class="1001" name="const_58">
<pin_list>
<pin id="59" dir="1" index="0" bw="1" slack="0"/>
</pin_list>
<bind>
<StgValue><ssdm name=""/></StgValue>
</bind>
</comp>

<comp id="60" class="1001" name="const_60">
<pin_list>
<pin id="61" dir="1" index="0" bw="1" slack="0"/>
</pin_list>
<bind>
<StgValue><ssdm name=""/></StgValue>
</bind>
</comp>

<comp id="62" class="1001" name="const_62">
<pin_list>
<pin id="63" dir="1" index="0" bw="1" slack="0"/>
</pin_list>
<bind>
<StgValue><ssdm name=""/></StgValue>
</bind>
</comp>

<comp id="64" class="1001" name="const_64">
<pin_list>
<pin id="65" dir="1" index="0" bw="1" slack="0"/>
</pin_list>
<bind>
<StgValue><ssdm name="_ssdm_op_NbReadReq.ap_fifo.i256P0A"/></StgValue>
</bind>
</comp>

<comp id="66" class="1001" name="const_66">
<pin_list>
<pin id="67" dir="1" index="0" bw="1" slack="0"/>
</pin_list>
<bind>
<StgValue><ssdm name="_ssdm_op_Read.ap_fifo.volatile.i256P0A"/></StgValue>
</bind>
</comp>

<comp id="68" class="1001" name="const_68">
<pin_list>
<pin id="69" dir="1" index="0" bw="1" slack="0"/>
</pin_list>
<bind>
<StgValue><ssdm name="_ssdm_op_PartSelect.i16.i256.i32.i32"/></StgValue>
</bind>
</comp>

<comp id="70" class="1001" name="const_70">
<pin_list>
<pin id="71" dir="1" index="0" bw="1" slack="0"/>
</pin_list>
<bind>
<StgValue><ssdm name=""/></StgValue>
</bind>
</comp>

<comp id="72" class="1001" name="const_72">
<pin_list>
<pin id="73" dir="1" index="0" bw="1" slack="0"/>
</pin_list>
<bind>
<StgValue><ssdm name=""/></StgValue>
</bind>
</comp>

<comp id="74" class="1001" name="const_74">
<pin_list>
<pin id="75" dir="1" index="0" bw="1" slack="0"/>
</pin_list>
<bind>
<StgValue><ssdm name="_ssdm_op_PartSelect.i96.i256.i32.i32"/></StgValue>
</bind>
</comp>

<comp id="76" class="1001" name="const_76">
<pin_list>
<pin id="77" dir="1" index="0" bw="1" slack="0"/>
</pin_list>
<bind>
<StgValue><ssdm name=""/></StgValue>
</bind>
</comp>

<comp id="78" class="1001" name="const_78">
<pin_list>
<pin id="79" dir="1" index="0" bw="1" slack="0"/>
</pin_list>
<bind>
<StgValue><ssdm name=""/></StgValue>
</bind>
</comp>

<comp id="80" class="1001" name="const_80">
<pin_list>
<pin id="81" dir="1" index="0" bw="1" slack="0"/>
</pin_list>
<bind>
<StgValue><ssdm name="_ssdm_op_BitConcatenate.i577.i65.i512"/></StgValue>
</bind>
</comp>

<comp id="82" class="1001" name="const_82">
<pin_list>
<pin id="83" dir="1" index="0" bw="1" slack="0"/>
</pin_list>
<bind>
<StgValue><ssdm name="_ssdm_op_Write.ap_fifo.volatile.i1024P0A"/></StgValue>
</bind>
</comp>

<comp id="84" class="1001" name="const_84">
<pin_list>
<pin id="85" dir="1" index="0" bw="1" slack="0"/>
</pin_list>
<bind>
<StgValue><ssdm name="_ssdm_op_BitConcatenate.i513.i1.i512"/></StgValue>
</bind>
</comp>

<comp id="86" class="1004" name="grp_nbreadreq_fu_86">
<pin_list>
<pin id="87" dir="0" index="0" bw="1" slack="0"/>
<pin id="88" dir="0" index="1" bw="1024" slack="0"/>
<pin id="89" dir="0" index="2" bw="1" slack="0"/>
<pin id="90" dir="1" index="3" bw="1" slack="1"/>
</pin_list>
<bind>
<opcode="nbreadreq(1156) " fcode="nbreadreq"/>
<opset="tmp_i_220/1 tmp_126_i/1 "/>
</bind>
</comp>

<comp id="94" class="1004" name="grp_read_fu_94">
<pin_list>
<pin id="95" dir="0" index="0" bw="1024" slack="0"/>
<pin id="96" dir="0" index="1" bw="1024" slack="0"/>
<pin id="97" dir="1" index="2" bw="1024" slack="0"/>
</pin_list>
<bind>
<opcode="read(1150) " fcode="read"/>
<opset="tx_shift2ibhFifo_read_1/1 tx_shift2ibhFifo_read/1 "/>
</bind>
</comp>

<comp id="100" class="1004" name="tmp_i_nbreadreq_fu_100">
<pin_list>
<pin id="101" dir="0" index="0" bw="1" slack="0"/>
<pin id="102" dir="0" index="1" bw="256" slack="0"/>
<pin id="103" dir="0" index="2" bw="1" slack="0"/>
<pin id="104" dir="1" index="3" bw="1" slack="2147483647"/>
</pin_list>
<bind>
<opcode="nbreadreq(1156) " fcode="nbreadreq"/>
<opset="tmp_i/1 "/>
</bind>
</comp>

<comp id="108" class="1004" name="tx_ibhHeaderFifo_read_read_fu_108">
<pin_list>
<pin id="109" dir="0" index="0" bw="256" slack="0"/>
<pin id="110" dir="0" index="1" bw="256" slack="0"/>
<pin id="111" dir="1" index="2" bw="256" slack="0"/>
</pin_list>
<bind>
<opcode="read(1150) " fcode="read"/>
<opset="tx_ibhHeaderFifo_read/1 "/>
</bind>
</comp>

<comp id="114" class="1004" name="grp_write_fu_114">
<pin_list>
<pin id="115" dir="0" index="0" bw="0" slack="0"/>
<pin id="116" dir="0" index="1" bw="1024" slack="0"/>
<pin id="117" dir="0" index="2" bw="1024" slack="0"/>
<pin id="118" dir="1" index="3" bw="0" slack="2147483647"/>
</pin_list>
<bind>
<opcode="write(1151) " fcode="write"/>
<opset="write_ln174/2 write_ln174/2 write_ln174/2 "/>
</bind>
</comp>

<comp id="121" class="1005" name="currWord_data_V_3_reg_121">
<pin_list>
<pin id="122" dir="0" index="0" bw="512" slack="2147483647"/>
<pin id="123" dir="1" index="1" bw="512" slack="2147483647"/>
</pin_list>
<bind>
<opset="currWord_data_V_3 (phireg) "/>
</bind>
</comp>

<comp id="124" class="1004" name="currWord_data_V_3_phi_fu_124">
<pin_list>
<pin id="125" dir="0" index="0" bw="512" slack="1"/>
<pin id="126" dir="0" index="1" bw="0" slack="2147483647"/>
<pin id="127" dir="0" index="2" bw="512" slack="1"/>
<pin id="128" dir="0" index="3" bw="0" slack="2147483647"/>
<pin id="129" dir="1" index="4" bw="512" slack="0"/>
</pin_list>
<bind>
<opcode="phi(47) " fcode="phi"/>
<opset="currWord_data_V_3/2 "/>
</bind>
</comp>

<comp id="130" class="1005" name="currWord_data_V_1_reg_130">
<pin_list>
<pin id="131" dir="0" index="0" bw="512" slack="1"/>
<pin id="132" dir="1" index="1" bw="512" slack="1"/>
</pin_list>
<bind>
<opset="currWord_data_V_1 (phireg) "/>
</bind>
</comp>

<comp id="134" class="1004" name="currWord_data_V_1_phi_fu_134">
<pin_list>
<pin id="135" dir="0" index="0" bw="512" slack="1"/>
<pin id="136" dir="0" index="1" bw="0" slack="2147483647"/>
<pin id="137" dir="0" index="2" bw="1" slack="1"/>
<pin id="138" dir="0" index="3" bw="0" slack="2147483647"/>
<pin id="139" dir="1" index="4" bw="512" slack="0"/>
</pin_list>
<bind>
<opcode="phi(47) " fcode="phi"/>
<opset="currWord_data_V_1/2 "/>
</bind>
</comp>

<comp id="141" class="1004" name="grp_fu_141">
<pin_list>
<pin id="142" dir="0" index="0" bw="1" slack="0"/>
<pin id="143" dir="0" index="1" bw="1024" slack="0"/>
<pin id="144" dir="0" index="2" bw="11" slack="0"/>
<pin id="145" dir="1" index="3" bw="1" slack="0"/>
</pin_list>
<bind>
<opcode="bitselect(1000) " fcode="bitselect"/>
<opset="currWord_last_V_14/1 currWord_last_V/1 "/>
</bind>
</comp>

<comp id="149" class="1004" name="grp_fu_149">
<pin_list>
<pin id="150" dir="0" index="0" bw="16" slack="0"/>
<pin id="151" dir="0" index="1" bw="1" slack="0"/>
<pin id="152" dir="1" index="2" bw="16" slack="0"/>
</pin_list>
<bind>
<opcode="add(8) " fcode="add"/>
<opset="add_ln85_1/1 add_ln85/1 "/>
</bind>
</comp>

<comp id="154" class="1004" name="state_2_load_load_fu_154">
<pin_list>
<pin id="155" dir="0" index="0" bw="2" slack="0"/>
<pin id="156" dir="1" index="1" bw="2" slack="1"/>
</pin_list>
<bind>
<opcode="load(27) " fcode="load"/>
<opset="state_2_load/1 "/>
</bind>
</comp>

<comp id="158" class="1004" name="header_idx_1_load_load_fu_158">
<pin_list>
<pin id="159" dir="0" index="0" bw="16" slack="0"/>
<pin id="160" dir="1" index="1" bw="16" slack="0"/>
</pin_list>
<bind>
<opcode="load(27) " fcode="load"/>
<opset="header_idx_1_load/1 "/>
</bind>
</comp>

<comp id="163" class="1004" name="p_Val2_20_load_fu_163">
<pin_list>
<pin id="164" dir="0" index="0" bw="96" slack="0"/>
<pin id="165" dir="1" index="1" bw="96" slack="0"/>
</pin_list>
<bind>
<opcode="load(27) " fcode="load"/>
<opset="p_Val2_20/1 "/>
</bind>
</comp>

<comp id="167" class="1004" name="currWord_data_V_fu_167">
<pin_list>
<pin id="168" dir="0" index="0" bw="1024" slack="0"/>
<pin id="169" dir="1" index="1" bw="512" slack="0"/>
</pin_list>
<bind>
<opcode="trunc(33) " fcode="trunc"/>
<opset="currWord_data_V/1 "/>
</bind>
</comp>

<comp id="171" class="1004" name="shl_ln76_1_fu_171">
<pin_list>
<pin id="172" dir="0" index="0" bw="25" slack="0"/>
<pin id="173" dir="0" index="1" bw="16" slack="0"/>
<pin id="174" dir="0" index="2" bw="1" slack="0"/>
<pin id="175" dir="1" index="3" bw="25" slack="0"/>
</pin_list>
<bind>
<opcode="bitconcatenate(1004) " fcode="bitconcatenate"/>
<opset="shl_ln76_1/1 "/>
</bind>
</comp>

<comp id="179" class="1004" name="icmp_ln82_1_fu_179">
<pin_list>
<pin id="180" dir="0" index="0" bw="25" slack="0"/>
<pin id="181" dir="0" index="1" bw="8" slack="0"/>
<pin id="182" dir="1" index="2" bw="1" slack="2147483647"/>
</pin_list>
<bind>
<opcode="icmp(45) " fcode="icmp"/>
<opset="icmp_ln82_1/1 "/>
</bind>
</comp>

<comp id="185" class="1004" name="p_Result_12_fu_185">
<pin_list>
<pin id="186" dir="0" index="0" bw="512" slack="0"/>
<pin id="187" dir="0" index="1" bw="512" slack="0"/>
<pin id="188" dir="0" index="2" bw="96" slack="0"/>
<pin id="189" dir="0" index="3" bw="1" slack="0"/>
<pin id="190" dir="0" index="4" bw="8" slack="0"/>
<pin id="191" dir="1" index="5" bw="512" slack="1"/>
</pin_list>
<bind>
<opcode="partset(1003) " fcode="partset"/>
<opset="p_Result_12/1 "/>
</bind>
</comp>

<comp id="197" class="1004" name="store_ln85_store_fu_197">
<pin_list>
<pin id="198" dir="0" index="0" bw="16" slack="0"/>
<pin id="199" dir="0" index="1" bw="16" slack="0"/>
<pin id="200" dir="1" index="2" bw="0" slack="2147483647"/>
</pin_list>
<bind>
<opcode="store(28) " fcode="store"/>
<opset="store_ln85/1 "/>
</bind>
</comp>

<comp id="203" class="1004" name="tmp_fu_203">
<pin_list>
<pin id="204" dir="0" index="0" bw="65" slack="0"/>
<pin id="205" dir="0" index="1" bw="1024" slack="0"/>
<pin id="206" dir="0" index="2" bw="11" slack="0"/>
<pin id="207" dir="0" index="3" bw="11" slack="0"/>
<pin id="208" dir="1" index="4" bw="65" slack="1"/>
</pin_list>
<bind>
<opcode="partselect(1002) " fcode="partselect"/>
<opset="tmp/1 "/>
</bind>
</comp>

<comp id="213" class="1004" name="xor_ln1551_fu_213">
<pin_list>
<pin id="214" dir="0" index="0" bw="1" slack="0"/>
<pin id="215" dir="0" index="1" bw="1" slack="0"/>
<pin id="216" dir="1" index="2" bw="1" slack="0"/>
</pin_list>
<bind>
<opcode="xor(25) " fcode="xor"/>
<opset="xor_ln1551/1 "/>
</bind>
</comp>

<comp id="219" class="1004" name="select_ln1551_cast_i_fu_219">
<pin_list>
<pin id="220" dir="0" index="0" bw="1" slack="0"/>
<pin id="221" dir="0" index="1" bw="1" slack="0"/>
<pin id="222" dir="0" index="2" bw="1" slack="0"/>
<pin id="223" dir="1" index="3" bw="2" slack="0"/>
</pin_list>
<bind>
<opcode="select(49) " fcode="select"/>
<opset="select_ln1551_cast_i/1 "/>
</bind>
</comp>

<comp id="227" class="1004" name="store_ln1551_store_fu_227">
<pin_list>
<pin id="228" dir="0" index="0" bw="2" slack="0"/>
<pin id="229" dir="0" index="1" bw="2" slack="0"/>
<pin id="230" dir="1" index="2" bw="0" slack="2147483647"/>
</pin_list>
<bind>
<opcode="store(28) " fcode="store"/>
<opset="store_ln1551/1 "/>
</bind>
</comp>

<comp id="233" class="1004" name="shl_ln_fu_233">
<pin_list>
<pin id="234" dir="0" index="0" bw="25" slack="0"/>
<pin id="235" dir="0" index="1" bw="16" slack="0"/>
<pin id="236" dir="0" index="2" bw="1" slack="0"/>
<pin id="237" dir="1" index="3" bw="25" slack="0"/>
</pin_list>
<bind>
<opcode="bitconcatenate(1004) " fcode="bitconcatenate"/>
<opset="shl_ln/1 "/>
</bind>
</comp>

<comp id="241" class="1004" name="icmp_ln82_fu_241">
<pin_list>
<pin id="242" dir="0" index="0" bw="25" slack="0"/>
<pin id="243" dir="0" index="1" bw="8" slack="0"/>
<pin id="244" dir="1" index="2" bw="1" slack="2147483647"/>
</pin_list>
<bind>
<opcode="icmp(45) " fcode="icmp"/>
<opset="icmp_ln82/1 "/>
</bind>
</comp>

<comp id="247" class="1004" name="p_Result_s_fu_247">
<pin_list>
<pin id="248" dir="0" index="0" bw="512" slack="0"/>
<pin id="249" dir="0" index="1" bw="1" slack="0"/>
<pin id="250" dir="0" index="2" bw="96" slack="0"/>
<pin id="251" dir="0" index="3" bw="1" slack="0"/>
<pin id="252" dir="0" index="4" bw="8" slack="0"/>
<pin id="253" dir="1" index="5" bw="512" slack="1"/>
</pin_list>
<bind>
<opcode="partset(1003) " fcode="partset"/>
<opset="p_Result_s/1 "/>
</bind>
</comp>

<comp id="259" class="1004" name="store_ln85_store_fu_259">
<pin_list>
<pin id="260" dir="0" index="0" bw="16" slack="0"/>
<pin id="261" dir="0" index="1" bw="16" slack="0"/>
<pin id="262" dir="1" index="2" bw="0" slack="2147483647"/>
</pin_list>
<bind>
<opcode="store(28) " fcode="store"/>
<opset="store_ln85/1 "/>
</bind>
</comp>

<comp id="265" class="1004" name="store_ln1528_store_fu_265">
<pin_list>
<pin id="266" dir="0" index="0" bw="2" slack="0"/>
<pin id="267" dir="0" index="1" bw="2" slack="0"/>
<pin id="268" dir="1" index="2" bw="0" slack="2147483647"/>
</pin_list>
<bind>
<opcode="store(28) " fcode="store"/>
<opset="store_ln1528/1 "/>
</bind>
</comp>

<comp id="271" class="1004" name="store_ln1569_store_fu_271">
<pin_list>
<pin id="272" dir="0" index="0" bw="1" slack="0"/>
<pin id="273" dir="0" index="1" bw="2" slack="0"/>
<pin id="274" dir="1" index="2" bw="0" slack="2147483647"/>
</pin_list>
<bind>
<opcode="store(28) " fcode="store"/>
<opset="store_ln1569/1 "/>
</bind>
</comp>

<comp id="277" class="1004" name="tmp_127_i8_fu_277">
<pin_list>
<pin id="278" dir="0" index="0" bw="16" slack="0"/>
<pin id="279" dir="0" index="1" bw="256" slack="0"/>
<pin id="280" dir="0" index="2" bw="6" slack="0"/>
<pin id="281" dir="0" index="3" bw="6" slack="0"/>
<pin id="282" dir="1" index="4" bw="16" slack="0"/>
</pin_list>
<bind>
<opcode="partselect(1002) " fcode="partselect"/>
<opset="tmp_127_i8/1 "/>
</bind>
</comp>

<comp id="287" class="1004" name="store_ln145_store_fu_287">
<pin_list>
<pin id="288" dir="0" index="0" bw="16" slack="0"/>
<pin id="289" dir="0" index="1" bw="16" slack="0"/>
<pin id="290" dir="1" index="2" bw="0" slack="2147483647"/>
</pin_list>
<bind>
<opcode="store(28) " fcode="store"/>
<opset="store_ln145/1 "/>
</bind>
</comp>

<comp id="293" class="1004" name="tmp_128_i9_fu_293">
<pin_list>
<pin id="294" dir="0" index="0" bw="96" slack="0"/>
<pin id="295" dir="0" index="1" bw="256" slack="0"/>
<pin id="296" dir="0" index="2" bw="9" slack="0"/>
<pin id="297" dir="0" index="3" bw="9" slack="0"/>
<pin id="298" dir="1" index="4" bw="96" slack="0"/>
</pin_list>
<bind>
<opcode="partselect(1002) " fcode="partselect"/>
<opset="tmp_128_i9/1 "/>
</bind>
</comp>

<comp id="303" class="1004" name="store_ln145_store_fu_303">
<pin_list>
<pin id="304" dir="0" index="0" bw="96" slack="0"/>
<pin id="305" dir="0" index="1" bw="96" slack="0"/>
<pin id="306" dir="1" index="2" bw="0" slack="2147483647"/>
</pin_list>
<bind>
<opcode="store(28) " fcode="store"/>
<opset="store_ln145/1 "/>
</bind>
</comp>

<comp id="309" class="1004" name="store_ln1519_store_fu_309">
<pin_list>
<pin id="310" dir="0" index="0" bw="2" slack="0"/>
<pin id="311" dir="0" index="1" bw="2" slack="0"/>
<pin id="312" dir="1" index="2" bw="0" slack="2147483647"/>
</pin_list>
<bind>
<opcode="store(28) " fcode="store"/>
<opset="store_ln1519/1 "/>
</bind>
</comp>

<comp id="315" class="1004" name="tmp_s_fu_315">
<pin_list>
<pin id="316" dir="0" index="0" bw="577" slack="0"/>
<pin id="317" dir="0" index="1" bw="65" slack="1"/>
<pin id="318" dir="0" index="2" bw="512" slack="0"/>
<pin id="319" dir="1" index="3" bw="577" slack="0"/>
</pin_list>
<bind>
<opcode="bitconcatenate(1004) " fcode="bitconcatenate"/>
<opset="tmp_s/2 "/>
</bind>
</comp>

<comp id="322" class="1004" name="zext_ln174_42_fu_322">
<pin_list>
<pin id="323" dir="0" index="0" bw="577" slack="0"/>
<pin id="324" dir="1" index="1" bw="1024" slack="0"/>
</pin_list>
<bind>
<opcode="zext(34) " fcode="zext"/>
<opset="zext_ln174_42/2 "/>
</bind>
</comp>

<comp id="327" class="1004" name="or_ln_fu_327">
<pin_list>
<pin id="328" dir="0" index="0" bw="513" slack="0"/>
<pin id="329" dir="0" index="1" bw="1" slack="0"/>
<pin id="330" dir="0" index="2" bw="512" slack="0"/>
<pin id="331" dir="1" index="3" bw="513" slack="0"/>
</pin_list>
<bind>
<opcode="bitconcatenate(1004) " fcode="bitconcatenate"/>
<opset="or_ln/2 "/>
</bind>
</comp>

<comp id="335" class="1004" name="sext_ln174_fu_335">
<pin_list>
<pin id="336" dir="0" index="0" bw="513" slack="0"/>
<pin id="337" dir="1" index="1" bw="576" slack="0"/>
</pin_list>
<bind>
<opcode="sext(35) " fcode="sext"/>
<opset="sext_ln174/2 "/>
</bind>
</comp>

<comp id="339" class="1004" name="zext_ln174_fu_339">
<pin_list>
<pin id="340" dir="0" index="0" bw="513" slack="0"/>
<pin id="341" dir="1" index="1" bw="1024" slack="0"/>
</pin_list>
<bind>
<opcode="zext(34) " fcode="zext"/>
<opset="zext_ln174/2 "/>
</bind>
</comp>

<comp id="344" class="1005" name="state_2_load_reg_344">
<pin_list>
<pin id="345" dir="0" index="0" bw="2" slack="1"/>
<pin id="346" dir="1" index="1" bw="2" slack="2147483647"/>
</pin_list>
<bind>
<opset="state_2_load "/>
</bind>
</comp>

<comp id="348" class="1005" name="tmp_i_220_reg_348">
<pin_list>
<pin id="349" dir="0" index="0" bw="1" slack="1"/>
<pin id="350" dir="1" index="1" bw="1" slack="2147483647"/>
</pin_list>
<bind>
<opset="tmp_i_220 "/>
</bind>
</comp>

<comp id="352" class="1005" name="currWord_data_V_reg_352">
<pin_list>
<pin id="353" dir="0" index="0" bw="512" slack="1"/>
<pin id="354" dir="1" index="1" bw="512" slack="1"/>
</pin_list>
<bind>
<opset="currWord_data_V "/>
</bind>
</comp>

<comp id="360" class="1005" name="p_Result_12_reg_360">
<pin_list>
<pin id="361" dir="0" index="0" bw="512" slack="1"/>
<pin id="362" dir="1" index="1" bw="512" slack="1"/>
</pin_list>
<bind>
<opset="p_Result_12 "/>
</bind>
</comp>

<comp id="365" class="1005" name="tmp_reg_365">
<pin_list>
<pin id="366" dir="0" index="0" bw="65" slack="1"/>
<pin id="367" dir="1" index="1" bw="65" slack="1"/>
</pin_list>
<bind>
<opset="tmp "/>
</bind>
</comp>

<comp id="373" class="1005" name="p_Result_s_reg_373">
<pin_list>
<pin id="374" dir="0" index="0" bw="512" slack="1"/>
<pin id="375" dir="1" index="1" bw="512" slack="1"/>
</pin_list>
<bind>
<opset="p_Result_s "/>
</bind>
</comp>

<comp id="378" class="1005" name="tmp_126_i_reg_378">
<pin_list>
<pin id="379" dir="0" index="0" bw="1" slack="1"/>
<pin id="380" dir="1" index="1" bw="1" slack="2147483647"/>
</pin_list>
<bind>
<opset="tmp_126_i "/>
</bind>
</comp>

<comp id="382" class="1005" name="tx_shift2ibhFifo_read_reg_382">
<pin_list>
<pin id="383" dir="0" index="0" bw="1024" slack="1"/>
<pin id="384" dir="1" index="1" bw="1024" slack="1"/>
</pin_list>
<bind>
<opset="tx_shift2ibhFifo_read "/>
</bind>
</comp>

</comp_list>

<net_list>
<net id="91"><net_src comp="32" pin="0"/><net_sink comp="86" pin=0"/></net>

<net id="92"><net_src comp="10" pin="0"/><net_sink comp="86" pin=1"/></net>

<net id="93"><net_src comp="24" pin="0"/><net_sink comp="86" pin=2"/></net>

<net id="98"><net_src comp="34" pin="0"/><net_sink comp="94" pin=0"/></net>

<net id="99"><net_src comp="10" pin="0"/><net_sink comp="94" pin=1"/></net>

<net id="105"><net_src comp="64" pin="0"/><net_sink comp="100" pin=0"/></net>

<net id="106"><net_src comp="6" pin="0"/><net_sink comp="100" pin=1"/></net>

<net id="107"><net_src comp="24" pin="0"/><net_sink comp="100" pin=2"/></net>

<net id="112"><net_src comp="66" pin="0"/><net_sink comp="108" pin=0"/></net>

<net id="113"><net_src comp="6" pin="0"/><net_sink comp="108" pin=1"/></net>

<net id="119"><net_src comp="82" pin="0"/><net_sink comp="114" pin=0"/></net>

<net id="120"><net_src comp="8" pin="0"/><net_sink comp="114" pin=1"/></net>

<net id="133"><net_src comp="62" pin="0"/><net_sink comp="130" pin=0"/></net>

<net id="140"><net_src comp="130" pin="1"/><net_sink comp="134" pin=2"/></net>

<net id="146"><net_src comp="36" pin="0"/><net_sink comp="141" pin=0"/></net>

<net id="147"><net_src comp="94" pin="2"/><net_sink comp="141" pin=1"/></net>

<net id="148"><net_src comp="38" pin="0"/><net_sink comp="141" pin=2"/></net>

<net id="153"><net_src comp="50" pin="0"/><net_sink comp="149" pin=1"/></net>

<net id="157"><net_src comp="0" pin="0"/><net_sink comp="154" pin=0"/></net>

<net id="161"><net_src comp="2" pin="0"/><net_sink comp="158" pin=0"/></net>

<net id="162"><net_src comp="158" pin="1"/><net_sink comp="149" pin=0"/></net>

<net id="166"><net_src comp="4" pin="0"/><net_sink comp="163" pin=0"/></net>

<net id="170"><net_src comp="94" pin="2"/><net_sink comp="167" pin=0"/></net>

<net id="176"><net_src comp="40" pin="0"/><net_sink comp="171" pin=0"/></net>

<net id="177"><net_src comp="158" pin="1"/><net_sink comp="171" pin=1"/></net>

<net id="178"><net_src comp="42" pin="0"/><net_sink comp="171" pin=2"/></net>

<net id="183"><net_src comp="171" pin="3"/><net_sink comp="179" pin=0"/></net>

<net id="184"><net_src comp="44" pin="0"/><net_sink comp="179" pin=1"/></net>

<net id="192"><net_src comp="46" pin="0"/><net_sink comp="185" pin=0"/></net>

<net id="193"><net_src comp="167" pin="1"/><net_sink comp="185" pin=1"/></net>

<net id="194"><net_src comp="163" pin="1"/><net_sink comp="185" pin=2"/></net>

<net id="195"><net_src comp="16" pin="0"/><net_sink comp="185" pin=3"/></net>

<net id="196"><net_src comp="48" pin="0"/><net_sink comp="185" pin=4"/></net>

<net id="201"><net_src comp="149" pin="2"/><net_sink comp="197" pin=0"/></net>

<net id="202"><net_src comp="2" pin="0"/><net_sink comp="197" pin=1"/></net>

<net id="209"><net_src comp="52" pin="0"/><net_sink comp="203" pin=0"/></net>

<net id="210"><net_src comp="94" pin="2"/><net_sink comp="203" pin=1"/></net>

<net id="211"><net_src comp="54" pin="0"/><net_sink comp="203" pin=2"/></net>

<net id="212"><net_src comp="56" pin="0"/><net_sink comp="203" pin=3"/></net>

<net id="217"><net_src comp="141" pin="3"/><net_sink comp="213" pin=0"/></net>

<net id="218"><net_src comp="58" pin="0"/><net_sink comp="213" pin=1"/></net>

<net id="224"><net_src comp="213" pin="2"/><net_sink comp="219" pin=0"/></net>

<net id="225"><net_src comp="26" pin="0"/><net_sink comp="219" pin=1"/></net>

<net id="226"><net_src comp="60" pin="0"/><net_sink comp="219" pin=2"/></net>

<net id="231"><net_src comp="219" pin="3"/><net_sink comp="227" pin=0"/></net>

<net id="232"><net_src comp="0" pin="0"/><net_sink comp="227" pin=1"/></net>

<net id="238"><net_src comp="40" pin="0"/><net_sink comp="233" pin=0"/></net>

<net id="239"><net_src comp="158" pin="1"/><net_sink comp="233" pin=1"/></net>

<net id="240"><net_src comp="42" pin="0"/><net_sink comp="233" pin=2"/></net>

<net id="245"><net_src comp="233" pin="3"/><net_sink comp="241" pin=0"/></net>

<net id="246"><net_src comp="44" pin="0"/><net_sink comp="241" pin=1"/></net>

<net id="254"><net_src comp="46" pin="0"/><net_sink comp="247" pin=0"/></net>

<net id="255"><net_src comp="62" pin="0"/><net_sink comp="247" pin=1"/></net>

<net id="256"><net_src comp="163" pin="1"/><net_sink comp="247" pin=2"/></net>

<net id="257"><net_src comp="16" pin="0"/><net_sink comp="247" pin=3"/></net>

<net id="258"><net_src comp="48" pin="0"/><net_sink comp="247" pin=4"/></net>

<net id="263"><net_src comp="149" pin="2"/><net_sink comp="259" pin=0"/></net>

<net id="264"><net_src comp="2" pin="0"/><net_sink comp="259" pin=1"/></net>

<net id="269"><net_src comp="30" pin="0"/><net_sink comp="265" pin=0"/></net>

<net id="270"><net_src comp="0" pin="0"/><net_sink comp="265" pin=1"/></net>

<net id="275"><net_src comp="60" pin="0"/><net_sink comp="271" pin=0"/></net>

<net id="276"><net_src comp="0" pin="0"/><net_sink comp="271" pin=1"/></net>

<net id="283"><net_src comp="68" pin="0"/><net_sink comp="277" pin=0"/></net>

<net id="284"><net_src comp="108" pin="2"/><net_sink comp="277" pin=1"/></net>

<net id="285"><net_src comp="70" pin="0"/><net_sink comp="277" pin=2"/></net>

<net id="286"><net_src comp="72" pin="0"/><net_sink comp="277" pin=3"/></net>

<net id="291"><net_src comp="277" pin="4"/><net_sink comp="287" pin=0"/></net>

<net id="292"><net_src comp="2" pin="0"/><net_sink comp="287" pin=1"/></net>

<net id="299"><net_src comp="74" pin="0"/><net_sink comp="293" pin=0"/></net>

<net id="300"><net_src comp="108" pin="2"/><net_sink comp="293" pin=1"/></net>

<net id="301"><net_src comp="76" pin="0"/><net_sink comp="293" pin=2"/></net>

<net id="302"><net_src comp="78" pin="0"/><net_sink comp="293" pin=3"/></net>

<net id="307"><net_src comp="293" pin="4"/><net_sink comp="303" pin=0"/></net>

<net id="308"><net_src comp="4" pin="0"/><net_sink comp="303" pin=1"/></net>

<net id="313"><net_src comp="30" pin="0"/><net_sink comp="309" pin=0"/></net>

<net id="314"><net_src comp="0" pin="0"/><net_sink comp="309" pin=1"/></net>

<net id="320"><net_src comp="80" pin="0"/><net_sink comp="315" pin=0"/></net>

<net id="321"><net_src comp="124" pin="4"/><net_sink comp="315" pin=2"/></net>

<net id="325"><net_src comp="315" pin="3"/><net_sink comp="322" pin=0"/></net>

<net id="326"><net_src comp="322" pin="1"/><net_sink comp="114" pin=2"/></net>

<net id="332"><net_src comp="84" pin="0"/><net_sink comp="327" pin=0"/></net>

<net id="333"><net_src comp="58" pin="0"/><net_sink comp="327" pin=1"/></net>

<net id="334"><net_src comp="134" pin="4"/><net_sink comp="327" pin=2"/></net>

<net id="338"><net_src comp="327" pin="3"/><net_sink comp="335" pin=0"/></net>

<net id="342"><net_src comp="335" pin="1"/><net_sink comp="339" pin=0"/></net>

<net id="343"><net_src comp="339" pin="1"/><net_sink comp="114" pin=2"/></net>

<net id="347"><net_src comp="154" pin="1"/><net_sink comp="344" pin=0"/></net>

<net id="351"><net_src comp="86" pin="3"/><net_sink comp="348" pin=0"/></net>

<net id="355"><net_src comp="167" pin="1"/><net_sink comp="352" pin=0"/></net>

<net id="356"><net_src comp="352" pin="1"/><net_sink comp="124" pin=2"/></net>

<net id="363"><net_src comp="185" pin="5"/><net_sink comp="360" pin=0"/></net>

<net id="364"><net_src comp="360" pin="1"/><net_sink comp="124" pin=0"/></net>

<net id="368"><net_src comp="203" pin="4"/><net_sink comp="365" pin=0"/></net>

<net id="369"><net_src comp="365" pin="1"/><net_sink comp="315" pin=1"/></net>

<net id="376"><net_src comp="247" pin="5"/><net_sink comp="373" pin=0"/></net>

<net id="377"><net_src comp="373" pin="1"/><net_sink comp="134" pin=0"/></net>

<net id="381"><net_src comp="86" pin="3"/><net_sink comp="378" pin=0"/></net>

<net id="385"><net_src comp="94" pin="2"/><net_sink comp="382" pin=0"/></net>

<net id="386"><net_src comp="382" pin="1"/><net_sink comp="114" pin=2"/></net>

</net_list>

</model> 
---------------- Datapath Model END ------------------

* FSMD analyzer results:
  - Output states:
	Port: state_2 | {1 }
	Port: header_idx_1 | {1 }
	Port: header_header_V_1 | {1 }
	Port: tx_ib2udpFifo | {2 }
 - Input state : 
	Port: prepend_ibh_header<512> : state_2 | {1 }
	Port: prepend_ibh_header<512> : header_idx_1 | {1 }
	Port: prepend_ibh_header<512> : header_header_V_1 | {1 }
	Port: prepend_ibh_header<512> : tx_ibhHeaderFifo | {1 }
	Port: prepend_ibh_header<512> : tx_shift2ibhFifo | {1 }
  - Chain level:
	State 1
		switch_ln1507 : 1
		shl_ln76_1 : 1
		icmp_ln82_1 : 2
		br_ln82 : 3
		p_Result_12 : 1
		add_ln85_1 : 1
		store_ln85 : 2
		xor_ln1551 : 1
		select_ln1551_cast_i : 1
		store_ln1551 : 2
		shl_ln : 1
		icmp_ln82 : 2
		br_ln82 : 3
		p_Result_s : 1
		add_ln85 : 1
		store_ln85 : 2
		br_ln1567 : 1
		store_ln145 : 1
		store_ln145 : 1
	State 2
		tmp_s : 1
		zext_ln174_42 : 2
		write_ln174 : 3
		or_ln : 1
		sext_ln174 : 2
		zext_ln174 : 3
		write_ln174 : 4


============================================================
+ Verbose Summary: Datapath Resource usage 
============================================================

* Functional unit list:
|----------|-----------------------------------|---------|---------|
| Operation|          Functional Unit          |    FF   |   LUT   |
|----------|-----------------------------------|---------|---------|
|   icmp   |         icmp_ln82_1_fu_179        |    0    |    16   |
|          |          icmp_ln82_fu_241         |    0    |    16   |
|----------|-----------------------------------|---------|---------|
|    add   |             grp_fu_149            |    0    |    23   |
|----------|-----------------------------------|---------|---------|
|    xor   |         xor_ln1551_fu_213         |    0    |    2    |
|----------|-----------------------------------|---------|---------|
|  select  |    select_ln1551_cast_i_fu_219    |    0    |    2    |
|----------|-----------------------------------|---------|---------|
| nbreadreq|        grp_nbreadreq_fu_86        |    0    |    0    |
|          |       tmp_i_nbreadreq_fu_100      |    0    |    0    |
|----------|-----------------------------------|---------|---------|
|   read   |           grp_read_fu_94          |    0    |    0    |
|          | tx_ibhHeaderFifo_read_read_fu_108 |    0    |    0    |
|----------|-----------------------------------|---------|---------|
|   write  |          grp_write_fu_114         |    0    |    0    |
|----------|-----------------------------------|---------|---------|
| bitselect|             grp_fu_141            |    0    |    0    |
|----------|-----------------------------------|---------|---------|
|   trunc  |       currWord_data_V_fu_167      |    0    |    0    |
|----------|-----------------------------------|---------|---------|
|          |         shl_ln76_1_fu_171         |    0    |    0    |
|bitconcatenate|           shl_ln_fu_233           |    0    |    0    |
|          |            tmp_s_fu_315           |    0    |    0    |
|          |            or_ln_fu_327           |    0    |    0    |
|----------|-----------------------------------|---------|---------|
|  partset |         p_Result_12_fu_185        |    0    |    0    |
|          |         p_Result_s_fu_247         |    0    |    0    |
|----------|-----------------------------------|---------|---------|
|          |             tmp_fu_203            |    0    |    0    |
|partselect|         tmp_127_i8_fu_277         |    0    |    0    |
|          |         tmp_128_i9_fu_293         |    0    |    0    |
|----------|-----------------------------------|---------|---------|
|   zext   |        zext_ln174_42_fu_322       |    0    |    0    |
|          |         zext_ln174_fu_339         |    0    |    0    |
|----------|-----------------------------------|---------|---------|
|   sext   |         sext_ln174_fu_335         |    0    |    0    |
|----------|-----------------------------------|---------|---------|
|   Total  |                                   |    0    |    59   |
|----------|-----------------------------------|---------|---------|

Memories:
N/A

* Register list:
+-----------------------------+--------+
|                             |   FF   |
+-----------------------------+--------+
|  currWord_data_V_1_reg_130  |   512  |
|  currWord_data_V_3_reg_121  |   512  |
|   currWord_data_V_reg_352   |   512  |
|     p_Result_12_reg_360     |   512  |
|      p_Result_s_reg_373     |   512  |
|     state_2_load_reg_344    |    2   |
|      tmp_126_i_reg_378      |    1   |
|      tmp_i_220_reg_348      |    1   |
|         tmp_reg_365         |   65   |
|tx_shift2ibhFifo_read_reg_382|  1024  |
+-----------------------------+--------+
|            Total            |  3653  |
+-----------------------------+--------+

* Multiplexer (MUX) list: 
|------------------|------|------|------|--------||---------||---------|
|       Comp       |  Pin | Size |  BW  | S x BW ||  Delay  ||   LUT   |
|------------------|------|------|------|--------||---------||---------|
| grp_write_fu_114 |  p2  |   3  | 1024 |  3072  ||    14   |
|------------------|------|------|------|--------||---------||---------|
|       Total      |      |      |      |  3072  || 0.419857||    14   |
|------------------|------|------|------|--------||---------||---------|



* Summary:
+-----------+--------+--------+--------+
|           |  Delay |   FF   |   LUT  |
+-----------+--------+--------+--------+
|  Function |    -   |    0   |   59   |
|   Memory  |    -   |    -   |    -   |
|Multiplexer|    0   |    -   |   14   |
|  Register |    -   |  3653  |    -   |
+-----------+--------+--------+--------+
|   Total   |    0   |  3653  |   73   |
+-----------+--------+--------+--------+
