

================================================================
== Vitis HLS Report for 'process_udp_512_14'
================================================================
* Date:           Tue Jul 11 09:32:14 2023

* Version:        2022.1 (Build 3526262 on Mon Apr 18 15:47:01 MDT 2022)
* Project:        rocev2_prj
* Solution:       solution1 (Vivado IP Flow Target)
* Product family: virtexuplus
* Target device:  xcu280-fsvh2892-2L-e


================================================================
== Performance Estimates
================================================================
+ Timing: 
    * Summary: 
    +--------+---------+----------+------------+
    |  Clock |  Target | Estimated| Uncertainty|
    +--------+---------+----------+------------+
    |ap_clk  |  3.20 ns|  1.844 ns|     0.86 ns|
    +--------+---------+----------+------------+

+ Latency: 
    * Summary: 
    +---------+---------+----------+----------+-----+-----+---------+
    |  Latency (cycles) |  Latency (absolute) |  Interval | Pipeline|
    |   min   |   max   |    min   |    max   | min | max |   Type  |
    +---------+---------+----------+----------+-----+-----+---------+
    |        3|        3|  9.600 ns|  9.600 ns|    1|    1|      yes|
    +---------+---------+----------+----------+-----+-----+---------+

    + Detail: 
        * Instance: 
        N/A

        * Loop: 
        N/A

============================================================
+ Verbose Summary: Synthesis Manager
============================================================
InlineROM: 1
ExposeGlobal: 0
============================================================
+ Verbose Summary: CDFG Model
============================================================
IsTopModel: 0
ResetActiveHigh: 1
IsCombinational: 2
IsDatapathOnly: 0
HasWiredReturn: 1
HasMFsm: 2
HasVarLatency: 0
IsPipeline: 1
IsRtlPipelined: 1
IsInstanceOverlapped: 0
IsDontTouch: 0
HasImplIP: 0
IsGatedGlobalClock: 0

+ Individual pipeline summary: 
  * Pipeline-0: initiation interval (II) = 1, depth = 4


============================================================
+ Verbose Summary: Schedule
============================================================
* Number of FSM states : 4
* Pipeline : 1
  Pipeline-0 : II = 1, D = 4, States = { 1 2 3 4 }
* Dataflow Pipeline: 0

* FSM state transitions: 
1 --> 2 
2 --> 3 
3 --> 4 
4 --> 

* FSM state operations: 

State 1 <SV = 0> <Delay = 1.16>
ST_1 : Operation 5 [1/1] (0.00ns)   --->   "%specinterface_ln0 = specinterface void @_ssdm_op_SpecInterface, i1024 %rx_ip2udpFifo, void @empty_5, i32 0, i32 0, void @empty, i32 0, i32 0, void @empty, void @empty, void @empty, i32 0, i32 0, i32 0, i32 0, void @empty, void @empty, i32 4294967295, i32 0"   --->   Operation 5 'specinterface' 'specinterface_ln0' <Predicate = true> <Delay = 0.00>
ST_1 : Operation 6 [1/1] (0.00ns)   --->   "%specinterface_ln0 = specinterface void @_ssdm_op_SpecInterface, i1024 %rx_ip2udpFifo, void @empty_5, i32 0, i32 0, void @empty, i32 0, i32 0, void @empty, void @empty, void @empty, i32 0, i32 0, i32 0, i32 0, void @empty, void @empty, i32 4294967295, i32 0"   --->   Operation 6 'specinterface' 'specinterface_ln0' <Predicate = true> <Delay = 0.00>
ST_1 : Operation 7 [1/1] (0.00ns)   --->   "%specinterface_ln0 = specinterface void @_ssdm_op_SpecInterface, i1024 %rx_ip2udpFifo, void @empty_5, i32 0, i32 0, void @empty, i32 0, i32 0, void @empty, void @empty, void @empty, i32 0, i32 0, i32 0, i32 0, void @empty, void @empty, i32 4294967295, i32 0"   --->   Operation 7 'specinterface' 'specinterface_ln0' <Predicate = true> <Delay = 0.00>
ST_1 : Operation 8 [1/1] (0.00ns)   --->   "%specinterface_ln0 = specinterface void @_ssdm_op_SpecInterface, i1024 %rx_udp2shiftFifo, void @empty_5, i32 0, i32 0, void @empty, i32 0, i32 0, void @empty, void @empty, void @empty, i32 0, i32 0, i32 0, i32 0, void @empty, void @empty, i32 4294967295, i32 0"   --->   Operation 8 'specinterface' 'specinterface_ln0' <Predicate = true> <Delay = 0.00>
ST_1 : Operation 9 [1/1] (0.00ns)   --->   "%specinterface_ln0 = specinterface void @_ssdm_op_SpecInterface, i1024 %rx_udp2shiftFifo, void @empty_5, i32 0, i32 0, void @empty, i32 0, i32 0, void @empty, void @empty, void @empty, i32 0, i32 0, i32 0, i32 0, void @empty, void @empty, i32 4294967295, i32 0"   --->   Operation 9 'specinterface' 'specinterface_ln0' <Predicate = true> <Delay = 0.00>
ST_1 : Operation 10 [1/1] (0.00ns)   --->   "%specinterface_ln0 = specinterface void @_ssdm_op_SpecInterface, i1024 %rx_udp2shiftFifo, void @empty_5, i32 0, i32 0, void @empty, i32 0, i32 0, void @empty, void @empty, void @empty, i32 0, i32 0, i32 0, i32 0, void @empty, void @empty, i32 4294967295, i32 0"   --->   Operation 10 'specinterface' 'specinterface_ln0' <Predicate = true> <Delay = 0.00>
ST_1 : Operation 11 [1/1] (0.00ns)   --->   "%specinterface_ln0 = specinterface void @_ssdm_op_SpecInterface, i64 %rx_udpMetaFifo, void @empty_5, i32 0, i32 0, void @empty, i32 0, i32 0, void @empty, void @empty, void @empty, i32 0, i32 0, i32 0, i32 0, void @empty, void @empty, i32 4294967295, i32 0"   --->   Operation 11 'specinterface' 'specinterface_ln0' <Predicate = true> <Delay = 0.00>
ST_1 : Operation 12 [1/1] (0.00ns)   --->   "%specinterface_ln0 = specinterface void @_ssdm_op_SpecInterface, i64 %rx_udpMetaFifo, void @empty_5, i32 0, i32 0, void @empty, i32 0, i32 0, void @empty, void @empty, void @empty, i32 0, i32 0, i32 0, i32 0, void @empty, void @empty, i32 4294967295, i32 0"   --->   Operation 12 'specinterface' 'specinterface_ln0' <Predicate = true> <Delay = 0.00>
ST_1 : Operation 13 [1/1] (0.00ns)   --->   "%specinterface_ln0 = specinterface void @_ssdm_op_SpecInterface, i64 %rx_udpMetaFifo, void @empty_5, i32 0, i32 0, void @empty, i32 0, i32 0, void @empty, void @empty, void @empty, i32 0, i32 0, i32 0, i32 0, void @empty, void @empty, i32 4294967295, i32 0"   --->   Operation 13 'specinterface' 'specinterface_ln0' <Predicate = true> <Delay = 0.00>
ST_1 : Operation 14 [1/1] (0.00ns)   --->   "%specinterface_ln0 = specinterface void @_ssdm_op_SpecInterface, i64 %rx_udpMetaFifo, void @empty_5, i32 0, i32 0, void @empty, i32 0, i32 0, void @empty, void @empty, void @empty, i32 0, i32 0, i32 0, i32 0, void @empty, void @empty, i32 4294967295, i32 0"   --->   Operation 14 'specinterface' 'specinterface_ln0' <Predicate = true> <Delay = 0.00>
ST_1 : Operation 15 [1/1] (0.00ns)   --->   "%specinterface_ln0 = specinterface void @_ssdm_op_SpecInterface, i1024 %rx_udp2shiftFifo, void @empty_5, i32 0, i32 0, void @empty, i32 0, i32 0, void @empty, void @empty, void @empty, i32 0, i32 0, i32 0, i32 0, void @empty, void @empty, i32 4294967295, i32 0"   --->   Operation 15 'specinterface' 'specinterface_ln0' <Predicate = true> <Delay = 0.00>
ST_1 : Operation 16 [1/1] (0.00ns)   --->   "%specinterface_ln0 = specinterface void @_ssdm_op_SpecInterface, i1024 %rx_ip2udpFifo, void @empty_5, i32 0, i32 0, void @empty, i32 0, i32 0, void @empty, void @empty, void @empty, i32 0, i32 0, i32 0, i32 0, void @empty, void @empty, i32 4294967295, i32 0"   --->   Operation 16 'specinterface' 'specinterface_ln0' <Predicate = true> <Delay = 0.00>
ST_1 : Operation 17 [1/1] (0.00ns)   --->   "%specpipeline_ln31 = specpipeline void @_ssdm_op_SpecPipeline, i32 1, i32 0, i32 0, i32 0, void @empty" [/mnt/scratch/pyuvaraj/Vitis_RoCE_W/Vitis_RoCE/fpga-network-stack/hls/rocev2/../udp/udp.cpp:31]   --->   Operation 17 'specpipeline' 'specpipeline_ln31' <Predicate = true> <Delay = 0.00>
ST_1 : Operation 18 [1/1] (0.00ns)   --->   "%tmp_i = nbreadreq i1 @_ssdm_op_NbReadReq.ap_fifo.i1024P0A, i1024 %rx_ip2udpFifo, i32 1" [/tools/Xilinx/Vitis_HLS/2022.1/common/technology/autopilot/hls_stream_39.h:136]   --->   Operation 18 'nbreadreq' 'tmp_i' <Predicate = true> <Delay = 0.00> <CoreInst = "FIFO_SRL">   --->   Core 81 'FIFO_SRL' <Latency = 0> <II = 1> <Delay = 1.33> <Storage> <Opcode : 'read' 'write' 'nbread' 'nbwrite'> <Ports = 0> <Width = 1024> <Depth = 2> <FIFO>
ST_1 : Operation 19 [1/1] (0.00ns)   --->   "%br_ln43 = br i1 %tmp_i, void %process_udp<512>14.exit, void %if.then.i" [/mnt/scratch/pyuvaraj/Vitis_RoCE_W/Vitis_RoCE/fpga-network-stack/hls/rocev2/../udp/udp.cpp:43]   --->   Operation 19 'br' 'br_ln43' <Predicate = true> <Delay = 0.00>
ST_1 : Operation 20 [1/1] (1.16ns)   --->   "%rx_ip2udpFifo_read = read i1024 @_ssdm_op_Read.ap_fifo.volatile.i1024P0A, i1024 %rx_ip2udpFifo" [/tools/Xilinx/Vitis_HLS/2022.1/common/technology/autopilot/hls_stream_39.h:145]   --->   Operation 20 'read' 'rx_ip2udpFifo_read' <Predicate = (tmp_i)> <Delay = 1.16> <CoreInst = "FIFO_SRL">   --->   Core 81 'FIFO_SRL' <Latency = 0> <II = 1> <Delay = 1.33> <Storage> <Opcode : 'read' 'write' 'nbread' 'nbwrite'> <Ports = 0> <Width = 1024> <Depth = 2> <FIFO>
ST_1 : Operation 21 [1/1] (0.00ns)   --->   "%currWord_last_V = bitselect i1 @_ssdm_op_BitSelect.i1.i1024.i1024, i1024 %rx_ip2udpFifo_read, i1024 576" [/tools/Xilinx/Vitis_HLS/2022.1/common/technology/autopilot/hls_stream_39.h:145]   --->   Operation 21 'bitselect' 'currWord_last_V' <Predicate = (tmp_i)> <Delay = 0.00>
ST_1 : Operation 22 [1/1] (0.00ns)   --->   "%br_ln78 = br void %process_udp<512>14.exit" [/mnt/scratch/pyuvaraj/Vitis_RoCE_W/Vitis_RoCE/fpga-network-stack/hls/rocev2/../udp/udp.cpp:78]   --->   Operation 22 'br' 'br_ln78' <Predicate = (tmp_i)> <Delay = 0.00>

State 2 <SV = 1> <Delay = 1.82>
ST_2 : Operation 23 [1/1] (0.00ns)   --->   "%pu_header_ready_load = load i1 %pu_header_ready" [/mnt/scratch/pyuvaraj/Vitis_RoCE_W/Vitis_RoCE/fpga-network-stack/hls/rocev2/../udp/../packet.hpp:55]   --->   Operation 23 'load' 'pu_header_ready_load' <Predicate = (tmp_i)> <Delay = 0.00>
ST_2 : Operation 24 [1/1] (0.00ns)   --->   "%pu_header_idx_load = load i16 %pu_header_idx" [/mnt/scratch/pyuvaraj/Vitis_RoCE_W/Vitis_RoCE/fpga-network-stack/hls/rocev2/../udp/../packet.hpp:58]   --->   Operation 24 'load' 'pu_header_idx_load' <Predicate = (tmp_i)> <Delay = 0.00>
ST_2 : Operation 25 [1/1] (0.00ns)   --->   "%p_Val2_s = load i64 %pu_header_header_V"   --->   Operation 25 'load' 'p_Val2_s' <Predicate = (tmp_i)> <Delay = 0.00>
ST_2 : Operation 26 [1/1] (0.38ns)   --->   "%br_ln55 = br i1 %pu_header_ready_load, void %if.end.i.i, void %if.then5.i" [/mnt/scratch/pyuvaraj/Vitis_RoCE_W/Vitis_RoCE/fpga-network-stack/hls/rocev2/../udp/../packet.hpp:55]   --->   Operation 26 'br' 'br_ln55' <Predicate = (tmp_i)> <Delay = 0.38>
ST_2 : Operation 27 [1/1] (0.00ns)   --->   "%tmp_28 = trunc i1024 %rx_ip2udpFifo_read"   --->   Operation 27 'trunc' 'tmp_28' <Predicate = (tmp_i & !pu_header_ready_load)> <Delay = 0.00>
ST_2 : Operation 28 [1/1] (0.78ns)   --->   "%add_ln67 = add i16 %pu_header_idx_load, i16 1" [/mnt/scratch/pyuvaraj/Vitis_RoCE_W/Vitis_RoCE/fpga-network-stack/hls/rocev2/../udp/../packet.hpp:67]   --->   Operation 28 'add' 'add_ln67' <Predicate = (tmp_i & !pu_header_ready_load & !currWord_last_V)> <Delay = 0.78> <CoreInst = "Adder">   --->   Core 1 'Adder' <Latency = 0> <II = 1> <Delay = 0.78> <FuncUnit> <Opcode : 'add' 'sub'> <InPorts = 2> <OutPorts = 1>
ST_2 : Operation 29 [1/1] (0.00ns)   --->   "%tmp_26 = bitconcatenate i19 @_ssdm_op_BitConcatenate.i19.i16.i3, i16 %pu_header_idx_load, i3 0"   --->   Operation 29 'bitconcatenate' 'tmp_26' <Predicate = (tmp_i & !pu_header_ready_load)> <Delay = 0.00>
ST_2 : Operation 30 [1/1] (0.00ns)   --->   "%zext_ln414 = zext i19 %tmp_26"   --->   Operation 30 'zext' 'zext_ln414' <Predicate = (tmp_i & !pu_header_ready_load)> <Delay = 0.00>
ST_2 : Operation 31 [1/1] (0.71ns)   --->   "%icmp_ln414 = icmp_ne  i26 %zext_ln414, i26 0"   --->   Operation 31 'icmp' 'icmp_ln414' <Predicate = (tmp_i & !pu_header_ready_load)> <Delay = 0.71> <CoreInst = "Cmp">   --->   Core 9 'Cmp' <Latency = 0> <II = 1> <Delay = 0.71> <FuncUnit> <Opcode : 'icmp'> <InPorts = 2> <OutPorts = 1>
ST_2 : Operation 32 [1/1] (0.00ns) (grouped into LUT with out node and_ln414_5)   --->   "%trunc_ln414 = trunc i1024 %rx_ip2udpFifo_read"   --->   Operation 32 'trunc' 'trunc_ln414' <Predicate = (tmp_i & !pu_header_ready_load)> <Delay = 0.00>
ST_2 : Operation 33 [1/1] (0.00ns) (grouped into LUT with out node and_ln414_5)   --->   "%st = bitconcatenate i64 @_ssdm_op_BitConcatenate.i64.i1.i63, i1 %trunc_ln414, i63 0"   --->   Operation 33 'bitconcatenate' 'st' <Predicate = (tmp_i & !pu_header_ready_load)> <Delay = 0.00>
ST_2 : Operation 34 [1/1] (0.00ns) (grouped into LUT with out node and_ln414_5)   --->   "%select_ln414 = select i1 %icmp_ln414, i64 %st, i64 %tmp_28"   --->   Operation 34 'select' 'select_ln414' <Predicate = (tmp_i & !pu_header_ready_load)> <Delay = 0.00> <CoreInst = "Sel">   --->   Core 73 'Sel' <Latency = 0> <II = 1> <Delay = 0.41> <FuncUnit> <Opcode : 'select'> <InPorts = 3> <OutPorts = 1>
ST_2 : Operation 35 [1/1] (0.00ns) (grouped into LUT with out node and_ln414_5)   --->   "%tmp_27 = partselect i64 @llvm.part.select.i64, i64 %select_ln414, i32 63, i32 0"   --->   Operation 35 'partselect' 'tmp_27' <Predicate = (tmp_i & !pu_header_ready_load)> <Delay = 0.00>
ST_2 : Operation 36 [1/1] (0.00ns) (grouped into LUT with out node and_ln414_5)   --->   "%select_ln414_11 = select i1 %icmp_ln414, i64 %tmp_27, i64 %tmp_28"   --->   Operation 36 'select' 'select_ln414_11' <Predicate = (tmp_i & !pu_header_ready_load)> <Delay = 0.00> <CoreInst = "Sel">   --->   Core 73 'Sel' <Latency = 0> <II = 1> <Delay = 0.41> <FuncUnit> <Opcode : 'select'> <InPorts = 3> <OutPorts = 1>
ST_2 : Operation 37 [1/1] (0.00ns) (grouped into LUT with out node or_ln414)   --->   "%select_ln414_12 = select i1 %icmp_ln414, i64 9223372036854775807, i64 0"   --->   Operation 37 'select' 'select_ln414_12' <Predicate = (tmp_i & !pu_header_ready_load)> <Delay = 0.00> <CoreInst = "Sel">   --->   Core 73 'Sel' <Latency = 0> <II = 1> <Delay = 0.41> <FuncUnit> <Opcode : 'select'> <InPorts = 3> <OutPorts = 1>
ST_2 : Operation 38 [1/1] (0.00ns) (grouped into LUT with out node or_ln414)   --->   "%select_ln414_13 = select i1 %icmp_ln414, i64 18446744073709551614, i64 0"   --->   Operation 38 'select' 'select_ln414_13' <Predicate = (tmp_i & !pu_header_ready_load)> <Delay = 0.00> <CoreInst = "Sel">   --->   Core 73 'Sel' <Latency = 0> <II = 1> <Delay = 0.27> <FuncUnit> <Opcode : 'select'> <InPorts = 3> <OutPorts = 1>
ST_2 : Operation 39 [1/1] (0.41ns) (out node of the LUT)   --->   "%or_ln414 = or i64 %select_ln414_12, i64 %select_ln414_13"   --->   Operation 39 'or' 'or_ln414' <Predicate = (tmp_i & !pu_header_ready_load)> <Delay = 0.41> <CoreInst = "LogicGate">   --->   Core 74 'LogicGate' <Latency = 0> <II = 1> <Delay = 0.28> <FuncUnit> <Opcode : 'and' 'or' 'xor'> <InPorts = 2> <OutPorts = 1>
ST_2 : Operation 40 [1/1] (0.00ns) (grouped into LUT with out node and_ln414_5)   --->   "%xor_ln414 = xor i64 %or_ln414, i64 18446744073709551615"   --->   Operation 40 'xor' 'xor_ln414' <Predicate = (tmp_i & !pu_header_ready_load)> <Delay = 0.00> <CoreInst = "LogicGate">   --->   Core 74 'LogicGate' <Latency = 0> <II = 1> <Delay = 0.28> <FuncUnit> <Opcode : 'and' 'or' 'xor'> <InPorts = 2> <OutPorts = 1>
ST_2 : Operation 41 [1/1] (0.00ns) (grouped into LUT with out node p_Result_s)   --->   "%and_ln414 = and i64 %p_Val2_s, i64 %or_ln414"   --->   Operation 41 'and' 'and_ln414' <Predicate = (tmp_i & !pu_header_ready_load)> <Delay = 0.00> <CoreInst = "LogicGate">   --->   Core 74 'LogicGate' <Latency = 0> <II = 1> <Delay = 0.28> <FuncUnit> <Opcode : 'and' 'or' 'xor'> <InPorts = 2> <OutPorts = 1>
ST_2 : Operation 42 [1/1] (0.41ns) (out node of the LUT)   --->   "%and_ln414_5 = and i64 %select_ln414_11, i64 %xor_ln414"   --->   Operation 42 'and' 'and_ln414_5' <Predicate = (tmp_i & !pu_header_ready_load)> <Delay = 0.41> <CoreInst = "LogicGate">   --->   Core 74 'LogicGate' <Latency = 0> <II = 1> <Delay = 0.28> <FuncUnit> <Opcode : 'and' 'or' 'xor'> <InPorts = 2> <OutPorts = 1>
ST_2 : Operation 43 [1/1] (0.28ns) (out node of the LUT)   --->   "%p_Result_s = or i64 %and_ln414, i64 %and_ln414_5"   --->   Operation 43 'or' 'p_Result_s' <Predicate = (tmp_i & !pu_header_ready_load)> <Delay = 0.28> <CoreInst = "LogicGate">   --->   Core 74 'LogicGate' <Latency = 0> <II = 1> <Delay = 0.28> <FuncUnit> <Opcode : 'and' 'or' 'xor'> <InPorts = 2> <OutPorts = 1>
ST_2 : Operation 44 [1/1] (0.00ns)   --->   "%store_ln414 = store i64 %p_Result_s, i64 %pu_header_header_V"   --->   Operation 44 'store' 'store_ln414' <Predicate = (tmp_i & !pu_header_ready_load)> <Delay = 0.00>
ST_2 : Operation 45 [1/1] (0.38ns)   --->   "%br_ln0 = br void %if.then5.i"   --->   Operation 45 'br' 'br_ln0' <Predicate = (tmp_i & !pu_header_ready_load)> <Delay = 0.38>
ST_2 : Operation 46 [1/1] (0.00ns)   --->   "%pu_header_ready_flag_0_i = phi i1 0, void %if.then.i, i1 1, void %if.end.i.i"   --->   Operation 46 'phi' 'pu_header_ready_flag_0_i' <Predicate = (tmp_i)> <Delay = 0.00>
ST_2 : Operation 47 [1/1] (0.00ns)   --->   "%pu_header_idx_new_0_i = phi i16 0, void %if.then.i, i16 %add_ln67, void %if.end.i.i" [/mnt/scratch/pyuvaraj/Vitis_RoCE_W/Vitis_RoCE/fpga-network-stack/hls/rocev2/../udp/../packet.hpp:67]   --->   Operation 47 'phi' 'pu_header_idx_new_0_i' <Predicate = (tmp_i & !currWord_last_V)> <Delay = 0.00>
ST_2 : Operation 48 [1/1] (0.00ns)   --->   "%metaWritten_2_load = load i1 %metaWritten_2" [/mnt/scratch/pyuvaraj/Vitis_RoCE_W/Vitis_RoCE/fpga-network-stack/hls/rocev2/../udp/udp.cpp:66]   --->   Operation 48 'load' 'metaWritten_2_load' <Predicate = (tmp_i)> <Delay = 0.00>
ST_2 : Operation 49 [1/1] (0.38ns)   --->   "%br_ln66 = br i1 %metaWritten_2_load, void %if.then9.i, void %if.end18.i" [/mnt/scratch/pyuvaraj/Vitis_RoCE_W/Vitis_RoCE/fpga-network-stack/hls/rocev2/../udp/udp.cpp:66]   --->   Operation 49 'br' 'br_ln66' <Predicate = (tmp_i)> <Delay = 0.38>
ST_2 : Operation 50 [1/1] (0.38ns)   --->   "%br_ln71 = br void %if.end18.i" [/mnt/scratch/pyuvaraj/Vitis_RoCE_W/Vitis_RoCE/fpga-network-stack/hls/rocev2/../udp/udp.cpp:71]   --->   Operation 50 'br' 'br_ln71' <Predicate = (tmp_i & !metaWritten_2_load)> <Delay = 0.38>
ST_2 : Operation 51 [1/1] (0.00ns) (grouped into LUT with out node or_ln73_1)   --->   "%metaWritten_6_flag_0_i = phi i1 0, void %if.end8.i, i1 1, void %if.then9.i"   --->   Operation 51 'phi' 'metaWritten_6_flag_0_i' <Predicate = (tmp_i)> <Delay = 0.00>
ST_2 : Operation 52 [1/1] (0.12ns)   --->   "%or_ln73 = or i1 %currWord_last_V, i1 %pu_header_ready_flag_0_i" [/mnt/scratch/pyuvaraj/Vitis_RoCE_W/Vitis_RoCE/fpga-network-stack/hls/rocev2/../udp/udp.cpp:73]   --->   Operation 52 'or' 'or_ln73' <Predicate = (tmp_i)> <Delay = 0.12> <CoreInst = "LogicGate">   --->   Core 74 'LogicGate' <Latency = 0> <II = 1> <Delay = 0.12> <FuncUnit> <Opcode : 'and' 'or' 'xor'> <InPorts = 2> <OutPorts = 1>
ST_2 : Operation 53 [1/1] (0.12ns)   --->   "%xor_ln73 = xor i1 %currWord_last_V, i1 1" [/mnt/scratch/pyuvaraj/Vitis_RoCE_W/Vitis_RoCE/fpga-network-stack/hls/rocev2/../udp/udp.cpp:73]   --->   Operation 53 'xor' 'xor_ln73' <Predicate = (tmp_i)> <Delay = 0.12> <CoreInst = "LogicGate">   --->   Core 74 'LogicGate' <Latency = 0> <II = 1> <Delay = 0.12> <FuncUnit> <Opcode : 'and' 'or' 'xor'> <InPorts = 2> <OutPorts = 1>
ST_2 : Operation 54 [1/1] (0.24ns)   --->   "%select_ln73 = select i1 %currWord_last_V, i16 0, i16 %pu_header_idx_new_0_i" [/mnt/scratch/pyuvaraj/Vitis_RoCE_W/Vitis_RoCE/fpga-network-stack/hls/rocev2/../udp/udp.cpp:73]   --->   Operation 54 'select' 'select_ln73' <Predicate = (tmp_i)> <Delay = 0.24> <CoreInst = "Sel">   --->   Core 73 'Sel' <Latency = 0> <II = 1> <Delay = 0.24> <FuncUnit> <Opcode : 'select'> <InPorts = 3> <OutPorts = 1>
ST_2 : Operation 55 [1/1] (0.12ns) (out node of the LUT)   --->   "%or_ln73_1 = or i1 %currWord_last_V, i1 %metaWritten_6_flag_0_i" [/mnt/scratch/pyuvaraj/Vitis_RoCE_W/Vitis_RoCE/fpga-network-stack/hls/rocev2/../udp/udp.cpp:73]   --->   Operation 55 'or' 'or_ln73_1' <Predicate = (tmp_i)> <Delay = 0.12> <CoreInst = "LogicGate">   --->   Core 74 'LogicGate' <Latency = 0> <II = 1> <Delay = 0.12> <FuncUnit> <Opcode : 'and' 'or' 'xor'> <InPorts = 2> <OutPorts = 1>
ST_2 : Operation 56 [1/1] (0.00ns)   --->   "%br_ln73 = br i1 %or_ln73_1, void %if.end21.new4.i, void %mergeST3.i" [/mnt/scratch/pyuvaraj/Vitis_RoCE_W/Vitis_RoCE/fpga-network-stack/hls/rocev2/../udp/udp.cpp:73]   --->   Operation 56 'br' 'br_ln73' <Predicate = (tmp_i)> <Delay = 0.00>
ST_2 : Operation 57 [1/1] (0.00ns)   --->   "%store_ln70 = store i1 %xor_ln73, i1 %metaWritten_2" [/mnt/scratch/pyuvaraj/Vitis_RoCE_W/Vitis_RoCE/fpga-network-stack/hls/rocev2/../udp/udp.cpp:70]   --->   Operation 57 'store' 'store_ln70' <Predicate = (tmp_i & or_ln73_1)> <Delay = 0.00>
ST_2 : Operation 58 [1/1] (0.00ns)   --->   "%br_ln0 = br void %if.end21.new4.i"   --->   Operation 58 'br' 'br_ln0' <Predicate = (tmp_i & or_ln73_1)> <Delay = 0.00>
ST_2 : Operation 59 [1/1] (0.00ns)   --->   "%br_ln73 = br i1 %or_ln73, void %if.end21.new.i, void %mergeST1.i" [/mnt/scratch/pyuvaraj/Vitis_RoCE_W/Vitis_RoCE/fpga-network-stack/hls/rocev2/../udp/udp.cpp:73]   --->   Operation 59 'br' 'br_ln73' <Predicate = (tmp_i)> <Delay = 0.00>
ST_2 : Operation 60 [1/1] (0.00ns)   --->   "%store_ln67 = store i16 %select_ln73, i16 %pu_header_idx" [/mnt/scratch/pyuvaraj/Vitis_RoCE_W/Vitis_RoCE/fpga-network-stack/hls/rocev2/../udp/../packet.hpp:67]   --->   Operation 60 'store' 'store_ln67' <Predicate = (tmp_i & or_ln73)> <Delay = 0.00>
ST_2 : Operation 61 [1/1] (0.00ns)   --->   "%store_ln65 = store i1 %xor_ln73, i1 %pu_header_ready" [/mnt/scratch/pyuvaraj/Vitis_RoCE_W/Vitis_RoCE/fpga-network-stack/hls/rocev2/../udp/../packet.hpp:65]   --->   Operation 61 'store' 'store_ln65' <Predicate = (tmp_i & or_ln73)> <Delay = 0.00>
ST_2 : Operation 62 [1/1] (0.00ns)   --->   "%br_ln0 = br void %if.end21.new.i"   --->   Operation 62 'br' 'br_ln0' <Predicate = (tmp_i & or_ln73)> <Delay = 0.00>

State 3 <SV = 2> <Delay = 1.84>
ST_3 : Operation 63 [1/1] (0.00ns)   --->   "%p_Val2_20_in_i_in_in = phi i64 %p_Val2_s, void %if.then.i, i64 %p_Result_s, void %if.end.i.i"   --->   Operation 63 'phi' 'p_Val2_20_in_i_in_in' <Predicate = (tmp_i)> <Delay = 0.00>
ST_3 : Operation 64 [1/1] (0.00ns)   --->   "%tmp_i_219 = partselect i8 @_ssdm_op_PartSelect.i8.i64.i32.i32, i64 %p_Val2_20_in_i_in_in, i32 24, i32 31"   --->   Operation 64 'partselect' 'tmp_i_219' <Predicate = (tmp_i)> <Delay = 0.00>
ST_3 : Operation 65 [1/1] (0.00ns)   --->   "%tmp_118_i = partselect i8 @_ssdm_op_PartSelect.i8.i64.i32.i32, i64 %p_Val2_20_in_i_in_in, i32 16, i32 23"   --->   Operation 65 'partselect' 'tmp_118_i' <Predicate = (tmp_i)> <Delay = 0.00>
ST_3 : Operation 66 [1/1] (0.00ns)   --->   "%p_Result_11 = bitconcatenate i16 @_ssdm_op_BitConcatenate.i16.i8.i8, i8 %tmp_118_i, i8 %tmp_i_219"   --->   Operation 66 'bitconcatenate' 'p_Result_11' <Predicate = (tmp_i)> <Delay = 0.00>
ST_3 : Operation 67 [1/1] (0.67ns)   --->   "%icmp_ln1065 = icmp_eq  i16 %p_Result_11, i16 4791"   --->   Operation 67 'icmp' 'icmp_ln1065' <Predicate = (tmp_i)> <Delay = 0.67> <CoreInst = "Cmp">   --->   Core 9 'Cmp' <Latency = 0> <II = 1> <Delay = 0.67> <FuncUnit> <Opcode : 'icmp'> <InPorts = 2> <OutPorts = 1>
ST_3 : Operation 68 [1/1] (0.00ns)   --->   "%br_ln62 = br i1 %icmp_ln1065, void %if.end8.i, void %if.then7.i" [/mnt/scratch/pyuvaraj/Vitis_RoCE_W/Vitis_RoCE/fpga-network-stack/hls/rocev2/../udp/udp.cpp:62]   --->   Operation 68 'br' 'br_ln62' <Predicate = (tmp_i)> <Delay = 0.00>
ST_3 : Operation 69 [1/1] (0.00ns)   --->   "%tmp_119_i = partselect i8 @_ssdm_op_PartSelect.i8.i64.i32.i32, i64 %p_Val2_20_in_i_in_in, i32 8, i32 15"   --->   Operation 69 'partselect' 'tmp_119_i' <Predicate = (tmp_i & !metaWritten_2_load)> <Delay = 0.00>
ST_3 : Operation 70 [1/1] (0.00ns)   --->   "%trunc_ln674 = trunc i64 %p_Val2_20_in_i_in_in"   --->   Operation 70 'trunc' 'trunc_ln674' <Predicate = (tmp_i & !metaWritten_2_load)> <Delay = 0.00>
ST_3 : Operation 71 [1/1] (0.00ns)   --->   "%tmp_122_i = partselect i8 @_ssdm_op_PartSelect.i8.i64.i32.i32, i64 %p_Val2_20_in_i_in_in, i32 32, i32 39"   --->   Operation 71 'partselect' 'tmp_122_i' <Predicate = (tmp_i & !metaWritten_2_load)> <Delay = 0.00>
ST_3 : Operation 72 [1/1] (0.00ns)   --->   "%tmp = partselect i8 @_ssdm_op_PartSelect.i8.i64.i32.i32, i64 %p_Val2_20_in_i_in_in, i32 40, i32 47" [/tools/Xilinx/Vitis_HLS/2022.1/common/technology/autopilot/hls_stream_39.h:174]   --->   Operation 72 'partselect' 'tmp' <Predicate = (tmp_i & !metaWritten_2_load)> <Delay = 0.00>
ST_3 : Operation 73 [1/1] (0.00ns)   --->   "%tmp_s = bitconcatenate i49 @_ssdm_op_BitConcatenate.i49.i1.i8.i8.i8.i8.i8.i8, i1 %icmp_ln1065, i8 %tmp_122_i, i8 %tmp, i8 %tmp_118_i, i8 %tmp_i_219, i8 %trunc_ln674, i8 %tmp_119_i" [/tools/Xilinx/Vitis_HLS/2022.1/common/technology/autopilot/hls_stream_39.h:174]   --->   Operation 73 'bitconcatenate' 'tmp_s' <Predicate = (tmp_i & !metaWritten_2_load)> <Delay = 0.00>
ST_3 : Operation 74 [1/1] (0.00ns)   --->   "%zext_ln174 = zext i49 %tmp_s" [/tools/Xilinx/Vitis_HLS/2022.1/common/technology/autopilot/hls_stream_39.h:174]   --->   Operation 74 'zext' 'zext_ln174' <Predicate = (tmp_i & !metaWritten_2_load)> <Delay = 0.00>
ST_3 : Operation 75 [1/1] (1.16ns)   --->   "%write_ln174 = write void @_ssdm_op_Write.ap_fifo.volatile.i64P0A, i64 %rx_udpMetaFifo, i64 %zext_ln174" [/tools/Xilinx/Vitis_HLS/2022.1/common/technology/autopilot/hls_stream_39.h:174]   --->   Operation 75 'write' 'write_ln174' <Predicate = (tmp_i & !metaWritten_2_load)> <Delay = 1.16> <CoreInst = "FIFO_SRL">   --->   Core 81 'FIFO_SRL' <Latency = 0> <II = 1> <Delay = 1.40> <Storage> <Opcode : 'read' 'write' 'nbread' 'nbwrite'> <Ports = 0> <Width = 64> <Depth = 2> <FIFO>

State 4 <SV = 3> <Delay = 1.16>
ST_4 : Operation 76 [1/1] (1.16ns)   --->   "%write_ln174 = write void @_ssdm_op_Write.ap_fifo.volatile.i1024P0A, i1024 %rx_udp2shiftFifo, i1024 %rx_ip2udpFifo_read" [/tools/Xilinx/Vitis_HLS/2022.1/common/technology/autopilot/hls_stream_39.h:174]   --->   Operation 76 'write' 'write_ln174' <Predicate = (tmp_i & icmp_ln1065)> <Delay = 1.16> <CoreInst = "FIFO_SRL">   --->   Core 81 'FIFO_SRL' <Latency = 0> <II = 1> <Delay = 1.33> <Storage> <Opcode : 'read' 'write' 'nbread' 'nbwrite'> <Ports = 0> <Width = 1024> <Depth = 2> <FIFO>
ST_4 : Operation 77 [1/1] (0.00ns)   --->   "%br_ln65 = br void %if.end8.i" [/mnt/scratch/pyuvaraj/Vitis_RoCE_W/Vitis_RoCE/fpga-network-stack/hls/rocev2/../udp/udp.cpp:65]   --->   Operation 77 'br' 'br_ln65' <Predicate = (tmp_i & icmp_ln1065)> <Delay = 0.00>
ST_4 : Operation 78 [1/1] (0.00ns)   --->   "%ret_ln0 = ret"   --->   Operation 78 'ret' 'ret_ln0' <Predicate = true> <Delay = 0.00>


============================================================
+ Verbose Summary: Timing violations
============================================================
Target clock period: 3.2ns, clock uncertainty: 0.864ns.

 <State 1>: 1.17ns
The critical path consists of the following:
	fifo read operation ('rx_ip2udpFifo_read', /tools/Xilinx/Vitis_HLS/2022.1/common/technology/autopilot/hls_stream_39.h:145) on port 'rx_ip2udpFifo' (/tools/Xilinx/Vitis_HLS/2022.1/common/technology/autopilot/hls_stream_39.h:145) [24]  (1.17 ns)

 <State 2>: 1.82ns
The critical path consists of the following:
	'load' operation ('pu_header_idx_load', /mnt/scratch/pyuvaraj/Vitis_RoCE_W/Vitis_RoCE/fpga-network-stack/hls/rocev2/../udp/../packet.hpp:58) on static variable 'pu_header_idx' [27]  (0 ns)
	'icmp' operation ('icmp_ln414') [35]  (0.71 ns)
	'select' operation ('select_ln414_13') [42]  (0 ns)
	'or' operation ('or_ln414') [43]  (0.411 ns)
	'xor' operation ('xor_ln414') [44]  (0 ns)
	'and' operation ('and_ln414_5') [46]  (0.411 ns)
	'or' operation ('__Result__') [47]  (0.289 ns)

 <State 3>: 1.84ns
The critical path consists of the following:
	'phi' operation ('__Result__') with incoming values : ('__Val2__') ('__Result__') [53]  (0 ns)
	'icmp' operation ('icmp_ln1065') [57]  (0.676 ns)
	fifo write operation ('write_ln174', /tools/Xilinx/Vitis_HLS/2022.1/common/technology/autopilot/hls_stream_39.h:174) on port 'rx_udpMetaFifo' (/tools/Xilinx/Vitis_HLS/2022.1/common/technology/autopilot/hls_stream_39.h:174) [72]  (1.17 ns)

 <State 4>: 1.17ns
The critical path consists of the following:
	fifo write operation ('write_ln174', /tools/Xilinx/Vitis_HLS/2022.1/common/technology/autopilot/hls_stream_39.h:174) on port 'rx_udp2shiftFifo' (/tools/Xilinx/Vitis_HLS/2022.1/common/technology/autopilot/hls_stream_39.h:174) [60]  (1.17 ns)


============================================================
+ Verbose Summary: Binding
============================================================
N/A
* FSMD analyzer results:
  - Output states:
 - Input state : 
  - Chain level:
	State 1
	State 2
	State 3
	State 4


============================================================
+ Verbose Summary: Datapath Resource usage 
============================================================
N/A
