

================================================================
== Vitis HLS Report for 'qp_interface'
================================================================
* Date:           Tue Jul 11 09:32:19 2023

* Version:        2022.1 (Build 3526262 on Mon Apr 18 15:47:01 MDT 2022)
* Project:        rocev2_prj
* Solution:       solution1 (Vivado IP Flow Target)
* Product family: virtexuplus
* Target device:  xcu280-fsvh2892-2L-e


================================================================
== Performance Estimates
================================================================
+ Timing: 
    * Summary: 
    +--------+---------+----------+------------+
    |  Clock |  Target | Estimated| Uncertainty|
    +--------+---------+----------+------------+
    |ap_clk  |  3.20 ns|  1.290 ns|     0.86 ns|
    +--------+---------+----------+------------+

+ Latency: 
    * Summary: 
    +---------+---------+----------+----------+-----+-----+---------+
    |  Latency (cycles) |  Latency (absolute) |  Interval | Pipeline|
    |   min   |   max   |    min   |    max   | min | max |   Type  |
    +---------+---------+----------+----------+-----+-----+---------+
    |        1|        1|  3.200 ns|  3.200 ns|    1|    1|      yes|
    +---------+---------+----------+----------+-----+-----+---------+

    + Detail: 
        * Instance: 
        N/A

        * Loop: 
        N/A

============================================================
+ Verbose Summary: Synthesis Manager
============================================================
InlineROM: 1
ExposeGlobal: 0
============================================================
+ Verbose Summary: CDFG Model
============================================================
IsTopModel: 0
ResetActiveHigh: 1
IsCombinational: 2
IsDatapathOnly: 0
HasWiredReturn: 1
HasMFsm: 2
HasVarLatency: 0
IsPipeline: 1
IsRtlPipelined: 1
IsInstanceOverlapped: 0
IsDontTouch: 0
HasImplIP: 0
IsGatedGlobalClock: 0

+ Individual pipeline summary: 
  * Pipeline-0: initiation interval (II) = 1, depth = 2


============================================================
+ Verbose Summary: Schedule
============================================================
* Number of FSM states : 2
* Pipeline : 1
  Pipeline-0 : II = 1, D = 2, States = { 1 2 }
* Dataflow Pipeline: 0

* FSM state transitions: 
1 --> 2 
2 --> 

* FSM state operations: 

State 1 <SV = 0> <Delay = 1.29>
ST_1 : Operation 3 [1/1] (0.00ns)   --->   "%specinterface_ln0 = specinterface void @_ssdm_op_SpecInterface, i64 %if2msnTable_init, void @empty_5, i32 0, i32 0, void @empty, i32 0, i32 0, void @empty, void @empty, void @empty, i32 0, i32 0, i32 0, i32 0, void @empty, void @empty, i32 4294967295, i32 0"   --->   Operation 3 'specinterface' 'specinterface_ln0' <Predicate = true> <Delay = 0.00>
ST_1 : Operation 4 [1/1] (0.00ns)   --->   "%specinterface_ln0 = specinterface void @_ssdm_op_SpecInterface, i64 %if2msnTable_init, void @empty_5, i32 0, i32 0, void @empty, i32 0, i32 0, void @empty, void @empty, void @empty, i32 0, i32 0, i32 0, i32 0, void @empty, void @empty, i32 4294967295, i32 0"   --->   Operation 4 'specinterface' 'specinterface_ln0' <Predicate = true> <Delay = 0.00>
ST_1 : Operation 5 [1/1] (0.00ns)   --->   "%specinterface_ln0 = specinterface void @_ssdm_op_SpecInterface, i64 %if2msnTable_init, void @empty_5, i32 0, i32 0, void @empty, i32 0, i32 0, void @empty, void @empty, void @empty, i32 0, i32 0, i32 0, i32 0, void @empty, void @empty, i32 4294967295, i32 0"   --->   Operation 5 'specinterface' 'specinterface_ln0' <Predicate = true> <Delay = 0.00>
ST_1 : Operation 6 [1/1] (0.00ns)   --->   "%specinterface_ln0 = specinterface void @_ssdm_op_SpecInterface, i160 %qpi2stateTable_upd_req, void @empty_5, i32 0, i32 0, void @empty, i32 0, i32 0, void @empty, void @empty, void @empty, i32 0, i32 0, i32 0, i32 0, void @empty, void @empty, i32 4294967295, i32 0"   --->   Operation 6 'specinterface' 'specinterface_ln0' <Predicate = true> <Delay = 0.00>
ST_1 : Operation 7 [1/1] (0.00ns)   --->   "%specinterface_ln0 = specinterface void @_ssdm_op_SpecInterface, i160 %qpi2stateTable_upd_req, void @empty_5, i32 0, i32 0, void @empty, i32 0, i32 0, void @empty, void @empty, void @empty, i32 0, i32 0, i32 0, i32 0, void @empty, void @empty, i32 4294967295, i32 0"   --->   Operation 7 'specinterface' 'specinterface_ln0' <Predicate = true> <Delay = 0.00>
ST_1 : Operation 8 [1/1] (0.00ns)   --->   "%specinterface_ln0 = specinterface void @_ssdm_op_SpecInterface, i160 %qpi2stateTable_upd_req, void @empty_5, i32 0, i32 0, void @empty, i32 0, i32 0, void @empty, void @empty, void @empty, i32 0, i32 0, i32 0, i32 0, void @empty, void @empty, i32 4294967295, i32 0"   --->   Operation 8 'specinterface' 'specinterface_ln0' <Predicate = true> <Delay = 0.00>
ST_1 : Operation 9 [1/1] (0.00ns)   --->   "%specinterface_ln0 = specinterface void @_ssdm_op_SpecInterface, i192 %stateTable2qpi_rsp, void @empty_5, i32 0, i32 0, void @empty, i32 0, i32 0, void @empty, void @empty, void @empty, i32 0, i32 0, i32 0, i32 0, void @empty, void @empty, i32 4294967295, i32 0"   --->   Operation 9 'specinterface' 'specinterface_ln0' <Predicate = true> <Delay = 0.00>
ST_1 : Operation 10 [1/1] (0.00ns)   --->   "%specinterface_ln0 = specinterface void @_ssdm_op_SpecInterface, i192 %stateTable2qpi_rsp, void @empty_5, i32 0, i32 0, void @empty, i32 0, i32 0, void @empty, void @empty, void @empty, i32 0, i32 0, i32 0, i32 0, void @empty, void @empty, i32 4294967295, i32 0"   --->   Operation 10 'specinterface' 'specinterface_ln0' <Predicate = true> <Delay = 0.00>
ST_1 : Operation 11 [1/1] (0.00ns)   --->   "%specinterface_ln0 = specinterface void @_ssdm_op_SpecInterface, i192 %stateTable2qpi_rsp, void @empty_5, i32 0, i32 0, void @empty, i32 0, i32 0, void @empty, void @empty, void @empty, i32 0, i32 0, i32 0, i32 0, void @empty, void @empty, i32 4294967295, i32 0"   --->   Operation 11 'specinterface' 'specinterface_ln0' <Predicate = true> <Delay = 0.00>
ST_1 : Operation 12 [1/1] (0.00ns)   --->   "%specinterface_ln0 = specinterface void @_ssdm_op_SpecInterface, i64 %if2msnTable_init, void @empty_5, i32 0, i32 0, void @empty, i32 0, i32 0, void @empty, void @empty, void @empty, i32 0, i32 0, i32 0, i32 0, void @empty, void @empty, i32 4294967295, i32 0"   --->   Operation 12 'specinterface' 'specinterface_ln0' <Predicate = true> <Delay = 0.00>
ST_1 : Operation 13 [1/1] (0.00ns)   --->   "%specinterface_ln0 = specinterface void @_ssdm_op_SpecInterface, i192 %stateTable2qpi_rsp, void @empty_5, i32 0, i32 0, void @empty, i32 0, i32 0, void @empty, void @empty, void @empty, i32 0, i32 0, i32 0, i32 0, void @empty, void @empty, i32 4294967295, i32 0"   --->   Operation 13 'specinterface' 'specinterface_ln0' <Predicate = true> <Delay = 0.00>
ST_1 : Operation 14 [1/1] (0.00ns)   --->   "%specinterface_ln0 = specinterface void @_ssdm_op_SpecInterface, i160 %qpi2stateTable_upd_req, void @empty_5, i32 0, i32 0, void @empty, i32 0, i32 0, void @empty, void @empty, void @empty, i32 0, i32 0, i32 0, i32 0, void @empty, void @empty, i32 4294967295, i32 0"   --->   Operation 14 'specinterface' 'specinterface_ln0' <Predicate = true> <Delay = 0.00>
ST_1 : Operation 15 [1/1] (0.00ns)   --->   "%specinterface_ln0 = specinterface void @_ssdm_op_SpecInterface, i256 %s_axis_qp_interface, void @empty_1, i32 1, i32 1, void @empty_0, i32 0, i32 0, void @empty, void @empty, void @empty, i32 0, i32 0, i32 0, i32 0, void @empty, void @empty, i32 4294967295, i32 0"   --->   Operation 15 'specinterface' 'specinterface_ln0' <Predicate = true> <Delay = 0.00>
ST_1 : Operation 16 [1/1] (0.00ns)   --->   "%specpipeline_ln1868 = specpipeline void @_ssdm_op_SpecPipeline, i32 1, i32 0, i32 0, i32 0, void @empty" [/mnt/scratch/pyuvaraj/Vitis_RoCE_W/Vitis_RoCE/fpga-network-stack/hls/rocev2/../ib_transport_protocol/ib_transport_protocol.cpp:1868]   --->   Operation 16 'specpipeline' 'specpipeline_ln1868' <Predicate = true> <Delay = 0.00>
ST_1 : Operation 17 [1/1] (0.00ns)   --->   "%qp_fsmState_load = load i1 %qp_fsmState"   --->   Operation 17 'load' 'qp_fsmState_load' <Predicate = true> <Delay = 0.00>
ST_1 : Operation 18 [1/1] (0.00ns)   --->   "%br_ln1880 = br i1 %qp_fsmState_load, void %sw.bb.i, void %sw.bb1.i" [/mnt/scratch/pyuvaraj/Vitis_RoCE_W/Vitis_RoCE/fpga-network-stack/hls/rocev2/../ib_transport_protocol/ib_transport_protocol.cpp:1880]   --->   Operation 18 'br' 'br_ln1880' <Predicate = true> <Delay = 0.00>
ST_1 : Operation 19 [1/1] (0.00ns)   --->   "%tmp_i = nbreadreq i1 @_ssdm_op_NbReadReq.axis.i256P128A, i256 %s_axis_qp_interface, i32 1" [/tools/Xilinx/Vitis_HLS/2022.1/common/technology/autopilot/hls_stream_39.h:136]   --->   Operation 19 'nbreadreq' 'tmp_i' <Predicate = (!qp_fsmState_load)> <Delay = 0.00> <CoreInst = "axis">   --->   Core 123 'axis' <Latency = 0> <II = 1> <Delay = 1.00> <Adapter> <Opcode : >
ST_1 : Operation 20 [1/1] (0.00ns)   --->   "%br_ln1883 = br i1 %tmp_i, void %if.end.i, void %if.then.i" [/mnt/scratch/pyuvaraj/Vitis_RoCE_W/Vitis_RoCE/fpga-network-stack/hls/rocev2/../ib_transport_protocol/ib_transport_protocol.cpp:1883]   --->   Operation 20 'br' 'br_ln1883' <Predicate = (!qp_fsmState_load)> <Delay = 0.00>
ST_1 : Operation 21 [1/1] (0.00ns)   --->   "%s_axis_qp_interface_read = read i256 @_ssdm_op_Read.axis.volatile.i256P128A, i256 %s_axis_qp_interface" [/tools/Xilinx/Vitis_HLS/2022.1/common/technology/autopilot/hls_stream_39.h:145]   --->   Operation 21 'read' 's_axis_qp_interface_read' <Predicate = (!qp_fsmState_load & tmp_i)> <Delay = 0.00> <CoreInst = "axis">   --->   Core 123 'axis' <Latency = 0> <II = 1> <Delay = 1.00> <Adapter> <Opcode : >
ST_1 : Operation 22 [1/1] (0.00ns)   --->   "%trunc_ln145 = trunc i256 %s_axis_qp_interface_read" [/tools/Xilinx/Vitis_HLS/2022.1/common/technology/autopilot/hls_stream_39.h:145]   --->   Operation 22 'trunc' 'trunc_ln145' <Predicate = (!qp_fsmState_load & tmp_i)> <Delay = 0.00>
ST_1 : Operation 23 [1/1] (0.00ns)   --->   "%store_ln145 = store i32 %trunc_ln145, i32 %context_newState" [/tools/Xilinx/Vitis_HLS/2022.1/common/technology/autopilot/hls_stream_39.h:145]   --->   Operation 23 'store' 'store_ln145' <Predicate = (!qp_fsmState_load & tmp_i)> <Delay = 0.00>
ST_1 : Operation 24 [1/1] (0.00ns)   --->   "%trunc_ln145_s = partselect i16 @_ssdm_op_PartSelect.i16.i256.i32.i32, i256 %s_axis_qp_interface_read, i32 32, i32 47" [/tools/Xilinx/Vitis_HLS/2022.1/common/technology/autopilot/hls_stream_39.h:145]   --->   Operation 24 'partselect' 'trunc_ln145_s' <Predicate = (!qp_fsmState_load & tmp_i)> <Delay = 0.00>
ST_1 : Operation 25 [1/1] (0.00ns)   --->   "%store_ln145 = store i16 %trunc_ln145_s, i16 %context_qp_num_V" [/tools/Xilinx/Vitis_HLS/2022.1/common/technology/autopilot/hls_stream_39.h:145]   --->   Operation 25 'store' 'store_ln145' <Predicate = (!qp_fsmState_load & tmp_i)> <Delay = 0.00>
ST_1 : Operation 26 [1/1] (0.00ns)   --->   "%tmp_115_i8 = partselect i24 @_ssdm_op_PartSelect.i24.i256.i32.i32, i256 %s_axis_qp_interface_read, i32 64, i32 87" [/tools/Xilinx/Vitis_HLS/2022.1/common/technology/autopilot/hls_stream_39.h:145]   --->   Operation 26 'partselect' 'tmp_115_i8' <Predicate = (!qp_fsmState_load & tmp_i)> <Delay = 0.00>
ST_1 : Operation 27 [1/1] (0.00ns)   --->   "%store_ln145 = store i24 %tmp_115_i8, i24 %context_remote_psn_V" [/tools/Xilinx/Vitis_HLS/2022.1/common/technology/autopilot/hls_stream_39.h:145]   --->   Operation 27 'store' 'store_ln145' <Predicate = (!qp_fsmState_load & tmp_i)> <Delay = 0.00>
ST_1 : Operation 28 [1/1] (0.00ns)   --->   "%tmp_116_i9 = partselect i24 @_ssdm_op_PartSelect.i24.i256.i32.i32, i256 %s_axis_qp_interface_read, i32 96, i32 119" [/tools/Xilinx/Vitis_HLS/2022.1/common/technology/autopilot/hls_stream_39.h:145]   --->   Operation 28 'partselect' 'tmp_116_i9' <Predicate = (!qp_fsmState_load & tmp_i)> <Delay = 0.00>
ST_1 : Operation 29 [1/1] (0.00ns)   --->   "%store_ln145 = store i24 %tmp_116_i9, i24 %context_local_psn_V" [/tools/Xilinx/Vitis_HLS/2022.1/common/technology/autopilot/hls_stream_39.h:145]   --->   Operation 29 'store' 'store_ln145' <Predicate = (!qp_fsmState_load & tmp_i)> <Delay = 0.00>
ST_1 : Operation 30 [1/1] (0.00ns)   --->   "%tmp_117_i = partselect i16 @_ssdm_op_PartSelect.i16.i256.i32.i32, i256 %s_axis_qp_interface_read, i32 128, i32 143" [/tools/Xilinx/Vitis_HLS/2022.1/common/technology/autopilot/hls_stream_39.h:145]   --->   Operation 30 'partselect' 'tmp_117_i' <Predicate = (!qp_fsmState_load & tmp_i)> <Delay = 0.00>
ST_1 : Operation 31 [1/1] (0.00ns)   --->   "%store_ln145 = store i16 %tmp_117_i, i16 %context_r_key_V" [/tools/Xilinx/Vitis_HLS/2022.1/common/technology/autopilot/hls_stream_39.h:145]   --->   Operation 31 'store' 'store_ln145' <Predicate = (!qp_fsmState_load & tmp_i)> <Delay = 0.00>
ST_1 : Operation 32 [1/1] (0.38ns)   --->   "%store_ln0 = store i1 1, i1 %qp_fsmState"   --->   Operation 32 'store' 'store_ln0' <Predicate = (!qp_fsmState_load & tmp_i)> <Delay = 0.38>
ST_1 : Operation 33 [1/1] (0.00ns)   --->   "%br_ln1889 = br void %qp_interface.exit" [/mnt/scratch/pyuvaraj/Vitis_RoCE_W/Vitis_RoCE/fpga-network-stack/hls/rocev2/../ib_transport_protocol/ib_transport_protocol.cpp:1889]   --->   Operation 33 'br' 'br_ln1889' <Predicate = (!qp_fsmState_load)> <Delay = 0.00>
ST_1 : Operation 34 [1/1] (0.00ns)   --->   "%tmp_i_218 = nbreadreq i1 @_ssdm_op_NbReadReq.ap_fifo.i192P0A, i192 %stateTable2qpi_rsp, i32 1" [/tools/Xilinx/Vitis_HLS/2022.1/common/technology/autopilot/hls_stream_39.h:136]   --->   Operation 34 'nbreadreq' 'tmp_i_218' <Predicate = (qp_fsmState_load)> <Delay = 0.00> <CoreInst = "FIFO_SRL">   --->   Core 81 'FIFO_SRL' <Latency = 0> <II = 1> <Delay = 1.42> <Storage> <Opcode : 'read' 'write' 'nbread' 'nbwrite'> <Ports = 0> <Width = 192> <Depth = 2> <FIFO>
ST_1 : Operation 35 [1/1] (0.00ns)   --->   "%br_ln1891 = br i1 %tmp_i_218, void %if.end11.i, void %if.then3.i" [/mnt/scratch/pyuvaraj/Vitis_RoCE_W/Vitis_RoCE/fpga-network-stack/hls/rocev2/../ib_transport_protocol/ib_transport_protocol.cpp:1891]   --->   Operation 35 'br' 'br_ln1891' <Predicate = (qp_fsmState_load)> <Delay = 0.00>
ST_1 : Operation 36 [1/1] (1.16ns)   --->   "%p_04 = read i192 @_ssdm_op_Read.ap_fifo.volatile.i192P0A, i192 %stateTable2qpi_rsp" [/tools/Xilinx/Vitis_HLS/2022.1/common/technology/autopilot/hls_stream_39.h:145]   --->   Operation 36 'read' 'p_04' <Predicate = (qp_fsmState_load & tmp_i_218)> <Delay = 1.16> <CoreInst = "FIFO_SRL">   --->   Core 81 'FIFO_SRL' <Latency = 0> <II = 1> <Delay = 1.42> <Storage> <Opcode : 'read' 'write' 'nbread' 'nbwrite'> <Ports = 0> <Width = 192> <Depth = 2> <FIFO>
ST_1 : Operation 37 [1/1] (0.38ns)   --->   "%store_ln0 = store i1 0, i1 %qp_fsmState"   --->   Operation 37 'store' 'store_ln0' <Predicate = (qp_fsmState_load & tmp_i_218)> <Delay = 0.38>
ST_1 : Operation 38 [1/1] (0.00ns)   --->   "%br_ln1899 = br void %qp_interface.exit" [/mnt/scratch/pyuvaraj/Vitis_RoCE_W/Vitis_RoCE/fpga-network-stack/hls/rocev2/../ib_transport_protocol/ib_transport_protocol.cpp:1899]   --->   Operation 38 'br' 'br_ln1899' <Predicate = (qp_fsmState_load)> <Delay = 0.00>

State 2 <SV = 1> <Delay = 1.16>
ST_2 : Operation 39 [1/1] (0.00ns)   --->   "%zext_ln174_41 = zext i16 %trunc_ln145_s" [/tools/Xilinx/Vitis_HLS/2022.1/common/technology/autopilot/hls_stream_39.h:174]   --->   Operation 39 'zext' 'zext_ln174_41' <Predicate = (!qp_fsmState_load & tmp_i)> <Delay = 0.00>
ST_2 : Operation 40 [1/1] (1.16ns)   --->   "%write_ln174 = write void @_ssdm_op_Write.ap_fifo.volatile.i160P0A, i160 %qpi2stateTable_upd_req, i160 %zext_ln174_41" [/tools/Xilinx/Vitis_HLS/2022.1/common/technology/autopilot/hls_stream_39.h:174]   --->   Operation 40 'write' 'write_ln174' <Predicate = (!qp_fsmState_load & tmp_i)> <Delay = 1.16> <CoreInst = "FIFO_SRL">   --->   Core 81 'FIFO_SRL' <Latency = 0> <II = 1> <Delay = 1.42> <Storage> <Opcode : 'read' 'write' 'nbread' 'nbwrite'> <Ports = 0> <Width = 160> <Depth = 2> <FIFO>
ST_2 : Operation 41 [1/1] (0.00ns)   --->   "%br_ln1888 = br void %if.end.i" [/mnt/scratch/pyuvaraj/Vitis_RoCE_W/Vitis_RoCE/fpga-network-stack/hls/rocev2/../ib_transport_protocol/ib_transport_protocol.cpp:1888]   --->   Operation 41 'br' 'br_ln1888' <Predicate = (!qp_fsmState_load & tmp_i)> <Delay = 0.00>
ST_2 : Operation 42 [1/1] (0.00ns)   --->   "%context_qp_num_V_load = load i16 %context_qp_num_V"   --->   Operation 42 'load' 'context_qp_num_V_load' <Predicate = (qp_fsmState_load & tmp_i_218)> <Delay = 0.00>
ST_2 : Operation 43 [1/1] (0.00ns)   --->   "%context_newState_load = load i32 %context_newState" [/mnt/scratch/pyuvaraj/Vitis_RoCE_W/Vitis_RoCE/fpga-network-stack/hls/rocev2/../ib_transport_protocol/ib_transport_protocol.cpp:1895]   --->   Operation 43 'load' 'context_newState_load' <Predicate = (qp_fsmState_load & tmp_i_218)> <Delay = 0.00>
ST_2 : Operation 44 [1/1] (0.00ns)   --->   "%context_remote_psn_V_load = load i24 %context_remote_psn_V" [/mnt/scratch/pyuvaraj/Vitis_RoCE_W/Vitis_RoCE/fpga-network-stack/hls/rocev2/../ib_transport_protocol/ib_transport_protocol.cpp:1895]   --->   Operation 44 'load' 'context_remote_psn_V_load' <Predicate = (qp_fsmState_load & tmp_i_218)> <Delay = 0.00>
ST_2 : Operation 45 [1/1] (0.00ns)   --->   "%context_local_psn_V_load = load i24 %context_local_psn_V" [/mnt/scratch/pyuvaraj/Vitis_RoCE_W/Vitis_RoCE/fpga-network-stack/hls/rocev2/../ib_transport_protocol/ib_transport_protocol.cpp:1895]   --->   Operation 45 'load' 'context_local_psn_V_load' <Predicate = (qp_fsmState_load & tmp_i_218)> <Delay = 0.00>
ST_2 : Operation 46 [1/1] (0.00ns)   --->   "%zext_ln174_cast = bitconcatenate i129 @_ssdm_op_BitConcatenate.i129.i9.i24.i8.i24.i32.i16.i16, i9 256, i24 %context_local_psn_V_load, i8 0, i24 %context_remote_psn_V_load, i32 %context_newState_load, i16 0, i16 %context_qp_num_V_load" [/tools/Xilinx/Vitis_HLS/2022.1/common/technology/autopilot/hls_stream_39.h:174]   --->   Operation 46 'bitconcatenate' 'zext_ln174_cast' <Predicate = (qp_fsmState_load & tmp_i_218)> <Delay = 0.00>
ST_2 : Operation 47 [1/1] (0.00ns)   --->   "%zext_ln174 = zext i129 %zext_ln174_cast" [/tools/Xilinx/Vitis_HLS/2022.1/common/technology/autopilot/hls_stream_39.h:174]   --->   Operation 47 'zext' 'zext_ln174' <Predicate = (qp_fsmState_load & tmp_i_218)> <Delay = 0.00>
ST_2 : Operation 48 [1/1] (1.16ns)   --->   "%write_ln174 = write void @_ssdm_op_Write.ap_fifo.volatile.i160P0A, i160 %qpi2stateTable_upd_req, i160 %zext_ln174" [/tools/Xilinx/Vitis_HLS/2022.1/common/technology/autopilot/hls_stream_39.h:174]   --->   Operation 48 'write' 'write_ln174' <Predicate = (qp_fsmState_load & tmp_i_218)> <Delay = 1.16> <CoreInst = "FIFO_SRL">   --->   Core 81 'FIFO_SRL' <Latency = 0> <II = 1> <Delay = 1.42> <Storage> <Opcode : 'read' 'write' 'nbread' 'nbwrite'> <Ports = 0> <Width = 160> <Depth = 2> <FIFO>
ST_2 : Operation 49 [1/1] (0.00ns)   --->   "%context_r_key_V_load = load i16 %context_r_key_V"   --->   Operation 49 'load' 'context_r_key_V_load' <Predicate = (qp_fsmState_load & tmp_i_218)> <Delay = 0.00>
ST_2 : Operation 50 [1/1] (0.00ns)   --->   "%tmp_119_i = bitconcatenate i48 @_ssdm_op_BitConcatenate.i48.i16.i16.i16, i16 %context_r_key_V_load, i16 0, i16 %context_qp_num_V_load" [/tools/Xilinx/Vitis_HLS/2022.1/common/technology/autopilot/hls_stream_39.h:174]   --->   Operation 50 'bitconcatenate' 'tmp_119_i' <Predicate = (qp_fsmState_load & tmp_i_218)> <Delay = 0.00>
ST_2 : Operation 51 [1/1] (0.00ns)   --->   "%zext_ln174_40 = zext i48 %tmp_119_i" [/tools/Xilinx/Vitis_HLS/2022.1/common/technology/autopilot/hls_stream_39.h:174]   --->   Operation 51 'zext' 'zext_ln174_40' <Predicate = (qp_fsmState_load & tmp_i_218)> <Delay = 0.00>
ST_2 : Operation 52 [1/1] (1.16ns)   --->   "%write_ln174 = write void @_ssdm_op_Write.ap_fifo.volatile.i64P0A, i64 %if2msnTable_init, i64 %zext_ln174_40" [/tools/Xilinx/Vitis_HLS/2022.1/common/technology/autopilot/hls_stream_39.h:174]   --->   Operation 52 'write' 'write_ln174' <Predicate = (qp_fsmState_load & tmp_i_218)> <Delay = 1.16> <CoreInst = "FIFO_SRL">   --->   Core 81 'FIFO_SRL' <Latency = 0> <II = 1> <Delay = 1.40> <Storage> <Opcode : 'read' 'write' 'nbread' 'nbwrite'> <Ports = 0> <Width = 64> <Depth = 2> <FIFO>
ST_2 : Operation 53 [1/1] (0.00ns)   --->   "%br_ln1898 = br void %if.end11.i" [/mnt/scratch/pyuvaraj/Vitis_RoCE_W/Vitis_RoCE/fpga-network-stack/hls/rocev2/../ib_transport_protocol/ib_transport_protocol.cpp:1898]   --->   Operation 53 'br' 'br_ln1898' <Predicate = (qp_fsmState_load & tmp_i_218)> <Delay = 0.00>
ST_2 : Operation 54 [1/1] (0.00ns)   --->   "%ret_ln0 = ret"   --->   Operation 54 'ret' 'ret_ln0' <Predicate = true> <Delay = 0.00>


============================================================
+ Verbose Summary: Binding
============================================================
STG Binding: 
---------------- STG Properties BEGIN ----------------
- Is combinational: 0
- Is one-state seq: 0
- Is datapath-only: 0
- Is pipelined: 1
- Is top level: 0
Port [ Return ] is wired: 1; IO mode=ap_ctrl_hs:ce=0
Port [ s_axis_qp_interface]:  wired=1; compound=1; hidden=0; nouse=0; global=0; static=0; extern=0; dir=0; type=0; pingpong=0; private_global=0; IO mode=axis:ce=0
Port [ qp_fsmState]:  wired=0; compound=0; hidden=1; nouse=0; global=1; static=1; extern=0; dir=2; type=0; pingpong=0; private_global=1; IO mode=ap_ovld:ce=0
Port [ context_newState]:  wired=0; compound=0; hidden=1; nouse=0; global=1; static=1; extern=0; dir=2; type=0; pingpong=0; private_global=1; IO mode=ap_ovld:ce=0
Port [ context_qp_num_V]:  wired=0; compound=0; hidden=1; nouse=0; global=1; static=1; extern=0; dir=2; type=0; pingpong=0; private_global=1; IO mode=ap_ovld:ce=0
Port [ context_remote_psn_V]:  wired=0; compound=0; hidden=1; nouse=0; global=1; static=1; extern=0; dir=2; type=0; pingpong=0; private_global=1; IO mode=ap_ovld:ce=0
Port [ context_local_psn_V]:  wired=0; compound=0; hidden=1; nouse=0; global=1; static=1; extern=0; dir=2; type=0; pingpong=0; private_global=1; IO mode=ap_ovld:ce=0
Port [ context_r_key_V]:  wired=0; compound=0; hidden=1; nouse=0; global=1; static=1; extern=0; dir=2; type=0; pingpong=0; private_global=1; IO mode=ap_ovld:ce=0
Port [ qpi2stateTable_upd_req]:  wired=1; compound=1; hidden=0; nouse=0; global=1; static=1; extern=0; dir=1; type=3; pingpong=0; private_global=0; IO mode=ap_fifo:ce=0
Port [ stateTable2qpi_rsp]:  wired=1; compound=1; hidden=0; nouse=0; global=1; static=1; extern=0; dir=0; type=3; pingpong=0; private_global=0; IO mode=ap_fifo:ce=0
Port [ if2msnTable_init]:  wired=1; compound=1; hidden=0; nouse=0; global=1; static=1; extern=0; dir=1; type=3; pingpong=0; private_global=0; IO mode=ap_fifo:ce=0
---------------- STG Properties END ------------------

---------------- Datapath Model BEGIN ----------------

<LifeTime>
<method=bitvector/>
specinterface_ln0         (specinterface ) [ 000]
specinterface_ln0         (specinterface ) [ 000]
specinterface_ln0         (specinterface ) [ 000]
specinterface_ln0         (specinterface ) [ 000]
specinterface_ln0         (specinterface ) [ 000]
specinterface_ln0         (specinterface ) [ 000]
specinterface_ln0         (specinterface ) [ 000]
specinterface_ln0         (specinterface ) [ 000]
specinterface_ln0         (specinterface ) [ 000]
specinterface_ln0         (specinterface ) [ 000]
specinterface_ln0         (specinterface ) [ 000]
specinterface_ln0         (specinterface ) [ 000]
specinterface_ln0         (specinterface ) [ 000]
specpipeline_ln1868       (specpipeline  ) [ 000]
qp_fsmState_load          (load          ) [ 011]
br_ln1880                 (br            ) [ 000]
tmp_i                     (nbreadreq     ) [ 011]
br_ln1883                 (br            ) [ 000]
s_axis_qp_interface_read  (read          ) [ 000]
trunc_ln145               (trunc         ) [ 000]
store_ln145               (store         ) [ 000]
trunc_ln145_s             (partselect    ) [ 011]
store_ln145               (store         ) [ 000]
tmp_115_i8                (partselect    ) [ 000]
store_ln145               (store         ) [ 000]
tmp_116_i9                (partselect    ) [ 000]
store_ln145               (store         ) [ 000]
tmp_117_i                 (partselect    ) [ 000]
store_ln145               (store         ) [ 000]
store_ln0                 (store         ) [ 000]
br_ln1889                 (br            ) [ 000]
tmp_i_218                 (nbreadreq     ) [ 011]
br_ln1891                 (br            ) [ 000]
p_04                      (read          ) [ 000]
store_ln0                 (store         ) [ 000]
br_ln1899                 (br            ) [ 000]
zext_ln174_41             (zext          ) [ 000]
write_ln174               (write         ) [ 000]
br_ln1888                 (br            ) [ 000]
context_qp_num_V_load     (load          ) [ 000]
context_newState_load     (load          ) [ 000]
context_remote_psn_V_load (load          ) [ 000]
context_local_psn_V_load  (load          ) [ 000]
zext_ln174_cast           (bitconcatenate) [ 000]
zext_ln174                (zext          ) [ 000]
write_ln174               (write         ) [ 000]
context_r_key_V_load      (load          ) [ 000]
tmp_119_i                 (bitconcatenate) [ 000]
zext_ln174_40             (zext          ) [ 000]
write_ln174               (write         ) [ 000]
br_ln1898                 (br            ) [ 000]
ret_ln0                   (ret           ) [ 000]
</LifeTime>

<model>

<comp_list>
<comp id="0" class="1000" name="s_axis_qp_interface">
<pin_list>
<pin id="1" dir="1" index="0" bw="1" slack="0"/>
</pin_list>
<bind>
<StgValue><ssdm name="s_axis_qp_interface"/></StgValue>
</bind>
</comp>

<comp id="2" class="1000" name="qp_fsmState">
<pin_list>
<pin id="3" dir="1" index="0" bw="1" slack="0"/>
</pin_list>
<bind>
<StgValue><ssdm name="qp_fsmState"/></StgValue>
</bind>
</comp>

<comp id="4" class="1000" name="context_newState">
<pin_list>
<pin id="5" dir="1" index="0" bw="1" slack="0"/>
</pin_list>
<bind>
<StgValue><ssdm name="context_newState"/></StgValue>
</bind>
</comp>

<comp id="6" class="1000" name="context_qp_num_V">
<pin_list>
<pin id="7" dir="1" index="0" bw="1" slack="0"/>
</pin_list>
<bind>
<StgValue><ssdm name="context_qp_num_V"/></StgValue>
</bind>
</comp>

<comp id="8" class="1000" name="context_remote_psn_V">
<pin_list>
<pin id="9" dir="1" index="0" bw="1" slack="0"/>
</pin_list>
<bind>
<StgValue><ssdm name="context_remote_psn_V"/></StgValue>
</bind>
</comp>

<comp id="10" class="1000" name="context_local_psn_V">
<pin_list>
<pin id="11" dir="1" index="0" bw="1" slack="0"/>
</pin_list>
<bind>
<StgValue><ssdm name="context_local_psn_V"/></StgValue>
</bind>
</comp>

<comp id="12" class="1000" name="context_r_key_V">
<pin_list>
<pin id="13" dir="1" index="0" bw="1" slack="0"/>
</pin_list>
<bind>
<StgValue><ssdm name="context_r_key_V"/></StgValue>
</bind>
</comp>

<comp id="14" class="1000" name="qpi2stateTable_upd_req">
<pin_list>
<pin id="15" dir="1" index="0" bw="1" slack="0"/>
</pin_list>
<bind>
<StgValue><ssdm name="qpi2stateTable_upd_req"/></StgValue>
</bind>
</comp>

<comp id="16" class="1000" name="stateTable2qpi_rsp">
<pin_list>
<pin id="17" dir="1" index="0" bw="1" slack="0"/>
</pin_list>
<bind>
<StgValue><ssdm name="stateTable2qpi_rsp"/></StgValue>
</bind>
</comp>

<comp id="18" class="1000" name="if2msnTable_init">
<pin_list>
<pin id="19" dir="1" index="0" bw="1" slack="0"/>
</pin_list>
<bind>
<StgValue><ssdm name="if2msnTable_init"/></StgValue>
</bind>
</comp>

<comp id="20" class="1001" name="const_20">
<pin_list>
<pin id="21" dir="1" index="0" bw="1" slack="2147483647"/>
</pin_list>
<bind>
<StgValue><ssdm name="_ssdm_op_SpecInterface"/></StgValue>
</bind>
</comp>

<comp id="22" class="1001" name="const_22">
<pin_list>
<pin id="23" dir="1" index="0" bw="1" slack="2147483647"/>
</pin_list>
<bind>
<StgValue><ssdm name="empty_5"/></StgValue>
</bind>
</comp>

<comp id="24" class="1001" name="const_24">
<pin_list>
<pin id="25" dir="1" index="0" bw="1" slack="2147483647"/>
</pin_list>
<bind>
<StgValue><ssdm name=""/></StgValue>
</bind>
</comp>

<comp id="26" class="1001" name="const_26">
<pin_list>
<pin id="27" dir="1" index="0" bw="1" slack="2147483647"/>
</pin_list>
<bind>
<StgValue><ssdm name="empty"/></StgValue>
</bind>
</comp>

<comp id="28" class="1001" name="const_28">
<pin_list>
<pin id="29" dir="1" index="0" bw="1" slack="2147483647"/>
</pin_list>
<bind>
<StgValue><ssdm name=""/></StgValue>
</bind>
</comp>

<comp id="30" class="1001" name="const_30">
<pin_list>
<pin id="31" dir="1" index="0" bw="1" slack="2147483647"/>
</pin_list>
<bind>
<StgValue><ssdm name="empty_1"/></StgValue>
</bind>
</comp>

<comp id="32" class="1001" name="const_32">
<pin_list>
<pin id="33" dir="1" index="0" bw="1" slack="0"/>
</pin_list>
<bind>
<StgValue><ssdm name=""/></StgValue>
</bind>
</comp>

<comp id="34" class="1001" name="const_34">
<pin_list>
<pin id="35" dir="1" index="0" bw="1" slack="2147483647"/>
</pin_list>
<bind>
<StgValue><ssdm name="empty_0"/></StgValue>
</bind>
</comp>

<comp id="36" class="1001" name="const_36">
<pin_list>
<pin id="37" dir="1" index="0" bw="1" slack="2147483647"/>
</pin_list>
<bind>
<StgValue><ssdm name="_ssdm_op_SpecPipeline"/></StgValue>
</bind>
</comp>

<comp id="38" class="1001" name="const_38">
<pin_list>
<pin id="39" dir="1" index="0" bw="1" slack="0"/>
</pin_list>
<bind>
<StgValue><ssdm name="_ssdm_op_NbReadReq.axis.i256P128A"/></StgValue>
</bind>
</comp>

<comp id="40" class="1001" name="const_40">
<pin_list>
<pin id="41" dir="1" index="0" bw="1" slack="0"/>
</pin_list>
<bind>
<StgValue><ssdm name="_ssdm_op_Read.axis.volatile.i256P128A"/></StgValue>
</bind>
</comp>

<comp id="42" class="1001" name="const_42">
<pin_list>
<pin id="43" dir="1" index="0" bw="1" slack="0"/>
</pin_list>
<bind>
<StgValue><ssdm name="_ssdm_op_PartSelect.i16.i256.i32.i32"/></StgValue>
</bind>
</comp>

<comp id="44" class="1001" name="const_44">
<pin_list>
<pin id="45" dir="1" index="0" bw="1" slack="0"/>
</pin_list>
<bind>
<StgValue><ssdm name=""/></StgValue>
</bind>
</comp>

<comp id="46" class="1001" name="const_46">
<pin_list>
<pin id="47" dir="1" index="0" bw="1" slack="0"/>
</pin_list>
<bind>
<StgValue><ssdm name=""/></StgValue>
</bind>
</comp>

<comp id="48" class="1001" name="const_48">
<pin_list>
<pin id="49" dir="1" index="0" bw="1" slack="0"/>
</pin_list>
<bind>
<StgValue><ssdm name="_ssdm_op_PartSelect.i24.i256.i32.i32"/></StgValue>
</bind>
</comp>

<comp id="50" class="1001" name="const_50">
<pin_list>
<pin id="51" dir="1" index="0" bw="1" slack="0"/>
</pin_list>
<bind>
<StgValue><ssdm name=""/></StgValue>
</bind>
</comp>

<comp id="52" class="1001" name="const_52">
<pin_list>
<pin id="53" dir="1" index="0" bw="1" slack="0"/>
</pin_list>
<bind>
<StgValue><ssdm name=""/></StgValue>
</bind>
</comp>

<comp id="54" class="1001" name="const_54">
<pin_list>
<pin id="55" dir="1" index="0" bw="1" slack="0"/>
</pin_list>
<bind>
<StgValue><ssdm name=""/></StgValue>
</bind>
</comp>

<comp id="56" class="1001" name="const_56">
<pin_list>
<pin id="57" dir="1" index="0" bw="1" slack="0"/>
</pin_list>
<bind>
<StgValue><ssdm name=""/></StgValue>
</bind>
</comp>

<comp id="58" class="1001" name="const_58">
<pin_list>
<pin id="59" dir="1" index="0" bw="1" slack="0"/>
</pin_list>
<bind>
<StgValue><ssdm name=""/></StgValue>
</bind>
</comp>

<comp id="60" class="1001" name="const_60">
<pin_list>
<pin id="61" dir="1" index="0" bw="1" slack="0"/>
</pin_list>
<bind>
<StgValue><ssdm name=""/></StgValue>
</bind>
</comp>

<comp id="62" class="1001" name="const_62">
<pin_list>
<pin id="63" dir="1" index="0" bw="1" slack="0"/>
</pin_list>
<bind>
<StgValue><ssdm name=""/></StgValue>
</bind>
</comp>

<comp id="64" class="1001" name="const_64">
<pin_list>
<pin id="65" dir="1" index="0" bw="1" slack="0"/>
</pin_list>
<bind>
<StgValue><ssdm name="_ssdm_op_NbReadReq.ap_fifo.i192P0A"/></StgValue>
</bind>
</comp>

<comp id="66" class="1001" name="const_66">
<pin_list>
<pin id="67" dir="1" index="0" bw="1" slack="0"/>
</pin_list>
<bind>
<StgValue><ssdm name="_ssdm_op_Read.ap_fifo.volatile.i192P0A"/></StgValue>
</bind>
</comp>

<comp id="68" class="1001" name="const_68">
<pin_list>
<pin id="69" dir="1" index="0" bw="1" slack="0"/>
</pin_list>
<bind>
<StgValue><ssdm name=""/></StgValue>
</bind>
</comp>

<comp id="70" class="1001" name="const_70">
<pin_list>
<pin id="71" dir="1" index="0" bw="1" slack="0"/>
</pin_list>
<bind>
<StgValue><ssdm name="_ssdm_op_Write.ap_fifo.volatile.i160P0A"/></StgValue>
</bind>
</comp>

<comp id="72" class="1001" name="const_72">
<pin_list>
<pin id="73" dir="1" index="0" bw="1" slack="0"/>
</pin_list>
<bind>
<StgValue><ssdm name="_ssdm_op_BitConcatenate.i129.i9.i24.i8.i24.i32.i16.i16"/></StgValue>
</bind>
</comp>

<comp id="74" class="1001" name="const_74">
<pin_list>
<pin id="75" dir="1" index="0" bw="1" slack="0"/>
</pin_list>
<bind>
<StgValue><ssdm name=""/></StgValue>
</bind>
</comp>

<comp id="76" class="1001" name="const_76">
<pin_list>
<pin id="77" dir="1" index="0" bw="1" slack="0"/>
</pin_list>
<bind>
<StgValue><ssdm name=""/></StgValue>
</bind>
</comp>

<comp id="78" class="1001" name="const_78">
<pin_list>
<pin id="79" dir="1" index="0" bw="1" slack="0"/>
</pin_list>
<bind>
<StgValue><ssdm name=""/></StgValue>
</bind>
</comp>

<comp id="80" class="1001" name="const_80">
<pin_list>
<pin id="81" dir="1" index="0" bw="1" slack="0"/>
</pin_list>
<bind>
<StgValue><ssdm name="_ssdm_op_BitConcatenate.i48.i16.i16.i16"/></StgValue>
</bind>
</comp>

<comp id="82" class="1001" name="const_82">
<pin_list>
<pin id="83" dir="1" index="0" bw="1" slack="0"/>
</pin_list>
<bind>
<StgValue><ssdm name="_ssdm_op_Write.ap_fifo.volatile.i64P0A"/></StgValue>
</bind>
</comp>

<comp id="84" class="1004" name="tmp_i_nbreadreq_fu_84">
<pin_list>
<pin id="85" dir="0" index="0" bw="1" slack="0"/>
<pin id="86" dir="0" index="1" bw="256" slack="0"/>
<pin id="87" dir="0" index="2" bw="1" slack="0"/>
<pin id="88" dir="1" index="3" bw="1" slack="1"/>
</pin_list>
<bind>
<opcode="nbreadreq(1156) " fcode="nbreadreq"/>
<opset="tmp_i/1 "/>
</bind>
</comp>

<comp id="92" class="1004" name="s_axis_qp_interface_read_read_fu_92">
<pin_list>
<pin id="93" dir="0" index="0" bw="256" slack="0"/>
<pin id="94" dir="0" index="1" bw="256" slack="0"/>
<pin id="95" dir="1" index="2" bw="256" slack="0"/>
</pin_list>
<bind>
<opcode="read(1150) " fcode="read"/>
<opset="s_axis_qp_interface_read/1 "/>
</bind>
</comp>

<comp id="98" class="1004" name="tmp_i_218_nbreadreq_fu_98">
<pin_list>
<pin id="99" dir="0" index="0" bw="1" slack="0"/>
<pin id="100" dir="0" index="1" bw="192" slack="0"/>
<pin id="101" dir="0" index="2" bw="1" slack="0"/>
<pin id="102" dir="1" index="3" bw="1" slack="1"/>
</pin_list>
<bind>
<opcode="nbreadreq(1156) " fcode="nbreadreq"/>
<opset="tmp_i_218/1 "/>
</bind>
</comp>

<comp id="106" class="1004" name="p_04_read_fu_106">
<pin_list>
<pin id="107" dir="0" index="0" bw="192" slack="0"/>
<pin id="108" dir="0" index="1" bw="192" slack="0"/>
<pin id="109" dir="1" index="2" bw="192" slack="2147483647"/>
</pin_list>
<bind>
<opcode="read(1150) " fcode="read"/>
<opset="p_04/1 "/>
</bind>
</comp>

<comp id="112" class="1004" name="grp_write_fu_112">
<pin_list>
<pin id="113" dir="0" index="0" bw="0" slack="0"/>
<pin id="114" dir="0" index="1" bw="160" slack="0"/>
<pin id="115" dir="0" index="2" bw="129" slack="0"/>
<pin id="116" dir="1" index="3" bw="0" slack="2147483647"/>
</pin_list>
<bind>
<opcode="write(1151) " fcode="write"/>
<opset="write_ln174/2 write_ln174/2 "/>
</bind>
</comp>

<comp id="119" class="1004" name="write_ln174_write_fu_119">
<pin_list>
<pin id="120" dir="0" index="0" bw="0" slack="0"/>
<pin id="121" dir="0" index="1" bw="64" slack="0"/>
<pin id="122" dir="0" index="2" bw="48" slack="0"/>
<pin id="123" dir="1" index="3" bw="0" slack="2147483647"/>
</pin_list>
<bind>
<opcode="write(1151) " fcode="write"/>
<opset="write_ln174/2 "/>
</bind>
</comp>

<comp id="126" class="1004" name="qp_fsmState_load_load_fu_126">
<pin_list>
<pin id="127" dir="0" index="0" bw="1" slack="0"/>
<pin id="128" dir="1" index="1" bw="1" slack="1"/>
</pin_list>
<bind>
<opcode="load(27) " fcode="load"/>
<opset="qp_fsmState_load/1 "/>
</bind>
</comp>

<comp id="130" class="1004" name="trunc_ln145_fu_130">
<pin_list>
<pin id="131" dir="0" index="0" bw="256" slack="0"/>
<pin id="132" dir="1" index="1" bw="32" slack="0"/>
</pin_list>
<bind>
<opcode="trunc(33) " fcode="trunc"/>
<opset="trunc_ln145/1 "/>
</bind>
</comp>

<comp id="134" class="1004" name="store_ln145_store_fu_134">
<pin_list>
<pin id="135" dir="0" index="0" bw="32" slack="0"/>
<pin id="136" dir="0" index="1" bw="32" slack="0"/>
<pin id="137" dir="1" index="2" bw="0" slack="2147483647"/>
</pin_list>
<bind>
<opcode="store(28) " fcode="store"/>
<opset="store_ln145/1 "/>
</bind>
</comp>

<comp id="140" class="1004" name="trunc_ln145_s_fu_140">
<pin_list>
<pin id="141" dir="0" index="0" bw="16" slack="0"/>
<pin id="142" dir="0" index="1" bw="256" slack="0"/>
<pin id="143" dir="0" index="2" bw="7" slack="0"/>
<pin id="144" dir="0" index="3" bw="7" slack="0"/>
<pin id="145" dir="1" index="4" bw="16" slack="0"/>
</pin_list>
<bind>
<opcode="partselect(1002) " fcode="partselect"/>
<opset="trunc_ln145_s/1 "/>
</bind>
</comp>

<comp id="150" class="1004" name="store_ln145_store_fu_150">
<pin_list>
<pin id="151" dir="0" index="0" bw="16" slack="0"/>
<pin id="152" dir="0" index="1" bw="16" slack="0"/>
<pin id="153" dir="1" index="2" bw="0" slack="2147483647"/>
</pin_list>
<bind>
<opcode="store(28) " fcode="store"/>
<opset="store_ln145/1 "/>
</bind>
</comp>

<comp id="156" class="1004" name="tmp_115_i8_fu_156">
<pin_list>
<pin id="157" dir="0" index="0" bw="24" slack="0"/>
<pin id="158" dir="0" index="1" bw="256" slack="0"/>
<pin id="159" dir="0" index="2" bw="8" slack="0"/>
<pin id="160" dir="0" index="3" bw="8" slack="0"/>
<pin id="161" dir="1" index="4" bw="24" slack="0"/>
</pin_list>
<bind>
<opcode="partselect(1002) " fcode="partselect"/>
<opset="tmp_115_i8/1 "/>
</bind>
</comp>

<comp id="166" class="1004" name="store_ln145_store_fu_166">
<pin_list>
<pin id="167" dir="0" index="0" bw="24" slack="0"/>
<pin id="168" dir="0" index="1" bw="24" slack="0"/>
<pin id="169" dir="1" index="2" bw="0" slack="2147483647"/>
</pin_list>
<bind>
<opcode="store(28) " fcode="store"/>
<opset="store_ln145/1 "/>
</bind>
</comp>

<comp id="172" class="1004" name="tmp_116_i9_fu_172">
<pin_list>
<pin id="173" dir="0" index="0" bw="24" slack="0"/>
<pin id="174" dir="0" index="1" bw="256" slack="0"/>
<pin id="175" dir="0" index="2" bw="8" slack="0"/>
<pin id="176" dir="0" index="3" bw="8" slack="0"/>
<pin id="177" dir="1" index="4" bw="24" slack="0"/>
</pin_list>
<bind>
<opcode="partselect(1002) " fcode="partselect"/>
<opset="tmp_116_i9/1 "/>
</bind>
</comp>

<comp id="182" class="1004" name="store_ln145_store_fu_182">
<pin_list>
<pin id="183" dir="0" index="0" bw="24" slack="0"/>
<pin id="184" dir="0" index="1" bw="24" slack="0"/>
<pin id="185" dir="1" index="2" bw="0" slack="2147483647"/>
</pin_list>
<bind>
<opcode="store(28) " fcode="store"/>
<opset="store_ln145/1 "/>
</bind>
</comp>

<comp id="188" class="1004" name="tmp_117_i_fu_188">
<pin_list>
<pin id="189" dir="0" index="0" bw="16" slack="0"/>
<pin id="190" dir="0" index="1" bw="256" slack="0"/>
<pin id="191" dir="0" index="2" bw="9" slack="0"/>
<pin id="192" dir="0" index="3" bw="9" slack="0"/>
<pin id="193" dir="1" index="4" bw="16" slack="0"/>
</pin_list>
<bind>
<opcode="partselect(1002) " fcode="partselect"/>
<opset="tmp_117_i/1 "/>
</bind>
</comp>

<comp id="198" class="1004" name="store_ln145_store_fu_198">
<pin_list>
<pin id="199" dir="0" index="0" bw="16" slack="0"/>
<pin id="200" dir="0" index="1" bw="16" slack="0"/>
<pin id="201" dir="1" index="2" bw="0" slack="2147483647"/>
</pin_list>
<bind>
<opcode="store(28) " fcode="store"/>
<opset="store_ln145/1 "/>
</bind>
</comp>

<comp id="204" class="1004" name="store_ln0_store_fu_204">
<pin_list>
<pin id="205" dir="0" index="0" bw="1" slack="0"/>
<pin id="206" dir="0" index="1" bw="1" slack="0"/>
<pin id="207" dir="1" index="2" bw="0" slack="2147483647"/>
</pin_list>
<bind>
<opcode="store(28) " fcode="store"/>
<opset="store_ln0/1 "/>
</bind>
</comp>

<comp id="210" class="1004" name="store_ln0_store_fu_210">
<pin_list>
<pin id="211" dir="0" index="0" bw="1" slack="0"/>
<pin id="212" dir="0" index="1" bw="1" slack="0"/>
<pin id="213" dir="1" index="2" bw="0" slack="2147483647"/>
</pin_list>
<bind>
<opcode="store(28) " fcode="store"/>
<opset="store_ln0/1 "/>
</bind>
</comp>

<comp id="216" class="1004" name="zext_ln174_41_fu_216">
<pin_list>
<pin id="217" dir="0" index="0" bw="16" slack="1"/>
<pin id="218" dir="1" index="1" bw="160" slack="0"/>
</pin_list>
<bind>
<opcode="zext(34) " fcode="zext"/>
<opset="zext_ln174_41/2 "/>
</bind>
</comp>

<comp id="220" class="1004" name="context_qp_num_V_load_load_fu_220">
<pin_list>
<pin id="221" dir="0" index="0" bw="16" slack="0"/>
<pin id="222" dir="1" index="1" bw="16" slack="0"/>
</pin_list>
<bind>
<opcode="load(27) " fcode="load"/>
<opset="context_qp_num_V_load/2 "/>
</bind>
</comp>

<comp id="224" class="1004" name="context_newState_load_load_fu_224">
<pin_list>
<pin id="225" dir="0" index="0" bw="32" slack="0"/>
<pin id="226" dir="1" index="1" bw="32" slack="0"/>
</pin_list>
<bind>
<opcode="load(27) " fcode="load"/>
<opset="context_newState_load/2 "/>
</bind>
</comp>

<comp id="228" class="1004" name="context_remote_psn_V_load_load_fu_228">
<pin_list>
<pin id="229" dir="0" index="0" bw="24" slack="0"/>
<pin id="230" dir="1" index="1" bw="24" slack="0"/>
</pin_list>
<bind>
<opcode="load(27) " fcode="load"/>
<opset="context_remote_psn_V_load/2 "/>
</bind>
</comp>

<comp id="232" class="1004" name="context_local_psn_V_load_load_fu_232">
<pin_list>
<pin id="233" dir="0" index="0" bw="24" slack="0"/>
<pin id="234" dir="1" index="1" bw="24" slack="0"/>
</pin_list>
<bind>
<opcode="load(27) " fcode="load"/>
<opset="context_local_psn_V_load/2 "/>
</bind>
</comp>

<comp id="236" class="1004" name="zext_ln174_cast_fu_236">
<pin_list>
<pin id="237" dir="0" index="0" bw="129" slack="0"/>
<pin id="238" dir="0" index="1" bw="9" slack="0"/>
<pin id="239" dir="0" index="2" bw="24" slack="0"/>
<pin id="240" dir="0" index="3" bw="1" slack="0"/>
<pin id="241" dir="0" index="4" bw="24" slack="0"/>
<pin id="242" dir="0" index="5" bw="32" slack="0"/>
<pin id="243" dir="0" index="6" bw="1" slack="0"/>
<pin id="244" dir="0" index="7" bw="16" slack="0"/>
<pin id="245" dir="1" index="8" bw="129" slack="0"/>
</pin_list>
<bind>
<opcode="bitconcatenate(1004) " fcode="bitconcatenate"/>
<opset="zext_ln174_cast/2 "/>
</bind>
</comp>

<comp id="254" class="1004" name="zext_ln174_fu_254">
<pin_list>
<pin id="255" dir="0" index="0" bw="129" slack="0"/>
<pin id="256" dir="1" index="1" bw="160" slack="0"/>
</pin_list>
<bind>
<opcode="zext(34) " fcode="zext"/>
<opset="zext_ln174/2 "/>
</bind>
</comp>

<comp id="259" class="1004" name="context_r_key_V_load_load_fu_259">
<pin_list>
<pin id="260" dir="0" index="0" bw="16" slack="0"/>
<pin id="261" dir="1" index="1" bw="16" slack="0"/>
</pin_list>
<bind>
<opcode="load(27) " fcode="load"/>
<opset="context_r_key_V_load/2 "/>
</bind>
</comp>

<comp id="263" class="1004" name="tmp_119_i_fu_263">
<pin_list>
<pin id="264" dir="0" index="0" bw="48" slack="0"/>
<pin id="265" dir="0" index="1" bw="16" slack="0"/>
<pin id="266" dir="0" index="2" bw="1" slack="0"/>
<pin id="267" dir="0" index="3" bw="16" slack="0"/>
<pin id="268" dir="1" index="4" bw="48" slack="0"/>
</pin_list>
<bind>
<opcode="bitconcatenate(1004) " fcode="bitconcatenate"/>
<opset="tmp_119_i/2 "/>
</bind>
</comp>

<comp id="273" class="1004" name="zext_ln174_40_fu_273">
<pin_list>
<pin id="274" dir="0" index="0" bw="48" slack="0"/>
<pin id="275" dir="1" index="1" bw="64" slack="0"/>
</pin_list>
<bind>
<opcode="zext(34) " fcode="zext"/>
<opset="zext_ln174_40/2 "/>
</bind>
</comp>

<comp id="278" class="1005" name="qp_fsmState_load_reg_278">
<pin_list>
<pin id="279" dir="0" index="0" bw="1" slack="1"/>
<pin id="280" dir="1" index="1" bw="1" slack="2147483647"/>
</pin_list>
<bind>
<opset="qp_fsmState_load "/>
</bind>
</comp>

<comp id="282" class="1005" name="tmp_i_reg_282">
<pin_list>
<pin id="283" dir="0" index="0" bw="1" slack="1"/>
<pin id="284" dir="1" index="1" bw="1" slack="2147483647"/>
</pin_list>
<bind>
<opset="tmp_i "/>
</bind>
</comp>

<comp id="286" class="1005" name="trunc_ln145_s_reg_286">
<pin_list>
<pin id="287" dir="0" index="0" bw="16" slack="1"/>
<pin id="288" dir="1" index="1" bw="16" slack="1"/>
</pin_list>
<bind>
<opset="trunc_ln145_s "/>
</bind>
</comp>

<comp id="291" class="1005" name="tmp_i_218_reg_291">
<pin_list>
<pin id="292" dir="0" index="0" bw="1" slack="1"/>
<pin id="293" dir="1" index="1" bw="1" slack="2147483647"/>
</pin_list>
<bind>
<opset="tmp_i_218 "/>
</bind>
</comp>

</comp_list>

<net_list>
<net id="89"><net_src comp="38" pin="0"/><net_sink comp="84" pin=0"/></net>

<net id="90"><net_src comp="0" pin="0"/><net_sink comp="84" pin=1"/></net>

<net id="91"><net_src comp="32" pin="0"/><net_sink comp="84" pin=2"/></net>

<net id="96"><net_src comp="40" pin="0"/><net_sink comp="92" pin=0"/></net>

<net id="97"><net_src comp="0" pin="0"/><net_sink comp="92" pin=1"/></net>

<net id="103"><net_src comp="64" pin="0"/><net_sink comp="98" pin=0"/></net>

<net id="104"><net_src comp="16" pin="0"/><net_sink comp="98" pin=1"/></net>

<net id="105"><net_src comp="32" pin="0"/><net_sink comp="98" pin=2"/></net>

<net id="110"><net_src comp="66" pin="0"/><net_sink comp="106" pin=0"/></net>

<net id="111"><net_src comp="16" pin="0"/><net_sink comp="106" pin=1"/></net>

<net id="117"><net_src comp="70" pin="0"/><net_sink comp="112" pin=0"/></net>

<net id="118"><net_src comp="14" pin="0"/><net_sink comp="112" pin=1"/></net>

<net id="124"><net_src comp="82" pin="0"/><net_sink comp="119" pin=0"/></net>

<net id="125"><net_src comp="18" pin="0"/><net_sink comp="119" pin=1"/></net>

<net id="129"><net_src comp="2" pin="0"/><net_sink comp="126" pin=0"/></net>

<net id="133"><net_src comp="92" pin="2"/><net_sink comp="130" pin=0"/></net>

<net id="138"><net_src comp="130" pin="1"/><net_sink comp="134" pin=0"/></net>

<net id="139"><net_src comp="4" pin="0"/><net_sink comp="134" pin=1"/></net>

<net id="146"><net_src comp="42" pin="0"/><net_sink comp="140" pin=0"/></net>

<net id="147"><net_src comp="92" pin="2"/><net_sink comp="140" pin=1"/></net>

<net id="148"><net_src comp="44" pin="0"/><net_sink comp="140" pin=2"/></net>

<net id="149"><net_src comp="46" pin="0"/><net_sink comp="140" pin=3"/></net>

<net id="154"><net_src comp="140" pin="4"/><net_sink comp="150" pin=0"/></net>

<net id="155"><net_src comp="6" pin="0"/><net_sink comp="150" pin=1"/></net>

<net id="162"><net_src comp="48" pin="0"/><net_sink comp="156" pin=0"/></net>

<net id="163"><net_src comp="92" pin="2"/><net_sink comp="156" pin=1"/></net>

<net id="164"><net_src comp="50" pin="0"/><net_sink comp="156" pin=2"/></net>

<net id="165"><net_src comp="52" pin="0"/><net_sink comp="156" pin=3"/></net>

<net id="170"><net_src comp="156" pin="4"/><net_sink comp="166" pin=0"/></net>

<net id="171"><net_src comp="8" pin="0"/><net_sink comp="166" pin=1"/></net>

<net id="178"><net_src comp="48" pin="0"/><net_sink comp="172" pin=0"/></net>

<net id="179"><net_src comp="92" pin="2"/><net_sink comp="172" pin=1"/></net>

<net id="180"><net_src comp="54" pin="0"/><net_sink comp="172" pin=2"/></net>

<net id="181"><net_src comp="56" pin="0"/><net_sink comp="172" pin=3"/></net>

<net id="186"><net_src comp="172" pin="4"/><net_sink comp="182" pin=0"/></net>

<net id="187"><net_src comp="10" pin="0"/><net_sink comp="182" pin=1"/></net>

<net id="194"><net_src comp="42" pin="0"/><net_sink comp="188" pin=0"/></net>

<net id="195"><net_src comp="92" pin="2"/><net_sink comp="188" pin=1"/></net>

<net id="196"><net_src comp="58" pin="0"/><net_sink comp="188" pin=2"/></net>

<net id="197"><net_src comp="60" pin="0"/><net_sink comp="188" pin=3"/></net>

<net id="202"><net_src comp="188" pin="4"/><net_sink comp="198" pin=0"/></net>

<net id="203"><net_src comp="12" pin="0"/><net_sink comp="198" pin=1"/></net>

<net id="208"><net_src comp="62" pin="0"/><net_sink comp="204" pin=0"/></net>

<net id="209"><net_src comp="2" pin="0"/><net_sink comp="204" pin=1"/></net>

<net id="214"><net_src comp="68" pin="0"/><net_sink comp="210" pin=0"/></net>

<net id="215"><net_src comp="2" pin="0"/><net_sink comp="210" pin=1"/></net>

<net id="219"><net_src comp="216" pin="1"/><net_sink comp="112" pin=2"/></net>

<net id="223"><net_src comp="6" pin="0"/><net_sink comp="220" pin=0"/></net>

<net id="227"><net_src comp="4" pin="0"/><net_sink comp="224" pin=0"/></net>

<net id="231"><net_src comp="8" pin="0"/><net_sink comp="228" pin=0"/></net>

<net id="235"><net_src comp="10" pin="0"/><net_sink comp="232" pin=0"/></net>

<net id="246"><net_src comp="72" pin="0"/><net_sink comp="236" pin=0"/></net>

<net id="247"><net_src comp="74" pin="0"/><net_sink comp="236" pin=1"/></net>

<net id="248"><net_src comp="232" pin="1"/><net_sink comp="236" pin=2"/></net>

<net id="249"><net_src comp="76" pin="0"/><net_sink comp="236" pin=3"/></net>

<net id="250"><net_src comp="228" pin="1"/><net_sink comp="236" pin=4"/></net>

<net id="251"><net_src comp="224" pin="1"/><net_sink comp="236" pin=5"/></net>

<net id="252"><net_src comp="78" pin="0"/><net_sink comp="236" pin=6"/></net>

<net id="253"><net_src comp="220" pin="1"/><net_sink comp="236" pin=7"/></net>

<net id="257"><net_src comp="236" pin="8"/><net_sink comp="254" pin=0"/></net>

<net id="258"><net_src comp="254" pin="1"/><net_sink comp="112" pin=2"/></net>

<net id="262"><net_src comp="12" pin="0"/><net_sink comp="259" pin=0"/></net>

<net id="269"><net_src comp="80" pin="0"/><net_sink comp="263" pin=0"/></net>

<net id="270"><net_src comp="259" pin="1"/><net_sink comp="263" pin=1"/></net>

<net id="271"><net_src comp="78" pin="0"/><net_sink comp="263" pin=2"/></net>

<net id="272"><net_src comp="220" pin="1"/><net_sink comp="263" pin=3"/></net>

<net id="276"><net_src comp="263" pin="4"/><net_sink comp="273" pin=0"/></net>

<net id="277"><net_src comp="273" pin="1"/><net_sink comp="119" pin=2"/></net>

<net id="281"><net_src comp="126" pin="1"/><net_sink comp="278" pin=0"/></net>

<net id="285"><net_src comp="84" pin="3"/><net_sink comp="282" pin=0"/></net>

<net id="289"><net_src comp="140" pin="4"/><net_sink comp="286" pin=0"/></net>

<net id="290"><net_src comp="286" pin="1"/><net_sink comp="216" pin=0"/></net>

<net id="294"><net_src comp="98" pin="3"/><net_sink comp="291" pin=0"/></net>

</net_list>

</model> 
---------------- Datapath Model END ------------------

* FSMD analyzer results:
  - Output states:
	Port: qp_fsmState | {1 }
	Port: context_newState | {1 }
	Port: context_qp_num_V | {1 }
	Port: context_remote_psn_V | {1 }
	Port: context_local_psn_V | {1 }
	Port: context_r_key_V | {1 }
	Port: qpi2stateTable_upd_req | {2 }
	Port: if2msnTable_init | {2 }
 - Input state : 
	Port: qp_interface : s_axis_qp_interface | {1 }
	Port: qp_interface : qp_fsmState | {1 }
	Port: qp_interface : context_newState | {2 }
	Port: qp_interface : context_qp_num_V | {2 }
	Port: qp_interface : context_remote_psn_V | {2 }
	Port: qp_interface : context_local_psn_V | {2 }
	Port: qp_interface : context_r_key_V | {2 }
	Port: qp_interface : stateTable2qpi_rsp | {1 }
  - Chain level:
	State 1
		br_ln1880 : 1
		store_ln145 : 1
		store_ln145 : 1
		store_ln145 : 1
		store_ln145 : 1
		store_ln145 : 1
	State 2
		write_ln174 : 1
		zext_ln174_cast : 1
		zext_ln174 : 2
		write_ln174 : 3
		tmp_119_i : 1
		zext_ln174_40 : 2
		write_ln174 : 3


============================================================
+ Verbose Summary: Datapath Resource usage 
============================================================

* Functional unit list:
|----------|-------------------------------------|
| Operation|           Functional Unit           |
|----------|-------------------------------------|
| nbreadreq|        tmp_i_nbreadreq_fu_84        |
|          |      tmp_i_218_nbreadreq_fu_98      |
|----------|-------------------------------------|
|   read   | s_axis_qp_interface_read_read_fu_92 |
|          |           p_04_read_fu_106          |
|----------|-------------------------------------|
|   write  |           grp_write_fu_112          |
|          |       write_ln174_write_fu_119      |
|----------|-------------------------------------|
|   trunc  |          trunc_ln145_fu_130         |
|----------|-------------------------------------|
|          |         trunc_ln145_s_fu_140        |
|partselect|          tmp_115_i8_fu_156          |
|          |          tmp_116_i9_fu_172          |
|          |           tmp_117_i_fu_188          |
|----------|-------------------------------------|
|          |         zext_ln174_41_fu_216        |
|   zext   |          zext_ln174_fu_254          |
|          |         zext_ln174_40_fu_273        |
|----------|-------------------------------------|
|bitconcatenate|        zext_ln174_cast_fu_236       |
|          |           tmp_119_i_fu_263          |
|----------|-------------------------------------|
|   Total  |                                     |
|----------|-------------------------------------|

Memories:
N/A

* Register list:
+------------------------+--------+
|                        |   FF   |
+------------------------+--------+
|qp_fsmState_load_reg_278|    1   |
|    tmp_i_218_reg_291   |    1   |
|      tmp_i_reg_282     |    1   |
|  trunc_ln145_s_reg_286 |   16   |
+------------------------+--------+
|          Total         |   19   |
+------------------------+--------+

* Multiplexer (MUX) list: 
|------------------|------|------|------|--------||---------||---------|
|       Comp       |  Pin | Size |  BW  | S x BW ||  Delay  ||   LUT   |
|------------------|------|------|------|--------||---------||---------|
| grp_write_fu_112 |  p2  |   2  |  129 |   258  ||    9    |
|------------------|------|------|------|--------||---------||---------|
|       Total      |      |      |      |   258  ||  0.387  ||    9    |
|------------------|------|------|------|--------||---------||---------|



* Summary:
+-----------+--------+--------+--------+
|           |  Delay |   FF   |   LUT  |
+-----------+--------+--------+--------+
|  Function |    -   |    -   |    -   |
|   Memory  |    -   |    -   |    -   |
|Multiplexer|    0   |    -   |    9   |
|  Register |    -   |   19   |    -   |
+-----------+--------+--------+--------+
|   Total   |    0   |   19   |    9   |
+-----------+--------+--------+--------+
