

================================================================
== Vitis HLS Report for 'rshiftWordByOctet_routed_net_axis_512_1_512_12_s'
================================================================
* Date:           Tue Jul 11 09:32:27 2023

* Version:        2022.1 (Build 3526262 on Mon Apr 18 15:47:01 MDT 2022)
* Project:        rocev2_prj
* Solution:       solution1 (Vivado IP Flow Target)
* Product family: virtexuplus
* Target device:  xcu280-fsvh2892-2L-e


================================================================
== Performance Estimates
================================================================
+ Timing: 
    * Summary: 
    +--------+---------+----------+------------+
    |  Clock |  Target | Estimated| Uncertainty|
    +--------+---------+----------+------------+
    |ap_clk  |  3.20 ns|  2.663 ns|     0.86 ns|
    +--------+---------+----------+------------+

+ Latency: 
    * Summary: 
    +---------+---------+----------+----------+-----+-----+---------+
    |  Latency (cycles) |  Latency (absolute) |  Interval | Pipeline|
    |   min   |   max   |    min   |    max   | min | max |   Type  |
    +---------+---------+----------+----------+-----+-----+---------+
    |        1|        1|  3.200 ns|  3.200 ns|    1|    1|      yes|
    +---------+---------+----------+----------+-----+-----+---------+

    + Detail: 
        * Instance: 
        N/A

        * Loop: 
        N/A

============================================================
+ Verbose Summary: Synthesis Manager
============================================================
InlineROM: 1
ExposeGlobal: 0
============================================================
+ Verbose Summary: CDFG Model
============================================================
IsTopModel: 0
ResetActiveHigh: 1
IsCombinational: 2
IsDatapathOnly: 0
HasWiredReturn: 1
HasMFsm: 2
HasVarLatency: 0
IsPipeline: 1
IsRtlPipelined: 1
IsInstanceOverlapped: 0
IsDontTouch: 0
HasImplIP: 0
IsGatedGlobalClock: 0

+ Individual pipeline summary: 
  * Pipeline-0: initiation interval (II) = 1, depth = 2


============================================================
+ Verbose Summary: Schedule
============================================================
* Number of FSM states : 2
* Pipeline : 1
  Pipeline-0 : II = 1, D = 2, States = { 1 2 }
* Dataflow Pipeline: 0

* FSM state transitions: 
1 --> 2 
2 --> 

* FSM state operations: 

State 1 <SV = 0> <Delay = 2.66>
ST_1 : Operation 3 [1/1] (0.00ns)   --->   "%specinterface_ln0 = specinterface void @_ssdm_op_SpecInterface, i1024 %rx_exh2rethShiftFifo, void @empty_5, i32 0, i32 0, void @empty, i32 0, i32 0, void @empty, void @empty, void @empty, i32 0, i32 0, i32 0, i32 0, void @empty, void @empty, i32 4294967295, i32 0"   --->   Operation 3 'specinterface' 'specinterface_ln0' <Predicate = true> <Delay = 0.00>
ST_1 : Operation 4 [1/1] (0.00ns)   --->   "%specinterface_ln0 = specinterface void @_ssdm_op_SpecInterface, i1024 %rx_exh2rethShiftFifo, void @empty_5, i32 0, i32 0, void @empty, i32 0, i32 0, void @empty, void @empty, void @empty, i32 0, i32 0, i32 0, i32 0, void @empty, void @empty, i32 4294967295, i32 0"   --->   Operation 4 'specinterface' 'specinterface_ln0' <Predicate = true> <Delay = 0.00>
ST_1 : Operation 5 [1/1] (0.00ns)   --->   "%specinterface_ln0 = specinterface void @_ssdm_op_SpecInterface, i1024 %rx_exh2rethShiftFifo, void @empty_5, i32 0, i32 0, void @empty, i32 0, i32 0, void @empty, void @empty, void @empty, i32 0, i32 0, i32 0, i32 0, void @empty, void @empty, i32 4294967295, i32 0"   --->   Operation 5 'specinterface' 'specinterface_ln0' <Predicate = true> <Delay = 0.00>
ST_1 : Operation 6 [1/1] (0.00ns)   --->   "%specinterface_ln0 = specinterface void @_ssdm_op_SpecInterface, i1024 %rx_rethSift2mergerFifo, void @empty_5, i32 0, i32 0, void @empty, i32 0, i32 0, void @empty, void @empty, void @empty, i32 0, i32 0, i32 0, i32 0, void @empty, void @empty, i32 4294967295, i32 0"   --->   Operation 6 'specinterface' 'specinterface_ln0' <Predicate = true> <Delay = 0.00>
ST_1 : Operation 7 [1/1] (0.00ns)   --->   "%specinterface_ln0 = specinterface void @_ssdm_op_SpecInterface, i1024 %rx_rethSift2mergerFifo, void @empty_5, i32 0, i32 0, void @empty, i32 0, i32 0, void @empty, void @empty, void @empty, i32 0, i32 0, i32 0, i32 0, void @empty, void @empty, i32 4294967295, i32 0"   --->   Operation 7 'specinterface' 'specinterface_ln0' <Predicate = true> <Delay = 0.00>
ST_1 : Operation 8 [1/1] (0.00ns)   --->   "%specinterface_ln0 = specinterface void @_ssdm_op_SpecInterface, i1024 %rx_rethSift2mergerFifo, void @empty_5, i32 0, i32 0, void @empty, i32 0, i32 0, void @empty, void @empty, void @empty, i32 0, i32 0, i32 0, i32 0, void @empty, void @empty, i32 4294967295, i32 0"   --->   Operation 8 'specinterface' 'specinterface_ln0' <Predicate = true> <Delay = 0.00>
ST_1 : Operation 9 [1/1] (0.00ns)   --->   "%specinterface_ln0 = specinterface void @_ssdm_op_SpecInterface, i1024 %rx_rethSift2mergerFifo, void @empty_5, i32 0, i32 0, void @empty, i32 0, i32 0, void @empty, void @empty, void @empty, i32 0, i32 0, i32 0, i32 0, void @empty, void @empty, i32 4294967295, i32 0"   --->   Operation 9 'specinterface' 'specinterface_ln0' <Predicate = true> <Delay = 0.00>
ST_1 : Operation 10 [1/1] (0.00ns)   --->   "%specinterface_ln0 = specinterface void @_ssdm_op_SpecInterface, i1024 %rx_exh2rethShiftFifo, void @empty_5, i32 0, i32 0, void @empty, i32 0, i32 0, void @empty, void @empty, void @empty, i32 0, i32 0, i32 0, i32 0, void @empty, void @empty, i32 4294967295, i32 0"   --->   Operation 10 'specinterface' 'specinterface_ln0' <Predicate = true> <Delay = 0.00>
ST_1 : Operation 11 [1/1] (0.00ns)   --->   "%specpipeline_ln430 = specpipeline void @_ssdm_op_SpecPipeline, i32 1, i32 0, i32 0, i32 0, void @empty" [/mnt/scratch/pyuvaraj/Vitis_RoCE_W/Vitis_RoCE/fpga-network-stack/hls/rocev2/../ib_transport_protocol/../axi_utils.hpp:430]   --->   Operation 11 'specpipeline' 'specpipeline_ln430' <Predicate = true> <Delay = 0.00>
ST_1 : Operation 12 [1/1] (0.00ns)   --->   "%fsmState_1_load = load i1 %fsmState_1" [/mnt/scratch/pyuvaraj/Vitis_RoCE_W/Vitis_RoCE/fpga-network-stack/hls/rocev2/../ib_transport_protocol/../axi_utils.hpp:446]   --->   Operation 12 'load' 'fsmState_1_load' <Predicate = true> <Delay = 0.00>
ST_1 : Operation 13 [1/1] (0.00ns)   --->   "%p_Val2_s = load i512 %prevWord_data_V_8"   --->   Operation 13 'load' 'p_Val2_s' <Predicate = true> <Delay = 0.00>
ST_1 : Operation 14 [1/1] (0.00ns)   --->   "%p_Val2_11 = load i64 %prevWord_keep_V_5"   --->   Operation 14 'load' 'p_Val2_11' <Predicate = true> <Delay = 0.00>
ST_1 : Operation 15 [1/1] (0.00ns)   --->   "%br_ln446 = br i1 %fsmState_1_load, void %sw.bb.i, void %sw.bb57.i" [/mnt/scratch/pyuvaraj/Vitis_RoCE_W/Vitis_RoCE/fpga-network-stack/hls/rocev2/../ib_transport_protocol/../axi_utils.hpp:446]   --->   Operation 15 'br' 'br_ln446' <Predicate = true> <Delay = 0.00>
ST_1 : Operation 16 [1/1] (0.00ns)   --->   "%tmp_i = nbreadreq i1 @_ssdm_op_NbReadReq.ap_fifo.i1024P0A, i1024 %rx_exh2rethShiftFifo, i32 1" [/tools/Xilinx/Vitis_HLS/2022.1/common/technology/autopilot/hls_stream_39.h:136]   --->   Operation 16 'nbreadreq' 'tmp_i' <Predicate = (!fsmState_1_load)> <Delay = 0.00> <CoreInst = "FIFO">   --->   Core 78 'FIFO' <Latency = 0> <II = 1> <Delay = 1.28> <Storage> <Opcode : 'read' 'write' 'nbread' 'nbwrite'> <Ports = 0> <Width = 1024> <Depth = 4> <FIFO>
ST_1 : Operation 17 [1/1] (0.00ns)   --->   "%br_ln449 = br i1 %tmp_i, void %if.end56.i, void %if.then.i" [/mnt/scratch/pyuvaraj/Vitis_RoCE_W/Vitis_RoCE/fpga-network-stack/hls/rocev2/../ib_transport_protocol/../axi_utils.hpp:449]   --->   Operation 17 'br' 'br_ln449' <Predicate = (!fsmState_1_load)> <Delay = 0.00>
ST_1 : Operation 18 [1/1] (1.16ns)   --->   "%rx_exh2rethShiftFifo_read = read i1024 @_ssdm_op_Read.ap_fifo.volatile.i1024P0A, i1024 %rx_exh2rethShiftFifo" [/tools/Xilinx/Vitis_HLS/2022.1/common/technology/autopilot/hls_stream_39.h:145]   --->   Operation 18 'read' 'rx_exh2rethShiftFifo_read' <Predicate = (!fsmState_1_load & tmp_i)> <Delay = 1.16> <CoreInst = "FIFO">   --->   Core 78 'FIFO' <Latency = 0> <II = 1> <Delay = 1.28> <Storage> <Opcode : 'read' 'write' 'nbread' 'nbwrite'> <Ports = 0> <Width = 1024> <Depth = 4> <FIFO>
ST_1 : Operation 19 [1/1] (0.00ns)   --->   "%currWord_data_V = trunc i1024 %rx_exh2rethShiftFifo_read" [/tools/Xilinx/Vitis_HLS/2022.1/common/technology/autopilot/hls_stream_39.h:145]   --->   Operation 19 'trunc' 'currWord_data_V' <Predicate = (!fsmState_1_load & tmp_i)> <Delay = 0.00>
ST_1 : Operation 20 [1/1] (0.00ns)   --->   "%currWord_keep_V = partselect i64 @_ssdm_op_PartSelect.i64.i1024.i32.i32, i1024 %rx_exh2rethShiftFifo_read, i32 512, i32 575" [/tools/Xilinx/Vitis_HLS/2022.1/common/technology/autopilot/hls_stream_39.h:145]   --->   Operation 20 'partselect' 'currWord_keep_V' <Predicate = (!fsmState_1_load & tmp_i)> <Delay = 0.00>
ST_1 : Operation 21 [1/1] (0.00ns)   --->   "%currWord_last_V = bitselect i1 @_ssdm_op_BitSelect.i1.i1024.i1024, i1024 %rx_exh2rethShiftFifo_read, i1024 576" [/tools/Xilinx/Vitis_HLS/2022.1/common/technology/autopilot/hls_stream_39.h:145]   --->   Operation 21 'bitselect' 'currWord_last_V' <Predicate = (!fsmState_1_load & tmp_i)> <Delay = 0.00>
ST_1 : Operation 22 [1/1] (0.00ns)   --->   "%rs_firstWord_1_load = load i1 %rs_firstWord_1" [/mnt/scratch/pyuvaraj/Vitis_RoCE_W/Vitis_RoCE/fpga-network-stack/hls/rocev2/../ib_transport_protocol/../axi_utils.hpp:453]   --->   Operation 22 'load' 'rs_firstWord_1_load' <Predicate = (!fsmState_1_load & tmp_i)> <Delay = 0.00>
ST_1 : Operation 23 [1/1] (0.38ns)   --->   "%br_ln453 = br i1 %rs_firstWord_1_load, void %if.else.i, void %if.end45.i" [/mnt/scratch/pyuvaraj/Vitis_RoCE_W/Vitis_RoCE/fpga-network-stack/hls/rocev2/../ib_transport_protocol/../axi_utils.hpp:453]   --->   Operation 23 'br' 'br_ln453' <Predicate = (!fsmState_1_load & tmp_i)> <Delay = 0.38>
ST_1 : Operation 24 [1/1] (0.00ns)   --->   "%trunc_ln674 = trunc i1024 %rx_exh2rethShiftFifo_read"   --->   Operation 24 'trunc' 'trunc_ln674' <Predicate = (!fsmState_1_load & tmp_i & !rs_firstWord_1_load)> <Delay = 0.00>
ST_1 : Operation 25 [1/1] (0.00ns)   --->   "%tmp_99_i6 = partselect i16 @_ssdm_op_PartSelect.i16.i1024.i32.i32, i1024 %rx_exh2rethShiftFifo_read, i32 512, i32 527"   --->   Operation 25 'partselect' 'tmp_99_i6' <Predicate = (!fsmState_1_load & tmp_i & !rs_firstWord_1_load)> <Delay = 0.00>
ST_1 : Operation 26 [1/1] (0.00ns)   --->   "%tmp_100_i7 = partselect i48 @_ssdm_op_PartSelect.i48.i1024.i32.i32, i1024 %rx_exh2rethShiftFifo_read, i32 528, i32 575"   --->   Operation 26 'partselect' 'tmp_100_i7' <Predicate = (!fsmState_1_load & tmp_i & !rs_firstWord_1_load)> <Delay = 0.00>
ST_1 : Operation 27 [1/1] (0.98ns)   --->   "%sendWord_last_V = icmp_eq  i48 %tmp_100_i7, i48 0"   --->   Operation 27 'icmp' 'sendWord_last_V' <Predicate = (!fsmState_1_load & tmp_i & !rs_firstWord_1_load)> <Delay = 0.98> <CoreInst = "Cmp">   --->   Core 9 'Cmp' <Latency = 0> <II = 1> <Delay = 0.98> <FuncUnit> <Opcode : 'icmp'> <InPorts = 2> <OutPorts = 1>
ST_1 : Operation 28 [1/1] (0.00ns)   --->   "%tmp_23 = bitselect i1 @_ssdm_op_BitSelect.i1.i1024.i1024, i1024 %rx_exh2rethShiftFifo_read, i1024 584" [/tools/Xilinx/Vitis_HLS/2022.1/common/technology/autopilot/hls_stream_39.h:174]   --->   Operation 28 'bitselect' 'tmp_23' <Predicate = (!fsmState_1_load & tmp_i & !rs_firstWord_1_load)> <Delay = 0.00>
ST_1 : Operation 29 [1/1] (0.38ns)   --->   "%br_ln472 = br void %if.end45.i" [/mnt/scratch/pyuvaraj/Vitis_RoCE_W/Vitis_RoCE/fpga-network-stack/hls/rocev2/../ib_transport_protocol/../axi_utils.hpp:472]   --->   Operation 29 'br' 'br_ln472' <Predicate = (!fsmState_1_load & tmp_i & !rs_firstWord_1_load)> <Delay = 0.38>
ST_1 : Operation 30 [1/1] (0.00ns)   --->   "%empty = phi i1 %sendWord_last_V, void %if.else.i, i1 0, void %if.then.i"   --->   Operation 30 'phi' 'empty' <Predicate = (!fsmState_1_load & tmp_i)> <Delay = 0.00>
ST_1 : Operation 31 [1/1] (0.00ns)   --->   "%store_ln474 = store i512 %currWord_data_V, i512 %prevWord_data_V_8" [/mnt/scratch/pyuvaraj/Vitis_RoCE_W/Vitis_RoCE/fpga-network-stack/hls/rocev2/../ib_transport_protocol/../axi_utils.hpp:474]   --->   Operation 31 'store' 'store_ln474' <Predicate = (!fsmState_1_load & tmp_i)> <Delay = 0.00>
ST_1 : Operation 32 [1/1] (0.00ns)   --->   "%store_ln474 = store i64 %currWord_keep_V, i64 %prevWord_keep_V_5" [/mnt/scratch/pyuvaraj/Vitis_RoCE_W/Vitis_RoCE/fpga-network-stack/hls/rocev2/../ib_transport_protocol/../axi_utils.hpp:474]   --->   Operation 32 'store' 'store_ln474' <Predicate = (!fsmState_1_load & tmp_i)> <Delay = 0.00>
ST_1 : Operation 33 [1/1] (0.38ns)   --->   "%br_ln476 = br i1 %currWord_last_V, void %mergeST.i, void %if.then48.i" [/mnt/scratch/pyuvaraj/Vitis_RoCE_W/Vitis_RoCE/fpga-network-stack/hls/rocev2/../ib_transport_protocol/../axi_utils.hpp:476]   --->   Operation 33 'br' 'br_ln476' <Predicate = (!fsmState_1_load & tmp_i)> <Delay = 0.38>
ST_1 : Operation 34 [1/1] (0.00ns)   --->   "%br_ln480 = br i1 %empty, void %if.then53.i, void %if.end54.i" [/mnt/scratch/pyuvaraj/Vitis_RoCE_W/Vitis_RoCE/fpga-network-stack/hls/rocev2/../ib_transport_protocol/../axi_utils.hpp:480]   --->   Operation 34 'br' 'br_ln480' <Predicate = (!fsmState_1_load & tmp_i & currWord_last_V)> <Delay = 0.00>
ST_1 : Operation 35 [1/1] (0.38ns)   --->   "%store_ln482 = store i1 1, i1 %fsmState_1" [/mnt/scratch/pyuvaraj/Vitis_RoCE_W/Vitis_RoCE/fpga-network-stack/hls/rocev2/../ib_transport_protocol/../axi_utils.hpp:482]   --->   Operation 35 'store' 'store_ln482' <Predicate = (!fsmState_1_load & tmp_i & currWord_last_V & !empty)> <Delay = 0.38>
ST_1 : Operation 36 [1/1] (0.00ns)   --->   "%br_ln483 = br void %if.end54.i" [/mnt/scratch/pyuvaraj/Vitis_RoCE_W/Vitis_RoCE/fpga-network-stack/hls/rocev2/../ib_transport_protocol/../axi_utils.hpp:483]   --->   Operation 36 'br' 'br_ln483' <Predicate = (!fsmState_1_load & tmp_i & currWord_last_V & !empty)> <Delay = 0.00>
ST_1 : Operation 37 [1/1] (0.38ns)   --->   "%br_ln484 = br void %mergeST.i" [/mnt/scratch/pyuvaraj/Vitis_RoCE_W/Vitis_RoCE/fpga-network-stack/hls/rocev2/../ib_transport_protocol/../axi_utils.hpp:484]   --->   Operation 37 'br' 'br_ln484' <Predicate = (!fsmState_1_load & tmp_i & currWord_last_V)> <Delay = 0.38>
ST_1 : Operation 38 [1/1] (0.00ns)   --->   "%rs_firstWord_5_new_0_i = phi i1 1, void %if.end54.i, i1 0, void %if.end45.i"   --->   Operation 38 'phi' 'rs_firstWord_5_new_0_i' <Predicate = (!fsmState_1_load & tmp_i)> <Delay = 0.00>
ST_1 : Operation 39 [1/1] (0.00ns)   --->   "%store_ln475 = store i1 %rs_firstWord_5_new_0_i, i1 %rs_firstWord_1" [/mnt/scratch/pyuvaraj/Vitis_RoCE_W/Vitis_RoCE/fpga-network-stack/hls/rocev2/../ib_transport_protocol/../axi_utils.hpp:475]   --->   Operation 39 'store' 'store_ln475' <Predicate = (!fsmState_1_load & tmp_i)> <Delay = 0.00>
ST_1 : Operation 40 [1/1] (0.00ns)   --->   "%br_ln486 = br void %if.end56.i" [/mnt/scratch/pyuvaraj/Vitis_RoCE_W/Vitis_RoCE/fpga-network-stack/hls/rocev2/../ib_transport_protocol/../axi_utils.hpp:486]   --->   Operation 40 'br' 'br_ln486' <Predicate = (!fsmState_1_load & tmp_i)> <Delay = 0.00>
ST_1 : Operation 41 [1/1] (0.00ns)   --->   "%br_ln487 = br void %rshiftWordByOctet<routed_net_axis<512, 1>, 512, 12>.exit" [/mnt/scratch/pyuvaraj/Vitis_RoCE_W/Vitis_RoCE/fpga-network-stack/hls/rocev2/../ib_transport_protocol/../axi_utils.hpp:487]   --->   Operation 41 'br' 'br_ln487' <Predicate = (!fsmState_1_load)> <Delay = 0.00>
ST_1 : Operation 42 [1/1] (0.38ns)   --->   "%store_ln498 = store i1 0, i1 %fsmState_1" [/mnt/scratch/pyuvaraj/Vitis_RoCE_W/Vitis_RoCE/fpga-network-stack/hls/rocev2/../ib_transport_protocol/../axi_utils.hpp:498]   --->   Operation 42 'store' 'store_ln498' <Predicate = (fsmState_1_load)> <Delay = 0.38>

State 2 <SV = 1> <Delay = 1.16>
ST_2 : Operation 43 [1/1] (0.00ns)   --->   "%tmp_96_i5 = partselect i384 @_ssdm_op_PartSelect.i384.i512.i32.i32, i512 %p_Val2_s, i32 128, i32 511"   --->   Operation 43 'partselect' 'tmp_96_i5' <Predicate = (!fsmState_1_load & tmp_i & !rs_firstWord_1_load)> <Delay = 0.00>
ST_2 : Operation 44 [1/1] (0.00ns)   --->   "%tmp = partselect i48 @_ssdm_op_PartSelect.i48.i64.i32.i32, i64 %p_Val2_11, i32 16, i32 63" [/tools/Xilinx/Vitis_HLS/2022.1/common/technology/autopilot/hls_stream_39.h:174]   --->   Operation 44 'partselect' 'tmp' <Predicate = (!fsmState_1_load & tmp_i & !rs_firstWord_1_load)> <Delay = 0.00>
ST_2 : Operation 45 [1/1] (0.00ns)   --->   "%or_ln174_s = bitconcatenate i586 @_ssdm_op_BitConcatenate.i586.i1.i1.i7.i1.i16.i48.i128.i384, i1 0, i1 %tmp_23, i7 0, i1 %sendWord_last_V, i16 %tmp_99_i6, i48 %tmp, i128 %trunc_ln674, i384 %tmp_96_i5" [/tools/Xilinx/Vitis_HLS/2022.1/common/technology/autopilot/hls_stream_39.h:174]   --->   Operation 45 'bitconcatenate' 'or_ln174_s' <Predicate = (!fsmState_1_load & tmp_i & !rs_firstWord_1_load)> <Delay = 0.00>
ST_2 : Operation 46 [1/1] (0.00ns)   --->   "%zext_ln174_37 = zext i586 %or_ln174_s" [/tools/Xilinx/Vitis_HLS/2022.1/common/technology/autopilot/hls_stream_39.h:174]   --->   Operation 46 'zext' 'zext_ln174_37' <Predicate = (!fsmState_1_load & tmp_i & !rs_firstWord_1_load)> <Delay = 0.00>
ST_2 : Operation 47 [1/1] (1.16ns)   --->   "%write_ln174 = write void @_ssdm_op_Write.ap_fifo.volatile.i1024P0A, i1024 %rx_rethSift2mergerFifo, i1024 %zext_ln174_37" [/tools/Xilinx/Vitis_HLS/2022.1/common/technology/autopilot/hls_stream_39.h:174]   --->   Operation 47 'write' 'write_ln174' <Predicate = (!fsmState_1_load & tmp_i & !rs_firstWord_1_load)> <Delay = 1.16> <CoreInst = "FIFO">   --->   Core 78 'FIFO' <Latency = 0> <II = 1> <Delay = 1.28> <Storage> <Opcode : 'read' 'write' 'nbread' 'nbwrite'> <Ports = 0> <Width = 1024> <Depth = 4> <FIFO>
ST_2 : Operation 48 [1/1] (0.00ns)   --->   "%tmp_i8 = partselect i384 @_ssdm_op_PartSelect.i384.i512.i32.i32, i512 %p_Val2_s, i32 128, i32 511"   --->   Operation 48 'partselect' 'tmp_i8' <Predicate = (fsmState_1_load)> <Delay = 0.00>
ST_2 : Operation 49 [1/1] (0.00ns)   --->   "%tmp_95_i9 = partselect i48 @_ssdm_op_PartSelect.i48.i64.i32.i32, i64 %p_Val2_11, i32 16, i32 63"   --->   Operation 49 'partselect' 'tmp_95_i9' <Predicate = (fsmState_1_load)> <Delay = 0.00>
ST_2 : Operation 50 [1/1] (0.00ns)   --->   "%zext_ln174_cast = bitconcatenate i577 @_ssdm_op_BitConcatenate.i577.i17.i48.i128.i384, i17 65536, i48 %tmp_95_i9, i128 0, i384 %tmp_i8" [/tools/Xilinx/Vitis_HLS/2022.1/common/technology/autopilot/hls_stream_39.h:174]   --->   Operation 50 'bitconcatenate' 'zext_ln174_cast' <Predicate = (fsmState_1_load)> <Delay = 0.00>
ST_2 : Operation 51 [1/1] (0.00ns)   --->   "%zext_ln174 = zext i577 %zext_ln174_cast" [/tools/Xilinx/Vitis_HLS/2022.1/common/technology/autopilot/hls_stream_39.h:174]   --->   Operation 51 'zext' 'zext_ln174' <Predicate = (fsmState_1_load)> <Delay = 0.00>
ST_2 : Operation 52 [1/1] (1.16ns)   --->   "%write_ln174 = write void @_ssdm_op_Write.ap_fifo.volatile.i1024P0A, i1024 %rx_rethSift2mergerFifo, i1024 %zext_ln174" [/tools/Xilinx/Vitis_HLS/2022.1/common/technology/autopilot/hls_stream_39.h:174]   --->   Operation 52 'write' 'write_ln174' <Predicate = (fsmState_1_load)> <Delay = 1.16> <CoreInst = "FIFO">   --->   Core 78 'FIFO' <Latency = 0> <II = 1> <Delay = 1.28> <Storage> <Opcode : 'read' 'write' 'nbread' 'nbwrite'> <Ports = 0> <Width = 1024> <Depth = 4> <FIFO>
ST_2 : Operation 53 [1/1] (0.00ns)   --->   "%br_ln499 = br void %rshiftWordByOctet<routed_net_axis<512, 1>, 512, 12>.exit" [/mnt/scratch/pyuvaraj/Vitis_RoCE_W/Vitis_RoCE/fpga-network-stack/hls/rocev2/../ib_transport_protocol/../axi_utils.hpp:499]   --->   Operation 53 'br' 'br_ln499' <Predicate = (fsmState_1_load)> <Delay = 0.00>
ST_2 : Operation 54 [1/1] (0.00ns)   --->   "%ret_ln0 = ret"   --->   Operation 54 'ret' 'ret_ln0' <Predicate = true> <Delay = 0.00>


============================================================
+ Verbose Summary: Binding
============================================================
STG Binding: 
---------------- STG Properties BEGIN ----------------
- Is combinational: 0
- Is one-state seq: 0
- Is datapath-only: 0
- Is pipelined: 1
- Is top level: 0
Port [ Return ] is wired: 1; IO mode=ap_ctrl_hs:ce=0
Port [ fsmState_1]:  wired=0; compound=0; hidden=1; nouse=0; global=1; static=1; extern=0; dir=2; type=0; pingpong=0; private_global=1; IO mode=ap_ovld:ce=0
Port [ prevWord_data_V_8]:  wired=0; compound=0; hidden=1; nouse=0; global=1; static=1; extern=0; dir=2; type=0; pingpong=0; private_global=1; IO mode=ap_ovld:ce=0
Port [ prevWord_keep_V_5]:  wired=0; compound=0; hidden=1; nouse=0; global=1; static=1; extern=0; dir=2; type=0; pingpong=0; private_global=1; IO mode=ap_ovld:ce=0
Port [ rx_exh2rethShiftFifo]:  wired=1; compound=1; hidden=0; nouse=0; global=1; static=1; extern=0; dir=0; type=3; pingpong=0; private_global=0; IO mode=ap_fifo:ce=0
Port [ rs_firstWord_1]:  wired=0; compound=0; hidden=1; nouse=0; global=1; static=1; extern=0; dir=2; type=0; pingpong=0; private_global=1; IO mode=ap_ovld:ce=0
Port [ rx_rethSift2mergerFifo]:  wired=1; compound=1; hidden=0; nouse=0; global=1; static=1; extern=0; dir=1; type=3; pingpong=0; private_global=0; IO mode=ap_fifo:ce=0
---------------- STG Properties END ------------------

---------------- Datapath Model BEGIN ----------------

<LifeTime>
<method=bitvector/>
specinterface_ln0         (specinterface ) [ 000]
specinterface_ln0         (specinterface ) [ 000]
specinterface_ln0         (specinterface ) [ 000]
specinterface_ln0         (specinterface ) [ 000]
specinterface_ln0         (specinterface ) [ 000]
specinterface_ln0         (specinterface ) [ 000]
specinterface_ln0         (specinterface ) [ 000]
specinterface_ln0         (specinterface ) [ 000]
specpipeline_ln430        (specpipeline  ) [ 000]
fsmState_1_load           (load          ) [ 011]
p_Val2_s                  (load          ) [ 011]
p_Val2_11                 (load          ) [ 011]
br_ln446                  (br            ) [ 000]
tmp_i                     (nbreadreq     ) [ 011]
br_ln449                  (br            ) [ 000]
rx_exh2rethShiftFifo_read (read          ) [ 000]
currWord_data_V           (trunc         ) [ 000]
currWord_keep_V           (partselect    ) [ 000]
currWord_last_V           (bitselect     ) [ 010]
rs_firstWord_1_load       (load          ) [ 011]
br_ln453                  (br            ) [ 000]
trunc_ln674               (trunc         ) [ 011]
tmp_99_i6                 (partselect    ) [ 011]
tmp_100_i7                (partselect    ) [ 000]
sendWord_last_V           (icmp          ) [ 011]
tmp_23                    (bitselect     ) [ 011]
br_ln472                  (br            ) [ 000]
empty                     (phi           ) [ 010]
store_ln474               (store         ) [ 000]
store_ln474               (store         ) [ 000]
br_ln476                  (br            ) [ 000]
br_ln480                  (br            ) [ 000]
store_ln482               (store         ) [ 000]
br_ln483                  (br            ) [ 000]
br_ln484                  (br            ) [ 000]
rs_firstWord_5_new_0_i    (phi           ) [ 000]
store_ln475               (store         ) [ 000]
br_ln486                  (br            ) [ 000]
br_ln487                  (br            ) [ 000]
store_ln498               (store         ) [ 000]
tmp_96_i5                 (partselect    ) [ 000]
tmp                       (partselect    ) [ 000]
or_ln174_s                (bitconcatenate) [ 000]
zext_ln174_37             (zext          ) [ 000]
write_ln174               (write         ) [ 000]
tmp_i8                    (partselect    ) [ 000]
tmp_95_i9                 (partselect    ) [ 000]
zext_ln174_cast           (bitconcatenate) [ 000]
zext_ln174                (zext          ) [ 000]
write_ln174               (write         ) [ 000]
br_ln499                  (br            ) [ 000]
ret_ln0                   (ret           ) [ 000]
</LifeTime>

<model>

<comp_list>
<comp id="0" class="1000" name="fsmState_1">
<pin_list>
<pin id="1" dir="1" index="0" bw="1" slack="0"/>
</pin_list>
<bind>
<StgValue><ssdm name="fsmState_1"/></StgValue>
</bind>
</comp>

<comp id="2" class="1000" name="prevWord_data_V_8">
<pin_list>
<pin id="3" dir="1" index="0" bw="1" slack="0"/>
</pin_list>
<bind>
<StgValue><ssdm name="prevWord_data_V_8"/></StgValue>
</bind>
</comp>

<comp id="4" class="1000" name="prevWord_keep_V_5">
<pin_list>
<pin id="5" dir="1" index="0" bw="1" slack="0"/>
</pin_list>
<bind>
<StgValue><ssdm name="prevWord_keep_V_5"/></StgValue>
</bind>
</comp>

<comp id="6" class="1000" name="rx_exh2rethShiftFifo">
<pin_list>
<pin id="7" dir="1" index="0" bw="1" slack="0"/>
</pin_list>
<bind>
<StgValue><ssdm name="rx_exh2rethShiftFifo"/></StgValue>
</bind>
</comp>

<comp id="8" class="1000" name="rs_firstWord_1">
<pin_list>
<pin id="9" dir="1" index="0" bw="1" slack="0"/>
</pin_list>
<bind>
<StgValue><ssdm name="rs_firstWord_1"/></StgValue>
</bind>
</comp>

<comp id="10" class="1000" name="rx_rethSift2mergerFifo">
<pin_list>
<pin id="11" dir="1" index="0" bw="1" slack="0"/>
</pin_list>
<bind>
<StgValue><ssdm name="rx_rethSift2mergerFifo"/></StgValue>
</bind>
</comp>

<comp id="12" class="1001" name="const_12">
<pin_list>
<pin id="13" dir="1" index="0" bw="1" slack="2147483647"/>
</pin_list>
<bind>
<StgValue><ssdm name="_ssdm_op_SpecInterface"/></StgValue>
</bind>
</comp>

<comp id="14" class="1001" name="const_14">
<pin_list>
<pin id="15" dir="1" index="0" bw="1" slack="2147483647"/>
</pin_list>
<bind>
<StgValue><ssdm name="empty_5"/></StgValue>
</bind>
</comp>

<comp id="16" class="1001" name="const_16">
<pin_list>
<pin id="17" dir="1" index="0" bw="1" slack="2147483647"/>
</pin_list>
<bind>
<StgValue><ssdm name=""/></StgValue>
</bind>
</comp>

<comp id="18" class="1001" name="const_18">
<pin_list>
<pin id="19" dir="1" index="0" bw="1" slack="2147483647"/>
</pin_list>
<bind>
<StgValue><ssdm name="empty"/></StgValue>
</bind>
</comp>

<comp id="20" class="1001" name="const_20">
<pin_list>
<pin id="21" dir="1" index="0" bw="1" slack="2147483647"/>
</pin_list>
<bind>
<StgValue><ssdm name=""/></StgValue>
</bind>
</comp>

<comp id="22" class="1001" name="const_22">
<pin_list>
<pin id="23" dir="1" index="0" bw="1" slack="2147483647"/>
</pin_list>
<bind>
<StgValue><ssdm name="_ssdm_op_SpecPipeline"/></StgValue>
</bind>
</comp>

<comp id="24" class="1001" name="const_24">
<pin_list>
<pin id="25" dir="1" index="0" bw="1" slack="0"/>
</pin_list>
<bind>
<StgValue><ssdm name=""/></StgValue>
</bind>
</comp>

<comp id="26" class="1001" name="const_26">
<pin_list>
<pin id="27" dir="1" index="0" bw="1" slack="0"/>
</pin_list>
<bind>
<StgValue><ssdm name="_ssdm_op_NbReadReq.ap_fifo.i1024P0A"/></StgValue>
</bind>
</comp>

<comp id="28" class="1001" name="const_28">
<pin_list>
<pin id="29" dir="1" index="0" bw="1" slack="0"/>
</pin_list>
<bind>
<StgValue><ssdm name="_ssdm_op_Read.ap_fifo.volatile.i1024P0A"/></StgValue>
</bind>
</comp>

<comp id="30" class="1001" name="const_30">
<pin_list>
<pin id="31" dir="1" index="0" bw="1" slack="0"/>
</pin_list>
<bind>
<StgValue><ssdm name="_ssdm_op_PartSelect.i64.i1024.i32.i32"/></StgValue>
</bind>
</comp>

<comp id="32" class="1001" name="const_32">
<pin_list>
<pin id="33" dir="1" index="0" bw="1" slack="0"/>
</pin_list>
<bind>
<StgValue><ssdm name=""/></StgValue>
</bind>
</comp>

<comp id="34" class="1001" name="const_34">
<pin_list>
<pin id="35" dir="1" index="0" bw="1" slack="0"/>
</pin_list>
<bind>
<StgValue><ssdm name=""/></StgValue>
</bind>
</comp>

<comp id="36" class="1001" name="const_36">
<pin_list>
<pin id="37" dir="1" index="0" bw="1" slack="0"/>
</pin_list>
<bind>
<StgValue><ssdm name="_ssdm_op_BitSelect.i1.i1024.i1024"/></StgValue>
</bind>
</comp>

<comp id="38" class="1001" name="const_38">
<pin_list>
<pin id="39" dir="1" index="0" bw="1" slack="0"/>
</pin_list>
<bind>
<StgValue><ssdm name=""/></StgValue>
</bind>
</comp>

<comp id="40" class="1001" name="const_40">
<pin_list>
<pin id="41" dir="1" index="0" bw="1" slack="0"/>
</pin_list>
<bind>
<StgValue><ssdm name="_ssdm_op_PartSelect.i16.i1024.i32.i32"/></StgValue>
</bind>
</comp>

<comp id="42" class="1001" name="const_42">
<pin_list>
<pin id="43" dir="1" index="0" bw="1" slack="0"/>
</pin_list>
<bind>
<StgValue><ssdm name=""/></StgValue>
</bind>
</comp>

<comp id="44" class="1001" name="const_44">
<pin_list>
<pin id="45" dir="1" index="0" bw="1" slack="0"/>
</pin_list>
<bind>
<StgValue><ssdm name="_ssdm_op_PartSelect.i48.i1024.i32.i32"/></StgValue>
</bind>
</comp>

<comp id="46" class="1001" name="const_46">
<pin_list>
<pin id="47" dir="1" index="0" bw="1" slack="0"/>
</pin_list>
<bind>
<StgValue><ssdm name=""/></StgValue>
</bind>
</comp>

<comp id="48" class="1001" name="const_48">
<pin_list>
<pin id="49" dir="1" index="0" bw="1" slack="0"/>
</pin_list>
<bind>
<StgValue><ssdm name=""/></StgValue>
</bind>
</comp>

<comp id="50" class="1001" name="const_50">
<pin_list>
<pin id="51" dir="1" index="0" bw="1" slack="0"/>
</pin_list>
<bind>
<StgValue><ssdm name=""/></StgValue>
</bind>
</comp>

<comp id="52" class="1001" name="const_52">
<pin_list>
<pin id="53" dir="1" index="0" bw="1" slack="0"/>
</pin_list>
<bind>
<StgValue><ssdm name=""/></StgValue>
</bind>
</comp>

<comp id="54" class="1001" name="const_54">
<pin_list>
<pin id="55" dir="1" index="0" bw="1" slack="0"/>
</pin_list>
<bind>
<StgValue><ssdm name=""/></StgValue>
</bind>
</comp>

<comp id="56" class="1001" name="const_56">
<pin_list>
<pin id="57" dir="1" index="0" bw="1" slack="0"/>
</pin_list>
<bind>
<StgValue><ssdm name="_ssdm_op_PartSelect.i384.i512.i32.i32"/></StgValue>
</bind>
</comp>

<comp id="58" class="1001" name="const_58">
<pin_list>
<pin id="59" dir="1" index="0" bw="1" slack="0"/>
</pin_list>
<bind>
<StgValue><ssdm name=""/></StgValue>
</bind>
</comp>

<comp id="60" class="1001" name="const_60">
<pin_list>
<pin id="61" dir="1" index="0" bw="1" slack="0"/>
</pin_list>
<bind>
<StgValue><ssdm name=""/></StgValue>
</bind>
</comp>

<comp id="62" class="1001" name="const_62">
<pin_list>
<pin id="63" dir="1" index="0" bw="1" slack="0"/>
</pin_list>
<bind>
<StgValue><ssdm name="_ssdm_op_PartSelect.i48.i64.i32.i32"/></StgValue>
</bind>
</comp>

<comp id="64" class="1001" name="const_64">
<pin_list>
<pin id="65" dir="1" index="0" bw="1" slack="0"/>
</pin_list>
<bind>
<StgValue><ssdm name=""/></StgValue>
</bind>
</comp>

<comp id="66" class="1001" name="const_66">
<pin_list>
<pin id="67" dir="1" index="0" bw="1" slack="0"/>
</pin_list>
<bind>
<StgValue><ssdm name=""/></StgValue>
</bind>
</comp>

<comp id="68" class="1001" name="const_68">
<pin_list>
<pin id="69" dir="1" index="0" bw="1" slack="0"/>
</pin_list>
<bind>
<StgValue><ssdm name="_ssdm_op_BitConcatenate.i586.i1.i1.i7.i1.i16.i48.i128.i384"/></StgValue>
</bind>
</comp>

<comp id="70" class="1001" name="const_70">
<pin_list>
<pin id="71" dir="1" index="0" bw="1" slack="0"/>
</pin_list>
<bind>
<StgValue><ssdm name=""/></StgValue>
</bind>
</comp>

<comp id="72" class="1001" name="const_72">
<pin_list>
<pin id="73" dir="1" index="0" bw="1" slack="0"/>
</pin_list>
<bind>
<StgValue><ssdm name="_ssdm_op_Write.ap_fifo.volatile.i1024P0A"/></StgValue>
</bind>
</comp>

<comp id="74" class="1001" name="const_74">
<pin_list>
<pin id="75" dir="1" index="0" bw="1" slack="0"/>
</pin_list>
<bind>
<StgValue><ssdm name="_ssdm_op_BitConcatenate.i577.i17.i48.i128.i384"/></StgValue>
</bind>
</comp>

<comp id="76" class="1001" name="const_76">
<pin_list>
<pin id="77" dir="1" index="0" bw="1" slack="0"/>
</pin_list>
<bind>
<StgValue><ssdm name=""/></StgValue>
</bind>
</comp>

<comp id="78" class="1001" name="const_78">
<pin_list>
<pin id="79" dir="1" index="0" bw="1" slack="0"/>
</pin_list>
<bind>
<StgValue><ssdm name=""/></StgValue>
</bind>
</comp>

<comp id="80" class="1004" name="tmp_i_nbreadreq_fu_80">
<pin_list>
<pin id="81" dir="0" index="0" bw="1" slack="0"/>
<pin id="82" dir="0" index="1" bw="1024" slack="0"/>
<pin id="83" dir="0" index="2" bw="1" slack="0"/>
<pin id="84" dir="1" index="3" bw="1" slack="1"/>
</pin_list>
<bind>
<opcode="nbreadreq(1156) " fcode="nbreadreq"/>
<opset="tmp_i/1 "/>
</bind>
</comp>

<comp id="88" class="1004" name="rx_exh2rethShiftFifo_read_read_fu_88">
<pin_list>
<pin id="89" dir="0" index="0" bw="1024" slack="0"/>
<pin id="90" dir="0" index="1" bw="1024" slack="0"/>
<pin id="91" dir="1" index="2" bw="1024" slack="0"/>
</pin_list>
<bind>
<opcode="read(1150) " fcode="read"/>
<opset="rx_exh2rethShiftFifo_read/1 "/>
</bind>
</comp>

<comp id="94" class="1004" name="grp_write_fu_94">
<pin_list>
<pin id="95" dir="0" index="0" bw="0" slack="0"/>
<pin id="96" dir="0" index="1" bw="1024" slack="0"/>
<pin id="97" dir="0" index="2" bw="586" slack="0"/>
<pin id="98" dir="1" index="3" bw="0" slack="2147483647"/>
</pin_list>
<bind>
<opcode="write(1151) " fcode="write"/>
<opset="write_ln174/2 write_ln174/2 "/>
</bind>
</comp>

<comp id="101" class="1005" name="empty_reg_101">
<pin_list>
<pin id="102" dir="0" index="0" bw="1" slack="2147483647"/>
<pin id="103" dir="1" index="1" bw="1" slack="2147483647"/>
</pin_list>
<bind>
<opset="empty (phireg) "/>
</bind>
</comp>

<comp id="104" class="1004" name="empty_phi_fu_104">
<pin_list>
<pin id="105" dir="0" index="0" bw="1" slack="0"/>
<pin id="106" dir="0" index="1" bw="0" slack="2147483647"/>
<pin id="107" dir="0" index="2" bw="1" slack="0"/>
<pin id="108" dir="0" index="3" bw="0" slack="2147483647"/>
<pin id="109" dir="1" index="4" bw="1" slack="2147483647"/>
</pin_list>
<bind>
<opcode="phi(47) " fcode="phi"/>
<opset="empty/1 "/>
</bind>
</comp>

<comp id="111" class="1005" name="rs_firstWord_5_new_0_i_reg_111">
<pin_list>
<pin id="112" dir="0" index="0" bw="1" slack="2147483647"/>
<pin id="113" dir="1" index="1" bw="1" slack="2147483647"/>
</pin_list>
<bind>
<opset="rs_firstWord_5_new_0_i (phireg) "/>
</bind>
</comp>

<comp id="114" class="1004" name="rs_firstWord_5_new_0_i_phi_fu_114">
<pin_list>
<pin id="115" dir="0" index="0" bw="1" slack="0"/>
<pin id="116" dir="0" index="1" bw="0" slack="2147483647"/>
<pin id="117" dir="0" index="2" bw="1" slack="0"/>
<pin id="118" dir="0" index="3" bw="0" slack="2147483647"/>
<pin id="119" dir="1" index="4" bw="1" slack="0"/>
</pin_list>
<bind>
<opcode="phi(47) " fcode="phi"/>
<opset="rs_firstWord_5_new_0_i/1 "/>
</bind>
</comp>

<comp id="122" class="1004" name="grp_fu_122">
<pin_list>
<pin id="123" dir="0" index="0" bw="384" slack="0"/>
<pin id="124" dir="0" index="1" bw="512" slack="1"/>
<pin id="125" dir="0" index="2" bw="9" slack="0"/>
<pin id="126" dir="0" index="3" bw="10" slack="0"/>
<pin id="127" dir="1" index="4" bw="384" slack="0"/>
</pin_list>
<bind>
<opcode="partselect(1002) " fcode="partselect"/>
<opset="tmp_96_i5/2 tmp_i8/2 "/>
</bind>
</comp>

<comp id="131" class="1004" name="grp_fu_131">
<pin_list>
<pin id="132" dir="0" index="0" bw="48" slack="0"/>
<pin id="133" dir="0" index="1" bw="64" slack="1"/>
<pin id="134" dir="0" index="2" bw="6" slack="0"/>
<pin id="135" dir="0" index="3" bw="7" slack="0"/>
<pin id="136" dir="1" index="4" bw="48" slack="0"/>
</pin_list>
<bind>
<opcode="partselect(1002) " fcode="partselect"/>
<opset="tmp/2 tmp_95_i9/2 "/>
</bind>
</comp>

<comp id="140" class="1004" name="fsmState_1_load_load_fu_140">
<pin_list>
<pin id="141" dir="0" index="0" bw="1" slack="0"/>
<pin id="142" dir="1" index="1" bw="1" slack="1"/>
</pin_list>
<bind>
<opcode="load(27) " fcode="load"/>
<opset="fsmState_1_load/1 "/>
</bind>
</comp>

<comp id="144" class="1004" name="p_Val2_s_load_fu_144">
<pin_list>
<pin id="145" dir="0" index="0" bw="512" slack="0"/>
<pin id="146" dir="1" index="1" bw="512" slack="1"/>
</pin_list>
<bind>
<opcode="load(27) " fcode="load"/>
<opset="p_Val2_s/1 "/>
</bind>
</comp>

<comp id="148" class="1004" name="p_Val2_11_load_fu_148">
<pin_list>
<pin id="149" dir="0" index="0" bw="64" slack="0"/>
<pin id="150" dir="1" index="1" bw="64" slack="1"/>
</pin_list>
<bind>
<opcode="load(27) " fcode="load"/>
<opset="p_Val2_11/1 "/>
</bind>
</comp>

<comp id="152" class="1004" name="currWord_data_V_fu_152">
<pin_list>
<pin id="153" dir="0" index="0" bw="1024" slack="0"/>
<pin id="154" dir="1" index="1" bw="512" slack="0"/>
</pin_list>
<bind>
<opcode="trunc(33) " fcode="trunc"/>
<opset="currWord_data_V/1 "/>
</bind>
</comp>

<comp id="156" class="1004" name="currWord_keep_V_fu_156">
<pin_list>
<pin id="157" dir="0" index="0" bw="64" slack="0"/>
<pin id="158" dir="0" index="1" bw="1024" slack="0"/>
<pin id="159" dir="0" index="2" bw="11" slack="0"/>
<pin id="160" dir="0" index="3" bw="11" slack="0"/>
<pin id="161" dir="1" index="4" bw="64" slack="0"/>
</pin_list>
<bind>
<opcode="partselect(1002) " fcode="partselect"/>
<opset="currWord_keep_V/1 "/>
</bind>
</comp>

<comp id="166" class="1004" name="currWord_last_V_fu_166">
<pin_list>
<pin id="167" dir="0" index="0" bw="1" slack="0"/>
<pin id="168" dir="0" index="1" bw="1024" slack="0"/>
<pin id="169" dir="0" index="2" bw="11" slack="0"/>
<pin id="170" dir="1" index="3" bw="1" slack="2147483647"/>
</pin_list>
<bind>
<opcode="bitselect(1000) " fcode="bitselect"/>
<opset="currWord_last_V/1 "/>
</bind>
</comp>

<comp id="174" class="1004" name="rs_firstWord_1_load_load_fu_174">
<pin_list>
<pin id="175" dir="0" index="0" bw="1" slack="0"/>
<pin id="176" dir="1" index="1" bw="1" slack="1"/>
</pin_list>
<bind>
<opcode="load(27) " fcode="load"/>
<opset="rs_firstWord_1_load/1 "/>
</bind>
</comp>

<comp id="178" class="1004" name="trunc_ln674_fu_178">
<pin_list>
<pin id="179" dir="0" index="0" bw="1024" slack="0"/>
<pin id="180" dir="1" index="1" bw="128" slack="1"/>
</pin_list>
<bind>
<opcode="trunc(33) " fcode="trunc"/>
<opset="trunc_ln674/1 "/>
</bind>
</comp>

<comp id="182" class="1004" name="tmp_99_i6_fu_182">
<pin_list>
<pin id="183" dir="0" index="0" bw="16" slack="0"/>
<pin id="184" dir="0" index="1" bw="1024" slack="0"/>
<pin id="185" dir="0" index="2" bw="11" slack="0"/>
<pin id="186" dir="0" index="3" bw="11" slack="0"/>
<pin id="187" dir="1" index="4" bw="16" slack="1"/>
</pin_list>
<bind>
<opcode="partselect(1002) " fcode="partselect"/>
<opset="tmp_99_i6/1 "/>
</bind>
</comp>

<comp id="192" class="1004" name="tmp_100_i7_fu_192">
<pin_list>
<pin id="193" dir="0" index="0" bw="48" slack="0"/>
<pin id="194" dir="0" index="1" bw="1024" slack="0"/>
<pin id="195" dir="0" index="2" bw="11" slack="0"/>
<pin id="196" dir="0" index="3" bw="11" slack="0"/>
<pin id="197" dir="1" index="4" bw="48" slack="0"/>
</pin_list>
<bind>
<opcode="partselect(1002) " fcode="partselect"/>
<opset="tmp_100_i7/1 "/>
</bind>
</comp>

<comp id="202" class="1004" name="sendWord_last_V_fu_202">
<pin_list>
<pin id="203" dir="0" index="0" bw="48" slack="0"/>
<pin id="204" dir="0" index="1" bw="1" slack="0"/>
<pin id="205" dir="1" index="2" bw="1" slack="0"/>
</pin_list>
<bind>
<opcode="icmp(45) " fcode="icmp"/>
<opset="sendWord_last_V/1 "/>
</bind>
</comp>

<comp id="209" class="1004" name="tmp_23_fu_209">
<pin_list>
<pin id="210" dir="0" index="0" bw="1" slack="0"/>
<pin id="211" dir="0" index="1" bw="1024" slack="0"/>
<pin id="212" dir="0" index="2" bw="11" slack="0"/>
<pin id="213" dir="1" index="3" bw="1" slack="1"/>
</pin_list>
<bind>
<opcode="bitselect(1000) " fcode="bitselect"/>
<opset="tmp_23/1 "/>
</bind>
</comp>

<comp id="217" class="1004" name="store_ln474_store_fu_217">
<pin_list>
<pin id="218" dir="0" index="0" bw="512" slack="0"/>
<pin id="219" dir="0" index="1" bw="512" slack="0"/>
<pin id="220" dir="1" index="2" bw="0" slack="2147483647"/>
</pin_list>
<bind>
<opcode="store(28) " fcode="store"/>
<opset="store_ln474/1 "/>
</bind>
</comp>

<comp id="223" class="1004" name="store_ln474_store_fu_223">
<pin_list>
<pin id="224" dir="0" index="0" bw="64" slack="0"/>
<pin id="225" dir="0" index="1" bw="64" slack="0"/>
<pin id="226" dir="1" index="2" bw="0" slack="2147483647"/>
</pin_list>
<bind>
<opcode="store(28) " fcode="store"/>
<opset="store_ln474/1 "/>
</bind>
</comp>

<comp id="229" class="1004" name="store_ln482_store_fu_229">
<pin_list>
<pin id="230" dir="0" index="0" bw="1" slack="0"/>
<pin id="231" dir="0" index="1" bw="1" slack="0"/>
<pin id="232" dir="1" index="2" bw="0" slack="2147483647"/>
</pin_list>
<bind>
<opcode="store(28) " fcode="store"/>
<opset="store_ln482/1 "/>
</bind>
</comp>

<comp id="235" class="1004" name="store_ln475_store_fu_235">
<pin_list>
<pin id="236" dir="0" index="0" bw="1" slack="0"/>
<pin id="237" dir="0" index="1" bw="1" slack="0"/>
<pin id="238" dir="1" index="2" bw="0" slack="2147483647"/>
</pin_list>
<bind>
<opcode="store(28) " fcode="store"/>
<opset="store_ln475/1 "/>
</bind>
</comp>

<comp id="241" class="1004" name="store_ln498_store_fu_241">
<pin_list>
<pin id="242" dir="0" index="0" bw="1" slack="0"/>
<pin id="243" dir="0" index="1" bw="1" slack="0"/>
<pin id="244" dir="1" index="2" bw="0" slack="2147483647"/>
</pin_list>
<bind>
<opcode="store(28) " fcode="store"/>
<opset="store_ln498/1 "/>
</bind>
</comp>

<comp id="247" class="1004" name="or_ln174_s_fu_247">
<pin_list>
<pin id="248" dir="0" index="0" bw="586" slack="0"/>
<pin id="249" dir="0" index="1" bw="1" slack="0"/>
<pin id="250" dir="0" index="2" bw="1" slack="1"/>
<pin id="251" dir="0" index="3" bw="1" slack="0"/>
<pin id="252" dir="0" index="4" bw="1" slack="1"/>
<pin id="253" dir="0" index="5" bw="16" slack="1"/>
<pin id="254" dir="0" index="6" bw="48" slack="0"/>
<pin id="255" dir="0" index="7" bw="128" slack="1"/>
<pin id="256" dir="0" index="8" bw="384" slack="0"/>
<pin id="257" dir="1" index="9" bw="586" slack="0"/>
</pin_list>
<bind>
<opcode="bitconcatenate(1004) " fcode="bitconcatenate"/>
<opset="or_ln174_s/2 "/>
</bind>
</comp>

<comp id="263" class="1004" name="zext_ln174_37_fu_263">
<pin_list>
<pin id="264" dir="0" index="0" bw="586" slack="0"/>
<pin id="265" dir="1" index="1" bw="1024" slack="0"/>
</pin_list>
<bind>
<opcode="zext(34) " fcode="zext"/>
<opset="zext_ln174_37/2 "/>
</bind>
</comp>

<comp id="268" class="1004" name="zext_ln174_cast_fu_268">
<pin_list>
<pin id="269" dir="0" index="0" bw="577" slack="0"/>
<pin id="270" dir="0" index="1" bw="17" slack="0"/>
<pin id="271" dir="0" index="2" bw="48" slack="0"/>
<pin id="272" dir="0" index="3" bw="1" slack="0"/>
<pin id="273" dir="0" index="4" bw="384" slack="0"/>
<pin id="274" dir="1" index="5" bw="577" slack="0"/>
</pin_list>
<bind>
<opcode="bitconcatenate(1004) " fcode="bitconcatenate"/>
<opset="zext_ln174_cast/2 "/>
</bind>
</comp>

<comp id="280" class="1004" name="zext_ln174_fu_280">
<pin_list>
<pin id="281" dir="0" index="0" bw="577" slack="0"/>
<pin id="282" dir="1" index="1" bw="1024" slack="0"/>
</pin_list>
<bind>
<opcode="zext(34) " fcode="zext"/>
<opset="zext_ln174/2 "/>
</bind>
</comp>

<comp id="285" class="1005" name="fsmState_1_load_reg_285">
<pin_list>
<pin id="286" dir="0" index="0" bw="1" slack="1"/>
<pin id="287" dir="1" index="1" bw="1" slack="2147483647"/>
</pin_list>
<bind>
<opset="fsmState_1_load "/>
</bind>
</comp>

<comp id="289" class="1005" name="p_Val2_s_reg_289">
<pin_list>
<pin id="290" dir="0" index="0" bw="512" slack="1"/>
<pin id="291" dir="1" index="1" bw="512" slack="1"/>
</pin_list>
<bind>
<opset="p_Val2_s "/>
</bind>
</comp>

<comp id="294" class="1005" name="p_Val2_11_reg_294">
<pin_list>
<pin id="295" dir="0" index="0" bw="64" slack="1"/>
<pin id="296" dir="1" index="1" bw="64" slack="1"/>
</pin_list>
<bind>
<opset="p_Val2_11 "/>
</bind>
</comp>

<comp id="299" class="1005" name="tmp_i_reg_299">
<pin_list>
<pin id="300" dir="0" index="0" bw="1" slack="1"/>
<pin id="301" dir="1" index="1" bw="1" slack="2147483647"/>
</pin_list>
<bind>
<opset="tmp_i "/>
</bind>
</comp>

<comp id="306" class="1005" name="rs_firstWord_1_load_reg_306">
<pin_list>
<pin id="307" dir="0" index="0" bw="1" slack="1"/>
<pin id="308" dir="1" index="1" bw="1" slack="2147483647"/>
</pin_list>
<bind>
<opset="rs_firstWord_1_load "/>
</bind>
</comp>

<comp id="310" class="1005" name="trunc_ln674_reg_310">
<pin_list>
<pin id="311" dir="0" index="0" bw="128" slack="1"/>
<pin id="312" dir="1" index="1" bw="128" slack="1"/>
</pin_list>
<bind>
<opset="trunc_ln674 "/>
</bind>
</comp>

<comp id="315" class="1005" name="tmp_99_i6_reg_315">
<pin_list>
<pin id="316" dir="0" index="0" bw="16" slack="1"/>
<pin id="317" dir="1" index="1" bw="16" slack="1"/>
</pin_list>
<bind>
<opset="tmp_99_i6 "/>
</bind>
</comp>

<comp id="320" class="1005" name="sendWord_last_V_reg_320">
<pin_list>
<pin id="321" dir="0" index="0" bw="1" slack="1"/>
<pin id="322" dir="1" index="1" bw="1" slack="1"/>
</pin_list>
<bind>
<opset="sendWord_last_V "/>
</bind>
</comp>

<comp id="325" class="1005" name="tmp_23_reg_325">
<pin_list>
<pin id="326" dir="0" index="0" bw="1" slack="1"/>
<pin id="327" dir="1" index="1" bw="1" slack="1"/>
</pin_list>
<bind>
<opset="tmp_23 "/>
</bind>
</comp>

</comp_list>

<net_list>
<net id="85"><net_src comp="26" pin="0"/><net_sink comp="80" pin=0"/></net>

<net id="86"><net_src comp="6" pin="0"/><net_sink comp="80" pin=1"/></net>

<net id="87"><net_src comp="24" pin="0"/><net_sink comp="80" pin=2"/></net>

<net id="92"><net_src comp="28" pin="0"/><net_sink comp="88" pin=0"/></net>

<net id="93"><net_src comp="6" pin="0"/><net_sink comp="88" pin=1"/></net>

<net id="99"><net_src comp="72" pin="0"/><net_sink comp="94" pin=0"/></net>

<net id="100"><net_src comp="10" pin="0"/><net_sink comp="94" pin=1"/></net>

<net id="110"><net_src comp="52" pin="0"/><net_sink comp="104" pin=2"/></net>

<net id="120"><net_src comp="54" pin="0"/><net_sink comp="114" pin=0"/></net>

<net id="121"><net_src comp="52" pin="0"/><net_sink comp="114" pin=2"/></net>

<net id="128"><net_src comp="56" pin="0"/><net_sink comp="122" pin=0"/></net>

<net id="129"><net_src comp="58" pin="0"/><net_sink comp="122" pin=2"/></net>

<net id="130"><net_src comp="60" pin="0"/><net_sink comp="122" pin=3"/></net>

<net id="137"><net_src comp="62" pin="0"/><net_sink comp="131" pin=0"/></net>

<net id="138"><net_src comp="64" pin="0"/><net_sink comp="131" pin=2"/></net>

<net id="139"><net_src comp="66" pin="0"/><net_sink comp="131" pin=3"/></net>

<net id="143"><net_src comp="0" pin="0"/><net_sink comp="140" pin=0"/></net>

<net id="147"><net_src comp="2" pin="0"/><net_sink comp="144" pin=0"/></net>

<net id="151"><net_src comp="4" pin="0"/><net_sink comp="148" pin=0"/></net>

<net id="155"><net_src comp="88" pin="2"/><net_sink comp="152" pin=0"/></net>

<net id="162"><net_src comp="30" pin="0"/><net_sink comp="156" pin=0"/></net>

<net id="163"><net_src comp="88" pin="2"/><net_sink comp="156" pin=1"/></net>

<net id="164"><net_src comp="32" pin="0"/><net_sink comp="156" pin=2"/></net>

<net id="165"><net_src comp="34" pin="0"/><net_sink comp="156" pin=3"/></net>

<net id="171"><net_src comp="36" pin="0"/><net_sink comp="166" pin=0"/></net>

<net id="172"><net_src comp="88" pin="2"/><net_sink comp="166" pin=1"/></net>

<net id="173"><net_src comp="38" pin="0"/><net_sink comp="166" pin=2"/></net>

<net id="177"><net_src comp="8" pin="0"/><net_sink comp="174" pin=0"/></net>

<net id="181"><net_src comp="88" pin="2"/><net_sink comp="178" pin=0"/></net>

<net id="188"><net_src comp="40" pin="0"/><net_sink comp="182" pin=0"/></net>

<net id="189"><net_src comp="88" pin="2"/><net_sink comp="182" pin=1"/></net>

<net id="190"><net_src comp="32" pin="0"/><net_sink comp="182" pin=2"/></net>

<net id="191"><net_src comp="42" pin="0"/><net_sink comp="182" pin=3"/></net>

<net id="198"><net_src comp="44" pin="0"/><net_sink comp="192" pin=0"/></net>

<net id="199"><net_src comp="88" pin="2"/><net_sink comp="192" pin=1"/></net>

<net id="200"><net_src comp="46" pin="0"/><net_sink comp="192" pin=2"/></net>

<net id="201"><net_src comp="34" pin="0"/><net_sink comp="192" pin=3"/></net>

<net id="206"><net_src comp="192" pin="4"/><net_sink comp="202" pin=0"/></net>

<net id="207"><net_src comp="48" pin="0"/><net_sink comp="202" pin=1"/></net>

<net id="208"><net_src comp="202" pin="2"/><net_sink comp="104" pin=0"/></net>

<net id="214"><net_src comp="36" pin="0"/><net_sink comp="209" pin=0"/></net>

<net id="215"><net_src comp="88" pin="2"/><net_sink comp="209" pin=1"/></net>

<net id="216"><net_src comp="50" pin="0"/><net_sink comp="209" pin=2"/></net>

<net id="221"><net_src comp="152" pin="1"/><net_sink comp="217" pin=0"/></net>

<net id="222"><net_src comp="2" pin="0"/><net_sink comp="217" pin=1"/></net>

<net id="227"><net_src comp="156" pin="4"/><net_sink comp="223" pin=0"/></net>

<net id="228"><net_src comp="4" pin="0"/><net_sink comp="223" pin=1"/></net>

<net id="233"><net_src comp="54" pin="0"/><net_sink comp="229" pin=0"/></net>

<net id="234"><net_src comp="0" pin="0"/><net_sink comp="229" pin=1"/></net>

<net id="239"><net_src comp="114" pin="4"/><net_sink comp="235" pin=0"/></net>

<net id="240"><net_src comp="8" pin="0"/><net_sink comp="235" pin=1"/></net>

<net id="245"><net_src comp="52" pin="0"/><net_sink comp="241" pin=0"/></net>

<net id="246"><net_src comp="0" pin="0"/><net_sink comp="241" pin=1"/></net>

<net id="258"><net_src comp="68" pin="0"/><net_sink comp="247" pin=0"/></net>

<net id="259"><net_src comp="52" pin="0"/><net_sink comp="247" pin=1"/></net>

<net id="260"><net_src comp="70" pin="0"/><net_sink comp="247" pin=3"/></net>

<net id="261"><net_src comp="131" pin="4"/><net_sink comp="247" pin=6"/></net>

<net id="262"><net_src comp="122" pin="4"/><net_sink comp="247" pin=8"/></net>

<net id="266"><net_src comp="247" pin="9"/><net_sink comp="263" pin=0"/></net>

<net id="267"><net_src comp="263" pin="1"/><net_sink comp="94" pin=2"/></net>

<net id="275"><net_src comp="74" pin="0"/><net_sink comp="268" pin=0"/></net>

<net id="276"><net_src comp="76" pin="0"/><net_sink comp="268" pin=1"/></net>

<net id="277"><net_src comp="131" pin="4"/><net_sink comp="268" pin=2"/></net>

<net id="278"><net_src comp="78" pin="0"/><net_sink comp="268" pin=3"/></net>

<net id="279"><net_src comp="122" pin="4"/><net_sink comp="268" pin=4"/></net>

<net id="283"><net_src comp="268" pin="5"/><net_sink comp="280" pin=0"/></net>

<net id="284"><net_src comp="280" pin="1"/><net_sink comp="94" pin=2"/></net>

<net id="288"><net_src comp="140" pin="1"/><net_sink comp="285" pin=0"/></net>

<net id="292"><net_src comp="144" pin="1"/><net_sink comp="289" pin=0"/></net>

<net id="293"><net_src comp="289" pin="1"/><net_sink comp="122" pin=1"/></net>

<net id="297"><net_src comp="148" pin="1"/><net_sink comp="294" pin=0"/></net>

<net id="298"><net_src comp="294" pin="1"/><net_sink comp="131" pin=1"/></net>

<net id="302"><net_src comp="80" pin="3"/><net_sink comp="299" pin=0"/></net>

<net id="309"><net_src comp="174" pin="1"/><net_sink comp="306" pin=0"/></net>

<net id="313"><net_src comp="178" pin="1"/><net_sink comp="310" pin=0"/></net>

<net id="314"><net_src comp="310" pin="1"/><net_sink comp="247" pin=7"/></net>

<net id="318"><net_src comp="182" pin="4"/><net_sink comp="315" pin=0"/></net>

<net id="319"><net_src comp="315" pin="1"/><net_sink comp="247" pin=5"/></net>

<net id="323"><net_src comp="202" pin="2"/><net_sink comp="320" pin=0"/></net>

<net id="324"><net_src comp="320" pin="1"/><net_sink comp="247" pin=4"/></net>

<net id="328"><net_src comp="209" pin="3"/><net_sink comp="325" pin=0"/></net>

<net id="329"><net_src comp="325" pin="1"/><net_sink comp="247" pin=2"/></net>

</net_list>

</model> 
---------------- Datapath Model END ------------------

* FSMD analyzer results:
  - Output states:
	Port: fsmState_1 | {1 }
	Port: prevWord_data_V_8 | {1 }
	Port: prevWord_keep_V_5 | {1 }
	Port: rs_firstWord_1 | {1 }
	Port: rx_rethSift2mergerFifo | {2 }
 - Input state : 
	Port: rshiftWordByOctet<routed_net_axis<512, 1>, 512, 12> : fsmState_1 | {1 }
	Port: rshiftWordByOctet<routed_net_axis<512, 1>, 512, 12> : prevWord_data_V_8 | {1 }
	Port: rshiftWordByOctet<routed_net_axis<512, 1>, 512, 12> : prevWord_keep_V_5 | {1 }
	Port: rshiftWordByOctet<routed_net_axis<512, 1>, 512, 12> : rx_exh2rethShiftFifo | {1 }
	Port: rshiftWordByOctet<routed_net_axis<512, 1>, 512, 12> : rs_firstWord_1 | {1 }
  - Chain level:
	State 1
		br_ln446 : 1
		br_ln453 : 1
		sendWord_last_V : 1
		empty : 2
		store_ln474 : 1
		store_ln474 : 1
		br_ln476 : 1
		br_ln480 : 3
		rs_firstWord_5_new_0_i : 2
		store_ln475 : 3
	State 2
		or_ln174_s : 1
		zext_ln174_37 : 2
		write_ln174 : 3
		zext_ln174_cast : 1
		zext_ln174 : 2
		write_ln174 : 3


============================================================
+ Verbose Summary: Datapath Resource usage 
============================================================

* Functional unit list:
|----------|--------------------------------------|---------|---------|
| Operation|            Functional Unit           |    FF   |   LUT   |
|----------|--------------------------------------|---------|---------|
|   icmp   |        sendWord_last_V_fu_202        |    0    |    23   |
|----------|--------------------------------------|---------|---------|
| nbreadreq|         tmp_i_nbreadreq_fu_80        |    0    |    0    |
|----------|--------------------------------------|---------|---------|
|   read   | rx_exh2rethShiftFifo_read_read_fu_88 |    0    |    0    |
|----------|--------------------------------------|---------|---------|
|   write  |            grp_write_fu_94           |    0    |    0    |
|----------|--------------------------------------|---------|---------|
|          |              grp_fu_122              |    0    |    0    |
|          |              grp_fu_131              |    0    |    0    |
|partselect|        currWord_keep_V_fu_156        |    0    |    0    |
|          |           tmp_99_i6_fu_182           |    0    |    0    |
|          |           tmp_100_i7_fu_192          |    0    |    0    |
|----------|--------------------------------------|---------|---------|
|   trunc  |        currWord_data_V_fu_152        |    0    |    0    |
|          |          trunc_ln674_fu_178          |    0    |    0    |
|----------|--------------------------------------|---------|---------|
| bitselect|        currWord_last_V_fu_166        |    0    |    0    |
|          |             tmp_23_fu_209            |    0    |    0    |
|----------|--------------------------------------|---------|---------|
|bitconcatenate|           or_ln174_s_fu_247          |    0    |    0    |
|          |        zext_ln174_cast_fu_268        |    0    |    0    |
|----------|--------------------------------------|---------|---------|
|   zext   |         zext_ln174_37_fu_263         |    0    |    0    |
|          |           zext_ln174_fu_280          |    0    |    0    |
|----------|--------------------------------------|---------|---------|
|   Total  |                                      |    0    |    23   |
|----------|--------------------------------------|---------|---------|

Memories:
N/A

* Register list:
+------------------------------+--------+
|                              |   FF   |
+------------------------------+--------+
|         empty_reg_101        |    1   |
|    fsmState_1_load_reg_285   |    1   |
|       p_Val2_11_reg_294      |   64   |
|       p_Val2_s_reg_289       |   512  |
|  rs_firstWord_1_load_reg_306 |    1   |
|rs_firstWord_5_new_0_i_reg_111|    1   |
|    sendWord_last_V_reg_320   |    1   |
|        tmp_23_reg_325        |    1   |
|       tmp_99_i6_reg_315      |   16   |
|         tmp_i_reg_299        |    1   |
|      trunc_ln674_reg_310     |   128  |
+------------------------------+--------+
|             Total            |   727  |
+------------------------------+--------+

* Multiplexer (MUX) list: 
|-----------------|------|------|------|--------||---------||---------|
|       Comp      |  Pin | Size |  BW  | S x BW ||  Delay  ||   LUT   |
|-----------------|------|------|------|--------||---------||---------|
| grp_write_fu_94 |  p2  |   2  |  586 |  1172  ||    9    |
|-----------------|------|------|------|--------||---------||---------|
|      Total      |      |      |      |  1172  ||  0.387  ||    9    |
|-----------------|------|------|------|--------||---------||---------|



* Summary:
+-----------+--------+--------+--------+
|           |  Delay |   FF   |   LUT  |
+-----------+--------+--------+--------+
|  Function |    -   |    0   |   23   |
|   Memory  |    -   |    -   |    -   |
|Multiplexer|    0   |    -   |    9   |
|  Register |    -   |   727  |    -   |
+-----------+--------+--------+--------+
|   Total   |    0   |   727  |   32   |
+-----------+--------+--------+--------+
