

================================================================
== Vitis HLS Report for 'tx_pkg_arbiter_512_s'
================================================================
* Date:           Tue Jul 11 09:32:29 2023

* Version:        2022.1 (Build 3526262 on Mon Apr 18 15:47:01 MDT 2022)
* Project:        rocev2_prj
* Solution:       solution1 (Vivado IP Flow Target)
* Product family: virtexuplus
* Target device:  xcu280-fsvh2892-2L-e


================================================================
== Performance Estimates
================================================================
+ Timing: 
    * Summary: 
    +--------+---------+----------+------------+
    |  Clock |  Target | Estimated| Uncertainty|
    +--------+---------+----------+------------+
    |ap_clk  |  3.20 ns|  3.058 ns|     0.86 ns|
    +--------+---------+----------+------------+

+ Latency: 
    * Summary: 
    +---------+---------+----------+----------+-----+-----+---------+
    |  Latency (cycles) |  Latency (absolute) |  Interval | Pipeline|
    |   min   |   max   |    min   |    max   | min | max |   Type  |
    +---------+---------+----------+----------+-----+-----+---------+
    |        1|        1|  3.200 ns|  3.200 ns|    1|    1|      yes|
    +---------+---------+----------+----------+-----+-----+---------+

    + Detail: 
        * Instance: 
        N/A

        * Loop: 
        N/A

============================================================
+ Verbose Summary: Synthesis Manager
============================================================
InlineROM: 1
ExposeGlobal: 0
============================================================
+ Verbose Summary: CDFG Model
============================================================
IsTopModel: 0
ResetActiveHigh: 1
IsCombinational: 2
IsDatapathOnly: 0
HasWiredReturn: 1
HasMFsm: 2
HasVarLatency: 0
IsPipeline: 1
IsRtlPipelined: 1
IsInstanceOverlapped: 0
IsDontTouch: 0
HasImplIP: 0
IsGatedGlobalClock: 0

+ Individual pipeline summary: 
  * Pipeline-0: initiation interval (II) = 1, depth = 2


============================================================
+ Verbose Summary: Schedule
============================================================
* Number of FSM states : 2
* Pipeline : 1
  Pipeline-0 : II = 1, D = 2, States = { 1 2 }
* Dataflow Pipeline: 0

* FSM state transitions: 
1 --> 2 
2 --> 

* FSM state operations: 

State 1 <SV = 0> <Delay = 3.05>
ST_1 : Operation 3 [1/1] (0.00ns)   --->   "%specinterface_ln0 = specinterface void @_ssdm_op_SpecInterface, i96 %tx_pkgInfoFifo, void @empty_5, i32 0, i32 0, void @empty, i32 0, i32 0, void @empty, void @empty, void @empty, i32 0, i32 0, i32 0, i32 0, void @empty, void @empty, i32 4294967295, i32 0"   --->   Operation 3 'specinterface' 'specinterface_ln0' <Predicate = true> <Delay = 0.00>
ST_1 : Operation 4 [1/1] (0.00ns)   --->   "%specinterface_ln0 = specinterface void @_ssdm_op_SpecInterface, i96 %tx_pkgInfoFifo, void @empty_5, i32 0, i32 0, void @empty, i32 0, i32 0, void @empty, void @empty, void @empty, i32 0, i32 0, i32 0, i32 0, void @empty, void @empty, i32 4294967295, i32 0"   --->   Operation 4 'specinterface' 'specinterface_ln0' <Predicate = true> <Delay = 0.00>
ST_1 : Operation 5 [1/1] (0.00ns)   --->   "%specinterface_ln0 = specinterface void @_ssdm_op_SpecInterface, i96 %tx_pkgInfoFifo, void @empty_5, i32 0, i32 0, void @empty, i32 0, i32 0, void @empty, void @empty, void @empty, i32 0, i32 0, i32 0, i32 0, void @empty, void @empty, i32 4294967295, i32 0"   --->   Operation 5 'specinterface' 'specinterface_ln0' <Predicate = true> <Delay = 0.00>
ST_1 : Operation 6 [1/1] (0.00ns)   --->   "%specinterface_ln0 = specinterface void @_ssdm_op_SpecInterface, i1024 %tx_rawPayFifo, void @empty_5, i32 0, i32 0, void @empty, i32 0, i32 0, void @empty, void @empty, void @empty, i32 0, i32 0, i32 0, i32 0, void @empty, void @empty, i32 4294967295, i32 0"   --->   Operation 6 'specinterface' 'specinterface_ln0' <Predicate = true> <Delay = 0.00>
ST_1 : Operation 7 [1/1] (0.00ns)   --->   "%specinterface_ln0 = specinterface void @_ssdm_op_SpecInterface, i1024 %tx_rawPayFifo, void @empty_5, i32 0, i32 0, void @empty, i32 0, i32 0, void @empty, void @empty, void @empty, i32 0, i32 0, i32 0, i32 0, void @empty, void @empty, i32 4294967295, i32 0"   --->   Operation 7 'specinterface' 'specinterface_ln0' <Predicate = true> <Delay = 0.00>
ST_1 : Operation 8 [1/1] (0.00ns)   --->   "%specinterface_ln0 = specinterface void @_ssdm_op_SpecInterface, i1024 %tx_rawPayFifo, void @empty_5, i32 0, i32 0, void @empty, i32 0, i32 0, void @empty, void @empty, void @empty, i32 0, i32 0, i32 0, i32 0, void @empty, void @empty, i32 4294967295, i32 0"   --->   Operation 8 'specinterface' 'specinterface_ln0' <Predicate = true> <Delay = 0.00>
ST_1 : Operation 9 [1/1] (0.00ns)   --->   "%specinterface_ln0 = specinterface void @_ssdm_op_SpecInterface, i1024 %tx_rethMerge2rethShift, void @empty_5, i32 0, i32 0, void @empty, i32 0, i32 0, void @empty, void @empty, void @empty, i32 0, i32 0, i32 0, i32 0, void @empty, void @empty, i32 4294967295, i32 0"   --->   Operation 9 'specinterface' 'specinterface_ln0' <Predicate = true> <Delay = 0.00>
ST_1 : Operation 10 [1/1] (0.00ns)   --->   "%specinterface_ln0 = specinterface void @_ssdm_op_SpecInterface, i1024 %tx_rethMerge2rethShift, void @empty_5, i32 0, i32 0, void @empty, i32 0, i32 0, void @empty, void @empty, void @empty, i32 0, i32 0, i32 0, i32 0, void @empty, void @empty, i32 4294967295, i32 0"   --->   Operation 10 'specinterface' 'specinterface_ln0' <Predicate = true> <Delay = 0.00>
ST_1 : Operation 11 [1/1] (0.00ns)   --->   "%specinterface_ln0 = specinterface void @_ssdm_op_SpecInterface, i1024 %tx_rethMerge2rethShift, void @empty_5, i32 0, i32 0, void @empty, i32 0, i32 0, void @empty, void @empty, void @empty, i32 0, i32 0, i32 0, i32 0, void @empty, void @empty, i32 4294967295, i32 0"   --->   Operation 11 'specinterface' 'specinterface_ln0' <Predicate = true> <Delay = 0.00>
ST_1 : Operation 12 [1/1] (0.00ns)   --->   "%specinterface_ln0 = specinterface void @_ssdm_op_SpecInterface, i1024 %tx_split2aethShift, void @empty_5, i32 0, i32 0, void @empty, i32 0, i32 0, void @empty, void @empty, void @empty, i32 0, i32 0, i32 0, i32 0, void @empty, void @empty, i32 4294967295, i32 0"   --->   Operation 12 'specinterface' 'specinterface_ln0' <Predicate = true> <Delay = 0.00>
ST_1 : Operation 13 [1/1] (0.00ns)   --->   "%specinterface_ln0 = specinterface void @_ssdm_op_SpecInterface, i1024 %tx_split2aethShift, void @empty_5, i32 0, i32 0, void @empty, i32 0, i32 0, void @empty, void @empty, void @empty, i32 0, i32 0, i32 0, i32 0, void @empty, void @empty, i32 4294967295, i32 0"   --->   Operation 13 'specinterface' 'specinterface_ln0' <Predicate = true> <Delay = 0.00>
ST_1 : Operation 14 [1/1] (0.00ns)   --->   "%specinterface_ln0 = specinterface void @_ssdm_op_SpecInterface, i1024 %tx_split2aethShift, void @empty_5, i32 0, i32 0, void @empty, i32 0, i32 0, void @empty, void @empty, void @empty, i32 0, i32 0, i32 0, i32 0, void @empty, void @empty, i32 4294967295, i32 0"   --->   Operation 14 'specinterface' 'specinterface_ln0' <Predicate = true> <Delay = 0.00>
ST_1 : Operation 15 [1/1] (0.00ns)   --->   "%specinterface_ln0 = specinterface void @_ssdm_op_SpecInterface, i1024 %tx_rawPayFifo, void @empty_5, i32 0, i32 0, void @empty, i32 0, i32 0, void @empty, void @empty, void @empty, i32 0, i32 0, i32 0, i32 0, void @empty, void @empty, i32 4294967295, i32 0"   --->   Operation 15 'specinterface' 'specinterface_ln0' <Predicate = true> <Delay = 0.00>
ST_1 : Operation 16 [1/1] (0.00ns)   --->   "%specinterface_ln0 = specinterface void @_ssdm_op_SpecInterface, i1024 %tx_rethMerge2rethShift, void @empty_5, i32 0, i32 0, void @empty, i32 0, i32 0, void @empty, void @empty, void @empty, i32 0, i32 0, i32 0, i32 0, void @empty, void @empty, i32 4294967295, i32 0"   --->   Operation 16 'specinterface' 'specinterface_ln0' <Predicate = true> <Delay = 0.00>
ST_1 : Operation 17 [1/1] (0.00ns)   --->   "%specinterface_ln0 = specinterface void @_ssdm_op_SpecInterface, i1024 %tx_split2aethShift, void @empty_5, i32 0, i32 0, void @empty, i32 0, i32 0, void @empty, void @empty, void @empty, i32 0, i32 0, i32 0, i32 0, void @empty, void @empty, i32 4294967295, i32 0"   --->   Operation 17 'specinterface' 'specinterface_ln0' <Predicate = true> <Delay = 0.00>
ST_1 : Operation 18 [1/1] (0.00ns)   --->   "%specinterface_ln0 = specinterface void @_ssdm_op_SpecInterface, i96 %tx_pkgInfoFifo, void @empty_5, i32 0, i32 0, void @empty, i32 0, i32 0, void @empty, void @empty, void @empty, i32 0, i32 0, i32 0, i32 0, void @empty, void @empty, i32 4294967295, i32 0"   --->   Operation 18 'specinterface' 'specinterface_ln0' <Predicate = true> <Delay = 0.00>
ST_1 : Operation 19 [1/1] (0.00ns)   --->   "%specinterface_ln0 = specinterface void @_ssdm_op_SpecInterface, i1024 %s_axis_mem_read_data, void @empty_1, i32 1, i32 1, void @empty_0, i32 0, i32 0, void @empty, void @empty, void @empty, i32 0, i32 0, i32 0, i32 0, void @empty, void @empty, i32 4294967295, i32 0"   --->   Operation 19 'specinterface' 'specinterface_ln0' <Predicate = true> <Delay = 0.00>
ST_1 : Operation 20 [1/1] (0.00ns)   --->   "%specinterface_ln0 = specinterface void @_ssdm_op_SpecInterface, i1024 %s_axis_tx_data, void @empty_1, i32 1, i32 1, void @empty_0, i32 0, i32 0, void @empty, void @empty, void @empty, i32 0, i32 0, i32 0, i32 0, void @empty, void @empty, i32 4294967295, i32 0"   --->   Operation 20 'specinterface' 'specinterface_ln0' <Predicate = true> <Delay = 0.00>
ST_1 : Operation 21 [1/1] (0.00ns)   --->   "%specpipeline_ln2057 = specpipeline void @_ssdm_op_SpecPipeline, i32 1, i32 0, i32 0, i32 0, void @empty" [/mnt/scratch/pyuvaraj/Vitis_RoCE_W/Vitis_RoCE/fpga-network-stack/hls/rocev2/../ib_transport_protocol/ib_transport_protocol.cpp:2057]   --->   Operation 21 'specpipeline' 'specpipeline_ln2057' <Predicate = true> <Delay = 0.00>
ST_1 : Operation 22 [1/1] (0.00ns)   --->   "%state_load = load i3 %state" [/mnt/scratch/pyuvaraj/Vitis_RoCE_W/Vitis_RoCE/fpga-network-stack/hls/rocev2/../ib_transport_protocol/ib_transport_protocol.cpp:2074]   --->   Operation 22 'load' 'state_load' <Predicate = true> <Delay = 0.00>
ST_1 : Operation 23 [1/1] (0.00ns)   --->   "%info_type_load = load i32 %info_type" [/mnt/scratch/pyuvaraj/Vitis_RoCE_W/Vitis_RoCE/fpga-network-stack/hls/rocev2/../ib_transport_protocol/ib_transport_protocol.cpp:2207]   --->   Operation 23 'load' 'info_type_load' <Predicate = true> <Delay = 0.00>
ST_1 : Operation 24 [1/1] (0.00ns)   --->   "%info_words_V_load = load i29 %info_words_V"   --->   Operation 24 'load' 'info_words_V_load' <Predicate = true> <Delay = 0.00>
ST_1 : Operation 25 [1/1] (0.00ns)   --->   "%wordCounter_V_load = load i8 %wordCounter_V"   --->   Operation 25 'load' 'wordCounter_V_load' <Predicate = true> <Delay = 0.00>
ST_1 : Operation 26 [1/1] (0.34ns)   --->   "%switch_ln2074 = switch i3 %state_load, void %sw.bb.i, i3 6, void %sw.bb107.i, i3 4, void %sw.bb14.i, i3 5, void %sw.bb31.i, i3 1, void %sw.bb47.i, i3 2, void %sw.bb67.i, i3 3, void %sw.bb86.i" [/mnt/scratch/pyuvaraj/Vitis_RoCE_W/Vitis_RoCE/fpga-network-stack/hls/rocev2/../ib_transport_protocol/ib_transport_protocol.cpp:2074]   --->   Operation 26 'switch' 'switch_ln2074' <Predicate = true> <Delay = 0.34>
ST_1 : Operation 27 [1/1] (0.00ns)   --->   "%tmp_6_i = nbreadreq i1 @_ssdm_op_NbReadReq.axis.i1024P128A, i1024 %s_axis_mem_read_data, i32 1" [/tools/Xilinx/Vitis_HLS/2022.1/common/technology/autopilot/hls_stream_39.h:136]   --->   Operation 27 'nbreadreq' 'tmp_6_i' <Predicate = (state_load == 3)> <Delay = 0.00> <CoreInst = "axis">   --->   Core 123 'axis' <Latency = 0> <II = 1> <Delay = 1.00> <Adapter> <Opcode : >
ST_1 : Operation 28 [1/1] (0.58ns)   --->   "%br_ln2194 = br i1 %tmp_6_i, void %sw.epilog.i, void %if.then88.i" [/mnt/scratch/pyuvaraj/Vitis_RoCE_W/Vitis_RoCE/fpga-network-stack/hls/rocev2/../ib_transport_protocol/ib_transport_protocol.cpp:2194]   --->   Operation 28 'br' 'br_ln2194' <Predicate = (state_load == 3)> <Delay = 0.58>
ST_1 : Operation 29 [1/1] (0.00ns)   --->   "%s_axis_mem_read_data_read_2 = read i1024 @_ssdm_op_Read.axis.volatile.i1024P128A, i1024 %s_axis_mem_read_data" [/tools/Xilinx/Vitis_HLS/2022.1/common/technology/autopilot/hls_stream_39.h:145]   --->   Operation 29 'read' 's_axis_mem_read_data_read_2' <Predicate = (state_load == 3 & tmp_6_i)> <Delay = 0.00> <CoreInst = "axis">   --->   Core 123 'axis' <Latency = 0> <II = 1> <Delay = 1.00> <Adapter> <Opcode : >
ST_1 : Operation 30 [1/1] (0.00ns)   --->   "%currWord_last_V_6 = bitselect i1 @_ssdm_op_BitSelect.i1.i1024.i1024, i1024 %s_axis_mem_read_data_read_2, i1024 576" [/tools/Xilinx/Vitis_HLS/2022.1/common/technology/autopilot/hls_stream_39.h:145]   --->   Operation 30 'bitselect' 'currWord_last_V_6' <Predicate = (state_load == 3 & tmp_6_i)> <Delay = 0.00>
ST_1 : Operation 31 [1/1] (0.70ns)   --->   "%add_ln886_5 = add i8 %wordCounter_V_load, i8 1"   --->   Operation 31 'add' 'add_ln886_5' <Predicate = (state_load == 3 & tmp_6_i)> <Delay = 0.70> <CoreInst = "Adder">   --->   Core 1 'Adder' <Latency = 0> <II = 1> <Delay = 0.70> <FuncUnit> <Opcode : 'add' 'sub'> <InPorts = 2> <OutPorts = 1>
ST_1 : Operation 32 [1/1] (0.58ns)   --->   "%icmp_ln1065_5 = icmp_eq  i8 %add_ln886_5, i8 22"   --->   Operation 32 'icmp' 'icmp_ln1065_5' <Predicate = (state_load == 3 & tmp_6_i)> <Delay = 0.58> <CoreInst = "Cmp">   --->   Core 9 'Cmp' <Latency = 0> <II = 1> <Delay = 0.58> <FuncUnit> <Opcode : 'icmp'> <InPorts = 2> <OutPorts = 1>
ST_1 : Operation 33 [1/1] (0.38ns)   --->   "%br_ln2202 = br i1 %icmp_ln1065_5, void %if.end105.i, void %if.then96.i" [/mnt/scratch/pyuvaraj/Vitis_RoCE_W/Vitis_RoCE/fpga-network-stack/hls/rocev2/../ib_transport_protocol/ib_transport_protocol.cpp:2202]   --->   Operation 33 'br' 'br_ln2202' <Predicate = (state_load == 3 & tmp_6_i)> <Delay = 0.38>
ST_1 : Operation 34 [1/1] (0.86ns)   --->   "%add_ln887_4 = add i29 %info_words_V_load, i29 536870890"   --->   Operation 34 'add' 'add_ln887_4' <Predicate = (state_load == 3 & tmp_6_i & icmp_ln1065_5)> <Delay = 0.86> <CoreInst = "Adder">   --->   Core 1 'Adder' <Latency = 0> <II = 1> <Delay = 0.86> <FuncUnit> <Opcode : 'add' 'sub'> <InPorts = 2> <OutPorts = 1>
ST_1 : Operation 35 [1/1] (0.51ns)   --->   "%store_ln887 = store i29 %add_ln887_4, i29 %info_words_V"   --->   Operation 35 'store' 'store_ln887' <Predicate = (state_load == 3 & tmp_6_i & icmp_ln1065_5)> <Delay = 0.51>
ST_1 : Operation 36 [1/1] (0.85ns)   --->   "%icmp_ln2207 = icmp_eq  i32 %info_type_load, i32 0" [/mnt/scratch/pyuvaraj/Vitis_RoCE_W/Vitis_RoCE/fpga-network-stack/hls/rocev2/../ib_transport_protocol/ib_transport_protocol.cpp:2207]   --->   Operation 36 'icmp' 'icmp_ln2207' <Predicate = (state_load == 3 & tmp_6_i & icmp_ln1065_5)> <Delay = 0.85> <CoreInst = "Cmp">   --->   Core 9 'Cmp' <Latency = 0> <II = 1> <Delay = 0.85> <FuncUnit> <Opcode : 'icmp'> <InPorts = 2> <OutPorts = 1>
ST_1 : Operation 37 [1/1] (0.82ns)   --->   "%icmp_ln1085_1 = icmp_ult  i29 %add_ln887_4, i29 23"   --->   Operation 37 'icmp' 'icmp_ln1085_1' <Predicate = (state_load == 3 & tmp_6_i & icmp_ln1065_5)> <Delay = 0.82> <CoreInst = "Cmp">   --->   Core 9 'Cmp' <Latency = 0> <II = 1> <Delay = 0.82> <FuncUnit> <Opcode : 'icmp'> <InPorts = 2> <OutPorts = 1>
ST_1 : Operation 38 [1/1] (0.12ns)   --->   "%and_ln2207 = and i1 %icmp_ln2207, i1 %icmp_ln1085_1" [/mnt/scratch/pyuvaraj/Vitis_RoCE_W/Vitis_RoCE/fpga-network-stack/hls/rocev2/../ib_transport_protocol/ib_transport_protocol.cpp:2207]   --->   Operation 38 'and' 'and_ln2207' <Predicate = (state_load == 3 & tmp_6_i & icmp_ln1065_5)> <Delay = 0.12> <CoreInst = "LogicGate">   --->   Core 74 'LogicGate' <Latency = 0> <II = 1> <Delay = 0.12> <FuncUnit> <Opcode : 'and' 'or' 'xor'> <InPorts = 2> <OutPorts = 1>
ST_1 : Operation 39 [1/1] (0.12ns)   --->   "%or_ln2207 = or i1 %and_ln2207, i1 %currWord_last_V_6" [/mnt/scratch/pyuvaraj/Vitis_RoCE_W/Vitis_RoCE/fpga-network-stack/hls/rocev2/../ib_transport_protocol/ib_transport_protocol.cpp:2207]   --->   Operation 39 'or' 'or_ln2207' <Predicate = (state_load == 3 & tmp_6_i & icmp_ln1065_5)> <Delay = 0.12> <CoreInst = "LogicGate">   --->   Core 74 'LogicGate' <Latency = 0> <II = 1> <Delay = 0.12> <FuncUnit> <Opcode : 'and' 'or' 'xor'> <InPorts = 2> <OutPorts = 1>
ST_1 : Operation 40 [1/1] (0.38ns)   --->   "%br_ln2211 = br void %if.end105.i" [/mnt/scratch/pyuvaraj/Vitis_RoCE_W/Vitis_RoCE/fpga-network-stack/hls/rocev2/../ib_transport_protocol/ib_transport_protocol.cpp:2211]   --->   Operation 40 'br' 'br_ln2211' <Predicate = (state_load == 3 & tmp_6_i & icmp_ln1065_5)> <Delay = 0.38>
ST_1 : Operation 41 [1/1] (0.00ns)   --->   "%state_flag_16_i = phi i1 %or_ln2207, void %if.then96.i, i1 %currWord_last_V_6, void %if.then88.i"   --->   Operation 41 'phi' 'state_flag_16_i' <Predicate = (state_load == 3 & tmp_6_i)> <Delay = 0.00>
ST_1 : Operation 42 [1/1] (0.00ns)   --->   "%state_new_16_i = phi i1 %and_ln2207, void %if.then96.i, i1 0, void %if.then88.i" [/mnt/scratch/pyuvaraj/Vitis_RoCE_W/Vitis_RoCE/fpga-network-stack/hls/rocev2/../ib_transport_protocol/ib_transport_protocol.cpp:2207]   --->   Operation 42 'phi' 'state_new_16_i' <Predicate = (state_load == 3 & tmp_6_i)> <Delay = 0.00>
ST_1 : Operation 43 [1/1] (0.00ns)   --->   "%wordCounter_V_new_9_i = phi i8 0, void %if.then96.i, i8 %add_ln886_5, void %if.then88.i"   --->   Operation 43 'phi' 'wordCounter_V_new_9_i' <Predicate = (state_load == 3 & tmp_6_i)> <Delay = 0.00>
ST_1 : Operation 44 [1/1] (0.00ns)   --->   "%zext_ln2072 = zext i1 %state_new_16_i" [/mnt/scratch/pyuvaraj/Vitis_RoCE_W/Vitis_RoCE/fpga-network-stack/hls/rocev2/../ib_transport_protocol/ib_transport_protocol.cpp:2072]   --->   Operation 44 'zext' 'zext_ln2072' <Predicate = (state_load == 3 & tmp_6_i)> <Delay = 0.00>
ST_1 : Operation 45 [1/1] (0.58ns)   --->   "%br_ln2213 = br void %sw.epilog.i" [/mnt/scratch/pyuvaraj/Vitis_RoCE_W/Vitis_RoCE/fpga-network-stack/hls/rocev2/../ib_transport_protocol/ib_transport_protocol.cpp:2213]   --->   Operation 45 'br' 'br_ln2213' <Predicate = (state_load == 3 & tmp_6_i)> <Delay = 0.58>
ST_1 : Operation 46 [1/1] (0.00ns)   --->   "%tmp_5_i = nbreadreq i1 @_ssdm_op_NbReadReq.axis.i1024P128A, i1024 %s_axis_mem_read_data, i32 1" [/tools/Xilinx/Vitis_HLS/2022.1/common/technology/autopilot/hls_stream_39.h:136]   --->   Operation 46 'nbreadreq' 'tmp_5_i' <Predicate = (state_load == 2)> <Delay = 0.00> <CoreInst = "axis">   --->   Core 123 'axis' <Latency = 0> <II = 1> <Delay = 1.00> <Adapter> <Opcode : >
ST_1 : Operation 47 [1/1] (0.58ns)   --->   "%br_ln2170 = br i1 %tmp_5_i, void %sw.epilog.i, void %if.then69.i" [/mnt/scratch/pyuvaraj/Vitis_RoCE_W/Vitis_RoCE/fpga-network-stack/hls/rocev2/../ib_transport_protocol/ib_transport_protocol.cpp:2170]   --->   Operation 47 'br' 'br_ln2170' <Predicate = (state_load == 2)> <Delay = 0.58>
ST_1 : Operation 48 [1/1] (0.00ns)   --->   "%s_axis_mem_read_data_read_1 = read i1024 @_ssdm_op_Read.axis.volatile.i1024P128A, i1024 %s_axis_mem_read_data" [/tools/Xilinx/Vitis_HLS/2022.1/common/technology/autopilot/hls_stream_39.h:145]   --->   Operation 48 'read' 's_axis_mem_read_data_read_1' <Predicate = (state_load == 2 & tmp_5_i)> <Delay = 0.00> <CoreInst = "axis">   --->   Core 123 'axis' <Latency = 0> <II = 1> <Delay = 1.00> <Adapter> <Opcode : >
ST_1 : Operation 49 [1/1] (0.00ns)   --->   "%currWord_last_V_5 = bitselect i1 @_ssdm_op_BitSelect.i1.i1024.i1024, i1024 %s_axis_mem_read_data_read_1, i1024 576" [/tools/Xilinx/Vitis_HLS/2022.1/common/technology/autopilot/hls_stream_39.h:145]   --->   Operation 49 'bitselect' 'currWord_last_V_5' <Predicate = (state_load == 2 & tmp_5_i)> <Delay = 0.00>
ST_1 : Operation 50 [1/1] (0.70ns)   --->   "%add_ln886_4 = add i8 %wordCounter_V_load, i8 1"   --->   Operation 50 'add' 'add_ln886_4' <Predicate = (state_load == 2 & tmp_5_i)> <Delay = 0.70> <CoreInst = "Adder">   --->   Core 1 'Adder' <Latency = 0> <II = 1> <Delay = 0.70> <FuncUnit> <Opcode : 'add' 'sub'> <InPorts = 2> <OutPorts = 1>
ST_1 : Operation 51 [1/1] (0.58ns)   --->   "%icmp_ln1065_4 = icmp_eq  i8 %add_ln886_4, i8 22"   --->   Operation 51 'icmp' 'icmp_ln1065_4' <Predicate = (state_load == 2 & tmp_5_i)> <Delay = 0.58> <CoreInst = "Cmp">   --->   Core 9 'Cmp' <Latency = 0> <II = 1> <Delay = 0.58> <FuncUnit> <Opcode : 'icmp'> <InPorts = 2> <OutPorts = 1>
ST_1 : Operation 52 [1/1] (0.38ns)   --->   "%br_ln2183 = br i1 %icmp_ln1065_4, void %if.end84.i, void %if.then79.i" [/mnt/scratch/pyuvaraj/Vitis_RoCE_W/Vitis_RoCE/fpga-network-stack/hls/rocev2/../ib_transport_protocol/ib_transport_protocol.cpp:2183]   --->   Operation 52 'br' 'br_ln2183' <Predicate = (state_load == 2 & tmp_5_i)> <Delay = 0.38>
ST_1 : Operation 53 [1/1] (0.86ns)   --->   "%add_ln887_3 = add i29 %info_words_V_load, i29 536870890"   --->   Operation 53 'add' 'add_ln887_3' <Predicate = (state_load == 2 & tmp_5_i & icmp_ln1065_4)> <Delay = 0.86> <CoreInst = "Adder">   --->   Core 1 'Adder' <Latency = 0> <II = 1> <Delay = 0.86> <FuncUnit> <Opcode : 'add' 'sub'> <InPorts = 2> <OutPorts = 1>
ST_1 : Operation 54 [1/1] (0.51ns)   --->   "%store_ln887 = store i29 %add_ln887_3, i29 %info_words_V"   --->   Operation 54 'store' 'store_ln887' <Predicate = (state_load == 2 & tmp_5_i & icmp_ln1065_4)> <Delay = 0.51>
ST_1 : Operation 55 [1/1] (0.38ns)   --->   "%br_ln2189 = br void %if.end84.i" [/mnt/scratch/pyuvaraj/Vitis_RoCE_W/Vitis_RoCE/fpga-network-stack/hls/rocev2/../ib_transport_protocol/ib_transport_protocol.cpp:2189]   --->   Operation 55 'br' 'br_ln2189' <Predicate = (state_load == 2 & tmp_5_i & icmp_ln1065_4)> <Delay = 0.38>
ST_1 : Operation 56 [1/1] (0.00ns)   --->   "%currWord_last_V_10 = phi i1 1, void %if.then79.i, i1 %currWord_last_V_5, void %if.then69.i"   --->   Operation 56 'phi' 'currWord_last_V_10' <Predicate = (state_load == 2 & tmp_5_i)> <Delay = 0.00>
ST_1 : Operation 57 [1/1] (0.00ns)   --->   "%phi_ln2072_1 = phi i3 3, void %if.then79.i, i3 0, void %if.then69.i" [/mnt/scratch/pyuvaraj/Vitis_RoCE_W/Vitis_RoCE/fpga-network-stack/hls/rocev2/../ib_transport_protocol/ib_transport_protocol.cpp:2072]   --->   Operation 57 'phi' 'phi_ln2072_1' <Predicate = (state_load == 2 & tmp_5_i)> <Delay = 0.00>
ST_1 : Operation 58 [1/1] (0.00ns)   --->   "%wordCounter_V_new_7_i = phi i8 0, void %if.then79.i, i8 %add_ln886_4, void %if.then69.i"   --->   Operation 58 'phi' 'wordCounter_V_new_7_i' <Predicate = (state_load == 2 & tmp_5_i)> <Delay = 0.00>
ST_1 : Operation 59 [1/1] (0.00ns)   --->   "%tmp_7 = bitset i1024 @_ssdm_op_BitSet.i1024.i1024.i1024.i1, i1024 %s_axis_mem_read_data_read_1, i1024 576, i1 %currWord_last_V_10" [/tools/Xilinx/Vitis_HLS/2022.1/common/technology/autopilot/hls_stream_39.h:174]   --->   Operation 59 'bitset' 'tmp_7' <Predicate = (state_load == 2 & tmp_5_i)> <Delay = 0.00>
ST_1 : Operation 60 [1/1] (0.58ns)   --->   "%br_ln2191 = br void %sw.epilog.i" [/mnt/scratch/pyuvaraj/Vitis_RoCE_W/Vitis_RoCE/fpga-network-stack/hls/rocev2/../ib_transport_protocol/ib_transport_protocol.cpp:2191]   --->   Operation 60 'br' 'br_ln2191' <Predicate = (state_load == 2 & tmp_5_i)> <Delay = 0.58>
ST_1 : Operation 61 [1/1] (0.00ns)   --->   "%tmp_4_i = nbreadreq i1 @_ssdm_op_NbReadReq.axis.i1024P128A, i1024 %s_axis_mem_read_data, i32 1" [/tools/Xilinx/Vitis_HLS/2022.1/common/technology/autopilot/hls_stream_39.h:136]   --->   Operation 61 'nbreadreq' 'tmp_4_i' <Predicate = (state_load == 1)> <Delay = 0.00> <CoreInst = "axis">   --->   Core 123 'axis' <Latency = 0> <II = 1> <Delay = 1.00> <Adapter> <Opcode : >
ST_1 : Operation 62 [1/1] (0.58ns)   --->   "%br_ln2147 = br i1 %tmp_4_i, void %sw.epilog.i, void %if.then49.i" [/mnt/scratch/pyuvaraj/Vitis_RoCE_W/Vitis_RoCE/fpga-network-stack/hls/rocev2/../ib_transport_protocol/ib_transport_protocol.cpp:2147]   --->   Operation 62 'br' 'br_ln2147' <Predicate = (state_load == 1)> <Delay = 0.58>
ST_1 : Operation 63 [1/1] (0.00ns)   --->   "%s_axis_mem_read_data_read = read i1024 @_ssdm_op_Read.axis.volatile.i1024P128A, i1024 %s_axis_mem_read_data" [/tools/Xilinx/Vitis_HLS/2022.1/common/technology/autopilot/hls_stream_39.h:145]   --->   Operation 63 'read' 's_axis_mem_read_data_read' <Predicate = (state_load == 1 & tmp_4_i)> <Delay = 0.00> <CoreInst = "axis">   --->   Core 123 'axis' <Latency = 0> <II = 1> <Delay = 1.00> <Adapter> <Opcode : >
ST_1 : Operation 64 [1/1] (0.00ns)   --->   "%currWord_last_V_4 = bitselect i1 @_ssdm_op_BitSelect.i1.i1024.i1024, i1024 %s_axis_mem_read_data_read, i1024 576" [/tools/Xilinx/Vitis_HLS/2022.1/common/technology/autopilot/hls_stream_39.h:145]   --->   Operation 64 'bitselect' 'currWord_last_V_4' <Predicate = (state_load == 1 & tmp_4_i)> <Delay = 0.00>
ST_1 : Operation 65 [1/1] (0.70ns)   --->   "%add_ln886_3 = add i8 %wordCounter_V_load, i8 1"   --->   Operation 65 'add' 'add_ln886_3' <Predicate = (state_load == 1 & tmp_4_i)> <Delay = 0.70> <CoreInst = "Adder">   --->   Core 1 'Adder' <Latency = 0> <II = 1> <Delay = 0.70> <FuncUnit> <Opcode : 'add' 'sub'> <InPorts = 2> <OutPorts = 1>
ST_1 : Operation 66 [1/1] (0.58ns)   --->   "%icmp_ln1065_3 = icmp_eq  i8 %add_ln886_3, i8 22"   --->   Operation 66 'icmp' 'icmp_ln1065_3' <Predicate = (state_load == 1 & tmp_4_i)> <Delay = 0.58> <CoreInst = "Cmp">   --->   Core 9 'Cmp' <Latency = 0> <II = 1> <Delay = 0.58> <FuncUnit> <Opcode : 'icmp'> <InPorts = 2> <OutPorts = 1>
ST_1 : Operation 67 [1/1] (0.38ns)   --->   "%br_ln2155 = br i1 %icmp_ln1065_3, void %if.end65.i, void %if.then57.i" [/mnt/scratch/pyuvaraj/Vitis_RoCE_W/Vitis_RoCE/fpga-network-stack/hls/rocev2/../ib_transport_protocol/ib_transport_protocol.cpp:2155]   --->   Operation 67 'br' 'br_ln2155' <Predicate = (state_load == 1 & tmp_4_i)> <Delay = 0.38>
ST_1 : Operation 68 [1/1] (0.86ns)   --->   "%add_ln887_2 = add i29 %info_words_V_load, i29 536870890"   --->   Operation 68 'add' 'add_ln887_2' <Predicate = (state_load == 1 & tmp_4_i & icmp_ln1065_3)> <Delay = 0.86> <CoreInst = "Adder">   --->   Core 1 'Adder' <Latency = 0> <II = 1> <Delay = 0.86> <FuncUnit> <Opcode : 'add' 'sub'> <InPorts = 2> <OutPorts = 1>
ST_1 : Operation 69 [1/1] (0.51ns)   --->   "%store_ln887 = store i29 %add_ln887_2, i29 %info_words_V"   --->   Operation 69 'store' 'store_ln887' <Predicate = (state_load == 1 & tmp_4_i & icmp_ln1065_3)> <Delay = 0.51>
ST_1 : Operation 70 [1/1] (0.82ns)   --->   "%icmp_ln1081_1 = icmp_ugt  i29 %add_ln887_2, i29 22"   --->   Operation 70 'icmp' 'icmp_ln1081_1' <Predicate = (state_load == 1 & tmp_4_i & icmp_ln1065_3)> <Delay = 0.82> <CoreInst = "Cmp">   --->   Core 9 'Cmp' <Latency = 0> <II = 1> <Delay = 0.82> <FuncUnit> <Opcode : 'icmp'> <InPorts = 2> <OutPorts = 1>
ST_1 : Operation 71 [1/1] (0.12ns)   --->   "%or_ln2161 = or i1 %icmp_ln1081_1, i1 %currWord_last_V_4" [/mnt/scratch/pyuvaraj/Vitis_RoCE_W/Vitis_RoCE/fpga-network-stack/hls/rocev2/../ib_transport_protocol/ib_transport_protocol.cpp:2161]   --->   Operation 71 'or' 'or_ln2161' <Predicate = (state_load == 1 & tmp_4_i & icmp_ln1065_3)> <Delay = 0.12> <CoreInst = "LogicGate">   --->   Core 74 'LogicGate' <Latency = 0> <II = 1> <Delay = 0.12> <FuncUnit> <Opcode : 'and' 'or' 'xor'> <InPorts = 2> <OutPorts = 1>
ST_1 : Operation 72 [1/1] (0.27ns)   --->   "%select_ln2165 = select i1 %icmp_ln1081_1, i3 3, i3 0" [/mnt/scratch/pyuvaraj/Vitis_RoCE_W/Vitis_RoCE/fpga-network-stack/hls/rocev2/../ib_transport_protocol/ib_transport_protocol.cpp:2165]   --->   Operation 72 'select' 'select_ln2165' <Predicate = (state_load == 1 & tmp_4_i & icmp_ln1065_3)> <Delay = 0.27> <CoreInst = "Sel">   --->   Core 73 'Sel' <Latency = 0> <II = 1> <Delay = 0.27> <FuncUnit> <Opcode : 'select'> <InPorts = 3> <OutPorts = 1>
ST_1 : Operation 73 [1/1] (0.38ns)   --->   "%br_ln2165 = br void %if.end65.i" [/mnt/scratch/pyuvaraj/Vitis_RoCE_W/Vitis_RoCE/fpga-network-stack/hls/rocev2/../ib_transport_protocol/ib_transport_protocol.cpp:2165]   --->   Operation 73 'br' 'br_ln2165' <Predicate = (state_load == 1 & tmp_4_i & icmp_ln1065_3)> <Delay = 0.38>
ST_1 : Operation 74 [1/1] (0.00ns)   --->   "%state_flag_9_i = phi i1 %or_ln2161, void %if.then57.i, i1 %currWord_last_V_4, void %if.then49.i"   --->   Operation 74 'phi' 'state_flag_9_i' <Predicate = (state_load == 1 & tmp_4_i)> <Delay = 0.00>
ST_1 : Operation 75 [1/1] (0.00ns)   --->   "%phi_ln2072 = phi i3 %select_ln2165, void %if.then57.i, i3 0, void %if.then49.i" [/mnt/scratch/pyuvaraj/Vitis_RoCE_W/Vitis_RoCE/fpga-network-stack/hls/rocev2/../ib_transport_protocol/ib_transport_protocol.cpp:2072]   --->   Operation 75 'phi' 'phi_ln2072' <Predicate = (state_load == 1 & tmp_4_i)> <Delay = 0.00>
ST_1 : Operation 76 [1/1] (0.00ns)   --->   "%wordCounter_V_new_5_i = phi i8 0, void %if.then57.i, i8 %add_ln886_3, void %if.then49.i"   --->   Operation 76 'phi' 'wordCounter_V_new_5_i' <Predicate = (state_load == 1 & tmp_4_i)> <Delay = 0.00>
ST_1 : Operation 77 [1/1] (0.58ns)   --->   "%br_ln2167 = br void %sw.epilog.i" [/mnt/scratch/pyuvaraj/Vitis_RoCE_W/Vitis_RoCE/fpga-network-stack/hls/rocev2/../ib_transport_protocol/ib_transport_protocol.cpp:2167]   --->   Operation 77 'br' 'br_ln2167' <Predicate = (state_load == 1 & tmp_4_i)> <Delay = 0.58>
ST_1 : Operation 78 [1/1] (0.00ns)   --->   "%tmp_3_i = nbreadreq i1 @_ssdm_op_NbReadReq.axis.i1024P128A, i1024 %s_axis_tx_data, i32 1" [/tools/Xilinx/Vitis_HLS/2022.1/common/technology/autopilot/hls_stream_39.h:136]   --->   Operation 78 'nbreadreq' 'tmp_3_i' <Predicate = (state_load == 5)> <Delay = 0.00> <CoreInst = "axis">   --->   Core 123 'axis' <Latency = 0> <II = 1> <Delay = 1.00> <Adapter> <Opcode : >
ST_1 : Operation 79 [1/1] (0.58ns)   --->   "%br_ln2129 = br i1 %tmp_3_i, void %sw.epilog.i, void %if.then33.i" [/mnt/scratch/pyuvaraj/Vitis_RoCE_W/Vitis_RoCE/fpga-network-stack/hls/rocev2/../ib_transport_protocol/ib_transport_protocol.cpp:2129]   --->   Operation 79 'br' 'br_ln2129' <Predicate = (state_load == 5)> <Delay = 0.58>
ST_1 : Operation 80 [1/1] (0.00ns)   --->   "%s_axis_tx_data_read_2 = read i1024 @_ssdm_op_Read.axis.volatile.i1024P128A, i1024 %s_axis_tx_data" [/tools/Xilinx/Vitis_HLS/2022.1/common/technology/autopilot/hls_stream_39.h:145]   --->   Operation 80 'read' 's_axis_tx_data_read_2' <Predicate = (state_load == 5 & tmp_3_i)> <Delay = 0.00> <CoreInst = "axis">   --->   Core 123 'axis' <Latency = 0> <II = 1> <Delay = 1.00> <Adapter> <Opcode : >
ST_1 : Operation 81 [1/1] (0.00ns)   --->   "%currWord_last_V_2 = bitselect i1 @_ssdm_op_BitSelect.i1.i1024.i1024, i1024 %s_axis_tx_data_read_2, i1024 576" [/tools/Xilinx/Vitis_HLS/2022.1/common/technology/autopilot/hls_stream_39.h:145]   --->   Operation 81 'bitselect' 'currWord_last_V_2' <Predicate = (state_load == 5 & tmp_3_i)> <Delay = 0.00>
ST_1 : Operation 82 [1/1] (0.70ns)   --->   "%add_ln886_2 = add i8 %wordCounter_V_load, i8 1"   --->   Operation 82 'add' 'add_ln886_2' <Predicate = (state_load == 5 & tmp_3_i)> <Delay = 0.70> <CoreInst = "Adder">   --->   Core 1 'Adder' <Latency = 0> <II = 1> <Delay = 0.70> <FuncUnit> <Opcode : 'add' 'sub'> <InPorts = 2> <OutPorts = 1>
ST_1 : Operation 83 [1/1] (0.58ns)   --->   "%icmp_ln1065_2 = icmp_eq  i8 %add_ln886_2, i8 22"   --->   Operation 83 'icmp' 'icmp_ln1065_2' <Predicate = (state_load == 5 & tmp_3_i)> <Delay = 0.58> <CoreInst = "Cmp">   --->   Core 9 'Cmp' <Latency = 0> <II = 1> <Delay = 0.58> <FuncUnit> <Opcode : 'icmp'> <InPorts = 2> <OutPorts = 1>
ST_1 : Operation 84 [1/1] (0.30ns)   --->   "%select_ln2137 = select i1 %icmp_ln1065_2, i8 0, i8 %add_ln886_2" [/mnt/scratch/pyuvaraj/Vitis_RoCE_W/Vitis_RoCE/fpga-network-stack/hls/rocev2/../ib_transport_protocol/ib_transport_protocol.cpp:2137]   --->   Operation 84 'select' 'select_ln2137' <Predicate = (state_load == 5 & tmp_3_i)> <Delay = 0.30> <CoreInst = "Sel">   --->   Core 73 'Sel' <Latency = 0> <II = 1> <Delay = 0.30> <FuncUnit> <Opcode : 'select'> <InPorts = 3> <OutPorts = 1>
ST_1 : Operation 85 [1/1] (0.12ns)   --->   "%currWord_last_V_3 = or i1 %icmp_ln1065_2, i1 %currWord_last_V_2" [/mnt/scratch/pyuvaraj/Vitis_RoCE_W/Vitis_RoCE/fpga-network-stack/hls/rocev2/../ib_transport_protocol/ib_transport_protocol.cpp:2137]   --->   Operation 85 'or' 'currWord_last_V_3' <Predicate = (state_load == 5 & tmp_3_i)> <Delay = 0.12> <CoreInst = "LogicGate">   --->   Core 74 'LogicGate' <Latency = 0> <II = 1> <Delay = 0.12> <FuncUnit> <Opcode : 'and' 'or' 'xor'> <InPorts = 2> <OutPorts = 1>
ST_1 : Operation 86 [1/1] (0.00ns)   --->   "%tmp = bitset i1024 @_ssdm_op_BitSet.i1024.i1024.i1024.i1, i1024 %s_axis_tx_data_read_2, i1024 576, i1 %currWord_last_V_3" [/tools/Xilinx/Vitis_HLS/2022.1/common/technology/autopilot/hls_stream_39.h:174]   --->   Operation 86 'bitset' 'tmp' <Predicate = (state_load == 5 & tmp_3_i)> <Delay = 0.00>
ST_1 : Operation 87 [1/1] (0.58ns)   --->   "%br_ln2144 = br void %sw.epilog.i" [/mnt/scratch/pyuvaraj/Vitis_RoCE_W/Vitis_RoCE/fpga-network-stack/hls/rocev2/../ib_transport_protocol/ib_transport_protocol.cpp:2144]   --->   Operation 87 'br' 'br_ln2144' <Predicate = (state_load == 5 & tmp_3_i)> <Delay = 0.58>
ST_1 : Operation 88 [1/1] (0.00ns)   --->   "%tmp_i_98 = nbreadreq i1 @_ssdm_op_NbReadReq.axis.i1024P128A, i1024 %s_axis_tx_data, i32 1" [/tools/Xilinx/Vitis_HLS/2022.1/common/technology/autopilot/hls_stream_39.h:136]   --->   Operation 88 'nbreadreq' 'tmp_i_98' <Predicate = (state_load == 4)> <Delay = 0.00> <CoreInst = "axis">   --->   Core 123 'axis' <Latency = 0> <II = 1> <Delay = 1.00> <Adapter> <Opcode : >
ST_1 : Operation 89 [1/1] (0.58ns)   --->   "%br_ln2106 = br i1 %tmp_i_98, void %sw.epilog.i, void %if.then16.i" [/mnt/scratch/pyuvaraj/Vitis_RoCE_W/Vitis_RoCE/fpga-network-stack/hls/rocev2/../ib_transport_protocol/ib_transport_protocol.cpp:2106]   --->   Operation 89 'br' 'br_ln2106' <Predicate = (state_load == 4)> <Delay = 0.58>
ST_1 : Operation 90 [1/1] (0.00ns)   --->   "%s_axis_tx_data_read_1 = read i1024 @_ssdm_op_Read.axis.volatile.i1024P128A, i1024 %s_axis_tx_data" [/tools/Xilinx/Vitis_HLS/2022.1/common/technology/autopilot/hls_stream_39.h:145]   --->   Operation 90 'read' 's_axis_tx_data_read_1' <Predicate = (state_load == 4 & tmp_i_98)> <Delay = 0.00> <CoreInst = "axis">   --->   Core 123 'axis' <Latency = 0> <II = 1> <Delay = 1.00> <Adapter> <Opcode : >
ST_1 : Operation 91 [1/1] (0.00ns)   --->   "%currWord_last_V_1 = bitselect i1 @_ssdm_op_BitSelect.i1.i1024.i1024, i1024 %s_axis_tx_data_read_1, i1024 576" [/tools/Xilinx/Vitis_HLS/2022.1/common/technology/autopilot/hls_stream_39.h:145]   --->   Operation 91 'bitselect' 'currWord_last_V_1' <Predicate = (state_load == 4 & tmp_i_98)> <Delay = 0.00>
ST_1 : Operation 92 [1/1] (0.70ns)   --->   "%add_ln886_1 = add i8 %wordCounter_V_load, i8 1"   --->   Operation 92 'add' 'add_ln886_1' <Predicate = (state_load == 4 & tmp_i_98)> <Delay = 0.70> <CoreInst = "Adder">   --->   Core 1 'Adder' <Latency = 0> <II = 1> <Delay = 0.70> <FuncUnit> <Opcode : 'add' 'sub'> <InPorts = 2> <OutPorts = 1>
ST_1 : Operation 93 [1/1] (0.58ns)   --->   "%icmp_ln1065_1 = icmp_eq  i8 %add_ln886_1, i8 22"   --->   Operation 93 'icmp' 'icmp_ln1065_1' <Predicate = (state_load == 4 & tmp_i_98)> <Delay = 0.58> <CoreInst = "Cmp">   --->   Core 9 'Cmp' <Latency = 0> <II = 1> <Delay = 0.58> <FuncUnit> <Opcode : 'icmp'> <InPorts = 2> <OutPorts = 1>
ST_1 : Operation 94 [1/1] (0.38ns)   --->   "%br_ln2114 = br i1 %icmp_ln1065_1, void %if.end29.i, void %if.then21.i" [/mnt/scratch/pyuvaraj/Vitis_RoCE_W/Vitis_RoCE/fpga-network-stack/hls/rocev2/../ib_transport_protocol/ib_transport_protocol.cpp:2114]   --->   Operation 94 'br' 'br_ln2114' <Predicate = (state_load == 4 & tmp_i_98)> <Delay = 0.38>
ST_1 : Operation 95 [1/1] (0.86ns)   --->   "%add_ln887_1 = add i29 %info_words_V_load, i29 536870890"   --->   Operation 95 'add' 'add_ln887_1' <Predicate = (state_load == 4 & tmp_i_98 & icmp_ln1065_1)> <Delay = 0.86> <CoreInst = "Adder">   --->   Core 1 'Adder' <Latency = 0> <II = 1> <Delay = 0.86> <FuncUnit> <Opcode : 'add' 'sub'> <InPorts = 2> <OutPorts = 1>
ST_1 : Operation 96 [1/1] (0.51ns)   --->   "%store_ln887 = store i29 %add_ln887_1, i29 %info_words_V"   --->   Operation 96 'store' 'store_ln887' <Predicate = (state_load == 4 & tmp_i_98 & icmp_ln1065_1)> <Delay = 0.51>
ST_1 : Operation 97 [1/1] (0.82ns)   --->   "%icmp_ln1081 = icmp_ugt  i29 %add_ln887_1, i29 22"   --->   Operation 97 'icmp' 'icmp_ln1081' <Predicate = (state_load == 4 & tmp_i_98 & icmp_ln1065_1)> <Delay = 0.82> <CoreInst = "Cmp">   --->   Core 9 'Cmp' <Latency = 0> <II = 1> <Delay = 0.82> <FuncUnit> <Opcode : 'icmp'> <InPorts = 2> <OutPorts = 1>
ST_1 : Operation 98 [1/1] (0.12ns)   --->   "%or_ln2120 = or i1 %icmp_ln1081, i1 %currWord_last_V_1" [/mnt/scratch/pyuvaraj/Vitis_RoCE_W/Vitis_RoCE/fpga-network-stack/hls/rocev2/../ib_transport_protocol/ib_transport_protocol.cpp:2120]   --->   Operation 98 'or' 'or_ln2120' <Predicate = (state_load == 4 & tmp_i_98 & icmp_ln1065_1)> <Delay = 0.12> <CoreInst = "LogicGate">   --->   Core 74 'LogicGate' <Latency = 0> <II = 1> <Delay = 0.12> <FuncUnit> <Opcode : 'and' 'or' 'xor'> <InPorts = 2> <OutPorts = 1>
ST_1 : Operation 99 [1/1] (0.27ns)   --->   "%select_ln2120 = select i1 %icmp_ln1081, i2 2, i2 0" [/mnt/scratch/pyuvaraj/Vitis_RoCE_W/Vitis_RoCE/fpga-network-stack/hls/rocev2/../ib_transport_protocol/ib_transport_protocol.cpp:2120]   --->   Operation 99 'select' 'select_ln2120' <Predicate = (state_load == 4 & tmp_i_98 & icmp_ln1065_1)> <Delay = 0.27> <CoreInst = "Sel">   --->   Core 73 'Sel' <Latency = 0> <II = 1> <Delay = 0.27> <FuncUnit> <Opcode : 'select'> <InPorts = 3> <OutPorts = 1>
ST_1 : Operation 100 [1/1] (0.38ns)   --->   "%br_ln2124 = br void %if.end29.i" [/mnt/scratch/pyuvaraj/Vitis_RoCE_W/Vitis_RoCE/fpga-network-stack/hls/rocev2/../ib_transport_protocol/ib_transport_protocol.cpp:2124]   --->   Operation 100 'br' 'br_ln2124' <Predicate = (state_load == 4 & tmp_i_98 & icmp_ln1065_1)> <Delay = 0.38>
ST_1 : Operation 101 [1/1] (0.00ns)   --->   "%state_flag_3_i = phi i1 %or_ln2120, void %if.then21.i, i1 %currWord_last_V_1, void %if.then16.i"   --->   Operation 101 'phi' 'state_flag_3_i' <Predicate = (state_load == 4 & tmp_i_98)> <Delay = 0.00>
ST_1 : Operation 102 [1/1] (0.00ns)   --->   "%state_new_3_i = phi i2 %select_ln2120, void %if.then21.i, i2 0, void %if.then16.i" [/mnt/scratch/pyuvaraj/Vitis_RoCE_W/Vitis_RoCE/fpga-network-stack/hls/rocev2/../ib_transport_protocol/ib_transport_protocol.cpp:2120]   --->   Operation 102 'phi' 'state_new_3_i' <Predicate = (state_load == 4 & tmp_i_98)> <Delay = 0.00>
ST_1 : Operation 103 [1/1] (0.00ns)   --->   "%wordCounter_V_new_1_i = phi i8 0, void %if.then21.i, i8 %add_ln886_1, void %if.then16.i"   --->   Operation 103 'phi' 'wordCounter_V_new_1_i' <Predicate = (state_load == 4 & tmp_i_98)> <Delay = 0.00>
ST_1 : Operation 104 [1/1] (0.00ns)   --->   "%sext_ln2072 = sext i2 %state_new_3_i" [/mnt/scratch/pyuvaraj/Vitis_RoCE_W/Vitis_RoCE/fpga-network-stack/hls/rocev2/../ib_transport_protocol/ib_transport_protocol.cpp:2072]   --->   Operation 104 'sext' 'sext_ln2072' <Predicate = (state_load == 4 & tmp_i_98)> <Delay = 0.00>
ST_1 : Operation 105 [1/1] (0.58ns)   --->   "%br_ln2126 = br void %sw.epilog.i" [/mnt/scratch/pyuvaraj/Vitis_RoCE_W/Vitis_RoCE/fpga-network-stack/hls/rocev2/../ib_transport_protocol/ib_transport_protocol.cpp:2126]   --->   Operation 105 'br' 'br_ln2126' <Predicate = (state_load == 4 & tmp_i_98)> <Delay = 0.58>
ST_1 : Operation 106 [1/1] (0.00ns)   --->   "%tmp_2_i = nbreadreq i1 @_ssdm_op_NbReadReq.axis.i1024P128A, i1024 %s_axis_tx_data, i32 1" [/tools/Xilinx/Vitis_HLS/2022.1/common/technology/autopilot/hls_stream_39.h:136]   --->   Operation 106 'nbreadreq' 'tmp_2_i' <Predicate = (state_load == 6)> <Delay = 0.00> <CoreInst = "axis">   --->   Core 123 'axis' <Latency = 0> <II = 1> <Delay = 1.00> <Adapter> <Opcode : >
ST_1 : Operation 107 [1/1] (0.58ns)   --->   "%br_ln2216 = br i1 %tmp_2_i, void %sw.epilog.i, void %if.then109.i" [/mnt/scratch/pyuvaraj/Vitis_RoCE_W/Vitis_RoCE/fpga-network-stack/hls/rocev2/../ib_transport_protocol/ib_transport_protocol.cpp:2216]   --->   Operation 107 'br' 'br_ln2216' <Predicate = (state_load == 6)> <Delay = 0.58>
ST_1 : Operation 108 [1/1] (0.00ns)   --->   "%s_axis_tx_data_read = read i1024 @_ssdm_op_Read.axis.volatile.i1024P128A, i1024 %s_axis_tx_data" [/tools/Xilinx/Vitis_HLS/2022.1/common/technology/autopilot/hls_stream_39.h:145]   --->   Operation 108 'read' 's_axis_tx_data_read' <Predicate = (state_load == 6 & tmp_2_i)> <Delay = 0.00> <CoreInst = "axis">   --->   Core 123 'axis' <Latency = 0> <II = 1> <Delay = 1.00> <Adapter> <Opcode : >
ST_1 : Operation 109 [1/1] (0.00ns)   --->   "%currWord_last_V = bitselect i1 @_ssdm_op_BitSelect.i1.i1024.i1024, i1024 %s_axis_tx_data_read, i1024 576" [/tools/Xilinx/Vitis_HLS/2022.1/common/technology/autopilot/hls_stream_39.h:145]   --->   Operation 109 'bitselect' 'currWord_last_V' <Predicate = (state_load == 6 & tmp_2_i)> <Delay = 0.00>
ST_1 : Operation 110 [1/1] (0.70ns)   --->   "%add_ln886 = add i8 %wordCounter_V_load, i8 1"   --->   Operation 110 'add' 'add_ln886' <Predicate = (state_load == 6 & tmp_2_i)> <Delay = 0.70> <CoreInst = "Adder">   --->   Core 1 'Adder' <Latency = 0> <II = 1> <Delay = 0.70> <FuncUnit> <Opcode : 'add' 'sub'> <InPorts = 2> <OutPorts = 1>
ST_1 : Operation 111 [1/1] (0.58ns)   --->   "%icmp_ln1065 = icmp_eq  i8 %add_ln886, i8 22"   --->   Operation 111 'icmp' 'icmp_ln1065' <Predicate = (state_load == 6 & tmp_2_i)> <Delay = 0.58> <CoreInst = "Cmp">   --->   Core 9 'Cmp' <Latency = 0> <II = 1> <Delay = 0.58> <FuncUnit> <Opcode : 'icmp'> <InPorts = 2> <OutPorts = 1>
ST_1 : Operation 112 [1/1] (0.38ns)   --->   "%br_ln2224 = br i1 %icmp_ln1065, void %if.end127.i, void %if.then117.i" [/mnt/scratch/pyuvaraj/Vitis_RoCE_W/Vitis_RoCE/fpga-network-stack/hls/rocev2/../ib_transport_protocol/ib_transport_protocol.cpp:2224]   --->   Operation 112 'br' 'br_ln2224' <Predicate = (state_load == 6 & tmp_2_i)> <Delay = 0.38>
ST_1 : Operation 113 [1/1] (0.86ns)   --->   "%add_ln887 = add i29 %info_words_V_load, i29 536870890"   --->   Operation 113 'add' 'add_ln887' <Predicate = (state_load == 6 & tmp_2_i & icmp_ln1065)> <Delay = 0.86> <CoreInst = "Adder">   --->   Core 1 'Adder' <Latency = 0> <II = 1> <Delay = 0.86> <FuncUnit> <Opcode : 'add' 'sub'> <InPorts = 2> <OutPorts = 1>
ST_1 : Operation 114 [1/1] (0.51ns)   --->   "%store_ln887 = store i29 %add_ln887, i29 %info_words_V"   --->   Operation 114 'store' 'store_ln887' <Predicate = (state_load == 6 & tmp_2_i & icmp_ln1065)> <Delay = 0.51>
ST_1 : Operation 115 [1/1] (0.85ns)   --->   "%icmp_ln2229 = icmp_eq  i32 %info_type_load, i32 0" [/mnt/scratch/pyuvaraj/Vitis_RoCE_W/Vitis_RoCE/fpga-network-stack/hls/rocev2/../ib_transport_protocol/ib_transport_protocol.cpp:2229]   --->   Operation 115 'icmp' 'icmp_ln2229' <Predicate = (state_load == 6 & tmp_2_i & icmp_ln1065)> <Delay = 0.85> <CoreInst = "Cmp">   --->   Core 9 'Cmp' <Latency = 0> <II = 1> <Delay = 0.85> <FuncUnit> <Opcode : 'icmp'> <InPorts = 2> <OutPorts = 1>
ST_1 : Operation 116 [1/1] (0.82ns)   --->   "%icmp_ln1085 = icmp_ult  i29 %add_ln887, i29 23"   --->   Operation 116 'icmp' 'icmp_ln1085' <Predicate = (state_load == 6 & tmp_2_i & icmp_ln1065)> <Delay = 0.82> <CoreInst = "Cmp">   --->   Core 9 'Cmp' <Latency = 0> <II = 1> <Delay = 0.82> <FuncUnit> <Opcode : 'icmp'> <InPorts = 2> <OutPorts = 1>
ST_1 : Operation 117 [1/1] (0.12ns)   --->   "%and_ln2229 = and i1 %icmp_ln2229, i1 %icmp_ln1085" [/mnt/scratch/pyuvaraj/Vitis_RoCE_W/Vitis_RoCE/fpga-network-stack/hls/rocev2/../ib_transport_protocol/ib_transport_protocol.cpp:2229]   --->   Operation 117 'and' 'and_ln2229' <Predicate = (state_load == 6 & tmp_2_i & icmp_ln1065)> <Delay = 0.12> <CoreInst = "LogicGate">   --->   Core 74 'LogicGate' <Latency = 0> <II = 1> <Delay = 0.12> <FuncUnit> <Opcode : 'and' 'or' 'xor'> <InPorts = 2> <OutPorts = 1>
ST_1 : Operation 118 [1/1] (0.12ns)   --->   "%or_ln2229 = or i1 %and_ln2229, i1 %currWord_last_V" [/mnt/scratch/pyuvaraj/Vitis_RoCE_W/Vitis_RoCE/fpga-network-stack/hls/rocev2/../ib_transport_protocol/ib_transport_protocol.cpp:2229]   --->   Operation 118 'or' 'or_ln2229' <Predicate = (state_load == 6 & tmp_2_i & icmp_ln1065)> <Delay = 0.12> <CoreInst = "LogicGate">   --->   Core 74 'LogicGate' <Latency = 0> <II = 1> <Delay = 0.12> <FuncUnit> <Opcode : 'and' 'or' 'xor'> <InPorts = 2> <OutPorts = 1>
ST_1 : Operation 119 [1/1] (0.27ns)   --->   "%select_ln2229 = select i1 %and_ln2229, i3 4, i3 0" [/mnt/scratch/pyuvaraj/Vitis_RoCE_W/Vitis_RoCE/fpga-network-stack/hls/rocev2/../ib_transport_protocol/ib_transport_protocol.cpp:2229]   --->   Operation 119 'select' 'select_ln2229' <Predicate = (state_load == 6 & tmp_2_i & icmp_ln1065)> <Delay = 0.27> <CoreInst = "Sel">   --->   Core 73 'Sel' <Latency = 0> <II = 1> <Delay = 0.27> <FuncUnit> <Opcode : 'select'> <InPorts = 3> <OutPorts = 1>
ST_1 : Operation 120 [1/1] (0.38ns)   --->   "%br_ln2233 = br void %if.end127.i" [/mnt/scratch/pyuvaraj/Vitis_RoCE_W/Vitis_RoCE/fpga-network-stack/hls/rocev2/../ib_transport_protocol/ib_transport_protocol.cpp:2233]   --->   Operation 120 'br' 'br_ln2233' <Predicate = (state_load == 6 & tmp_2_i & icmp_ln1065)> <Delay = 0.38>
ST_1 : Operation 121 [1/1] (0.00ns)   --->   "%state_flag_20_i = phi i1 %or_ln2229, void %if.then117.i, i1 %currWord_last_V, void %if.then109.i"   --->   Operation 121 'phi' 'state_flag_20_i' <Predicate = (state_load == 6 & tmp_2_i)> <Delay = 0.00>
ST_1 : Operation 122 [1/1] (0.00ns)   --->   "%state_new_20_i = phi i3 %select_ln2229, void %if.then117.i, i3 0, void %if.then109.i" [/mnt/scratch/pyuvaraj/Vitis_RoCE_W/Vitis_RoCE/fpga-network-stack/hls/rocev2/../ib_transport_protocol/ib_transport_protocol.cpp:2229]   --->   Operation 122 'phi' 'state_new_20_i' <Predicate = (state_load == 6 & tmp_2_i)> <Delay = 0.00>
ST_1 : Operation 123 [1/1] (0.00ns)   --->   "%wordCounter_V_new_11_i = phi i8 0, void %if.then117.i, i8 %add_ln886, void %if.then109.i"   --->   Operation 123 'phi' 'wordCounter_V_new_11_i' <Predicate = (state_load == 6 & tmp_2_i)> <Delay = 0.00>
ST_1 : Operation 124 [1/1] (0.58ns)   --->   "%br_ln2235 = br void %sw.epilog.i" [/mnt/scratch/pyuvaraj/Vitis_RoCE_W/Vitis_RoCE/fpga-network-stack/hls/rocev2/../ib_transport_protocol/ib_transport_protocol.cpp:2235]   --->   Operation 124 'br' 'br_ln2235' <Predicate = (state_load == 6 & tmp_2_i)> <Delay = 0.58>
ST_1 : Operation 125 [1/1] (0.00ns)   --->   "%tmp_i = nbreadreq i1 @_ssdm_op_NbReadReq.ap_fifo.i96P0A, i96 %tx_pkgInfoFifo, i32 1" [/tools/Xilinx/Vitis_HLS/2022.1/common/technology/autopilot/hls_stream_39.h:136]   --->   Operation 125 'nbreadreq' 'tmp_i' <Predicate = (state_load == 7) | (state_load == 0)> <Delay = 0.00> <CoreInst = "FIFO">   --->   Core 78 'FIFO' <Latency = 0> <II = 1> <Delay = 1.23> <Storage> <Opcode : 'read' 'write' 'nbread' 'nbwrite'> <Ports = 0> <Width = 96> <Depth = 128> <FIFO>
ST_1 : Operation 126 [1/1] (0.58ns)   --->   "%br_ln2077 = br i1 %tmp_i, void %sw.epilog.i, void %if.then.i" [/mnt/scratch/pyuvaraj/Vitis_RoCE_W/Vitis_RoCE/fpga-network-stack/hls/rocev2/../ib_transport_protocol/ib_transport_protocol.cpp:2077]   --->   Operation 126 'br' 'br_ln2077' <Predicate = (state_load == 7) | (state_load == 0)> <Delay = 0.58>
ST_1 : Operation 127 [1/1] (1.16ns)   --->   "%tx_pkgInfoFifo_read = read i96 @_ssdm_op_Read.ap_fifo.volatile.i96P0A, i96 %tx_pkgInfoFifo" [/tools/Xilinx/Vitis_HLS/2022.1/common/technology/autopilot/hls_stream_39.h:145]   --->   Operation 127 'read' 'tx_pkgInfoFifo_read' <Predicate = (state_load == 7 & tmp_i) | (state_load == 0 & tmp_i)> <Delay = 1.16> <CoreInst = "FIFO">   --->   Core 78 'FIFO' <Latency = 0> <II = 1> <Delay = 1.23> <Storage> <Opcode : 'read' 'write' 'nbread' 'nbwrite'> <Ports = 0> <Width = 96> <Depth = 128> <FIFO>
ST_1 : Operation 128 [1/1] (0.00ns)   --->   "%trunc_ln145 = trunc i96 %tx_pkgInfoFifo_read" [/tools/Xilinx/Vitis_HLS/2022.1/common/technology/autopilot/hls_stream_39.h:145]   --->   Operation 128 'trunc' 'trunc_ln145' <Predicate = (state_load == 7 & tmp_i) | (state_load == 0 & tmp_i)> <Delay = 0.00>
ST_1 : Operation 129 [1/1] (0.00ns)   --->   "%store_ln145 = store i32 %trunc_ln145, i32 %info_type" [/tools/Xilinx/Vitis_HLS/2022.1/common/technology/autopilot/hls_stream_39.h:145]   --->   Operation 129 'store' 'store_ln145' <Predicate = (state_load == 7 & tmp_i) | (state_load == 0 & tmp_i)> <Delay = 0.00>
ST_1 : Operation 130 [1/1] (0.00ns)   --->   "%tmp_7_i = partselect i32 @_ssdm_op_PartSelect.i32.i96.i32.i32, i96 %tx_pkgInfoFifo_read, i32 32, i32 63" [/tools/Xilinx/Vitis_HLS/2022.1/common/technology/autopilot/hls_stream_39.h:145]   --->   Operation 130 'partselect' 'tmp_7_i' <Predicate = (state_load == 7 & tmp_i) | (state_load == 0 & tmp_i)> <Delay = 0.00>
ST_1 : Operation 131 [1/1] (0.00ns)   --->   "%tmp_8_i = partselect i29 @_ssdm_op_PartSelect.i29.i96.i32.i32, i96 %tx_pkgInfoFifo_read, i32 64, i32 92" [/tools/Xilinx/Vitis_HLS/2022.1/common/technology/autopilot/hls_stream_39.h:145]   --->   Operation 131 'partselect' 'tmp_8_i' <Predicate = (state_load == 7 & tmp_i) | (state_load == 0 & tmp_i)> <Delay = 0.00>
ST_1 : Operation 132 [1/1] (0.51ns)   --->   "%store_ln145 = store i29 %tmp_8_i, i29 %info_words_V" [/tools/Xilinx/Vitis_HLS/2022.1/common/technology/autopilot/hls_stream_39.h:145]   --->   Operation 132 'store' 'store_ln145' <Predicate = (state_load == 7 & tmp_i) | (state_load == 0 & tmp_i)> <Delay = 0.51>
ST_1 : Operation 133 [1/1] (0.85ns)   --->   "%icmp_ln2081 = icmp_eq  i32 %tmp_7_i, i32 0" [/mnt/scratch/pyuvaraj/Vitis_RoCE_W/Vitis_RoCE/fpga-network-stack/hls/rocev2/../ib_transport_protocol/ib_transport_protocol.cpp:2081]   --->   Operation 133 'icmp' 'icmp_ln2081' <Predicate = (state_load == 7 & tmp_i) | (state_load == 0 & tmp_i)> <Delay = 0.85> <CoreInst = "Cmp">   --->   Core 9 'Cmp' <Latency = 0> <II = 1> <Delay = 0.85> <FuncUnit> <Opcode : 'icmp'> <InPorts = 2> <OutPorts = 1>
ST_1 : Operation 134 [1/1] (0.85ns)   --->   "%icmp_ln2083 = icmp_eq  i32 %trunc_ln145, i32 0" [/mnt/scratch/pyuvaraj/Vitis_RoCE_W/Vitis_RoCE/fpga-network-stack/hls/rocev2/../ib_transport_protocol/ib_transport_protocol.cpp:2083]   --->   Operation 134 'icmp' 'icmp_ln2083' <Predicate = (state_load == 7 & tmp_i) | (state_load == 0 & tmp_i)> <Delay = 0.85> <CoreInst = "Cmp">   --->   Core 9 'Cmp' <Latency = 0> <II = 1> <Delay = 0.85> <FuncUnit> <Opcode : 'icmp'> <InPorts = 2> <OutPorts = 1>
ST_1 : Operation 135 [1/1] (0.00ns)   --->   "%br_ln2081 = br i1 %icmp_ln2081, void %if.else7.i, void %if.then4.i" [/mnt/scratch/pyuvaraj/Vitis_RoCE_W/Vitis_RoCE/fpga-network-stack/hls/rocev2/../ib_transport_protocol/ib_transport_protocol.cpp:2081]   --->   Operation 135 'br' 'br_ln2081' <Predicate = (state_load == 7 & tmp_i) | (state_load == 0 & tmp_i)> <Delay = 0.00>
ST_1 : Operation 136 [1/1] (0.27ns)   --->   "%select_ln2094 = select i1 %icmp_ln2083, i3 4, i3 5" [/mnt/scratch/pyuvaraj/Vitis_RoCE_W/Vitis_RoCE/fpga-network-stack/hls/rocev2/../ib_transport_protocol/ib_transport_protocol.cpp:2094]   --->   Operation 136 'select' 'select_ln2094' <Predicate = (state_load == 7 & tmp_i & !icmp_ln2081) | (state_load == 0 & tmp_i & !icmp_ln2081)> <Delay = 0.27> <CoreInst = "Sel">   --->   Core 73 'Sel' <Latency = 0> <II = 1> <Delay = 0.27> <FuncUnit> <Opcode : 'select'> <InPorts = 3> <OutPorts = 1>
ST_1 : Operation 137 [1/1] (0.58ns)   --->   "%br_ln0 = br void %sw.epilog.i"   --->   Operation 137 'br' 'br_ln0' <Predicate = (state_load == 7 & tmp_i & !icmp_ln2081) | (state_load == 0 & tmp_i & !icmp_ln2081)> <Delay = 0.58>
ST_1 : Operation 138 [1/1] (0.27ns)   --->   "%select_ln2091 = select i1 %icmp_ln2083, i3 1, i3 2" [/mnt/scratch/pyuvaraj/Vitis_RoCE_W/Vitis_RoCE/fpga-network-stack/hls/rocev2/../ib_transport_protocol/ib_transport_protocol.cpp:2091]   --->   Operation 138 'select' 'select_ln2091' <Predicate = (state_load == 7 & tmp_i & icmp_ln2081) | (state_load == 0 & tmp_i & icmp_ln2081)> <Delay = 0.27> <CoreInst = "Sel">   --->   Core 73 'Sel' <Latency = 0> <II = 1> <Delay = 0.27> <FuncUnit> <Opcode : 'select'> <InPorts = 3> <OutPorts = 1>
ST_1 : Operation 139 [1/1] (0.58ns)   --->   "%br_ln2091 = br void %sw.epilog.i" [/mnt/scratch/pyuvaraj/Vitis_RoCE_W/Vitis_RoCE/fpga-network-stack/hls/rocev2/../ib_transport_protocol/ib_transport_protocol.cpp:2091]   --->   Operation 139 'br' 'br_ln2091' <Predicate = (state_load == 7 & tmp_i & icmp_ln2081) | (state_load == 0 & tmp_i & icmp_ln2081)> <Delay = 0.58>
ST_1 : Operation 140 [1/1] (0.00ns)   --->   "%state_flag_22_i = phi i1 0, void %sw.bb.i, i1 1, void %if.else7.i, i1 1, void %if.then4.i, i1 %state_flag_3_i, void %if.end29.i, i1 0, void %sw.bb14.i, i1 %currWord_last_V_2, void %if.then33.i, i1 0, void %sw.bb31.i, i1 %state_flag_9_i, void %if.end65.i, i1 0, void %sw.bb47.i, i1 %currWord_last_V_10, void %if.end84.i, i1 0, void %sw.bb67.i, i1 %state_flag_16_i, void %if.end105.i, i1 0, void %sw.bb86.i, i1 %state_flag_20_i, void %if.end127.i, i1 0, void %sw.bb107.i"   --->   Operation 140 'phi' 'state_flag_22_i' <Predicate = true> <Delay = 0.00>
ST_1 : Operation 141 [1/1] (0.00ns)   --->   "%state_new_22_i = phi i3 0, void %sw.bb.i, i3 %select_ln2094, void %if.else7.i, i3 %select_ln2091, void %if.then4.i, i3 %sext_ln2072, void %if.end29.i, i3 0, void %sw.bb14.i, i3 0, void %if.then33.i, i3 0, void %sw.bb31.i, i3 %phi_ln2072, void %if.end65.i, i3 0, void %sw.bb47.i, i3 %phi_ln2072_1, void %if.end84.i, i3 0, void %sw.bb67.i, i3 %zext_ln2072, void %if.end105.i, i3 0, void %sw.bb86.i, i3 %state_new_20_i, void %if.end127.i, i3 0, void %sw.bb107.i" [/mnt/scratch/pyuvaraj/Vitis_RoCE_W/Vitis_RoCE/fpga-network-stack/hls/rocev2/../ib_transport_protocol/ib_transport_protocol.cpp:2094]   --->   Operation 141 'phi' 'state_new_22_i' <Predicate = true> <Delay = 0.00>
ST_1 : Operation 142 [1/1] (0.00ns)   --->   "%wordCounter_V_flag_13_i = phi i1 0, void %sw.bb.i, i1 1, void %if.else7.i, i1 1, void %if.then4.i, i1 1, void %if.end29.i, i1 0, void %sw.bb14.i, i1 1, void %if.then33.i, i1 0, void %sw.bb31.i, i1 1, void %if.end65.i, i1 0, void %sw.bb47.i, i1 1, void %if.end84.i, i1 0, void %sw.bb67.i, i1 1, void %if.end105.i, i1 0, void %sw.bb86.i, i1 1, void %if.end127.i, i1 0, void %sw.bb107.i"   --->   Operation 142 'phi' 'wordCounter_V_flag_13_i' <Predicate = true> <Delay = 0.00>
ST_1 : Operation 143 [1/1] (0.00ns)   --->   "%wordCounter_V_new_13_i = phi i8 0, void %sw.bb.i, i8 0, void %if.else7.i, i8 0, void %if.then4.i, i8 %wordCounter_V_new_1_i, void %if.end29.i, i8 0, void %sw.bb14.i, i8 %select_ln2137, void %if.then33.i, i8 0, void %sw.bb31.i, i8 %wordCounter_V_new_5_i, void %if.end65.i, i8 0, void %sw.bb47.i, i8 %wordCounter_V_new_7_i, void %if.end84.i, i8 0, void %sw.bb67.i, i8 %wordCounter_V_new_9_i, void %if.end105.i, i8 0, void %sw.bb86.i, i8 %wordCounter_V_new_11_i, void %if.end127.i, i8 0, void %sw.bb107.i"   --->   Operation 143 'phi' 'wordCounter_V_new_13_i' <Predicate = true> <Delay = 0.00>
ST_1 : Operation 144 [1/1] (0.00ns)   --->   "%br_ln0 = br i1 %wordCounter_V_flag_13_i, void %sw.epilog.new2.i, void %mergeST1.i"   --->   Operation 144 'br' 'br_ln0' <Predicate = true> <Delay = 0.00>
ST_1 : Operation 145 [1/1] (0.00ns)   --->   "%store_ln2080 = store i8 %wordCounter_V_new_13_i, i8 %wordCounter_V" [/mnt/scratch/pyuvaraj/Vitis_RoCE_W/Vitis_RoCE/fpga-network-stack/hls/rocev2/../ib_transport_protocol/ib_transport_protocol.cpp:2080]   --->   Operation 145 'store' 'store_ln2080' <Predicate = (wordCounter_V_flag_13_i)> <Delay = 0.00>
ST_1 : Operation 146 [1/1] (0.00ns)   --->   "%br_ln0 = br void %sw.epilog.new2.i"   --->   Operation 146 'br' 'br_ln0' <Predicate = (wordCounter_V_flag_13_i)> <Delay = 0.00>
ST_1 : Operation 147 [1/1] (0.00ns)   --->   "%br_ln2120 = br i1 %state_flag_22_i, void %tx_pkg_arbiter<512>.exit, void %mergeST.i" [/mnt/scratch/pyuvaraj/Vitis_RoCE_W/Vitis_RoCE/fpga-network-stack/hls/rocev2/../ib_transport_protocol/ib_transport_protocol.cpp:2120]   --->   Operation 147 'br' 'br_ln2120' <Predicate = true> <Delay = 0.00>
ST_1 : Operation 148 [1/1] (0.00ns)   --->   "%store_ln2096 = store i3 %state_new_22_i, i3 %state" [/mnt/scratch/pyuvaraj/Vitis_RoCE_W/Vitis_RoCE/fpga-network-stack/hls/rocev2/../ib_transport_protocol/ib_transport_protocol.cpp:2096]   --->   Operation 148 'store' 'store_ln2096' <Predicate = (state_flag_22_i)> <Delay = 0.00>
ST_1 : Operation 149 [1/1] (0.00ns)   --->   "%br_ln0 = br void %tx_pkg_arbiter<512>.exit"   --->   Operation 149 'br' 'br_ln0' <Predicate = (state_flag_22_i)> <Delay = 0.00>

State 2 <SV = 1> <Delay = 1.16>
ST_2 : Operation 150 [1/1] (0.00ns)   --->   "%currWord_last_V_11 = phi i1 1, void %if.then96.i, i1 %currWord_last_V_6, void %if.then88.i"   --->   Operation 150 'phi' 'currWord_last_V_11' <Predicate = (state_load == 3 & tmp_6_i)> <Delay = 0.00>
ST_2 : Operation 151 [1/1] (0.00ns)   --->   "%tmp_8 = bitset i1024 @_ssdm_op_BitSet.i1024.i1024.i1024.i1, i1024 %s_axis_mem_read_data_read_2, i1024 576, i1 %currWord_last_V_11" [/tools/Xilinx/Vitis_HLS/2022.1/common/technology/autopilot/hls_stream_39.h:174]   --->   Operation 151 'bitset' 'tmp_8' <Predicate = (state_load == 3 & tmp_6_i)> <Delay = 0.00>
ST_2 : Operation 152 [1/1] (1.16ns)   --->   "%write_ln174 = write void @_ssdm_op_Write.ap_fifo.volatile.i1024P0A, i1024 %tx_rawPayFifo, i1024 %tmp_8" [/tools/Xilinx/Vitis_HLS/2022.1/common/technology/autopilot/hls_stream_39.h:174]   --->   Operation 152 'write' 'write_ln174' <Predicate = (state_load == 3 & tmp_6_i)> <Delay = 1.16> <CoreInst = "FIFO">   --->   Core 78 'FIFO' <Latency = 0> <II = 1> <Delay = 1.28> <Storage> <Opcode : 'read' 'write' 'nbread' 'nbwrite'> <Ports = 0> <Width = 1024> <Depth = 4> <FIFO>
ST_2 : Operation 153 [1/1] (1.16ns)   --->   "%write_ln174 = write void @_ssdm_op_Write.ap_fifo.volatile.i1024P0A, i1024 %tx_rethMerge2rethShift, i1024 %tmp_7" [/tools/Xilinx/Vitis_HLS/2022.1/common/technology/autopilot/hls_stream_39.h:174]   --->   Operation 153 'write' 'write_ln174' <Predicate = (state_load == 2 & tmp_5_i)> <Delay = 1.16> <CoreInst = "FIFO">   --->   Core 78 'FIFO' <Latency = 0> <II = 1> <Delay = 1.28> <Storage> <Opcode : 'read' 'write' 'nbread' 'nbwrite'> <Ports = 0> <Width = 1024> <Depth = 4> <FIFO>
ST_2 : Operation 154 [1/1] (0.00ns)   --->   "%currWord_last_V_9 = phi i1 1, void %if.then57.i, i1 %currWord_last_V_4, void %if.then49.i"   --->   Operation 154 'phi' 'currWord_last_V_9' <Predicate = (state_load == 1 & tmp_4_i)> <Delay = 0.00>
ST_2 : Operation 155 [1/1] (0.00ns)   --->   "%tmp_6 = bitset i1024 @_ssdm_op_BitSet.i1024.i1024.i1024.i1, i1024 %s_axis_mem_read_data_read, i1024 576, i1 %currWord_last_V_9" [/tools/Xilinx/Vitis_HLS/2022.1/common/technology/autopilot/hls_stream_39.h:174]   --->   Operation 155 'bitset' 'tmp_6' <Predicate = (state_load == 1 & tmp_4_i)> <Delay = 0.00>
ST_2 : Operation 156 [1/1] (1.16ns)   --->   "%write_ln174 = write void @_ssdm_op_Write.ap_fifo.volatile.i1024P0A, i1024 %tx_split2aethShift, i1024 %tmp_6" [/tools/Xilinx/Vitis_HLS/2022.1/common/technology/autopilot/hls_stream_39.h:174]   --->   Operation 156 'write' 'write_ln174' <Predicate = (state_load == 1 & tmp_4_i)> <Delay = 1.16> <CoreInst = "FIFO">   --->   Core 78 'FIFO' <Latency = 0> <II = 1> <Delay = 1.28> <Storage> <Opcode : 'read' 'write' 'nbread' 'nbwrite'> <Ports = 0> <Width = 1024> <Depth = 4> <FIFO>
ST_2 : Operation 157 [1/1] (1.16ns)   --->   "%write_ln174 = write void @_ssdm_op_Write.ap_fifo.volatile.i1024P0A, i1024 %tx_rethMerge2rethShift, i1024 %tmp" [/tools/Xilinx/Vitis_HLS/2022.1/common/technology/autopilot/hls_stream_39.h:174]   --->   Operation 157 'write' 'write_ln174' <Predicate = (state_load == 5 & tmp_3_i)> <Delay = 1.16> <CoreInst = "FIFO">   --->   Core 78 'FIFO' <Latency = 0> <II = 1> <Delay = 1.28> <Storage> <Opcode : 'read' 'write' 'nbread' 'nbwrite'> <Ports = 0> <Width = 1024> <Depth = 4> <FIFO>
ST_2 : Operation 158 [1/1] (0.00ns)   --->   "%currWord_last_V_8 = phi i1 1, void %if.then21.i, i1 %currWord_last_V_1, void %if.then16.i"   --->   Operation 158 'phi' 'currWord_last_V_8' <Predicate = (state_load == 4 & tmp_i_98)> <Delay = 0.00>
ST_2 : Operation 159 [1/1] (0.00ns)   --->   "%tmp_5 = bitset i1024 @_ssdm_op_BitSet.i1024.i1024.i1024.i1, i1024 %s_axis_tx_data_read_1, i1024 576, i1 %currWord_last_V_8" [/tools/Xilinx/Vitis_HLS/2022.1/common/technology/autopilot/hls_stream_39.h:174]   --->   Operation 159 'bitset' 'tmp_5' <Predicate = (state_load == 4 & tmp_i_98)> <Delay = 0.00>
ST_2 : Operation 160 [1/1] (1.16ns)   --->   "%write_ln174 = write void @_ssdm_op_Write.ap_fifo.volatile.i1024P0A, i1024 %tx_split2aethShift, i1024 %tmp_5" [/tools/Xilinx/Vitis_HLS/2022.1/common/technology/autopilot/hls_stream_39.h:174]   --->   Operation 160 'write' 'write_ln174' <Predicate = (state_load == 4 & tmp_i_98)> <Delay = 1.16> <CoreInst = "FIFO">   --->   Core 78 'FIFO' <Latency = 0> <II = 1> <Delay = 1.28> <Storage> <Opcode : 'read' 'write' 'nbread' 'nbwrite'> <Ports = 0> <Width = 1024> <Depth = 4> <FIFO>
ST_2 : Operation 161 [1/1] (0.00ns)   --->   "%currWord_last_V_7 = phi i1 1, void %if.then117.i, i1 %currWord_last_V, void %if.then109.i"   --->   Operation 161 'phi' 'currWord_last_V_7' <Predicate = (state_load == 6 & tmp_2_i)> <Delay = 0.00>
ST_2 : Operation 162 [1/1] (0.00ns)   --->   "%tmp_4 = bitset i1024 @_ssdm_op_BitSet.i1024.i1024.i1024.i1, i1024 %s_axis_tx_data_read, i1024 576, i1 %currWord_last_V_7" [/tools/Xilinx/Vitis_HLS/2022.1/common/technology/autopilot/hls_stream_39.h:174]   --->   Operation 162 'bitset' 'tmp_4' <Predicate = (state_load == 6 & tmp_2_i)> <Delay = 0.00>
ST_2 : Operation 163 [1/1] (1.16ns)   --->   "%write_ln174 = write void @_ssdm_op_Write.ap_fifo.volatile.i1024P0A, i1024 %tx_rawPayFifo, i1024 %tmp_4" [/tools/Xilinx/Vitis_HLS/2022.1/common/technology/autopilot/hls_stream_39.h:174]   --->   Operation 163 'write' 'write_ln174' <Predicate = (state_load == 6 & tmp_2_i)> <Delay = 1.16> <CoreInst = "FIFO">   --->   Core 78 'FIFO' <Latency = 0> <II = 1> <Delay = 1.28> <Storage> <Opcode : 'read' 'write' 'nbread' 'nbwrite'> <Ports = 0> <Width = 1024> <Depth = 4> <FIFO>
ST_2 : Operation 164 [1/1] (0.00ns)   --->   "%ret_ln0 = ret"   --->   Operation 164 'ret' 'ret_ln0' <Predicate = true> <Delay = 0.00>


============================================================
+ Verbose Summary: Timing violations
============================================================
Target clock period: 3.2ns, clock uncertainty: 0.864ns.

 <State 1>: 3.06ns
The critical path consists of the following:
	'load' operation ('info_words_V_load') on static variable 'info_words_V' [32]  (0 ns)
	'add' operation ('add_ln887') [153]  (0.862 ns)
	'icmp' operation ('icmp_ln1085') [156]  (0.825 ns)
	'and' operation ('and_ln2229', /mnt/scratch/pyuvaraj/Vitis_RoCE_W/Vitis_RoCE/fpga-network-stack/hls/rocev2/../ib_transport_protocol/ib_transport_protocol.cpp:2229) [157]  (0.122 ns)
	'select' operation ('select_ln2229', /mnt/scratch/pyuvaraj/Vitis_RoCE_W/Vitis_RoCE/fpga-network-stack/hls/rocev2/../ib_transport_protocol/ib_transport_protocol.cpp:2229) [159]  (0.278 ns)
	multiplexor before 'phi' operation ('state_new_20_i', /mnt/scratch/pyuvaraj/Vitis_RoCE_W/Vitis_RoCE/fpga-network-stack/hls/rocev2/../ib_transport_protocol/ib_transport_protocol.cpp:2229) with incoming values : ('select_ln2229', /mnt/scratch/pyuvaraj/Vitis_RoCE_W/Vitis_RoCE/fpga-network-stack/hls/rocev2/../ib_transport_protocol/ib_transport_protocol.cpp:2229) [163]  (0.387 ns)
	'phi' operation ('state_new_20_i', /mnt/scratch/pyuvaraj/Vitis_RoCE_W/Vitis_RoCE/fpga-network-stack/hls/rocev2/../ib_transport_protocol/ib_transport_protocol.cpp:2229) with incoming values : ('select_ln2229', /mnt/scratch/pyuvaraj/Vitis_RoCE_W/Vitis_RoCE/fpga-network-stack/hls/rocev2/../ib_transport_protocol/ib_transport_protocol.cpp:2229) [163]  (0 ns)
	multiplexor before 'phi' operation ('state_new_22_i', /mnt/scratch/pyuvaraj/Vitis_RoCE_W/Vitis_RoCE/fpga-network-stack/hls/rocev2/../ib_transport_protocol/ib_transport_protocol.cpp:2094) with incoming values : ('zext_ln2072', /mnt/scratch/pyuvaraj/Vitis_RoCE_W/Vitis_RoCE/fpga-network-stack/hls/rocev2/../ib_transport_protocol/ib_transport_protocol.cpp:2072) ('select_ln2165', /mnt/scratch/pyuvaraj/Vitis_RoCE_W/Vitis_RoCE/fpga-network-stack/hls/rocev2/../ib_transport_protocol/ib_transport_protocol.cpp:2165) ('sext_ln2072', /mnt/scratch/pyuvaraj/Vitis_RoCE_W/Vitis_RoCE/fpga-network-stack/hls/rocev2/../ib_transport_protocol/ib_transport_protocol.cpp:2072) ('select_ln2229', /mnt/scratch/pyuvaraj/Vitis_RoCE_W/Vitis_RoCE/fpga-network-stack/hls/rocev2/../ib_transport_protocol/ib_transport_protocol.cpp:2229) ('select_ln2094', /mnt/scratch/pyuvaraj/Vitis_RoCE_W/Vitis_RoCE/fpga-network-stack/hls/rocev2/../ib_transport_protocol/ib_transport_protocol.cpp:2094) ('select_ln2091', /mnt/scratch/pyuvaraj/Vitis_RoCE_W/Vitis_RoCE/fpga-network-stack/hls/rocev2/../ib_transport_protocol/ib_transport_protocol.cpp:2091) [190]  (0.584 ns)
	'phi' operation ('state_new_22_i', /mnt/scratch/pyuvaraj/Vitis_RoCE_W/Vitis_RoCE/fpga-network-stack/hls/rocev2/../ib_transport_protocol/ib_transport_protocol.cpp:2094) with incoming values : ('zext_ln2072', /mnt/scratch/pyuvaraj/Vitis_RoCE_W/Vitis_RoCE/fpga-network-stack/hls/rocev2/../ib_transport_protocol/ib_transport_protocol.cpp:2072) ('select_ln2165', /mnt/scratch/pyuvaraj/Vitis_RoCE_W/Vitis_RoCE/fpga-network-stack/hls/rocev2/../ib_transport_protocol/ib_transport_protocol.cpp:2165) ('sext_ln2072', /mnt/scratch/pyuvaraj/Vitis_RoCE_W/Vitis_RoCE/fpga-network-stack/hls/rocev2/../ib_transport_protocol/ib_transport_protocol.cpp:2072) ('select_ln2229', /mnt/scratch/pyuvaraj/Vitis_RoCE_W/Vitis_RoCE/fpga-network-stack/hls/rocev2/../ib_transport_protocol/ib_transport_protocol.cpp:2229) ('select_ln2094', /mnt/scratch/pyuvaraj/Vitis_RoCE_W/Vitis_RoCE/fpga-network-stack/hls/rocev2/../ib_transport_protocol/ib_transport_protocol.cpp:2094) ('select_ln2091', /mnt/scratch/pyuvaraj/Vitis_RoCE_W/Vitis_RoCE/fpga-network-stack/hls/rocev2/../ib_transport_protocol/ib_transport_protocol.cpp:2091) [190]  (0 ns)
	'store' operation ('store_ln2096', /mnt/scratch/pyuvaraj/Vitis_RoCE_W/Vitis_RoCE/fpga-network-stack/hls/rocev2/../ib_transport_protocol/ib_transport_protocol.cpp:2096) of variable 'state_new_22_i', /mnt/scratch/pyuvaraj/Vitis_RoCE_W/Vitis_RoCE/fpga-network-stack/hls/rocev2/../ib_transport_protocol/ib_transport_protocol.cpp:2094 on static variable 'state' [200]  (0 ns)

 <State 2>: 1.17ns
The critical path consists of the following:
	fifo write operation ('write_ln174', /tools/Xilinx/Vitis_HLS/2022.1/common/technology/autopilot/hls_stream_39.h:174) on port 'tx_rethMerge2rethShift' (/tools/Xilinx/Vitis_HLS/2022.1/common/technology/autopilot/hls_stream_39.h:174) [79]  (1.17 ns)


============================================================
+ Verbose Summary: Binding
============================================================
N/A
* FSMD analyzer results:
  - Output states:
 - Input state : 
  - Chain level:
	State 1
	State 2


============================================================
+ Verbose Summary: Datapath Resource usage 
============================================================
N/A
