

================================================================
== Vitis HLS Report for 'client_512_s'
================================================================
* Date:           Tue Jul 11 09:13:44 2023

* Version:        2022.1 (Build 3526262 on Mon Apr 18 15:47:01 MDT 2022)
* Project:        iperf_client_prj
* Solution:       solution1 (Vivado IP Flow Target)
* Product family: virtexuplus
* Target device:  xcu280-fsvh2892-2L-e


================================================================
== Performance Estimates
================================================================
+ Timing: 
    * Summary: 
    +--------+---------+----------+------------+
    |  Clock |  Target | Estimated| Uncertainty|
    +--------+---------+----------+------------+
    |ap_clk  |  3.20 ns|  2.544 ns|     0.86 ns|
    +--------+---------+----------+------------+

+ Latency: 
    * Summary: 
    +---------+---------+----------+----------+-----+-----+---------+
    |  Latency (cycles) |  Latency (absolute) |  Interval | Pipeline|
    |   min   |   max   |    min   |    max   | min | max |   Type  |
    +---------+---------+----------+----------+-----+-----+---------+
    |        3|        3|  9.600 ns|  9.600 ns|    1|    1|      yes|
    +---------+---------+----------+----------+-----+-----+---------+

    + Detail: 
        * Instance: 
        N/A

        * Loop: 
        N/A

============================================================
+ Verbose Summary: Synthesis Manager
============================================================
InlineROM: 1
ExposeGlobal: 0
============================================================
+ Verbose Summary: CDFG Model
============================================================
IsTopModel: 0
ResetActiveHigh: 1
IsCombinational: 2
IsDatapathOnly: 0
HasWiredReturn: 1
HasMFsm: 2
HasVarLatency: 0
IsPipeline: 1
IsRtlPipelined: 1
IsInstanceOverlapped: 0
IsDontTouch: 0
HasImplIP: 0
IsGatedGlobalClock: 0

+ Individual pipeline summary: 
  * Pipeline-0: initiation interval (II) = 1, depth = 4


============================================================
+ Verbose Summary: Schedule
============================================================
* Number of FSM states : 4
* Pipeline : 1
  Pipeline-0 : II = 1, D = 4, States = { 1 2 3 4 }
* Dataflow Pipeline: 0

* FSM state transitions: 
1 --> 2 
2 --> 3 
3 --> 4 
4 --> 

* FSM state operations: 

State 1 <SV = 0> <Delay = 1.16>
ST_1 : Operation 5 [1/1] (1.16ns)   --->   "%openTuple_ip_address_V_9 = read i32 @_ssdm_op_Read.ap_fifo.i32P0A, i32 %regIpAddress9"   --->   Operation 5 'read' 'openTuple_ip_address_V_9' <Predicate = true> <Delay = 1.16> <CoreInst = "FIFO_SRL">   --->   Core 81 'FIFO_SRL' <Latency = 0> <II = 1> <Delay = 1.46> <Storage> <Opcode : 'read' 'write' 'nbread' 'nbwrite'> <Ports = 0> <Width = 32> <Depth = 3> <FIFO>
ST_1 : Operation 6 [1/1] (1.16ns)   --->   "%openTuple_ip_address_V_8 = read i32 @_ssdm_op_Read.ap_fifo.i32P0A, i32 %regIpAddress8"   --->   Operation 6 'read' 'openTuple_ip_address_V_8' <Predicate = true> <Delay = 1.16> <CoreInst = "FIFO_SRL">   --->   Core 81 'FIFO_SRL' <Latency = 0> <II = 1> <Delay = 1.46> <Storage> <Opcode : 'read' 'write' 'nbread' 'nbwrite'> <Ports = 0> <Width = 32> <Depth = 3> <FIFO>
ST_1 : Operation 7 [1/1] (1.16ns)   --->   "%openTuple_ip_address_V_7 = read i32 @_ssdm_op_Read.ap_fifo.i32P0A, i32 %regIpAddress7"   --->   Operation 7 'read' 'openTuple_ip_address_V_7' <Predicate = true> <Delay = 1.16> <CoreInst = "FIFO_SRL">   --->   Core 81 'FIFO_SRL' <Latency = 0> <II = 1> <Delay = 1.46> <Storage> <Opcode : 'read' 'write' 'nbread' 'nbwrite'> <Ports = 0> <Width = 32> <Depth = 3> <FIFO>
ST_1 : Operation 8 [1/1] (1.16ns)   --->   "%openTuple_ip_address_V_6 = read i32 @_ssdm_op_Read.ap_fifo.i32P0A, i32 %regIpAddress6"   --->   Operation 8 'read' 'openTuple_ip_address_V_6' <Predicate = true> <Delay = 1.16> <CoreInst = "FIFO_SRL">   --->   Core 81 'FIFO_SRL' <Latency = 0> <II = 1> <Delay = 1.46> <Storage> <Opcode : 'read' 'write' 'nbread' 'nbwrite'> <Ports = 0> <Width = 32> <Depth = 3> <FIFO>
ST_1 : Operation 9 [1/1] (1.16ns)   --->   "%openTuple_ip_address_V_5 = read i32 @_ssdm_op_Read.ap_fifo.i32P0A, i32 %regIpAddress5"   --->   Operation 9 'read' 'openTuple_ip_address_V_5' <Predicate = true> <Delay = 1.16> <CoreInst = "FIFO_SRL">   --->   Core 81 'FIFO_SRL' <Latency = 0> <II = 1> <Delay = 1.46> <Storage> <Opcode : 'read' 'write' 'nbread' 'nbwrite'> <Ports = 0> <Width = 32> <Depth = 3> <FIFO>
ST_1 : Operation 10 [1/1] (1.16ns)   --->   "%openTuple_ip_address_V_4 = read i32 @_ssdm_op_Read.ap_fifo.i32P0A, i32 %regIpAddress4"   --->   Operation 10 'read' 'openTuple_ip_address_V_4' <Predicate = true> <Delay = 1.16> <CoreInst = "FIFO_SRL">   --->   Core 81 'FIFO_SRL' <Latency = 0> <II = 1> <Delay = 1.46> <Storage> <Opcode : 'read' 'write' 'nbread' 'nbwrite'> <Ports = 0> <Width = 32> <Depth = 3> <FIFO>
ST_1 : Operation 11 [1/1] (1.16ns)   --->   "%openTuple_ip_address_V_3 = read i32 @_ssdm_op_Read.ap_fifo.i32P0A, i32 %regIpAddress3"   --->   Operation 11 'read' 'openTuple_ip_address_V_3' <Predicate = true> <Delay = 1.16> <CoreInst = "FIFO_SRL">   --->   Core 81 'FIFO_SRL' <Latency = 0> <II = 1> <Delay = 1.46> <Storage> <Opcode : 'read' 'write' 'nbread' 'nbwrite'> <Ports = 0> <Width = 32> <Depth = 3> <FIFO>
ST_1 : Operation 12 [1/1] (1.16ns)   --->   "%openTuple_ip_address_V_2 = read i32 @_ssdm_op_Read.ap_fifo.i32P0A, i32 %regIpAddress2"   --->   Operation 12 'read' 'openTuple_ip_address_V_2' <Predicate = true> <Delay = 1.16> <CoreInst = "FIFO_SRL">   --->   Core 81 'FIFO_SRL' <Latency = 0> <II = 1> <Delay = 1.46> <Storage> <Opcode : 'read' 'write' 'nbread' 'nbwrite'> <Ports = 0> <Width = 32> <Depth = 3> <FIFO>
ST_1 : Operation 13 [1/1] (1.16ns)   --->   "%openTuple_ip_address_V_1 = read i32 @_ssdm_op_Read.ap_fifo.i32P0A, i32 %regIpAddress1"   --->   Operation 13 'read' 'openTuple_ip_address_V_1' <Predicate = true> <Delay = 1.16> <CoreInst = "FIFO_SRL">   --->   Core 81 'FIFO_SRL' <Latency = 0> <II = 1> <Delay = 1.46> <Storage> <Opcode : 'read' 'write' 'nbread' 'nbwrite'> <Ports = 0> <Width = 32> <Depth = 3> <FIFO>
ST_1 : Operation 14 [1/1] (1.16ns)   --->   "%openTuple_ip_address_V = read i32 @_ssdm_op_Read.ap_fifo.i32P0A, i32 %regIpAddress0"   --->   Operation 14 'read' 'openTuple_ip_address_V' <Predicate = true> <Delay = 1.16> <CoreInst = "FIFO_SRL">   --->   Core 81 'FIFO_SRL' <Latency = 0> <II = 1> <Delay = 1.46> <Storage> <Opcode : 'read' 'write' 'nbread' 'nbwrite'> <Ports = 0> <Width = 32> <Depth = 3> <FIFO>
ST_1 : Operation 15 [1/1] (1.16ns)   --->   "%useIpAddr_read = read i16 @_ssdm_op_Read.ap_fifo.i16P0A, i16 %useIpAddr"   --->   Operation 15 'read' 'useIpAddr_read' <Predicate = true> <Delay = 1.16> <CoreInst = "FIFO_SRL">   --->   Core 81 'FIFO_SRL' <Latency = 0> <II = 1> <Delay = 1.33> <Storage> <Opcode : 'read' 'write' 'nbread' 'nbwrite'> <Ports = 0> <Width = 16> <Depth = 3> <FIFO>
ST_1 : Operation 16 [1/1] (1.16ns)   --->   "%seconds_V = read i32 @_ssdm_op_Read.ap_fifo.i32P0A, i32 %timeInSeconds"   --->   Operation 16 'read' 'seconds_V' <Predicate = true> <Delay = 1.16> <CoreInst = "FIFO_SRL">   --->   Core 81 'FIFO_SRL' <Latency = 0> <II = 1> <Delay = 1.46> <Storage> <Opcode : 'read' 'write' 'nbread' 'nbwrite'> <Ports = 0> <Width = 32> <Depth = 3> <FIFO>
ST_1 : Operation 17 [1/1] (1.16ns)   --->   "%packetGap_read = read i8 @_ssdm_op_Read.ap_fifo.i8P0A, i8 %packetGap"   --->   Operation 17 'read' 'packetGap_read' <Predicate = true> <Delay = 1.16> <CoreInst = "FIFO_SRL">   --->   Core 81 'FIFO_SRL' <Latency = 0> <II = 1> <Delay = 1.36> <Storage> <Opcode : 'read' 'write' 'nbread' 'nbwrite'> <Ports = 0> <Width = 8> <Depth = 3> <FIFO>
ST_1 : Operation 18 [1/1] (1.16ns)   --->   "%pkgWordCount_read = read i8 @_ssdm_op_Read.ap_fifo.i8P0A, i8 %pkgWordCount"   --->   Operation 18 'read' 'pkgWordCount_read' <Predicate = true> <Delay = 1.16> <CoreInst = "FIFO_SRL">   --->   Core 81 'FIFO_SRL' <Latency = 0> <II = 1> <Delay = 1.36> <Storage> <Opcode : 'read' 'write' 'nbread' 'nbwrite'> <Ports = 0> <Width = 8> <Depth = 3> <FIFO>
ST_1 : Operation 19 [1/1] (1.16ns)   --->   "%useConn_read = read i14 @_ssdm_op_Read.ap_fifo.i14P0A, i14 %useConn"   --->   Operation 19 'read' 'useConn_read' <Predicate = true> <Delay = 1.16> <CoreInst = "FIFO_SRL">   --->   Core 81 'FIFO_SRL' <Latency = 0> <II = 1> <Delay = 1.33> <Storage> <Opcode : 'read' 'write' 'nbread' 'nbwrite'> <Ports = 0> <Width = 14> <Depth = 3> <FIFO>
ST_1 : Operation 20 [1/1] (1.16ns)   --->   "%en = read i1 @_ssdm_op_Read.ap_fifo.i1P0A, i1 %dualModeEn"   --->   Operation 20 'read' 'en' <Predicate = true> <Delay = 1.16> <CoreInst = "FIFO_SRL">   --->   Core 81 'FIFO_SRL' <Latency = 0> <II = 1> <Delay = 1.35> <Storage> <Opcode : 'read' 'write' 'nbread' 'nbwrite'> <Ports = 0> <Width = 1> <Depth = 3> <FIFO>
ST_1 : Operation 21 [1/1] (1.16ns)   --->   "%runExperiment_read = read i1 @_ssdm_op_Read.ap_fifo.i1P0A, i1 %runExperiment" [/mnt/scratch/pyuvaraj/Vitis_RoCE_W/Vitis_RoCE/kernel/user_krnl/iperf_krnl/src/hls/iperf_client.cpp:105]   --->   Operation 21 'read' 'runExperiment_read' <Predicate = true> <Delay = 1.16> <CoreInst = "FIFO_SRL">   --->   Core 81 'FIFO_SRL' <Latency = 0> <II = 1> <Delay = 1.35> <Storage> <Opcode : 'read' 'write' 'nbread' 'nbwrite'> <Ports = 0> <Width = 1> <Depth = 3> <FIFO>
ST_1 : Operation 22 [1/1] (0.00ns)   --->   "%tmp_2_i = nbreadreq i1 @_ssdm_op_NbReadReq.ap_fifo.i1P0A, i1 %stopSignalFifo, i32 1" [/tools/Xilinx/Vitis_HLS/2022.1/common/technology/autopilot/hls_stream_39.h:136]   --->   Operation 22 'nbreadreq' 'tmp_2_i' <Predicate = true> <Delay = 0.00> <CoreInst = "FIFO_SRL">   --->   Core 81 'FIFO_SRL' <Latency = 0> <II = 1> <Delay = 1.42> <Storage> <Opcode : 'read' 'write' 'nbread' 'nbwrite'> <Ports = 0> <Width = 1> <Depth = 2> <FIFO>
ST_1 : Operation 23 [1/1] (1.16ns)   --->   "%stopSignalFifo_read = read i1 @_ssdm_op_Read.ap_fifo.volatile.i1P0A, i1 %stopSignalFifo" [/tools/Xilinx/Vitis_HLS/2022.1/common/technology/autopilot/hls_stream_39.h:145]   --->   Operation 23 'read' 'stopSignalFifo_read' <Predicate = (tmp_2_i)> <Delay = 1.16> <CoreInst = "FIFO_SRL">   --->   Core 81 'FIFO_SRL' <Latency = 0> <II = 1> <Delay = 1.42> <Storage> <Opcode : 'read' 'write' 'nbread' 'nbwrite'> <Ports = 0> <Width = 1> <Depth = 2> <FIFO>
ST_1 : Operation 24 [1/1] (0.38ns)   --->   "%br_ln381 = br void %if.end230.i" [/mnt/scratch/pyuvaraj/Vitis_RoCE_W/Vitis_RoCE/kernel/user_krnl/iperf_krnl/src/hls/iperf_client.cpp:381]   --->   Operation 24 'br' 'br_ln381' <Predicate = (tmp_2_i)> <Delay = 0.38>

State 2 <SV = 1> <Delay = 2.54>
ST_2 : Operation 25 [1/1] (0.00ns)   --->   "%specinterface_ln0 = specinterface void @_ssdm_op_SpecInterface, i32 %regIpAddress9, void @ap_fifo_str, i32 0, i32 0, void @p_str, i32 0, i32 0, void @p_str, void @p_str, void @p_str, i32 2, i32 2, i32 16, i32 16, void @p_str, void @ScalarProp_str, i32 4294967295, i32 0"   --->   Operation 25 'specinterface' 'specinterface_ln0' <Predicate = true> <Delay = 0.00>
ST_2 : Operation 26 [1/1] (0.00ns)   --->   "%specinterface_ln0 = specinterface void @_ssdm_op_SpecInterface, i32 %regIpAddress8, void @ap_fifo_str, i32 0, i32 0, void @p_str, i32 0, i32 0, void @p_str, void @p_str, void @p_str, i32 2, i32 2, i32 16, i32 16, void @p_str, void @ScalarProp_str, i32 4294967295, i32 0"   --->   Operation 26 'specinterface' 'specinterface_ln0' <Predicate = true> <Delay = 0.00>
ST_2 : Operation 27 [1/1] (0.00ns)   --->   "%specinterface_ln0 = specinterface void @_ssdm_op_SpecInterface, i32 %regIpAddress7, void @ap_fifo_str, i32 0, i32 0, void @p_str, i32 0, i32 0, void @p_str, void @p_str, void @p_str, i32 2, i32 2, i32 16, i32 16, void @p_str, void @ScalarProp_str, i32 4294967295, i32 0"   --->   Operation 27 'specinterface' 'specinterface_ln0' <Predicate = true> <Delay = 0.00>
ST_2 : Operation 28 [1/1] (0.00ns)   --->   "%specinterface_ln0 = specinterface void @_ssdm_op_SpecInterface, i32 %regIpAddress6, void @ap_fifo_str, i32 0, i32 0, void @p_str, i32 0, i32 0, void @p_str, void @p_str, void @p_str, i32 2, i32 2, i32 16, i32 16, void @p_str, void @ScalarProp_str, i32 4294967295, i32 0"   --->   Operation 28 'specinterface' 'specinterface_ln0' <Predicate = true> <Delay = 0.00>
ST_2 : Operation 29 [1/1] (0.00ns)   --->   "%specinterface_ln0 = specinterface void @_ssdm_op_SpecInterface, i32 %regIpAddress5, void @ap_fifo_str, i32 0, i32 0, void @p_str, i32 0, i32 0, void @p_str, void @p_str, void @p_str, i32 2, i32 2, i32 16, i32 16, void @p_str, void @ScalarProp_str, i32 4294967295, i32 0"   --->   Operation 29 'specinterface' 'specinterface_ln0' <Predicate = true> <Delay = 0.00>
ST_2 : Operation 30 [1/1] (0.00ns)   --->   "%specinterface_ln0 = specinterface void @_ssdm_op_SpecInterface, i32 %regIpAddress4, void @ap_fifo_str, i32 0, i32 0, void @p_str, i32 0, i32 0, void @p_str, void @p_str, void @p_str, i32 2, i32 2, i32 16, i32 16, void @p_str, void @ScalarProp_str, i32 4294967295, i32 0"   --->   Operation 30 'specinterface' 'specinterface_ln0' <Predicate = true> <Delay = 0.00>
ST_2 : Operation 31 [1/1] (0.00ns)   --->   "%specinterface_ln0 = specinterface void @_ssdm_op_SpecInterface, i32 %regIpAddress3, void @ap_fifo_str, i32 0, i32 0, void @p_str, i32 0, i32 0, void @p_str, void @p_str, void @p_str, i32 2, i32 2, i32 16, i32 16, void @p_str, void @ScalarProp_str, i32 4294967295, i32 0"   --->   Operation 31 'specinterface' 'specinterface_ln0' <Predicate = true> <Delay = 0.00>
ST_2 : Operation 32 [1/1] (0.00ns)   --->   "%specinterface_ln0 = specinterface void @_ssdm_op_SpecInterface, i32 %regIpAddress2, void @ap_fifo_str, i32 0, i32 0, void @p_str, i32 0, i32 0, void @p_str, void @p_str, void @p_str, i32 2, i32 2, i32 16, i32 16, void @p_str, void @ScalarProp_str, i32 4294967295, i32 0"   --->   Operation 32 'specinterface' 'specinterface_ln0' <Predicate = true> <Delay = 0.00>
ST_2 : Operation 33 [1/1] (0.00ns)   --->   "%specinterface_ln0 = specinterface void @_ssdm_op_SpecInterface, i32 %regIpAddress1, void @ap_fifo_str, i32 0, i32 0, void @p_str, i32 0, i32 0, void @p_str, void @p_str, void @p_str, i32 2, i32 2, i32 16, i32 16, void @p_str, void @ScalarProp_str, i32 4294967295, i32 0"   --->   Operation 33 'specinterface' 'specinterface_ln0' <Predicate = true> <Delay = 0.00>
ST_2 : Operation 34 [1/1] (0.00ns)   --->   "%specinterface_ln0 = specinterface void @_ssdm_op_SpecInterface, i32 %regIpAddress0, void @ap_fifo_str, i32 0, i32 0, void @p_str, i32 0, i32 0, void @p_str, void @p_str, void @p_str, i32 2, i32 2, i32 16, i32 16, void @p_str, void @ScalarProp_str, i32 4294967295, i32 0"   --->   Operation 34 'specinterface' 'specinterface_ln0' <Predicate = true> <Delay = 0.00>
ST_2 : Operation 35 [1/1] (0.00ns)   --->   "%specinterface_ln0 = specinterface void @_ssdm_op_SpecInterface, i16 %useIpAddr, void @ap_fifo_str, i32 0, i32 0, void @p_str, i32 0, i32 0, void @p_str, void @p_str, void @p_str, i32 2, i32 2, i32 16, i32 16, void @p_str, void @ScalarProp_str, i32 4294967295, i32 0"   --->   Operation 35 'specinterface' 'specinterface_ln0' <Predicate = true> <Delay = 0.00>
ST_2 : Operation 36 [1/1] (0.00ns)   --->   "%specinterface_ln0 = specinterface void @_ssdm_op_SpecInterface, i32 %timeInSeconds, void @ap_fifo_str, i32 0, i32 0, void @p_str, i32 0, i32 0, void @p_str, void @p_str, void @p_str, i32 2, i32 2, i32 16, i32 16, void @p_str, void @ScalarProp_str, i32 4294967295, i32 0"   --->   Operation 36 'specinterface' 'specinterface_ln0' <Predicate = true> <Delay = 0.00>
ST_2 : Operation 37 [1/1] (0.00ns)   --->   "%specinterface_ln0 = specinterface void @_ssdm_op_SpecInterface, i8 %packetGap, void @ap_fifo_str, i32 0, i32 0, void @p_str, i32 0, i32 0, void @p_str, void @p_str, void @p_str, i32 2, i32 2, i32 16, i32 16, void @p_str, void @ScalarProp_str, i32 4294967295, i32 0"   --->   Operation 37 'specinterface' 'specinterface_ln0' <Predicate = true> <Delay = 0.00>
ST_2 : Operation 38 [1/1] (0.00ns)   --->   "%specinterface_ln0 = specinterface void @_ssdm_op_SpecInterface, i8 %pkgWordCount, void @ap_fifo_str, i32 0, i32 0, void @p_str, i32 0, i32 0, void @p_str, void @p_str, void @p_str, i32 2, i32 2, i32 16, i32 16, void @p_str, void @ScalarProp_str, i32 4294967295, i32 0"   --->   Operation 38 'specinterface' 'specinterface_ln0' <Predicate = true> <Delay = 0.00>
ST_2 : Operation 39 [1/1] (0.00ns)   --->   "%specinterface_ln0 = specinterface void @_ssdm_op_SpecInterface, i14 %useConn, void @ap_fifo_str, i32 0, i32 0, void @p_str, i32 0, i32 0, void @p_str, void @p_str, void @p_str, i32 2, i32 2, i32 16, i32 16, void @p_str, void @ScalarProp_str, i32 4294967295, i32 0"   --->   Operation 39 'specinterface' 'specinterface_ln0' <Predicate = true> <Delay = 0.00>
ST_2 : Operation 40 [1/1] (0.00ns)   --->   "%specinterface_ln0 = specinterface void @_ssdm_op_SpecInterface, i1 %dualModeEn, void @ap_fifo_str, i32 0, i32 0, void @p_str, i32 0, i32 0, void @p_str, void @p_str, void @p_str, i32 2, i32 2, i32 16, i32 16, void @p_str, void @ScalarProp_str, i32 4294967295, i32 0"   --->   Operation 40 'specinterface' 'specinterface_ln0' <Predicate = true> <Delay = 0.00>
ST_2 : Operation 41 [1/1] (0.00ns)   --->   "%specinterface_ln0 = specinterface void @_ssdm_op_SpecInterface, i1 %runExperiment, void @ap_fifo_str, i32 0, i32 0, void @p_str, i32 0, i32 0, void @p_str, void @p_str, void @p_str, i32 2, i32 2, i32 16, i32 16, void @p_str, void @ScalarProp_str, i32 4294967295, i32 0"   --->   Operation 41 'specinterface' 'specinterface_ln0' <Predicate = true> <Delay = 0.00>
ST_2 : Operation 42 [1/1] (0.00ns)   --->   "%specinterface_ln0 = specinterface void @_ssdm_op_SpecInterface, i32 %openConStatusBuffer, void @empty_3, i32 0, i32 0, void @empty_1, i32 0, i32 0, void @empty_1, void @empty_1, void @empty_1, i32 0, i32 0, i32 0, i32 0, void @empty_1, void @empty_1, i32 4294967295, i32 0"   --->   Operation 42 'specinterface' 'specinterface_ln0' <Predicate = true> <Delay = 0.00>
ST_2 : Operation 43 [1/1] (0.00ns)   --->   "%specinterface_ln0 = specinterface void @_ssdm_op_SpecInterface, i32 %openConStatusBuffer, void @empty_3, i32 0, i32 0, void @empty_1, i32 0, i32 0, void @empty_1, void @empty_1, void @empty_1, i32 0, i32 0, i32 0, i32 0, void @empty_1, void @empty_1, i32 4294967295, i32 0"   --->   Operation 43 'specinterface' 'specinterface_ln0' <Predicate = true> <Delay = 0.00>
ST_2 : Operation 44 [1/1] (0.00ns)   --->   "%specinterface_ln0 = specinterface void @_ssdm_op_SpecInterface, i32 %openConStatusBuffer, void @empty_3, i32 0, i32 0, void @empty_1, i32 0, i32 0, void @empty_1, void @empty_1, void @empty_1, i32 0, i32 0, i32 0, i32 0, void @empty_1, void @empty_1, i32 4294967295, i32 0"   --->   Operation 44 'specinterface' 'specinterface_ln0' <Predicate = true> <Delay = 0.00>
ST_2 : Operation 45 [1/1] (0.00ns)   --->   "%specinterface_ln0 = specinterface void @_ssdm_op_SpecInterface, i1 %startSignalFifo, void @empty_3, i32 0, i32 0, void @empty_1, i32 0, i32 0, void @empty_1, void @empty_1, void @empty_1, i32 0, i32 0, i32 0, i32 0, void @empty_1, void @empty_1, i32 4294967295, i32 0"   --->   Operation 45 'specinterface' 'specinterface_ln0' <Predicate = true> <Delay = 0.00>
ST_2 : Operation 46 [1/1] (0.00ns)   --->   "%specinterface_ln0 = specinterface void @_ssdm_op_SpecInterface, i1 %startSignalFifo, void @empty_3, i32 0, i32 0, void @empty_1, i32 0, i32 0, void @empty_1, void @empty_1, void @empty_1, i32 0, i32 0, i32 0, i32 0, void @empty_1, void @empty_1, i32 4294967295, i32 0"   --->   Operation 46 'specinterface' 'specinterface_ln0' <Predicate = true> <Delay = 0.00>
ST_2 : Operation 47 [1/1] (0.00ns)   --->   "%specinterface_ln0 = specinterface void @_ssdm_op_SpecInterface, i1 %startSignalFifo, void @empty_3, i32 0, i32 0, void @empty_1, i32 0, i32 0, void @empty_1, void @empty_1, void @empty_1, i32 0, i32 0, i32 0, i32 0, void @empty_1, void @empty_1, i32 4294967295, i32 0"   --->   Operation 47 'specinterface' 'specinterface_ln0' <Predicate = true> <Delay = 0.00>
ST_2 : Operation 48 [1/1] (0.00ns)   --->   "%specinterface_ln0 = specinterface void @_ssdm_op_SpecInterface, i1 %stopSignalFifo, void @empty_3, i32 0, i32 0, void @empty_1, i32 0, i32 0, void @empty_1, void @empty_1, void @empty_1, i32 0, i32 0, i32 0, i32 0, void @empty_1, void @empty_1, i32 4294967295, i32 0"   --->   Operation 48 'specinterface' 'specinterface_ln0' <Predicate = true> <Delay = 0.00>
ST_2 : Operation 49 [1/1] (0.00ns)   --->   "%specinterface_ln0 = specinterface void @_ssdm_op_SpecInterface, i1 %stopSignalFifo, void @empty_3, i32 0, i32 0, void @empty_1, i32 0, i32 0, void @empty_1, void @empty_1, void @empty_1, i32 0, i32 0, i32 0, i32 0, void @empty_1, void @empty_1, i32 4294967295, i32 0"   --->   Operation 49 'specinterface' 'specinterface_ln0' <Predicate = true> <Delay = 0.00>
ST_2 : Operation 50 [1/1] (0.00ns)   --->   "%specinterface_ln0 = specinterface void @_ssdm_op_SpecInterface, i1 %stopSignalFifo, void @empty_3, i32 0, i32 0, void @empty_1, i32 0, i32 0, void @empty_1, void @empty_1, void @empty_1, i32 0, i32 0, i32 0, i32 0, void @empty_1, void @empty_1, i32 4294967295, i32 0"   --->   Operation 50 'specinterface' 'specinterface_ln0' <Predicate = true> <Delay = 0.00>
ST_2 : Operation 51 [1/1] (0.00ns)   --->   "%specinterface_ln0 = specinterface void @_ssdm_op_SpecInterface, i1024 %txDataBuffer, void @empty_3, i32 0, i32 0, void @empty_1, i32 0, i32 0, void @empty_1, void @empty_1, void @empty_1, i32 0, i32 0, i32 0, i32 0, void @empty_1, void @empty_1, i32 4294967295, i32 0"   --->   Operation 51 'specinterface' 'specinterface_ln0' <Predicate = true> <Delay = 0.00>
ST_2 : Operation 52 [1/1] (0.00ns)   --->   "%specinterface_ln0 = specinterface void @_ssdm_op_SpecInterface, i1024 %txDataBuffer, void @empty_3, i32 0, i32 0, void @empty_1, i32 0, i32 0, void @empty_1, void @empty_1, void @empty_1, i32 0, i32 0, i32 0, i32 0, void @empty_1, void @empty_1, i32 4294967295, i32 0"   --->   Operation 52 'specinterface' 'specinterface_ln0' <Predicate = true> <Delay = 0.00>
ST_2 : Operation 53 [1/1] (0.00ns)   --->   "%specinterface_ln0 = specinterface void @_ssdm_op_SpecInterface, i1024 %txDataBuffer, void @empty_3, i32 0, i32 0, void @empty_1, i32 0, i32 0, void @empty_1, void @empty_1, void @empty_1, i32 0, i32 0, i32 0, i32 0, void @empty_1, void @empty_1, i32 4294967295, i32 0"   --->   Operation 53 'specinterface' 'specinterface_ln0' <Predicate = true> <Delay = 0.00>
ST_2 : Operation 54 [1/1] (0.00ns)   --->   "%specinterface_ln0 = specinterface void @_ssdm_op_SpecInterface, i32 %txMetaDataBuffer, void @empty_3, i32 0, i32 0, void @empty_1, i32 0, i32 0, void @empty_1, void @empty_1, void @empty_1, i32 0, i32 0, i32 0, i32 0, void @empty_1, void @empty_1, i32 4294967295, i32 0"   --->   Operation 54 'specinterface' 'specinterface_ln0' <Predicate = true> <Delay = 0.00>
ST_2 : Operation 55 [1/1] (0.00ns)   --->   "%specinterface_ln0 = specinterface void @_ssdm_op_SpecInterface, i32 %txMetaDataBuffer, void @empty_3, i32 0, i32 0, void @empty_1, i32 0, i32 0, void @empty_1, void @empty_1, void @empty_1, i32 0, i32 0, i32 0, i32 0, void @empty_1, void @empty_1, i32 4294967295, i32 0"   --->   Operation 55 'specinterface' 'specinterface_ln0' <Predicate = true> <Delay = 0.00>
ST_2 : Operation 56 [1/1] (0.00ns)   --->   "%specinterface_ln0 = specinterface void @_ssdm_op_SpecInterface, i32 %txMetaDataBuffer, void @empty_3, i32 0, i32 0, void @empty_1, i32 0, i32 0, void @empty_1, void @empty_1, void @empty_1, i32 0, i32 0, i32 0, i32 0, void @empty_1, void @empty_1, i32 4294967295, i32 0"   --->   Operation 56 'specinterface' 'specinterface_ln0' <Predicate = true> <Delay = 0.00>
ST_2 : Operation 57 [1/1] (0.00ns)   --->   "%specinterface_ln0 = specinterface void @_ssdm_op_SpecInterface, i32 %txStatusBuffer, void @empty_3, i32 0, i32 0, void @empty_1, i32 0, i32 0, void @empty_1, void @empty_1, void @empty_1, i32 0, i32 0, i32 0, i32 0, void @empty_1, void @empty_1, i32 4294967295, i32 0"   --->   Operation 57 'specinterface' 'specinterface_ln0' <Predicate = true> <Delay = 0.00>
ST_2 : Operation 58 [1/1] (0.00ns)   --->   "%specinterface_ln0 = specinterface void @_ssdm_op_SpecInterface, i32 %txStatusBuffer, void @empty_3, i32 0, i32 0, void @empty_1, i32 0, i32 0, void @empty_1, void @empty_1, void @empty_1, i32 0, i32 0, i32 0, i32 0, void @empty_1, void @empty_1, i32 4294967295, i32 0"   --->   Operation 58 'specinterface' 'specinterface_ln0' <Predicate = true> <Delay = 0.00>
ST_2 : Operation 59 [1/1] (0.00ns)   --->   "%specinterface_ln0 = specinterface void @_ssdm_op_SpecInterface, i32 %txStatusBuffer, void @empty_3, i32 0, i32 0, void @empty_1, i32 0, i32 0, void @empty_1, void @empty_1, void @empty_1, i32 0, i32 0, i32 0, i32 0, void @empty_1, void @empty_1, i32 4294967295, i32 0"   --->   Operation 59 'specinterface' 'specinterface_ln0' <Predicate = true> <Delay = 0.00>
ST_2 : Operation 60 [1/1] (0.00ns)   --->   "%specinterface_ln0 = specinterface void @_ssdm_op_SpecInterface, i1 %stopSignalFifo, void @empty_3, i32 0, i32 0, void @empty_1, i32 0, i32 0, void @empty_1, void @empty_1, void @empty_1, i32 0, i32 0, i32 0, i32 0, void @empty_1, void @empty_1, i32 4294967295, i32 0"   --->   Operation 60 'specinterface' 'specinterface_ln0' <Predicate = true> <Delay = 0.00>
ST_2 : Operation 61 [1/1] (0.00ns)   --->   "%specinterface_ln0 = specinterface void @_ssdm_op_SpecInterface, i1 %startSignalFifo, void @empty_3, i32 0, i32 0, void @empty_1, i32 0, i32 0, void @empty_1, void @empty_1, void @empty_1, i32 0, i32 0, i32 0, i32 0, void @empty_1, void @empty_1, i32 4294967295, i32 0"   --->   Operation 61 'specinterface' 'specinterface_ln0' <Predicate = true> <Delay = 0.00>
ST_2 : Operation 62 [1/1] (0.00ns)   --->   "%specinterface_ln0 = specinterface void @_ssdm_op_SpecInterface, i1024 %txDataBuffer, void @empty_3, i32 0, i32 0, void @empty_1, i32 0, i32 0, void @empty_1, void @empty_1, void @empty_1, i32 0, i32 0, i32 0, i32 0, void @empty_1, void @empty_1, i32 4294967295, i32 0"   --->   Operation 62 'specinterface' 'specinterface_ln0' <Predicate = true> <Delay = 0.00>
ST_2 : Operation 63 [1/1] (0.00ns)   --->   "%specinterface_ln0 = specinterface void @_ssdm_op_SpecInterface, i32 %txMetaDataBuffer, void @empty_3, i32 0, i32 0, void @empty_1, i32 0, i32 0, void @empty_1, void @empty_1, void @empty_1, i32 0, i32 0, i32 0, i32 0, void @empty_1, void @empty_1, i32 4294967295, i32 0"   --->   Operation 63 'specinterface' 'specinterface_ln0' <Predicate = true> <Delay = 0.00>
ST_2 : Operation 64 [1/1] (0.00ns)   --->   "%specinterface_ln0 = specinterface void @_ssdm_op_SpecInterface, i32 %openConStatusBuffer, void @empty_3, i32 0, i32 0, void @empty_1, i32 0, i32 0, void @empty_1, void @empty_1, void @empty_1, i32 0, i32 0, i32 0, i32 0, void @empty_1, void @empty_1, i32 4294967295, i32 0"   --->   Operation 64 'specinterface' 'specinterface_ln0' <Predicate = true> <Delay = 0.00>
ST_2 : Operation 65 [1/1] (0.00ns)   --->   "%specinterface_ln0 = specinterface void @_ssdm_op_SpecInterface, i32 %txStatusBuffer, void @empty_3, i32 0, i32 0, void @empty_1, i32 0, i32 0, void @empty_1, void @empty_1, void @empty_1, i32 0, i32 0, i32 0, i32 0, void @empty_1, void @empty_1, i32 4294967295, i32 0"   --->   Operation 65 'specinterface' 'specinterface_ln0' <Predicate = true> <Delay = 0.00>
ST_2 : Operation 66 [1/1] (0.00ns)   --->   "%specinterface_ln0 = specinterface void @_ssdm_op_SpecInterface, i16 %m_axis_close_connection, void @empty, i32 1, i32 1, void @empty_0, i32 0, i32 0, void @empty_1, void @empty_1, void @empty_1, i32 0, i32 0, i32 0, i32 0, void @empty_1, void @empty_1, i32 4294967295, i32 0"   --->   Operation 66 'specinterface' 'specinterface_ln0' <Predicate = true> <Delay = 0.00>
ST_2 : Operation 67 [1/1] (0.00ns)   --->   "%specinterface_ln0 = specinterface void @_ssdm_op_SpecInterface, i64 %m_axis_open_connection, void @empty, i32 1, i32 1, void @empty_0, i32 0, i32 0, void @empty_1, void @empty_1, void @empty_1, i32 0, i32 0, i32 0, i32 0, void @empty_1, void @empty_1, i32 4294967295, i32 0"   --->   Operation 67 'specinterface' 'specinterface_ln0' <Predicate = true> <Delay = 0.00>
ST_2 : Operation 68 [1/1] (0.00ns)   --->   "%specpipeline_ln105 = specpipeline void @_ssdm_op_SpecPipeline, i32 1, i32 0, i32 0, i32 0, void @empty_1" [/mnt/scratch/pyuvaraj/Vitis_RoCE_W/Vitis_RoCE/kernel/user_krnl/iperf_krnl/src/hls/iperf_client.cpp:105]   --->   Operation 68 'specpipeline' 'specpipeline_ln105' <Predicate = true> <Delay = 0.00>
ST_2 : Operation 69 [1/1] (0.00ns)   --->   "%iperfFsmState_load = load i4 %iperfFsmState" [/mnt/scratch/pyuvaraj/Vitis_RoCE_W/Vitis_RoCE/kernel/user_krnl/iperf_krnl/src/hls/iperf_client.cpp:138]   --->   Operation 69 'load' 'iperfFsmState_load' <Predicate = true> <Delay = 0.00>
ST_2 : Operation 70 [1/1] (0.00ns)   --->   "%sessionIt_V_load = load i14 %sessionIt_V"   --->   Operation 70 'load' 'sessionIt_V_load' <Predicate = true> <Delay = 0.00>
ST_2 : Operation 71 [1/1] (0.00ns)   --->   "%closeIt_V_load = load i14 %closeIt_V"   --->   Operation 71 'load' 'closeIt_V_load' <Predicate = true> <Delay = 0.00>
ST_2 : Operation 72 [1/1] (0.00ns)   --->   "%numConnections_V_load = load i14 %numConnections_V"   --->   Operation 72 'load' 'numConnections_V_load' <Predicate = true> <Delay = 0.00>
ST_2 : Operation 73 [1/1] (0.00ns)   --->   "%timeOver_load = load i1 %timeOver" [/mnt/scratch/pyuvaraj/Vitis_RoCE_W/Vitis_RoCE/kernel/user_krnl/iperf_krnl/src/hls/iperf_client.cpp:305]   --->   Operation 73 'load' 'timeOver_load' <Predicate = true> <Delay = 0.00>
ST_2 : Operation 74 [1/1] (0.00ns)   --->   "%stopSend_load = load i1 %stopSend" [/mnt/scratch/pyuvaraj/Vitis_RoCE_W/Vitis_RoCE/kernel/user_krnl/iperf_krnl/src/hls/iperf_client.cpp:349]   --->   Operation 74 'load' 'stopSend_load' <Predicate = true> <Delay = 0.00>
ST_2 : Operation 75 [1/1] (0.00ns)   --->   "%currentSessionID_V_load = load i16 %currentSessionID_V" [/mnt/scratch/pyuvaraj/Vitis_RoCE_W/Vitis_RoCE/kernel/user_krnl/iperf_krnl/src/hls/iperf_client.cpp:265]   --->   Operation 75 'load' 'currentSessionID_V_load' <Predicate = true> <Delay = 0.00>
ST_2 : Operation 76 [1/1] (0.00ns)   --->   "%wordCount_V_load = load i8 %wordCount_V"   --->   Operation 76 'load' 'wordCount_V_load' <Predicate = true> <Delay = 0.00>
ST_2 : Operation 77 [1/1] (0.34ns)   --->   "%switch_ln138 = switch i4 %iperfFsmState_load, void %sw.bb.i, i4 9, void %sw.bb221.i, i4 1, void %sw.bb25.i, i4 2, void %sw.bb59.i, i4 3, void %sw.bb78.i_ifconv, i4 4, void %sw.bb106.i, i4 6, void %sw.bb118.i, i4 5, void %sw.bb145.i, i4 7, void %sw.bb177.i, i4 8, void %sw.bb210.i" [/mnt/scratch/pyuvaraj/Vitis_RoCE_W/Vitis_RoCE/kernel/user_krnl/iperf_krnl/src/hls/iperf_client.cpp:138]   --->   Operation 77 'switch' 'switch_ln138' <Predicate = true> <Delay = 0.34>
ST_2 : Operation 78 [1/1] (0.38ns)   --->   "%br_ln349 = br i1 %stopSend_load, void %if.end216.i, void %land.lhs.true.i" [/mnt/scratch/pyuvaraj/Vitis_RoCE_W/Vitis_RoCE/kernel/user_krnl/iperf_krnl/src/hls/iperf_client.cpp:349]   --->   Operation 78 'br' 'br_ln349' <Predicate = (iperfFsmState_load == 8)> <Delay = 0.38>
ST_2 : Operation 79 [1/1] (0.65ns)   --->   "%icmp_ln1065_2 = icmp_eq  i14 %closeIt_V_load, i14 %numConnections_V_load"   --->   Operation 79 'icmp' 'icmp_ln1065_2' <Predicate = (iperfFsmState_load == 8 & stopSend_load)> <Delay = 0.65> <CoreInst = "Cmp">   --->   Core 9 'Cmp' <Latency = 0> <II = 1> <Delay = 0.65> <FuncUnit> <Opcode : 'icmp'> <InPorts = 2> <OutPorts = 1>
ST_2 : Operation 80 [1/1] (0.00ns)   --->   "%br_ln349 = br i1 %icmp_ln1065_2, void %if.then214.i, void %if.then212.i" [/mnt/scratch/pyuvaraj/Vitis_RoCE_W/Vitis_RoCE/kernel/user_krnl/iperf_krnl/src/hls/iperf_client.cpp:349]   --->   Operation 80 'br' 'br_ln349' <Predicate = (iperfFsmState_load == 8 & stopSend_load)> <Delay = 0.00>
ST_2 : Operation 81 [1/1] (0.76ns)   --->   "%add_ln886_5 = add i14 %closeIt_V_load, i14 1"   --->   Operation 81 'add' 'add_ln886_5' <Predicate = (iperfFsmState_load == 8 & stopSend_load & !icmp_ln1065_2)> <Delay = 0.76> <CoreInst = "Adder">   --->   Core 1 'Adder' <Latency = 0> <II = 1> <Delay = 0.76> <FuncUnit> <Opcode : 'add' 'sub'> <InPorts = 2> <OutPorts = 1>
ST_2 : Operation 82 [1/1] (0.38ns)   --->   "%store_ln886 = store i14 %add_ln886_5, i14 %closeIt_V"   --->   Operation 82 'store' 'store_ln886' <Predicate = (iperfFsmState_load == 8 & stopSend_load & !icmp_ln1065_2)> <Delay = 0.38>
ST_2 : Operation 83 [1/1] (0.38ns)   --->   "%br_ln359 = br void %if.end216.i" [/mnt/scratch/pyuvaraj/Vitis_RoCE_W/Vitis_RoCE/kernel/user_krnl/iperf_krnl/src/hls/iperf_client.cpp:359]   --->   Operation 83 'br' 'br_ln359' <Predicate = (iperfFsmState_load == 8 & stopSend_load & !icmp_ln1065_2)> <Delay = 0.38>
ST_2 : Operation 84 [1/1] (0.00ns) (grouped into LUT with out node icmp_ln1069_1)   --->   "%closeIt_V_loc_0_i = phi i14 %add_ln886_5, void %if.then214.i, i14 %closeIt_V_load, void %sw.bb210.i"   --->   Operation 84 'phi' 'closeIt_V_loc_0_i' <Predicate = (iperfFsmState_load == 8 & !icmp_ln1065_2) | (iperfFsmState_load == 8 & !stopSend_load)> <Delay = 0.00>
ST_2 : Operation 85 [1/1] (0.65ns) (out node of the LUT)   --->   "%icmp_ln1069_1 = icmp_eq  i14 %closeIt_V_loc_0_i, i14 %numConnections_V_load"   --->   Operation 85 'icmp' 'icmp_ln1069_1' <Predicate = (iperfFsmState_load == 8 & !icmp_ln1065_2) | (iperfFsmState_load == 8 & !stopSend_load)> <Delay = 0.65> <CoreInst = "Cmp">   --->   Core 9 'Cmp' <Latency = 0> <II = 1> <Delay = 0.65> <FuncUnit> <Opcode : 'icmp'> <InPorts = 2> <OutPorts = 1>
ST_2 : Operation 86 [1/1] (0.00ns)   --->   "%br_ln361 = br i1 %icmp_ln1069_1, void %if.then218.i, void %if.end219.i" [/mnt/scratch/pyuvaraj/Vitis_RoCE_W/Vitis_RoCE/kernel/user_krnl/iperf_krnl/src/hls/iperf_client.cpp:361]   --->   Operation 86 'br' 'br_ln361' <Predicate = (iperfFsmState_load == 8 & !icmp_ln1065_2) | (iperfFsmState_load == 8 & !stopSend_load)> <Delay = 0.00>
ST_2 : Operation 87 [1/1] (0.61ns)   --->   "%store_ln363 = store i4 6, i4 %iperfFsmState" [/mnt/scratch/pyuvaraj/Vitis_RoCE_W/Vitis_RoCE/kernel/user_krnl/iperf_krnl/src/hls/iperf_client.cpp:363]   --->   Operation 87 'store' 'store_ln363' <Predicate = (iperfFsmState_load == 8 & !icmp_ln1065_2 & !icmp_ln1069_1) | (iperfFsmState_load == 8 & !stopSend_load & !icmp_ln1069_1)> <Delay = 0.61>
ST_2 : Operation 88 [1/1] (0.00ns)   --->   "%br_ln364 = br void %if.end219.i" [/mnt/scratch/pyuvaraj/Vitis_RoCE_W/Vitis_RoCE/kernel/user_krnl/iperf_krnl/src/hls/iperf_client.cpp:364]   --->   Operation 88 'br' 'br_ln364' <Predicate = (iperfFsmState_load == 8 & !icmp_ln1065_2 & !icmp_ln1069_1) | (iperfFsmState_load == 8 & !stopSend_load & !icmp_ln1069_1)> <Delay = 0.00>
ST_2 : Operation 89 [1/1] (0.00ns)   --->   "%br_ln0 = br void %if.end220.i"   --->   Operation 89 'br' 'br_ln0' <Predicate = (iperfFsmState_load == 8 & !icmp_ln1065_2) | (iperfFsmState_load == 8 & !stopSend_load)> <Delay = 0.00>
ST_2 : Operation 90 [1/1] (0.61ns)   --->   "%store_ln351 = store i4 0, i4 %iperfFsmState" [/mnt/scratch/pyuvaraj/Vitis_RoCE_W/Vitis_RoCE/kernel/user_krnl/iperf_krnl/src/hls/iperf_client.cpp:351]   --->   Operation 90 'store' 'store_ln351' <Predicate = (iperfFsmState_load == 8 & stopSend_load & icmp_ln1065_2)> <Delay = 0.61>
ST_2 : Operation 91 [1/1] (0.00ns)   --->   "%br_ln352 = br void %if.end220.i" [/mnt/scratch/pyuvaraj/Vitis_RoCE_W/Vitis_RoCE/kernel/user_krnl/iperf_krnl/src/hls/iperf_client.cpp:352]   --->   Operation 91 'br' 'br_ln352' <Predicate = (iperfFsmState_load == 8 & stopSend_load & icmp_ln1065_2)> <Delay = 0.00>
ST_2 : Operation 92 [1/1] (0.45ns)   --->   "%br_ln366 = br void %sw.epilog227.i" [/mnt/scratch/pyuvaraj/Vitis_RoCE_W/Vitis_RoCE/kernel/user_krnl/iperf_krnl/src/hls/iperf_client.cpp:366]   --->   Operation 92 'br' 'br_ln366' <Predicate = (iperfFsmState_load == 8)> <Delay = 0.45>
ST_2 : Operation 93 [1/1] (0.70ns)   --->   "%add_ln886_2 = add i8 %wordCount_V_load, i8 1"   --->   Operation 93 'add' 'add_ln886_2' <Predicate = (iperfFsmState_load == 7)> <Delay = 0.70> <CoreInst = "Adder">   --->   Core 1 'Adder' <Latency = 0> <II = 1> <Delay = 0.70> <FuncUnit> <Opcode : 'add' 'sub'> <InPorts = 2> <OutPorts = 1>
ST_2 : Operation 94 [1/1] (0.58ns)   --->   "%currWord_last_V = icmp_eq  i8 %add_ln886_2, i8 %pkgWordCount_read"   --->   Operation 94 'icmp' 'currWord_last_V' <Predicate = (iperfFsmState_load == 7)> <Delay = 0.58> <CoreInst = "Cmp">   --->   Core 9 'Cmp' <Latency = 0> <II = 1> <Delay = 0.58> <FuncUnit> <Opcode : 'icmp'> <InPorts = 2> <OutPorts = 1>
ST_2 : Operation 95 [1/1] (0.45ns)   --->   "%br_ln340 = br i1 %currWord_last_V, void %sw.epilog227.i, void %if.then206.i" [/mnt/scratch/pyuvaraj/Vitis_RoCE_W/Vitis_RoCE/kernel/user_krnl/iperf_krnl/src/hls/iperf_client.cpp:340]   --->   Operation 95 'br' 'br_ln340' <Predicate = (iperfFsmState_load == 7)> <Delay = 0.45>
ST_2 : Operation 96 [1/1] (0.58ns)   --->   "%icmp_ln1069 = icmp_ne  i8 %packetGap_read, i8 0"   --->   Operation 96 'icmp' 'icmp_ln1069' <Predicate = (iperfFsmState_load == 7 & currWord_last_V)> <Delay = 0.58> <CoreInst = "Cmp">   --->   Core 9 'Cmp' <Latency = 0> <II = 1> <Delay = 0.58> <FuncUnit> <Opcode : 'icmp'> <InPorts = 2> <OutPorts = 1>
ST_2 : Operation 97 [1/1] (0.35ns)   --->   "%select_ln343 = select i1 %icmp_ln1069, i4 9, i4 8" [/mnt/scratch/pyuvaraj/Vitis_RoCE_W/Vitis_RoCE/kernel/user_krnl/iperf_krnl/src/hls/iperf_client.cpp:343]   --->   Operation 97 'select' 'select_ln343' <Predicate = (iperfFsmState_load == 7 & currWord_last_V)> <Delay = 0.35> <CoreInst = "Sel">   --->   Core 73 'Sel' <Latency = 0> <II = 1> <Delay = 0.35> <FuncUnit> <Opcode : 'select'> <InPorts = 3> <OutPorts = 1>
ST_2 : Operation 98 [1/1] (0.61ns)   --->   "%store_ln343 = store i4 %select_ln343, i4 %iperfFsmState" [/mnt/scratch/pyuvaraj/Vitis_RoCE_W/Vitis_RoCE/kernel/user_krnl/iperf_krnl/src/hls/iperf_client.cpp:343]   --->   Operation 98 'store' 'store_ln343' <Predicate = (iperfFsmState_load == 7 & currWord_last_V)> <Delay = 0.61>
ST_2 : Operation 99 [1/1] (0.45ns)   --->   "%br_ln345 = br void %sw.epilog227.i" [/mnt/scratch/pyuvaraj/Vitis_RoCE_W/Vitis_RoCE/kernel/user_krnl/iperf_krnl/src/hls/iperf_client.cpp:345]   --->   Operation 99 'br' 'br_ln345' <Predicate = (iperfFsmState_load == 7 & currWord_last_V)> <Delay = 0.45>
ST_2 : Operation 100 [1/1] (0.00ns)   --->   "%br_ln305 = br i1 %timeOver_load, void %if.then146.i, void %if.else151.i" [/mnt/scratch/pyuvaraj/Vitis_RoCE_W/Vitis_RoCE/kernel/user_krnl/iperf_krnl/src/hls/iperf_client.cpp:305]   --->   Operation 100 'br' 'br_ln305' <Predicate = (iperfFsmState_load == 5)> <Delay = 0.00>
ST_2 : Operation 101 [1/1] (0.38ns)   --->   "%store_ln312 = store i1 1, i1 %stopSend" [/mnt/scratch/pyuvaraj/Vitis_RoCE_W/Vitis_RoCE/kernel/user_krnl/iperf_krnl/src/hls/iperf_client.cpp:312]   --->   Operation 101 'store' 'store_ln312' <Predicate = (iperfFsmState_load == 5 & timeOver_load)> <Delay = 0.38>
ST_2 : Operation 102 [1/1] (0.00ns)   --->   "%br_ln0 = br void %for.end173.i"   --->   Operation 102 'br' 'br_ln0' <Predicate = (iperfFsmState_load == 5 & timeOver_load)> <Delay = 0.00>
ST_2 : Operation 103 [1/1] (0.61ns)   --->   "%store_ln325 = store i4 7, i4 %iperfFsmState" [/mnt/scratch/pyuvaraj/Vitis_RoCE_W/Vitis_RoCE/kernel/user_krnl/iperf_krnl/src/hls/iperf_client.cpp:325]   --->   Operation 103 'store' 'store_ln325' <Predicate = (iperfFsmState_load == 5)> <Delay = 0.61>
ST_2 : Operation 104 [1/1] (0.45ns)   --->   "%br_ln327 = br void %sw.epilog227.i" [/mnt/scratch/pyuvaraj/Vitis_RoCE_W/Vitis_RoCE/kernel/user_krnl/iperf_krnl/src/hls/iperf_client.cpp:327]   --->   Operation 104 'br' 'br_ln327' <Predicate = (iperfFsmState_load == 5)> <Delay = 0.45>
ST_2 : Operation 105 [1/1] (0.00ns)   --->   "%tmp_3_i = nbreadreq i1 @_ssdm_op_NbReadReq.ap_fifo.i32P0A, i32 %txStatusBuffer, i32 1" [/tools/Xilinx/Vitis_HLS/2022.1/common/technology/autopilot/hls_stream_39.h:136]   --->   Operation 105 'nbreadreq' 'tmp_3_i' <Predicate = (iperfFsmState_load == 6)> <Delay = 0.00> <CoreInst = "FIFO">   --->   Core 78 'FIFO' <Latency = 0> <II = 1> <Delay = 1.19> <Storage> <Opcode : 'read' 'write' 'nbread' 'nbwrite'> <Ports = 0> <Width = 32> <Depth = 512> <FIFO>
ST_2 : Operation 106 [1/1] (0.00ns)   --->   "%br_ln279 = br i1 %tmp_3_i, void %if.end144.i, void %if.then120.i" [/mnt/scratch/pyuvaraj/Vitis_RoCE_W/Vitis_RoCE/kernel/user_krnl/iperf_krnl/src/hls/iperf_client.cpp:279]   --->   Operation 106 'br' 'br_ln279' <Predicate = (iperfFsmState_load == 6)> <Delay = 0.00>
ST_2 : Operation 107 [1/1] (1.16ns)   --->   "%txStatusBuffer_read = read i32 @_ssdm_op_Read.ap_fifo.volatile.i32P0A, i32 %txStatusBuffer" [/tools/Xilinx/Vitis_HLS/2022.1/common/technology/autopilot/hls_stream_39.h:145]   --->   Operation 107 'read' 'txStatusBuffer_read' <Predicate = (iperfFsmState_load == 6 & tmp_3_i)> <Delay = 1.16> <CoreInst = "FIFO">   --->   Core 78 'FIFO' <Latency = 0> <II = 1> <Delay = 1.19> <Storage> <Opcode : 'read' 'write' 'nbread' 'nbwrite'> <Ports = 0> <Width = 32> <Depth = 512> <FIFO>
ST_2 : Operation 108 [1/1] (0.00ns)   --->   "%tmp_sessionID_V_2 = trunc i32 %txStatusBuffer_read" [/tools/Xilinx/Vitis_HLS/2022.1/common/technology/autopilot/hls_stream_39.h:145]   --->   Operation 108 'trunc' 'tmp_sessionID_V_2' <Predicate = (iperfFsmState_load == 6 & tmp_3_i)> <Delay = 0.00>
ST_2 : Operation 109 [1/1] (0.00ns)   --->   "%tmp_error_V_1 = partselect i2 @_ssdm_op_PartSelect.i2.i32.i32.i32, i32 %txStatusBuffer_read, i32 16, i32 17" [/tools/Xilinx/Vitis_HLS/2022.1/common/technology/autopilot/hls_stream_39.h:145]   --->   Operation 109 'partselect' 'tmp_error_V_1' <Predicate = (iperfFsmState_load == 6 & tmp_3_i)> <Delay = 0.00>
ST_2 : Operation 110 [1/1] (0.34ns)   --->   "%switch_ln282 = switch i2 %tmp_error_V_1, void %if.else136.i, i2 0, void %if.then124.i, i2 1, void %if.then129.i" [/mnt/scratch/pyuvaraj/Vitis_RoCE_W/Vitis_RoCE/kernel/user_krnl/iperf_krnl/src/hls/iperf_client.cpp:282]   --->   Operation 110 'switch' 'switch_ln282' <Predicate = (iperfFsmState_load == 6 & tmp_3_i)> <Delay = 0.34>
ST_2 : Operation 111 [1/1] (0.76ns)   --->   "%add_ln887 = add i14 %numConnections_V_load, i14 16383"   --->   Operation 111 'add' 'add_ln887' <Predicate = (iperfFsmState_load == 6 & tmp_3_i & tmp_error_V_1 == 1)> <Delay = 0.76> <CoreInst = "Adder">   --->   Core 1 'Adder' <Latency = 0> <II = 1> <Delay = 0.76> <FuncUnit> <Opcode : 'add' 'sub'> <InPorts = 2> <OutPorts = 1>
ST_2 : Operation 112 [1/1] (0.45ns)   --->   "%store_ln887 = store i14 %add_ln887, i14 %numConnections_V"   --->   Operation 112 'store' 'store_ln887' <Predicate = (iperfFsmState_load == 6 & tmp_3_i & tmp_error_V_1 == 1)> <Delay = 0.45>
ST_2 : Operation 113 [1/1] (0.00ns)   --->   "%br_ln294 = br void %if.end142.i" [/mnt/scratch/pyuvaraj/Vitis_RoCE_W/Vitis_RoCE/kernel/user_krnl/iperf_krnl/src/hls/iperf_client.cpp:294]   --->   Operation 113 'br' 'br_ln294' <Predicate = (iperfFsmState_load == 6 & tmp_3_i & tmp_error_V_1 == 1)> <Delay = 0.00>
ST_2 : Operation 114 [1/1] (0.38ns)   --->   "%store_ln284 = store i16 %tmp_sessionID_V_2, i16 %currentSessionID_V" [/mnt/scratch/pyuvaraj/Vitis_RoCE_W/Vitis_RoCE/kernel/user_krnl/iperf_krnl/src/hls/iperf_client.cpp:284]   --->   Operation 114 'store' 'store_ln284' <Predicate = (iperfFsmState_load == 6 & tmp_3_i & tmp_error_V_1 == 0)> <Delay = 0.38>
ST_2 : Operation 115 [1/1] (0.61ns)   --->   "%store_ln285 = store i4 5, i4 %iperfFsmState" [/mnt/scratch/pyuvaraj/Vitis_RoCE_W/Vitis_RoCE/kernel/user_krnl/iperf_krnl/src/hls/iperf_client.cpp:285]   --->   Operation 115 'store' 'store_ln285' <Predicate = (iperfFsmState_load == 6 & tmp_3_i & tmp_error_V_1 == 0)> <Delay = 0.61>
ST_2 : Operation 116 [1/1] (0.00ns)   --->   "%br_ln286 = br void %if.end143.i" [/mnt/scratch/pyuvaraj/Vitis_RoCE_W/Vitis_RoCE/kernel/user_krnl/iperf_krnl/src/hls/iperf_client.cpp:286]   --->   Operation 116 'br' 'br_ln286' <Predicate = (iperfFsmState_load == 6 & tmp_3_i & tmp_error_V_1 == 0)> <Delay = 0.00>
ST_2 : Operation 117 [1/1] (0.00ns)   --->   "%br_ln0 = br void %if.end143.i"   --->   Operation 117 'br' 'br_ln0' <Predicate = (iperfFsmState_load == 6 & tmp_3_i & tmp_error_V_1 != 0)> <Delay = 0.00>
ST_2 : Operation 118 [1/1] (0.00ns)   --->   "%br_ln301 = br void %if.end144.i" [/mnt/scratch/pyuvaraj/Vitis_RoCE_W/Vitis_RoCE/kernel/user_krnl/iperf_krnl/src/hls/iperf_client.cpp:301]   --->   Operation 118 'br' 'br_ln301' <Predicate = (iperfFsmState_load == 6 & tmp_3_i)> <Delay = 0.00>
ST_2 : Operation 119 [1/1] (0.45ns)   --->   "%br_ln302 = br void %sw.epilog227.i" [/mnt/scratch/pyuvaraj/Vitis_RoCE_W/Vitis_RoCE/kernel/user_krnl/iperf_krnl/src/hls/iperf_client.cpp:302]   --->   Operation 119 'br' 'br_ln302' <Predicate = (iperfFsmState_load == 6)> <Delay = 0.45>
ST_2 : Operation 120 [1/1] (0.76ns)   --->   "%add_ln886_1 = add i14 %sessionIt_V_load, i14 1"   --->   Operation 120 'add' 'add_ln886_1' <Predicate = (iperfFsmState_load == 4)> <Delay = 0.76> <CoreInst = "Adder">   --->   Core 1 'Adder' <Latency = 0> <II = 1> <Delay = 0.76> <FuncUnit> <Opcode : 'add' 'sub'> <InPorts = 2> <OutPorts = 1>
ST_2 : Operation 121 [1/1] (0.61ns)   --->   "%store_ln267 = store i4 3, i4 %iperfFsmState" [/mnt/scratch/pyuvaraj/Vitis_RoCE_W/Vitis_RoCE/kernel/user_krnl/iperf_krnl/src/hls/iperf_client.cpp:267]   --->   Operation 121 'store' 'store_ln267' <Predicate = (iperfFsmState_load == 4)> <Delay = 0.61>
ST_2 : Operation 122 [1/1] (0.45ns)   --->   "%br_ln277 = br void %sw.epilog227.i" [/mnt/scratch/pyuvaraj/Vitis_RoCE_W/Vitis_RoCE/kernel/user_krnl/iperf_krnl/src/hls/iperf_client.cpp:277]   --->   Operation 122 'br' 'br_ln277' <Predicate = (iperfFsmState_load == 4)> <Delay = 0.45>
ST_2 : Operation 123 [1/1] (0.00ns)   --->   "%p_Val2_s = load i512 %header_header_V"   --->   Operation 123 'load' 'p_Val2_s' <Predicate = (iperfFsmState_load == 3)> <Delay = 0.00>
ST_2 : Operation 124 [1/1] (0.34ns)   --->   "%p_cast = select i1 %en, i32 16777344, i32 0"   --->   Operation 124 'select' 'p_cast' <Predicate = (iperfFsmState_load == 3)> <Delay = 0.34> <CoreInst = "Sel">   --->   Core 73 'Sel' <Latency = 0> <II = 1> <Delay = 0.34> <FuncUnit> <Opcode : 'select'> <InPorts = 3> <OutPorts = 1>
ST_2 : Operation 125 [1/1] (0.00ns)   --->   "%p_Result_2 = partset i512 @_ssdm_op_PartSet.i512.i512.i32.i32.i32, i512 %p_Val2_s, i32 %p_cast, i32 0, i32 31"   --->   Operation 125 'partset' 'p_Result_2' <Predicate = (iperfFsmState_load == 3)> <Delay = 0.00>
ST_2 : Operation 126 [1/1] (0.00ns)   --->   "%p_Result_3 = partset i512 @_ssdm_op_PartSet.i512.i512.i16.i32.i32, i512 %p_Result_2, i16 35091, i32 80, i32 95"   --->   Operation 126 'partset' 'p_Result_3' <Predicate = (iperfFsmState_load == 3)> <Delay = 0.00>
ST_2 : Operation 127 [1/1] (0.00ns)   --->   "%tmp_5_i = partselect i8 @_ssdm_op_PartSelect.i8.i32.i32.i32, i32 %seconds_V, i32 24, i32 31"   --->   Operation 127 'partselect' 'tmp_5_i' <Predicate = (iperfFsmState_load == 3)> <Delay = 0.00>
ST_2 : Operation 128 [1/1] (0.00ns)   --->   "%tmp_6_i = partselect i8 @_ssdm_op_PartSelect.i8.i32.i32.i32, i32 %seconds_V, i32 16, i32 23"   --->   Operation 128 'partselect' 'tmp_6_i' <Predicate = (iperfFsmState_load == 3)> <Delay = 0.00>
ST_2 : Operation 129 [1/1] (0.00ns)   --->   "%tmp_7_i = partselect i8 @_ssdm_op_PartSelect.i8.i32.i32.i32, i32 %seconds_V, i32 8, i32 15"   --->   Operation 129 'partselect' 'tmp_7_i' <Predicate = (iperfFsmState_load == 3)> <Delay = 0.00>
ST_2 : Operation 130 [1/1] (0.00ns)   --->   "%trunc_ln674 = trunc i32 %seconds_V"   --->   Operation 130 'trunc' 'trunc_ln674' <Predicate = (iperfFsmState_load == 3)> <Delay = 0.00>
ST_2 : Operation 131 [1/1] (0.00ns)   --->   "%p_Result_4 = bitconcatenate i32 @_ssdm_op_BitConcatenate.i32.i8.i8.i8.i8, i8 %trunc_ln674, i8 %tmp_7_i, i8 %tmp_6_i, i8 %tmp_5_i"   --->   Operation 131 'bitconcatenate' 'p_Result_4' <Predicate = (iperfFsmState_load == 3)> <Delay = 0.00>
ST_2 : Operation 132 [1/1] (0.00ns)   --->   "%p_Result_s = partset i512 @_ssdm_op_PartSet.i512.i512.i32.i32.i32, i512 %p_Result_3, i32 %p_Result_4, i32 160, i32 191"   --->   Operation 132 'partset' 'p_Result_s' <Predicate = (iperfFsmState_load == 3)> <Delay = 0.00>
ST_2 : Operation 133 [1/1] (0.00ns)   --->   "%store_ln414 = store i512 %p_Result_s, i512 %header_header_V"   --->   Operation 133 'store' 'store_ln414' <Predicate = (iperfFsmState_load == 3)> <Delay = 0.00>
ST_2 : Operation 134 [1/1] (0.65ns)   --->   "%icmp_ln1065_1 = icmp_eq  i14 %sessionIt_V_load, i14 %numConnections_V_load"   --->   Operation 134 'icmp' 'icmp_ln1065_1' <Predicate = (iperfFsmState_load == 3)> <Delay = 0.65> <CoreInst = "Cmp">   --->   Core 9 'Cmp' <Latency = 0> <II = 1> <Delay = 0.65> <FuncUnit> <Opcode : 'icmp'> <InPorts = 2> <OutPorts = 1>
ST_2 : Operation 135 [1/1] (0.00ns)   --->   "%br_ln234 = br i1 %icmp_ln1065_1, void %if.else86.i, void %if.then84.i" [/mnt/scratch/pyuvaraj/Vitis_RoCE_W/Vitis_RoCE/kernel/user_krnl/iperf_krnl/src/hls/iperf_client.cpp:234]   --->   Operation 135 'br' 'br_ln234' <Predicate = (iperfFsmState_load == 3)> <Delay = 0.00>
ST_2 : Operation 136 [1/1] (0.00ns)   --->   "%tmp_1_i = nbreadreq i1 @_ssdm_op_NbReadReq.ap_fifo.i32P0A, i32 %txStatusBuffer, i32 1" [/tools/Xilinx/Vitis_HLS/2022.1/common/technology/autopilot/hls_stream_39.h:136]   --->   Operation 136 'nbreadreq' 'tmp_1_i' <Predicate = (iperfFsmState_load == 3 & !icmp_ln1065_1)> <Delay = 0.00> <CoreInst = "FIFO">   --->   Core 78 'FIFO' <Latency = 0> <II = 1> <Delay = 1.19> <Storage> <Opcode : 'read' 'write' 'nbread' 'nbwrite'> <Ports = 0> <Width = 32> <Depth = 512> <FIFO>
ST_2 : Operation 137 [1/1] (0.00ns)   --->   "%br_ln239 = br i1 %tmp_1_i, void %if.end104.i, void %if.then88.i" [/mnt/scratch/pyuvaraj/Vitis_RoCE_W/Vitis_RoCE/kernel/user_krnl/iperf_krnl/src/hls/iperf_client.cpp:239]   --->   Operation 137 'br' 'br_ln239' <Predicate = (iperfFsmState_load == 3 & !icmp_ln1065_1)> <Delay = 0.00>
ST_2 : Operation 138 [1/1] (1.16ns)   --->   "%txStatusBuffer_read_1 = read i32 @_ssdm_op_Read.ap_fifo.volatile.i32P0A, i32 %txStatusBuffer" [/tools/Xilinx/Vitis_HLS/2022.1/common/technology/autopilot/hls_stream_39.h:145]   --->   Operation 138 'read' 'txStatusBuffer_read_1' <Predicate = (iperfFsmState_load == 3 & !icmp_ln1065_1 & tmp_1_i)> <Delay = 1.16> <CoreInst = "FIFO">   --->   Core 78 'FIFO' <Latency = 0> <II = 1> <Delay = 1.19> <Storage> <Opcode : 'read' 'write' 'nbread' 'nbwrite'> <Ports = 0> <Width = 32> <Depth = 512> <FIFO>
ST_2 : Operation 139 [1/1] (0.00ns)   --->   "%tmp_sessionID_V_1 = trunc i32 %txStatusBuffer_read_1" [/tools/Xilinx/Vitis_HLS/2022.1/common/technology/autopilot/hls_stream_39.h:145]   --->   Operation 139 'trunc' 'tmp_sessionID_V_1' <Predicate = (iperfFsmState_load == 3 & !icmp_ln1065_1 & tmp_1_i)> <Delay = 0.00>
ST_2 : Operation 140 [1/1] (0.00ns)   --->   "%tmp_error_V = partselect i2 @_ssdm_op_PartSelect.i2.i32.i32.i32, i32 %txStatusBuffer_read_1, i32 16, i32 17" [/tools/Xilinx/Vitis_HLS/2022.1/common/technology/autopilot/hls_stream_39.h:145]   --->   Operation 140 'partselect' 'tmp_error_V' <Predicate = (iperfFsmState_load == 3 & !icmp_ln1065_1 & tmp_1_i)> <Delay = 0.00>
ST_2 : Operation 141 [1/1] (0.34ns)   --->   "%switch_ln242 = switch i2 %tmp_error_V, void %if.end102.i, i2 0, void %if.then90.i, i2 1, void %if.then95.i" [/mnt/scratch/pyuvaraj/Vitis_RoCE_W/Vitis_RoCE/kernel/user_krnl/iperf_krnl/src/hls/iperf_client.cpp:242]   --->   Operation 141 'switch' 'switch_ln242' <Predicate = (iperfFsmState_load == 3 & !icmp_ln1065_1 & tmp_1_i)> <Delay = 0.34>
ST_2 : Operation 142 [1/1] (0.76ns)   --->   "%add_ln887_1 = add i14 %numConnections_V_load, i14 16383"   --->   Operation 142 'add' 'add_ln887_1' <Predicate = (iperfFsmState_load == 3 & !icmp_ln1065_1 & tmp_1_i & tmp_error_V == 1)> <Delay = 0.76> <CoreInst = "Adder">   --->   Core 1 'Adder' <Latency = 0> <II = 1> <Delay = 0.76> <FuncUnit> <Opcode : 'add' 'sub'> <InPorts = 2> <OutPorts = 1>
ST_2 : Operation 143 [1/1] (0.45ns)   --->   "%store_ln887 = store i14 %add_ln887_1, i14 %numConnections_V"   --->   Operation 143 'store' 'store_ln887' <Predicate = (iperfFsmState_load == 3 & !icmp_ln1065_1 & tmp_1_i & tmp_error_V == 1)> <Delay = 0.45>
ST_2 : Operation 144 [1/1] (0.00ns)   --->   "%br_ln254 = br void %if.end102.i" [/mnt/scratch/pyuvaraj/Vitis_RoCE_W/Vitis_RoCE/kernel/user_krnl/iperf_krnl/src/hls/iperf_client.cpp:254]   --->   Operation 144 'br' 'br_ln254' <Predicate = (iperfFsmState_load == 3 & !icmp_ln1065_1 & tmp_1_i & tmp_error_V == 1)> <Delay = 0.00>
ST_2 : Operation 145 [1/1] (0.38ns)   --->   "%store_ln244 = store i16 %tmp_sessionID_V_1, i16 %currentSessionID_V" [/mnt/scratch/pyuvaraj/Vitis_RoCE_W/Vitis_RoCE/kernel/user_krnl/iperf_krnl/src/hls/iperf_client.cpp:244]   --->   Operation 145 'store' 'store_ln244' <Predicate = (iperfFsmState_load == 3 & !icmp_ln1065_1 & tmp_1_i & tmp_error_V == 0)> <Delay = 0.38>
ST_2 : Operation 146 [1/1] (0.61ns)   --->   "%store_ln245 = store i4 4, i4 %iperfFsmState" [/mnt/scratch/pyuvaraj/Vitis_RoCE_W/Vitis_RoCE/kernel/user_krnl/iperf_krnl/src/hls/iperf_client.cpp:245]   --->   Operation 146 'store' 'store_ln245' <Predicate = (iperfFsmState_load == 3 & !icmp_ln1065_1 & tmp_1_i & tmp_error_V == 0)> <Delay = 0.61>
ST_2 : Operation 147 [1/1] (0.00ns)   --->   "%br_ln246 = br void %if.end103.i" [/mnt/scratch/pyuvaraj/Vitis_RoCE_W/Vitis_RoCE/kernel/user_krnl/iperf_krnl/src/hls/iperf_client.cpp:246]   --->   Operation 147 'br' 'br_ln246' <Predicate = (iperfFsmState_load == 3 & !icmp_ln1065_1 & tmp_1_i & tmp_error_V == 0)> <Delay = 0.00>
ST_2 : Operation 148 [1/1] (0.00ns)   --->   "%br_ln0 = br void %if.end103.i"   --->   Operation 148 'br' 'br_ln0' <Predicate = (iperfFsmState_load == 3 & !icmp_ln1065_1 & tmp_1_i & tmp_error_V != 0)> <Delay = 0.00>
ST_2 : Operation 149 [1/1] (0.00ns)   --->   "%br_ln256 = br void %if.end104.i" [/mnt/scratch/pyuvaraj/Vitis_RoCE_W/Vitis_RoCE/kernel/user_krnl/iperf_krnl/src/hls/iperf_client.cpp:256]   --->   Operation 149 'br' 'br_ln256' <Predicate = (iperfFsmState_load == 3 & !icmp_ln1065_1 & tmp_1_i)> <Delay = 0.00>
ST_2 : Operation 150 [1/1] (0.45ns)   --->   "%br_ln0 = br void %sw.epilog227.i"   --->   Operation 150 'br' 'br_ln0' <Predicate = (iperfFsmState_load == 3 & !icmp_ln1065_1)> <Delay = 0.45>
ST_2 : Operation 151 [1/1] (0.61ns)   --->   "%store_ln237 = store i4 6, i4 %iperfFsmState" [/mnt/scratch/pyuvaraj/Vitis_RoCE_W/Vitis_RoCE/kernel/user_krnl/iperf_krnl/src/hls/iperf_client.cpp:237]   --->   Operation 151 'store' 'store_ln237' <Predicate = (iperfFsmState_load == 3 & icmp_ln1065_1)> <Delay = 0.61>
ST_2 : Operation 152 [1/1] (0.45ns)   --->   "%br_ln238 = br void %sw.epilog227.i" [/mnt/scratch/pyuvaraj/Vitis_RoCE_W/Vitis_RoCE/kernel/user_krnl/iperf_krnl/src/hls/iperf_client.cpp:238]   --->   Operation 152 'br' 'br_ln238' <Predicate = (iperfFsmState_load == 3 & icmp_ln1065_1)> <Delay = 0.45>
ST_2 : Operation 153 [1/1] (0.00ns)   --->   "%tmp_i = nbreadreq i1 @_ssdm_op_NbReadReq.ap_fifo.i32P0A, i32 %openConStatusBuffer, i32 1" [/tools/Xilinx/Vitis_HLS/2022.1/common/technology/autopilot/hls_stream_39.h:136]   --->   Operation 153 'nbreadreq' 'tmp_i' <Predicate = (iperfFsmState_load == 2)> <Delay = 0.00> <CoreInst = "FIFO">   --->   Core 78 'FIFO' <Latency = 0> <II = 1> <Delay = 1.19> <Storage> <Opcode : 'read' 'write' 'nbread' 'nbwrite'> <Ports = 0> <Width = 32> <Depth = 512> <FIFO>
ST_2 : Operation 154 [1/1] (0.45ns)   --->   "%br_ln206 = br i1 %tmp_i, void %sw.epilog227.i, void %if.then61.i" [/mnt/scratch/pyuvaraj/Vitis_RoCE_W/Vitis_RoCE/kernel/user_krnl/iperf_krnl/src/hls/iperf_client.cpp:206]   --->   Operation 154 'br' 'br_ln206' <Predicate = (iperfFsmState_load == 2)> <Delay = 0.45>
ST_2 : Operation 155 [1/1] (1.16ns)   --->   "%openConStatusBuffer_read = read i32 @_ssdm_op_Read.ap_fifo.volatile.i32P0A, i32 %openConStatusBuffer" [/tools/Xilinx/Vitis_HLS/2022.1/common/technology/autopilot/hls_stream_39.h:145]   --->   Operation 155 'read' 'openConStatusBuffer_read' <Predicate = (iperfFsmState_load == 2 & tmp_i)> <Delay = 1.16> <CoreInst = "FIFO">   --->   Core 78 'FIFO' <Latency = 0> <II = 1> <Delay = 1.19> <Storage> <Opcode : 'read' 'write' 'nbread' 'nbwrite'> <Ports = 0> <Width = 32> <Depth = 512> <FIFO>
ST_2 : Operation 156 [1/1] (0.00ns)   --->   "%tmp_sessionID_V = trunc i32 %openConStatusBuffer_read" [/tools/Xilinx/Vitis_HLS/2022.1/common/technology/autopilot/hls_stream_39.h:145]   --->   Operation 156 'trunc' 'tmp_sessionID_V' <Predicate = (iperfFsmState_load == 2 & tmp_i)> <Delay = 0.00>
ST_2 : Operation 157 [1/1] (0.00ns)   --->   "%status_success = bitselect i1 @_ssdm_op_BitSelect.i1.i32.i32, i32 %openConStatusBuffer_read, i32 16" [/tools/Xilinx/Vitis_HLS/2022.1/common/technology/autopilot/hls_stream_39.h:145]   --->   Operation 157 'bitselect' 'status_success' <Predicate = (iperfFsmState_load == 2 & tmp_i)> <Delay = 0.00>
ST_2 : Operation 158 [1/1] (0.00ns)   --->   "%br_ln209 = br i1 %status_success, void %if.end70.i, void %if.then62.i" [/mnt/scratch/pyuvaraj/Vitis_RoCE_W/Vitis_RoCE/kernel/user_krnl/iperf_krnl/src/hls/iperf_client.cpp:209]   --->   Operation 158 'br' 'br_ln209' <Predicate = (iperfFsmState_load == 2 & tmp_i)> <Delay = 0.00>
ST_2 : Operation 159 [1/1] (0.76ns)   --->   "%add_ln886_3 = add i14 %numConnections_V_load, i14 1"   --->   Operation 159 'add' 'add_ln886_3' <Predicate = (iperfFsmState_load == 2 & tmp_i & status_success)> <Delay = 0.76> <CoreInst = "Adder">   --->   Core 1 'Adder' <Latency = 0> <II = 1> <Delay = 0.76> <FuncUnit> <Opcode : 'add' 'sub'> <InPorts = 2> <OutPorts = 1>
ST_2 : Operation 160 [1/1] (0.45ns)   --->   "%store_ln886 = store i14 %add_ln886_3, i14 %numConnections_V"   --->   Operation 160 'store' 'store_ln886' <Predicate = (iperfFsmState_load == 2 & tmp_i & status_success)> <Delay = 0.45>
ST_2 : Operation 161 [1/1] (0.76ns)   --->   "%add_ln886_4 = add i14 %sessionIt_V_load, i14 1"   --->   Operation 161 'add' 'add_ln886_4' <Predicate = (iperfFsmState_load == 2 & tmp_i)> <Delay = 0.76> <CoreInst = "Adder">   --->   Core 1 'Adder' <Latency = 0> <II = 1> <Delay = 0.76> <FuncUnit> <Opcode : 'add' 'sub'> <InPorts = 2> <OutPorts = 1>
ST_2 : Operation 162 [1/1] (0.65ns)   --->   "%icmp_ln1065_3 = icmp_eq  i14 %add_ln886_4, i14 %useConn_read"   --->   Operation 162 'icmp' 'icmp_ln1065_3' <Predicate = (iperfFsmState_load == 2 & tmp_i)> <Delay = 0.65> <CoreInst = "Cmp">   --->   Core 9 'Cmp' <Latency = 0> <II = 1> <Delay = 0.65> <FuncUnit> <Opcode : 'icmp'> <InPorts = 2> <OutPorts = 1>
ST_2 : Operation 163 [1/1] (0.45ns)   --->   "%br_ln221 = br i1 %icmp_ln1065_3, void %sw.epilog227.i, void %if.then73.i" [/mnt/scratch/pyuvaraj/Vitis_RoCE_W/Vitis_RoCE/kernel/user_krnl/iperf_krnl/src/hls/iperf_client.cpp:221]   --->   Operation 163 'br' 'br_ln221' <Predicate = (iperfFsmState_load == 2 & tmp_i)> <Delay = 0.45>
ST_2 : Operation 164 [1/1] (0.61ns)   --->   "%store_ln225 = store i4 3, i4 %iperfFsmState" [/mnt/scratch/pyuvaraj/Vitis_RoCE_W/Vitis_RoCE/kernel/user_krnl/iperf_krnl/src/hls/iperf_client.cpp:225]   --->   Operation 164 'store' 'store_ln225' <Predicate = (iperfFsmState_load == 2 & tmp_i & icmp_ln1065_3)> <Delay = 0.61>
ST_2 : Operation 165 [1/1] (0.45ns)   --->   "%br_ln226 = br void %sw.epilog227.i" [/mnt/scratch/pyuvaraj/Vitis_RoCE_W/Vitis_RoCE/kernel/user_krnl/iperf_krnl/src/hls/iperf_client.cpp:226]   --->   Operation 165 'br' 'br_ln226' <Predicate = (iperfFsmState_load == 2 & tmp_i & icmp_ln1065_3)> <Delay = 0.45>
ST_2 : Operation 166 [1/1] (0.65ns)   --->   "%icmp_ln1073 = icmp_ult  i14 %sessionIt_V_load, i14 %useConn_read"   --->   Operation 166 'icmp' 'icmp_ln1073' <Predicate = (iperfFsmState_load == 1)> <Delay = 0.65> <CoreInst = "Cmp">   --->   Core 9 'Cmp' <Latency = 0> <II = 1> <Delay = 0.65> <FuncUnit> <Opcode : 'icmp'> <InPorts = 2> <OutPorts = 1>
ST_2 : Operation 167 [1/1] (0.00ns)   --->   "%br_ln154 = br i1 %icmp_ln1073, void %if.end53.i, void %if.then27.i" [/mnt/scratch/pyuvaraj/Vitis_RoCE_W/Vitis_RoCE/kernel/user_krnl/iperf_krnl/src/hls/iperf_client.cpp:154]   --->   Operation 167 'br' 'br_ln154' <Predicate = (iperfFsmState_load == 1)> <Delay = 0.00>
ST_2 : Operation 168 [1/1] (0.00ns)   --->   "%ipAddressIdx_V_load = load i4 %ipAddressIdx_V"   --->   Operation 168 'load' 'ipAddressIdx_V_load' <Predicate = (iperfFsmState_load == 1 & icmp_ln1073)> <Delay = 0.00>
ST_2 : Operation 169 [1/1] (0.61ns)   --->   "%switch_ln157 = switch i4 %ipAddressIdx_V_load, void %sw.epilog.i, i4 0, void %sw.bb29.i, i4 1, void %sw.bb30.i, i4 2, void %sw.bb32.i, i4 3, void %sw.bb34.i, i4 4, void %sw.bb36.i, i4 5, void %sw.bb38.i, i4 6, void %sw.bb40.i, i4 7, void %sw.bb42.i, i4 8, void %sw.bb44.i, i4 9, void %sw.bb46.i" [/mnt/scratch/pyuvaraj/Vitis_RoCE_W/Vitis_RoCE/kernel/user_krnl/iperf_krnl/src/hls/iperf_client.cpp:157]   --->   Operation 169 'switch' 'switch_ln157' <Predicate = (iperfFsmState_load == 1 & icmp_ln1073)> <Delay = 0.61>
ST_2 : Operation 170 [1/1] (0.61ns)   --->   "%br_ln188 = br void %sw.epilog.i" [/mnt/scratch/pyuvaraj/Vitis_RoCE_W/Vitis_RoCE/kernel/user_krnl/iperf_krnl/src/hls/iperf_client.cpp:188]   --->   Operation 170 'br' 'br_ln188' <Predicate = (iperfFsmState_load == 1 & icmp_ln1073 & ipAddressIdx_V_load == 9)> <Delay = 0.61>
ST_2 : Operation 171 [1/1] (0.61ns)   --->   "%br_ln185 = br void %sw.epilog.i" [/mnt/scratch/pyuvaraj/Vitis_RoCE_W/Vitis_RoCE/kernel/user_krnl/iperf_krnl/src/hls/iperf_client.cpp:185]   --->   Operation 171 'br' 'br_ln185' <Predicate = (iperfFsmState_load == 1 & icmp_ln1073 & ipAddressIdx_V_load == 8)> <Delay = 0.61>
ST_2 : Operation 172 [1/1] (0.61ns)   --->   "%br_ln182 = br void %sw.epilog.i" [/mnt/scratch/pyuvaraj/Vitis_RoCE_W/Vitis_RoCE/kernel/user_krnl/iperf_krnl/src/hls/iperf_client.cpp:182]   --->   Operation 172 'br' 'br_ln182' <Predicate = (iperfFsmState_load == 1 & icmp_ln1073 & ipAddressIdx_V_load == 7)> <Delay = 0.61>
ST_2 : Operation 173 [1/1] (0.61ns)   --->   "%br_ln179 = br void %sw.epilog.i" [/mnt/scratch/pyuvaraj/Vitis_RoCE_W/Vitis_RoCE/kernel/user_krnl/iperf_krnl/src/hls/iperf_client.cpp:179]   --->   Operation 173 'br' 'br_ln179' <Predicate = (iperfFsmState_load == 1 & icmp_ln1073 & ipAddressIdx_V_load == 6)> <Delay = 0.61>
ST_2 : Operation 174 [1/1] (0.61ns)   --->   "%br_ln176 = br void %sw.epilog.i" [/mnt/scratch/pyuvaraj/Vitis_RoCE_W/Vitis_RoCE/kernel/user_krnl/iperf_krnl/src/hls/iperf_client.cpp:176]   --->   Operation 174 'br' 'br_ln176' <Predicate = (iperfFsmState_load == 1 & icmp_ln1073 & ipAddressIdx_V_load == 5)> <Delay = 0.61>
ST_2 : Operation 175 [1/1] (0.61ns)   --->   "%br_ln173 = br void %sw.epilog.i" [/mnt/scratch/pyuvaraj/Vitis_RoCE_W/Vitis_RoCE/kernel/user_krnl/iperf_krnl/src/hls/iperf_client.cpp:173]   --->   Operation 175 'br' 'br_ln173' <Predicate = (iperfFsmState_load == 1 & icmp_ln1073 & ipAddressIdx_V_load == 4)> <Delay = 0.61>
ST_2 : Operation 176 [1/1] (0.61ns)   --->   "%br_ln170 = br void %sw.epilog.i" [/mnt/scratch/pyuvaraj/Vitis_RoCE_W/Vitis_RoCE/kernel/user_krnl/iperf_krnl/src/hls/iperf_client.cpp:170]   --->   Operation 176 'br' 'br_ln170' <Predicate = (iperfFsmState_load == 1 & icmp_ln1073 & ipAddressIdx_V_load == 3)> <Delay = 0.61>
ST_2 : Operation 177 [1/1] (0.61ns)   --->   "%br_ln167 = br void %sw.epilog.i" [/mnt/scratch/pyuvaraj/Vitis_RoCE_W/Vitis_RoCE/kernel/user_krnl/iperf_krnl/src/hls/iperf_client.cpp:167]   --->   Operation 177 'br' 'br_ln167' <Predicate = (iperfFsmState_load == 1 & icmp_ln1073 & ipAddressIdx_V_load == 2)> <Delay = 0.61>
ST_2 : Operation 178 [1/1] (0.61ns)   --->   "%br_ln164 = br void %sw.epilog.i" [/mnt/scratch/pyuvaraj/Vitis_RoCE_W/Vitis_RoCE/kernel/user_krnl/iperf_krnl/src/hls/iperf_client.cpp:164]   --->   Operation 178 'br' 'br_ln164' <Predicate = (iperfFsmState_load == 1 & icmp_ln1073 & ipAddressIdx_V_load == 1)> <Delay = 0.61>
ST_2 : Operation 179 [1/1] (0.61ns)   --->   "%br_ln161 = br void %sw.epilog.i" [/mnt/scratch/pyuvaraj/Vitis_RoCE_W/Vitis_RoCE/kernel/user_krnl/iperf_krnl/src/hls/iperf_client.cpp:161]   --->   Operation 179 'br' 'br_ln161' <Predicate = (iperfFsmState_load == 1 & icmp_ln1073 & ipAddressIdx_V_load == 0)> <Delay = 0.61>
ST_2 : Operation 180 [1/1] (0.70ns)   --->   "%add_ln886_6 = add i4 %ipAddressIdx_V_load, i4 1"   --->   Operation 180 'add' 'add_ln886_6' <Predicate = (iperfFsmState_load == 1 & icmp_ln1073)> <Delay = 0.70> <CoreInst = "Adder">   --->   Core 1 'Adder' <Latency = 0> <II = 1> <Delay = 0.70> <FuncUnit> <Opcode : 'add' 'sub'> <InPorts = 2> <OutPorts = 1>
ST_2 : Operation 181 [1/1] (0.00ns)   --->   "%zext_ln1065 = zext i4 %add_ln886_6"   --->   Operation 181 'zext' 'zext_ln1065' <Predicate = (iperfFsmState_load == 1 & icmp_ln1073)> <Delay = 0.00>
ST_2 : Operation 182 [1/1] (0.67ns)   --->   "%icmp_ln1065_5 = icmp_eq  i16 %zext_ln1065, i16 %useIpAddr_read"   --->   Operation 182 'icmp' 'icmp_ln1065_5' <Predicate = (iperfFsmState_load == 1 & icmp_ln1073)> <Delay = 0.67> <CoreInst = "Cmp">   --->   Core 9 'Cmp' <Latency = 0> <II = 1> <Delay = 0.67> <FuncUnit> <Opcode : 'icmp'> <InPorts = 2> <OutPorts = 1>
ST_2 : Operation 183 [1/1] (0.35ns)   --->   "%select_ln193 = select i1 %icmp_ln1065_5, i4 0, i4 %add_ln886_6" [/mnt/scratch/pyuvaraj/Vitis_RoCE_W/Vitis_RoCE/kernel/user_krnl/iperf_krnl/src/hls/iperf_client.cpp:193]   --->   Operation 183 'select' 'select_ln193' <Predicate = (iperfFsmState_load == 1 & icmp_ln1073)> <Delay = 0.35> <CoreInst = "Sel">   --->   Core 73 'Sel' <Latency = 0> <II = 1> <Delay = 0.35> <FuncUnit> <Opcode : 'select'> <InPorts = 3> <OutPorts = 1>
ST_2 : Operation 184 [1/1] (0.38ns)   --->   "%store_ln193 = store i4 %select_ln193, i4 %ipAddressIdx_V" [/mnt/scratch/pyuvaraj/Vitis_RoCE_W/Vitis_RoCE/kernel/user_krnl/iperf_krnl/src/hls/iperf_client.cpp:193]   --->   Operation 184 'store' 'store_ln193' <Predicate = (iperfFsmState_load == 1 & icmp_ln1073)> <Delay = 0.38>
ST_2 : Operation 185 [1/1] (0.76ns)   --->   "%add_ln886_7 = add i14 %sessionIt_V_load, i14 1"   --->   Operation 185 'add' 'add_ln886_7' <Predicate = (iperfFsmState_load == 1)> <Delay = 0.76> <CoreInst = "Adder">   --->   Core 1 'Adder' <Latency = 0> <II = 1> <Delay = 0.76> <FuncUnit> <Opcode : 'add' 'sub'> <InPorts = 2> <OutPorts = 1>
ST_2 : Operation 186 [1/1] (0.65ns)   --->   "%icmp_ln1065_6 = icmp_eq  i14 %add_ln886_7, i14 %useConn_read"   --->   Operation 186 'icmp' 'icmp_ln1065_6' <Predicate = (iperfFsmState_load == 1)> <Delay = 0.65> <CoreInst = "Cmp">   --->   Core 9 'Cmp' <Latency = 0> <II = 1> <Delay = 0.65> <FuncUnit> <Opcode : 'icmp'> <InPorts = 2> <OutPorts = 1>
ST_2 : Operation 187 [1/1] (0.45ns)   --->   "%br_ln199 = br i1 %icmp_ln1065_6, void %sw.epilog227.i, void %if.then56.i" [/mnt/scratch/pyuvaraj/Vitis_RoCE_W/Vitis_RoCE/kernel/user_krnl/iperf_krnl/src/hls/iperf_client.cpp:199]   --->   Operation 187 'br' 'br_ln199' <Predicate = (iperfFsmState_load == 1)> <Delay = 0.45>
ST_2 : Operation 188 [1/1] (0.61ns)   --->   "%store_ln202 = store i4 2, i4 %iperfFsmState" [/mnt/scratch/pyuvaraj/Vitis_RoCE_W/Vitis_RoCE/kernel/user_krnl/iperf_krnl/src/hls/iperf_client.cpp:202]   --->   Operation 188 'store' 'store_ln202' <Predicate = (iperfFsmState_load == 1 & icmp_ln1065_6)> <Delay = 0.61>
ST_2 : Operation 189 [1/1] (0.45ns)   --->   "%br_ln203 = br void %sw.epilog227.i" [/mnt/scratch/pyuvaraj/Vitis_RoCE_W/Vitis_RoCE/kernel/user_krnl/iperf_krnl/src/hls/iperf_client.cpp:203]   --->   Operation 189 'br' 'br_ln203' <Predicate = (iperfFsmState_load == 1 & icmp_ln1065_6)> <Delay = 0.45>
ST_2 : Operation 190 [1/1] (0.00ns)   --->   "%packetGapCounter_V_load = load i8 %packetGapCounter_V"   --->   Operation 190 'load' 'packetGapCounter_V_load' <Predicate = (iperfFsmState_load == 9)> <Delay = 0.00>
ST_2 : Operation 191 [1/1] (0.70ns)   --->   "%add_ln886 = add i8 %packetGapCounter_V_load, i8 1"   --->   Operation 191 'add' 'add_ln886' <Predicate = (iperfFsmState_load == 9)> <Delay = 0.70> <CoreInst = "Adder">   --->   Core 1 'Adder' <Latency = 0> <II = 1> <Delay = 0.70> <FuncUnit> <Opcode : 'add' 'sub'> <InPorts = 2> <OutPorts = 1>
ST_2 : Operation 192 [1/1] (0.58ns)   --->   "%icmp_ln1065 = icmp_eq  i8 %add_ln886, i8 %packetGap_read"   --->   Operation 192 'icmp' 'icmp_ln1065' <Predicate = (iperfFsmState_load == 9)> <Delay = 0.58> <CoreInst = "Cmp">   --->   Core 9 'Cmp' <Latency = 0> <II = 1> <Delay = 0.58> <FuncUnit> <Opcode : 'icmp'> <InPorts = 2> <OutPorts = 1>
ST_2 : Operation 193 [1/1] (0.38ns)   --->   "%br_ln369 = br i1 %icmp_ln1065, void %mergeST4.i, void %if.then224.i" [/mnt/scratch/pyuvaraj/Vitis_RoCE_W/Vitis_RoCE/kernel/user_krnl/iperf_krnl/src/hls/iperf_client.cpp:369]   --->   Operation 193 'br' 'br_ln369' <Predicate = (iperfFsmState_load == 9)> <Delay = 0.38>
ST_2 : Operation 194 [1/1] (0.61ns)   --->   "%store_ln372 = store i4 8, i4 %iperfFsmState" [/mnt/scratch/pyuvaraj/Vitis_RoCE_W/Vitis_RoCE/kernel/user_krnl/iperf_krnl/src/hls/iperf_client.cpp:372]   --->   Operation 194 'store' 'store_ln372' <Predicate = (iperfFsmState_load == 9 & icmp_ln1065)> <Delay = 0.61>
ST_2 : Operation 195 [1/1] (0.38ns)   --->   "%br_ln373 = br void %mergeST4.i" [/mnt/scratch/pyuvaraj/Vitis_RoCE_W/Vitis_RoCE/kernel/user_krnl/iperf_krnl/src/hls/iperf_client.cpp:373]   --->   Operation 195 'br' 'br_ln373' <Predicate = (iperfFsmState_load == 9 & icmp_ln1065)> <Delay = 0.38>
ST_2 : Operation 196 [1/1] (0.00ns)   --->   "%packetGapCounter_V_new_0_i = phi i8 0, void %if.then224.i, i8 %add_ln886, void %sw.bb221.i"   --->   Operation 196 'phi' 'packetGapCounter_V_new_0_i' <Predicate = (iperfFsmState_load == 9)> <Delay = 0.00>
ST_2 : Operation 197 [1/1] (0.00ns)   --->   "%store_ln886 = store i8 %packetGapCounter_V_new_0_i, i8 %packetGapCounter_V"   --->   Operation 197 'store' 'store_ln886' <Predicate = (iperfFsmState_load == 9)> <Delay = 0.00>
ST_2 : Operation 198 [1/1] (0.45ns)   --->   "%br_ln374 = br void %sw.epilog227.i" [/mnt/scratch/pyuvaraj/Vitis_RoCE_W/Vitis_RoCE/kernel/user_krnl/iperf_krnl/src/hls/iperf_client.cpp:374]   --->   Operation 198 'br' 'br_ln374' <Predicate = (iperfFsmState_load == 9)> <Delay = 0.45>
ST_2 : Operation 199 [1/1] (0.38ns)   --->   "%store_ln143 = store i14 0, i14 %closeIt_V" [/mnt/scratch/pyuvaraj/Vitis_RoCE_W/Vitis_RoCE/kernel/user_krnl/iperf_krnl/src/hls/iperf_client.cpp:143]   --->   Operation 199 'store' 'store_ln143' <Predicate = (iperfFsmState_load == 15) | (iperfFsmState_load == 14) | (iperfFsmState_load == 13) | (iperfFsmState_load == 12) | (iperfFsmState_load == 11) | (iperfFsmState_load == 10) | (iperfFsmState_load == 0)> <Delay = 0.38>
ST_2 : Operation 200 [1/1] (0.45ns)   --->   "%store_ln144 = store i14 0, i14 %numConnections_V" [/mnt/scratch/pyuvaraj/Vitis_RoCE_W/Vitis_RoCE/kernel/user_krnl/iperf_krnl/src/hls/iperf_client.cpp:144]   --->   Operation 200 'store' 'store_ln144' <Predicate = (iperfFsmState_load == 15) | (iperfFsmState_load == 14) | (iperfFsmState_load == 13) | (iperfFsmState_load == 12) | (iperfFsmState_load == 11) | (iperfFsmState_load == 10) | (iperfFsmState_load == 0)> <Delay = 0.45>
ST_2 : Operation 201 [1/1] (0.38ns)   --->   "%store_ln146 = store i4 0, i4 %ipAddressIdx_V" [/mnt/scratch/pyuvaraj/Vitis_RoCE_W/Vitis_RoCE/kernel/user_krnl/iperf_krnl/src/hls/iperf_client.cpp:146]   --->   Operation 201 'store' 'store_ln146' <Predicate = (iperfFsmState_load == 15) | (iperfFsmState_load == 14) | (iperfFsmState_load == 13) | (iperfFsmState_load == 12) | (iperfFsmState_load == 11) | (iperfFsmState_load == 10) | (iperfFsmState_load == 0)> <Delay = 0.38>
ST_2 : Operation 202 [1/1] (0.38ns)   --->   "%store_ln147 = store i1 0, i1 %stopSend" [/mnt/scratch/pyuvaraj/Vitis_RoCE_W/Vitis_RoCE/kernel/user_krnl/iperf_krnl/src/hls/iperf_client.cpp:147]   --->   Operation 202 'store' 'store_ln147' <Predicate = (iperfFsmState_load == 15) | (iperfFsmState_load == 14) | (iperfFsmState_load == 13) | (iperfFsmState_load == 12) | (iperfFsmState_load == 11) | (iperfFsmState_load == 10) | (iperfFsmState_load == 0)> <Delay = 0.38>
ST_2 : Operation 203 [1/1] (0.00ns)   --->   "%br_ln148 = br i1 %runExperiment_read, void %if.end.i, void %if.then.i" [/mnt/scratch/pyuvaraj/Vitis_RoCE_W/Vitis_RoCE/kernel/user_krnl/iperf_krnl/src/hls/iperf_client.cpp:148]   --->   Operation 203 'br' 'br_ln148' <Predicate = (iperfFsmState_load == 15) | (iperfFsmState_load == 14) | (iperfFsmState_load == 13) | (iperfFsmState_load == 12) | (iperfFsmState_load == 11) | (iperfFsmState_load == 10) | (iperfFsmState_load == 0)> <Delay = 0.00>
ST_2 : Operation 204 [1/1] (0.61ns)   --->   "%store_ln150 = store i4 1, i4 %iperfFsmState" [/mnt/scratch/pyuvaraj/Vitis_RoCE_W/Vitis_RoCE/kernel/user_krnl/iperf_krnl/src/hls/iperf_client.cpp:150]   --->   Operation 204 'store' 'store_ln150' <Predicate = (iperfFsmState_load != 9 & iperfFsmState_load != 1 & iperfFsmState_load != 2 & iperfFsmState_load != 3 & iperfFsmState_load != 4 & iperfFsmState_load != 6 & iperfFsmState_load != 5 & iperfFsmState_load != 7 & iperfFsmState_load != 8 & runExperiment_read)> <Delay = 0.61>
ST_2 : Operation 205 [1/1] (0.00ns)   --->   "%br_ln151 = br void %if.end.i" [/mnt/scratch/pyuvaraj/Vitis_RoCE_W/Vitis_RoCE/kernel/user_krnl/iperf_krnl/src/hls/iperf_client.cpp:151]   --->   Operation 205 'br' 'br_ln151' <Predicate = (iperfFsmState_load != 9 & iperfFsmState_load != 1 & iperfFsmState_load != 2 & iperfFsmState_load != 3 & iperfFsmState_load != 4 & iperfFsmState_load != 6 & iperfFsmState_load != 5 & iperfFsmState_load != 7 & iperfFsmState_load != 8 & runExperiment_read)> <Delay = 0.00>
ST_2 : Operation 206 [1/1] (0.45ns)   --->   "%br_ln152 = br void %sw.epilog227.i" [/mnt/scratch/pyuvaraj/Vitis_RoCE_W/Vitis_RoCE/kernel/user_krnl/iperf_krnl/src/hls/iperf_client.cpp:152]   --->   Operation 206 'br' 'br_ln152' <Predicate = (iperfFsmState_load == 15) | (iperfFsmState_load == 14) | (iperfFsmState_load == 13) | (iperfFsmState_load == 12) | (iperfFsmState_load == 11) | (iperfFsmState_load == 10) | (iperfFsmState_load == 0)> <Delay = 0.45>
ST_2 : Operation 207 [1/1] (0.00ns)   --->   "%sessionIt_V_flag_4_i = phi i1 1, void %if.end.i, i1 0, void %if.end220.i, i1 0, void %for.end173.i, i1 0, void %if.end144.i, i1 1, void %sw.bb106.i, i1 0, void %mergeST4.i, i1 1, void %if.then56.i, i1 1, void %if.end53.i, i1 0, void %sw.bb59.i, i1 1, void %if.then73.i, i1 1, void %if.end70.i, i1 1, void %if.then84.i, i1 0, void %if.end104.i, i1 0, void %if.then206.i, i1 0, void %sw.bb177.i"   --->   Operation 207 'phi' 'sessionIt_V_flag_4_i' <Predicate = true> <Delay = 0.00>
ST_2 : Operation 208 [1/1] (0.00ns)   --->   "%sessionIt_V_new_4_i = phi i14 0, void %if.end.i, i14 0, void %if.end220.i, i14 0, void %for.end173.i, i14 0, void %if.end144.i, i14 %add_ln886_1, void %sw.bb106.i, i14 0, void %mergeST4.i, i14 0, void %if.then56.i, i14 %add_ln886_7, void %if.end53.i, i14 0, void %sw.bb59.i, i14 0, void %if.then73.i, i14 %add_ln886_4, void %if.end70.i, i14 0, void %if.then84.i, i14 0, void %if.end104.i, i14 0, void %if.then206.i, i14 0, void %sw.bb177.i"   --->   Operation 208 'phi' 'sessionIt_V_new_4_i' <Predicate = true> <Delay = 0.00>
ST_2 : Operation 209 [1/1] (0.00ns)   --->   "%timeOver_flag_0_i = phi i1 1, void %if.end.i, i1 0, void %if.end220.i, i1 0, void %for.end173.i, i1 0, void %if.end144.i, i1 0, void %sw.bb106.i, i1 0, void %mergeST4.i, i1 0, void %if.then56.i, i1 0, void %if.end53.i, i1 0, void %sw.bb59.i, i1 0, void %if.then73.i, i1 0, void %if.end70.i, i1 0, void %if.then84.i, i1 0, void %if.end104.i, i1 0, void %if.then206.i, i1 0, void %sw.bb177.i"   --->   Operation 209 'phi' 'timeOver_flag_0_i' <Predicate = true> <Delay = 0.00>
ST_2 : Operation 210 [1/1] (0.00ns)   --->   "%wordCount_V_flag_1_i = phi i1 0, void %if.end.i, i1 0, void %if.end220.i, i1 1, void %for.end173.i, i1 0, void %if.end144.i, i1 0, void %sw.bb106.i, i1 0, void %mergeST4.i, i1 0, void %if.then56.i, i1 0, void %if.end53.i, i1 0, void %sw.bb59.i, i1 0, void %if.then73.i, i1 0, void %if.end70.i, i1 0, void %if.then84.i, i1 0, void %if.end104.i, i1 1, void %if.then206.i, i1 1, void %sw.bb177.i"   --->   Operation 210 'phi' 'wordCount_V_flag_1_i' <Predicate = true> <Delay = 0.00>
ST_2 : Operation 211 [1/1] (0.00ns)   --->   "%wordCount_V_new_1_i = phi i8 0, void %if.end.i, i8 0, void %if.end220.i, i8 1, void %for.end173.i, i8 0, void %if.end144.i, i8 0, void %sw.bb106.i, i8 0, void %mergeST4.i, i8 0, void %if.then56.i, i8 0, void %if.end53.i, i8 0, void %sw.bb59.i, i8 0, void %if.then73.i, i8 0, void %if.end70.i, i8 0, void %if.then84.i, i8 0, void %if.end104.i, i8 0, void %if.then206.i, i8 %add_ln886_2, void %sw.bb177.i"   --->   Operation 211 'phi' 'wordCount_V_new_1_i' <Predicate = true> <Delay = 0.00>
ST_2 : Operation 212 [1/1] (0.00ns)   --->   "%br_ln0 = br i1 %wordCount_V_flag_1_i, void %sw.epilog227.new3.i, void %mergeST2.i"   --->   Operation 212 'br' 'br_ln0' <Predicate = true> <Delay = 0.00>
ST_2 : Operation 213 [1/1] (0.00ns)   --->   "%store_ln324 = store i8 %wordCount_V_new_1_i, i8 %wordCount_V" [/mnt/scratch/pyuvaraj/Vitis_RoCE_W/Vitis_RoCE/kernel/user_krnl/iperf_krnl/src/hls/iperf_client.cpp:324]   --->   Operation 213 'store' 'store_ln324' <Predicate = (wordCount_V_flag_1_i)> <Delay = 0.00>
ST_2 : Operation 214 [1/1] (0.00ns)   --->   "%br_ln0 = br void %sw.epilog227.new3.i"   --->   Operation 214 'br' 'br_ln0' <Predicate = (wordCount_V_flag_1_i)> <Delay = 0.00>
ST_2 : Operation 215 [1/1] (0.00ns)   --->   "%br_ln0 = br i1 %sessionIt_V_flag_4_i, void %sw.epilog227.new.i, void %mergeST.i"   --->   Operation 215 'br' 'br_ln0' <Predicate = true> <Delay = 0.00>
ST_2 : Operation 216 [1/1] (0.00ns)   --->   "%store_ln142 = store i14 %sessionIt_V_new_4_i, i14 %sessionIt_V" [/mnt/scratch/pyuvaraj/Vitis_RoCE_W/Vitis_RoCE/kernel/user_krnl/iperf_krnl/src/hls/iperf_client.cpp:142]   --->   Operation 216 'store' 'store_ln142' <Predicate = (sessionIt_V_flag_4_i)> <Delay = 0.00>
ST_2 : Operation 217 [1/1] (0.00ns)   --->   "%br_ln0 = br void %sw.epilog227.new.i"   --->   Operation 217 'br' 'br_ln0' <Predicate = (sessionIt_V_flag_4_i)> <Delay = 0.00>
ST_2 : Operation 218 [1/1] (0.38ns)   --->   "%br_ln378 = br i1 %tmp_2_i, void %if.end230.i, void %if.then229.i" [/mnt/scratch/pyuvaraj/Vitis_RoCE_W/Vitis_RoCE/kernel/user_krnl/iperf_krnl/src/hls/iperf_client.cpp:378]   --->   Operation 218 'br' 'br_ln378' <Predicate = true> <Delay = 0.38>
ST_2 : Operation 219 [1/1] (0.00ns)   --->   "%timeOver_flag_1_i = phi i1 1, void %if.then229.i, i1 %timeOver_flag_0_i, void %sw.epilog227.new.i"   --->   Operation 219 'phi' 'timeOver_flag_1_i' <Predicate = true> <Delay = 0.00>
ST_2 : Operation 220 [1/1] (0.00ns)   --->   "%timeOver_new_1_i = phi i1 %stopSignalFifo_read, void %if.then229.i, i1 0, void %sw.epilog227.new.i" [/tools/Xilinx/Vitis_HLS/2022.1/common/technology/autopilot/hls_stream_39.h:145]   --->   Operation 220 'phi' 'timeOver_new_1_i' <Predicate = true> <Delay = 0.00>
ST_2 : Operation 221 [1/1] (0.00ns)   --->   "%br_ln0 = br i1 %timeOver_flag_1_i, void %client<512>.exit, void %mergeST1.i"   --->   Operation 221 'br' 'br_ln0' <Predicate = true> <Delay = 0.00>
ST_2 : Operation 222 [1/1] (0.00ns)   --->   "%store_ln145 = store i1 %timeOver_new_1_i, i1 %timeOver" [/mnt/scratch/pyuvaraj/Vitis_RoCE_W/Vitis_RoCE/kernel/user_krnl/iperf_krnl/src/hls/iperf_client.cpp:145]   --->   Operation 222 'store' 'store_ln145' <Predicate = (timeOver_flag_1_i)> <Delay = 0.00>
ST_2 : Operation 223 [1/1] (0.00ns)   --->   "%br_ln0 = br void %client<512>.exit"   --->   Operation 223 'br' 'br_ln0' <Predicate = (timeOver_flag_1_i)> <Delay = 0.00>

State 3 <SV = 2> <Delay = 1.16>
ST_3 : Operation 224 [2/2] (0.00ns)   --->   "%write_ln174 = write void @_ssdm_op_Write.axis.volatile.i16P128A, i16 %m_axis_close_connection, i16 %currentSessionID_V_load" [/tools/Xilinx/Vitis_HLS/2022.1/common/technology/autopilot/hls_stream_39.h:174]   --->   Operation 224 'write' 'write_ln174' <Predicate = (iperfFsmState_load == 8 & stopSend_load & !icmp_ln1065_2)> <Delay = 0.00> <CoreInst = "axis">   --->   Core 123 'axis' <Latency = 0> <II = 1> <Delay = 1.00> <Adapter> <Opcode : >
ST_3 : Operation 225 [1/1] (0.00ns)   --->   "%shl_ln = bitconcatenate i577 @_ssdm_op_BitConcatenate.i577.i1.i576, i1 %currWord_last_V, i576 0" [/tools/Xilinx/Vitis_HLS/2022.1/common/technology/autopilot/hls_stream_39.h:174]   --->   Operation 225 'bitconcatenate' 'shl_ln' <Predicate = (iperfFsmState_load == 7)> <Delay = 0.00>
ST_3 : Operation 226 [1/1] (0.00ns)   --->   "%or_ln174 = or i577 %shl_ln, i577 247330401473104534049986387036794404265444427179859539717357571501504676384200448144401845323817807855737010027930728666130808966645273754506324562903351815651596089160773936" [/tools/Xilinx/Vitis_HLS/2022.1/common/technology/autopilot/hls_stream_39.h:174]   --->   Operation 226 'or' 'or_ln174' <Predicate = (iperfFsmState_load == 7)> <Delay = 0.00>
ST_3 : Operation 227 [1/1] (0.00ns)   --->   "%zext_ln174_1 = zext i577 %or_ln174" [/tools/Xilinx/Vitis_HLS/2022.1/common/technology/autopilot/hls_stream_39.h:174]   --->   Operation 227 'zext' 'zext_ln174_1' <Predicate = (iperfFsmState_load == 7)> <Delay = 0.00>
ST_3 : Operation 228 [1/1] (1.16ns)   --->   "%write_ln174 = write void @_ssdm_op_Write.ap_fifo.volatile.i1024P0A, i1024 %txDataBuffer, i1024 %zext_ln174_1" [/tools/Xilinx/Vitis_HLS/2022.1/common/technology/autopilot/hls_stream_39.h:174]   --->   Operation 228 'write' 'write_ln174' <Predicate = (iperfFsmState_load == 7)> <Delay = 1.16> <CoreInst = "FIFO">   --->   Core 78 'FIFO' <Latency = 0> <II = 1> <Delay = 1.35> <Storage> <Opcode : 'read' 'write' 'nbread' 'nbwrite'> <Ports = 0> <Width = 1024> <Depth = 512> <FIFO>
ST_3 : Operation 229 [1/1] (0.00ns)   --->   "%tmp_4_i = bitconcatenate i30 @_ssdm_op_BitConcatenate.i30.i8.i6.i16, i8 %pkgWordCount_read, i6 0, i16 %currentSessionID_V_load" [/tools/Xilinx/Vitis_HLS/2022.1/common/technology/autopilot/hls_stream_39.h:174]   --->   Operation 229 'bitconcatenate' 'tmp_4_i' <Predicate = (iperfFsmState_load == 5 & !timeOver_load)> <Delay = 0.00>
ST_3 : Operation 230 [1/1] (0.00ns)   --->   "%zext_ln174_2 = zext i30 %tmp_4_i" [/tools/Xilinx/Vitis_HLS/2022.1/common/technology/autopilot/hls_stream_39.h:174]   --->   Operation 230 'zext' 'zext_ln174_2' <Predicate = (iperfFsmState_load == 5 & !timeOver_load)> <Delay = 0.00>
ST_3 : Operation 231 [1/1] (1.16ns)   --->   "%write_ln174 = write void @_ssdm_op_Write.ap_fifo.volatile.i32P0A, i32 %txMetaDataBuffer, i32 %zext_ln174_2" [/tools/Xilinx/Vitis_HLS/2022.1/common/technology/autopilot/hls_stream_39.h:174]   --->   Operation 231 'write' 'write_ln174' <Predicate = (iperfFsmState_load == 5 & !timeOver_load)> <Delay = 1.16> <CoreInst = "FIFO">   --->   Core 78 'FIFO' <Latency = 0> <II = 1> <Delay = 1.19> <Storage> <Opcode : 'read' 'write' 'nbread' 'nbwrite'> <Ports = 0> <Width = 32> <Depth = 512> <FIFO>
ST_3 : Operation 232 [1/1] (0.00ns)   --->   "%br_ln309 = br void %for.end173.i" [/mnt/scratch/pyuvaraj/Vitis_RoCE_W/Vitis_RoCE/kernel/user_krnl/iperf_krnl/src/hls/iperf_client.cpp:309]   --->   Operation 232 'br' 'br_ln309' <Predicate = (iperfFsmState_load == 5 & !timeOver_load)> <Delay = 0.00>
ST_3 : Operation 233 [1/1] (1.16ns)   --->   "%write_ln174 = write void @_ssdm_op_Write.ap_fifo.volatile.i1024P0A, i1024 %txDataBuffer, i1024 247330401473104534049986387036794404265444427179859539717357571501504676384200448144401845323817807855737010027930728666130808966645273754506324562903351815651596089160773936" [/tools/Xilinx/Vitis_HLS/2022.1/common/technology/autopilot/hls_stream_39.h:174]   --->   Operation 233 'write' 'write_ln174' <Predicate = (iperfFsmState_load == 5)> <Delay = 1.16> <CoreInst = "FIFO">   --->   Core 78 'FIFO' <Latency = 0> <II = 1> <Delay = 1.35> <Storage> <Opcode : 'read' 'write' 'nbread' 'nbwrite'> <Ports = 0> <Width = 1024> <Depth = 512> <FIFO>
ST_3 : Operation 234 [1/1] (0.00ns)   --->   "%tmp_9_i = bitconcatenate i30 @_ssdm_op_BitConcatenate.i30.i8.i6.i16, i8 %pkgWordCount_read, i6 0, i16 %tmp_sessionID_V_2" [/tools/Xilinx/Vitis_HLS/2022.1/common/technology/autopilot/hls_stream_39.h:174]   --->   Operation 234 'bitconcatenate' 'tmp_9_i' <Predicate = (iperfFsmState_load == 6 & tmp_3_i & tmp_error_V_1 != 0 & tmp_error_V_1 != 1)> <Delay = 0.00>
ST_3 : Operation 235 [1/1] (0.00ns)   --->   "%zext_ln174_4 = zext i30 %tmp_9_i" [/tools/Xilinx/Vitis_HLS/2022.1/common/technology/autopilot/hls_stream_39.h:174]   --->   Operation 235 'zext' 'zext_ln174_4' <Predicate = (iperfFsmState_load == 6 & tmp_3_i & tmp_error_V_1 != 0 & tmp_error_V_1 != 1)> <Delay = 0.00>
ST_3 : Operation 236 [1/1] (1.16ns)   --->   "%write_ln174 = write void @_ssdm_op_Write.ap_fifo.volatile.i32P0A, i32 %txMetaDataBuffer, i32 %zext_ln174_4" [/tools/Xilinx/Vitis_HLS/2022.1/common/technology/autopilot/hls_stream_39.h:174]   --->   Operation 236 'write' 'write_ln174' <Predicate = (iperfFsmState_load == 6 & tmp_3_i & tmp_error_V_1 != 0 & tmp_error_V_1 != 1)> <Delay = 1.16> <CoreInst = "FIFO">   --->   Core 78 'FIFO' <Latency = 0> <II = 1> <Delay = 1.19> <Storage> <Opcode : 'read' 'write' 'nbread' 'nbwrite'> <Ports = 0> <Width = 32> <Depth = 512> <FIFO>
ST_3 : Operation 237 [1/1] (0.00ns)   --->   "%br_ln0 = br void %if.end142.i"   --->   Operation 237 'br' 'br_ln0' <Predicate = (iperfFsmState_load == 6 & tmp_3_i & tmp_error_V_1 != 0 & tmp_error_V_1 != 1)> <Delay = 0.00>
ST_3 : Operation 238 [1/1] (0.00ns)   --->   "%tmp_i_48 = bitconcatenate i30 @_ssdm_op_BitConcatenate.i30.i8.i6.i16, i8 %pkgWordCount_read, i6 0, i16 %currentSessionID_V_load" [/tools/Xilinx/Vitis_HLS/2022.1/common/technology/autopilot/hls_stream_39.h:174]   --->   Operation 238 'bitconcatenate' 'tmp_i_48' <Predicate = (iperfFsmState_load == 4)> <Delay = 0.00>
ST_3 : Operation 239 [1/1] (0.00ns)   --->   "%zext_ln174 = zext i30 %tmp_i_48" [/tools/Xilinx/Vitis_HLS/2022.1/common/technology/autopilot/hls_stream_39.h:174]   --->   Operation 239 'zext' 'zext_ln174' <Predicate = (iperfFsmState_load == 4)> <Delay = 0.00>
ST_3 : Operation 240 [1/1] (1.16ns)   --->   "%write_ln174 = write void @_ssdm_op_Write.ap_fifo.volatile.i32P0A, i32 %txMetaDataBuffer, i32 %zext_ln174" [/tools/Xilinx/Vitis_HLS/2022.1/common/technology/autopilot/hls_stream_39.h:174]   --->   Operation 240 'write' 'write_ln174' <Predicate = (iperfFsmState_load == 4)> <Delay = 1.16> <CoreInst = "FIFO">   --->   Core 78 'FIFO' <Latency = 0> <II = 1> <Delay = 1.19> <Storage> <Opcode : 'read' 'write' 'nbread' 'nbwrite'> <Ports = 0> <Width = 32> <Depth = 512> <FIFO>
ST_3 : Operation 241 [1/1] (1.16ns)   --->   "%write_ln174 = write void @_ssdm_op_Write.ap_fifo.volatile.i1024P0A, i1024 %txDataBuffer, i1024 494660802946209068107597234109351782970688673204217833700646746365202056835340172896911038092412543002393468553865375251012698210427016369081338427391839765886779895291314176" [/tools/Xilinx/Vitis_HLS/2022.1/common/technology/autopilot/hls_stream_39.h:174]   --->   Operation 241 'write' 'write_ln174' <Predicate = (iperfFsmState_load == 4)> <Delay = 1.16> <CoreInst = "FIFO">   --->   Core 78 'FIFO' <Latency = 0> <II = 1> <Delay = 1.35> <Storage> <Opcode : 'read' 'write' 'nbread' 'nbwrite'> <Ports = 0> <Width = 1024> <Depth = 512> <FIFO>
ST_3 : Operation 242 [1/1] (0.00ns)   --->   "%zext_ln174_3_cast = bitconcatenate i23 @_ssdm_op_BitConcatenate.i23.i7.i16, i7 64, i16 %tmp_sessionID_V" [/tools/Xilinx/Vitis_HLS/2022.1/common/technology/autopilot/hls_stream_39.h:174]   --->   Operation 242 'bitconcatenate' 'zext_ln174_3_cast' <Predicate = (iperfFsmState_load == 2 & tmp_i & status_success)> <Delay = 0.00>
ST_3 : Operation 243 [1/1] (0.00ns)   --->   "%zext_ln174_3 = zext i23 %zext_ln174_3_cast" [/tools/Xilinx/Vitis_HLS/2022.1/common/technology/autopilot/hls_stream_39.h:174]   --->   Operation 243 'zext' 'zext_ln174_3' <Predicate = (iperfFsmState_load == 2 & tmp_i & status_success)> <Delay = 0.00>
ST_3 : Operation 244 [1/1] (1.16ns)   --->   "%write_ln174 = write void @_ssdm_op_Write.ap_fifo.volatile.i32P0A, i32 %txMetaDataBuffer, i32 %zext_ln174_3" [/tools/Xilinx/Vitis_HLS/2022.1/common/technology/autopilot/hls_stream_39.h:174]   --->   Operation 244 'write' 'write_ln174' <Predicate = (iperfFsmState_load == 2 & tmp_i & status_success)> <Delay = 1.16> <CoreInst = "FIFO">   --->   Core 78 'FIFO' <Latency = 0> <II = 1> <Delay = 1.19> <Storage> <Opcode : 'read' 'write' 'nbread' 'nbwrite'> <Ports = 0> <Width = 32> <Depth = 512> <FIFO>
ST_3 : Operation 245 [1/1] (0.00ns)   --->   "%br_ln215 = br void %if.end70.i" [/mnt/scratch/pyuvaraj/Vitis_RoCE_W/Vitis_RoCE/kernel/user_krnl/iperf_krnl/src/hls/iperf_client.cpp:215]   --->   Operation 245 'br' 'br_ln215' <Predicate = (iperfFsmState_load == 2 & tmp_i & status_success)> <Delay = 0.00>
ST_3 : Operation 246 [1/1] (1.16ns)   --->   "%write_ln174 = write void @_ssdm_op_Write.ap_fifo.volatile.i1P0A, i1 %startSignalFifo, i1 1" [/tools/Xilinx/Vitis_HLS/2022.1/common/technology/autopilot/hls_stream_39.h:174]   --->   Operation 246 'write' 'write_ln174' <Predicate = (iperfFsmState_load == 2 & tmp_i & icmp_ln1065_3)> <Delay = 1.16> <CoreInst = "FIFO_SRL">   --->   Core 81 'FIFO_SRL' <Latency = 0> <II = 1> <Delay = 1.42> <Storage> <Opcode : 'read' 'write' 'nbread' 'nbwrite'> <Ports = 0> <Width = 1> <Depth = 2> <FIFO>
ST_3 : Operation 247 [1/1] (0.00ns)   --->   "%openTuple_ip_address_V_10 = phi i32 %openTuple_ip_address_V_9, void %sw.bb46.i, i32 %openTuple_ip_address_V_8, void %sw.bb44.i, i32 %openTuple_ip_address_V_7, void %sw.bb42.i, i32 %openTuple_ip_address_V_6, void %sw.bb40.i, i32 %openTuple_ip_address_V_5, void %sw.bb38.i, i32 %openTuple_ip_address_V_4, void %sw.bb36.i, i32 %openTuple_ip_address_V_3, void %sw.bb34.i, i32 %openTuple_ip_address_V_2, void %sw.bb32.i, i32 %openTuple_ip_address_V_1, void %sw.bb30.i, i32 %openTuple_ip_address_V, void %sw.bb29.i, i32 0, void %if.then27.i"   --->   Operation 247 'phi' 'openTuple_ip_address_V_10' <Predicate = (iperfFsmState_load == 1 & icmp_ln1073)> <Delay = 0.00>
ST_3 : Operation 248 [1/1] (0.00ns)   --->   "%zext_ln174_5_cast = bitconcatenate i45 @_ssdm_op_BitConcatenate.i45.i13.i32, i13 5001, i32 %openTuple_ip_address_V_10" [/tools/Xilinx/Vitis_HLS/2022.1/common/technology/autopilot/hls_stream_39.h:174]   --->   Operation 248 'bitconcatenate' 'zext_ln174_5_cast' <Predicate = (iperfFsmState_load == 1 & icmp_ln1073)> <Delay = 0.00>
ST_3 : Operation 249 [1/1] (0.00ns)   --->   "%zext_ln174_5 = zext i45 %zext_ln174_5_cast" [/tools/Xilinx/Vitis_HLS/2022.1/common/technology/autopilot/hls_stream_39.h:174]   --->   Operation 249 'zext' 'zext_ln174_5' <Predicate = (iperfFsmState_load == 1 & icmp_ln1073)> <Delay = 0.00>
ST_3 : Operation 250 [2/2] (0.00ns)   --->   "%write_ln174 = write void @_ssdm_op_Write.axis.volatile.i64P128A, i64 %m_axis_open_connection, i64 %zext_ln174_5" [/tools/Xilinx/Vitis_HLS/2022.1/common/technology/autopilot/hls_stream_39.h:174]   --->   Operation 250 'write' 'write_ln174' <Predicate = (iperfFsmState_load == 1 & icmp_ln1073)> <Delay = 0.00> <CoreInst = "axis">   --->   Core 123 'axis' <Latency = 0> <II = 1> <Delay = 1.00> <Adapter> <Opcode : >

State 4 <SV = 3> <Delay = 0.00>
ST_4 : Operation 251 [1/2] (0.00ns)   --->   "%write_ln174 = write void @_ssdm_op_Write.axis.volatile.i16P128A, i16 %m_axis_close_connection, i16 %currentSessionID_V_load" [/tools/Xilinx/Vitis_HLS/2022.1/common/technology/autopilot/hls_stream_39.h:174]   --->   Operation 251 'write' 'write_ln174' <Predicate = (iperfFsmState_load == 8 & stopSend_load & !icmp_ln1065_2)> <Delay = 0.00> <CoreInst = "axis">   --->   Core 123 'axis' <Latency = 0> <II = 1> <Delay = 1.00> <Adapter> <Opcode : >
ST_4 : Operation 252 [1/2] (0.00ns)   --->   "%write_ln174 = write void @_ssdm_op_Write.axis.volatile.i64P128A, i64 %m_axis_open_connection, i64 %zext_ln174_5" [/tools/Xilinx/Vitis_HLS/2022.1/common/technology/autopilot/hls_stream_39.h:174]   --->   Operation 252 'write' 'write_ln174' <Predicate = (iperfFsmState_load == 1 & icmp_ln1073)> <Delay = 0.00> <CoreInst = "axis">   --->   Core 123 'axis' <Latency = 0> <II = 1> <Delay = 1.00> <Adapter> <Opcode : >
ST_4 : Operation 253 [1/1] (0.00ns)   --->   "%br_ln197 = br void %if.end53.i" [/mnt/scratch/pyuvaraj/Vitis_RoCE_W/Vitis_RoCE/kernel/user_krnl/iperf_krnl/src/hls/iperf_client.cpp:197]   --->   Operation 253 'br' 'br_ln197' <Predicate = (iperfFsmState_load == 1 & icmp_ln1073)> <Delay = 0.00>
ST_4 : Operation 254 [1/1] (0.00ns)   --->   "%ret_ln0 = ret"   --->   Operation 254 'ret' 'ret_ln0' <Predicate = true> <Delay = 0.00>


============================================================
+ Verbose Summary: Timing violations
============================================================
Target clock period: 3.2ns, clock uncertainty: 0.864ns.

 <State 1>: 1.17ns
The critical path consists of the following:
	fifo read operation ('stopSignalFifo_read', /tools/Xilinx/Vitis_HLS/2022.1/common/technology/autopilot/hls_stream_39.h:145) on port 'stopSignalFifo' (/tools/Xilinx/Vitis_HLS/2022.1/common/technology/autopilot/hls_stream_39.h:145) [341]  (1.17 ns)

 <State 2>: 2.54ns
The critical path consists of the following:
	'load' operation ('sessionIt_V_load') on static variable 'sessionIt_V' [99]  (0 ns)
	'add' operation ('add_ln886_4') [248]  (0.765 ns)
	'icmp' operation ('icmp_ln1065_3') [249]  (0.652 ns)
	multiplexor before 'phi' operation ('timeOver_flag_0_i') [325]  (0.453 ns)
	'phi' operation ('timeOver_flag_0_i') [325]  (0 ns)
	multiplexor before 'phi' operation ('timeOver_flag_1_i') [344]  (0.387 ns)
	'phi' operation ('timeOver_flag_1_i') [344]  (0 ns)
	blocking operation 0.287 ns on control path)

 <State 3>: 1.17ns
The critical path consists of the following:
	fifo write operation ('write_ln174', /tools/Xilinx/Vitis_HLS/2022.1/common/technology/autopilot/hls_stream_39.h:174) on port 'startSignalFifo' (/tools/Xilinx/Vitis_HLS/2022.1/common/technology/autopilot/hls_stream_39.h:174) [252]  (1.17 ns)

 <State 4>: 0ns
The critical path consists of the following:


============================================================
+ Verbose Summary: Binding
============================================================
N/A
* FSMD analyzer results:
  - Output states:
 - Input state : 
  - Chain level:
	State 1
	State 2
	State 3
	State 4


============================================================
+ Verbose Summary: Datapath Resource usage 
============================================================
N/A
