

================================================================
== Vitis HLS Report for 'iperf_client'
================================================================
* Date:           Tue Jul 11 09:13:46 2023

* Version:        2022.1 (Build 3526262 on Mon Apr 18 15:47:01 MDT 2022)
* Project:        iperf_client_prj
* Solution:       solution1 (Vivado IP Flow Target)
* Product family: virtexuplus
* Target device:  xcu280-fsvh2892-2L-e


================================================================
== Performance Estimates
================================================================
+ Timing: 
    * Summary: 
    +--------+---------+----------+------------+
    |  Clock |  Target | Estimated| Uncertainty|
    +--------+---------+----------+------------+
    |ap_clk  |  3.20 ns|  2.544 ns|     0.86 ns|
    +--------+---------+----------+------------+

+ Latency: 
    * Summary: 
    +---------+---------+-----------+-----------+-----+-----+----------+
    |  Latency (cycles) |   Latency (absolute)  |  Interval | Pipeline |
    |   min   |   max   |    min    |    max    | min | max |   Type   |
    +---------+---------+-----------+-----------+-----+-----+----------+
    |        5|        5|  16.000 ns|  16.000 ns|    1|    1|  dataflow|
    +---------+---------+-----------+-----------+-----+-----+----------+

    + Detail: 
        * Instance: 
        N/A

        * Loop: 
        N/A

============================================================
+ Verbose Summary: Synthesis Manager
============================================================
InlineROM: 1
ExposeGlobal: 0
============================================================
+ Verbose Summary: CDFG Model
============================================================
IsTopModel: 1
ResetActiveHigh: 1
IsCombinational: 2
IsDatapathOnly: 0
HasWiredReturn: 1
HasMFsm: 0
HasVarLatency: 1
IsPipeline: 0
IsRtlPipelined: 0
IsInstanceOverlapped: 0
IsDontTouch: 0
HasImplIP: 0
IsGatedGlobalClock: 0


============================================================
+ Verbose Summary: Schedule
============================================================
* Number of FSM states : 10
* Pipeline : 0
* Dataflow Pipeline: 1
  DF-Pipeline-0: Size = 10, States = { 1 2 3 4 5 6 7 8 9 10 }

* FSM state transitions: 
1 --> 2 
2 --> 3 
3 --> 4 
4 --> 5 
5 --> 6 
6 --> 7 
7 --> 8 
8 --> 9 
9 --> 10 
10 --> 

* FSM state operations: 

State 1 <SV = 0> <Delay = 0.00>
ST_1 : Operation 11 [2/2] (0.00ns)   --->   "%regIpAddress9_read = read i32 @_ssdm_op_Read.ap_none.i32, i32 %regIpAddress9" [/mnt/scratch/pyuvaraj/Vitis_RoCE_W/Vitis_RoCE/kernel/user_krnl/iperf_krnl/src/hls/iperf_client.cpp:523]   --->   Operation 11 'read' 'regIpAddress9_read' <Predicate = true> <Delay = 0.00>
ST_1 : Operation 12 [2/2] (0.00ns)   --->   "%regIpAddress8_read = read i32 @_ssdm_op_Read.ap_none.i32, i32 %regIpAddress8" [/mnt/scratch/pyuvaraj/Vitis_RoCE_W/Vitis_RoCE/kernel/user_krnl/iperf_krnl/src/hls/iperf_client.cpp:523]   --->   Operation 12 'read' 'regIpAddress8_read' <Predicate = true> <Delay = 0.00>
ST_1 : Operation 13 [2/2] (0.00ns)   --->   "%regIpAddress7_read = read i32 @_ssdm_op_Read.ap_none.i32, i32 %regIpAddress7" [/mnt/scratch/pyuvaraj/Vitis_RoCE_W/Vitis_RoCE/kernel/user_krnl/iperf_krnl/src/hls/iperf_client.cpp:523]   --->   Operation 13 'read' 'regIpAddress7_read' <Predicate = true> <Delay = 0.00>
ST_1 : Operation 14 [2/2] (0.00ns)   --->   "%regIpAddress6_read = read i32 @_ssdm_op_Read.ap_none.i32, i32 %regIpAddress6" [/mnt/scratch/pyuvaraj/Vitis_RoCE_W/Vitis_RoCE/kernel/user_krnl/iperf_krnl/src/hls/iperf_client.cpp:523]   --->   Operation 14 'read' 'regIpAddress6_read' <Predicate = true> <Delay = 0.00>
ST_1 : Operation 15 [2/2] (0.00ns)   --->   "%regIpAddress5_read = read i32 @_ssdm_op_Read.ap_none.i32, i32 %regIpAddress5" [/mnt/scratch/pyuvaraj/Vitis_RoCE_W/Vitis_RoCE/kernel/user_krnl/iperf_krnl/src/hls/iperf_client.cpp:523]   --->   Operation 15 'read' 'regIpAddress5_read' <Predicate = true> <Delay = 0.00>
ST_1 : Operation 16 [2/2] (0.00ns)   --->   "%regIpAddress4_read = read i32 @_ssdm_op_Read.ap_none.i32, i32 %regIpAddress4" [/mnt/scratch/pyuvaraj/Vitis_RoCE_W/Vitis_RoCE/kernel/user_krnl/iperf_krnl/src/hls/iperf_client.cpp:523]   --->   Operation 16 'read' 'regIpAddress4_read' <Predicate = true> <Delay = 0.00>
ST_1 : Operation 17 [2/2] (0.00ns)   --->   "%regIpAddress3_read = read i32 @_ssdm_op_Read.ap_none.i32, i32 %regIpAddress3" [/mnt/scratch/pyuvaraj/Vitis_RoCE_W/Vitis_RoCE/kernel/user_krnl/iperf_krnl/src/hls/iperf_client.cpp:523]   --->   Operation 17 'read' 'regIpAddress3_read' <Predicate = true> <Delay = 0.00>
ST_1 : Operation 18 [2/2] (0.00ns)   --->   "%regIpAddress2_read = read i32 @_ssdm_op_Read.ap_none.i32, i32 %regIpAddress2" [/mnt/scratch/pyuvaraj/Vitis_RoCE_W/Vitis_RoCE/kernel/user_krnl/iperf_krnl/src/hls/iperf_client.cpp:523]   --->   Operation 18 'read' 'regIpAddress2_read' <Predicate = true> <Delay = 0.00>
ST_1 : Operation 19 [2/2] (0.00ns)   --->   "%regIpAddress1_read = read i32 @_ssdm_op_Read.ap_none.i32, i32 %regIpAddress1" [/mnt/scratch/pyuvaraj/Vitis_RoCE_W/Vitis_RoCE/kernel/user_krnl/iperf_krnl/src/hls/iperf_client.cpp:523]   --->   Operation 19 'read' 'regIpAddress1_read' <Predicate = true> <Delay = 0.00>
ST_1 : Operation 20 [2/2] (0.00ns)   --->   "%regIpAddress0_read = read i32 @_ssdm_op_Read.ap_none.i32, i32 %regIpAddress0" [/mnt/scratch/pyuvaraj/Vitis_RoCE_W/Vitis_RoCE/kernel/user_krnl/iperf_krnl/src/hls/iperf_client.cpp:523]   --->   Operation 20 'read' 'regIpAddress0_read' <Predicate = true> <Delay = 0.00>
ST_1 : Operation 21 [2/2] (0.00ns)   --->   "%useIpAddr_read = read i16 @_ssdm_op_Read.ap_none.i16, i16 %useIpAddr" [/mnt/scratch/pyuvaraj/Vitis_RoCE_W/Vitis_RoCE/kernel/user_krnl/iperf_krnl/src/hls/iperf_client.cpp:523]   --->   Operation 21 'read' 'useIpAddr_read' <Predicate = true> <Delay = 0.00>
ST_1 : Operation 22 [2/2] (0.00ns)   --->   "%timeInCycles_read = read i64 @_ssdm_op_Read.ap_none.i64, i64 %timeInCycles" [/mnt/scratch/pyuvaraj/Vitis_RoCE_W/Vitis_RoCE/kernel/user_krnl/iperf_krnl/src/hls/iperf_client.cpp:523]   --->   Operation 22 'read' 'timeInCycles_read' <Predicate = true> <Delay = 0.00>
ST_1 : Operation 23 [2/2] (0.00ns)   --->   "%timeInSeconds_read = read i32 @_ssdm_op_Read.ap_none.i32, i32 %timeInSeconds" [/mnt/scratch/pyuvaraj/Vitis_RoCE_W/Vitis_RoCE/kernel/user_krnl/iperf_krnl/src/hls/iperf_client.cpp:523]   --->   Operation 23 'read' 'timeInSeconds_read' <Predicate = true> <Delay = 0.00>
ST_1 : Operation 24 [2/2] (0.00ns)   --->   "%packetGap_read = read i8 @_ssdm_op_Read.ap_none.i8, i8 %packetGap" [/mnt/scratch/pyuvaraj/Vitis_RoCE_W/Vitis_RoCE/kernel/user_krnl/iperf_krnl/src/hls/iperf_client.cpp:523]   --->   Operation 24 'read' 'packetGap_read' <Predicate = true> <Delay = 0.00>
ST_1 : Operation 25 [2/2] (0.00ns)   --->   "%pkgWordCount_read = read i8 @_ssdm_op_Read.ap_none.i8, i8 %pkgWordCount" [/mnt/scratch/pyuvaraj/Vitis_RoCE_W/Vitis_RoCE/kernel/user_krnl/iperf_krnl/src/hls/iperf_client.cpp:523]   --->   Operation 25 'read' 'pkgWordCount_read' <Predicate = true> <Delay = 0.00>
ST_1 : Operation 26 [2/2] (0.00ns)   --->   "%useConn_read = read i14 @_ssdm_op_Read.ap_none.i14, i14 %useConn" [/mnt/scratch/pyuvaraj/Vitis_RoCE_W/Vitis_RoCE/kernel/user_krnl/iperf_krnl/src/hls/iperf_client.cpp:523]   --->   Operation 26 'read' 'useConn_read' <Predicate = true> <Delay = 0.00>
ST_1 : Operation 27 [2/2] (0.00ns)   --->   "%dualModeEn_read = read i1 @_ssdm_op_Read.ap_none.i1, i1 %dualModeEn" [/mnt/scratch/pyuvaraj/Vitis_RoCE_W/Vitis_RoCE/kernel/user_krnl/iperf_krnl/src/hls/iperf_client.cpp:523]   --->   Operation 27 'read' 'dualModeEn_read' <Predicate = true> <Delay = 0.00>
ST_1 : Operation 28 [2/2] (0.00ns)   --->   "%runExperiment_read = read i1 @_ssdm_op_Read.ap_none.i1, i1 %runExperiment" [/mnt/scratch/pyuvaraj/Vitis_RoCE_W/Vitis_RoCE/kernel/user_krnl/iperf_krnl/src/hls/iperf_client.cpp:523]   --->   Operation 28 'read' 'runExperiment_read' <Predicate = true> <Delay = 0.00>
ST_1 : Operation 29 [1/1] (0.00ns)   --->   "%regIpAddress9_c = alloca i64 1" [/mnt/scratch/pyuvaraj/Vitis_RoCE_W/Vitis_RoCE/kernel/user_krnl/iperf_krnl/src/hls/iperf_client.cpp:523]   --->   Operation 29 'alloca' 'regIpAddress9_c' <Predicate = true> <Delay = 0.00> <CoreInst = "FIFO_SRL">   --->   Core 81 'FIFO_SRL' <Latency = 0> <II = 1> <Delay = 1.46> <Storage> <Opcode : 'read' 'write' 'nbread' 'nbwrite'> <Ports = 0> <Width = 32> <Depth = 3> <FIFO>
ST_1 : Operation 30 [1/1] (0.00ns)   --->   "%regIpAddress8_c = alloca i64 1" [/mnt/scratch/pyuvaraj/Vitis_RoCE_W/Vitis_RoCE/kernel/user_krnl/iperf_krnl/src/hls/iperf_client.cpp:523]   --->   Operation 30 'alloca' 'regIpAddress8_c' <Predicate = true> <Delay = 0.00> <CoreInst = "FIFO_SRL">   --->   Core 81 'FIFO_SRL' <Latency = 0> <II = 1> <Delay = 1.46> <Storage> <Opcode : 'read' 'write' 'nbread' 'nbwrite'> <Ports = 0> <Width = 32> <Depth = 3> <FIFO>
ST_1 : Operation 31 [1/1] (0.00ns)   --->   "%regIpAddress7_c = alloca i64 1" [/mnt/scratch/pyuvaraj/Vitis_RoCE_W/Vitis_RoCE/kernel/user_krnl/iperf_krnl/src/hls/iperf_client.cpp:523]   --->   Operation 31 'alloca' 'regIpAddress7_c' <Predicate = true> <Delay = 0.00> <CoreInst = "FIFO_SRL">   --->   Core 81 'FIFO_SRL' <Latency = 0> <II = 1> <Delay = 1.46> <Storage> <Opcode : 'read' 'write' 'nbread' 'nbwrite'> <Ports = 0> <Width = 32> <Depth = 3> <FIFO>
ST_1 : Operation 32 [1/1] (0.00ns)   --->   "%regIpAddress6_c = alloca i64 1" [/mnt/scratch/pyuvaraj/Vitis_RoCE_W/Vitis_RoCE/kernel/user_krnl/iperf_krnl/src/hls/iperf_client.cpp:523]   --->   Operation 32 'alloca' 'regIpAddress6_c' <Predicate = true> <Delay = 0.00> <CoreInst = "FIFO_SRL">   --->   Core 81 'FIFO_SRL' <Latency = 0> <II = 1> <Delay = 1.46> <Storage> <Opcode : 'read' 'write' 'nbread' 'nbwrite'> <Ports = 0> <Width = 32> <Depth = 3> <FIFO>
ST_1 : Operation 33 [1/1] (0.00ns)   --->   "%regIpAddress5_c = alloca i64 1" [/mnt/scratch/pyuvaraj/Vitis_RoCE_W/Vitis_RoCE/kernel/user_krnl/iperf_krnl/src/hls/iperf_client.cpp:523]   --->   Operation 33 'alloca' 'regIpAddress5_c' <Predicate = true> <Delay = 0.00> <CoreInst = "FIFO_SRL">   --->   Core 81 'FIFO_SRL' <Latency = 0> <II = 1> <Delay = 1.46> <Storage> <Opcode : 'read' 'write' 'nbread' 'nbwrite'> <Ports = 0> <Width = 32> <Depth = 3> <FIFO>
ST_1 : Operation 34 [1/1] (0.00ns)   --->   "%regIpAddress4_c = alloca i64 1" [/mnt/scratch/pyuvaraj/Vitis_RoCE_W/Vitis_RoCE/kernel/user_krnl/iperf_krnl/src/hls/iperf_client.cpp:523]   --->   Operation 34 'alloca' 'regIpAddress4_c' <Predicate = true> <Delay = 0.00> <CoreInst = "FIFO_SRL">   --->   Core 81 'FIFO_SRL' <Latency = 0> <II = 1> <Delay = 1.46> <Storage> <Opcode : 'read' 'write' 'nbread' 'nbwrite'> <Ports = 0> <Width = 32> <Depth = 3> <FIFO>
ST_1 : Operation 35 [1/1] (0.00ns)   --->   "%regIpAddress3_c = alloca i64 1" [/mnt/scratch/pyuvaraj/Vitis_RoCE_W/Vitis_RoCE/kernel/user_krnl/iperf_krnl/src/hls/iperf_client.cpp:523]   --->   Operation 35 'alloca' 'regIpAddress3_c' <Predicate = true> <Delay = 0.00> <CoreInst = "FIFO_SRL">   --->   Core 81 'FIFO_SRL' <Latency = 0> <II = 1> <Delay = 1.46> <Storage> <Opcode : 'read' 'write' 'nbread' 'nbwrite'> <Ports = 0> <Width = 32> <Depth = 3> <FIFO>
ST_1 : Operation 36 [1/1] (0.00ns)   --->   "%regIpAddress2_c = alloca i64 1" [/mnt/scratch/pyuvaraj/Vitis_RoCE_W/Vitis_RoCE/kernel/user_krnl/iperf_krnl/src/hls/iperf_client.cpp:523]   --->   Operation 36 'alloca' 'regIpAddress2_c' <Predicate = true> <Delay = 0.00> <CoreInst = "FIFO_SRL">   --->   Core 81 'FIFO_SRL' <Latency = 0> <II = 1> <Delay = 1.46> <Storage> <Opcode : 'read' 'write' 'nbread' 'nbwrite'> <Ports = 0> <Width = 32> <Depth = 3> <FIFO>
ST_1 : Operation 37 [1/1] (0.00ns)   --->   "%regIpAddress1_c = alloca i64 1" [/mnt/scratch/pyuvaraj/Vitis_RoCE_W/Vitis_RoCE/kernel/user_krnl/iperf_krnl/src/hls/iperf_client.cpp:523]   --->   Operation 37 'alloca' 'regIpAddress1_c' <Predicate = true> <Delay = 0.00> <CoreInst = "FIFO_SRL">   --->   Core 81 'FIFO_SRL' <Latency = 0> <II = 1> <Delay = 1.46> <Storage> <Opcode : 'read' 'write' 'nbread' 'nbwrite'> <Ports = 0> <Width = 32> <Depth = 3> <FIFO>
ST_1 : Operation 38 [1/1] (0.00ns)   --->   "%regIpAddress0_c = alloca i64 1" [/mnt/scratch/pyuvaraj/Vitis_RoCE_W/Vitis_RoCE/kernel/user_krnl/iperf_krnl/src/hls/iperf_client.cpp:523]   --->   Operation 38 'alloca' 'regIpAddress0_c' <Predicate = true> <Delay = 0.00> <CoreInst = "FIFO_SRL">   --->   Core 81 'FIFO_SRL' <Latency = 0> <II = 1> <Delay = 1.46> <Storage> <Opcode : 'read' 'write' 'nbread' 'nbwrite'> <Ports = 0> <Width = 32> <Depth = 3> <FIFO>
ST_1 : Operation 39 [1/1] (0.00ns)   --->   "%useIpAddr_c = alloca i64 1" [/mnt/scratch/pyuvaraj/Vitis_RoCE_W/Vitis_RoCE/kernel/user_krnl/iperf_krnl/src/hls/iperf_client.cpp:523]   --->   Operation 39 'alloca' 'useIpAddr_c' <Predicate = true> <Delay = 0.00> <CoreInst = "FIFO_SRL">   --->   Core 81 'FIFO_SRL' <Latency = 0> <II = 1> <Delay = 1.33> <Storage> <Opcode : 'read' 'write' 'nbread' 'nbwrite'> <Ports = 0> <Width = 16> <Depth = 3> <FIFO>
ST_1 : Operation 40 [1/1] (0.00ns)   --->   "%timeInCycles_c = alloca i64 1" [/mnt/scratch/pyuvaraj/Vitis_RoCE_W/Vitis_RoCE/kernel/user_krnl/iperf_krnl/src/hls/iperf_client.cpp:523]   --->   Operation 40 'alloca' 'timeInCycles_c' <Predicate = true> <Delay = 0.00> <CoreInst = "FIFO_SRL">   --->   Core 81 'FIFO_SRL' <Latency = 0> <II = 1> <Delay = 1.41> <Storage> <Opcode : 'read' 'write' 'nbread' 'nbwrite'> <Ports = 0> <Width = 64> <Depth = 4> <FIFO>
ST_1 : Operation 41 [1/1] (0.00ns)   --->   "%timeInSeconds_c = alloca i64 1" [/mnt/scratch/pyuvaraj/Vitis_RoCE_W/Vitis_RoCE/kernel/user_krnl/iperf_krnl/src/hls/iperf_client.cpp:523]   --->   Operation 41 'alloca' 'timeInSeconds_c' <Predicate = true> <Delay = 0.00> <CoreInst = "FIFO_SRL">   --->   Core 81 'FIFO_SRL' <Latency = 0> <II = 1> <Delay = 1.46> <Storage> <Opcode : 'read' 'write' 'nbread' 'nbwrite'> <Ports = 0> <Width = 32> <Depth = 3> <FIFO>
ST_1 : Operation 42 [1/1] (0.00ns)   --->   "%packetGap_c = alloca i64 1" [/mnt/scratch/pyuvaraj/Vitis_RoCE_W/Vitis_RoCE/kernel/user_krnl/iperf_krnl/src/hls/iperf_client.cpp:523]   --->   Operation 42 'alloca' 'packetGap_c' <Predicate = true> <Delay = 0.00> <CoreInst = "FIFO_SRL">   --->   Core 81 'FIFO_SRL' <Latency = 0> <II = 1> <Delay = 1.36> <Storage> <Opcode : 'read' 'write' 'nbread' 'nbwrite'> <Ports = 0> <Width = 8> <Depth = 3> <FIFO>
ST_1 : Operation 43 [1/1] (0.00ns)   --->   "%pkgWordCount_c = alloca i64 1" [/mnt/scratch/pyuvaraj/Vitis_RoCE_W/Vitis_RoCE/kernel/user_krnl/iperf_krnl/src/hls/iperf_client.cpp:523]   --->   Operation 43 'alloca' 'pkgWordCount_c' <Predicate = true> <Delay = 0.00> <CoreInst = "FIFO_SRL">   --->   Core 81 'FIFO_SRL' <Latency = 0> <II = 1> <Delay = 1.36> <Storage> <Opcode : 'read' 'write' 'nbread' 'nbwrite'> <Ports = 0> <Width = 8> <Depth = 3> <FIFO>
ST_1 : Operation 44 [1/1] (0.00ns)   --->   "%useConn_c = alloca i64 1" [/mnt/scratch/pyuvaraj/Vitis_RoCE_W/Vitis_RoCE/kernel/user_krnl/iperf_krnl/src/hls/iperf_client.cpp:523]   --->   Operation 44 'alloca' 'useConn_c' <Predicate = true> <Delay = 0.00> <CoreInst = "FIFO_SRL">   --->   Core 81 'FIFO_SRL' <Latency = 0> <II = 1> <Delay = 1.33> <Storage> <Opcode : 'read' 'write' 'nbread' 'nbwrite'> <Ports = 0> <Width = 14> <Depth = 3> <FIFO>
ST_1 : Operation 45 [1/1] (0.00ns)   --->   "%dualModeEn_c = alloca i64 1" [/mnt/scratch/pyuvaraj/Vitis_RoCE_W/Vitis_RoCE/kernel/user_krnl/iperf_krnl/src/hls/iperf_client.cpp:523]   --->   Operation 45 'alloca' 'dualModeEn_c' <Predicate = true> <Delay = 0.00> <CoreInst = "FIFO_SRL">   --->   Core 81 'FIFO_SRL' <Latency = 0> <II = 1> <Delay = 1.35> <Storage> <Opcode : 'read' 'write' 'nbread' 'nbwrite'> <Ports = 0> <Width = 1> <Depth = 3> <FIFO>
ST_1 : Operation 46 [1/1] (0.00ns)   --->   "%runExperiment_c = alloca i64 1" [/mnt/scratch/pyuvaraj/Vitis_RoCE_W/Vitis_RoCE/kernel/user_krnl/iperf_krnl/src/hls/iperf_client.cpp:523]   --->   Operation 46 'alloca' 'runExperiment_c' <Predicate = true> <Delay = 0.00> <CoreInst = "FIFO_SRL">   --->   Core 81 'FIFO_SRL' <Latency = 0> <II = 1> <Delay = 1.35> <Storage> <Opcode : 'read' 'write' 'nbread' 'nbwrite'> <Ports = 0> <Width = 1> <Depth = 3> <FIFO>
ST_1 : Operation 47 [3/3] (0.00ns)   --->   "%call_ln596 = call void @txMetaData_handler, i32 %m_axis_tx_metadata, i32 %txMetaDataBuffer" [/mnt/scratch/pyuvaraj/Vitis_RoCE_W/Vitis_RoCE/kernel/user_krnl/iperf_krnl/src/hls/iperf_client.cpp:596]   --->   Operation 47 'call' 'call_ln596' <Predicate = true> <Delay = 0.00> <CoreType = "Generic">   --->   Core 0 '' <Latency = 0> <II = 1> <Delay = 1.00> <Generic> <Opcode : >
ST_1 : Operation 48 [3/3] (0.00ns)   --->   "%call_ln597 = call void @txDataBuffer_handler<512>, i1024 %m_axis_tx_data, i1024 %txDataBuffer" [/mnt/scratch/pyuvaraj/Vitis_RoCE_W/Vitis_RoCE/kernel/user_krnl/iperf_krnl/src/hls/iperf_client.cpp:597]   --->   Operation 48 'call' 'call_ln597' <Predicate = true> <Delay = 0.00> <CoreType = "Generic">   --->   Core 0 '' <Latency = 0> <II = 1> <Delay = 1.00> <Generic> <Opcode : >

State 2 <SV = 1> <Delay = 1.16>
ST_2 : Operation 49 [1/2] (0.00ns)   --->   "%regIpAddress9_read = read i32 @_ssdm_op_Read.ap_none.i32, i32 %regIpAddress9" [/mnt/scratch/pyuvaraj/Vitis_RoCE_W/Vitis_RoCE/kernel/user_krnl/iperf_krnl/src/hls/iperf_client.cpp:523]   --->   Operation 49 'read' 'regIpAddress9_read' <Predicate = true> <Delay = 0.00>
ST_2 : Operation 50 [1/2] (0.00ns)   --->   "%regIpAddress8_read = read i32 @_ssdm_op_Read.ap_none.i32, i32 %regIpAddress8" [/mnt/scratch/pyuvaraj/Vitis_RoCE_W/Vitis_RoCE/kernel/user_krnl/iperf_krnl/src/hls/iperf_client.cpp:523]   --->   Operation 50 'read' 'regIpAddress8_read' <Predicate = true> <Delay = 0.00>
ST_2 : Operation 51 [1/2] (0.00ns)   --->   "%regIpAddress7_read = read i32 @_ssdm_op_Read.ap_none.i32, i32 %regIpAddress7" [/mnt/scratch/pyuvaraj/Vitis_RoCE_W/Vitis_RoCE/kernel/user_krnl/iperf_krnl/src/hls/iperf_client.cpp:523]   --->   Operation 51 'read' 'regIpAddress7_read' <Predicate = true> <Delay = 0.00>
ST_2 : Operation 52 [1/2] (0.00ns)   --->   "%regIpAddress6_read = read i32 @_ssdm_op_Read.ap_none.i32, i32 %regIpAddress6" [/mnt/scratch/pyuvaraj/Vitis_RoCE_W/Vitis_RoCE/kernel/user_krnl/iperf_krnl/src/hls/iperf_client.cpp:523]   --->   Operation 52 'read' 'regIpAddress6_read' <Predicate = true> <Delay = 0.00>
ST_2 : Operation 53 [1/2] (0.00ns)   --->   "%regIpAddress5_read = read i32 @_ssdm_op_Read.ap_none.i32, i32 %regIpAddress5" [/mnt/scratch/pyuvaraj/Vitis_RoCE_W/Vitis_RoCE/kernel/user_krnl/iperf_krnl/src/hls/iperf_client.cpp:523]   --->   Operation 53 'read' 'regIpAddress5_read' <Predicate = true> <Delay = 0.00>
ST_2 : Operation 54 [1/2] (0.00ns)   --->   "%regIpAddress4_read = read i32 @_ssdm_op_Read.ap_none.i32, i32 %regIpAddress4" [/mnt/scratch/pyuvaraj/Vitis_RoCE_W/Vitis_RoCE/kernel/user_krnl/iperf_krnl/src/hls/iperf_client.cpp:523]   --->   Operation 54 'read' 'regIpAddress4_read' <Predicate = true> <Delay = 0.00>
ST_2 : Operation 55 [1/2] (0.00ns)   --->   "%regIpAddress3_read = read i32 @_ssdm_op_Read.ap_none.i32, i32 %regIpAddress3" [/mnt/scratch/pyuvaraj/Vitis_RoCE_W/Vitis_RoCE/kernel/user_krnl/iperf_krnl/src/hls/iperf_client.cpp:523]   --->   Operation 55 'read' 'regIpAddress3_read' <Predicate = true> <Delay = 0.00>
ST_2 : Operation 56 [1/2] (0.00ns)   --->   "%regIpAddress2_read = read i32 @_ssdm_op_Read.ap_none.i32, i32 %regIpAddress2" [/mnt/scratch/pyuvaraj/Vitis_RoCE_W/Vitis_RoCE/kernel/user_krnl/iperf_krnl/src/hls/iperf_client.cpp:523]   --->   Operation 56 'read' 'regIpAddress2_read' <Predicate = true> <Delay = 0.00>
ST_2 : Operation 57 [1/2] (0.00ns)   --->   "%regIpAddress1_read = read i32 @_ssdm_op_Read.ap_none.i32, i32 %regIpAddress1" [/mnt/scratch/pyuvaraj/Vitis_RoCE_W/Vitis_RoCE/kernel/user_krnl/iperf_krnl/src/hls/iperf_client.cpp:523]   --->   Operation 57 'read' 'regIpAddress1_read' <Predicate = true> <Delay = 0.00>
ST_2 : Operation 58 [1/2] (0.00ns)   --->   "%regIpAddress0_read = read i32 @_ssdm_op_Read.ap_none.i32, i32 %regIpAddress0" [/mnt/scratch/pyuvaraj/Vitis_RoCE_W/Vitis_RoCE/kernel/user_krnl/iperf_krnl/src/hls/iperf_client.cpp:523]   --->   Operation 58 'read' 'regIpAddress0_read' <Predicate = true> <Delay = 0.00>
ST_2 : Operation 59 [1/2] (0.00ns)   --->   "%useIpAddr_read = read i16 @_ssdm_op_Read.ap_none.i16, i16 %useIpAddr" [/mnt/scratch/pyuvaraj/Vitis_RoCE_W/Vitis_RoCE/kernel/user_krnl/iperf_krnl/src/hls/iperf_client.cpp:523]   --->   Operation 59 'read' 'useIpAddr_read' <Predicate = true> <Delay = 0.00>
ST_2 : Operation 60 [1/2] (0.00ns)   --->   "%timeInCycles_read = read i64 @_ssdm_op_Read.ap_none.i64, i64 %timeInCycles" [/mnt/scratch/pyuvaraj/Vitis_RoCE_W/Vitis_RoCE/kernel/user_krnl/iperf_krnl/src/hls/iperf_client.cpp:523]   --->   Operation 60 'read' 'timeInCycles_read' <Predicate = true> <Delay = 0.00>
ST_2 : Operation 61 [1/2] (0.00ns)   --->   "%timeInSeconds_read = read i32 @_ssdm_op_Read.ap_none.i32, i32 %timeInSeconds" [/mnt/scratch/pyuvaraj/Vitis_RoCE_W/Vitis_RoCE/kernel/user_krnl/iperf_krnl/src/hls/iperf_client.cpp:523]   --->   Operation 61 'read' 'timeInSeconds_read' <Predicate = true> <Delay = 0.00>
ST_2 : Operation 62 [1/2] (0.00ns)   --->   "%packetGap_read = read i8 @_ssdm_op_Read.ap_none.i8, i8 %packetGap" [/mnt/scratch/pyuvaraj/Vitis_RoCE_W/Vitis_RoCE/kernel/user_krnl/iperf_krnl/src/hls/iperf_client.cpp:523]   --->   Operation 62 'read' 'packetGap_read' <Predicate = true> <Delay = 0.00>
ST_2 : Operation 63 [1/2] (0.00ns)   --->   "%pkgWordCount_read = read i8 @_ssdm_op_Read.ap_none.i8, i8 %pkgWordCount" [/mnt/scratch/pyuvaraj/Vitis_RoCE_W/Vitis_RoCE/kernel/user_krnl/iperf_krnl/src/hls/iperf_client.cpp:523]   --->   Operation 63 'read' 'pkgWordCount_read' <Predicate = true> <Delay = 0.00>
ST_2 : Operation 64 [1/2] (0.00ns)   --->   "%useConn_read = read i14 @_ssdm_op_Read.ap_none.i14, i14 %useConn" [/mnt/scratch/pyuvaraj/Vitis_RoCE_W/Vitis_RoCE/kernel/user_krnl/iperf_krnl/src/hls/iperf_client.cpp:523]   --->   Operation 64 'read' 'useConn_read' <Predicate = true> <Delay = 0.00>
ST_2 : Operation 65 [1/2] (0.00ns)   --->   "%dualModeEn_read = read i1 @_ssdm_op_Read.ap_none.i1, i1 %dualModeEn" [/mnt/scratch/pyuvaraj/Vitis_RoCE_W/Vitis_RoCE/kernel/user_krnl/iperf_krnl/src/hls/iperf_client.cpp:523]   --->   Operation 65 'read' 'dualModeEn_read' <Predicate = true> <Delay = 0.00>
ST_2 : Operation 66 [1/2] (0.00ns)   --->   "%runExperiment_read = read i1 @_ssdm_op_Read.ap_none.i1, i1 %runExperiment" [/mnt/scratch/pyuvaraj/Vitis_RoCE_W/Vitis_RoCE/kernel/user_krnl/iperf_krnl/src/hls/iperf_client.cpp:523]   --->   Operation 66 'read' 'runExperiment_read' <Predicate = true> <Delay = 0.00>
ST_2 : Operation 67 [1/1] (1.16ns)   --->   "%call_ln523 = call void @entry_proc, i1 %runExperiment_read, i1 %runExperiment_c, i1 %dualModeEn_read, i1 %dualModeEn_c, i14 %useConn_read, i14 %useConn_c, i8 %pkgWordCount_read, i8 %pkgWordCount_c, i8 %packetGap_read, i8 %packetGap_c, i32 %timeInSeconds_read, i32 %timeInSeconds_c, i64 %timeInCycles_read, i64 %timeInCycles_c, i16 %useIpAddr_read, i16 %useIpAddr_c, i32 %regIpAddress0_read, i32 %regIpAddress0_c, i32 %regIpAddress1_read, i32 %regIpAddress1_c, i32 %regIpAddress2_read, i32 %regIpAddress2_c, i32 %regIpAddress3_read, i32 %regIpAddress3_c, i32 %regIpAddress4_read, i32 %regIpAddress4_c, i32 %regIpAddress5_read, i32 %regIpAddress5_c, i32 %regIpAddress6_read, i32 %regIpAddress6_c, i32 %regIpAddress7_read, i32 %regIpAddress7_c, i32 %regIpAddress8_read, i32 %regIpAddress8_c, i32 %regIpAddress9_read, i32 %regIpAddress9_c" [/mnt/scratch/pyuvaraj/Vitis_RoCE_W/Vitis_RoCE/kernel/user_krnl/iperf_krnl/src/hls/iperf_client.cpp:523]   --->   Operation 67 'call' 'call_ln523' <Predicate = true> <Delay = 1.16> <CoreType = "Generic">   --->   Core 0 '' <Latency = 0> <II = 1> <Delay = 1.00> <Generic> <Opcode : >
ST_2 : Operation 68 [2/2] (0.00ns)   --->   "%call_ln594 = call void @status_handler, i96 %s_axis_tx_status, i32 %txStatusBuffer" [/mnt/scratch/pyuvaraj/Vitis_RoCE_W/Vitis_RoCE/kernel/user_krnl/iperf_krnl/src/hls/iperf_client.cpp:594]   --->   Operation 68 'call' 'call_ln594' <Predicate = true> <Delay = 0.00> <CoreType = "Generic">   --->   Core 0 '' <Latency = 0> <II = 1> <Delay = 1.00> <Generic> <Opcode : >
ST_2 : Operation 69 [2/2] (0.00ns)   --->   "%call_ln595 = call void @openStatus_handler, i32 %s_axis_open_status, i32 %openConStatusBuffer" [/mnt/scratch/pyuvaraj/Vitis_RoCE_W/Vitis_RoCE/kernel/user_krnl/iperf_krnl/src/hls/iperf_client.cpp:595]   --->   Operation 69 'call' 'call_ln595' <Predicate = true> <Delay = 0.00> <CoreType = "Generic">   --->   Core 0 '' <Latency = 0> <II = 1> <Delay = 1.00> <Generic> <Opcode : >
ST_2 : Operation 70 [2/3] (1.16ns)   --->   "%call_ln596 = call void @txMetaData_handler, i32 %m_axis_tx_metadata, i32 %txMetaDataBuffer" [/mnt/scratch/pyuvaraj/Vitis_RoCE_W/Vitis_RoCE/kernel/user_krnl/iperf_krnl/src/hls/iperf_client.cpp:596]   --->   Operation 70 'call' 'call_ln596' <Predicate = true> <Delay = 1.16> <CoreType = "Generic">   --->   Core 0 '' <Latency = 0> <II = 1> <Delay = 1.00> <Generic> <Opcode : >
ST_2 : Operation 71 [2/3] (1.16ns)   --->   "%call_ln597 = call void @txDataBuffer_handler<512>, i1024 %m_axis_tx_data, i1024 %txDataBuffer" [/mnt/scratch/pyuvaraj/Vitis_RoCE_W/Vitis_RoCE/kernel/user_krnl/iperf_krnl/src/hls/iperf_client.cpp:597]   --->   Operation 71 'call' 'call_ln597' <Predicate = true> <Delay = 1.16> <CoreType = "Generic">   --->   Core 0 '' <Latency = 0> <II = 1> <Delay = 1.00> <Generic> <Opcode : >

State 3 <SV = 2> <Delay = 0.00>
ST_3 : Operation 72 [1/2] (0.00ns)   --->   "%call_ln594 = call void @status_handler, i96 %s_axis_tx_status, i32 %txStatusBuffer" [/mnt/scratch/pyuvaraj/Vitis_RoCE_W/Vitis_RoCE/kernel/user_krnl/iperf_krnl/src/hls/iperf_client.cpp:594]   --->   Operation 72 'call' 'call_ln594' <Predicate = true> <Delay = 0.00> <CoreType = "Generic">   --->   Core 0 '' <Latency = 0> <II = 1> <Delay = 1.00> <Generic> <Opcode : >
ST_3 : Operation 73 [1/2] (0.00ns)   --->   "%call_ln595 = call void @openStatus_handler, i32 %s_axis_open_status, i32 %openConStatusBuffer" [/mnt/scratch/pyuvaraj/Vitis_RoCE_W/Vitis_RoCE/kernel/user_krnl/iperf_krnl/src/hls/iperf_client.cpp:595]   --->   Operation 73 'call' 'call_ln595' <Predicate = true> <Delay = 0.00> <CoreType = "Generic">   --->   Core 0 '' <Latency = 0> <II = 1> <Delay = 1.00> <Generic> <Opcode : >
ST_3 : Operation 74 [1/3] (0.00ns)   --->   "%call_ln596 = call void @txMetaData_handler, i32 %m_axis_tx_metadata, i32 %txMetaDataBuffer" [/mnt/scratch/pyuvaraj/Vitis_RoCE_W/Vitis_RoCE/kernel/user_krnl/iperf_krnl/src/hls/iperf_client.cpp:596]   --->   Operation 74 'call' 'call_ln596' <Predicate = true> <Delay = 0.00> <CoreType = "Generic">   --->   Core 0 '' <Latency = 0> <II = 1> <Delay = 1.00> <Generic> <Opcode : >
ST_3 : Operation 75 [1/3] (0.00ns)   --->   "%call_ln597 = call void @txDataBuffer_handler<512>, i1024 %m_axis_tx_data, i1024 %txDataBuffer" [/mnt/scratch/pyuvaraj/Vitis_RoCE_W/Vitis_RoCE/kernel/user_krnl/iperf_krnl/src/hls/iperf_client.cpp:597]   --->   Operation 75 'call' 'call_ln597' <Predicate = true> <Delay = 0.00> <CoreType = "Generic">   --->   Core 0 '' <Latency = 0> <II = 1> <Delay = 1.00> <Generic> <Opcode : >

State 4 <SV = 3> <Delay = 0.00>
ST_4 : Operation 76 [4/4] (0.00ns)   --->   "%call_ln599 = call void @client<512>, i64 %m_axis_open_connection, i16 %m_axis_close_connection, i1 %runExperiment_c, i1 %dualModeEn_c, i14 %useConn_c, i16 %useIpAddr_c, i8 %pkgWordCount_c, i8 %packetGap_c, i32 %timeInSeconds_c, i32 %regIpAddress0_c, i32 %regIpAddress1_c, i32 %regIpAddress2_c, i32 %regIpAddress3_c, i32 %regIpAddress4_c, i32 %regIpAddress5_c, i32 %regIpAddress6_c, i32 %regIpAddress7_c, i32 %regIpAddress8_c, i32 %regIpAddress9_c, i4 %iperfFsmState, i14 %sessionIt_V, i14 %closeIt_V, i14 %numConnections_V, i1 %timeOver, i1 %stopSend, i16 %currentSessionID_V, i8 %wordCount_V, i4 %ipAddressIdx_V, i32 %openConStatusBuffer, i32 %txMetaDataBuffer, i1 %startSignalFifo, i512 %header_header_V, i32 %txStatusBuffer, i1024 %txDataBuffer, i8 %packetGapCounter_V, i1 %stopSignalFifo" [/mnt/scratch/pyuvaraj/Vitis_RoCE_W/Vitis_RoCE/kernel/user_krnl/iperf_krnl/src/hls/iperf_client.cpp:599]   --->   Operation 76 'call' 'call_ln599' <Predicate = true> <Delay = 0.00> <CoreType = "Generic">   --->   Core 0 '' <Latency = 0> <II = 1> <Delay = 1.00> <Generic> <Opcode : >

State 5 <SV = 4> <Delay = 0.00>
ST_5 : Operation 77 [3/4] (0.00ns)   --->   "%call_ln599 = call void @client<512>, i64 %m_axis_open_connection, i16 %m_axis_close_connection, i1 %runExperiment_c, i1 %dualModeEn_c, i14 %useConn_c, i16 %useIpAddr_c, i8 %pkgWordCount_c, i8 %packetGap_c, i32 %timeInSeconds_c, i32 %regIpAddress0_c, i32 %regIpAddress1_c, i32 %regIpAddress2_c, i32 %regIpAddress3_c, i32 %regIpAddress4_c, i32 %regIpAddress5_c, i32 %regIpAddress6_c, i32 %regIpAddress7_c, i32 %regIpAddress8_c, i32 %regIpAddress9_c, i4 %iperfFsmState, i14 %sessionIt_V, i14 %closeIt_V, i14 %numConnections_V, i1 %timeOver, i1 %stopSend, i16 %currentSessionID_V, i8 %wordCount_V, i4 %ipAddressIdx_V, i32 %openConStatusBuffer, i32 %txMetaDataBuffer, i1 %startSignalFifo, i512 %header_header_V, i32 %txStatusBuffer, i1024 %txDataBuffer, i8 %packetGapCounter_V, i1 %stopSignalFifo" [/mnt/scratch/pyuvaraj/Vitis_RoCE_W/Vitis_RoCE/kernel/user_krnl/iperf_krnl/src/hls/iperf_client.cpp:599]   --->   Operation 77 'call' 'call_ln599' <Predicate = true> <Delay = 0.00> <CoreType = "Generic">   --->   Core 0 '' <Latency = 0> <II = 1> <Delay = 1.00> <Generic> <Opcode : >

State 6 <SV = 5> <Delay = 0.00>
ST_6 : Operation 78 [2/4] (0.00ns)   --->   "%call_ln599 = call void @client<512>, i64 %m_axis_open_connection, i16 %m_axis_close_connection, i1 %runExperiment_c, i1 %dualModeEn_c, i14 %useConn_c, i16 %useIpAddr_c, i8 %pkgWordCount_c, i8 %packetGap_c, i32 %timeInSeconds_c, i32 %regIpAddress0_c, i32 %regIpAddress1_c, i32 %regIpAddress2_c, i32 %regIpAddress3_c, i32 %regIpAddress4_c, i32 %regIpAddress5_c, i32 %regIpAddress6_c, i32 %regIpAddress7_c, i32 %regIpAddress8_c, i32 %regIpAddress9_c, i4 %iperfFsmState, i14 %sessionIt_V, i14 %closeIt_V, i14 %numConnections_V, i1 %timeOver, i1 %stopSend, i16 %currentSessionID_V, i8 %wordCount_V, i4 %ipAddressIdx_V, i32 %openConStatusBuffer, i32 %txMetaDataBuffer, i1 %startSignalFifo, i512 %header_header_V, i32 %txStatusBuffer, i1024 %txDataBuffer, i8 %packetGapCounter_V, i1 %stopSignalFifo" [/mnt/scratch/pyuvaraj/Vitis_RoCE_W/Vitis_RoCE/kernel/user_krnl/iperf_krnl/src/hls/iperf_client.cpp:599]   --->   Operation 78 'call' 'call_ln599' <Predicate = true> <Delay = 0.00> <CoreType = "Generic">   --->   Core 0 '' <Latency = 0> <II = 1> <Delay = 1.00> <Generic> <Opcode : >

State 7 <SV = 6> <Delay = 0.00>
ST_7 : Operation 79 [1/4] (0.00ns)   --->   "%call_ln599 = call void @client<512>, i64 %m_axis_open_connection, i16 %m_axis_close_connection, i1 %runExperiment_c, i1 %dualModeEn_c, i14 %useConn_c, i16 %useIpAddr_c, i8 %pkgWordCount_c, i8 %packetGap_c, i32 %timeInSeconds_c, i32 %regIpAddress0_c, i32 %regIpAddress1_c, i32 %regIpAddress2_c, i32 %regIpAddress3_c, i32 %regIpAddress4_c, i32 %regIpAddress5_c, i32 %regIpAddress6_c, i32 %regIpAddress7_c, i32 %regIpAddress8_c, i32 %regIpAddress9_c, i4 %iperfFsmState, i14 %sessionIt_V, i14 %closeIt_V, i14 %numConnections_V, i1 %timeOver, i1 %stopSend, i16 %currentSessionID_V, i8 %wordCount_V, i4 %ipAddressIdx_V, i32 %openConStatusBuffer, i32 %txMetaDataBuffer, i1 %startSignalFifo, i512 %header_header_V, i32 %txStatusBuffer, i1024 %txDataBuffer, i8 %packetGapCounter_V, i1 %stopSignalFifo" [/mnt/scratch/pyuvaraj/Vitis_RoCE_W/Vitis_RoCE/kernel/user_krnl/iperf_krnl/src/hls/iperf_client.cpp:599]   --->   Operation 79 'call' 'call_ln599' <Predicate = true> <Delay = 0.00> <CoreType = "Generic">   --->   Core 0 '' <Latency = 0> <II = 1> <Delay = 1.00> <Generic> <Opcode : >
ST_7 : Operation 80 [3/3] (0.00ns)   --->   "%call_ln629 = call void @server<512>, i16 %m_axis_listen_port, i8 %s_axis_listen_port_status, i96 %s_axis_notifications, i32 %m_axis_read_package, i16 %s_axis_rx_metadata, i1024 %s_axis_rx_data, i1 %listenState, i1 %serverFsmState" [/mnt/scratch/pyuvaraj/Vitis_RoCE_W/Vitis_RoCE/kernel/user_krnl/iperf_krnl/src/hls/iperf_client.cpp:629]   --->   Operation 80 'call' 'call_ln629' <Predicate = true> <Delay = 0.00> <CoreType = "Generic">   --->   Core 0 '' <Latency = 0> <II = 1> <Delay = 1.00> <Generic> <Opcode : >

State 8 <SV = 7> <Delay = 0.67>
ST_8 : Operation 81 [2/3] (0.67ns)   --->   "%call_ln629 = call void @server<512>, i16 %m_axis_listen_port, i8 %s_axis_listen_port_status, i96 %s_axis_notifications, i32 %m_axis_read_package, i16 %s_axis_rx_metadata, i1024 %s_axis_rx_data, i1 %listenState, i1 %serverFsmState" [/mnt/scratch/pyuvaraj/Vitis_RoCE_W/Vitis_RoCE/kernel/user_krnl/iperf_krnl/src/hls/iperf_client.cpp:629]   --->   Operation 81 'call' 'call_ln629' <Predicate = true> <Delay = 0.67> <CoreType = "Generic">   --->   Core 0 '' <Latency = 0> <II = 1> <Delay = 1.00> <Generic> <Opcode : >
ST_8 : Operation 82 [3/3] (0.00ns)   --->   "%call_ln639 = call void @clock, i64 %timeInCycles_c, i1 %sw_state, i48 %time_V, i1 %startSignalFifo, i1 %stopSignalFifo" [/mnt/scratch/pyuvaraj/Vitis_RoCE_W/Vitis_RoCE/kernel/user_krnl/iperf_krnl/src/hls/iperf_client.cpp:639]   --->   Operation 82 'call' 'call_ln639' <Predicate = true> <Delay = 0.00> <CoreType = "Generic">   --->   Core 0 '' <Latency = 0> <II = 1> <Delay = 1.00> <Generic> <Opcode : >

State 9 <SV = 8> <Delay = 0.00>
ST_9 : Operation 83 [1/3] (0.00ns)   --->   "%call_ln629 = call void @server<512>, i16 %m_axis_listen_port, i8 %s_axis_listen_port_status, i96 %s_axis_notifications, i32 %m_axis_read_package, i16 %s_axis_rx_metadata, i1024 %s_axis_rx_data, i1 %listenState, i1 %serverFsmState" [/mnt/scratch/pyuvaraj/Vitis_RoCE_W/Vitis_RoCE/kernel/user_krnl/iperf_krnl/src/hls/iperf_client.cpp:629]   --->   Operation 83 'call' 'call_ln629' <Predicate = true> <Delay = 0.00> <CoreType = "Generic">   --->   Core 0 '' <Latency = 0> <II = 1> <Delay = 1.00> <Generic> <Opcode : >
ST_9 : Operation 84 [2/3] (0.00ns)   --->   "%call_ln639 = call void @clock, i64 %timeInCycles_c, i1 %sw_state, i48 %time_V, i1 %startSignalFifo, i1 %stopSignalFifo" [/mnt/scratch/pyuvaraj/Vitis_RoCE_W/Vitis_RoCE/kernel/user_krnl/iperf_krnl/src/hls/iperf_client.cpp:639]   --->   Operation 84 'call' 'call_ln639' <Predicate = true> <Delay = 0.00> <CoreType = "Generic">   --->   Core 0 '' <Latency = 0> <II = 1> <Delay = 1.00> <Generic> <Opcode : >

State 10 <SV = 9> <Delay = 0.00>
ST_10 : Operation 85 [1/1] (0.00ns)   --->   "%empty = specchannel i32 @_ssdm_op_SpecChannel, void @regIpAddress9_c_str, i32 1, void @p_str, void @p_str, i32 3, i32 0, i32 %regIpAddress9_c, i32 %regIpAddress9_c" [/mnt/scratch/pyuvaraj/Vitis_RoCE_W/Vitis_RoCE/kernel/user_krnl/iperf_krnl/src/hls/iperf_client.cpp:523]   --->   Operation 85 'specchannel' 'empty' <Predicate = true> <Delay = 0.00>
ST_10 : Operation 86 [1/1] (0.00ns)   --->   "%specinterface_ln523 = specinterface void @_ssdm_op_SpecInterface, i32 %regIpAddress9_c, void @ap_fifo_str, i32 0, i32 0, void @p_str, i32 0, i32 0, void @p_str, void @p_str, void @p_str, i32 2, i32 2, i32 16, i32 16, void @p_str, void @p_str, i32 4294967295, i32 0" [/mnt/scratch/pyuvaraj/Vitis_RoCE_W/Vitis_RoCE/kernel/user_krnl/iperf_krnl/src/hls/iperf_client.cpp:523]   --->   Operation 86 'specinterface' 'specinterface_ln523' <Predicate = true> <Delay = 0.00>
ST_10 : Operation 87 [1/1] (0.00ns)   --->   "%empty_25 = specchannel i32 @_ssdm_op_SpecChannel, void @regIpAddress8_c_str, i32 1, void @p_str, void @p_str, i32 3, i32 0, i32 %regIpAddress8_c, i32 %regIpAddress8_c" [/mnt/scratch/pyuvaraj/Vitis_RoCE_W/Vitis_RoCE/kernel/user_krnl/iperf_krnl/src/hls/iperf_client.cpp:523]   --->   Operation 87 'specchannel' 'empty_25' <Predicate = true> <Delay = 0.00>
ST_10 : Operation 88 [1/1] (0.00ns)   --->   "%specinterface_ln523 = specinterface void @_ssdm_op_SpecInterface, i32 %regIpAddress8_c, void @ap_fifo_str, i32 0, i32 0, void @p_str, i32 0, i32 0, void @p_str, void @p_str, void @p_str, i32 2, i32 2, i32 16, i32 16, void @p_str, void @p_str, i32 4294967295, i32 0" [/mnt/scratch/pyuvaraj/Vitis_RoCE_W/Vitis_RoCE/kernel/user_krnl/iperf_krnl/src/hls/iperf_client.cpp:523]   --->   Operation 88 'specinterface' 'specinterface_ln523' <Predicate = true> <Delay = 0.00>
ST_10 : Operation 89 [1/1] (0.00ns)   --->   "%empty_26 = specchannel i32 @_ssdm_op_SpecChannel, void @regIpAddress7_c_str, i32 1, void @p_str, void @p_str, i32 3, i32 0, i32 %regIpAddress7_c, i32 %regIpAddress7_c" [/mnt/scratch/pyuvaraj/Vitis_RoCE_W/Vitis_RoCE/kernel/user_krnl/iperf_krnl/src/hls/iperf_client.cpp:523]   --->   Operation 89 'specchannel' 'empty_26' <Predicate = true> <Delay = 0.00>
ST_10 : Operation 90 [1/1] (0.00ns)   --->   "%specinterface_ln523 = specinterface void @_ssdm_op_SpecInterface, i32 %regIpAddress7_c, void @ap_fifo_str, i32 0, i32 0, void @p_str, i32 0, i32 0, void @p_str, void @p_str, void @p_str, i32 2, i32 2, i32 16, i32 16, void @p_str, void @p_str, i32 4294967295, i32 0" [/mnt/scratch/pyuvaraj/Vitis_RoCE_W/Vitis_RoCE/kernel/user_krnl/iperf_krnl/src/hls/iperf_client.cpp:523]   --->   Operation 90 'specinterface' 'specinterface_ln523' <Predicate = true> <Delay = 0.00>
ST_10 : Operation 91 [1/1] (0.00ns)   --->   "%empty_27 = specchannel i32 @_ssdm_op_SpecChannel, void @regIpAddress6_c_str, i32 1, void @p_str, void @p_str, i32 3, i32 0, i32 %regIpAddress6_c, i32 %regIpAddress6_c" [/mnt/scratch/pyuvaraj/Vitis_RoCE_W/Vitis_RoCE/kernel/user_krnl/iperf_krnl/src/hls/iperf_client.cpp:523]   --->   Operation 91 'specchannel' 'empty_27' <Predicate = true> <Delay = 0.00>
ST_10 : Operation 92 [1/1] (0.00ns)   --->   "%specinterface_ln523 = specinterface void @_ssdm_op_SpecInterface, i32 %regIpAddress6_c, void @ap_fifo_str, i32 0, i32 0, void @p_str, i32 0, i32 0, void @p_str, void @p_str, void @p_str, i32 2, i32 2, i32 16, i32 16, void @p_str, void @p_str, i32 4294967295, i32 0" [/mnt/scratch/pyuvaraj/Vitis_RoCE_W/Vitis_RoCE/kernel/user_krnl/iperf_krnl/src/hls/iperf_client.cpp:523]   --->   Operation 92 'specinterface' 'specinterface_ln523' <Predicate = true> <Delay = 0.00>
ST_10 : Operation 93 [1/1] (0.00ns)   --->   "%empty_28 = specchannel i32 @_ssdm_op_SpecChannel, void @regIpAddress5_c_str, i32 1, void @p_str, void @p_str, i32 3, i32 0, i32 %regIpAddress5_c, i32 %regIpAddress5_c" [/mnt/scratch/pyuvaraj/Vitis_RoCE_W/Vitis_RoCE/kernel/user_krnl/iperf_krnl/src/hls/iperf_client.cpp:523]   --->   Operation 93 'specchannel' 'empty_28' <Predicate = true> <Delay = 0.00>
ST_10 : Operation 94 [1/1] (0.00ns)   --->   "%specinterface_ln523 = specinterface void @_ssdm_op_SpecInterface, i32 %regIpAddress5_c, void @ap_fifo_str, i32 0, i32 0, void @p_str, i32 0, i32 0, void @p_str, void @p_str, void @p_str, i32 2, i32 2, i32 16, i32 16, void @p_str, void @p_str, i32 4294967295, i32 0" [/mnt/scratch/pyuvaraj/Vitis_RoCE_W/Vitis_RoCE/kernel/user_krnl/iperf_krnl/src/hls/iperf_client.cpp:523]   --->   Operation 94 'specinterface' 'specinterface_ln523' <Predicate = true> <Delay = 0.00>
ST_10 : Operation 95 [1/1] (0.00ns)   --->   "%empty_29 = specchannel i32 @_ssdm_op_SpecChannel, void @regIpAddress4_c_str, i32 1, void @p_str, void @p_str, i32 3, i32 0, i32 %regIpAddress4_c, i32 %regIpAddress4_c" [/mnt/scratch/pyuvaraj/Vitis_RoCE_W/Vitis_RoCE/kernel/user_krnl/iperf_krnl/src/hls/iperf_client.cpp:523]   --->   Operation 95 'specchannel' 'empty_29' <Predicate = true> <Delay = 0.00>
ST_10 : Operation 96 [1/1] (0.00ns)   --->   "%specinterface_ln523 = specinterface void @_ssdm_op_SpecInterface, i32 %regIpAddress4_c, void @ap_fifo_str, i32 0, i32 0, void @p_str, i32 0, i32 0, void @p_str, void @p_str, void @p_str, i32 2, i32 2, i32 16, i32 16, void @p_str, void @p_str, i32 4294967295, i32 0" [/mnt/scratch/pyuvaraj/Vitis_RoCE_W/Vitis_RoCE/kernel/user_krnl/iperf_krnl/src/hls/iperf_client.cpp:523]   --->   Operation 96 'specinterface' 'specinterface_ln523' <Predicate = true> <Delay = 0.00>
ST_10 : Operation 97 [1/1] (0.00ns)   --->   "%empty_30 = specchannel i32 @_ssdm_op_SpecChannel, void @regIpAddress3_c_str, i32 1, void @p_str, void @p_str, i32 3, i32 0, i32 %regIpAddress3_c, i32 %regIpAddress3_c" [/mnt/scratch/pyuvaraj/Vitis_RoCE_W/Vitis_RoCE/kernel/user_krnl/iperf_krnl/src/hls/iperf_client.cpp:523]   --->   Operation 97 'specchannel' 'empty_30' <Predicate = true> <Delay = 0.00>
ST_10 : Operation 98 [1/1] (0.00ns)   --->   "%specinterface_ln523 = specinterface void @_ssdm_op_SpecInterface, i32 %regIpAddress3_c, void @ap_fifo_str, i32 0, i32 0, void @p_str, i32 0, i32 0, void @p_str, void @p_str, void @p_str, i32 2, i32 2, i32 16, i32 16, void @p_str, void @p_str, i32 4294967295, i32 0" [/mnt/scratch/pyuvaraj/Vitis_RoCE_W/Vitis_RoCE/kernel/user_krnl/iperf_krnl/src/hls/iperf_client.cpp:523]   --->   Operation 98 'specinterface' 'specinterface_ln523' <Predicate = true> <Delay = 0.00>
ST_10 : Operation 99 [1/1] (0.00ns)   --->   "%empty_31 = specchannel i32 @_ssdm_op_SpecChannel, void @regIpAddress2_c_str, i32 1, void @p_str, void @p_str, i32 3, i32 0, i32 %regIpAddress2_c, i32 %regIpAddress2_c" [/mnt/scratch/pyuvaraj/Vitis_RoCE_W/Vitis_RoCE/kernel/user_krnl/iperf_krnl/src/hls/iperf_client.cpp:523]   --->   Operation 99 'specchannel' 'empty_31' <Predicate = true> <Delay = 0.00>
ST_10 : Operation 100 [1/1] (0.00ns)   --->   "%specinterface_ln523 = specinterface void @_ssdm_op_SpecInterface, i32 %regIpAddress2_c, void @ap_fifo_str, i32 0, i32 0, void @p_str, i32 0, i32 0, void @p_str, void @p_str, void @p_str, i32 2, i32 2, i32 16, i32 16, void @p_str, void @p_str, i32 4294967295, i32 0" [/mnt/scratch/pyuvaraj/Vitis_RoCE_W/Vitis_RoCE/kernel/user_krnl/iperf_krnl/src/hls/iperf_client.cpp:523]   --->   Operation 100 'specinterface' 'specinterface_ln523' <Predicate = true> <Delay = 0.00>
ST_10 : Operation 101 [1/1] (0.00ns)   --->   "%empty_32 = specchannel i32 @_ssdm_op_SpecChannel, void @regIpAddress1_c_str, i32 1, void @p_str, void @p_str, i32 3, i32 0, i32 %regIpAddress1_c, i32 %regIpAddress1_c" [/mnt/scratch/pyuvaraj/Vitis_RoCE_W/Vitis_RoCE/kernel/user_krnl/iperf_krnl/src/hls/iperf_client.cpp:523]   --->   Operation 101 'specchannel' 'empty_32' <Predicate = true> <Delay = 0.00>
ST_10 : Operation 102 [1/1] (0.00ns)   --->   "%specinterface_ln523 = specinterface void @_ssdm_op_SpecInterface, i32 %regIpAddress1_c, void @ap_fifo_str, i32 0, i32 0, void @p_str, i32 0, i32 0, void @p_str, void @p_str, void @p_str, i32 2, i32 2, i32 16, i32 16, void @p_str, void @p_str, i32 4294967295, i32 0" [/mnt/scratch/pyuvaraj/Vitis_RoCE_W/Vitis_RoCE/kernel/user_krnl/iperf_krnl/src/hls/iperf_client.cpp:523]   --->   Operation 102 'specinterface' 'specinterface_ln523' <Predicate = true> <Delay = 0.00>
ST_10 : Operation 103 [1/1] (0.00ns)   --->   "%empty_33 = specchannel i32 @_ssdm_op_SpecChannel, void @regIpAddress0_c_str, i32 1, void @p_str, void @p_str, i32 3, i32 0, i32 %regIpAddress0_c, i32 %regIpAddress0_c" [/mnt/scratch/pyuvaraj/Vitis_RoCE_W/Vitis_RoCE/kernel/user_krnl/iperf_krnl/src/hls/iperf_client.cpp:523]   --->   Operation 103 'specchannel' 'empty_33' <Predicate = true> <Delay = 0.00>
ST_10 : Operation 104 [1/1] (0.00ns)   --->   "%specinterface_ln523 = specinterface void @_ssdm_op_SpecInterface, i32 %regIpAddress0_c, void @ap_fifo_str, i32 0, i32 0, void @p_str, i32 0, i32 0, void @p_str, void @p_str, void @p_str, i32 2, i32 2, i32 16, i32 16, void @p_str, void @p_str, i32 4294967295, i32 0" [/mnt/scratch/pyuvaraj/Vitis_RoCE_W/Vitis_RoCE/kernel/user_krnl/iperf_krnl/src/hls/iperf_client.cpp:523]   --->   Operation 104 'specinterface' 'specinterface_ln523' <Predicate = true> <Delay = 0.00>
ST_10 : Operation 105 [1/1] (0.00ns)   --->   "%empty_34 = specchannel i32 @_ssdm_op_SpecChannel, void @useIpAddr_c_str, i32 1, void @p_str, void @p_str, i32 3, i32 0, i16 %useIpAddr_c, i16 %useIpAddr_c" [/mnt/scratch/pyuvaraj/Vitis_RoCE_W/Vitis_RoCE/kernel/user_krnl/iperf_krnl/src/hls/iperf_client.cpp:523]   --->   Operation 105 'specchannel' 'empty_34' <Predicate = true> <Delay = 0.00>
ST_10 : Operation 106 [1/1] (0.00ns)   --->   "%specinterface_ln523 = specinterface void @_ssdm_op_SpecInterface, i16 %useIpAddr_c, void @ap_fifo_str, i32 0, i32 0, void @p_str, i32 0, i32 0, void @p_str, void @p_str, void @p_str, i32 2, i32 2, i32 16, i32 16, void @p_str, void @p_str, i32 4294967295, i32 0" [/mnt/scratch/pyuvaraj/Vitis_RoCE_W/Vitis_RoCE/kernel/user_krnl/iperf_krnl/src/hls/iperf_client.cpp:523]   --->   Operation 106 'specinterface' 'specinterface_ln523' <Predicate = true> <Delay = 0.00>
ST_10 : Operation 107 [1/1] (0.00ns)   --->   "%empty_35 = specchannel i32 @_ssdm_op_SpecChannel, void @timeInCycles_c_str, i32 1, void @p_str, void @p_str, i32 4, i32 0, i64 %timeInCycles_c, i64 %timeInCycles_c" [/mnt/scratch/pyuvaraj/Vitis_RoCE_W/Vitis_RoCE/kernel/user_krnl/iperf_krnl/src/hls/iperf_client.cpp:523]   --->   Operation 107 'specchannel' 'empty_35' <Predicate = true> <Delay = 0.00>
ST_10 : Operation 108 [1/1] (0.00ns)   --->   "%specinterface_ln523 = specinterface void @_ssdm_op_SpecInterface, i64 %timeInCycles_c, void @ap_fifo_str, i32 0, i32 0, void @p_str, i32 0, i32 0, void @p_str, void @p_str, void @p_str, i32 2, i32 2, i32 16, i32 16, void @p_str, void @p_str, i32 4294967295, i32 0" [/mnt/scratch/pyuvaraj/Vitis_RoCE_W/Vitis_RoCE/kernel/user_krnl/iperf_krnl/src/hls/iperf_client.cpp:523]   --->   Operation 108 'specinterface' 'specinterface_ln523' <Predicate = true> <Delay = 0.00>
ST_10 : Operation 109 [1/1] (0.00ns)   --->   "%empty_36 = specchannel i32 @_ssdm_op_SpecChannel, void @timeInSeconds_c_str, i32 1, void @p_str, void @p_str, i32 3, i32 0, i32 %timeInSeconds_c, i32 %timeInSeconds_c" [/mnt/scratch/pyuvaraj/Vitis_RoCE_W/Vitis_RoCE/kernel/user_krnl/iperf_krnl/src/hls/iperf_client.cpp:523]   --->   Operation 109 'specchannel' 'empty_36' <Predicate = true> <Delay = 0.00>
ST_10 : Operation 110 [1/1] (0.00ns)   --->   "%specinterface_ln523 = specinterface void @_ssdm_op_SpecInterface, i32 %timeInSeconds_c, void @ap_fifo_str, i32 0, i32 0, void @p_str, i32 0, i32 0, void @p_str, void @p_str, void @p_str, i32 2, i32 2, i32 16, i32 16, void @p_str, void @p_str, i32 4294967295, i32 0" [/mnt/scratch/pyuvaraj/Vitis_RoCE_W/Vitis_RoCE/kernel/user_krnl/iperf_krnl/src/hls/iperf_client.cpp:523]   --->   Operation 110 'specinterface' 'specinterface_ln523' <Predicate = true> <Delay = 0.00>
ST_10 : Operation 111 [1/1] (0.00ns)   --->   "%empty_37 = specchannel i32 @_ssdm_op_SpecChannel, void @packetGap_c_str, i32 1, void @p_str, void @p_str, i32 3, i32 0, i8 %packetGap_c, i8 %packetGap_c" [/mnt/scratch/pyuvaraj/Vitis_RoCE_W/Vitis_RoCE/kernel/user_krnl/iperf_krnl/src/hls/iperf_client.cpp:523]   --->   Operation 111 'specchannel' 'empty_37' <Predicate = true> <Delay = 0.00>
ST_10 : Operation 112 [1/1] (0.00ns)   --->   "%specinterface_ln523 = specinterface void @_ssdm_op_SpecInterface, i8 %packetGap_c, void @ap_fifo_str, i32 0, i32 0, void @p_str, i32 0, i32 0, void @p_str, void @p_str, void @p_str, i32 2, i32 2, i32 16, i32 16, void @p_str, void @p_str, i32 4294967295, i32 0" [/mnt/scratch/pyuvaraj/Vitis_RoCE_W/Vitis_RoCE/kernel/user_krnl/iperf_krnl/src/hls/iperf_client.cpp:523]   --->   Operation 112 'specinterface' 'specinterface_ln523' <Predicate = true> <Delay = 0.00>
ST_10 : Operation 113 [1/1] (0.00ns)   --->   "%empty_38 = specchannel i32 @_ssdm_op_SpecChannel, void @pkgWordCount_c_str, i32 1, void @p_str, void @p_str, i32 3, i32 0, i8 %pkgWordCount_c, i8 %pkgWordCount_c" [/mnt/scratch/pyuvaraj/Vitis_RoCE_W/Vitis_RoCE/kernel/user_krnl/iperf_krnl/src/hls/iperf_client.cpp:523]   --->   Operation 113 'specchannel' 'empty_38' <Predicate = true> <Delay = 0.00>
ST_10 : Operation 114 [1/1] (0.00ns)   --->   "%specinterface_ln523 = specinterface void @_ssdm_op_SpecInterface, i8 %pkgWordCount_c, void @ap_fifo_str, i32 0, i32 0, void @p_str, i32 0, i32 0, void @p_str, void @p_str, void @p_str, i32 2, i32 2, i32 16, i32 16, void @p_str, void @p_str, i32 4294967295, i32 0" [/mnt/scratch/pyuvaraj/Vitis_RoCE_W/Vitis_RoCE/kernel/user_krnl/iperf_krnl/src/hls/iperf_client.cpp:523]   --->   Operation 114 'specinterface' 'specinterface_ln523' <Predicate = true> <Delay = 0.00>
ST_10 : Operation 115 [1/1] (0.00ns)   --->   "%empty_39 = specchannel i32 @_ssdm_op_SpecChannel, void @useConn_c_str, i32 1, void @p_str, void @p_str, i32 3, i32 0, i14 %useConn_c, i14 %useConn_c" [/mnt/scratch/pyuvaraj/Vitis_RoCE_W/Vitis_RoCE/kernel/user_krnl/iperf_krnl/src/hls/iperf_client.cpp:523]   --->   Operation 115 'specchannel' 'empty_39' <Predicate = true> <Delay = 0.00>
ST_10 : Operation 116 [1/1] (0.00ns)   --->   "%specinterface_ln523 = specinterface void @_ssdm_op_SpecInterface, i14 %useConn_c, void @ap_fifo_str, i32 0, i32 0, void @p_str, i32 0, i32 0, void @p_str, void @p_str, void @p_str, i32 2, i32 2, i32 16, i32 16, void @p_str, void @p_str, i32 4294967295, i32 0" [/mnt/scratch/pyuvaraj/Vitis_RoCE_W/Vitis_RoCE/kernel/user_krnl/iperf_krnl/src/hls/iperf_client.cpp:523]   --->   Operation 116 'specinterface' 'specinterface_ln523' <Predicate = true> <Delay = 0.00>
ST_10 : Operation 117 [1/1] (0.00ns)   --->   "%empty_40 = specchannel i32 @_ssdm_op_SpecChannel, void @dualModeEn_c_str, i32 1, void @p_str, void @p_str, i32 3, i32 0, i1 %dualModeEn_c, i1 %dualModeEn_c" [/mnt/scratch/pyuvaraj/Vitis_RoCE_W/Vitis_RoCE/kernel/user_krnl/iperf_krnl/src/hls/iperf_client.cpp:523]   --->   Operation 117 'specchannel' 'empty_40' <Predicate = true> <Delay = 0.00>
ST_10 : Operation 118 [1/1] (0.00ns)   --->   "%specinterface_ln523 = specinterface void @_ssdm_op_SpecInterface, i1 %dualModeEn_c, void @ap_fifo_str, i32 0, i32 0, void @p_str, i32 0, i32 0, void @p_str, void @p_str, void @p_str, i32 2, i32 2, i32 16, i32 16, void @p_str, void @p_str, i32 4294967295, i32 0" [/mnt/scratch/pyuvaraj/Vitis_RoCE_W/Vitis_RoCE/kernel/user_krnl/iperf_krnl/src/hls/iperf_client.cpp:523]   --->   Operation 118 'specinterface' 'specinterface_ln523' <Predicate = true> <Delay = 0.00>
ST_10 : Operation 119 [1/1] (0.00ns)   --->   "%empty_41 = specchannel i32 @_ssdm_op_SpecChannel, void @runExperiment_c_str, i32 1, void @p_str, void @p_str, i32 3, i32 0, i1 %runExperiment_c, i1 %runExperiment_c" [/mnt/scratch/pyuvaraj/Vitis_RoCE_W/Vitis_RoCE/kernel/user_krnl/iperf_krnl/src/hls/iperf_client.cpp:523]   --->   Operation 119 'specchannel' 'empty_41' <Predicate = true> <Delay = 0.00>
ST_10 : Operation 120 [1/1] (0.00ns)   --->   "%specinterface_ln523 = specinterface void @_ssdm_op_SpecInterface, i1 %runExperiment_c, void @ap_fifo_str, i32 0, i32 0, void @p_str, i32 0, i32 0, void @p_str, void @p_str, void @p_str, i32 2, i32 2, i32 16, i32 16, void @p_str, void @p_str, i32 4294967295, i32 0" [/mnt/scratch/pyuvaraj/Vitis_RoCE_W/Vitis_RoCE/kernel/user_krnl/iperf_krnl/src/hls/iperf_client.cpp:523]   --->   Operation 120 'specinterface' 'specinterface_ln523' <Predicate = true> <Delay = 0.00>
ST_10 : Operation 121 [1/1] (0.00ns)   --->   "%specdataflowpipeline_ln523 = specdataflowpipeline void @_ssdm_op_SpecDataflowPipeline, i32 4294967295, i32 1, void @empty_1" [/mnt/scratch/pyuvaraj/Vitis_RoCE_W/Vitis_RoCE/kernel/user_krnl/iperf_krnl/src/hls/iperf_client.cpp:523]   --->   Operation 121 'specdataflowpipeline' 'specdataflowpipeline_ln523' <Predicate = true> <Delay = 0.00>
ST_10 : Operation 122 [1/1] (0.00ns)   --->   "%empty_42 = specchannel i32 @_ssdm_op_SpecChannel, void @openConStatusBuffer_str, i32 1, void @p_str, void @p_str, i32 512, i32 512, i32 %openConStatusBuffer, i32 %openConStatusBuffer"   --->   Operation 122 'specchannel' 'empty_42' <Predicate = true> <Delay = 0.00>
ST_10 : Operation 123 [1/1] (0.00ns)   --->   "%empty_43 = specchannel i32 @_ssdm_op_SpecChannel, void @startSignalFifo_str, i32 1, void @p_str, void @p_str, i32 2, i32 2, i1 %startSignalFifo, i1 %startSignalFifo"   --->   Operation 123 'specchannel' 'empty_43' <Predicate = true> <Delay = 0.00>
ST_10 : Operation 124 [1/1] (0.00ns)   --->   "%empty_44 = specchannel i32 @_ssdm_op_SpecChannel, void @stopSignalFifo_str, i32 1, void @p_str, void @p_str, i32 2, i32 2, i1 %stopSignalFifo, i1 %stopSignalFifo"   --->   Operation 124 'specchannel' 'empty_44' <Predicate = true> <Delay = 0.00>
ST_10 : Operation 125 [1/1] (0.00ns)   --->   "%empty_45 = specchannel i32 @_ssdm_op_SpecChannel, void @txDataBuffer_str, i32 1, void @p_str, void @p_str, i32 512, i32 512, i1024 %txDataBuffer, i1024 %txDataBuffer"   --->   Operation 125 'specchannel' 'empty_45' <Predicate = true> <Delay = 0.00>
ST_10 : Operation 126 [1/1] (0.00ns)   --->   "%empty_46 = specchannel i32 @_ssdm_op_SpecChannel, void @txMetaDataBuffer_str, i32 1, void @p_str, void @p_str, i32 512, i32 512, i32 %txMetaDataBuffer, i32 %txMetaDataBuffer"   --->   Operation 126 'specchannel' 'empty_46' <Predicate = true> <Delay = 0.00>
ST_10 : Operation 127 [1/1] (0.00ns)   --->   "%empty_47 = specchannel i32 @_ssdm_op_SpecChannel, void @txStatusBuffer_str, i32 1, void @p_str, void @p_str, i32 512, i32 512, i32 %txStatusBuffer, i32 %txStatusBuffer"   --->   Operation 127 'specchannel' 'empty_47' <Predicate = true> <Delay = 0.00>
ST_10 : Operation 128 [1/1] (0.00ns)   --->   "%spectopmodule_ln490 = spectopmodule void @_ssdm_op_SpecTopModule, void @empty_4" [/mnt/scratch/pyuvaraj/Vitis_RoCE_W/Vitis_RoCE/kernel/user_krnl/iperf_krnl/src/hls/iperf_client.cpp:490]   --->   Operation 128 'spectopmodule' 'spectopmodule_ln490' <Predicate = true> <Delay = 0.00>
ST_10 : Operation 129 [1/1] (0.00ns)   --->   "%specinterface_ln490 = specinterface void @_ssdm_op_SpecInterface, i32 0, void @empty_5, i32 0, i32 0, void @empty_1, i32 0, i32 0, void @empty_1, void @empty_1, void @empty_1, i32 0, i32 0, i32 0, i32 0, void @empty_1, void @empty_1, i32 4294967295, i32 0" [/mnt/scratch/pyuvaraj/Vitis_RoCE_W/Vitis_RoCE/kernel/user_krnl/iperf_krnl/src/hls/iperf_client.cpp:490]   --->   Operation 129 'specinterface' 'specinterface_ln490' <Predicate = true> <Delay = 0.00>
ST_10 : Operation 130 [1/1] (0.00ns)   --->   "%specinterface_ln0 = specinterface void @_ssdm_op_SpecInterface, i16 %m_axis_listen_port, void @empty, i32 1, i32 1, void @empty_0, i32 0, i32 0, void @empty_1, void @empty_1, void @empty_1, i32 0, i32 0, i32 0, i32 0, void @empty_1, void @empty_1, i32 4294967295, i32 0"   --->   Operation 130 'specinterface' 'specinterface_ln0' <Predicate = true> <Delay = 0.00>
ST_10 : Operation 131 [1/1] (0.00ns)   --->   "%specbitsmap_ln0 = specbitsmap void @_ssdm_op_SpecBitsMap, i16 %m_axis_listen_port"   --->   Operation 131 'specbitsmap' 'specbitsmap_ln0' <Predicate = true> <Delay = 0.00>
ST_10 : Operation 132 [1/1] (0.00ns)   --->   "%specinterface_ln0 = specinterface void @_ssdm_op_SpecInterface, i8 %s_axis_listen_port_status, void @empty, i32 1, i32 1, void @empty_0, i32 0, i32 0, void @empty_1, void @empty_1, void @empty_1, i32 0, i32 0, i32 0, i32 0, void @empty_1, void @empty_1, i32 4294967295, i32 0"   --->   Operation 132 'specinterface' 'specinterface_ln0' <Predicate = true> <Delay = 0.00>
ST_10 : Operation 133 [1/1] (0.00ns)   --->   "%specbitsmap_ln0 = specbitsmap void @_ssdm_op_SpecBitsMap, i8 %s_axis_listen_port_status"   --->   Operation 133 'specbitsmap' 'specbitsmap_ln0' <Predicate = true> <Delay = 0.00>
ST_10 : Operation 134 [1/1] (0.00ns)   --->   "%specinterface_ln0 = specinterface void @_ssdm_op_SpecInterface, i96 %s_axis_notifications, void @empty, i32 1, i32 1, void @empty_0, i32 0, i32 0, void @empty_1, void @empty_1, void @empty_1, i32 0, i32 0, i32 0, i32 0, void @empty_1, void @empty_1, i32 4294967295, i32 0"   --->   Operation 134 'specinterface' 'specinterface_ln0' <Predicate = true> <Delay = 0.00>
ST_10 : Operation 135 [1/1] (0.00ns)   --->   "%specbitsmap_ln0 = specbitsmap void @_ssdm_op_SpecBitsMap, i96 %s_axis_notifications"   --->   Operation 135 'specbitsmap' 'specbitsmap_ln0' <Predicate = true> <Delay = 0.00>
ST_10 : Operation 136 [1/1] (0.00ns)   --->   "%specinterface_ln0 = specinterface void @_ssdm_op_SpecInterface, i32 %m_axis_read_package, void @empty, i32 1, i32 1, void @empty_0, i32 0, i32 0, void @empty_1, void @empty_1, void @empty_1, i32 0, i32 0, i32 0, i32 0, void @empty_1, void @empty_1, i32 4294967295, i32 0"   --->   Operation 136 'specinterface' 'specinterface_ln0' <Predicate = true> <Delay = 0.00>
ST_10 : Operation 137 [1/1] (0.00ns)   --->   "%specbitsmap_ln0 = specbitsmap void @_ssdm_op_SpecBitsMap, i32 %m_axis_read_package"   --->   Operation 137 'specbitsmap' 'specbitsmap_ln0' <Predicate = true> <Delay = 0.00>
ST_10 : Operation 138 [1/1] (0.00ns)   --->   "%specinterface_ln0 = specinterface void @_ssdm_op_SpecInterface, i16 %s_axis_rx_metadata, void @empty, i32 1, i32 1, void @empty_0, i32 0, i32 0, void @empty_1, void @empty_1, void @empty_1, i32 0, i32 0, i32 0, i32 0, void @empty_1, void @empty_1, i32 4294967295, i32 0"   --->   Operation 138 'specinterface' 'specinterface_ln0' <Predicate = true> <Delay = 0.00>
ST_10 : Operation 139 [1/1] (0.00ns)   --->   "%specbitsmap_ln0 = specbitsmap void @_ssdm_op_SpecBitsMap, i16 %s_axis_rx_metadata"   --->   Operation 139 'specbitsmap' 'specbitsmap_ln0' <Predicate = true> <Delay = 0.00>
ST_10 : Operation 140 [1/1] (0.00ns)   --->   "%specinterface_ln0 = specinterface void @_ssdm_op_SpecInterface, i1024 %s_axis_rx_data, void @empty, i32 1, i32 1, void @empty_0, i32 0, i32 0, void @empty_1, void @empty_1, void @empty_1, i32 0, i32 0, i32 0, i32 0, void @empty_1, void @empty_1, i32 4294967295, i32 0"   --->   Operation 140 'specinterface' 'specinterface_ln0' <Predicate = true> <Delay = 0.00>
ST_10 : Operation 141 [1/1] (0.00ns)   --->   "%specbitsmap_ln0 = specbitsmap void @_ssdm_op_SpecBitsMap, i1024 %s_axis_rx_data"   --->   Operation 141 'specbitsmap' 'specbitsmap_ln0' <Predicate = true> <Delay = 0.00>
ST_10 : Operation 142 [1/1] (0.00ns)   --->   "%specinterface_ln0 = specinterface void @_ssdm_op_SpecInterface, i64 %m_axis_open_connection, void @empty, i32 1, i32 1, void @empty_0, i32 0, i32 0, void @empty_1, void @empty_1, void @empty_1, i32 0, i32 0, i32 0, i32 0, void @empty_1, void @empty_1, i32 4294967295, i32 0"   --->   Operation 142 'specinterface' 'specinterface_ln0' <Predicate = true> <Delay = 0.00>
ST_10 : Operation 143 [1/1] (0.00ns)   --->   "%specbitsmap_ln0 = specbitsmap void @_ssdm_op_SpecBitsMap, i64 %m_axis_open_connection"   --->   Operation 143 'specbitsmap' 'specbitsmap_ln0' <Predicate = true> <Delay = 0.00>
ST_10 : Operation 144 [1/1] (0.00ns)   --->   "%specinterface_ln0 = specinterface void @_ssdm_op_SpecInterface, i32 %s_axis_open_status, void @empty, i32 1, i32 1, void @empty_0, i32 0, i32 0, void @empty_1, void @empty_1, void @empty_1, i32 0, i32 0, i32 0, i32 0, void @empty_1, void @empty_1, i32 4294967295, i32 0"   --->   Operation 144 'specinterface' 'specinterface_ln0' <Predicate = true> <Delay = 0.00>
ST_10 : Operation 145 [1/1] (0.00ns)   --->   "%specbitsmap_ln0 = specbitsmap void @_ssdm_op_SpecBitsMap, i32 %s_axis_open_status"   --->   Operation 145 'specbitsmap' 'specbitsmap_ln0' <Predicate = true> <Delay = 0.00>
ST_10 : Operation 146 [1/1] (0.00ns)   --->   "%specinterface_ln0 = specinterface void @_ssdm_op_SpecInterface, i16 %m_axis_close_connection, void @empty, i32 1, i32 1, void @empty_0, i32 0, i32 0, void @empty_1, void @empty_1, void @empty_1, i32 0, i32 0, i32 0, i32 0, void @empty_1, void @empty_1, i32 4294967295, i32 0"   --->   Operation 146 'specinterface' 'specinterface_ln0' <Predicate = true> <Delay = 0.00>
ST_10 : Operation 147 [1/1] (0.00ns)   --->   "%specbitsmap_ln0 = specbitsmap void @_ssdm_op_SpecBitsMap, i16 %m_axis_close_connection"   --->   Operation 147 'specbitsmap' 'specbitsmap_ln0' <Predicate = true> <Delay = 0.00>
ST_10 : Operation 148 [1/1] (0.00ns)   --->   "%specinterface_ln0 = specinterface void @_ssdm_op_SpecInterface, i32 %m_axis_tx_metadata, void @empty, i32 1, i32 1, void @empty_0, i32 0, i32 0, void @empty_1, void @empty_1, void @empty_1, i32 0, i32 0, i32 0, i32 0, void @empty_1, void @empty_1, i32 4294967295, i32 0"   --->   Operation 148 'specinterface' 'specinterface_ln0' <Predicate = true> <Delay = 0.00>
ST_10 : Operation 149 [1/1] (0.00ns)   --->   "%specbitsmap_ln0 = specbitsmap void @_ssdm_op_SpecBitsMap, i32 %m_axis_tx_metadata"   --->   Operation 149 'specbitsmap' 'specbitsmap_ln0' <Predicate = true> <Delay = 0.00>
ST_10 : Operation 150 [1/1] (0.00ns)   --->   "%specinterface_ln0 = specinterface void @_ssdm_op_SpecInterface, i1024 %m_axis_tx_data, void @empty, i32 1, i32 1, void @empty_0, i32 0, i32 0, void @empty_1, void @empty_1, void @empty_1, i32 0, i32 0, i32 0, i32 0, void @empty_1, void @empty_1, i32 4294967295, i32 0"   --->   Operation 150 'specinterface' 'specinterface_ln0' <Predicate = true> <Delay = 0.00>
ST_10 : Operation 151 [1/1] (0.00ns)   --->   "%specbitsmap_ln0 = specbitsmap void @_ssdm_op_SpecBitsMap, i1024 %m_axis_tx_data"   --->   Operation 151 'specbitsmap' 'specbitsmap_ln0' <Predicate = true> <Delay = 0.00>
ST_10 : Operation 152 [1/1] (0.00ns)   --->   "%specinterface_ln0 = specinterface void @_ssdm_op_SpecInterface, i96 %s_axis_tx_status, void @empty, i32 1, i32 1, void @empty_0, i32 0, i32 0, void @empty_1, void @empty_1, void @empty_1, i32 0, i32 0, i32 0, i32 0, void @empty_1, void @empty_1, i32 4294967295, i32 0"   --->   Operation 152 'specinterface' 'specinterface_ln0' <Predicate = true> <Delay = 0.00>
ST_10 : Operation 153 [1/1] (0.00ns)   --->   "%specbitsmap_ln0 = specbitsmap void @_ssdm_op_SpecBitsMap, i96 %s_axis_tx_status"   --->   Operation 153 'specbitsmap' 'specbitsmap_ln0' <Predicate = true> <Delay = 0.00>
ST_10 : Operation 154 [1/1] (0.00ns)   --->   "%specbitsmap_ln0 = specbitsmap void @_ssdm_op_SpecBitsMap, i1 %runExperiment"   --->   Operation 154 'specbitsmap' 'specbitsmap_ln0' <Predicate = true> <Delay = 0.00>
ST_10 : Operation 155 [1/1] (0.00ns)   --->   "%specinterface_ln0 = specinterface void @_ssdm_op_SpecInterface, i1 %runExperiment, void @empty_2, i32 1, i32 1, void @empty_1, i32 0, i32 0, void @empty_1, void @empty_1, void @empty_1, i32 0, i32 0, i32 0, i32 0, void @empty_1, void @empty_1, i32 4294967295, i32 0"   --->   Operation 155 'specinterface' 'specinterface_ln0' <Predicate = true> <Delay = 0.00>
ST_10 : Operation 156 [1/1] (0.00ns)   --->   "%specbitsmap_ln0 = specbitsmap void @_ssdm_op_SpecBitsMap, i1 %dualModeEn"   --->   Operation 156 'specbitsmap' 'specbitsmap_ln0' <Predicate = true> <Delay = 0.00>
ST_10 : Operation 157 [1/1] (0.00ns)   --->   "%specinterface_ln0 = specinterface void @_ssdm_op_SpecInterface, i1 %dualModeEn, void @empty_2, i32 1, i32 1, void @empty_1, i32 0, i32 0, void @empty_1, void @empty_1, void @empty_1, i32 0, i32 0, i32 0, i32 0, void @empty_1, void @empty_1, i32 4294967295, i32 0"   --->   Operation 157 'specinterface' 'specinterface_ln0' <Predicate = true> <Delay = 0.00>
ST_10 : Operation 158 [1/1] (0.00ns)   --->   "%specbitsmap_ln0 = specbitsmap void @_ssdm_op_SpecBitsMap, i14 %useConn"   --->   Operation 158 'specbitsmap' 'specbitsmap_ln0' <Predicate = true> <Delay = 0.00>
ST_10 : Operation 159 [1/1] (0.00ns)   --->   "%specinterface_ln0 = specinterface void @_ssdm_op_SpecInterface, i14 %useConn, void @empty_2, i32 1, i32 1, void @empty_1, i32 0, i32 0, void @empty_1, void @empty_1, void @empty_1, i32 0, i32 0, i32 0, i32 0, void @empty_1, void @empty_1, i32 4294967295, i32 0"   --->   Operation 159 'specinterface' 'specinterface_ln0' <Predicate = true> <Delay = 0.00>
ST_10 : Operation 160 [1/1] (0.00ns)   --->   "%specbitsmap_ln0 = specbitsmap void @_ssdm_op_SpecBitsMap, i8 %pkgWordCount"   --->   Operation 160 'specbitsmap' 'specbitsmap_ln0' <Predicate = true> <Delay = 0.00>
ST_10 : Operation 161 [1/1] (0.00ns)   --->   "%specinterface_ln0 = specinterface void @_ssdm_op_SpecInterface, i8 %pkgWordCount, void @empty_2, i32 1, i32 1, void @empty_1, i32 0, i32 0, void @empty_1, void @empty_1, void @empty_1, i32 0, i32 0, i32 0, i32 0, void @empty_1, void @empty_1, i32 4294967295, i32 0"   --->   Operation 161 'specinterface' 'specinterface_ln0' <Predicate = true> <Delay = 0.00>
ST_10 : Operation 162 [1/1] (0.00ns)   --->   "%specbitsmap_ln0 = specbitsmap void @_ssdm_op_SpecBitsMap, i8 %packetGap"   --->   Operation 162 'specbitsmap' 'specbitsmap_ln0' <Predicate = true> <Delay = 0.00>
ST_10 : Operation 163 [1/1] (0.00ns)   --->   "%specinterface_ln0 = specinterface void @_ssdm_op_SpecInterface, i8 %packetGap, void @empty_2, i32 1, i32 1, void @empty_1, i32 0, i32 0, void @empty_1, void @empty_1, void @empty_1, i32 0, i32 0, i32 0, i32 0, void @empty_1, void @empty_1, i32 4294967295, i32 0"   --->   Operation 163 'specinterface' 'specinterface_ln0' <Predicate = true> <Delay = 0.00>
ST_10 : Operation 164 [1/1] (0.00ns)   --->   "%specbitsmap_ln0 = specbitsmap void @_ssdm_op_SpecBitsMap, i32 %timeInSeconds"   --->   Operation 164 'specbitsmap' 'specbitsmap_ln0' <Predicate = true> <Delay = 0.00>
ST_10 : Operation 165 [1/1] (0.00ns)   --->   "%specinterface_ln0 = specinterface void @_ssdm_op_SpecInterface, i32 %timeInSeconds, void @empty_2, i32 1, i32 1, void @empty_1, i32 0, i32 0, void @empty_1, void @empty_1, void @empty_1, i32 0, i32 0, i32 0, i32 0, void @empty_1, void @empty_1, i32 4294967295, i32 0"   --->   Operation 165 'specinterface' 'specinterface_ln0' <Predicate = true> <Delay = 0.00>
ST_10 : Operation 166 [1/1] (0.00ns)   --->   "%specbitsmap_ln0 = specbitsmap void @_ssdm_op_SpecBitsMap, i64 %timeInCycles"   --->   Operation 166 'specbitsmap' 'specbitsmap_ln0' <Predicate = true> <Delay = 0.00>
ST_10 : Operation 167 [1/1] (0.00ns)   --->   "%specinterface_ln0 = specinterface void @_ssdm_op_SpecInterface, i64 %timeInCycles, void @empty_2, i32 1, i32 1, void @empty_1, i32 0, i32 0, void @empty_1, void @empty_1, void @empty_1, i32 0, i32 0, i32 0, i32 0, void @empty_1, void @empty_1, i32 4294967295, i32 0"   --->   Operation 167 'specinterface' 'specinterface_ln0' <Predicate = true> <Delay = 0.00>
ST_10 : Operation 168 [1/1] (0.00ns)   --->   "%specbitsmap_ln0 = specbitsmap void @_ssdm_op_SpecBitsMap, i16 %useIpAddr"   --->   Operation 168 'specbitsmap' 'specbitsmap_ln0' <Predicate = true> <Delay = 0.00>
ST_10 : Operation 169 [1/1] (0.00ns)   --->   "%specinterface_ln0 = specinterface void @_ssdm_op_SpecInterface, i16 %useIpAddr, void @empty_2, i32 1, i32 1, void @empty_1, i32 0, i32 0, void @empty_1, void @empty_1, void @empty_1, i32 0, i32 0, i32 0, i32 0, void @empty_1, void @empty_1, i32 4294967295, i32 0"   --->   Operation 169 'specinterface' 'specinterface_ln0' <Predicate = true> <Delay = 0.00>
ST_10 : Operation 170 [1/1] (0.00ns)   --->   "%specbitsmap_ln0 = specbitsmap void @_ssdm_op_SpecBitsMap, i16 %regBasePort"   --->   Operation 170 'specbitsmap' 'specbitsmap_ln0' <Predicate = true> <Delay = 0.00>
ST_10 : Operation 171 [1/1] (0.00ns)   --->   "%specinterface_ln0 = specinterface void @_ssdm_op_SpecInterface, i16 %regBasePort, void @empty_2, i32 1, i32 1, void @empty_1, i32 0, i32 0, void @empty_1, void @empty_1, void @empty_1, i32 0, i32 0, i32 0, i32 0, void @empty_1, void @empty_1, i32 4294967295, i32 0"   --->   Operation 171 'specinterface' 'specinterface_ln0' <Predicate = true> <Delay = 0.00>
ST_10 : Operation 172 [1/1] (0.00ns)   --->   "%specbitsmap_ln0 = specbitsmap void @_ssdm_op_SpecBitsMap, i32 %regIpAddress0"   --->   Operation 172 'specbitsmap' 'specbitsmap_ln0' <Predicate = true> <Delay = 0.00>
ST_10 : Operation 173 [1/1] (0.00ns)   --->   "%specinterface_ln0 = specinterface void @_ssdm_op_SpecInterface, i32 %regIpAddress0, void @empty_2, i32 1, i32 1, void @empty_1, i32 0, i32 0, void @empty_1, void @empty_1, void @empty_1, i32 0, i32 0, i32 0, i32 0, void @empty_1, void @empty_1, i32 4294967295, i32 0"   --->   Operation 173 'specinterface' 'specinterface_ln0' <Predicate = true> <Delay = 0.00>
ST_10 : Operation 174 [1/1] (0.00ns)   --->   "%specbitsmap_ln0 = specbitsmap void @_ssdm_op_SpecBitsMap, i32 %regIpAddress1"   --->   Operation 174 'specbitsmap' 'specbitsmap_ln0' <Predicate = true> <Delay = 0.00>
ST_10 : Operation 175 [1/1] (0.00ns)   --->   "%specinterface_ln0 = specinterface void @_ssdm_op_SpecInterface, i32 %regIpAddress1, void @empty_2, i32 1, i32 1, void @empty_1, i32 0, i32 0, void @empty_1, void @empty_1, void @empty_1, i32 0, i32 0, i32 0, i32 0, void @empty_1, void @empty_1, i32 4294967295, i32 0"   --->   Operation 175 'specinterface' 'specinterface_ln0' <Predicate = true> <Delay = 0.00>
ST_10 : Operation 176 [1/1] (0.00ns)   --->   "%specbitsmap_ln0 = specbitsmap void @_ssdm_op_SpecBitsMap, i32 %regIpAddress2"   --->   Operation 176 'specbitsmap' 'specbitsmap_ln0' <Predicate = true> <Delay = 0.00>
ST_10 : Operation 177 [1/1] (0.00ns)   --->   "%specinterface_ln0 = specinterface void @_ssdm_op_SpecInterface, i32 %regIpAddress2, void @empty_2, i32 1, i32 1, void @empty_1, i32 0, i32 0, void @empty_1, void @empty_1, void @empty_1, i32 0, i32 0, i32 0, i32 0, void @empty_1, void @empty_1, i32 4294967295, i32 0"   --->   Operation 177 'specinterface' 'specinterface_ln0' <Predicate = true> <Delay = 0.00>
ST_10 : Operation 178 [1/1] (0.00ns)   --->   "%specbitsmap_ln0 = specbitsmap void @_ssdm_op_SpecBitsMap, i32 %regIpAddress3"   --->   Operation 178 'specbitsmap' 'specbitsmap_ln0' <Predicate = true> <Delay = 0.00>
ST_10 : Operation 179 [1/1] (0.00ns)   --->   "%specinterface_ln0 = specinterface void @_ssdm_op_SpecInterface, i32 %regIpAddress3, void @empty_2, i32 1, i32 1, void @empty_1, i32 0, i32 0, void @empty_1, void @empty_1, void @empty_1, i32 0, i32 0, i32 0, i32 0, void @empty_1, void @empty_1, i32 4294967295, i32 0"   --->   Operation 179 'specinterface' 'specinterface_ln0' <Predicate = true> <Delay = 0.00>
ST_10 : Operation 180 [1/1] (0.00ns)   --->   "%specbitsmap_ln0 = specbitsmap void @_ssdm_op_SpecBitsMap, i32 %regIpAddress4"   --->   Operation 180 'specbitsmap' 'specbitsmap_ln0' <Predicate = true> <Delay = 0.00>
ST_10 : Operation 181 [1/1] (0.00ns)   --->   "%specinterface_ln0 = specinterface void @_ssdm_op_SpecInterface, i32 %regIpAddress4, void @empty_2, i32 1, i32 1, void @empty_1, i32 0, i32 0, void @empty_1, void @empty_1, void @empty_1, i32 0, i32 0, i32 0, i32 0, void @empty_1, void @empty_1, i32 4294967295, i32 0"   --->   Operation 181 'specinterface' 'specinterface_ln0' <Predicate = true> <Delay = 0.00>
ST_10 : Operation 182 [1/1] (0.00ns)   --->   "%specbitsmap_ln0 = specbitsmap void @_ssdm_op_SpecBitsMap, i32 %regIpAddress5"   --->   Operation 182 'specbitsmap' 'specbitsmap_ln0' <Predicate = true> <Delay = 0.00>
ST_10 : Operation 183 [1/1] (0.00ns)   --->   "%specinterface_ln0 = specinterface void @_ssdm_op_SpecInterface, i32 %regIpAddress5, void @empty_2, i32 1, i32 1, void @empty_1, i32 0, i32 0, void @empty_1, void @empty_1, void @empty_1, i32 0, i32 0, i32 0, i32 0, void @empty_1, void @empty_1, i32 4294967295, i32 0"   --->   Operation 183 'specinterface' 'specinterface_ln0' <Predicate = true> <Delay = 0.00>
ST_10 : Operation 184 [1/1] (0.00ns)   --->   "%specbitsmap_ln0 = specbitsmap void @_ssdm_op_SpecBitsMap, i32 %regIpAddress6"   --->   Operation 184 'specbitsmap' 'specbitsmap_ln0' <Predicate = true> <Delay = 0.00>
ST_10 : Operation 185 [1/1] (0.00ns)   --->   "%specinterface_ln0 = specinterface void @_ssdm_op_SpecInterface, i32 %regIpAddress6, void @empty_2, i32 1, i32 1, void @empty_1, i32 0, i32 0, void @empty_1, void @empty_1, void @empty_1, i32 0, i32 0, i32 0, i32 0, void @empty_1, void @empty_1, i32 4294967295, i32 0"   --->   Operation 185 'specinterface' 'specinterface_ln0' <Predicate = true> <Delay = 0.00>
ST_10 : Operation 186 [1/1] (0.00ns)   --->   "%specbitsmap_ln0 = specbitsmap void @_ssdm_op_SpecBitsMap, i32 %regIpAddress7"   --->   Operation 186 'specbitsmap' 'specbitsmap_ln0' <Predicate = true> <Delay = 0.00>
ST_10 : Operation 187 [1/1] (0.00ns)   --->   "%specinterface_ln0 = specinterface void @_ssdm_op_SpecInterface, i32 %regIpAddress7, void @empty_2, i32 1, i32 1, void @empty_1, i32 0, i32 0, void @empty_1, void @empty_1, void @empty_1, i32 0, i32 0, i32 0, i32 0, void @empty_1, void @empty_1, i32 4294967295, i32 0"   --->   Operation 187 'specinterface' 'specinterface_ln0' <Predicate = true> <Delay = 0.00>
ST_10 : Operation 188 [1/1] (0.00ns)   --->   "%specbitsmap_ln0 = specbitsmap void @_ssdm_op_SpecBitsMap, i32 %regIpAddress8"   --->   Operation 188 'specbitsmap' 'specbitsmap_ln0' <Predicate = true> <Delay = 0.00>
ST_10 : Operation 189 [1/1] (0.00ns)   --->   "%specinterface_ln0 = specinterface void @_ssdm_op_SpecInterface, i32 %regIpAddress8, void @empty_2, i32 1, i32 1, void @empty_1, i32 0, i32 0, void @empty_1, void @empty_1, void @empty_1, i32 0, i32 0, i32 0, i32 0, void @empty_1, void @empty_1, i32 4294967295, i32 0"   --->   Operation 189 'specinterface' 'specinterface_ln0' <Predicate = true> <Delay = 0.00>
ST_10 : Operation 190 [1/1] (0.00ns)   --->   "%specbitsmap_ln0 = specbitsmap void @_ssdm_op_SpecBitsMap, i32 %regIpAddress9"   --->   Operation 190 'specbitsmap' 'specbitsmap_ln0' <Predicate = true> <Delay = 0.00>
ST_10 : Operation 191 [1/1] (0.00ns)   --->   "%specinterface_ln0 = specinterface void @_ssdm_op_SpecInterface, i32 %regIpAddress9, void @empty_2, i32 1, i32 1, void @empty_1, i32 0, i32 0, void @empty_1, void @empty_1, void @empty_1, i32 0, i32 0, i32 0, i32 0, void @empty_1, void @empty_1, i32 4294967295, i32 0"   --->   Operation 191 'specinterface' 'specinterface_ln0' <Predicate = true> <Delay = 0.00>
ST_10 : Operation 192 [1/1] (0.00ns)   --->   "%specinterface_ln0 = specinterface void @_ssdm_op_SpecInterface, i32 %txStatusBuffer, void @empty_3, i32 0, i32 0, void @empty_1, i32 0, i32 0, void @empty_1, void @empty_1, void @empty_1, i32 0, i32 0, i32 0, i32 0, void @empty_1, void @empty_1, i32 4294967295, i32 0"   --->   Operation 192 'specinterface' 'specinterface_ln0' <Predicate = true> <Delay = 0.00>
ST_10 : Operation 193 [1/1] (0.00ns)   --->   "%specinterface_ln0 = specinterface void @_ssdm_op_SpecInterface, i32 %openConStatusBuffer, void @empty_3, i32 0, i32 0, void @empty_1, i32 0, i32 0, void @empty_1, void @empty_1, void @empty_1, i32 0, i32 0, i32 0, i32 0, void @empty_1, void @empty_1, i32 4294967295, i32 0"   --->   Operation 193 'specinterface' 'specinterface_ln0' <Predicate = true> <Delay = 0.00>
ST_10 : Operation 194 [1/1] (0.00ns)   --->   "%specinterface_ln0 = specinterface void @_ssdm_op_SpecInterface, i32 %txMetaDataBuffer, void @empty_3, i32 0, i32 0, void @empty_1, i32 0, i32 0, void @empty_1, void @empty_1, void @empty_1, i32 0, i32 0, i32 0, i32 0, void @empty_1, void @empty_1, i32 4294967295, i32 0"   --->   Operation 194 'specinterface' 'specinterface_ln0' <Predicate = true> <Delay = 0.00>
ST_10 : Operation 195 [1/1] (0.00ns)   --->   "%specinterface_ln0 = specinterface void @_ssdm_op_SpecInterface, i1024 %txDataBuffer, void @empty_3, i32 0, i32 0, void @empty_1, i32 0, i32 0, void @empty_1, void @empty_1, void @empty_1, i32 0, i32 0, i32 0, i32 0, void @empty_1, void @empty_1, i32 4294967295, i32 0"   --->   Operation 195 'specinterface' 'specinterface_ln0' <Predicate = true> <Delay = 0.00>
ST_10 : Operation 196 [1/1] (0.00ns)   --->   "%specinterface_ln0 = specinterface void @_ssdm_op_SpecInterface, i1 %startSignalFifo, void @empty_3, i32 0, i32 0, void @empty_1, i32 0, i32 0, void @empty_1, void @empty_1, void @empty_1, i32 0, i32 0, i32 0, i32 0, void @empty_1, void @empty_1, i32 4294967295, i32 0"   --->   Operation 196 'specinterface' 'specinterface_ln0' <Predicate = true> <Delay = 0.00>
ST_10 : Operation 197 [1/1] (0.00ns)   --->   "%specinterface_ln0 = specinterface void @_ssdm_op_SpecInterface, i1 %stopSignalFifo, void @empty_3, i32 0, i32 0, void @empty_1, i32 0, i32 0, void @empty_1, void @empty_1, void @empty_1, i32 0, i32 0, i32 0, i32 0, void @empty_1, void @empty_1, i32 4294967295, i32 0"   --->   Operation 197 'specinterface' 'specinterface_ln0' <Predicate = true> <Delay = 0.00>
ST_10 : Operation 198 [1/3] (0.00ns)   --->   "%call_ln639 = call void @clock, i64 %timeInCycles_c, i1 %sw_state, i48 %time_V, i1 %startSignalFifo, i1 %stopSignalFifo" [/mnt/scratch/pyuvaraj/Vitis_RoCE_W/Vitis_RoCE/kernel/user_krnl/iperf_krnl/src/hls/iperf_client.cpp:639]   --->   Operation 198 'call' 'call_ln639' <Predicate = true> <Delay = 0.00> <CoreType = "Generic">   --->   Core 0 '' <Latency = 0> <II = 1> <Delay = 1.00> <Generic> <Opcode : >
ST_10 : Operation 199 [1/1] (0.00ns)   --->   "%ret_ln642 = ret" [/mnt/scratch/pyuvaraj/Vitis_RoCE_W/Vitis_RoCE/kernel/user_krnl/iperf_krnl/src/hls/iperf_client.cpp:642]   --->   Operation 199 'ret' 'ret_ln642' <Predicate = true> <Delay = 0.00>


============================================================
+ Verbose Summary: Timing violations
============================================================
Target clock period: 3.2ns, clock uncertainty: 0.864ns.

 <State 1>: 0ns
The critical path consists of the following:

 <State 2>: 1.17ns
The critical path consists of the following:
	register read operation ('regIpAddress9', /mnt/scratch/pyuvaraj/Vitis_RoCE_W/Vitis_RoCE/kernel/user_krnl/iperf_krnl/src/hls/iperf_client.cpp:523) on port 'regIpAddress9' (/mnt/scratch/pyuvaraj/Vitis_RoCE_W/Vitis_RoCE/kernel/user_krnl/iperf_krnl/src/hls/iperf_client.cpp:523) [53]  (0 ns)
	'call' operation ('call_ln523', /mnt/scratch/pyuvaraj/Vitis_RoCE_W/Vitis_RoCE/kernel/user_krnl/iperf_krnl/src/hls/iperf_client.cpp:523) to 'entry_proc' [202]  (1.17 ns)

 <State 3>: 0ns
The critical path consists of the following:

 <State 4>: 0ns
The critical path consists of the following:

 <State 5>: 0ns
The critical path consists of the following:

 <State 6>: 0ns
The critical path consists of the following:

 <State 7>: 0ns
The critical path consists of the following:

 <State 8>: 0.676ns
The critical path consists of the following:
	'call' operation ('call_ln629', /mnt/scratch/pyuvaraj/Vitis_RoCE_W/Vitis_RoCE/kernel/user_krnl/iperf_krnl/src/hls/iperf_client.cpp:629) to 'server<512>' [208]  (0.676 ns)

 <State 9>: 0ns
The critical path consists of the following:

 <State 10>: 0ns
The critical path consists of the following:


============================================================
+ Verbose Summary: Binding
============================================================
N/A
* FSMD analyzer results:
  - Output states:
 - Input state : 
  - Chain level:
	State 1
	State 2
	State 3
	State 4
	State 5
	State 6
	State 7
	State 8
	State 9
	State 10


============================================================
+ Verbose Summary: Datapath Resource usage 
============================================================
N/A
