

================================================================
== Vitis HLS Report for 'status_handler'
================================================================
* Date:           Tue Jul 11 09:13:43 2023

* Version:        2022.1 (Build 3526262 on Mon Apr 18 15:47:01 MDT 2022)
* Project:        iperf_client_prj
* Solution:       solution1 (Vivado IP Flow Target)
* Product family: virtexuplus
* Target device:  xcu280-fsvh2892-2L-e


================================================================
== Performance Estimates
================================================================
+ Timing: 
    * Summary: 
    +--------+---------+----------+------------+
    |  Clock |  Target | Estimated| Uncertainty|
    +--------+---------+----------+------------+
    |ap_clk  |  3.20 ns|  1.168 ns|     0.86 ns|
    +--------+---------+----------+------------+

+ Latency: 
    * Summary: 
    +---------+---------+----------+----------+-----+-----+---------+
    |  Latency (cycles) |  Latency (absolute) |  Interval | Pipeline|
    |   min   |   max   |    min   |    max   | min | max |   Type  |
    +---------+---------+----------+----------+-----+-----+---------+
    |        1|        1|  3.200 ns|  3.200 ns|    1|    1|      yes|
    +---------+---------+----------+----------+-----+-----+---------+

    + Detail: 
        * Instance: 
        N/A

        * Loop: 
        N/A

============================================================
+ Verbose Summary: Synthesis Manager
============================================================
InlineROM: 1
ExposeGlobal: 0
============================================================
+ Verbose Summary: CDFG Model
============================================================
IsTopModel: 0
ResetActiveHigh: 1
IsCombinational: 2
IsDatapathOnly: 0
HasWiredReturn: 1
HasMFsm: 2
HasVarLatency: 0
IsPipeline: 1
IsRtlPipelined: 1
IsInstanceOverlapped: 0
IsDontTouch: 0
HasImplIP: 0
IsGatedGlobalClock: 0

+ Individual pipeline summary: 
  * Pipeline-0: initiation interval (II) = 1, depth = 2


============================================================
+ Verbose Summary: Schedule
============================================================
* Number of FSM states : 2
* Pipeline : 1
  Pipeline-0 : II = 1, D = 2, States = { 1 2 }
* Dataflow Pipeline: 0

* FSM state transitions: 
1 --> 2 
2 --> 

* FSM state operations: 

State 1 <SV = 0> <Delay = 0.00>
ST_1 : Operation 3 [1/1] (0.00ns)   --->   "%specinterface_ln0 = specinterface void @_ssdm_op_SpecInterface, i32 %txStatusBuffer, void @empty_3, i32 0, i32 0, void @empty_1, i32 0, i32 0, void @empty_1, void @empty_1, void @empty_1, i32 0, i32 0, i32 0, i32 0, void @empty_1, void @empty_1, i32 4294967295, i32 0"   --->   Operation 3 'specinterface' 'specinterface_ln0' <Predicate = true> <Delay = 0.00>
ST_1 : Operation 4 [1/1] (0.00ns)   --->   "%specinterface_ln0 = specinterface void @_ssdm_op_SpecInterface, i32 %txStatusBuffer, void @empty_3, i32 0, i32 0, void @empty_1, i32 0, i32 0, void @empty_1, void @empty_1, void @empty_1, i32 0, i32 0, i32 0, i32 0, void @empty_1, void @empty_1, i32 4294967295, i32 0"   --->   Operation 4 'specinterface' 'specinterface_ln0' <Predicate = true> <Delay = 0.00>
ST_1 : Operation 5 [1/1] (0.00ns)   --->   "%specinterface_ln0 = specinterface void @_ssdm_op_SpecInterface, i32 %txStatusBuffer, void @empty_3, i32 0, i32 0, void @empty_1, i32 0, i32 0, void @empty_1, void @empty_1, void @empty_1, i32 0, i32 0, i32 0, i32 0, void @empty_1, void @empty_1, i32 4294967295, i32 0"   --->   Operation 5 'specinterface' 'specinterface_ln0' <Predicate = true> <Delay = 0.00>
ST_1 : Operation 6 [1/1] (0.00ns)   --->   "%specinterface_ln0 = specinterface void @_ssdm_op_SpecInterface, i32 %txStatusBuffer, void @empty_3, i32 0, i32 0, void @empty_1, i32 0, i32 0, void @empty_1, void @empty_1, void @empty_1, i32 0, i32 0, i32 0, i32 0, void @empty_1, void @empty_1, i32 4294967295, i32 0"   --->   Operation 6 'specinterface' 'specinterface_ln0' <Predicate = true> <Delay = 0.00>
ST_1 : Operation 7 [1/1] (0.00ns)   --->   "%specinterface_ln0 = specinterface void @_ssdm_op_SpecInterface, i96 %s_axis_tx_status, void @empty, i32 1, i32 1, void @empty_0, i32 0, i32 0, void @empty_1, void @empty_1, void @empty_1, i32 0, i32 0, i32 0, i32 0, void @empty_1, void @empty_1, i32 4294967295, i32 0"   --->   Operation 7 'specinterface' 'specinterface_ln0' <Predicate = true> <Delay = 0.00>
ST_1 : Operation 8 [1/1] (0.00ns)   --->   "%specpipeline_ln35 = specpipeline void @_ssdm_op_SpecPipeline, i32 1, i32 0, i32 0, i32 0, void @empty_1" [/mnt/scratch/pyuvaraj/Vitis_RoCE_W/Vitis_RoCE/kernel/user_krnl/iperf_krnl/src/hls/iperf_client.cpp:35]   --->   Operation 8 'specpipeline' 'specpipeline_ln35' <Predicate = true> <Delay = 0.00>
ST_1 : Operation 9 [1/1] (0.00ns)   --->   "%tmp_i = nbreadreq i1 @_ssdm_op_NbReadReq.axis.i96P128A, i96 %s_axis_tx_status, i32 1" [/tools/Xilinx/Vitis_HLS/2022.1/common/technology/autopilot/hls_stream_39.h:136]   --->   Operation 9 'nbreadreq' 'tmp_i' <Predicate = true> <Delay = 0.00> <CoreInst = "axis">   --->   Core 123 'axis' <Latency = 0> <II = 1> <Delay = 1.00> <Adapter> <Opcode : >
ST_1 : Operation 10 [1/1] (0.00ns)   --->   "%br_ln40 = br i1 %tmp_i, void %status_handler.exit, void %if.then.i" [/mnt/scratch/pyuvaraj/Vitis_RoCE_W/Vitis_RoCE/kernel/user_krnl/iperf_krnl/src/hls/iperf_client.cpp:40]   --->   Operation 10 'br' 'br_ln40' <Predicate = true> <Delay = 0.00>
ST_1 : Operation 11 [1/1] (0.00ns)   --->   "%s_axis_tx_status_read = read i96 @_ssdm_op_Read.axis.volatile.i96P128A, i96 %s_axis_tx_status" [/tools/Xilinx/Vitis_HLS/2022.1/common/technology/autopilot/hls_stream_39.h:145]   --->   Operation 11 'read' 's_axis_tx_status_read' <Predicate = (tmp_i)> <Delay = 0.00> <CoreInst = "axis">   --->   Core 123 'axis' <Latency = 0> <II = 1> <Delay = 1.00> <Adapter> <Opcode : >
ST_1 : Operation 12 [1/1] (0.00ns)   --->   "%tmp_sessionID_V = trunc i96 %s_axis_tx_status_read" [/tools/Xilinx/Vitis_HLS/2022.1/common/technology/autopilot/hls_stream_39.h:145]   --->   Operation 12 'trunc' 'tmp_sessionID_V' <Predicate = (tmp_i)> <Delay = 0.00>
ST_1 : Operation 13 [1/1] (0.00ns)   --->   "%tmp_5_i2 = partselect i2 @_ssdm_op_PartSelect.i2.i96.i32.i32, i96 %s_axis_tx_status_read, i32 64, i32 65" [/tools/Xilinx/Vitis_HLS/2022.1/common/technology/autopilot/hls_stream_39.h:174]   --->   Operation 13 'partselect' 'tmp_5_i2' <Predicate = (tmp_i)> <Delay = 0.00>

State 2 <SV = 1> <Delay = 1.16>
ST_2 : Operation 14 [1/1] (0.00ns)   --->   "%tmp_6_i = bitconcatenate i18 @_ssdm_op_BitConcatenate.i18.i2.i16, i2 %tmp_5_i2, i16 %tmp_sessionID_V" [/tools/Xilinx/Vitis_HLS/2022.1/common/technology/autopilot/hls_stream_39.h:174]   --->   Operation 14 'bitconcatenate' 'tmp_6_i' <Predicate = (tmp_i)> <Delay = 0.00>
ST_2 : Operation 15 [1/1] (0.00ns)   --->   "%zext_ln174 = zext i18 %tmp_6_i" [/tools/Xilinx/Vitis_HLS/2022.1/common/technology/autopilot/hls_stream_39.h:174]   --->   Operation 15 'zext' 'zext_ln174' <Predicate = (tmp_i)> <Delay = 0.00>
ST_2 : Operation 16 [1/1] (1.16ns)   --->   "%write_ln174 = write void @_ssdm_op_Write.ap_fifo.volatile.i32P0A, i32 %txStatusBuffer, i32 %zext_ln174" [/tools/Xilinx/Vitis_HLS/2022.1/common/technology/autopilot/hls_stream_39.h:174]   --->   Operation 16 'write' 'write_ln174' <Predicate = (tmp_i)> <Delay = 1.16> <CoreInst = "FIFO">   --->   Core 78 'FIFO' <Latency = 0> <II = 1> <Delay = 1.19> <Storage> <Opcode : 'read' 'write' 'nbread' 'nbwrite'> <Ports = 0> <Width = 32> <Depth = 512> <FIFO>
ST_2 : Operation 17 [1/1] (0.00ns)   --->   "%br_ln44 = br void %status_handler.exit" [/mnt/scratch/pyuvaraj/Vitis_RoCE_W/Vitis_RoCE/kernel/user_krnl/iperf_krnl/src/hls/iperf_client.cpp:44]   --->   Operation 17 'br' 'br_ln44' <Predicate = (tmp_i)> <Delay = 0.00>
ST_2 : Operation 18 [1/1] (0.00ns)   --->   "%ret_ln0 = ret"   --->   Operation 18 'ret' 'ret_ln0' <Predicate = true> <Delay = 0.00>


============================================================
+ Verbose Summary: Binding
============================================================
STG Binding: 
---------------- STG Properties BEGIN ----------------
- Is combinational: 0
- Is one-state seq: 0
- Is datapath-only: 0
- Is pipelined: 1
- Is top level: 0
Port [ Return ] is wired: 1; IO mode=ap_ctrl_hs:ce=0
Port [ s_axis_tx_status]:  wired=1; compound=1; hidden=0; nouse=0; global=0; static=0; extern=0; dir=0; type=0; pingpong=0; private_global=0; IO mode=axis:ce=0
Port [ txStatusBuffer]:  wired=1; compound=1; hidden=0; nouse=0; global=1; static=1; extern=0; dir=1; type=3; pingpong=0; private_global=0; IO mode=ap_fifo:ce=0
---------------- STG Properties END ------------------

---------------- Datapath Model BEGIN ----------------

<LifeTime>
<method=bitvector/>
specinterface_ln0     (specinterface ) [ 000]
specinterface_ln0     (specinterface ) [ 000]
specinterface_ln0     (specinterface ) [ 000]
specinterface_ln0     (specinterface ) [ 000]
specinterface_ln0     (specinterface ) [ 000]
specpipeline_ln35     (specpipeline  ) [ 000]
tmp_i                 (nbreadreq     ) [ 011]
br_ln40               (br            ) [ 000]
s_axis_tx_status_read (read          ) [ 000]
tmp_sessionID_V       (trunc         ) [ 011]
tmp_5_i2              (partselect    ) [ 011]
tmp_6_i               (bitconcatenate) [ 000]
zext_ln174            (zext          ) [ 000]
write_ln174           (write         ) [ 000]
br_ln44               (br            ) [ 000]
ret_ln0               (ret           ) [ 000]
</LifeTime>

<model>

<comp_list>
<comp id="0" class="1000" name="s_axis_tx_status">
<pin_list>
<pin id="1" dir="1" index="0" bw="1" slack="0"/>
</pin_list>
<bind>
<StgValue><ssdm name="s_axis_tx_status"/></StgValue>
</bind>
</comp>

<comp id="2" class="1000" name="txStatusBuffer">
<pin_list>
<pin id="3" dir="1" index="0" bw="1" slack="0"/>
</pin_list>
<bind>
<StgValue><ssdm name="txStatusBuffer"/></StgValue>
</bind>
</comp>

<comp id="4" class="1001" name="const_4">
<pin_list>
<pin id="5" dir="1" index="0" bw="1" slack="2147483647"/>
</pin_list>
<bind>
<StgValue><ssdm name="_ssdm_op_SpecInterface"/></StgValue>
</bind>
</comp>

<comp id="6" class="1001" name="const_6">
<pin_list>
<pin id="7" dir="1" index="0" bw="1" slack="2147483647"/>
</pin_list>
<bind>
<StgValue><ssdm name="empty_3"/></StgValue>
</bind>
</comp>

<comp id="8" class="1001" name="const_8">
<pin_list>
<pin id="9" dir="1" index="0" bw="1" slack="2147483647"/>
</pin_list>
<bind>
<StgValue><ssdm name=""/></StgValue>
</bind>
</comp>

<comp id="10" class="1001" name="const_10">
<pin_list>
<pin id="11" dir="1" index="0" bw="1" slack="2147483647"/>
</pin_list>
<bind>
<StgValue><ssdm name="empty_1"/></StgValue>
</bind>
</comp>

<comp id="12" class="1001" name="const_12">
<pin_list>
<pin id="13" dir="1" index="0" bw="1" slack="2147483647"/>
</pin_list>
<bind>
<StgValue><ssdm name=""/></StgValue>
</bind>
</comp>

<comp id="14" class="1001" name="const_14">
<pin_list>
<pin id="15" dir="1" index="0" bw="1" slack="2147483647"/>
</pin_list>
<bind>
<StgValue><ssdm name="empty"/></StgValue>
</bind>
</comp>

<comp id="16" class="1001" name="const_16">
<pin_list>
<pin id="17" dir="1" index="0" bw="1" slack="0"/>
</pin_list>
<bind>
<StgValue><ssdm name=""/></StgValue>
</bind>
</comp>

<comp id="18" class="1001" name="const_18">
<pin_list>
<pin id="19" dir="1" index="0" bw="1" slack="2147483647"/>
</pin_list>
<bind>
<StgValue><ssdm name="empty_0"/></StgValue>
</bind>
</comp>

<comp id="20" class="1001" name="const_20">
<pin_list>
<pin id="21" dir="1" index="0" bw="1" slack="2147483647"/>
</pin_list>
<bind>
<StgValue><ssdm name="_ssdm_op_SpecPipeline"/></StgValue>
</bind>
</comp>

<comp id="22" class="1001" name="const_22">
<pin_list>
<pin id="23" dir="1" index="0" bw="1" slack="0"/>
</pin_list>
<bind>
<StgValue><ssdm name="_ssdm_op_NbReadReq.axis.i96P128A"/></StgValue>
</bind>
</comp>

<comp id="24" class="1001" name="const_24">
<pin_list>
<pin id="25" dir="1" index="0" bw="1" slack="0"/>
</pin_list>
<bind>
<StgValue><ssdm name="_ssdm_op_Read.axis.volatile.i96P128A"/></StgValue>
</bind>
</comp>

<comp id="26" class="1001" name="const_26">
<pin_list>
<pin id="27" dir="1" index="0" bw="1" slack="0"/>
</pin_list>
<bind>
<StgValue><ssdm name="_ssdm_op_PartSelect.i2.i96.i32.i32"/></StgValue>
</bind>
</comp>

<comp id="28" class="1001" name="const_28">
<pin_list>
<pin id="29" dir="1" index="0" bw="1" slack="0"/>
</pin_list>
<bind>
<StgValue><ssdm name=""/></StgValue>
</bind>
</comp>

<comp id="30" class="1001" name="const_30">
<pin_list>
<pin id="31" dir="1" index="0" bw="1" slack="0"/>
</pin_list>
<bind>
<StgValue><ssdm name=""/></StgValue>
</bind>
</comp>

<comp id="32" class="1001" name="const_32">
<pin_list>
<pin id="33" dir="1" index="0" bw="1" slack="0"/>
</pin_list>
<bind>
<StgValue><ssdm name="_ssdm_op_BitConcatenate.i18.i2.i16"/></StgValue>
</bind>
</comp>

<comp id="34" class="1001" name="const_34">
<pin_list>
<pin id="35" dir="1" index="0" bw="1" slack="0"/>
</pin_list>
<bind>
<StgValue><ssdm name="_ssdm_op_Write.ap_fifo.volatile.i32P0A"/></StgValue>
</bind>
</comp>

<comp id="36" class="1004" name="tmp_i_nbreadreq_fu_36">
<pin_list>
<pin id="37" dir="0" index="0" bw="1" slack="0"/>
<pin id="38" dir="0" index="1" bw="96" slack="0"/>
<pin id="39" dir="0" index="2" bw="1" slack="0"/>
<pin id="40" dir="1" index="3" bw="1" slack="1"/>
</pin_list>
<bind>
<opcode="nbreadreq(1156) " fcode="nbreadreq"/>
<opset="tmp_i/1 "/>
</bind>
</comp>

<comp id="44" class="1004" name="s_axis_tx_status_read_read_fu_44">
<pin_list>
<pin id="45" dir="0" index="0" bw="96" slack="0"/>
<pin id="46" dir="0" index="1" bw="96" slack="0"/>
<pin id="47" dir="1" index="2" bw="96" slack="0"/>
</pin_list>
<bind>
<opcode="read(1150) " fcode="read"/>
<opset="s_axis_tx_status_read/1 "/>
</bind>
</comp>

<comp id="50" class="1004" name="write_ln174_write_fu_50">
<pin_list>
<pin id="51" dir="0" index="0" bw="0" slack="0"/>
<pin id="52" dir="0" index="1" bw="32" slack="0"/>
<pin id="53" dir="0" index="2" bw="18" slack="0"/>
<pin id="54" dir="1" index="3" bw="0" slack="2147483647"/>
</pin_list>
<bind>
<opcode="write(1151) " fcode="write"/>
<opset="write_ln174/2 "/>
</bind>
</comp>

<comp id="57" class="1004" name="tmp_sessionID_V_fu_57">
<pin_list>
<pin id="58" dir="0" index="0" bw="96" slack="0"/>
<pin id="59" dir="1" index="1" bw="16" slack="1"/>
</pin_list>
<bind>
<opcode="trunc(33) " fcode="trunc"/>
<opset="tmp_sessionID_V/1 "/>
</bind>
</comp>

<comp id="61" class="1004" name="tmp_5_i2_fu_61">
<pin_list>
<pin id="62" dir="0" index="0" bw="2" slack="0"/>
<pin id="63" dir="0" index="1" bw="96" slack="0"/>
<pin id="64" dir="0" index="2" bw="8" slack="0"/>
<pin id="65" dir="0" index="3" bw="8" slack="0"/>
<pin id="66" dir="1" index="4" bw="2" slack="1"/>
</pin_list>
<bind>
<opcode="partselect(1002) " fcode="partselect"/>
<opset="tmp_5_i2/1 "/>
</bind>
</comp>

<comp id="71" class="1004" name="tmp_6_i_fu_71">
<pin_list>
<pin id="72" dir="0" index="0" bw="18" slack="0"/>
<pin id="73" dir="0" index="1" bw="2" slack="1"/>
<pin id="74" dir="0" index="2" bw="16" slack="1"/>
<pin id="75" dir="1" index="3" bw="18" slack="0"/>
</pin_list>
<bind>
<opcode="bitconcatenate(1004) " fcode="bitconcatenate"/>
<opset="tmp_6_i/2 "/>
</bind>
</comp>

<comp id="77" class="1004" name="zext_ln174_fu_77">
<pin_list>
<pin id="78" dir="0" index="0" bw="18" slack="0"/>
<pin id="79" dir="1" index="1" bw="32" slack="0"/>
</pin_list>
<bind>
<opcode="zext(34) " fcode="zext"/>
<opset="zext_ln174/2 "/>
</bind>
</comp>

<comp id="82" class="1005" name="tmp_i_reg_82">
<pin_list>
<pin id="83" dir="0" index="0" bw="1" slack="1"/>
<pin id="84" dir="1" index="1" bw="1" slack="2147483647"/>
</pin_list>
<bind>
<opset="tmp_i "/>
</bind>
</comp>

<comp id="86" class="1005" name="tmp_sessionID_V_reg_86">
<pin_list>
<pin id="87" dir="0" index="0" bw="16" slack="1"/>
<pin id="88" dir="1" index="1" bw="16" slack="1"/>
</pin_list>
<bind>
<opset="tmp_sessionID_V "/>
</bind>
</comp>

<comp id="91" class="1005" name="tmp_5_i2_reg_91">
<pin_list>
<pin id="92" dir="0" index="0" bw="2" slack="1"/>
<pin id="93" dir="1" index="1" bw="2" slack="1"/>
</pin_list>
<bind>
<opset="tmp_5_i2 "/>
</bind>
</comp>

</comp_list>

<net_list>
<net id="41"><net_src comp="22" pin="0"/><net_sink comp="36" pin=0"/></net>

<net id="42"><net_src comp="0" pin="0"/><net_sink comp="36" pin=1"/></net>

<net id="43"><net_src comp="16" pin="0"/><net_sink comp="36" pin=2"/></net>

<net id="48"><net_src comp="24" pin="0"/><net_sink comp="44" pin=0"/></net>

<net id="49"><net_src comp="0" pin="0"/><net_sink comp="44" pin=1"/></net>

<net id="55"><net_src comp="34" pin="0"/><net_sink comp="50" pin=0"/></net>

<net id="56"><net_src comp="2" pin="0"/><net_sink comp="50" pin=1"/></net>

<net id="60"><net_src comp="44" pin="2"/><net_sink comp="57" pin=0"/></net>

<net id="67"><net_src comp="26" pin="0"/><net_sink comp="61" pin=0"/></net>

<net id="68"><net_src comp="44" pin="2"/><net_sink comp="61" pin=1"/></net>

<net id="69"><net_src comp="28" pin="0"/><net_sink comp="61" pin=2"/></net>

<net id="70"><net_src comp="30" pin="0"/><net_sink comp="61" pin=3"/></net>

<net id="76"><net_src comp="32" pin="0"/><net_sink comp="71" pin=0"/></net>

<net id="80"><net_src comp="71" pin="3"/><net_sink comp="77" pin=0"/></net>

<net id="81"><net_src comp="77" pin="1"/><net_sink comp="50" pin=2"/></net>

<net id="85"><net_src comp="36" pin="3"/><net_sink comp="82" pin=0"/></net>

<net id="89"><net_src comp="57" pin="1"/><net_sink comp="86" pin=0"/></net>

<net id="90"><net_src comp="86" pin="1"/><net_sink comp="71" pin=2"/></net>

<net id="94"><net_src comp="61" pin="4"/><net_sink comp="91" pin=0"/></net>

<net id="95"><net_src comp="91" pin="1"/><net_sink comp="71" pin=1"/></net>

</net_list>

</model> 
---------------- Datapath Model END ------------------

* FSMD analyzer results:
  - Output states:
	Port: txStatusBuffer | {2 }
 - Input state : 
	Port: status_handler : s_axis_tx_status | {1 }
  - Chain level:
	State 1
	State 2
		zext_ln174 : 1
		write_ln174 : 2


============================================================
+ Verbose Summary: Datapath Resource usage 
============================================================

* Functional unit list:
|----------|----------------------------------|
| Operation|          Functional Unit         |
|----------|----------------------------------|
| nbreadreq|       tmp_i_nbreadreq_fu_36      |
|----------|----------------------------------|
|   read   | s_axis_tx_status_read_read_fu_44 |
|----------|----------------------------------|
|   write  |      write_ln174_write_fu_50     |
|----------|----------------------------------|
|   trunc  |       tmp_sessionID_V_fu_57      |
|----------|----------------------------------|
|partselect|          tmp_5_i2_fu_61          |
|----------|----------------------------------|
|bitconcatenate|           tmp_6_i_fu_71          |
|----------|----------------------------------|
|   zext   |         zext_ln174_fu_77         |
|----------|----------------------------------|
|   Total  |                                  |
|----------|----------------------------------|

Memories:
N/A

* Register list:
+----------------------+--------+
|                      |   FF   |
+----------------------+--------+
|    tmp_5_i2_reg_91   |    2   |
|     tmp_i_reg_82     |    1   |
|tmp_sessionID_V_reg_86|   16   |
+----------------------+--------+
|         Total        |   19   |
+----------------------+--------+

* Multiplexer (MUX) list: 
|--------|------|------|------|--------|
|  Comp  |  Pin | Size |  BW  | S x BW |
|--------|------|------|------|--------|
|  Total |      |      |      |    0   |
|--------|------|------|------|--------|



* Summary:
+-----------+--------+
|           |   FF   |
+-----------+--------+
|  Function |    -   |
|   Memory  |    -   |
|Multiplexer|    -   |
|  Register |   19   |
+-----------+--------+
|   Total   |   19   |
+-----------+--------+
