

================================================================
== Vitis HLS Report for 'udp_top'
================================================================
* Date:           Tue Jul 11 09:29:10 2023

* Version:        2022.1 (Build 3526262 on Mon Apr 18 15:47:01 MDT 2022)
* Project:        udp_prj
* Solution:       solution1 (Vivado IP Flow Target)
* Product family: virtexuplus
* Target device:  xcu280-fsvh2892-2L-e


================================================================
== Performance Estimates
================================================================
+ Timing: 
    * Summary: 
    +--------+---------+----------+------------+
    |  Clock |  Target | Estimated| Uncertainty|
    +--------+---------+----------+------------+
    |ap_clk  |  3.20 ns|  2.686 ns|     0.86 ns|
    +--------+---------+----------+------------+

+ Latency: 
    * Summary: 
    +---------+---------+-----------+-----------+-----+-----+----------+
    |  Latency (cycles) |   Latency (absolute)  |  Interval | Pipeline |
    |   min   |   max   |    min    |    max    | min | max |   Type   |
    +---------+---------+-----------+-----------+-----+-----+----------+
    |        5|        5|  16.000 ns|  16.000 ns|    1|    1|  dataflow|
    +---------+---------+-----------+-----------+-----+-----+----------+

    + Detail: 
        * Instance: 
        +---------------------------------------------+--------------------------------------------+---------+---------+----------+----------+-----+-----+---------+
        |                                             |                                            |  Latency (cycles) |  Latency (absolute) |  Interval | Pipeline|
        |                   Instance                  |                   Module                   |   min   |   max   |    min   |    max   | min | max |   Type  |
        +---------------------------------------------+--------------------------------------------+---------+---------+----------+----------+-----+-----+---------+
        |process_udp_512_U0                           |process_udp_512_s                           |        2|        2|  6.400 ns|  6.400 ns|    1|    1|      yes|
        |split_tx_meta_U0                             |split_tx_meta                               |        2|        2|  6.400 ns|  6.400 ns|    1|    1|      yes|
        |udp_lshiftWordByOctet_512_1_U0               |udp_lshiftWordByOctet_512_1_s               |        1|        1|  3.200 ns|  3.200 ns|    1|    1|      yes|
        |udp_rshiftWordByOctet_net_axis_512_512_2_U0  |udp_rshiftWordByOctet_net_axis_512_512_2_s  |        2|        2|  6.400 ns|  6.400 ns|    1|    1|      yes|
        |merge_rx_meta_U0                             |merge_rx_meta                               |        2|        2|  6.400 ns|  6.400 ns|    1|    1|      yes|
        |generate_udp_512_U0                          |generate_udp_512_s                          |        2|        2|  6.400 ns|  6.400 ns|    1|    1|      yes|
        +---------------------------------------------+--------------------------------------------+---------+---------+----------+----------+-----+-----+---------+

        * Loop: 
        N/A



================================================================
== Utilization Estimates
================================================================
* Summary: 
+---------------------+---------+------+---------+---------+-----+
|         Name        | BRAM_18K|  DSP |    FF   |   LUT   | URAM|
+---------------------+---------+------+---------+---------+-----+
|DSP                  |        -|     -|        -|        -|    -|
|Expression           |        -|     -|        -|        -|    -|
|FIFO                 |        -|     -|     4382|     2208|    -|
|Instance             |        -|     -|     6983|     1746|    -|
|Memory               |        -|     -|        -|        -|    -|
|Multiplexer          |        -|     -|        -|        -|    -|
|Register             |        -|     -|        -|        -|    -|
+---------------------+---------+------+---------+---------+-----+
|Total                |        0|     0|    11365|     3954|    0|
+---------------------+---------+------+---------+---------+-----+
|Available SLR        |     1344|  3008|   869120|   434560|  320|
+---------------------+---------+------+---------+---------+-----+
|Utilization SLR (%)  |        0|     0|        1|       ~0|    0|
+---------------------+---------+------+---------+---------+-----+
|Available            |     4032|  9024|  2607360|  1303680|  960|
+---------------------+---------+------+---------+---------+-----+
|Utilization (%)      |        0|     0|       ~0|       ~0|    0|
+---------------------+---------+------+---------+---------+-----+

+ Detail: 
    * Instance: 
    +---------------------------------------------+--------------------------------------------+---------+----+------+-----+-----+
    |                   Instance                  |                   Module                   | BRAM_18K| DSP|  FF  | LUT | URAM|
    +---------------------------------------------+--------------------------------------------+---------+----+------+-----+-----+
    |generate_udp_512_U0                          |generate_udp_512_s                          |        0|   0|  2207|  205|    0|
    |merge_rx_meta_U0                             |merge_rx_meta                               |        0|   0|    90|   60|    0|
    |process_udp_512_U0                           |process_udp_512_s                           |        0|   0|  2202|  691|    0|
    |split_tx_meta_U0                             |split_tx_meta                               |        0|   0|    86|   77|    0|
    |udp_lshiftWordByOctet_512_1_U0               |udp_lshiftWordByOctet_512_1_s               |        0|   0|  1161|  590|    0|
    |udp_rshiftWordByOctet_net_axis_512_512_2_U0  |udp_rshiftWordByOctet_net_axis_512_512_2_s  |        0|   0|  1237|  123|    0|
    +---------------------------------------------+--------------------------------------------+---------+----+------+-----+-----+
    |Total                                        |                                            |        0|   0|  6983| 1746|    0|
    +---------------------------------------------+--------------------------------------------+---------+----+------+-----+-----+

    * DSP: 
    N/A

    * Memory: 
    N/A

    * FIFO: 
    +--------------------+---------+------+----+-----+------+------+---------+
    |        Name        | BRAM_18K|  FF  | LUT| URAM| Depth| Bits | Size:D*B|
    +--------------------+---------+------+----+-----+------+------+---------+
    |rx_udp2shiftFifo_U  |        0|  2058|   0|    -|     2|  1024|     2048|
    |rx_udpMetaFifo_U    |        0|   133|   0|    -|     2|    64|      128|
    |tx_shift2udpFifo_U  |        0|  2058|   0|    -|     2|  1024|     2048|
    |tx_udpMetaFifo_U    |        0|   133|   0|    -|     2|    64|      128|
    +--------------------+---------+------+----+-----+------+------+---------+
    |Total               |        0|  4382|   0|    0|     8|  2176|     4352|
    +--------------------+---------+------+----+-----+------+------+---------+

    * Expression: 
    N/A

    * Multiplexer: 
    N/A

    * Register: 
    N/A



================================================================
== Interface
================================================================
* Summary: 
+-----------------------+-----+------+--------------+-----------------+--------------+
|       RTL Ports       | Dir | Bits |   Protocol   |  Source Object  |    C Type    |
+-----------------------+-----+------+--------------+-----------------+--------------+
|s_axis_rx_meta_TDATA   |   in|    64|          axis|   s_axis_rx_meta|       pointer|
|s_axis_rx_meta_TVALID  |   in|     1|          axis|   s_axis_rx_meta|       pointer|
|s_axis_rx_meta_TREADY  |  out|     1|          axis|   s_axis_rx_meta|       pointer|
|s_axis_rx_data_TDATA   |   in|  1024|          axis|   s_axis_rx_data|       pointer|
|s_axis_rx_data_TVALID  |   in|     1|          axis|   s_axis_rx_data|       pointer|
|s_axis_rx_data_TREADY  |  out|     1|          axis|   s_axis_rx_data|       pointer|
|m_axis_rx_meta_TDATA   |  out|   256|          axis|   m_axis_rx_meta|       pointer|
|m_axis_rx_meta_TVALID  |  out|     1|          axis|   m_axis_rx_meta|       pointer|
|m_axis_rx_meta_TREADY  |   in|     1|          axis|   m_axis_rx_meta|       pointer|
|m_axis_rx_data_TDATA   |  out|  1024|          axis|   m_axis_rx_data|       pointer|
|m_axis_rx_data_TVALID  |  out|     1|          axis|   m_axis_rx_data|       pointer|
|m_axis_rx_data_TREADY  |   in|     1|          axis|   m_axis_rx_data|       pointer|
|s_axis_tx_meta_TDATA   |   in|   256|          axis|   s_axis_tx_meta|       pointer|
|s_axis_tx_meta_TVALID  |   in|     1|          axis|   s_axis_tx_meta|       pointer|
|s_axis_tx_meta_TREADY  |  out|     1|          axis|   s_axis_tx_meta|       pointer|
|s_axis_tx_data_TDATA   |   in|  1024|          axis|   s_axis_tx_data|       pointer|
|s_axis_tx_data_TVALID  |   in|     1|          axis|   s_axis_tx_data|       pointer|
|s_axis_tx_data_TREADY  |  out|     1|          axis|   s_axis_tx_data|       pointer|
|m_axis_tx_meta_TDATA   |  out|    64|          axis|   m_axis_tx_meta|       pointer|
|m_axis_tx_meta_TVALID  |  out|     1|          axis|   m_axis_tx_meta|       pointer|
|m_axis_tx_meta_TREADY  |   in|     1|          axis|   m_axis_tx_meta|       pointer|
|m_axis_tx_data_TDATA   |  out|  1024|          axis|   m_axis_tx_data|       pointer|
|m_axis_tx_data_TVALID  |  out|     1|          axis|   m_axis_tx_data|       pointer|
|m_axis_tx_data_TREADY  |   in|     1|          axis|   m_axis_tx_data|       pointer|
|reg_ip_address         |   in|   128|     ap_stable|   reg_ip_address|        scalar|
|reg_listen_port        |   in|    16|     ap_stable|  reg_listen_port|        scalar|
|ap_clk                 |   in|     1|  ap_ctrl_none|          udp_top|  return value|
|ap_rst_n               |   in|     1|  ap_ctrl_none|          udp_top|  return value|
+-----------------------+-----+------+--------------+-----------------+--------------+

