

================================================================
== Vitis HLS Report for 'merge_rx_meta'
================================================================
* Date:           Tue Jul 11 09:29:09 2023

* Version:        2022.1 (Build 3526262 on Mon Apr 18 15:47:01 MDT 2022)
* Project:        udp_prj
* Solution:       solution1 (Vivado IP Flow Target)
* Product family: virtexuplus
* Target device:  xcu280-fsvh2892-2L-e


================================================================
== Performance Estimates
================================================================
+ Timing: 
    * Summary: 
    +--------+---------+----------+------------+
    |  Clock |  Target | Estimated| Uncertainty|
    +--------+---------+----------+------------+
    |ap_clk  |  3.20 ns|  1.290 ns|     0.86 ns|
    +--------+---------+----------+------------+

+ Latency: 
    * Summary: 
    +---------+---------+----------+----------+-----+-----+---------+
    |  Latency (cycles) |  Latency (absolute) |  Interval | Pipeline|
    |   min   |   max   |    min   |    max   | min | max |   Type  |
    +---------+---------+----------+----------+-----+-----+---------+
    |        2|        2|  6.400 ns|  6.400 ns|    1|    1|      yes|
    +---------+---------+----------+----------+-----+-----+---------+

    + Detail: 
        * Instance: 
        N/A

        * Loop: 
        N/A



================================================================
== Utilization Estimates
================================================================
* Summary: 
+---------------------+---------+------+---------+---------+-----+
|         Name        | BRAM_18K|  DSP |    FF   |   LUT   | URAM|
+---------------------+---------+------+---------+---------+-----+
|DSP                  |        -|     -|        -|        -|    -|
|Expression           |        -|     -|        0|       24|    -|
|FIFO                 |        -|     -|        -|        -|    -|
|Instance             |        -|     -|        -|        -|    -|
|Memory               |        -|     -|        -|        -|    -|
|Multiplexer          |        -|     -|        -|       36|    -|
|Register             |        -|     -|       90|        -|    -|
+---------------------+---------+------+---------+---------+-----+
|Total                |        0|     0|       90|       60|    0|
+---------------------+---------+------+---------+---------+-----+
|Available SLR        |     1344|  3008|   869120|   434560|  320|
+---------------------+---------+------+---------+---------+-----+
|Utilization SLR (%)  |        0|     0|       ~0|       ~0|    0|
+---------------------+---------+------+---------+---------+-----+
|Available            |     4032|  9024|  2607360|  1303680|  960|
+---------------------+---------+------+---------+---------+-----+
|Utilization (%)      |        0|     0|       ~0|       ~0|    0|
+---------------------+---------+------+---------+---------+-----+

+ Detail: 
    * Instance: 
    N/A

    * DSP: 
    N/A

    * Memory: 
    N/A

    * FIFO: 
    N/A

    * Expression: 
    +----------------------------------+----------+----+---+----+------------+------------+
    |           Variable Name          | Operation| DSP| FF| LUT| Bitwidth P0| Bitwidth P1|
    +----------------------------------+----------+----+---+----+------------+------------+
    |ap_block_state2_io                |       and|   0|  0|   2|           1|           1|
    |ap_block_state3_io                |       and|   0|  0|   2|           1|           1|
    |ap_predicate_op15_read_state1     |       and|   0|  0|   2|           1|           1|
    |ap_predicate_op24_write_state2    |       and|   0|  0|   2|           1|           1|
    |ap_predicate_op25_write_state3    |       and|   0|  0|   2|           1|           1|
    |tmp_i_35_nbreadreq_fu_50_p3       |       and|   0|  0|   2|           1|           0|
    |tmp_i_nbreadreq_fu_42_p3          |       and|   0|  0|   2|           1|           0|
    |ap_block_pp0_stage0_01001         |        or|   0|  0|   2|           1|           1|
    |ap_block_pp0_stage0_11001         |        or|   0|  0|   2|           1|           1|
    |ap_block_state1_pp0_stage0_iter0  |        or|   0|  0|   2|           1|           1|
    |ap_block_state3_pp0_stage0_iter2  |        or|   0|  0|   2|           1|           1|
    |ap_enable_pp0                     |       xor|   0|  0|   2|           1|           2|
    +----------------------------------+----------+----+---+----+------------+------------+
    |Total                             |          |   0|  0|  24|          12|          11|
    +----------------------------------+----------+----+---+----+------------+------------+

    * Multiplexer: 
    +----------------------------+----+-----------+-----+-----------+
    |            Name            | LUT| Input Size| Bits| Total Bits|
    +----------------------------+----+-----------+-----+-----------+
    |ap_done                     |   9|          2|    1|          2|
    |m_axis_rx_meta_TDATA_blk_n  |   9|          2|    1|          2|
    |rx_udpMetaFifo_blk_n        |   9|          2|    1|          2|
    |s_axis_rx_meta_TDATA_blk_n  |   9|          2|    1|          2|
    +----------------------------+----+-----------+-----+-----------+
    |Total                       |  36|          8|    4|          8|
    +----------------------------+----+-----------+-----+-----------+

    * Register: 
    +-----------------------------------+----+----+-----+-----------+
    |                Name               | FF | LUT| Bits| Const Bits|
    +-----------------------------------+----+----+-----+-----------+
    |ap_CS_fsm                          |   1|   0|    1|          0|
    |ap_done_reg                        |   1|   0|    1|          0|
    |ap_enable_reg_pp0_iter1            |   1|   0|    1|          0|
    |ap_enable_reg_pp0_iter2            |   1|   0|    1|          0|
    |meta0_their_address_V_reg_114      |  32|   0|   32|          0|
    |meta1_valid_reg_119                |   1|   0|    1|          0|
    |meta1_valid_reg_119_pp0_iter1_reg  |   1|   0|    1|          0|
    |tmp_i_35_reg_110                   |   1|   0|    1|          0|
    |tmp_i_35_reg_110_pp0_iter1_reg     |   1|   0|    1|          0|
    |tmp_i_reg_106                      |   1|   0|    1|          0|
    |tmp_i_reg_106_pp0_iter1_reg        |   1|   0|    1|          0|
    |trunc_ln174_reg_123                |  48|   0|   48|          0|
    +-----------------------------------+----+----+-----+-----------+
    |Total                              |  90|   0|   90|          0|
    +-----------------------------------+----+----+-----+-----------+



================================================================
== Interface
================================================================
* Summary: 
+-------------------------------+-----+-----+------------+----------------+--------------+
|           RTL Ports           | Dir | Bits|  Protocol  |  Source Object |    C Type    |
+-------------------------------+-----+-----+------------+----------------+--------------+
|ap_clk                         |   in|    1|  ap_ctrl_hs|   merge_rx_meta|  return value|
|ap_rst                         |   in|    1|  ap_ctrl_hs|   merge_rx_meta|  return value|
|ap_start                       |   in|    1|  ap_ctrl_hs|   merge_rx_meta|  return value|
|ap_done                        |  out|    1|  ap_ctrl_hs|   merge_rx_meta|  return value|
|ap_continue                    |   in|    1|  ap_ctrl_hs|   merge_rx_meta|  return value|
|ap_idle                        |  out|    1|  ap_ctrl_hs|   merge_rx_meta|  return value|
|ap_ready                       |  out|    1|  ap_ctrl_hs|   merge_rx_meta|  return value|
|s_axis_rx_meta_TVALID          |   in|    1|        axis|  s_axis_rx_meta|       pointer|
|s_axis_rx_meta_TDATA           |   in|   64|        axis|  s_axis_rx_meta|       pointer|
|s_axis_rx_meta_TREADY          |  out|    1|        axis|  s_axis_rx_meta|       pointer|
|rx_udpMetaFifo_dout            |   in|   64|     ap_fifo|  rx_udpMetaFifo|       pointer|
|rx_udpMetaFifo_num_data_valid  |   in|    2|     ap_fifo|  rx_udpMetaFifo|       pointer|
|rx_udpMetaFifo_fifo_cap        |   in|    2|     ap_fifo|  rx_udpMetaFifo|       pointer|
|rx_udpMetaFifo_empty_n         |   in|    1|     ap_fifo|  rx_udpMetaFifo|       pointer|
|rx_udpMetaFifo_read            |  out|    1|     ap_fifo|  rx_udpMetaFifo|       pointer|
|m_axis_rx_meta_TREADY          |   in|    1|        axis|  m_axis_rx_meta|       pointer|
|m_axis_rx_meta_TDATA           |  out|  256|        axis|  m_axis_rx_meta|       pointer|
|m_axis_rx_meta_TVALID          |  out|    1|        axis|  m_axis_rx_meta|       pointer|
+-------------------------------+-----+-----+------------+----------------+--------------+

============================================================
+ Verbose Summary: Synthesis Manager
============================================================
InlineROM: 1
ExposeGlobal: 0
============================================================
+ Verbose Summary: CDFG Model
============================================================
IsTopModel: 0
ResetActiveHigh: 1
IsCombinational: 2
IsDatapathOnly: 0
HasWiredReturn: 1
HasMFsm: 2
HasVarLatency: 0
IsPipeline: 1
IsRtlPipelined: 1
IsInstanceOverlapped: 0
IsDontTouch: 0
HasImplIP: 0
IsGatedGlobalClock: 0

+ Individual pipeline summary: 
  * Pipeline-0: initiation interval (II) = 1, depth = 3


============================================================
+ Verbose Summary: Schedule
============================================================
* Number of FSM states : 3
* Pipeline : 1
  Pipeline-0 : II = 1, D = 3, States = { 1 2 3 }
* Dataflow Pipeline: 0

* FSM state transitions: 
1 --> 2 
2 --> 3 
3 --> 

* FSM state operations: 

State 1 <SV = 0> <Delay = 1.29>
ST_1 : Operation 4 [1/1] (0.00ns)   --->   "%specinterface_ln0 = specinterface void @_ssdm_op_SpecInterface, i64 %rx_udpMetaFifo, void @empty_0, i32 0, i32 0, void @empty_2, i32 0, i32 0, void @empty_2, void @empty_2, void @empty_2, i32 0, i32 0, i32 0, i32 0, void @empty_2, void @empty_2, i32 4294967295, i32 0"   --->   Operation 4 'specinterface' 'specinterface_ln0' <Predicate = true> <Delay = 0.00>
ST_1 : Operation 5 [1/1] (0.00ns)   --->   "%specinterface_ln0 = specinterface void @_ssdm_op_SpecInterface, i64 %rx_udpMetaFifo, void @empty_0, i32 0, i32 0, void @empty_2, i32 0, i32 0, void @empty_2, void @empty_2, void @empty_2, i32 0, i32 0, i32 0, i32 0, void @empty_2, void @empty_2, i32 4294967295, i32 0"   --->   Operation 5 'specinterface' 'specinterface_ln0' <Predicate = true> <Delay = 0.00>
ST_1 : Operation 6 [1/1] (0.00ns)   --->   "%specinterface_ln0 = specinterface void @_ssdm_op_SpecInterface, i64 %rx_udpMetaFifo, void @empty_0, i32 0, i32 0, void @empty_2, i32 0, i32 0, void @empty_2, void @empty_2, void @empty_2, i32 0, i32 0, i32 0, i32 0, void @empty_2, void @empty_2, i32 4294967295, i32 0"   --->   Operation 6 'specinterface' 'specinterface_ln0' <Predicate = true> <Delay = 0.00>
ST_1 : Operation 7 [1/1] (0.00ns)   --->   "%specinterface_ln0 = specinterface void @_ssdm_op_SpecInterface, i64 %rx_udpMetaFifo, void @empty_0, i32 0, i32 0, void @empty_2, i32 0, i32 0, void @empty_2, void @empty_2, void @empty_2, i32 0, i32 0, i32 0, i32 0, void @empty_2, void @empty_2, i32 4294967295, i32 0"   --->   Operation 7 'specinterface' 'specinterface_ln0' <Predicate = true> <Delay = 0.00>
ST_1 : Operation 8 [1/1] (0.00ns)   --->   "%specinterface_ln0 = specinterface void @_ssdm_op_SpecInterface, i256 %m_axis_rx_meta, void @empty_4, i32 1, i32 1, void @empty_3, i32 0, i32 0, void @empty_2, void @empty_2, void @empty_2, i32 0, i32 0, i32 0, i32 0, void @empty_2, void @empty_2, i32 4294967295, i32 0"   --->   Operation 8 'specinterface' 'specinterface_ln0' <Predicate = true> <Delay = 0.00>
ST_1 : Operation 9 [1/1] (0.00ns)   --->   "%specinterface_ln0 = specinterface void @_ssdm_op_SpecInterface, i64 %s_axis_rx_meta, void @empty_4, i32 1, i32 1, void @empty_3, i32 0, i32 0, void @empty_2, void @empty_2, void @empty_2, i32 0, i32 0, i32 0, i32 0, void @empty_2, void @empty_2, i32 4294967295, i32 0"   --->   Operation 9 'specinterface' 'specinterface_ln0' <Predicate = true> <Delay = 0.00>
ST_1 : Operation 10 [1/1] (0.00ns)   --->   "%specpipeline_ln178 = specpipeline void @_ssdm_op_SpecPipeline, i32 1, i32 0, i32 0, i32 0, void @empty_2" [/mnt/scratch/pyuvaraj/Vitis_RoCE_W/Vitis_RoCE/fpga-network-stack/hls/udp/udp.cpp:178]   --->   Operation 10 'specpipeline' 'specpipeline_ln178' <Predicate = true> <Delay = 0.00>
ST_1 : Operation 11 [1/1] (0.00ns)   --->   "%tmp_i = nbreadreq i1 @_ssdm_op_NbReadReq.axis.i64P128A, i64 %s_axis_rx_meta, i32 1" [/tools/Xilinx/Vitis_HLS/2022.1/common/technology/autopilot/hls_stream_39.h:136]   --->   Operation 11 'nbreadreq' 'tmp_i' <Predicate = true> <Delay = 0.00> <CoreInst = "axis">   --->   Core 123 'axis' <Latency = 0> <II = 1> <Delay = 1.00> <Adapter> <Opcode : >
ST_1 : Operation 12 [1/1] (0.00ns)   --->   "%br_ln187 = br i1 %tmp_i, void %merge_rx_meta.exit, void %land.lhs.true.i" [/mnt/scratch/pyuvaraj/Vitis_RoCE_W/Vitis_RoCE/fpga-network-stack/hls/udp/udp.cpp:187]   --->   Operation 12 'br' 'br_ln187' <Predicate = true> <Delay = 0.00>
ST_1 : Operation 13 [1/1] (0.00ns)   --->   "%tmp_i_35 = nbreadreq i1 @_ssdm_op_NbReadReq.ap_fifo.i64P0A, i64 %rx_udpMetaFifo, i32 1" [/tools/Xilinx/Vitis_HLS/2022.1/common/technology/autopilot/hls_stream_39.h:136]   --->   Operation 13 'nbreadreq' 'tmp_i_35' <Predicate = (tmp_i)> <Delay = 0.00> <CoreInst = "FIFO_SRL">   --->   Core 81 'FIFO_SRL' <Latency = 0> <II = 1> <Delay = 1.40> <Storage> <Opcode : 'read' 'write' 'nbread' 'nbwrite'> <Ports = 0> <Width = 64> <Depth = 2> <FIFO>
ST_1 : Operation 14 [1/1] (0.00ns)   --->   "%br_ln187 = br i1 %tmp_i_35, void %merge_rx_meta.exit, void %if.then.i" [/mnt/scratch/pyuvaraj/Vitis_RoCE_W/Vitis_RoCE/fpga-network-stack/hls/udp/udp.cpp:187]   --->   Operation 14 'br' 'br_ln187' <Predicate = (tmp_i)> <Delay = 0.00>
ST_1 : Operation 15 [1/1] (0.00ns)   --->   "%s_axis_rx_meta_read = read i64 @_ssdm_op_Read.axis.volatile.i64P128A, i64 %s_axis_rx_meta" [/tools/Xilinx/Vitis_HLS/2022.1/common/technology/autopilot/hls_stream_39.h:145]   --->   Operation 15 'read' 's_axis_rx_meta_read' <Predicate = (tmp_i & tmp_i_35)> <Delay = 0.00> <CoreInst = "axis">   --->   Core 123 'axis' <Latency = 0> <II = 1> <Delay = 1.00> <Adapter> <Opcode : >
ST_1 : Operation 16 [1/1] (0.00ns)   --->   "%meta0_their_address_V = trunc i64 %s_axis_rx_meta_read" [/tools/Xilinx/Vitis_HLS/2022.1/common/technology/autopilot/hls_stream_39.h:145]   --->   Operation 16 'trunc' 'meta0_their_address_V' <Predicate = (tmp_i & tmp_i_35)> <Delay = 0.00>
ST_1 : Operation 17 [1/1] (1.16ns)   --->   "%rx_udpMetaFifo_read = read i64 @_ssdm_op_Read.ap_fifo.volatile.i64P0A, i64 %rx_udpMetaFifo" [/tools/Xilinx/Vitis_HLS/2022.1/common/technology/autopilot/hls_stream_39.h:145]   --->   Operation 17 'read' 'rx_udpMetaFifo_read' <Predicate = (tmp_i & tmp_i_35)> <Delay = 1.16> <CoreInst = "FIFO_SRL">   --->   Core 81 'FIFO_SRL' <Latency = 0> <II = 1> <Delay = 1.40> <Storage> <Opcode : 'read' 'write' 'nbread' 'nbwrite'> <Ports = 0> <Width = 64> <Depth = 2> <FIFO>
ST_1 : Operation 18 [1/1] (0.00ns)   --->   "%meta1_valid = bitselect i1 @_ssdm_op_BitSelect.i1.i64.i64, i64 %rx_udpMetaFifo_read, i64 48" [/tools/Xilinx/Vitis_HLS/2022.1/common/technology/autopilot/hls_stream_39.h:145]   --->   Operation 18 'bitselect' 'meta1_valid' <Predicate = (tmp_i & tmp_i_35)> <Delay = 0.00>
ST_1 : Operation 19 [1/1] (0.00ns)   --->   "%br_ln191 = br i1 %meta1_valid, void %if.end.i, void %if.then2.i" [/mnt/scratch/pyuvaraj/Vitis_RoCE_W/Vitis_RoCE/fpga-network-stack/hls/udp/udp.cpp:191]   --->   Operation 19 'br' 'br_ln191' <Predicate = (tmp_i & tmp_i_35)> <Delay = 0.00>
ST_1 : Operation 20 [1/1] (0.00ns)   --->   "%trunc_ln174 = trunc i64 %rx_udpMetaFifo_read" [/tools/Xilinx/Vitis_HLS/2022.1/common/technology/autopilot/hls_stream_39.h:174]   --->   Operation 20 'trunc' 'trunc_ln174' <Predicate = (tmp_i & tmp_i_35 & meta1_valid)> <Delay = 0.00>
ST_1 : Operation 21 [1/1] (0.00ns)   --->   "%br_ln195 = br void %merge_rx_meta.exit" [/mnt/scratch/pyuvaraj/Vitis_RoCE_W/Vitis_RoCE/fpga-network-stack/hls/udp/udp.cpp:195]   --->   Operation 21 'br' 'br_ln195' <Predicate = (tmp_i & tmp_i_35)> <Delay = 0.00>

State 2 <SV = 1> <Delay = 0.00>
ST_2 : Operation 22 [1/1] (0.00ns)   --->   "%tmp_20_i = bitconcatenate i176 @_ssdm_op_BitConcatenate.i176.i48.i96.i32, i48 %trunc_ln174, i96 0, i32 %meta0_their_address_V" [/tools/Xilinx/Vitis_HLS/2022.1/common/technology/autopilot/hls_stream_39.h:174]   --->   Operation 22 'bitconcatenate' 'tmp_20_i' <Predicate = (tmp_i & tmp_i_35 & meta1_valid)> <Delay = 0.00>
ST_2 : Operation 23 [1/1] (0.00ns)   --->   "%zext_ln174 = zext i176 %tmp_20_i" [/tools/Xilinx/Vitis_HLS/2022.1/common/technology/autopilot/hls_stream_39.h:174]   --->   Operation 23 'zext' 'zext_ln174' <Predicate = (tmp_i & tmp_i_35 & meta1_valid)> <Delay = 0.00>
ST_2 : Operation 24 [2/2] (0.00ns)   --->   "%write_ln174 = write void @_ssdm_op_Write.axis.volatile.i256P128A, i256 %m_axis_rx_meta, i256 %zext_ln174" [/tools/Xilinx/Vitis_HLS/2022.1/common/technology/autopilot/hls_stream_39.h:174]   --->   Operation 24 'write' 'write_ln174' <Predicate = (tmp_i & tmp_i_35 & meta1_valid)> <Delay = 0.00> <CoreInst = "axis">   --->   Core 123 'axis' <Latency = 0> <II = 1> <Delay = 1.00> <Adapter> <Opcode : >

State 3 <SV = 2> <Delay = 0.00>
ST_3 : Operation 25 [1/2] (0.00ns)   --->   "%write_ln174 = write void @_ssdm_op_Write.axis.volatile.i256P128A, i256 %m_axis_rx_meta, i256 %zext_ln174" [/tools/Xilinx/Vitis_HLS/2022.1/common/technology/autopilot/hls_stream_39.h:174]   --->   Operation 25 'write' 'write_ln174' <Predicate = (tmp_i & tmp_i_35 & meta1_valid)> <Delay = 0.00> <CoreInst = "axis">   --->   Core 123 'axis' <Latency = 0> <II = 1> <Delay = 1.00> <Adapter> <Opcode : >
ST_3 : Operation 26 [1/1] (0.00ns)   --->   "%br_ln194 = br void %if.end.i" [/mnt/scratch/pyuvaraj/Vitis_RoCE_W/Vitis_RoCE/fpga-network-stack/hls/udp/udp.cpp:194]   --->   Operation 26 'br' 'br_ln194' <Predicate = (tmp_i & tmp_i_35 & meta1_valid)> <Delay = 0.00>
ST_3 : Operation 27 [1/1] (0.00ns)   --->   "%ret_ln0 = ret"   --->   Operation 27 'ret' 'ret_ln0' <Predicate = true> <Delay = 0.00>


============================================================
+ Verbose Summary: Binding
============================================================
STG Binding: 
---------------- STG Properties BEGIN ----------------
- Is combinational: 0
- Is one-state seq: 0
- Is datapath-only: 0
- Is pipelined: 1
- Is top level: 0
Port [ Return ] is wired: 1; IO mode=ap_ctrl_hs:ce=0
Port [ s_axis_rx_meta]:  wired=1; compound=1; hidden=0; nouse=0; global=0; static=0; extern=0; dir=0; type=0; pingpong=0; private_global=0; IO mode=axis:ce=0
Port [ m_axis_rx_meta]:  wired=1; compound=1; hidden=0; nouse=0; global=0; static=0; extern=0; dir=1; type=0; pingpong=0; private_global=0; IO mode=axis:ce=0
Port [ rx_udpMetaFifo]:  wired=1; compound=1; hidden=0; nouse=0; global=1; static=1; extern=0; dir=0; type=3; pingpong=0; private_global=0; IO mode=ap_fifo:ce=0
---------------- STG Properties END ------------------

---------------- Datapath Model BEGIN ----------------

<LifeTime>
<method=bitvector/>
specinterface_ln0     (specinterface ) [ 0000]
specinterface_ln0     (specinterface ) [ 0000]
specinterface_ln0     (specinterface ) [ 0000]
specinterface_ln0     (specinterface ) [ 0000]
specinterface_ln0     (specinterface ) [ 0000]
specinterface_ln0     (specinterface ) [ 0000]
specpipeline_ln178    (specpipeline  ) [ 0000]
tmp_i                 (nbreadreq     ) [ 0111]
br_ln187              (br            ) [ 0000]
tmp_i_35              (nbreadreq     ) [ 0111]
br_ln187              (br            ) [ 0000]
s_axis_rx_meta_read   (read          ) [ 0000]
meta0_their_address_V (trunc         ) [ 0110]
rx_udpMetaFifo_read   (read          ) [ 0000]
meta1_valid           (bitselect     ) [ 0111]
br_ln191              (br            ) [ 0000]
trunc_ln174           (trunc         ) [ 0110]
br_ln195              (br            ) [ 0000]
tmp_20_i              (bitconcatenate) [ 0000]
zext_ln174            (zext          ) [ 0101]
write_ln174           (write         ) [ 0000]
br_ln194              (br            ) [ 0000]
ret_ln0               (ret           ) [ 0000]
</LifeTime>

<model>

<comp_list>
<comp id="0" class="1000" name="s_axis_rx_meta">
<pin_list>
<pin id="1" dir="1" index="0" bw="1" slack="0"/>
</pin_list>
<bind>
<StgValue><ssdm name="s_axis_rx_meta"/></StgValue>
</bind>
</comp>

<comp id="2" class="1000" name="m_axis_rx_meta">
<pin_list>
<pin id="3" dir="1" index="0" bw="1" slack="0"/>
</pin_list>
<bind>
<StgValue><ssdm name="m_axis_rx_meta"/></StgValue>
</bind>
</comp>

<comp id="4" class="1000" name="rx_udpMetaFifo">
<pin_list>
<pin id="5" dir="1" index="0" bw="1" slack="0"/>
</pin_list>
<bind>
<StgValue><ssdm name="rx_udpMetaFifo"/></StgValue>
</bind>
</comp>

<comp id="6" class="1001" name="const_6">
<pin_list>
<pin id="7" dir="1" index="0" bw="1" slack="2147483647"/>
</pin_list>
<bind>
<StgValue><ssdm name="_ssdm_op_SpecInterface"/></StgValue>
</bind>
</comp>

<comp id="8" class="1001" name="const_8">
<pin_list>
<pin id="9" dir="1" index="0" bw="1" slack="2147483647"/>
</pin_list>
<bind>
<StgValue><ssdm name="empty_0"/></StgValue>
</bind>
</comp>

<comp id="10" class="1001" name="const_10">
<pin_list>
<pin id="11" dir="1" index="0" bw="1" slack="2147483647"/>
</pin_list>
<bind>
<StgValue><ssdm name=""/></StgValue>
</bind>
</comp>

<comp id="12" class="1001" name="const_12">
<pin_list>
<pin id="13" dir="1" index="0" bw="1" slack="2147483647"/>
</pin_list>
<bind>
<StgValue><ssdm name="empty_2"/></StgValue>
</bind>
</comp>

<comp id="14" class="1001" name="const_14">
<pin_list>
<pin id="15" dir="1" index="0" bw="1" slack="2147483647"/>
</pin_list>
<bind>
<StgValue><ssdm name=""/></StgValue>
</bind>
</comp>

<comp id="16" class="1001" name="const_16">
<pin_list>
<pin id="17" dir="1" index="0" bw="1" slack="2147483647"/>
</pin_list>
<bind>
<StgValue><ssdm name="empty_4"/></StgValue>
</bind>
</comp>

<comp id="18" class="1001" name="const_18">
<pin_list>
<pin id="19" dir="1" index="0" bw="1" slack="0"/>
</pin_list>
<bind>
<StgValue><ssdm name=""/></StgValue>
</bind>
</comp>

<comp id="20" class="1001" name="const_20">
<pin_list>
<pin id="21" dir="1" index="0" bw="1" slack="2147483647"/>
</pin_list>
<bind>
<StgValue><ssdm name="empty_3"/></StgValue>
</bind>
</comp>

<comp id="22" class="1001" name="const_22">
<pin_list>
<pin id="23" dir="1" index="0" bw="1" slack="2147483647"/>
</pin_list>
<bind>
<StgValue><ssdm name="_ssdm_op_SpecPipeline"/></StgValue>
</bind>
</comp>

<comp id="24" class="1001" name="const_24">
<pin_list>
<pin id="25" dir="1" index="0" bw="1" slack="0"/>
</pin_list>
<bind>
<StgValue><ssdm name="_ssdm_op_NbReadReq.axis.i64P128A"/></StgValue>
</bind>
</comp>

<comp id="26" class="1001" name="const_26">
<pin_list>
<pin id="27" dir="1" index="0" bw="1" slack="0"/>
</pin_list>
<bind>
<StgValue><ssdm name="_ssdm_op_NbReadReq.ap_fifo.i64P0A"/></StgValue>
</bind>
</comp>

<comp id="28" class="1001" name="const_28">
<pin_list>
<pin id="29" dir="1" index="0" bw="1" slack="0"/>
</pin_list>
<bind>
<StgValue><ssdm name="_ssdm_op_Read.axis.volatile.i64P128A"/></StgValue>
</bind>
</comp>

<comp id="30" class="1001" name="const_30">
<pin_list>
<pin id="31" dir="1" index="0" bw="1" slack="0"/>
</pin_list>
<bind>
<StgValue><ssdm name="_ssdm_op_Read.ap_fifo.volatile.i64P0A"/></StgValue>
</bind>
</comp>

<comp id="32" class="1001" name="const_32">
<pin_list>
<pin id="33" dir="1" index="0" bw="1" slack="0"/>
</pin_list>
<bind>
<StgValue><ssdm name="_ssdm_op_BitSelect.i1.i64.i64"/></StgValue>
</bind>
</comp>

<comp id="34" class="1001" name="const_34">
<pin_list>
<pin id="35" dir="1" index="0" bw="1" slack="0"/>
</pin_list>
<bind>
<StgValue><ssdm name=""/></StgValue>
</bind>
</comp>

<comp id="36" class="1001" name="const_36">
<pin_list>
<pin id="37" dir="1" index="0" bw="1" slack="0"/>
</pin_list>
<bind>
<StgValue><ssdm name="_ssdm_op_BitConcatenate.i176.i48.i96.i32"/></StgValue>
</bind>
</comp>

<comp id="38" class="1001" name="const_38">
<pin_list>
<pin id="39" dir="1" index="0" bw="1" slack="0"/>
</pin_list>
<bind>
<StgValue><ssdm name=""/></StgValue>
</bind>
</comp>

<comp id="40" class="1001" name="const_40">
<pin_list>
<pin id="41" dir="1" index="0" bw="1" slack="0"/>
</pin_list>
<bind>
<StgValue><ssdm name="_ssdm_op_Write.axis.volatile.i256P128A"/></StgValue>
</bind>
</comp>

<comp id="42" class="1004" name="tmp_i_nbreadreq_fu_42">
<pin_list>
<pin id="43" dir="0" index="0" bw="1" slack="0"/>
<pin id="44" dir="0" index="1" bw="64" slack="0"/>
<pin id="45" dir="0" index="2" bw="1" slack="0"/>
<pin id="46" dir="1" index="3" bw="1" slack="1"/>
</pin_list>
<bind>
<opcode="nbreadreq(1156) " fcode="nbreadreq"/>
<opset="tmp_i/1 "/>
</bind>
</comp>

<comp id="50" class="1004" name="tmp_i_35_nbreadreq_fu_50">
<pin_list>
<pin id="51" dir="0" index="0" bw="1" slack="0"/>
<pin id="52" dir="0" index="1" bw="64" slack="0"/>
<pin id="53" dir="0" index="2" bw="1" slack="0"/>
<pin id="54" dir="1" index="3" bw="1" slack="1"/>
</pin_list>
<bind>
<opcode="nbreadreq(1156) " fcode="nbreadreq"/>
<opset="tmp_i_35/1 "/>
</bind>
</comp>

<comp id="58" class="1004" name="s_axis_rx_meta_read_read_fu_58">
<pin_list>
<pin id="59" dir="0" index="0" bw="64" slack="0"/>
<pin id="60" dir="0" index="1" bw="64" slack="0"/>
<pin id="61" dir="1" index="2" bw="64" slack="0"/>
</pin_list>
<bind>
<opcode="read(1150) " fcode="read"/>
<opset="s_axis_rx_meta_read/1 "/>
</bind>
</comp>

<comp id="64" class="1004" name="rx_udpMetaFifo_read_read_fu_64">
<pin_list>
<pin id="65" dir="0" index="0" bw="64" slack="0"/>
<pin id="66" dir="0" index="1" bw="64" slack="0"/>
<pin id="67" dir="1" index="2" bw="64" slack="0"/>
</pin_list>
<bind>
<opcode="read(1150) " fcode="read"/>
<opset="rx_udpMetaFifo_read/1 "/>
</bind>
</comp>

<comp id="70" class="1004" name="grp_write_fu_70">
<pin_list>
<pin id="71" dir="0" index="0" bw="0" slack="0"/>
<pin id="72" dir="0" index="1" bw="256" slack="0"/>
<pin id="73" dir="0" index="2" bw="176" slack="0"/>
<pin id="74" dir="1" index="3" bw="0" slack="2147483647"/>
</pin_list>
<bind>
<opcode="write(1151) " fcode="write"/>
<opset="write_ln174/2 "/>
</bind>
</comp>

<comp id="77" class="1004" name="meta0_their_address_V_fu_77">
<pin_list>
<pin id="78" dir="0" index="0" bw="64" slack="0"/>
<pin id="79" dir="1" index="1" bw="32" slack="1"/>
</pin_list>
<bind>
<opcode="trunc(33) " fcode="trunc"/>
<opset="meta0_their_address_V/1 "/>
</bind>
</comp>

<comp id="81" class="1004" name="meta1_valid_fu_81">
<pin_list>
<pin id="82" dir="0" index="0" bw="1" slack="0"/>
<pin id="83" dir="0" index="1" bw="64" slack="0"/>
<pin id="84" dir="0" index="2" bw="7" slack="0"/>
<pin id="85" dir="1" index="3" bw="1" slack="1"/>
</pin_list>
<bind>
<opcode="bitselect(1000) " fcode="bitselect"/>
<opset="meta1_valid/1 "/>
</bind>
</comp>

<comp id="89" class="1004" name="trunc_ln174_fu_89">
<pin_list>
<pin id="90" dir="0" index="0" bw="64" slack="0"/>
<pin id="91" dir="1" index="1" bw="48" slack="1"/>
</pin_list>
<bind>
<opcode="trunc(33) " fcode="trunc"/>
<opset="trunc_ln174/1 "/>
</bind>
</comp>

<comp id="93" class="1004" name="tmp_20_i_fu_93">
<pin_list>
<pin id="94" dir="0" index="0" bw="176" slack="0"/>
<pin id="95" dir="0" index="1" bw="48" slack="1"/>
<pin id="96" dir="0" index="2" bw="1" slack="0"/>
<pin id="97" dir="0" index="3" bw="32" slack="1"/>
<pin id="98" dir="1" index="4" bw="176" slack="0"/>
</pin_list>
<bind>
<opcode="bitconcatenate(1004) " fcode="bitconcatenate"/>
<opset="tmp_20_i/2 "/>
</bind>
</comp>

<comp id="101" class="1004" name="zext_ln174_fu_101">
<pin_list>
<pin id="102" dir="0" index="0" bw="176" slack="0"/>
<pin id="103" dir="1" index="1" bw="256" slack="0"/>
</pin_list>
<bind>
<opcode="zext(34) " fcode="zext"/>
<opset="zext_ln174/2 "/>
</bind>
</comp>

<comp id="106" class="1005" name="tmp_i_reg_106">
<pin_list>
<pin id="107" dir="0" index="0" bw="1" slack="1"/>
<pin id="108" dir="1" index="1" bw="1" slack="2147483647"/>
</pin_list>
<bind>
<opset="tmp_i "/>
</bind>
</comp>

<comp id="110" class="1005" name="tmp_i_35_reg_110">
<pin_list>
<pin id="111" dir="0" index="0" bw="1" slack="1"/>
<pin id="112" dir="1" index="1" bw="1" slack="2147483647"/>
</pin_list>
<bind>
<opset="tmp_i_35 "/>
</bind>
</comp>

<comp id="114" class="1005" name="meta0_their_address_V_reg_114">
<pin_list>
<pin id="115" dir="0" index="0" bw="32" slack="1"/>
<pin id="116" dir="1" index="1" bw="32" slack="1"/>
</pin_list>
<bind>
<opset="meta0_their_address_V "/>
</bind>
</comp>

<comp id="119" class="1005" name="meta1_valid_reg_119">
<pin_list>
<pin id="120" dir="0" index="0" bw="1" slack="1"/>
<pin id="121" dir="1" index="1" bw="1" slack="2147483647"/>
</pin_list>
<bind>
<opset="meta1_valid "/>
</bind>
</comp>

<comp id="123" class="1005" name="trunc_ln174_reg_123">
<pin_list>
<pin id="124" dir="0" index="0" bw="48" slack="1"/>
<pin id="125" dir="1" index="1" bw="48" slack="1"/>
</pin_list>
<bind>
<opset="trunc_ln174 "/>
</bind>
</comp>

<comp id="128" class="1005" name="zext_ln174_reg_128">
<pin_list>
<pin id="129" dir="0" index="0" bw="256" slack="1"/>
<pin id="130" dir="1" index="1" bw="256" slack="1"/>
</pin_list>
<bind>
<opset="zext_ln174 "/>
</bind>
</comp>

</comp_list>

<net_list>
<net id="47"><net_src comp="24" pin="0"/><net_sink comp="42" pin=0"/></net>

<net id="48"><net_src comp="0" pin="0"/><net_sink comp="42" pin=1"/></net>

<net id="49"><net_src comp="18" pin="0"/><net_sink comp="42" pin=2"/></net>

<net id="55"><net_src comp="26" pin="0"/><net_sink comp="50" pin=0"/></net>

<net id="56"><net_src comp="4" pin="0"/><net_sink comp="50" pin=1"/></net>

<net id="57"><net_src comp="18" pin="0"/><net_sink comp="50" pin=2"/></net>

<net id="62"><net_src comp="28" pin="0"/><net_sink comp="58" pin=0"/></net>

<net id="63"><net_src comp="0" pin="0"/><net_sink comp="58" pin=1"/></net>

<net id="68"><net_src comp="30" pin="0"/><net_sink comp="64" pin=0"/></net>

<net id="69"><net_src comp="4" pin="0"/><net_sink comp="64" pin=1"/></net>

<net id="75"><net_src comp="40" pin="0"/><net_sink comp="70" pin=0"/></net>

<net id="76"><net_src comp="2" pin="0"/><net_sink comp="70" pin=1"/></net>

<net id="80"><net_src comp="58" pin="2"/><net_sink comp="77" pin=0"/></net>

<net id="86"><net_src comp="32" pin="0"/><net_sink comp="81" pin=0"/></net>

<net id="87"><net_src comp="64" pin="2"/><net_sink comp="81" pin=1"/></net>

<net id="88"><net_src comp="34" pin="0"/><net_sink comp="81" pin=2"/></net>

<net id="92"><net_src comp="64" pin="2"/><net_sink comp="89" pin=0"/></net>

<net id="99"><net_src comp="36" pin="0"/><net_sink comp="93" pin=0"/></net>

<net id="100"><net_src comp="38" pin="0"/><net_sink comp="93" pin=2"/></net>

<net id="104"><net_src comp="93" pin="4"/><net_sink comp="101" pin=0"/></net>

<net id="105"><net_src comp="101" pin="1"/><net_sink comp="70" pin=2"/></net>

<net id="109"><net_src comp="42" pin="3"/><net_sink comp="106" pin=0"/></net>

<net id="113"><net_src comp="50" pin="3"/><net_sink comp="110" pin=0"/></net>

<net id="117"><net_src comp="77" pin="1"/><net_sink comp="114" pin=0"/></net>

<net id="118"><net_src comp="114" pin="1"/><net_sink comp="93" pin=3"/></net>

<net id="122"><net_src comp="81" pin="3"/><net_sink comp="119" pin=0"/></net>

<net id="126"><net_src comp="89" pin="1"/><net_sink comp="123" pin=0"/></net>

<net id="127"><net_src comp="123" pin="1"/><net_sink comp="93" pin=1"/></net>

<net id="131"><net_src comp="101" pin="1"/><net_sink comp="128" pin=0"/></net>

<net id="132"><net_src comp="128" pin="1"/><net_sink comp="70" pin=2"/></net>

</net_list>

</model> 
---------------- Datapath Model END ------------------

* FSMD analyzer results:
  - Output states:
	Port: s_axis_rx_meta | {}
	Port: m_axis_rx_meta | {3 }
	Port: rx_udpMetaFifo | {}
 - Input state : 
	Port: merge_rx_meta : s_axis_rx_meta | {1 }
	Port: merge_rx_meta : m_axis_rx_meta | {}
	Port: merge_rx_meta : rx_udpMetaFifo | {1 }
  - Chain level:
	State 1
		br_ln191 : 1
	State 2
		zext_ln174 : 1
		write_ln174 : 2
	State 3


============================================================
+ Verbose Summary: Datapath Resource usage 
============================================================

* Functional unit list:
|----------|--------------------------------|
| Operation|         Functional Unit        |
|----------|--------------------------------|
| nbreadreq|      tmp_i_nbreadreq_fu_42     |
|          |    tmp_i_35_nbreadreq_fu_50    |
|----------|--------------------------------|
|   read   | s_axis_rx_meta_read_read_fu_58 |
|          | rx_udpMetaFifo_read_read_fu_64 |
|----------|--------------------------------|
|   write  |         grp_write_fu_70        |
|----------|--------------------------------|
|   trunc  |   meta0_their_address_V_fu_77  |
|          |        trunc_ln174_fu_89       |
|----------|--------------------------------|
| bitselect|        meta1_valid_fu_81       |
|----------|--------------------------------|
|bitconcatenate|         tmp_20_i_fu_93         |
|----------|--------------------------------|
|   zext   |        zext_ln174_fu_101       |
|----------|--------------------------------|
|   Total  |                                |
|----------|--------------------------------|

Memories:
N/A

* Register list:
+-----------------------------+--------+
|                             |   FF   |
+-----------------------------+--------+
|meta0_their_address_V_reg_114|   32   |
|     meta1_valid_reg_119     |    1   |
|       tmp_i_35_reg_110      |    1   |
|        tmp_i_reg_106        |    1   |
|     trunc_ln174_reg_123     |   48   |
|      zext_ln174_reg_128     |   256  |
+-----------------------------+--------+
|            Total            |   339  |
+-----------------------------+--------+

* Multiplexer (MUX) list: 
|-----------------|------|------|------|--------||---------||---------|
|       Comp      |  Pin | Size |  BW  | S x BW ||  Delay  ||   LUT   |
|-----------------|------|------|------|--------||---------||---------|
| grp_write_fu_70 |  p2  |   2  |  176 |   352  ||    9    |
|-----------------|------|------|------|--------||---------||---------|
|      Total      |      |      |      |   352  ||  0.387  ||    9    |
|-----------------|------|------|------|--------||---------||---------|



* Summary:
+-----------+--------+--------+--------+
|           |  Delay |   FF   |   LUT  |
+-----------+--------+--------+--------+
|  Function |    -   |    -   |    -   |
|   Memory  |    -   |    -   |    -   |
|Multiplexer|    0   |    -   |    9   |
|  Register |    -   |   339  |    -   |
+-----------+--------+--------+--------+
|   Total   |    0   |   339  |    9   |
+-----------+--------+--------+--------+
