

================================================================
== Vitis HLS Report for 'process_udp_512_s'
================================================================
* Date:           Tue Jul 11 09:29:06 2023

* Version:        2022.1 (Build 3526262 on Mon Apr 18 15:47:01 MDT 2022)
* Project:        udp_prj
* Solution:       solution1 (Vivado IP Flow Target)
* Product family: virtexuplus
* Target device:  xcu280-fsvh2892-2L-e


================================================================
== Performance Estimates
================================================================
+ Timing: 
    * Summary: 
    +--------+---------+----------+------------+
    |  Clock |  Target | Estimated| Uncertainty|
    +--------+---------+----------+------------+
    |ap_clk  |  3.20 ns|  1.844 ns|     0.86 ns|
    +--------+---------+----------+------------+

+ Latency: 
    * Summary: 
    +---------+---------+----------+----------+-----+-----+---------+
    |  Latency (cycles) |  Latency (absolute) |  Interval | Pipeline|
    |   min   |   max   |    min   |    max   | min | max |   Type  |
    +---------+---------+----------+----------+-----+-----+---------+
    |        2|        2|  6.400 ns|  6.400 ns|    1|    1|      yes|
    +---------+---------+----------+----------+-----+-----+---------+

    + Detail: 
        * Instance: 
        N/A

        * Loop: 
        N/A

============================================================
+ Verbose Summary: Synthesis Manager
============================================================
InlineROM: 1
ExposeGlobal: 0
============================================================
+ Verbose Summary: CDFG Model
============================================================
IsTopModel: 0
ResetActiveHigh: 1
IsCombinational: 2
IsDatapathOnly: 0
HasWiredReturn: 1
HasMFsm: 2
HasVarLatency: 0
IsPipeline: 1
IsRtlPipelined: 1
IsInstanceOverlapped: 0
IsDontTouch: 0
HasImplIP: 0
IsGatedGlobalClock: 0

+ Individual pipeline summary: 
  * Pipeline-0: initiation interval (II) = 1, depth = 3


============================================================
+ Verbose Summary: Schedule
============================================================
* Number of FSM states : 3
* Pipeline : 1
  Pipeline-0 : II = 1, D = 3, States = { 1 2 3 }
* Dataflow Pipeline: 0

* FSM state transitions: 
1 --> 2 
2 --> 3 
3 --> 

* FSM state operations: 

State 1 <SV = 0> <Delay = 1.82>
ST_1 : Operation 4 [1/1] (0.00ns)   --->   "%regListenPort_read = read i16 @_ssdm_op_Read.ap_auto.i16, i16 %regListenPort" [/mnt/scratch/pyuvaraj/Vitis_RoCE_W/Vitis_RoCE/fpga-network-stack/hls/udp/udp.cpp:32]   --->   Operation 4 'read' 'regListenPort_read' <Predicate = true> <Delay = 0.00>
ST_1 : Operation 5 [1/1] (0.00ns)   --->   "%specinterface_ln0 = specinterface void @_ssdm_op_SpecInterface, i1024 %rx_udp2shiftFifo, void @empty_0, i32 0, i32 0, void @empty_2, i32 0, i32 0, void @empty_2, void @empty_2, void @empty_2, i32 0, i32 0, i32 0, i32 0, void @empty_2, void @empty_2, i32 4294967295, i32 0"   --->   Operation 5 'specinterface' 'specinterface_ln0' <Predicate = true> <Delay = 0.00>
ST_1 : Operation 6 [1/1] (0.00ns)   --->   "%specinterface_ln0 = specinterface void @_ssdm_op_SpecInterface, i1024 %rx_udp2shiftFifo, void @empty_0, i32 0, i32 0, void @empty_2, i32 0, i32 0, void @empty_2, void @empty_2, void @empty_2, i32 0, i32 0, i32 0, i32 0, void @empty_2, void @empty_2, i32 4294967295, i32 0"   --->   Operation 6 'specinterface' 'specinterface_ln0' <Predicate = true> <Delay = 0.00>
ST_1 : Operation 7 [1/1] (0.00ns)   --->   "%specinterface_ln0 = specinterface void @_ssdm_op_SpecInterface, i1024 %rx_udp2shiftFifo, void @empty_0, i32 0, i32 0, void @empty_2, i32 0, i32 0, void @empty_2, void @empty_2, void @empty_2, i32 0, i32 0, i32 0, i32 0, void @empty_2, void @empty_2, i32 4294967295, i32 0"   --->   Operation 7 'specinterface' 'specinterface_ln0' <Predicate = true> <Delay = 0.00>
ST_1 : Operation 8 [1/1] (0.00ns)   --->   "%specinterface_ln0 = specinterface void @_ssdm_op_SpecInterface, i64 %rx_udpMetaFifo, void @empty_0, i32 0, i32 0, void @empty_2, i32 0, i32 0, void @empty_2, void @empty_2, void @empty_2, i32 0, i32 0, i32 0, i32 0, void @empty_2, void @empty_2, i32 4294967295, i32 0"   --->   Operation 8 'specinterface' 'specinterface_ln0' <Predicate = true> <Delay = 0.00>
ST_1 : Operation 9 [1/1] (0.00ns)   --->   "%specinterface_ln0 = specinterface void @_ssdm_op_SpecInterface, i64 %rx_udpMetaFifo, void @empty_0, i32 0, i32 0, void @empty_2, i32 0, i32 0, void @empty_2, void @empty_2, void @empty_2, i32 0, i32 0, i32 0, i32 0, void @empty_2, void @empty_2, i32 4294967295, i32 0"   --->   Operation 9 'specinterface' 'specinterface_ln0' <Predicate = true> <Delay = 0.00>
ST_1 : Operation 10 [1/1] (0.00ns)   --->   "%specinterface_ln0 = specinterface void @_ssdm_op_SpecInterface, i64 %rx_udpMetaFifo, void @empty_0, i32 0, i32 0, void @empty_2, i32 0, i32 0, void @empty_2, void @empty_2, void @empty_2, i32 0, i32 0, i32 0, i32 0, void @empty_2, void @empty_2, i32 4294967295, i32 0"   --->   Operation 10 'specinterface' 'specinterface_ln0' <Predicate = true> <Delay = 0.00>
ST_1 : Operation 11 [1/1] (0.00ns)   --->   "%specinterface_ln0 = specinterface void @_ssdm_op_SpecInterface, i64 %rx_udpMetaFifo, void @empty_0, i32 0, i32 0, void @empty_2, i32 0, i32 0, void @empty_2, void @empty_2, void @empty_2, i32 0, i32 0, i32 0, i32 0, void @empty_2, void @empty_2, i32 4294967295, i32 0"   --->   Operation 11 'specinterface' 'specinterface_ln0' <Predicate = true> <Delay = 0.00>
ST_1 : Operation 12 [1/1] (0.00ns)   --->   "%specinterface_ln0 = specinterface void @_ssdm_op_SpecInterface, i1024 %rx_udp2shiftFifo, void @empty_0, i32 0, i32 0, void @empty_2, i32 0, i32 0, void @empty_2, void @empty_2, void @empty_2, i32 0, i32 0, i32 0, i32 0, void @empty_2, void @empty_2, i32 4294967295, i32 0"   --->   Operation 12 'specinterface' 'specinterface_ln0' <Predicate = true> <Delay = 0.00>
ST_1 : Operation 13 [1/1] (0.00ns)   --->   "%specinterface_ln0 = specinterface void @_ssdm_op_SpecInterface, i1024 %s_axis_rx_data, void @empty_4, i32 1, i32 1, void @empty_3, i32 0, i32 0, void @empty_2, void @empty_2, void @empty_2, i32 0, i32 0, i32 0, i32 0, void @empty_2, void @empty_2, i32 4294967295, i32 0"   --->   Operation 13 'specinterface' 'specinterface_ln0' <Predicate = true> <Delay = 0.00>
ST_1 : Operation 14 [1/1] (0.00ns)   --->   "%specpipeline_ln32 = specpipeline void @_ssdm_op_SpecPipeline, i32 1, i32 0, i32 0, i32 0, void @empty_2" [/mnt/scratch/pyuvaraj/Vitis_RoCE_W/Vitis_RoCE/fpga-network-stack/hls/udp/udp.cpp:32]   --->   Operation 14 'specpipeline' 'specpipeline_ln32' <Predicate = true> <Delay = 0.00>
ST_1 : Operation 15 [1/1] (0.00ns)   --->   "%tmp_i = nbreadreq i1 @_ssdm_op_NbReadReq.axis.i1024P128A, i1024 %s_axis_rx_data, i32 1" [/tools/Xilinx/Vitis_HLS/2022.1/common/technology/autopilot/hls_stream_39.h:136]   --->   Operation 15 'nbreadreq' 'tmp_i' <Predicate = true> <Delay = 0.00> <CoreInst = "axis">   --->   Core 123 'axis' <Latency = 0> <II = 1> <Delay = 1.00> <Adapter> <Opcode : >
ST_1 : Operation 16 [1/1] (0.00ns)   --->   "%br_ln43 = br i1 %tmp_i, void %process_udp<512>.exit, void %if.then.i" [/mnt/scratch/pyuvaraj/Vitis_RoCE_W/Vitis_RoCE/fpga-network-stack/hls/udp/udp.cpp:43]   --->   Operation 16 'br' 'br_ln43' <Predicate = true> <Delay = 0.00>
ST_1 : Operation 17 [1/1] (0.00ns)   --->   "%s_axis_rx_data_read = read i1024 @_ssdm_op_Read.axis.volatile.i1024P128A, i1024 %s_axis_rx_data" [/tools/Xilinx/Vitis_HLS/2022.1/common/technology/autopilot/hls_stream_39.h:145]   --->   Operation 17 'read' 's_axis_rx_data_read' <Predicate = (tmp_i)> <Delay = 0.00> <CoreInst = "axis">   --->   Core 123 'axis' <Latency = 0> <II = 1> <Delay = 1.00> <Adapter> <Opcode : >
ST_1 : Operation 18 [1/1] (0.00ns)   --->   "%currWord_last_V = bitselect i1 @_ssdm_op_BitSelect.i1.i1024.i1024, i1024 %s_axis_rx_data_read, i1024 576" [/tools/Xilinx/Vitis_HLS/2022.1/common/technology/autopilot/hls_stream_39.h:145]   --->   Operation 18 'bitselect' 'currWord_last_V' <Predicate = (tmp_i)> <Delay = 0.00>
ST_1 : Operation 19 [1/1] (0.00ns)   --->   "%pu_header_ready_load = load i1 %pu_header_ready" [/mnt/scratch/pyuvaraj/Vitis_RoCE_W/Vitis_RoCE/fpga-network-stack/hls/udp/../packet.hpp:55]   --->   Operation 19 'load' 'pu_header_ready_load' <Predicate = (tmp_i)> <Delay = 0.00>
ST_1 : Operation 20 [1/1] (0.00ns)   --->   "%pu_header_idx_load = load i16 %pu_header_idx" [/mnt/scratch/pyuvaraj/Vitis_RoCE_W/Vitis_RoCE/fpga-network-stack/hls/udp/../packet.hpp:58]   --->   Operation 20 'load' 'pu_header_idx_load' <Predicate = (tmp_i)> <Delay = 0.00>
ST_1 : Operation 21 [1/1] (0.00ns)   --->   "%p_Val2_s = load i64 %pu_header_header_V"   --->   Operation 21 'load' 'p_Val2_s' <Predicate = (tmp_i)> <Delay = 0.00>
ST_1 : Operation 22 [1/1] (0.38ns)   --->   "%br_ln55 = br i1 %pu_header_ready_load, void %if.end.i.i, void %if.then5.i" [/mnt/scratch/pyuvaraj/Vitis_RoCE_W/Vitis_RoCE/fpga-network-stack/hls/udp/../packet.hpp:55]   --->   Operation 22 'br' 'br_ln55' <Predicate = (tmp_i)> <Delay = 0.38>
ST_1 : Operation 23 [1/1] (0.00ns)   --->   "%tmp_6 = trunc i1024 %s_axis_rx_data_read"   --->   Operation 23 'trunc' 'tmp_6' <Predicate = (tmp_i & !pu_header_ready_load)> <Delay = 0.00>
ST_1 : Operation 24 [1/1] (0.78ns)   --->   "%add_ln67 = add i16 %pu_header_idx_load, i16 1" [/mnt/scratch/pyuvaraj/Vitis_RoCE_W/Vitis_RoCE/fpga-network-stack/hls/udp/../packet.hpp:67]   --->   Operation 24 'add' 'add_ln67' <Predicate = (tmp_i & !pu_header_ready_load)> <Delay = 0.78> <CoreInst = "Adder">   --->   Core 1 'Adder' <Latency = 0> <II = 1> <Delay = 0.78> <FuncUnit> <Opcode : 'add' 'sub'> <InPorts = 2> <OutPorts = 1>
ST_1 : Operation 25 [1/1] (0.00ns)   --->   "%tmp_4 = bitconcatenate i19 @_ssdm_op_BitConcatenate.i19.i16.i3, i16 %pu_header_idx_load, i3 0"   --->   Operation 25 'bitconcatenate' 'tmp_4' <Predicate = (tmp_i & !pu_header_ready_load)> <Delay = 0.00>
ST_1 : Operation 26 [1/1] (0.00ns)   --->   "%zext_ln414 = zext i19 %tmp_4"   --->   Operation 26 'zext' 'zext_ln414' <Predicate = (tmp_i & !pu_header_ready_load)> <Delay = 0.00>
ST_1 : Operation 27 [1/1] (0.71ns)   --->   "%icmp_ln414 = icmp_ne  i26 %zext_ln414, i26 0"   --->   Operation 27 'icmp' 'icmp_ln414' <Predicate = (tmp_i & !pu_header_ready_load)> <Delay = 0.71> <CoreInst = "Cmp">   --->   Core 9 'Cmp' <Latency = 0> <II = 1> <Delay = 0.71> <FuncUnit> <Opcode : 'icmp'> <InPorts = 2> <OutPorts = 1>
ST_1 : Operation 28 [1/1] (0.00ns) (grouped into LUT with out node and_ln414_1)   --->   "%trunc_ln414 = trunc i1024 %s_axis_rx_data_read"   --->   Operation 28 'trunc' 'trunc_ln414' <Predicate = (tmp_i & !pu_header_ready_load)> <Delay = 0.00>
ST_1 : Operation 29 [1/1] (0.00ns) (grouped into LUT with out node and_ln414_1)   --->   "%st = bitconcatenate i64 @_ssdm_op_BitConcatenate.i64.i1.i63, i1 %trunc_ln414, i63 0"   --->   Operation 29 'bitconcatenate' 'st' <Predicate = (tmp_i & !pu_header_ready_load)> <Delay = 0.00>
ST_1 : Operation 30 [1/1] (0.00ns) (grouped into LUT with out node and_ln414_1)   --->   "%select_ln414 = select i1 %icmp_ln414, i64 %st, i64 %tmp_6"   --->   Operation 30 'select' 'select_ln414' <Predicate = (tmp_i & !pu_header_ready_load)> <Delay = 0.00> <CoreInst = "Sel">   --->   Core 73 'Sel' <Latency = 0> <II = 1> <Delay = 0.41> <FuncUnit> <Opcode : 'select'> <InPorts = 3> <OutPorts = 1>
ST_1 : Operation 31 [1/1] (0.00ns) (grouped into LUT with out node and_ln414_1)   --->   "%tmp_5 = partselect i64 @llvm.part.select.i64, i64 %select_ln414, i32 63, i32 0"   --->   Operation 31 'partselect' 'tmp_5' <Predicate = (tmp_i & !pu_header_ready_load)> <Delay = 0.00>
ST_1 : Operation 32 [1/1] (0.00ns) (grouped into LUT with out node and_ln414_1)   --->   "%select_ln414_1 = select i1 %icmp_ln414, i64 %tmp_5, i64 %tmp_6"   --->   Operation 32 'select' 'select_ln414_1' <Predicate = (tmp_i & !pu_header_ready_load)> <Delay = 0.00> <CoreInst = "Sel">   --->   Core 73 'Sel' <Latency = 0> <II = 1> <Delay = 0.41> <FuncUnit> <Opcode : 'select'> <InPorts = 3> <OutPorts = 1>
ST_1 : Operation 33 [1/1] (0.00ns) (grouped into LUT with out node or_ln414)   --->   "%select_ln414_2 = select i1 %icmp_ln414, i64 9223372036854775807, i64 0"   --->   Operation 33 'select' 'select_ln414_2' <Predicate = (tmp_i & !pu_header_ready_load)> <Delay = 0.00> <CoreInst = "Sel">   --->   Core 73 'Sel' <Latency = 0> <II = 1> <Delay = 0.41> <FuncUnit> <Opcode : 'select'> <InPorts = 3> <OutPorts = 1>
ST_1 : Operation 34 [1/1] (0.00ns) (grouped into LUT with out node or_ln414)   --->   "%select_ln414_3 = select i1 %icmp_ln414, i64 18446744073709551614, i64 0"   --->   Operation 34 'select' 'select_ln414_3' <Predicate = (tmp_i & !pu_header_ready_load)> <Delay = 0.00> <CoreInst = "Sel">   --->   Core 73 'Sel' <Latency = 0> <II = 1> <Delay = 0.27> <FuncUnit> <Opcode : 'select'> <InPorts = 3> <OutPorts = 1>
ST_1 : Operation 35 [1/1] (0.41ns) (out node of the LUT)   --->   "%or_ln414 = or i64 %select_ln414_2, i64 %select_ln414_3"   --->   Operation 35 'or' 'or_ln414' <Predicate = (tmp_i & !pu_header_ready_load)> <Delay = 0.41> <CoreInst = "LogicGate">   --->   Core 74 'LogicGate' <Latency = 0> <II = 1> <Delay = 0.28> <FuncUnit> <Opcode : 'and' 'or' 'xor'> <InPorts = 2> <OutPorts = 1>
ST_1 : Operation 36 [1/1] (0.00ns) (grouped into LUT with out node and_ln414_1)   --->   "%xor_ln414 = xor i64 %or_ln414, i64 18446744073709551615"   --->   Operation 36 'xor' 'xor_ln414' <Predicate = (tmp_i & !pu_header_ready_load)> <Delay = 0.00> <CoreInst = "LogicGate">   --->   Core 74 'LogicGate' <Latency = 0> <II = 1> <Delay = 0.28> <FuncUnit> <Opcode : 'and' 'or' 'xor'> <InPorts = 2> <OutPorts = 1>
ST_1 : Operation 37 [1/1] (0.00ns) (grouped into LUT with out node p_Result_s)   --->   "%and_ln414 = and i64 %p_Val2_s, i64 %or_ln414"   --->   Operation 37 'and' 'and_ln414' <Predicate = (tmp_i & !pu_header_ready_load)> <Delay = 0.00> <CoreInst = "LogicGate">   --->   Core 74 'LogicGate' <Latency = 0> <II = 1> <Delay = 0.28> <FuncUnit> <Opcode : 'and' 'or' 'xor'> <InPorts = 2> <OutPorts = 1>
ST_1 : Operation 38 [1/1] (0.41ns) (out node of the LUT)   --->   "%and_ln414_1 = and i64 %select_ln414_1, i64 %xor_ln414"   --->   Operation 38 'and' 'and_ln414_1' <Predicate = (tmp_i & !pu_header_ready_load)> <Delay = 0.41> <CoreInst = "LogicGate">   --->   Core 74 'LogicGate' <Latency = 0> <II = 1> <Delay = 0.28> <FuncUnit> <Opcode : 'and' 'or' 'xor'> <InPorts = 2> <OutPorts = 1>
ST_1 : Operation 39 [1/1] (0.28ns) (out node of the LUT)   --->   "%p_Result_s = or i64 %and_ln414, i64 %and_ln414_1"   --->   Operation 39 'or' 'p_Result_s' <Predicate = (tmp_i & !pu_header_ready_load)> <Delay = 0.28> <CoreInst = "LogicGate">   --->   Core 74 'LogicGate' <Latency = 0> <II = 1> <Delay = 0.28> <FuncUnit> <Opcode : 'and' 'or' 'xor'> <InPorts = 2> <OutPorts = 1>
ST_1 : Operation 40 [1/1] (0.00ns)   --->   "%store_ln414 = store i64 %p_Result_s, i64 %pu_header_header_V"   --->   Operation 40 'store' 'store_ln414' <Predicate = (tmp_i & !pu_header_ready_load)> <Delay = 0.00>
ST_1 : Operation 41 [1/1] (0.38ns)   --->   "%br_ln0 = br void %if.then5.i"   --->   Operation 41 'br' 'br_ln0' <Predicate = (tmp_i & !pu_header_ready_load)> <Delay = 0.38>
ST_1 : Operation 42 [1/1] (0.00ns)   --->   "%pu_header_ready_flag_0_i = phi i1 0, void %if.then.i, i1 1, void %if.end.i.i"   --->   Operation 42 'phi' 'pu_header_ready_flag_0_i' <Predicate = (tmp_i)> <Delay = 0.00>
ST_1 : Operation 43 [1/1] (0.00ns)   --->   "%pu_header_idx_new_0_i = phi i16 0, void %if.then.i, i16 %add_ln67, void %if.end.i.i" [/mnt/scratch/pyuvaraj/Vitis_RoCE_W/Vitis_RoCE/fpga-network-stack/hls/udp/../packet.hpp:67]   --->   Operation 43 'phi' 'pu_header_idx_new_0_i' <Predicate = (tmp_i)> <Delay = 0.00>
ST_1 : Operation 44 [1/1] (0.00ns)   --->   "%metaWritten_load = load i1 %metaWritten" [/mnt/scratch/pyuvaraj/Vitis_RoCE_W/Vitis_RoCE/fpga-network-stack/hls/udp/udp.cpp:66]   --->   Operation 44 'load' 'metaWritten_load' <Predicate = (tmp_i)> <Delay = 0.00>
ST_1 : Operation 45 [1/1] (0.38ns)   --->   "%br_ln66 = br i1 %metaWritten_load, void %if.then9.i, void %if.end18.i" [/mnt/scratch/pyuvaraj/Vitis_RoCE_W/Vitis_RoCE/fpga-network-stack/hls/udp/udp.cpp:66]   --->   Operation 45 'br' 'br_ln66' <Predicate = (tmp_i)> <Delay = 0.38>
ST_1 : Operation 46 [1/1] (0.38ns)   --->   "%br_ln71 = br void %if.end18.i" [/mnt/scratch/pyuvaraj/Vitis_RoCE_W/Vitis_RoCE/fpga-network-stack/hls/udp/udp.cpp:71]   --->   Operation 46 'br' 'br_ln71' <Predicate = (tmp_i & !metaWritten_load)> <Delay = 0.38>
ST_1 : Operation 47 [1/1] (0.00ns) (grouped into LUT with out node or_ln73_1)   --->   "%metaWritten_flag_0_i = phi i1 0, void %if.end8.i, i1 1, void %if.then9.i"   --->   Operation 47 'phi' 'metaWritten_flag_0_i' <Predicate = (tmp_i)> <Delay = 0.00>
ST_1 : Operation 48 [1/1] (0.12ns)   --->   "%or_ln73 = or i1 %currWord_last_V, i1 %pu_header_ready_flag_0_i" [/mnt/scratch/pyuvaraj/Vitis_RoCE_W/Vitis_RoCE/fpga-network-stack/hls/udp/udp.cpp:73]   --->   Operation 48 'or' 'or_ln73' <Predicate = (tmp_i)> <Delay = 0.12> <CoreInst = "LogicGate">   --->   Core 74 'LogicGate' <Latency = 0> <II = 1> <Delay = 0.12> <FuncUnit> <Opcode : 'and' 'or' 'xor'> <InPorts = 2> <OutPorts = 1>
ST_1 : Operation 49 [1/1] (0.12ns)   --->   "%xor_ln73 = xor i1 %currWord_last_V, i1 1" [/mnt/scratch/pyuvaraj/Vitis_RoCE_W/Vitis_RoCE/fpga-network-stack/hls/udp/udp.cpp:73]   --->   Operation 49 'xor' 'xor_ln73' <Predicate = (tmp_i)> <Delay = 0.12> <CoreInst = "LogicGate">   --->   Core 74 'LogicGate' <Latency = 0> <II = 1> <Delay = 0.12> <FuncUnit> <Opcode : 'and' 'or' 'xor'> <InPorts = 2> <OutPorts = 1>
ST_1 : Operation 50 [1/1] (0.24ns)   --->   "%select_ln73 = select i1 %currWord_last_V, i16 0, i16 %pu_header_idx_new_0_i" [/mnt/scratch/pyuvaraj/Vitis_RoCE_W/Vitis_RoCE/fpga-network-stack/hls/udp/udp.cpp:73]   --->   Operation 50 'select' 'select_ln73' <Predicate = (tmp_i)> <Delay = 0.24> <CoreInst = "Sel">   --->   Core 73 'Sel' <Latency = 0> <II = 1> <Delay = 0.24> <FuncUnit> <Opcode : 'select'> <InPorts = 3> <OutPorts = 1>
ST_1 : Operation 51 [1/1] (0.12ns) (out node of the LUT)   --->   "%or_ln73_1 = or i1 %currWord_last_V, i1 %metaWritten_flag_0_i" [/mnt/scratch/pyuvaraj/Vitis_RoCE_W/Vitis_RoCE/fpga-network-stack/hls/udp/udp.cpp:73]   --->   Operation 51 'or' 'or_ln73_1' <Predicate = (tmp_i)> <Delay = 0.12> <CoreInst = "LogicGate">   --->   Core 74 'LogicGate' <Latency = 0> <II = 1> <Delay = 0.12> <FuncUnit> <Opcode : 'and' 'or' 'xor'> <InPorts = 2> <OutPorts = 1>
ST_1 : Operation 52 [1/1] (0.00ns)   --->   "%br_ln73 = br i1 %or_ln73_1, void %if.end21.new6.i, void %mergeST5.i" [/mnt/scratch/pyuvaraj/Vitis_RoCE_W/Vitis_RoCE/fpga-network-stack/hls/udp/udp.cpp:73]   --->   Operation 52 'br' 'br_ln73' <Predicate = (tmp_i)> <Delay = 0.00>
ST_1 : Operation 53 [1/1] (0.00ns)   --->   "%store_ln70 = store i1 %xor_ln73, i1 %metaWritten" [/mnt/scratch/pyuvaraj/Vitis_RoCE_W/Vitis_RoCE/fpga-network-stack/hls/udp/udp.cpp:70]   --->   Operation 53 'store' 'store_ln70' <Predicate = (tmp_i & or_ln73_1)> <Delay = 0.00>
ST_1 : Operation 54 [1/1] (0.00ns)   --->   "%br_ln0 = br void %if.end21.new6.i"   --->   Operation 54 'br' 'br_ln0' <Predicate = (tmp_i & or_ln73_1)> <Delay = 0.00>
ST_1 : Operation 55 [1/1] (0.00ns)   --->   "%br_ln73 = br i1 %or_ln73, void %if.end21.new.i, void %mergeST3.i" [/mnt/scratch/pyuvaraj/Vitis_RoCE_W/Vitis_RoCE/fpga-network-stack/hls/udp/udp.cpp:73]   --->   Operation 55 'br' 'br_ln73' <Predicate = (tmp_i)> <Delay = 0.00>
ST_1 : Operation 56 [1/1] (0.00ns)   --->   "%store_ln67 = store i16 %select_ln73, i16 %pu_header_idx" [/mnt/scratch/pyuvaraj/Vitis_RoCE_W/Vitis_RoCE/fpga-network-stack/hls/udp/../packet.hpp:67]   --->   Operation 56 'store' 'store_ln67' <Predicate = (tmp_i & or_ln73)> <Delay = 0.00>
ST_1 : Operation 57 [1/1] (0.00ns)   --->   "%store_ln65 = store i1 %xor_ln73, i1 %pu_header_ready" [/mnt/scratch/pyuvaraj/Vitis_RoCE_W/Vitis_RoCE/fpga-network-stack/hls/udp/../packet.hpp:65]   --->   Operation 57 'store' 'store_ln65' <Predicate = (tmp_i & or_ln73)> <Delay = 0.00>
ST_1 : Operation 58 [1/1] (0.00ns)   --->   "%br_ln0 = br void %if.end21.new.i"   --->   Operation 58 'br' 'br_ln0' <Predicate = (tmp_i & or_ln73)> <Delay = 0.00>
ST_1 : Operation 59 [1/1] (0.00ns)   --->   "%br_ln78 = br void %process_udp<512>.exit" [/mnt/scratch/pyuvaraj/Vitis_RoCE_W/Vitis_RoCE/fpga-network-stack/hls/udp/udp.cpp:78]   --->   Operation 59 'br' 'br_ln78' <Predicate = (tmp_i)> <Delay = 0.00>

State 2 <SV = 1> <Delay = 1.84>
ST_2 : Operation 60 [1/1] (0.00ns)   --->   "%p_Val2_7_in_i_in_in = phi i64 %p_Val2_s, void %if.then.i, i64 %p_Result_s, void %if.end.i.i"   --->   Operation 60 'phi' 'p_Val2_7_in_i_in_in' <Predicate = (tmp_i)> <Delay = 0.00>
ST_2 : Operation 61 [1/1] (0.00ns)   --->   "%tmp_i_34 = partselect i8 @_ssdm_op_PartSelect.i8.i64.i32.i32, i64 %p_Val2_7_in_i_in_in, i32 24, i32 31"   --->   Operation 61 'partselect' 'tmp_i_34' <Predicate = (tmp_i)> <Delay = 0.00>
ST_2 : Operation 62 [1/1] (0.00ns)   --->   "%tmp_2_i = partselect i8 @_ssdm_op_PartSelect.i8.i64.i32.i32, i64 %p_Val2_7_in_i_in_in, i32 16, i32 23"   --->   Operation 62 'partselect' 'tmp_2_i' <Predicate = (tmp_i)> <Delay = 0.00>
ST_2 : Operation 63 [1/1] (0.00ns)   --->   "%p_Result_5 = bitconcatenate i16 @_ssdm_op_BitConcatenate.i16.i8.i8, i8 %tmp_2_i, i8 %tmp_i_34"   --->   Operation 63 'bitconcatenate' 'p_Result_5' <Predicate = (tmp_i)> <Delay = 0.00>
ST_2 : Operation 64 [1/1] (0.67ns)   --->   "%icmp_ln1065 = icmp_eq  i16 %p_Result_5, i16 %regListenPort_read"   --->   Operation 64 'icmp' 'icmp_ln1065' <Predicate = (tmp_i)> <Delay = 0.67> <CoreInst = "Cmp">   --->   Core 9 'Cmp' <Latency = 0> <II = 1> <Delay = 0.67> <FuncUnit> <Opcode : 'icmp'> <InPorts = 2> <OutPorts = 1>
ST_2 : Operation 65 [1/1] (0.00ns)   --->   "%br_ln62 = br i1 %icmp_ln1065, void %if.end8.i, void %if.then7.i" [/mnt/scratch/pyuvaraj/Vitis_RoCE_W/Vitis_RoCE/fpga-network-stack/hls/udp/udp.cpp:62]   --->   Operation 65 'br' 'br_ln62' <Predicate = (tmp_i)> <Delay = 0.00>
ST_2 : Operation 66 [1/1] (0.00ns)   --->   "%tmp_3_i = partselect i8 @_ssdm_op_PartSelect.i8.i64.i32.i32, i64 %p_Val2_7_in_i_in_in, i32 8, i32 15"   --->   Operation 66 'partselect' 'tmp_3_i' <Predicate = (tmp_i & !metaWritten_load)> <Delay = 0.00>
ST_2 : Operation 67 [1/1] (0.00ns)   --->   "%trunc_ln674 = trunc i64 %p_Val2_7_in_i_in_in"   --->   Operation 67 'trunc' 'trunc_ln674' <Predicate = (tmp_i & !metaWritten_load)> <Delay = 0.00>
ST_2 : Operation 68 [1/1] (0.00ns)   --->   "%tmp_6_i = partselect i8 @_ssdm_op_PartSelect.i8.i64.i32.i32, i64 %p_Val2_7_in_i_in_in, i32 32, i32 39"   --->   Operation 68 'partselect' 'tmp_6_i' <Predicate = (tmp_i & !metaWritten_load)> <Delay = 0.00>
ST_2 : Operation 69 [1/1] (0.00ns)   --->   "%tmp = partselect i8 @_ssdm_op_PartSelect.i8.i64.i32.i32, i64 %p_Val2_7_in_i_in_in, i32 40, i32 47" [/tools/Xilinx/Vitis_HLS/2022.1/common/technology/autopilot/hls_stream_39.h:174]   --->   Operation 69 'partselect' 'tmp' <Predicate = (tmp_i & !metaWritten_load)> <Delay = 0.00>
ST_2 : Operation 70 [1/1] (0.00ns)   --->   "%tmp_3 = bitconcatenate i49 @_ssdm_op_BitConcatenate.i49.i1.i8.i8.i8.i8.i8.i8, i1 %icmp_ln1065, i8 %tmp_6_i, i8 %tmp, i8 %tmp_2_i, i8 %tmp_i_34, i8 %trunc_ln674, i8 %tmp_3_i" [/tools/Xilinx/Vitis_HLS/2022.1/common/technology/autopilot/hls_stream_39.h:174]   --->   Operation 70 'bitconcatenate' 'tmp_3' <Predicate = (tmp_i & !metaWritten_load)> <Delay = 0.00>
ST_2 : Operation 71 [1/1] (0.00ns)   --->   "%zext_ln174 = zext i49 %tmp_3" [/tools/Xilinx/Vitis_HLS/2022.1/common/technology/autopilot/hls_stream_39.h:174]   --->   Operation 71 'zext' 'zext_ln174' <Predicate = (tmp_i & !metaWritten_load)> <Delay = 0.00>
ST_2 : Operation 72 [1/1] (1.16ns)   --->   "%write_ln174 = write void @_ssdm_op_Write.ap_fifo.volatile.i64P0A, i64 %rx_udpMetaFifo, i64 %zext_ln174" [/tools/Xilinx/Vitis_HLS/2022.1/common/technology/autopilot/hls_stream_39.h:174]   --->   Operation 72 'write' 'write_ln174' <Predicate = (tmp_i & !metaWritten_load)> <Delay = 1.16> <CoreInst = "FIFO_SRL">   --->   Core 81 'FIFO_SRL' <Latency = 0> <II = 1> <Delay = 1.40> <Storage> <Opcode : 'read' 'write' 'nbread' 'nbwrite'> <Ports = 0> <Width = 64> <Depth = 2> <FIFO>

State 3 <SV = 2> <Delay = 1.16>
ST_3 : Operation 73 [1/1] (1.16ns)   --->   "%write_ln174 = write void @_ssdm_op_Write.ap_fifo.volatile.i1024P0A, i1024 %rx_udp2shiftFifo, i1024 %s_axis_rx_data_read" [/tools/Xilinx/Vitis_HLS/2022.1/common/technology/autopilot/hls_stream_39.h:174]   --->   Operation 73 'write' 'write_ln174' <Predicate = (tmp_i & icmp_ln1065)> <Delay = 1.16> <CoreInst = "FIFO_SRL">   --->   Core 81 'FIFO_SRL' <Latency = 0> <II = 1> <Delay = 1.33> <Storage> <Opcode : 'read' 'write' 'nbread' 'nbwrite'> <Ports = 0> <Width = 1024> <Depth = 2> <FIFO>
ST_3 : Operation 74 [1/1] (0.00ns)   --->   "%br_ln65 = br void %if.end8.i" [/mnt/scratch/pyuvaraj/Vitis_RoCE_W/Vitis_RoCE/fpga-network-stack/hls/udp/udp.cpp:65]   --->   Operation 74 'br' 'br_ln65' <Predicate = (tmp_i & icmp_ln1065)> <Delay = 0.00>
ST_3 : Operation 75 [1/1] (0.00ns)   --->   "%ret_ln0 = ret"   --->   Operation 75 'ret' 'ret_ln0' <Predicate = true> <Delay = 0.00>


============================================================
+ Verbose Summary: Binding
============================================================
STG Binding: 
---------------- STG Properties BEGIN ----------------
- Is combinational: 0
- Is one-state seq: 0
- Is datapath-only: 0
- Is pipelined: 1
- Is top level: 0
Port [ Return ] is wired: 1; IO mode=ap_ctrl_hs:ce=0
Port [ s_axis_rx_data]:  wired=1; compound=1; hidden=0; nouse=0; global=0; static=0; extern=0; dir=0; type=0; pingpong=0; private_global=0; IO mode=axis:ce=0
Port [ regListenPort]:  wired=1; compound=0; hidden=0; nouse=0; global=0; static=0; extern=0; dir=0; type=0; pingpong=0; private_global=0; IO mode=ap_stable:ce=0
Port [ pu_header_ready]:  wired=0; compound=0; hidden=1; nouse=0; global=1; static=1; extern=0; dir=2; type=0; pingpong=0; private_global=1; IO mode=ap_ovld:ce=0
Port [ pu_header_idx]:  wired=0; compound=0; hidden=1; nouse=0; global=1; static=1; extern=0; dir=2; type=0; pingpong=0; private_global=1; IO mode=ap_ovld:ce=0
Port [ pu_header_header_V]:  wired=0; compound=0; hidden=1; nouse=0; global=1; static=1; extern=0; dir=2; type=0; pingpong=0; private_global=1; IO mode=ap_ovld:ce=0
Port [ rx_udp2shiftFifo]:  wired=1; compound=1; hidden=0; nouse=0; global=1; static=1; extern=0; dir=1; type=3; pingpong=0; private_global=0; IO mode=ap_fifo:ce=0
Port [ metaWritten]:  wired=0; compound=0; hidden=1; nouse=0; global=1; static=1; extern=0; dir=2; type=0; pingpong=0; private_global=1; IO mode=ap_ovld:ce=0
Port [ rx_udpMetaFifo]:  wired=1; compound=1; hidden=0; nouse=0; global=1; static=1; extern=0; dir=1; type=3; pingpong=0; private_global=0; IO mode=ap_fifo:ce=0
---------------- STG Properties END ------------------

---------------- Datapath Model BEGIN ----------------

<LifeTime>
<method=bitvector/>
regListenPort_read       (read          ) [ 0110]
specinterface_ln0        (specinterface ) [ 0000]
specinterface_ln0        (specinterface ) [ 0000]
specinterface_ln0        (specinterface ) [ 0000]
specinterface_ln0        (specinterface ) [ 0000]
specinterface_ln0        (specinterface ) [ 0000]
specinterface_ln0        (specinterface ) [ 0000]
specinterface_ln0        (specinterface ) [ 0000]
specinterface_ln0        (specinterface ) [ 0000]
specinterface_ln0        (specinterface ) [ 0000]
specpipeline_ln32        (specpipeline  ) [ 0000]
tmp_i                    (nbreadreq     ) [ 0111]
br_ln43                  (br            ) [ 0000]
s_axis_rx_data_read      (read          ) [ 0111]
currWord_last_V          (bitselect     ) [ 0000]
pu_header_ready_load     (load          ) [ 0100]
pu_header_idx_load       (load          ) [ 0000]
p_Val2_s                 (load          ) [ 0110]
br_ln55                  (br            ) [ 0110]
tmp_6                    (trunc         ) [ 0000]
add_ln67                 (add           ) [ 0000]
tmp_4                    (bitconcatenate) [ 0000]
zext_ln414               (zext          ) [ 0000]
icmp_ln414               (icmp          ) [ 0000]
trunc_ln414              (trunc         ) [ 0000]
st                       (bitconcatenate) [ 0000]
select_ln414             (select        ) [ 0000]
tmp_5                    (partselect    ) [ 0000]
select_ln414_1           (select        ) [ 0000]
select_ln414_2           (select        ) [ 0000]
select_ln414_3           (select        ) [ 0000]
or_ln414                 (or            ) [ 0000]
xor_ln414                (xor           ) [ 0000]
and_ln414                (and           ) [ 0000]
and_ln414_1              (and           ) [ 0000]
p_Result_s               (or            ) [ 0110]
store_ln414              (store         ) [ 0000]
br_ln0                   (br            ) [ 0110]
pu_header_ready_flag_0_i (phi           ) [ 0000]
pu_header_idx_new_0_i    (phi           ) [ 0000]
metaWritten_load         (load          ) [ 0110]
br_ln66                  (br            ) [ 0000]
br_ln71                  (br            ) [ 0000]
metaWritten_flag_0_i     (phi           ) [ 0000]
or_ln73                  (or            ) [ 0100]
xor_ln73                 (xor           ) [ 0000]
select_ln73              (select        ) [ 0000]
or_ln73_1                (or            ) [ 0100]
br_ln73                  (br            ) [ 0000]
store_ln70               (store         ) [ 0000]
br_ln0                   (br            ) [ 0000]
br_ln73                  (br            ) [ 0000]
store_ln67               (store         ) [ 0000]
store_ln65               (store         ) [ 0000]
br_ln0                   (br            ) [ 0000]
br_ln78                  (br            ) [ 0000]
p_Val2_7_in_i_in_in      (phi           ) [ 0110]
tmp_i_34                 (partselect    ) [ 0000]
tmp_2_i                  (partselect    ) [ 0000]
p_Result_5               (bitconcatenate) [ 0000]
icmp_ln1065              (icmp          ) [ 0101]
br_ln62                  (br            ) [ 0000]
tmp_3_i                  (partselect    ) [ 0000]
trunc_ln674              (trunc         ) [ 0000]
tmp_6_i                  (partselect    ) [ 0000]
tmp                      (partselect    ) [ 0000]
tmp_3                    (bitconcatenate) [ 0000]
zext_ln174               (zext          ) [ 0000]
write_ln174              (write         ) [ 0000]
write_ln174              (write         ) [ 0000]
br_ln65                  (br            ) [ 0000]
ret_ln0                  (ret           ) [ 0000]
</LifeTime>

<model>

<comp_list>
<comp id="0" class="1000" name="s_axis_rx_data">
<pin_list>
<pin id="1" dir="1" index="0" bw="1" slack="0"/>
</pin_list>
<bind>
<StgValue><ssdm name="s_axis_rx_data"/></StgValue>
</bind>
</comp>

<comp id="2" class="1000" name="regListenPort">
<pin_list>
<pin id="3" dir="1" index="0" bw="1" slack="0"/>
</pin_list>
<bind>
<StgValue><ssdm name="regListenPort"/></StgValue>
</bind>
</comp>

<comp id="4" class="1000" name="pu_header_ready">
<pin_list>
<pin id="5" dir="1" index="0" bw="1" slack="0"/>
</pin_list>
<bind>
<StgValue><ssdm name="pu_header_ready"/></StgValue>
</bind>
</comp>

<comp id="6" class="1000" name="pu_header_idx">
<pin_list>
<pin id="7" dir="1" index="0" bw="1" slack="0"/>
</pin_list>
<bind>
<StgValue><ssdm name="pu_header_idx"/></StgValue>
</bind>
</comp>

<comp id="8" class="1000" name="pu_header_header_V">
<pin_list>
<pin id="9" dir="1" index="0" bw="1" slack="0"/>
</pin_list>
<bind>
<StgValue><ssdm name="pu_header_header_V"/></StgValue>
</bind>
</comp>

<comp id="10" class="1000" name="rx_udp2shiftFifo">
<pin_list>
<pin id="11" dir="1" index="0" bw="1" slack="0"/>
</pin_list>
<bind>
<StgValue><ssdm name="rx_udp2shiftFifo"/></StgValue>
</bind>
</comp>

<comp id="12" class="1000" name="metaWritten">
<pin_list>
<pin id="13" dir="1" index="0" bw="1" slack="0"/>
</pin_list>
<bind>
<StgValue><ssdm name="metaWritten"/></StgValue>
</bind>
</comp>

<comp id="14" class="1000" name="rx_udpMetaFifo">
<pin_list>
<pin id="15" dir="1" index="0" bw="1" slack="0"/>
</pin_list>
<bind>
<StgValue><ssdm name="rx_udpMetaFifo"/></StgValue>
</bind>
</comp>

<comp id="16" class="1001" name="const_16">
<pin_list>
<pin id="17" dir="1" index="0" bw="1" slack="0"/>
</pin_list>
<bind>
<StgValue><ssdm name="_ssdm_op_Read.ap_auto.i16"/></StgValue>
</bind>
</comp>

<comp id="18" class="1001" name="const_18">
<pin_list>
<pin id="19" dir="1" index="0" bw="1" slack="2147483647"/>
</pin_list>
<bind>
<StgValue><ssdm name="_ssdm_op_SpecInterface"/></StgValue>
</bind>
</comp>

<comp id="20" class="1001" name="const_20">
<pin_list>
<pin id="21" dir="1" index="0" bw="1" slack="2147483647"/>
</pin_list>
<bind>
<StgValue><ssdm name="empty_0"/></StgValue>
</bind>
</comp>

<comp id="22" class="1001" name="const_22">
<pin_list>
<pin id="23" dir="1" index="0" bw="1" slack="0"/>
</pin_list>
<bind>
<StgValue><ssdm name=""/></StgValue>
</bind>
</comp>

<comp id="24" class="1001" name="const_24">
<pin_list>
<pin id="25" dir="1" index="0" bw="1" slack="2147483647"/>
</pin_list>
<bind>
<StgValue><ssdm name="empty_2"/></StgValue>
</bind>
</comp>

<comp id="26" class="1001" name="const_26">
<pin_list>
<pin id="27" dir="1" index="0" bw="1" slack="2147483647"/>
</pin_list>
<bind>
<StgValue><ssdm name=""/></StgValue>
</bind>
</comp>

<comp id="28" class="1001" name="const_28">
<pin_list>
<pin id="29" dir="1" index="0" bw="1" slack="2147483647"/>
</pin_list>
<bind>
<StgValue><ssdm name="empty_4"/></StgValue>
</bind>
</comp>

<comp id="30" class="1001" name="const_30">
<pin_list>
<pin id="31" dir="1" index="0" bw="1" slack="0"/>
</pin_list>
<bind>
<StgValue><ssdm name=""/></StgValue>
</bind>
</comp>

<comp id="32" class="1001" name="const_32">
<pin_list>
<pin id="33" dir="1" index="0" bw="1" slack="2147483647"/>
</pin_list>
<bind>
<StgValue><ssdm name="empty_3"/></StgValue>
</bind>
</comp>

<comp id="34" class="1001" name="const_34">
<pin_list>
<pin id="35" dir="1" index="0" bw="1" slack="2147483647"/>
</pin_list>
<bind>
<StgValue><ssdm name="_ssdm_op_SpecPipeline"/></StgValue>
</bind>
</comp>

<comp id="36" class="1001" name="const_36">
<pin_list>
<pin id="37" dir="1" index="0" bw="1" slack="0"/>
</pin_list>
<bind>
<StgValue><ssdm name="_ssdm_op_NbReadReq.axis.i1024P128A"/></StgValue>
</bind>
</comp>

<comp id="38" class="1001" name="const_38">
<pin_list>
<pin id="39" dir="1" index="0" bw="1" slack="0"/>
</pin_list>
<bind>
<StgValue><ssdm name="_ssdm_op_Read.axis.volatile.i1024P128A"/></StgValue>
</bind>
</comp>

<comp id="40" class="1001" name="const_40">
<pin_list>
<pin id="41" dir="1" index="0" bw="1" slack="0"/>
</pin_list>
<bind>
<StgValue><ssdm name="_ssdm_op_BitSelect.i1.i1024.i1024"/></StgValue>
</bind>
</comp>

<comp id="42" class="1001" name="const_42">
<pin_list>
<pin id="43" dir="1" index="0" bw="1" slack="0"/>
</pin_list>
<bind>
<StgValue><ssdm name=""/></StgValue>
</bind>
</comp>

<comp id="44" class="1001" name="const_44">
<pin_list>
<pin id="45" dir="1" index="0" bw="1" slack="0"/>
</pin_list>
<bind>
<StgValue><ssdm name=""/></StgValue>
</bind>
</comp>

<comp id="46" class="1001" name="const_46">
<pin_list>
<pin id="47" dir="1" index="0" bw="1" slack="0"/>
</pin_list>
<bind>
<StgValue><ssdm name="_ssdm_op_BitConcatenate.i19.i16.i3"/></StgValue>
</bind>
</comp>

<comp id="48" class="1001" name="const_48">
<pin_list>
<pin id="49" dir="1" index="0" bw="1" slack="0"/>
</pin_list>
<bind>
<StgValue><ssdm name=""/></StgValue>
</bind>
</comp>

<comp id="50" class="1001" name="const_50">
<pin_list>
<pin id="51" dir="1" index="0" bw="1" slack="0"/>
</pin_list>
<bind>
<StgValue><ssdm name=""/></StgValue>
</bind>
</comp>

<comp id="52" class="1001" name="const_52">
<pin_list>
<pin id="53" dir="1" index="0" bw="1" slack="0"/>
</pin_list>
<bind>
<StgValue><ssdm name="_ssdm_op_BitConcatenate.i64.i1.i63"/></StgValue>
</bind>
</comp>

<comp id="54" class="1001" name="const_54">
<pin_list>
<pin id="55" dir="1" index="0" bw="1" slack="0"/>
</pin_list>
<bind>
<StgValue><ssdm name=""/></StgValue>
</bind>
</comp>

<comp id="56" class="1001" name="const_56">
<pin_list>
<pin id="57" dir="1" index="0" bw="1" slack="0"/>
</pin_list>
<bind>
<StgValue><ssdm name="llvm.part.select.i64"/></StgValue>
</bind>
</comp>

<comp id="58" class="1001" name="const_58">
<pin_list>
<pin id="59" dir="1" index="0" bw="1" slack="0"/>
</pin_list>
<bind>
<StgValue><ssdm name=""/></StgValue>
</bind>
</comp>

<comp id="60" class="1001" name="const_60">
<pin_list>
<pin id="61" dir="1" index="0" bw="1" slack="0"/>
</pin_list>
<bind>
<StgValue><ssdm name=""/></StgValue>
</bind>
</comp>

<comp id="62" class="1001" name="const_62">
<pin_list>
<pin id="63" dir="1" index="0" bw="1" slack="0"/>
</pin_list>
<bind>
<StgValue><ssdm name=""/></StgValue>
</bind>
</comp>

<comp id="64" class="1001" name="const_64">
<pin_list>
<pin id="65" dir="1" index="0" bw="1" slack="0"/>
</pin_list>
<bind>
<StgValue><ssdm name=""/></StgValue>
</bind>
</comp>

<comp id="66" class="1001" name="const_66">
<pin_list>
<pin id="67" dir="1" index="0" bw="1" slack="0"/>
</pin_list>
<bind>
<StgValue><ssdm name=""/></StgValue>
</bind>
</comp>

<comp id="68" class="1001" name="const_68">
<pin_list>
<pin id="69" dir="1" index="0" bw="1" slack="0"/>
</pin_list>
<bind>
<StgValue><ssdm name=""/></StgValue>
</bind>
</comp>

<comp id="70" class="1001" name="const_70">
<pin_list>
<pin id="71" dir="1" index="0" bw="1" slack="0"/>
</pin_list>
<bind>
<StgValue><ssdm name=""/></StgValue>
</bind>
</comp>

<comp id="72" class="1001" name="const_72">
<pin_list>
<pin id="73" dir="1" index="0" bw="1" slack="0"/>
</pin_list>
<bind>
<StgValue><ssdm name=""/></StgValue>
</bind>
</comp>

<comp id="74" class="1001" name="const_74">
<pin_list>
<pin id="75" dir="1" index="0" bw="1" slack="0"/>
</pin_list>
<bind>
<StgValue><ssdm name=""/></StgValue>
</bind>
</comp>

<comp id="76" class="1001" name="const_76">
<pin_list>
<pin id="77" dir="1" index="0" bw="1" slack="0"/>
</pin_list>
<bind>
<StgValue><ssdm name="_ssdm_op_PartSelect.i8.i64.i32.i32"/></StgValue>
</bind>
</comp>

<comp id="78" class="1001" name="const_78">
<pin_list>
<pin id="79" dir="1" index="0" bw="1" slack="0"/>
</pin_list>
<bind>
<StgValue><ssdm name=""/></StgValue>
</bind>
</comp>

<comp id="80" class="1001" name="const_80">
<pin_list>
<pin id="81" dir="1" index="0" bw="1" slack="0"/>
</pin_list>
<bind>
<StgValue><ssdm name=""/></StgValue>
</bind>
</comp>

<comp id="82" class="1001" name="const_82">
<pin_list>
<pin id="83" dir="1" index="0" bw="1" slack="0"/>
</pin_list>
<bind>
<StgValue><ssdm name=""/></StgValue>
</bind>
</comp>

<comp id="84" class="1001" name="const_84">
<pin_list>
<pin id="85" dir="1" index="0" bw="1" slack="0"/>
</pin_list>
<bind>
<StgValue><ssdm name=""/></StgValue>
</bind>
</comp>

<comp id="86" class="1001" name="const_86">
<pin_list>
<pin id="87" dir="1" index="0" bw="1" slack="0"/>
</pin_list>
<bind>
<StgValue><ssdm name="_ssdm_op_BitConcatenate.i16.i8.i8"/></StgValue>
</bind>
</comp>

<comp id="88" class="1001" name="const_88">
<pin_list>
<pin id="89" dir="1" index="0" bw="1" slack="0"/>
</pin_list>
<bind>
<StgValue><ssdm name=""/></StgValue>
</bind>
</comp>

<comp id="90" class="1001" name="const_90">
<pin_list>
<pin id="91" dir="1" index="0" bw="1" slack="0"/>
</pin_list>
<bind>
<StgValue><ssdm name=""/></StgValue>
</bind>
</comp>

<comp id="92" class="1001" name="const_92">
<pin_list>
<pin id="93" dir="1" index="0" bw="1" slack="0"/>
</pin_list>
<bind>
<StgValue><ssdm name=""/></StgValue>
</bind>
</comp>

<comp id="94" class="1001" name="const_94">
<pin_list>
<pin id="95" dir="1" index="0" bw="1" slack="0"/>
</pin_list>
<bind>
<StgValue><ssdm name=""/></StgValue>
</bind>
</comp>

<comp id="96" class="1001" name="const_96">
<pin_list>
<pin id="97" dir="1" index="0" bw="1" slack="0"/>
</pin_list>
<bind>
<StgValue><ssdm name=""/></StgValue>
</bind>
</comp>

<comp id="98" class="1001" name="const_98">
<pin_list>
<pin id="99" dir="1" index="0" bw="1" slack="0"/>
</pin_list>
<bind>
<StgValue><ssdm name=""/></StgValue>
</bind>
</comp>

<comp id="100" class="1001" name="const_100">
<pin_list>
<pin id="101" dir="1" index="0" bw="1" slack="0"/>
</pin_list>
<bind>
<StgValue><ssdm name="_ssdm_op_BitConcatenate.i49.i1.i8.i8.i8.i8.i8.i8"/></StgValue>
</bind>
</comp>

<comp id="102" class="1001" name="const_102">
<pin_list>
<pin id="103" dir="1" index="0" bw="1" slack="0"/>
</pin_list>
<bind>
<StgValue><ssdm name="_ssdm_op_Write.ap_fifo.volatile.i64P0A"/></StgValue>
</bind>
</comp>

<comp id="104" class="1001" name="const_104">
<pin_list>
<pin id="105" dir="1" index="0" bw="1" slack="0"/>
</pin_list>
<bind>
<StgValue><ssdm name="_ssdm_op_Write.ap_fifo.volatile.i1024P0A"/></StgValue>
</bind>
</comp>

<comp id="106" class="1004" name="regListenPort_read_read_fu_106">
<pin_list>
<pin id="107" dir="0" index="0" bw="16" slack="0"/>
<pin id="108" dir="0" index="1" bw="16" slack="0"/>
<pin id="109" dir="1" index="2" bw="16" slack="1"/>
</pin_list>
<bind>
<opcode="read(1150) " fcode="read"/>
<opset="regListenPort_read/1 "/>
</bind>
</comp>

<comp id="112" class="1004" name="tmp_i_nbreadreq_fu_112">
<pin_list>
<pin id="113" dir="0" index="0" bw="1" slack="0"/>
<pin id="114" dir="0" index="1" bw="1024" slack="0"/>
<pin id="115" dir="0" index="2" bw="1" slack="0"/>
<pin id="116" dir="1" index="3" bw="1" slack="1"/>
</pin_list>
<bind>
<opcode="nbreadreq(1156) " fcode="nbreadreq"/>
<opset="tmp_i/1 "/>
</bind>
</comp>

<comp id="120" class="1004" name="s_axis_rx_data_read_read_fu_120">
<pin_list>
<pin id="121" dir="0" index="0" bw="1024" slack="0"/>
<pin id="122" dir="0" index="1" bw="1024" slack="0"/>
<pin id="123" dir="1" index="2" bw="1024" slack="0"/>
</pin_list>
<bind>
<opcode="read(1150) " fcode="read"/>
<opset="s_axis_rx_data_read/1 "/>
</bind>
</comp>

<comp id="126" class="1004" name="write_ln174_write_fu_126">
<pin_list>
<pin id="127" dir="0" index="0" bw="0" slack="0"/>
<pin id="128" dir="0" index="1" bw="64" slack="0"/>
<pin id="129" dir="0" index="2" bw="49" slack="0"/>
<pin id="130" dir="1" index="3" bw="0" slack="2147483647"/>
</pin_list>
<bind>
<opcode="write(1151) " fcode="write"/>
<opset="write_ln174/2 "/>
</bind>
</comp>

<comp id="133" class="1004" name="write_ln174_write_fu_133">
<pin_list>
<pin id="134" dir="0" index="0" bw="0" slack="0"/>
<pin id="135" dir="0" index="1" bw="1024" slack="0"/>
<pin id="136" dir="0" index="2" bw="1024" slack="2"/>
<pin id="137" dir="1" index="3" bw="0" slack="2147483647"/>
</pin_list>
<bind>
<opcode="write(1151) " fcode="write"/>
<opset="write_ln174/3 "/>
</bind>
</comp>

<comp id="140" class="1005" name="pu_header_ready_flag_0_i_reg_140">
<pin_list>
<pin id="141" dir="0" index="0" bw="1" slack="2147483647"/>
<pin id="142" dir="1" index="1" bw="1" slack="2147483647"/>
</pin_list>
<bind>
<opset="pu_header_ready_flag_0_i (phireg) "/>
</bind>
</comp>

<comp id="143" class="1004" name="pu_header_ready_flag_0_i_phi_fu_143">
<pin_list>
<pin id="144" dir="0" index="0" bw="1" slack="0"/>
<pin id="145" dir="0" index="1" bw="0" slack="2147483647"/>
<pin id="146" dir="0" index="2" bw="1" slack="0"/>
<pin id="147" dir="0" index="3" bw="0" slack="2147483647"/>
<pin id="148" dir="1" index="4" bw="1" slack="0"/>
</pin_list>
<bind>
<opcode="phi(47) " fcode="phi"/>
<opset="pu_header_ready_flag_0_i/1 "/>
</bind>
</comp>

<comp id="151" class="1005" name="pu_header_idx_new_0_i_reg_151">
<pin_list>
<pin id="152" dir="0" index="0" bw="16" slack="2147483647"/>
<pin id="153" dir="1" index="1" bw="16" slack="2147483647"/>
</pin_list>
<bind>
<opset="pu_header_idx_new_0_i (phireg) "/>
</bind>
</comp>

<comp id="154" class="1004" name="pu_header_idx_new_0_i_phi_fu_154">
<pin_list>
<pin id="155" dir="0" index="0" bw="1" slack="0"/>
<pin id="156" dir="0" index="1" bw="0" slack="2147483647"/>
<pin id="157" dir="0" index="2" bw="16" slack="0"/>
<pin id="158" dir="0" index="3" bw="0" slack="2147483647"/>
<pin id="159" dir="1" index="4" bw="16" slack="0"/>
</pin_list>
<bind>
<opcode="phi(47) " fcode="phi"/>
<opset="pu_header_idx_new_0_i/1 "/>
</bind>
</comp>

<comp id="161" class="1005" name="metaWritten_flag_0_i_reg_161">
<pin_list>
<pin id="162" dir="0" index="0" bw="1" slack="2147483647"/>
<pin id="163" dir="1" index="1" bw="1" slack="2147483647"/>
</pin_list>
<bind>
<opset="metaWritten_flag_0_i (phireg) "/>
</bind>
</comp>

<comp id="164" class="1004" name="metaWritten_flag_0_i_phi_fu_164">
<pin_list>
<pin id="165" dir="0" index="0" bw="1" slack="0"/>
<pin id="166" dir="0" index="1" bw="0" slack="2147483647"/>
<pin id="167" dir="0" index="2" bw="1" slack="0"/>
<pin id="168" dir="0" index="3" bw="0" slack="2147483647"/>
<pin id="169" dir="1" index="4" bw="1" slack="0"/>
</pin_list>
<bind>
<opcode="phi(47) " fcode="phi"/>
<opset="metaWritten_flag_0_i/1 "/>
</bind>
</comp>

<comp id="172" class="1005" name="p_Val2_7_in_i_in_in_reg_172">
<pin_list>
<pin id="173" dir="0" index="0" bw="64" slack="2147483647"/>
<pin id="174" dir="1" index="1" bw="64" slack="2147483647"/>
</pin_list>
<bind>
<opset="p_Val2_7_in_i_in_in (phireg) "/>
</bind>
</comp>

<comp id="175" class="1004" name="p_Val2_7_in_i_in_in_phi_fu_175">
<pin_list>
<pin id="176" dir="0" index="0" bw="64" slack="1"/>
<pin id="177" dir="0" index="1" bw="0" slack="2147483647"/>
<pin id="178" dir="0" index="2" bw="64" slack="1"/>
<pin id="179" dir="0" index="3" bw="0" slack="2147483647"/>
<pin id="180" dir="1" index="4" bw="64" slack="0"/>
</pin_list>
<bind>
<opcode="phi(47) " fcode="phi"/>
<opset="p_Val2_7_in_i_in_in/2 "/>
</bind>
</comp>

<comp id="181" class="1004" name="currWord_last_V_fu_181">
<pin_list>
<pin id="182" dir="0" index="0" bw="1" slack="0"/>
<pin id="183" dir="0" index="1" bw="1024" slack="0"/>
<pin id="184" dir="0" index="2" bw="11" slack="0"/>
<pin id="185" dir="1" index="3" bw="1" slack="0"/>
</pin_list>
<bind>
<opcode="bitselect(1000) " fcode="bitselect"/>
<opset="currWord_last_V/1 "/>
</bind>
</comp>

<comp id="189" class="1004" name="pu_header_ready_load_load_fu_189">
<pin_list>
<pin id="190" dir="0" index="0" bw="1" slack="0"/>
<pin id="191" dir="1" index="1" bw="1" slack="2147483647"/>
</pin_list>
<bind>
<opcode="load(27) " fcode="load"/>
<opset="pu_header_ready_load/1 "/>
</bind>
</comp>

<comp id="193" class="1004" name="pu_header_idx_load_load_fu_193">
<pin_list>
<pin id="194" dir="0" index="0" bw="16" slack="0"/>
<pin id="195" dir="1" index="1" bw="16" slack="0"/>
</pin_list>
<bind>
<opcode="load(27) " fcode="load"/>
<opset="pu_header_idx_load/1 "/>
</bind>
</comp>

<comp id="197" class="1004" name="p_Val2_s_load_fu_197">
<pin_list>
<pin id="198" dir="0" index="0" bw="64" slack="0"/>
<pin id="199" dir="1" index="1" bw="64" slack="0"/>
</pin_list>
<bind>
<opcode="load(27) " fcode="load"/>
<opset="p_Val2_s/1 "/>
</bind>
</comp>

<comp id="201" class="1004" name="tmp_6_fu_201">
<pin_list>
<pin id="202" dir="0" index="0" bw="1024" slack="0"/>
<pin id="203" dir="1" index="1" bw="64" slack="0"/>
</pin_list>
<bind>
<opcode="trunc(33) " fcode="trunc"/>
<opset="tmp_6/1 "/>
</bind>
</comp>

<comp id="205" class="1004" name="add_ln67_fu_205">
<pin_list>
<pin id="206" dir="0" index="0" bw="16" slack="0"/>
<pin id="207" dir="0" index="1" bw="1" slack="0"/>
<pin id="208" dir="1" index="2" bw="16" slack="0"/>
</pin_list>
<bind>
<opcode="add(8) " fcode="add"/>
<opset="add_ln67/1 "/>
</bind>
</comp>

<comp id="212" class="1004" name="tmp_4_fu_212">
<pin_list>
<pin id="213" dir="0" index="0" bw="19" slack="0"/>
<pin id="214" dir="0" index="1" bw="16" slack="0"/>
<pin id="215" dir="0" index="2" bw="1" slack="0"/>
<pin id="216" dir="1" index="3" bw="19" slack="0"/>
</pin_list>
<bind>
<opcode="bitconcatenate(1004) " fcode="bitconcatenate"/>
<opset="tmp_4/1 "/>
</bind>
</comp>

<comp id="220" class="1004" name="zext_ln414_fu_220">
<pin_list>
<pin id="221" dir="0" index="0" bw="19" slack="0"/>
<pin id="222" dir="1" index="1" bw="26" slack="0"/>
</pin_list>
<bind>
<opcode="zext(34) " fcode="zext"/>
<opset="zext_ln414/1 "/>
</bind>
</comp>

<comp id="224" class="1004" name="icmp_ln414_fu_224">
<pin_list>
<pin id="225" dir="0" index="0" bw="19" slack="0"/>
<pin id="226" dir="0" index="1" bw="1" slack="0"/>
<pin id="227" dir="1" index="2" bw="1" slack="0"/>
</pin_list>
<bind>
<opcode="icmp(45) " fcode="icmp"/>
<opset="icmp_ln414/1 "/>
</bind>
</comp>

<comp id="230" class="1004" name="trunc_ln414_fu_230">
<pin_list>
<pin id="231" dir="0" index="0" bw="1024" slack="0"/>
<pin id="232" dir="1" index="1" bw="1" slack="0"/>
</pin_list>
<bind>
<opcode="trunc(33) " fcode="trunc"/>
<opset="trunc_ln414/1 "/>
</bind>
</comp>

<comp id="234" class="1004" name="st_fu_234">
<pin_list>
<pin id="235" dir="0" index="0" bw="64" slack="0"/>
<pin id="236" dir="0" index="1" bw="1" slack="0"/>
<pin id="237" dir="0" index="2" bw="1" slack="0"/>
<pin id="238" dir="1" index="3" bw="64" slack="0"/>
</pin_list>
<bind>
<opcode="bitconcatenate(1004) " fcode="bitconcatenate"/>
<opset="st/1 "/>
</bind>
</comp>

<comp id="242" class="1004" name="select_ln414_fu_242">
<pin_list>
<pin id="243" dir="0" index="0" bw="1" slack="0"/>
<pin id="244" dir="0" index="1" bw="64" slack="0"/>
<pin id="245" dir="0" index="2" bw="64" slack="0"/>
<pin id="246" dir="1" index="3" bw="64" slack="0"/>
</pin_list>
<bind>
<opcode="select(49) " fcode="select"/>
<opset="select_ln414/1 "/>
</bind>
</comp>

<comp id="250" class="1004" name="tmp_5_fu_250">
<pin_list>
<pin id="251" dir="0" index="0" bw="64" slack="0"/>
<pin id="252" dir="0" index="1" bw="64" slack="0"/>
<pin id="253" dir="0" index="2" bw="7" slack="0"/>
<pin id="254" dir="0" index="3" bw="1" slack="0"/>
<pin id="255" dir="1" index="4" bw="64" slack="0"/>
</pin_list>
<bind>
<opcode="partselect(1002) " fcode="partselect"/>
<opset="tmp_5/1 "/>
</bind>
</comp>

<comp id="260" class="1004" name="select_ln414_1_fu_260">
<pin_list>
<pin id="261" dir="0" index="0" bw="1" slack="0"/>
<pin id="262" dir="0" index="1" bw="64" slack="0"/>
<pin id="263" dir="0" index="2" bw="64" slack="0"/>
<pin id="264" dir="1" index="3" bw="64" slack="0"/>
</pin_list>
<bind>
<opcode="select(49) " fcode="select"/>
<opset="select_ln414_1/1 "/>
</bind>
</comp>

<comp id="268" class="1004" name="select_ln414_2_fu_268">
<pin_list>
<pin id="269" dir="0" index="0" bw="1" slack="0"/>
<pin id="270" dir="0" index="1" bw="64" slack="0"/>
<pin id="271" dir="0" index="2" bw="1" slack="0"/>
<pin id="272" dir="1" index="3" bw="64" slack="0"/>
</pin_list>
<bind>
<opcode="select(49) " fcode="select"/>
<opset="select_ln414_2/1 "/>
</bind>
</comp>

<comp id="276" class="1004" name="select_ln414_3_fu_276">
<pin_list>
<pin id="277" dir="0" index="0" bw="1" slack="0"/>
<pin id="278" dir="0" index="1" bw="2" slack="0"/>
<pin id="279" dir="0" index="2" bw="1" slack="0"/>
<pin id="280" dir="1" index="3" bw="64" slack="0"/>
</pin_list>
<bind>
<opcode="select(49) " fcode="select"/>
<opset="select_ln414_3/1 "/>
</bind>
</comp>

<comp id="284" class="1004" name="or_ln414_fu_284">
<pin_list>
<pin id="285" dir="0" index="0" bw="64" slack="0"/>
<pin id="286" dir="0" index="1" bw="2" slack="0"/>
<pin id="287" dir="1" index="2" bw="64" slack="0"/>
</pin_list>
<bind>
<opcode="or(24) " fcode="or"/>
<opset="or_ln414/1 "/>
</bind>
</comp>

<comp id="290" class="1004" name="xor_ln414_fu_290">
<pin_list>
<pin id="291" dir="0" index="0" bw="64" slack="0"/>
<pin id="292" dir="0" index="1" bw="1" slack="0"/>
<pin id="293" dir="1" index="2" bw="64" slack="0"/>
</pin_list>
<bind>
<opcode="xor(25) " fcode="xor"/>
<opset="xor_ln414/1 "/>
</bind>
</comp>

<comp id="296" class="1004" name="and_ln414_fu_296">
<pin_list>
<pin id="297" dir="0" index="0" bw="64" slack="0"/>
<pin id="298" dir="0" index="1" bw="64" slack="0"/>
<pin id="299" dir="1" index="2" bw="64" slack="0"/>
</pin_list>
<bind>
<opcode="and(23) " fcode="and"/>
<opset="and_ln414/1 "/>
</bind>
</comp>

<comp id="302" class="1004" name="and_ln414_1_fu_302">
<pin_list>
<pin id="303" dir="0" index="0" bw="64" slack="0"/>
<pin id="304" dir="0" index="1" bw="64" slack="0"/>
<pin id="305" dir="1" index="2" bw="64" slack="0"/>
</pin_list>
<bind>
<opcode="and(23) " fcode="and"/>
<opset="and_ln414_1/1 "/>
</bind>
</comp>

<comp id="308" class="1004" name="p_Result_s_fu_308">
<pin_list>
<pin id="309" dir="0" index="0" bw="64" slack="0"/>
<pin id="310" dir="0" index="1" bw="64" slack="0"/>
<pin id="311" dir="1" index="2" bw="64" slack="0"/>
</pin_list>
<bind>
<opcode="or(24) " fcode="or"/>
<opset="p_Result_s/1 "/>
</bind>
</comp>

<comp id="314" class="1004" name="store_ln414_store_fu_314">
<pin_list>
<pin id="315" dir="0" index="0" bw="64" slack="0"/>
<pin id="316" dir="0" index="1" bw="64" slack="0"/>
<pin id="317" dir="1" index="2" bw="0" slack="2147483647"/>
</pin_list>
<bind>
<opcode="store(28) " fcode="store"/>
<opset="store_ln414/1 "/>
</bind>
</comp>

<comp id="320" class="1004" name="metaWritten_load_load_fu_320">
<pin_list>
<pin id="321" dir="0" index="0" bw="1" slack="0"/>
<pin id="322" dir="1" index="1" bw="1" slack="1"/>
</pin_list>
<bind>
<opcode="load(27) " fcode="load"/>
<opset="metaWritten_load/1 "/>
</bind>
</comp>

<comp id="324" class="1004" name="or_ln73_fu_324">
<pin_list>
<pin id="325" dir="0" index="0" bw="1" slack="0"/>
<pin id="326" dir="0" index="1" bw="1" slack="0"/>
<pin id="327" dir="1" index="2" bw="1" slack="2147483647"/>
</pin_list>
<bind>
<opcode="or(24) " fcode="or"/>
<opset="or_ln73/1 "/>
</bind>
</comp>

<comp id="330" class="1004" name="xor_ln73_fu_330">
<pin_list>
<pin id="331" dir="0" index="0" bw="1" slack="0"/>
<pin id="332" dir="0" index="1" bw="1" slack="0"/>
<pin id="333" dir="1" index="2" bw="1" slack="0"/>
</pin_list>
<bind>
<opcode="xor(25) " fcode="xor"/>
<opset="xor_ln73/1 "/>
</bind>
</comp>

<comp id="336" class="1004" name="select_ln73_fu_336">
<pin_list>
<pin id="337" dir="0" index="0" bw="1" slack="0"/>
<pin id="338" dir="0" index="1" bw="1" slack="0"/>
<pin id="339" dir="0" index="2" bw="16" slack="0"/>
<pin id="340" dir="1" index="3" bw="16" slack="0"/>
</pin_list>
<bind>
<opcode="select(49) " fcode="select"/>
<opset="select_ln73/1 "/>
</bind>
</comp>

<comp id="344" class="1004" name="or_ln73_1_fu_344">
<pin_list>
<pin id="345" dir="0" index="0" bw="1" slack="0"/>
<pin id="346" dir="0" index="1" bw="1" slack="0"/>
<pin id="347" dir="1" index="2" bw="1" slack="2147483647"/>
</pin_list>
<bind>
<opcode="or(24) " fcode="or"/>
<opset="or_ln73_1/1 "/>
</bind>
</comp>

<comp id="350" class="1004" name="store_ln70_store_fu_350">
<pin_list>
<pin id="351" dir="0" index="0" bw="1" slack="0"/>
<pin id="352" dir="0" index="1" bw="1" slack="0"/>
<pin id="353" dir="1" index="2" bw="0" slack="2147483647"/>
</pin_list>
<bind>
<opcode="store(28) " fcode="store"/>
<opset="store_ln70/1 "/>
</bind>
</comp>

<comp id="356" class="1004" name="store_ln67_store_fu_356">
<pin_list>
<pin id="357" dir="0" index="0" bw="16" slack="0"/>
<pin id="358" dir="0" index="1" bw="16" slack="0"/>
<pin id="359" dir="1" index="2" bw="0" slack="2147483647"/>
</pin_list>
<bind>
<opcode="store(28) " fcode="store"/>
<opset="store_ln67/1 "/>
</bind>
</comp>

<comp id="362" class="1004" name="store_ln65_store_fu_362">
<pin_list>
<pin id="363" dir="0" index="0" bw="1" slack="0"/>
<pin id="364" dir="0" index="1" bw="1" slack="0"/>
<pin id="365" dir="1" index="2" bw="0" slack="2147483647"/>
</pin_list>
<bind>
<opcode="store(28) " fcode="store"/>
<opset="store_ln65/1 "/>
</bind>
</comp>

<comp id="368" class="1004" name="tmp_i_34_fu_368">
<pin_list>
<pin id="369" dir="0" index="0" bw="8" slack="0"/>
<pin id="370" dir="0" index="1" bw="64" slack="0"/>
<pin id="371" dir="0" index="2" bw="6" slack="0"/>
<pin id="372" dir="0" index="3" bw="6" slack="0"/>
<pin id="373" dir="1" index="4" bw="8" slack="0"/>
</pin_list>
<bind>
<opcode="partselect(1002) " fcode="partselect"/>
<opset="tmp_i_34/2 "/>
</bind>
</comp>

<comp id="378" class="1004" name="tmp_2_i_fu_378">
<pin_list>
<pin id="379" dir="0" index="0" bw="8" slack="0"/>
<pin id="380" dir="0" index="1" bw="64" slack="0"/>
<pin id="381" dir="0" index="2" bw="6" slack="0"/>
<pin id="382" dir="0" index="3" bw="6" slack="0"/>
<pin id="383" dir="1" index="4" bw="8" slack="0"/>
</pin_list>
<bind>
<opcode="partselect(1002) " fcode="partselect"/>
<opset="tmp_2_i/2 "/>
</bind>
</comp>

<comp id="388" class="1004" name="p_Result_5_fu_388">
<pin_list>
<pin id="389" dir="0" index="0" bw="16" slack="0"/>
<pin id="390" dir="0" index="1" bw="8" slack="0"/>
<pin id="391" dir="0" index="2" bw="8" slack="0"/>
<pin id="392" dir="1" index="3" bw="16" slack="0"/>
</pin_list>
<bind>
<opcode="bitconcatenate(1004) " fcode="bitconcatenate"/>
<opset="p_Result_5/2 "/>
</bind>
</comp>

<comp id="396" class="1004" name="icmp_ln1065_fu_396">
<pin_list>
<pin id="397" dir="0" index="0" bw="16" slack="0"/>
<pin id="398" dir="0" index="1" bw="16" slack="1"/>
<pin id="399" dir="1" index="2" bw="1" slack="0"/>
</pin_list>
<bind>
<opcode="icmp(45) " fcode="icmp"/>
<opset="icmp_ln1065/2 "/>
</bind>
</comp>

<comp id="401" class="1004" name="tmp_3_i_fu_401">
<pin_list>
<pin id="402" dir="0" index="0" bw="8" slack="0"/>
<pin id="403" dir="0" index="1" bw="64" slack="0"/>
<pin id="404" dir="0" index="2" bw="5" slack="0"/>
<pin id="405" dir="0" index="3" bw="5" slack="0"/>
<pin id="406" dir="1" index="4" bw="8" slack="0"/>
</pin_list>
<bind>
<opcode="partselect(1002) " fcode="partselect"/>
<opset="tmp_3_i/2 "/>
</bind>
</comp>

<comp id="411" class="1004" name="trunc_ln674_fu_411">
<pin_list>
<pin id="412" dir="0" index="0" bw="64" slack="0"/>
<pin id="413" dir="1" index="1" bw="8" slack="0"/>
</pin_list>
<bind>
<opcode="trunc(33) " fcode="trunc"/>
<opset="trunc_ln674/2 "/>
</bind>
</comp>

<comp id="415" class="1004" name="tmp_6_i_fu_415">
<pin_list>
<pin id="416" dir="0" index="0" bw="8" slack="0"/>
<pin id="417" dir="0" index="1" bw="64" slack="0"/>
<pin id="418" dir="0" index="2" bw="7" slack="0"/>
<pin id="419" dir="0" index="3" bw="7" slack="0"/>
<pin id="420" dir="1" index="4" bw="8" slack="0"/>
</pin_list>
<bind>
<opcode="partselect(1002) " fcode="partselect"/>
<opset="tmp_6_i/2 "/>
</bind>
</comp>

<comp id="425" class="1004" name="tmp_fu_425">
<pin_list>
<pin id="426" dir="0" index="0" bw="8" slack="0"/>
<pin id="427" dir="0" index="1" bw="64" slack="0"/>
<pin id="428" dir="0" index="2" bw="7" slack="0"/>
<pin id="429" dir="0" index="3" bw="7" slack="0"/>
<pin id="430" dir="1" index="4" bw="8" slack="0"/>
</pin_list>
<bind>
<opcode="partselect(1002) " fcode="partselect"/>
<opset="tmp/2 "/>
</bind>
</comp>

<comp id="435" class="1004" name="tmp_3_fu_435">
<pin_list>
<pin id="436" dir="0" index="0" bw="49" slack="0"/>
<pin id="437" dir="0" index="1" bw="1" slack="0"/>
<pin id="438" dir="0" index="2" bw="8" slack="0"/>
<pin id="439" dir="0" index="3" bw="8" slack="0"/>
<pin id="440" dir="0" index="4" bw="8" slack="0"/>
<pin id="441" dir="0" index="5" bw="8" slack="0"/>
<pin id="442" dir="0" index="6" bw="8" slack="0"/>
<pin id="443" dir="0" index="7" bw="8" slack="0"/>
<pin id="444" dir="1" index="8" bw="49" slack="0"/>
</pin_list>
<bind>
<opcode="bitconcatenate(1004) " fcode="bitconcatenate"/>
<opset="tmp_3/2 "/>
</bind>
</comp>

<comp id="453" class="1004" name="zext_ln174_fu_453">
<pin_list>
<pin id="454" dir="0" index="0" bw="49" slack="0"/>
<pin id="455" dir="1" index="1" bw="64" slack="0"/>
</pin_list>
<bind>
<opcode="zext(34) " fcode="zext"/>
<opset="zext_ln174/2 "/>
</bind>
</comp>

<comp id="458" class="1005" name="regListenPort_read_reg_458">
<pin_list>
<pin id="459" dir="0" index="0" bw="16" slack="1"/>
<pin id="460" dir="1" index="1" bw="16" slack="1"/>
</pin_list>
<bind>
<opset="regListenPort_read "/>
</bind>
</comp>

<comp id="463" class="1005" name="tmp_i_reg_463">
<pin_list>
<pin id="464" dir="0" index="0" bw="1" slack="1"/>
<pin id="465" dir="1" index="1" bw="1" slack="2147483647"/>
</pin_list>
<bind>
<opset="tmp_i "/>
</bind>
</comp>

<comp id="467" class="1005" name="s_axis_rx_data_read_reg_467">
<pin_list>
<pin id="468" dir="0" index="0" bw="1024" slack="2"/>
<pin id="469" dir="1" index="1" bw="1024" slack="2"/>
</pin_list>
<bind>
<opset="s_axis_rx_data_read "/>
</bind>
</comp>

<comp id="475" class="1005" name="p_Val2_s_reg_475">
<pin_list>
<pin id="476" dir="0" index="0" bw="64" slack="1"/>
<pin id="477" dir="1" index="1" bw="64" slack="1"/>
</pin_list>
<bind>
<opset="p_Val2_s "/>
</bind>
</comp>

<comp id="480" class="1005" name="p_Result_s_reg_480">
<pin_list>
<pin id="481" dir="0" index="0" bw="64" slack="1"/>
<pin id="482" dir="1" index="1" bw="64" slack="1"/>
</pin_list>
<bind>
<opset="p_Result_s "/>
</bind>
</comp>

<comp id="485" class="1005" name="metaWritten_load_reg_485">
<pin_list>
<pin id="486" dir="0" index="0" bw="1" slack="1"/>
<pin id="487" dir="1" index="1" bw="1" slack="2147483647"/>
</pin_list>
<bind>
<opset="metaWritten_load "/>
</bind>
</comp>

<comp id="495" class="1005" name="icmp_ln1065_reg_495">
<pin_list>
<pin id="496" dir="0" index="0" bw="1" slack="1"/>
<pin id="497" dir="1" index="1" bw="1" slack="2147483647"/>
</pin_list>
<bind>
<opset="icmp_ln1065 "/>
</bind>
</comp>

</comp_list>

<net_list>
<net id="110"><net_src comp="16" pin="0"/><net_sink comp="106" pin=0"/></net>

<net id="111"><net_src comp="2" pin="0"/><net_sink comp="106" pin=1"/></net>

<net id="117"><net_src comp="36" pin="0"/><net_sink comp="112" pin=0"/></net>

<net id="118"><net_src comp="0" pin="0"/><net_sink comp="112" pin=1"/></net>

<net id="119"><net_src comp="30" pin="0"/><net_sink comp="112" pin=2"/></net>

<net id="124"><net_src comp="38" pin="0"/><net_sink comp="120" pin=0"/></net>

<net id="125"><net_src comp="0" pin="0"/><net_sink comp="120" pin=1"/></net>

<net id="131"><net_src comp="102" pin="0"/><net_sink comp="126" pin=0"/></net>

<net id="132"><net_src comp="14" pin="0"/><net_sink comp="126" pin=1"/></net>

<net id="138"><net_src comp="104" pin="0"/><net_sink comp="133" pin=0"/></net>

<net id="139"><net_src comp="10" pin="0"/><net_sink comp="133" pin=1"/></net>

<net id="149"><net_src comp="68" pin="0"/><net_sink comp="143" pin=0"/></net>

<net id="150"><net_src comp="70" pin="0"/><net_sink comp="143" pin=2"/></net>

<net id="160"><net_src comp="72" pin="0"/><net_sink comp="154" pin=0"/></net>

<net id="170"><net_src comp="68" pin="0"/><net_sink comp="164" pin=0"/></net>

<net id="171"><net_src comp="70" pin="0"/><net_sink comp="164" pin=2"/></net>

<net id="186"><net_src comp="40" pin="0"/><net_sink comp="181" pin=0"/></net>

<net id="187"><net_src comp="120" pin="2"/><net_sink comp="181" pin=1"/></net>

<net id="188"><net_src comp="42" pin="0"/><net_sink comp="181" pin=2"/></net>

<net id="192"><net_src comp="4" pin="0"/><net_sink comp="189" pin=0"/></net>

<net id="196"><net_src comp="6" pin="0"/><net_sink comp="193" pin=0"/></net>

<net id="200"><net_src comp="8" pin="0"/><net_sink comp="197" pin=0"/></net>

<net id="204"><net_src comp="120" pin="2"/><net_sink comp="201" pin=0"/></net>

<net id="209"><net_src comp="193" pin="1"/><net_sink comp="205" pin=0"/></net>

<net id="210"><net_src comp="44" pin="0"/><net_sink comp="205" pin=1"/></net>

<net id="211"><net_src comp="205" pin="2"/><net_sink comp="154" pin=2"/></net>

<net id="217"><net_src comp="46" pin="0"/><net_sink comp="212" pin=0"/></net>

<net id="218"><net_src comp="193" pin="1"/><net_sink comp="212" pin=1"/></net>

<net id="219"><net_src comp="48" pin="0"/><net_sink comp="212" pin=2"/></net>

<net id="223"><net_src comp="212" pin="3"/><net_sink comp="220" pin=0"/></net>

<net id="228"><net_src comp="220" pin="1"/><net_sink comp="224" pin=0"/></net>

<net id="229"><net_src comp="50" pin="0"/><net_sink comp="224" pin=1"/></net>

<net id="233"><net_src comp="120" pin="2"/><net_sink comp="230" pin=0"/></net>

<net id="239"><net_src comp="52" pin="0"/><net_sink comp="234" pin=0"/></net>

<net id="240"><net_src comp="230" pin="1"/><net_sink comp="234" pin=1"/></net>

<net id="241"><net_src comp="54" pin="0"/><net_sink comp="234" pin=2"/></net>

<net id="247"><net_src comp="224" pin="2"/><net_sink comp="242" pin=0"/></net>

<net id="248"><net_src comp="234" pin="3"/><net_sink comp="242" pin=1"/></net>

<net id="249"><net_src comp="201" pin="1"/><net_sink comp="242" pin=2"/></net>

<net id="256"><net_src comp="56" pin="0"/><net_sink comp="250" pin=0"/></net>

<net id="257"><net_src comp="242" pin="3"/><net_sink comp="250" pin=1"/></net>

<net id="258"><net_src comp="58" pin="0"/><net_sink comp="250" pin=2"/></net>

<net id="259"><net_src comp="22" pin="0"/><net_sink comp="250" pin=3"/></net>

<net id="265"><net_src comp="224" pin="2"/><net_sink comp="260" pin=0"/></net>

<net id="266"><net_src comp="250" pin="4"/><net_sink comp="260" pin=1"/></net>

<net id="267"><net_src comp="201" pin="1"/><net_sink comp="260" pin=2"/></net>

<net id="273"><net_src comp="224" pin="2"/><net_sink comp="268" pin=0"/></net>

<net id="274"><net_src comp="60" pin="0"/><net_sink comp="268" pin=1"/></net>

<net id="275"><net_src comp="62" pin="0"/><net_sink comp="268" pin=2"/></net>

<net id="281"><net_src comp="224" pin="2"/><net_sink comp="276" pin=0"/></net>

<net id="282"><net_src comp="64" pin="0"/><net_sink comp="276" pin=1"/></net>

<net id="283"><net_src comp="62" pin="0"/><net_sink comp="276" pin=2"/></net>

<net id="288"><net_src comp="268" pin="3"/><net_sink comp="284" pin=0"/></net>

<net id="289"><net_src comp="276" pin="3"/><net_sink comp="284" pin=1"/></net>

<net id="294"><net_src comp="284" pin="2"/><net_sink comp="290" pin=0"/></net>

<net id="295"><net_src comp="66" pin="0"/><net_sink comp="290" pin=1"/></net>

<net id="300"><net_src comp="197" pin="1"/><net_sink comp="296" pin=0"/></net>

<net id="301"><net_src comp="284" pin="2"/><net_sink comp="296" pin=1"/></net>

<net id="306"><net_src comp="260" pin="3"/><net_sink comp="302" pin=0"/></net>

<net id="307"><net_src comp="290" pin="2"/><net_sink comp="302" pin=1"/></net>

<net id="312"><net_src comp="296" pin="2"/><net_sink comp="308" pin=0"/></net>

<net id="313"><net_src comp="302" pin="2"/><net_sink comp="308" pin=1"/></net>

<net id="318"><net_src comp="308" pin="2"/><net_sink comp="314" pin=0"/></net>

<net id="319"><net_src comp="8" pin="0"/><net_sink comp="314" pin=1"/></net>

<net id="323"><net_src comp="12" pin="0"/><net_sink comp="320" pin=0"/></net>

<net id="328"><net_src comp="181" pin="3"/><net_sink comp="324" pin=0"/></net>

<net id="329"><net_src comp="143" pin="4"/><net_sink comp="324" pin=1"/></net>

<net id="334"><net_src comp="181" pin="3"/><net_sink comp="330" pin=0"/></net>

<net id="335"><net_src comp="70" pin="0"/><net_sink comp="330" pin=1"/></net>

<net id="341"><net_src comp="181" pin="3"/><net_sink comp="336" pin=0"/></net>

<net id="342"><net_src comp="74" pin="0"/><net_sink comp="336" pin=1"/></net>

<net id="343"><net_src comp="154" pin="4"/><net_sink comp="336" pin=2"/></net>

<net id="348"><net_src comp="181" pin="3"/><net_sink comp="344" pin=0"/></net>

<net id="349"><net_src comp="164" pin="4"/><net_sink comp="344" pin=1"/></net>

<net id="354"><net_src comp="330" pin="2"/><net_sink comp="350" pin=0"/></net>

<net id="355"><net_src comp="12" pin="0"/><net_sink comp="350" pin=1"/></net>

<net id="360"><net_src comp="336" pin="3"/><net_sink comp="356" pin=0"/></net>

<net id="361"><net_src comp="6" pin="0"/><net_sink comp="356" pin=1"/></net>

<net id="366"><net_src comp="330" pin="2"/><net_sink comp="362" pin=0"/></net>

<net id="367"><net_src comp="4" pin="0"/><net_sink comp="362" pin=1"/></net>

<net id="374"><net_src comp="76" pin="0"/><net_sink comp="368" pin=0"/></net>

<net id="375"><net_src comp="175" pin="4"/><net_sink comp="368" pin=1"/></net>

<net id="376"><net_src comp="78" pin="0"/><net_sink comp="368" pin=2"/></net>

<net id="377"><net_src comp="80" pin="0"/><net_sink comp="368" pin=3"/></net>

<net id="384"><net_src comp="76" pin="0"/><net_sink comp="378" pin=0"/></net>

<net id="385"><net_src comp="175" pin="4"/><net_sink comp="378" pin=1"/></net>

<net id="386"><net_src comp="82" pin="0"/><net_sink comp="378" pin=2"/></net>

<net id="387"><net_src comp="84" pin="0"/><net_sink comp="378" pin=3"/></net>

<net id="393"><net_src comp="86" pin="0"/><net_sink comp="388" pin=0"/></net>

<net id="394"><net_src comp="378" pin="4"/><net_sink comp="388" pin=1"/></net>

<net id="395"><net_src comp="368" pin="4"/><net_sink comp="388" pin=2"/></net>

<net id="400"><net_src comp="388" pin="3"/><net_sink comp="396" pin=0"/></net>

<net id="407"><net_src comp="76" pin="0"/><net_sink comp="401" pin=0"/></net>

<net id="408"><net_src comp="175" pin="4"/><net_sink comp="401" pin=1"/></net>

<net id="409"><net_src comp="88" pin="0"/><net_sink comp="401" pin=2"/></net>

<net id="410"><net_src comp="90" pin="0"/><net_sink comp="401" pin=3"/></net>

<net id="414"><net_src comp="175" pin="4"/><net_sink comp="411" pin=0"/></net>

<net id="421"><net_src comp="76" pin="0"/><net_sink comp="415" pin=0"/></net>

<net id="422"><net_src comp="175" pin="4"/><net_sink comp="415" pin=1"/></net>

<net id="423"><net_src comp="92" pin="0"/><net_sink comp="415" pin=2"/></net>

<net id="424"><net_src comp="94" pin="0"/><net_sink comp="415" pin=3"/></net>

<net id="431"><net_src comp="76" pin="0"/><net_sink comp="425" pin=0"/></net>

<net id="432"><net_src comp="175" pin="4"/><net_sink comp="425" pin=1"/></net>

<net id="433"><net_src comp="96" pin="0"/><net_sink comp="425" pin=2"/></net>

<net id="434"><net_src comp="98" pin="0"/><net_sink comp="425" pin=3"/></net>

<net id="445"><net_src comp="100" pin="0"/><net_sink comp="435" pin=0"/></net>

<net id="446"><net_src comp="396" pin="2"/><net_sink comp="435" pin=1"/></net>

<net id="447"><net_src comp="415" pin="4"/><net_sink comp="435" pin=2"/></net>

<net id="448"><net_src comp="425" pin="4"/><net_sink comp="435" pin=3"/></net>

<net id="449"><net_src comp="378" pin="4"/><net_sink comp="435" pin=4"/></net>

<net id="450"><net_src comp="368" pin="4"/><net_sink comp="435" pin=5"/></net>

<net id="451"><net_src comp="411" pin="1"/><net_sink comp="435" pin=6"/></net>

<net id="452"><net_src comp="401" pin="4"/><net_sink comp="435" pin=7"/></net>

<net id="456"><net_src comp="435" pin="8"/><net_sink comp="453" pin=0"/></net>

<net id="457"><net_src comp="453" pin="1"/><net_sink comp="126" pin=2"/></net>

<net id="461"><net_src comp="106" pin="2"/><net_sink comp="458" pin=0"/></net>

<net id="462"><net_src comp="458" pin="1"/><net_sink comp="396" pin=1"/></net>

<net id="466"><net_src comp="112" pin="3"/><net_sink comp="463" pin=0"/></net>

<net id="470"><net_src comp="120" pin="2"/><net_sink comp="467" pin=0"/></net>

<net id="471"><net_src comp="467" pin="1"/><net_sink comp="133" pin=2"/></net>

<net id="478"><net_src comp="197" pin="1"/><net_sink comp="475" pin=0"/></net>

<net id="479"><net_src comp="475" pin="1"/><net_sink comp="175" pin=0"/></net>

<net id="483"><net_src comp="308" pin="2"/><net_sink comp="480" pin=0"/></net>

<net id="484"><net_src comp="480" pin="1"/><net_sink comp="175" pin=2"/></net>

<net id="488"><net_src comp="320" pin="1"/><net_sink comp="485" pin=0"/></net>

<net id="498"><net_src comp="396" pin="2"/><net_sink comp="495" pin=0"/></net>

</net_list>

</model> 
---------------- Datapath Model END ------------------

* FSMD analyzer results:
  - Output states:
	Port: pu_header_ready | {1 }
	Port: pu_header_idx | {1 }
	Port: pu_header_header_V | {1 }
	Port: rx_udp2shiftFifo | {3 }
	Port: metaWritten | {1 }
	Port: rx_udpMetaFifo | {2 }
 - Input state : 
	Port: process_udp<512> : s_axis_rx_data | {1 }
	Port: process_udp<512> : regListenPort | {1 }
	Port: process_udp<512> : pu_header_ready | {1 }
	Port: process_udp<512> : pu_header_idx | {1 }
	Port: process_udp<512> : pu_header_header_V | {1 }
	Port: process_udp<512> : metaWritten | {1 }
  - Chain level:
	State 1
		br_ln55 : 1
		add_ln67 : 1
		tmp_4 : 1
		zext_ln414 : 2
		icmp_ln414 : 3
		st : 1
		select_ln414 : 4
		tmp_5 : 5
		select_ln414_1 : 6
		select_ln414_2 : 4
		select_ln414_3 : 4
		or_ln414 : 5
		xor_ln414 : 5
		and_ln414 : 5
		and_ln414_1 : 5
		p_Result_s : 5
		store_ln414 : 5
		pu_header_ready_flag_0_i : 2
		pu_header_idx_new_0_i : 2
		br_ln66 : 1
		metaWritten_flag_0_i : 2
		or_ln73 : 3
		xor_ln73 : 1
		select_ln73 : 3
		or_ln73_1 : 3
		br_ln73 : 3
		store_ln70 : 1
		br_ln73 : 3
		store_ln67 : 4
		store_ln65 : 1
	State 2
		tmp_i_34 : 1
		tmp_2_i : 1
		p_Result_5 : 2
		icmp_ln1065 : 3
		br_ln62 : 4
		tmp_3_i : 1
		trunc_ln674 : 1
		tmp_6_i : 1
		tmp : 1
		tmp_3 : 4
		zext_ln174 : 5
		write_ln174 : 6
	State 3


============================================================
+ Verbose Summary: Datapath Resource usage 
============================================================

* Functional unit list:
|----------|---------------------------------|---------|---------|
| Operation|         Functional Unit         |    FF   |   LUT   |
|----------|---------------------------------|---------|---------|
|          |       select_ln414_fu_242       |    0    |    63   |
|          |      select_ln414_1_fu_260      |    0    |    63   |
|  select  |      select_ln414_2_fu_268      |    0    |    63   |
|          |      select_ln414_3_fu_276      |    0    |    2    |
|          |        select_ln73_fu_336       |    0    |    16   |
|----------|---------------------------------|---------|---------|
|          |         or_ln414_fu_284         |    0    |    64   |
|    or    |        p_Result_s_fu_308        |    0    |    64   |
|          |          or_ln73_fu_324         |    0    |    2    |
|          |         or_ln73_1_fu_344        |    0    |    2    |
|----------|---------------------------------|---------|---------|
|    and   |         and_ln414_fu_296        |    0    |    64   |
|          |        and_ln414_1_fu_302       |    0    |    64   |
|----------|---------------------------------|---------|---------|
|    xor   |         xor_ln414_fu_290        |    0    |    64   |
|          |         xor_ln73_fu_330         |    0    |    2    |
|----------|---------------------------------|---------|---------|
|   icmp   |        icmp_ln414_fu_224        |    0    |    14   |
|          |        icmp_ln1065_fu_396       |    0    |    13   |
|----------|---------------------------------|---------|---------|
|    add   |         add_ln67_fu_205         |    0    |    23   |
|----------|---------------------------------|---------|---------|
|   read   |  regListenPort_read_read_fu_106 |    0    |    0    |
|          | s_axis_rx_data_read_read_fu_120 |    0    |    0    |
|----------|---------------------------------|---------|---------|
| nbreadreq|      tmp_i_nbreadreq_fu_112     |    0    |    0    |
|----------|---------------------------------|---------|---------|
|   write  |     write_ln174_write_fu_126    |    0    |    0    |
|          |     write_ln174_write_fu_133    |    0    |    0    |
|----------|---------------------------------|---------|---------|
| bitselect|      currWord_last_V_fu_181     |    0    |    0    |
|----------|---------------------------------|---------|---------|
|          |           tmp_6_fu_201          |    0    |    0    |
|   trunc  |        trunc_ln414_fu_230       |    0    |    0    |
|          |        trunc_ln674_fu_411       |    0    |    0    |
|----------|---------------------------------|---------|---------|
|          |           tmp_4_fu_212          |    0    |    0    |
|bitconcatenate|            st_fu_234            |    0    |    0    |
|          |        p_Result_5_fu_388        |    0    |    0    |
|          |           tmp_3_fu_435          |    0    |    0    |
|----------|---------------------------------|---------|---------|
|   zext   |        zext_ln414_fu_220        |    0    |    0    |
|          |        zext_ln174_fu_453        |    0    |    0    |
|----------|---------------------------------|---------|---------|
|          |           tmp_5_fu_250          |    0    |    0    |
|          |         tmp_i_34_fu_368         |    0    |    0    |
|partselect|          tmp_2_i_fu_378         |    0    |    0    |
|          |          tmp_3_i_fu_401         |    0    |    0    |
|          |          tmp_6_i_fu_415         |    0    |    0    |
|          |            tmp_fu_425           |    0    |    0    |
|----------|---------------------------------|---------|---------|
|   Total  |                                 |    0    |   583   |
|----------|---------------------------------|---------|---------|

Memories:
N/A

* Register list:
+--------------------------------+--------+
|                                |   FF   |
+--------------------------------+--------+
|       icmp_ln1065_reg_495      |    1   |
|  metaWritten_flag_0_i_reg_161  |    1   |
|    metaWritten_load_reg_485    |    1   |
|       p_Result_s_reg_480       |   64   |
|   p_Val2_7_in_i_in_in_reg_172  |   64   |
|        p_Val2_s_reg_475        |   64   |
|  pu_header_idx_new_0_i_reg_151 |   16   |
|pu_header_ready_flag_0_i_reg_140|    1   |
|   regListenPort_read_reg_458   |   16   |
|   s_axis_rx_data_read_reg_467  |  1024  |
|          tmp_i_reg_463         |    1   |
+--------------------------------+--------+
|              Total             |  1253  |
+--------------------------------+--------+

* Multiplexer (MUX) list: 
|--------|------|------|------|--------|
|  Comp  |  Pin | Size |  BW  | S x BW |
|--------|------|------|------|--------|
|  Total |      |      |      |    0   |
|--------|------|------|------|--------|



* Summary:
+-----------+--------+--------+
|           |   FF   |   LUT  |
+-----------+--------+--------+
|  Function |    0   |   583  |
|   Memory  |    -   |    -   |
|Multiplexer|    -   |    -   |
|  Register |  1253  |    -   |
+-----------+--------+--------+
|   Total   |  1253  |   583  |
+-----------+--------+--------+
