

================================================================
== Vitis HLS Report for 'insert_ip_checksum_512_s'
================================================================
* Date:           Tue Jul 11 09:20:36 2023

* Version:        2022.1 (Build 3526262 on Mon Apr 18 15:47:01 MDT 2022)
* Project:        mac_ip_encode_prj
* Solution:       solution1 (Vivado IP Flow Target)
* Product family: virtexuplus
* Target device:  xcu280-fsvh2892-2L-e


================================================================
== Performance Estimates
================================================================
+ Timing: 
    * Summary: 
    +--------+---------+----------+------------+
    |  Clock |  Target | Estimated| Uncertainty|
    +--------+---------+----------+------------+
    |ap_clk  |  3.20 ns|  1.866 ns|     0.86 ns|
    +--------+---------+----------+------------+

+ Latency: 
    * Summary: 
    +---------+---------+----------+----------+-----+-----+---------+
    |  Latency (cycles) |  Latency (absolute) |  Interval | Pipeline|
    |   min   |   max   |    min   |    max   | min | max |   Type  |
    +---------+---------+----------+----------+-----+-----+---------+
    |        1|        1|  3.200 ns|  3.200 ns|    1|    1|      yes|
    +---------+---------+----------+----------+-----+-----+---------+

    + Detail: 
        * Instance: 
        N/A

        * Loop: 
        N/A

============================================================
+ Verbose Summary: Synthesis Manager
============================================================
InlineROM: 1
ExposeGlobal: 0
============================================================
+ Verbose Summary: CDFG Model
============================================================
IsTopModel: 0
ResetActiveHigh: 1
IsCombinational: 2
IsDatapathOnly: 0
HasWiredReturn: 1
HasMFsm: 2
HasVarLatency: 0
IsPipeline: 1
IsRtlPipelined: 1
IsInstanceOverlapped: 0
IsDontTouch: 0
HasImplIP: 0
IsGatedGlobalClock: 0

+ Individual pipeline summary: 
  * Pipeline-0: initiation interval (II) = 1, depth = 2


============================================================
+ Verbose Summary: Schedule
============================================================
* Number of FSM states : 2
* Pipeline : 1
  Pipeline-0 : II = 1, D = 2, States = { 1 2 }
* Dataflow Pipeline: 0

* FSM state transitions: 
1 --> 2 
2 --> 

* FSM state operations: 

State 1 <SV = 0> <Delay = 1.86>
ST_1 : Operation 3 [1/1] (0.00ns)   --->   "%specinterface_ln0 = specinterface void @_ssdm_op_SpecInterface, i16 %checksumFifo, void @empty_3, i32 0, i32 0, void @empty_1, i32 0, i32 0, void @empty_1, void @empty_1, void @empty_1, i32 0, i32 0, i32 0, i32 0, void @empty_1, void @empty_1, i32 4294967295, i32 0"   --->   Operation 3 'specinterface' 'specinterface_ln0' <Predicate = true> <Delay = 0.00>
ST_1 : Operation 4 [1/1] (0.00ns)   --->   "%specinterface_ln0 = specinterface void @_ssdm_op_SpecInterface, i16 %checksumFifo, void @empty_3, i32 0, i32 0, void @empty_1, i32 0, i32 0, void @empty_1, void @empty_1, void @empty_1, i32 0, i32 0, i32 0, i32 0, void @empty_1, void @empty_1, i32 4294967295, i32 0"   --->   Operation 4 'specinterface' 'specinterface_ln0' <Predicate = true> <Delay = 0.00>
ST_1 : Operation 5 [1/1] (0.00ns)   --->   "%specinterface_ln0 = specinterface void @_ssdm_op_SpecInterface, i16 %checksumFifo, void @empty_3, i32 0, i32 0, void @empty_1, i32 0, i32 0, void @empty_1, void @empty_1, void @empty_1, i32 0, i32 0, i32 0, i32 0, void @empty_1, void @empty_1, i32 4294967295, i32 0"   --->   Operation 5 'specinterface' 'specinterface_ln0' <Predicate = true> <Delay = 0.00>
ST_1 : Operation 6 [1/1] (0.00ns)   --->   "%specinterface_ln0 = specinterface void @_ssdm_op_SpecInterface, i1024 %dataStreamBuffer1, void @empty_3, i32 0, i32 0, void @empty_1, i32 0, i32 0, void @empty_1, void @empty_1, void @empty_1, i32 0, i32 0, i32 0, i32 0, void @empty_1, void @empty_1, i32 4294967295, i32 0"   --->   Operation 6 'specinterface' 'specinterface_ln0' <Predicate = true> <Delay = 0.00>
ST_1 : Operation 7 [1/1] (0.00ns)   --->   "%specinterface_ln0 = specinterface void @_ssdm_op_SpecInterface, i1024 %dataStreamBuffer1, void @empty_3, i32 0, i32 0, void @empty_1, i32 0, i32 0, void @empty_1, void @empty_1, void @empty_1, i32 0, i32 0, i32 0, i32 0, void @empty_1, void @empty_1, i32 4294967295, i32 0"   --->   Operation 7 'specinterface' 'specinterface_ln0' <Predicate = true> <Delay = 0.00>
ST_1 : Operation 8 [1/1] (0.00ns)   --->   "%specinterface_ln0 = specinterface void @_ssdm_op_SpecInterface, i1024 %dataStreamBuffer1, void @empty_3, i32 0, i32 0, void @empty_1, i32 0, i32 0, void @empty_1, void @empty_1, void @empty_1, i32 0, i32 0, i32 0, i32 0, void @empty_1, void @empty_1, i32 4294967295, i32 0"   --->   Operation 8 'specinterface' 'specinterface_ln0' <Predicate = true> <Delay = 0.00>
ST_1 : Operation 9 [1/1] (0.00ns)   --->   "%specinterface_ln0 = specinterface void @_ssdm_op_SpecInterface, i1024 %dataStreamBuffer2, void @empty_3, i32 0, i32 0, void @empty_1, i32 0, i32 0, void @empty_1, void @empty_1, void @empty_1, i32 0, i32 0, i32 0, i32 0, void @empty_1, void @empty_1, i32 4294967295, i32 0"   --->   Operation 9 'specinterface' 'specinterface_ln0' <Predicate = true> <Delay = 0.00>
ST_1 : Operation 10 [1/1] (0.00ns)   --->   "%specinterface_ln0 = specinterface void @_ssdm_op_SpecInterface, i1024 %dataStreamBuffer2, void @empty_3, i32 0, i32 0, void @empty_1, i32 0, i32 0, void @empty_1, void @empty_1, void @empty_1, i32 0, i32 0, i32 0, i32 0, void @empty_1, void @empty_1, i32 4294967295, i32 0"   --->   Operation 10 'specinterface' 'specinterface_ln0' <Predicate = true> <Delay = 0.00>
ST_1 : Operation 11 [1/1] (0.00ns)   --->   "%specinterface_ln0 = specinterface void @_ssdm_op_SpecInterface, i1024 %dataStreamBuffer2, void @empty_3, i32 0, i32 0, void @empty_1, i32 0, i32 0, void @empty_1, void @empty_1, void @empty_1, i32 0, i32 0, i32 0, i32 0, void @empty_1, void @empty_1, i32 4294967295, i32 0"   --->   Operation 11 'specinterface' 'specinterface_ln0' <Predicate = true> <Delay = 0.00>
ST_1 : Operation 12 [1/1] (0.00ns)   --->   "%specinterface_ln0 = specinterface void @_ssdm_op_SpecInterface, i1024 %dataStreamBuffer2, void @empty_3, i32 0, i32 0, void @empty_1, i32 0, i32 0, void @empty_1, void @empty_1, void @empty_1, i32 0, i32 0, i32 0, i32 0, void @empty_1, void @empty_1, i32 4294967295, i32 0"   --->   Operation 12 'specinterface' 'specinterface_ln0' <Predicate = true> <Delay = 0.00>
ST_1 : Operation 13 [1/1] (0.00ns)   --->   "%specinterface_ln0 = specinterface void @_ssdm_op_SpecInterface, i16 %checksumFifo, void @empty_3, i32 0, i32 0, void @empty_1, i32 0, i32 0, void @empty_1, void @empty_1, void @empty_1, i32 0, i32 0, i32 0, i32 0, void @empty_1, void @empty_1, i32 4294967295, i32 0"   --->   Operation 13 'specinterface' 'specinterface_ln0' <Predicate = true> <Delay = 0.00>
ST_1 : Operation 14 [1/1] (0.00ns)   --->   "%specinterface_ln0 = specinterface void @_ssdm_op_SpecInterface, i1024 %dataStreamBuffer1, void @empty_3, i32 0, i32 0, void @empty_1, i32 0, i32 0, void @empty_1, void @empty_1, void @empty_1, i32 0, i32 0, i32 0, i32 0, void @empty_1, void @empty_1, i32 4294967295, i32 0"   --->   Operation 14 'specinterface' 'specinterface_ln0' <Predicate = true> <Delay = 0.00>
ST_1 : Operation 15 [1/1] (0.00ns)   --->   "%specpipeline_ln76 = specpipeline void @_ssdm_op_SpecPipeline, i32 1, i32 0, i32 0, i32 0, void @empty_1" [/mnt/scratch/pyuvaraj/Vitis_RoCE_W/Vitis_RoCE/fpga-network-stack/hls/mac_ip_encode/mac_ip_encode.cpp:76]   --->   Operation 15 'specpipeline' 'specpipeline_ln76' <Predicate = true> <Delay = 0.00>
ST_1 : Operation 16 [1/1] (0.00ns)   --->   "%wordCount_V_load = load i2 %wordCount_V"   --->   Operation 16 'load' 'wordCount_V_load' <Predicate = true> <Delay = 0.00>
ST_1 : Operation 17 [1/1] (0.34ns)   --->   "%switch_ln86 = switch i2 %wordCount_V_load, void %sw.default.i, i2 0, void %sw.bb.i, i2 1, void %sw.bb12.i" [/mnt/scratch/pyuvaraj/Vitis_RoCE_W/Vitis_RoCE/fpga-network-stack/hls/mac_ip_encode/mac_ip_encode.cpp:86]   --->   Operation 17 'switch' 'switch_ln86' <Predicate = true> <Delay = 0.34>
ST_1 : Operation 18 [1/1] (0.00ns)   --->   "%tmp_60_i = nbreadreq i1 @_ssdm_op_NbReadReq.ap_fifo.i1024P0A, i1024 %dataStreamBuffer1, i32 1" [/tools/Xilinx/Vitis_HLS/2022.1/common/technology/autopilot/hls_stream_39.h:136]   --->   Operation 18 'nbreadreq' 'tmp_60_i' <Predicate = (wordCount_V_load == 1)> <Delay = 0.00> <CoreInst = "FIFO">   --->   Core 78 'FIFO' <Latency = 0> <II = 1> <Delay = 1.27> <Storage> <Opcode : 'read' 'write' 'nbread' 'nbwrite'> <Ports = 0> <Width = 1024> <Depth = 32> <FIFO>
ST_1 : Operation 19 [1/1] (0.00ns)   --->   "%br_ln107 = br i1 %tmp_60_i, void %if.end23.i, void %if.then14.i" [/mnt/scratch/pyuvaraj/Vitis_RoCE_W/Vitis_RoCE/fpga-network-stack/hls/mac_ip_encode/mac_ip_encode.cpp:107]   --->   Operation 19 'br' 'br_ln107' <Predicate = (wordCount_V_load == 1)> <Delay = 0.00>
ST_1 : Operation 20 [1/1] (1.16ns)   --->   "%dataStreamBuffer1_read_1 = read i1024 @_ssdm_op_Read.ap_fifo.volatile.i1024P0A, i1024 %dataStreamBuffer1" [/tools/Xilinx/Vitis_HLS/2022.1/common/technology/autopilot/hls_stream_39.h:145]   --->   Operation 20 'read' 'dataStreamBuffer1_read_1' <Predicate = (wordCount_V_load == 1 & tmp_60_i)> <Delay = 1.16> <CoreInst = "FIFO">   --->   Core 78 'FIFO' <Latency = 0> <II = 1> <Delay = 1.27> <Storage> <Opcode : 'read' 'write' 'nbread' 'nbwrite'> <Ports = 0> <Width = 1024> <Depth = 32> <FIFO>
ST_1 : Operation 21 [1/1] (0.00ns)   --->   "%tmp_last_V_1 = bitselect i1 @_ssdm_op_BitSelect.i1.i1024.i1024, i1024 %dataStreamBuffer1_read_1, i1024 576" [/tools/Xilinx/Vitis_HLS/2022.1/common/technology/autopilot/hls_stream_39.h:145]   --->   Operation 21 'bitselect' 'tmp_last_V_1' <Predicate = (wordCount_V_load == 1 & tmp_60_i)> <Delay = 0.00>
ST_1 : Operation 22 [1/1] (0.27ns)   --->   "%select_ln117 = select i1 %tmp_last_V_1, i2 0, i2 2" [/mnt/scratch/pyuvaraj/Vitis_RoCE_W/Vitis_RoCE/fpga-network-stack/hls/mac_ip_encode/mac_ip_encode.cpp:117]   --->   Operation 22 'select' 'select_ln117' <Predicate = (wordCount_V_load == 1 & tmp_60_i)> <Delay = 0.27> <CoreInst = "Sel">   --->   Core 73 'Sel' <Latency = 0> <II = 1> <Delay = 0.27> <FuncUnit> <Opcode : 'select'> <InPorts = 3> <OutPorts = 1>
ST_1 : Operation 23 [1/1] (0.41ns)   --->   "%store_ln117 = store i2 %select_ln117, i2 %wordCount_V" [/mnt/scratch/pyuvaraj/Vitis_RoCE_W/Vitis_RoCE/fpga-network-stack/hls/mac_ip_encode/mac_ip_encode.cpp:117]   --->   Operation 23 'store' 'store_ln117' <Predicate = (wordCount_V_load == 1 & tmp_60_i)> <Delay = 0.41>
ST_1 : Operation 24 [1/1] (0.00ns)   --->   "%br_ln122 = br void %insert_ip_checksum<512>.exit" [/mnt/scratch/pyuvaraj/Vitis_RoCE_W/Vitis_RoCE/fpga-network-stack/hls/mac_ip_encode/mac_ip_encode.cpp:122]   --->   Operation 24 'br' 'br_ln122' <Predicate = (wordCount_V_load == 1)> <Delay = 0.00>
ST_1 : Operation 25 [1/1] (0.00ns)   --->   "%tmp_i = nbreadreq i1 @_ssdm_op_NbReadReq.ap_fifo.i1024P0A, i1024 %dataStreamBuffer1, i32 1" [/tools/Xilinx/Vitis_HLS/2022.1/common/technology/autopilot/hls_stream_39.h:136]   --->   Operation 25 'nbreadreq' 'tmp_i' <Predicate = (wordCount_V_load == 0)> <Delay = 0.00> <CoreInst = "FIFO">   --->   Core 78 'FIFO' <Latency = 0> <II = 1> <Delay = 1.27> <Storage> <Opcode : 'read' 'write' 'nbread' 'nbwrite'> <Ports = 0> <Width = 1024> <Depth = 32> <FIFO>
ST_1 : Operation 26 [1/1] (0.00ns)   --->   "%br_ln89 = br i1 %tmp_i, void %if.end11.i, void %land.lhs.true.i" [/mnt/scratch/pyuvaraj/Vitis_RoCE_W/Vitis_RoCE/fpga-network-stack/hls/mac_ip_encode/mac_ip_encode.cpp:89]   --->   Operation 26 'br' 'br_ln89' <Predicate = (wordCount_V_load == 0)> <Delay = 0.00>
ST_1 : Operation 27 [1/1] (0.00ns)   --->   "%tmp_61_i = nbreadreq i1 @_ssdm_op_NbReadReq.ap_fifo.i16P0A, i16 %checksumFifo, i32 1" [/tools/Xilinx/Vitis_HLS/2022.1/common/technology/autopilot/hls_stream_39.h:136]   --->   Operation 27 'nbreadreq' 'tmp_61_i' <Predicate = (wordCount_V_load == 0 & tmp_i)> <Delay = 0.00> <CoreInst = "FIFO_SRL">   --->   Core 81 'FIFO_SRL' <Latency = 0> <II = 1> <Delay = 1.34> <Storage> <Opcode : 'read' 'write' 'nbread' 'nbwrite'> <Ports = 0> <Width = 16> <Depth = 16> <FIFO>
ST_1 : Operation 28 [1/1] (0.00ns)   --->   "%br_ln89 = br i1 %tmp_61_i, void %if.end11.i, void %if.then.i" [/mnt/scratch/pyuvaraj/Vitis_RoCE_W/Vitis_RoCE/fpga-network-stack/hls/mac_ip_encode/mac_ip_encode.cpp:89]   --->   Operation 28 'br' 'br_ln89' <Predicate = (wordCount_V_load == 0 & tmp_i)> <Delay = 0.00>
ST_1 : Operation 29 [1/1] (1.16ns)   --->   "%dataStreamBuffer1_read_2 = read i1024 @_ssdm_op_Read.ap_fifo.volatile.i1024P0A, i1024 %dataStreamBuffer1" [/tools/Xilinx/Vitis_HLS/2022.1/common/technology/autopilot/hls_stream_39.h:145]   --->   Operation 29 'read' 'dataStreamBuffer1_read_2' <Predicate = (wordCount_V_load == 0 & tmp_i & tmp_61_i)> <Delay = 1.16> <CoreInst = "FIFO">   --->   Core 78 'FIFO' <Latency = 0> <II = 1> <Delay = 1.27> <Storage> <Opcode : 'read' 'write' 'nbread' 'nbwrite'> <Ports = 0> <Width = 1024> <Depth = 32> <FIFO>
ST_1 : Operation 30 [1/1] (0.00ns)   --->   "%tmp_data_V = trunc i1024 %dataStreamBuffer1_read_2" [/tools/Xilinx/Vitis_HLS/2022.1/common/technology/autopilot/hls_stream_39.h:145]   --->   Operation 30 'trunc' 'tmp_data_V' <Predicate = (wordCount_V_load == 0 & tmp_i & tmp_61_i)> <Delay = 0.00>
ST_1 : Operation 31 [1/1] (0.00ns)   --->   "%tmp_last_V = bitselect i1 @_ssdm_op_BitSelect.i1.i1024.i1024, i1024 %dataStreamBuffer1_read_2, i1024 576" [/tools/Xilinx/Vitis_HLS/2022.1/common/technology/autopilot/hls_stream_39.h:145]   --->   Operation 31 'bitselect' 'tmp_last_V' <Predicate = (wordCount_V_load == 0 & tmp_i & tmp_61_i)> <Delay = 0.00>
ST_1 : Operation 32 [1/1] (1.16ns)   --->   "%p_Val2_s = read i16 @_ssdm_op_Read.ap_fifo.volatile.i16P0A, i16 %checksumFifo" [/tools/Xilinx/Vitis_HLS/2022.1/common/technology/autopilot/hls_stream_39.h:145]   --->   Operation 32 'read' 'p_Val2_s' <Predicate = (wordCount_V_load == 0 & tmp_i & tmp_61_i)> <Delay = 1.16> <CoreInst = "FIFO_SRL">   --->   Core 81 'FIFO_SRL' <Latency = 0> <II = 1> <Delay = 1.34> <Storage> <Opcode : 'read' 'write' 'nbread' 'nbwrite'> <Ports = 0> <Width = 16> <Depth = 16> <FIFO>
ST_1 : Operation 33 [1/1] (0.00ns)   --->   "%tmp_62_i9 = partselect i8 @_ssdm_op_PartSelect.i8.i16.i32.i32, i16 %p_Val2_s, i32 8, i32 15"   --->   Operation 33 'partselect' 'tmp_62_i9' <Predicate = (wordCount_V_load == 0 & tmp_i & tmp_61_i)> <Delay = 0.00>
ST_1 : Operation 34 [1/1] (0.00ns)   --->   "%trunc_ln674 = trunc i16 %p_Val2_s"   --->   Operation 34 'trunc' 'trunc_ln674' <Predicate = (wordCount_V_load == 0 & tmp_i & tmp_61_i)> <Delay = 0.00>
ST_1 : Operation 35 [1/1] (0.00ns)   --->   "%p_Result_s = bitconcatenate i16 @_ssdm_op_BitConcatenate.i16.i8.i8, i8 %trunc_ln674, i8 %tmp_62_i9"   --->   Operation 35 'bitconcatenate' 'p_Result_s' <Predicate = (wordCount_V_load == 0 & tmp_i & tmp_61_i)> <Delay = 0.00>
ST_1 : Operation 36 [1/1] (0.00ns)   --->   "%p_Result_32 = partset i512 @_ssdm_op_PartSet.i512.i512.i16.i32.i32, i512 %tmp_data_V, i16 %p_Result_s, i32 80, i32 95"   --->   Operation 36 'partset' 'p_Result_32' <Predicate = (wordCount_V_load == 0 & tmp_i & tmp_61_i)> <Delay = 0.00>
ST_1 : Operation 37 [1/1] (0.00ns)   --->   "%tmp = partselect i65 @_ssdm_op_PartSelect.i65.i1024.i32.i32, i1024 %dataStreamBuffer1_read_2, i32 512, i32 576" [/tools/Xilinx/Vitis_HLS/2022.1/common/technology/autopilot/hls_stream_39.h:174]   --->   Operation 37 'partselect' 'tmp' <Predicate = (wordCount_V_load == 0 & tmp_i & tmp_61_i)> <Delay = 0.00>
ST_1 : Operation 38 [1/1] (0.12ns)   --->   "%xor_ln100 = xor i1 %tmp_last_V, i1 1" [/mnt/scratch/pyuvaraj/Vitis_RoCE_W/Vitis_RoCE/fpga-network-stack/hls/mac_ip_encode/mac_ip_encode.cpp:100]   --->   Operation 38 'xor' 'xor_ln100' <Predicate = (wordCount_V_load == 0 & tmp_i & tmp_61_i)> <Delay = 0.12> <CoreInst = "LogicGate">   --->   Core 74 'LogicGate' <Latency = 0> <II = 1> <Delay = 0.12> <FuncUnit> <Opcode : 'and' 'or' 'xor'> <InPorts = 2> <OutPorts = 1>
ST_1 : Operation 39 [1/1] (0.00ns)   --->   "%select_ln100_cast_i = zext i1 %xor_ln100" [/mnt/scratch/pyuvaraj/Vitis_RoCE_W/Vitis_RoCE/fpga-network-stack/hls/mac_ip_encode/mac_ip_encode.cpp:100]   --->   Operation 39 'zext' 'select_ln100_cast_i' <Predicate = (wordCount_V_load == 0 & tmp_i & tmp_61_i)> <Delay = 0.00>
ST_1 : Operation 40 [1/1] (0.41ns)   --->   "%store_ln100 = store i2 %select_ln100_cast_i, i2 %wordCount_V" [/mnt/scratch/pyuvaraj/Vitis_RoCE_W/Vitis_RoCE/fpga-network-stack/hls/mac_ip_encode/mac_ip_encode.cpp:100]   --->   Operation 40 'store' 'store_ln100' <Predicate = (wordCount_V_load == 0 & tmp_i & tmp_61_i)> <Delay = 0.41>
ST_1 : Operation 41 [1/1] (0.00ns)   --->   "%br_ln105 = br void %insert_ip_checksum<512>.exit" [/mnt/scratch/pyuvaraj/Vitis_RoCE_W/Vitis_RoCE/fpga-network-stack/hls/mac_ip_encode/mac_ip_encode.cpp:105]   --->   Operation 41 'br' 'br_ln105' <Predicate = (wordCount_V_load == 0)> <Delay = 0.00>
ST_1 : Operation 42 [1/1] (0.00ns)   --->   "%tmp_i_40 = nbreadreq i1 @_ssdm_op_NbReadReq.ap_fifo.i1024P0A, i1024 %dataStreamBuffer1, i32 1" [/tools/Xilinx/Vitis_HLS/2022.1/common/technology/autopilot/hls_stream_39.h:136]   --->   Operation 42 'nbreadreq' 'tmp_i_40' <Predicate = (wordCount_V_load != 0 & wordCount_V_load != 1)> <Delay = 0.00> <CoreInst = "FIFO">   --->   Core 78 'FIFO' <Latency = 0> <II = 1> <Delay = 1.27> <Storage> <Opcode : 'read' 'write' 'nbread' 'nbwrite'> <Ports = 0> <Width = 1024> <Depth = 32> <FIFO>
ST_1 : Operation 43 [1/1] (0.00ns)   --->   "%br_ln124 = br i1 %tmp_i_40, void %if.end33.i, void %if.then25.i" [/mnt/scratch/pyuvaraj/Vitis_RoCE_W/Vitis_RoCE/fpga-network-stack/hls/mac_ip_encode/mac_ip_encode.cpp:124]   --->   Operation 43 'br' 'br_ln124' <Predicate = (wordCount_V_load != 0 & wordCount_V_load != 1)> <Delay = 0.00>
ST_1 : Operation 44 [1/1] (1.16ns)   --->   "%dataStreamBuffer1_read = read i1024 @_ssdm_op_Read.ap_fifo.volatile.i1024P0A, i1024 %dataStreamBuffer1" [/tools/Xilinx/Vitis_HLS/2022.1/common/technology/autopilot/hls_stream_39.h:145]   --->   Operation 44 'read' 'dataStreamBuffer1_read' <Predicate = (wordCount_V_load != 0 & wordCount_V_load != 1 & tmp_i_40)> <Delay = 1.16> <CoreInst = "FIFO">   --->   Core 78 'FIFO' <Latency = 0> <II = 1> <Delay = 1.27> <Storage> <Opcode : 'read' 'write' 'nbread' 'nbwrite'> <Ports = 0> <Width = 1024> <Depth = 32> <FIFO>
ST_1 : Operation 45 [1/1] (0.00ns)   --->   "%tmp_last_V_2 = bitselect i1 @_ssdm_op_BitSelect.i1.i1024.i1024, i1024 %dataStreamBuffer1_read, i1024 576" [/tools/Xilinx/Vitis_HLS/2022.1/common/technology/autopilot/hls_stream_39.h:145]   --->   Operation 45 'bitselect' 'tmp_last_V_2' <Predicate = (wordCount_V_load != 0 & wordCount_V_load != 1 & tmp_i_40)> <Delay = 0.00>
ST_1 : Operation 46 [1/1] (0.00ns)   --->   "%br_ln128 = br i1 %tmp_last_V_2, void %if.end32.i, void %if.then30.i" [/mnt/scratch/pyuvaraj/Vitis_RoCE_W/Vitis_RoCE/fpga-network-stack/hls/mac_ip_encode/mac_ip_encode.cpp:128]   --->   Operation 46 'br' 'br_ln128' <Predicate = (wordCount_V_load != 0 & wordCount_V_load != 1 & tmp_i_40)> <Delay = 0.00>
ST_1 : Operation 47 [1/1] (0.41ns)   --->   "%store_ln130 = store i2 0, i2 %wordCount_V" [/mnt/scratch/pyuvaraj/Vitis_RoCE_W/Vitis_RoCE/fpga-network-stack/hls/mac_ip_encode/mac_ip_encode.cpp:130]   --->   Operation 47 'store' 'store_ln130' <Predicate = (wordCount_V_load != 0 & wordCount_V_load != 1 & tmp_i_40 & tmp_last_V_2)> <Delay = 0.41>
ST_1 : Operation 48 [1/1] (0.00ns)   --->   "%br_ln131 = br void %if.end32.i" [/mnt/scratch/pyuvaraj/Vitis_RoCE_W/Vitis_RoCE/fpga-network-stack/hls/mac_ip_encode/mac_ip_encode.cpp:131]   --->   Operation 48 'br' 'br_ln131' <Predicate = (wordCount_V_load != 0 & wordCount_V_load != 1 & tmp_i_40 & tmp_last_V_2)> <Delay = 0.00>
ST_1 : Operation 49 [1/1] (0.00ns)   --->   "%br_ln132 = br void %if.end33.i" [/mnt/scratch/pyuvaraj/Vitis_RoCE_W/Vitis_RoCE/fpga-network-stack/hls/mac_ip_encode/mac_ip_encode.cpp:132]   --->   Operation 49 'br' 'br_ln132' <Predicate = (wordCount_V_load != 0 & wordCount_V_load != 1 & tmp_i_40)> <Delay = 0.00>
ST_1 : Operation 50 [1/1] (0.00ns)   --->   "%br_ln133 = br void %insert_ip_checksum<512>.exit" [/mnt/scratch/pyuvaraj/Vitis_RoCE_W/Vitis_RoCE/fpga-network-stack/hls/mac_ip_encode/mac_ip_encode.cpp:133]   --->   Operation 50 'br' 'br_ln133' <Predicate = (wordCount_V_load != 0 & wordCount_V_load != 1)> <Delay = 0.00>

State 2 <SV = 1> <Delay = 1.16>
ST_2 : Operation 51 [1/1] (1.16ns)   --->   "%write_ln174 = write void @_ssdm_op_Write.ap_fifo.volatile.i1024P0A, i1024 %dataStreamBuffer2, i1024 %dataStreamBuffer1_read_1" [/tools/Xilinx/Vitis_HLS/2022.1/common/technology/autopilot/hls_stream_39.h:174]   --->   Operation 51 'write' 'write_ln174' <Predicate = (wordCount_V_load == 1 & tmp_60_i)> <Delay = 1.16> <CoreInst = "FIFO_SRL">   --->   Core 81 'FIFO_SRL' <Latency = 0> <II = 1> <Delay = 1.33> <Storage> <Opcode : 'read' 'write' 'nbread' 'nbwrite'> <Ports = 0> <Width = 1024> <Depth = 2> <FIFO>
ST_2 : Operation 52 [1/1] (0.00ns)   --->   "%br_ln121 = br void %if.end23.i" [/mnt/scratch/pyuvaraj/Vitis_RoCE_W/Vitis_RoCE/fpga-network-stack/hls/mac_ip_encode/mac_ip_encode.cpp:121]   --->   Operation 52 'br' 'br_ln121' <Predicate = (wordCount_V_load == 1 & tmp_60_i)> <Delay = 0.00>
ST_2 : Operation 53 [1/1] (0.00ns)   --->   "%tmp_s = bitconcatenate i577 @_ssdm_op_BitConcatenate.i577.i65.i512, i65 %tmp, i512 %p_Result_32" [/tools/Xilinx/Vitis_HLS/2022.1/common/technology/autopilot/hls_stream_39.h:174]   --->   Operation 53 'bitconcatenate' 'tmp_s' <Predicate = (wordCount_V_load == 0 & tmp_i & tmp_61_i)> <Delay = 0.00>
ST_2 : Operation 54 [1/1] (0.00ns)   --->   "%zext_ln174 = zext i577 %tmp_s" [/tools/Xilinx/Vitis_HLS/2022.1/common/technology/autopilot/hls_stream_39.h:174]   --->   Operation 54 'zext' 'zext_ln174' <Predicate = (wordCount_V_load == 0 & tmp_i & tmp_61_i)> <Delay = 0.00>
ST_2 : Operation 55 [1/1] (1.16ns)   --->   "%write_ln174 = write void @_ssdm_op_Write.ap_fifo.volatile.i1024P0A, i1024 %dataStreamBuffer2, i1024 %zext_ln174" [/tools/Xilinx/Vitis_HLS/2022.1/common/technology/autopilot/hls_stream_39.h:174]   --->   Operation 55 'write' 'write_ln174' <Predicate = (wordCount_V_load == 0 & tmp_i & tmp_61_i)> <Delay = 1.16> <CoreInst = "FIFO_SRL">   --->   Core 81 'FIFO_SRL' <Latency = 0> <II = 1> <Delay = 1.33> <Storage> <Opcode : 'read' 'write' 'nbread' 'nbwrite'> <Ports = 0> <Width = 1024> <Depth = 2> <FIFO>
ST_2 : Operation 56 [1/1] (0.00ns)   --->   "%br_ln104 = br void %if.end11.i" [/mnt/scratch/pyuvaraj/Vitis_RoCE_W/Vitis_RoCE/fpga-network-stack/hls/mac_ip_encode/mac_ip_encode.cpp:104]   --->   Operation 56 'br' 'br_ln104' <Predicate = (wordCount_V_load == 0 & tmp_i & tmp_61_i)> <Delay = 0.00>
ST_2 : Operation 57 [1/1] (1.16ns)   --->   "%write_ln174 = write void @_ssdm_op_Write.ap_fifo.volatile.i1024P0A, i1024 %dataStreamBuffer2, i1024 %dataStreamBuffer1_read" [/tools/Xilinx/Vitis_HLS/2022.1/common/technology/autopilot/hls_stream_39.h:174]   --->   Operation 57 'write' 'write_ln174' <Predicate = (wordCount_V_load != 0 & wordCount_V_load != 1 & tmp_i_40)> <Delay = 1.16> <CoreInst = "FIFO_SRL">   --->   Core 81 'FIFO_SRL' <Latency = 0> <II = 1> <Delay = 1.33> <Storage> <Opcode : 'read' 'write' 'nbread' 'nbwrite'> <Ports = 0> <Width = 1024> <Depth = 2> <FIFO>
ST_2 : Operation 58 [1/1] (0.00ns)   --->   "%ret_ln0 = ret"   --->   Operation 58 'ret' 'ret_ln0' <Predicate = true> <Delay = 0.00>


============================================================
+ Verbose Summary: Binding
============================================================
STG Binding: 
---------------- STG Properties BEGIN ----------------
- Is combinational: 0
- Is one-state seq: 0
- Is datapath-only: 0
- Is pipelined: 1
- Is top level: 0
Port [ Return ] is wired: 1; IO mode=ap_ctrl_hs:ce=0
Port [ wordCount_V]:  wired=0; compound=0; hidden=1; nouse=0; global=1; static=1; extern=0; dir=2; type=0; pingpong=0; private_global=1; IO mode=ap_ovld:ce=0
Port [ dataStreamBuffer1]:  wired=1; compound=1; hidden=0; nouse=0; global=1; static=1; extern=0; dir=0; type=3; pingpong=0; private_global=0; IO mode=ap_fifo:ce=0
Port [ checksumFifo]:  wired=1; compound=1; hidden=0; nouse=0; global=1; static=1; extern=0; dir=0; type=3; pingpong=0; private_global=0; IO mode=ap_fifo:ce=0
Port [ dataStreamBuffer2]:  wired=1; compound=1; hidden=0; nouse=0; global=1; static=1; extern=0; dir=1; type=3; pingpong=0; private_global=0; IO mode=ap_fifo:ce=0
---------------- STG Properties END ------------------

---------------- Datapath Model BEGIN ----------------

<LifeTime>
<method=bitvector/>
specinterface_ln0        (specinterface ) [ 000]
specinterface_ln0        (specinterface ) [ 000]
specinterface_ln0        (specinterface ) [ 000]
specinterface_ln0        (specinterface ) [ 000]
specinterface_ln0        (specinterface ) [ 000]
specinterface_ln0        (specinterface ) [ 000]
specinterface_ln0        (specinterface ) [ 000]
specinterface_ln0        (specinterface ) [ 000]
specinterface_ln0        (specinterface ) [ 000]
specinterface_ln0        (specinterface ) [ 000]
specinterface_ln0        (specinterface ) [ 000]
specinterface_ln0        (specinterface ) [ 000]
specpipeline_ln76        (specpipeline  ) [ 000]
wordCount_V_load         (load          ) [ 011]
switch_ln86              (switch        ) [ 000]
tmp_60_i                 (nbreadreq     ) [ 011]
br_ln107                 (br            ) [ 000]
dataStreamBuffer1_read_1 (read          ) [ 011]
tmp_last_V_1             (bitselect     ) [ 000]
select_ln117             (select        ) [ 000]
store_ln117              (store         ) [ 000]
br_ln122                 (br            ) [ 000]
tmp_i                    (nbreadreq     ) [ 011]
br_ln89                  (br            ) [ 000]
tmp_61_i                 (nbreadreq     ) [ 011]
br_ln89                  (br            ) [ 000]
dataStreamBuffer1_read_2 (read          ) [ 000]
tmp_data_V               (trunc         ) [ 000]
tmp_last_V               (bitselect     ) [ 000]
p_Val2_s                 (read          ) [ 000]
tmp_62_i9                (partselect    ) [ 000]
trunc_ln674              (trunc         ) [ 000]
p_Result_s               (bitconcatenate) [ 000]
p_Result_32              (partset       ) [ 011]
tmp                      (partselect    ) [ 011]
xor_ln100                (xor           ) [ 000]
select_ln100_cast_i      (zext          ) [ 000]
store_ln100              (store         ) [ 000]
br_ln105                 (br            ) [ 000]
tmp_i_40                 (nbreadreq     ) [ 011]
br_ln124                 (br            ) [ 000]
dataStreamBuffer1_read   (read          ) [ 011]
tmp_last_V_2             (bitselect     ) [ 010]
br_ln128                 (br            ) [ 000]
store_ln130              (store         ) [ 000]
br_ln131                 (br            ) [ 000]
br_ln132                 (br            ) [ 000]
br_ln133                 (br            ) [ 000]
write_ln174              (write         ) [ 000]
br_ln121                 (br            ) [ 000]
tmp_s                    (bitconcatenate) [ 000]
zext_ln174               (zext          ) [ 000]
write_ln174              (write         ) [ 000]
br_ln104                 (br            ) [ 000]
write_ln174              (write         ) [ 000]
ret_ln0                  (ret           ) [ 000]
</LifeTime>

<model>

<comp_list>
<comp id="0" class="1000" name="wordCount_V">
<pin_list>
<pin id="1" dir="1" index="0" bw="1" slack="0"/>
</pin_list>
<bind>
<StgValue><ssdm name="wordCount_V"/></StgValue>
</bind>
</comp>

<comp id="2" class="1000" name="dataStreamBuffer1">
<pin_list>
<pin id="3" dir="1" index="0" bw="1" slack="0"/>
</pin_list>
<bind>
<StgValue><ssdm name="dataStreamBuffer1"/></StgValue>
</bind>
</comp>

<comp id="4" class="1000" name="checksumFifo">
<pin_list>
<pin id="5" dir="1" index="0" bw="1" slack="0"/>
</pin_list>
<bind>
<StgValue><ssdm name="checksumFifo"/></StgValue>
</bind>
</comp>

<comp id="6" class="1000" name="dataStreamBuffer2">
<pin_list>
<pin id="7" dir="1" index="0" bw="1" slack="0"/>
</pin_list>
<bind>
<StgValue><ssdm name="dataStreamBuffer2"/></StgValue>
</bind>
</comp>

<comp id="8" class="1001" name="const_8">
<pin_list>
<pin id="9" dir="1" index="0" bw="1" slack="2147483647"/>
</pin_list>
<bind>
<StgValue><ssdm name="_ssdm_op_SpecInterface"/></StgValue>
</bind>
</comp>

<comp id="10" class="1001" name="const_10">
<pin_list>
<pin id="11" dir="1" index="0" bw="1" slack="2147483647"/>
</pin_list>
<bind>
<StgValue><ssdm name="empty_3"/></StgValue>
</bind>
</comp>

<comp id="12" class="1001" name="const_12">
<pin_list>
<pin id="13" dir="1" index="0" bw="1" slack="2147483647"/>
</pin_list>
<bind>
<StgValue><ssdm name=""/></StgValue>
</bind>
</comp>

<comp id="14" class="1001" name="const_14">
<pin_list>
<pin id="15" dir="1" index="0" bw="1" slack="2147483647"/>
</pin_list>
<bind>
<StgValue><ssdm name="empty_1"/></StgValue>
</bind>
</comp>

<comp id="16" class="1001" name="const_16">
<pin_list>
<pin id="17" dir="1" index="0" bw="1" slack="2147483647"/>
</pin_list>
<bind>
<StgValue><ssdm name=""/></StgValue>
</bind>
</comp>

<comp id="18" class="1001" name="const_18">
<pin_list>
<pin id="19" dir="1" index="0" bw="1" slack="2147483647"/>
</pin_list>
<bind>
<StgValue><ssdm name="_ssdm_op_SpecPipeline"/></StgValue>
</bind>
</comp>

<comp id="20" class="1001" name="const_20">
<pin_list>
<pin id="21" dir="1" index="0" bw="1" slack="0"/>
</pin_list>
<bind>
<StgValue><ssdm name=""/></StgValue>
</bind>
</comp>

<comp id="22" class="1001" name="const_22">
<pin_list>
<pin id="23" dir="1" index="0" bw="1" slack="0"/>
</pin_list>
<bind>
<StgValue><ssdm name=""/></StgValue>
</bind>
</comp>

<comp id="24" class="1001" name="const_24">
<pin_list>
<pin id="25" dir="1" index="0" bw="1" slack="2147483647"/>
</pin_list>
<bind>
<StgValue><ssdm name=""/></StgValue>
</bind>
</comp>

<comp id="26" class="1001" name="const_26">
<pin_list>
<pin id="27" dir="1" index="0" bw="1" slack="0"/>
</pin_list>
<bind>
<StgValue><ssdm name="_ssdm_op_NbReadReq.ap_fifo.i1024P0A"/></StgValue>
</bind>
</comp>

<comp id="28" class="1001" name="const_28">
<pin_list>
<pin id="29" dir="1" index="0" bw="1" slack="0"/>
</pin_list>
<bind>
<StgValue><ssdm name="_ssdm_op_Read.ap_fifo.volatile.i1024P0A"/></StgValue>
</bind>
</comp>

<comp id="30" class="1001" name="const_30">
<pin_list>
<pin id="31" dir="1" index="0" bw="1" slack="0"/>
</pin_list>
<bind>
<StgValue><ssdm name="_ssdm_op_BitSelect.i1.i1024.i1024"/></StgValue>
</bind>
</comp>

<comp id="32" class="1001" name="const_32">
<pin_list>
<pin id="33" dir="1" index="0" bw="1" slack="0"/>
</pin_list>
<bind>
<StgValue><ssdm name=""/></StgValue>
</bind>
</comp>

<comp id="34" class="1001" name="const_34">
<pin_list>
<pin id="35" dir="1" index="0" bw="1" slack="0"/>
</pin_list>
<bind>
<StgValue><ssdm name=""/></StgValue>
</bind>
</comp>

<comp id="36" class="1001" name="const_36">
<pin_list>
<pin id="37" dir="1" index="0" bw="1" slack="0"/>
</pin_list>
<bind>
<StgValue><ssdm name="_ssdm_op_NbReadReq.ap_fifo.i16P0A"/></StgValue>
</bind>
</comp>

<comp id="38" class="1001" name="const_38">
<pin_list>
<pin id="39" dir="1" index="0" bw="1" slack="0"/>
</pin_list>
<bind>
<StgValue><ssdm name="_ssdm_op_Read.ap_fifo.volatile.i16P0A"/></StgValue>
</bind>
</comp>

<comp id="40" class="1001" name="const_40">
<pin_list>
<pin id="41" dir="1" index="0" bw="1" slack="0"/>
</pin_list>
<bind>
<StgValue><ssdm name="_ssdm_op_PartSelect.i8.i16.i32.i32"/></StgValue>
</bind>
</comp>

<comp id="42" class="1001" name="const_42">
<pin_list>
<pin id="43" dir="1" index="0" bw="1" slack="0"/>
</pin_list>
<bind>
<StgValue><ssdm name=""/></StgValue>
</bind>
</comp>

<comp id="44" class="1001" name="const_44">
<pin_list>
<pin id="45" dir="1" index="0" bw="1" slack="0"/>
</pin_list>
<bind>
<StgValue><ssdm name=""/></StgValue>
</bind>
</comp>

<comp id="46" class="1001" name="const_46">
<pin_list>
<pin id="47" dir="1" index="0" bw="1" slack="0"/>
</pin_list>
<bind>
<StgValue><ssdm name="_ssdm_op_BitConcatenate.i16.i8.i8"/></StgValue>
</bind>
</comp>

<comp id="48" class="1001" name="const_48">
<pin_list>
<pin id="49" dir="1" index="0" bw="1" slack="0"/>
</pin_list>
<bind>
<StgValue><ssdm name="_ssdm_op_PartSet.i512.i512.i16.i32.i32"/></StgValue>
</bind>
</comp>

<comp id="50" class="1001" name="const_50">
<pin_list>
<pin id="51" dir="1" index="0" bw="1" slack="0"/>
</pin_list>
<bind>
<StgValue><ssdm name=""/></StgValue>
</bind>
</comp>

<comp id="52" class="1001" name="const_52">
<pin_list>
<pin id="53" dir="1" index="0" bw="1" slack="0"/>
</pin_list>
<bind>
<StgValue><ssdm name=""/></StgValue>
</bind>
</comp>

<comp id="54" class="1001" name="const_54">
<pin_list>
<pin id="55" dir="1" index="0" bw="1" slack="0"/>
</pin_list>
<bind>
<StgValue><ssdm name="_ssdm_op_PartSelect.i65.i1024.i32.i32"/></StgValue>
</bind>
</comp>

<comp id="56" class="1001" name="const_56">
<pin_list>
<pin id="57" dir="1" index="0" bw="1" slack="0"/>
</pin_list>
<bind>
<StgValue><ssdm name=""/></StgValue>
</bind>
</comp>

<comp id="58" class="1001" name="const_58">
<pin_list>
<pin id="59" dir="1" index="0" bw="1" slack="0"/>
</pin_list>
<bind>
<StgValue><ssdm name=""/></StgValue>
</bind>
</comp>

<comp id="60" class="1001" name="const_60">
<pin_list>
<pin id="61" dir="1" index="0" bw="1" slack="0"/>
</pin_list>
<bind>
<StgValue><ssdm name=""/></StgValue>
</bind>
</comp>

<comp id="62" class="1001" name="const_62">
<pin_list>
<pin id="63" dir="1" index="0" bw="1" slack="0"/>
</pin_list>
<bind>
<StgValue><ssdm name="_ssdm_op_Write.ap_fifo.volatile.i1024P0A"/></StgValue>
</bind>
</comp>

<comp id="64" class="1001" name="const_64">
<pin_list>
<pin id="65" dir="1" index="0" bw="1" slack="0"/>
</pin_list>
<bind>
<StgValue><ssdm name="_ssdm_op_BitConcatenate.i577.i65.i512"/></StgValue>
</bind>
</comp>

<comp id="66" class="1004" name="grp_nbreadreq_fu_66">
<pin_list>
<pin id="67" dir="0" index="0" bw="1" slack="0"/>
<pin id="68" dir="0" index="1" bw="1024" slack="0"/>
<pin id="69" dir="0" index="2" bw="1" slack="0"/>
<pin id="70" dir="1" index="3" bw="1" slack="1"/>
</pin_list>
<bind>
<opcode="nbreadreq(1156) " fcode="nbreadreq"/>
<opset="tmp_60_i/1 tmp_i/1 tmp_i_40/1 "/>
</bind>
</comp>

<comp id="74" class="1004" name="grp_read_fu_74">
<pin_list>
<pin id="75" dir="0" index="0" bw="1024" slack="0"/>
<pin id="76" dir="0" index="1" bw="1024" slack="0"/>
<pin id="77" dir="1" index="2" bw="1024" slack="0"/>
</pin_list>
<bind>
<opcode="read(1150) " fcode="read"/>
<opset="dataStreamBuffer1_read_1/1 dataStreamBuffer1_read_2/1 dataStreamBuffer1_read/1 "/>
</bind>
</comp>

<comp id="80" class="1004" name="tmp_61_i_nbreadreq_fu_80">
<pin_list>
<pin id="81" dir="0" index="0" bw="1" slack="0"/>
<pin id="82" dir="0" index="1" bw="16" slack="0"/>
<pin id="83" dir="0" index="2" bw="1" slack="0"/>
<pin id="84" dir="1" index="3" bw="1" slack="1"/>
</pin_list>
<bind>
<opcode="nbreadreq(1156) " fcode="nbreadreq"/>
<opset="tmp_61_i/1 "/>
</bind>
</comp>

<comp id="88" class="1004" name="p_Val2_s_read_fu_88">
<pin_list>
<pin id="89" dir="0" index="0" bw="16" slack="0"/>
<pin id="90" dir="0" index="1" bw="16" slack="0"/>
<pin id="91" dir="1" index="2" bw="16" slack="0"/>
</pin_list>
<bind>
<opcode="read(1150) " fcode="read"/>
<opset="p_Val2_s/1 "/>
</bind>
</comp>

<comp id="94" class="1004" name="grp_write_fu_94">
<pin_list>
<pin id="95" dir="0" index="0" bw="0" slack="0"/>
<pin id="96" dir="0" index="1" bw="1024" slack="0"/>
<pin id="97" dir="0" index="2" bw="1024" slack="0"/>
<pin id="98" dir="1" index="3" bw="0" slack="2147483647"/>
</pin_list>
<bind>
<opcode="write(1151) " fcode="write"/>
<opset="write_ln174/2 write_ln174/2 write_ln174/2 "/>
</bind>
</comp>

<comp id="101" class="1004" name="grp_fu_101">
<pin_list>
<pin id="102" dir="0" index="0" bw="1" slack="0"/>
<pin id="103" dir="0" index="1" bw="1024" slack="0"/>
<pin id="104" dir="0" index="2" bw="11" slack="0"/>
<pin id="105" dir="1" index="3" bw="1" slack="0"/>
</pin_list>
<bind>
<opcode="bitselect(1000) " fcode="bitselect"/>
<opset="tmp_last_V_1/1 tmp_last_V/1 tmp_last_V_2/1 "/>
</bind>
</comp>

<comp id="109" class="1005" name="reg_109">
<pin_list>
<pin id="110" dir="0" index="0" bw="1024" slack="1"/>
<pin id="111" dir="1" index="1" bw="1024" slack="1"/>
</pin_list>
<bind>
<opset="dataStreamBuffer1_read_1 dataStreamBuffer1_read "/>
</bind>
</comp>

<comp id="114" class="1004" name="wordCount_V_load_load_fu_114">
<pin_list>
<pin id="115" dir="0" index="0" bw="2" slack="0"/>
<pin id="116" dir="1" index="1" bw="2" slack="1"/>
</pin_list>
<bind>
<opcode="load(27) " fcode="load"/>
<opset="wordCount_V_load/1 "/>
</bind>
</comp>

<comp id="118" class="1004" name="select_ln117_fu_118">
<pin_list>
<pin id="119" dir="0" index="0" bw="1" slack="0"/>
<pin id="120" dir="0" index="1" bw="1" slack="0"/>
<pin id="121" dir="0" index="2" bw="2" slack="0"/>
<pin id="122" dir="1" index="3" bw="2" slack="0"/>
</pin_list>
<bind>
<opcode="select(49) " fcode="select"/>
<opset="select_ln117/1 "/>
</bind>
</comp>

<comp id="126" class="1004" name="store_ln117_store_fu_126">
<pin_list>
<pin id="127" dir="0" index="0" bw="2" slack="0"/>
<pin id="128" dir="0" index="1" bw="2" slack="0"/>
<pin id="129" dir="1" index="2" bw="0" slack="2147483647"/>
</pin_list>
<bind>
<opcode="store(28) " fcode="store"/>
<opset="store_ln117/1 "/>
</bind>
</comp>

<comp id="132" class="1004" name="tmp_data_V_fu_132">
<pin_list>
<pin id="133" dir="0" index="0" bw="1024" slack="0"/>
<pin id="134" dir="1" index="1" bw="512" slack="0"/>
</pin_list>
<bind>
<opcode="trunc(33) " fcode="trunc"/>
<opset="tmp_data_V/1 "/>
</bind>
</comp>

<comp id="136" class="1004" name="tmp_62_i9_fu_136">
<pin_list>
<pin id="137" dir="0" index="0" bw="8" slack="0"/>
<pin id="138" dir="0" index="1" bw="16" slack="0"/>
<pin id="139" dir="0" index="2" bw="5" slack="0"/>
<pin id="140" dir="0" index="3" bw="5" slack="0"/>
<pin id="141" dir="1" index="4" bw="8" slack="0"/>
</pin_list>
<bind>
<opcode="partselect(1002) " fcode="partselect"/>
<opset="tmp_62_i9/1 "/>
</bind>
</comp>

<comp id="146" class="1004" name="trunc_ln674_fu_146">
<pin_list>
<pin id="147" dir="0" index="0" bw="16" slack="0"/>
<pin id="148" dir="1" index="1" bw="8" slack="0"/>
</pin_list>
<bind>
<opcode="trunc(33) " fcode="trunc"/>
<opset="trunc_ln674/1 "/>
</bind>
</comp>

<comp id="150" class="1004" name="p_Result_s_fu_150">
<pin_list>
<pin id="151" dir="0" index="0" bw="16" slack="0"/>
<pin id="152" dir="0" index="1" bw="8" slack="0"/>
<pin id="153" dir="0" index="2" bw="8" slack="0"/>
<pin id="154" dir="1" index="3" bw="16" slack="0"/>
</pin_list>
<bind>
<opcode="bitconcatenate(1004) " fcode="bitconcatenate"/>
<opset="p_Result_s/1 "/>
</bind>
</comp>

<comp id="158" class="1004" name="p_Result_32_fu_158">
<pin_list>
<pin id="159" dir="0" index="0" bw="512" slack="0"/>
<pin id="160" dir="0" index="1" bw="512" slack="0"/>
<pin id="161" dir="0" index="2" bw="16" slack="0"/>
<pin id="162" dir="0" index="3" bw="8" slack="0"/>
<pin id="163" dir="0" index="4" bw="8" slack="0"/>
<pin id="164" dir="1" index="5" bw="512" slack="1"/>
</pin_list>
<bind>
<opcode="partset(1003) " fcode="partset"/>
<opset="p_Result_32/1 "/>
</bind>
</comp>

<comp id="170" class="1004" name="tmp_fu_170">
<pin_list>
<pin id="171" dir="0" index="0" bw="65" slack="0"/>
<pin id="172" dir="0" index="1" bw="1024" slack="0"/>
<pin id="173" dir="0" index="2" bw="11" slack="0"/>
<pin id="174" dir="0" index="3" bw="11" slack="0"/>
<pin id="175" dir="1" index="4" bw="65" slack="1"/>
</pin_list>
<bind>
<opcode="partselect(1002) " fcode="partselect"/>
<opset="tmp/1 "/>
</bind>
</comp>

<comp id="180" class="1004" name="xor_ln100_fu_180">
<pin_list>
<pin id="181" dir="0" index="0" bw="1" slack="0"/>
<pin id="182" dir="0" index="1" bw="1" slack="0"/>
<pin id="183" dir="1" index="2" bw="1" slack="0"/>
</pin_list>
<bind>
<opcode="xor(25) " fcode="xor"/>
<opset="xor_ln100/1 "/>
</bind>
</comp>

<comp id="186" class="1004" name="select_ln100_cast_i_fu_186">
<pin_list>
<pin id="187" dir="0" index="0" bw="1" slack="0"/>
<pin id="188" dir="1" index="1" bw="2" slack="0"/>
</pin_list>
<bind>
<opcode="zext(34) " fcode="zext"/>
<opset="select_ln100_cast_i/1 "/>
</bind>
</comp>

<comp id="190" class="1004" name="store_ln100_store_fu_190">
<pin_list>
<pin id="191" dir="0" index="0" bw="1" slack="0"/>
<pin id="192" dir="0" index="1" bw="2" slack="0"/>
<pin id="193" dir="1" index="2" bw="0" slack="2147483647"/>
</pin_list>
<bind>
<opcode="store(28) " fcode="store"/>
<opset="store_ln100/1 "/>
</bind>
</comp>

<comp id="196" class="1004" name="store_ln130_store_fu_196">
<pin_list>
<pin id="197" dir="0" index="0" bw="1" slack="0"/>
<pin id="198" dir="0" index="1" bw="2" slack="0"/>
<pin id="199" dir="1" index="2" bw="0" slack="2147483647"/>
</pin_list>
<bind>
<opcode="store(28) " fcode="store"/>
<opset="store_ln130/1 "/>
</bind>
</comp>

<comp id="202" class="1004" name="tmp_s_fu_202">
<pin_list>
<pin id="203" dir="0" index="0" bw="577" slack="0"/>
<pin id="204" dir="0" index="1" bw="65" slack="1"/>
<pin id="205" dir="0" index="2" bw="512" slack="1"/>
<pin id="206" dir="1" index="3" bw="577" slack="0"/>
</pin_list>
<bind>
<opcode="bitconcatenate(1004) " fcode="bitconcatenate"/>
<opset="tmp_s/2 "/>
</bind>
</comp>

<comp id="208" class="1004" name="zext_ln174_fu_208">
<pin_list>
<pin id="209" dir="0" index="0" bw="577" slack="0"/>
<pin id="210" dir="1" index="1" bw="1024" slack="0"/>
</pin_list>
<bind>
<opcode="zext(34) " fcode="zext"/>
<opset="zext_ln174/2 "/>
</bind>
</comp>

<comp id="213" class="1005" name="wordCount_V_load_reg_213">
<pin_list>
<pin id="214" dir="0" index="0" bw="2" slack="1"/>
<pin id="215" dir="1" index="1" bw="2" slack="2147483647"/>
</pin_list>
<bind>
<opset="wordCount_V_load "/>
</bind>
</comp>

<comp id="217" class="1005" name="tmp_60_i_reg_217">
<pin_list>
<pin id="218" dir="0" index="0" bw="1" slack="1"/>
<pin id="219" dir="1" index="1" bw="1" slack="2147483647"/>
</pin_list>
<bind>
<opset="tmp_60_i "/>
</bind>
</comp>

<comp id="221" class="1005" name="tmp_i_reg_221">
<pin_list>
<pin id="222" dir="0" index="0" bw="1" slack="1"/>
<pin id="223" dir="1" index="1" bw="1" slack="2147483647"/>
</pin_list>
<bind>
<opset="tmp_i "/>
</bind>
</comp>

<comp id="225" class="1005" name="tmp_61_i_reg_225">
<pin_list>
<pin id="226" dir="0" index="0" bw="1" slack="1"/>
<pin id="227" dir="1" index="1" bw="1" slack="2147483647"/>
</pin_list>
<bind>
<opset="tmp_61_i "/>
</bind>
</comp>

<comp id="229" class="1005" name="p_Result_32_reg_229">
<pin_list>
<pin id="230" dir="0" index="0" bw="512" slack="1"/>
<pin id="231" dir="1" index="1" bw="512" slack="1"/>
</pin_list>
<bind>
<opset="p_Result_32 "/>
</bind>
</comp>

<comp id="234" class="1005" name="tmp_reg_234">
<pin_list>
<pin id="235" dir="0" index="0" bw="65" slack="1"/>
<pin id="236" dir="1" index="1" bw="65" slack="1"/>
</pin_list>
<bind>
<opset="tmp "/>
</bind>
</comp>

<comp id="239" class="1005" name="tmp_i_40_reg_239">
<pin_list>
<pin id="240" dir="0" index="0" bw="1" slack="1"/>
<pin id="241" dir="1" index="1" bw="1" slack="2147483647"/>
</pin_list>
<bind>
<opset="tmp_i_40 "/>
</bind>
</comp>

</comp_list>

<net_list>
<net id="71"><net_src comp="26" pin="0"/><net_sink comp="66" pin=0"/></net>

<net id="72"><net_src comp="2" pin="0"/><net_sink comp="66" pin=1"/></net>

<net id="73"><net_src comp="20" pin="0"/><net_sink comp="66" pin=2"/></net>

<net id="78"><net_src comp="28" pin="0"/><net_sink comp="74" pin=0"/></net>

<net id="79"><net_src comp="2" pin="0"/><net_sink comp="74" pin=1"/></net>

<net id="85"><net_src comp="36" pin="0"/><net_sink comp="80" pin=0"/></net>

<net id="86"><net_src comp="4" pin="0"/><net_sink comp="80" pin=1"/></net>

<net id="87"><net_src comp="20" pin="0"/><net_sink comp="80" pin=2"/></net>

<net id="92"><net_src comp="38" pin="0"/><net_sink comp="88" pin=0"/></net>

<net id="93"><net_src comp="4" pin="0"/><net_sink comp="88" pin=1"/></net>

<net id="99"><net_src comp="62" pin="0"/><net_sink comp="94" pin=0"/></net>

<net id="100"><net_src comp="6" pin="0"/><net_sink comp="94" pin=1"/></net>

<net id="106"><net_src comp="30" pin="0"/><net_sink comp="101" pin=0"/></net>

<net id="107"><net_src comp="74" pin="2"/><net_sink comp="101" pin=1"/></net>

<net id="108"><net_src comp="32" pin="0"/><net_sink comp="101" pin=2"/></net>

<net id="112"><net_src comp="74" pin="2"/><net_sink comp="109" pin=0"/></net>

<net id="113"><net_src comp="109" pin="1"/><net_sink comp="94" pin=2"/></net>

<net id="117"><net_src comp="0" pin="0"/><net_sink comp="114" pin=0"/></net>

<net id="123"><net_src comp="101" pin="3"/><net_sink comp="118" pin=0"/></net>

<net id="124"><net_src comp="22" pin="0"/><net_sink comp="118" pin=1"/></net>

<net id="125"><net_src comp="34" pin="0"/><net_sink comp="118" pin=2"/></net>

<net id="130"><net_src comp="118" pin="3"/><net_sink comp="126" pin=0"/></net>

<net id="131"><net_src comp="0" pin="0"/><net_sink comp="126" pin=1"/></net>

<net id="135"><net_src comp="74" pin="2"/><net_sink comp="132" pin=0"/></net>

<net id="142"><net_src comp="40" pin="0"/><net_sink comp="136" pin=0"/></net>

<net id="143"><net_src comp="88" pin="2"/><net_sink comp="136" pin=1"/></net>

<net id="144"><net_src comp="42" pin="0"/><net_sink comp="136" pin=2"/></net>

<net id="145"><net_src comp="44" pin="0"/><net_sink comp="136" pin=3"/></net>

<net id="149"><net_src comp="88" pin="2"/><net_sink comp="146" pin=0"/></net>

<net id="155"><net_src comp="46" pin="0"/><net_sink comp="150" pin=0"/></net>

<net id="156"><net_src comp="146" pin="1"/><net_sink comp="150" pin=1"/></net>

<net id="157"><net_src comp="136" pin="4"/><net_sink comp="150" pin=2"/></net>

<net id="165"><net_src comp="48" pin="0"/><net_sink comp="158" pin=0"/></net>

<net id="166"><net_src comp="132" pin="1"/><net_sink comp="158" pin=1"/></net>

<net id="167"><net_src comp="150" pin="3"/><net_sink comp="158" pin=2"/></net>

<net id="168"><net_src comp="50" pin="0"/><net_sink comp="158" pin=3"/></net>

<net id="169"><net_src comp="52" pin="0"/><net_sink comp="158" pin=4"/></net>

<net id="176"><net_src comp="54" pin="0"/><net_sink comp="170" pin=0"/></net>

<net id="177"><net_src comp="74" pin="2"/><net_sink comp="170" pin=1"/></net>

<net id="178"><net_src comp="56" pin="0"/><net_sink comp="170" pin=2"/></net>

<net id="179"><net_src comp="58" pin="0"/><net_sink comp="170" pin=3"/></net>

<net id="184"><net_src comp="101" pin="3"/><net_sink comp="180" pin=0"/></net>

<net id="185"><net_src comp="60" pin="0"/><net_sink comp="180" pin=1"/></net>

<net id="189"><net_src comp="180" pin="2"/><net_sink comp="186" pin=0"/></net>

<net id="194"><net_src comp="186" pin="1"/><net_sink comp="190" pin=0"/></net>

<net id="195"><net_src comp="0" pin="0"/><net_sink comp="190" pin=1"/></net>

<net id="200"><net_src comp="22" pin="0"/><net_sink comp="196" pin=0"/></net>

<net id="201"><net_src comp="0" pin="0"/><net_sink comp="196" pin=1"/></net>

<net id="207"><net_src comp="64" pin="0"/><net_sink comp="202" pin=0"/></net>

<net id="211"><net_src comp="202" pin="3"/><net_sink comp="208" pin=0"/></net>

<net id="212"><net_src comp="208" pin="1"/><net_sink comp="94" pin=2"/></net>

<net id="216"><net_src comp="114" pin="1"/><net_sink comp="213" pin=0"/></net>

<net id="220"><net_src comp="66" pin="3"/><net_sink comp="217" pin=0"/></net>

<net id="224"><net_src comp="66" pin="3"/><net_sink comp="221" pin=0"/></net>

<net id="228"><net_src comp="80" pin="3"/><net_sink comp="225" pin=0"/></net>

<net id="232"><net_src comp="158" pin="5"/><net_sink comp="229" pin=0"/></net>

<net id="233"><net_src comp="229" pin="1"/><net_sink comp="202" pin=2"/></net>

<net id="237"><net_src comp="170" pin="4"/><net_sink comp="234" pin=0"/></net>

<net id="238"><net_src comp="234" pin="1"/><net_sink comp="202" pin=1"/></net>

<net id="242"><net_src comp="66" pin="3"/><net_sink comp="239" pin=0"/></net>

</net_list>

</model> 
---------------- Datapath Model END ------------------

* FSMD analyzer results:
  - Output states:
	Port: wordCount_V | {1 }
	Port: dataStreamBuffer2 | {2 }
 - Input state : 
	Port: insert_ip_checksum<512> : wordCount_V | {1 }
	Port: insert_ip_checksum<512> : dataStreamBuffer1 | {1 }
	Port: insert_ip_checksum<512> : checksumFifo | {1 }
  - Chain level:
	State 1
		switch_ln86 : 1
		select_ln117 : 1
		store_ln117 : 2
		p_Result_s : 1
		p_Result_32 : 2
		xor_ln100 : 1
		select_ln100_cast_i : 1
		store_ln100 : 2
		br_ln128 : 1
	State 2
		zext_ln174 : 1
		write_ln174 : 2


============================================================
+ Verbose Summary: Datapath Resource usage 
============================================================

* Functional unit list:
|----------|----------------------------|---------|---------|
| Operation|       Functional Unit      |    FF   |   LUT   |
|----------|----------------------------|---------|---------|
|  select  |     select_ln117_fu_118    |    0    |    2    |
|----------|----------------------------|---------|---------|
|    xor   |      xor_ln100_fu_180      |    0    |    2    |
|----------|----------------------------|---------|---------|
| nbreadreq|     grp_nbreadreq_fu_66    |    0    |    0    |
|          |  tmp_61_i_nbreadreq_fu_80  |    0    |    0    |
|----------|----------------------------|---------|---------|
|   read   |       grp_read_fu_74       |    0    |    0    |
|          |     p_Val2_s_read_fu_88    |    0    |    0    |
|----------|----------------------------|---------|---------|
|   write  |       grp_write_fu_94      |    0    |    0    |
|----------|----------------------------|---------|---------|
| bitselect|         grp_fu_101         |    0    |    0    |
|----------|----------------------------|---------|---------|
|   trunc  |      tmp_data_V_fu_132     |    0    |    0    |
|          |     trunc_ln674_fu_146     |    0    |    0    |
|----------|----------------------------|---------|---------|
|partselect|      tmp_62_i9_fu_136      |    0    |    0    |
|          |         tmp_fu_170         |    0    |    0    |
|----------|----------------------------|---------|---------|
|bitconcatenate|      p_Result_s_fu_150     |    0    |    0    |
|          |        tmp_s_fu_202        |    0    |    0    |
|----------|----------------------------|---------|---------|
|  partset |     p_Result_32_fu_158     |    0    |    0    |
|----------|----------------------------|---------|---------|
|   zext   | select_ln100_cast_i_fu_186 |    0    |    0    |
|          |      zext_ln174_fu_208     |    0    |    0    |
|----------|----------------------------|---------|---------|
|   Total  |                            |    0    |    4    |
|----------|----------------------------|---------|---------|

Memories:
N/A

* Register list:
+------------------------+--------+
|                        |   FF   |
+------------------------+--------+
|   p_Result_32_reg_229  |   512  |
|         reg_109        |  1024  |
|    tmp_60_i_reg_217    |    1   |
|    tmp_61_i_reg_225    |    1   |
|    tmp_i_40_reg_239    |    1   |
|      tmp_i_reg_221     |    1   |
|       tmp_reg_234      |   65   |
|wordCount_V_load_reg_213|    2   |
+------------------------+--------+
|          Total         |  1607  |
+------------------------+--------+

* Multiplexer (MUX) list: 
|-----------------|------|------|------|--------||---------||---------|
|       Comp      |  Pin | Size |  BW  | S x BW ||  Delay  ||   LUT   |
|-----------------|------|------|------|--------||---------||---------|
| grp_write_fu_94 |  p2  |   2  | 1024 |  2048  ||    9    |
|-----------------|------|------|------|--------||---------||---------|
|      Total      |      |      |      |  2048  ||  0.387  ||    9    |
|-----------------|------|------|------|--------||---------||---------|



* Summary:
+-----------+--------+--------+--------+
|           |  Delay |   FF   |   LUT  |
+-----------+--------+--------+--------+
|  Function |    -   |    0   |    4   |
|   Memory  |    -   |    -   |    -   |
|Multiplexer|    0   |    -   |    9   |
|  Register |    -   |  1607  |    -   |
+-----------+--------+--------+--------+
|   Total   |    0   |  1607  |   13   |
+-----------+--------+--------+--------+
