

================================================================
== Vitis HLS Report for 'insert_ethernet_header_512_s'
================================================================
* Date:           Tue Jul 11 09:20:37 2023

* Version:        2022.1 (Build 3526262 on Mon Apr 18 15:47:01 MDT 2022)
* Project:        mac_ip_encode_prj
* Solution:       solution1 (Vivado IP Flow Target)
* Product family: virtexuplus
* Target device:  xcu280-fsvh2892-2L-e


================================================================
== Performance Estimates
================================================================
+ Timing: 
    * Summary: 
    +--------+---------+----------+------------+
    |  Clock |  Target | Estimated| Uncertainty|
    +--------+---------+----------+------------+
    |ap_clk  |  3.20 ns|  1.947 ns|     0.86 ns|
    +--------+---------+----------+------------+

+ Latency: 
    * Summary: 
    +---------+---------+----------+----------+-----+-----+---------+
    |  Latency (cycles) |  Latency (absolute) |  Interval | Pipeline|
    |   min   |   max   |    min   |    max   | min | max |   Type  |
    +---------+---------+----------+----------+-----+-----+---------+
    |        2|        2|  6.400 ns|  6.400 ns|    1|    1|      yes|
    +---------+---------+----------+----------+-----+-----+---------+

    + Detail: 
        * Instance: 
        N/A

        * Loop: 
        N/A

============================================================
+ Verbose Summary: Synthesis Manager
============================================================
InlineROM: 1
ExposeGlobal: 0
============================================================
+ Verbose Summary: CDFG Model
============================================================
IsTopModel: 0
ResetActiveHigh: 1
IsCombinational: 2
IsDatapathOnly: 0
HasWiredReturn: 1
HasMFsm: 2
HasVarLatency: 0
IsPipeline: 1
IsRtlPipelined: 1
IsInstanceOverlapped: 0
IsDontTouch: 0
HasImplIP: 0
IsGatedGlobalClock: 0

+ Individual pipeline summary: 
  * Pipeline-0: initiation interval (II) = 1, depth = 3


============================================================
+ Verbose Summary: Schedule
============================================================
* Number of FSM states : 3
* Pipeline : 1
  Pipeline-0 : II = 1, D = 3, States = { 1 2 3 }
* Dataflow Pipeline: 0

* FSM state transitions: 
1 --> 2 
2 --> 3 
3 --> 

* FSM state operations: 

State 1 <SV = 0> <Delay = 1.94>
ST_1 : Operation 4 [1/1] (0.00ns)   --->   "%specinterface_ln0 = specinterface void @_ssdm_op_SpecInterface, i1024 %dataStreamBuffer4, void @empty_3, i32 0, i32 0, void @empty_1, i32 0, i32 0, void @empty_1, void @empty_1, void @empty_1, i32 0, i32 0, i32 0, i32 0, void @empty_1, void @empty_1, i32 4294967295, i32 0"   --->   Operation 4 'specinterface' 'specinterface_ln0' <Predicate = true> <Delay = 0.00>
ST_1 : Operation 5 [1/1] (0.00ns)   --->   "%specinterface_ln0 = specinterface void @_ssdm_op_SpecInterface, i1024 %dataStreamBuffer4, void @empty_3, i32 0, i32 0, void @empty_1, i32 0, i32 0, void @empty_1, void @empty_1, void @empty_1, i32 0, i32 0, i32 0, i32 0, void @empty_1, void @empty_1, i32 4294967295, i32 0"   --->   Operation 5 'specinterface' 'specinterface_ln0' <Predicate = true> <Delay = 0.00>
ST_1 : Operation 6 [1/1] (0.00ns)   --->   "%specinterface_ln0 = specinterface void @_ssdm_op_SpecInterface, i1024 %dataStreamBuffer4, void @empty_3, i32 0, i32 0, void @empty_1, i32 0, i32 0, void @empty_1, void @empty_1, void @empty_1, i32 0, i32 0, i32 0, i32 0, void @empty_1, void @empty_1, i32 4294967295, i32 0"   --->   Operation 6 'specinterface' 'specinterface_ln0' <Predicate = true> <Delay = 0.00>
ST_1 : Operation 7 [1/1] (0.00ns)   --->   "%specinterface_ln0 = specinterface void @_ssdm_op_SpecInterface, i256 %headerFifo, void @empty_3, i32 0, i32 0, void @empty_1, i32 0, i32 0, void @empty_1, void @empty_1, void @empty_1, i32 0, i32 0, i32 0, i32 0, void @empty_1, void @empty_1, i32 4294967295, i32 0"   --->   Operation 7 'specinterface' 'specinterface_ln0' <Predicate = true> <Delay = 0.00>
ST_1 : Operation 8 [1/1] (0.00ns)   --->   "%specinterface_ln0 = specinterface void @_ssdm_op_SpecInterface, i256 %headerFifo, void @empty_3, i32 0, i32 0, void @empty_1, i32 0, i32 0, void @empty_1, void @empty_1, void @empty_1, i32 0, i32 0, i32 0, i32 0, void @empty_1, void @empty_1, i32 4294967295, i32 0"   --->   Operation 8 'specinterface' 'specinterface_ln0' <Predicate = true> <Delay = 0.00>
ST_1 : Operation 9 [1/1] (0.00ns)   --->   "%specinterface_ln0 = specinterface void @_ssdm_op_SpecInterface, i256 %headerFifo, void @empty_3, i32 0, i32 0, void @empty_1, i32 0, i32 0, void @empty_1, void @empty_1, void @empty_1, i32 0, i32 0, i32 0, i32 0, void @empty_1, void @empty_1, i32 4294967295, i32 0"   --->   Operation 9 'specinterface' 'specinterface_ln0' <Predicate = true> <Delay = 0.00>
ST_1 : Operation 10 [1/1] (0.00ns)   --->   "%specinterface_ln0 = specinterface void @_ssdm_op_SpecInterface, i1024 %dataStreamBuffer4, void @empty_3, i32 0, i32 0, void @empty_1, i32 0, i32 0, void @empty_1, void @empty_1, void @empty_1, i32 0, i32 0, i32 0, i32 0, void @empty_1, void @empty_1, i32 4294967295, i32 0"   --->   Operation 10 'specinterface' 'specinterface_ln0' <Predicate = true> <Delay = 0.00>
ST_1 : Operation 11 [1/1] (0.00ns)   --->   "%specinterface_ln0 = specinterface void @_ssdm_op_SpecInterface, i256 %headerFifo, void @empty_3, i32 0, i32 0, void @empty_1, i32 0, i32 0, void @empty_1, void @empty_1, void @empty_1, i32 0, i32 0, i32 0, i32 0, void @empty_1, void @empty_1, i32 4294967295, i32 0"   --->   Operation 11 'specinterface' 'specinterface_ln0' <Predicate = true> <Delay = 0.00>
ST_1 : Operation 12 [1/1] (0.00ns)   --->   "%specinterface_ln0 = specinterface void @_ssdm_op_SpecInterface, i1024 %m_axis_ip, void @empty_0, i32 1, i32 1, void @empty, i32 0, i32 0, void @empty_1, void @empty_1, void @empty_1, i32 0, i32 0, i32 0, i32 0, void @empty_1, void @empty_1, i32 4294967295, i32 0"   --->   Operation 12 'specinterface' 'specinterface_ln0' <Predicate = true> <Delay = 0.00>
ST_1 : Operation 13 [1/1] (0.00ns)   --->   "%specpipeline_ln211 = specpipeline void @_ssdm_op_SpecPipeline, i32 1, i32 0, i32 0, i32 0, void @empty_1" [/mnt/scratch/pyuvaraj/Vitis_RoCE_W/Vitis_RoCE/fpga-network-stack/hls/mac_ip_encode/mac_ip_encode.cpp:211]   --->   Operation 13 'specpipeline' 'specpipeline_ln211' <Predicate = true> <Delay = 0.00>
ST_1 : Operation 14 [1/1] (0.00ns)   --->   "%ge_state_load = load i2 %ge_state" [/mnt/scratch/pyuvaraj/Vitis_RoCE_W/Vitis_RoCE/fpga-network-stack/hls/mac_ip_encode/mac_ip_encode.cpp:222]   --->   Operation 14 'load' 'ge_state_load' <Predicate = true> <Delay = 0.00>
ST_1 : Operation 15 [1/1] (0.34ns)   --->   "%icmp_ln222 = icmp_eq  i2 %ge_state_load, i2 2" [/mnt/scratch/pyuvaraj/Vitis_RoCE_W/Vitis_RoCE/fpga-network-stack/hls/mac_ip_encode/mac_ip_encode.cpp:222]   --->   Operation 15 'icmp' 'icmp_ln222' <Predicate = true> <Delay = 0.34> <CoreInst = "Cmp">   --->   Core 9 'Cmp' <Latency = 0> <II = 1> <Delay = 0.34> <FuncUnit> <Opcode : 'icmp'> <InPorts = 2> <OutPorts = 1>
ST_1 : Operation 16 [1/1] (0.00ns)   --->   "%br_ln222 = br i1 %icmp_ln222, void %sw.bb2.i, void %sw.bb14.i" [/mnt/scratch/pyuvaraj/Vitis_RoCE_W/Vitis_RoCE/fpga-network-stack/hls/mac_ip_encode/mac_ip_encode.cpp:222]   --->   Operation 16 'br' 'br_ln222' <Predicate = true> <Delay = 0.00>
ST_1 : Operation 17 [1/1] (0.00ns)   --->   "%tmp_i = nbreadreq i1 @_ssdm_op_NbReadReq.ap_fifo.i256P0A, i256 %headerFifo, i32 1" [/tools/Xilinx/Vitis_HLS/2022.1/common/technology/autopilot/hls_stream_39.h:136]   --->   Operation 17 'nbreadreq' 'tmp_i' <Predicate = (!icmp_ln222)> <Delay = 0.00> <CoreInst = "FIFO_SRL">   --->   Core 81 'FIFO_SRL' <Latency = 0> <II = 1> <Delay = 1.42> <Storage> <Opcode : 'read' 'write' 'nbread' 'nbwrite'> <Ports = 0> <Width = 256> <Depth = 2> <FIFO>
ST_1 : Operation 18 [1/1] (0.00ns)   --->   "%br_ln240 = br i1 %tmp_i, void %if.end13.i, void %land.lhs.true.i" [/mnt/scratch/pyuvaraj/Vitis_RoCE_W/Vitis_RoCE/fpga-network-stack/hls/mac_ip_encode/mac_ip_encode.cpp:240]   --->   Operation 18 'br' 'br_ln240' <Predicate = (!icmp_ln222)> <Delay = 0.00>
ST_1 : Operation 19 [1/1] (0.00ns)   --->   "%tmp_65_i = nbreadreq i1 @_ssdm_op_NbReadReq.ap_fifo.i1024P0A, i1024 %dataStreamBuffer4, i32 1" [/tools/Xilinx/Vitis_HLS/2022.1/common/technology/autopilot/hls_stream_39.h:136]   --->   Operation 19 'nbreadreq' 'tmp_65_i' <Predicate = (!icmp_ln222 & tmp_i)> <Delay = 0.00> <CoreInst = "FIFO_SRL">   --->   Core 81 'FIFO_SRL' <Latency = 0> <II = 1> <Delay = 1.33> <Storage> <Opcode : 'read' 'write' 'nbread' 'nbwrite'> <Ports = 0> <Width = 1024> <Depth = 2> <FIFO>
ST_1 : Operation 20 [1/1] (0.00ns)   --->   "%br_ln240 = br i1 %tmp_65_i, void %if.end13.i, void %if.then5.i_ifconv" [/mnt/scratch/pyuvaraj/Vitis_RoCE_W/Vitis_RoCE/fpga-network-stack/hls/mac_ip_encode/mac_ip_encode.cpp:240]   --->   Operation 20 'br' 'br_ln240' <Predicate = (!icmp_ln222 & tmp_i)> <Delay = 0.00>
ST_1 : Operation 21 [1/1] (1.16ns)   --->   "%headerFifo_read = read i256 @_ssdm_op_Read.ap_fifo.volatile.i256P0A, i256 %headerFifo" [/tools/Xilinx/Vitis_HLS/2022.1/common/technology/autopilot/hls_stream_39.h:145]   --->   Operation 21 'read' 'headerFifo_read' <Predicate = (!icmp_ln222 & tmp_i & tmp_65_i)> <Delay = 1.16> <CoreInst = "FIFO_SRL">   --->   Core 81 'FIFO_SRL' <Latency = 0> <II = 1> <Delay = 1.42> <Storage> <Opcode : 'read' 'write' 'nbread' 'nbwrite'> <Ports = 0> <Width = 256> <Depth = 2> <FIFO>
ST_1 : Operation 22 [1/1] (1.16ns)   --->   "%dataStreamBuffer4_read_1 = read i1024 @_ssdm_op_Read.ap_fifo.volatile.i1024P0A, i1024 %dataStreamBuffer4" [/tools/Xilinx/Vitis_HLS/2022.1/common/technology/autopilot/hls_stream_39.h:145]   --->   Operation 22 'read' 'dataStreamBuffer4_read_1' <Predicate = (!icmp_ln222 & tmp_i & tmp_65_i)> <Delay = 1.16> <CoreInst = "FIFO_SRL">   --->   Core 81 'FIFO_SRL' <Latency = 0> <II = 1> <Delay = 1.33> <Storage> <Opcode : 'read' 'write' 'nbread' 'nbwrite'> <Ports = 0> <Width = 1024> <Depth = 2> <FIFO>
ST_1 : Operation 23 [1/1] (0.00ns)   --->   "%tmp_data_V_1 = trunc i1024 %dataStreamBuffer4_read_1" [/tools/Xilinx/Vitis_HLS/2022.1/common/technology/autopilot/hls_stream_39.h:145]   --->   Operation 23 'trunc' 'tmp_data_V_1' <Predicate = (!icmp_ln222 & tmp_i & tmp_65_i)> <Delay = 0.00>
ST_1 : Operation 24 [1/1] (0.00ns)   --->   "%tmp_last_V = bitselect i1 @_ssdm_op_BitSelect.i1.i1024.i1024, i1024 %dataStreamBuffer4_read_1, i1024 576" [/tools/Xilinx/Vitis_HLS/2022.1/common/technology/autopilot/hls_stream_39.h:145]   --->   Operation 24 'bitselect' 'tmp_last_V' <Predicate = (!icmp_ln222 & tmp_i & tmp_65_i)> <Delay = 0.00>
ST_1 : Operation 25 [1/1] (0.00ns)   --->   "%tmp_45 = partselect i16 @_ssdm_op_PartSelect.i16.i256.i32.i32, i256 %headerFifo_read, i32 16, i32 31" [/mnt/scratch/pyuvaraj/Vitis_RoCE_W/Vitis_RoCE/fpga-network-stack/hls/mac_ip_encode/../ethernet/../packet.hpp:76]   --->   Operation 25 'partselect' 'tmp_45' <Predicate = (!icmp_ln222 & tmp_i & tmp_65_i)> <Delay = 0.00>
ST_1 : Operation 26 [1/1] (0.00ns)   --->   "%shl_ln = bitconcatenate i25 @_ssdm_op_BitConcatenate.i25.i16.i9, i16 %tmp_45, i9 0" [/mnt/scratch/pyuvaraj/Vitis_RoCE_W/Vitis_RoCE/fpga-network-stack/hls/mac_ip_encode/../ethernet/../packet.hpp:76]   --->   Operation 26 'bitconcatenate' 'shl_ln' <Predicate = (!icmp_ln222 & tmp_i & tmp_65_i)> <Delay = 0.00>
ST_1 : Operation 27 [1/1] (0.77ns)   --->   "%icmp_ln82 = icmp_ult  i25 %shl_ln, i25 112" [/mnt/scratch/pyuvaraj/Vitis_RoCE_W/Vitis_RoCE/fpga-network-stack/hls/mac_ip_encode/../ethernet/../packet.hpp:82]   --->   Operation 27 'icmp' 'icmp_ln82' <Predicate = (!icmp_ln222 & tmp_i & tmp_65_i)> <Delay = 0.77> <CoreInst = "Cmp">   --->   Core 9 'Cmp' <Latency = 0> <II = 1> <Delay = 0.77> <FuncUnit> <Opcode : 'icmp'> <InPorts = 2> <OutPorts = 1>
ST_1 : Operation 28 [1/1] (0.77ns)   --->   "%icmp_ln674 = icmp_ugt  i25 %shl_ln, i25 111"   --->   Operation 28 'icmp' 'icmp_ln674' <Predicate = (!icmp_ln222 & tmp_i & tmp_65_i)> <Delay = 0.77> <CoreInst = "Cmp">   --->   Core 9 'Cmp' <Latency = 0> <II = 1> <Delay = 0.77> <FuncUnit> <Opcode : 'icmp'> <InPorts = 2> <OutPorts = 1>
ST_1 : Operation 29 [1/1] (0.00ns)   --->   "%tmp = partselect i65 @_ssdm_op_PartSelect.i65.i1024.i32.i32, i1024 %dataStreamBuffer4_read_1, i32 512, i32 576" [/tools/Xilinx/Vitis_HLS/2022.1/common/technology/autopilot/hls_stream_39.h:174]   --->   Operation 29 'partselect' 'tmp' <Predicate = (!icmp_ln222 & tmp_i & tmp_65_i)> <Delay = 0.00>
ST_1 : Operation 30 [1/1] (0.27ns)   --->   "%select_ln250 = select i1 %tmp_last_V, i2 1, i2 2" [/mnt/scratch/pyuvaraj/Vitis_RoCE_W/Vitis_RoCE/fpga-network-stack/hls/mac_ip_encode/mac_ip_encode.cpp:250]   --->   Operation 30 'select' 'select_ln250' <Predicate = (!icmp_ln222 & tmp_i & tmp_65_i)> <Delay = 0.27> <CoreInst = "Sel">   --->   Core 73 'Sel' <Latency = 0> <II = 1> <Delay = 0.27> <FuncUnit> <Opcode : 'select'> <InPorts = 3> <OutPorts = 1>
ST_1 : Operation 31 [1/1] (0.38ns)   --->   "%store_ln252 = store i2 %select_ln250, i2 %ge_state" [/mnt/scratch/pyuvaraj/Vitis_RoCE_W/Vitis_RoCE/fpga-network-stack/hls/mac_ip_encode/mac_ip_encode.cpp:252]   --->   Operation 31 'store' 'store_ln252' <Predicate = (!icmp_ln222 & tmp_i & tmp_65_i)> <Delay = 0.38>
ST_1 : Operation 32 [1/1] (0.00ns)   --->   "%br_ln259 = br void %insert_ethernet_header<512>.exit" [/mnt/scratch/pyuvaraj/Vitis_RoCE_W/Vitis_RoCE/fpga-network-stack/hls/mac_ip_encode/mac_ip_encode.cpp:259]   --->   Operation 32 'br' 'br_ln259' <Predicate = (!icmp_ln222)> <Delay = 0.00>
ST_1 : Operation 33 [1/1] (0.00ns)   --->   "%tmp_64_i = nbreadreq i1 @_ssdm_op_NbReadReq.ap_fifo.i1024P0A, i1024 %dataStreamBuffer4, i32 1" [/tools/Xilinx/Vitis_HLS/2022.1/common/technology/autopilot/hls_stream_39.h:136]   --->   Operation 33 'nbreadreq' 'tmp_64_i' <Predicate = (icmp_ln222)> <Delay = 0.00> <CoreInst = "FIFO_SRL">   --->   Core 81 'FIFO_SRL' <Latency = 0> <II = 1> <Delay = 1.33> <Storage> <Opcode : 'read' 'write' 'nbread' 'nbwrite'> <Ports = 0> <Width = 1024> <Depth = 2> <FIFO>
ST_1 : Operation 34 [1/1] (0.00ns)   --->   "%br_ln261 = br i1 %tmp_64_i, void %if.end22.i, void %if.then16.i" [/mnt/scratch/pyuvaraj/Vitis_RoCE_W/Vitis_RoCE/fpga-network-stack/hls/mac_ip_encode/mac_ip_encode.cpp:261]   --->   Operation 34 'br' 'br_ln261' <Predicate = (icmp_ln222)> <Delay = 0.00>
ST_1 : Operation 35 [1/1] (1.16ns)   --->   "%dataStreamBuffer4_read = read i1024 @_ssdm_op_Read.ap_fifo.volatile.i1024P0A, i1024 %dataStreamBuffer4" [/tools/Xilinx/Vitis_HLS/2022.1/common/technology/autopilot/hls_stream_39.h:145]   --->   Operation 35 'read' 'dataStreamBuffer4_read' <Predicate = (icmp_ln222 & tmp_64_i)> <Delay = 1.16> <CoreInst = "FIFO_SRL">   --->   Core 81 'FIFO_SRL' <Latency = 0> <II = 1> <Delay = 1.33> <Storage> <Opcode : 'read' 'write' 'nbread' 'nbwrite'> <Ports = 0> <Width = 1024> <Depth = 2> <FIFO>
ST_1 : Operation 36 [1/1] (0.00ns)   --->   "%tmp_last_V_3 = bitselect i1 @_ssdm_op_BitSelect.i1.i1024.i1024, i1024 %dataStreamBuffer4_read, i1024 576" [/tools/Xilinx/Vitis_HLS/2022.1/common/technology/autopilot/hls_stream_39.h:145]   --->   Operation 36 'bitselect' 'tmp_last_V_3' <Predicate = (icmp_ln222 & tmp_64_i)> <Delay = 0.00>
ST_1 : Operation 37 [1/1] (0.00ns)   --->   "%br_ln265 = br i1 %tmp_last_V_3, void %if.end21.i, void %if.then20.i" [/mnt/scratch/pyuvaraj/Vitis_RoCE_W/Vitis_RoCE/fpga-network-stack/hls/mac_ip_encode/mac_ip_encode.cpp:265]   --->   Operation 37 'br' 'br_ln265' <Predicate = (icmp_ln222 & tmp_64_i)> <Delay = 0.00>
ST_1 : Operation 38 [1/1] (0.38ns)   --->   "%store_ln267 = store i2 1, i2 %ge_state" [/mnt/scratch/pyuvaraj/Vitis_RoCE_W/Vitis_RoCE/fpga-network-stack/hls/mac_ip_encode/mac_ip_encode.cpp:267]   --->   Operation 38 'store' 'store_ln267' <Predicate = (icmp_ln222 & tmp_64_i & tmp_last_V_3)> <Delay = 0.38>
ST_1 : Operation 39 [1/1] (0.00ns)   --->   "%br_ln268 = br void %if.end21.i" [/mnt/scratch/pyuvaraj/Vitis_RoCE_W/Vitis_RoCE/fpga-network-stack/hls/mac_ip_encode/mac_ip_encode.cpp:268]   --->   Operation 39 'br' 'br_ln268' <Predicate = (icmp_ln222 & tmp_64_i & tmp_last_V_3)> <Delay = 0.00>
ST_1 : Operation 40 [1/1] (0.00ns)   --->   "%br_ln269 = br void %if.end22.i" [/mnt/scratch/pyuvaraj/Vitis_RoCE_W/Vitis_RoCE/fpga-network-stack/hls/mac_ip_encode/mac_ip_encode.cpp:269]   --->   Operation 40 'br' 'br_ln269' <Predicate = (icmp_ln222 & tmp_64_i)> <Delay = 0.00>
ST_1 : Operation 41 [1/1] (0.00ns)   --->   "%br_ln270 = br void %insert_ethernet_header<512>.exit" [/mnt/scratch/pyuvaraj/Vitis_RoCE_W/Vitis_RoCE/fpga-network-stack/hls/mac_ip_encode/mac_ip_encode.cpp:270]   --->   Operation 41 'br' 'br_ln270' <Predicate = (icmp_ln222)> <Delay = 0.00>

State 2 <SV = 1> <Delay = 0.92>
ST_2 : Operation 42 [1/1] (0.00ns) (grouped into LUT with out node p_Result_s)   --->   "%p_Val2_s = partselect i112 @_ssdm_op_PartSelect.i112.i256.i32.i32, i256 %headerFifo_read, i32 128, i32 239" [/tools/Xilinx/Vitis_HLS/2022.1/common/technology/autopilot/hls_stream_39.h:145]   --->   Operation 42 'partselect' 'p_Val2_s' <Predicate = (!icmp_ln222 & tmp_i & tmp_65_i & !icmp_ln674 & icmp_ln82)> <Delay = 0.00>
ST_2 : Operation 43 [1/1] (0.00ns) (grouped into LUT with out node p_Result_s)   --->   "%tmp_97 = bitselect i1 @_ssdm_op_BitSelect.i1.i256.i32, i256 %headerFifo_read, i32 128"   --->   Operation 43 'bitselect' 'tmp_97' <Predicate = (!icmp_ln222 & tmp_i & tmp_65_i & icmp_ln674 & icmp_ln82)> <Delay = 0.00>
ST_2 : Operation 44 [1/1] (0.00ns) (grouped into LUT with out node p_Result_s)   --->   "%tmp_98 = bitselect i1 @_ssdm_op_BitSelect.i1.i256.i32, i256 %headerFifo_read, i32 239"   --->   Operation 44 'bitselect' 'tmp_98' <Predicate = false> <Delay = 0.00>
ST_2 : Operation 45 [1/1] (0.00ns) (grouped into LUT with out node p_Result_s)   --->   "%select_ln674 = select i1 %icmp_ln674, i1 %tmp_97, i1 %tmp_98"   --->   Operation 45 'select' 'select_ln674' <Predicate = (!icmp_ln222 & tmp_i & tmp_65_i & icmp_ln674 & icmp_ln82)> <Delay = 0.00> <CoreInst = "Sel">   --->   Core 73 'Sel' <Latency = 0> <II = 1> <Delay = 0.27> <FuncUnit> <Opcode : 'select'> <InPorts = 3> <OutPorts = 1>
ST_2 : Operation 46 [1/1] (0.00ns) (grouped into LUT with out node p_Result_s)   --->   "%zext_ln674 = zext i1 %select_ln674"   --->   Operation 46 'zext' 'zext_ln674' <Predicate = (!icmp_ln222 & tmp_i & tmp_65_i & icmp_ln674 & icmp_ln82)> <Delay = 0.00>
ST_2 : Operation 47 [1/1] (0.00ns) (grouped into LUT with out node p_Result_s)   --->   "%select_ln674_1 = select i1 %icmp_ln674, i112 %zext_ln674, i112 %p_Val2_s"   --->   Operation 47 'select' 'select_ln674_1' <Predicate = (!icmp_ln222 & tmp_i & tmp_65_i & icmp_ln82)> <Delay = 0.00> <CoreInst = "Sel">   --->   Core 73 'Sel' <Latency = 0> <II = 1> <Delay = 0.34> <FuncUnit> <Opcode : 'select'> <InPorts = 3> <OutPorts = 1>
ST_2 : Operation 48 [1/1] (0.00ns) (grouped into LUT with out node p_Result_s)   --->   "%select_ln674_2 = select i1 %icmp_ln674, i112 262143, i112 5192296858534827628530496329220095"   --->   Operation 48 'select' 'select_ln674_2' <Predicate = (!icmp_ln222 & tmp_i & tmp_65_i & icmp_ln82)> <Delay = 0.00> <CoreInst = "Sel">   --->   Core 73 'Sel' <Latency = 0> <II = 1> <Delay = 0.31> <FuncUnit> <Opcode : 'select'> <InPorts = 3> <OutPorts = 1>
ST_2 : Operation 49 [1/1] (0.34ns) (out node of the LUT)   --->   "%p_Result_s = and i112 %select_ln674_1, i112 %select_ln674_2"   --->   Operation 49 'and' 'p_Result_s' <Predicate = (!icmp_ln222 & tmp_i & tmp_65_i & icmp_ln82)> <Delay = 0.34> <CoreInst = "LogicGate">   --->   Core 74 'LogicGate' <Latency = 0> <II = 1> <Delay = 0.26> <FuncUnit> <Opcode : 'and' 'or' 'xor'> <InPorts = 2> <OutPorts = 1>
ST_2 : Operation 50 [1/1] (0.00ns) (grouped into LUT with out node currWord_data_V)   --->   "%p_Result_33 = partset i512 @_ssdm_op_PartSet.i512.i512.i112.i32.i32, i512 %tmp_data_V_1, i112 %p_Result_s, i32 0, i32 111"   --->   Operation 50 'partset' 'p_Result_33' <Predicate = (!icmp_ln222 & tmp_i & tmp_65_i & icmp_ln82)> <Delay = 0.00>
ST_2 : Operation 51 [1/1] (0.57ns) (out node of the LUT)   --->   "%currWord_data_V = select i1 %icmp_ln82, i512 %p_Result_33, i512 %tmp_data_V_1" [/mnt/scratch/pyuvaraj/Vitis_RoCE_W/Vitis_RoCE/fpga-network-stack/hls/mac_ip_encode/../ethernet/../packet.hpp:82]   --->   Operation 51 'select' 'currWord_data_V' <Predicate = (!icmp_ln222 & tmp_i & tmp_65_i)> <Delay = 0.57> <CoreInst = "Sel">   --->   Core 73 'Sel' <Latency = 0> <II = 1> <Delay = 0.57> <FuncUnit> <Opcode : 'select'> <InPorts = 3> <OutPorts = 1>
ST_2 : Operation 52 [1/1] (0.00ns)   --->   "%tmp_s = bitconcatenate i577 @_ssdm_op_BitConcatenate.i577.i65.i512, i65 %tmp, i512 %currWord_data_V" [/tools/Xilinx/Vitis_HLS/2022.1/common/technology/autopilot/hls_stream_39.h:174]   --->   Operation 52 'bitconcatenate' 'tmp_s' <Predicate = (!icmp_ln222 & tmp_i & tmp_65_i)> <Delay = 0.00>
ST_2 : Operation 53 [1/1] (0.00ns)   --->   "%zext_ln174 = zext i577 %tmp_s" [/tools/Xilinx/Vitis_HLS/2022.1/common/technology/autopilot/hls_stream_39.h:174]   --->   Operation 53 'zext' 'zext_ln174' <Predicate = (!icmp_ln222 & tmp_i & tmp_65_i)> <Delay = 0.00>
ST_2 : Operation 54 [2/2] (0.00ns)   --->   "%write_ln174 = write void @_ssdm_op_Write.axis.volatile.i1024P128A, i1024 %m_axis_ip, i1024 %zext_ln174" [/tools/Xilinx/Vitis_HLS/2022.1/common/technology/autopilot/hls_stream_39.h:174]   --->   Operation 54 'write' 'write_ln174' <Predicate = (!icmp_ln222 & tmp_i & tmp_65_i)> <Delay = 0.00> <CoreInst = "axis">   --->   Core 123 'axis' <Latency = 0> <II = 1> <Delay = 1.00> <Adapter> <Opcode : >
ST_2 : Operation 55 [2/2] (0.00ns)   --->   "%write_ln174 = write void @_ssdm_op_Write.axis.volatile.i1024P128A, i1024 %m_axis_ip, i1024 %dataStreamBuffer4_read" [/tools/Xilinx/Vitis_HLS/2022.1/common/technology/autopilot/hls_stream_39.h:174]   --->   Operation 55 'write' 'write_ln174' <Predicate = (icmp_ln222 & tmp_64_i)> <Delay = 0.00> <CoreInst = "axis">   --->   Core 123 'axis' <Latency = 0> <II = 1> <Delay = 1.00> <Adapter> <Opcode : >

State 3 <SV = 2> <Delay = 0.00>
ST_3 : Operation 56 [1/2] (0.00ns)   --->   "%write_ln174 = write void @_ssdm_op_Write.axis.volatile.i1024P128A, i1024 %m_axis_ip, i1024 %zext_ln174" [/tools/Xilinx/Vitis_HLS/2022.1/common/technology/autopilot/hls_stream_39.h:174]   --->   Operation 56 'write' 'write_ln174' <Predicate = (!icmp_ln222 & tmp_i & tmp_65_i)> <Delay = 0.00> <CoreInst = "axis">   --->   Core 123 'axis' <Latency = 0> <II = 1> <Delay = 1.00> <Adapter> <Opcode : >
ST_3 : Operation 57 [1/1] (0.00ns)   --->   "%br_ln258 = br void %if.end13.i" [/mnt/scratch/pyuvaraj/Vitis_RoCE_W/Vitis_RoCE/fpga-network-stack/hls/mac_ip_encode/mac_ip_encode.cpp:258]   --->   Operation 57 'br' 'br_ln258' <Predicate = (!icmp_ln222 & tmp_i & tmp_65_i)> <Delay = 0.00>
ST_3 : Operation 58 [1/2] (0.00ns)   --->   "%write_ln174 = write void @_ssdm_op_Write.axis.volatile.i1024P128A, i1024 %m_axis_ip, i1024 %dataStreamBuffer4_read" [/tools/Xilinx/Vitis_HLS/2022.1/common/technology/autopilot/hls_stream_39.h:174]   --->   Operation 58 'write' 'write_ln174' <Predicate = (icmp_ln222 & tmp_64_i)> <Delay = 0.00> <CoreInst = "axis">   --->   Core 123 'axis' <Latency = 0> <II = 1> <Delay = 1.00> <Adapter> <Opcode : >
ST_3 : Operation 59 [1/1] (0.00ns)   --->   "%ret_ln0 = ret"   --->   Operation 59 'ret' 'ret_ln0' <Predicate = true> <Delay = 0.00>


============================================================
+ Verbose Summary: Timing violations
============================================================
Target clock period: 3.2ns, clock uncertainty: 0.864ns.

 <State 1>: 1.95ns
The critical path consists of the following:
	fifo read operation ('headerFifo_read', /tools/Xilinx/Vitis_HLS/2022.1/common/technology/autopilot/hls_stream_39.h:145) on port 'headerFifo' (/tools/Xilinx/Vitis_HLS/2022.1/common/technology/autopilot/hls_stream_39.h:145) [25]  (1.17 ns)
	'icmp' operation ('icmp_ln82', /mnt/scratch/pyuvaraj/Vitis_RoCE_W/Vitis_RoCE/fpga-network-stack/hls/mac_ip_encode/../ethernet/../packet.hpp:82) [32]  (0.779 ns)

 <State 2>: 0.927ns
The critical path consists of the following:
	'select' operation ('select_ln674_1') [38]  (0 ns)
	'and' operation ('__Result__') [40]  (0.349 ns)
	'select' operation ('currWord.data.V', /mnt/scratch/pyuvaraj/Vitis_RoCE_W/Vitis_RoCE/fpga-network-stack/hls/mac_ip_encode/../ethernet/../packet.hpp:82) [42]  (0.578 ns)

 <State 3>: 0ns
The critical path consists of the following:


============================================================
+ Verbose Summary: Binding
============================================================
N/A
* FSMD analyzer results:
  - Output states:
 - Input state : 
  - Chain level:
	State 1
	State 2
	State 3


============================================================
+ Verbose Summary: Datapath Resource usage 
============================================================
N/A
