

================================================================
== Vitis HLS Report for 'mac_ip_encode_top'
================================================================
* Date:           Tue Jul 11 09:20:45 2023

* Version:        2022.1 (Build 3526262 on Mon Apr 18 15:47:01 MDT 2022)
* Project:        mac_ip_encode_prj
* Solution:       solution1 (Vivado IP Flow Target)
* Product family: virtexuplus
* Target device:  xcu280-fsvh2892-2L-e


================================================================
== Performance Estimates
================================================================
+ Timing: 
    * Summary: 
    +--------+---------+----------+------------+
    |  Clock |  Target | Estimated| Uncertainty|
    +--------+---------+----------+------------+
    |ap_clk  |  3.20 ns|  2.389 ns|     0.86 ns|
    +--------+---------+----------+------------+

+ Latency: 
    * Summary: 
    +---------+---------+-----------+-----------+-----+-----+----------+
    |  Latency (cycles) |   Latency (absolute)  |  Interval | Pipeline |
    |   min   |   max   |    min    |    max    | min | max |   Type   |
    +---------+---------+-----------+-----------+-----+-----+----------+
    |       18|       18|  57.600 ns|  57.600 ns|    2|    2|  dataflow|
    +---------+---------+-----------+-----------+-----+-----+----------+

    + Detail: 
        * Instance: 
        +----------------------------------+---------------------------------+---------+---------+-----------+-----------+-----+-----+---------+
        |                                  |                                 |  Latency (cycles) |   Latency (absolute)  |  Interval | Pipeline|
        |             Instance             |              Module             |   min   |   max   |    min    |    max    | min | max |   Type  |
        +----------------------------------+---------------------------------+---------+---------+-----------+-----------+-----+-----+---------+
        |extract_ip_address_512_U0         |extract_ip_address_512_s         |        3|        3|   9.600 ns|   9.600 ns|    2|    2|      yes|
        |mac_compute_ipv4_checksum_U0      |mac_compute_ipv4_checksum        |        2|        2|   6.400 ns|   6.400 ns|    1|    1|      yes|
        |mac_finalize_ipv4_checksum_32_U0  |mac_finalize_ipv4_checksum_32_s  |        4|        4|  12.800 ns|  12.800 ns|    1|    1|      yes|
        |insert_ip_checksum_512_U0         |insert_ip_checksum_512_s         |        1|        1|   3.200 ns|   3.200 ns|    1|    1|      yes|
        |handle_arp_reply_512_U0           |handle_arp_reply_512_s           |        1|        1|   3.200 ns|   3.200 ns|    1|    1|      yes|
        |mac_lshiftWordByOctet_512_1_U0    |mac_lshiftWordByOctet_512_1_s    |        1|        1|   3.200 ns|   3.200 ns|    1|    1|      yes|
        |insert_ethernet_header_512_U0     |insert_ethernet_header_512_s     |        2|        2|   6.400 ns|   6.400 ns|    1|    1|      yes|
        +----------------------------------+---------------------------------+---------+---------+-----------+-----------+-----+-----+---------+

        * Loop: 
        N/A



================================================================
== Utilization Estimates
================================================================
* Summary: 
+---------------------+---------+------+---------+---------+-----+
|         Name        | BRAM_18K|  DSP |    FF   |   LUT   | URAM|
+---------------------+---------+------+---------+---------+-----+
|DSP                  |        -|     -|        -|        -|    -|
|Expression           |        -|     -|        -|        -|    -|
|FIFO                 |       29|     -|    12888|     6495|    -|
|Instance             |        -|     -|     9409|     9016|    -|
|Memory               |        -|     -|        -|        -|    -|
|Multiplexer          |        -|     -|        -|        -|    -|
|Register             |        -|     -|        -|        -|    -|
+---------------------+---------+------+---------+---------+-----+
|Total                |       29|     0|    22297|    15511|    0|
+---------------------+---------+------+---------+---------+-----+
|Available SLR        |     1344|  3008|   869120|   434560|  320|
+---------------------+---------+------+---------+---------+-----+
|Utilization SLR (%)  |        2|     0|        2|        3|    0|
+---------------------+---------+------+---------+---------+-----+
|Available            |     4032|  9024|  2607360|  1303680|  960|
+---------------------+---------+------+---------+---------+-----+
|Utilization (%)      |       ~0|     0|       ~0|        1|    0|
+---------------------+---------+------+---------+---------+-----+

+ Detail: 
    * Instance: 
    +----------------------------------+---------------------------------+---------+----+------+------+-----+
    |             Instance             |              Module             | BRAM_18K| DSP|  FF  |  LUT | URAM|
    +----------------------------------+---------------------------------+---------+----+------+------+-----+
    |extract_ip_address_512_U0         |extract_ip_address_512_s         |        0|   0|   545|  1561|    0|
    |handle_arp_reply_512_U0           |handle_arp_reply_512_s           |        0|   0|  1083|    81|    0|
    |insert_ethernet_header_512_U0     |insert_ethernet_header_512_s     |        0|   0|  1873|   804|    0|
    |insert_ip_checksum_512_U0         |insert_ip_checksum_512_s         |        0|   0|  1612|    97|    0|
    |mac_compute_ipv4_checksum_U0      |mac_compute_ipv4_checksum        |        0|   0|  2019|  3301|    0|
    |mac_finalize_ipv4_checksum_32_U0  |mac_finalize_ipv4_checksum_32_s  |        0|   0|  1116|  2581|    0|
    |mac_lshiftWordByOctet_512_1_U0    |mac_lshiftWordByOctet_512_1_s    |        0|   0|  1161|   591|    0|
    +----------------------------------+---------------------------------+---------+----+------+------+-----+
    |Total                             |                                 |        0|   0|  9409|  9016|    0|
    +----------------------------------+---------------------------------+---------+----+------+------+-----+

    * DSP: 
    N/A

    * Memory: 
    N/A

    * FIFO: 
    +---------------------+---------+------+----+-----+------+------+---------+
    |         Name        | BRAM_18K|  FF  | LUT| URAM| Depth| Bits | Size:D*B|
    +---------------------+---------+------+----+-----+------+------+---------+
    |checksumFifo_U       |        0|     7|   0|    -|    16|    16|      256|
    |dataStreamBuffer0_U  |        0|  2058|   0|    -|     2|  1024|     2048|
    |dataStreamBuffer1_U  |       29|  2075|   0|    -|    32|  1024|    32768|
    |dataStreamBuffer2_U  |        0|  2058|   0|    -|     2|  1024|     2048|
    |dataStreamBuffer3_U  |        0|  2058|   0|    -|     2|  1024|     2048|
    |dataStreamBuffer4_U  |        0|  2058|   0|    -|     2|  1024|     2048|
    |headerFifo_U         |        0|   516|   0|    -|     2|   256|      512|
    |subSumFifo_U         |        0|  2058|   0|    -|     2|  1024|     2048|
    +---------------------+---------+------+----+-----+------+------+---------+
    |Total                |       29| 12888|   0|    0|    60|  6416|    43776|
    +---------------------+---------+------+----+-----+------+------+---------+

    * Expression: 
    N/A

    * Multiplexer: 
    N/A

    * Register: 
    N/A



================================================================
== Interface
================================================================
* Summary: 
+----------------------------------+-----+------+--------------+---------------------------+--------------+
|             RTL Ports            | Dir | Bits |   Protocol   |       Source Object       |    C Type    |
+----------------------------------+-----+------+--------------+---------------------------+--------------+
|s_axis_ip_TDATA                   |   in|  1024|          axis|                  s_axis_ip|       pointer|
|s_axis_ip_TVALID                  |   in|     1|          axis|                  s_axis_ip|       pointer|
|s_axis_ip_TREADY                  |  out|     1|          axis|                  s_axis_ip|       pointer|
|s_axis_arp_lookup_reply_TDATA     |   in|   128|          axis|    s_axis_arp_lookup_reply|       pointer|
|s_axis_arp_lookup_reply_TVALID    |   in|     1|          axis|    s_axis_arp_lookup_reply|       pointer|
|s_axis_arp_lookup_reply_TREADY    |  out|     1|          axis|    s_axis_arp_lookup_reply|       pointer|
|m_axis_ip_TDATA                   |  out|  1024|          axis|                  m_axis_ip|       pointer|
|m_axis_ip_TVALID                  |  out|     1|          axis|                  m_axis_ip|       pointer|
|m_axis_ip_TREADY                  |   in|     1|          axis|                  m_axis_ip|       pointer|
|m_axis_arp_lookup_request_TDATA   |  out|    32|          axis|  m_axis_arp_lookup_request|       pointer|
|m_axis_arp_lookup_request_TVALID  |  out|     1|          axis|  m_axis_arp_lookup_request|       pointer|
|m_axis_arp_lookup_request_TREADY  |   in|     1|          axis|  m_axis_arp_lookup_request|       pointer|
|myMacAddress                      |   in|    48|     ap_stable|               myMacAddress|        scalar|
|regSubNetMask                     |   in|    32|     ap_stable|              regSubNetMask|        scalar|
|regDefaultGateway                 |   in|    32|     ap_stable|          regDefaultGateway|        scalar|
|ap_clk                            |   in|     1|  ap_ctrl_none|          mac_ip_encode_top|  return value|
|ap_rst_n                          |   in|     1|  ap_ctrl_none|          mac_ip_encode_top|  return value|
+----------------------------------+-----+------+--------------+---------------------------+--------------+

============================================================
+ Verbose Summary: Synthesis Manager
============================================================
InlineROM: 1
ExposeGlobal: 0
============================================================
+ Verbose Summary: CDFG Model
============================================================
IsTopModel: 1
ResetActiveHigh: 1
IsCombinational: 2
IsDatapathOnly: 2
HasWiredReturn: 1
HasMFsm: 0
HasVarLatency: 1
IsPipeline: 0
IsRtlPipelined: 0
IsInstanceOverlapped: 0
IsDontTouch: 0
HasImplIP: 0
IsGatedGlobalClock: 0


============================================================
+ Verbose Summary: Schedule
============================================================
* Number of FSM states : 23
* Pipeline : 0
* Dataflow Pipeline: 1
  DF-Pipeline-0: Size = 23, States = { 1 2 3 4 5 6 7 8 9 10 11 12 13 14 15 16 17 18 19 20 21 22 23 }

* FSM state transitions: 
1 --> 2 
2 --> 3 
3 --> 4 
4 --> 5 
5 --> 6 
6 --> 7 
7 --> 8 
8 --> 9 
9 --> 10 
10 --> 11 
11 --> 12 
12 --> 13 
13 --> 14 
14 --> 15 
15 --> 16 
16 --> 17 
17 --> 18 
18 --> 19 
19 --> 20 
20 --> 21 
21 --> 22 
22 --> 23 
23 --> 

* FSM state operations: 

State 1 <SV = 0> <Delay = 0.00>
ST_1 : Operation 24 [2/2] (0.00ns)   --->   "%regDefaultGateway_read = read i32 @_ssdm_op_Read.ap_stable.i32, i32 %regDefaultGateway" [/mnt/scratch/pyuvaraj/Vitis_RoCE_W/Vitis_RoCE/fpga-network-stack/hls/mac_ip_encode/mac_ip_encode.cpp:423]   --->   Operation 24 'read' 'regDefaultGateway_read' <Predicate = true> <Delay = 0.00>
ST_1 : Operation 25 [2/2] (0.00ns)   --->   "%regSubNetMask_read = read i32 @_ssdm_op_Read.ap_stable.i32, i32 %regSubNetMask" [/mnt/scratch/pyuvaraj/Vitis_RoCE_W/Vitis_RoCE/fpga-network-stack/hls/mac_ip_encode/mac_ip_encode.cpp:423]   --->   Operation 25 'read' 'regSubNetMask_read' <Predicate = true> <Delay = 0.00>
ST_1 : Operation 26 [2/2] (0.00ns)   --->   "%myMacAddress_read = read i48 @_ssdm_op_Read.ap_stable.i48, i48 %myMacAddress" [/mnt/scratch/pyuvaraj/Vitis_RoCE_W/Vitis_RoCE/fpga-network-stack/hls/mac_ip_encode/mac_ip_encode.cpp:423]   --->   Operation 26 'read' 'myMacAddress_read' <Predicate = true> <Delay = 0.00>

State 2 <SV = 1> <Delay = 0.85>
ST_2 : Operation 27 [1/2] (0.00ns)   --->   "%regDefaultGateway_read = read i32 @_ssdm_op_Read.ap_stable.i32, i32 %regDefaultGateway" [/mnt/scratch/pyuvaraj/Vitis_RoCE_W/Vitis_RoCE/fpga-network-stack/hls/mac_ip_encode/mac_ip_encode.cpp:423]   --->   Operation 27 'read' 'regDefaultGateway_read' <Predicate = true> <Delay = 0.00>
ST_2 : Operation 28 [1/2] (0.00ns)   --->   "%regSubNetMask_read = read i32 @_ssdm_op_Read.ap_stable.i32, i32 %regSubNetMask" [/mnt/scratch/pyuvaraj/Vitis_RoCE_W/Vitis_RoCE/fpga-network-stack/hls/mac_ip_encode/mac_ip_encode.cpp:423]   --->   Operation 28 'read' 'regSubNetMask_read' <Predicate = true> <Delay = 0.00>
ST_2 : Operation 29 [1/2] (0.00ns)   --->   "%myMacAddress_read = read i48 @_ssdm_op_Read.ap_stable.i48, i48 %myMacAddress" [/mnt/scratch/pyuvaraj/Vitis_RoCE_W/Vitis_RoCE/fpga-network-stack/hls/mac_ip_encode/mac_ip_encode.cpp:423]   --->   Operation 29 'read' 'myMacAddress_read' <Predicate = true> <Delay = 0.00>
ST_2 : Operation 30 [4/4] (0.85ns)   --->   "%call_ln404 = call void @extract_ip_address<512>, i1024 %s_axis_ip, i32 %m_axis_arp_lookup_request, i32 %regSubNetMask_read, i32 %regDefaultGateway_read, i1 %header_ready, i160 %header_header_V, i16 %header_idx, i1024 %dataStreamBuffer0, i1 %metaWritten" [/mnt/scratch/pyuvaraj/Vitis_RoCE_W/Vitis_RoCE/fpga-network-stack/hls/mac_ip_encode/mac_ip_encode.cpp:404]   --->   Operation 30 'call' 'call_ln404' <Predicate = true> <Delay = 0.85> <CoreType = "Generic">   --->   Core 0 '' <Latency = 0> <II = 1> <Delay = 1.00> <Generic> <Opcode : >

State 3 <SV = 2> <Delay = 0.00>
ST_3 : Operation 31 [3/4] (0.00ns)   --->   "%call_ln404 = call void @extract_ip_address<512>, i1024 %s_axis_ip, i32 %m_axis_arp_lookup_request, i32 %regSubNetMask_read, i32 %regDefaultGateway_read, i1 %header_ready, i160 %header_header_V, i16 %header_idx, i1024 %dataStreamBuffer0, i1 %metaWritten" [/mnt/scratch/pyuvaraj/Vitis_RoCE_W/Vitis_RoCE/fpga-network-stack/hls/mac_ip_encode/mac_ip_encode.cpp:404]   --->   Operation 31 'call' 'call_ln404' <Predicate = true> <Delay = 0.00> <CoreType = "Generic">   --->   Core 0 '' <Latency = 0> <II = 1> <Delay = 1.00> <Generic> <Opcode : >

State 4 <SV = 3> <Delay = 0.00>
ST_4 : Operation 32 [2/4] (0.00ns)   --->   "%call_ln404 = call void @extract_ip_address<512>, i1024 %s_axis_ip, i32 %m_axis_arp_lookup_request, i32 %regSubNetMask_read, i32 %regDefaultGateway_read, i1 %header_ready, i160 %header_header_V, i16 %header_idx, i1024 %dataStreamBuffer0, i1 %metaWritten" [/mnt/scratch/pyuvaraj/Vitis_RoCE_W/Vitis_RoCE/fpga-network-stack/hls/mac_ip_encode/mac_ip_encode.cpp:404]   --->   Operation 32 'call' 'call_ln404' <Predicate = true> <Delay = 0.00> <CoreType = "Generic">   --->   Core 0 '' <Latency = 0> <II = 1> <Delay = 1.00> <Generic> <Opcode : >

State 5 <SV = 4> <Delay = 0.00>
ST_5 : Operation 33 [1/4] (0.00ns)   --->   "%call_ln404 = call void @extract_ip_address<512>, i1024 %s_axis_ip, i32 %m_axis_arp_lookup_request, i32 %regSubNetMask_read, i32 %regDefaultGateway_read, i1 %header_ready, i160 %header_header_V, i16 %header_idx, i1024 %dataStreamBuffer0, i1 %metaWritten" [/mnt/scratch/pyuvaraj/Vitis_RoCE_W/Vitis_RoCE/fpga-network-stack/hls/mac_ip_encode/mac_ip_encode.cpp:404]   --->   Operation 33 'call' 'call_ln404' <Predicate = true> <Delay = 0.00> <CoreType = "Generic">   --->   Core 0 '' <Latency = 0> <II = 1> <Delay = 1.00> <Generic> <Opcode : >

State 6 <SV = 5> <Delay = 0.00>
ST_6 : Operation 34 [3/3] (0.00ns)   --->   "%call_ln406 = call void @mac_compute_ipv4_checksum, i1024 %dataStreamBuffer0, i1024 %dataStreamBuffer1, i1 %cics_firstWord, i17 %cics_ip_sums_sum_V_0, i17 %cics_ip_sums_sum_V_1, i17 %cics_ip_sums_sum_V_2, i17 %cics_ip_sums_sum_V_3, i17 %cics_ip_sums_sum_V_4, i17 %cics_ip_sums_sum_V_6, i17 %cics_ip_sums_sum_V_7, i17 %cics_ip_sums_sum_V_8, i17 %cics_ip_sums_sum_V_9, i17 %cics_ip_sums_sum_V_10, i17 %cics_ip_sums_sum_V_11, i17 %cics_ip_sums_sum_V_12, i17 %cics_ip_sums_sum_V_13, i17 %cics_ip_sums_sum_V_14, i17 %cics_ip_sums_sum_V_15, i17 %cics_ip_sums_sum_V_16, i17 %cics_ip_sums_sum_V_17, i17 %cics_ip_sums_sum_V_18, i17 %cics_ip_sums_sum_V_19, i17 %cics_ip_sums_sum_V_20, i17 %cics_ip_sums_sum_V_21, i17 %cics_ip_sums_sum_V_22, i17 %cics_ip_sums_sum_V_23, i17 %cics_ip_sums_sum_V_24, i17 %cics_ip_sums_sum_V_25, i17 %cics_ip_sums_sum_V_26, i17 %cics_ip_sums_sum_V_27, i17 %cics_ip_sums_sum_V_28, i17 %cics_ip_sums_sum_V_29, i1024 %subSumFifo" [/mnt/scratch/pyuvaraj/Vitis_RoCE_W/Vitis_RoCE/fpga-network-stack/hls/mac_ip_encode/mac_ip_encode.cpp:406]   --->   Operation 34 'call' 'call_ln406' <Predicate = true> <Delay = 0.00> <CoreType = "Generic">   --->   Core 0 '' <Latency = 0> <II = 1> <Delay = 1.00> <Generic> <Opcode : >

State 7 <SV = 6> <Delay = 0.00>
ST_7 : Operation 35 [2/3] (0.00ns)   --->   "%call_ln406 = call void @mac_compute_ipv4_checksum, i1024 %dataStreamBuffer0, i1024 %dataStreamBuffer1, i1 %cics_firstWord, i17 %cics_ip_sums_sum_V_0, i17 %cics_ip_sums_sum_V_1, i17 %cics_ip_sums_sum_V_2, i17 %cics_ip_sums_sum_V_3, i17 %cics_ip_sums_sum_V_4, i17 %cics_ip_sums_sum_V_6, i17 %cics_ip_sums_sum_V_7, i17 %cics_ip_sums_sum_V_8, i17 %cics_ip_sums_sum_V_9, i17 %cics_ip_sums_sum_V_10, i17 %cics_ip_sums_sum_V_11, i17 %cics_ip_sums_sum_V_12, i17 %cics_ip_sums_sum_V_13, i17 %cics_ip_sums_sum_V_14, i17 %cics_ip_sums_sum_V_15, i17 %cics_ip_sums_sum_V_16, i17 %cics_ip_sums_sum_V_17, i17 %cics_ip_sums_sum_V_18, i17 %cics_ip_sums_sum_V_19, i17 %cics_ip_sums_sum_V_20, i17 %cics_ip_sums_sum_V_21, i17 %cics_ip_sums_sum_V_22, i17 %cics_ip_sums_sum_V_23, i17 %cics_ip_sums_sum_V_24, i17 %cics_ip_sums_sum_V_25, i17 %cics_ip_sums_sum_V_26, i17 %cics_ip_sums_sum_V_27, i17 %cics_ip_sums_sum_V_28, i17 %cics_ip_sums_sum_V_29, i1024 %subSumFifo" [/mnt/scratch/pyuvaraj/Vitis_RoCE_W/Vitis_RoCE/fpga-network-stack/hls/mac_ip_encode/mac_ip_encode.cpp:406]   --->   Operation 35 'call' 'call_ln406' <Predicate = true> <Delay = 0.00> <CoreType = "Generic">   --->   Core 0 '' <Latency = 0> <II = 1> <Delay = 1.00> <Generic> <Opcode : >

State 8 <SV = 7> <Delay = 0.00>
ST_8 : Operation 36 [1/3] (0.00ns)   --->   "%call_ln406 = call void @mac_compute_ipv4_checksum, i1024 %dataStreamBuffer0, i1024 %dataStreamBuffer1, i1 %cics_firstWord, i17 %cics_ip_sums_sum_V_0, i17 %cics_ip_sums_sum_V_1, i17 %cics_ip_sums_sum_V_2, i17 %cics_ip_sums_sum_V_3, i17 %cics_ip_sums_sum_V_4, i17 %cics_ip_sums_sum_V_6, i17 %cics_ip_sums_sum_V_7, i17 %cics_ip_sums_sum_V_8, i17 %cics_ip_sums_sum_V_9, i17 %cics_ip_sums_sum_V_10, i17 %cics_ip_sums_sum_V_11, i17 %cics_ip_sums_sum_V_12, i17 %cics_ip_sums_sum_V_13, i17 %cics_ip_sums_sum_V_14, i17 %cics_ip_sums_sum_V_15, i17 %cics_ip_sums_sum_V_16, i17 %cics_ip_sums_sum_V_17, i17 %cics_ip_sums_sum_V_18, i17 %cics_ip_sums_sum_V_19, i17 %cics_ip_sums_sum_V_20, i17 %cics_ip_sums_sum_V_21, i17 %cics_ip_sums_sum_V_22, i17 %cics_ip_sums_sum_V_23, i17 %cics_ip_sums_sum_V_24, i17 %cics_ip_sums_sum_V_25, i17 %cics_ip_sums_sum_V_26, i17 %cics_ip_sums_sum_V_27, i17 %cics_ip_sums_sum_V_28, i17 %cics_ip_sums_sum_V_29, i1024 %subSumFifo" [/mnt/scratch/pyuvaraj/Vitis_RoCE_W/Vitis_RoCE/fpga-network-stack/hls/mac_ip_encode/mac_ip_encode.cpp:406]   --->   Operation 36 'call' 'call_ln406' <Predicate = true> <Delay = 0.00> <CoreType = "Generic">   --->   Core 0 '' <Latency = 0> <II = 1> <Delay = 1.00> <Generic> <Opcode : >

State 9 <SV = 8> <Delay = 0.00>
ST_9 : Operation 37 [5/5] (0.00ns)   --->   "%call_ln407 = call void @mac_finalize_ipv4_checksum<32>, i1024 %subSumFifo, i16 %checksumFifo" [/mnt/scratch/pyuvaraj/Vitis_RoCE_W/Vitis_RoCE/fpga-network-stack/hls/mac_ip_encode/mac_ip_encode.cpp:407]   --->   Operation 37 'call' 'call_ln407' <Predicate = true> <Delay = 0.00> <CoreType = "Generic">   --->   Core 0 '' <Latency = 0> <II = 1> <Delay = 1.00> <Generic> <Opcode : >

State 10 <SV = 9> <Delay = 0.00>
ST_10 : Operation 38 [4/5] (0.00ns)   --->   "%call_ln407 = call void @mac_finalize_ipv4_checksum<32>, i1024 %subSumFifo, i16 %checksumFifo" [/mnt/scratch/pyuvaraj/Vitis_RoCE_W/Vitis_RoCE/fpga-network-stack/hls/mac_ip_encode/mac_ip_encode.cpp:407]   --->   Operation 38 'call' 'call_ln407' <Predicate = true> <Delay = 0.00> <CoreType = "Generic">   --->   Core 0 '' <Latency = 0> <II = 1> <Delay = 1.00> <Generic> <Opcode : >

State 11 <SV = 10> <Delay = 0.00>
ST_11 : Operation 39 [3/5] (0.00ns)   --->   "%call_ln407 = call void @mac_finalize_ipv4_checksum<32>, i1024 %subSumFifo, i16 %checksumFifo" [/mnt/scratch/pyuvaraj/Vitis_RoCE_W/Vitis_RoCE/fpga-network-stack/hls/mac_ip_encode/mac_ip_encode.cpp:407]   --->   Operation 39 'call' 'call_ln407' <Predicate = true> <Delay = 0.00> <CoreType = "Generic">   --->   Core 0 '' <Latency = 0> <II = 1> <Delay = 1.00> <Generic> <Opcode : >

State 12 <SV = 11> <Delay = 0.00>
ST_12 : Operation 40 [2/5] (0.00ns)   --->   "%call_ln407 = call void @mac_finalize_ipv4_checksum<32>, i1024 %subSumFifo, i16 %checksumFifo" [/mnt/scratch/pyuvaraj/Vitis_RoCE_W/Vitis_RoCE/fpga-network-stack/hls/mac_ip_encode/mac_ip_encode.cpp:407]   --->   Operation 40 'call' 'call_ln407' <Predicate = true> <Delay = 0.00> <CoreType = "Generic">   --->   Core 0 '' <Latency = 0> <II = 1> <Delay = 1.00> <Generic> <Opcode : >

State 13 <SV = 12> <Delay = 0.00>
ST_13 : Operation 41 [1/5] (0.00ns)   --->   "%call_ln407 = call void @mac_finalize_ipv4_checksum<32>, i1024 %subSumFifo, i16 %checksumFifo" [/mnt/scratch/pyuvaraj/Vitis_RoCE_W/Vitis_RoCE/fpga-network-stack/hls/mac_ip_encode/mac_ip_encode.cpp:407]   --->   Operation 41 'call' 'call_ln407' <Predicate = true> <Delay = 0.00> <CoreType = "Generic">   --->   Core 0 '' <Latency = 0> <II = 1> <Delay = 1.00> <Generic> <Opcode : >

State 14 <SV = 13> <Delay = 0.00>
ST_14 : Operation 42 [2/2] (0.00ns)   --->   "%call_ln409 = call void @insert_ip_checksum<512>, i2 %wordCount_V, i1024 %dataStreamBuffer1, i16 %checksumFifo, i1024 %dataStreamBuffer2" [/mnt/scratch/pyuvaraj/Vitis_RoCE_W/Vitis_RoCE/fpga-network-stack/hls/mac_ip_encode/mac_ip_encode.cpp:409]   --->   Operation 42 'call' 'call_ln409' <Predicate = true> <Delay = 0.00> <CoreType = "Generic">   --->   Core 0 '' <Latency = 0> <II = 1> <Delay = 1.00> <Generic> <Opcode : >

State 15 <SV = 14> <Delay = 0.00>
ST_15 : Operation 43 [1/2] (0.00ns)   --->   "%call_ln409 = call void @insert_ip_checksum<512>, i2 %wordCount_V, i1024 %dataStreamBuffer1, i16 %checksumFifo, i1024 %dataStreamBuffer2" [/mnt/scratch/pyuvaraj/Vitis_RoCE_W/Vitis_RoCE/fpga-network-stack/hls/mac_ip_encode/mac_ip_encode.cpp:409]   --->   Operation 43 'call' 'call_ln409' <Predicate = true> <Delay = 0.00> <CoreType = "Generic">   --->   Core 0 '' <Latency = 0> <II = 1> <Delay = 1.00> <Generic> <Opcode : >

State 16 <SV = 15> <Delay = 0.00>
ST_16 : Operation 44 [2/2] (0.00ns)   --->   "%call_ln412 = call void @handle_arp_reply<512>, i128 %s_axis_arp_lookup_reply, i48 %myMacAddress_read, i2 %har_state, i1024 %dataStreamBuffer2, i256 %headerFifo, i1024 %dataStreamBuffer3" [/mnt/scratch/pyuvaraj/Vitis_RoCE_W/Vitis_RoCE/fpga-network-stack/hls/mac_ip_encode/mac_ip_encode.cpp:412]   --->   Operation 44 'call' 'call_ln412' <Predicate = true> <Delay = 0.00> <CoreType = "Generic">   --->   Core 0 '' <Latency = 0> <II = 1> <Delay = 1.00> <Generic> <Opcode : >

State 17 <SV = 16> <Delay = 0.00>
ST_17 : Operation 45 [1/2] (0.00ns)   --->   "%call_ln412 = call void @handle_arp_reply<512>, i128 %s_axis_arp_lookup_reply, i48 %myMacAddress_read, i2 %har_state, i1024 %dataStreamBuffer2, i256 %headerFifo, i1024 %dataStreamBuffer3" [/mnt/scratch/pyuvaraj/Vitis_RoCE_W/Vitis_RoCE/fpga-network-stack/hls/mac_ip_encode/mac_ip_encode.cpp:412]   --->   Operation 45 'call' 'call_ln412' <Predicate = true> <Delay = 0.00> <CoreType = "Generic">   --->   Core 0 '' <Latency = 0> <II = 1> <Delay = 1.00> <Generic> <Opcode : >

State 18 <SV = 17> <Delay = 0.00>
ST_18 : Operation 46 [2/2] (0.00ns)   --->   "%call_ln413 = call void @mac_lshiftWordByOctet<512, 1>, i1 %ls_writeRemainder, i512 %prevWord_data_V, i64 %prevWord_keep_V, i1024 %dataStreamBuffer4, i1024 %dataStreamBuffer3, i1 %ls_firstWord" [/mnt/scratch/pyuvaraj/Vitis_RoCE_W/Vitis_RoCE/fpga-network-stack/hls/mac_ip_encode/mac_ip_encode.cpp:413]   --->   Operation 46 'call' 'call_ln413' <Predicate = true> <Delay = 0.00> <CoreType = "Generic">   --->   Core 0 '' <Latency = 0> <II = 1> <Delay = 1.00> <Generic> <Opcode : >

State 19 <SV = 18> <Delay = 0.00>
ST_19 : Operation 47 [1/2] (0.00ns)   --->   "%call_ln413 = call void @mac_lshiftWordByOctet<512, 1>, i1 %ls_writeRemainder, i512 %prevWord_data_V, i64 %prevWord_keep_V, i1024 %dataStreamBuffer4, i1024 %dataStreamBuffer3, i1 %ls_firstWord" [/mnt/scratch/pyuvaraj/Vitis_RoCE_W/Vitis_RoCE/fpga-network-stack/hls/mac_ip_encode/mac_ip_encode.cpp:413]   --->   Operation 47 'call' 'call_ln413' <Predicate = true> <Delay = 0.00> <CoreType = "Generic">   --->   Core 0 '' <Latency = 0> <II = 1> <Delay = 1.00> <Generic> <Opcode : >

State 20 <SV = 19> <Delay = 0.00>
ST_20 : Operation 48 [3/3] (0.00ns)   --->   "%call_ln414 = call void @insert_ethernet_header<512>, i1024 %m_axis_ip, i2 %ge_state, i256 %headerFifo, i1024 %dataStreamBuffer4" [/mnt/scratch/pyuvaraj/Vitis_RoCE_W/Vitis_RoCE/fpga-network-stack/hls/mac_ip_encode/mac_ip_encode.cpp:414]   --->   Operation 48 'call' 'call_ln414' <Predicate = true> <Delay = 0.00> <CoreType = "Generic">   --->   Core 0 '' <Latency = 0> <II = 1> <Delay = 1.00> <Generic> <Opcode : >

State 21 <SV = 20> <Delay = 1.94>
ST_21 : Operation 49 [2/3] (1.94ns)   --->   "%call_ln414 = call void @insert_ethernet_header<512>, i1024 %m_axis_ip, i2 %ge_state, i256 %headerFifo, i1024 %dataStreamBuffer4" [/mnt/scratch/pyuvaraj/Vitis_RoCE_W/Vitis_RoCE/fpga-network-stack/hls/mac_ip_encode/mac_ip_encode.cpp:414]   --->   Operation 49 'call' 'call_ln414' <Predicate = true> <Delay = 1.94> <CoreType = "Generic">   --->   Core 0 '' <Latency = 0> <II = 1> <Delay = 1.00> <Generic> <Opcode : >

State 22 <SV = 21> <Delay = 0.00>
ST_22 : Operation 50 [1/3] (0.00ns)   --->   "%call_ln414 = call void @insert_ethernet_header<512>, i1024 %m_axis_ip, i2 %ge_state, i256 %headerFifo, i1024 %dataStreamBuffer4" [/mnt/scratch/pyuvaraj/Vitis_RoCE_W/Vitis_RoCE/fpga-network-stack/hls/mac_ip_encode/mac_ip_encode.cpp:414]   --->   Operation 50 'call' 'call_ln414' <Predicate = true> <Delay = 0.00> <CoreType = "Generic">   --->   Core 0 '' <Latency = 0> <II = 1> <Delay = 1.00> <Generic> <Opcode : >

State 23 <SV = 22> <Delay = 0.00>
ST_23 : Operation 51 [1/1] (0.00ns)   --->   "%specdataflowpipeline_ln427 = specdataflowpipeline void @_ssdm_op_SpecDataflowPipeline, i32 4294967295, i32 1, void @empty_1" [/mnt/scratch/pyuvaraj/Vitis_RoCE_W/Vitis_RoCE/fpga-network-stack/hls/mac_ip_encode/mac_ip_encode.cpp:427]   --->   Operation 51 'specdataflowpipeline' 'specdataflowpipeline_ln427' <Predicate = true> <Delay = 0.00>
ST_23 : Operation 52 [1/1] (0.00ns)   --->   "%empty = specchannel i32 @_ssdm_op_SpecChannel, void @checksumFifo_str, i32 1, void @p_str, void @p_str, i32 16, i32 16, i16 %checksumFifo, i16 %checksumFifo"   --->   Operation 52 'specchannel' 'empty' <Predicate = true> <Delay = 0.00>
ST_23 : Operation 53 [1/1] (0.00ns)   --->   "%empty_33 = specchannel i32 @_ssdm_op_SpecChannel, void @dataStreamBuffer0_str, i32 1, void @p_str, void @p_str, i32 2, i32 2, i1024 %dataStreamBuffer0, i1024 %dataStreamBuffer0"   --->   Operation 53 'specchannel' 'empty_33' <Predicate = true> <Delay = 0.00>
ST_23 : Operation 54 [1/1] (0.00ns)   --->   "%empty_34 = specchannel i32 @_ssdm_op_SpecChannel, void @dataStreamBuffer1_str, i32 1, void @p_str, void @p_str, i32 32, i32 32, i1024 %dataStreamBuffer1, i1024 %dataStreamBuffer1"   --->   Operation 54 'specchannel' 'empty_34' <Predicate = true> <Delay = 0.00>
ST_23 : Operation 55 [1/1] (0.00ns)   --->   "%empty_35 = specchannel i32 @_ssdm_op_SpecChannel, void @dataStreamBuffer2_str, i32 1, void @p_str, void @p_str, i32 2, i32 2, i1024 %dataStreamBuffer2, i1024 %dataStreamBuffer2"   --->   Operation 55 'specchannel' 'empty_35' <Predicate = true> <Delay = 0.00>
ST_23 : Operation 56 [1/1] (0.00ns)   --->   "%empty_36 = specchannel i32 @_ssdm_op_SpecChannel, void @dataStreamBuffer3_str, i32 1, void @p_str, void @p_str, i32 2, i32 2, i1024 %dataStreamBuffer3, i1024 %dataStreamBuffer3"   --->   Operation 56 'specchannel' 'empty_36' <Predicate = true> <Delay = 0.00>
ST_23 : Operation 57 [1/1] (0.00ns)   --->   "%empty_37 = specchannel i32 @_ssdm_op_SpecChannel, void @dataStreamBuffer4_str, i32 1, void @p_str, void @p_str, i32 2, i32 2, i1024 %dataStreamBuffer4, i1024 %dataStreamBuffer4"   --->   Operation 57 'specchannel' 'empty_37' <Predicate = true> <Delay = 0.00>
ST_23 : Operation 58 [1/1] (0.00ns)   --->   "%empty_38 = specchannel i32 @_ssdm_op_SpecChannel, void @headerFifo_str, i32 1, void @p_str, void @p_str, i32 2, i32 2, i256 %headerFifo, i256 %headerFifo"   --->   Operation 58 'specchannel' 'empty_38' <Predicate = true> <Delay = 0.00>
ST_23 : Operation 59 [1/1] (0.00ns)   --->   "%empty_39 = specchannel i32 @_ssdm_op_SpecChannel, void @subSumFifo_str, i32 1, void @p_str, void @p_str, i32 2, i32 2, i1024 %subSumFifo, i1024 %subSumFifo"   --->   Operation 59 'specchannel' 'empty_39' <Predicate = true> <Delay = 0.00>
ST_23 : Operation 60 [1/1] (0.00ns)   --->   "%spectopmodule_ln419 = spectopmodule void @_ssdm_op_SpecTopModule, void @empty_4" [/mnt/scratch/pyuvaraj/Vitis_RoCE_W/Vitis_RoCE/fpga-network-stack/hls/mac_ip_encode/mac_ip_encode.cpp:419]   --->   Operation 60 'spectopmodule' 'spectopmodule_ln419' <Predicate = true> <Delay = 0.00>
ST_23 : Operation 61 [1/1] (0.00ns)   --->   "%specinterface_ln419 = specinterface void @_ssdm_op_SpecInterface, i32 0, void @empty_5, i32 0, i32 0, void @empty_1, i32 0, i32 0, void @empty_1, void @empty_1, void @empty_1, i32 0, i32 0, i32 0, i32 0, void @empty_1, void @empty_1, i32 4294967295, i32 0" [/mnt/scratch/pyuvaraj/Vitis_RoCE_W/Vitis_RoCE/fpga-network-stack/hls/mac_ip_encode/mac_ip_encode.cpp:419]   --->   Operation 61 'specinterface' 'specinterface_ln419' <Predicate = true> <Delay = 0.00>
ST_23 : Operation 62 [1/1] (0.00ns)   --->   "%specinterface_ln0 = specinterface void @_ssdm_op_SpecInterface, i1024 %s_axis_ip, void @empty_0, i32 1, i32 1, void @empty, i32 0, i32 0, void @empty_1, void @empty_1, void @empty_1, i32 0, i32 0, i32 0, i32 0, void @empty_1, void @empty_1, i32 4294967295, i32 0"   --->   Operation 62 'specinterface' 'specinterface_ln0' <Predicate = true> <Delay = 0.00>
ST_23 : Operation 63 [1/1] (0.00ns)   --->   "%specbitsmap_ln0 = specbitsmap void @_ssdm_op_SpecBitsMap, i1024 %s_axis_ip"   --->   Operation 63 'specbitsmap' 'specbitsmap_ln0' <Predicate = true> <Delay = 0.00>
ST_23 : Operation 64 [1/1] (0.00ns)   --->   "%specinterface_ln0 = specinterface void @_ssdm_op_SpecInterface, i128 %s_axis_arp_lookup_reply, void @empty_0, i32 1, i32 1, void @empty, i32 0, i32 0, void @empty_1, void @empty_1, void @empty_1, i32 0, i32 0, i32 0, i32 0, void @empty_1, void @empty_1, i32 4294967295, i32 0"   --->   Operation 64 'specinterface' 'specinterface_ln0' <Predicate = true> <Delay = 0.00>
ST_23 : Operation 65 [1/1] (0.00ns)   --->   "%specbitsmap_ln0 = specbitsmap void @_ssdm_op_SpecBitsMap, i128 %s_axis_arp_lookup_reply"   --->   Operation 65 'specbitsmap' 'specbitsmap_ln0' <Predicate = true> <Delay = 0.00>
ST_23 : Operation 66 [1/1] (0.00ns)   --->   "%specinterface_ln0 = specinterface void @_ssdm_op_SpecInterface, i1024 %m_axis_ip, void @empty_0, i32 1, i32 1, void @empty, i32 0, i32 0, void @empty_1, void @empty_1, void @empty_1, i32 0, i32 0, i32 0, i32 0, void @empty_1, void @empty_1, i32 4294967295, i32 0"   --->   Operation 66 'specinterface' 'specinterface_ln0' <Predicate = true> <Delay = 0.00>
ST_23 : Operation 67 [1/1] (0.00ns)   --->   "%specbitsmap_ln0 = specbitsmap void @_ssdm_op_SpecBitsMap, i1024 %m_axis_ip"   --->   Operation 67 'specbitsmap' 'specbitsmap_ln0' <Predicate = true> <Delay = 0.00>
ST_23 : Operation 68 [1/1] (0.00ns)   --->   "%specinterface_ln0 = specinterface void @_ssdm_op_SpecInterface, i32 %m_axis_arp_lookup_request, void @empty_0, i32 1, i32 1, void @empty, i32 0, i32 0, void @empty_1, void @empty_1, void @empty_1, i32 0, i32 0, i32 0, i32 0, void @empty_1, void @empty_1, i32 4294967295, i32 0"   --->   Operation 68 'specinterface' 'specinterface_ln0' <Predicate = true> <Delay = 0.00>
ST_23 : Operation 69 [1/1] (0.00ns)   --->   "%specbitsmap_ln0 = specbitsmap void @_ssdm_op_SpecBitsMap, i32 %m_axis_arp_lookup_request"   --->   Operation 69 'specbitsmap' 'specbitsmap_ln0' <Predicate = true> <Delay = 0.00>
ST_23 : Operation 70 [1/1] (0.00ns)   --->   "%specbitsmap_ln0 = specbitsmap void @_ssdm_op_SpecBitsMap, i48 %myMacAddress"   --->   Operation 70 'specbitsmap' 'specbitsmap_ln0' <Predicate = true> <Delay = 0.00>
ST_23 : Operation 71 [1/1] (0.00ns)   --->   "%specinterface_ln0 = specinterface void @_ssdm_op_SpecInterface, i48 %myMacAddress, void @empty_2, i32 1, i32 1, void @empty_1, i32 0, i32 0, void @empty_1, void @empty_1, void @empty_1, i32 0, i32 0, i32 0, i32 0, void @empty_1, void @empty_1, i32 4294967295, i32 0"   --->   Operation 71 'specinterface' 'specinterface_ln0' <Predicate = true> <Delay = 0.00>
ST_23 : Operation 72 [1/1] (0.00ns)   --->   "%specbitsmap_ln0 = specbitsmap void @_ssdm_op_SpecBitsMap, i32 %regSubNetMask"   --->   Operation 72 'specbitsmap' 'specbitsmap_ln0' <Predicate = true> <Delay = 0.00>
ST_23 : Operation 73 [1/1] (0.00ns)   --->   "%specinterface_ln0 = specinterface void @_ssdm_op_SpecInterface, i32 %regSubNetMask, void @empty_2, i32 1, i32 1, void @empty_1, i32 0, i32 0, void @empty_1, void @empty_1, void @empty_1, i32 0, i32 0, i32 0, i32 0, void @empty_1, void @empty_1, i32 4294967295, i32 0"   --->   Operation 73 'specinterface' 'specinterface_ln0' <Predicate = true> <Delay = 0.00>
ST_23 : Operation 74 [1/1] (0.00ns)   --->   "%specbitsmap_ln0 = specbitsmap void @_ssdm_op_SpecBitsMap, i32 %regDefaultGateway"   --->   Operation 74 'specbitsmap' 'specbitsmap_ln0' <Predicate = true> <Delay = 0.00>
ST_23 : Operation 75 [1/1] (0.00ns)   --->   "%specinterface_ln0 = specinterface void @_ssdm_op_SpecInterface, i32 %regDefaultGateway, void @empty_2, i32 1, i32 1, void @empty_1, i32 0, i32 0, void @empty_1, void @empty_1, void @empty_1, i32 0, i32 0, i32 0, i32 0, void @empty_1, void @empty_1, i32 4294967295, i32 0"   --->   Operation 75 'specinterface' 'specinterface_ln0' <Predicate = true> <Delay = 0.00>
ST_23 : Operation 76 [1/1] (0.00ns)   --->   "%specinterface_ln0 = specinterface void @_ssdm_op_SpecInterface, i1024 %dataStreamBuffer0, void @empty_3, i32 0, i32 0, void @empty_1, i32 0, i32 0, void @empty_1, void @empty_1, void @empty_1, i32 0, i32 0, i32 0, i32 0, void @empty_1, void @empty_1, i32 4294967295, i32 0"   --->   Operation 76 'specinterface' 'specinterface_ln0' <Predicate = true> <Delay = 0.00>
ST_23 : Operation 77 [1/1] (0.00ns)   --->   "%specinterface_ln0 = specinterface void @_ssdm_op_SpecInterface, i1024 %dataStreamBuffer1, void @empty_3, i32 0, i32 0, void @empty_1, i32 0, i32 0, void @empty_1, void @empty_1, void @empty_1, i32 0, i32 0, i32 0, i32 0, void @empty_1, void @empty_1, i32 4294967295, i32 0"   --->   Operation 77 'specinterface' 'specinterface_ln0' <Predicate = true> <Delay = 0.00>
ST_23 : Operation 78 [1/1] (0.00ns)   --->   "%specinterface_ln0 = specinterface void @_ssdm_op_SpecInterface, i1024 %subSumFifo, void @empty_3, i32 0, i32 0, void @empty_1, i32 0, i32 0, void @empty_1, void @empty_1, void @empty_1, i32 0, i32 0, i32 0, i32 0, void @empty_1, void @empty_1, i32 4294967295, i32 0"   --->   Operation 78 'specinterface' 'specinterface_ln0' <Predicate = true> <Delay = 0.00>
ST_23 : Operation 79 [1/1] (0.00ns)   --->   "%specinterface_ln0 = specinterface void @_ssdm_op_SpecInterface, i16 %checksumFifo, void @empty_3, i32 0, i32 0, void @empty_1, i32 0, i32 0, void @empty_1, void @empty_1, void @empty_1, i32 0, i32 0, i32 0, i32 0, void @empty_1, void @empty_1, i32 4294967295, i32 0"   --->   Operation 79 'specinterface' 'specinterface_ln0' <Predicate = true> <Delay = 0.00>
ST_23 : Operation 80 [1/1] (0.00ns)   --->   "%specinterface_ln0 = specinterface void @_ssdm_op_SpecInterface, i1024 %dataStreamBuffer2, void @empty_3, i32 0, i32 0, void @empty_1, i32 0, i32 0, void @empty_1, void @empty_1, void @empty_1, i32 0, i32 0, i32 0, i32 0, void @empty_1, void @empty_1, i32 4294967295, i32 0"   --->   Operation 80 'specinterface' 'specinterface_ln0' <Predicate = true> <Delay = 0.00>
ST_23 : Operation 81 [1/1] (0.00ns)   --->   "%specinterface_ln0 = specinterface void @_ssdm_op_SpecInterface, i256 %headerFifo, void @empty_3, i32 0, i32 0, void @empty_1, i32 0, i32 0, void @empty_1, void @empty_1, void @empty_1, i32 0, i32 0, i32 0, i32 0, void @empty_1, void @empty_1, i32 4294967295, i32 0"   --->   Operation 81 'specinterface' 'specinterface_ln0' <Predicate = true> <Delay = 0.00>
ST_23 : Operation 82 [1/1] (0.00ns)   --->   "%specinterface_ln0 = specinterface void @_ssdm_op_SpecInterface, i1024 %dataStreamBuffer3, void @empty_3, i32 0, i32 0, void @empty_1, i32 0, i32 0, void @empty_1, void @empty_1, void @empty_1, i32 0, i32 0, i32 0, i32 0, void @empty_1, void @empty_1, i32 4294967295, i32 0"   --->   Operation 82 'specinterface' 'specinterface_ln0' <Predicate = true> <Delay = 0.00>
ST_23 : Operation 83 [1/1] (0.00ns)   --->   "%specinterface_ln0 = specinterface void @_ssdm_op_SpecInterface, i1024 %dataStreamBuffer4, void @empty_3, i32 0, i32 0, void @empty_1, i32 0, i32 0, void @empty_1, void @empty_1, void @empty_1, i32 0, i32 0, i32 0, i32 0, void @empty_1, void @empty_1, i32 4294967295, i32 0"   --->   Operation 83 'specinterface' 'specinterface_ln0' <Predicate = true> <Delay = 0.00>
ST_23 : Operation 84 [1/1] (0.00ns)   --->   "%ret_ln449 = ret" [/mnt/scratch/pyuvaraj/Vitis_RoCE_W/Vitis_RoCE/fpga-network-stack/hls/mac_ip_encode/mac_ip_encode.cpp:449]   --->   Operation 84 'ret' 'ret_ln449' <Predicate = true> <Delay = 0.00>


============================================================
+ Verbose Summary: Binding
============================================================
STG Binding: 
---------------- STG Properties BEGIN ----------------
- Is combinational: 0
- Is one-state seq: 0
- Is datapath-only: 0
- Is pipelined: 0
- Is top level: 1
Port [ Return ] is wired: 1; IO mode=ap_ctrl_none:ce=0
Port [ s_axis_ip]:  wired=1; compound=1; hidden=0; nouse=0; global=0; static=0; extern=0; dir=0; type=0; pingpong=0; private_global=0; IO mode=axis:ce=0
Port [ s_axis_arp_lookup_reply]:  wired=1; compound=1; hidden=0; nouse=0; global=0; static=0; extern=0; dir=0; type=0; pingpong=0; private_global=0; IO mode=axis:ce=0
Port [ m_axis_ip]:  wired=1; compound=1; hidden=0; nouse=0; global=0; static=0; extern=0; dir=1; type=0; pingpong=0; private_global=0; IO mode=axis:ce=0
Port [ m_axis_arp_lookup_request]:  wired=1; compound=1; hidden=0; nouse=0; global=0; static=0; extern=0; dir=1; type=0; pingpong=0; private_global=0; IO mode=axis:ce=0
Port [ myMacAddress]:  wired=1; compound=0; hidden=0; nouse=0; global=0; static=0; extern=0; dir=0; type=0; pingpong=0; private_global=0; IO mode=ap_stable:ce=0
Port [ regSubNetMask]:  wired=1; compound=0; hidden=0; nouse=0; global=0; static=0; extern=0; dir=0; type=0; pingpong=0; private_global=0; IO mode=ap_stable:ce=0
Port [ regDefaultGateway]:  wired=1; compound=0; hidden=0; nouse=0; global=0; static=0; extern=0; dir=0; type=0; pingpong=0; private_global=0; IO mode=ap_stable:ce=0
Port [ header_ready]:  wired=0; compound=0; hidden=1; nouse=1; global=1; static=1; extern=0; dir=2; type=0; pingpong=0; private_global=0; IO mode=ap_ovld:ce=0
Port [ header_header_V]:  wired=0; compound=0; hidden=1; nouse=1; global=1; static=1; extern=0; dir=2; type=0; pingpong=0; private_global=0; IO mode=ap_ovld:ce=0
Port [ header_idx]:  wired=0; compound=0; hidden=1; nouse=1; global=1; static=1; extern=0; dir=2; type=0; pingpong=0; private_global=0; IO mode=ap_ovld:ce=0
Port [ dataStreamBuffer0]:  wired=0; compound=1; hidden=1; nouse=0; global=1; static=1; extern=0; dir=2; type=3; pingpong=0; private_global=1; IO mode=ap_fifo:ce=0
Port [ metaWritten]:  wired=0; compound=0; hidden=1; nouse=1; global=1; static=1; extern=0; dir=2; type=0; pingpong=0; private_global=0; IO mode=ap_ovld:ce=0
Port [ dataStreamBuffer1]:  wired=0; compound=1; hidden=1; nouse=0; global=1; static=1; extern=0; dir=2; type=3; pingpong=0; private_global=1; IO mode=ap_fifo:ce=0
Port [ cics_firstWord]:  wired=0; compound=0; hidden=1; nouse=1; global=1; static=1; extern=0; dir=2; type=0; pingpong=0; private_global=0; IO mode=ap_ovld:ce=0
Port [ cics_ip_sums_sum_V_0]:  wired=0; compound=0; hidden=1; nouse=1; global=1; static=1; extern=0; dir=2; type=0; pingpong=0; private_global=0; IO mode=ap_ovld:ce=0
Port [ cics_ip_sums_sum_V_1]:  wired=0; compound=0; hidden=1; nouse=1; global=1; static=1; extern=0; dir=2; type=0; pingpong=0; private_global=0; IO mode=ap_ovld:ce=0
Port [ cics_ip_sums_sum_V_2]:  wired=0; compound=0; hidden=1; nouse=1; global=1; static=1; extern=0; dir=2; type=0; pingpong=0; private_global=0; IO mode=ap_ovld:ce=0
Port [ cics_ip_sums_sum_V_3]:  wired=0; compound=0; hidden=1; nouse=1; global=1; static=1; extern=0; dir=2; type=0; pingpong=0; private_global=0; IO mode=ap_ovld:ce=0
Port [ cics_ip_sums_sum_V_4]:  wired=0; compound=0; hidden=1; nouse=1; global=1; static=1; extern=0; dir=2; type=0; pingpong=0; private_global=0; IO mode=ap_ovld:ce=0
Port [ cics_ip_sums_sum_V_6]:  wired=0; compound=0; hidden=1; nouse=1; global=1; static=1; extern=0; dir=2; type=0; pingpong=0; private_global=0; IO mode=ap_ovld:ce=0
Port [ cics_ip_sums_sum_V_7]:  wired=0; compound=0; hidden=1; nouse=1; global=1; static=1; extern=0; dir=2; type=0; pingpong=0; private_global=0; IO mode=ap_ovld:ce=0
Port [ cics_ip_sums_sum_V_8]:  wired=0; compound=0; hidden=1; nouse=1; global=1; static=1; extern=0; dir=2; type=0; pingpong=0; private_global=0; IO mode=ap_ovld:ce=0
Port [ cics_ip_sums_sum_V_9]:  wired=0; compound=0; hidden=1; nouse=1; global=1; static=1; extern=0; dir=2; type=0; pingpong=0; private_global=0; IO mode=ap_ovld:ce=0
Port [ cics_ip_sums_sum_V_10]:  wired=0; compound=0; hidden=1; nouse=1; global=1; static=1; extern=0; dir=2; type=0; pingpong=0; private_global=0; IO mode=ap_ovld:ce=0
Port [ cics_ip_sums_sum_V_11]:  wired=0; compound=0; hidden=1; nouse=1; global=1; static=1; extern=0; dir=2; type=0; pingpong=0; private_global=0; IO mode=ap_ovld:ce=0
Port [ cics_ip_sums_sum_V_12]:  wired=0; compound=0; hidden=1; nouse=1; global=1; static=1; extern=0; dir=2; type=0; pingpong=0; private_global=0; IO mode=ap_ovld:ce=0
Port [ cics_ip_sums_sum_V_13]:  wired=0; compound=0; hidden=1; nouse=1; global=1; static=1; extern=0; dir=2; type=0; pingpong=0; private_global=0; IO mode=ap_ovld:ce=0
Port [ cics_ip_sums_sum_V_14]:  wired=0; compound=0; hidden=1; nouse=1; global=1; static=1; extern=0; dir=2; type=0; pingpong=0; private_global=0; IO mode=ap_ovld:ce=0
Port [ cics_ip_sums_sum_V_15]:  wired=0; compound=0; hidden=1; nouse=1; global=1; static=1; extern=0; dir=2; type=0; pingpong=0; private_global=0; IO mode=ap_ovld:ce=0
Port [ cics_ip_sums_sum_V_16]:  wired=0; compound=0; hidden=1; nouse=1; global=1; static=1; extern=0; dir=2; type=0; pingpong=0; private_global=0; IO mode=ap_ovld:ce=0
Port [ cics_ip_sums_sum_V_17]:  wired=0; compound=0; hidden=1; nouse=1; global=1; static=1; extern=0; dir=2; type=0; pingpong=0; private_global=0; IO mode=ap_ovld:ce=0
Port [ cics_ip_sums_sum_V_18]:  wired=0; compound=0; hidden=1; nouse=1; global=1; static=1; extern=0; dir=2; type=0; pingpong=0; private_global=0; IO mode=ap_ovld:ce=0
Port [ cics_ip_sums_sum_V_19]:  wired=0; compound=0; hidden=1; nouse=1; global=1; static=1; extern=0; dir=2; type=0; pingpong=0; private_global=0; IO mode=ap_ovld:ce=0
Port [ cics_ip_sums_sum_V_20]:  wired=0; compound=0; hidden=1; nouse=1; global=1; static=1; extern=0; dir=2; type=0; pingpong=0; private_global=0; IO mode=ap_ovld:ce=0
Port [ cics_ip_sums_sum_V_21]:  wired=0; compound=0; hidden=1; nouse=1; global=1; static=1; extern=0; dir=2; type=0; pingpong=0; private_global=0; IO mode=ap_ovld:ce=0
Port [ cics_ip_sums_sum_V_22]:  wired=0; compound=0; hidden=1; nouse=1; global=1; static=1; extern=0; dir=2; type=0; pingpong=0; private_global=0; IO mode=ap_ovld:ce=0
Port [ cics_ip_sums_sum_V_23]:  wired=0; compound=0; hidden=1; nouse=1; global=1; static=1; extern=0; dir=2; type=0; pingpong=0; private_global=0; IO mode=ap_ovld:ce=0
Port [ cics_ip_sums_sum_V_24]:  wired=0; compound=0; hidden=1; nouse=1; global=1; static=1; extern=0; dir=2; type=0; pingpong=0; private_global=0; IO mode=ap_ovld:ce=0
Port [ cics_ip_sums_sum_V_25]:  wired=0; compound=0; hidden=1; nouse=1; global=1; static=1; extern=0; dir=2; type=0; pingpong=0; private_global=0; IO mode=ap_ovld:ce=0
Port [ cics_ip_sums_sum_V_26]:  wired=0; compound=0; hidden=1; nouse=1; global=1; static=1; extern=0; dir=2; type=0; pingpong=0; private_global=0; IO mode=ap_ovld:ce=0
Port [ cics_ip_sums_sum_V_27]:  wired=0; compound=0; hidden=1; nouse=1; global=1; static=1; extern=0; dir=2; type=0; pingpong=0; private_global=0; IO mode=ap_ovld:ce=0
Port [ cics_ip_sums_sum_V_28]:  wired=0; compound=0; hidden=1; nouse=1; global=1; static=1; extern=0; dir=2; type=0; pingpong=0; private_global=0; IO mode=ap_ovld:ce=0
Port [ cics_ip_sums_sum_V_29]:  wired=0; compound=0; hidden=1; nouse=1; global=1; static=1; extern=0; dir=2; type=0; pingpong=0; private_global=0; IO mode=ap_ovld:ce=0
Port [ subSumFifo]:  wired=0; compound=1; hidden=1; nouse=0; global=1; static=1; extern=0; dir=2; type=3; pingpong=0; private_global=1; IO mode=ap_fifo:ce=0
Port [ checksumFifo]:  wired=0; compound=1; hidden=1; nouse=0; global=1; static=1; extern=0; dir=2; type=3; pingpong=0; private_global=1; IO mode=ap_fifo:ce=0
Port [ wordCount_V]:  wired=0; compound=0; hidden=1; nouse=1; global=1; static=1; extern=0; dir=2; type=0; pingpong=0; private_global=0; IO mode=ap_ovld:ce=0
Port [ dataStreamBuffer2]:  wired=0; compound=1; hidden=1; nouse=0; global=1; static=1; extern=0; dir=2; type=3; pingpong=0; private_global=1; IO mode=ap_fifo:ce=0
Port [ har_state]:  wired=0; compound=0; hidden=1; nouse=1; global=1; static=1; extern=0; dir=2; type=0; pingpong=0; private_global=0; IO mode=ap_ovld:ce=0
Port [ headerFifo]:  wired=0; compound=1; hidden=1; nouse=0; global=1; static=1; extern=0; dir=2; type=3; pingpong=0; private_global=1; IO mode=ap_fifo:ce=0
Port [ dataStreamBuffer3]:  wired=0; compound=1; hidden=1; nouse=0; global=1; static=1; extern=0; dir=2; type=3; pingpong=0; private_global=1; IO mode=ap_fifo:ce=0
Port [ ls_writeRemainder]:  wired=0; compound=0; hidden=1; nouse=1; global=1; static=1; extern=0; dir=2; type=0; pingpong=0; private_global=0; IO mode=ap_ovld:ce=0
Port [ prevWord_data_V]:  wired=0; compound=0; hidden=1; nouse=1; global=1; static=1; extern=0; dir=2; type=0; pingpong=0; private_global=0; IO mode=ap_ovld:ce=0
Port [ prevWord_keep_V]:  wired=0; compound=0; hidden=1; nouse=1; global=1; static=1; extern=0; dir=2; type=0; pingpong=0; private_global=0; IO mode=ap_ovld:ce=0
Port [ dataStreamBuffer4]:  wired=0; compound=1; hidden=1; nouse=0; global=1; static=1; extern=0; dir=2; type=3; pingpong=0; private_global=1; IO mode=ap_fifo:ce=0
Port [ ls_firstWord]:  wired=0; compound=0; hidden=1; nouse=1; global=1; static=1; extern=0; dir=2; type=0; pingpong=0; private_global=0; IO mode=ap_ovld:ce=0
Port [ ge_state]:  wired=0; compound=0; hidden=1; nouse=1; global=1; static=1; extern=0; dir=2; type=0; pingpong=0; private_global=0; IO mode=ap_ovld:ce=0
---------------- STG Properties END ------------------

---------------- Datapath Model BEGIN ----------------

<LifeTime>
<method=bitvector/>
regDefaultGateway_read     (read                ) [ 000100000000000000000000]
regSubNetMask_read         (read                ) [ 000100000000000000000000]
myMacAddress_read          (read                ) [ 000111111111111110000000]
call_ln404                 (call                ) [ 000000000000000000000000]
call_ln406                 (call                ) [ 000000000000000000000000]
call_ln407                 (call                ) [ 000000000000000000000000]
call_ln409                 (call                ) [ 000000000000000000000000]
call_ln412                 (call                ) [ 000000000000000000000000]
call_ln413                 (call                ) [ 000000000000000000000000]
call_ln414                 (call                ) [ 000000000000000000000000]
specdataflowpipeline_ln427 (specdataflowpipeline) [ 000000000000000000000000]
empty                      (specchannel         ) [ 000000000000000000000000]
empty_33                   (specchannel         ) [ 000000000000000000000000]
empty_34                   (specchannel         ) [ 000000000000000000000000]
empty_35                   (specchannel         ) [ 000000000000000000000000]
empty_36                   (specchannel         ) [ 000000000000000000000000]
empty_37                   (specchannel         ) [ 000000000000000000000000]
empty_38                   (specchannel         ) [ 000000000000000000000000]
empty_39                   (specchannel         ) [ 000000000000000000000000]
spectopmodule_ln419        (spectopmodule       ) [ 000000000000000000000000]
specinterface_ln419        (specinterface       ) [ 000000000000000000000000]
specinterface_ln0          (specinterface       ) [ 000000000000000000000000]
specbitsmap_ln0            (specbitsmap         ) [ 000000000000000000000000]
specinterface_ln0          (specinterface       ) [ 000000000000000000000000]
specbitsmap_ln0            (specbitsmap         ) [ 000000000000000000000000]
specinterface_ln0          (specinterface       ) [ 000000000000000000000000]
specbitsmap_ln0            (specbitsmap         ) [ 000000000000000000000000]
specinterface_ln0          (specinterface       ) [ 000000000000000000000000]
specbitsmap_ln0            (specbitsmap         ) [ 000000000000000000000000]
specbitsmap_ln0            (specbitsmap         ) [ 000000000000000000000000]
specinterface_ln0          (specinterface       ) [ 000000000000000000000000]
specbitsmap_ln0            (specbitsmap         ) [ 000000000000000000000000]
specinterface_ln0          (specinterface       ) [ 000000000000000000000000]
specbitsmap_ln0            (specbitsmap         ) [ 000000000000000000000000]
specinterface_ln0          (specinterface       ) [ 000000000000000000000000]
specinterface_ln0          (specinterface       ) [ 000000000000000000000000]
specinterface_ln0          (specinterface       ) [ 000000000000000000000000]
specinterface_ln0          (specinterface       ) [ 000000000000000000000000]
specinterface_ln0          (specinterface       ) [ 000000000000000000000000]
specinterface_ln0          (specinterface       ) [ 000000000000000000000000]
specinterface_ln0          (specinterface       ) [ 000000000000000000000000]
specinterface_ln0          (specinterface       ) [ 000000000000000000000000]
specinterface_ln0          (specinterface       ) [ 000000000000000000000000]
ret_ln449                  (ret                 ) [ 000000000000000000000000]
</LifeTime>

<model>

<comp_list>
<comp id="0" class="1000" name="s_axis_ip">
<pin_list>
<pin id="1" dir="1" index="0" bw="1" slack="0"/>
</pin_list>
<bind>
<StgValue><ssdm name="s_axis_ip"/></StgValue>
</bind>
</comp>

<comp id="2" class="1000" name="s_axis_arp_lookup_reply">
<pin_list>
<pin id="3" dir="1" index="0" bw="1" slack="0"/>
</pin_list>
<bind>
<StgValue><ssdm name="s_axis_arp_lookup_reply"/></StgValue>
</bind>
</comp>

<comp id="4" class="1000" name="m_axis_ip">
<pin_list>
<pin id="5" dir="1" index="0" bw="1" slack="0"/>
</pin_list>
<bind>
<StgValue><ssdm name="m_axis_ip"/></StgValue>
</bind>
</comp>

<comp id="6" class="1000" name="m_axis_arp_lookup_request">
<pin_list>
<pin id="7" dir="1" index="0" bw="1" slack="0"/>
</pin_list>
<bind>
<StgValue><ssdm name="m_axis_arp_lookup_request"/></StgValue>
</bind>
</comp>

<comp id="8" class="1000" name="myMacAddress">
<pin_list>
<pin id="9" dir="1" index="0" bw="1" slack="0"/>
</pin_list>
<bind>
<StgValue><ssdm name="myMacAddress"/></StgValue>
</bind>
</comp>

<comp id="10" class="1000" name="regSubNetMask">
<pin_list>
<pin id="11" dir="1" index="0" bw="1" slack="0"/>
</pin_list>
<bind>
<StgValue><ssdm name="regSubNetMask"/></StgValue>
</bind>
</comp>

<comp id="12" class="1000" name="regDefaultGateway">
<pin_list>
<pin id="13" dir="1" index="0" bw="1" slack="0"/>
</pin_list>
<bind>
<StgValue><ssdm name="regDefaultGateway"/></StgValue>
</bind>
</comp>

<comp id="14" class="1000" name="header_ready">
<pin_list>
<pin id="15" dir="1" index="0" bw="1" slack="0"/>
</pin_list>
<bind>
<StgValue><ssdm name="header_ready"/></StgValue>
</bind>
</comp>

<comp id="16" class="1000" name="header_header_V">
<pin_list>
<pin id="17" dir="1" index="0" bw="1" slack="0"/>
</pin_list>
<bind>
<StgValue><ssdm name="header_header_V"/></StgValue>
</bind>
</comp>

<comp id="18" class="1000" name="header_idx">
<pin_list>
<pin id="19" dir="1" index="0" bw="1" slack="0"/>
</pin_list>
<bind>
<StgValue><ssdm name="header_idx"/></StgValue>
</bind>
</comp>

<comp id="20" class="1000" name="dataStreamBuffer0">
<pin_list>
<pin id="21" dir="1" index="0" bw="1" slack="0"/>
</pin_list>
<bind>
<StgValue><ssdm name="dataStreamBuffer0"/></StgValue>
</bind>
</comp>

<comp id="22" class="1000" name="metaWritten">
<pin_list>
<pin id="23" dir="1" index="0" bw="1" slack="0"/>
</pin_list>
<bind>
<StgValue><ssdm name="metaWritten"/></StgValue>
</bind>
</comp>

<comp id="24" class="1000" name="dataStreamBuffer1">
<pin_list>
<pin id="25" dir="1" index="0" bw="1" slack="0"/>
</pin_list>
<bind>
<StgValue><ssdm name="dataStreamBuffer1"/></StgValue>
</bind>
</comp>

<comp id="26" class="1000" name="cics_firstWord">
<pin_list>
<pin id="27" dir="1" index="0" bw="1" slack="0"/>
</pin_list>
<bind>
<StgValue><ssdm name="cics_firstWord"/></StgValue>
</bind>
</comp>

<comp id="28" class="1000" name="cics_ip_sums_sum_V_0">
<pin_list>
<pin id="29" dir="1" index="0" bw="1" slack="0"/>
</pin_list>
<bind>
<StgValue><ssdm name="cics_ip_sums_sum_V_0"/></StgValue>
</bind>
</comp>

<comp id="30" class="1000" name="cics_ip_sums_sum_V_1">
<pin_list>
<pin id="31" dir="1" index="0" bw="1" slack="0"/>
</pin_list>
<bind>
<StgValue><ssdm name="cics_ip_sums_sum_V_1"/></StgValue>
</bind>
</comp>

<comp id="32" class="1000" name="cics_ip_sums_sum_V_2">
<pin_list>
<pin id="33" dir="1" index="0" bw="1" slack="0"/>
</pin_list>
<bind>
<StgValue><ssdm name="cics_ip_sums_sum_V_2"/></StgValue>
</bind>
</comp>

<comp id="34" class="1000" name="cics_ip_sums_sum_V_3">
<pin_list>
<pin id="35" dir="1" index="0" bw="1" slack="0"/>
</pin_list>
<bind>
<StgValue><ssdm name="cics_ip_sums_sum_V_3"/></StgValue>
</bind>
</comp>

<comp id="36" class="1000" name="cics_ip_sums_sum_V_4">
<pin_list>
<pin id="37" dir="1" index="0" bw="1" slack="0"/>
</pin_list>
<bind>
<StgValue><ssdm name="cics_ip_sums_sum_V_4"/></StgValue>
</bind>
</comp>

<comp id="38" class="1000" name="cics_ip_sums_sum_V_6">
<pin_list>
<pin id="39" dir="1" index="0" bw="1" slack="0"/>
</pin_list>
<bind>
<StgValue><ssdm name="cics_ip_sums_sum_V_6"/></StgValue>
</bind>
</comp>

<comp id="40" class="1000" name="cics_ip_sums_sum_V_7">
<pin_list>
<pin id="41" dir="1" index="0" bw="1" slack="0"/>
</pin_list>
<bind>
<StgValue><ssdm name="cics_ip_sums_sum_V_7"/></StgValue>
</bind>
</comp>

<comp id="42" class="1000" name="cics_ip_sums_sum_V_8">
<pin_list>
<pin id="43" dir="1" index="0" bw="1" slack="0"/>
</pin_list>
<bind>
<StgValue><ssdm name="cics_ip_sums_sum_V_8"/></StgValue>
</bind>
</comp>

<comp id="44" class="1000" name="cics_ip_sums_sum_V_9">
<pin_list>
<pin id="45" dir="1" index="0" bw="1" slack="0"/>
</pin_list>
<bind>
<StgValue><ssdm name="cics_ip_sums_sum_V_9"/></StgValue>
</bind>
</comp>

<comp id="46" class="1000" name="cics_ip_sums_sum_V_10">
<pin_list>
<pin id="47" dir="1" index="0" bw="1" slack="0"/>
</pin_list>
<bind>
<StgValue><ssdm name="cics_ip_sums_sum_V_10"/></StgValue>
</bind>
</comp>

<comp id="48" class="1000" name="cics_ip_sums_sum_V_11">
<pin_list>
<pin id="49" dir="1" index="0" bw="1" slack="0"/>
</pin_list>
<bind>
<StgValue><ssdm name="cics_ip_sums_sum_V_11"/></StgValue>
</bind>
</comp>

<comp id="50" class="1000" name="cics_ip_sums_sum_V_12">
<pin_list>
<pin id="51" dir="1" index="0" bw="1" slack="0"/>
</pin_list>
<bind>
<StgValue><ssdm name="cics_ip_sums_sum_V_12"/></StgValue>
</bind>
</comp>

<comp id="52" class="1000" name="cics_ip_sums_sum_V_13">
<pin_list>
<pin id="53" dir="1" index="0" bw="1" slack="0"/>
</pin_list>
<bind>
<StgValue><ssdm name="cics_ip_sums_sum_V_13"/></StgValue>
</bind>
</comp>

<comp id="54" class="1000" name="cics_ip_sums_sum_V_14">
<pin_list>
<pin id="55" dir="1" index="0" bw="1" slack="0"/>
</pin_list>
<bind>
<StgValue><ssdm name="cics_ip_sums_sum_V_14"/></StgValue>
</bind>
</comp>

<comp id="56" class="1000" name="cics_ip_sums_sum_V_15">
<pin_list>
<pin id="57" dir="1" index="0" bw="1" slack="0"/>
</pin_list>
<bind>
<StgValue><ssdm name="cics_ip_sums_sum_V_15"/></StgValue>
</bind>
</comp>

<comp id="58" class="1000" name="cics_ip_sums_sum_V_16">
<pin_list>
<pin id="59" dir="1" index="0" bw="1" slack="0"/>
</pin_list>
<bind>
<StgValue><ssdm name="cics_ip_sums_sum_V_16"/></StgValue>
</bind>
</comp>

<comp id="60" class="1000" name="cics_ip_sums_sum_V_17">
<pin_list>
<pin id="61" dir="1" index="0" bw="1" slack="0"/>
</pin_list>
<bind>
<StgValue><ssdm name="cics_ip_sums_sum_V_17"/></StgValue>
</bind>
</comp>

<comp id="62" class="1000" name="cics_ip_sums_sum_V_18">
<pin_list>
<pin id="63" dir="1" index="0" bw="1" slack="0"/>
</pin_list>
<bind>
<StgValue><ssdm name="cics_ip_sums_sum_V_18"/></StgValue>
</bind>
</comp>

<comp id="64" class="1000" name="cics_ip_sums_sum_V_19">
<pin_list>
<pin id="65" dir="1" index="0" bw="1" slack="0"/>
</pin_list>
<bind>
<StgValue><ssdm name="cics_ip_sums_sum_V_19"/></StgValue>
</bind>
</comp>

<comp id="66" class="1000" name="cics_ip_sums_sum_V_20">
<pin_list>
<pin id="67" dir="1" index="0" bw="1" slack="0"/>
</pin_list>
<bind>
<StgValue><ssdm name="cics_ip_sums_sum_V_20"/></StgValue>
</bind>
</comp>

<comp id="68" class="1000" name="cics_ip_sums_sum_V_21">
<pin_list>
<pin id="69" dir="1" index="0" bw="1" slack="0"/>
</pin_list>
<bind>
<StgValue><ssdm name="cics_ip_sums_sum_V_21"/></StgValue>
</bind>
</comp>

<comp id="70" class="1000" name="cics_ip_sums_sum_V_22">
<pin_list>
<pin id="71" dir="1" index="0" bw="1" slack="0"/>
</pin_list>
<bind>
<StgValue><ssdm name="cics_ip_sums_sum_V_22"/></StgValue>
</bind>
</comp>

<comp id="72" class="1000" name="cics_ip_sums_sum_V_23">
<pin_list>
<pin id="73" dir="1" index="0" bw="1" slack="0"/>
</pin_list>
<bind>
<StgValue><ssdm name="cics_ip_sums_sum_V_23"/></StgValue>
</bind>
</comp>

<comp id="74" class="1000" name="cics_ip_sums_sum_V_24">
<pin_list>
<pin id="75" dir="1" index="0" bw="1" slack="0"/>
</pin_list>
<bind>
<StgValue><ssdm name="cics_ip_sums_sum_V_24"/></StgValue>
</bind>
</comp>

<comp id="76" class="1000" name="cics_ip_sums_sum_V_25">
<pin_list>
<pin id="77" dir="1" index="0" bw="1" slack="0"/>
</pin_list>
<bind>
<StgValue><ssdm name="cics_ip_sums_sum_V_25"/></StgValue>
</bind>
</comp>

<comp id="78" class="1000" name="cics_ip_sums_sum_V_26">
<pin_list>
<pin id="79" dir="1" index="0" bw="1" slack="0"/>
</pin_list>
<bind>
<StgValue><ssdm name="cics_ip_sums_sum_V_26"/></StgValue>
</bind>
</comp>

<comp id="80" class="1000" name="cics_ip_sums_sum_V_27">
<pin_list>
<pin id="81" dir="1" index="0" bw="1" slack="0"/>
</pin_list>
<bind>
<StgValue><ssdm name="cics_ip_sums_sum_V_27"/></StgValue>
</bind>
</comp>

<comp id="82" class="1000" name="cics_ip_sums_sum_V_28">
<pin_list>
<pin id="83" dir="1" index="0" bw="1" slack="0"/>
</pin_list>
<bind>
<StgValue><ssdm name="cics_ip_sums_sum_V_28"/></StgValue>
</bind>
</comp>

<comp id="84" class="1000" name="cics_ip_sums_sum_V_29">
<pin_list>
<pin id="85" dir="1" index="0" bw="1" slack="0"/>
</pin_list>
<bind>
<StgValue><ssdm name="cics_ip_sums_sum_V_29"/></StgValue>
</bind>
</comp>

<comp id="86" class="1000" name="subSumFifo">
<pin_list>
<pin id="87" dir="1" index="0" bw="1" slack="0"/>
</pin_list>
<bind>
<StgValue><ssdm name="subSumFifo"/></StgValue>
</bind>
</comp>

<comp id="88" class="1000" name="checksumFifo">
<pin_list>
<pin id="89" dir="1" index="0" bw="1" slack="0"/>
</pin_list>
<bind>
<StgValue><ssdm name="checksumFifo"/></StgValue>
</bind>
</comp>

<comp id="90" class="1000" name="wordCount_V">
<pin_list>
<pin id="91" dir="1" index="0" bw="1" slack="0"/>
</pin_list>
<bind>
<StgValue><ssdm name="wordCount_V"/></StgValue>
</bind>
</comp>

<comp id="92" class="1000" name="dataStreamBuffer2">
<pin_list>
<pin id="93" dir="1" index="0" bw="1" slack="0"/>
</pin_list>
<bind>
<StgValue><ssdm name="dataStreamBuffer2"/></StgValue>
</bind>
</comp>

<comp id="94" class="1000" name="har_state">
<pin_list>
<pin id="95" dir="1" index="0" bw="1" slack="0"/>
</pin_list>
<bind>
<StgValue><ssdm name="har_state"/></StgValue>
</bind>
</comp>

<comp id="96" class="1000" name="headerFifo">
<pin_list>
<pin id="97" dir="1" index="0" bw="1" slack="0"/>
</pin_list>
<bind>
<StgValue><ssdm name="headerFifo"/></StgValue>
</bind>
</comp>

<comp id="98" class="1000" name="dataStreamBuffer3">
<pin_list>
<pin id="99" dir="1" index="0" bw="1" slack="0"/>
</pin_list>
<bind>
<StgValue><ssdm name="dataStreamBuffer3"/></StgValue>
</bind>
</comp>

<comp id="100" class="1000" name="ls_writeRemainder">
<pin_list>
<pin id="101" dir="1" index="0" bw="1" slack="0"/>
</pin_list>
<bind>
<StgValue><ssdm name="ls_writeRemainder"/></StgValue>
</bind>
</comp>

<comp id="102" class="1000" name="prevWord_data_V">
<pin_list>
<pin id="103" dir="1" index="0" bw="1" slack="0"/>
</pin_list>
<bind>
<StgValue><ssdm name="prevWord_data_V"/></StgValue>
</bind>
</comp>

<comp id="104" class="1000" name="prevWord_keep_V">
<pin_list>
<pin id="105" dir="1" index="0" bw="1" slack="0"/>
</pin_list>
<bind>
<StgValue><ssdm name="prevWord_keep_V"/></StgValue>
</bind>
</comp>

<comp id="106" class="1000" name="dataStreamBuffer4">
<pin_list>
<pin id="107" dir="1" index="0" bw="1" slack="0"/>
</pin_list>
<bind>
<StgValue><ssdm name="dataStreamBuffer4"/></StgValue>
</bind>
</comp>

<comp id="108" class="1000" name="ls_firstWord">
<pin_list>
<pin id="109" dir="1" index="0" bw="1" slack="0"/>
</pin_list>
<bind>
<StgValue><ssdm name="ls_firstWord"/></StgValue>
</bind>
</comp>

<comp id="110" class="1000" name="ge_state">
<pin_list>
<pin id="111" dir="1" index="0" bw="1" slack="0"/>
</pin_list>
<bind>
<StgValue><ssdm name="ge_state"/></StgValue>
</bind>
</comp>

<comp id="112" class="1001" name="const_112">
<pin_list>
<pin id="113" dir="1" index="0" bw="1" slack="0"/>
</pin_list>
<bind>
<StgValue><ssdm name="_ssdm_op_Read.ap_stable.i32"/></StgValue>
</bind>
</comp>

<comp id="114" class="1001" name="const_114">
<pin_list>
<pin id="115" dir="1" index="0" bw="1" slack="0"/>
</pin_list>
<bind>
<StgValue><ssdm name="_ssdm_op_Read.ap_stable.i48"/></StgValue>
</bind>
</comp>

<comp id="116" class="1001" name="const_116">
<pin_list>
<pin id="117" dir="1" index="0" bw="1" slack="0"/>
</pin_list>
<bind>
<StgValue><ssdm name="extract_ip_address<512>"/></StgValue>
</bind>
</comp>

<comp id="118" class="1001" name="const_118">
<pin_list>
<pin id="119" dir="1" index="0" bw="1" slack="0"/>
</pin_list>
<bind>
<StgValue><ssdm name="mac_compute_ipv4_checksum"/></StgValue>
</bind>
</comp>

<comp id="120" class="1001" name="const_120">
<pin_list>
<pin id="121" dir="1" index="0" bw="1" slack="0"/>
</pin_list>
<bind>
<StgValue><ssdm name="mac_finalize_ipv4_checksum<32>"/></StgValue>
</bind>
</comp>

<comp id="122" class="1001" name="const_122">
<pin_list>
<pin id="123" dir="1" index="0" bw="1" slack="0"/>
</pin_list>
<bind>
<StgValue><ssdm name="insert_ip_checksum<512>"/></StgValue>
</bind>
</comp>

<comp id="124" class="1001" name="const_124">
<pin_list>
<pin id="125" dir="1" index="0" bw="1" slack="0"/>
</pin_list>
<bind>
<StgValue><ssdm name="handle_arp_reply<512>"/></StgValue>
</bind>
</comp>

<comp id="126" class="1001" name="const_126">
<pin_list>
<pin id="127" dir="1" index="0" bw="1" slack="0"/>
</pin_list>
<bind>
<StgValue><ssdm name="mac_lshiftWordByOctet<512, 1>"/></StgValue>
</bind>
</comp>

<comp id="128" class="1001" name="const_128">
<pin_list>
<pin id="129" dir="1" index="0" bw="1" slack="0"/>
</pin_list>
<bind>
<StgValue><ssdm name="insert_ethernet_header<512>"/></StgValue>
</bind>
</comp>

<comp id="130" class="1001" name="const_130">
<pin_list>
<pin id="131" dir="1" index="0" bw="1" slack="2147483647"/>
</pin_list>
<bind>
<StgValue><ssdm name="_ssdm_op_SpecDataflowPipeline"/></StgValue>
</bind>
</comp>

<comp id="132" class="1001" name="const_132">
<pin_list>
<pin id="133" dir="1" index="0" bw="1" slack="2147483647"/>
</pin_list>
<bind>
<StgValue><ssdm name=""/></StgValue>
</bind>
</comp>

<comp id="134" class="1001" name="const_134">
<pin_list>
<pin id="135" dir="1" index="0" bw="1" slack="2147483647"/>
</pin_list>
<bind>
<StgValue><ssdm name=""/></StgValue>
</bind>
</comp>

<comp id="136" class="1001" name="const_136">
<pin_list>
<pin id="137" dir="1" index="0" bw="1" slack="2147483647"/>
</pin_list>
<bind>
<StgValue><ssdm name="empty_1"/></StgValue>
</bind>
</comp>

<comp id="138" class="1001" name="const_138">
<pin_list>
<pin id="139" dir="1" index="0" bw="1" slack="2147483647"/>
</pin_list>
<bind>
<StgValue><ssdm name="_ssdm_op_SpecChannel"/></StgValue>
</bind>
</comp>

<comp id="140" class="1001" name="const_140">
<pin_list>
<pin id="141" dir="1" index="0" bw="1" slack="2147483647"/>
</pin_list>
<bind>
<StgValue><ssdm name="checksumFifo_str"/></StgValue>
</bind>
</comp>

<comp id="142" class="1001" name="const_142">
<pin_list>
<pin id="143" dir="1" index="0" bw="1" slack="2147483647"/>
</pin_list>
<bind>
<StgValue><ssdm name="p_str"/></StgValue>
</bind>
</comp>

<comp id="144" class="1001" name="const_144">
<pin_list>
<pin id="145" dir="1" index="0" bw="1" slack="2147483647"/>
</pin_list>
<bind>
<StgValue><ssdm name=""/></StgValue>
</bind>
</comp>

<comp id="146" class="1001" name="const_146">
<pin_list>
<pin id="147" dir="1" index="0" bw="1" slack="2147483647"/>
</pin_list>
<bind>
<StgValue><ssdm name="dataStreamBuffer0_str"/></StgValue>
</bind>
</comp>

<comp id="148" class="1001" name="const_148">
<pin_list>
<pin id="149" dir="1" index="0" bw="1" slack="2147483647"/>
</pin_list>
<bind>
<StgValue><ssdm name=""/></StgValue>
</bind>
</comp>

<comp id="150" class="1001" name="const_150">
<pin_list>
<pin id="151" dir="1" index="0" bw="1" slack="2147483647"/>
</pin_list>
<bind>
<StgValue><ssdm name="dataStreamBuffer1_str"/></StgValue>
</bind>
</comp>

<comp id="152" class="1001" name="const_152">
<pin_list>
<pin id="153" dir="1" index="0" bw="1" slack="2147483647"/>
</pin_list>
<bind>
<StgValue><ssdm name=""/></StgValue>
</bind>
</comp>

<comp id="154" class="1001" name="const_154">
<pin_list>
<pin id="155" dir="1" index="0" bw="1" slack="2147483647"/>
</pin_list>
<bind>
<StgValue><ssdm name="dataStreamBuffer2_str"/></StgValue>
</bind>
</comp>

<comp id="156" class="1001" name="const_156">
<pin_list>
<pin id="157" dir="1" index="0" bw="1" slack="2147483647"/>
</pin_list>
<bind>
<StgValue><ssdm name="dataStreamBuffer3_str"/></StgValue>
</bind>
</comp>

<comp id="158" class="1001" name="const_158">
<pin_list>
<pin id="159" dir="1" index="0" bw="1" slack="2147483647"/>
</pin_list>
<bind>
<StgValue><ssdm name="dataStreamBuffer4_str"/></StgValue>
</bind>
</comp>

<comp id="160" class="1001" name="const_160">
<pin_list>
<pin id="161" dir="1" index="0" bw="1" slack="2147483647"/>
</pin_list>
<bind>
<StgValue><ssdm name="headerFifo_str"/></StgValue>
</bind>
</comp>

<comp id="162" class="1001" name="const_162">
<pin_list>
<pin id="163" dir="1" index="0" bw="1" slack="2147483647"/>
</pin_list>
<bind>
<StgValue><ssdm name="subSumFifo_str"/></StgValue>
</bind>
</comp>

<comp id="164" class="1001" name="const_164">
<pin_list>
<pin id="165" dir="1" index="0" bw="1" slack="2147483647"/>
</pin_list>
<bind>
<StgValue><ssdm name="_ssdm_op_SpecTopModule"/></StgValue>
</bind>
</comp>

<comp id="166" class="1001" name="const_166">
<pin_list>
<pin id="167" dir="1" index="0" bw="1" slack="2147483647"/>
</pin_list>
<bind>
<StgValue><ssdm name="empty_4"/></StgValue>
</bind>
</comp>

<comp id="168" class="1001" name="const_168">
<pin_list>
<pin id="169" dir="1" index="0" bw="1" slack="2147483647"/>
</pin_list>
<bind>
<StgValue><ssdm name="_ssdm_op_SpecInterface"/></StgValue>
</bind>
</comp>

<comp id="170" class="1001" name="const_170">
<pin_list>
<pin id="171" dir="1" index="0" bw="1" slack="2147483647"/>
</pin_list>
<bind>
<StgValue><ssdm name=""/></StgValue>
</bind>
</comp>

<comp id="172" class="1001" name="const_172">
<pin_list>
<pin id="173" dir="1" index="0" bw="1" slack="2147483647"/>
</pin_list>
<bind>
<StgValue><ssdm name="empty_5"/></StgValue>
</bind>
</comp>

<comp id="174" class="1001" name="const_174">
<pin_list>
<pin id="175" dir="1" index="0" bw="1" slack="2147483647"/>
</pin_list>
<bind>
<StgValue><ssdm name="empty_0"/></StgValue>
</bind>
</comp>

<comp id="176" class="1001" name="const_176">
<pin_list>
<pin id="177" dir="1" index="0" bw="1" slack="2147483647"/>
</pin_list>
<bind>
<StgValue><ssdm name="empty"/></StgValue>
</bind>
</comp>

<comp id="178" class="1001" name="const_178">
<pin_list>
<pin id="179" dir="1" index="0" bw="1" slack="2147483647"/>
</pin_list>
<bind>
<StgValue><ssdm name="_ssdm_op_SpecBitsMap"/></StgValue>
</bind>
</comp>

<comp id="180" class="1001" name="const_180">
<pin_list>
<pin id="181" dir="1" index="0" bw="1" slack="2147483647"/>
</pin_list>
<bind>
<StgValue><ssdm name="empty_2"/></StgValue>
</bind>
</comp>

<comp id="182" class="1001" name="const_182">
<pin_list>
<pin id="183" dir="1" index="0" bw="1" slack="2147483647"/>
</pin_list>
<bind>
<StgValue><ssdm name="empty_3"/></StgValue>
</bind>
</comp>

<comp id="184" class="1004" name="grp_read_fu_184">
<pin_list>
<pin id="185" dir="0" index="0" bw="32" slack="0"/>
<pin id="186" dir="0" index="1" bw="32" slack="0"/>
<pin id="187" dir="1" index="2" bw="32" slack="0"/>
</pin_list>
<bind>
<opcode="read(1150) " fcode="read"/>
<opset="regDefaultGateway_read/1 "/>
</bind>
</comp>

<comp id="190" class="1004" name="grp_read_fu_190">
<pin_list>
<pin id="191" dir="0" index="0" bw="32" slack="0"/>
<pin id="192" dir="0" index="1" bw="32" slack="0"/>
<pin id="193" dir="1" index="2" bw="32" slack="0"/>
</pin_list>
<bind>
<opcode="read(1150) " fcode="read"/>
<opset="regSubNetMask_read/1 "/>
</bind>
</comp>

<comp id="196" class="1004" name="grp_read_fu_196">
<pin_list>
<pin id="197" dir="0" index="0" bw="48" slack="0"/>
<pin id="198" dir="0" index="1" bw="48" slack="0"/>
<pin id="199" dir="1" index="2" bw="48" slack="14"/>
</pin_list>
<bind>
<opcode="read(1150) " fcode="read"/>
<opset="myMacAddress_read/1 "/>
</bind>
</comp>

<comp id="202" class="1004" name="grp_extract_ip_address_512_s_fu_202">
<pin_list>
<pin id="203" dir="0" index="0" bw="0" slack="0"/>
<pin id="204" dir="0" index="1" bw="1024" slack="0"/>
<pin id="205" dir="0" index="2" bw="32" slack="0"/>
<pin id="206" dir="0" index="3" bw="32" slack="0"/>
<pin id="207" dir="0" index="4" bw="32" slack="0"/>
<pin id="208" dir="0" index="5" bw="1" slack="0"/>
<pin id="209" dir="0" index="6" bw="160" slack="0"/>
<pin id="210" dir="0" index="7" bw="16" slack="0"/>
<pin id="211" dir="0" index="8" bw="1024" slack="0"/>
<pin id="212" dir="0" index="9" bw="1" slack="0"/>
<pin id="213" dir="1" index="10" bw="0" slack="2147483647"/>
</pin_list>
<bind>
<opcode="call(48) " fcode="call"/>
<opset="call_ln404/2 "/>
</bind>
</comp>

<comp id="224" class="1004" name="grp_mac_compute_ipv4_checksum_fu_224">
<pin_list>
<pin id="225" dir="0" index="0" bw="0" slack="0"/>
<pin id="226" dir="0" index="1" bw="1024" slack="0"/>
<pin id="227" dir="0" index="2" bw="1024" slack="0"/>
<pin id="228" dir="0" index="3" bw="1" slack="0"/>
<pin id="229" dir="0" index="4" bw="17" slack="0"/>
<pin id="230" dir="0" index="5" bw="17" slack="0"/>
<pin id="231" dir="0" index="6" bw="17" slack="0"/>
<pin id="232" dir="0" index="7" bw="17" slack="0"/>
<pin id="233" dir="0" index="8" bw="17" slack="0"/>
<pin id="234" dir="0" index="9" bw="17" slack="0"/>
<pin id="235" dir="0" index="10" bw="17" slack="0"/>
<pin id="236" dir="0" index="11" bw="17" slack="0"/>
<pin id="237" dir="0" index="12" bw="17" slack="0"/>
<pin id="238" dir="0" index="13" bw="17" slack="0"/>
<pin id="239" dir="0" index="14" bw="17" slack="0"/>
<pin id="240" dir="0" index="15" bw="17" slack="0"/>
<pin id="241" dir="0" index="16" bw="17" slack="0"/>
<pin id="242" dir="0" index="17" bw="17" slack="0"/>
<pin id="243" dir="0" index="18" bw="17" slack="0"/>
<pin id="244" dir="0" index="19" bw="17" slack="0"/>
<pin id="245" dir="0" index="20" bw="17" slack="0"/>
<pin id="246" dir="0" index="21" bw="17" slack="0"/>
<pin id="247" dir="0" index="22" bw="17" slack="0"/>
<pin id="248" dir="0" index="23" bw="17" slack="0"/>
<pin id="249" dir="0" index="24" bw="17" slack="0"/>
<pin id="250" dir="0" index="25" bw="17" slack="0"/>
<pin id="251" dir="0" index="26" bw="17" slack="0"/>
<pin id="252" dir="0" index="27" bw="17" slack="0"/>
<pin id="253" dir="0" index="28" bw="17" slack="0"/>
<pin id="254" dir="0" index="29" bw="17" slack="0"/>
<pin id="255" dir="0" index="30" bw="17" slack="0"/>
<pin id="256" dir="0" index="31" bw="17" slack="0"/>
<pin id="257" dir="0" index="32" bw="17" slack="0"/>
<pin id="258" dir="0" index="33" bw="1024" slack="0"/>
<pin id="259" dir="1" index="34" bw="0" slack="2147483647"/>
</pin_list>
<bind>
<opcode="call(48) " fcode="call"/>
<opset="call_ln406/6 "/>
</bind>
</comp>

<comp id="294" class="1004" name="grp_mac_finalize_ipv4_checksum_32_s_fu_294">
<pin_list>
<pin id="295" dir="0" index="0" bw="0" slack="0"/>
<pin id="296" dir="0" index="1" bw="1024" slack="0"/>
<pin id="297" dir="0" index="2" bw="16" slack="0"/>
<pin id="298" dir="1" index="3" bw="0" slack="2147483647"/>
</pin_list>
<bind>
<opcode="call(48) " fcode="call"/>
<opset="call_ln407/9 "/>
</bind>
</comp>

<comp id="302" class="1004" name="grp_insert_ip_checksum_512_s_fu_302">
<pin_list>
<pin id="303" dir="0" index="0" bw="0" slack="0"/>
<pin id="304" dir="0" index="1" bw="2" slack="0"/>
<pin id="305" dir="0" index="2" bw="1024" slack="0"/>
<pin id="306" dir="0" index="3" bw="16" slack="0"/>
<pin id="307" dir="0" index="4" bw="1024" slack="0"/>
<pin id="308" dir="1" index="5" bw="0" slack="2147483647"/>
</pin_list>
<bind>
<opcode="call(48) " fcode="call"/>
<opset="call_ln409/14 "/>
</bind>
</comp>

<comp id="314" class="1004" name="grp_handle_arp_reply_512_s_fu_314">
<pin_list>
<pin id="315" dir="0" index="0" bw="0" slack="0"/>
<pin id="316" dir="0" index="1" bw="128" slack="0"/>
<pin id="317" dir="0" index="2" bw="48" slack="14"/>
<pin id="318" dir="0" index="3" bw="2" slack="0"/>
<pin id="319" dir="0" index="4" bw="1024" slack="0"/>
<pin id="320" dir="0" index="5" bw="256" slack="0"/>
<pin id="321" dir="0" index="6" bw="1024" slack="0"/>
<pin id="322" dir="1" index="7" bw="0" slack="2147483647"/>
</pin_list>
<bind>
<opcode="call(48) " fcode="call"/>
<opset="call_ln412/16 "/>
</bind>
</comp>

<comp id="329" class="1004" name="grp_mac_lshiftWordByOctet_512_1_s_fu_329">
<pin_list>
<pin id="330" dir="0" index="0" bw="0" slack="0"/>
<pin id="331" dir="0" index="1" bw="1" slack="0"/>
<pin id="332" dir="0" index="2" bw="512" slack="0"/>
<pin id="333" dir="0" index="3" bw="64" slack="0"/>
<pin id="334" dir="0" index="4" bw="1024" slack="0"/>
<pin id="335" dir="0" index="5" bw="1024" slack="0"/>
<pin id="336" dir="0" index="6" bw="1" slack="0"/>
<pin id="337" dir="1" index="7" bw="0" slack="2147483647"/>
</pin_list>
<bind>
<opcode="call(48) " fcode="call"/>
<opset="call_ln413/18 "/>
</bind>
</comp>

<comp id="345" class="1004" name="grp_insert_ethernet_header_512_s_fu_345">
<pin_list>
<pin id="346" dir="0" index="0" bw="0" slack="0"/>
<pin id="347" dir="0" index="1" bw="1024" slack="0"/>
<pin id="348" dir="0" index="2" bw="2" slack="0"/>
<pin id="349" dir="0" index="3" bw="256" slack="0"/>
<pin id="350" dir="0" index="4" bw="1024" slack="0"/>
<pin id="351" dir="1" index="5" bw="0" slack="2147483647"/>
</pin_list>
<bind>
<opcode="call(48) " fcode="call"/>
<opset="call_ln414/20 "/>
</bind>
</comp>

<comp id="357" class="1005" name="regDefaultGateway_read_reg_357">
<pin_list>
<pin id="358" dir="0" index="0" bw="32" slack="1"/>
<pin id="359" dir="1" index="1" bw="32" slack="1"/>
</pin_list>
<bind>
<opset="regDefaultGateway_read "/>
</bind>
</comp>

<comp id="362" class="1005" name="regSubNetMask_read_reg_362">
<pin_list>
<pin id="363" dir="0" index="0" bw="32" slack="1"/>
<pin id="364" dir="1" index="1" bw="32" slack="1"/>
</pin_list>
<bind>
<opset="regSubNetMask_read "/>
</bind>
</comp>

<comp id="367" class="1005" name="myMacAddress_read_reg_367">
<pin_list>
<pin id="368" dir="0" index="0" bw="48" slack="14"/>
<pin id="369" dir="1" index="1" bw="48" slack="14"/>
</pin_list>
<bind>
<opset="myMacAddress_read "/>
</bind>
</comp>

</comp_list>

<net_list>
<net id="188"><net_src comp="112" pin="0"/><net_sink comp="184" pin=0"/></net>

<net id="189"><net_src comp="12" pin="0"/><net_sink comp="184" pin=1"/></net>

<net id="194"><net_src comp="112" pin="0"/><net_sink comp="190" pin=0"/></net>

<net id="195"><net_src comp="10" pin="0"/><net_sink comp="190" pin=1"/></net>

<net id="200"><net_src comp="114" pin="0"/><net_sink comp="196" pin=0"/></net>

<net id="201"><net_src comp="8" pin="0"/><net_sink comp="196" pin=1"/></net>

<net id="214"><net_src comp="116" pin="0"/><net_sink comp="202" pin=0"/></net>

<net id="215"><net_src comp="0" pin="0"/><net_sink comp="202" pin=1"/></net>

<net id="216"><net_src comp="6" pin="0"/><net_sink comp="202" pin=2"/></net>

<net id="217"><net_src comp="190" pin="2"/><net_sink comp="202" pin=3"/></net>

<net id="218"><net_src comp="184" pin="2"/><net_sink comp="202" pin=4"/></net>

<net id="219"><net_src comp="14" pin="0"/><net_sink comp="202" pin=5"/></net>

<net id="220"><net_src comp="16" pin="0"/><net_sink comp="202" pin=6"/></net>

<net id="221"><net_src comp="18" pin="0"/><net_sink comp="202" pin=7"/></net>

<net id="222"><net_src comp="20" pin="0"/><net_sink comp="202" pin=8"/></net>

<net id="223"><net_src comp="22" pin="0"/><net_sink comp="202" pin=9"/></net>

<net id="260"><net_src comp="118" pin="0"/><net_sink comp="224" pin=0"/></net>

<net id="261"><net_src comp="20" pin="0"/><net_sink comp="224" pin=1"/></net>

<net id="262"><net_src comp="24" pin="0"/><net_sink comp="224" pin=2"/></net>

<net id="263"><net_src comp="26" pin="0"/><net_sink comp="224" pin=3"/></net>

<net id="264"><net_src comp="28" pin="0"/><net_sink comp="224" pin=4"/></net>

<net id="265"><net_src comp="30" pin="0"/><net_sink comp="224" pin=5"/></net>

<net id="266"><net_src comp="32" pin="0"/><net_sink comp="224" pin=6"/></net>

<net id="267"><net_src comp="34" pin="0"/><net_sink comp="224" pin=7"/></net>

<net id="268"><net_src comp="36" pin="0"/><net_sink comp="224" pin=8"/></net>

<net id="269"><net_src comp="38" pin="0"/><net_sink comp="224" pin=9"/></net>

<net id="270"><net_src comp="40" pin="0"/><net_sink comp="224" pin=10"/></net>

<net id="271"><net_src comp="42" pin="0"/><net_sink comp="224" pin=11"/></net>

<net id="272"><net_src comp="44" pin="0"/><net_sink comp="224" pin=12"/></net>

<net id="273"><net_src comp="46" pin="0"/><net_sink comp="224" pin=13"/></net>

<net id="274"><net_src comp="48" pin="0"/><net_sink comp="224" pin=14"/></net>

<net id="275"><net_src comp="50" pin="0"/><net_sink comp="224" pin=15"/></net>

<net id="276"><net_src comp="52" pin="0"/><net_sink comp="224" pin=16"/></net>

<net id="277"><net_src comp="54" pin="0"/><net_sink comp="224" pin=17"/></net>

<net id="278"><net_src comp="56" pin="0"/><net_sink comp="224" pin=18"/></net>

<net id="279"><net_src comp="58" pin="0"/><net_sink comp="224" pin=19"/></net>

<net id="280"><net_src comp="60" pin="0"/><net_sink comp="224" pin=20"/></net>

<net id="281"><net_src comp="62" pin="0"/><net_sink comp="224" pin=21"/></net>

<net id="282"><net_src comp="64" pin="0"/><net_sink comp="224" pin=22"/></net>

<net id="283"><net_src comp="66" pin="0"/><net_sink comp="224" pin=23"/></net>

<net id="284"><net_src comp="68" pin="0"/><net_sink comp="224" pin=24"/></net>

<net id="285"><net_src comp="70" pin="0"/><net_sink comp="224" pin=25"/></net>

<net id="286"><net_src comp="72" pin="0"/><net_sink comp="224" pin=26"/></net>

<net id="287"><net_src comp="74" pin="0"/><net_sink comp="224" pin=27"/></net>

<net id="288"><net_src comp="76" pin="0"/><net_sink comp="224" pin=28"/></net>

<net id="289"><net_src comp="78" pin="0"/><net_sink comp="224" pin=29"/></net>

<net id="290"><net_src comp="80" pin="0"/><net_sink comp="224" pin=30"/></net>

<net id="291"><net_src comp="82" pin="0"/><net_sink comp="224" pin=31"/></net>

<net id="292"><net_src comp="84" pin="0"/><net_sink comp="224" pin=32"/></net>

<net id="293"><net_src comp="86" pin="0"/><net_sink comp="224" pin=33"/></net>

<net id="299"><net_src comp="120" pin="0"/><net_sink comp="294" pin=0"/></net>

<net id="300"><net_src comp="86" pin="0"/><net_sink comp="294" pin=1"/></net>

<net id="301"><net_src comp="88" pin="0"/><net_sink comp="294" pin=2"/></net>

<net id="309"><net_src comp="122" pin="0"/><net_sink comp="302" pin=0"/></net>

<net id="310"><net_src comp="90" pin="0"/><net_sink comp="302" pin=1"/></net>

<net id="311"><net_src comp="24" pin="0"/><net_sink comp="302" pin=2"/></net>

<net id="312"><net_src comp="88" pin="0"/><net_sink comp="302" pin=3"/></net>

<net id="313"><net_src comp="92" pin="0"/><net_sink comp="302" pin=4"/></net>

<net id="323"><net_src comp="124" pin="0"/><net_sink comp="314" pin=0"/></net>

<net id="324"><net_src comp="2" pin="0"/><net_sink comp="314" pin=1"/></net>

<net id="325"><net_src comp="94" pin="0"/><net_sink comp="314" pin=3"/></net>

<net id="326"><net_src comp="92" pin="0"/><net_sink comp="314" pin=4"/></net>

<net id="327"><net_src comp="96" pin="0"/><net_sink comp="314" pin=5"/></net>

<net id="328"><net_src comp="98" pin="0"/><net_sink comp="314" pin=6"/></net>

<net id="338"><net_src comp="126" pin="0"/><net_sink comp="329" pin=0"/></net>

<net id="339"><net_src comp="100" pin="0"/><net_sink comp="329" pin=1"/></net>

<net id="340"><net_src comp="102" pin="0"/><net_sink comp="329" pin=2"/></net>

<net id="341"><net_src comp="104" pin="0"/><net_sink comp="329" pin=3"/></net>

<net id="342"><net_src comp="106" pin="0"/><net_sink comp="329" pin=4"/></net>

<net id="343"><net_src comp="98" pin="0"/><net_sink comp="329" pin=5"/></net>

<net id="344"><net_src comp="108" pin="0"/><net_sink comp="329" pin=6"/></net>

<net id="352"><net_src comp="128" pin="0"/><net_sink comp="345" pin=0"/></net>

<net id="353"><net_src comp="4" pin="0"/><net_sink comp="345" pin=1"/></net>

<net id="354"><net_src comp="110" pin="0"/><net_sink comp="345" pin=2"/></net>

<net id="355"><net_src comp="96" pin="0"/><net_sink comp="345" pin=3"/></net>

<net id="356"><net_src comp="106" pin="0"/><net_sink comp="345" pin=4"/></net>

<net id="360"><net_src comp="184" pin="2"/><net_sink comp="357" pin=0"/></net>

<net id="361"><net_src comp="357" pin="1"/><net_sink comp="202" pin=4"/></net>

<net id="365"><net_src comp="190" pin="2"/><net_sink comp="362" pin=0"/></net>

<net id="366"><net_src comp="362" pin="1"/><net_sink comp="202" pin=3"/></net>

<net id="370"><net_src comp="196" pin="2"/><net_sink comp="367" pin=0"/></net>

<net id="371"><net_src comp="367" pin="1"/><net_sink comp="314" pin=2"/></net>

</net_list>

</model> 
---------------- Datapath Model END ------------------

* FSMD analyzer results:
  - Output states:
	Port: m_axis_ip | {22 }
	Port: m_axis_arp_lookup_request | {5 }
	Port: header_ready | {2 3 }
	Port: header_header_V | {3 }
	Port: header_idx | {2 3 }
	Port: dataStreamBuffer0 | {3 }
	Port: metaWritten | {4 }
	Port: dataStreamBuffer1 | {7 }
	Port: cics_firstWord | {7 }
	Port: cics_ip_sums_sum_V_0 | {7 }
	Port: cics_ip_sums_sum_V_1 | {7 }
	Port: cics_ip_sums_sum_V_2 | {7 }
	Port: cics_ip_sums_sum_V_3 | {7 }
	Port: cics_ip_sums_sum_V_4 | {7 }
	Port: cics_ip_sums_sum_V_6 | {7 }
	Port: cics_ip_sums_sum_V_7 | {7 }
	Port: cics_ip_sums_sum_V_8 | {7 }
	Port: cics_ip_sums_sum_V_9 | {7 }
	Port: cics_ip_sums_sum_V_10 | {7 }
	Port: cics_ip_sums_sum_V_11 | {7 }
	Port: cics_ip_sums_sum_V_12 | {7 }
	Port: cics_ip_sums_sum_V_13 | {7 }
	Port: cics_ip_sums_sum_V_14 | {7 }
	Port: cics_ip_sums_sum_V_15 | {7 }
	Port: cics_ip_sums_sum_V_16 | {7 }
	Port: cics_ip_sums_sum_V_17 | {7 }
	Port: cics_ip_sums_sum_V_18 | {7 }
	Port: cics_ip_sums_sum_V_19 | {7 }
	Port: cics_ip_sums_sum_V_20 | {7 }
	Port: cics_ip_sums_sum_V_21 | {7 }
	Port: cics_ip_sums_sum_V_22 | {7 }
	Port: cics_ip_sums_sum_V_23 | {7 }
	Port: cics_ip_sums_sum_V_24 | {7 }
	Port: cics_ip_sums_sum_V_25 | {7 }
	Port: cics_ip_sums_sum_V_26 | {7 }
	Port: cics_ip_sums_sum_V_27 | {7 }
	Port: cics_ip_sums_sum_V_28 | {7 }
	Port: cics_ip_sums_sum_V_29 | {7 }
	Port: subSumFifo | {8 }
	Port: checksumFifo | {13 }
	Port: wordCount_V | {14 }
	Port: dataStreamBuffer2 | {15 }
	Port: har_state | {16 }
	Port: headerFifo | {17 }
	Port: dataStreamBuffer3 | {17 }
	Port: ls_writeRemainder | {18 }
	Port: prevWord_data_V | {18 }
	Port: prevWord_keep_V | {18 }
	Port: dataStreamBuffer4 | {19 }
	Port: ls_firstWord | {19 }
	Port: ge_state | {20 }
 - Input state : 
	Port: mac_ip_encode_top : s_axis_ip | {2 3 }
	Port: mac_ip_encode_top : s_axis_arp_lookup_reply | {16 }
	Port: mac_ip_encode_top : myMacAddress | {1 }
	Port: mac_ip_encode_top : regSubNetMask | {1 }
	Port: mac_ip_encode_top : regDefaultGateway | {1 }
	Port: mac_ip_encode_top : header_ready | {2 }
	Port: mac_ip_encode_top : header_header_V | {2 }
	Port: mac_ip_encode_top : header_idx | {2 }
	Port: mac_ip_encode_top : dataStreamBuffer0 | {6 }
	Port: mac_ip_encode_top : metaWritten | {3 }
	Port: mac_ip_encode_top : dataStreamBuffer1 | {14 }
	Port: mac_ip_encode_top : cics_firstWord | {7 }
	Port: mac_ip_encode_top : cics_ip_sums_sum_V_0 | {7 }
	Port: mac_ip_encode_top : cics_ip_sums_sum_V_1 | {7 }
	Port: mac_ip_encode_top : cics_ip_sums_sum_V_2 | {7 }
	Port: mac_ip_encode_top : cics_ip_sums_sum_V_3 | {7 }
	Port: mac_ip_encode_top : cics_ip_sums_sum_V_4 | {7 }
	Port: mac_ip_encode_top : cics_ip_sums_sum_V_6 | {7 }
	Port: mac_ip_encode_top : cics_ip_sums_sum_V_7 | {7 }
	Port: mac_ip_encode_top : cics_ip_sums_sum_V_8 | {7 }
	Port: mac_ip_encode_top : cics_ip_sums_sum_V_9 | {7 }
	Port: mac_ip_encode_top : cics_ip_sums_sum_V_10 | {7 }
	Port: mac_ip_encode_top : cics_ip_sums_sum_V_11 | {7 }
	Port: mac_ip_encode_top : cics_ip_sums_sum_V_12 | {7 }
	Port: mac_ip_encode_top : cics_ip_sums_sum_V_13 | {7 }
	Port: mac_ip_encode_top : cics_ip_sums_sum_V_14 | {7 }
	Port: mac_ip_encode_top : cics_ip_sums_sum_V_15 | {7 }
	Port: mac_ip_encode_top : cics_ip_sums_sum_V_16 | {7 }
	Port: mac_ip_encode_top : cics_ip_sums_sum_V_17 | {7 }
	Port: mac_ip_encode_top : cics_ip_sums_sum_V_18 | {7 }
	Port: mac_ip_encode_top : cics_ip_sums_sum_V_19 | {7 }
	Port: mac_ip_encode_top : cics_ip_sums_sum_V_20 | {7 }
	Port: mac_ip_encode_top : cics_ip_sums_sum_V_21 | {7 }
	Port: mac_ip_encode_top : cics_ip_sums_sum_V_22 | {7 }
	Port: mac_ip_encode_top : cics_ip_sums_sum_V_23 | {7 }
	Port: mac_ip_encode_top : cics_ip_sums_sum_V_24 | {7 }
	Port: mac_ip_encode_top : cics_ip_sums_sum_V_25 | {7 }
	Port: mac_ip_encode_top : cics_ip_sums_sum_V_26 | {7 }
	Port: mac_ip_encode_top : cics_ip_sums_sum_V_27 | {7 }
	Port: mac_ip_encode_top : cics_ip_sums_sum_V_28 | {7 }
	Port: mac_ip_encode_top : cics_ip_sums_sum_V_29 | {7 }
	Port: mac_ip_encode_top : subSumFifo | {9 }
	Port: mac_ip_encode_top : checksumFifo | {14 }
	Port: mac_ip_encode_top : wordCount_V | {14 }
	Port: mac_ip_encode_top : dataStreamBuffer2 | {16 }
	Port: mac_ip_encode_top : har_state | {16 }
	Port: mac_ip_encode_top : headerFifo | {20 }
	Port: mac_ip_encode_top : dataStreamBuffer3 | {18 }
	Port: mac_ip_encode_top : ls_writeRemainder | {18 }
	Port: mac_ip_encode_top : prevWord_data_V | {18 }
	Port: mac_ip_encode_top : prevWord_keep_V | {18 }
	Port: mac_ip_encode_top : dataStreamBuffer4 | {20 }
	Port: mac_ip_encode_top : ls_firstWord | {19 }
	Port: mac_ip_encode_top : ge_state | {20 }
  - Chain level:
	State 1
	State 2
	State 3
	State 4
	State 5
	State 6
	State 7
	State 8
	State 9
	State 10
	State 11
	State 12
	State 13
	State 14
	State 15
	State 16
	State 17
	State 18
	State 19
	State 20
	State 21
	State 22
	State 23


============================================================
+ Verbose Summary: Datapath Resource usage 
============================================================

* Functional unit list:
|----------|--------------------------------------------|---------|---------|---------|
| Operation|               Functional Unit              |  Delay  |    FF   |   LUT   |
|----------|--------------------------------------------|---------|---------|---------|
|          |     grp_extract_ip_address_512_s_fu_202    |  0.774  |   393   |   1524  |
|          |    grp_mac_compute_ipv4_checksum_fu_224    |    0    |   2029  |   2766  |
|          | grp_mac_finalize_ipv4_checksum_32_s_fu_294 |    0    |   1046  |   2497  |
|   call   |     grp_insert_ip_checksum_512_s_fu_302    |  0.387  |   1607  |    13   |
|          |      grp_handle_arp_reply_512_s_fu_314     |    0    |   1126  |    0    |
|          |  grp_mac_lshiftWordByOctet_512_1_s_fu_329  |  0.774  |   580   |   514   |
|          |   grp_insert_ethernet_header_512_s_fu_345  | 0.419857|   2887  |   814   |
|----------|--------------------------------------------|---------|---------|---------|
|          |               grp_read_fu_184              |    0    |    0    |    0    |
|   read   |               grp_read_fu_190              |    0    |    0    |    0    |
|          |               grp_read_fu_196              |    0    |    0    |    0    |
|----------|--------------------------------------------|---------|---------|---------|
|   Total  |                                            | 2.35486 |   9668  |   8128  |
|----------|--------------------------------------------|---------|---------|---------|

Memories:
N/A

* Register list:
+------------------------------+--------+
|                              |   FF   |
+------------------------------+--------+
|   myMacAddress_read_reg_367  |   48   |
|regDefaultGateway_read_reg_357|   32   |
|  regSubNetMask_read_reg_362  |   32   |
+------------------------------+--------+
|             Total            |   112  |
+------------------------------+--------+

* Multiplexer (MUX) list: 
|-------------------------------------|------|------|------|--------||---------||---------|
|                 Comp                |  Pin | Size |  BW  | S x BW ||  Delay  ||   LUT   |
|-------------------------------------|------|------|------|--------||---------||---------|
| grp_extract_ip_address_512_s_fu_202 |  p3  |   2  |  32  |   64   ||    9    |
| grp_extract_ip_address_512_s_fu_202 |  p4  |   2  |  32  |   64   ||    9    |
|-------------------------------------|------|------|------|--------||---------||---------|
|                Total                |      |      |      |   128  ||  0.774  ||    18   |
|-------------------------------------|------|------|------|--------||---------||---------|



* Summary:
+-----------+--------+--------+--------+
|           |  Delay |   FF   |   LUT  |
+-----------+--------+--------+--------+
|  Function |    2   |  9668  |  8128  |
|   Memory  |    -   |    -   |    -   |
|Multiplexer|    0   |    -   |   18   |
|  Register |    -   |   112  |    -   |
+-----------+--------+--------+--------+
|   Total   |    3   |  9780  |  8146  |
+-----------+--------+--------+--------+
