

================================================================
== Vitis HLS Report for 'cut_length'
================================================================
* Date:           Tue Jul 11 09:18:23 2023

* Version:        2022.1 (Build 3526262 on Mon Apr 18 15:47:01 MDT 2022)
* Project:        ip_handler_prj
* Solution:       solution1 (Vivado IP Flow Target)
* Product family: virtexuplus
* Target device:  xcu280-fsvh2892-2L-e


================================================================
== Performance Estimates
================================================================
+ Timing: 
    * Summary: 
    +--------+---------+----------+------------+
    |  Clock |  Target | Estimated| Uncertainty|
    +--------+---------+----------+------------+
    |ap_clk  |  3.20 ns|  1.919 ns|     0.86 ns|
    +--------+---------+----------+------------+

+ Latency: 
    * Summary: 
    +---------+---------+----------+----------+-----+-----+---------+
    |  Latency (cycles) |  Latency (absolute) |  Interval | Pipeline|
    |   min   |   max   |    min   |    max   | min | max |   Type  |
    +---------+---------+----------+----------+-----+-----+---------+
    |        1|        1|  3.200 ns|  3.200 ns|    1|    1|      yes|
    +---------+---------+----------+----------+-----+-----+---------+

    + Detail: 
        * Instance: 
        N/A

        * Loop: 
        N/A

============================================================
+ Verbose Summary: Synthesis Manager
============================================================
InlineROM: 1
ExposeGlobal: 0
============================================================
+ Verbose Summary: CDFG Model
============================================================
IsTopModel: 0
ResetActiveHigh: 1
IsCombinational: 2
IsDatapathOnly: 0
HasWiredReturn: 1
HasMFsm: 2
HasVarLatency: 0
IsPipeline: 1
IsRtlPipelined: 1
IsInstanceOverlapped: 0
IsDontTouch: 0
HasImplIP: 0
IsGatedGlobalClock: 0

+ Individual pipeline summary: 
  * Pipeline-0: initiation interval (II) = 1, depth = 2


============================================================
+ Verbose Summary: Schedule
============================================================
* Number of FSM states : 2
* Pipeline : 1
  Pipeline-0 : II = 1, D = 2, States = { 1 2 }
* Dataflow Pipeline: 0

* FSM state transitions: 
1 --> 2 
2 --> 

* FSM state operations: 

State 1 <SV = 0> <Delay = 1.91>
ST_1 : Operation 3 [1/1] (0.00ns)   --->   "%specinterface_ln0 = specinterface void @_ssdm_op_SpecInterface, i1024 %ipDataCutFifo, void @empty_2, i32 0, i32 0, void @empty, i32 0, i32 0, void @empty, void @empty, void @empty, i32 0, i32 0, i32 0, i32 0, void @empty, void @empty, i32 4294967295, i32 0"   --->   Operation 3 'specinterface' 'specinterface_ln0' <Predicate = true> <Delay = 0.00>
ST_1 : Operation 4 [1/1] (0.00ns)   --->   "%specinterface_ln0 = specinterface void @_ssdm_op_SpecInterface, i1024 %ipDataCutFifo, void @empty_2, i32 0, i32 0, void @empty, i32 0, i32 0, void @empty, void @empty, void @empty, i32 0, i32 0, i32 0, i32 0, void @empty, void @empty, i32 4294967295, i32 0"   --->   Operation 4 'specinterface' 'specinterface_ln0' <Predicate = true> <Delay = 0.00>
ST_1 : Operation 5 [1/1] (0.00ns)   --->   "%specinterface_ln0 = specinterface void @_ssdm_op_SpecInterface, i1024 %ipDataCutFifo, void @empty_2, i32 0, i32 0, void @empty, i32 0, i32 0, void @empty, void @empty, void @empty, i32 0, i32 0, i32 0, i32 0, void @empty, void @empty, i32 4294967295, i32 0"   --->   Operation 5 'specinterface' 'specinterface_ln0' <Predicate = true> <Delay = 0.00>
ST_1 : Operation 6 [1/1] (0.00ns)   --->   "%specinterface_ln0 = specinterface void @_ssdm_op_SpecInterface, i1024 %ipDataDropFifo, void @empty_2, i32 0, i32 0, void @empty, i32 0, i32 0, void @empty, void @empty, void @empty, i32 0, i32 0, i32 0, i32 0, void @empty, void @empty, i32 4294967295, i32 0"   --->   Operation 6 'specinterface' 'specinterface_ln0' <Predicate = true> <Delay = 0.00>
ST_1 : Operation 7 [1/1] (0.00ns)   --->   "%specinterface_ln0 = specinterface void @_ssdm_op_SpecInterface, i1024 %ipDataDropFifo, void @empty_2, i32 0, i32 0, void @empty, i32 0, i32 0, void @empty, void @empty, void @empty, i32 0, i32 0, i32 0, i32 0, void @empty, void @empty, i32 4294967295, i32 0"   --->   Operation 7 'specinterface' 'specinterface_ln0' <Predicate = true> <Delay = 0.00>
ST_1 : Operation 8 [1/1] (0.00ns)   --->   "%specinterface_ln0 = specinterface void @_ssdm_op_SpecInterface, i1024 %ipDataDropFifo, void @empty_2, i32 0, i32 0, void @empty, i32 0, i32 0, void @empty, void @empty, void @empty, i32 0, i32 0, i32 0, i32 0, void @empty, void @empty, i32 4294967295, i32 0"   --->   Operation 8 'specinterface' 'specinterface_ln0' <Predicate = true> <Delay = 0.00>
ST_1 : Operation 9 [1/1] (0.00ns)   --->   "%specinterface_ln0 = specinterface void @_ssdm_op_SpecInterface, i1024 %ipDataCutFifo, void @empty_2, i32 0, i32 0, void @empty, i32 0, i32 0, void @empty, void @empty, void @empty, i32 0, i32 0, i32 0, i32 0, void @empty, void @empty, i32 4294967295, i32 0"   --->   Operation 9 'specinterface' 'specinterface_ln0' <Predicate = true> <Delay = 0.00>
ST_1 : Operation 10 [1/1] (0.00ns)   --->   "%specinterface_ln0 = specinterface void @_ssdm_op_SpecInterface, i1024 %ipDataDropFifo, void @empty_2, i32 0, i32 0, void @empty, i32 0, i32 0, void @empty, void @empty, void @empty, i32 0, i32 0, i32 0, i32 0, void @empty, void @empty, i32 4294967295, i32 0"   --->   Operation 10 'specinterface' 'specinterface_ln0' <Predicate = true> <Delay = 0.00>
ST_1 : Operation 11 [1/1] (0.00ns)   --->   "%specpipeline_ln0 = specpipeline void @_ssdm_op_SpecPipeline, i32 1, i32 0, i32 0, i32 0, void @empty"   --->   Operation 11 'specpipeline' 'specpipeline_ln0' <Predicate = true> <Delay = 0.00>
ST_1 : Operation 12 [1/1] (0.00ns)   --->   "%cl_state_load = load i1 %cl_state"   --->   Operation 12 'load' 'cl_state_load' <Predicate = true> <Delay = 0.00>
ST_1 : Operation 13 [1/1] (0.00ns)   --->   "%tmp_i = nbreadreq i1 @_ssdm_op_NbReadReq.ap_fifo.i1024P0A, i1024 %ipDataDropFifo, i32 1" [/tools/Xilinx/Vitis_HLS/2022.1/common/technology/autopilot/hls_stream_39.h:136]   --->   Operation 13 'nbreadreq' 'tmp_i' <Predicate = true> <Delay = 0.00> <CoreInst = "FIFO_SRL">   --->   Core 81 'FIFO_SRL' <Latency = 0> <II = 1> <Delay = 1.33> <Storage> <Opcode : 'read' 'write' 'nbread' 'nbwrite'> <Ports = 0> <Width = 1024> <Depth = 2> <FIFO>
ST_1 : Operation 14 [1/1] (0.00ns)   --->   "%br_ln302 = br i1 %cl_state_load, void %sw.bb.i, void %sw.bb10.i" [/mnt/scratch/pyuvaraj/Vitis_RoCE_W/Vitis_RoCE/fpga-network-stack/hls/ip_handler/ip_handler.cpp:302]   --->   Operation 14 'br' 'br_ln302' <Predicate = true> <Delay = 0.00>
ST_1 : Operation 15 [1/1] (0.00ns)   --->   "%br_ln305 = br i1 %tmp_i, void %if.end9.i, void %if.then.i" [/mnt/scratch/pyuvaraj/Vitis_RoCE_W/Vitis_RoCE/fpga-network-stack/hls/ip_handler/ip_handler.cpp:305]   --->   Operation 15 'br' 'br_ln305' <Predicate = (!cl_state_load)> <Delay = 0.00>
ST_1 : Operation 16 [1/1] (1.16ns)   --->   "%ipDataDropFifo_read_1 = read i1024 @_ssdm_op_Read.ap_fifo.volatile.i1024P0A, i1024 %ipDataDropFifo" [/tools/Xilinx/Vitis_HLS/2022.1/common/technology/autopilot/hls_stream_39.h:145]   --->   Operation 16 'read' 'ipDataDropFifo_read_1' <Predicate = (!cl_state_load & tmp_i)> <Delay = 1.16> <CoreInst = "FIFO_SRL">   --->   Core 81 'FIFO_SRL' <Latency = 0> <II = 1> <Delay = 1.33> <Storage> <Opcode : 'read' 'write' 'nbread' 'nbwrite'> <Ports = 0> <Width = 1024> <Depth = 2> <FIFO>
ST_1 : Operation 17 [1/1] (0.00ns)   --->   "%tmp_keep_V_1 = partselect i64 @_ssdm_op_PartSelect.i64.i1024.i32.i32, i1024 %ipDataDropFifo_read_1, i32 512, i32 575" [/tools/Xilinx/Vitis_HLS/2022.1/common/technology/autopilot/hls_stream_39.h:145]   --->   Operation 17 'partselect' 'tmp_keep_V_1' <Predicate = (!cl_state_load & tmp_i)> <Delay = 0.00>
ST_1 : Operation 18 [1/1] (0.00ns)   --->   "%tmp_last_V = bitselect i1 @_ssdm_op_BitSelect.i1.i1024.i1024, i1024 %ipDataDropFifo_read_1, i1024 576" [/tools/Xilinx/Vitis_HLS/2022.1/common/technology/autopilot/hls_stream_39.h:145]   --->   Operation 18 'bitselect' 'tmp_last_V' <Predicate = (!cl_state_load & tmp_i)> <Delay = 0.00>
ST_1 : Operation 19 [1/1] (0.00ns)   --->   "%agg_tmp_i = partselect i6 @_ssdm_op_PartSelect.i6.i1024.i32.i32, i1024 %ipDataDropFifo_read_1, i32 24, i32 29"   --->   Operation 19 'partselect' 'agg_tmp_i' <Predicate = (!cl_state_load & tmp_i)> <Delay = 0.00>
ST_1 : Operation 20 [1/1] (0.00ns)   --->   "%br_ln314 = br i1 %tmp_last_V, void %if.else.i, void %if.then7.i" [/mnt/scratch/pyuvaraj/Vitis_RoCE_W/Vitis_RoCE/fpga-network-stack/hls/ip_handler/ip_handler.cpp:314]   --->   Operation 20 'br' 'br_ln314' <Predicate = (!cl_state_load & tmp_i)> <Delay = 0.00>
ST_1 : Operation 21 [1/1] (0.38ns)   --->   "%store_ln0 = store i1 1, i1 %cl_state"   --->   Operation 21 'store' 'store_ln0' <Predicate = (!cl_state_load & tmp_i & !tmp_last_V)> <Delay = 0.38>
ST_1 : Operation 22 [1/1] (0.38ns)   --->   "%br_ln0 = br void %if.end.i"   --->   Operation 22 'br' 'br_ln0' <Predicate = (!cl_state_load & tmp_i & !tmp_last_V)> <Delay = 0.38>
ST_1 : Operation 23 [1/1] (0.75ns)   --->   "%currWord_keep_V_2 = mux i64 @_ssdm_op_Mux.ap_auto.64i64.i6, i64 18446744073709551615, i64 1, i64 3, i64 7, i64 15, i64 31, i64 63, i64 127, i64 255, i64 511, i64 1023, i64 2047, i64 4095, i64 8191, i64 16383, i64 32767, i64 65535, i64 131071, i64 262143, i64 524287, i64 1048575, i64 2097151, i64 4194303, i64 8388607, i64 16777215, i64 33554431, i64 67108863, i64 134217727, i64 268435455, i64 536870911, i64 1073741823, i64 2147483647, i64 4294967295, i64 8589934591, i64 17179869183, i64 34359738367, i64 68719476735, i64 137438953471, i64 274877906943, i64 549755813887, i64 1099511627775, i64 2199023255551, i64 4398046511103, i64 8796093022207, i64 17592186044415, i64 35184372088831, i64 70368744177663, i64 140737488355327, i64 281474976710655, i64 562949953421311, i64 1125899906842623, i64 2251799813685247, i64 4503599627370495, i64 9007199254740991, i64 18014398509481983, i64 36028797018963967, i64 72057594037927935, i64 144115188075855871, i64 288230376151711743, i64 576460752303423487, i64 1152921504606846975, i64 2305843009213693951, i64 4611686018427387903, i64 9223372036854775807, i6 %agg_tmp_i"   --->   Operation 23 'mux' 'currWord_keep_V_2' <Predicate = (!cl_state_load & tmp_i & tmp_last_V)> <Delay = 0.75> <CoreInst = "Multiplexer">   --->   Core 76 'Multiplexer' <Latency = 0> <II = 1> <Delay = 0.75> <FuncUnit> <Opcode : 'mux'> <InPorts = 2> <OutPorts = 1>
ST_1 : Operation 24 [1/1] (0.38ns)   --->   "%br_ln317 = br void %if.end.i" [/mnt/scratch/pyuvaraj/Vitis_RoCE_W/Vitis_RoCE/fpga-network-stack/hls/ip_handler/ip_handler.cpp:317]   --->   Operation 24 'br' 'br_ln317' <Predicate = (!cl_state_load & tmp_i & tmp_last_V)> <Delay = 0.38>
ST_1 : Operation 25 [1/1] (0.00ns)   --->   "%br_ln324 = br void %cut_length.exit" [/mnt/scratch/pyuvaraj/Vitis_RoCE_W/Vitis_RoCE/fpga-network-stack/hls/ip_handler/ip_handler.cpp:324]   --->   Operation 25 'br' 'br_ln324' <Predicate = (!cl_state_load)> <Delay = 0.00>
ST_1 : Operation 26 [1/1] (0.00ns)   --->   "%br_ln326 = br i1 %tmp_i, void %if.end19.i, void %if.then12.i" [/mnt/scratch/pyuvaraj/Vitis_RoCE_W/Vitis_RoCE/fpga-network-stack/hls/ip_handler/ip_handler.cpp:326]   --->   Operation 26 'br' 'br_ln326' <Predicate = (cl_state_load)> <Delay = 0.00>
ST_1 : Operation 27 [1/1] (1.16ns)   --->   "%ipDataDropFifo_read = read i1024 @_ssdm_op_Read.ap_fifo.volatile.i1024P0A, i1024 %ipDataDropFifo" [/tools/Xilinx/Vitis_HLS/2022.1/common/technology/autopilot/hls_stream_39.h:145]   --->   Operation 27 'read' 'ipDataDropFifo_read' <Predicate = (cl_state_load & tmp_i)> <Delay = 1.16> <CoreInst = "FIFO_SRL">   --->   Core 81 'FIFO_SRL' <Latency = 0> <II = 1> <Delay = 1.33> <Storage> <Opcode : 'read' 'write' 'nbread' 'nbwrite'> <Ports = 0> <Width = 1024> <Depth = 2> <FIFO>
ST_1 : Operation 28 [1/1] (0.00ns)   --->   "%tmp_last_V_4 = bitselect i1 @_ssdm_op_BitSelect.i1.i1024.i1024, i1024 %ipDataDropFifo_read, i1024 576" [/tools/Xilinx/Vitis_HLS/2022.1/common/technology/autopilot/hls_stream_39.h:145]   --->   Operation 28 'bitselect' 'tmp_last_V_4' <Predicate = (cl_state_load & tmp_i)> <Delay = 0.00>
ST_1 : Operation 29 [1/1] (0.00ns)   --->   "%br_ln330 = br i1 %tmp_last_V_4, void %if.end18.i, void %if.then17.i" [/mnt/scratch/pyuvaraj/Vitis_RoCE_W/Vitis_RoCE/fpga-network-stack/hls/ip_handler/ip_handler.cpp:330]   --->   Operation 29 'br' 'br_ln330' <Predicate = (cl_state_load & tmp_i)> <Delay = 0.00>
ST_1 : Operation 30 [1/1] (0.38ns)   --->   "%store_ln0 = store i1 0, i1 %cl_state"   --->   Operation 30 'store' 'store_ln0' <Predicate = (cl_state_load & tmp_i & tmp_last_V_4)> <Delay = 0.38>
ST_1 : Operation 31 [1/1] (0.00ns)   --->   "%br_ln333 = br void %if.end18.i" [/mnt/scratch/pyuvaraj/Vitis_RoCE_W/Vitis_RoCE/fpga-network-stack/hls/ip_handler/ip_handler.cpp:333]   --->   Operation 31 'br' 'br_ln333' <Predicate = (cl_state_load & tmp_i & tmp_last_V_4)> <Delay = 0.00>
ST_1 : Operation 32 [1/1] (0.00ns)   --->   "%br_ln334 = br void %if.end19.i" [/mnt/scratch/pyuvaraj/Vitis_RoCE_W/Vitis_RoCE/fpga-network-stack/hls/ip_handler/ip_handler.cpp:334]   --->   Operation 32 'br' 'br_ln334' <Predicate = (cl_state_load & tmp_i)> <Delay = 0.00>
ST_1 : Operation 33 [1/1] (0.00ns)   --->   "%br_ln335 = br void %cut_length.exit" [/mnt/scratch/pyuvaraj/Vitis_RoCE_W/Vitis_RoCE/fpga-network-stack/hls/ip_handler/ip_handler.cpp:335]   --->   Operation 33 'br' 'br_ln335' <Predicate = (cl_state_load)> <Delay = 0.00>

State 2 <SV = 1> <Delay = 1.16>
ST_2 : Operation 34 [1/1] (0.00ns)   --->   "%currWord_keep_V = phi i64 %currWord_keep_V_2, void %if.then7.i, i64 %tmp_keep_V_1, void %if.else.i"   --->   Operation 34 'phi' 'currWord_keep_V' <Predicate = (!cl_state_load & tmp_i)> <Delay = 0.00>
ST_2 : Operation 35 [1/1] (0.00ns)   --->   "%tmp_117_i = bitconcatenate i65 @_ssdm_op_BitConcatenate.i65.i1.i64, i1 %tmp_last_V, i64 %currWord_keep_V" [/tools/Xilinx/Vitis_HLS/2022.1/common/technology/autopilot/hls_stream_39.h:174]   --->   Operation 35 'bitconcatenate' 'tmp_117_i' <Predicate = (!cl_state_load & tmp_i)> <Delay = 0.00>
ST_2 : Operation 36 [1/1] (0.00ns)   --->   "%p_s = partset i1024 @_ssdm_op_PartSet.i1024.i1024.i65.i32.i32, i1024 %ipDataDropFifo_read_1, i65 %tmp_117_i, i32 512, i32 576" [/tools/Xilinx/Vitis_HLS/2022.1/common/technology/autopilot/hls_stream_39.h:174]   --->   Operation 36 'partset' 'p_s' <Predicate = (!cl_state_load & tmp_i)> <Delay = 0.00>
ST_2 : Operation 37 [1/1] (1.16ns)   --->   "%write_ln174 = write void @_ssdm_op_Write.ap_fifo.volatile.i1024P0A, i1024 %ipDataCutFifo, i1024 %p_s" [/tools/Xilinx/Vitis_HLS/2022.1/common/technology/autopilot/hls_stream_39.h:174]   --->   Operation 37 'write' 'write_ln174' <Predicate = (!cl_state_load & tmp_i)> <Delay = 1.16> <CoreInst = "FIFO_SRL">   --->   Core 81 'FIFO_SRL' <Latency = 0> <II = 1> <Delay = 1.33> <Storage> <Opcode : 'read' 'write' 'nbread' 'nbwrite'> <Ports = 0> <Width = 1024> <Depth = 2> <FIFO>
ST_2 : Operation 38 [1/1] (0.00ns)   --->   "%br_ln323 = br void %if.end9.i" [/mnt/scratch/pyuvaraj/Vitis_RoCE_W/Vitis_RoCE/fpga-network-stack/hls/ip_handler/ip_handler.cpp:323]   --->   Operation 38 'br' 'br_ln323' <Predicate = (!cl_state_load & tmp_i)> <Delay = 0.00>
ST_2 : Operation 39 [1/1] (1.16ns)   --->   "%write_ln174 = write void @_ssdm_op_Write.ap_fifo.volatile.i1024P0A, i1024 %ipDataCutFifo, i1024 %ipDataDropFifo_read" [/tools/Xilinx/Vitis_HLS/2022.1/common/technology/autopilot/hls_stream_39.h:174]   --->   Operation 39 'write' 'write_ln174' <Predicate = (cl_state_load & tmp_i)> <Delay = 1.16> <CoreInst = "FIFO_SRL">   --->   Core 81 'FIFO_SRL' <Latency = 0> <II = 1> <Delay = 1.33> <Storage> <Opcode : 'read' 'write' 'nbread' 'nbwrite'> <Ports = 0> <Width = 1024> <Depth = 2> <FIFO>
ST_2 : Operation 40 [1/1] (0.00ns)   --->   "%ret_ln0 = ret"   --->   Operation 40 'ret' 'ret_ln0' <Predicate = true> <Delay = 0.00>


============================================================
+ Verbose Summary: Binding
============================================================
STG Binding: 
---------------- STG Properties BEGIN ----------------
- Is combinational: 0
- Is one-state seq: 0
- Is datapath-only: 0
- Is pipelined: 1
- Is top level: 0
Port [ Return ] is wired: 1; IO mode=ap_ctrl_hs:ce=0
Port [ cl_state]:  wired=0; compound=0; hidden=1; nouse=0; global=1; static=1; extern=0; dir=2; type=0; pingpong=0; private_global=1; IO mode=ap_ovld:ce=0
Port [ ipDataDropFifo]:  wired=1; compound=1; hidden=0; nouse=0; global=1; static=1; extern=0; dir=0; type=3; pingpong=0; private_global=0; IO mode=ap_fifo:ce=0
Port [ ipDataCutFifo]:  wired=1; compound=1; hidden=0; nouse=0; global=1; static=1; extern=0; dir=1; type=3; pingpong=0; private_global=0; IO mode=ap_fifo:ce=0
---------------- STG Properties END ------------------

---------------- Datapath Model BEGIN ----------------

<LifeTime>
<method=bitvector/>
specinterface_ln0     (specinterface ) [ 000]
specinterface_ln0     (specinterface ) [ 000]
specinterface_ln0     (specinterface ) [ 000]
specinterface_ln0     (specinterface ) [ 000]
specinterface_ln0     (specinterface ) [ 000]
specinterface_ln0     (specinterface ) [ 000]
specinterface_ln0     (specinterface ) [ 000]
specinterface_ln0     (specinterface ) [ 000]
specpipeline_ln0      (specpipeline  ) [ 000]
cl_state_load         (load          ) [ 011]
tmp_i                 (nbreadreq     ) [ 011]
br_ln302              (br            ) [ 000]
br_ln305              (br            ) [ 000]
ipDataDropFifo_read_1 (read          ) [ 011]
tmp_keep_V_1          (partselect    ) [ 011]
tmp_last_V            (bitselect     ) [ 011]
agg_tmp_i             (partselect    ) [ 000]
br_ln314              (br            ) [ 000]
store_ln0             (store         ) [ 000]
br_ln0                (br            ) [ 011]
currWord_keep_V_2     (mux           ) [ 011]
br_ln317              (br            ) [ 011]
br_ln324              (br            ) [ 000]
br_ln326              (br            ) [ 000]
ipDataDropFifo_read   (read          ) [ 011]
tmp_last_V_4          (bitselect     ) [ 010]
br_ln330              (br            ) [ 000]
store_ln0             (store         ) [ 000]
br_ln333              (br            ) [ 000]
br_ln334              (br            ) [ 000]
br_ln335              (br            ) [ 000]
currWord_keep_V       (phi           ) [ 011]
tmp_117_i             (bitconcatenate) [ 000]
p_s                   (partset       ) [ 000]
write_ln174           (write         ) [ 000]
br_ln323              (br            ) [ 000]
write_ln174           (write         ) [ 000]
ret_ln0               (ret           ) [ 000]
</LifeTime>

<model>

<comp_list>
<comp id="0" class="1000" name="cl_state">
<pin_list>
<pin id="1" dir="1" index="0" bw="1" slack="0"/>
</pin_list>
<bind>
<StgValue><ssdm name="cl_state"/></StgValue>
</bind>
</comp>

<comp id="2" class="1000" name="ipDataDropFifo">
<pin_list>
<pin id="3" dir="1" index="0" bw="1" slack="0"/>
</pin_list>
<bind>
<StgValue><ssdm name="ipDataDropFifo"/></StgValue>
</bind>
</comp>

<comp id="4" class="1000" name="ipDataCutFifo">
<pin_list>
<pin id="5" dir="1" index="0" bw="1" slack="0"/>
</pin_list>
<bind>
<StgValue><ssdm name="ipDataCutFifo"/></StgValue>
</bind>
</comp>

<comp id="6" class="1001" name="const_6">
<pin_list>
<pin id="7" dir="1" index="0" bw="1" slack="2147483647"/>
</pin_list>
<bind>
<StgValue><ssdm name="_ssdm_op_SpecInterface"/></StgValue>
</bind>
</comp>

<comp id="8" class="1001" name="const_8">
<pin_list>
<pin id="9" dir="1" index="0" bw="1" slack="2147483647"/>
</pin_list>
<bind>
<StgValue><ssdm name="empty_2"/></StgValue>
</bind>
</comp>

<comp id="10" class="1001" name="const_10">
<pin_list>
<pin id="11" dir="1" index="0" bw="1" slack="2147483647"/>
</pin_list>
<bind>
<StgValue><ssdm name=""/></StgValue>
</bind>
</comp>

<comp id="12" class="1001" name="const_12">
<pin_list>
<pin id="13" dir="1" index="0" bw="1" slack="2147483647"/>
</pin_list>
<bind>
<StgValue><ssdm name="empty"/></StgValue>
</bind>
</comp>

<comp id="14" class="1001" name="const_14">
<pin_list>
<pin id="15" dir="1" index="0" bw="1" slack="2147483647"/>
</pin_list>
<bind>
<StgValue><ssdm name=""/></StgValue>
</bind>
</comp>

<comp id="16" class="1001" name="const_16">
<pin_list>
<pin id="17" dir="1" index="0" bw="1" slack="2147483647"/>
</pin_list>
<bind>
<StgValue><ssdm name="_ssdm_op_SpecPipeline"/></StgValue>
</bind>
</comp>

<comp id="18" class="1001" name="const_18">
<pin_list>
<pin id="19" dir="1" index="0" bw="1" slack="0"/>
</pin_list>
<bind>
<StgValue><ssdm name=""/></StgValue>
</bind>
</comp>

<comp id="20" class="1001" name="const_20">
<pin_list>
<pin id="21" dir="1" index="0" bw="1" slack="0"/>
</pin_list>
<bind>
<StgValue><ssdm name="_ssdm_op_NbReadReq.ap_fifo.i1024P0A"/></StgValue>
</bind>
</comp>

<comp id="22" class="1001" name="const_22">
<pin_list>
<pin id="23" dir="1" index="0" bw="1" slack="0"/>
</pin_list>
<bind>
<StgValue><ssdm name="_ssdm_op_Read.ap_fifo.volatile.i1024P0A"/></StgValue>
</bind>
</comp>

<comp id="24" class="1001" name="const_24">
<pin_list>
<pin id="25" dir="1" index="0" bw="1" slack="0"/>
</pin_list>
<bind>
<StgValue><ssdm name="_ssdm_op_PartSelect.i64.i1024.i32.i32"/></StgValue>
</bind>
</comp>

<comp id="26" class="1001" name="const_26">
<pin_list>
<pin id="27" dir="1" index="0" bw="1" slack="0"/>
</pin_list>
<bind>
<StgValue><ssdm name=""/></StgValue>
</bind>
</comp>

<comp id="28" class="1001" name="const_28">
<pin_list>
<pin id="29" dir="1" index="0" bw="1" slack="0"/>
</pin_list>
<bind>
<StgValue><ssdm name=""/></StgValue>
</bind>
</comp>

<comp id="30" class="1001" name="const_30">
<pin_list>
<pin id="31" dir="1" index="0" bw="1" slack="0"/>
</pin_list>
<bind>
<StgValue><ssdm name="_ssdm_op_BitSelect.i1.i1024.i1024"/></StgValue>
</bind>
</comp>

<comp id="32" class="1001" name="const_32">
<pin_list>
<pin id="33" dir="1" index="0" bw="1" slack="0"/>
</pin_list>
<bind>
<StgValue><ssdm name=""/></StgValue>
</bind>
</comp>

<comp id="34" class="1001" name="const_34">
<pin_list>
<pin id="35" dir="1" index="0" bw="1" slack="0"/>
</pin_list>
<bind>
<StgValue><ssdm name="_ssdm_op_PartSelect.i6.i1024.i32.i32"/></StgValue>
</bind>
</comp>

<comp id="36" class="1001" name="const_36">
<pin_list>
<pin id="37" dir="1" index="0" bw="1" slack="0"/>
</pin_list>
<bind>
<StgValue><ssdm name=""/></StgValue>
</bind>
</comp>

<comp id="38" class="1001" name="const_38">
<pin_list>
<pin id="39" dir="1" index="0" bw="1" slack="0"/>
</pin_list>
<bind>
<StgValue><ssdm name=""/></StgValue>
</bind>
</comp>

<comp id="40" class="1001" name="const_40">
<pin_list>
<pin id="41" dir="1" index="0" bw="1" slack="0"/>
</pin_list>
<bind>
<StgValue><ssdm name=""/></StgValue>
</bind>
</comp>

<comp id="42" class="1001" name="const_42">
<pin_list>
<pin id="43" dir="1" index="0" bw="1" slack="0"/>
</pin_list>
<bind>
<StgValue><ssdm name="_ssdm_op_Mux.ap_auto.64i64.i6"/></StgValue>
</bind>
</comp>

<comp id="44" class="1001" name="const_44">
<pin_list>
<pin id="45" dir="1" index="0" bw="1" slack="0"/>
</pin_list>
<bind>
<StgValue><ssdm name=""/></StgValue>
</bind>
</comp>

<comp id="46" class="1001" name="const_46">
<pin_list>
<pin id="47" dir="1" index="0" bw="1" slack="0"/>
</pin_list>
<bind>
<StgValue><ssdm name=""/></StgValue>
</bind>
</comp>

<comp id="48" class="1001" name="const_48">
<pin_list>
<pin id="49" dir="1" index="0" bw="1" slack="0"/>
</pin_list>
<bind>
<StgValue><ssdm name=""/></StgValue>
</bind>
</comp>

<comp id="50" class="1001" name="const_50">
<pin_list>
<pin id="51" dir="1" index="0" bw="1" slack="0"/>
</pin_list>
<bind>
<StgValue><ssdm name=""/></StgValue>
</bind>
</comp>

<comp id="52" class="1001" name="const_52">
<pin_list>
<pin id="53" dir="1" index="0" bw="1" slack="0"/>
</pin_list>
<bind>
<StgValue><ssdm name=""/></StgValue>
</bind>
</comp>

<comp id="54" class="1001" name="const_54">
<pin_list>
<pin id="55" dir="1" index="0" bw="1" slack="0"/>
</pin_list>
<bind>
<StgValue><ssdm name=""/></StgValue>
</bind>
</comp>

<comp id="56" class="1001" name="const_56">
<pin_list>
<pin id="57" dir="1" index="0" bw="1" slack="0"/>
</pin_list>
<bind>
<StgValue><ssdm name=""/></StgValue>
</bind>
</comp>

<comp id="58" class="1001" name="const_58">
<pin_list>
<pin id="59" dir="1" index="0" bw="1" slack="0"/>
</pin_list>
<bind>
<StgValue><ssdm name=""/></StgValue>
</bind>
</comp>

<comp id="60" class="1001" name="const_60">
<pin_list>
<pin id="61" dir="1" index="0" bw="1" slack="0"/>
</pin_list>
<bind>
<StgValue><ssdm name=""/></StgValue>
</bind>
</comp>

<comp id="62" class="1001" name="const_62">
<pin_list>
<pin id="63" dir="1" index="0" bw="1" slack="0"/>
</pin_list>
<bind>
<StgValue><ssdm name=""/></StgValue>
</bind>
</comp>

<comp id="64" class="1001" name="const_64">
<pin_list>
<pin id="65" dir="1" index="0" bw="1" slack="0"/>
</pin_list>
<bind>
<StgValue><ssdm name=""/></StgValue>
</bind>
</comp>

<comp id="66" class="1001" name="const_66">
<pin_list>
<pin id="67" dir="1" index="0" bw="1" slack="0"/>
</pin_list>
<bind>
<StgValue><ssdm name=""/></StgValue>
</bind>
</comp>

<comp id="68" class="1001" name="const_68">
<pin_list>
<pin id="69" dir="1" index="0" bw="1" slack="0"/>
</pin_list>
<bind>
<StgValue><ssdm name=""/></StgValue>
</bind>
</comp>

<comp id="70" class="1001" name="const_70">
<pin_list>
<pin id="71" dir="1" index="0" bw="1" slack="0"/>
</pin_list>
<bind>
<StgValue><ssdm name=""/></StgValue>
</bind>
</comp>

<comp id="72" class="1001" name="const_72">
<pin_list>
<pin id="73" dir="1" index="0" bw="1" slack="0"/>
</pin_list>
<bind>
<StgValue><ssdm name=""/></StgValue>
</bind>
</comp>

<comp id="74" class="1001" name="const_74">
<pin_list>
<pin id="75" dir="1" index="0" bw="1" slack="0"/>
</pin_list>
<bind>
<StgValue><ssdm name=""/></StgValue>
</bind>
</comp>

<comp id="76" class="1001" name="const_76">
<pin_list>
<pin id="77" dir="1" index="0" bw="1" slack="0"/>
</pin_list>
<bind>
<StgValue><ssdm name=""/></StgValue>
</bind>
</comp>

<comp id="78" class="1001" name="const_78">
<pin_list>
<pin id="79" dir="1" index="0" bw="1" slack="0"/>
</pin_list>
<bind>
<StgValue><ssdm name=""/></StgValue>
</bind>
</comp>

<comp id="80" class="1001" name="const_80">
<pin_list>
<pin id="81" dir="1" index="0" bw="1" slack="0"/>
</pin_list>
<bind>
<StgValue><ssdm name=""/></StgValue>
</bind>
</comp>

<comp id="82" class="1001" name="const_82">
<pin_list>
<pin id="83" dir="1" index="0" bw="1" slack="0"/>
</pin_list>
<bind>
<StgValue><ssdm name=""/></StgValue>
</bind>
</comp>

<comp id="84" class="1001" name="const_84">
<pin_list>
<pin id="85" dir="1" index="0" bw="1" slack="0"/>
</pin_list>
<bind>
<StgValue><ssdm name=""/></StgValue>
</bind>
</comp>

<comp id="86" class="1001" name="const_86">
<pin_list>
<pin id="87" dir="1" index="0" bw="1" slack="0"/>
</pin_list>
<bind>
<StgValue><ssdm name=""/></StgValue>
</bind>
</comp>

<comp id="88" class="1001" name="const_88">
<pin_list>
<pin id="89" dir="1" index="0" bw="1" slack="0"/>
</pin_list>
<bind>
<StgValue><ssdm name=""/></StgValue>
</bind>
</comp>

<comp id="90" class="1001" name="const_90">
<pin_list>
<pin id="91" dir="1" index="0" bw="1" slack="0"/>
</pin_list>
<bind>
<StgValue><ssdm name=""/></StgValue>
</bind>
</comp>

<comp id="92" class="1001" name="const_92">
<pin_list>
<pin id="93" dir="1" index="0" bw="1" slack="0"/>
</pin_list>
<bind>
<StgValue><ssdm name=""/></StgValue>
</bind>
</comp>

<comp id="94" class="1001" name="const_94">
<pin_list>
<pin id="95" dir="1" index="0" bw="1" slack="0"/>
</pin_list>
<bind>
<StgValue><ssdm name=""/></StgValue>
</bind>
</comp>

<comp id="96" class="1001" name="const_96">
<pin_list>
<pin id="97" dir="1" index="0" bw="1" slack="0"/>
</pin_list>
<bind>
<StgValue><ssdm name=""/></StgValue>
</bind>
</comp>

<comp id="98" class="1001" name="const_98">
<pin_list>
<pin id="99" dir="1" index="0" bw="1" slack="0"/>
</pin_list>
<bind>
<StgValue><ssdm name=""/></StgValue>
</bind>
</comp>

<comp id="100" class="1001" name="const_100">
<pin_list>
<pin id="101" dir="1" index="0" bw="1" slack="0"/>
</pin_list>
<bind>
<StgValue><ssdm name=""/></StgValue>
</bind>
</comp>

<comp id="102" class="1001" name="const_102">
<pin_list>
<pin id="103" dir="1" index="0" bw="1" slack="0"/>
</pin_list>
<bind>
<StgValue><ssdm name=""/></StgValue>
</bind>
</comp>

<comp id="104" class="1001" name="const_104">
<pin_list>
<pin id="105" dir="1" index="0" bw="1" slack="0"/>
</pin_list>
<bind>
<StgValue><ssdm name=""/></StgValue>
</bind>
</comp>

<comp id="106" class="1001" name="const_106">
<pin_list>
<pin id="107" dir="1" index="0" bw="1" slack="0"/>
</pin_list>
<bind>
<StgValue><ssdm name=""/></StgValue>
</bind>
</comp>

<comp id="108" class="1001" name="const_108">
<pin_list>
<pin id="109" dir="1" index="0" bw="1" slack="0"/>
</pin_list>
<bind>
<StgValue><ssdm name=""/></StgValue>
</bind>
</comp>

<comp id="110" class="1001" name="const_110">
<pin_list>
<pin id="111" dir="1" index="0" bw="1" slack="0"/>
</pin_list>
<bind>
<StgValue><ssdm name=""/></StgValue>
</bind>
</comp>

<comp id="112" class="1001" name="const_112">
<pin_list>
<pin id="113" dir="1" index="0" bw="1" slack="0"/>
</pin_list>
<bind>
<StgValue><ssdm name=""/></StgValue>
</bind>
</comp>

<comp id="114" class="1001" name="const_114">
<pin_list>
<pin id="115" dir="1" index="0" bw="1" slack="0"/>
</pin_list>
<bind>
<StgValue><ssdm name=""/></StgValue>
</bind>
</comp>

<comp id="116" class="1001" name="const_116">
<pin_list>
<pin id="117" dir="1" index="0" bw="1" slack="0"/>
</pin_list>
<bind>
<StgValue><ssdm name=""/></StgValue>
</bind>
</comp>

<comp id="118" class="1001" name="const_118">
<pin_list>
<pin id="119" dir="1" index="0" bw="1" slack="0"/>
</pin_list>
<bind>
<StgValue><ssdm name=""/></StgValue>
</bind>
</comp>

<comp id="120" class="1001" name="const_120">
<pin_list>
<pin id="121" dir="1" index="0" bw="1" slack="0"/>
</pin_list>
<bind>
<StgValue><ssdm name=""/></StgValue>
</bind>
</comp>

<comp id="122" class="1001" name="const_122">
<pin_list>
<pin id="123" dir="1" index="0" bw="1" slack="0"/>
</pin_list>
<bind>
<StgValue><ssdm name=""/></StgValue>
</bind>
</comp>

<comp id="124" class="1001" name="const_124">
<pin_list>
<pin id="125" dir="1" index="0" bw="1" slack="0"/>
</pin_list>
<bind>
<StgValue><ssdm name=""/></StgValue>
</bind>
</comp>

<comp id="126" class="1001" name="const_126">
<pin_list>
<pin id="127" dir="1" index="0" bw="1" slack="0"/>
</pin_list>
<bind>
<StgValue><ssdm name=""/></StgValue>
</bind>
</comp>

<comp id="128" class="1001" name="const_128">
<pin_list>
<pin id="129" dir="1" index="0" bw="1" slack="0"/>
</pin_list>
<bind>
<StgValue><ssdm name=""/></StgValue>
</bind>
</comp>

<comp id="130" class="1001" name="const_130">
<pin_list>
<pin id="131" dir="1" index="0" bw="1" slack="0"/>
</pin_list>
<bind>
<StgValue><ssdm name=""/></StgValue>
</bind>
</comp>

<comp id="132" class="1001" name="const_132">
<pin_list>
<pin id="133" dir="1" index="0" bw="1" slack="0"/>
</pin_list>
<bind>
<StgValue><ssdm name=""/></StgValue>
</bind>
</comp>

<comp id="134" class="1001" name="const_134">
<pin_list>
<pin id="135" dir="1" index="0" bw="1" slack="0"/>
</pin_list>
<bind>
<StgValue><ssdm name=""/></StgValue>
</bind>
</comp>

<comp id="136" class="1001" name="const_136">
<pin_list>
<pin id="137" dir="1" index="0" bw="1" slack="0"/>
</pin_list>
<bind>
<StgValue><ssdm name=""/></StgValue>
</bind>
</comp>

<comp id="138" class="1001" name="const_138">
<pin_list>
<pin id="139" dir="1" index="0" bw="1" slack="0"/>
</pin_list>
<bind>
<StgValue><ssdm name=""/></StgValue>
</bind>
</comp>

<comp id="140" class="1001" name="const_140">
<pin_list>
<pin id="141" dir="1" index="0" bw="1" slack="0"/>
</pin_list>
<bind>
<StgValue><ssdm name=""/></StgValue>
</bind>
</comp>

<comp id="142" class="1001" name="const_142">
<pin_list>
<pin id="143" dir="1" index="0" bw="1" slack="0"/>
</pin_list>
<bind>
<StgValue><ssdm name=""/></StgValue>
</bind>
</comp>

<comp id="144" class="1001" name="const_144">
<pin_list>
<pin id="145" dir="1" index="0" bw="1" slack="0"/>
</pin_list>
<bind>
<StgValue><ssdm name=""/></StgValue>
</bind>
</comp>

<comp id="146" class="1001" name="const_146">
<pin_list>
<pin id="147" dir="1" index="0" bw="1" slack="0"/>
</pin_list>
<bind>
<StgValue><ssdm name=""/></StgValue>
</bind>
</comp>

<comp id="148" class="1001" name="const_148">
<pin_list>
<pin id="149" dir="1" index="0" bw="1" slack="0"/>
</pin_list>
<bind>
<StgValue><ssdm name=""/></StgValue>
</bind>
</comp>

<comp id="150" class="1001" name="const_150">
<pin_list>
<pin id="151" dir="1" index="0" bw="1" slack="0"/>
</pin_list>
<bind>
<StgValue><ssdm name=""/></StgValue>
</bind>
</comp>

<comp id="152" class="1001" name="const_152">
<pin_list>
<pin id="153" dir="1" index="0" bw="1" slack="0"/>
</pin_list>
<bind>
<StgValue><ssdm name=""/></StgValue>
</bind>
</comp>

<comp id="154" class="1001" name="const_154">
<pin_list>
<pin id="155" dir="1" index="0" bw="1" slack="0"/>
</pin_list>
<bind>
<StgValue><ssdm name=""/></StgValue>
</bind>
</comp>

<comp id="156" class="1001" name="const_156">
<pin_list>
<pin id="157" dir="1" index="0" bw="1" slack="0"/>
</pin_list>
<bind>
<StgValue><ssdm name=""/></StgValue>
</bind>
</comp>

<comp id="158" class="1001" name="const_158">
<pin_list>
<pin id="159" dir="1" index="0" bw="1" slack="0"/>
</pin_list>
<bind>
<StgValue><ssdm name=""/></StgValue>
</bind>
</comp>

<comp id="160" class="1001" name="const_160">
<pin_list>
<pin id="161" dir="1" index="0" bw="1" slack="0"/>
</pin_list>
<bind>
<StgValue><ssdm name=""/></StgValue>
</bind>
</comp>

<comp id="162" class="1001" name="const_162">
<pin_list>
<pin id="163" dir="1" index="0" bw="1" slack="0"/>
</pin_list>
<bind>
<StgValue><ssdm name=""/></StgValue>
</bind>
</comp>

<comp id="164" class="1001" name="const_164">
<pin_list>
<pin id="165" dir="1" index="0" bw="1" slack="0"/>
</pin_list>
<bind>
<StgValue><ssdm name=""/></StgValue>
</bind>
</comp>

<comp id="166" class="1001" name="const_166">
<pin_list>
<pin id="167" dir="1" index="0" bw="1" slack="0"/>
</pin_list>
<bind>
<StgValue><ssdm name=""/></StgValue>
</bind>
</comp>

<comp id="168" class="1001" name="const_168">
<pin_list>
<pin id="169" dir="1" index="0" bw="1" slack="0"/>
</pin_list>
<bind>
<StgValue><ssdm name=""/></StgValue>
</bind>
</comp>

<comp id="170" class="1001" name="const_170">
<pin_list>
<pin id="171" dir="1" index="0" bw="1" slack="0"/>
</pin_list>
<bind>
<StgValue><ssdm name=""/></StgValue>
</bind>
</comp>

<comp id="172" class="1001" name="const_172">
<pin_list>
<pin id="173" dir="1" index="0" bw="1" slack="0"/>
</pin_list>
<bind>
<StgValue><ssdm name=""/></StgValue>
</bind>
</comp>

<comp id="174" class="1001" name="const_174">
<pin_list>
<pin id="175" dir="1" index="0" bw="1" slack="0"/>
</pin_list>
<bind>
<StgValue><ssdm name="_ssdm_op_BitConcatenate.i65.i1.i64"/></StgValue>
</bind>
</comp>

<comp id="176" class="1001" name="const_176">
<pin_list>
<pin id="177" dir="1" index="0" bw="1" slack="0"/>
</pin_list>
<bind>
<StgValue><ssdm name="_ssdm_op_PartSet.i1024.i1024.i65.i32.i32"/></StgValue>
</bind>
</comp>

<comp id="178" class="1001" name="const_178">
<pin_list>
<pin id="179" dir="1" index="0" bw="1" slack="0"/>
</pin_list>
<bind>
<StgValue><ssdm name=""/></StgValue>
</bind>
</comp>

<comp id="180" class="1001" name="const_180">
<pin_list>
<pin id="181" dir="1" index="0" bw="1" slack="0"/>
</pin_list>
<bind>
<StgValue><ssdm name="_ssdm_op_Write.ap_fifo.volatile.i1024P0A"/></StgValue>
</bind>
</comp>

<comp id="182" class="1004" name="tmp_i_nbreadreq_fu_182">
<pin_list>
<pin id="183" dir="0" index="0" bw="1" slack="0"/>
<pin id="184" dir="0" index="1" bw="1024" slack="0"/>
<pin id="185" dir="0" index="2" bw="1" slack="0"/>
<pin id="186" dir="1" index="3" bw="1" slack="1"/>
</pin_list>
<bind>
<opcode="nbreadreq(1156) " fcode="nbreadreq"/>
<opset="tmp_i/1 "/>
</bind>
</comp>

<comp id="190" class="1004" name="grp_read_fu_190">
<pin_list>
<pin id="191" dir="0" index="0" bw="1024" slack="0"/>
<pin id="192" dir="0" index="1" bw="1024" slack="0"/>
<pin id="193" dir="1" index="2" bw="1024" slack="0"/>
</pin_list>
<bind>
<opcode="read(1150) " fcode="read"/>
<opset="ipDataDropFifo_read_1/1 ipDataDropFifo_read/1 "/>
</bind>
</comp>

<comp id="196" class="1004" name="grp_write_fu_196">
<pin_list>
<pin id="197" dir="0" index="0" bw="0" slack="0"/>
<pin id="198" dir="0" index="1" bw="1024" slack="0"/>
<pin id="199" dir="0" index="2" bw="1024" slack="0"/>
<pin id="200" dir="1" index="3" bw="0" slack="2147483647"/>
</pin_list>
<bind>
<opcode="write(1151) " fcode="write"/>
<opset="write_ln174/2 write_ln174/2 "/>
</bind>
</comp>

<comp id="203" class="1005" name="currWord_keep_V_reg_203">
<pin_list>
<pin id="204" dir="0" index="0" bw="64" slack="2147483647"/>
<pin id="205" dir="1" index="1" bw="64" slack="2147483647"/>
</pin_list>
<bind>
<opset="currWord_keep_V (phireg) "/>
</bind>
</comp>

<comp id="206" class="1004" name="currWord_keep_V_phi_fu_206">
<pin_list>
<pin id="207" dir="0" index="0" bw="64" slack="1"/>
<pin id="208" dir="0" index="1" bw="0" slack="2147483647"/>
<pin id="209" dir="0" index="2" bw="64" slack="1"/>
<pin id="210" dir="0" index="3" bw="0" slack="2147483647"/>
<pin id="211" dir="1" index="4" bw="64" slack="0"/>
</pin_list>
<bind>
<opcode="phi(47) " fcode="phi"/>
<opset="currWord_keep_V/2 "/>
</bind>
</comp>

<comp id="212" class="1004" name="grp_fu_212">
<pin_list>
<pin id="213" dir="0" index="0" bw="1" slack="0"/>
<pin id="214" dir="0" index="1" bw="1024" slack="0"/>
<pin id="215" dir="0" index="2" bw="11" slack="0"/>
<pin id="216" dir="1" index="3" bw="1" slack="1"/>
</pin_list>
<bind>
<opcode="bitselect(1000) " fcode="bitselect"/>
<opset="tmp_last_V/1 tmp_last_V_4/1 "/>
</bind>
</comp>

<comp id="220" class="1005" name="reg_220">
<pin_list>
<pin id="221" dir="0" index="0" bw="1024" slack="1"/>
<pin id="222" dir="1" index="1" bw="1024" slack="1"/>
</pin_list>
<bind>
<opset="ipDataDropFifo_read_1 ipDataDropFifo_read "/>
</bind>
</comp>

<comp id="225" class="1004" name="cl_state_load_load_fu_225">
<pin_list>
<pin id="226" dir="0" index="0" bw="1" slack="0"/>
<pin id="227" dir="1" index="1" bw="1" slack="1"/>
</pin_list>
<bind>
<opcode="load(27) " fcode="load"/>
<opset="cl_state_load/1 "/>
</bind>
</comp>

<comp id="229" class="1004" name="tmp_keep_V_1_fu_229">
<pin_list>
<pin id="230" dir="0" index="0" bw="64" slack="0"/>
<pin id="231" dir="0" index="1" bw="1024" slack="0"/>
<pin id="232" dir="0" index="2" bw="11" slack="0"/>
<pin id="233" dir="0" index="3" bw="11" slack="0"/>
<pin id="234" dir="1" index="4" bw="64" slack="1"/>
</pin_list>
<bind>
<opcode="partselect(1002) " fcode="partselect"/>
<opset="tmp_keep_V_1/1 "/>
</bind>
</comp>

<comp id="239" class="1004" name="agg_tmp_i_fu_239">
<pin_list>
<pin id="240" dir="0" index="0" bw="6" slack="0"/>
<pin id="241" dir="0" index="1" bw="1024" slack="0"/>
<pin id="242" dir="0" index="2" bw="6" slack="0"/>
<pin id="243" dir="0" index="3" bw="6" slack="0"/>
<pin id="244" dir="1" index="4" bw="6" slack="0"/>
</pin_list>
<bind>
<opcode="partselect(1002) " fcode="partselect"/>
<opset="agg_tmp_i/1 "/>
</bind>
</comp>

<comp id="249" class="1004" name="store_ln0_store_fu_249">
<pin_list>
<pin id="250" dir="0" index="0" bw="1" slack="0"/>
<pin id="251" dir="0" index="1" bw="1" slack="0"/>
<pin id="252" dir="1" index="2" bw="0" slack="2147483647"/>
</pin_list>
<bind>
<opcode="store(28) " fcode="store"/>
<opset="store_ln0/1 "/>
</bind>
</comp>

<comp id="255" class="1004" name="currWord_keep_V_2_fu_255">
<pin_list>
<pin id="256" dir="0" index="0" bw="64" slack="0"/>
<pin id="257" dir="0" index="1" bw="1" slack="0"/>
<pin id="258" dir="0" index="2" bw="1" slack="0"/>
<pin id="259" dir="0" index="3" bw="3" slack="0"/>
<pin id="260" dir="0" index="4" bw="4" slack="0"/>
<pin id="261" dir="0" index="5" bw="5" slack="0"/>
<pin id="262" dir="0" index="6" bw="6" slack="0"/>
<pin id="263" dir="0" index="7" bw="7" slack="0"/>
<pin id="264" dir="0" index="8" bw="8" slack="0"/>
<pin id="265" dir="0" index="9" bw="9" slack="0"/>
<pin id="266" dir="0" index="10" bw="10" slack="0"/>
<pin id="267" dir="0" index="11" bw="11" slack="0"/>
<pin id="268" dir="0" index="12" bw="12" slack="0"/>
<pin id="269" dir="0" index="13" bw="13" slack="0"/>
<pin id="270" dir="0" index="14" bw="14" slack="0"/>
<pin id="271" dir="0" index="15" bw="15" slack="0"/>
<pin id="272" dir="0" index="16" bw="16" slack="0"/>
<pin id="273" dir="0" index="17" bw="17" slack="0"/>
<pin id="274" dir="0" index="18" bw="18" slack="0"/>
<pin id="275" dir="0" index="19" bw="19" slack="0"/>
<pin id="276" dir="0" index="20" bw="20" slack="0"/>
<pin id="277" dir="0" index="21" bw="21" slack="0"/>
<pin id="278" dir="0" index="22" bw="22" slack="0"/>
<pin id="279" dir="0" index="23" bw="23" slack="0"/>
<pin id="280" dir="0" index="24" bw="24" slack="0"/>
<pin id="281" dir="0" index="25" bw="25" slack="0"/>
<pin id="282" dir="0" index="26" bw="26" slack="0"/>
<pin id="283" dir="0" index="27" bw="27" slack="0"/>
<pin id="284" dir="0" index="28" bw="28" slack="0"/>
<pin id="285" dir="0" index="29" bw="29" slack="0"/>
<pin id="286" dir="0" index="30" bw="30" slack="0"/>
<pin id="287" dir="0" index="31" bw="31" slack="0"/>
<pin id="288" dir="0" index="32" bw="32" slack="0"/>
<pin id="289" dir="0" index="33" bw="33" slack="0"/>
<pin id="290" dir="0" index="34" bw="34" slack="0"/>
<pin id="291" dir="0" index="35" bw="35" slack="0"/>
<pin id="292" dir="0" index="36" bw="36" slack="0"/>
<pin id="293" dir="0" index="37" bw="37" slack="0"/>
<pin id="294" dir="0" index="38" bw="38" slack="0"/>
<pin id="295" dir="0" index="39" bw="39" slack="0"/>
<pin id="296" dir="0" index="40" bw="40" slack="0"/>
<pin id="297" dir="0" index="41" bw="41" slack="0"/>
<pin id="298" dir="0" index="42" bw="42" slack="0"/>
<pin id="299" dir="0" index="43" bw="43" slack="0"/>
<pin id="300" dir="0" index="44" bw="44" slack="0"/>
<pin id="301" dir="0" index="45" bw="45" slack="0"/>
<pin id="302" dir="0" index="46" bw="46" slack="0"/>
<pin id="303" dir="0" index="47" bw="47" slack="0"/>
<pin id="304" dir="0" index="48" bw="48" slack="0"/>
<pin id="305" dir="0" index="49" bw="49" slack="0"/>
<pin id="306" dir="0" index="50" bw="50" slack="0"/>
<pin id="307" dir="0" index="51" bw="51" slack="0"/>
<pin id="308" dir="0" index="52" bw="52" slack="0"/>
<pin id="309" dir="0" index="53" bw="53" slack="0"/>
<pin id="310" dir="0" index="54" bw="54" slack="0"/>
<pin id="311" dir="0" index="55" bw="55" slack="0"/>
<pin id="312" dir="0" index="56" bw="56" slack="0"/>
<pin id="313" dir="0" index="57" bw="57" slack="0"/>
<pin id="314" dir="0" index="58" bw="58" slack="0"/>
<pin id="315" dir="0" index="59" bw="59" slack="0"/>
<pin id="316" dir="0" index="60" bw="60" slack="0"/>
<pin id="317" dir="0" index="61" bw="61" slack="0"/>
<pin id="318" dir="0" index="62" bw="62" slack="0"/>
<pin id="319" dir="0" index="63" bw="63" slack="0"/>
<pin id="320" dir="0" index="64" bw="64" slack="0"/>
<pin id="321" dir="0" index="65" bw="6" slack="0"/>
<pin id="322" dir="1" index="66" bw="64" slack="1"/>
</pin_list>
<bind>
<opcode="mux(1196) " fcode="mux"/>
<opset="currWord_keep_V_2/1 "/>
</bind>
</comp>

<comp id="389" class="1004" name="store_ln0_store_fu_389">
<pin_list>
<pin id="390" dir="0" index="0" bw="1" slack="0"/>
<pin id="391" dir="0" index="1" bw="1" slack="0"/>
<pin id="392" dir="1" index="2" bw="0" slack="2147483647"/>
</pin_list>
<bind>
<opcode="store(28) " fcode="store"/>
<opset="store_ln0/1 "/>
</bind>
</comp>

<comp id="395" class="1004" name="tmp_117_i_fu_395">
<pin_list>
<pin id="396" dir="0" index="0" bw="65" slack="0"/>
<pin id="397" dir="0" index="1" bw="1" slack="1"/>
<pin id="398" dir="0" index="2" bw="64" slack="0"/>
<pin id="399" dir="1" index="3" bw="65" slack="0"/>
</pin_list>
<bind>
<opcode="bitconcatenate(1004) " fcode="bitconcatenate"/>
<opset="tmp_117_i/2 "/>
</bind>
</comp>

<comp id="402" class="1004" name="p_s_fu_402">
<pin_list>
<pin id="403" dir="0" index="0" bw="1024" slack="0"/>
<pin id="404" dir="0" index="1" bw="1024" slack="1"/>
<pin id="405" dir="0" index="2" bw="65" slack="0"/>
<pin id="406" dir="0" index="3" bw="11" slack="0"/>
<pin id="407" dir="0" index="4" bw="11" slack="0"/>
<pin id="408" dir="1" index="5" bw="1024" slack="0"/>
</pin_list>
<bind>
<opcode="partset(1003) " fcode="partset"/>
<opset="p_s/2 "/>
</bind>
</comp>

<comp id="415" class="1005" name="cl_state_load_reg_415">
<pin_list>
<pin id="416" dir="0" index="0" bw="1" slack="1"/>
<pin id="417" dir="1" index="1" bw="1" slack="2147483647"/>
</pin_list>
<bind>
<opset="cl_state_load "/>
</bind>
</comp>

<comp id="419" class="1005" name="tmp_i_reg_419">
<pin_list>
<pin id="420" dir="0" index="0" bw="1" slack="1"/>
<pin id="421" dir="1" index="1" bw="1" slack="2147483647"/>
</pin_list>
<bind>
<opset="tmp_i "/>
</bind>
</comp>

<comp id="423" class="1005" name="tmp_keep_V_1_reg_423">
<pin_list>
<pin id="424" dir="0" index="0" bw="64" slack="1"/>
<pin id="425" dir="1" index="1" bw="64" slack="1"/>
</pin_list>
<bind>
<opset="tmp_keep_V_1 "/>
</bind>
</comp>

<comp id="428" class="1005" name="tmp_last_V_reg_428">
<pin_list>
<pin id="429" dir="0" index="0" bw="1" slack="1"/>
<pin id="430" dir="1" index="1" bw="1" slack="1"/>
</pin_list>
<bind>
<opset="tmp_last_V "/>
</bind>
</comp>

<comp id="433" class="1005" name="currWord_keep_V_2_reg_433">
<pin_list>
<pin id="434" dir="0" index="0" bw="64" slack="1"/>
<pin id="435" dir="1" index="1" bw="64" slack="1"/>
</pin_list>
<bind>
<opset="currWord_keep_V_2 "/>
</bind>
</comp>

</comp_list>

<net_list>
<net id="187"><net_src comp="20" pin="0"/><net_sink comp="182" pin=0"/></net>

<net id="188"><net_src comp="2" pin="0"/><net_sink comp="182" pin=1"/></net>

<net id="189"><net_src comp="18" pin="0"/><net_sink comp="182" pin=2"/></net>

<net id="194"><net_src comp="22" pin="0"/><net_sink comp="190" pin=0"/></net>

<net id="195"><net_src comp="2" pin="0"/><net_sink comp="190" pin=1"/></net>

<net id="201"><net_src comp="180" pin="0"/><net_sink comp="196" pin=0"/></net>

<net id="202"><net_src comp="4" pin="0"/><net_sink comp="196" pin=1"/></net>

<net id="217"><net_src comp="30" pin="0"/><net_sink comp="212" pin=0"/></net>

<net id="218"><net_src comp="190" pin="2"/><net_sink comp="212" pin=1"/></net>

<net id="219"><net_src comp="32" pin="0"/><net_sink comp="212" pin=2"/></net>

<net id="223"><net_src comp="190" pin="2"/><net_sink comp="220" pin=0"/></net>

<net id="224"><net_src comp="220" pin="1"/><net_sink comp="196" pin=2"/></net>

<net id="228"><net_src comp="0" pin="0"/><net_sink comp="225" pin=0"/></net>

<net id="235"><net_src comp="24" pin="0"/><net_sink comp="229" pin=0"/></net>

<net id="236"><net_src comp="190" pin="2"/><net_sink comp="229" pin=1"/></net>

<net id="237"><net_src comp="26" pin="0"/><net_sink comp="229" pin=2"/></net>

<net id="238"><net_src comp="28" pin="0"/><net_sink comp="229" pin=3"/></net>

<net id="245"><net_src comp="34" pin="0"/><net_sink comp="239" pin=0"/></net>

<net id="246"><net_src comp="190" pin="2"/><net_sink comp="239" pin=1"/></net>

<net id="247"><net_src comp="36" pin="0"/><net_sink comp="239" pin=2"/></net>

<net id="248"><net_src comp="38" pin="0"/><net_sink comp="239" pin=3"/></net>

<net id="253"><net_src comp="40" pin="0"/><net_sink comp="249" pin=0"/></net>

<net id="254"><net_src comp="0" pin="0"/><net_sink comp="249" pin=1"/></net>

<net id="323"><net_src comp="42" pin="0"/><net_sink comp="255" pin=0"/></net>

<net id="324"><net_src comp="44" pin="0"/><net_sink comp="255" pin=1"/></net>

<net id="325"><net_src comp="46" pin="0"/><net_sink comp="255" pin=2"/></net>

<net id="326"><net_src comp="48" pin="0"/><net_sink comp="255" pin=3"/></net>

<net id="327"><net_src comp="50" pin="0"/><net_sink comp="255" pin=4"/></net>

<net id="328"><net_src comp="52" pin="0"/><net_sink comp="255" pin=5"/></net>

<net id="329"><net_src comp="54" pin="0"/><net_sink comp="255" pin=6"/></net>

<net id="330"><net_src comp="56" pin="0"/><net_sink comp="255" pin=7"/></net>

<net id="331"><net_src comp="58" pin="0"/><net_sink comp="255" pin=8"/></net>

<net id="332"><net_src comp="60" pin="0"/><net_sink comp="255" pin=9"/></net>

<net id="333"><net_src comp="62" pin="0"/><net_sink comp="255" pin=10"/></net>

<net id="334"><net_src comp="64" pin="0"/><net_sink comp="255" pin=11"/></net>

<net id="335"><net_src comp="66" pin="0"/><net_sink comp="255" pin=12"/></net>

<net id="336"><net_src comp="68" pin="0"/><net_sink comp="255" pin=13"/></net>

<net id="337"><net_src comp="70" pin="0"/><net_sink comp="255" pin=14"/></net>

<net id="338"><net_src comp="72" pin="0"/><net_sink comp="255" pin=15"/></net>

<net id="339"><net_src comp="74" pin="0"/><net_sink comp="255" pin=16"/></net>

<net id="340"><net_src comp="76" pin="0"/><net_sink comp="255" pin=17"/></net>

<net id="341"><net_src comp="78" pin="0"/><net_sink comp="255" pin=18"/></net>

<net id="342"><net_src comp="80" pin="0"/><net_sink comp="255" pin=19"/></net>

<net id="343"><net_src comp="82" pin="0"/><net_sink comp="255" pin=20"/></net>

<net id="344"><net_src comp="84" pin="0"/><net_sink comp="255" pin=21"/></net>

<net id="345"><net_src comp="86" pin="0"/><net_sink comp="255" pin=22"/></net>

<net id="346"><net_src comp="88" pin="0"/><net_sink comp="255" pin=23"/></net>

<net id="347"><net_src comp="90" pin="0"/><net_sink comp="255" pin=24"/></net>

<net id="348"><net_src comp="92" pin="0"/><net_sink comp="255" pin=25"/></net>

<net id="349"><net_src comp="94" pin="0"/><net_sink comp="255" pin=26"/></net>

<net id="350"><net_src comp="96" pin="0"/><net_sink comp="255" pin=27"/></net>

<net id="351"><net_src comp="98" pin="0"/><net_sink comp="255" pin=28"/></net>

<net id="352"><net_src comp="100" pin="0"/><net_sink comp="255" pin=29"/></net>

<net id="353"><net_src comp="102" pin="0"/><net_sink comp="255" pin=30"/></net>

<net id="354"><net_src comp="104" pin="0"/><net_sink comp="255" pin=31"/></net>

<net id="355"><net_src comp="106" pin="0"/><net_sink comp="255" pin=32"/></net>

<net id="356"><net_src comp="108" pin="0"/><net_sink comp="255" pin=33"/></net>

<net id="357"><net_src comp="110" pin="0"/><net_sink comp="255" pin=34"/></net>

<net id="358"><net_src comp="112" pin="0"/><net_sink comp="255" pin=35"/></net>

<net id="359"><net_src comp="114" pin="0"/><net_sink comp="255" pin=36"/></net>

<net id="360"><net_src comp="116" pin="0"/><net_sink comp="255" pin=37"/></net>

<net id="361"><net_src comp="118" pin="0"/><net_sink comp="255" pin=38"/></net>

<net id="362"><net_src comp="120" pin="0"/><net_sink comp="255" pin=39"/></net>

<net id="363"><net_src comp="122" pin="0"/><net_sink comp="255" pin=40"/></net>

<net id="364"><net_src comp="124" pin="0"/><net_sink comp="255" pin=41"/></net>

<net id="365"><net_src comp="126" pin="0"/><net_sink comp="255" pin=42"/></net>

<net id="366"><net_src comp="128" pin="0"/><net_sink comp="255" pin=43"/></net>

<net id="367"><net_src comp="130" pin="0"/><net_sink comp="255" pin=44"/></net>

<net id="368"><net_src comp="132" pin="0"/><net_sink comp="255" pin=45"/></net>

<net id="369"><net_src comp="134" pin="0"/><net_sink comp="255" pin=46"/></net>

<net id="370"><net_src comp="136" pin="0"/><net_sink comp="255" pin=47"/></net>

<net id="371"><net_src comp="138" pin="0"/><net_sink comp="255" pin=48"/></net>

<net id="372"><net_src comp="140" pin="0"/><net_sink comp="255" pin=49"/></net>

<net id="373"><net_src comp="142" pin="0"/><net_sink comp="255" pin=50"/></net>

<net id="374"><net_src comp="144" pin="0"/><net_sink comp="255" pin=51"/></net>

<net id="375"><net_src comp="146" pin="0"/><net_sink comp="255" pin=52"/></net>

<net id="376"><net_src comp="148" pin="0"/><net_sink comp="255" pin=53"/></net>

<net id="377"><net_src comp="150" pin="0"/><net_sink comp="255" pin=54"/></net>

<net id="378"><net_src comp="152" pin="0"/><net_sink comp="255" pin=55"/></net>

<net id="379"><net_src comp="154" pin="0"/><net_sink comp="255" pin=56"/></net>

<net id="380"><net_src comp="156" pin="0"/><net_sink comp="255" pin=57"/></net>

<net id="381"><net_src comp="158" pin="0"/><net_sink comp="255" pin=58"/></net>

<net id="382"><net_src comp="160" pin="0"/><net_sink comp="255" pin=59"/></net>

<net id="383"><net_src comp="162" pin="0"/><net_sink comp="255" pin=60"/></net>

<net id="384"><net_src comp="164" pin="0"/><net_sink comp="255" pin=61"/></net>

<net id="385"><net_src comp="166" pin="0"/><net_sink comp="255" pin=62"/></net>

<net id="386"><net_src comp="168" pin="0"/><net_sink comp="255" pin=63"/></net>

<net id="387"><net_src comp="170" pin="0"/><net_sink comp="255" pin=64"/></net>

<net id="388"><net_src comp="239" pin="4"/><net_sink comp="255" pin=65"/></net>

<net id="393"><net_src comp="172" pin="0"/><net_sink comp="389" pin=0"/></net>

<net id="394"><net_src comp="0" pin="0"/><net_sink comp="389" pin=1"/></net>

<net id="400"><net_src comp="174" pin="0"/><net_sink comp="395" pin=0"/></net>

<net id="401"><net_src comp="206" pin="4"/><net_sink comp="395" pin=2"/></net>

<net id="409"><net_src comp="176" pin="0"/><net_sink comp="402" pin=0"/></net>

<net id="410"><net_src comp="220" pin="1"/><net_sink comp="402" pin=1"/></net>

<net id="411"><net_src comp="395" pin="3"/><net_sink comp="402" pin=2"/></net>

<net id="412"><net_src comp="26" pin="0"/><net_sink comp="402" pin=3"/></net>

<net id="413"><net_src comp="178" pin="0"/><net_sink comp="402" pin=4"/></net>

<net id="414"><net_src comp="402" pin="5"/><net_sink comp="196" pin=2"/></net>

<net id="418"><net_src comp="225" pin="1"/><net_sink comp="415" pin=0"/></net>

<net id="422"><net_src comp="182" pin="3"/><net_sink comp="419" pin=0"/></net>

<net id="426"><net_src comp="229" pin="4"/><net_sink comp="423" pin=0"/></net>

<net id="427"><net_src comp="423" pin="1"/><net_sink comp="206" pin=2"/></net>

<net id="431"><net_src comp="212" pin="3"/><net_sink comp="428" pin=0"/></net>

<net id="432"><net_src comp="428" pin="1"/><net_sink comp="395" pin=1"/></net>

<net id="436"><net_src comp="255" pin="66"/><net_sink comp="433" pin=0"/></net>

<net id="437"><net_src comp="433" pin="1"/><net_sink comp="206" pin=0"/></net>

</net_list>

</model> 
---------------- Datapath Model END ------------------

* FSMD analyzer results:
  - Output states:
	Port: cl_state | {1 }
	Port: ipDataCutFifo | {2 }
 - Input state : 
	Port: cut_length : cl_state | {1 }
	Port: cut_length : ipDataDropFifo | {1 }
  - Chain level:
	State 1
		br_ln302 : 1
		br_ln314 : 1
		currWord_keep_V_2 : 1
		br_ln330 : 1
	State 2
		tmp_117_i : 1
		p_s : 2
		write_ln174 : 3


============================================================
+ Verbose Summary: Datapath Resource usage 
============================================================

* Functional unit list:
|----------|--------------------------|---------|---------|
| Operation|      Functional Unit     |    FF   |   LUT   |
|----------|--------------------------|---------|---------|
|    mux   | currWord_keep_V_2_fu_255 |    0    |   273   |
|----------|--------------------------|---------|---------|
| nbreadreq|  tmp_i_nbreadreq_fu_182  |    0    |    0    |
|----------|--------------------------|---------|---------|
|   read   |      grp_read_fu_190     |    0    |    0    |
|----------|--------------------------|---------|---------|
|   write  |     grp_write_fu_196     |    0    |    0    |
|----------|--------------------------|---------|---------|
| bitselect|        grp_fu_212        |    0    |    0    |
|----------|--------------------------|---------|---------|
|partselect|    tmp_keep_V_1_fu_229   |    0    |    0    |
|          |     agg_tmp_i_fu_239     |    0    |    0    |
|----------|--------------------------|---------|---------|
|bitconcatenate|     tmp_117_i_fu_395     |    0    |    0    |
|----------|--------------------------|---------|---------|
|  partset |        p_s_fu_402        |    0    |    0    |
|----------|--------------------------|---------|---------|
|   Total  |                          |    0    |   273   |
|----------|--------------------------|---------|---------|

Memories:
N/A

* Register list:
+-------------------------+--------+
|                         |   FF   |
+-------------------------+--------+
|  cl_state_load_reg_415  |    1   |
|currWord_keep_V_2_reg_433|   64   |
| currWord_keep_V_reg_203 |   64   |
|         reg_220         |  1024  |
|      tmp_i_reg_419      |    1   |
|   tmp_keep_V_1_reg_423  |   64   |
|    tmp_last_V_reg_428   |    1   |
+-------------------------+--------+
|          Total          |  1219  |
+-------------------------+--------+

* Multiplexer (MUX) list: 
|------------------|------|------|------|--------||---------||---------|
|       Comp       |  Pin | Size |  BW  | S x BW ||  Delay  ||   LUT   |
|------------------|------|------|------|--------||---------||---------|
| grp_write_fu_196 |  p2  |   2  | 1024 |  2048  ||    9    |
|------------------|------|------|------|--------||---------||---------|
|       Total      |      |      |      |  2048  ||  0.387  ||    9    |
|------------------|------|------|------|--------||---------||---------|



* Summary:
+-----------+--------+--------+--------+
|           |  Delay |   FF   |   LUT  |
+-----------+--------+--------+--------+
|  Function |    -   |    0   |   273  |
|   Memory  |    -   |    -   |    -   |
|Multiplexer|    0   |    -   |    9   |
|  Register |    -   |  1219  |    -   |
+-----------+--------+--------+--------+
|   Total   |    0   |  1219  |   282  |
+-----------+--------+--------+--------+
