

================================================================
== Vitis HLS Report for 'detect_eth_protocol_512_s'
================================================================
* Date:           Tue Jul 11 09:18:18 2023

* Version:        2022.1 (Build 3526262 on Mon Apr 18 15:47:01 MDT 2022)
* Project:        ip_handler_prj
* Solution:       solution1 (Vivado IP Flow Target)
* Product family: virtexuplus
* Target device:  xcu280-fsvh2892-2L-e


================================================================
== Performance Estimates
================================================================
+ Timing: 
    * Summary: 
    +--------+---------+----------+------------+
    |  Clock |  Target | Estimated| Uncertainty|
    +--------+---------+----------+------------+
    |ap_clk  |  3.20 ns|  2.164 ns|     0.86 ns|
    +--------+---------+----------+------------+

+ Latency: 
    * Summary: 
    +---------+---------+----------+----------+-----+-----+---------+
    |  Latency (cycles) |  Latency (absolute) |  Interval | Pipeline|
    |   min   |   max   |    min   |    max   | min | max |   Type  |
    +---------+---------+----------+----------+-----+-----+---------+
    |        1|        1|  3.200 ns|  3.200 ns|    2|    2|      yes|
    +---------+---------+----------+----------+-----+-----+---------+

    + Detail: 
        * Instance: 
        N/A

        * Loop: 
        N/A

============================================================
+ Verbose Summary: Synthesis Manager
============================================================
InlineROM: 1
ExposeGlobal: 0
============================================================
+ Verbose Summary: CDFG Model
============================================================
IsTopModel: 0
ResetActiveHigh: 1
IsCombinational: 2
IsDatapathOnly: 0
HasWiredReturn: 1
HasMFsm: 2
HasVarLatency: 0
IsPipeline: 1
IsRtlPipelined: 0
IsInstanceOverlapped: 0
IsDontTouch: 0
HasImplIP: 0
IsGatedGlobalClock: 0

+ Individual pipeline summary: 
  * Pipeline-0: initiation interval (II) = 2, depth = 2


============================================================
+ Verbose Summary: Schedule
============================================================
* Number of FSM states : 2
* Pipeline : 1
  Pipeline-0 : II = 2, D = 2, States = { 1 2 }
* Dataflow Pipeline: 0

* FSM state transitions: 
1 --> 2 
2 --> 

* FSM state operations: 

State 1 <SV = 0> <Delay = 1.12>
ST_1 : Operation 3 [1/1] (0.00ns)   --->   "%specinterface_ln0 = specinterface void @_ssdm_op_SpecInterface, i1024 %ethDataFifo, void @empty_2, i32 0, i32 0, void @empty, i32 0, i32 0, void @empty, void @empty, void @empty, i32 0, i32 0, i32 0, i32 0, void @empty, void @empty, i32 4294967295, i32 0"   --->   Operation 3 'specinterface' 'specinterface_ln0' <Predicate = true> <Delay = 0.00>
ST_1 : Operation 4 [1/1] (0.00ns)   --->   "%specinterface_ln0 = specinterface void @_ssdm_op_SpecInterface, i1024 %ethDataFifo, void @empty_2, i32 0, i32 0, void @empty, i32 0, i32 0, void @empty, void @empty, void @empty, i32 0, i32 0, i32 0, i32 0, void @empty, void @empty, i32 4294967295, i32 0"   --->   Operation 4 'specinterface' 'specinterface_ln0' <Predicate = true> <Delay = 0.00>
ST_1 : Operation 5 [1/1] (0.00ns)   --->   "%specinterface_ln0 = specinterface void @_ssdm_op_SpecInterface, i1024 %ethDataFifo, void @empty_2, i32 0, i32 0, void @empty, i32 0, i32 0, void @empty, void @empty, void @empty, i32 0, i32 0, i32 0, i32 0, void @empty, void @empty, i32 4294967295, i32 0"   --->   Operation 5 'specinterface' 'specinterface_ln0' <Predicate = true> <Delay = 0.00>
ST_1 : Operation 6 [1/1] (0.00ns)   --->   "%specinterface_ln0 = specinterface void @_ssdm_op_SpecInterface, i16 %etherTypeFifo, void @empty_2, i32 0, i32 0, void @empty, i32 0, i32 0, void @empty, void @empty, void @empty, i32 0, i32 0, i32 0, i32 0, void @empty, void @empty, i32 4294967295, i32 0"   --->   Operation 6 'specinterface' 'specinterface_ln0' <Predicate = true> <Delay = 0.00>
ST_1 : Operation 7 [1/1] (0.00ns)   --->   "%specinterface_ln0 = specinterface void @_ssdm_op_SpecInterface, i16 %etherTypeFifo, void @empty_2, i32 0, i32 0, void @empty, i32 0, i32 0, void @empty, void @empty, void @empty, i32 0, i32 0, i32 0, i32 0, void @empty, void @empty, i32 4294967295, i32 0"   --->   Operation 7 'specinterface' 'specinterface_ln0' <Predicate = true> <Delay = 0.00>
ST_1 : Operation 8 [1/1] (0.00ns)   --->   "%specinterface_ln0 = specinterface void @_ssdm_op_SpecInterface, i16 %etherTypeFifo, void @empty_2, i32 0, i32 0, void @empty, i32 0, i32 0, void @empty, void @empty, void @empty, i32 0, i32 0, i32 0, i32 0, void @empty, void @empty, i32 4294967295, i32 0"   --->   Operation 8 'specinterface' 'specinterface_ln0' <Predicate = true> <Delay = 0.00>
ST_1 : Operation 9 [1/1] (0.00ns)   --->   "%specinterface_ln0 = specinterface void @_ssdm_op_SpecInterface, i1024 %ethDataFifo, void @empty_2, i32 0, i32 0, void @empty, i32 0, i32 0, void @empty, void @empty, void @empty, i32 0, i32 0, i32 0, i32 0, void @empty, void @empty, i32 4294967295, i32 0"   --->   Operation 9 'specinterface' 'specinterface_ln0' <Predicate = true> <Delay = 0.00>
ST_1 : Operation 10 [1/1] (0.00ns)   --->   "%specinterface_ln0 = specinterface void @_ssdm_op_SpecInterface, i16 %etherTypeFifo, void @empty_2, i32 0, i32 0, void @empty, i32 0, i32 0, void @empty, void @empty, void @empty, i32 0, i32 0, i32 0, i32 0, void @empty, void @empty, i32 4294967295, i32 0"   --->   Operation 10 'specinterface' 'specinterface_ln0' <Predicate = true> <Delay = 0.00>
ST_1 : Operation 11 [1/1] (0.00ns)   --->   "%specinterface_ln0 = specinterface void @_ssdm_op_SpecInterface, i1024 %s_axis_raw, void @empty_4, i32 1, i32 1, void @empty_0, i32 0, i32 0, void @empty, void @empty, void @empty, i32 0, i32 0, i32 0, i32 0, void @empty, void @empty, i32 4294967295, i32 0"   --->   Operation 11 'specinterface' 'specinterface_ln0' <Predicate = true> <Delay = 0.00>
ST_1 : Operation 12 [1/1] (0.00ns)   --->   "%specpipeline_ln38 = specpipeline void @_ssdm_op_SpecPipeline, i32 1, i32 0, i32 0, i32 0, void @empty" [/mnt/scratch/pyuvaraj/Vitis_RoCE_W/Vitis_RoCE/fpga-network-stack/hls/ip_handler/ip_handler.cpp:38]   --->   Operation 12 'specpipeline' 'specpipeline_ln38' <Predicate = true> <Delay = 0.00>
ST_1 : Operation 13 [1/1] (0.00ns)   --->   "%tmp_i = nbreadreq i1 @_ssdm_op_NbReadReq.axis.i1024P128A, i1024 %s_axis_raw, i32 1" [/tools/Xilinx/Vitis_HLS/2022.1/common/technology/autopilot/hls_stream_39.h:136]   --->   Operation 13 'nbreadreq' 'tmp_i' <Predicate = true> <Delay = 0.00> <CoreInst = "axis">   --->   Core 123 'axis' <Latency = 0> <II = 1> <Delay = 1.00> <Adapter> <Opcode : >
ST_1 : Operation 14 [1/1] (0.00ns)   --->   "%br_ln47 = br i1 %tmp_i, void %detect_eth_protocol<512>.exit, void %if.then.i" [/mnt/scratch/pyuvaraj/Vitis_RoCE_W/Vitis_RoCE/fpga-network-stack/hls/ip_handler/ip_handler.cpp:47]   --->   Operation 14 'br' 'br_ln47' <Predicate = true> <Delay = 0.00>
ST_1 : Operation 15 [1/1] (0.00ns)   --->   "%header_ready_1_load = load i1 %header_ready_1" [/mnt/scratch/pyuvaraj/Vitis_RoCE_W/Vitis_RoCE/fpga-network-stack/hls/ip_handler/../ethernet/../packet.hpp:55]   --->   Operation 15 'load' 'header_ready_1_load' <Predicate = (tmp_i)> <Delay = 0.00>
ST_1 : Operation 16 [1/1] (0.00ns)   --->   "%header_idx_1_load = load i16 %header_idx_1" [/mnt/scratch/pyuvaraj/Vitis_RoCE_W/Vitis_RoCE/fpga-network-stack/hls/ip_handler/../ethernet/../packet.hpp:58]   --->   Operation 16 'load' 'header_idx_1_load' <Predicate = (tmp_i & !header_ready_1_load)> <Delay = 0.00>
ST_1 : Operation 17 [1/1] (0.00ns)   --->   "%shl_ln = bitconcatenate i25 @_ssdm_op_BitConcatenate.i25.i16.i9, i16 %header_idx_1_load, i9 0" [/mnt/scratch/pyuvaraj/Vitis_RoCE_W/Vitis_RoCE/fpga-network-stack/hls/ip_handler/../ethernet/../packet.hpp:58]   --->   Operation 17 'bitconcatenate' 'shl_ln' <Predicate = (tmp_i & !header_ready_1_load)> <Delay = 0.00>
ST_1 : Operation 18 [1/1] (0.78ns)   --->   "%add_ln67 = add i16 %header_idx_1_load, i16 1" [/mnt/scratch/pyuvaraj/Vitis_RoCE_W/Vitis_RoCE/fpga-network-stack/hls/ip_handler/../ethernet/../packet.hpp:67]   --->   Operation 18 'add' 'add_ln67' <Predicate = (tmp_i & !header_ready_1_load)> <Delay = 0.78> <CoreInst = "Adder">   --->   Core 1 'Adder' <Latency = 0> <II = 1> <Delay = 0.78> <FuncUnit> <Opcode : 'add' 'sub'> <InPorts = 2> <OutPorts = 1>
ST_1 : Operation 19 [1/1] (0.77ns)   --->   "%icmp_ln414 = icmp_ugt  i25 %shl_ln, i25 111"   --->   Operation 19 'icmp' 'icmp_ln414' <Predicate = (tmp_i & !header_ready_1_load)> <Delay = 0.77> <CoreInst = "Cmp">   --->   Core 9 'Cmp' <Latency = 0> <II = 1> <Delay = 0.77> <FuncUnit> <Opcode : 'icmp'> <InPorts = 2> <OutPorts = 1>
ST_1 : Operation 20 [1/1] (0.00ns) (grouped into LUT with out node or_ln414)   --->   "%select_ln414_5 = select i1 %icmp_ln414, i112 2596148429267413814265248164610047, i112 0"   --->   Operation 20 'select' 'select_ln414_5' <Predicate = (tmp_i & !header_ready_1_load)> <Delay = 0.00> <CoreInst = "Sel">   --->   Core 73 'Sel' <Latency = 0> <II = 1> <Delay = 0.34> <FuncUnit> <Opcode : 'select'> <InPorts = 3> <OutPorts = 1>
ST_1 : Operation 21 [1/1] (0.00ns) (grouped into LUT with out node or_ln414)   --->   "%select_ln414_6 = select i1 %icmp_ln414, i112 5192296858534827628530496329220094, i112 0"   --->   Operation 21 'select' 'select_ln414_6' <Predicate = (tmp_i & !header_ready_1_load)> <Delay = 0.00> <CoreInst = "Sel">   --->   Core 73 'Sel' <Latency = 0> <II = 1> <Delay = 0.27> <FuncUnit> <Opcode : 'select'> <InPorts = 3> <OutPorts = 1>
ST_1 : Operation 22 [1/1] (0.34ns) (out node of the LUT)   --->   "%or_ln414 = or i112 %select_ln414_5, i112 %select_ln414_6"   --->   Operation 22 'or' 'or_ln414' <Predicate = (tmp_i & !header_ready_1_load)> <Delay = 0.34> <CoreInst = "LogicGate">   --->   Core 74 'LogicGate' <Latency = 0> <II = 1> <Delay = 0.26> <FuncUnit> <Opcode : 'and' 'or' 'xor'> <InPorts = 2> <OutPorts = 1>
ST_1 : Operation 23 [1/1] (0.00ns)   --->   "%store_ln65 = store i1 1, i1 %header_ready_1" [/mnt/scratch/pyuvaraj/Vitis_RoCE_W/Vitis_RoCE/fpga-network-stack/hls/ip_handler/../ethernet/../packet.hpp:65]   --->   Operation 23 'store' 'store_ln65' <Predicate = (tmp_i & !header_ready_1_load)> <Delay = 0.00>
ST_1 : Operation 24 [1/1] (0.00ns)   --->   "%store_ln67 = store i16 %add_ln67, i16 %header_idx_1" [/mnt/scratch/pyuvaraj/Vitis_RoCE_W/Vitis_RoCE/fpga-network-stack/hls/ip_handler/../ethernet/../packet.hpp:67]   --->   Operation 24 'store' 'store_ln67' <Predicate = (tmp_i & !header_ready_1_load)> <Delay = 0.00>
ST_1 : Operation 25 [1/1] (0.00ns)   --->   "%metaWritten_1_load = load i1 %metaWritten_1" [/mnt/scratch/pyuvaraj/Vitis_RoCE_W/Vitis_RoCE/fpga-network-stack/hls/ip_handler/ip_handler.cpp:54]   --->   Operation 25 'load' 'metaWritten_1_load' <Predicate = (tmp_i)> <Delay = 0.00>

State 2 <SV = 1> <Delay = 2.16>
ST_2 : Operation 26 [1/1] (0.00ns)   --->   "%s_axis_raw_read = read i1024 @_ssdm_op_Read.axis.volatile.i1024P128A, i1024 %s_axis_raw" [/tools/Xilinx/Vitis_HLS/2022.1/common/technology/autopilot/hls_stream_39.h:145]   --->   Operation 26 'read' 's_axis_raw_read' <Predicate = (tmp_i)> <Delay = 0.00> <CoreInst = "axis">   --->   Core 123 'axis' <Latency = 0> <II = 1> <Delay = 1.00> <Adapter> <Opcode : >
ST_2 : Operation 27 [1/1] (0.00ns)   --->   "%tmp_last_V = bitselect i1 @_ssdm_op_BitSelect.i1.i1024.i1024, i1024 %s_axis_raw_read, i1024 576" [/tools/Xilinx/Vitis_HLS/2022.1/common/technology/autopilot/hls_stream_39.h:145]   --->   Operation 27 'bitselect' 'tmp_last_V' <Predicate = (tmp_i)> <Delay = 0.00>
ST_2 : Operation 28 [1/1] (0.00ns)   --->   "%p_Val2_s = load i112 %header_header_V_1"   --->   Operation 28 'load' 'p_Val2_s' <Predicate = (tmp_i)> <Delay = 0.00>
ST_2 : Operation 29 [1/1] (0.38ns)   --->   "%br_ln55 = br i1 %header_ready_1_load, void %if.end.i.i, void %land.lhs.true.i" [/mnt/scratch/pyuvaraj/Vitis_RoCE_W/Vitis_RoCE/fpga-network-stack/hls/ip_handler/../ethernet/../packet.hpp:55]   --->   Operation 29 'br' 'br_ln55' <Predicate = (tmp_i)> <Delay = 0.38>
ST_2 : Operation 30 [1/1] (0.00ns)   --->   "%tmp_75 = trunc i1024 %s_axis_raw_read"   --->   Operation 30 'trunc' 'tmp_75' <Predicate = (tmp_i & !header_ready_1_load)> <Delay = 0.00>
ST_2 : Operation 31 [1/1] (0.00ns) (grouped into LUT with out node and_ln414_2)   --->   "%trunc_ln414 = trunc i1024 %s_axis_raw_read"   --->   Operation 31 'trunc' 'trunc_ln414' <Predicate = (tmp_i & !header_ready_1_load & icmp_ln414)> <Delay = 0.00>
ST_2 : Operation 32 [1/1] (0.00ns) (grouped into LUT with out node and_ln414_2)   --->   "%st = bitconcatenate i112 @_ssdm_op_BitConcatenate.i112.i1.i111, i1 %trunc_ln414, i111 0"   --->   Operation 32 'bitconcatenate' 'st' <Predicate = (tmp_i & !header_ready_1_load & icmp_ln414)> <Delay = 0.00>
ST_2 : Operation 33 [1/1] (0.00ns) (grouped into LUT with out node and_ln414_2)   --->   "%select_ln414 = select i1 %icmp_ln414, i112 %st, i112 %tmp_75"   --->   Operation 33 'select' 'select_ln414' <Predicate = (tmp_i & !header_ready_1_load & icmp_ln414)> <Delay = 0.00> <CoreInst = "Sel">   --->   Core 73 'Sel' <Latency = 0> <II = 1> <Delay = 0.34> <FuncUnit> <Opcode : 'select'> <InPorts = 3> <OutPorts = 1>
ST_2 : Operation 34 [1/1] (0.00ns) (grouped into LUT with out node and_ln414_2)   --->   "%tmp = partselect i112 @llvm.part.select.i112, i112 %select_ln414, i32 111, i32 0"   --->   Operation 34 'partselect' 'tmp' <Predicate = (tmp_i & !header_ready_1_load & icmp_ln414)> <Delay = 0.00>
ST_2 : Operation 35 [1/1] (0.00ns) (grouped into LUT with out node and_ln414_2)   --->   "%select_ln414_4 = select i1 %icmp_ln414, i112 %tmp, i112 %tmp_75"   --->   Operation 35 'select' 'select_ln414_4' <Predicate = (tmp_i & !header_ready_1_load)> <Delay = 0.00> <CoreInst = "Sel">   --->   Core 73 'Sel' <Latency = 0> <II = 1> <Delay = 0.34> <FuncUnit> <Opcode : 'select'> <InPorts = 3> <OutPorts = 1>
ST_2 : Operation 36 [1/1] (0.00ns) (grouped into LUT with out node and_ln414_2)   --->   "%xor_ln414 = xor i112 %or_ln414, i112 5192296858534827628530496329220095"   --->   Operation 36 'xor' 'xor_ln414' <Predicate = (tmp_i & !header_ready_1_load)> <Delay = 0.00> <CoreInst = "LogicGate">   --->   Core 74 'LogicGate' <Latency = 0> <II = 1> <Delay = 0.26> <FuncUnit> <Opcode : 'and' 'or' 'xor'> <InPorts = 2> <OutPorts = 1>
ST_2 : Operation 37 [1/1] (0.00ns) (grouped into LUT with out node p_Result_s)   --->   "%and_ln414 = and i112 %p_Val2_s, i112 %or_ln414"   --->   Operation 37 'and' 'and_ln414' <Predicate = (tmp_i & !header_ready_1_load)> <Delay = 0.00> <CoreInst = "LogicGate">   --->   Core 74 'LogicGate' <Latency = 0> <II = 1> <Delay = 0.26> <FuncUnit> <Opcode : 'and' 'or' 'xor'> <InPorts = 2> <OutPorts = 1>
ST_2 : Operation 38 [1/1] (0.34ns) (out node of the LUT)   --->   "%and_ln414_2 = and i112 %select_ln414_4, i112 %xor_ln414"   --->   Operation 38 'and' 'and_ln414_2' <Predicate = (tmp_i & !header_ready_1_load)> <Delay = 0.34> <CoreInst = "LogicGate">   --->   Core 74 'LogicGate' <Latency = 0> <II = 1> <Delay = 0.26> <FuncUnit> <Opcode : 'and' 'or' 'xor'> <InPorts = 2> <OutPorts = 1>
ST_2 : Operation 39 [1/1] (0.26ns) (out node of the LUT)   --->   "%p_Result_s = or i112 %and_ln414, i112 %and_ln414_2"   --->   Operation 39 'or' 'p_Result_s' <Predicate = (tmp_i & !header_ready_1_load)> <Delay = 0.26> <CoreInst = "LogicGate">   --->   Core 74 'LogicGate' <Latency = 0> <II = 1> <Delay = 0.26> <FuncUnit> <Opcode : 'and' 'or' 'xor'> <InPorts = 2> <OutPorts = 1>
ST_2 : Operation 40 [1/1] (0.00ns)   --->   "%store_ln414 = store i112 %p_Result_s, i112 %header_header_V_1"   --->   Operation 40 'store' 'store_ln414' <Predicate = (tmp_i & !header_ready_1_load)> <Delay = 0.00>
ST_2 : Operation 41 [1/1] (0.38ns)   --->   "%br_ln0 = br void %land.lhs.true.i"   --->   Operation 41 'br' 'br_ln0' <Predicate = (tmp_i & !header_ready_1_load)> <Delay = 0.38>
ST_2 : Operation 42 [1/1] (0.00ns)   --->   "%p_Val2_8 = phi i112 %p_Val2_s, void %if.then.i, i112 %p_Result_s, void %if.end.i.i"   --->   Operation 42 'phi' 'p_Val2_8' <Predicate = (tmp_i)> <Delay = 0.00>
ST_2 : Operation 43 [1/1] (0.38ns)   --->   "%br_ln54 = br i1 %metaWritten_1_load, void %if.then4.i, void %if.end.i" [/mnt/scratch/pyuvaraj/Vitis_RoCE_W/Vitis_RoCE/fpga-network-stack/hls/ip_handler/ip_handler.cpp:54]   --->   Operation 43 'br' 'br_ln54' <Predicate = (tmp_i)> <Delay = 0.38>
ST_2 : Operation 44 [1/1] (0.00ns)   --->   "%tmp_i_47 = partselect i8 @_ssdm_op_PartSelect.i8.i112.i32.i32, i112 %p_Val2_8, i32 104, i32 111"   --->   Operation 44 'partselect' 'tmp_i_47' <Predicate = (tmp_i & !metaWritten_1_load)> <Delay = 0.00>
ST_2 : Operation 45 [1/1] (0.00ns)   --->   "%tmp_73_i = partselect i8 @_ssdm_op_PartSelect.i8.i112.i32.i32, i112 %p_Val2_8, i32 96, i32 103"   --->   Operation 45 'partselect' 'tmp_73_i' <Predicate = (tmp_i & !metaWritten_1_load)> <Delay = 0.00>
ST_2 : Operation 46 [1/1] (0.00ns)   --->   "%p_Result_31 = bitconcatenate i16 @_ssdm_op_BitConcatenate.i16.i8.i8, i8 %tmp_73_i, i8 %tmp_i_47"   --->   Operation 46 'bitconcatenate' 'p_Result_31' <Predicate = (tmp_i & !metaWritten_1_load)> <Delay = 0.00>
ST_2 : Operation 47 [1/1] (1.16ns)   --->   "%write_ln174 = write void @_ssdm_op_Write.ap_fifo.volatile.i16P0A, i16 %etherTypeFifo, i16 %p_Result_31" [/tools/Xilinx/Vitis_HLS/2022.1/common/technology/autopilot/hls_stream_39.h:174]   --->   Operation 47 'write' 'write_ln174' <Predicate = (tmp_i & !metaWritten_1_load)> <Delay = 1.16> <CoreInst = "FIFO_SRL">   --->   Core 81 'FIFO_SRL' <Latency = 0> <II = 1> <Delay = 1.34> <Storage> <Opcode : 'read' 'write' 'nbread' 'nbwrite'> <Ports = 0> <Width = 16> <Depth = 2> <FIFO>
ST_2 : Operation 48 [1/1] (0.38ns)   --->   "%br_ln59 = br void %if.end.i" [/mnt/scratch/pyuvaraj/Vitis_RoCE_W/Vitis_RoCE/fpga-network-stack/hls/ip_handler/ip_handler.cpp:59]   --->   Operation 48 'br' 'br_ln59' <Predicate = (tmp_i & !metaWritten_1_load)> <Delay = 0.38>
ST_2 : Operation 49 [1/1] (0.00ns)   --->   "%metaWritten_1_flag_0_i = phi i1 0, void %land.lhs.true.i, i1 1, void %if.then4.i"   --->   Operation 49 'phi' 'metaWritten_1_flag_0_i' <Predicate = (tmp_i)> <Delay = 0.00>
ST_2 : Operation 50 [1/1] (1.16ns)   --->   "%write_ln174 = write void @_ssdm_op_Write.ap_fifo.volatile.i1024P0A, i1024 %ethDataFifo, i1024 %s_axis_raw_read" [/tools/Xilinx/Vitis_HLS/2022.1/common/technology/autopilot/hls_stream_39.h:174]   --->   Operation 50 'write' 'write_ln174' <Predicate = (tmp_i)> <Delay = 1.16> <CoreInst = "FIFO">   --->   Core 78 'FIFO' <Latency = 0> <II = 1> <Delay = 1.28> <Storage> <Opcode : 'read' 'write' 'nbread' 'nbwrite'> <Ports = 0> <Width = 1024> <Depth = 4> <FIFO>
ST_2 : Operation 51 [1/1] (0.38ns)   --->   "%br_ln62 = br i1 %tmp_last_V, void %if.end12.i, void %if.then11.i" [/mnt/scratch/pyuvaraj/Vitis_RoCE_W/Vitis_RoCE/fpga-network-stack/hls/ip_handler/ip_handler.cpp:62]   --->   Operation 51 'br' 'br_ln62' <Predicate = (tmp_i)> <Delay = 0.38>
ST_2 : Operation 52 [1/1] (0.00ns)   --->   "%call_ln64 = call void @clear.1, i1 %header_ready_1, i16 %header_idx_1" [/mnt/scratch/pyuvaraj/Vitis_RoCE_W/Vitis_RoCE/fpga-network-stack/hls/ip_handler/ip_handler.cpp:64]   --->   Operation 52 'call' 'call_ln64' <Predicate = (tmp_i & tmp_last_V)> <Delay = 0.00> <CoreType = "Generic">   --->   Core 0 '' <Latency = 0> <II = 1> <Delay = 1.00> <Generic> <Opcode : >
ST_2 : Operation 53 [1/1] (0.38ns)   --->   "%br_ln66 = br void %if.end12.i" [/mnt/scratch/pyuvaraj/Vitis_RoCE_W/Vitis_RoCE/fpga-network-stack/hls/ip_handler/ip_handler.cpp:66]   --->   Operation 53 'br' 'br_ln66' <Predicate = (tmp_i & tmp_last_V)> <Delay = 0.38>
ST_2 : Operation 54 [1/1] (0.00ns)   --->   "%metaWritten_1_flag_1_i = phi i1 1, void %if.then11.i, i1 %metaWritten_1_flag_0_i, void %if.end.i"   --->   Operation 54 'phi' 'metaWritten_1_flag_1_i' <Predicate = (tmp_i)> <Delay = 0.00>
ST_2 : Operation 55 [1/1] (0.00ns)   --->   "%metaWritten_1_new_1_i = phi i1 0, void %if.then11.i, i1 1, void %if.end.i"   --->   Operation 55 'phi' 'metaWritten_1_new_1_i' <Predicate = (tmp_i)> <Delay = 0.00>
ST_2 : Operation 56 [1/1] (0.00ns)   --->   "%br_ln0 = br i1 %metaWritten_1_flag_1_i, void %if.end12.new.i, void %mergeST.i"   --->   Operation 56 'br' 'br_ln0' <Predicate = (tmp_i)> <Delay = 0.00>
ST_2 : Operation 57 [1/1] (0.00ns)   --->   "%store_ln58 = store i1 %metaWritten_1_new_1_i, i1 %metaWritten_1" [/mnt/scratch/pyuvaraj/Vitis_RoCE_W/Vitis_RoCE/fpga-network-stack/hls/ip_handler/ip_handler.cpp:58]   --->   Operation 57 'store' 'store_ln58' <Predicate = (tmp_i & metaWritten_1_flag_1_i)> <Delay = 0.00>
ST_2 : Operation 58 [1/1] (0.00ns)   --->   "%br_ln0 = br void %if.end12.new.i"   --->   Operation 58 'br' 'br_ln0' <Predicate = (tmp_i & metaWritten_1_flag_1_i)> <Delay = 0.00>
ST_2 : Operation 59 [1/1] (0.00ns)   --->   "%br_ln67 = br void %detect_eth_protocol<512>.exit" [/mnt/scratch/pyuvaraj/Vitis_RoCE_W/Vitis_RoCE/fpga-network-stack/hls/ip_handler/ip_handler.cpp:67]   --->   Operation 59 'br' 'br_ln67' <Predicate = (tmp_i)> <Delay = 0.00>
ST_2 : Operation 60 [1/1] (0.00ns)   --->   "%ret_ln0 = ret"   --->   Operation 60 'ret' 'ret_ln0' <Predicate = true> <Delay = 0.00>


============================================================
+ Verbose Summary: Timing violations
============================================================
Target clock period: 3.2ns, clock uncertainty: 0.864ns.

 <State 1>: 1.13ns
The critical path consists of the following:
	'load' operation ('header_idx_1_load', /mnt/scratch/pyuvaraj/Vitis_RoCE_W/Vitis_RoCE/fpga-network-stack/hls/ip_handler/../ethernet/../packet.hpp:58) on static variable 'header_idx_1' [27]  (0 ns)
	'icmp' operation ('icmp_ln414') [31]  (0.779 ns)
	'select' operation ('select_ln414_5') [37]  (0 ns)
	'or' operation ('or_ln414') [39]  (0.349 ns)

 <State 2>: 2.16ns
The critical path consists of the following:
	axis read operation ('s_axis_raw_read', /tools/Xilinx/Vitis_HLS/2022.1/common/technology/autopilot/hls_stream_39.h:145) on port 's_axis_raw' (/tools/Xilinx/Vitis_HLS/2022.1/common/technology/autopilot/hls_stream_39.h:145) [21]  (0 ns)
	'select' operation ('select_ln414_4') [36]  (0 ns)
	'and' operation ('and_ln414_2') [42]  (0.349 ns)
	'or' operation ('__Result__') [43]  (0.26 ns)
	multiplexor before 'phi' operation ('__Result__') with incoming values : ('__Val2__') ('__Result__') [49]  (0.387 ns)
	'phi' operation ('__Result__') with incoming values : ('__Val2__') ('__Result__') [49]  (0 ns)
	fifo write operation ('write_ln174', /tools/Xilinx/Vitis_HLS/2022.1/common/technology/autopilot/hls_stream_39.h:174) on port 'etherTypeFifo' (/tools/Xilinx/Vitis_HLS/2022.1/common/technology/autopilot/hls_stream_39.h:174) [56]  (1.17 ns)


============================================================
+ Verbose Summary: Binding
============================================================
N/A
* FSMD analyzer results:
  - Output states:
 - Input state : 
  - Chain level:
	State 1
	State 2


============================================================
+ Verbose Summary: Datapath Resource usage 
============================================================
N/A
