

================================================================
== Vitis HLS Report for 'detect_ipv6_protocol_512_s'
================================================================
* Date:           Tue Jul 11 09:18:24 2023

* Version:        2022.1 (Build 3526262 on Mon Apr 18 15:47:01 MDT 2022)
* Project:        ip_handler_prj
* Solution:       solution1 (Vivado IP Flow Target)
* Product family: virtexuplus
* Target device:  xcu280-fsvh2892-2L-e


================================================================
== Performance Estimates
================================================================
+ Timing: 
    * Summary: 
    +--------+---------+----------+------------+
    |  Clock |  Target | Estimated| Uncertainty|
    +--------+---------+----------+------------+
    |ap_clk  |  3.20 ns|  1.677 ns|     0.86 ns|
    +--------+---------+----------+------------+

+ Latency: 
    * Summary: 
    +---------+---------+----------+----------+-----+-----+---------+
    |  Latency (cycles) |  Latency (absolute) |  Interval | Pipeline|
    |   min   |   max   |    min   |    max   | min | max |   Type  |
    +---------+---------+----------+----------+-----+-----+---------+
    |        2|        2|  6.400 ns|  6.400 ns|    1|    1|      yes|
    +---------+---------+----------+----------+-----+-----+---------+

    + Detail: 
        * Instance: 
        N/A

        * Loop: 
        N/A

============================================================
+ Verbose Summary: Synthesis Manager
============================================================
InlineROM: 1
ExposeGlobal: 0
============================================================
+ Verbose Summary: CDFG Model
============================================================
IsTopModel: 0
ResetActiveHigh: 1
IsCombinational: 2
IsDatapathOnly: 0
HasWiredReturn: 1
HasMFsm: 2
HasVarLatency: 0
IsPipeline: 1
IsRtlPipelined: 1
IsInstanceOverlapped: 0
IsDontTouch: 0
HasImplIP: 0
IsGatedGlobalClock: 0

+ Individual pipeline summary: 
  * Pipeline-0: initiation interval (II) = 1, depth = 3


============================================================
+ Verbose Summary: Schedule
============================================================
* Number of FSM states : 3
* Pipeline : 1
  Pipeline-0 : II = 1, D = 3, States = { 1 2 3 }
* Dataflow Pipeline: 0

* FSM state transitions: 
1 --> 2 
2 --> 3 
3 --> 

* FSM state operations: 

State 1 <SV = 0> <Delay = 1.67>
ST_1 : Operation 4 [1/1] (0.00ns)   --->   "%specinterface_ln0 = specinterface void @_ssdm_op_SpecInterface, i1024 %ipv6DataFifo, void @empty_2, i32 0, i32 0, void @empty, i32 0, i32 0, void @empty, void @empty, void @empty, i32 0, i32 0, i32 0, i32 0, void @empty, void @empty, i32 4294967295, i32 0"   --->   Operation 4 'specinterface' 'specinterface_ln0' <Predicate = true> <Delay = 0.00>
ST_1 : Operation 5 [1/1] (0.00ns)   --->   "%specinterface_ln0 = specinterface void @_ssdm_op_SpecInterface, i1024 %ipv6DataFifo, void @empty_2, i32 0, i32 0, void @empty, i32 0, i32 0, void @empty, void @empty, void @empty, i32 0, i32 0, i32 0, i32 0, void @empty, void @empty, i32 4294967295, i32 0"   --->   Operation 5 'specinterface' 'specinterface_ln0' <Predicate = true> <Delay = 0.00>
ST_1 : Operation 6 [1/1] (0.00ns)   --->   "%specinterface_ln0 = specinterface void @_ssdm_op_SpecInterface, i1024 %ipv6DataFifo, void @empty_2, i32 0, i32 0, void @empty, i32 0, i32 0, void @empty, void @empty, void @empty, i32 0, i32 0, i32 0, i32 0, void @empty, void @empty, i32 4294967295, i32 0"   --->   Operation 6 'specinterface' 'specinterface_ln0' <Predicate = true> <Delay = 0.00>
ST_1 : Operation 7 [1/1] (0.00ns)   --->   "%specinterface_ln0 = specinterface void @_ssdm_op_SpecInterface, i1024 %ipv6DataFifo, void @empty_2, i32 0, i32 0, void @empty, i32 0, i32 0, void @empty, void @empty, void @empty, i32 0, i32 0, i32 0, i32 0, void @empty, void @empty, i32 4294967295, i32 0"   --->   Operation 7 'specinterface' 'specinterface_ln0' <Predicate = true> <Delay = 0.00>
ST_1 : Operation 8 [1/1] (0.00ns)   --->   "%specinterface_ln0 = specinterface void @_ssdm_op_SpecInterface, i1024 %m_axis_ipv6udp, void @empty_4, i32 1, i32 1, void @empty_0, i32 0, i32 0, void @empty, void @empty, void @empty, i32 0, i32 0, i32 0, i32 0, void @empty, void @empty, i32 4294967295, i32 0"   --->   Operation 8 'specinterface' 'specinterface_ln0' <Predicate = true> <Delay = 0.00>
ST_1 : Operation 9 [1/1] (0.00ns)   --->   "%specinterface_ln0 = specinterface void @_ssdm_op_SpecInterface, i1024 %m_axis_icmpv6, void @empty_4, i32 1, i32 1, void @empty_0, i32 0, i32 0, void @empty, void @empty, void @empty, i32 0, i32 0, i32 0, i32 0, void @empty, void @empty, i32 4294967295, i32 0"   --->   Operation 9 'specinterface' 'specinterface_ln0' <Predicate = true> <Delay = 0.00>
ST_1 : Operation 10 [1/1] (0.00ns)   --->   "%specpipeline_ln398 = specpipeline void @_ssdm_op_SpecPipeline, i32 1, i32 0, i32 0, i32 0, void @empty" [/mnt/scratch/pyuvaraj/Vitis_RoCE_W/Vitis_RoCE/fpga-network-stack/hls/ip_handler/ip_handler.cpp:398]   --->   Operation 10 'specpipeline' 'specpipeline_ln398' <Predicate = true> <Delay = 0.00>
ST_1 : Operation 11 [1/1] (0.00ns)   --->   "%state_V_load = load i1 %state_V"   --->   Operation 11 'load' 'state_V_load' <Predicate = true> <Delay = 0.00>
ST_1 : Operation 12 [1/1] (0.00ns)   --->   "%tmp_i = nbreadreq i1 @_ssdm_op_NbReadReq.ap_fifo.i1024P0A, i1024 %ipv6DataFifo, i32 1" [/tools/Xilinx/Vitis_HLS/2022.1/common/technology/autopilot/hls_stream_39.h:136]   --->   Operation 12 'nbreadreq' 'tmp_i' <Predicate = true> <Delay = 0.00> <CoreInst = "FIFO_SRL">   --->   Core 81 'FIFO_SRL' <Latency = 0> <II = 1> <Delay = 1.33> <Storage> <Opcode : 'read' 'write' 'nbread' 'nbwrite'> <Ports = 0> <Width = 1024> <Depth = 2> <FIFO>
ST_1 : Operation 13 [1/1] (0.00ns)   --->   "%br_ln408 = br i1 %state_V_load, void %sw.bb.i, void %sw.bb22.i" [/mnt/scratch/pyuvaraj/Vitis_RoCE_W/Vitis_RoCE/fpga-network-stack/hls/ip_handler/ip_handler.cpp:408]   --->   Operation 13 'br' 'br_ln408' <Predicate = true> <Delay = 0.00>
ST_1 : Operation 14 [1/1] (0.00ns)   --->   "%br_ln411 = br i1 %tmp_i, void %if.end21.i, void %if.then.i" [/mnt/scratch/pyuvaraj/Vitis_RoCE_W/Vitis_RoCE/fpga-network-stack/hls/ip_handler/ip_handler.cpp:411]   --->   Operation 14 'br' 'br_ln411' <Predicate = (!state_V_load)> <Delay = 0.00>
ST_1 : Operation 15 [1/1] (1.16ns)   --->   "%ipv6DataFifo_read_1 = read i1024 @_ssdm_op_Read.ap_fifo.volatile.i1024P0A, i1024 %ipv6DataFifo" [/tools/Xilinx/Vitis_HLS/2022.1/common/technology/autopilot/hls_stream_39.h:145]   --->   Operation 15 'read' 'ipv6DataFifo_read_1' <Predicate = (!state_V_load & tmp_i)> <Delay = 1.16> <CoreInst = "FIFO_SRL">   --->   Core 81 'FIFO_SRL' <Latency = 0> <II = 1> <Delay = 1.33> <Storage> <Opcode : 'read' 'write' 'nbread' 'nbwrite'> <Ports = 0> <Width = 1024> <Depth = 2> <FIFO>
ST_1 : Operation 16 [1/1] (0.00ns)   --->   "%tmp_last_V = bitselect i1 @_ssdm_op_BitSelect.i1.i1024.i1024, i1024 %ipv6DataFifo_read_1, i1024 576" [/tools/Xilinx/Vitis_HLS/2022.1/common/technology/autopilot/hls_stream_39.h:145]   --->   Operation 16 'bitselect' 'tmp_last_V' <Predicate = (!state_V_load & tmp_i)> <Delay = 0.00>
ST_1 : Operation 17 [1/1] (0.00ns)   --->   "%tmp_i_45 = partselect i8 @_ssdm_op_PartSelect.i8.i1024.i32.i32, i1024 %ipv6DataFifo_read_1, i32 48, i32 55"   --->   Operation 17 'partselect' 'tmp_i_45' <Predicate = (!state_V_load & tmp_i)> <Delay = 0.00>
ST_1 : Operation 18 [1/1] (0.00ns)   --->   "%store_ln418 = store i8 %tmp_i_45, i8 %nextHeader_V" [/mnt/scratch/pyuvaraj/Vitis_RoCE_W/Vitis_RoCE/fpga-network-stack/hls/ip_handler/ip_handler.cpp:418]   --->   Operation 18 'store' 'store_ln418' <Predicate = (!state_V_load & tmp_i)> <Delay = 0.00>
ST_1 : Operation 19 [1/1] (0.34ns)   --->   "%switch_ln421 = switch i8 %tmp_i_45, void %if.end.i, i8 58, void %if.then13.i, i8 17, void %if.then15.i" [/mnt/scratch/pyuvaraj/Vitis_RoCE_W/Vitis_RoCE/fpga-network-stack/hls/ip_handler/ip_handler.cpp:421]   --->   Operation 19 'switch' 'switch_ln421' <Predicate = (!state_V_load & tmp_i)> <Delay = 0.34>
ST_1 : Operation 20 [1/1] (0.00ns)   --->   "%br_ln0 = br void %if.end16.i"   --->   Operation 20 'br' 'br_ln0' <Predicate = (!state_V_load & tmp_i & tmp_i_45 != 58)> <Delay = 0.00>
ST_1 : Operation 21 [1/1] (0.00ns)   --->   "%br_ln430 = br i1 %tmp_last_V, void %if.then18.i, void %if.end20.i" [/mnt/scratch/pyuvaraj/Vitis_RoCE_W/Vitis_RoCE/fpga-network-stack/hls/ip_handler/ip_handler.cpp:430]   --->   Operation 21 'br' 'br_ln430' <Predicate = (!state_V_load & tmp_i)> <Delay = 0.00>
ST_1 : Operation 22 [1/1] (0.38ns)   --->   "%store_ln432 = store i1 1, i1 %state_V" [/mnt/scratch/pyuvaraj/Vitis_RoCE_W/Vitis_RoCE/fpga-network-stack/hls/ip_handler/ip_handler.cpp:432]   --->   Operation 22 'store' 'store_ln432' <Predicate = (!state_V_load & tmp_i & !tmp_last_V)> <Delay = 0.38>
ST_1 : Operation 23 [1/1] (0.00ns)   --->   "%br_ln433 = br void %if.end20.i" [/mnt/scratch/pyuvaraj/Vitis_RoCE_W/Vitis_RoCE/fpga-network-stack/hls/ip_handler/ip_handler.cpp:433]   --->   Operation 23 'br' 'br_ln433' <Predicate = (!state_V_load & tmp_i & !tmp_last_V)> <Delay = 0.00>
ST_1 : Operation 24 [1/1] (0.00ns)   --->   "%br_ln434 = br void %if.end21.i" [/mnt/scratch/pyuvaraj/Vitis_RoCE_W/Vitis_RoCE/fpga-network-stack/hls/ip_handler/ip_handler.cpp:434]   --->   Operation 24 'br' 'br_ln434' <Predicate = (!state_V_load & tmp_i)> <Delay = 0.00>
ST_1 : Operation 25 [1/1] (0.00ns)   --->   "%br_ln435 = br void %detect_ipv6_protocol<512>.exit" [/mnt/scratch/pyuvaraj/Vitis_RoCE_W/Vitis_RoCE/fpga-network-stack/hls/ip_handler/ip_handler.cpp:435]   --->   Operation 25 'br' 'br_ln435' <Predicate = (!state_V_load)> <Delay = 0.00>
ST_1 : Operation 26 [1/1] (0.00ns)   --->   "%br_ln437 = br i1 %tmp_i, void %if.end38.i, void %if.then24.i" [/mnt/scratch/pyuvaraj/Vitis_RoCE_W/Vitis_RoCE/fpga-network-stack/hls/ip_handler/ip_handler.cpp:437]   --->   Operation 26 'br' 'br_ln437' <Predicate = (state_V_load)> <Delay = 0.00>
ST_1 : Operation 27 [1/1] (1.16ns)   --->   "%ipv6DataFifo_read = read i1024 @_ssdm_op_Read.ap_fifo.volatile.i1024P0A, i1024 %ipv6DataFifo" [/tools/Xilinx/Vitis_HLS/2022.1/common/technology/autopilot/hls_stream_39.h:145]   --->   Operation 27 'read' 'ipv6DataFifo_read' <Predicate = (state_V_load & tmp_i)> <Delay = 1.16> <CoreInst = "FIFO_SRL">   --->   Core 81 'FIFO_SRL' <Latency = 0> <II = 1> <Delay = 1.33> <Storage> <Opcode : 'read' 'write' 'nbread' 'nbwrite'> <Ports = 0> <Width = 1024> <Depth = 2> <FIFO>
ST_1 : Operation 28 [1/1] (0.00ns)   --->   "%tmp_last_V_3 = bitselect i1 @_ssdm_op_BitSelect.i1.i1024.i1024, i1024 %ipv6DataFifo_read, i1024 576" [/tools/Xilinx/Vitis_HLS/2022.1/common/technology/autopilot/hls_stream_39.h:145]   --->   Operation 28 'bitselect' 'tmp_last_V_3' <Predicate = (state_V_load & tmp_i)> <Delay = 0.00>
ST_1 : Operation 29 [1/1] (0.00ns)   --->   "%nextHeader_V_load = load i8 %nextHeader_V"   --->   Operation 29 'load' 'nextHeader_V_load' <Predicate = (state_V_load & tmp_i)> <Delay = 0.00>
ST_1 : Operation 30 [1/1] (0.34ns)   --->   "%switch_ln440 = switch i8 %nextHeader_V_load, void %if.end31.i, i8 58, void %if.then27.i, i8 17, void %if.then30.i" [/mnt/scratch/pyuvaraj/Vitis_RoCE_W/Vitis_RoCE/fpga-network-stack/hls/ip_handler/ip_handler.cpp:440]   --->   Operation 30 'switch' 'switch_ln440' <Predicate = (state_V_load & tmp_i)> <Delay = 0.34>
ST_1 : Operation 31 [1/1] (0.00ns)   --->   "%br_ln0 = br void %if.end32.i"   --->   Operation 31 'br' 'br_ln0' <Predicate = (state_V_load & tmp_i & nextHeader_V_load != 58)> <Delay = 0.00>
ST_1 : Operation 32 [1/1] (0.00ns)   --->   "%br_ln449 = br i1 %tmp_last_V_3, void %if.end37.i, void %if.then35.i" [/mnt/scratch/pyuvaraj/Vitis_RoCE_W/Vitis_RoCE/fpga-network-stack/hls/ip_handler/ip_handler.cpp:449]   --->   Operation 32 'br' 'br_ln449' <Predicate = (state_V_load & tmp_i)> <Delay = 0.00>
ST_1 : Operation 33 [1/1] (0.38ns)   --->   "%store_ln451 = store i1 0, i1 %state_V" [/mnt/scratch/pyuvaraj/Vitis_RoCE_W/Vitis_RoCE/fpga-network-stack/hls/ip_handler/ip_handler.cpp:451]   --->   Operation 33 'store' 'store_ln451' <Predicate = (state_V_load & tmp_i & tmp_last_V_3)> <Delay = 0.38>
ST_1 : Operation 34 [1/1] (0.00ns)   --->   "%br_ln452 = br void %if.end37.i" [/mnt/scratch/pyuvaraj/Vitis_RoCE_W/Vitis_RoCE/fpga-network-stack/hls/ip_handler/ip_handler.cpp:452]   --->   Operation 34 'br' 'br_ln452' <Predicate = (state_V_load & tmp_i & tmp_last_V_3)> <Delay = 0.00>
ST_1 : Operation 35 [1/1] (0.00ns)   --->   "%br_ln453 = br void %if.end38.i" [/mnt/scratch/pyuvaraj/Vitis_RoCE_W/Vitis_RoCE/fpga-network-stack/hls/ip_handler/ip_handler.cpp:453]   --->   Operation 35 'br' 'br_ln453' <Predicate = (state_V_load & tmp_i)> <Delay = 0.00>
ST_1 : Operation 36 [1/1] (0.00ns)   --->   "%br_ln454 = br void %detect_ipv6_protocol<512>.exit" [/mnt/scratch/pyuvaraj/Vitis_RoCE_W/Vitis_RoCE/fpga-network-stack/hls/ip_handler/ip_handler.cpp:454]   --->   Operation 36 'br' 'br_ln454' <Predicate = (state_V_load)> <Delay = 0.00>

State 2 <SV = 1> <Delay = 0.00>
ST_2 : Operation 37 [2/2] (0.00ns)   --->   "%write_ln174 = write void @_ssdm_op_Write.axis.volatile.i1024P128A, i1024 %m_axis_ipv6udp, i1024 %ipv6DataFifo_read_1" [/tools/Xilinx/Vitis_HLS/2022.1/common/technology/autopilot/hls_stream_39.h:174]   --->   Operation 37 'write' 'write_ln174' <Predicate = (!state_V_load & tmp_i & tmp_i_45 == 17)> <Delay = 0.00> <CoreInst = "axis">   --->   Core 123 'axis' <Latency = 0> <II = 1> <Delay = 1.00> <Adapter> <Opcode : >
ST_2 : Operation 38 [2/2] (0.00ns)   --->   "%write_ln174 = write void @_ssdm_op_Write.axis.volatile.i1024P128A, i1024 %m_axis_icmpv6, i1024 %ipv6DataFifo_read_1" [/tools/Xilinx/Vitis_HLS/2022.1/common/technology/autopilot/hls_stream_39.h:174]   --->   Operation 38 'write' 'write_ln174' <Predicate = (!state_V_load & tmp_i & tmp_i_45 == 58)> <Delay = 0.00> <CoreInst = "axis">   --->   Core 123 'axis' <Latency = 0> <II = 1> <Delay = 1.00> <Adapter> <Opcode : >
ST_2 : Operation 39 [2/2] (0.00ns)   --->   "%write_ln174 = write void @_ssdm_op_Write.axis.volatile.i1024P128A, i1024 %m_axis_ipv6udp, i1024 %ipv6DataFifo_read" [/tools/Xilinx/Vitis_HLS/2022.1/common/technology/autopilot/hls_stream_39.h:174]   --->   Operation 39 'write' 'write_ln174' <Predicate = (state_V_load & tmp_i & nextHeader_V_load == 17)> <Delay = 0.00> <CoreInst = "axis">   --->   Core 123 'axis' <Latency = 0> <II = 1> <Delay = 1.00> <Adapter> <Opcode : >
ST_2 : Operation 40 [2/2] (0.00ns)   --->   "%write_ln174 = write void @_ssdm_op_Write.axis.volatile.i1024P128A, i1024 %m_axis_icmpv6, i1024 %ipv6DataFifo_read" [/tools/Xilinx/Vitis_HLS/2022.1/common/technology/autopilot/hls_stream_39.h:174]   --->   Operation 40 'write' 'write_ln174' <Predicate = (state_V_load & tmp_i & nextHeader_V_load == 58)> <Delay = 0.00> <CoreInst = "axis">   --->   Core 123 'axis' <Latency = 0> <II = 1> <Delay = 1.00> <Adapter> <Opcode : >

State 3 <SV = 2> <Delay = 0.00>
ST_3 : Operation 41 [1/2] (0.00ns)   --->   "%write_ln174 = write void @_ssdm_op_Write.axis.volatile.i1024P128A, i1024 %m_axis_ipv6udp, i1024 %ipv6DataFifo_read_1" [/tools/Xilinx/Vitis_HLS/2022.1/common/technology/autopilot/hls_stream_39.h:174]   --->   Operation 41 'write' 'write_ln174' <Predicate = (!state_V_load & tmp_i & tmp_i_45 == 17)> <Delay = 0.00> <CoreInst = "axis">   --->   Core 123 'axis' <Latency = 0> <II = 1> <Delay = 1.00> <Adapter> <Opcode : >
ST_3 : Operation 42 [1/1] (0.00ns)   --->   "%br_ln428 = br void %if.end.i" [/mnt/scratch/pyuvaraj/Vitis_RoCE_W/Vitis_RoCE/fpga-network-stack/hls/ip_handler/ip_handler.cpp:428]   --->   Operation 42 'br' 'br_ln428' <Predicate = (!state_V_load & tmp_i & tmp_i_45 == 17)> <Delay = 0.00>
ST_3 : Operation 43 [1/2] (0.00ns)   --->   "%write_ln174 = write void @_ssdm_op_Write.axis.volatile.i1024P128A, i1024 %m_axis_icmpv6, i1024 %ipv6DataFifo_read_1" [/tools/Xilinx/Vitis_HLS/2022.1/common/technology/autopilot/hls_stream_39.h:174]   --->   Operation 43 'write' 'write_ln174' <Predicate = (!state_V_load & tmp_i & tmp_i_45 == 58)> <Delay = 0.00> <CoreInst = "axis">   --->   Core 123 'axis' <Latency = 0> <II = 1> <Delay = 1.00> <Adapter> <Opcode : >
ST_3 : Operation 44 [1/1] (0.00ns)   --->   "%br_ln424 = br void %if.end16.i" [/mnt/scratch/pyuvaraj/Vitis_RoCE_W/Vitis_RoCE/fpga-network-stack/hls/ip_handler/ip_handler.cpp:424]   --->   Operation 44 'br' 'br_ln424' <Predicate = (!state_V_load & tmp_i & tmp_i_45 == 58)> <Delay = 0.00>
ST_3 : Operation 45 [1/2] (0.00ns)   --->   "%write_ln174 = write void @_ssdm_op_Write.axis.volatile.i1024P128A, i1024 %m_axis_ipv6udp, i1024 %ipv6DataFifo_read" [/tools/Xilinx/Vitis_HLS/2022.1/common/technology/autopilot/hls_stream_39.h:174]   --->   Operation 45 'write' 'write_ln174' <Predicate = (state_V_load & tmp_i & nextHeader_V_load == 17)> <Delay = 0.00> <CoreInst = "axis">   --->   Core 123 'axis' <Latency = 0> <II = 1> <Delay = 1.00> <Adapter> <Opcode : >
ST_3 : Operation 46 [1/1] (0.00ns)   --->   "%br_ln447 = br void %if.end31.i" [/mnt/scratch/pyuvaraj/Vitis_RoCE_W/Vitis_RoCE/fpga-network-stack/hls/ip_handler/ip_handler.cpp:447]   --->   Operation 46 'br' 'br_ln447' <Predicate = (state_V_load & tmp_i & nextHeader_V_load == 17)> <Delay = 0.00>
ST_3 : Operation 47 [1/2] (0.00ns)   --->   "%write_ln174 = write void @_ssdm_op_Write.axis.volatile.i1024P128A, i1024 %m_axis_icmpv6, i1024 %ipv6DataFifo_read" [/tools/Xilinx/Vitis_HLS/2022.1/common/technology/autopilot/hls_stream_39.h:174]   --->   Operation 47 'write' 'write_ln174' <Predicate = (state_V_load & tmp_i & nextHeader_V_load == 58)> <Delay = 0.00> <CoreInst = "axis">   --->   Core 123 'axis' <Latency = 0> <II = 1> <Delay = 1.00> <Adapter> <Opcode : >
ST_3 : Operation 48 [1/1] (0.00ns)   --->   "%br_ln443 = br void %if.end32.i" [/mnt/scratch/pyuvaraj/Vitis_RoCE_W/Vitis_RoCE/fpga-network-stack/hls/ip_handler/ip_handler.cpp:443]   --->   Operation 48 'br' 'br_ln443' <Predicate = (state_V_load & tmp_i & nextHeader_V_load == 58)> <Delay = 0.00>
ST_3 : Operation 49 [1/1] (0.00ns)   --->   "%ret_ln0 = ret"   --->   Operation 49 'ret' 'ret_ln0' <Predicate = true> <Delay = 0.00>


============================================================
+ Verbose Summary: Timing violations
============================================================
Target clock period: 3.2ns, clock uncertainty: 0.864ns.

 <State 1>: 1.68ns
The critical path consists of the following:
	fifo read operation ('ipv6DataFifo_read_1', /tools/Xilinx/Vitis_HLS/2022.1/common/technology/autopilot/hls_stream_39.h:145) on port 'ipv6DataFifo' (/tools/Xilinx/Vitis_HLS/2022.1/common/technology/autopilot/hls_stream_39.h:145) [19]  (1.17 ns)
	blocking operation 0.509 ns on control path)

 <State 2>: 0ns
The critical path consists of the following:

 <State 3>: 0ns
The critical path consists of the following:


============================================================
+ Verbose Summary: Binding
============================================================
N/A
* FSMD analyzer results:
  - Output states:
 - Input state : 
  - Chain level:
	State 1
	State 2
	State 3


============================================================
+ Verbose Summary: Datapath Resource usage 
============================================================
N/A
