

================================================================
== Vitis HLS Report for 'ip_handler_top'
================================================================
* Date:           Tue Jul 11 09:18:24 2023

* Version:        2022.1 (Build 3526262 on Mon Apr 18 15:47:01 MDT 2022)
* Project:        ip_handler_prj
* Solution:       solution1 (Vivado IP Flow Target)
* Product family: virtexuplus
* Target device:  xcu280-fsvh2892-2L-e


================================================================
== Performance Estimates
================================================================
+ Timing: 
    * Summary: 
    +--------+---------+----------+------------+
    |  Clock |  Target | Estimated| Uncertainty|
    +--------+---------+----------+------------+
    |ap_clk  |  3.20 ns|  2.644 ns|     0.86 ns|
    +--------+---------+----------+------------+

+ Latency: 
    * Summary: 
    +---------+---------+-----------+-----------+-----+-----+----------+
    |  Latency (cycles) |   Latency (absolute)  |  Interval | Pipeline |
    |   min   |   max   |    min    |    max    | min | max |   Type   |
    +---------+---------+-----------+-----------+-----+-----+----------+
    |       25|       25|  80.000 ns|  80.000 ns|    2|    2|  dataflow|
    +---------+---------+-----------+-----------+-----+-----+----------+

    + Detail: 
        * Instance: 
        N/A

        * Loop: 
        N/A

============================================================
+ Verbose Summary: Synthesis Manager
============================================================
InlineROM: 1
ExposeGlobal: 0
============================================================
+ Verbose Summary: CDFG Model
============================================================
IsTopModel: 1
ResetActiveHigh: 1
IsCombinational: 2
IsDatapathOnly: 0
HasWiredReturn: 1
HasMFsm: 0
HasVarLatency: 1
IsPipeline: 0
IsRtlPipelined: 0
IsInstanceOverlapped: 0
IsDontTouch: 0
HasImplIP: 0
IsGatedGlobalClock: 0


============================================================
+ Verbose Summary: Schedule
============================================================
* Number of FSM states : 31
* Pipeline : 0
* Dataflow Pipeline: 1
  DF-Pipeline-0: Size = 31, States = { 1 2 3 4 5 6 7 8 9 10 11 12 13 14 15 16 17 18 19 20 21 22 23 24 25 26 27 28 29 30 31 }

* FSM state transitions: 
1 --> 2 
2 --> 3 
3 --> 4 
4 --> 5 
5 --> 6 
6 --> 7 
7 --> 8 
8 --> 9 
9 --> 10 
10 --> 11 
11 --> 12 
12 --> 13 
13 --> 14 
14 --> 15 
15 --> 16 
16 --> 17 
17 --> 18 
18 --> 19 
19 --> 20 
20 --> 21 
21 --> 22 
22 --> 23 
23 --> 24 
24 --> 25 
25 --> 26 
26 --> 27 
27 --> 28 
28 --> 29 
29 --> 30 
30 --> 31 
31 --> 

* FSM state operations: 

State 1 <SV = 0> <Delay = 0.00>
ST_1 : Operation 32 [2/2] (0.00ns)   --->   "%myIpAddress_read = read i32 @_ssdm_op_Read.ap_stable.i32, i32 %myIpAddress" [/mnt/scratch/pyuvaraj/Vitis_RoCE_W/Vitis_RoCE/fpga-network-stack/hls/ip_handler/ip_handler.cpp:558]   --->   Operation 32 'read' 'myIpAddress_read' <Predicate = true> <Delay = 0.00>

State 2 <SV = 1> <Delay = 0.00>
ST_2 : Operation 33 [1/2] (0.00ns)   --->   "%myIpAddress_read = read i32 @_ssdm_op_Read.ap_stable.i32, i32 %myIpAddress" [/mnt/scratch/pyuvaraj/Vitis_RoCE_W/Vitis_RoCE/fpga-network-stack/hls/ip_handler/ip_handler.cpp:558]   --->   Operation 33 'read' 'myIpAddress_read' <Predicate = true> <Delay = 0.00>
ST_2 : Operation 34 [2/2] (0.00ns)   --->   "%call_ln523 = call void @detect_eth_protocol<512>, i1024 %s_axis_raw, i1 %header_ready_1, i112 %header_header_V_1, i16 %header_idx_1, i1 %metaWritten_1, i16 %etherTypeFifo, i1024 %ethDataFifo" [/mnt/scratch/pyuvaraj/Vitis_RoCE_W/Vitis_RoCE/fpga-network-stack/hls/ip_handler/ip_handler.cpp:523]   --->   Operation 34 'call' 'call_ln523' <Predicate = true> <Delay = 0.00> <CoreType = "Generic">   --->   Core 0 '' <Latency = 0> <II = 1> <Delay = 1.00> <Generic> <Opcode : >

State 3 <SV = 2> <Delay = 0.00>
ST_3 : Operation 35 [1/2] (0.00ns)   --->   "%call_ln523 = call void @detect_eth_protocol<512>, i1024 %s_axis_raw, i1 %header_ready_1, i112 %header_header_V_1, i16 %header_idx_1, i1 %metaWritten_1, i16 %etherTypeFifo, i1024 %ethDataFifo" [/mnt/scratch/pyuvaraj/Vitis_RoCE_W/Vitis_RoCE/fpga-network-stack/hls/ip_handler/ip_handler.cpp:523]   --->   Operation 35 'call' 'call_ln523' <Predicate = true> <Delay = 0.00> <CoreType = "Generic">   --->   Core 0 '' <Latency = 0> <II = 1> <Delay = 1.00> <Generic> <Opcode : >

State 4 <SV = 3> <Delay = 0.00>
ST_4 : Operation 36 [3/3] (0.00ns)   --->   "%call_ln525 = call void @route_by_eth_protocol<512>, i1024 %m_axis_arp, i1 %rep_fsmState_V, i16 %etherTypeFifo, i1024 %ethDataFifo, i16 %rep_etherType_V, i1024 %ipv4ShiftFifo, i1024 %ipv6ShiftFifo" [/mnt/scratch/pyuvaraj/Vitis_RoCE_W/Vitis_RoCE/fpga-network-stack/hls/ip_handler/ip_handler.cpp:525]   --->   Operation 36 'call' 'call_ln525' <Predicate = true> <Delay = 0.00> <CoreType = "Generic">   --->   Core 0 '' <Latency = 0> <II = 1> <Delay = 1.00> <Generic> <Opcode : >

State 5 <SV = 4> <Delay = 0.00>
ST_5 : Operation 37 [2/3] (0.00ns)   --->   "%call_ln525 = call void @route_by_eth_protocol<512>, i1024 %m_axis_arp, i1 %rep_fsmState_V, i16 %etherTypeFifo, i1024 %ethDataFifo, i16 %rep_etherType_V, i1024 %ipv4ShiftFifo, i1024 %ipv6ShiftFifo" [/mnt/scratch/pyuvaraj/Vitis_RoCE_W/Vitis_RoCE/fpga-network-stack/hls/ip_handler/ip_handler.cpp:525]   --->   Operation 37 'call' 'call_ln525' <Predicate = true> <Delay = 0.00> <CoreType = "Generic">   --->   Core 0 '' <Latency = 0> <II = 1> <Delay = 1.00> <Generic> <Opcode : >

State 6 <SV = 5> <Delay = 0.00>
ST_6 : Operation 38 [1/3] (0.00ns)   --->   "%call_ln525 = call void @route_by_eth_protocol<512>, i1024 %m_axis_arp, i1 %rep_fsmState_V, i16 %etherTypeFifo, i1024 %ethDataFifo, i16 %rep_etherType_V, i1024 %ipv4ShiftFifo, i1024 %ipv6ShiftFifo" [/mnt/scratch/pyuvaraj/Vitis_RoCE_W/Vitis_RoCE/fpga-network-stack/hls/ip_handler/ip_handler.cpp:525]   --->   Operation 38 'call' 'call_ln525' <Predicate = true> <Delay = 0.00> <CoreType = "Generic">   --->   Core 0 '' <Latency = 0> <II = 1> <Delay = 1.00> <Generic> <Opcode : >

State 7 <SV = 6> <Delay = 0.00>
ST_7 : Operation 39 [2/2] (0.00ns)   --->   "%call_ln527 = call void @ip_handler_rshiftWordByOctet<net_axis<512>, 512, 1>, i1 %fsmState_1, i512 %prevWord_data_V_1, i64 %prevWord_keep_V_1, i1024 %ipv4ShiftFifo, i1 %rs_firstWord_1, i1024 %ipDataFifo" [/mnt/scratch/pyuvaraj/Vitis_RoCE_W/Vitis_RoCE/fpga-network-stack/hls/ip_handler/ip_handler.cpp:527]   --->   Operation 39 'call' 'call_ln527' <Predicate = true> <Delay = 0.00> <CoreType = "Generic">   --->   Core 0 '' <Latency = 0> <II = 1> <Delay = 1.00> <Generic> <Opcode : >

State 8 <SV = 7> <Delay = 0.00>
ST_8 : Operation 40 [1/2] (0.00ns)   --->   "%call_ln527 = call void @ip_handler_rshiftWordByOctet<net_axis<512>, 512, 1>, i1 %fsmState_1, i512 %prevWord_data_V_1, i64 %prevWord_keep_V_1, i1024 %ipv4ShiftFifo, i1 %rs_firstWord_1, i1024 %ipDataFifo" [/mnt/scratch/pyuvaraj/Vitis_RoCE_W/Vitis_RoCE/fpga-network-stack/hls/ip_handler/ip_handler.cpp:527]   --->   Operation 40 'call' 'call_ln527' <Predicate = true> <Delay = 0.00> <CoreType = "Generic">   --->   Core 0 '' <Latency = 0> <II = 1> <Delay = 1.00> <Generic> <Opcode : >

State 9 <SV = 8> <Delay = 0.00>
ST_9 : Operation 41 [3/3] (0.00ns)   --->   "%call_ln530 = call void @extract_ip_meta<512>, i32 %myIpAddress_read, i1024 %ipDataFifo, i1 %header_ready, i160 %header_header_V, i16 %header_idx, i1024 %ipDataMetaFifo, i1 %metaWritten, i1 %validIpAddressFifo, i8 %ipv4ProtocolFifo" [/mnt/scratch/pyuvaraj/Vitis_RoCE_W/Vitis_RoCE/fpga-network-stack/hls/ip_handler/ip_handler.cpp:530]   --->   Operation 41 'call' 'call_ln530' <Predicate = true> <Delay = 0.00> <CoreType = "Generic">   --->   Core 0 '' <Latency = 0> <II = 1> <Delay = 1.00> <Generic> <Opcode : >

State 10 <SV = 9> <Delay = 0.00>
ST_10 : Operation 42 [2/3] (0.00ns)   --->   "%call_ln530 = call void @extract_ip_meta<512>, i32 %myIpAddress_read, i1024 %ipDataFifo, i1 %header_ready, i160 %header_header_V, i16 %header_idx, i1024 %ipDataMetaFifo, i1 %metaWritten, i1 %validIpAddressFifo, i8 %ipv4ProtocolFifo" [/mnt/scratch/pyuvaraj/Vitis_RoCE_W/Vitis_RoCE/fpga-network-stack/hls/ip_handler/ip_handler.cpp:530]   --->   Operation 42 'call' 'call_ln530' <Predicate = true> <Delay = 0.00> <CoreType = "Generic">   --->   Core 0 '' <Latency = 0> <II = 1> <Delay = 1.00> <Generic> <Opcode : >

State 11 <SV = 10> <Delay = 0.00>
ST_11 : Operation 43 [1/3] (0.00ns)   --->   "%call_ln530 = call void @extract_ip_meta<512>, i32 %myIpAddress_read, i1024 %ipDataFifo, i1 %header_ready, i160 %header_header_V, i16 %header_idx, i1024 %ipDataMetaFifo, i1 %metaWritten, i1 %validIpAddressFifo, i8 %ipv4ProtocolFifo" [/mnt/scratch/pyuvaraj/Vitis_RoCE_W/Vitis_RoCE/fpga-network-stack/hls/ip_handler/ip_handler.cpp:530]   --->   Operation 43 'call' 'call_ln530' <Predicate = true> <Delay = 0.00> <CoreType = "Generic">   --->   Core 0 '' <Latency = 0> <II = 1> <Delay = 1.00> <Generic> <Opcode : >

State 12 <SV = 11> <Delay = 0.00>
ST_12 : Operation 44 [3/3] (0.00ns)   --->   "%call_ln532 = call void @ip_handler_compute_ipv4_checksum, i1024 %ipDataMetaFifo, i1024 %ipDataCheckFifo, i1 %cics_firstWord, i17 %cics_ip_sums_sum_V_0, i17 %cics_ip_sums_sum_V_1, i17 %cics_ip_sums_sum_V_2, i17 %cics_ip_sums_sum_V_3, i17 %cics_ip_sums_sum_V_4, i17 %cics_ip_sums_sum_V_5, i17 %cics_ip_sums_sum_V_6, i17 %cics_ip_sums_sum_V_7, i17 %cics_ip_sums_sum_V_8, i17 %cics_ip_sums_sum_V_9, i17 %cics_ip_sums_sum_V_10, i17 %cics_ip_sums_sum_V_11, i17 %cics_ip_sums_sum_V_12, i17 %cics_ip_sums_sum_V_13, i17 %cics_ip_sums_sum_V_14, i17 %cics_ip_sums_sum_V_15, i17 %cics_ip_sums_sum_V_16, i17 %cics_ip_sums_sum_V_17, i17 %cics_ip_sums_sum_V_18, i17 %cics_ip_sums_sum_V_19, i17 %cics_ip_sums_sum_V_20, i17 %cics_ip_sums_sum_V_21, i17 %cics_ip_sums_sum_V_22, i17 %cics_ip_sums_sum_V_23, i17 %cics_ip_sums_sum_V_24, i17 %cics_ip_sums_sum_V_25, i17 %cics_ip_sums_sum_V_26, i17 %cics_ip_sums_sum_V_27, i17 %cics_ip_sums_sum_V_28, i17 %cics_ip_sums_sum_V_29, i1024 %iph_subSumsFifoOut" [/mnt/scratch/pyuvaraj/Vitis_RoCE_W/Vitis_RoCE/fpga-network-stack/hls/ip_handler/ip_handler.cpp:532]   --->   Operation 44 'call' 'call_ln532' <Predicate = true> <Delay = 0.00> <CoreType = "Generic">   --->   Core 0 '' <Latency = 0> <II = 1> <Delay = 1.00> <Generic> <Opcode : >

State 13 <SV = 12> <Delay = 0.00>
ST_13 : Operation 45 [2/3] (0.00ns)   --->   "%call_ln532 = call void @ip_handler_compute_ipv4_checksum, i1024 %ipDataMetaFifo, i1024 %ipDataCheckFifo, i1 %cics_firstWord, i17 %cics_ip_sums_sum_V_0, i17 %cics_ip_sums_sum_V_1, i17 %cics_ip_sums_sum_V_2, i17 %cics_ip_sums_sum_V_3, i17 %cics_ip_sums_sum_V_4, i17 %cics_ip_sums_sum_V_5, i17 %cics_ip_sums_sum_V_6, i17 %cics_ip_sums_sum_V_7, i17 %cics_ip_sums_sum_V_8, i17 %cics_ip_sums_sum_V_9, i17 %cics_ip_sums_sum_V_10, i17 %cics_ip_sums_sum_V_11, i17 %cics_ip_sums_sum_V_12, i17 %cics_ip_sums_sum_V_13, i17 %cics_ip_sums_sum_V_14, i17 %cics_ip_sums_sum_V_15, i17 %cics_ip_sums_sum_V_16, i17 %cics_ip_sums_sum_V_17, i17 %cics_ip_sums_sum_V_18, i17 %cics_ip_sums_sum_V_19, i17 %cics_ip_sums_sum_V_20, i17 %cics_ip_sums_sum_V_21, i17 %cics_ip_sums_sum_V_22, i17 %cics_ip_sums_sum_V_23, i17 %cics_ip_sums_sum_V_24, i17 %cics_ip_sums_sum_V_25, i17 %cics_ip_sums_sum_V_26, i17 %cics_ip_sums_sum_V_27, i17 %cics_ip_sums_sum_V_28, i17 %cics_ip_sums_sum_V_29, i1024 %iph_subSumsFifoOut" [/mnt/scratch/pyuvaraj/Vitis_RoCE_W/Vitis_RoCE/fpga-network-stack/hls/ip_handler/ip_handler.cpp:532]   --->   Operation 45 'call' 'call_ln532' <Predicate = true> <Delay = 0.00> <CoreType = "Generic">   --->   Core 0 '' <Latency = 0> <II = 1> <Delay = 1.00> <Generic> <Opcode : >

State 14 <SV = 13> <Delay = 0.00>
ST_14 : Operation 46 [1/3] (0.00ns)   --->   "%call_ln532 = call void @ip_handler_compute_ipv4_checksum, i1024 %ipDataMetaFifo, i1024 %ipDataCheckFifo, i1 %cics_firstWord, i17 %cics_ip_sums_sum_V_0, i17 %cics_ip_sums_sum_V_1, i17 %cics_ip_sums_sum_V_2, i17 %cics_ip_sums_sum_V_3, i17 %cics_ip_sums_sum_V_4, i17 %cics_ip_sums_sum_V_5, i17 %cics_ip_sums_sum_V_6, i17 %cics_ip_sums_sum_V_7, i17 %cics_ip_sums_sum_V_8, i17 %cics_ip_sums_sum_V_9, i17 %cics_ip_sums_sum_V_10, i17 %cics_ip_sums_sum_V_11, i17 %cics_ip_sums_sum_V_12, i17 %cics_ip_sums_sum_V_13, i17 %cics_ip_sums_sum_V_14, i17 %cics_ip_sums_sum_V_15, i17 %cics_ip_sums_sum_V_16, i17 %cics_ip_sums_sum_V_17, i17 %cics_ip_sums_sum_V_18, i17 %cics_ip_sums_sum_V_19, i17 %cics_ip_sums_sum_V_20, i17 %cics_ip_sums_sum_V_21, i17 %cics_ip_sums_sum_V_22, i17 %cics_ip_sums_sum_V_23, i17 %cics_ip_sums_sum_V_24, i17 %cics_ip_sums_sum_V_25, i17 %cics_ip_sums_sum_V_26, i17 %cics_ip_sums_sum_V_27, i17 %cics_ip_sums_sum_V_28, i17 %cics_ip_sums_sum_V_29, i1024 %iph_subSumsFifoOut" [/mnt/scratch/pyuvaraj/Vitis_RoCE_W/Vitis_RoCE/fpga-network-stack/hls/ip_handler/ip_handler.cpp:532]   --->   Operation 46 'call' 'call_ln532' <Predicate = true> <Delay = 0.00> <CoreType = "Generic">   --->   Core 0 '' <Latency = 0> <II = 1> <Delay = 1.00> <Generic> <Opcode : >

State 15 <SV = 14> <Delay = 0.00>
ST_15 : Operation 47 [6/6] (0.00ns)   --->   "%call_ln534 = call void @ip_handler_check_ipv4_checksum<32>, i1024 %iph_subSumsFifoOut, i1 %validChecksumFifo" [/mnt/scratch/pyuvaraj/Vitis_RoCE_W/Vitis_RoCE/fpga-network-stack/hls/ip_handler/ip_handler.cpp:534]   --->   Operation 47 'call' 'call_ln534' <Predicate = true> <Delay = 0.00> <CoreType = "Generic">   --->   Core 0 '' <Latency = 0> <II = 1> <Delay = 1.00> <Generic> <Opcode : >

State 16 <SV = 15> <Delay = 0.00>
ST_16 : Operation 48 [5/6] (0.00ns)   --->   "%call_ln534 = call void @ip_handler_check_ipv4_checksum<32>, i1024 %iph_subSumsFifoOut, i1 %validChecksumFifo" [/mnt/scratch/pyuvaraj/Vitis_RoCE_W/Vitis_RoCE/fpga-network-stack/hls/ip_handler/ip_handler.cpp:534]   --->   Operation 48 'call' 'call_ln534' <Predicate = true> <Delay = 0.00> <CoreType = "Generic">   --->   Core 0 '' <Latency = 0> <II = 1> <Delay = 1.00> <Generic> <Opcode : >

State 17 <SV = 16> <Delay = 0.00>
ST_17 : Operation 49 [4/6] (0.00ns)   --->   "%call_ln534 = call void @ip_handler_check_ipv4_checksum<32>, i1024 %iph_subSumsFifoOut, i1 %validChecksumFifo" [/mnt/scratch/pyuvaraj/Vitis_RoCE_W/Vitis_RoCE/fpga-network-stack/hls/ip_handler/ip_handler.cpp:534]   --->   Operation 49 'call' 'call_ln534' <Predicate = true> <Delay = 0.00> <CoreType = "Generic">   --->   Core 0 '' <Latency = 0> <II = 1> <Delay = 1.00> <Generic> <Opcode : >

State 18 <SV = 17> <Delay = 0.00>
ST_18 : Operation 50 [3/6] (0.00ns)   --->   "%call_ln534 = call void @ip_handler_check_ipv4_checksum<32>, i1024 %iph_subSumsFifoOut, i1 %validChecksumFifo" [/mnt/scratch/pyuvaraj/Vitis_RoCE_W/Vitis_RoCE/fpga-network-stack/hls/ip_handler/ip_handler.cpp:534]   --->   Operation 50 'call' 'call_ln534' <Predicate = true> <Delay = 0.00> <CoreType = "Generic">   --->   Core 0 '' <Latency = 0> <II = 1> <Delay = 1.00> <Generic> <Opcode : >

State 19 <SV = 18> <Delay = 0.00>
ST_19 : Operation 51 [2/6] (0.00ns)   --->   "%call_ln534 = call void @ip_handler_check_ipv4_checksum<32>, i1024 %iph_subSumsFifoOut, i1 %validChecksumFifo" [/mnt/scratch/pyuvaraj/Vitis_RoCE_W/Vitis_RoCE/fpga-network-stack/hls/ip_handler/ip_handler.cpp:534]   --->   Operation 51 'call' 'call_ln534' <Predicate = true> <Delay = 0.00> <CoreType = "Generic">   --->   Core 0 '' <Latency = 0> <II = 1> <Delay = 1.00> <Generic> <Opcode : >

State 20 <SV = 19> <Delay = 0.00>
ST_20 : Operation 52 [1/6] (0.00ns)   --->   "%call_ln534 = call void @ip_handler_check_ipv4_checksum<32>, i1024 %iph_subSumsFifoOut, i1 %validChecksumFifo" [/mnt/scratch/pyuvaraj/Vitis_RoCE_W/Vitis_RoCE/fpga-network-stack/hls/ip_handler/ip_handler.cpp:534]   --->   Operation 52 'call' 'call_ln534' <Predicate = true> <Delay = 0.00> <CoreType = "Generic">   --->   Core 0 '' <Latency = 0> <II = 1> <Delay = 1.00> <Generic> <Opcode : >

State 21 <SV = 20> <Delay = 0.00>
ST_21 : Operation 53 [2/2] (0.00ns)   --->   "%call_ln536 = call void @ip_invalid_dropper<512>, i2 %iid_state, i1 %validChecksumFifo, i1 %validIpAddressFifo, i1 %ipv4ValidFifo, i1024 %ipDataCheckFifo, i1024 %ipDataDropFifo" [/mnt/scratch/pyuvaraj/Vitis_RoCE_W/Vitis_RoCE/fpga-network-stack/hls/ip_handler/ip_handler.cpp:536]   --->   Operation 53 'call' 'call_ln536' <Predicate = true> <Delay = 0.00> <CoreType = "Generic">   --->   Core 0 '' <Latency = 0> <II = 1> <Delay = 1.00> <Generic> <Opcode : >

State 22 <SV = 21> <Delay = 0.00>
ST_22 : Operation 54 [1/2] (0.00ns)   --->   "%call_ln536 = call void @ip_invalid_dropper<512>, i2 %iid_state, i1 %validChecksumFifo, i1 %validIpAddressFifo, i1 %ipv4ValidFifo, i1024 %ipDataCheckFifo, i1024 %ipDataDropFifo" [/mnt/scratch/pyuvaraj/Vitis_RoCE_W/Vitis_RoCE/fpga-network-stack/hls/ip_handler/ip_handler.cpp:536]   --->   Operation 54 'call' 'call_ln536' <Predicate = true> <Delay = 0.00> <CoreType = "Generic">   --->   Core 0 '' <Latency = 0> <II = 1> <Delay = 1.00> <Generic> <Opcode : >

State 23 <SV = 22> <Delay = 0.00>
ST_23 : Operation 55 [2/2] (0.00ns)   --->   "%call_ln538 = call void @cut_length, i1 %cl_state, i1024 %ipDataDropFifo, i1024 %ipDataCutFifo" [/mnt/scratch/pyuvaraj/Vitis_RoCE_W/Vitis_RoCE/fpga-network-stack/hls/ip_handler/ip_handler.cpp:538]   --->   Operation 55 'call' 'call_ln538' <Predicate = true> <Delay = 0.00> <CoreType = "Generic">   --->   Core 0 '' <Latency = 0> <II = 1> <Delay = 1.00> <Generic> <Opcode : >

State 24 <SV = 23> <Delay = 0.00>
ST_24 : Operation 56 [1/2] (0.00ns)   --->   "%call_ln538 = call void @cut_length, i1 %cl_state, i1024 %ipDataDropFifo, i1024 %ipDataCutFifo" [/mnt/scratch/pyuvaraj/Vitis_RoCE_W/Vitis_RoCE/fpga-network-stack/hls/ip_handler/ip_handler.cpp:538]   --->   Operation 56 'call' 'call_ln538' <Predicate = true> <Delay = 0.00> <CoreType = "Generic">   --->   Core 0 '' <Latency = 0> <II = 1> <Delay = 1.00> <Generic> <Opcode : >

State 25 <SV = 24> <Delay = 0.00>
ST_25 : Operation 57 [3/3] (0.00ns)   --->   "%call_ln540 = call void @detect_ipv4_protocol<512>, i1024 %m_axis_icmp, i1024 %m_axis_tcp, i1 %dip_state, i8 %ipv4ProtocolFifo, i1 %ipv4ValidFifo, i8 %dip_ipProtocol_V, i1024 %ipDataCutFifo, i1024 %udpDataFifo" [/mnt/scratch/pyuvaraj/Vitis_RoCE_W/Vitis_RoCE/fpga-network-stack/hls/ip_handler/ip_handler.cpp:540]   --->   Operation 57 'call' 'call_ln540' <Predicate = true> <Delay = 0.00> <CoreType = "Generic">   --->   Core 0 '' <Latency = 0> <II = 1> <Delay = 1.00> <Generic> <Opcode : >

State 26 <SV = 25> <Delay = 0.00>
ST_26 : Operation 58 [2/2] (0.00ns)   --->   "%call_ln528 = call void @ip_handler_rshiftWordByOctet<net_axis<512>, 512, 3>, i1 %fsmState, i512 %prevWord_data_V, i64 %prevWord_keep_V, i1024 %ipv6ShiftFifo, i1 %rs_firstWord, i1024 %ipv6DataFifo" [/mnt/scratch/pyuvaraj/Vitis_RoCE_W/Vitis_RoCE/fpga-network-stack/hls/ip_handler/ip_handler.cpp:528]   --->   Operation 58 'call' 'call_ln528' <Predicate = true> <Delay = 0.00> <CoreType = "Generic">   --->   Core 0 '' <Latency = 0> <II = 1> <Delay = 1.00> <Generic> <Opcode : >
ST_26 : Operation 59 [2/3] (0.00ns)   --->   "%call_ln540 = call void @detect_ipv4_protocol<512>, i1024 %m_axis_icmp, i1024 %m_axis_tcp, i1 %dip_state, i8 %ipv4ProtocolFifo, i1 %ipv4ValidFifo, i8 %dip_ipProtocol_V, i1024 %ipDataCutFifo, i1024 %udpDataFifo" [/mnt/scratch/pyuvaraj/Vitis_RoCE_W/Vitis_RoCE/fpga-network-stack/hls/ip_handler/ip_handler.cpp:540]   --->   Operation 59 'call' 'call_ln540' <Predicate = true> <Delay = 0.00> <CoreType = "Generic">   --->   Core 0 '' <Latency = 0> <II = 1> <Delay = 1.00> <Generic> <Opcode : >

State 27 <SV = 26> <Delay = 0.00>
ST_27 : Operation 60 [1/2] (0.00ns)   --->   "%call_ln528 = call void @ip_handler_rshiftWordByOctet<net_axis<512>, 512, 3>, i1 %fsmState, i512 %prevWord_data_V, i64 %prevWord_keep_V, i1024 %ipv6ShiftFifo, i1 %rs_firstWord, i1024 %ipv6DataFifo" [/mnt/scratch/pyuvaraj/Vitis_RoCE_W/Vitis_RoCE/fpga-network-stack/hls/ip_handler/ip_handler.cpp:528]   --->   Operation 60 'call' 'call_ln528' <Predicate = true> <Delay = 0.00> <CoreType = "Generic">   --->   Core 0 '' <Latency = 0> <II = 1> <Delay = 1.00> <Generic> <Opcode : >
ST_27 : Operation 61 [1/3] (0.00ns)   --->   "%call_ln540 = call void @detect_ipv4_protocol<512>, i1024 %m_axis_icmp, i1024 %m_axis_tcp, i1 %dip_state, i8 %ipv4ProtocolFifo, i1 %ipv4ValidFifo, i8 %dip_ipProtocol_V, i1024 %ipDataCutFifo, i1024 %udpDataFifo" [/mnt/scratch/pyuvaraj/Vitis_RoCE_W/Vitis_RoCE/fpga-network-stack/hls/ip_handler/ip_handler.cpp:540]   --->   Operation 61 'call' 'call_ln540' <Predicate = true> <Delay = 0.00> <CoreType = "Generic">   --->   Core 0 '' <Latency = 0> <II = 1> <Delay = 1.00> <Generic> <Opcode : >

State 28 <SV = 27> <Delay = 0.00>
ST_28 : Operation 62 [3/3] (0.00ns)   --->   "%call_ln542 = call void @detect_ipv6_protocol<512>, i1024 %m_axis_icmpv6, i1024 %m_axis_ipv6udp, i1 %state_V, i1024 %ipv6DataFifo, i8 %nextHeader_V" [/mnt/scratch/pyuvaraj/Vitis_RoCE_W/Vitis_RoCE/fpga-network-stack/hls/ip_handler/ip_handler.cpp:542]   --->   Operation 62 'call' 'call_ln542' <Predicate = true> <Delay = 0.00> <CoreType = "Generic">   --->   Core 0 '' <Latency = 0> <II = 1> <Delay = 1.00> <Generic> <Opcode : >
ST_28 : Operation 63 [3/3] (0.00ns)   --->   "%call_ln546 = call void @ip_handler_duplicate_stream<net_axis<512> >, i1024 %m_axis_udp, i1024 %m_axis_roce, i1024 %udpDataFifo" [/mnt/scratch/pyuvaraj/Vitis_RoCE_W/Vitis_RoCE/fpga-network-stack/hls/ip_handler/ip_handler.cpp:546]   --->   Operation 63 'call' 'call_ln546' <Predicate = true> <Delay = 0.00> <CoreType = "Generic">   --->   Core 0 '' <Latency = 0> <II = 1> <Delay = 1.00> <Generic> <Opcode : >

State 29 <SV = 28> <Delay = 1.67>
ST_29 : Operation 64 [2/3] (1.67ns)   --->   "%call_ln542 = call void @detect_ipv6_protocol<512>, i1024 %m_axis_icmpv6, i1024 %m_axis_ipv6udp, i1 %state_V, i1024 %ipv6DataFifo, i8 %nextHeader_V" [/mnt/scratch/pyuvaraj/Vitis_RoCE_W/Vitis_RoCE/fpga-network-stack/hls/ip_handler/ip_handler.cpp:542]   --->   Operation 64 'call' 'call_ln542' <Predicate = true> <Delay = 1.67> <CoreType = "Generic">   --->   Core 0 '' <Latency = 0> <II = 1> <Delay = 1.00> <Generic> <Opcode : >
ST_29 : Operation 65 [2/3] (1.16ns)   --->   "%call_ln546 = call void @ip_handler_duplicate_stream<net_axis<512> >, i1024 %m_axis_udp, i1024 %m_axis_roce, i1024 %udpDataFifo" [/mnt/scratch/pyuvaraj/Vitis_RoCE_W/Vitis_RoCE/fpga-network-stack/hls/ip_handler/ip_handler.cpp:546]   --->   Operation 65 'call' 'call_ln546' <Predicate = true> <Delay = 1.16> <CoreType = "Generic">   --->   Core 0 '' <Latency = 0> <II = 1> <Delay = 1.00> <Generic> <Opcode : >

State 30 <SV = 29> <Delay = 0.00>
ST_30 : Operation 66 [1/3] (0.00ns)   --->   "%call_ln542 = call void @detect_ipv6_protocol<512>, i1024 %m_axis_icmpv6, i1024 %m_axis_ipv6udp, i1 %state_V, i1024 %ipv6DataFifo, i8 %nextHeader_V" [/mnt/scratch/pyuvaraj/Vitis_RoCE_W/Vitis_RoCE/fpga-network-stack/hls/ip_handler/ip_handler.cpp:542]   --->   Operation 66 'call' 'call_ln542' <Predicate = true> <Delay = 0.00> <CoreType = "Generic">   --->   Core 0 '' <Latency = 0> <II = 1> <Delay = 1.00> <Generic> <Opcode : >
ST_30 : Operation 67 [1/3] (0.00ns)   --->   "%call_ln546 = call void @ip_handler_duplicate_stream<net_axis<512> >, i1024 %m_axis_udp, i1024 %m_axis_roce, i1024 %udpDataFifo" [/mnt/scratch/pyuvaraj/Vitis_RoCE_W/Vitis_RoCE/fpga-network-stack/hls/ip_handler/ip_handler.cpp:546]   --->   Operation 67 'call' 'call_ln546' <Predicate = true> <Delay = 0.00> <CoreType = "Generic">   --->   Core 0 '' <Latency = 0> <II = 1> <Delay = 1.00> <Generic> <Opcode : >

State 31 <SV = 30> <Delay = 0.00>
ST_31 : Operation 68 [1/1] (0.00ns)   --->   "%specdataflowpipeline_ln560 = specdataflowpipeline void @_ssdm_op_SpecDataflowPipeline, i32 4294967295, i32 1, void @empty" [/mnt/scratch/pyuvaraj/Vitis_RoCE_W/Vitis_RoCE/fpga-network-stack/hls/ip_handler/ip_handler.cpp:560]   --->   Operation 68 'specdataflowpipeline' 'specdataflowpipeline_ln560' <Predicate = true> <Delay = 0.00>
ST_31 : Operation 69 [1/1] (0.00ns)   --->   "%empty = specchannel i32 @_ssdm_op_SpecChannel, void @ethDataFifo_str, i32 1, void @p_str, void @p_str, i32 4, i32 4, i1024 %ethDataFifo, i1024 %ethDataFifo"   --->   Operation 69 'specchannel' 'empty' <Predicate = true> <Delay = 0.00>
ST_31 : Operation 70 [1/1] (0.00ns)   --->   "%empty_30 = specchannel i32 @_ssdm_op_SpecChannel, void @etherTypeFifo_str, i32 1, void @p_str, void @p_str, i32 2, i32 2, i16 %etherTypeFifo, i16 %etherTypeFifo"   --->   Operation 70 'specchannel' 'empty_30' <Predicate = true> <Delay = 0.00>
ST_31 : Operation 71 [1/1] (0.00ns)   --->   "%empty_31 = specchannel i32 @_ssdm_op_SpecChannel, void @ipDataCheckFifo_str, i32 1, void @p_str, void @p_str, i32 64, i32 64, i1024 %ipDataCheckFifo, i1024 %ipDataCheckFifo"   --->   Operation 71 'specchannel' 'empty_31' <Predicate = true> <Delay = 0.00>
ST_31 : Operation 72 [1/1] (0.00ns)   --->   "%empty_32 = specchannel i32 @_ssdm_op_SpecChannel, void @ipDataCutFifo_str, i32 1, void @p_str, void @p_str, i32 2, i32 2, i1024 %ipDataCutFifo, i1024 %ipDataCutFifo"   --->   Operation 72 'specchannel' 'empty_32' <Predicate = true> <Delay = 0.00>
ST_31 : Operation 73 [1/1] (0.00ns)   --->   "%empty_33 = specchannel i32 @_ssdm_op_SpecChannel, void @ipDataDropFifo_str, i32 1, void @p_str, void @p_str, i32 2, i32 2, i1024 %ipDataDropFifo, i1024 %ipDataDropFifo"   --->   Operation 73 'specchannel' 'empty_33' <Predicate = true> <Delay = 0.00>
ST_31 : Operation 74 [1/1] (0.00ns)   --->   "%empty_34 = specchannel i32 @_ssdm_op_SpecChannel, void @ipDataFifo_str, i32 1, void @p_str, void @p_str, i32 2, i32 2, i1024 %ipDataFifo, i1024 %ipDataFifo"   --->   Operation 74 'specchannel' 'empty_34' <Predicate = true> <Delay = 0.00>
ST_31 : Operation 75 [1/1] (0.00ns)   --->   "%empty_35 = specchannel i32 @_ssdm_op_SpecChannel, void @ipDataMetaFifo_str, i32 1, void @p_str, void @p_str, i32 2, i32 2, i1024 %ipDataMetaFifo, i1024 %ipDataMetaFifo"   --->   Operation 75 'specchannel' 'empty_35' <Predicate = true> <Delay = 0.00>
ST_31 : Operation 76 [1/1] (0.00ns)   --->   "%empty_36 = specchannel i32 @_ssdm_op_SpecChannel, void @iph_subSumsFifoOut_str, i32 1, void @p_str, void @p_str, i32 2, i32 2, i1024 %iph_subSumsFifoOut, i1024 %iph_subSumsFifoOut"   --->   Operation 76 'specchannel' 'empty_36' <Predicate = true> <Delay = 0.00>
ST_31 : Operation 77 [1/1] (0.00ns)   --->   "%empty_37 = specchannel i32 @_ssdm_op_SpecChannel, void @ipv4ProtocolFifo_str, i32 1, void @p_str, void @p_str, i32 32, i32 32, i8 %ipv4ProtocolFifo, i8 %ipv4ProtocolFifo"   --->   Operation 77 'specchannel' 'empty_37' <Predicate = true> <Delay = 0.00>
ST_31 : Operation 78 [1/1] (0.00ns)   --->   "%empty_38 = specchannel i32 @_ssdm_op_SpecChannel, void @ipv4ShiftFifo_str, i32 1, void @p_str, void @p_str, i32 2, i32 2, i1024 %ipv4ShiftFifo, i1024 %ipv4ShiftFifo"   --->   Operation 78 'specchannel' 'empty_38' <Predicate = true> <Delay = 0.00>
ST_31 : Operation 79 [1/1] (0.00ns)   --->   "%empty_39 = specchannel i32 @_ssdm_op_SpecChannel, void @ipv4ValidFifo_str, i32 1, void @p_str, void @p_str, i32 8, i32 8, i1 %ipv4ValidFifo, i1 %ipv4ValidFifo"   --->   Operation 79 'specchannel' 'empty_39' <Predicate = true> <Delay = 0.00>
ST_31 : Operation 80 [1/1] (0.00ns)   --->   "%empty_40 = specchannel i32 @_ssdm_op_SpecChannel, void @ipv6DataFifo_str, i32 1, void @p_str, void @p_str, i32 2, i32 2, i1024 %ipv6DataFifo, i1024 %ipv6DataFifo"   --->   Operation 80 'specchannel' 'empty_40' <Predicate = true> <Delay = 0.00>
ST_31 : Operation 81 [1/1] (0.00ns)   --->   "%empty_41 = specchannel i32 @_ssdm_op_SpecChannel, void @ipv6ShiftFifo_str, i32 1, void @p_str, void @p_str, i32 2, i32 2, i1024 %ipv6ShiftFifo, i1024 %ipv6ShiftFifo"   --->   Operation 81 'specchannel' 'empty_41' <Predicate = true> <Delay = 0.00>
ST_31 : Operation 82 [1/1] (0.00ns)   --->   "%empty_42 = specchannel i32 @_ssdm_op_SpecChannel, void @udpDataFifo_str, i32 1, void @p_str, void @p_str, i32 2, i32 2, i1024 %udpDataFifo, i1024 %udpDataFifo"   --->   Operation 82 'specchannel' 'empty_42' <Predicate = true> <Delay = 0.00>
ST_31 : Operation 83 [1/1] (0.00ns)   --->   "%empty_43 = specchannel i32 @_ssdm_op_SpecChannel, void @validChecksumFifo_str, i32 1, void @p_str, void @p_str, i32 4, i32 4, i1 %validChecksumFifo, i1 %validChecksumFifo"   --->   Operation 83 'specchannel' 'empty_43' <Predicate = true> <Delay = 0.00>
ST_31 : Operation 84 [1/1] (0.00ns)   --->   "%empty_44 = specchannel i32 @_ssdm_op_SpecChannel, void @validIpAddressFifo_str, i32 1, void @p_str, void @p_str, i32 32, i32 32, i1 %validIpAddressFifo, i1 %validIpAddressFifo"   --->   Operation 84 'specchannel' 'empty_44' <Predicate = true> <Delay = 0.00>
ST_31 : Operation 85 [1/1] (0.00ns)   --->   "%spectopmodule_ln550 = spectopmodule void @_ssdm_op_SpecTopModule, void @empty_3" [/mnt/scratch/pyuvaraj/Vitis_RoCE_W/Vitis_RoCE/fpga-network-stack/hls/ip_handler/ip_handler.cpp:550]   --->   Operation 85 'spectopmodule' 'spectopmodule_ln550' <Predicate = true> <Delay = 0.00>
ST_31 : Operation 86 [1/1] (0.00ns)   --->   "%specinterface_ln550 = specinterface void @_ssdm_op_SpecInterface, i32 0, void @empty_5, i32 0, i32 0, void @empty, i32 0, i32 0, void @empty, void @empty, void @empty, i32 0, i32 0, i32 0, i32 0, void @empty, void @empty, i32 4294967295, i32 0" [/mnt/scratch/pyuvaraj/Vitis_RoCE_W/Vitis_RoCE/fpga-network-stack/hls/ip_handler/ip_handler.cpp:550]   --->   Operation 86 'specinterface' 'specinterface_ln550' <Predicate = true> <Delay = 0.00>
ST_31 : Operation 87 [1/1] (0.00ns)   --->   "%specinterface_ln0 = specinterface void @_ssdm_op_SpecInterface, i1024 %s_axis_raw, void @empty_4, i32 1, i32 1, void @empty_0, i32 0, i32 0, void @empty, void @empty, void @empty, i32 0, i32 0, i32 0, i32 0, void @empty, void @empty, i32 4294967295, i32 0"   --->   Operation 87 'specinterface' 'specinterface_ln0' <Predicate = true> <Delay = 0.00>
ST_31 : Operation 88 [1/1] (0.00ns)   --->   "%specbitsmap_ln0 = specbitsmap void @_ssdm_op_SpecBitsMap, i1024 %s_axis_raw"   --->   Operation 88 'specbitsmap' 'specbitsmap_ln0' <Predicate = true> <Delay = 0.00>
ST_31 : Operation 89 [1/1] (0.00ns)   --->   "%specinterface_ln0 = specinterface void @_ssdm_op_SpecInterface, i1024 %m_axis_arp, void @empty_4, i32 1, i32 1, void @empty_0, i32 0, i32 0, void @empty, void @empty, void @empty, i32 0, i32 0, i32 0, i32 0, void @empty, void @empty, i32 4294967295, i32 0"   --->   Operation 89 'specinterface' 'specinterface_ln0' <Predicate = true> <Delay = 0.00>
ST_31 : Operation 90 [1/1] (0.00ns)   --->   "%specbitsmap_ln0 = specbitsmap void @_ssdm_op_SpecBitsMap, i1024 %m_axis_arp"   --->   Operation 90 'specbitsmap' 'specbitsmap_ln0' <Predicate = true> <Delay = 0.00>
ST_31 : Operation 91 [1/1] (0.00ns)   --->   "%specinterface_ln0 = specinterface void @_ssdm_op_SpecInterface, i1024 %m_axis_icmpv6, void @empty_4, i32 1, i32 1, void @empty_0, i32 0, i32 0, void @empty, void @empty, void @empty, i32 0, i32 0, i32 0, i32 0, void @empty, void @empty, i32 4294967295, i32 0"   --->   Operation 91 'specinterface' 'specinterface_ln0' <Predicate = true> <Delay = 0.00>
ST_31 : Operation 92 [1/1] (0.00ns)   --->   "%specbitsmap_ln0 = specbitsmap void @_ssdm_op_SpecBitsMap, i1024 %m_axis_icmpv6"   --->   Operation 92 'specbitsmap' 'specbitsmap_ln0' <Predicate = true> <Delay = 0.00>
ST_31 : Operation 93 [1/1] (0.00ns)   --->   "%specinterface_ln0 = specinterface void @_ssdm_op_SpecInterface, i1024 %m_axis_ipv6udp, void @empty_4, i32 1, i32 1, void @empty_0, i32 0, i32 0, void @empty, void @empty, void @empty, i32 0, i32 0, i32 0, i32 0, void @empty, void @empty, i32 4294967295, i32 0"   --->   Operation 93 'specinterface' 'specinterface_ln0' <Predicate = true> <Delay = 0.00>
ST_31 : Operation 94 [1/1] (0.00ns)   --->   "%specbitsmap_ln0 = specbitsmap void @_ssdm_op_SpecBitsMap, i1024 %m_axis_ipv6udp"   --->   Operation 94 'specbitsmap' 'specbitsmap_ln0' <Predicate = true> <Delay = 0.00>
ST_31 : Operation 95 [1/1] (0.00ns)   --->   "%specinterface_ln0 = specinterface void @_ssdm_op_SpecInterface, i1024 %m_axis_icmp, void @empty_4, i32 1, i32 1, void @empty_0, i32 0, i32 0, void @empty, void @empty, void @empty, i32 0, i32 0, i32 0, i32 0, void @empty, void @empty, i32 4294967295, i32 0"   --->   Operation 95 'specinterface' 'specinterface_ln0' <Predicate = true> <Delay = 0.00>
ST_31 : Operation 96 [1/1] (0.00ns)   --->   "%specbitsmap_ln0 = specbitsmap void @_ssdm_op_SpecBitsMap, i1024 %m_axis_icmp"   --->   Operation 96 'specbitsmap' 'specbitsmap_ln0' <Predicate = true> <Delay = 0.00>
ST_31 : Operation 97 [1/1] (0.00ns)   --->   "%specinterface_ln0 = specinterface void @_ssdm_op_SpecInterface, i1024 %m_axis_udp, void @empty_4, i32 1, i32 1, void @empty_0, i32 0, i32 0, void @empty, void @empty, void @empty, i32 0, i32 0, i32 0, i32 0, void @empty, void @empty, i32 4294967295, i32 0"   --->   Operation 97 'specinterface' 'specinterface_ln0' <Predicate = true> <Delay = 0.00>
ST_31 : Operation 98 [1/1] (0.00ns)   --->   "%specbitsmap_ln0 = specbitsmap void @_ssdm_op_SpecBitsMap, i1024 %m_axis_udp"   --->   Operation 98 'specbitsmap' 'specbitsmap_ln0' <Predicate = true> <Delay = 0.00>
ST_31 : Operation 99 [1/1] (0.00ns)   --->   "%specinterface_ln0 = specinterface void @_ssdm_op_SpecInterface, i1024 %m_axis_tcp, void @empty_4, i32 1, i32 1, void @empty_0, i32 0, i32 0, void @empty, void @empty, void @empty, i32 0, i32 0, i32 0, i32 0, void @empty, void @empty, i32 4294967295, i32 0"   --->   Operation 99 'specinterface' 'specinterface_ln0' <Predicate = true> <Delay = 0.00>
ST_31 : Operation 100 [1/1] (0.00ns)   --->   "%specbitsmap_ln0 = specbitsmap void @_ssdm_op_SpecBitsMap, i1024 %m_axis_tcp"   --->   Operation 100 'specbitsmap' 'specbitsmap_ln0' <Predicate = true> <Delay = 0.00>
ST_31 : Operation 101 [1/1] (0.00ns)   --->   "%specinterface_ln0 = specinterface void @_ssdm_op_SpecInterface, i1024 %m_axis_roce, void @empty_4, i32 1, i32 1, void @empty_0, i32 0, i32 0, void @empty, void @empty, void @empty, i32 0, i32 0, i32 0, i32 0, void @empty, void @empty, i32 4294967295, i32 0"   --->   Operation 101 'specinterface' 'specinterface_ln0' <Predicate = true> <Delay = 0.00>
ST_31 : Operation 102 [1/1] (0.00ns)   --->   "%specbitsmap_ln0 = specbitsmap void @_ssdm_op_SpecBitsMap, i1024 %m_axis_roce"   --->   Operation 102 'specbitsmap' 'specbitsmap_ln0' <Predicate = true> <Delay = 0.00>
ST_31 : Operation 103 [1/1] (0.00ns)   --->   "%specbitsmap_ln0 = specbitsmap void @_ssdm_op_SpecBitsMap, i32 %myIpAddress"   --->   Operation 103 'specbitsmap' 'specbitsmap_ln0' <Predicate = true> <Delay = 0.00>
ST_31 : Operation 104 [1/1] (0.00ns)   --->   "%specinterface_ln0 = specinterface void @_ssdm_op_SpecInterface, i32 %myIpAddress, void @empty_1, i32 1, i32 1, void @empty, i32 0, i32 0, void @empty, void @empty, void @empty, i32 0, i32 0, i32 0, i32 0, void @empty, void @empty, i32 4294967295, i32 0"   --->   Operation 104 'specinterface' 'specinterface_ln0' <Predicate = true> <Delay = 0.00>
ST_31 : Operation 105 [1/1] (0.00ns)   --->   "%specinterface_ln0 = specinterface void @_ssdm_op_SpecInterface, i16 %etherTypeFifo, void @empty_2, i32 0, i32 0, void @empty, i32 0, i32 0, void @empty, void @empty, void @empty, i32 0, i32 0, i32 0, i32 0, void @empty, void @empty, i32 4294967295, i32 0"   --->   Operation 105 'specinterface' 'specinterface_ln0' <Predicate = true> <Delay = 0.00>
ST_31 : Operation 106 [1/1] (0.00ns)   --->   "%specinterface_ln0 = specinterface void @_ssdm_op_SpecInterface, i1024 %ethDataFifo, void @empty_2, i32 0, i32 0, void @empty, i32 0, i32 0, void @empty, void @empty, void @empty, i32 0, i32 0, i32 0, i32 0, void @empty, void @empty, i32 4294967295, i32 0"   --->   Operation 106 'specinterface' 'specinterface_ln0' <Predicate = true> <Delay = 0.00>
ST_31 : Operation 107 [1/1] (0.00ns)   --->   "%specinterface_ln0 = specinterface void @_ssdm_op_SpecInterface, i1024 %ipv4ShiftFifo, void @empty_2, i32 0, i32 0, void @empty, i32 0, i32 0, void @empty, void @empty, void @empty, i32 0, i32 0, i32 0, i32 0, void @empty, void @empty, i32 4294967295, i32 0"   --->   Operation 107 'specinterface' 'specinterface_ln0' <Predicate = true> <Delay = 0.00>
ST_31 : Operation 108 [1/1] (0.00ns)   --->   "%specinterface_ln0 = specinterface void @_ssdm_op_SpecInterface, i1024 %ipv6ShiftFifo, void @empty_2, i32 0, i32 0, void @empty, i32 0, i32 0, void @empty, void @empty, void @empty, i32 0, i32 0, i32 0, i32 0, void @empty, void @empty, i32 4294967295, i32 0"   --->   Operation 108 'specinterface' 'specinterface_ln0' <Predicate = true> <Delay = 0.00>
ST_31 : Operation 109 [1/1] (0.00ns)   --->   "%specinterface_ln0 = specinterface void @_ssdm_op_SpecInterface, i1024 %ipDataFifo, void @empty_2, i32 0, i32 0, void @empty, i32 0, i32 0, void @empty, void @empty, void @empty, i32 0, i32 0, i32 0, i32 0, void @empty, void @empty, i32 4294967295, i32 0"   --->   Operation 109 'specinterface' 'specinterface_ln0' <Predicate = true> <Delay = 0.00>
ST_31 : Operation 110 [1/1] (0.00ns)   --->   "%specinterface_ln0 = specinterface void @_ssdm_op_SpecInterface, i1024 %ipv6DataFifo, void @empty_2, i32 0, i32 0, void @empty, i32 0, i32 0, void @empty, void @empty, void @empty, i32 0, i32 0, i32 0, i32 0, void @empty, void @empty, i32 4294967295, i32 0"   --->   Operation 110 'specinterface' 'specinterface_ln0' <Predicate = true> <Delay = 0.00>
ST_31 : Operation 111 [1/1] (0.00ns)   --->   "%specinterface_ln0 = specinterface void @_ssdm_op_SpecInterface, i1024 %ipDataMetaFifo, void @empty_2, i32 0, i32 0, void @empty, i32 0, i32 0, void @empty, void @empty, void @empty, i32 0, i32 0, i32 0, i32 0, void @empty, void @empty, i32 4294967295, i32 0"   --->   Operation 111 'specinterface' 'specinterface_ln0' <Predicate = true> <Delay = 0.00>
ST_31 : Operation 112 [1/1] (0.00ns)   --->   "%specinterface_ln0 = specinterface void @_ssdm_op_SpecInterface, i1 %validIpAddressFifo, void @empty_2, i32 0, i32 0, void @empty, i32 0, i32 0, void @empty, void @empty, void @empty, i32 0, i32 0, i32 0, i32 0, void @empty, void @empty, i32 4294967295, i32 0"   --->   Operation 112 'specinterface' 'specinterface_ln0' <Predicate = true> <Delay = 0.00>
ST_31 : Operation 113 [1/1] (0.00ns)   --->   "%specinterface_ln0 = specinterface void @_ssdm_op_SpecInterface, i8 %ipv4ProtocolFifo, void @empty_2, i32 0, i32 0, void @empty, i32 0, i32 0, void @empty, void @empty, void @empty, i32 0, i32 0, i32 0, i32 0, void @empty, void @empty, i32 4294967295, i32 0"   --->   Operation 113 'specinterface' 'specinterface_ln0' <Predicate = true> <Delay = 0.00>
ST_31 : Operation 114 [1/1] (0.00ns)   --->   "%specinterface_ln0 = specinterface void @_ssdm_op_SpecInterface, i1024 %ipDataCheckFifo, void @empty_2, i32 0, i32 0, void @empty, i32 0, i32 0, void @empty, void @empty, void @empty, i32 0, i32 0, i32 0, i32 0, void @empty, void @empty, i32 4294967295, i32 0"   --->   Operation 114 'specinterface' 'specinterface_ln0' <Predicate = true> <Delay = 0.00>
ST_31 : Operation 115 [1/1] (0.00ns)   --->   "%specinterface_ln0 = specinterface void @_ssdm_op_SpecInterface, i1024 %iph_subSumsFifoOut, void @empty_2, i32 0, i32 0, void @empty, i32 0, i32 0, void @empty, void @empty, void @empty, i32 0, i32 0, i32 0, i32 0, void @empty, void @empty, i32 4294967295, i32 0"   --->   Operation 115 'specinterface' 'specinterface_ln0' <Predicate = true> <Delay = 0.00>
ST_31 : Operation 116 [1/1] (0.00ns)   --->   "%specinterface_ln0 = specinterface void @_ssdm_op_SpecInterface, i1 %validChecksumFifo, void @empty_2, i32 0, i32 0, void @empty, i32 0, i32 0, void @empty, void @empty, void @empty, i32 0, i32 0, i32 0, i32 0, void @empty, void @empty, i32 4294967295, i32 0"   --->   Operation 116 'specinterface' 'specinterface_ln0' <Predicate = true> <Delay = 0.00>
ST_31 : Operation 117 [1/1] (0.00ns)   --->   "%specinterface_ln0 = specinterface void @_ssdm_op_SpecInterface, i1 %ipv4ValidFifo, void @empty_2, i32 0, i32 0, void @empty, i32 0, i32 0, void @empty, void @empty, void @empty, i32 0, i32 0, i32 0, i32 0, void @empty, void @empty, i32 4294967295, i32 0"   --->   Operation 117 'specinterface' 'specinterface_ln0' <Predicate = true> <Delay = 0.00>
ST_31 : Operation 118 [1/1] (0.00ns)   --->   "%specinterface_ln0 = specinterface void @_ssdm_op_SpecInterface, i1024 %ipDataDropFifo, void @empty_2, i32 0, i32 0, void @empty, i32 0, i32 0, void @empty, void @empty, void @empty, i32 0, i32 0, i32 0, i32 0, void @empty, void @empty, i32 4294967295, i32 0"   --->   Operation 118 'specinterface' 'specinterface_ln0' <Predicate = true> <Delay = 0.00>
ST_31 : Operation 119 [1/1] (0.00ns)   --->   "%specinterface_ln0 = specinterface void @_ssdm_op_SpecInterface, i1024 %ipDataCutFifo, void @empty_2, i32 0, i32 0, void @empty, i32 0, i32 0, void @empty, void @empty, void @empty, i32 0, i32 0, i32 0, i32 0, void @empty, void @empty, i32 4294967295, i32 0"   --->   Operation 119 'specinterface' 'specinterface_ln0' <Predicate = true> <Delay = 0.00>
ST_31 : Operation 120 [1/1] (0.00ns)   --->   "%specinterface_ln0 = specinterface void @_ssdm_op_SpecInterface, i1024 %udpDataFifo, void @empty_2, i32 0, i32 0, void @empty, i32 0, i32 0, void @empty, void @empty, void @empty, i32 0, i32 0, i32 0, i32 0, void @empty, void @empty, i32 4294967295, i32 0"   --->   Operation 120 'specinterface' 'specinterface_ln0' <Predicate = true> <Delay = 0.00>
ST_31 : Operation 121 [1/1] (0.00ns)   --->   "%ret_ln583 = ret" [/mnt/scratch/pyuvaraj/Vitis_RoCE_W/Vitis_RoCE/fpga-network-stack/hls/ip_handler/ip_handler.cpp:583]   --->   Operation 121 'ret' 'ret_ln583' <Predicate = true> <Delay = 0.00>


============================================================
+ Verbose Summary: Timing violations
============================================================
Target clock period: 3.2ns, clock uncertainty: 0.864ns.

 <State 1>: 0ns
The critical path consists of the following:

 <State 2>: 0ns
The critical path consists of the following:

 <State 3>: 0ns
The critical path consists of the following:

 <State 4>: 0ns
The critical path consists of the following:

 <State 5>: 0ns
The critical path consists of the following:

 <State 6>: 0ns
The critical path consists of the following:

 <State 7>: 0ns
The critical path consists of the following:

 <State 8>: 0ns
The critical path consists of the following:

 <State 9>: 0ns
The critical path consists of the following:

 <State 10>: 0ns
The critical path consists of the following:

 <State 11>: 0ns
The critical path consists of the following:

 <State 12>: 0ns
The critical path consists of the following:

 <State 13>: 0ns
The critical path consists of the following:

 <State 14>: 0ns
The critical path consists of the following:

 <State 15>: 0ns
The critical path consists of the following:

 <State 16>: 0ns
The critical path consists of the following:

 <State 17>: 0ns
The critical path consists of the following:

 <State 18>: 0ns
The critical path consists of the following:

 <State 19>: 0ns
The critical path consists of the following:

 <State 20>: 0ns
The critical path consists of the following:

 <State 21>: 0ns
The critical path consists of the following:

 <State 22>: 0ns
The critical path consists of the following:

 <State 23>: 0ns
The critical path consists of the following:

 <State 24>: 0ns
The critical path consists of the following:

 <State 25>: 0ns
The critical path consists of the following:

 <State 26>: 0ns
The critical path consists of the following:

 <State 27>: 0ns
The critical path consists of the following:

 <State 28>: 0ns
The critical path consists of the following:

 <State 29>: 1.68ns
The critical path consists of the following:
	'call' operation ('call_ln542', /mnt/scratch/pyuvaraj/Vitis_RoCE_W/Vitis_RoCE/fpga-network-stack/hls/ip_handler/ip_handler.cpp:542) to 'detect_ipv6_protocol<512>' [145]  (1.68 ns)

 <State 30>: 0ns
The critical path consists of the following:

 <State 31>: 0ns
The critical path consists of the following:


============================================================
+ Verbose Summary: Binding
============================================================
N/A
* FSMD analyzer results:
  - Output states:
 - Input state : 
  - Chain level:
	State 1
	State 2
	State 3
	State 4
	State 5
	State 6
	State 7
	State 8
	State 9
	State 10
	State 11
	State 12
	State 13
	State 14
	State 15
	State 16
	State 17
	State 18
	State 19
	State 20
	State 21
	State 22
	State 23
	State 24
	State 25
	State 26
	State 27
	State 28
	State 29
	State 30
	State 31


============================================================
+ Verbose Summary: Datapath Resource usage 
============================================================
N/A
