

================================================================
== Vitis HLS Report for 'route_by_eth_protocol_512_s'
================================================================
* Date:           Tue Jul 11 09:18:26 2023

* Version:        2022.1 (Build 3526262 on Mon Apr 18 15:47:01 MDT 2022)
* Project:        ip_handler_prj
* Solution:       solution1 (Vivado IP Flow Target)
* Product family: virtexuplus
* Target device:  xcu280-fsvh2892-2L-e


================================================================
== Performance Estimates
================================================================
+ Timing: 
    * Summary: 
    +--------+---------+----------+------------+
    |  Clock |  Target | Estimated| Uncertainty|
    +--------+---------+----------+------------+
    |ap_clk  |  3.20 ns|  1.677 ns|     0.86 ns|
    +--------+---------+----------+------------+

+ Latency: 
    * Summary: 
    +---------+---------+----------+----------+-----+-----+---------+
    |  Latency (cycles) |  Latency (absolute) |  Interval | Pipeline|
    |   min   |   max   |    min   |    max   | min | max |   Type  |
    +---------+---------+----------+----------+-----+-----+---------+
    |        2|        2|  6.400 ns|  6.400 ns|    1|    1|      yes|
    +---------+---------+----------+----------+-----+-----+---------+

    + Detail: 
        * Instance: 
        N/A

        * Loop: 
        N/A



================================================================
== Utilization Estimates
================================================================
* Summary: 
+---------------------+---------+------+---------+---------+-----+
|         Name        | BRAM_18K|  DSP |    FF   |   LUT   | URAM|
+---------------------+---------+------+---------+---------+-----+
|DSP                  |        -|     -|        -|        -|    -|
|Expression           |        -|     -|        0|       44|    -|
|FIFO                 |        -|     -|        -|        -|    -|
|Instance             |        -|     -|        -|        -|    -|
|Memory               |        -|     -|        -|        -|    -|
|Multiplexer          |        -|     -|        -|       54|    -|
|Register             |        -|     -|     1117|        -|    -|
+---------------------+---------+------+---------+---------+-----+
|Total                |        0|     0|     1117|       98|    0|
+---------------------+---------+------+---------+---------+-----+
|Available SLR        |     1344|  3008|   869120|   434560|  320|
+---------------------+---------+------+---------+---------+-----+
|Utilization SLR (%)  |        0|     0|       ~0|       ~0|    0|
+---------------------+---------+------+---------+---------+-----+
|Available            |     4032|  9024|  2607360|  1303680|  960|
+---------------------+---------+------+---------+---------+-----+
|Utilization (%)      |        0|     0|       ~0|       ~0|    0|
+---------------------+---------+------+---------+---------+-----+

+ Detail: 
    * Instance: 
    N/A

    * DSP: 
    N/A

    * Memory: 
    N/A

    * FIFO: 
    N/A

    * Expression: 
    +----------------------------------+----------+----+---+----+------------+------------+
    |           Variable Name          | Operation| DSP| FF| LUT| Bitwidth P0| Bitwidth P1|
    +----------------------------------+----------+----+---+----+------------+------------+
    |ap_condition_356                  |       and|   0|  0|   2|           1|           1|
    |ap_condition_357                  |       and|   0|  0|   2|           1|           1|
    |ap_predicate_op28_read_state1     |       and|   0|  0|   2|           1|           1|
    |ap_predicate_op42_read_state1     |       and|   0|  0|   2|           1|           1|
    |ap_predicate_op53_write_state2    |       and|   0|  0|   2|           1|           1|
    |ap_predicate_op55_write_state2    |       and|   0|  0|   2|           1|           1|
    |ap_predicate_op57_write_state2    |       and|   0|  0|   2|           1|           1|
    |ap_predicate_op58_write_state2    |       and|   0|  0|   2|           1|           1|
    |ap_predicate_op60_write_state2    |       and|   0|  0|   2|           1|           1|
    |ap_predicate_op62_write_state2    |       and|   0|  0|   2|           1|           1|
    |ap_predicate_op63_write_state3    |       and|   0|  0|   2|           1|           1|
    |ap_predicate_op65_write_state3    |       and|   0|  0|   2|           1|           1|
    |grp_nbreadreq_fu_66_p3            |       and|   0|  0|   2|           1|           0|
    |tmp_1_i_nbreadreq_fu_58_p3        |       and|   0|  0|   2|           1|           0|
    |ap_block_pp0_stage0_01001         |        or|   0|  0|   2|           1|           1|
    |ap_block_pp0_stage0_11001         |        or|   0|  0|   2|           1|           1|
    |ap_block_state1_pp0_stage0_iter0  |        or|   0|  0|   2|           1|           1|
    |ap_block_state2_io                |        or|   0|  0|   2|           1|           1|
    |ap_block_state2_pp0_stage0_iter1  |        or|   0|  0|   2|           1|           1|
    |ap_block_state3_io                |        or|   0|  0|   2|           1|           1|
    |ap_block_state3_pp0_stage0_iter2  |        or|   0|  0|   2|           1|           1|
    |ap_enable_pp0                     |       xor|   0|  0|   2|           1|           2|
    +----------------------------------+----------+----+---+----+------------+------------+
    |Total                             |          |   0|  0|  44|          22|          21|
    +----------------------------------+----------+----+---+----+------------+------------+

    * Multiplexer: 
    +------------------------+----+-----------+-----+-----------+
    |          Name          | LUT| Input Size| Bits| Total Bits|
    +------------------------+----+-----------+-----+-----------+
    |ap_done                 |   9|          2|    1|          2|
    |ethDataFifo_blk_n       |   9|          2|    1|          2|
    |etherTypeFifo_blk_n     |   9|          2|    1|          2|
    |ipv4ShiftFifo_blk_n     |   9|          2|    1|          2|
    |ipv6ShiftFifo_blk_n     |   9|          2|    1|          2|
    |m_axis_arp_TDATA_blk_n  |   9|          2|    1|          2|
    +------------------------+----+-----------+-----+-----------+
    |Total                   |  54|         12|    6|         12|
    +------------------------+----+-----------+-----+-----------+

    * Register: 
    +--------------------------------------------+------+----+------+-----------+
    |                    Name                    |  FF  | LUT| Bits | Const Bits|
    +--------------------------------------------+------+----+------+-----------+
    |ap_CS_fsm                                   |     1|   0|     1|          0|
    |ap_done_reg                                 |     1|   0|     1|          0|
    |ap_enable_reg_pp0_iter1                     |     1|   0|     1|          0|
    |ap_enable_reg_pp0_iter2                     |     1|   0|     1|          0|
    |reg_115                                     |  1024|   0|  1024|          0|
    |rep_etherType_V                             |    16|   0|    16|          0|
    |rep_etherType_V_load_reg_174                |    16|   0|    16|          0|
    |rep_etherType_V_load_reg_174_pp0_iter1_reg  |    16|   0|    16|          0|
    |rep_fsmState_V                              |     1|   0|     1|          0|
    |rep_fsmState_V_load_reg_148                 |     1|   0|     1|          0|
    |rep_fsmState_V_load_reg_148_pp0_iter1_reg   |     1|   0|     1|          0|
    |tmp_1_i_reg_152                             |     1|   0|     1|          0|
    |tmp_1_i_reg_152_pp0_iter1_reg               |     1|   0|     1|          0|
    |tmp_3_i_reg_156                             |     1|   0|     1|          0|
    |tmp_3_i_reg_156_pp0_iter1_reg               |     1|   0|     1|          0|
    |tmp_i_reg_167                               |     1|   0|     1|          0|
    |tmp_i_reg_167_pp0_iter1_reg                 |     1|   0|     1|          0|
    |tmp_reg_160                                 |    16|   0|    16|          0|
    |tmp_reg_160_pp0_iter1_reg                   |    16|   0|    16|          0|
    +--------------------------------------------+------+----+------+-----------+
    |Total                                       |  1117|   0|  1117|          0|
    +--------------------------------------------+------+----+------+-----------+



================================================================
== Interface
================================================================
* Summary: 
+------------------------------+-----+------+------------+----------------------------+--------------+
|           RTL Ports          | Dir | Bits |  Protocol  |        Source Object       |    C Type    |
+------------------------------+-----+------+------------+----------------------------+--------------+
|ap_clk                        |   in|     1|  ap_ctrl_hs|  route_by_eth_protocol<512>|  return value|
|ap_rst                        |   in|     1|  ap_ctrl_hs|  route_by_eth_protocol<512>|  return value|
|ap_start                      |   in|     1|  ap_ctrl_hs|  route_by_eth_protocol<512>|  return value|
|ap_done                       |  out|     1|  ap_ctrl_hs|  route_by_eth_protocol<512>|  return value|
|ap_continue                   |   in|     1|  ap_ctrl_hs|  route_by_eth_protocol<512>|  return value|
|ap_idle                       |  out|     1|  ap_ctrl_hs|  route_by_eth_protocol<512>|  return value|
|ap_ready                      |  out|     1|  ap_ctrl_hs|  route_by_eth_protocol<512>|  return value|
|etherTypeFifo_dout            |   in|    16|     ap_fifo|               etherTypeFifo|       pointer|
|etherTypeFifo_num_data_valid  |   in|     2|     ap_fifo|               etherTypeFifo|       pointer|
|etherTypeFifo_fifo_cap        |   in|     2|     ap_fifo|               etherTypeFifo|       pointer|
|etherTypeFifo_empty_n         |   in|     1|     ap_fifo|               etherTypeFifo|       pointer|
|etherTypeFifo_read            |  out|     1|     ap_fifo|               etherTypeFifo|       pointer|
|ethDataFifo_dout              |   in|  1024|     ap_fifo|                 ethDataFifo|       pointer|
|ethDataFifo_num_data_valid    |   in|     3|     ap_fifo|                 ethDataFifo|       pointer|
|ethDataFifo_fifo_cap          |   in|     3|     ap_fifo|                 ethDataFifo|       pointer|
|ethDataFifo_empty_n           |   in|     1|     ap_fifo|                 ethDataFifo|       pointer|
|ethDataFifo_read              |  out|     1|     ap_fifo|                 ethDataFifo|       pointer|
|ipv6ShiftFifo_din             |  out|  1024|     ap_fifo|               ipv6ShiftFifo|       pointer|
|ipv6ShiftFifo_num_data_valid  |   in|     2|     ap_fifo|               ipv6ShiftFifo|       pointer|
|ipv6ShiftFifo_fifo_cap        |   in|     2|     ap_fifo|               ipv6ShiftFifo|       pointer|
|ipv6ShiftFifo_full_n          |   in|     1|     ap_fifo|               ipv6ShiftFifo|       pointer|
|ipv6ShiftFifo_write           |  out|     1|     ap_fifo|               ipv6ShiftFifo|       pointer|
|ipv4ShiftFifo_din             |  out|  1024|     ap_fifo|               ipv4ShiftFifo|       pointer|
|ipv4ShiftFifo_num_data_valid  |   in|     2|     ap_fifo|               ipv4ShiftFifo|       pointer|
|ipv4ShiftFifo_fifo_cap        |   in|     2|     ap_fifo|               ipv4ShiftFifo|       pointer|
|ipv4ShiftFifo_full_n          |   in|     1|     ap_fifo|               ipv4ShiftFifo|       pointer|
|ipv4ShiftFifo_write           |  out|     1|     ap_fifo|               ipv4ShiftFifo|       pointer|
|m_axis_arp_TREADY             |   in|     1|        axis|                  m_axis_arp|       pointer|
|m_axis_arp_TDATA              |  out|  1024|        axis|                  m_axis_arp|       pointer|
|m_axis_arp_TVALID             |  out|     1|        axis|                  m_axis_arp|       pointer|
+------------------------------+-----+------+------------+----------------------------+--------------+

============================================================
+ Verbose Summary: Synthesis Manager
============================================================
InlineROM: 1
ExposeGlobal: 0
============================================================
+ Verbose Summary: CDFG Model
============================================================
IsTopModel: 0
ResetActiveHigh: 1
IsCombinational: 2
IsDatapathOnly: 0
HasWiredReturn: 1
HasMFsm: 2
HasVarLatency: 0
IsPipeline: 1
IsRtlPipelined: 1
IsInstanceOverlapped: 0
IsDontTouch: 0
HasImplIP: 0
IsGatedGlobalClock: 0

+ Individual pipeline summary: 
  * Pipeline-0: initiation interval (II) = 1, depth = 3


============================================================
+ Verbose Summary: Schedule
============================================================
* Number of FSM states : 3
* Pipeline : 1
  Pipeline-0 : II = 1, D = 3, States = { 1 2 3 }
* Dataflow Pipeline: 0

* FSM state transitions: 
1 --> 2 
2 --> 3 
3 --> 

* FSM state operations: 

State 1 <SV = 0> <Delay = 1.67>
ST_1 : Operation 4 [1/1] (0.00ns)   --->   "%specinterface_ln0 = specinterface void @_ssdm_op_SpecInterface, i1024 %ethDataFifo, void @empty_2, i32 0, i32 0, void @empty, i32 0, i32 0, void @empty, void @empty, void @empty, i32 0, i32 0, i32 0, i32 0, void @empty, void @empty, i32 4294967295, i32 0"   --->   Operation 4 'specinterface' 'specinterface_ln0' <Predicate = true> <Delay = 0.00>
ST_1 : Operation 5 [1/1] (0.00ns)   --->   "%specinterface_ln0 = specinterface void @_ssdm_op_SpecInterface, i1024 %ethDataFifo, void @empty_2, i32 0, i32 0, void @empty, i32 0, i32 0, void @empty, void @empty, void @empty, i32 0, i32 0, i32 0, i32 0, void @empty, void @empty, i32 4294967295, i32 0"   --->   Operation 5 'specinterface' 'specinterface_ln0' <Predicate = true> <Delay = 0.00>
ST_1 : Operation 6 [1/1] (0.00ns)   --->   "%specinterface_ln0 = specinterface void @_ssdm_op_SpecInterface, i1024 %ethDataFifo, void @empty_2, i32 0, i32 0, void @empty, i32 0, i32 0, void @empty, void @empty, void @empty, i32 0, i32 0, i32 0, i32 0, void @empty, void @empty, i32 4294967295, i32 0"   --->   Operation 6 'specinterface' 'specinterface_ln0' <Predicate = true> <Delay = 0.00>
ST_1 : Operation 7 [1/1] (0.00ns)   --->   "%specinterface_ln0 = specinterface void @_ssdm_op_SpecInterface, i16 %etherTypeFifo, void @empty_2, i32 0, i32 0, void @empty, i32 0, i32 0, void @empty, void @empty, void @empty, i32 0, i32 0, i32 0, i32 0, void @empty, void @empty, i32 4294967295, i32 0"   --->   Operation 7 'specinterface' 'specinterface_ln0' <Predicate = true> <Delay = 0.00>
ST_1 : Operation 8 [1/1] (0.00ns)   --->   "%specinterface_ln0 = specinterface void @_ssdm_op_SpecInterface, i16 %etherTypeFifo, void @empty_2, i32 0, i32 0, void @empty, i32 0, i32 0, void @empty, void @empty, void @empty, i32 0, i32 0, i32 0, i32 0, void @empty, void @empty, i32 4294967295, i32 0"   --->   Operation 8 'specinterface' 'specinterface_ln0' <Predicate = true> <Delay = 0.00>
ST_1 : Operation 9 [1/1] (0.00ns)   --->   "%specinterface_ln0 = specinterface void @_ssdm_op_SpecInterface, i16 %etherTypeFifo, void @empty_2, i32 0, i32 0, void @empty, i32 0, i32 0, void @empty, void @empty, void @empty, i32 0, i32 0, i32 0, i32 0, void @empty, void @empty, i32 4294967295, i32 0"   --->   Operation 9 'specinterface' 'specinterface_ln0' <Predicate = true> <Delay = 0.00>
ST_1 : Operation 10 [1/1] (0.00ns)   --->   "%specinterface_ln0 = specinterface void @_ssdm_op_SpecInterface, i1024 %ipv4ShiftFifo, void @empty_2, i32 0, i32 0, void @empty, i32 0, i32 0, void @empty, void @empty, void @empty, i32 0, i32 0, i32 0, i32 0, void @empty, void @empty, i32 4294967295, i32 0"   --->   Operation 10 'specinterface' 'specinterface_ln0' <Predicate = true> <Delay = 0.00>
ST_1 : Operation 11 [1/1] (0.00ns)   --->   "%specinterface_ln0 = specinterface void @_ssdm_op_SpecInterface, i1024 %ipv4ShiftFifo, void @empty_2, i32 0, i32 0, void @empty, i32 0, i32 0, void @empty, void @empty, void @empty, i32 0, i32 0, i32 0, i32 0, void @empty, void @empty, i32 4294967295, i32 0"   --->   Operation 11 'specinterface' 'specinterface_ln0' <Predicate = true> <Delay = 0.00>
ST_1 : Operation 12 [1/1] (0.00ns)   --->   "%specinterface_ln0 = specinterface void @_ssdm_op_SpecInterface, i1024 %ipv4ShiftFifo, void @empty_2, i32 0, i32 0, void @empty, i32 0, i32 0, void @empty, void @empty, void @empty, i32 0, i32 0, i32 0, i32 0, void @empty, void @empty, i32 4294967295, i32 0"   --->   Operation 12 'specinterface' 'specinterface_ln0' <Predicate = true> <Delay = 0.00>
ST_1 : Operation 13 [1/1] (0.00ns)   --->   "%specinterface_ln0 = specinterface void @_ssdm_op_SpecInterface, i1024 %ipv6ShiftFifo, void @empty_2, i32 0, i32 0, void @empty, i32 0, i32 0, void @empty, void @empty, void @empty, i32 0, i32 0, i32 0, i32 0, void @empty, void @empty, i32 4294967295, i32 0"   --->   Operation 13 'specinterface' 'specinterface_ln0' <Predicate = true> <Delay = 0.00>
ST_1 : Operation 14 [1/1] (0.00ns)   --->   "%specinterface_ln0 = specinterface void @_ssdm_op_SpecInterface, i1024 %ipv6ShiftFifo, void @empty_2, i32 0, i32 0, void @empty, i32 0, i32 0, void @empty, void @empty, void @empty, i32 0, i32 0, i32 0, i32 0, void @empty, void @empty, i32 4294967295, i32 0"   --->   Operation 14 'specinterface' 'specinterface_ln0' <Predicate = true> <Delay = 0.00>
ST_1 : Operation 15 [1/1] (0.00ns)   --->   "%specinterface_ln0 = specinterface void @_ssdm_op_SpecInterface, i1024 %ipv6ShiftFifo, void @empty_2, i32 0, i32 0, void @empty, i32 0, i32 0, void @empty, void @empty, void @empty, i32 0, i32 0, i32 0, i32 0, void @empty, void @empty, i32 4294967295, i32 0"   --->   Operation 15 'specinterface' 'specinterface_ln0' <Predicate = true> <Delay = 0.00>
ST_1 : Operation 16 [1/1] (0.00ns)   --->   "%specinterface_ln0 = specinterface void @_ssdm_op_SpecInterface, i1024 %ipv6ShiftFifo, void @empty_2, i32 0, i32 0, void @empty, i32 0, i32 0, void @empty, void @empty, void @empty, i32 0, i32 0, i32 0, i32 0, void @empty, void @empty, i32 4294967295, i32 0"   --->   Operation 16 'specinterface' 'specinterface_ln0' <Predicate = true> <Delay = 0.00>
ST_1 : Operation 17 [1/1] (0.00ns)   --->   "%specinterface_ln0 = specinterface void @_ssdm_op_SpecInterface, i1024 %ipv4ShiftFifo, void @empty_2, i32 0, i32 0, void @empty, i32 0, i32 0, void @empty, void @empty, void @empty, i32 0, i32 0, i32 0, i32 0, void @empty, void @empty, i32 4294967295, i32 0"   --->   Operation 17 'specinterface' 'specinterface_ln0' <Predicate = true> <Delay = 0.00>
ST_1 : Operation 18 [1/1] (0.00ns)   --->   "%specinterface_ln0 = specinterface void @_ssdm_op_SpecInterface, i1024 %ethDataFifo, void @empty_2, i32 0, i32 0, void @empty, i32 0, i32 0, void @empty, void @empty, void @empty, i32 0, i32 0, i32 0, i32 0, void @empty, void @empty, i32 4294967295, i32 0"   --->   Operation 18 'specinterface' 'specinterface_ln0' <Predicate = true> <Delay = 0.00>
ST_1 : Operation 19 [1/1] (0.00ns)   --->   "%specinterface_ln0 = specinterface void @_ssdm_op_SpecInterface, i16 %etherTypeFifo, void @empty_2, i32 0, i32 0, void @empty, i32 0, i32 0, void @empty, void @empty, void @empty, i32 0, i32 0, i32 0, i32 0, void @empty, void @empty, i32 4294967295, i32 0"   --->   Operation 19 'specinterface' 'specinterface_ln0' <Predicate = true> <Delay = 0.00>
ST_1 : Operation 20 [1/1] (0.00ns)   --->   "%specinterface_ln0 = specinterface void @_ssdm_op_SpecInterface, i1024 %m_axis_arp, void @empty_4, i32 1, i32 1, void @empty_0, i32 0, i32 0, void @empty, void @empty, void @empty, i32 0, i32 0, i32 0, i32 0, void @empty, void @empty, i32 4294967295, i32 0"   --->   Operation 20 'specinterface' 'specinterface_ln0' <Predicate = true> <Delay = 0.00>
ST_1 : Operation 21 [1/1] (0.00ns)   --->   "%specpipeline_ln71 = specpipeline void @_ssdm_op_SpecPipeline, i32 1, i32 0, i32 0, i32 0, void @empty" [/mnt/scratch/pyuvaraj/Vitis_RoCE_W/Vitis_RoCE/fpga-network-stack/hls/ip_handler/ip_handler.cpp:71]   --->   Operation 21 'specpipeline' 'specpipeline_ln71' <Predicate = true> <Delay = 0.00>
ST_1 : Operation 22 [1/1] (0.00ns)   --->   "%rep_fsmState_V_load = load i1 %rep_fsmState_V"   --->   Operation 22 'load' 'rep_fsmState_V_load' <Predicate = true> <Delay = 0.00>
ST_1 : Operation 23 [1/1] (0.00ns)   --->   "%br_ln83 = br i1 %rep_fsmState_V_load, void %sw.bb.i, void %sw.bb20.i" [/mnt/scratch/pyuvaraj/Vitis_RoCE_W/Vitis_RoCE/fpga-network-stack/hls/ip_handler/ip_handler.cpp:83]   --->   Operation 23 'br' 'br_ln83' <Predicate = true> <Delay = 0.00>
ST_1 : Operation 24 [1/1] (0.00ns)   --->   "%tmp_1_i = nbreadreq i1 @_ssdm_op_NbReadReq.ap_fifo.i16P0A, i16 %etherTypeFifo, i32 1" [/tools/Xilinx/Vitis_HLS/2022.1/common/technology/autopilot/hls_stream_39.h:136]   --->   Operation 24 'nbreadreq' 'tmp_1_i' <Predicate = (!rep_fsmState_V_load)> <Delay = 0.00> <CoreInst = "FIFO_SRL">   --->   Core 81 'FIFO_SRL' <Latency = 0> <II = 1> <Delay = 1.34> <Storage> <Opcode : 'read' 'write' 'nbread' 'nbwrite'> <Ports = 0> <Width = 16> <Depth = 2> <FIFO>
ST_1 : Operation 25 [1/1] (0.00ns)   --->   "%br_ln86 = br i1 %tmp_1_i, void %if.end19.i, void %land.lhs.true.i" [/mnt/scratch/pyuvaraj/Vitis_RoCE_W/Vitis_RoCE/fpga-network-stack/hls/ip_handler/ip_handler.cpp:86]   --->   Operation 25 'br' 'br_ln86' <Predicate = (!rep_fsmState_V_load)> <Delay = 0.00>
ST_1 : Operation 26 [1/1] (0.00ns)   --->   "%tmp_3_i = nbreadreq i1 @_ssdm_op_NbReadReq.ap_fifo.i1024P0A, i1024 %ethDataFifo, i32 1" [/tools/Xilinx/Vitis_HLS/2022.1/common/technology/autopilot/hls_stream_39.h:136]   --->   Operation 26 'nbreadreq' 'tmp_3_i' <Predicate = (!rep_fsmState_V_load & tmp_1_i)> <Delay = 0.00> <CoreInst = "FIFO">   --->   Core 78 'FIFO' <Latency = 0> <II = 1> <Delay = 1.28> <Storage> <Opcode : 'read' 'write' 'nbread' 'nbwrite'> <Ports = 0> <Width = 1024> <Depth = 4> <FIFO>
ST_1 : Operation 27 [1/1] (0.00ns)   --->   "%br_ln86 = br i1 %tmp_3_i, void %if.end19.i, void %if.then.i" [/mnt/scratch/pyuvaraj/Vitis_RoCE_W/Vitis_RoCE/fpga-network-stack/hls/ip_handler/ip_handler.cpp:86]   --->   Operation 27 'br' 'br_ln86' <Predicate = (!rep_fsmState_V_load & tmp_1_i)> <Delay = 0.00>
ST_1 : Operation 28 [1/1] (1.16ns)   --->   "%tmp = read i16 @_ssdm_op_Read.ap_fifo.volatile.i16P0A, i16 %etherTypeFifo" [/tools/Xilinx/Vitis_HLS/2022.1/common/technology/autopilot/hls_stream_39.h:145]   --->   Operation 28 'read' 'tmp' <Predicate = (!rep_fsmState_V_load & tmp_1_i & tmp_3_i)> <Delay = 1.16> <CoreInst = "FIFO_SRL">   --->   Core 81 'FIFO_SRL' <Latency = 0> <II = 1> <Delay = 1.34> <Storage> <Opcode : 'read' 'write' 'nbread' 'nbwrite'> <Ports = 0> <Width = 16> <Depth = 2> <FIFO>
ST_1 : Operation 29 [1/1] (0.00ns)   --->   "%store_ln88 = store i16 %tmp, i16 %rep_etherType_V" [/mnt/scratch/pyuvaraj/Vitis_RoCE_W/Vitis_RoCE/fpga-network-stack/hls/ip_handler/ip_handler.cpp:88]   --->   Operation 29 'store' 'store_ln88' <Predicate = (!rep_fsmState_V_load & tmp_1_i & tmp_3_i)> <Delay = 0.00>
ST_1 : Operation 30 [1/1] (1.16ns)   --->   "%ethDataFifo_read_1 = read i1024 @_ssdm_op_Read.ap_fifo.volatile.i1024P0A, i1024 %ethDataFifo" [/tools/Xilinx/Vitis_HLS/2022.1/common/technology/autopilot/hls_stream_39.h:145]   --->   Operation 30 'read' 'ethDataFifo_read_1' <Predicate = (!rep_fsmState_V_load & tmp_1_i & tmp_3_i)> <Delay = 1.16> <CoreInst = "FIFO">   --->   Core 78 'FIFO' <Latency = 0> <II = 1> <Delay = 1.28> <Storage> <Opcode : 'read' 'write' 'nbread' 'nbwrite'> <Ports = 0> <Width = 1024> <Depth = 4> <FIFO>
ST_1 : Operation 31 [1/1] (0.00ns)   --->   "%tmp_last_V = bitselect i1 @_ssdm_op_BitSelect.i1.i1024.i1024, i1024 %ethDataFifo_read_1, i1024 576" [/tools/Xilinx/Vitis_HLS/2022.1/common/technology/autopilot/hls_stream_39.h:145]   --->   Operation 31 'bitselect' 'tmp_last_V' <Predicate = (!rep_fsmState_V_load & tmp_1_i & tmp_3_i)> <Delay = 0.00>
ST_1 : Operation 32 [1/1] (0.34ns)   --->   "%switch_ln90 = switch i16 %tmp, void %if.end.i, i16 2054, void %if.then7.i, i16 2048, void %if.then9.i, i16 34525, void %if.then12.i" [/mnt/scratch/pyuvaraj/Vitis_RoCE_W/Vitis_RoCE/fpga-network-stack/hls/ip_handler/ip_handler.cpp:90]   --->   Operation 32 'switch' 'switch_ln90' <Predicate = (!rep_fsmState_V_load & tmp_1_i & tmp_3_i)> <Delay = 0.34>
ST_1 : Operation 33 [1/1] (0.00ns)   --->   "%br_ln0 = br void %if.end13.i"   --->   Operation 33 'br' 'br_ln0' <Predicate = (!rep_fsmState_V_load & tmp_1_i & tmp_3_i & tmp != 2054 & tmp != 2048)> <Delay = 0.00>
ST_1 : Operation 34 [1/1] (0.00ns)   --->   "%br_ln0 = br void %if.end14.i"   --->   Operation 34 'br' 'br_ln0' <Predicate = (!rep_fsmState_V_load & tmp_1_i & tmp_3_i & tmp != 2054)> <Delay = 0.00>
ST_1 : Operation 35 [1/1] (0.00ns)   --->   "%br_ln102 = br i1 %tmp_last_V, void %if.then16.i, void %if.end18.i" [/mnt/scratch/pyuvaraj/Vitis_RoCE_W/Vitis_RoCE/fpga-network-stack/hls/ip_handler/ip_handler.cpp:102]   --->   Operation 35 'br' 'br_ln102' <Predicate = (!rep_fsmState_V_load & tmp_1_i & tmp_3_i)> <Delay = 0.00>
ST_1 : Operation 36 [1/1] (0.38ns)   --->   "%store_ln104 = store i1 1, i1 %rep_fsmState_V" [/mnt/scratch/pyuvaraj/Vitis_RoCE_W/Vitis_RoCE/fpga-network-stack/hls/ip_handler/ip_handler.cpp:104]   --->   Operation 36 'store' 'store_ln104' <Predicate = (!rep_fsmState_V_load & tmp_1_i & tmp_3_i & !tmp_last_V)> <Delay = 0.38>
ST_1 : Operation 37 [1/1] (0.00ns)   --->   "%br_ln105 = br void %if.end18.i" [/mnt/scratch/pyuvaraj/Vitis_RoCE_W/Vitis_RoCE/fpga-network-stack/hls/ip_handler/ip_handler.cpp:105]   --->   Operation 37 'br' 'br_ln105' <Predicate = (!rep_fsmState_V_load & tmp_1_i & tmp_3_i & !tmp_last_V)> <Delay = 0.00>
ST_1 : Operation 38 [1/1] (0.00ns)   --->   "%br_ln106 = br void %if.end19.i" [/mnt/scratch/pyuvaraj/Vitis_RoCE_W/Vitis_RoCE/fpga-network-stack/hls/ip_handler/ip_handler.cpp:106]   --->   Operation 38 'br' 'br_ln106' <Predicate = (!rep_fsmState_V_load & tmp_1_i & tmp_3_i)> <Delay = 0.00>
ST_1 : Operation 39 [1/1] (0.00ns)   --->   "%br_ln107 = br void %route_by_eth_protocol<512>.exit" [/mnt/scratch/pyuvaraj/Vitis_RoCE_W/Vitis_RoCE/fpga-network-stack/hls/ip_handler/ip_handler.cpp:107]   --->   Operation 39 'br' 'br_ln107' <Predicate = (!rep_fsmState_V_load)> <Delay = 0.00>
ST_1 : Operation 40 [1/1] (0.00ns)   --->   "%tmp_i = nbreadreq i1 @_ssdm_op_NbReadReq.ap_fifo.i1024P0A, i1024 %ethDataFifo, i32 1" [/tools/Xilinx/Vitis_HLS/2022.1/common/technology/autopilot/hls_stream_39.h:136]   --->   Operation 40 'nbreadreq' 'tmp_i' <Predicate = (rep_fsmState_V_load)> <Delay = 0.00> <CoreInst = "FIFO">   --->   Core 78 'FIFO' <Latency = 0> <II = 1> <Delay = 1.28> <Storage> <Opcode : 'read' 'write' 'nbread' 'nbwrite'> <Ports = 0> <Width = 1024> <Depth = 4> <FIFO>
ST_1 : Operation 41 [1/1] (0.00ns)   --->   "%br_ln109 = br i1 %tmp_i, void %if.end40.i, void %if.then22.i" [/mnt/scratch/pyuvaraj/Vitis_RoCE_W/Vitis_RoCE/fpga-network-stack/hls/ip_handler/ip_handler.cpp:109]   --->   Operation 41 'br' 'br_ln109' <Predicate = (rep_fsmState_V_load)> <Delay = 0.00>
ST_1 : Operation 42 [1/1] (1.16ns)   --->   "%ethDataFifo_read = read i1024 @_ssdm_op_Read.ap_fifo.volatile.i1024P0A, i1024 %ethDataFifo" [/tools/Xilinx/Vitis_HLS/2022.1/common/technology/autopilot/hls_stream_39.h:145]   --->   Operation 42 'read' 'ethDataFifo_read' <Predicate = (rep_fsmState_V_load & tmp_i)> <Delay = 1.16> <CoreInst = "FIFO">   --->   Core 78 'FIFO' <Latency = 0> <II = 1> <Delay = 1.28> <Storage> <Opcode : 'read' 'write' 'nbread' 'nbwrite'> <Ports = 0> <Width = 1024> <Depth = 4> <FIFO>
ST_1 : Operation 43 [1/1] (0.00ns)   --->   "%tmp_last_V_1 = bitselect i1 @_ssdm_op_BitSelect.i1.i1024.i1024, i1024 %ethDataFifo_read, i1024 576" [/tools/Xilinx/Vitis_HLS/2022.1/common/technology/autopilot/hls_stream_39.h:145]   --->   Operation 43 'bitselect' 'tmp_last_V_1' <Predicate = (rep_fsmState_V_load & tmp_i)> <Delay = 0.00>
ST_1 : Operation 44 [1/1] (0.00ns)   --->   "%rep_etherType_V_load = load i16 %rep_etherType_V"   --->   Operation 44 'load' 'rep_etherType_V_load' <Predicate = (rep_fsmState_V_load & tmp_i)> <Delay = 0.00>
ST_1 : Operation 45 [1/1] (0.34ns)   --->   "%switch_ln112 = switch i16 %rep_etherType_V_load, void %if.end32.i, i16 2054, void %if.then25.i, i16 2048, void %if.then28.i, i16 34525, void %if.then31.i" [/mnt/scratch/pyuvaraj/Vitis_RoCE_W/Vitis_RoCE/fpga-network-stack/hls/ip_handler/ip_handler.cpp:112]   --->   Operation 45 'switch' 'switch_ln112' <Predicate = (rep_fsmState_V_load & tmp_i)> <Delay = 0.34>
ST_1 : Operation 46 [1/1] (0.00ns)   --->   "%br_ln0 = br void %if.end33.i"   --->   Operation 46 'br' 'br_ln0' <Predicate = (rep_fsmState_V_load & tmp_i & rep_etherType_V_load != 2054 & rep_etherType_V_load != 2048)> <Delay = 0.00>
ST_1 : Operation 47 [1/1] (0.00ns)   --->   "%br_ln0 = br void %if.end34.i"   --->   Operation 47 'br' 'br_ln0' <Predicate = (rep_fsmState_V_load & tmp_i & rep_etherType_V_load != 2054)> <Delay = 0.00>
ST_1 : Operation 48 [1/1] (0.00ns)   --->   "%br_ln125 = br i1 %tmp_last_V_1, void %if.end39.i, void %if.then37.i" [/mnt/scratch/pyuvaraj/Vitis_RoCE_W/Vitis_RoCE/fpga-network-stack/hls/ip_handler/ip_handler.cpp:125]   --->   Operation 48 'br' 'br_ln125' <Predicate = (rep_fsmState_V_load & tmp_i)> <Delay = 0.00>
ST_1 : Operation 49 [1/1] (0.38ns)   --->   "%store_ln127 = store i1 0, i1 %rep_fsmState_V" [/mnt/scratch/pyuvaraj/Vitis_RoCE_W/Vitis_RoCE/fpga-network-stack/hls/ip_handler/ip_handler.cpp:127]   --->   Operation 49 'store' 'store_ln127' <Predicate = (rep_fsmState_V_load & tmp_i & tmp_last_V_1)> <Delay = 0.38>
ST_1 : Operation 50 [1/1] (0.00ns)   --->   "%br_ln128 = br void %if.end39.i" [/mnt/scratch/pyuvaraj/Vitis_RoCE_W/Vitis_RoCE/fpga-network-stack/hls/ip_handler/ip_handler.cpp:128]   --->   Operation 50 'br' 'br_ln128' <Predicate = (rep_fsmState_V_load & tmp_i & tmp_last_V_1)> <Delay = 0.00>
ST_1 : Operation 51 [1/1] (0.00ns)   --->   "%br_ln129 = br void %if.end40.i" [/mnt/scratch/pyuvaraj/Vitis_RoCE_W/Vitis_RoCE/fpga-network-stack/hls/ip_handler/ip_handler.cpp:129]   --->   Operation 51 'br' 'br_ln129' <Predicate = (rep_fsmState_V_load & tmp_i)> <Delay = 0.00>
ST_1 : Operation 52 [1/1] (0.00ns)   --->   "%br_ln130 = br void %route_by_eth_protocol<512>.exit" [/mnt/scratch/pyuvaraj/Vitis_RoCE_W/Vitis_RoCE/fpga-network-stack/hls/ip_handler/ip_handler.cpp:130]   --->   Operation 52 'br' 'br_ln130' <Predicate = (rep_fsmState_V_load)> <Delay = 0.00>

State 2 <SV = 1> <Delay = 1.16>
ST_2 : Operation 53 [1/1] (1.16ns)   --->   "%write_ln174 = write void @_ssdm_op_Write.ap_fifo.volatile.i1024P0A, i1024 %ipv6ShiftFifo, i1024 %ethDataFifo_read_1" [/tools/Xilinx/Vitis_HLS/2022.1/common/technology/autopilot/hls_stream_39.h:174]   --->   Operation 53 'write' 'write_ln174' <Predicate = (!rep_fsmState_V_load & tmp_1_i & tmp_3_i & tmp == 34525)> <Delay = 1.16> <CoreInst = "FIFO_SRL">   --->   Core 81 'FIFO_SRL' <Latency = 0> <II = 1> <Delay = 1.33> <Storage> <Opcode : 'read' 'write' 'nbread' 'nbwrite'> <Ports = 0> <Width = 1024> <Depth = 2> <FIFO>
ST_2 : Operation 54 [1/1] (0.00ns)   --->   "%br_ln101 = br void %if.end.i" [/mnt/scratch/pyuvaraj/Vitis_RoCE_W/Vitis_RoCE/fpga-network-stack/hls/ip_handler/ip_handler.cpp:101]   --->   Operation 54 'br' 'br_ln101' <Predicate = (!rep_fsmState_V_load & tmp_1_i & tmp_3_i & tmp == 34525)> <Delay = 0.00>
ST_2 : Operation 55 [1/1] (1.16ns)   --->   "%write_ln174 = write void @_ssdm_op_Write.ap_fifo.volatile.i1024P0A, i1024 %ipv4ShiftFifo, i1024 %ethDataFifo_read_1" [/tools/Xilinx/Vitis_HLS/2022.1/common/technology/autopilot/hls_stream_39.h:174]   --->   Operation 55 'write' 'write_ln174' <Predicate = (!rep_fsmState_V_load & tmp_1_i & tmp_3_i & tmp == 2048)> <Delay = 1.16> <CoreInst = "FIFO_SRL">   --->   Core 81 'FIFO_SRL' <Latency = 0> <II = 1> <Delay = 1.33> <Storage> <Opcode : 'read' 'write' 'nbread' 'nbwrite'> <Ports = 0> <Width = 1024> <Depth = 2> <FIFO>
ST_2 : Operation 56 [1/1] (0.00ns)   --->   "%br_ln97 = br void %if.end13.i" [/mnt/scratch/pyuvaraj/Vitis_RoCE_W/Vitis_RoCE/fpga-network-stack/hls/ip_handler/ip_handler.cpp:97]   --->   Operation 56 'br' 'br_ln97' <Predicate = (!rep_fsmState_V_load & tmp_1_i & tmp_3_i & tmp == 2048)> <Delay = 0.00>
ST_2 : Operation 57 [2/2] (0.00ns)   --->   "%write_ln174 = write void @_ssdm_op_Write.axis.volatile.i1024P128A, i1024 %m_axis_arp, i1024 %ethDataFifo_read_1" [/tools/Xilinx/Vitis_HLS/2022.1/common/technology/autopilot/hls_stream_39.h:174]   --->   Operation 57 'write' 'write_ln174' <Predicate = (!rep_fsmState_V_load & tmp_1_i & tmp_3_i & tmp == 2054)> <Delay = 0.00> <CoreInst = "axis">   --->   Core 123 'axis' <Latency = 0> <II = 1> <Delay = 1.00> <Adapter> <Opcode : >
ST_2 : Operation 58 [1/1] (1.16ns)   --->   "%write_ln174 = write void @_ssdm_op_Write.ap_fifo.volatile.i1024P0A, i1024 %ipv6ShiftFifo, i1024 %ethDataFifo_read" [/tools/Xilinx/Vitis_HLS/2022.1/common/technology/autopilot/hls_stream_39.h:174]   --->   Operation 58 'write' 'write_ln174' <Predicate = (rep_fsmState_V_load & tmp_i & rep_etherType_V_load == 34525)> <Delay = 1.16> <CoreInst = "FIFO_SRL">   --->   Core 81 'FIFO_SRL' <Latency = 0> <II = 1> <Delay = 1.33> <Storage> <Opcode : 'read' 'write' 'nbread' 'nbwrite'> <Ports = 0> <Width = 1024> <Depth = 2> <FIFO>
ST_2 : Operation 59 [1/1] (0.00ns)   --->   "%br_ln123 = br void %if.end32.i" [/mnt/scratch/pyuvaraj/Vitis_RoCE_W/Vitis_RoCE/fpga-network-stack/hls/ip_handler/ip_handler.cpp:123]   --->   Operation 59 'br' 'br_ln123' <Predicate = (rep_fsmState_V_load & tmp_i & rep_etherType_V_load == 34525)> <Delay = 0.00>
ST_2 : Operation 60 [1/1] (1.16ns)   --->   "%write_ln174 = write void @_ssdm_op_Write.ap_fifo.volatile.i1024P0A, i1024 %ipv4ShiftFifo, i1024 %ethDataFifo_read" [/tools/Xilinx/Vitis_HLS/2022.1/common/technology/autopilot/hls_stream_39.h:174]   --->   Operation 60 'write' 'write_ln174' <Predicate = (rep_fsmState_V_load & tmp_i & rep_etherType_V_load == 2048)> <Delay = 1.16> <CoreInst = "FIFO_SRL">   --->   Core 81 'FIFO_SRL' <Latency = 0> <II = 1> <Delay = 1.33> <Storage> <Opcode : 'read' 'write' 'nbread' 'nbwrite'> <Ports = 0> <Width = 1024> <Depth = 2> <FIFO>
ST_2 : Operation 61 [1/1] (0.00ns)   --->   "%br_ln119 = br void %if.end33.i" [/mnt/scratch/pyuvaraj/Vitis_RoCE_W/Vitis_RoCE/fpga-network-stack/hls/ip_handler/ip_handler.cpp:119]   --->   Operation 61 'br' 'br_ln119' <Predicate = (rep_fsmState_V_load & tmp_i & rep_etherType_V_load == 2048)> <Delay = 0.00>
ST_2 : Operation 62 [2/2] (0.00ns)   --->   "%write_ln174 = write void @_ssdm_op_Write.axis.volatile.i1024P128A, i1024 %m_axis_arp, i1024 %ethDataFifo_read" [/tools/Xilinx/Vitis_HLS/2022.1/common/technology/autopilot/hls_stream_39.h:174]   --->   Operation 62 'write' 'write_ln174' <Predicate = (rep_fsmState_V_load & tmp_i & rep_etherType_V_load == 2054)> <Delay = 0.00> <CoreInst = "axis">   --->   Core 123 'axis' <Latency = 0> <II = 1> <Delay = 1.00> <Adapter> <Opcode : >

State 3 <SV = 2> <Delay = 0.00>
ST_3 : Operation 63 [1/2] (0.00ns)   --->   "%write_ln174 = write void @_ssdm_op_Write.axis.volatile.i1024P128A, i1024 %m_axis_arp, i1024 %ethDataFifo_read_1" [/tools/Xilinx/Vitis_HLS/2022.1/common/technology/autopilot/hls_stream_39.h:174]   --->   Operation 63 'write' 'write_ln174' <Predicate = (!rep_fsmState_V_load & tmp_1_i & tmp_3_i & tmp == 2054)> <Delay = 0.00> <CoreInst = "axis">   --->   Core 123 'axis' <Latency = 0> <II = 1> <Delay = 1.00> <Adapter> <Opcode : >
ST_3 : Operation 64 [1/1] (0.00ns)   --->   "%br_ln93 = br void %if.end14.i" [/mnt/scratch/pyuvaraj/Vitis_RoCE_W/Vitis_RoCE/fpga-network-stack/hls/ip_handler/ip_handler.cpp:93]   --->   Operation 64 'br' 'br_ln93' <Predicate = (!rep_fsmState_V_load & tmp_1_i & tmp_3_i & tmp == 2054)> <Delay = 0.00>
ST_3 : Operation 65 [1/2] (0.00ns)   --->   "%write_ln174 = write void @_ssdm_op_Write.axis.volatile.i1024P128A, i1024 %m_axis_arp, i1024 %ethDataFifo_read" [/tools/Xilinx/Vitis_HLS/2022.1/common/technology/autopilot/hls_stream_39.h:174]   --->   Operation 65 'write' 'write_ln174' <Predicate = (rep_fsmState_V_load & tmp_i & rep_etherType_V_load == 2054)> <Delay = 0.00> <CoreInst = "axis">   --->   Core 123 'axis' <Latency = 0> <II = 1> <Delay = 1.00> <Adapter> <Opcode : >
ST_3 : Operation 66 [1/1] (0.00ns)   --->   "%br_ln115 = br void %if.end34.i" [/mnt/scratch/pyuvaraj/Vitis_RoCE_W/Vitis_RoCE/fpga-network-stack/hls/ip_handler/ip_handler.cpp:115]   --->   Operation 66 'br' 'br_ln115' <Predicate = (rep_fsmState_V_load & tmp_i & rep_etherType_V_load == 2054)> <Delay = 0.00>
ST_3 : Operation 67 [1/1] (0.00ns)   --->   "%ret_ln0 = ret"   --->   Operation 67 'ret' 'ret_ln0' <Predicate = true> <Delay = 0.00>


============================================================
+ Verbose Summary: Binding
============================================================
STG Binding: 
---------------- STG Properties BEGIN ----------------
- Is combinational: 0
- Is one-state seq: 0
- Is datapath-only: 0
- Is pipelined: 1
- Is top level: 0
Port [ Return ] is wired: 1; IO mode=ap_ctrl_hs:ce=0
Port [ m_axis_arp]:  wired=1; compound=1; hidden=0; nouse=0; global=0; static=0; extern=0; dir=1; type=0; pingpong=0; private_global=0; IO mode=axis:ce=0
Port [ rep_fsmState_V]:  wired=0; compound=0; hidden=1; nouse=0; global=1; static=1; extern=0; dir=2; type=0; pingpong=0; private_global=1; IO mode=ap_ovld:ce=0
Port [ etherTypeFifo]:  wired=1; compound=1; hidden=0; nouse=0; global=1; static=1; extern=0; dir=0; type=3; pingpong=0; private_global=0; IO mode=ap_fifo:ce=0
Port [ ethDataFifo]:  wired=1; compound=1; hidden=0; nouse=0; global=1; static=1; extern=0; dir=0; type=3; pingpong=0; private_global=0; IO mode=ap_fifo:ce=0
Port [ rep_etherType_V]:  wired=0; compound=0; hidden=1; nouse=0; global=1; static=1; extern=0; dir=2; type=0; pingpong=0; private_global=1; IO mode=ap_ovld:ce=0
Port [ ipv4ShiftFifo]:  wired=1; compound=1; hidden=0; nouse=0; global=1; static=1; extern=0; dir=1; type=3; pingpong=0; private_global=0; IO mode=ap_fifo:ce=0
Port [ ipv6ShiftFifo]:  wired=1; compound=1; hidden=0; nouse=0; global=1; static=1; extern=0; dir=1; type=3; pingpong=0; private_global=0; IO mode=ap_fifo:ce=0
---------------- STG Properties END ------------------

---------------- Datapath Model BEGIN ----------------

<LifeTime>
<method=bitvector/>
specinterface_ln0    (specinterface) [ 0000]
specinterface_ln0    (specinterface) [ 0000]
specinterface_ln0    (specinterface) [ 0000]
specinterface_ln0    (specinterface) [ 0000]
specinterface_ln0    (specinterface) [ 0000]
specinterface_ln0    (specinterface) [ 0000]
specinterface_ln0    (specinterface) [ 0000]
specinterface_ln0    (specinterface) [ 0000]
specinterface_ln0    (specinterface) [ 0000]
specinterface_ln0    (specinterface) [ 0000]
specinterface_ln0    (specinterface) [ 0000]
specinterface_ln0    (specinterface) [ 0000]
specinterface_ln0    (specinterface) [ 0000]
specinterface_ln0    (specinterface) [ 0000]
specinterface_ln0    (specinterface) [ 0000]
specinterface_ln0    (specinterface) [ 0000]
specinterface_ln0    (specinterface) [ 0000]
specpipeline_ln71    (specpipeline ) [ 0000]
rep_fsmState_V_load  (load         ) [ 0111]
br_ln83              (br           ) [ 0000]
tmp_1_i              (nbreadreq    ) [ 0111]
br_ln86              (br           ) [ 0000]
tmp_3_i              (nbreadreq    ) [ 0111]
br_ln86              (br           ) [ 0000]
tmp                  (read         ) [ 0111]
store_ln88           (store        ) [ 0000]
ethDataFifo_read_1   (read         ) [ 0111]
tmp_last_V           (bitselect    ) [ 0100]
switch_ln90          (switch       ) [ 0000]
br_ln0               (br           ) [ 0000]
br_ln0               (br           ) [ 0000]
br_ln102             (br           ) [ 0000]
store_ln104          (store        ) [ 0000]
br_ln105             (br           ) [ 0000]
br_ln106             (br           ) [ 0000]
br_ln107             (br           ) [ 0000]
tmp_i                (nbreadreq    ) [ 0111]
br_ln109             (br           ) [ 0000]
ethDataFifo_read     (read         ) [ 0111]
tmp_last_V_1         (bitselect    ) [ 0100]
rep_etherType_V_load (load         ) [ 0111]
switch_ln112         (switch       ) [ 0000]
br_ln0               (br           ) [ 0000]
br_ln0               (br           ) [ 0000]
br_ln125             (br           ) [ 0000]
store_ln127          (store        ) [ 0000]
br_ln128             (br           ) [ 0000]
br_ln129             (br           ) [ 0000]
br_ln130             (br           ) [ 0000]
write_ln174          (write        ) [ 0000]
br_ln101             (br           ) [ 0000]
write_ln174          (write        ) [ 0000]
br_ln97              (br           ) [ 0000]
write_ln174          (write        ) [ 0000]
br_ln123             (br           ) [ 0000]
write_ln174          (write        ) [ 0000]
br_ln119             (br           ) [ 0000]
write_ln174          (write        ) [ 0000]
br_ln93              (br           ) [ 0000]
write_ln174          (write        ) [ 0000]
br_ln115             (br           ) [ 0000]
ret_ln0              (ret          ) [ 0000]
</LifeTime>

<model>

<comp_list>
<comp id="0" class="1000" name="m_axis_arp">
<pin_list>
<pin id="1" dir="1" index="0" bw="1" slack="0"/>
</pin_list>
<bind>
<StgValue><ssdm name="m_axis_arp"/></StgValue>
</bind>
</comp>

<comp id="2" class="1000" name="rep_fsmState_V">
<pin_list>
<pin id="3" dir="1" index="0" bw="1" slack="0"/>
</pin_list>
<bind>
<StgValue><ssdm name="rep_fsmState_V"/></StgValue>
</bind>
</comp>

<comp id="4" class="1000" name="etherTypeFifo">
<pin_list>
<pin id="5" dir="1" index="0" bw="1" slack="0"/>
</pin_list>
<bind>
<StgValue><ssdm name="etherTypeFifo"/></StgValue>
</bind>
</comp>

<comp id="6" class="1000" name="ethDataFifo">
<pin_list>
<pin id="7" dir="1" index="0" bw="1" slack="0"/>
</pin_list>
<bind>
<StgValue><ssdm name="ethDataFifo"/></StgValue>
</bind>
</comp>

<comp id="8" class="1000" name="rep_etherType_V">
<pin_list>
<pin id="9" dir="1" index="0" bw="1" slack="0"/>
</pin_list>
<bind>
<StgValue><ssdm name="rep_etherType_V"/></StgValue>
</bind>
</comp>

<comp id="10" class="1000" name="ipv4ShiftFifo">
<pin_list>
<pin id="11" dir="1" index="0" bw="1" slack="0"/>
</pin_list>
<bind>
<StgValue><ssdm name="ipv4ShiftFifo"/></StgValue>
</bind>
</comp>

<comp id="12" class="1000" name="ipv6ShiftFifo">
<pin_list>
<pin id="13" dir="1" index="0" bw="1" slack="0"/>
</pin_list>
<bind>
<StgValue><ssdm name="ipv6ShiftFifo"/></StgValue>
</bind>
</comp>

<comp id="14" class="1001" name="const_14">
<pin_list>
<pin id="15" dir="1" index="0" bw="1" slack="2147483647"/>
</pin_list>
<bind>
<StgValue><ssdm name="_ssdm_op_SpecInterface"/></StgValue>
</bind>
</comp>

<comp id="16" class="1001" name="const_16">
<pin_list>
<pin id="17" dir="1" index="0" bw="1" slack="2147483647"/>
</pin_list>
<bind>
<StgValue><ssdm name="empty_2"/></StgValue>
</bind>
</comp>

<comp id="18" class="1001" name="const_18">
<pin_list>
<pin id="19" dir="1" index="0" bw="1" slack="2147483647"/>
</pin_list>
<bind>
<StgValue><ssdm name=""/></StgValue>
</bind>
</comp>

<comp id="20" class="1001" name="const_20">
<pin_list>
<pin id="21" dir="1" index="0" bw="1" slack="2147483647"/>
</pin_list>
<bind>
<StgValue><ssdm name="empty"/></StgValue>
</bind>
</comp>

<comp id="22" class="1001" name="const_22">
<pin_list>
<pin id="23" dir="1" index="0" bw="1" slack="2147483647"/>
</pin_list>
<bind>
<StgValue><ssdm name=""/></StgValue>
</bind>
</comp>

<comp id="24" class="1001" name="const_24">
<pin_list>
<pin id="25" dir="1" index="0" bw="1" slack="2147483647"/>
</pin_list>
<bind>
<StgValue><ssdm name="empty_4"/></StgValue>
</bind>
</comp>

<comp id="26" class="1001" name="const_26">
<pin_list>
<pin id="27" dir="1" index="0" bw="1" slack="0"/>
</pin_list>
<bind>
<StgValue><ssdm name=""/></StgValue>
</bind>
</comp>

<comp id="28" class="1001" name="const_28">
<pin_list>
<pin id="29" dir="1" index="0" bw="1" slack="2147483647"/>
</pin_list>
<bind>
<StgValue><ssdm name="empty_0"/></StgValue>
</bind>
</comp>

<comp id="30" class="1001" name="const_30">
<pin_list>
<pin id="31" dir="1" index="0" bw="1" slack="2147483647"/>
</pin_list>
<bind>
<StgValue><ssdm name="_ssdm_op_SpecPipeline"/></StgValue>
</bind>
</comp>

<comp id="32" class="1001" name="const_32">
<pin_list>
<pin id="33" dir="1" index="0" bw="1" slack="0"/>
</pin_list>
<bind>
<StgValue><ssdm name="_ssdm_op_NbReadReq.ap_fifo.i16P0A"/></StgValue>
</bind>
</comp>

<comp id="34" class="1001" name="const_34">
<pin_list>
<pin id="35" dir="1" index="0" bw="1" slack="0"/>
</pin_list>
<bind>
<StgValue><ssdm name="_ssdm_op_NbReadReq.ap_fifo.i1024P0A"/></StgValue>
</bind>
</comp>

<comp id="36" class="1001" name="const_36">
<pin_list>
<pin id="37" dir="1" index="0" bw="1" slack="0"/>
</pin_list>
<bind>
<StgValue><ssdm name="_ssdm_op_Read.ap_fifo.volatile.i16P0A"/></StgValue>
</bind>
</comp>

<comp id="38" class="1001" name="const_38">
<pin_list>
<pin id="39" dir="1" index="0" bw="1" slack="0"/>
</pin_list>
<bind>
<StgValue><ssdm name="_ssdm_op_Read.ap_fifo.volatile.i1024P0A"/></StgValue>
</bind>
</comp>

<comp id="40" class="1001" name="const_40">
<pin_list>
<pin id="41" dir="1" index="0" bw="1" slack="0"/>
</pin_list>
<bind>
<StgValue><ssdm name="_ssdm_op_BitSelect.i1.i1024.i1024"/></StgValue>
</bind>
</comp>

<comp id="42" class="1001" name="const_42">
<pin_list>
<pin id="43" dir="1" index="0" bw="1" slack="0"/>
</pin_list>
<bind>
<StgValue><ssdm name=""/></StgValue>
</bind>
</comp>

<comp id="44" class="1001" name="const_44">
<pin_list>
<pin id="45" dir="1" index="0" bw="1" slack="2147483647"/>
</pin_list>
<bind>
<StgValue><ssdm name=""/></StgValue>
</bind>
</comp>

<comp id="46" class="1001" name="const_46">
<pin_list>
<pin id="47" dir="1" index="0" bw="1" slack="2147483647"/>
</pin_list>
<bind>
<StgValue><ssdm name=""/></StgValue>
</bind>
</comp>

<comp id="48" class="1001" name="const_48">
<pin_list>
<pin id="49" dir="1" index="0" bw="1" slack="2147483647"/>
</pin_list>
<bind>
<StgValue><ssdm name=""/></StgValue>
</bind>
</comp>

<comp id="50" class="1001" name="const_50">
<pin_list>
<pin id="51" dir="1" index="0" bw="1" slack="0"/>
</pin_list>
<bind>
<StgValue><ssdm name=""/></StgValue>
</bind>
</comp>

<comp id="52" class="1001" name="const_52">
<pin_list>
<pin id="53" dir="1" index="0" bw="1" slack="0"/>
</pin_list>
<bind>
<StgValue><ssdm name=""/></StgValue>
</bind>
</comp>

<comp id="54" class="1001" name="const_54">
<pin_list>
<pin id="55" dir="1" index="0" bw="1" slack="0"/>
</pin_list>
<bind>
<StgValue><ssdm name="_ssdm_op_Write.ap_fifo.volatile.i1024P0A"/></StgValue>
</bind>
</comp>

<comp id="56" class="1001" name="const_56">
<pin_list>
<pin id="57" dir="1" index="0" bw="1" slack="0"/>
</pin_list>
<bind>
<StgValue><ssdm name="_ssdm_op_Write.axis.volatile.i1024P128A"/></StgValue>
</bind>
</comp>

<comp id="58" class="1004" name="tmp_1_i_nbreadreq_fu_58">
<pin_list>
<pin id="59" dir="0" index="0" bw="1" slack="0"/>
<pin id="60" dir="0" index="1" bw="16" slack="0"/>
<pin id="61" dir="0" index="2" bw="1" slack="0"/>
<pin id="62" dir="1" index="3" bw="1" slack="1"/>
</pin_list>
<bind>
<opcode="nbreadreq(1156) " fcode="nbreadreq"/>
<opset="tmp_1_i/1 "/>
</bind>
</comp>

<comp id="66" class="1004" name="grp_nbreadreq_fu_66">
<pin_list>
<pin id="67" dir="0" index="0" bw="1" slack="0"/>
<pin id="68" dir="0" index="1" bw="1024" slack="0"/>
<pin id="69" dir="0" index="2" bw="1" slack="0"/>
<pin id="70" dir="1" index="3" bw="1" slack="1"/>
</pin_list>
<bind>
<opcode="nbreadreq(1156) " fcode="nbreadreq"/>
<opset="tmp_3_i/1 tmp_i/1 "/>
</bind>
</comp>

<comp id="74" class="1004" name="tmp_read_fu_74">
<pin_list>
<pin id="75" dir="0" index="0" bw="16" slack="0"/>
<pin id="76" dir="0" index="1" bw="16" slack="0"/>
<pin id="77" dir="1" index="2" bw="16" slack="0"/>
</pin_list>
<bind>
<opcode="read(1150) " fcode="read"/>
<opset="tmp/1 "/>
</bind>
</comp>

<comp id="80" class="1004" name="grp_read_fu_80">
<pin_list>
<pin id="81" dir="0" index="0" bw="1024" slack="0"/>
<pin id="82" dir="0" index="1" bw="1024" slack="0"/>
<pin id="83" dir="1" index="2" bw="1024" slack="0"/>
</pin_list>
<bind>
<opcode="read(1150) " fcode="read"/>
<opset="ethDataFifo_read_1/1 ethDataFifo_read/1 "/>
</bind>
</comp>

<comp id="86" class="1004" name="grp_write_fu_86">
<pin_list>
<pin id="87" dir="0" index="0" bw="0" slack="0"/>
<pin id="88" dir="0" index="1" bw="1024" slack="0"/>
<pin id="89" dir="0" index="2" bw="1024" slack="1"/>
<pin id="90" dir="1" index="3" bw="0" slack="2147483647"/>
</pin_list>
<bind>
<opcode="write(1151) " fcode="write"/>
<opset="write_ln174/2 write_ln174/2 "/>
</bind>
</comp>

<comp id="93" class="1004" name="grp_write_fu_93">
<pin_list>
<pin id="94" dir="0" index="0" bw="0" slack="0"/>
<pin id="95" dir="0" index="1" bw="1024" slack="0"/>
<pin id="96" dir="0" index="2" bw="1024" slack="1"/>
<pin id="97" dir="1" index="3" bw="0" slack="2147483647"/>
</pin_list>
<bind>
<opcode="write(1151) " fcode="write"/>
<opset="write_ln174/2 write_ln174/2 "/>
</bind>
</comp>

<comp id="100" class="1004" name="grp_write_fu_100">
<pin_list>
<pin id="101" dir="0" index="0" bw="0" slack="0"/>
<pin id="102" dir="0" index="1" bw="1024" slack="0"/>
<pin id="103" dir="0" index="2" bw="1024" slack="1"/>
<pin id="104" dir="1" index="3" bw="0" slack="2147483647"/>
</pin_list>
<bind>
<opcode="write(1151) " fcode="write"/>
<opset="write_ln174/2 write_ln174/2 "/>
</bind>
</comp>

<comp id="107" class="1004" name="grp_fu_107">
<pin_list>
<pin id="108" dir="0" index="0" bw="1" slack="0"/>
<pin id="109" dir="0" index="1" bw="1024" slack="0"/>
<pin id="110" dir="0" index="2" bw="11" slack="0"/>
<pin id="111" dir="1" index="3" bw="1" slack="2147483647"/>
</pin_list>
<bind>
<opcode="bitselect(1000) " fcode="bitselect"/>
<opset="tmp_last_V/1 tmp_last_V_1/1 "/>
</bind>
</comp>

<comp id="115" class="1005" name="reg_115">
<pin_list>
<pin id="116" dir="0" index="0" bw="1024" slack="1"/>
<pin id="117" dir="1" index="1" bw="1024" slack="1"/>
</pin_list>
<bind>
<opset="ethDataFifo_read_1 ethDataFifo_read "/>
</bind>
</comp>

<comp id="122" class="1004" name="rep_fsmState_V_load_load_fu_122">
<pin_list>
<pin id="123" dir="0" index="0" bw="1" slack="0"/>
<pin id="124" dir="1" index="1" bw="1" slack="1"/>
</pin_list>
<bind>
<opcode="load(27) " fcode="load"/>
<opset="rep_fsmState_V_load/1 "/>
</bind>
</comp>

<comp id="126" class="1004" name="store_ln88_store_fu_126">
<pin_list>
<pin id="127" dir="0" index="0" bw="16" slack="0"/>
<pin id="128" dir="0" index="1" bw="16" slack="0"/>
<pin id="129" dir="1" index="2" bw="0" slack="2147483647"/>
</pin_list>
<bind>
<opcode="store(28) " fcode="store"/>
<opset="store_ln88/1 "/>
</bind>
</comp>

<comp id="132" class="1004" name="store_ln104_store_fu_132">
<pin_list>
<pin id="133" dir="0" index="0" bw="1" slack="0"/>
<pin id="134" dir="0" index="1" bw="1" slack="0"/>
<pin id="135" dir="1" index="2" bw="0" slack="2147483647"/>
</pin_list>
<bind>
<opcode="store(28) " fcode="store"/>
<opset="store_ln104/1 "/>
</bind>
</comp>

<comp id="138" class="1004" name="rep_etherType_V_load_load_fu_138">
<pin_list>
<pin id="139" dir="0" index="0" bw="16" slack="0"/>
<pin id="140" dir="1" index="1" bw="16" slack="1"/>
</pin_list>
<bind>
<opcode="load(27) " fcode="load"/>
<opset="rep_etherType_V_load/1 "/>
</bind>
</comp>

<comp id="142" class="1004" name="store_ln127_store_fu_142">
<pin_list>
<pin id="143" dir="0" index="0" bw="1" slack="0"/>
<pin id="144" dir="0" index="1" bw="1" slack="0"/>
<pin id="145" dir="1" index="2" bw="0" slack="2147483647"/>
</pin_list>
<bind>
<opcode="store(28) " fcode="store"/>
<opset="store_ln127/1 "/>
</bind>
</comp>

<comp id="148" class="1005" name="rep_fsmState_V_load_reg_148">
<pin_list>
<pin id="149" dir="0" index="0" bw="1" slack="1"/>
<pin id="150" dir="1" index="1" bw="1" slack="2147483647"/>
</pin_list>
<bind>
<opset="rep_fsmState_V_load "/>
</bind>
</comp>

<comp id="152" class="1005" name="tmp_1_i_reg_152">
<pin_list>
<pin id="153" dir="0" index="0" bw="1" slack="1"/>
<pin id="154" dir="1" index="1" bw="1" slack="2147483647"/>
</pin_list>
<bind>
<opset="tmp_1_i "/>
</bind>
</comp>

<comp id="156" class="1005" name="tmp_3_i_reg_156">
<pin_list>
<pin id="157" dir="0" index="0" bw="1" slack="1"/>
<pin id="158" dir="1" index="1" bw="1" slack="2147483647"/>
</pin_list>
<bind>
<opset="tmp_3_i "/>
</bind>
</comp>

<comp id="160" class="1005" name="tmp_reg_160">
<pin_list>
<pin id="161" dir="0" index="0" bw="16" slack="1"/>
<pin id="162" dir="1" index="1" bw="16" slack="2147483647"/>
</pin_list>
<bind>
<opset="tmp "/>
</bind>
</comp>

<comp id="167" class="1005" name="tmp_i_reg_167">
<pin_list>
<pin id="168" dir="0" index="0" bw="1" slack="1"/>
<pin id="169" dir="1" index="1" bw="1" slack="2147483647"/>
</pin_list>
<bind>
<opset="tmp_i "/>
</bind>
</comp>

<comp id="174" class="1005" name="rep_etherType_V_load_reg_174">
<pin_list>
<pin id="175" dir="0" index="0" bw="16" slack="1"/>
<pin id="176" dir="1" index="1" bw="16" slack="2147483647"/>
</pin_list>
<bind>
<opset="rep_etherType_V_load "/>
</bind>
</comp>

</comp_list>

<net_list>
<net id="63"><net_src comp="32" pin="0"/><net_sink comp="58" pin=0"/></net>

<net id="64"><net_src comp="4" pin="0"/><net_sink comp="58" pin=1"/></net>

<net id="65"><net_src comp="26" pin="0"/><net_sink comp="58" pin=2"/></net>

<net id="71"><net_src comp="34" pin="0"/><net_sink comp="66" pin=0"/></net>

<net id="72"><net_src comp="6" pin="0"/><net_sink comp="66" pin=1"/></net>

<net id="73"><net_src comp="26" pin="0"/><net_sink comp="66" pin=2"/></net>

<net id="78"><net_src comp="36" pin="0"/><net_sink comp="74" pin=0"/></net>

<net id="79"><net_src comp="4" pin="0"/><net_sink comp="74" pin=1"/></net>

<net id="84"><net_src comp="38" pin="0"/><net_sink comp="80" pin=0"/></net>

<net id="85"><net_src comp="6" pin="0"/><net_sink comp="80" pin=1"/></net>

<net id="91"><net_src comp="54" pin="0"/><net_sink comp="86" pin=0"/></net>

<net id="92"><net_src comp="12" pin="0"/><net_sink comp="86" pin=1"/></net>

<net id="98"><net_src comp="54" pin="0"/><net_sink comp="93" pin=0"/></net>

<net id="99"><net_src comp="10" pin="0"/><net_sink comp="93" pin=1"/></net>

<net id="105"><net_src comp="56" pin="0"/><net_sink comp="100" pin=0"/></net>

<net id="106"><net_src comp="0" pin="0"/><net_sink comp="100" pin=1"/></net>

<net id="112"><net_src comp="40" pin="0"/><net_sink comp="107" pin=0"/></net>

<net id="113"><net_src comp="80" pin="2"/><net_sink comp="107" pin=1"/></net>

<net id="114"><net_src comp="42" pin="0"/><net_sink comp="107" pin=2"/></net>

<net id="118"><net_src comp="80" pin="2"/><net_sink comp="115" pin=0"/></net>

<net id="119"><net_src comp="115" pin="1"/><net_sink comp="86" pin=2"/></net>

<net id="120"><net_src comp="115" pin="1"/><net_sink comp="93" pin=2"/></net>

<net id="121"><net_src comp="115" pin="1"/><net_sink comp="100" pin=2"/></net>

<net id="125"><net_src comp="2" pin="0"/><net_sink comp="122" pin=0"/></net>

<net id="130"><net_src comp="74" pin="2"/><net_sink comp="126" pin=0"/></net>

<net id="131"><net_src comp="8" pin="0"/><net_sink comp="126" pin=1"/></net>

<net id="136"><net_src comp="50" pin="0"/><net_sink comp="132" pin=0"/></net>

<net id="137"><net_src comp="2" pin="0"/><net_sink comp="132" pin=1"/></net>

<net id="141"><net_src comp="8" pin="0"/><net_sink comp="138" pin=0"/></net>

<net id="146"><net_src comp="52" pin="0"/><net_sink comp="142" pin=0"/></net>

<net id="147"><net_src comp="2" pin="0"/><net_sink comp="142" pin=1"/></net>

<net id="151"><net_src comp="122" pin="1"/><net_sink comp="148" pin=0"/></net>

<net id="155"><net_src comp="58" pin="3"/><net_sink comp="152" pin=0"/></net>

<net id="159"><net_src comp="66" pin="3"/><net_sink comp="156" pin=0"/></net>

<net id="163"><net_src comp="74" pin="2"/><net_sink comp="160" pin=0"/></net>

<net id="170"><net_src comp="66" pin="3"/><net_sink comp="167" pin=0"/></net>

<net id="177"><net_src comp="138" pin="1"/><net_sink comp="174" pin=0"/></net>

</net_list>

</model> 
---------------- Datapath Model END ------------------

* FSMD analyzer results:
  - Output states:
	Port: m_axis_arp | {3 }
	Port: rep_fsmState_V | {1 }
	Port: etherTypeFifo | {}
	Port: ethDataFifo | {}
	Port: rep_etherType_V | {1 }
	Port: ipv4ShiftFifo | {2 }
	Port: ipv6ShiftFifo | {2 }
 - Input state : 
	Port: route_by_eth_protocol<512> : m_axis_arp | {}
	Port: route_by_eth_protocol<512> : rep_fsmState_V | {1 }
	Port: route_by_eth_protocol<512> : etherTypeFifo | {1 }
	Port: route_by_eth_protocol<512> : ethDataFifo | {1 }
	Port: route_by_eth_protocol<512> : rep_etherType_V | {1 }
	Port: route_by_eth_protocol<512> : ipv4ShiftFifo | {}
	Port: route_by_eth_protocol<512> : ipv6ShiftFifo | {}
  - Chain level:
	State 1
		br_ln83 : 1
		br_ln102 : 1
		switch_ln112 : 1
		br_ln125 : 1
	State 2
	State 3


============================================================
+ Verbose Summary: Datapath Resource usage 
============================================================

* Functional unit list:
|----------|-------------------------|
| Operation|     Functional Unit     |
|----------|-------------------------|
| nbreadreq| tmp_1_i_nbreadreq_fu_58 |
|          |   grp_nbreadreq_fu_66   |
|----------|-------------------------|
|   read   |      tmp_read_fu_74     |
|          |      grp_read_fu_80     |
|----------|-------------------------|
|          |     grp_write_fu_86     |
|   write  |     grp_write_fu_93     |
|          |     grp_write_fu_100    |
|----------|-------------------------|
| bitselect|        grp_fu_107       |
|----------|-------------------------|
|   Total  |                         |
|----------|-------------------------|

Memories:
N/A

* Register list:
+----------------------------+--------+
|                            |   FF   |
+----------------------------+--------+
|           reg_115          |  1024  |
|rep_etherType_V_load_reg_174|   16   |
| rep_fsmState_V_load_reg_148|    1   |
|       tmp_1_i_reg_152      |    1   |
|       tmp_3_i_reg_156      |    1   |
|        tmp_i_reg_167       |    1   |
|         tmp_reg_160        |   16   |
+----------------------------+--------+
|            Total           |  1060  |
+----------------------------+--------+

* Multiplexer (MUX) list: 
|--------|------|------|------|--------|
|  Comp  |  Pin | Size |  BW  | S x BW |
|--------|------|------|------|--------|
|  Total |      |      |      |    0   |
|--------|------|------|------|--------|



* Summary:
+-----------+--------+
|           |   FF   |
+-----------+--------+
|  Function |    -   |
|   Memory  |    -   |
|Multiplexer|    -   |
|  Register |  1060  |
+-----------+--------+
|   Total   |  1060  |
+-----------+--------+
