

================================================================
== Vitis HLS Report for 'ack_delay'
================================================================
* Date:           Tue Jul 11 09:26:10 2023

* Version:        2022.1 (Build 3526262 on Mon Apr 18 15:47:01 MDT 2022)
* Project:        toe_prj
* Solution:       solution1 (Vivado IP Flow Target)
* Product family: virtexuplus
* Target device:  xcu280-fsvh2892-2L-e


================================================================
== Performance Estimates
================================================================
+ Timing: 
    * Summary: 
    +--------+---------+----------+------------+
    |  Clock |  Target | Estimated| Uncertainty|
    +--------+---------+----------+------------+
    |ap_clk  |  3.20 ns|  2.027 ns|     0.86 ns|
    +--------+---------+----------+------------+

+ Latency: 
    * Summary: 
    +---------+---------+-----------+-----------+-----+-----+---------+
    |  Latency (cycles) |   Latency (absolute)  |  Interval | Pipeline|
    |   min   |   max   |    min    |    max    | min | max |   Type  |
    +---------+---------+-----------+-----------+-----+-----+---------+
    |        4|        4|  12.800 ns|  12.800 ns|    1|    1|      yes|
    +---------+---------+-----------+-----------+-----+-----+---------+

    + Detail: 
        * Instance: 
        N/A

        * Loop: 
        N/A



================================================================
== Utilization Estimates
================================================================
* Summary: 
+---------------------+---------+------+---------+---------+-----+
|         Name        | BRAM_18K|  DSP |    FF   |   LUT   | URAM|
+---------------------+---------+------+---------+---------+-----+
|DSP                  |        -|     -|        -|        -|    -|
|Expression           |        -|     -|        0|      203|    -|
|FIFO                 |        -|     -|        -|        -|    -|
|Instance             |        -|     -|        -|        -|    -|
|Memory               |        1|     -|        0|        0|    -|
|Multiplexer          |        -|     -|        -|      107|    -|
|Register             |        -|     -|      584|      128|    -|
+---------------------+---------+------+---------+---------+-----+
|Total                |        1|     0|      584|      438|    0|
+---------------------+---------+------+---------+---------+-----+
|Available SLR        |     1344|  3008|   869120|   434560|  320|
+---------------------+---------+------+---------+---------+-----+
|Utilization SLR (%)  |       ~0|     0|       ~0|       ~0|    0|
+---------------------+---------+------+---------+---------+-----+
|Available            |     4032|  9024|  2607360|  1303680|  960|
+---------------------+---------+------+---------+---------+-----+
|Utilization (%)      |       ~0|     0|       ~0|       ~0|    0|
+---------------------+---------+------+---------+---------+-----+

+ Detail: 
    * Instance: 
    N/A

    * DSP: 
    N/A

    * Memory: 
    +---------------+----------------------------------------+---------+---+----+-----+------+-----+------+-------------+
    |     Memory    |                 Module                 | BRAM_18K| FF| LUT| URAM| Words| Bits| Banks| W*Bits*Banks|
    +---------------+----------------------------------------+---------+---+----+-----+------+-----+------+-------------+
    |ack_table_V_U  |ack_delay_ack_table_V_RAM_2P_BRAM_1R1W  |        1|  0|   0|    0|  1000|   12|     1|        12000|
    +---------------+----------------------------------------+---------+---+----+-----+------+-----+------+-------------+
    |Total          |                                        |        1|  0|   0|    0|  1000|   12|     1|        12000|
    +---------------+----------------------------------------+---------+---+----+-----+------+-----+------+-------------+

    * FIFO: 
    N/A

    * Expression: 
    +-----------------------------------+----------+----+---+----+------------+------------+
    |           Variable Name           | Operation| DSP| FF| LUT| Bitwidth P0| Bitwidth P1|
    +-----------------------------------+----------+----+---+----+------------+------------+
    |add_ln886_fu_185_p2                |         +|   0|  0|  23|          16|           1|
    |add_ln887_fu_234_p2                |         +|   0|  0|  19|          12|           2|
    |ap_block_pp0                       |       and|   0|  0|   2|           1|           1|
    |ap_block_state2_pp0_stage0_iter1   |       and|   0|  0|   2|           1|           1|
    |ap_condition_179                   |       and|   0|  0|   2|           1|           1|
    |ap_condition_282                   |       and|   0|  0|   2|           1|           1|
    |ap_condition_86                    |       and|   0|  0|   2|           1|           1|
    |ap_enable_state2_pp0_iter1_stage0  |       and|   0|  0|   2|           1|           1|
    |ap_enable_state3_pp0_iter2_stage0  |       and|   0|  0|   2|           1|           1|
    |ap_enable_state4_pp0_iter3_stage0  |       and|   0|  0|   2|           1|           1|
    |ap_predicate_op44_load_state2      |       and|   0|  0|   2|           1|           1|
    |ap_predicate_op48_load_state3      |       and|   0|  0|   2|           1|           1|
    |ap_predicate_op58_write_state4     |       and|   0|  0|   2|           1|           1|
    |ap_predicate_op66_write_state5     |       and|   0|  0|   2|           1|           1|
    |tmp_i_nbreadreq_fu_74_p3           |       and|   0|  0|   2|           1|           0|
    |grp_fu_145_p2                      |      icmp|   0|  0|  12|          12|           1|
    |icmp_ln1065_79_fu_211_p2           |      icmp|   0|  0|  12|          12|           1|
    |icmp_ln1065_80_fu_191_p2           |      icmp|   0|  0|  13|          16|          10|
    |icmp_ln53_fu_165_p2                |      icmp|   0|  0|  20|          32|           2|
    |ap_block_pp0_stage0_01001          |        or|   0|  0|   2|           1|           1|
    |ap_block_state1_pp0_stage0_iter0   |        or|   0|  0|   2|           1|           1|
    |ap_block_state4_pp0_stage0_iter3   |        or|   0|  0|   2|           1|           1|
    |ap_block_state5_pp0_stage0_iter4   |        or|   0|  0|   2|           1|           1|
    |ap_condition_101                   |        or|   0|  0|   2|           1|           1|
    |ap_predicate_op68_write_state5     |        or|   0|  0|   2|           1|           1|
    |or_ln174_fu_223_p2                 |        or|   0|  0|  48|          48|           2|
    |select_ln78_fu_197_p3              |    select|   0|  0|  16|           1|           1|
    |ap_enable_pp0                      |       xor|   0|  0|   2|           1|           2|
    +-----------------------------------+----------+----+---+----+------------+------------+
    |Total                              |          |   0|  0| 203|         169|          40|
    +-----------------------------------+----------+----+---+----+------------+------------+

    * Multiplexer: 
    +-------------------------------+----+-----------+-----+-----------+
    |              Name             | LUT| Input Size| Bits| Total Bits|
    +-------------------------------+----+-----------+-----+-----------+
    |ackDelayFifoReadCount_blk_n    |   9|          2|    1|          2|
    |ackDelayFifoWriteCount_blk_n   |   9|          2|    1|          2|
    |ack_table_V_address0           |  14|          3|   10|         30|
    |ack_table_V_address1           |  14|          3|   10|         30|
    |ack_table_V_d1                 |  20|          4|   12|         48|
    |ap_done                        |   9|          2|    1|          2|
    |eventEng2ackDelay_event_blk_n  |   9|          2|    1|          2|
    |eventEng2txEng_event_blk_n     |   9|          2|    1|          2|
    |eventEng2txEng_event_din       |  14|          3|  224|        672|
    +-------------------------------+----+-----------+-----+-----------+
    |Total                          | 107|         23|  261|        790|
    +-------------------------------+----+-----------+-----+-----------+

    * Register: 
    +------------------------------------------+-----+----+-----+-----------+
    |                   Name                   |  FF | LUT| Bits| Const Bits|
    +------------------------------------------+-----+----+-----+-----------+
    |ack_table_V_addr_1_reg_264                |   10|   0|   10|          0|
    |ack_table_V_addr_1_reg_264_pp0_iter2_reg  |   10|   0|   10|          0|
    |ack_table_V_addr_reg_253                  |   10|   0|   10|          0|
    |ack_table_V_load_reg_270                  |   12|   0|   12|          0|
    |ad_pointer_V                              |   16|   0|   16|          0|
    |ad_pointer_V_load_reg_259                 |   16|   0|   16|          0|
    |ad_pointer_V_load_reg_259_pp0_iter2_reg   |   16|   0|   16|          0|
    |ap_CS_fsm                                 |    1|   0|    1|          0|
    |ap_done_reg                               |    1|   0|    1|          0|
    |ap_enable_reg_pp0_iter1                   |    1|   0|    1|          0|
    |ap_enable_reg_pp0_iter2                   |    1|   0|    1|          0|
    |ap_enable_reg_pp0_iter3                   |    1|   0|    1|          0|
    |ap_enable_reg_pp0_iter4                   |    1|   0|    1|          0|
    |eventEng2ackDelay_event_read_reg_244      |  224|   0|  224|          0|
    |icmp_ln1065_79_reg_288                    |    1|   0|    1|          0|
    |icmp_ln1065_reg_280                       |    1|   0|    1|          0|
    |icmp_ln1065_reg_280_pp0_iter3_reg         |    1|   0|    1|          0|
    |icmp_ln1081_reg_276                       |    1|   0|    1|          0|
    |icmp_ln1081_reg_276_pp0_iter3_reg         |    1|   0|    1|          0|
    |icmp_ln53_reg_249                         |    1|   0|    1|          0|
    |tmp_i_268_reg_284                         |    1|   0|    1|          0|
    |tmp_i_reg_240                             |    1|   0|    1|          0|
    |ack_table_V_addr_reg_253                  |   64|  32|   10|          0|
    |eventEng2ackDelay_event_read_reg_244      |   64|  32|  224|          0|
    |icmp_ln53_reg_249                         |   64|  32|    1|          0|
    |tmp_i_reg_240                             |   64|  32|    1|          0|
    +------------------------------------------+-----+----+-----+-----------+
    |Total                                     |  584| 128|  564|          0|
    +------------------------------------------+-----+----+-----+-----------+



================================================================
== Interface
================================================================
* Summary: 
+----------------------------------------+-----+-----+------------+-------------------------+--------------+
|                RTL Ports               | Dir | Bits|  Protocol  |      Source Object      |    C Type    |
+----------------------------------------+-----+-----+------------+-------------------------+--------------+
|ap_clk                                  |   in|    1|  ap_ctrl_hs|                ack_delay|  return value|
|ap_rst                                  |   in|    1|  ap_ctrl_hs|                ack_delay|  return value|
|ap_start                                |   in|    1|  ap_ctrl_hs|                ack_delay|  return value|
|ap_done                                 |  out|    1|  ap_ctrl_hs|                ack_delay|  return value|
|ap_continue                             |   in|    1|  ap_ctrl_hs|                ack_delay|  return value|
|ap_idle                                 |  out|    1|  ap_ctrl_hs|                ack_delay|  return value|
|ap_ready                                |  out|    1|  ap_ctrl_hs|                ack_delay|  return value|
|eventEng2ackDelay_event_dout            |   in|  224|     ap_fifo|  eventEng2ackDelay_event|       pointer|
|eventEng2ackDelay_event_num_data_valid  |   in|    7|     ap_fifo|  eventEng2ackDelay_event|       pointer|
|eventEng2ackDelay_event_fifo_cap        |   in|    7|     ap_fifo|  eventEng2ackDelay_event|       pointer|
|eventEng2ackDelay_event_empty_n         |   in|    1|     ap_fifo|  eventEng2ackDelay_event|       pointer|
|eventEng2ackDelay_event_read            |  out|    1|     ap_fifo|  eventEng2ackDelay_event|       pointer|
|ackDelayFifoReadCount_din               |  out|    1|     ap_fifo|    ackDelayFifoReadCount|       pointer|
|ackDelayFifoReadCount_num_data_valid    |   in|    7|     ap_fifo|    ackDelayFifoReadCount|       pointer|
|ackDelayFifoReadCount_fifo_cap          |   in|    7|     ap_fifo|    ackDelayFifoReadCount|       pointer|
|ackDelayFifoReadCount_full_n            |   in|    1|     ap_fifo|    ackDelayFifoReadCount|       pointer|
|ackDelayFifoReadCount_write             |  out|    1|     ap_fifo|    ackDelayFifoReadCount|       pointer|
|eventEng2txEng_event_din                |  out|  224|     ap_fifo|     eventEng2txEng_event|       pointer|
|eventEng2txEng_event_num_data_valid     |   in|    7|     ap_fifo|     eventEng2txEng_event|       pointer|
|eventEng2txEng_event_fifo_cap           |   in|    7|     ap_fifo|     eventEng2txEng_event|       pointer|
|eventEng2txEng_event_full_n             |   in|    1|     ap_fifo|     eventEng2txEng_event|       pointer|
|eventEng2txEng_event_write              |  out|    1|     ap_fifo|     eventEng2txEng_event|       pointer|
|ackDelayFifoWriteCount_din              |  out|    1|     ap_fifo|   ackDelayFifoWriteCount|       pointer|
|ackDelayFifoWriteCount_num_data_valid   |   in|    7|     ap_fifo|   ackDelayFifoWriteCount|       pointer|
|ackDelayFifoWriteCount_fifo_cap         |   in|    7|     ap_fifo|   ackDelayFifoWriteCount|       pointer|
|ackDelayFifoWriteCount_full_n           |   in|    1|     ap_fifo|   ackDelayFifoWriteCount|       pointer|
|ackDelayFifoWriteCount_write            |  out|    1|     ap_fifo|   ackDelayFifoWriteCount|       pointer|
+----------------------------------------+-----+-----+------------+-------------------------+--------------+

