

================================================================
== Vitis HLS Report for 'finalize_ipv4_checksum_32_s'
================================================================
* Date:           Tue Jul 11 09:26:45 2023

* Version:        2022.1 (Build 3526262 on Mon Apr 18 15:47:01 MDT 2022)
* Project:        toe_prj
* Solution:       solution1 (Vivado IP Flow Target)
* Product family: virtexuplus
* Target device:  xcu280-fsvh2892-2L-e


================================================================
== Performance Estimates
================================================================
+ Timing: 
    * Summary: 
    +--------+---------+----------+------------+
    |  Clock |  Target | Estimated| Uncertainty|
    +--------+---------+----------+------------+
    |ap_clk  |  3.20 ns|  2.298 ns|     0.86 ns|
    +--------+---------+----------+------------+

+ Latency: 
    * Summary: 
    +---------+---------+-----------+-----------+-----+-----+---------+
    |  Latency (cycles) |   Latency (absolute)  |  Interval | Pipeline|
    |   min   |   max   |    min    |    max    | min | max |   Type  |
    +---------+---------+-----------+-----------+-----+-----+---------+
    |        4|        4|  12.800 ns|  12.800 ns|    1|    1|      yes|
    +---------+---------+-----------+-----------+-----+-----+---------+

    + Detail: 
        * Instance: 
        N/A

        * Loop: 
        N/A



================================================================
== Utilization Estimates
================================================================
* Summary: 
+---------------------+---------+------+---------+---------+-----+
|         Name        | BRAM_18K|  DSP |    FF   |   LUT   | URAM|
+---------------------+---------+------+---------+---------+-----+
|DSP                  |        -|     -|        -|        -|    -|
|Expression           |        -|     -|        0|     2522|    -|
|FIFO                 |        -|     -|        -|        -|    -|
|Instance             |        -|     -|        -|        -|    -|
|Memory               |        -|     -|        -|        -|    -|
|Multiplexer          |        -|     -|        -|       27|    -|
|Register             |        -|     -|     1116|       32|    -|
+---------------------+---------+------+---------+---------+-----+
|Total                |        0|     0|     1116|     2581|    0|
+---------------------+---------+------+---------+---------+-----+
|Available SLR        |     1344|  3008|   869120|   434560|  320|
+---------------------+---------+------+---------+---------+-----+
|Utilization SLR (%)  |        0|     0|       ~0|       ~0|    0|
+---------------------+---------+------+---------+---------+-----+
|Available            |     4032|  9024|  2607360|  1303680|  960|
+---------------------+---------+------+---------+---------+-----+
|Utilization (%)      |        0|     0|       ~0|       ~0|    0|
+---------------------+---------+------+---------+---------+-----+

+ Detail: 
    * Instance: 
    N/A

    * DSP: 
    N/A

    * Memory: 
    N/A

    * FIFO: 
    N/A

    * Expression: 
    +----------------------------------+----------+----+---+----+------------+------------+
    |           Variable Name          | Operation| DSP| FF| LUT| Bitwidth P0| Bitwidth P1|
    +----------------------------------+----------+----+---+----+------------+------------+
    |add_ln232_140_fu_1490_p2          |         +|   0|  0|  16|          16|          16|
    |add_ln232_141_fu_1521_p2          |         +|   0|  0|  16|          16|          16|
    |add_ln232_142_fu_1526_p2          |         +|   0|  0|  16|          16|          16|
    |add_ln232_143_fu_1557_p2          |         +|   0|  0|  16|          16|          16|
    |add_ln232_144_fu_1562_p2          |         +|   0|  0|  16|          16|          16|
    |add_ln232_145_fu_1593_p2          |         +|   0|  0|  16|          16|          16|
    |add_ln232_146_fu_1598_p2          |         +|   0|  0|  16|          16|          16|
    |add_ln232_147_fu_1629_p2          |         +|   0|  0|  16|          16|          16|
    |add_ln232_148_fu_1634_p2          |         +|   0|  0|  16|          16|          16|
    |add_ln232_149_fu_1665_p2          |         +|   0|  0|  16|          16|          16|
    |add_ln232_150_fu_1670_p2          |         +|   0|  0|  16|          16|          16|
    |add_ln232_151_fu_1701_p2          |         +|   0|  0|  16|          16|          16|
    |add_ln232_152_fu_1706_p2          |         +|   0|  0|  16|          16|          16|
    |add_ln232_153_fu_1737_p2          |         +|   0|  0|  16|          16|          16|
    |add_ln232_154_fu_1742_p2          |         +|   0|  0|  16|          16|          16|
    |add_ln232_155_fu_1773_p2          |         +|   0|  0|  16|          16|          16|
    |add_ln232_156_fu_1778_p2          |         +|   0|  0|  16|          16|          16|
    |add_ln232_157_fu_1809_p2          |         +|   0|  0|  16|          16|          16|
    |add_ln232_158_fu_1814_p2          |         +|   0|  0|  16|          16|          16|
    |add_ln232_159_fu_1845_p2          |         +|   0|  0|  16|          16|          16|
    |add_ln232_160_fu_1850_p2          |         +|   0|  0|  16|          16|          16|
    |add_ln232_161_fu_1881_p2          |         +|   0|  0|  16|          16|          16|
    |add_ln232_162_fu_1886_p2          |         +|   0|  0|  16|          16|          16|
    |add_ln232_163_fu_1917_p2          |         +|   0|  0|  16|          16|          16|
    |add_ln232_164_fu_1922_p2          |         +|   0|  0|  16|          16|          16|
    |add_ln232_165_fu_1953_p2          |         +|   0|  0|  16|          16|          16|
    |add_ln232_166_fu_1958_p2          |         +|   0|  0|  16|          16|          16|
    |add_ln232_167_fu_1989_p2          |         +|   0|  0|  16|          16|          16|
    |add_ln232_168_fu_1994_p2          |         +|   0|  0|  16|          16|          16|
    |add_ln232_169_fu_2025_p2          |         +|   0|  0|  16|          16|          16|
    |add_ln232_170_fu_2030_p2          |         +|   0|  0|  16|          16|          16|
    |add_ln232_171_fu_2097_p2          |         +|   0|  0|  16|          16|          16|
    |add_ln232_172_fu_2103_p2          |         +|   0|  0|  16|          16|          16|
    |add_ln232_173_fu_2161_p2          |         +|   0|  0|  16|          16|          16|
    |add_ln232_174_fu_2167_p2          |         +|   0|  0|  16|          16|          16|
    |add_ln232_175_fu_2225_p2          |         +|   0|  0|  16|          16|          16|
    |add_ln232_176_fu_2231_p2          |         +|   0|  0|  16|          16|          16|
    |add_ln232_177_fu_2289_p2          |         +|   0|  0|  16|          16|          16|
    |add_ln232_178_fu_2295_p2          |         +|   0|  0|  16|          16|          16|
    |add_ln232_179_fu_2353_p2          |         +|   0|  0|  16|          16|          16|
    |add_ln232_180_fu_2359_p2          |         +|   0|  0|  16|          16|          16|
    |add_ln232_181_fu_2407_p2          |         +|   0|  0|  16|          16|          16|
    |add_ln232_182_fu_2413_p2          |         +|   0|  0|  16|          16|          16|
    |add_ln232_183_fu_2461_p2          |         +|   0|  0|  16|          16|          16|
    |add_ln232_184_fu_2467_p2          |         +|   0|  0|  16|          16|          16|
    |add_ln232_185_fu_2515_p2          |         +|   0|  0|  16|          16|          16|
    |add_ln232_186_fu_2521_p2          |         +|   0|  0|  16|          16|          16|
    |add_ln232_187_fu_2620_p2          |         +|   0|  0|  16|          16|          16|
    |add_ln232_188_fu_2625_p2          |         +|   0|  0|  16|          16|          16|
    |add_ln232_189_fu_2660_p2          |         +|   0|  0|  16|          16|          16|
    |add_ln232_190_fu_2665_p2          |         +|   0|  0|  16|          16|          16|
    |add_ln232_191_fu_2700_p2          |         +|   0|  0|  16|          16|          16|
    |add_ln232_192_fu_2705_p2          |         +|   0|  0|  16|          16|          16|
    |add_ln232_193_fu_2740_p2          |         +|   0|  0|  16|          16|          16|
    |add_ln232_194_fu_2745_p2          |         +|   0|  0|  16|          16|          16|
    |add_ln232_195_fu_2787_p2          |         +|   0|  0|  16|          16|          16|
    |add_ln232_196_fu_2792_p2          |         +|   0|  0|  16|          16|          16|
    |add_ln232_197_fu_2813_p2          |         +|   0|  0|  16|          16|          16|
    |add_ln232_198_fu_2818_p2          |         +|   0|  0|  16|          16|          16|
    |add_ln232_199_fu_2844_p2          |         +|   0|  0|  16|          16|          16|
    |add_ln232_200_fu_2849_p2          |         +|   0|  0|  16|          16|          16|
    |add_ln232_fu_1485_p2              |         +|   0|  0|  16|          16|          16|
    |add_ln497_10_fu_1860_p2           |         +|   0|  0|  19|           8|           8|
    |add_ln497_11_fu_1896_p2           |         +|   0|  0|  19|           8|           8|
    |add_ln497_12_fu_1932_p2           |         +|   0|  0|  19|           8|           8|
    |add_ln497_13_fu_1968_p2           |         +|   0|  0|  19|           8|           8|
    |add_ln497_14_fu_2004_p2           |         +|   0|  0|  19|           8|           8|
    |add_ln497_15_fu_2040_p2           |         +|   0|  0|  19|           8|           8|
    |add_ln497_16_fu_1495_p2           |         +|   0|  0|  19|           8|           8|
    |add_ln497_17_fu_1531_p2           |         +|   0|  0|  19|           8|           8|
    |add_ln497_18_fu_1567_p2           |         +|   0|  0|  19|           8|           8|
    |add_ln497_19_fu_1603_p2           |         +|   0|  0|  19|           8|           8|
    |add_ln497_1_fu_1536_p2            |         +|   0|  0|  19|           8|           8|
    |add_ln497_20_fu_1639_p2           |         +|   0|  0|  19|           8|           8|
    |add_ln497_21_fu_1675_p2           |         +|   0|  0|  19|           8|           8|
    |add_ln497_22_fu_1711_p2           |         +|   0|  0|  19|           8|           8|
    |add_ln497_23_fu_1747_p2           |         +|   0|  0|  19|           8|           8|
    |add_ln497_24_fu_1783_p2           |         +|   0|  0|  19|           8|           8|
    |add_ln497_25_fu_1819_p2           |         +|   0|  0|  19|           8|           8|
    |add_ln497_26_fu_1855_p2           |         +|   0|  0|  19|           8|           8|
    |add_ln497_27_fu_1891_p2           |         +|   0|  0|  19|           8|           8|
    |add_ln497_28_fu_1927_p2           |         +|   0|  0|  19|           8|           8|
    |add_ln497_29_fu_1963_p2           |         +|   0|  0|  19|           8|           8|
    |add_ln497_2_fu_1572_p2            |         +|   0|  0|  19|           8|           8|
    |add_ln497_30_fu_1999_p2           |         +|   0|  0|  19|           8|           8|
    |add_ln497_31_fu_2035_p2           |         +|   0|  0|  19|           8|           8|
    |add_ln497_3_fu_1608_p2            |         +|   0|  0|  19|           8|           8|
    |add_ln497_4_fu_1644_p2            |         +|   0|  0|  19|           8|           8|
    |add_ln497_5_fu_1680_p2            |         +|   0|  0|  19|           8|           8|
    |add_ln497_6_fu_1716_p2            |         +|   0|  0|  19|           8|           8|
    |add_ln497_7_fu_1752_p2            |         +|   0|  0|  19|           8|           8|
    |add_ln497_8_fu_1788_p2            |         +|   0|  0|  19|           8|           8|
    |add_ln497_9_fu_1824_p2            |         +|   0|  0|  19|           8|           8|
    |add_ln497_fu_1500_p2              |         +|   0|  0|  19|           8|           8|
    |add_ln507_1_fu_2548_p2            |         +|   0|  0|  19|           8|           8|
    |add_ln507_2_fu_2561_p2            |         +|   0|  0|  19|           8|           8|
    |add_ln507_3_fu_2574_p2            |         +|   0|  0|  19|           8|           8|
    |add_ln507_4_fu_2530_p2            |         +|   0|  0|  19|           8|           8|
    |add_ln507_5_fu_2543_p2            |         +|   0|  0|  19|           8|           8|
    |add_ln507_6_fu_2556_p2            |         +|   0|  0|  19|           8|           8|
    |add_ln507_7_fu_2569_p2            |         +|   0|  0|  19|           8|           8|
    |add_ln507_fu_2535_p2              |         +|   0|  0|  19|           8|           8|
    |add_ln886_161_fu_709_p2           |         +|   0|  0|  24|          17|          17|
    |add_ln886_162_fu_763_p2           |         +|   0|  0|  24|          17|          17|
    |add_ln886_163_fu_817_p2           |         +|   0|  0|  24|          17|          17|
    |add_ln886_164_fu_871_p2           |         +|   0|  0|  24|          17|          17|
    |add_ln886_165_fu_925_p2           |         +|   0|  0|  24|          17|          17|
    |add_ln886_166_fu_979_p2           |         +|   0|  0|  24|          17|          17|
    |add_ln886_167_fu_1033_p2          |         +|   0|  0|  24|          17|          17|
    |add_ln886_168_fu_1087_p2          |         +|   0|  0|  24|          17|          17|
    |add_ln886_169_fu_1141_p2          |         +|   0|  0|  24|          17|          17|
    |add_ln886_170_fu_1195_p2          |         +|   0|  0|  24|          17|          17|
    |add_ln886_171_fu_1249_p2          |         +|   0|  0|  24|          17|          17|
    |add_ln886_172_fu_1303_p2          |         +|   0|  0|  24|          17|          17|
    |add_ln886_173_fu_1357_p2          |         +|   0|  0|  24|          17|          17|
    |add_ln886_174_fu_1411_p2          |         +|   0|  0|  24|          17|          17|
    |add_ln886_175_fu_1465_p2          |         +|   0|  0|  24|          17|          17|
    |add_ln886_176_fu_2079_p2          |         +|   0|  0|  24|          17|          17|
    |add_ln886_177_fu_2143_p2          |         +|   0|  0|  24|          17|          17|
    |add_ln886_178_fu_2207_p2          |         +|   0|  0|  24|          17|          17|
    |add_ln886_179_fu_2271_p2          |         +|   0|  0|  24|          17|          17|
    |add_ln886_180_fu_2335_p2          |         +|   0|  0|  24|          17|          17|
    |add_ln886_181_fu_2389_p2          |         +|   0|  0|  24|          17|          17|
    |add_ln886_182_fu_2443_p2          |         +|   0|  0|  24|          17|          17|
    |add_ln886_183_fu_2497_p2          |         +|   0|  0|  24|          17|          17|
    |add_ln886_184_fu_2602_p2          |         +|   0|  0|  24|          17|          17|
    |add_ln886_185_fu_2642_p2          |         +|   0|  0|  24|          17|          17|
    |add_ln886_186_fu_2682_p2          |         +|   0|  0|  24|          17|          17|
    |add_ln886_187_fu_2722_p2          |         +|   0|  0|  24|          17|          17|
    |add_ln886_188_fu_2763_p2          |         +|   0|  0|  24|          17|          17|
    |add_ln886_189_fu_2769_p2          |         +|   0|  0|  24|          17|          17|
    |add_ln886_190_fu_2827_p2          |         +|   0|  0|  24|          17|          17|
    |add_ln886_fu_655_p2               |         +|   0|  0|  24|          17|          17|
    |ap_block_state5_pp0_stage0_iter4  |       and|   0|  0|   2|           1|           1|
    |tmp_i_nbreadreq_fu_292_p3         |       and|   0|  0|   2|           1|           0|
    |ap_block_pp0_stage0_01001         |        or|   0|  0|   2|           1|           1|
    |ap_block_state1_pp0_stage0_iter0  |        or|   0|  0|   2|           1|           1|
    |ap_enable_pp0                     |       xor|   0|  0|   2|           1|           2|
    |txEng_tcpChecksumFifo_din         |       xor|   0|  0|  16|           2|          16|
    +----------------------------------+----------+----+---+----+------------+------------+
    |Total                             |          |   0|  0|2522|        1846|        1860|
    +----------------------------------+----------+----+---+----+------------+------------+

    * Multiplexer: 
    +------------------------------+----+-----------+-----+-----------+
    |             Name             | LUT| Input Size| Bits| Total Bits|
    +------------------------------+----+-----------+-----+-----------+
    |ap_done                       |   9|          2|    1|          2|
    |txEng_subChecksumsFifo_blk_n  |   9|          2|    1|          2|
    |txEng_tcpChecksumFifo_blk_n   |   9|          2|    1|          2|
    +------------------------------+----+-----------+-----+-----------+
    |Total                         |  27|          6|    3|          6|
    +------------------------------+----+-----------+-----+-----------+

    * Register: 
    +----------------------------+----+----+-----+-----------+
    |            Name            | FF | LUT| Bits| Const Bits|
    +----------------------------+----+----+-----+-----------+
    |add_ln232_180_reg_3361      |  16|   0|   16|          0|
    |add_ln232_182_reg_3367      |  16|   0|   16|          0|
    |add_ln232_184_reg_3373      |  16|   0|   16|          0|
    |add_ln232_186_reg_3379      |  16|   0|   16|          0|
    |add_ln232_188_reg_3385      |  16|   0|   16|          0|
    |add_ln232_190_reg_3391      |  16|   0|   16|          0|
    |add_ln232_192_reg_3397      |  16|   0|   16|          0|
    |add_ln232_194_reg_3403      |  16|   0|   16|          0|
    |add_ln232_196_reg_3409      |  16|   0|   16|          0|
    |add_ln232_198_reg_3414      |  16|   0|   16|          0|
    |add_ln497_10_reg_3311       |   8|   0|    8|          0|
    |add_ln497_11_reg_3316       |   8|   0|    8|          0|
    |add_ln497_1_reg_3286        |   8|   0|    8|          0|
    |add_ln497_2_reg_3291        |   8|   0|    8|          0|
    |add_ln497_3_reg_3296        |   8|   0|    8|          0|
    |add_ln497_8_reg_3301        |   8|   0|    8|          0|
    |add_ln497_9_reg_3306        |   8|   0|    8|          0|
    |add_ln497_reg_3281          |   8|   0|    8|          0|
    |ap_CS_fsm                   |   1|   0|    1|          0|
    |ap_done_reg                 |   1|   0|    1|          0|
    |ap_enable_reg_pp0_iter1     |   1|   0|    1|          0|
    |ap_enable_reg_pp0_iter2     |   1|   0|    1|          0|
    |ap_enable_reg_pp0_iter3     |   1|   0|    1|          0|
    |ap_enable_reg_pp0_iter4     |   1|   0|    1|          0|
    |tmp_311_reg_3041            |   1|   0|    1|          0|
    |tmp_312_reg_3062            |   1|   0|    1|          0|
    |tmp_313_reg_3083            |   1|   0|    1|          0|
    |tmp_314_reg_3099            |   1|   0|    1|          0|
    |tmp_315_reg_3115            |   1|   0|    1|          0|
    |tmp_316_reg_3131            |   1|   0|    1|          0|
    |tmp_317_reg_3147            |   1|   0|    1|          0|
    |tmp_318_reg_3163            |   1|   0|    1|          0|
    |tmp_319_reg_3179            |   1|   0|    1|          0|
    |tmp_320_reg_3195            |   1|   0|    1|          0|
    |tmp_321_reg_3211            |   1|   0|    1|          0|
    |tmp_322_reg_3227            |   1|   0|    1|          0|
    |tmp_323_reg_3243            |   1|   0|    1|          0|
    |tmp_324_reg_3259            |   1|   0|    1|          0|
    |tmp_325_reg_3275            |   1|   0|    1|          0|
    |tmp_326_reg_3321            |   1|   0|    1|          0|
    |tmp_327_reg_3331            |   1|   0|    1|          0|
    |tmp_328_reg_3341            |   1|   0|    1|          0|
    |tmp_329_reg_3351            |   1|   0|    1|          0|
    |tmp_340_reg_3419            |   1|   0|    1|          0|
    |tmp_34_reg_3015             |  16|   0|   16|          0|
    |tmp_45_reg_3036             |  16|   0|   16|          0|
    |tmp_46_reg_3047             |  16|   0|   16|          0|
    |tmp_47_reg_3057             |  16|   0|   16|          0|
    |tmp_48_reg_3068             |  16|   0|   16|          0|
    |tmp_49_reg_3078             |  16|   0|   16|          0|
    |tmp_50_reg_3089             |  16|   0|   16|          0|
    |tmp_514_i_reg_3005          |   8|   0|    8|          0|
    |tmp_51_reg_3094             |  16|   0|   16|          0|
    |tmp_52_reg_3105             |  16|   0|   16|          0|
    |tmp_53_reg_3110             |  16|   0|   16|          0|
    |tmp_542_i_reg_3031          |   8|   0|    8|          0|
    |tmp_545_i_reg_3052          |   8|   0|    8|          0|
    |tmp_547_i_reg_3073          |   8|   0|    8|          0|
    |tmp_54_reg_3121             |  16|   0|   16|          0|
    |tmp_55_reg_3126             |  16|   0|   16|          0|
    |tmp_56_reg_3137             |  16|   0|   16|          0|
    |tmp_57_reg_3142             |  16|   0|   16|          0|
    |tmp_58_reg_3153             |  16|   0|   16|          0|
    |tmp_59_reg_3158             |  16|   0|   16|          0|
    |tmp_60_reg_3169             |  16|   0|   16|          0|
    |tmp_61_reg_3174             |  16|   0|   16|          0|
    |tmp_62_reg_3185             |  16|   0|   16|          0|
    |tmp_63_reg_3190             |  16|   0|   16|          0|
    |tmp_64_reg_3201             |  16|   0|   16|          0|
    |tmp_65_reg_3206             |  16|   0|   16|          0|
    |tmp_66_reg_3217             |  16|   0|   16|          0|
    |tmp_67_reg_3222             |  16|   0|   16|          0|
    |tmp_68_reg_3233             |  16|   0|   16|          0|
    |tmp_69_reg_3238             |  16|   0|   16|          0|
    |tmp_70_reg_3249             |  16|   0|   16|          0|
    |tmp_71_reg_3254             |  16|   0|   16|          0|
    |tmp_72_reg_3265             |  16|   0|   16|          0|
    |tmp_73_reg_3270             |  16|   0|   16|          0|
    |tmp_i_reg_2861              |   1|   0|    1|          0|
    |tmp_reg_3020                |   1|   0|    1|          0|
    |tmp_s_reg_3026              |  16|   0|   16|          0|
    |trunc_ln145_100_i_reg_2985  |   8|   0|    8|          0|
    |trunc_ln145_102_i_reg_2990  |   8|   0|    8|          0|
    |trunc_ln145_104_i_reg_2995  |   8|   0|    8|          0|
    |trunc_ln145_53_i3_reg_2870  |   8|   0|    8|          0|
    |trunc_ln145_54_i4_reg_2875  |   8|   0|    8|          0|
    |trunc_ln145_55_i5_reg_2880  |   8|   0|    8|          0|
    |trunc_ln145_56_i6_reg_2885  |   8|   0|    8|          0|
    |trunc_ln145_57_i7_reg_2890  |   8|   0|    8|          0|
    |trunc_ln145_58_i8_reg_2895  |   8|   0|    8|          0|
    |trunc_ln145_59_i9_reg_2900  |   8|   0|    8|          0|
    |trunc_ln145_60_i_reg_2905   |   8|   0|    8|          0|
    |trunc_ln145_61_i_reg_2910   |   8|   0|    8|          0|
    |trunc_ln145_62_i_reg_2915   |   8|   0|    8|          0|
    |trunc_ln145_63_i_reg_2920   |   8|   0|    8|          0|
    |trunc_ln145_64_i_reg_2925   |   8|   0|    8|          0|
    |trunc_ln145_65_i_reg_2930   |   8|   0|    8|          0|
    |trunc_ln145_66_i_reg_2935   |   8|   0|    8|          0|
    |trunc_ln145_67_i_reg_2940   |   8|   0|    8|          0|
    |trunc_ln145_68_i_reg_2945   |   8|   0|    8|          0|
    |trunc_ln145_69_i_reg_2950   |   8|   0|    8|          0|
    |trunc_ln145_70_i_reg_2955   |   8|   0|    8|          0|
    |trunc_ln145_71_i_reg_2960   |   8|   0|    8|          0|
    |trunc_ln145_92_i_reg_2965   |   8|   0|    8|          0|
    |trunc_ln145_94_i_reg_2970   |   8|   0|    8|          0|
    |trunc_ln145_96_i_reg_2975   |   8|   0|    8|          0|
    |trunc_ln145_98_i_reg_2980   |   8|   0|    8|          0|
    |trunc_ln145_i2_reg_2865     |   8|   0|    8|          0|
    |trunc_ln1_reg_3326          |   8|   0|    8|          0|
    |trunc_ln507_1_reg_3336      |   8|   0|    8|          0|
    |trunc_ln507_2_reg_3346      |   8|   0|    8|          0|
    |trunc_ln507_3_reg_3356      |   8|   0|    8|          0|
    |trunc_ln886_64_reg_3010     |  16|   0|   16|          0|
    |trunc_ln886_reg_3000        |   8|   0|    8|          0|
    |tmp_i_reg_2861              |  64|  32|    1|          0|
    +----------------------------+----+----+-----+-----------+
    |Total                       |1116|  32| 1053|          0|
    +----------------------------+----+----+-----+-----------+



================================================================
== Interface
================================================================
* Summary: 
+---------------------------------------+-----+------+------------+----------------------------+--------------+
|               RTL Ports               | Dir | Bits |  Protocol  |        Source Object       |    C Type    |
+---------------------------------------+-----+------+------------+----------------------------+--------------+
|ap_clk                                 |   in|     1|  ap_ctrl_hs|  finalize_ipv4_checksum<32>|  return value|
|ap_rst                                 |   in|     1|  ap_ctrl_hs|  finalize_ipv4_checksum<32>|  return value|
|ap_start                               |   in|     1|  ap_ctrl_hs|  finalize_ipv4_checksum<32>|  return value|
|ap_done                                |  out|     1|  ap_ctrl_hs|  finalize_ipv4_checksum<32>|  return value|
|ap_continue                            |   in|     1|  ap_ctrl_hs|  finalize_ipv4_checksum<32>|  return value|
|ap_idle                                |  out|     1|  ap_ctrl_hs|  finalize_ipv4_checksum<32>|  return value|
|ap_ready                               |  out|     1|  ap_ctrl_hs|  finalize_ipv4_checksum<32>|  return value|
|txEng_subChecksumsFifo_dout            |   in|  1024|     ap_fifo|      txEng_subChecksumsFifo|       pointer|
|txEng_subChecksumsFifo_num_data_valid  |   in|     2|     ap_fifo|      txEng_subChecksumsFifo|       pointer|
|txEng_subChecksumsFifo_fifo_cap        |   in|     2|     ap_fifo|      txEng_subChecksumsFifo|       pointer|
|txEng_subChecksumsFifo_empty_n         |   in|     1|     ap_fifo|      txEng_subChecksumsFifo|       pointer|
|txEng_subChecksumsFifo_read            |  out|     1|     ap_fifo|      txEng_subChecksumsFifo|       pointer|
|txEng_tcpChecksumFifo_din              |  out|    16|     ap_fifo|       txEng_tcpChecksumFifo|       pointer|
|txEng_tcpChecksumFifo_num_data_valid   |   in|     3|     ap_fifo|       txEng_tcpChecksumFifo|       pointer|
|txEng_tcpChecksumFifo_fifo_cap         |   in|     3|     ap_fifo|       txEng_tcpChecksumFifo|       pointer|
|txEng_tcpChecksumFifo_full_n           |   in|     1|     ap_fifo|       txEng_tcpChecksumFifo|       pointer|
|txEng_tcpChecksumFifo_write            |  out|     1|     ap_fifo|       txEng_tcpChecksumFifo|       pointer|
+---------------------------------------+-----+------+------------+----------------------------+--------------+

