

================================================================
== Vitis HLS Report for 'generate_ipv4_512_s'
================================================================
* Date:           Tue Jul 11 09:26:50 2023

* Version:        2022.1 (Build 3526262 on Mon Apr 18 15:47:01 MDT 2022)
* Project:        toe_prj
* Solution:       solution1 (Vivado IP Flow Target)
* Product family: virtexuplus
* Target device:  xcu280-fsvh2892-2L-e


================================================================
== Performance Estimates
================================================================
+ Timing: 
    * Summary: 
    +--------+---------+----------+------------+
    |  Clock |  Target | Estimated| Uncertainty|
    +--------+---------+----------+------------+
    |ap_clk  |  3.20 ns|  1.953 ns|     0.86 ns|
    +--------+---------+----------+------------+

+ Latency: 
    * Summary: 
    +---------+---------+----------+----------+-----+-----+---------+
    |  Latency (cycles) |  Latency (absolute) |  Interval | Pipeline|
    |   min   |   max   |    min   |    max   | min | max |   Type  |
    +---------+---------+----------+----------+-----+-----+---------+
    |        2|        2|  6.400 ns|  6.400 ns|    1|    1|      yes|
    +---------+---------+----------+----------+-----+-----+---------+

    + Detail: 
        * Instance: 
        N/A

        * Loop: 
        N/A



================================================================
== Utilization Estimates
================================================================
* Summary: 
+---------------------+---------+------+---------+---------+-----+
|         Name        | BRAM_18K|  DSP |    FF   |   LUT   | URAM|
+---------------------+---------+------+---------+---------+-----+
|DSP                  |        -|     -|        -|        -|    -|
|Expression           |        -|     -|        0|      126|    -|
|FIFO                 |        -|     -|        -|        -|    -|
|Instance             |        -|     -|        -|        -|    -|
|Memory               |        -|     -|        -|        -|    -|
|Multiplexer          |        -|     -|        -|      117|    -|
|Register             |        -|     -|     2303|        -|    -|
+---------------------+---------+------+---------+---------+-----+
|Total                |        0|     0|     2303|      243|    0|
+---------------------+---------+------+---------+---------+-----+
|Available SLR        |     1344|  3008|   869120|   434560|  320|
+---------------------+---------+------+---------+---------+-----+
|Utilization SLR (%)  |        0|     0|       ~0|       ~0|    0|
+---------------------+---------+------+---------+---------+-----+
|Available            |     4032|  9024|  2607360|  1303680|  960|
+---------------------+---------+------+---------+---------+-----+
|Utilization (%)      |        0|     0|       ~0|       ~0|    0|
+---------------------+---------+------+---------+---------+-----+

+ Detail: 
    * Instance: 
    N/A

    * DSP: 
    N/A

    * Memory: 
    N/A

    * FIFO: 
    N/A

    * Expression: 
    +----------------------------------+----------+----+---+----+------------+------------+
    |           Variable Name          | Operation| DSP| FF| LUT| Bitwidth P0| Bitwidth P1|
    +----------------------------------+----------+----+---+----+------------+------------+
    |grp_fu_201_p2                     |         +|   0|  0|  23|          16|           1|
    |length_V_1_fu_349_p2              |         +|   0|  0|  23|          16|           6|
    |ap_condition_207                  |       and|   0|  0|   2|           1|           1|
    |ap_condition_217                  |       and|   0|  0|   2|           1|           1|
    |ap_condition_248                  |       and|   0|  0|   2|           1|           1|
    |ap_condition_260                  |       and|   0|  0|   2|           1|           1|
    |ap_condition_289                  |       and|   0|  0|   2|           1|           1|
    |ap_condition_71                   |       and|   0|  0|   2|           1|           1|
    |ap_predicate_op24_read_state1     |       and|   0|  0|   2|           1|           1|
    |ap_predicate_op49_read_state1     |       and|   0|  0|   2|           1|           1|
    |ap_predicate_op80_write_state2    |       and|   0|  0|   2|           1|           1|
    |ap_predicate_op86_write_state2    |       and|   0|  0|   2|           1|           1|
    |ap_predicate_op87_write_state3    |       and|   0|  0|   2|           1|           1|
    |ap_predicate_op91_write_state3    |       and|   0|  0|   2|           1|           1|
    |grp_nbreadreq_fu_124_p3           |       and|   0|  0|   2|           1|           0|
    |tmp_510_i_nbreadreq_fu_146_p3     |       and|   0|  0|   2|           1|           0|
    |tmp_i_nbreadreq_fu_138_p3         |       and|   0|  0|   2|           1|           0|
    |icmp_ln82_2_fu_231_p2             |      icmp|   0|  0|  16|          25|           8|
    |icmp_ln82_fu_293_p2               |      icmp|   0|  0|  16|          25|           8|
    |ap_block_pp0_stage0_01001         |        or|   0|  0|   2|           1|           1|
    |ap_block_pp0_stage0_11001         |        or|   0|  0|   2|           1|           1|
    |ap_block_state1_pp0_stage0_iter0  |        or|   0|  0|   2|           1|           1|
    |ap_block_state2_io                |        or|   0|  0|   2|           1|           1|
    |ap_block_state3_io                |        or|   0|  0|   2|           1|           1|
    |ap_block_state3_pp0_stage0_iter2  |        or|   0|  0|   2|           1|           1|
    |select_ln883_cast_i_fu_271_p3     |    select|   0|  0|   2|           1|           2|
    |ap_enable_pp0                     |       xor|   0|  0|   2|           1|           2|
    |xor_ln883_fu_265_p2               |       xor|   0|  0|   2|           1|           2|
    +----------------------------------+----------+----+---+----+------------+------------+
    |Total                             |          |   0|  0| 126|         106|          47|
    +----------------------------------+----------+----+---+----+------------+------------+

    * Multiplexer: 
    +-------------------------------------------------+----+-----------+------+-----------+
    |                       Name                      | LUT| Input Size| Bits | Total Bits|
    +-------------------------------------------------+----+-----------+------+-----------+
    |ap_done                                          |   9|          2|     1|          2|
    |ap_phi_reg_pp0_iter1_currWord_data_V_reg_173     |  14|          3|   512|       1536|
    |ap_phi_reg_pp0_iter1_sendWord_data_V_16_reg_182  |   9|          2|   512|       1024|
    |gi_state                                         |  20|          4|     2|          8|
    |header_idx_3                                     |   9|          2|    16|         32|
    |m_axis_tcp_data_TDATA_blk_n                      |   9|          2|     1|          2|
    |m_axis_tcp_data_TDATA_int_regslice               |  20|          4|  1024|       4096|
    |txEng_ipMetaFifo_blk_n                           |   9|          2|     1|          2|
    |txEng_ipTupleFifo_blk_n                          |   9|          2|     1|          2|
    |txEng_tcpPkgBuffer6_blk_n                        |   9|          2|     1|          2|
    +-------------------------------------------------+----+-----------+------+-----------+
    |Total                                            | 117|         25|  2071|       6706|
    +-------------------------------------------------+----+-----------+------+-----------+

    * Register: 
    +-------------------------------------------------+------+----+------+-----------+
    |                       Name                      |  FF  | LUT| Bits | Const Bits|
    +-------------------------------------------------+------+----+------+-----------+
    |ap_CS_fsm                                        |     1|   0|     1|          0|
    |ap_done_reg                                      |     1|   0|     1|          0|
    |ap_enable_reg_pp0_iter1                          |     1|   0|     1|          0|
    |ap_enable_reg_pp0_iter2                          |     1|   0|     1|          0|
    |ap_phi_reg_pp0_iter1_currWord_data_V_reg_173     |   512|   0|   512|          0|
    |ap_phi_reg_pp0_iter1_sendWord_data_V_16_reg_182  |   512|   0|   512|          0|
    |gi_state                                         |     2|   0|     2|          0|
    |gi_state_load_reg_466                            |     2|   0|     2|          0|
    |gi_state_load_reg_466_pp0_iter1_reg              |     2|   0|     2|          0|
    |header_header_V_3                                |   160|   0|   160|          0|
    |header_idx_3                                     |    16|   0|    16|          0|
    |tmp_509_i_reg_500                                |     1|   0|     1|          0|
    |tmp_509_i_reg_500_pp0_iter1_reg                  |     1|   0|     1|          0|
    |tmp_i_262_reg_470                                |     1|   0|     1|          0|
    |tmp_i_262_reg_470_pp0_iter1_reg                  |     1|   0|     1|          0|
    |tmp_reg_487                                      |    65|   0|    65|          0|
    |txEng_tcpPkgBuffer6_read_reg_504                 |  1024|   0|  1024|          0|
    +-------------------------------------------------+------+----+------+-----------+
    |Total                                            |  2303|   0|  2303|          0|
    +-------------------------------------------------+------+----+------+-----------+



================================================================
== Interface
================================================================
* Summary: 
+------------------------------------+-----+------+------------+---------------------+--------------+
|              RTL Ports             | Dir | Bits |  Protocol  |    Source Object    |    C Type    |
+------------------------------------+-----+------+------------+---------------------+--------------+
|ap_clk                              |   in|     1|  ap_ctrl_hs|   generate_ipv4<512>|  return value|
|ap_rst                              |   in|     1|  ap_ctrl_hs|   generate_ipv4<512>|  return value|
|ap_start                            |   in|     1|  ap_ctrl_hs|   generate_ipv4<512>|  return value|
|ap_done                             |  out|     1|  ap_ctrl_hs|   generate_ipv4<512>|  return value|
|ap_continue                         |   in|     1|  ap_ctrl_hs|   generate_ipv4<512>|  return value|
|ap_idle                             |  out|     1|  ap_ctrl_hs|   generate_ipv4<512>|  return value|
|ap_ready                            |  out|     1|  ap_ctrl_hs|   generate_ipv4<512>|  return value|
|txEng_tcpPkgBuffer6_dout            |   in|  1024|     ap_fifo|  txEng_tcpPkgBuffer6|       pointer|
|txEng_tcpPkgBuffer6_num_data_valid  |   in|     2|     ap_fifo|  txEng_tcpPkgBuffer6|       pointer|
|txEng_tcpPkgBuffer6_fifo_cap        |   in|     2|     ap_fifo|  txEng_tcpPkgBuffer6|       pointer|
|txEng_tcpPkgBuffer6_empty_n         |   in|     1|     ap_fifo|  txEng_tcpPkgBuffer6|       pointer|
|txEng_tcpPkgBuffer6_read            |  out|     1|     ap_fifo|  txEng_tcpPkgBuffer6|       pointer|
|txEng_ipMetaFifo_dout               |   in|    16|     ap_fifo|     txEng_ipMetaFifo|       pointer|
|txEng_ipMetaFifo_num_data_valid     |   in|     6|     ap_fifo|     txEng_ipMetaFifo|       pointer|
|txEng_ipMetaFifo_fifo_cap           |   in|     6|     ap_fifo|     txEng_ipMetaFifo|       pointer|
|txEng_ipMetaFifo_empty_n            |   in|     1|     ap_fifo|     txEng_ipMetaFifo|       pointer|
|txEng_ipMetaFifo_read               |  out|     1|     ap_fifo|     txEng_ipMetaFifo|       pointer|
|txEng_ipTupleFifo_dout              |   in|    64|     ap_fifo|    txEng_ipTupleFifo|       pointer|
|txEng_ipTupleFifo_num_data_valid    |   in|     6|     ap_fifo|    txEng_ipTupleFifo|       pointer|
|txEng_ipTupleFifo_fifo_cap          |   in|     6|     ap_fifo|    txEng_ipTupleFifo|       pointer|
|txEng_ipTupleFifo_empty_n           |   in|     1|     ap_fifo|    txEng_ipTupleFifo|       pointer|
|txEng_ipTupleFifo_read              |  out|     1|     ap_fifo|    txEng_ipTupleFifo|       pointer|
|m_axis_tcp_data_TREADY              |   in|     1|        axis|      m_axis_tcp_data|       pointer|
|m_axis_tcp_data_TDATA               |  out|  1024|        axis|      m_axis_tcp_data|       pointer|
|m_axis_tcp_data_TVALID              |  out|     1|        axis|      m_axis_tcp_data|       pointer|
+------------------------------------+-----+------+------------+---------------------+--------------+

