

================================================================
== Vitis HLS Report for 'insert_checksum_512_s'
================================================================
* Date:           Tue Jul 11 09:26:48 2023

* Version:        2022.1 (Build 3526262 on Mon Apr 18 15:47:01 MDT 2022)
* Project:        toe_prj
* Solution:       solution1 (Vivado IP Flow Target)
* Product family: virtexuplus
* Target device:  xcu280-fsvh2892-2L-e


================================================================
== Performance Estimates
================================================================
+ Timing: 
    * Summary: 
    +--------+---------+----------+------------+
    |  Clock |  Target | Estimated| Uncertainty|
    +--------+---------+----------+------------+
    |ap_clk  |  3.20 ns|  2.336 ns|     0.86 ns|
    +--------+---------+----------+------------+

+ Latency: 
    * Summary: 
    +---------+---------+----------+----------+-----+-----+---------+
    |  Latency (cycles) |  Latency (absolute) |  Interval | Pipeline|
    |   min   |   max   |    min   |    max   | min | max |   Type  |
    +---------+---------+----------+----------+-----+-----+---------+
    |        1|        1|  3.200 ns|  3.200 ns|    1|    1|       no|
    +---------+---------+----------+----------+-----+-----+---------+

    + Detail: 
        * Instance: 
        N/A

        * Loop: 
        N/A



================================================================
== Utilization Estimates
================================================================
* Summary: 
+---------------------+---------+------+---------+---------+-----+
|         Name        | BRAM_18K|  DSP |    FF   |   LUT   | URAM|
+---------------------+---------+------+---------+---------+-----+
|DSP                  |        -|     -|        -|        -|    -|
|Expression           |        -|     -|        0|       27|    -|
|FIFO                 |        -|     -|        -|        -|    -|
|Instance             |        -|     -|        -|        -|    -|
|Memory               |        -|     -|        -|        -|    -|
|Multiplexer          |        -|     -|        -|       73|    -|
|Register             |        -|     -|        9|        -|    -|
+---------------------+---------+------+---------+---------+-----+
|Total                |        0|     0|        9|      100|    0|
+---------------------+---------+------+---------+---------+-----+
|Available SLR        |     1344|  3008|   869120|   434560|  320|
+---------------------+---------+------+---------+---------+-----+
|Utilization SLR (%)  |        0|     0|       ~0|       ~0|    0|
+---------------------+---------+------+---------+---------+-----+
|Available            |     4032|  9024|  2607360|  1303680|  960|
+---------------------+---------+------+---------+---------+-----+
|Utilization (%)      |        0|     0|       ~0|       ~0|    0|
+---------------------+---------+------+---------+---------+-----+

+ Detail: 
    * Instance: 
    N/A

    * DSP: 
    N/A

    * Memory: 
    N/A

    * FIFO: 
    N/A

    * Expression: 
    +-------------------------------+----------+----+---+----+------------+------------+
    |         Variable Name         | Operation| DSP| FF| LUT| Bitwidth P0| Bitwidth P1|
    +-------------------------------+----------+----+---+----+------------+------------+
    |ap_condition_104               |       and|   0|  0|   2|           1|           1|
    |ap_condition_108               |       and|   0|  0|   2|           1|           1|
    |ap_condition_59                |       and|   0|  0|   2|           1|           1|
    |ap_predicate_op40_read_state2  |       and|   0|  0|   2|           1|           1|
    |grp_nbreadreq_fu_68_p3         |       and|   0|  0|   2|           1|           0|
    |tmp_i_nbreadreq_fu_60_p3       |       and|   0|  0|   2|           1|           0|
    |icmp_ln1540_fu_108_p2          |      icmp|   0|  0|   8|           2|           3|
    |ap_block_state1                |        or|   0|  0|   2|           1|           1|
    |ap_block_state2                |        or|   0|  0|   2|           1|           1|
    |select_ln1578_fu_175_p3        |    select|   0|  0|   3|           1|           1|
    +-------------------------------+----------+----+---+----+------------+------------+
    |Total                          |          |   0|  0|  27|          11|          10|
    +-------------------------------+----------+----+---+----+------------+------------+

    * Multiplexer: 
    +-----------------------------+----+-----------+------+-----------+
    |             Name            | LUT| Input Size| Bits | Total Bits|
    +-----------------------------+----+-----------+------+-----------+
    |ap_NS_fsm                    |  14|          3|     1|          3|
    |ap_done                      |   9|          2|     1|          2|
    |state_V                      |   9|          2|     2|          4|
    |txEng_tcpChecksumFifo_blk_n  |   9|          2|     1|          2|
    |txEng_tcpPkgBuffer4_blk_n    |   9|          2|     1|          2|
    |txEng_tcpPkgBuffer5_blk_n    |   9|          2|     1|          2|
    |txEng_tcpPkgBuffer5_din      |  14|          3|  1024|       3072|
    +-----------------------------+----+-----------+------+-----------+
    |Total                        |  73|         16|  1031|       3087|
    +-----------------------------+----+-----------+------+-----------+

    * Register: 
    +---------------------+---+----+-----+-----------+
    |         Name        | FF| LUT| Bits| Const Bits|
    +---------------------+---+----+-----+-----------+
    |ap_CS_fsm            |  2|   0|    2|          0|
    |ap_done_reg          |  1|   0|    1|          0|
    |icmp_ln1540_reg_195  |  1|   0|    1|          0|
    |state_V              |  2|   0|    2|          0|
    |tmp_505_i_reg_207    |  1|   0|    1|          0|
    |tmp_506_i_reg_203    |  1|   0|    1|          0|
    |tmp_i_reg_199        |  1|   0|    1|          0|
    +---------------------+---+----+-----+-----------+
    |Total                |  9|   0|    9|          0|
    +---------------------+---+----+-----+-----------+



================================================================
== Interface
================================================================
* Summary: 
+--------------------------------------+-----+------+------------+-----------------------+--------------+
|               RTL Ports              | Dir | Bits |  Protocol  |     Source Object     |    C Type    |
+--------------------------------------+-----+------+------------+-----------------------+--------------+
|ap_clk                                |   in|     1|  ap_ctrl_hs|   insert_checksum<512>|  return value|
|ap_rst                                |   in|     1|  ap_ctrl_hs|   insert_checksum<512>|  return value|
|ap_start                              |   in|     1|  ap_ctrl_hs|   insert_checksum<512>|  return value|
|ap_done                               |  out|     1|  ap_ctrl_hs|   insert_checksum<512>|  return value|
|ap_continue                           |   in|     1|  ap_ctrl_hs|   insert_checksum<512>|  return value|
|ap_idle                               |  out|     1|  ap_ctrl_hs|   insert_checksum<512>|  return value|
|ap_ready                              |  out|     1|  ap_ctrl_hs|   insert_checksum<512>|  return value|
|txEng_tcpChecksumFifo_dout            |   in|    16|     ap_fifo|  txEng_tcpChecksumFifo|       pointer|
|txEng_tcpChecksumFifo_num_data_valid  |   in|     3|     ap_fifo|  txEng_tcpChecksumFifo|       pointer|
|txEng_tcpChecksumFifo_fifo_cap        |   in|     3|     ap_fifo|  txEng_tcpChecksumFifo|       pointer|
|txEng_tcpChecksumFifo_empty_n         |   in|     1|     ap_fifo|  txEng_tcpChecksumFifo|       pointer|
|txEng_tcpChecksumFifo_read            |  out|     1|     ap_fifo|  txEng_tcpChecksumFifo|       pointer|
|txEng_tcpPkgBuffer4_dout              |   in|  1024|     ap_fifo|    txEng_tcpPkgBuffer4|       pointer|
|txEng_tcpPkgBuffer4_num_data_valid    |   in|     2|     ap_fifo|    txEng_tcpPkgBuffer4|       pointer|
|txEng_tcpPkgBuffer4_fifo_cap          |   in|     2|     ap_fifo|    txEng_tcpPkgBuffer4|       pointer|
|txEng_tcpPkgBuffer4_empty_n           |   in|     1|     ap_fifo|    txEng_tcpPkgBuffer4|       pointer|
|txEng_tcpPkgBuffer4_read              |  out|     1|     ap_fifo|    txEng_tcpPkgBuffer4|       pointer|
|txEng_tcpPkgBuffer5_din               |  out|  1024|     ap_fifo|    txEng_tcpPkgBuffer5|       pointer|
|txEng_tcpPkgBuffer5_num_data_valid    |   in|     2|     ap_fifo|    txEng_tcpPkgBuffer5|       pointer|
|txEng_tcpPkgBuffer5_fifo_cap          |   in|     2|     ap_fifo|    txEng_tcpPkgBuffer5|       pointer|
|txEng_tcpPkgBuffer5_full_n            |   in|     1|     ap_fifo|    txEng_tcpPkgBuffer5|       pointer|
|txEng_tcpPkgBuffer5_write             |  out|     1|     ap_fifo|    txEng_tcpPkgBuffer5|       pointer|
+--------------------------------------+-----+------+------------+-----------------------+--------------+

