

================================================================
== Vitis HLS Report for 'metaLoader'
================================================================
* Date:           Tue Jul 11 09:26:33 2023

* Version:        2022.1 (Build 3526262 on Mon Apr 18 15:47:01 MDT 2022)
* Project:        toe_prj
* Solution:       solution1 (Vivado IP Flow Target)
* Product family: virtexuplus
* Target device:  xcu280-fsvh2892-2L-e


================================================================
== Performance Estimates
================================================================
+ Timing: 
    * Summary: 
    +--------+---------+----------+------------+
    |  Clock |  Target | Estimated| Uncertainty|
    +--------+---------+----------+------------+
    |ap_clk  |  3.20 ns|  2.793 ns|     0.86 ns|
    +--------+---------+----------+------------+

+ Latency: 
    * Summary: 
    +---------+---------+----------+----------+-----+-----+---------+
    |  Latency (cycles) |  Latency (absolute) |  Interval | Pipeline|
    |   min   |   max   |    min   |    max   | min | max |   Type  |
    +---------+---------+----------+----------+-----+-----+---------+
    |        2|        2|  6.400 ns|  6.400 ns|    1|    1|      yes|
    +---------+---------+----------+----------+-----+-----+---------+

    + Detail: 
        * Instance: 
        N/A

        * Loop: 
        N/A



================================================================
== Utilization Estimates
================================================================
* Summary: 
+---------------------+---------+------+---------+---------+-----+
|         Name        | BRAM_18K|  DSP |    FF   |   LUT   | URAM|
+---------------------+---------+------+---------+---------+-----+
|DSP                  |        -|     -|        -|        -|    -|
|Expression           |        -|     -|        0|     1029|    -|
|FIFO                 |        -|     -|        -|        -|    -|
|Instance             |        -|     -|        -|        -|    -|
|Memory               |        -|     -|        -|        -|    -|
|Multiplexer          |        -|     -|        -|      731|    -|
|Register             |        -|     -|     1684|        -|    -|
+---------------------+---------+------+---------+---------+-----+
|Total                |        0|     0|     1684|     1760|    0|
+---------------------+---------+------+---------+---------+-----+
|Available SLR        |     1344|  3008|   869120|   434560|  320|
+---------------------+---------+------+---------+---------+-----+
|Utilization SLR (%)  |        0|     0|       ~0|       ~0|    0|
+---------------------+---------+------+---------+---------+-----+
|Available            |     4032|  9024|  2607360|  1303680|  960|
+---------------------+---------+------+---------+---------+-----+
|Utilization (%)      |        0|     0|       ~0|       ~0|    0|
+---------------------+---------+------+---------+---------+-----+

+ Detail: 
    * Instance: 
    N/A

    * DSP: 
    N/A

    * Memory: 
    N/A

    * FIFO: 
    N/A

    * Expression: 
    +----------------------------------+----------+----+---+-----+------------+------------+
    |           Variable Name          | Operation| DSP| FF| LUT | Bitwidth P0| Bitwidth P1|
    +----------------------------------+----------+----+---+-----+------------+------------+
    |add_ln232_139_fu_1290_p2          |         +|   0|  0|   39|          32|           2|
    |add_ln232_fu_1499_p2              |         +|   0|  0|   39|          32|           1|
    |add_ln886_160_fu_1147_p2          |         +|   0|  0|    9|           2|           1|
    |add_ln886_fu_1278_p2              |         +|   0|  0|   39|          32|           1|
    |tmp_not_ackd_V_1_fu_1823_p2       |         +|   0|  0|   39|          32|          32|
    |tmp_not_ackd_V_3_fu_1302_p2       |         +|   0|  0|   39|          32|           2|
    |txSar_ackd_V_5_fu_1121_p2         |         +|   0|  0|   39|          32|          11|
    |txSar_not_ackd_V_fu_1332_p2       |         +|   0|  0|   39|          32|           2|
    |txSar_usedLength_V_3_fu_1128_p2   |         +|   0|  0|   25|          18|          12|
    |and_ln365_fu_1356_p2              |       and|   0|  0|    2|           1|           1|
    |ap_block_state2_pp0_stage0_iter1  |       and|   0|  0|    2|           1|           1|
    |ap_condition_101                  |       and|   0|  0|    2|           1|           1|
    |ap_condition_1015                 |       and|   0|  0|    2|           1|           1|
    |ap_condition_1068                 |       and|   0|  0|    2|           1|           1|
    |ap_condition_1074                 |       and|   0|  0|    2|           1|           1|
    |ap_condition_114                  |       and|   0|  0|    2|           1|           1|
    |ap_condition_1140                 |       and|   0|  0|    2|           1|           1|
    |ap_condition_1141                 |       and|   0|  0|    2|           1|           1|
    |ap_condition_1181                 |       and|   0|  0|    2|           1|           1|
    |ap_condition_143                  |       and|   0|  0|    2|           1|           1|
    |ap_condition_155                  |       and|   0|  0|    2|           1|           1|
    |ap_condition_2083                 |       and|   0|  0|    2|           1|           1|
    |ap_condition_431                  |       and|   0|  0|    2|           1|           1|
    |ap_condition_88                   |       and|   0|  0|    2|           1|           1|
    |ap_condition_893                  |       and|   0|  0|    2|           1|           1|
    |ap_predicate_op13_read_state1     |       and|   0|  0|    2|           1|           1|
    |ap_predicate_op202_write_state2   |       and|   0|  0|    2|           1|           1|
    |ap_predicate_op300_write_state3   |       and|   0|  0|    2|           1|           1|
    |ap_predicate_op307_write_state3   |       and|   0|  0|    2|           1|           1|
    |ap_predicate_op309_write_state3   |       and|   0|  0|    2|           1|           1|
    |ap_predicate_op313_write_state3   |       and|   0|  0|    2|           1|           1|
    |ap_predicate_op317_write_state3   |       and|   0|  0|    2|           1|           1|
    |ap_predicate_op321_write_state3   |       and|   0|  0|    2|           1|           1|
    |ap_predicate_op327_write_state3   |       and|   0|  0|    2|           1|           1|
    |ap_predicate_op334_write_state3   |       and|   0|  0|    2|           1|           1|
    |ap_predicate_op364_write_state3   |       and|   0|  0|    2|           1|           1|
    |ap_predicate_op385_write_state3   |       and|   0|  0|    2|           1|           1|
    |ap_predicate_op431_write_state3   |       and|   0|  0|    2|           1|           1|
    |ap_predicate_op436_write_state3   |       and|   0|  0|    2|           1|           1|
    |ap_predicate_op437_write_state3   |       and|   0|  0|    2|           1|           1|
    |ap_predicate_op45_read_state1     |       and|   0|  0|    2|           1|           1|
    |grp_nbreadreq_fu_328_p3           |       and|   0|  0|    2|           1|           0|
    |grp_nbreadreq_fu_342_p3           |       and|   0|  0|    2|           1|           0|
    |tmp_i_nbreadreq_fu_314_p3         |       and|   0|  0|    2|           1|           0|
    |grp_fu_644_p2                     |      icmp|   0|  0|    8|           3|           1|
    |icmp_ln1065_76_fu_1135_p2         |      icmp|   0|  0|    8|           2|           2|
    |icmp_ln1065_fu_1093_p2            |      icmp|   0|  0|    8|           3|           1|
    |icmp_ln1069_7_fu_1243_p2          |      icmp|   0|  0|   13|          16|           1|
    |icmp_ln1069_8_fu_1574_p2          |      icmp|   0|  0|    9|           4|           1|
    |icmp_ln1069_9_fu_1385_p2          |      icmp|   0|  0|   11|          11|           1|
    |icmp_ln1069_fu_715_p2             |      icmp|   0|  0|    8|           3|           1|
    |icmp_ln1081_5_fu_1099_p2          |      icmp|   0|  0|   13|          18|          11|
    |icmp_ln1081_fu_1361_p2            |      icmp|   0|  0|   13|          18|          13|
    |ap_block_pp0_stage0_01001         |        or|   0|  0|    2|           1|           1|
    |ap_block_state1_pp0_stage0_iter0  |        or|   0|  0|    2|           1|           1|
    |ap_block_state3_pp0_stage0_iter2  |        or|   0|  0|    2|           1|           1|
    |ap_condition_1016                 |        or|   0|  0|    2|           1|           1|
    |ap_condition_1028                 |        or|   0|  0|    2|           1|           1|
    |ap_condition_1057                 |        or|   0|  0|    2|           1|           1|
    |ap_condition_1131                 |        or|   0|  0|    2|           1|           1|
    |ap_condition_1170                 |        or|   0|  0|    2|           1|           1|
    |ap_condition_1242                 |        or|   0|  0|    2|           1|           1|
    |ap_condition_129                  |        or|   0|  0|    2|           1|           1|
    |ap_condition_463                  |        or|   0|  0|    2|           1|           1|
    |ap_predicate_op302_write_state3   |        or|   0|  0|    2|           1|           1|
    |ap_predicate_op349_write_state3   |        or|   0|  0|    2|           1|           1|
    |ap_predicate_op351_write_state3   |        or|   0|  0|    2|           1|           1|
    |ap_predicate_op399_write_state3   |        or|   0|  0|    2|           1|           1|
    |ap_predicate_op409_write_state3   |        or|   0|  0|    2|           1|           1|
    |ap_predicate_op415_write_state3   |        or|   0|  0|    2|           1|           1|
    |or_ln174_23_fu_1862_p2            |        or|   0|  0|  114|         113|         114|
    |or_ln174_24_fu_1757_p2            |        or|   0|  0|   95|          95|          57|
    |or_ln174_25_fu_1796_p2            |        or|   0|  0|  114|         113|         114|
    |or_ln174_fu_1613_p2               |        or|   0|  0|  100|         100|          80|
    |select_ln174_fu_1593_p3           |    select|   0|  0|   17|           1|          17|
    |select_ln561_fu_1579_p3           |    select|   0|  0|    4|           1|           4|
    |slowstart_threshold_fu_1377_p3    |    select|   0|  0|   17|           1|          17|
    |ap_enable_pp0                     |       xor|   0|  0|    2|           1|           2|
    |xor_ln232_1_fu_1314_p2            |       xor|   0|  0|   32|          32|          32|
    |xor_ln232_fu_1344_p2              |       xor|   0|  0|   32|          32|          32|
    +----------------------------------+----------+----+---+-----+------------+------------+
    |Total                             |          |   0|  0| 1029|         863|         614|
    +----------------------------------+----------+----+---+-----+------------+------------+

    * Multiplexer: 
    +------------------------------------------------------------------------------------------------------------------+----+-----------+-----+-----------+
    |                                                       Name                                                       | LUT| Input Size| Bits| Total Bits|
    +------------------------------------------------------------------------------------------------------------------+----+-----------+-----+-----------+
    |ap_done                                                                                                           |   9|          2|    1|          2|
    |ap_phi_mux_txSar_ackd_V_6_phi_fu_524_p4                                                                           |  14|          3|   32|         96|
    |ap_phi_mux_txSar_ackd_V_7_phi_fu_450_p4                                                                           |  14|          3|   32|         96|
    |ap_phi_mux_txSar_app_V_2_phi_fu_478_p4                                                                            |  14|          3|   18|         54|
    |ap_phi_mux_txSar_finReady_2_phi_fu_497_p4                                                                         |  14|          3|    1|          3|
    |ap_phi_mux_txSar_finSent_2_phi_fu_506_p4                                                                          |  14|          3|    1|          3|
    |ap_phi_mux_txSar_not_ackd_V_7_phi_fu_460_p4                                                                       |  14|          3|   32|         96|
    |ap_phi_mux_txSar_usableWindow_V_2_phi_fu_469_p4                                                                   |  14|          3|   18|         54|
    |ap_phi_mux_txSar_usedLength_V_4_phi_fu_534_p4                                                                     |  14|          3|   18|         54|
    |ap_phi_mux_txSar_usedLength_V_5_phi_fu_487_p4                                                                     |  14|          3|   18|         54|
    |ap_phi_mux_txSar_win_shift_V_2_phi_fu_515_p4                                                                      |  14|          3|    4|         12|
    |ap_phi_reg_pp0_iter1_len_V_reg_604                                                                                |  14|          3|   11|         33|
    |ap_phi_reg_pp0_iter1_p_ZZ10metaLoaderRN3hls6streamI13extendedEventLi0EEERNS0_I10rxSarReplyLi0EEERNS0_I_1_reg_626  |   9|          2|   32|         64|
    |ap_phi_reg_pp0_iter1_p_ZZ10metaLoaderRN3hls6streamI13extendedEventLi0EEERNS0_I10rxSarReplyLi0EEERNS0_I_reg_635    |   9|          2|   32|         64|
    |ap_phi_reg_pp0_iter1_phi_ln365_reg_591                                                                            |  14|          3|    1|          3|
    |ap_phi_reg_pp0_iter1_rxSar_recvd_V_loc_0_i_reg_571                                                                |  14|          3|   32|         96|
    |ap_phi_reg_pp0_iter1_rxSar_recvd_V_loc_1_i_reg_541                                                                |  14|          3|   32|         96|
    |ap_phi_reg_pp0_iter1_rxSar_windowSize_V_loc_0_i_reg_581                                                           |  14|          3|   16|         48|
    |ap_phi_reg_pp0_iter1_rxSar_windowSize_V_loc_1_i_reg_551                                                           |  14|          3|   16|         48|
    |ap_phi_reg_pp0_iter1_txSar_not_ackd_V_10_reg_561                                                                  |  14|          3|   32|         96|
    |ap_phi_reg_pp0_iter2_p_ZZ10metaLoaderRN3hls6streamI13extendedEventLi0EEERNS0_I10rxSarReplyLi0EEERNS0_I_1_reg_626  |   9|          2|   32|         64|
    |ap_phi_reg_pp0_iter2_p_ZZ10metaLoaderRN3hls6streamI13extendedEventLi0EEERNS0_I10rxSarReplyLi0EEERNS0_I_2_reg_616  |  14|          3|   32|         96|
    |ap_phi_reg_pp0_iter2_p_ZZ10metaLoaderRN3hls6streamI13extendedEventLi0EEERNS0_I10rxSarReplyLi0EEERNS0_I_reg_635    |   9|          2|   32|         64|
    |eventEng2txEng_event_blk_n                                                                                        |   9|          2|    1|          2|
    |meta_win_shift_V                                                                                                  |   9|          2|    4|          8|
    |ml_curEvent_type                                                                                                  |   9|          2|   32|         64|
    |ml_randomValue_V                                                                                                  |  14|          3|   32|         96|
    |ml_segmentCount_V                                                                                                 |   9|          2|    2|          4|
    |rxSar2txEng_rsp_blk_n                                                                                             |   9|          2|    1|          2|
    |rxSar_recvd_V                                                                                                     |  26|          5|   32|        160|
    |txEng2rxSar_req_blk_n                                                                                             |   9|          2|    1|          2|
    |txEng2sLookup_rev_req_blk_n                                                                                       |   9|          2|    1|          2|
    |txEng2timer_setProbeTimer_blk_n                                                                                   |   9|          2|    1|          2|
    |txEng2timer_setRetransmitTimer_blk_n                                                                              |   9|          2|    1|          2|
    |txEng2timer_setRetransmitTimer_din                                                                                |  31|          6|   64|        384|
    |txEng2txSar_upd_req_blk_n                                                                                         |   9|          2|    1|          2|
    |txEng2txSar_upd_req_din                                                                                           |  65|         13|  128|       1664|
    |txEngFifoReadCount_blk_n                                                                                          |   9|          2|    1|          2|
    |txEng_ipMetaFifo_blk_n                                                                                            |   9|          2|    1|          2|
    |txEng_ipMetaFifo_din                                                                                              |  31|          6|   16|         96|
    |txEng_isDDRbypass_blk_n                                                                                           |   9|          2|    1|          2|
    |txEng_isDDRbypass_din                                                                                             |  14|          3|    1|          3|
    |txEng_isLookUpFifo_blk_n                                                                                          |   9|          2|    1|          2|
    |txEng_isLookUpFifo_din                                                                                            |  14|          3|    1|          3|
    |txEng_tcpMetaFifo_blk_n                                                                                           |   9|          2|    1|          2|
    |txEng_tcpMetaFifo_din                                                                                             |  49|          9|  160|       1440|
    |txEng_tupleShortCutFifo_blk_n                                                                                     |   9|          2|    1|          2|
    |txMetaloader2memAccessBreakdown_blk_n                                                                             |   9|          2|    1|          2|
    |txSar2txEng_upd_rsp_blk_n                                                                                         |   9|          2|    1|          2|
    |txSar_ackd_V_7_reg_447                                                                                            |  14|          3|   32|         96|
    |txSar_usedLength_V_5_reg_484                                                                                      |  14|          3|   18|         54|
    +------------------------------------------------------------------------------------------------------------------+----+-----------+-----+-----------+
    |Total                                                                                                             | 731|        154| 1012|       5398|
    +------------------------------------------------------------------------------------------------------------------+----+-----------+-----+-----------+

    * Register: 
    +------------------------------------------------------------------------------------------------------------------+----+----+-----+-----------+
    |                                                       Name                                                       | FF | LUT| Bits| Const Bits|
    +------------------------------------------------------------------------------------------------------------------+----+----+-----+-----------+
    |and_ln365_reg_2126                                                                                                |   1|   0|    1|          0|
    |ap_CS_fsm                                                                                                         |   1|   0|    1|          0|
    |ap_done_reg                                                                                                       |   1|   0|    1|          0|
    |ap_enable_reg_pp0_iter1                                                                                           |   1|   0|    1|          0|
    |ap_enable_reg_pp0_iter2                                                                                           |   1|   0|    1|          0|
    |ap_phi_reg_pp0_iter1_len_V_reg_604                                                                                |  11|   0|   11|          0|
    |ap_phi_reg_pp0_iter1_p_ZZ10metaLoaderRN3hls6streamI13extendedEventLi0EEERNS0_I10rxSarReplyLi0EEERNS0_I_1_reg_626  |  32|   0|   32|          0|
    |ap_phi_reg_pp0_iter1_p_ZZ10metaLoaderRN3hls6streamI13extendedEventLi0EEERNS0_I10rxSarReplyLi0EEERNS0_I_2_reg_616  |  32|   0|   32|          0|
    |ap_phi_reg_pp0_iter1_p_ZZ10metaLoaderRN3hls6streamI13extendedEventLi0EEERNS0_I10rxSarReplyLi0EEERNS0_I_reg_635    |  32|   0|   32|          0|
    |ap_phi_reg_pp0_iter1_phi_ln365_reg_591                                                                            |   1|   0|    1|          0|
    |ap_phi_reg_pp0_iter1_rxSar_recvd_V_loc_0_i_reg_571                                                                |  32|   0|   32|          0|
    |ap_phi_reg_pp0_iter1_rxSar_recvd_V_loc_1_i_reg_541                                                                |  32|   0|   32|          0|
    |ap_phi_reg_pp0_iter1_rxSar_windowSize_V_loc_0_i_reg_581                                                           |  16|   0|   16|          0|
    |ap_phi_reg_pp0_iter1_rxSar_windowSize_V_loc_1_i_reg_551                                                           |  16|   0|   16|          0|
    |ap_phi_reg_pp0_iter1_txSar_not_ackd_V_10_reg_561                                                                  |  32|   0|   32|          0|
    |ap_phi_reg_pp0_iter2_p_ZZ10metaLoaderRN3hls6streamI13extendedEventLi0EEERNS0_I10rxSarReplyLi0EEERNS0_I_1_reg_626  |  32|   0|   32|          0|
    |ap_phi_reg_pp0_iter2_p_ZZ10metaLoaderRN3hls6streamI13extendedEventLi0EEERNS0_I10rxSarReplyLi0EEERNS0_I_2_reg_616  |  32|   0|   32|          0|
    |ap_phi_reg_pp0_iter2_p_ZZ10metaLoaderRN3hls6streamI13extendedEventLi0EEERNS0_I10rxSarReplyLi0EEERNS0_I_reg_635    |  32|   0|   32|          0|
    |icmp_ln1065_reg_2068                                                                                              |   1|   0|    1|          0|
    |icmp_ln1069_5_reg_1957                                                                                            |   1|   0|    1|          0|
    |icmp_ln1069_5_reg_1957_pp0_iter1_reg                                                                              |   1|   0|    1|          0|
    |icmp_ln1069_6_reg_1953                                                                                            |   1|   0|    1|          0|
    |icmp_ln1069_6_reg_1953_pp0_iter1_reg                                                                              |   1|   0|    1|          0|
    |icmp_ln1069_7_reg_2101                                                                                            |   1|   0|    1|          0|
    |icmp_ln1069_7_reg_2101_pp0_iter1_reg                                                                              |   1|   0|    1|          0|
    |icmp_ln1069_9_reg_2135                                                                                            |   1|   0|    1|          0|
    |icmp_ln1069_reg_1903                                                                                              |   1|   0|    1|          0|
    |icmp_ln1069_reg_1903_pp0_iter1_reg                                                                                |   1|   0|    1|          0|
    |len_V_reg_604                                                                                                     |  11|   0|   11|          0|
    |meta_win_shift_V                                                                                                  |   4|   0|    4|          0|
    |ml_FsmState_V                                                                                                     |   1|   0|    1|          0|
    |ml_FsmState_V_load_reg_1886                                                                                       |   1|   0|    1|          0|
    |ml_FsmState_V_load_reg_1886_pp0_iter1_reg                                                                         |   1|   0|    1|          0|
    |ml_curEvent_address_V                                                                                             |  16|   0|   16|          0|
    |ml_curEvent_length_V                                                                                              |  16|   0|   16|          0|
    |ml_curEvent_rt_count_V                                                                                            |   3|   0|    3|          0|
    |ml_curEvent_sessionID_V                                                                                           |  16|   0|   16|          0|
    |ml_curEvent_tuple_dstIp_V                                                                                         |  32|   0|   32|          0|
    |ml_curEvent_tuple_dstPort_V                                                                                       |  16|   0|   16|          0|
    |ml_curEvent_tuple_srcIp_V                                                                                         |  32|   0|   32|          0|
    |ml_curEvent_tuple_srcPort_V                                                                                       |  16|   0|   16|          0|
    |ml_curEvent_type                                                                                                  |  32|   0|   32|          0|
    |ml_curEvent_type_load_reg_1961                                                                                    |  32|   0|   32|          0|
    |ml_curEvent_type_load_reg_1961_pp0_iter1_reg                                                                      |  32|   0|   32|          0|
    |ml_randomValue_V                                                                                                  |  32|   0|   32|          0|
    |ml_randomValue_V_load_reg_2105                                                                                    |  32|   0|   32|          0|
    |ml_sarLoaded                                                                                                      |   1|   0|    1|          0|
    |ml_sarLoaded_load_reg_1899                                                                                        |   1|   0|    1|          0|
    |ml_sarLoaded_load_reg_1899_pp0_iter1_reg                                                                          |   1|   0|    1|          0|
    |ml_segmentCount_V                                                                                                 |   2|   0|    2|          0|
    |p_s_reg_1915                                                                                                      |  16|   0|   16|          0|
    |p_s_reg_1915_pp0_iter1_reg                                                                                        |  16|   0|   16|          0|
    |reg_680                                                                                                           |  32|   0|   32|          0|
    |reg_680_pp0_iter1_reg                                                                                             |  32|   0|   32|          0|
    |reg_691                                                                                                           |  16|   0|   16|          0|
    |reg_691_pp0_iter1_reg                                                                                             |  16|   0|   16|          0|
    |resetEvent_length_V_reg_1890                                                                                      |  16|   0|   16|          0|
    |resetEvent_length_V_reg_1890_pp0_iter1_reg                                                                        |  16|   0|   16|          0|
    |rxSar_recvd_V                                                                                                     |  32|   0|   32|          0|
    |rxSar_recvd_V_loc_0_i_reg_571                                                                                     |  32|   0|   32|          0|
    |rxSar_recvd_V_loc_1_i_reg_541                                                                                     |  32|   0|   32|          0|
    |rxSar_windowSize_V                                                                                                |  16|   0|   16|          0|
    |rxSar_windowSize_V_loc_0_i_reg_581                                                                                |  16|   0|   16|          0|
    |rxSar_windowSize_V_loc_1_i_reg_551                                                                                |  16|   0|   16|          0|
    |slowstart_threshold_reg_2130                                                                                      |  17|   0|   17|          0|
    |tmp_42_reg_2023                                                                                                   |   4|   0|    4|          0|
    |tmp_42_reg_2023_pp0_iter1_reg                                                                                     |   4|   0|    4|          0|
    |tmp_440_i_reg_2050                                                                                                |   1|   0|    1|          0|
    |tmp_440_i_reg_2050_pp0_iter1_reg                                                                                  |   1|   0|    1|          0|
    |tmp_441_i_reg_2037                                                                                                |   1|   0|    1|          0|
    |tmp_441_i_reg_2037_pp0_iter1_reg                                                                                  |   1|   0|    1|          0|
    |tmp_442_i_reg_1999                                                                                                |   1|   0|    1|          0|
    |tmp_442_i_reg_1999_pp0_iter1_reg                                                                                  |   1|   0|    1|          0|
    |tmp_443_i_reg_1986                                                                                                |   1|   0|    1|          0|
    |tmp_443_i_reg_1986_pp0_iter1_reg                                                                                  |   1|   0|    1|          0|
    |tmp_447_i_reg_1933                                                                                                |  32|   0|   32|          0|
    |tmp_448_i_reg_1938                                                                                                |  32|   0|   32|          0|
    |tmp_449_i_reg_1943                                                                                                |  16|   0|   16|          0|
    |tmp_450_i_reg_1948                                                                                                |  16|   0|   16|          0|
    |tmp_451_i_reg_2088                                                                                                |   1|   0|    1|          0|
    |tmp_451_i_reg_2088_pp0_iter1_reg                                                                                  |   1|   0|    1|          0|
    |tmp_452_i_reg_2054                                                                                                |   1|   0|    1|          0|
    |tmp_452_i_reg_2054_pp0_iter1_reg                                                                                  |   1|   0|    1|          0|
    |tmp_453_i_reg_2041                                                                                                |   1|   0|    1|          0|
    |tmp_453_i_reg_2041_pp0_iter1_reg                                                                                  |   1|   0|    1|          0|
    |tmp_454_i_reg_2028                                                                                                |   1|   0|    1|          0|
    |tmp_454_i_reg_2028_pp0_iter1_reg                                                                                  |   1|   0|    1|          0|
    |tmp_455_i_reg_2003                                                                                                |   1|   0|    1|          0|
    |tmp_455_i_reg_2003_pp0_iter1_reg                                                                                  |   1|   0|    1|          0|
    |tmp_456_i_reg_1990                                                                                                |   1|   0|    1|          0|
    |tmp_456_i_reg_1990_pp0_iter1_reg                                                                                  |   1|   0|    1|          0|
    |tmp_457_i_reg_1982                                                                                                |   1|   0|    1|          0|
    |tmp_457_i_reg_1982_pp0_iter1_reg                                                                                  |   1|   0|    1|          0|
    |tmp_460_i_reg_2012                                                                                                |   4|   0|    4|          0|
    |tmp_460_i_reg_2012_pp0_iter1_reg                                                                                  |   4|   0|    4|          0|
    |tmp_i_258_reg_2084                                                                                                |   1|   0|    1|          0|
    |tmp_i_258_reg_2084_pp0_iter1_reg                                                                                  |   1|   0|    1|          0|
    |tmp_i_reg_1907                                                                                                    |   1|   0|    1|          0|
    |tmp_i_reg_1907_pp0_iter1_reg                                                                                      |   1|   0|    1|          0|
    |tmp_reg_2097                                                                                                      |   1|   0|    1|          0|
    |tmp_reg_2097_pp0_iter1_reg                                                                                        |   1|   0|    1|          0|
    |trunc_ln145_13_reg_2092                                                                                           |  32|   0|   32|          0|
    |trunc_ln145_13_reg_2092_pp0_iter1_reg                                                                             |  32|   0|   32|          0|
    |trunc_ln145_14_reg_2045                                                                                           |  32|   0|   32|          0|
    |trunc_ln145_14_reg_2045_pp0_iter1_reg                                                                             |  32|   0|   32|          0|
    |trunc_ln145_15_reg_2007                                                                                           |  32|   0|   32|          0|
    |trunc_ln145_15_reg_2007_pp0_iter1_reg                                                                             |  32|   0|   32|          0|
    |trunc_ln145_reg_1911                                                                                              |  32|   0|   32|          0|
    |trunc_ln145_reg_1911_pp0_iter1_reg                                                                                |  32|   0|   32|          0|
    |trunc_ln145_s_reg_1928                                                                                            |  16|   0|   16|          0|
    |trunc_ln674_reg_2063                                                                                              |  18|   0|   18|          0|
    |trunc_ln674_reg_2063_pp0_iter1_reg                                                                                |  18|   0|   18|          0|
    |txSarReg_ackd_V                                                                                                   |  32|   0|   32|          0|
    |txSarReg_app_V                                                                                                    |  18|   0|   18|          0|
    |txSarReg_finReady                                                                                                 |   1|   0|    1|          0|
    |txSarReg_finSent                                                                                                  |   1|   0|    1|          0|
    |txSarReg_not_ackd_V                                                                                               |  32|   0|   32|          0|
    |txSarReg_usableWindow_V                                                                                           |  18|   0|   18|          0|
    |txSarReg_usedLength_V                                                                                             |  18|   0|   18|          0|
    |txSarReg_win_shift_V                                                                                              |   4|   0|    4|          0|
    |txSar_ackd_V_7_reg_447                                                                                            |  32|   0|   32|          0|
    |txSar_ackd_V_7_reg_447_pp0_iter1_reg                                                                              |  32|   0|   32|          0|
    |txSar_not_ackd_V_10_reg_561                                                                                       |  32|   0|   32|          0|
    |txSar_usedLength_V_5_reg_484                                                                                      |  18|   0|   18|          0|
    +------------------------------------------------------------------------------------------------------------------+----+----+-----+-----------+
    |Total                                                                                                             |1684|   0| 1684|          0|
    +------------------------------------------------------------------------------------------------------------------+----+----+-----+-----------+



================================================================
== Interface
================================================================
* Summary: 
+------------------------------------------------+-----+-----+------------+---------------------------------+--------------+
|                    RTL Ports                   | Dir | Bits|  Protocol  |          Source Object          |    C Type    |
+------------------------------------------------+-----+-----+------------+---------------------------------+--------------+
|ap_clk                                          |   in|    1|  ap_ctrl_hs|                       metaLoader|  return value|
|ap_rst                                          |   in|    1|  ap_ctrl_hs|                       metaLoader|  return value|
|ap_start                                        |   in|    1|  ap_ctrl_hs|                       metaLoader|  return value|
|ap_done                                         |  out|    1|  ap_ctrl_hs|                       metaLoader|  return value|
|ap_continue                                     |   in|    1|  ap_ctrl_hs|                       metaLoader|  return value|
|ap_idle                                         |  out|    1|  ap_ctrl_hs|                       metaLoader|  return value|
|ap_ready                                        |  out|    1|  ap_ctrl_hs|                       metaLoader|  return value|
|eventEng2txEng_event_dout                       |   in|  224|     ap_fifo|             eventEng2txEng_event|       pointer|
|eventEng2txEng_event_num_data_valid             |   in|    7|     ap_fifo|             eventEng2txEng_event|       pointer|
|eventEng2txEng_event_fifo_cap                   |   in|    7|     ap_fifo|             eventEng2txEng_event|       pointer|
|eventEng2txEng_event_empty_n                    |   in|    1|     ap_fifo|             eventEng2txEng_event|       pointer|
|eventEng2txEng_event_read                       |  out|    1|     ap_fifo|             eventEng2txEng_event|       pointer|
|txSar2txEng_upd_rsp_dout                        |   in|  192|     ap_fifo|              txSar2txEng_upd_rsp|       pointer|
|txSar2txEng_upd_rsp_num_data_valid              |   in|    5|     ap_fifo|              txSar2txEng_upd_rsp|       pointer|
|txSar2txEng_upd_rsp_fifo_cap                    |   in|    5|     ap_fifo|              txSar2txEng_upd_rsp|       pointer|
|txSar2txEng_upd_rsp_empty_n                     |   in|    1|     ap_fifo|              txSar2txEng_upd_rsp|       pointer|
|txSar2txEng_upd_rsp_read                        |  out|    1|     ap_fifo|              txSar2txEng_upd_rsp|       pointer|
|rxSar2txEng_rsp_dout                            |   in|   96|     ap_fifo|                  rxSar2txEng_rsp|       pointer|
|rxSar2txEng_rsp_num_data_valid                  |   in|    2|     ap_fifo|                  rxSar2txEng_rsp|       pointer|
|rxSar2txEng_rsp_fifo_cap                        |   in|    2|     ap_fifo|                  rxSar2txEng_rsp|       pointer|
|rxSar2txEng_rsp_empty_n                         |   in|    1|     ap_fifo|                  rxSar2txEng_rsp|       pointer|
|rxSar2txEng_rsp_read                            |  out|    1|     ap_fifo|                  rxSar2txEng_rsp|       pointer|
|txEngFifoReadCount_din                          |  out|    1|     ap_fifo|               txEngFifoReadCount|       pointer|
|txEngFifoReadCount_num_data_valid               |   in|    7|     ap_fifo|               txEngFifoReadCount|       pointer|
|txEngFifoReadCount_fifo_cap                     |   in|    7|     ap_fifo|               txEngFifoReadCount|       pointer|
|txEngFifoReadCount_full_n                       |   in|    1|     ap_fifo|               txEngFifoReadCount|       pointer|
|txEngFifoReadCount_write                        |  out|    1|     ap_fifo|               txEngFifoReadCount|       pointer|
|txEng2txSar_upd_req_din                         |  out|  128|     ap_fifo|              txEng2txSar_upd_req|       pointer|
|txEng2txSar_upd_req_num_data_valid              |   in|    5|     ap_fifo|              txEng2txSar_upd_req|       pointer|
|txEng2txSar_upd_req_fifo_cap                    |   in|    5|     ap_fifo|              txEng2txSar_upd_req|       pointer|
|txEng2txSar_upd_req_full_n                      |   in|    1|     ap_fifo|              txEng2txSar_upd_req|       pointer|
|txEng2txSar_upd_req_write                       |  out|    1|     ap_fifo|              txEng2txSar_upd_req|       pointer|
|txEng2rxSar_req_din                             |  out|   16|     ap_fifo|                  txEng2rxSar_req|       pointer|
|txEng2rxSar_req_num_data_valid                  |   in|    2|     ap_fifo|                  txEng2rxSar_req|       pointer|
|txEng2rxSar_req_fifo_cap                        |   in|    2|     ap_fifo|                  txEng2rxSar_req|       pointer|
|txEng2rxSar_req_full_n                          |   in|    1|     ap_fifo|                  txEng2rxSar_req|       pointer|
|txEng2rxSar_req_write                           |  out|    1|     ap_fifo|                  txEng2rxSar_req|       pointer|
|txEng_ipMetaFifo_din                            |  out|   16|     ap_fifo|                 txEng_ipMetaFifo|       pointer|
|txEng_ipMetaFifo_num_data_valid                 |   in|    6|     ap_fifo|                 txEng_ipMetaFifo|       pointer|
|txEng_ipMetaFifo_fifo_cap                       |   in|    6|     ap_fifo|                 txEng_ipMetaFifo|       pointer|
|txEng_ipMetaFifo_full_n                         |   in|    1|     ap_fifo|                 txEng_ipMetaFifo|       pointer|
|txEng_ipMetaFifo_write                          |  out|    1|     ap_fifo|                 txEng_ipMetaFifo|       pointer|
|txEng_isLookUpFifo_din                          |  out|    1|     ap_fifo|               txEng_isLookUpFifo|       pointer|
|txEng_isLookUpFifo_num_data_valid               |   in|    3|     ap_fifo|               txEng_isLookUpFifo|       pointer|
|txEng_isLookUpFifo_fifo_cap                     |   in|    3|     ap_fifo|               txEng_isLookUpFifo|       pointer|
|txEng_isLookUpFifo_full_n                       |   in|    1|     ap_fifo|               txEng_isLookUpFifo|       pointer|
|txEng_isLookUpFifo_write                        |  out|    1|     ap_fifo|               txEng_isLookUpFifo|       pointer|
|txEng2sLookup_rev_req_din                       |  out|   16|     ap_fifo|            txEng2sLookup_rev_req|       pointer|
|txEng2sLookup_rev_req_num_data_valid            |   in|    3|     ap_fifo|            txEng2sLookup_rev_req|       pointer|
|txEng2sLookup_rev_req_fifo_cap                  |   in|    3|     ap_fifo|            txEng2sLookup_rev_req|       pointer|
|txEng2sLookup_rev_req_full_n                    |   in|    1|     ap_fifo|            txEng2sLookup_rev_req|       pointer|
|txEng2sLookup_rev_req_write                     |  out|    1|     ap_fifo|            txEng2sLookup_rev_req|       pointer|
|txEng_tcpMetaFifo_din                           |  out|  160|     ap_fifo|                txEng_tcpMetaFifo|       pointer|
|txEng_tcpMetaFifo_num_data_valid                |   in|    6|     ap_fifo|                txEng_tcpMetaFifo|       pointer|
|txEng_tcpMetaFifo_fifo_cap                      |   in|    6|     ap_fifo|                txEng_tcpMetaFifo|       pointer|
|txEng_tcpMetaFifo_full_n                        |   in|    1|     ap_fifo|                txEng_tcpMetaFifo|       pointer|
|txEng_tcpMetaFifo_write                         |  out|    1|     ap_fifo|                txEng_tcpMetaFifo|       pointer|
|txEng_tupleShortCutFifo_din                     |  out|   96|     ap_fifo|          txEng_tupleShortCutFifo|       pointer|
|txEng_tupleShortCutFifo_num_data_valid          |   in|    2|     ap_fifo|          txEng_tupleShortCutFifo|       pointer|
|txEng_tupleShortCutFifo_fifo_cap                |   in|    2|     ap_fifo|          txEng_tupleShortCutFifo|       pointer|
|txEng_tupleShortCutFifo_full_n                  |   in|    1|     ap_fifo|          txEng_tupleShortCutFifo|       pointer|
|txEng_tupleShortCutFifo_write                   |  out|    1|     ap_fifo|          txEng_tupleShortCutFifo|       pointer|
|txEng2timer_setRetransmitTimer_din              |  out|   64|     ap_fifo|   txEng2timer_setRetransmitTimer|       pointer|
|txEng2timer_setRetransmitTimer_num_data_valid   |   in|    2|     ap_fifo|   txEng2timer_setRetransmitTimer|       pointer|
|txEng2timer_setRetransmitTimer_fifo_cap         |   in|    2|     ap_fifo|   txEng2timer_setRetransmitTimer|       pointer|
|txEng2timer_setRetransmitTimer_full_n           |   in|    1|     ap_fifo|   txEng2timer_setRetransmitTimer|       pointer|
|txEng2timer_setRetransmitTimer_write            |  out|    1|     ap_fifo|   txEng2timer_setRetransmitTimer|       pointer|
|txMetaloader2memAccessBreakdown_din             |  out|  128|     ap_fifo|  txMetaloader2memAccessBreakdown|       pointer|
|txMetaloader2memAccessBreakdown_num_data_valid  |   in|    6|     ap_fifo|  txMetaloader2memAccessBreakdown|       pointer|
|txMetaloader2memAccessBreakdown_fifo_cap        |   in|    6|     ap_fifo|  txMetaloader2memAccessBreakdown|       pointer|
|txMetaloader2memAccessBreakdown_full_n          |   in|    1|     ap_fifo|  txMetaloader2memAccessBreakdown|       pointer|
|txMetaloader2memAccessBreakdown_write           |  out|    1|     ap_fifo|  txMetaloader2memAccessBreakdown|       pointer|
|txEng_isDDRbypass_din                           |  out|    1|     ap_fifo|                txEng_isDDRbypass|       pointer|
|txEng_isDDRbypass_num_data_valid                |   in|    6|     ap_fifo|                txEng_isDDRbypass|       pointer|
|txEng_isDDRbypass_fifo_cap                      |   in|    6|     ap_fifo|                txEng_isDDRbypass|       pointer|
|txEng_isDDRbypass_full_n                        |   in|    1|     ap_fifo|                txEng_isDDRbypass|       pointer|
|txEng_isDDRbypass_write                         |  out|    1|     ap_fifo|                txEng_isDDRbypass|       pointer|
|txEng2timer_setProbeTimer_din                   |  out|   16|     ap_fifo|        txEng2timer_setProbeTimer|       pointer|
|txEng2timer_setProbeTimer_num_data_valid        |   in|    2|     ap_fifo|        txEng2timer_setProbeTimer|       pointer|
|txEng2timer_setProbeTimer_fifo_cap              |   in|    2|     ap_fifo|        txEng2timer_setProbeTimer|       pointer|
|txEng2timer_setProbeTimer_full_n                |   in|    1|     ap_fifo|        txEng2timer_setProbeTimer|       pointer|
|txEng2timer_setProbeTimer_write                 |  out|    1|     ap_fifo|        txEng2timer_setProbeTimer|       pointer|
+------------------------------------------------+-----+-----+------------+---------------------------------+--------------+

