

================================================================
== Vitis HLS Report for 'rx_app_stream_if'
================================================================
* Date:           Tue Jul 11 09:26:51 2023

* Version:        2022.1 (Build 3526262 on Mon Apr 18 15:47:01 MDT 2022)
* Project:        toe_prj
* Solution:       solution1 (Vivado IP Flow Target)
* Product family: virtexuplus
* Target device:  xcu280-fsvh2892-2L-e


================================================================
== Performance Estimates
================================================================
+ Timing: 
    * Summary: 
    +--------+---------+----------+------------+
    |  Clock |  Target | Estimated| Uncertainty|
    +--------+---------+----------+------------+
    |ap_clk  |  3.20 ns|  1.965 ns|     0.86 ns|
    +--------+---------+----------+------------+

+ Latency: 
    * Summary: 
    +---------+---------+----------+----------+-----+-----+---------+
    |  Latency (cycles) |  Latency (absolute) |  Interval | Pipeline|
    |   min   |   max   |    min   |    max   | min | max |   Type  |
    +---------+---------+----------+----------+-----+-----+---------+
    |        2|        2|  6.400 ns|  6.400 ns|    1|    1|      yes|
    +---------+---------+----------+----------+-----+-----+---------+

    + Detail: 
        * Instance: 
        N/A

        * Loop: 
        N/A



================================================================
== Utilization Estimates
================================================================
* Summary: 
+---------------------+---------+------+---------+---------+-----+
|         Name        | BRAM_18K|  DSP |    FF   |   LUT   | URAM|
+---------------------+---------+------+---------+---------+-----+
|DSP                  |        -|     -|        -|        -|    -|
|Expression           |        -|     -|        0|       74|    -|
|FIFO                 |        -|     -|        -|        -|    -|
|Instance             |        -|     -|        -|        -|    -|
|Memory               |        -|     -|        -|        -|    -|
|Multiplexer          |        -|     -|        -|       68|    -|
|Register             |        -|     -|      155|        -|    -|
+---------------------+---------+------+---------+---------+-----+
|Total                |        0|     0|      155|      142|    0|
+---------------------+---------+------+---------+---------+-----+
|Available SLR        |     1344|  3008|   869120|   434560|  320|
+---------------------+---------+------+---------+---------+-----+
|Utilization SLR (%)  |        0|     0|       ~0|       ~0|    0|
+---------------------+---------+------+---------+---------+-----+
|Available            |     4032|  9024|  2607360|  1303680|  960|
+---------------------+---------+------+---------+---------+-----+
|Utilization (%)      |        0|     0|       ~0|       ~0|    0|
+---------------------+---------+------+---------+---------+-----+

+ Detail: 
    * Instance: 
    N/A

    * DSP: 
    N/A

    * Memory: 
    N/A

    * FIFO: 
    N/A

    * Expression: 
    +----------------------------------+----------+----+---+----+------------+------------+
    |           Variable Name          | Operation| DSP| FF| LUT| Bitwidth P0| Bitwidth P1|
    +----------------------------------+----------+----+---+----+------------+------------+
    |add_ln232_fu_178_p2               |         +|   0|  0|  25|          18|          18|
    |ap_block_state2_io                |       and|   0|  0|   2|           1|           1|
    |ap_block_state3_io                |       and|   0|  0|   2|           1|           1|
    |ap_condition_192                  |       and|   0|  0|   2|           1|           1|
    |ap_condition_194                  |       and|   0|  0|   2|           1|           1|
    |ap_condition_217                  |       and|   0|  0|   2|           1|           1|
    |ap_predicate_op23_read_state1     |       and|   0|  0|   2|           1|           1|
    |ap_predicate_op34_read_state1     |       and|   0|  0|   2|           1|           1|
    |ap_predicate_op44_write_state2    |       and|   0|  0|   2|           1|           1|
    |ap_predicate_op46_write_state2    |       and|   0|  0|   2|           1|           1|
    |ap_predicate_op50_write_state3    |       and|   0|  0|   2|           1|           1|
    |tmp_i_243_nbreadreq_fu_84_p3      |       and|   0|  0|   2|           1|           0|
    |tmp_i_nbreadreq_fu_70_p3          |       and|   0|  0|   2|           1|           0|
    |icmp_ln1069_fu_138_p2             |      icmp|   0|  0|  13|          16|           1|
    |ap_block_pp0_stage0_01001         |        or|   0|  0|   2|           1|           1|
    |ap_block_pp0_stage0_11001         |        or|   0|  0|   2|           1|           1|
    |ap_block_state1_pp0_stage0_iter0  |        or|   0|  0|   2|           1|           1|
    |ap_block_state2_pp0_stage0_iter1  |        or|   0|  0|   2|           1|           1|
    |ap_block_state3_pp0_stage0_iter2  |        or|   0|  0|   2|           1|           1|
    |ap_enable_pp0                     |       xor|   0|  0|   2|           1|           2|
    +----------------------------------+----------+----+---+----+------------+------------+
    |Total                             |          |   0|  0|  74|          52|          36|
    +----------------------------------+----------+----+---+----+------------+------------+

    * Multiplexer: 
    +-----------------------------------------+----+-----------+-----+-----------+
    |                   Name                  | LUT| Input Size| Bits| Total Bits|
    +-----------------------------------------+----+-----------+-----+-----------+
    |ap_done                                  |   9|          2|    1|          2|
    |m_axis_rx_data_rsp_metadata_TDATA_blk_n  |   9|          2|    1|          2|
    |rxApp2rxSar_upd_req_blk_n                |   9|          2|    1|          2|
    |rxApp2rxSar_upd_req_din                  |  14|          3|   96|        288|
    |rxBufferReadCmd_blk_n                    |   9|          2|    1|          2|
    |rxSar2rxApp_upd_rsp_blk_n                |   9|          2|    1|          2|
    |s_axis_rx_data_req_TDATA_blk_n           |   9|          2|    1|          2|
    +-----------------------------------------+----+-----------+-----+-----------+
    |Total                                    |  68|         15|  102|        300|
    +-----------------------------------------+----+-----------+-----+-----------+

    * Register: 
    +--------------------------------------------+----+----+-----+-----------+
    |                    Name                    | FF | LUT| Bits| Const Bits|
    +--------------------------------------------+----+----+-----+-----------+
    |ap_CS_fsm                                   |   1|   0|    1|          0|
    |ap_done_reg                                 |   1|   0|    1|          0|
    |ap_enable_reg_pp0_iter1                     |   1|   0|    1|          0|
    |ap_enable_reg_pp0_iter2                     |   1|   0|    1|          0|
    |icmp_ln1069_reg_229                         |   1|   0|    1|          0|
    |rasi_fsmState_V                             |   1|   0|    1|          0|
    |rasi_fsmState_V_load_reg_216                |   1|   0|    1|          0|
    |rasi_fsmState_V_load_reg_216_pp0_iter1_reg  |   1|   0|    1|          0|
    |rasi_readLength_V                           |  16|   0|   16|          0|
    |tmp_332_i_reg_242                           |  96|   0|   96|          0|
    |tmp_i_243_reg_233                           |   1|   0|    1|          0|
    |tmp_i_243_reg_233_pp0_iter1_reg             |   1|   0|    1|          0|
    |tmp_i_reg_220                               |   1|   0|    1|          0|
    |tmp_sessionID_V_4_reg_237                   |  16|   0|   16|          0|
    |tmp_sessionID_V_reg_224                     |  16|   0|   16|          0|
    +--------------------------------------------+----+----+-----+-----------+
    |Total                                       | 155|   0|  155|          0|
    +--------------------------------------------+----+----+-----+-----------+



================================================================
== Interface
================================================================
* Summary: 
+------------------------------------+-----+-----+------------+-----------------------------+--------------+
|              RTL Ports             | Dir | Bits|  Protocol  |        Source Object        |    C Type    |
+------------------------------------+-----+-----+------------+-----------------------------+--------------+
|ap_clk                              |   in|    1|  ap_ctrl_hs|             rx_app_stream_if|  return value|
|ap_rst                              |   in|    1|  ap_ctrl_hs|             rx_app_stream_if|  return value|
|ap_start                            |   in|    1|  ap_ctrl_hs|             rx_app_stream_if|  return value|
|ap_done                             |  out|    1|  ap_ctrl_hs|             rx_app_stream_if|  return value|
|ap_continue                         |   in|    1|  ap_ctrl_hs|             rx_app_stream_if|  return value|
|ap_idle                             |  out|    1|  ap_ctrl_hs|             rx_app_stream_if|  return value|
|ap_ready                            |  out|    1|  ap_ctrl_hs|             rx_app_stream_if|  return value|
|s_axis_rx_data_req_TVALID           |   in|    1|        axis|           s_axis_rx_data_req|       pointer|
|s_axis_rx_data_req_TDATA            |   in|   32|        axis|           s_axis_rx_data_req|       pointer|
|s_axis_rx_data_req_TREADY           |  out|    1|        axis|           s_axis_rx_data_req|       pointer|
|rxSar2rxApp_upd_rsp_dout            |   in|   96|     ap_fifo|          rxSar2rxApp_upd_rsp|       pointer|
|rxSar2rxApp_upd_rsp_num_data_valid  |   in|    2|     ap_fifo|          rxSar2rxApp_upd_rsp|       pointer|
|rxSar2rxApp_upd_rsp_fifo_cap        |   in|    2|     ap_fifo|          rxSar2rxApp_upd_rsp|       pointer|
|rxSar2rxApp_upd_rsp_empty_n         |   in|    1|     ap_fifo|          rxSar2rxApp_upd_rsp|       pointer|
|rxSar2rxApp_upd_rsp_read            |  out|    1|     ap_fifo|          rxSar2rxApp_upd_rsp|       pointer|
|rxApp2rxSar_upd_req_din             |  out|   96|     ap_fifo|          rxApp2rxSar_upd_req|       pointer|
|rxApp2rxSar_upd_req_num_data_valid  |   in|    2|     ap_fifo|          rxApp2rxSar_upd_req|       pointer|
|rxApp2rxSar_upd_req_fifo_cap        |   in|    2|     ap_fifo|          rxApp2rxSar_upd_req|       pointer|
|rxApp2rxSar_upd_req_full_n          |   in|    1|     ap_fifo|          rxApp2rxSar_upd_req|       pointer|
|rxApp2rxSar_upd_req_write           |  out|    1|     ap_fifo|          rxApp2rxSar_upd_req|       pointer|
|m_axis_rx_data_rsp_metadata_TREADY  |   in|    1|        axis|  m_axis_rx_data_rsp_metadata|       pointer|
|m_axis_rx_data_rsp_metadata_TDATA   |  out|   16|        axis|  m_axis_rx_data_rsp_metadata|       pointer|
|m_axis_rx_data_rsp_metadata_TVALID  |  out|    1|        axis|  m_axis_rx_data_rsp_metadata|       pointer|
|rxBufferReadCmd_din                 |  out|    1|     ap_fifo|              rxBufferReadCmd|       pointer|
|rxBufferReadCmd_num_data_valid      |   in|    3|     ap_fifo|              rxBufferReadCmd|       pointer|
|rxBufferReadCmd_fifo_cap            |   in|    3|     ap_fifo|              rxBufferReadCmd|       pointer|
|rxBufferReadCmd_full_n              |   in|    1|     ap_fifo|              rxBufferReadCmd|       pointer|
|rxBufferReadCmd_write               |  out|    1|     ap_fifo|              rxBufferReadCmd|       pointer|
+------------------------------------+-----+-----+------------+-----------------------------+--------------+

