

================================================================
== Vitis HLS Report for 'rxAppMemDataRead_512_s'
================================================================
* Date:           Tue Jul 11 09:26:52 2023

* Version:        2022.1 (Build 3526262 on Mon Apr 18 15:47:01 MDT 2022)
* Project:        toe_prj
* Solution:       solution1 (Vivado IP Flow Target)
* Product family: virtexuplus
* Target device:  xcu280-fsvh2892-2L-e


================================================================
== Performance Estimates
================================================================
+ Timing: 
    * Summary: 
    +--------+---------+----------+------------+
    |  Clock |  Target | Estimated| Uncertainty|
    +--------+---------+----------+------------+
    |ap_clk  |  3.20 ns|  1.290 ns|     0.86 ns|
    +--------+---------+----------+------------+

+ Latency: 
    * Summary: 
    +---------+---------+----------+----------+-----+-----+---------+
    |  Latency (cycles) |  Latency (absolute) |  Interval | Pipeline|
    |   min   |   max   |    min   |    max   | min | max |   Type  |
    +---------+---------+----------+----------+-----+-----+---------+
    |        2|        2|  6.400 ns|  6.400 ns|    1|    1|      yes|
    +---------+---------+----------+----------+-----+-----+---------+

    + Detail: 
        * Instance: 
        N/A

        * Loop: 
        N/A



================================================================
== Utilization Estimates
================================================================
* Summary: 
+---------------------+---------+------+---------+---------+-----+
|         Name        | BRAM_18K|  DSP |    FF   |   LUT   | URAM|
+---------------------+---------+------+---------+---------+-----+
|DSP                  |        -|     -|        -|        -|    -|
|Expression           |        -|     -|        0|       30|    -|
|FIFO                 |        -|     -|        -|        -|    -|
|Instance             |        -|     -|        -|        -|    -|
|Memory               |        -|     -|        -|        -|    -|
|Multiplexer          |        -|     -|        -|       36|    -|
|Register             |        -|     -|     1033|        -|    -|
+---------------------+---------+------+---------+---------+-----+
|Total                |        0|     0|     1033|       66|    0|
+---------------------+---------+------+---------+---------+-----+
|Available SLR        |     1344|  3008|   869120|   434560|  320|
+---------------------+---------+------+---------+---------+-----+
|Utilization SLR (%)  |        0|     0|       ~0|       ~0|    0|
+---------------------+---------+------+---------+---------+-----+
|Available            |     4032|  9024|  2607360|  1303680|  960|
+---------------------+---------+------+---------+---------+-----+
|Utilization (%)      |        0|     0|       ~0|       ~0|    0|
+---------------------+---------+------+---------+---------+-----+

+ Detail: 
    * Instance: 
    N/A

    * DSP: 
    N/A

    * Memory: 
    N/A

    * FIFO: 
    N/A

    * Expression: 
    +----------------------------------+----------+----+---+----+------------+------------+
    |           Variable Name          | Operation| DSP| FF| LUT| Bitwidth P0| Bitwidth P1|
    +----------------------------------+----------+----+---+----+------------+------------+
    |ap_block_state2_io                |       and|   0|  0|   2|           1|           1|
    |ap_block_state3_io                |       and|   0|  0|   2|           1|           1|
    |ap_condition_144                  |       and|   0|  0|   2|           1|           1|
    |ap_condition_148                  |       and|   0|  0|   2|           1|           1|
    |ap_predicate_op15_read_state1     |       and|   0|  0|   2|           1|           1|
    |ap_predicate_op21_read_state1     |       and|   0|  0|   2|           1|           1|
    |ap_predicate_op28_write_state2    |       and|   0|  0|   2|           1|           1|
    |ap_predicate_op29_write_state3    |       and|   0|  0|   2|           1|           1|
    |tmp_i_249_nbreadreq_fu_58_p3      |       and|   0|  0|   2|           1|           0|
    |tmp_i_nbreadreq_fu_44_p3          |       and|   0|  0|   2|           1|           0|
    |ap_block_pp0_stage0_01001         |        or|   0|  0|   2|           1|           1|
    |ap_block_pp0_stage0_11001         |        or|   0|  0|   2|           1|           1|
    |ap_block_state1_pp0_stage0_iter0  |        or|   0|  0|   2|           1|           1|
    |ap_block_state3_pp0_stage0_iter2  |        or|   0|  0|   2|           1|           1|
    |ap_enable_pp0                     |       xor|   0|  0|   2|           1|           2|
    +----------------------------------+----------+----+---+----+------------+------------+
    |Total                             |          |   0|  0|  30|          15|          14|
    +----------------------------------+----------+----+---+----+------------+------------+

    * Multiplexer: 
    +--------------------------------+----+-----------+-----+-----------+
    |              Name              | LUT| Input Size| Bits| Total Bits|
    +--------------------------------+----+-----------+-----+-----------+
    |ap_done                         |   9|          2|    1|          2|
    |m_axis_rx_data_rsp_TDATA_blk_n  |   9|          2|    1|          2|
    |rxBufferReadCmd_blk_n           |   9|          2|    1|          2|
    |s_axis_rxread_data_TDATA_blk_n  |   9|          2|    1|          2|
    +--------------------------------+----+-----------+-----+-----------+
    |Total                           |  36|          8|    4|          8|
    +--------------------------------+----+-----------+-----+-----------+

    * Register: 
    +---------------------------------------------+------+----+------+-----------+
    |                     Name                    |  FF  | LUT| Bits | Const Bits|
    +---------------------------------------------+------+----+------+-----------+
    |ap_CS_fsm                                    |     1|   0|     1|          0|
    |ap_done_reg                                  |     1|   0|     1|          0|
    |ap_enable_reg_pp0_iter1                      |     1|   0|     1|          0|
    |ap_enable_reg_pp0_iter2                      |     1|   0|     1|          0|
    |ramdr_fsmState_V                             |     1|   0|     1|          0|
    |ramdr_fsmState_V_load_reg_103                |     1|   0|     1|          0|
    |ramdr_fsmState_V_load_reg_103_pp0_iter1_reg  |     1|   0|     1|          0|
    |s_axis_rxread_data_read_reg_114              |  1024|   0|  1024|          0|
    |tmp_i_249_reg_110                            |     1|   0|     1|          0|
    |tmp_i_249_reg_110_pp0_iter1_reg              |     1|   0|     1|          0|
    +---------------------------------------------+------+----+------+-----------+
    |Total                                        |  1033|   0|  1033|          0|
    +---------------------------------------------+------+----+------+-----------+



================================================================
== Interface
================================================================
* Summary: 
+--------------------------------+-----+------+------------+-----------------------+--------------+
|            RTL Ports           | Dir | Bits |  Protocol  |     Source Object     |    C Type    |
+--------------------------------+-----+------+------------+-----------------------+--------------+
|ap_clk                          |   in|     1|  ap_ctrl_hs|  rxAppMemDataRead<512>|  return value|
|ap_rst                          |   in|     1|  ap_ctrl_hs|  rxAppMemDataRead<512>|  return value|
|ap_start                        |   in|     1|  ap_ctrl_hs|  rxAppMemDataRead<512>|  return value|
|ap_done                         |  out|     1|  ap_ctrl_hs|  rxAppMemDataRead<512>|  return value|
|ap_continue                     |   in|     1|  ap_ctrl_hs|  rxAppMemDataRead<512>|  return value|
|ap_idle                         |  out|     1|  ap_ctrl_hs|  rxAppMemDataRead<512>|  return value|
|ap_ready                        |  out|     1|  ap_ctrl_hs|  rxAppMemDataRead<512>|  return value|
|rxBufferReadCmd_dout            |   in|     1|     ap_fifo|        rxBufferReadCmd|       pointer|
|rxBufferReadCmd_num_data_valid  |   in|     3|     ap_fifo|        rxBufferReadCmd|       pointer|
|rxBufferReadCmd_fifo_cap        |   in|     3|     ap_fifo|        rxBufferReadCmd|       pointer|
|rxBufferReadCmd_empty_n         |   in|     1|     ap_fifo|        rxBufferReadCmd|       pointer|
|rxBufferReadCmd_read            |  out|     1|     ap_fifo|        rxBufferReadCmd|       pointer|
|s_axis_rxread_data_TVALID       |   in|     1|        axis|     s_axis_rxread_data|       pointer|
|s_axis_rxread_data_TDATA        |   in|  1024|        axis|     s_axis_rxread_data|       pointer|
|s_axis_rxread_data_TREADY       |  out|     1|        axis|     s_axis_rxread_data|       pointer|
|m_axis_rx_data_rsp_TREADY       |   in|     1|        axis|     m_axis_rx_data_rsp|       pointer|
|m_axis_rx_data_rsp_TDATA        |  out|  1024|        axis|     m_axis_rx_data_rsp|       pointer|
|m_axis_rx_data_rsp_TVALID       |  out|     1|        axis|     m_axis_rx_data_rsp|       pointer|
+--------------------------------+-----+------+------------+-----------------------+--------------+

