

================================================================
== Vitis HLS Report for 'tasi_metaLoader'
================================================================
* Date:           Tue Jul 11 09:26:55 2023

* Version:        2022.1 (Build 3526262 on Mon Apr 18 15:47:01 MDT 2022)
* Project:        toe_prj
* Solution:       solution1 (Vivado IP Flow Target)
* Product family: virtexuplus
* Target device:  xcu280-fsvh2892-2L-e


================================================================
== Performance Estimates
================================================================
+ Timing: 
    * Summary: 
    +--------+---------+----------+------------+
    |  Clock |  Target | Estimated| Uncertainty|
    +--------+---------+----------+------------+
    |ap_clk  |  3.20 ns|  2.027 ns|     0.86 ns|
    +--------+---------+----------+------------+

+ Latency: 
    * Summary: 
    +---------+---------+----------+----------+-----+-----+---------+
    |  Latency (cycles) |  Latency (absolute) |  Interval | Pipeline|
    |   min   |   max   |    min   |    max   | min | max |   Type  |
    +---------+---------+----------+----------+-----+-----+---------+
    |        3|        3|  9.600 ns|  9.600 ns|    1|    1|      yes|
    +---------+---------+----------+----------+-----+-----+---------+

    + Detail: 
        * Instance: 
        N/A

        * Loop: 
        N/A



================================================================
== Utilization Estimates
================================================================
* Summary: 
+---------------------+---------+------+---------+---------+-----+
|         Name        | BRAM_18K|  DSP |    FF   |   LUT   | URAM|
+---------------------+---------+------+---------+---------+-----+
|DSP                  |        -|     -|        -|        -|    -|
|Expression           |        -|     -|        0|      326|    -|
|FIFO                 |        -|     -|        -|        -|    -|
|Instance             |        -|     -|        -|        -|    -|
|Memory               |        -|     -|        -|        -|    -|
|Multiplexer          |        -|     -|        -|      115|    -|
|Register             |        -|     -|      656|      128|    -|
+---------------------+---------+------+---------+---------+-----+
|Total                |        0|     0|      656|      569|    0|
+---------------------+---------+------+---------+---------+-----+
|Available SLR        |     1344|  3008|   869120|   434560|  320|
+---------------------+---------+------+---------+---------+-----+
|Utilization SLR (%)  |        0|     0|       ~0|       ~0|    0|
+---------------------+---------+------+---------+---------+-----+
|Available            |     4032|  9024|  2607360|  1303680|  960|
+---------------------+---------+------+---------+---------+-----+
|Utilization (%)      |        0|     0|       ~0|       ~0|    0|
+---------------------+---------+------+---------+---------+-----+

+ Detail: 
    * Instance: 
    N/A

    * DSP: 
    N/A

    * Memory: 
    N/A

    * FIFO: 
    N/A

    * Expression: 
    +----------------------------------+----------+----+---+----+------------+------------+
    |           Variable Name          | Operation| DSP| FF| LUT| Bitwidth P0| Bitwidth P1|
    +----------------------------------+----------+----+---+----+------------+------------+
    |add_ln232_fu_332_p2               |         +|   0|  0|  25|          18|          18|
    |maxWriteLength_V_fu_280_p2        |         +|   0|  0|  18|          18|           2|
    |sub_ln232_fu_276_p2               |         -|   0|  0|  18|          18|          18|
    |usableWindow_V_fu_290_p2          |         -|   0|  0|  25|          18|          18|
    |usedLength_fu_253_p2              |         -|   0|  0|  25|          18|          18|
    |ap_condition_341                  |       and|   0|  0|   2|           1|           1|
    |ap_condition_61                   |       and|   0|  0|   2|           1|           1|
    |ap_predicate_op101_write_state4   |       and|   0|  0|   2|           1|           1|
    |ap_predicate_op37_read_state1     |       and|   0|  0|   2|           1|           1|
    |ap_predicate_op72_write_state3    |       and|   0|  0|   2|           1|           1|
    |ap_predicate_op79_write_state3    |       and|   0|  0|   2|           1|           1|
    |ap_predicate_op84_write_state3    |       and|   0|  0|   2|           1|           1|
    |ap_predicate_op96_write_state3    |       and|   0|  0|   2|           1|           1|
    |ap_predicate_op97_write_state4    |       and|   0|  0|   2|           1|           1|
    |ap_predicate_op99_write_state4    |       and|   0|  0|   2|           1|           1|
    |tmp_321_i_nbreadreq_fu_134_p3     |       and|   0|  0|   2|           1|           0|
    |tmp_i_237_nbreadreq_fu_126_p3     |       and|   0|  0|   2|           1|           0|
    |tmp_i_nbreadreq_fu_112_p3         |       and|   0|  0|   2|           1|           0|
    |icmp_ln1073_fu_311_p2             |      icmp|   0|  0|  13|          18|          18|
    |icmp_ln1081_2_fu_305_p2           |      icmp|   0|  0|  13|          18|          18|
    |icmp_ln1081_fu_286_p2             |      icmp|   0|  0|  13|          18|          18|
    |icmp_ln86_fu_259_p2               |      icmp|   0|  0|  20|          32|           2|
    |ap_block_pp0_stage0_01001         |        or|   0|  0|   2|           1|           1|
    |ap_block_pp0_stage0_11001         |        or|   0|  0|   2|           1|           1|
    |ap_block_state1_pp0_stage0_iter0  |        or|   0|  0|   2|           1|           1|
    |ap_block_state3_io                |        or|   0|  0|   2|           1|           1|
    |ap_block_state3_pp0_stage0_iter2  |        or|   0|  0|   2|           1|           1|
    |ap_block_state4_io                |        or|   0|  0|   2|           1|           1|
    |ap_block_state4_pp0_stage0_iter3  |        or|   0|  0|   2|           1|           1|
    |or_ln100_fu_317_p2                |        or|   0|  0|   2|           1|           1|
    |or_ln174_fu_374_p2                |        or|   0|  0|  94|          94|          57|
    |usableWindow_V_1_fu_294_p3        |    select|   0|  0|  18|           1|          18|
    |ap_enable_pp0                     |       xor|   0|  0|   2|           1|           2|
    +----------------------------------+----------+----+---+----+------------+------------+
    |Total                             |          |   0|  0| 326|         293|         225|
    +----------------------------------+----------+----+---+----+------------+------------+

    * Multiplexer: 
    +-----------------------------------------+----+-----------+-----+-----------+
    |                   Name                  | LUT| Input Size| Bits| Total Bits|
    +-----------------------------------------+----+-----------+-----+-----------+
    |ap_done                                  |   9|          2|    1|          2|
    |m_axis_tx_data_rsp_TDATA_blk_n           |   9|          2|    1|          2|
    |m_axis_tx_data_rsp_TDATA_int_regslice    |  20|          4|   96|        384|
    |s_axis_tx_data_req_metadata_TDATA_blk_n  |   9|          2|    1|          2|
    |stateTable2txApp_rsp_blk_n               |   9|          2|    1|          2|
    |tasi_meta2pkgPushCmd_blk_n               |   9|          2|    1|          2|
    |txApp2stateTable_req_blk_n               |   9|          2|    1|          2|
    |txApp2txSar_upd_req_blk_n                |   9|          2|    1|          2|
    |txApp2txSar_upd_req_din                  |  14|          3|   96|        288|
    |txAppStream2event_mergeEvent_blk_n       |   9|          2|    1|          2|
    |txSar2txApp_upd_rsp_blk_n                |   9|          2|    1|          2|
    +-----------------------------------------+----+-----------+-----+-----------+
    |Total                                    | 115|         25|  201|        690|
    +-----------------------------------------+----+-----------+-----+-----------+

    * Register: 
    +----------------------------------------+-----+----+-----+-----------+
    |                  Name                  |  FF | LUT| Bits| Const Bits|
    +----------------------------------------+-----+----+-----+-----------+
    |add_ln232_reg_534                       |   18|   0|   18|          0|
    |ap_CS_fsm                               |    1|   0|    1|          0|
    |ap_done_reg                             |    1|   0|    1|          0|
    |ap_enable_reg_pp0_iter1                 |    1|   0|    1|          0|
    |ap_enable_reg_pp0_iter2                 |    1|   0|    1|          0|
    |ap_enable_reg_pp0_iter3                 |    1|   0|    1|          0|
    |icmp_ln86_reg_510                       |    1|   0|    1|          0|
    |len_V_reg_452                           |   16|   0|   16|          0|
    |len_V_reg_452_pp0_iter1_reg             |   16|   0|   16|          0|
    |maxWriteLength_V_reg_514                |   18|   0|   18|          0|
    |or_ln100_reg_525                        |    1|   0|    1|          0|
    |or_ln100_reg_525_pp0_iter2_reg          |    1|   0|    1|          0|
    |tai_state                               |    1|   0|    1|          0|
    |tai_state_load_reg_448                  |    1|   0|    1|          0|
    |tasi_writeMeta_length_V                 |   16|   0|   16|          0|
    |tasi_writeMeta_sessionID_V              |   16|   0|   16|          0|
    |tmp_22_reg_529                          |   18|   0|   18|          0|
    |tmp_321_i_reg_477                       |    1|   0|    1|          0|
    |tmp_i_237_reg_473                       |    1|   0|    1|          0|
    |tmp_i_reg_462                           |    1|   0|    1|          0|
    |tmp_i_reg_462_pp0_iter1_reg             |    1|   0|    1|          0|
    |trunc_ln145_reg_466                     |   16|   0|   16|          0|
    |trunc_ln145_reg_466_pp0_iter1_reg       |   16|   0|   16|          0|
    |txSar2txApp_upd_rsp_read_reg_481        |  128|   0|  128|          0|
    |usableWindow_V_1_reg_520                |   18|   0|   18|          0|
    |usedLength_reg_504                      |   18|   0|   18|          0|
    |writeSar_ackd_V_reg_486                 |   18|   0|   18|          0|
    |writeSar_mempt_V_reg_491                |   18|   0|   18|          0|
    |writeSar_mempt_V_reg_491_pp0_iter1_reg  |   18|   0|   18|          0|
    |writeSar_min_window_V_reg_498           |   18|   0|   18|          0|
    |icmp_ln86_reg_510                       |   64|  32|    1|          0|
    |tai_state_load_reg_448                  |   64|  32|    1|          0|
    |tmp_321_i_reg_477                       |   64|  32|    1|          0|
    |tmp_i_237_reg_473                       |   64|  32|    1|          0|
    +----------------------------------------+-----+----+-----+-----------+
    |Total                                   |  656| 128|  404|          0|
    +----------------------------------------+-----+----+-----+-----------+



================================================================
== Interface
================================================================
* Summary: 
+---------------------------------------------+-----+-----+------------+------------------------------+--------------+
|                  RTL Ports                  | Dir | Bits|  Protocol  |         Source Object        |    C Type    |
+---------------------------------------------+-----+-----+------------+------------------------------+--------------+
|ap_clk                                       |   in|    1|  ap_ctrl_hs|               tasi_metaLoader|  return value|
|ap_rst                                       |   in|    1|  ap_ctrl_hs|               tasi_metaLoader|  return value|
|ap_start                                     |   in|    1|  ap_ctrl_hs|               tasi_metaLoader|  return value|
|ap_done                                      |  out|    1|  ap_ctrl_hs|               tasi_metaLoader|  return value|
|ap_continue                                  |   in|    1|  ap_ctrl_hs|               tasi_metaLoader|  return value|
|ap_idle                                      |  out|    1|  ap_ctrl_hs|               tasi_metaLoader|  return value|
|ap_ready                                     |  out|    1|  ap_ctrl_hs|               tasi_metaLoader|  return value|
|s_axis_tx_data_req_metadata_TVALID           |   in|    1|        axis|   s_axis_tx_data_req_metadata|       pointer|
|s_axis_tx_data_req_metadata_TDATA            |   in|   32|        axis|   s_axis_tx_data_req_metadata|       pointer|
|s_axis_tx_data_req_metadata_TREADY           |  out|    1|        axis|   s_axis_tx_data_req_metadata|       pointer|
|stateTable2txApp_rsp_dout                    |   in|   32|     ap_fifo|          stateTable2txApp_rsp|       pointer|
|stateTable2txApp_rsp_num_data_valid          |   in|    2|     ap_fifo|          stateTable2txApp_rsp|       pointer|
|stateTable2txApp_rsp_fifo_cap                |   in|    2|     ap_fifo|          stateTable2txApp_rsp|       pointer|
|stateTable2txApp_rsp_empty_n                 |   in|    1|     ap_fifo|          stateTable2txApp_rsp|       pointer|
|stateTable2txApp_rsp_read                    |  out|    1|     ap_fifo|          stateTable2txApp_rsp|       pointer|
|txSar2txApp_upd_rsp_dout                     |   in|  128|     ap_fifo|           txSar2txApp_upd_rsp|       pointer|
|txSar2txApp_upd_rsp_num_data_valid           |   in|    7|     ap_fifo|           txSar2txApp_upd_rsp|       pointer|
|txSar2txApp_upd_rsp_fifo_cap                 |   in|    7|     ap_fifo|           txSar2txApp_upd_rsp|       pointer|
|txSar2txApp_upd_rsp_empty_n                  |   in|    1|     ap_fifo|           txSar2txApp_upd_rsp|       pointer|
|txSar2txApp_upd_rsp_read                     |  out|    1|     ap_fifo|           txSar2txApp_upd_rsp|       pointer|
|txApp2stateTable_req_din                     |  out|   16|     ap_fifo|          txApp2stateTable_req|       pointer|
|txApp2stateTable_req_num_data_valid          |   in|    2|     ap_fifo|          txApp2stateTable_req|       pointer|
|txApp2stateTable_req_fifo_cap                |   in|    2|     ap_fifo|          txApp2stateTable_req|       pointer|
|txApp2stateTable_req_full_n                  |   in|    1|     ap_fifo|          txApp2stateTable_req|       pointer|
|txApp2stateTable_req_write                   |  out|    1|     ap_fifo|          txApp2stateTable_req|       pointer|
|txApp2txSar_upd_req_din                      |  out|   96|     ap_fifo|           txApp2txSar_upd_req|       pointer|
|txApp2txSar_upd_req_num_data_valid           |   in|    7|     ap_fifo|           txApp2txSar_upd_req|       pointer|
|txApp2txSar_upd_req_fifo_cap                 |   in|    7|     ap_fifo|           txApp2txSar_upd_req|       pointer|
|txApp2txSar_upd_req_full_n                   |   in|    1|     ap_fifo|           txApp2txSar_upd_req|       pointer|
|txApp2txSar_upd_req_write                    |  out|    1|     ap_fifo|           txApp2txSar_upd_req|       pointer|
|m_axis_tx_data_rsp_TREADY                    |   in|    1|        axis|            m_axis_tx_data_rsp|       pointer|
|m_axis_tx_data_rsp_TDATA                     |  out|   96|        axis|            m_axis_tx_data_rsp|       pointer|
|m_axis_tx_data_rsp_TVALID                    |  out|    1|        axis|            m_axis_tx_data_rsp|       pointer|
|tasi_meta2pkgPushCmd_din                     |  out|  128|     ap_fifo|          tasi_meta2pkgPushCmd|       pointer|
|tasi_meta2pkgPushCmd_num_data_valid          |   in|    8|     ap_fifo|          tasi_meta2pkgPushCmd|       pointer|
|tasi_meta2pkgPushCmd_fifo_cap                |   in|    8|     ap_fifo|          tasi_meta2pkgPushCmd|       pointer|
|tasi_meta2pkgPushCmd_full_n                  |   in|    1|     ap_fifo|          tasi_meta2pkgPushCmd|       pointer|
|tasi_meta2pkgPushCmd_write                   |  out|    1|     ap_fifo|          tasi_meta2pkgPushCmd|       pointer|
|txAppStream2event_mergeEvent_din             |  out|  128|     ap_fifo|  txAppStream2event_mergeEvent|       pointer|
|txAppStream2event_mergeEvent_num_data_valid  |   in|    7|     ap_fifo|  txAppStream2event_mergeEvent|       pointer|
|txAppStream2event_mergeEvent_fifo_cap        |   in|    7|     ap_fifo|  txAppStream2event_mergeEvent|       pointer|
|txAppStream2event_mergeEvent_full_n          |   in|    1|     ap_fifo|  txAppStream2event_mergeEvent|       pointer|
|txAppStream2event_mergeEvent_write           |  out|    1|     ap_fifo|  txAppStream2event_mergeEvent|       pointer|
+---------------------------------------------+-----+-----+------------+------------------------------+--------------+

