

================================================================
== Vitis HLS Report for 'tx_sar_table'
================================================================
* Date:           Tue Jul 11 09:26:01 2023

* Version:        2022.1 (Build 3526262 on Mon Apr 18 15:47:01 MDT 2022)
* Project:        toe_prj
* Solution:       solution1 (Vivado IP Flow Target)
* Product family: virtexuplus
* Target device:  xcu280-fsvh2892-2L-e


================================================================
== Performance Estimates
================================================================
+ Timing: 
    * Summary: 
    +--------+---------+----------+------------+
    |  Clock |  Target | Estimated| Uncertainty|
    +--------+---------+----------+------------+
    |ap_clk  |  3.20 ns|  2.438 ns|     0.86 ns|
    +--------+---------+----------+------------+

+ Latency: 
    * Summary: 
    +---------+---------+-----------+-----------+-----+-----+---------+
    |  Latency (cycles) |   Latency (absolute)  |  Interval | Pipeline|
    |   min   |   max   |    min    |    max    | min | max |   Type  |
    +---------+---------+-----------+-----------+-----+-----+---------+
    |        5|        5|  16.000 ns|  16.000 ns|    1|    1|      yes|
    +---------+---------+-----------+-----------+-----+-----+---------+

    + Detail: 
        * Instance: 
        N/A

        * Loop: 
        N/A



================================================================
== Utilization Estimates
================================================================
* Summary: 
+---------------------+---------+------+---------+---------+-----+
|         Name        | BRAM_18K|  DSP |    FF   |   LUT   | URAM|
+---------------------+---------+------+---------+---------+-----+
|DSP                  |        -|     -|        -|        -|    -|
|Expression           |        -|     -|        0|      884|    -|
|FIFO                 |        -|     -|        -|        -|    -|
|Instance             |        -|     -|        -|        -|    -|
|Memory               |       16|     -|        0|        0|    -|
|Multiplexer          |        -|     -|        -|      213|    -|
|Register             |        -|     -|     1446|      384|    -|
+---------------------+---------+------+---------+---------+-----+
|Total                |       16|     0|     1446|     1481|    0|
+---------------------+---------+------+---------+---------+-----+
|Available SLR        |     1344|  3008|   869120|   434560|  320|
+---------------------+---------+------+---------+---------+-----+
|Utilization SLR (%)  |        1|     0|       ~0|       ~0|    0|
+---------------------+---------+------+---------+---------+-----+
|Available            |     4032|  9024|  2607360|  1303680|  960|
+---------------------+---------+------+---------+---------+-----+
|Utilization (%)      |       ~0|     0|       ~0|       ~0|    0|
+---------------------+---------+------+---------+---------+-----+

+ Detail: 
    * Instance: 
    N/A

    * DSP: 
    N/A

    * Memory: 
    +----------------------------------+----------------------------------------------------------------------------+---------+---+----+-----+------+-----+------+-------------+
    |              Memory              |                                   Module                                   | BRAM_18K| FF| LUT| URAM| Words| Bits| Banks| W*Bits*Banks|
    +----------------------------------+----------------------------------------------------------------------------+---------+---+----+-----+------+-----+------+-------------+
    |tx_table_not_ackd_V_U             |reverseLookupTableInterface_reverseLookupTable_theirIp_V_RAM_T2P_BRAM_1R1W  |        2|  0|   0|    0|  1000|   32|     1|        32000|
    |tx_table_ackd_V_U                 |tx_sar_table_tx_table_ackd_V_RAM_T2P_BRAM_1R1W                              |        2|  0|   0|    0|  1000|   32|     1|        32000|
    |tx_table_app_V_U                  |tx_sar_table_tx_table_app_V_RAM_T2P_BRAM_1R1W                               |        2|  0|   0|    0|  1000|   18|     1|        18000|
    |tx_table_cong_window_V_U          |tx_sar_table_tx_table_cong_window_V_RAM_T2P_BRAM_1R1W                       |        2|  0|   0|    0|  1000|   18|     1|        18000|
    |tx_table_count_V_U                |tx_sar_table_tx_table_count_V_RAM_T2P_BRAM_1R1W                             |        1|  0|   0|    0|  1000|    2|     1|         2000|
    |tx_table_fastRetransmitted_U      |tx_sar_table_tx_table_fastRetransmitted_RAM_T2P_BRAM_1R1W                   |        1|  0|   0|    0|  1000|    1|     1|         1000|
    |tx_table_finReady_U               |tx_sar_table_tx_table_finReady_RAM_T2P_BRAM_1R1W                            |        1|  0|   0|    0|  1000|    1|     1|         1000|
    |tx_table_finSent_U                |tx_sar_table_tx_table_finReady_RAM_T2P_BRAM_1R1W                            |        1|  0|   0|    0|  1000|    1|     1|         1000|
    |tx_table_recv_window_V_U          |tx_sar_table_tx_table_recv_window_V_RAM_T2P_BRAM_1R1W                       |        1|  0|   0|    0|  1000|   16|     1|        16000|
    |tx_table_slowstart_threshold_V_U  |tx_sar_table_tx_table_slowstart_threshold_V_RAM_T2P_BRAM_1R1W               |        2|  0|   0|    0|  1000|   18|     1|        18000|
    |tx_table_win_shift_V_U            |tx_sar_table_tx_table_win_shift_V_RAM_T2P_BRAM_1R1W                         |        1|  0|   0|    0|  1000|    4|     1|         4000|
    +----------------------------------+----------------------------------------------------------------------------+---------+---+----+-----+------+-----+------+-------------+
    |Total                             |                                                                            |       16|  0|   0|    0| 11000|  143|    11|       143000|
    +----------------------------------+----------------------------------------------------------------------------+---------+---+----+-----+------+-----+------+-------------+

    * FIFO: 
    N/A

    * Expression: 
    +-----------------------------------+----------+----+---+----+------------+------------+
    |           Variable Name           | Operation| DSP| FF| LUT| Bitwidth P0| Bitwidth P1|
    +-----------------------------------+----------+----+---+----+------------+------------+
    |tx_table_ackd_V_d1                 |         +|   0|  0|  39|          32|           2|
    |sub_ln414_1_fu_864_p2              |         -|   0|  0|  12|           4|           5|
    |sub_ln414_fu_789_p2                |         -|   0|  0|  12|           4|           5|
    |usableWindow_V_fu_920_p2           |         -|   0|  0|  25|          18|          18|
    |usedLength_V_fu_779_p2             |         -|   0|  0|  25|          18|          18|
    |and_ln414_2_fu_900_p2              |       and|   0|  0|  30|          30|          30|
    |and_ln414_fu_825_p2                |       and|   0|  0|  30|          30|          30|
    |ap_block_pp0                       |       and|   0|  0|   2|           1|           1|
    |ap_block_state2_pp0_stage0_iter1   |       and|   0|  0|   2|           1|           1|
    |ap_block_state3_pp0_stage0_iter2   |       and|   0|  0|   2|           1|           1|
    |ap_block_state5_pp0_stage0_iter4   |       and|   0|  0|   2|           1|           1|
    |ap_condition_1174                  |       and|   0|  0|   2|           1|           1|
    |ap_condition_1176                  |       and|   0|  0|   2|           1|           1|
    |ap_condition_1183                  |       and|   0|  0|   2|           1|           1|
    |ap_condition_1187                  |       and|   0|  0|   2|           1|           1|
    |ap_condition_1191                  |       and|   0|  0|   2|           1|           1|
    |ap_condition_539                   |       and|   0|  0|   2|           1|           1|
    |ap_condition_575                   |       and|   0|  0|   2|           1|           1|
    |ap_enable_state2_pp0_iter1_stage0  |       and|   0|  0|   2|           1|           1|
    |ap_enable_state3_pp0_iter2_stage0  |       and|   0|  0|   2|           1|           1|
    |ap_enable_state4_pp0_iter3_stage0  |       and|   0|  0|   2|           1|           1|
    |ap_enable_state5_pp0_iter4_stage0  |       and|   0|  0|   2|           1|           1|
    |ap_predicate_op101_store_state2    |       and|   0|  0|   2|           1|           1|
    |ap_predicate_op103_store_state2    |       and|   0|  0|   2|           1|           1|
    |ap_predicate_op106_store_state2    |       and|   0|  0|   2|           1|           1|
    |ap_predicate_op109_store_state2    |       and|   0|  0|   2|           1|           1|
    |ap_predicate_op115_read_state3     |       and|   0|  0|   2|           1|           1|
    |ap_predicate_op129_load_state3     |       and|   0|  0|   2|           1|           1|
    |ap_predicate_op132_store_state3    |       and|   0|  0|   2|           1|           1|
    |ap_predicate_op137_load_state3     |       and|   0|  0|   2|           1|           1|
    |ap_predicate_op144_store_state3    |       and|   0|  0|   2|           1|           1|
    |ap_predicate_op146_load_state3     |       and|   0|  0|   2|           1|           1|
    |ap_predicate_op161_load_state4     |       and|   0|  0|   2|           1|           1|
    |ap_predicate_op169_store_state4    |       and|   0|  0|   2|           1|           1|
    |ap_predicate_op186_load_state5     |       and|   0|  0|   2|           1|           1|
    |ap_predicate_op208_write_state5    |       and|   0|  0|   2|           1|           1|
    |ap_predicate_op212_write_state6    |       and|   0|  0|   2|           1|           1|
    |ap_predicate_op219_write_state6    |       and|   0|  0|   2|           1|           1|
    |ap_predicate_op223_write_state6    |       and|   0|  0|   2|           1|           1|
    |ap_predicate_op67_read_state2      |       and|   0|  0|   2|           1|           1|
    |ap_predicate_op72_load_state2      |       and|   0|  0|   2|           1|           1|
    |ap_predicate_op88_store_state2     |       and|   0|  0|   2|           1|           1|
    |p_Result_1_fu_906_p2               |       and|   0|  0|  30|          30|          30|
    |p_Result_s_fu_831_p2               |       and|   0|  0|  30|          30|          30|
    |tmp_1_i_nbreadreq_fu_192_p3        |       and|   0|  0|   2|           1|           0|
    |tmp_i_112_nbreadreq_fu_178_p3      |       and|   0|  0|   2|           1|           0|
    |tmp_i_nbreadreq_fu_164_p3          |       and|   0|  0|   2|           1|           0|
    |icmp_ln1073_1_fu_916_p2            |      icmp|   0|  0|  13|          18|          18|
    |icmp_ln1073_2_fu_981_p2            |      icmp|   0|  0|  19|          30|          30|
    |icmp_ln1073_fu_840_p2              |      icmp|   0|  0|  19|          30|          30|
    |lshr_ln414_1_fu_894_p2             |      lshr|   0|  0|  77|           2|          30|
    |lshr_ln414_fu_819_p2               |      lshr|   0|  0|  77|           2|          30|
    |ap_block_pp0_stage0_01001          |        or|   0|  0|   2|           1|           1|
    |ap_block_state1_pp0_stage0_iter0   |        or|   0|  0|   2|           1|           1|
    |ap_block_state6_pp0_stage0_iter5   |        or|   0|  0|   2|           1|           1|
    |minWindow_V_1_fu_850_p3            |    select|   0|  0|  18|           1|          18|
    |minWindow_fu_986_p3                |    select|   0|  0|  18|           1|          18|
    |select_ln133_fu_924_p3             |    select|   0|  0|  18|           1|          18|
    |shl_ln414_1_fu_813_p2              |       shl|   0|  0|  77|           2|          30|
    |shl_ln414_2_fu_882_p2              |       shl|   0|  0|  77|          30|          30|
    |shl_ln414_3_fu_888_p2              |       shl|   0|  0|  77|           2|          30|
    |shl_ln414_fu_807_p2                |       shl|   0|  0|  77|          30|          30|
    |ap_enable_pp0                      |       xor|   0|  0|   2|           1|           2|
    +-----------------------------------+----------+----+---+----+------------+------------+
    |Total                              |          |   0|  0| 884|         387|         520|
    +-----------------------------------+----------+----+---+----+------------+------------+

    * Multiplexer: 
    +--------------------------------------------+----+-----------+-----+-----------+
    |                    Name                    | LUT| Input Size| Bits| Total Bits|
    +--------------------------------------------+----+-----------+-----+-----------+
    |ap_done                                     |   9|          2|    1|          2|
    |ap_phi_reg_pp0_iter3_win_shift_V_1_reg_546  |   9|          2|    4|          8|
    |ap_phi_reg_pp0_iter4_win_shift_V_1_reg_546  |   9|          2|    4|          8|
    |rxEng2txSar_upd_req_blk_n                   |   9|          2|    1|          2|
    |txApp2txSar_push_blk_n                      |   9|          2|    1|          2|
    |txEng2txSar_upd_req_blk_n                   |   9|          2|    1|          2|
    |txSar2rxEng_upd_rsp_blk_n                   |   9|          2|    1|          2|
    |txSar2txApp_ack_push_blk_n                  |   9|          2|    1|          2|
    |txSar2txApp_ack_push_din                    |  14|          3|  128|        384|
    |txSar2txEng_upd_rsp_blk_n                   |   9|          2|    1|          2|
    |tx_table_ackd_V_address1                    |  14|          3|   10|         30|
    |tx_table_app_V_address1                     |  14|          3|   10|         30|
    |tx_table_cong_window_V_address1             |  20|          4|   10|         40|
    |tx_table_finReady_address0                  |  14|          3|   10|         30|
    |tx_table_finSent_address0                   |  14|          3|   10|         30|
    |tx_table_not_ackd_V_address0                |  14|          3|   10|         30|
    |tx_table_slowstart_threshold_V_address0     |  14|          3|   10|         30|
    |tx_table_slowstart_threshold_V_d0           |  14|          3|   18|         54|
    +--------------------------------------------+----+-----------+-----+-----------+
    |Total                                       | 213|         46|  231|        688|
    +--------------------------------------------+----+-----------+-----+-----------+

    * Register: 
    +--------------------------------------------------------+----+----+-----+-----------+
    |                          Name                          | FF | LUT| Bits| Const Bits|
    +--------------------------------------------------------+----+----+-----+-----------+
    |ap_CS_fsm                                               |   1|   0|    1|          0|
    |ap_done_reg                                             |   1|   0|    1|          0|
    |ap_enable_reg_pp0_iter1                                 |   1|   0|    1|          0|
    |ap_enable_reg_pp0_iter2                                 |   1|   0|    1|          0|
    |ap_enable_reg_pp0_iter3                                 |   1|   0|    1|          0|
    |ap_enable_reg_pp0_iter4                                 |   1|   0|    1|          0|
    |ap_enable_reg_pp0_iter5                                 |   1|   0|    1|          0|
    |ap_phi_reg_pp0_iter1_win_shift_V_1_reg_546              |   4|   0|    4|          0|
    |ap_phi_reg_pp0_iter2_win_shift_V_1_reg_546              |   4|   0|    4|          0|
    |ap_phi_reg_pp0_iter3_win_shift_V_1_reg_546              |   4|   0|    4|          0|
    |ap_phi_reg_pp0_iter4_win_shift_V_1_reg_546              |   4|   0|    4|          0|
    |entry_ackd_V_reg_1184                                   |  32|   0|   32|          0|
    |entry_ackd_V_reg_1184_pp0_iter3_reg                     |  32|   0|   32|          0|
    |entry_app_V_reg_1211                                    |  18|   0|   18|          0|
    |entry_app_V_reg_1211_pp0_iter3_reg                      |  18|   0|   18|          0|
    |entry_cong_window_V_reg_1205                            |  18|   0|   18|          0|
    |entry_finReady_reg_1216                                 |   1|   0|    1|          0|
    |entry_finReady_reg_1216_pp0_iter3_reg                   |   1|   0|    1|          0|
    |entry_finSent_reg_1221                                  |   1|   0|    1|          0|
    |entry_finSent_reg_1221_pp0_iter3_reg                    |   1|   0|    1|          0|
    |entry_not_ackd_V_reg_1189                               |  32|   0|   32|          0|
    |entry_not_ackd_V_reg_1189_pp0_iter3_reg                 |  32|   0|   32|          0|
    |entry_recv_window_V_reg_1194                            |  16|   0|   16|          0|
    |entry_win_shift_V_reg_1199                              |   4|   0|    4|          0|
    |minWindow_V_1_reg_1273                                  |  18|   0|   18|          0|
    |p_Result_1_reg_1299                                     |  30|   0|   30|          0|
    |reg_565                                                 |  18|   0|   18|          0|
    |sub_ln414_reg_1233                                      |   5|   0|    5|          0|
    |tmp_1_i_reg_1117                                        |   1|   0|    1|          0|
    |tmp_9_i_reg_1179                                        |  18|   0|   18|          0|
    |tmp_ackd_V_reg_1126                                     |  32|   0|   32|          0|
    |tmp_app_V_reg_1072                                      |  18|   0|   18|          0|
    |tmp_cong_window_V_reg_1136                              |  18|   0|   18|          0|
    |tmp_i_112_reg_1063                                      |   1|   0|    1|          0|
    |tmp_i_reg_1025                                          |   1|   0|    1|          0|
    |tmp_init_V_1_reg_1152                                   |   1|   0|    1|          0|
    |tmp_init_V_reg_1045                                     |   1|   0|    1|          0|
    |tmp_not_ackd_V_reg_1035                                 |  32|   0|   32|          0|
    |tmp_recv_window_V_reg_1131                              |  16|   0|   16|          0|
    |tmp_recv_window_V_reg_1131_pp0_iter3_reg                |  16|   0|   16|          0|
    |tmp_sessionID_V_1_reg_1067                              |  10|   0|   10|          0|
    |tmp_sessionID_V_2_reg_1121                              |  16|   0|   16|          0|
    |tmp_sessionID_V_reg_1029                                |  16|   0|   16|          0|
    |tmp_write_V_1_reg_1148                                  |   1|   0|    1|          0|
    |tmp_write_V_reg_1041                                    |   1|   0|    1|          0|
    |trunc_ln232_3_reg_1304                                  |  18|   0|   18|          0|
    |tst_txEngUpdate_finReady_reg_1049                       |   1|   0|    1|          0|
    |tst_txEngUpdate_finSent_reg_1054                        |   1|   0|    1|          0|
    |tst_txEngUpdate_isRtQuery_reg_1059                      |   1|   0|    1|          0|
    |tx_table_ackd_V_load_reg_1279                           |  32|   0|   32|          0|
    |tx_table_cong_window_V_load_reg_1289                    |  18|   0|   18|          0|
    |tx_table_count_V_load_reg_1258                          |   2|   0|    2|          0|
    |tx_table_count_V_load_reg_1258_pp0_iter4_reg            |   2|   0|    2|          0|
    |tx_table_fastRetransmitted_load_reg_1263                |   1|   0|    1|          0|
    |tx_table_fastRetransmitted_load_reg_1263_pp0_iter4_reg  |   1|   0|    1|          0|
    |tx_table_not_ackd_V_load_reg_1284                       |  32|   0|   32|          0|
    |tx_table_slowstart_threshold_V_load_reg_1294            |  18|   0|   18|          0|
    |usedLength_V_reg_1226                                   |  18|   0|   18|          0|
    |usedLength_V_reg_1226_pp0_iter3_reg                     |  18|   0|   18|          0|
    |zext_ln587_2_reg_1156                                   |  16|   0|   64|         48|
    |reg_565                                                 |  64|  32|   18|          0|
    |tmp_1_i_reg_1117                                        |  64|  32|    1|          0|
    |tmp_9_i_reg_1179                                        |  64|  32|   18|          0|
    |tmp_cong_window_V_reg_1136                              |  64|  32|   18|          0|
    |tmp_i_112_reg_1063                                      |  64|  32|    1|          0|
    |tmp_i_reg_1025                                          |  64|  32|    1|          0|
    |tmp_init_V_reg_1045                                     |  64|  32|    1|          0|
    |tmp_sessionID_V_2_reg_1121                              |  64|  32|   16|          0|
    |tmp_sessionID_V_reg_1029                                |  64|  32|   16|          0|
    |tmp_write_V_1_reg_1148                                  |  64|  32|    1|          0|
    |tmp_write_V_reg_1041                                    |  64|  32|    1|          0|
    |tst_txEngUpdate_isRtQuery_reg_1059                      |  64|  32|    1|          0|
    +--------------------------------------------------------+----+----+-----+-----------+
    |Total                                                   |1446| 384|  819|         48|
    +--------------------------------------------------------+----+----+-----+-----------+



================================================================
== Interface
================================================================
* Summary: 
+-------------------------------------+-----+-----+------------+----------------------+--------------+
|              RTL Ports              | Dir | Bits|  Protocol  |     Source Object    |    C Type    |
+-------------------------------------+-----+-----+------------+----------------------+--------------+
|ap_clk                               |   in|    1|  ap_ctrl_hs|          tx_sar_table|  return value|
|ap_rst                               |   in|    1|  ap_ctrl_hs|          tx_sar_table|  return value|
|ap_start                             |   in|    1|  ap_ctrl_hs|          tx_sar_table|  return value|
|ap_done                              |  out|    1|  ap_ctrl_hs|          tx_sar_table|  return value|
|ap_continue                          |   in|    1|  ap_ctrl_hs|          tx_sar_table|  return value|
|ap_idle                              |  out|    1|  ap_ctrl_hs|          tx_sar_table|  return value|
|ap_ready                             |  out|    1|  ap_ctrl_hs|          tx_sar_table|  return value|
|txEng2txSar_upd_req_dout             |   in|  128|     ap_fifo|   txEng2txSar_upd_req|       pointer|
|txEng2txSar_upd_req_num_data_valid   |   in|    5|     ap_fifo|   txEng2txSar_upd_req|       pointer|
|txEng2txSar_upd_req_fifo_cap         |   in|    5|     ap_fifo|   txEng2txSar_upd_req|       pointer|
|txEng2txSar_upd_req_empty_n          |   in|    1|     ap_fifo|   txEng2txSar_upd_req|       pointer|
|txEng2txSar_upd_req_read             |  out|    1|     ap_fifo|   txEng2txSar_upd_req|       pointer|
|txApp2txSar_push_dout                |   in|   64|     ap_fifo|      txApp2txSar_push|       pointer|
|txApp2txSar_push_num_data_valid      |   in|    5|     ap_fifo|      txApp2txSar_push|       pointer|
|txApp2txSar_push_fifo_cap            |   in|    5|     ap_fifo|      txApp2txSar_push|       pointer|
|txApp2txSar_push_empty_n             |   in|    1|     ap_fifo|      txApp2txSar_push|       pointer|
|txApp2txSar_push_read                |  out|    1|     ap_fifo|      txApp2txSar_push|       pointer|
|rxEng2txSar_upd_req_dout             |   in|  192|     ap_fifo|   rxEng2txSar_upd_req|       pointer|
|rxEng2txSar_upd_req_num_data_valid   |   in|    5|     ap_fifo|   rxEng2txSar_upd_req|       pointer|
|rxEng2txSar_upd_req_fifo_cap         |   in|    5|     ap_fifo|   rxEng2txSar_upd_req|       pointer|
|rxEng2txSar_upd_req_empty_n          |   in|    1|     ap_fifo|   rxEng2txSar_upd_req|       pointer|
|rxEng2txSar_upd_req_read             |  out|    1|     ap_fifo|   rxEng2txSar_upd_req|       pointer|
|txSar2txEng_upd_rsp_din              |  out|  192|     ap_fifo|   txSar2txEng_upd_rsp|       pointer|
|txSar2txEng_upd_rsp_num_data_valid   |   in|    5|     ap_fifo|   txSar2txEng_upd_rsp|       pointer|
|txSar2txEng_upd_rsp_fifo_cap         |   in|    5|     ap_fifo|   txSar2txEng_upd_rsp|       pointer|
|txSar2txEng_upd_rsp_full_n           |   in|    1|     ap_fifo|   txSar2txEng_upd_rsp|       pointer|
|txSar2txEng_upd_rsp_write            |  out|    1|     ap_fifo|   txSar2txEng_upd_rsp|       pointer|
|txSar2rxEng_upd_rsp_din              |  out|  160|     ap_fifo|   txSar2rxEng_upd_rsp|       pointer|
|txSar2rxEng_upd_rsp_num_data_valid   |   in|    5|     ap_fifo|   txSar2rxEng_upd_rsp|       pointer|
|txSar2rxEng_upd_rsp_fifo_cap         |   in|    5|     ap_fifo|   txSar2rxEng_upd_rsp|       pointer|
|txSar2rxEng_upd_rsp_full_n           |   in|    1|     ap_fifo|   txSar2rxEng_upd_rsp|       pointer|
|txSar2rxEng_upd_rsp_write            |  out|    1|     ap_fifo|   txSar2rxEng_upd_rsp|       pointer|
|txSar2txApp_ack_push_din             |  out|  128|     ap_fifo|  txSar2txApp_ack_push|       pointer|
|txSar2txApp_ack_push_num_data_valid  |   in|    5|     ap_fifo|  txSar2txApp_ack_push|       pointer|
|txSar2txApp_ack_push_fifo_cap        |   in|    5|     ap_fifo|  txSar2txApp_ack_push|       pointer|
|txSar2txApp_ack_push_full_n          |   in|    1|     ap_fifo|  txSar2txApp_ack_push|       pointer|
|txSar2txApp_ack_push_write           |  out|    1|     ap_fifo|  txSar2txApp_ack_push|       pointer|
+-------------------------------------+-----+-----+------------+----------------------+--------------+

