

================================================================
== Vitis HLS Report for 'ipv4_generate_ipv4_512_s'
================================================================
* Date:           Tue Jul 11 09:19:30 2023

* Version:        2022.1 (Build 3526262 on Mon Apr 18 15:47:01 MDT 2022)
* Project:        ipv4_prj
* Solution:       solution1 (Vivado IP Flow Target)
* Product family: virtexuplus
* Target device:  xcu280-fsvh2892-2L-e


================================================================
== Performance Estimates
================================================================
+ Timing: 
    * Summary: 
    +--------+---------+----------+------------+
    |  Clock |  Target | Estimated| Uncertainty|
    +--------+---------+----------+------------+
    |ap_clk  |  3.20 ns|  1.866 ns|     0.86 ns|
    +--------+---------+----------+------------+

+ Latency: 
    * Summary: 
    +---------+---------+----------+----------+-----+-----+---------+
    |  Latency (cycles) |  Latency (absolute) |  Interval | Pipeline|
    |   min   |   max   |    min   |    max   | min | max |   Type  |
    +---------+---------+----------+----------+-----+-----+---------+
    |        2|        2|  6.400 ns|  6.400 ns|    1|    1|      yes|
    +---------+---------+----------+----------+-----+-----+---------+

    + Detail: 
        * Instance: 
        N/A

        * Loop: 
        N/A

============================================================
+ Verbose Summary: Synthesis Manager
============================================================
InlineROM: 1
ExposeGlobal: 0
============================================================
+ Verbose Summary: CDFG Model
============================================================
IsTopModel: 0
ResetActiveHigh: 1
IsCombinational: 2
IsDatapathOnly: 0
HasWiredReturn: 1
HasMFsm: 2
HasVarLatency: 0
IsPipeline: 1
IsRtlPipelined: 1
IsInstanceOverlapped: 0
IsDontTouch: 0
HasImplIP: 0
IsGatedGlobalClock: 0

+ Individual pipeline summary: 
  * Pipeline-0: initiation interval (II) = 1, depth = 3


============================================================
+ Verbose Summary: Schedule
============================================================
* Number of FSM states : 3
* Pipeline : 1
  Pipeline-0 : II = 1, D = 3, States = { 1 2 3 }
* Dataflow Pipeline: 0

* FSM state transitions: 
1 --> 2 
2 --> 3 
3 --> 

* FSM state operations: 

State 1 <SV = 0> <Delay = 1.86>
ST_1 : Operation 4 [1/1] (0.00ns)   --->   "%protocol_read = read i8 @_ssdm_op_Read.ap_auto.i8, i8 %protocol" [/mnt/scratch/pyuvaraj/Vitis_RoCE_W/Vitis_RoCE/fpga-network-stack/hls/ipv4/ipv4.cpp:159]   --->   Operation 4 'read' 'protocol_read' <Predicate = true> <Delay = 0.00>
ST_1 : Operation 5 [1/1] (0.00ns)   --->   "%local_ipv4_address_read = read i32 @_ssdm_op_Read.ap_auto.i32, i32 %local_ipv4_address" [/mnt/scratch/pyuvaraj/Vitis_RoCE_W/Vitis_RoCE/fpga-network-stack/hls/ipv4/ipv4.cpp:159]   --->   Operation 5 'read' 'local_ipv4_address_read' <Predicate = true> <Delay = 0.00>
ST_1 : Operation 6 [1/1] (0.00ns)   --->   "%specinterface_ln0 = specinterface void @_ssdm_op_SpecInterface, i1024 %tx_shift2ipv4Fifo, void @empty_3, i32 0, i32 0, void @empty_1, i32 0, i32 0, void @empty_1, void @empty_1, void @empty_1, i32 0, i32 0, i32 0, i32 0, void @empty_1, void @empty_1, i32 4294967295, i32 0"   --->   Operation 6 'specinterface' 'specinterface_ln0' <Predicate = true> <Delay = 0.00>
ST_1 : Operation 7 [1/1] (0.00ns)   --->   "%specinterface_ln0 = specinterface void @_ssdm_op_SpecInterface, i1024 %tx_shift2ipv4Fifo, void @empty_3, i32 0, i32 0, void @empty_1, i32 0, i32 0, void @empty_1, void @empty_1, void @empty_1, i32 0, i32 0, i32 0, i32 0, void @empty_1, void @empty_1, i32 4294967295, i32 0"   --->   Operation 7 'specinterface' 'specinterface_ln0' <Predicate = true> <Delay = 0.00>
ST_1 : Operation 8 [1/1] (0.00ns)   --->   "%specinterface_ln0 = specinterface void @_ssdm_op_SpecInterface, i1024 %tx_shift2ipv4Fifo, void @empty_3, i32 0, i32 0, void @empty_1, i32 0, i32 0, void @empty_1, void @empty_1, void @empty_1, i32 0, i32 0, i32 0, i32 0, void @empty_1, void @empty_1, i32 4294967295, i32 0"   --->   Operation 8 'specinterface' 'specinterface_ln0' <Predicate = true> <Delay = 0.00>
ST_1 : Operation 9 [1/1] (0.00ns)   --->   "%specinterface_ln0 = specinterface void @_ssdm_op_SpecInterface, i1024 %tx_shift2ipv4Fifo, void @empty_3, i32 0, i32 0, void @empty_1, i32 0, i32 0, void @empty_1, void @empty_1, void @empty_1, i32 0, i32 0, i32 0, i32 0, void @empty_1, void @empty_1, i32 4294967295, i32 0"   --->   Operation 9 'specinterface' 'specinterface_ln0' <Predicate = true> <Delay = 0.00>
ST_1 : Operation 10 [1/1] (0.00ns)   --->   "%specinterface_ln0 = specinterface void @_ssdm_op_SpecInterface, i1024 %m_axis_tx_data, void @empty, i32 1, i32 1, void @empty_0, i32 0, i32 0, void @empty_1, void @empty_1, void @empty_1, i32 0, i32 0, i32 0, i32 0, void @empty_1, void @empty_1, i32 4294967295, i32 0"   --->   Operation 10 'specinterface' 'specinterface_ln0' <Predicate = true> <Delay = 0.00>
ST_1 : Operation 11 [1/1] (0.00ns)   --->   "%specinterface_ln0 = specinterface void @_ssdm_op_SpecInterface, i64 %s_axis_tx_meta, void @empty, i32 1, i32 1, void @empty_0, i32 0, i32 0, void @empty_1, void @empty_1, void @empty_1, i32 0, i32 0, i32 0, i32 0, void @empty_1, void @empty_1, i32 4294967295, i32 0"   --->   Operation 11 'specinterface' 'specinterface_ln0' <Predicate = true> <Delay = 0.00>
ST_1 : Operation 12 [1/1] (0.00ns)   --->   "%specpipeline_ln159 = specpipeline void @_ssdm_op_SpecPipeline, i32 1, i32 0, i32 0, i32 0, void @empty_1" [/mnt/scratch/pyuvaraj/Vitis_RoCE_W/Vitis_RoCE/fpga-network-stack/hls/ipv4/ipv4.cpp:159]   --->   Operation 12 'specpipeline' 'specpipeline_ln159' <Predicate = true> <Delay = 0.00>
ST_1 : Operation 13 [1/1] (0.00ns)   --->   "%gi_state_load = load i2 %gi_state" [/mnt/scratch/pyuvaraj/Vitis_RoCE_W/Vitis_RoCE/fpga-network-stack/hls/ipv4/ipv4.cpp:175]   --->   Operation 13 'load' 'gi_state_load' <Predicate = true> <Delay = 0.00>
ST_1 : Operation 14 [1/1] (0.00ns)   --->   "%header_idx_1_load = load i16 %header_idx_1" [/mnt/scratch/pyuvaraj/Vitis_RoCE_W/Vitis_RoCE/fpga-network-stack/hls/ipv4/../packet.hpp:76]   --->   Operation 14 'load' 'header_idx_1_load' <Predicate = true> <Delay = 0.00>
ST_1 : Operation 15 [1/1] (0.00ns)   --->   "%p_Val2_s = load i160 %header_header_V_1"   --->   Operation 15 'load' 'p_Val2_s' <Predicate = true> <Delay = 0.00>
ST_1 : Operation 16 [1/1] (0.34ns)   --->   "%switch_ln175 = switch i2 %gi_state_load, void %sw.bb.i, i2 3, void %sw.bb19.i, i2 1, void %sw.bb3.i, i2 2, void %sw.bb10.i" [/mnt/scratch/pyuvaraj/Vitis_RoCE_W/Vitis_RoCE/fpga-network-stack/hls/ipv4/ipv4.cpp:175]   --->   Operation 16 'switch' 'switch_ln175' <Predicate = true> <Delay = 0.34>
ST_1 : Operation 17 [1/1] (0.00ns)   --->   "%tmp_i_36 = nbreadreq i1 @_ssdm_op_NbReadReq.ap_fifo.i1024P0A, i1024 %tx_shift2ipv4Fifo, i32 1" [/tools/Xilinx/Vitis_HLS/2022.1/common/technology/autopilot/hls_stream_39.h:136]   --->   Operation 17 'nbreadreq' 'tmp_i_36' <Predicate = (gi_state_load == 2)> <Delay = 0.00> <CoreInst = "FIFO">   --->   Core 78 'FIFO' <Latency = 0> <II = 1> <Delay = 1.26> <Storage> <Opcode : 'read' 'write' 'nbread' 'nbwrite'> <Ports = 0> <Width = 1024> <Depth = 8> <FIFO>
ST_1 : Operation 18 [1/1] (0.00ns)   --->   "%br_ln215 = br i1 %tmp_i_36, void %if.end18.i, void %if.then12.i" [/mnt/scratch/pyuvaraj/Vitis_RoCE_W/Vitis_RoCE/fpga-network-stack/hls/ipv4/ipv4.cpp:215]   --->   Operation 18 'br' 'br_ln215' <Predicate = (gi_state_load == 2)> <Delay = 0.00>
ST_1 : Operation 19 [1/1] (1.16ns)   --->   "%tx_shift2ipv4Fifo_read_1 = read i1024 @_ssdm_op_Read.ap_fifo.volatile.i1024P0A, i1024 %tx_shift2ipv4Fifo" [/tools/Xilinx/Vitis_HLS/2022.1/common/technology/autopilot/hls_stream_39.h:145]   --->   Operation 19 'read' 'tx_shift2ipv4Fifo_read_1' <Predicate = (gi_state_load == 2 & tmp_i_36)> <Delay = 1.16> <CoreInst = "FIFO">   --->   Core 78 'FIFO' <Latency = 0> <II = 1> <Delay = 1.26> <Storage> <Opcode : 'read' 'write' 'nbread' 'nbwrite'> <Ports = 0> <Width = 1024> <Depth = 8> <FIFO>
ST_1 : Operation 20 [1/1] (0.00ns)   --->   "%currWord_data_V = trunc i1024 %tx_shift2ipv4Fifo_read_1" [/tools/Xilinx/Vitis_HLS/2022.1/common/technology/autopilot/hls_stream_39.h:145]   --->   Operation 20 'trunc' 'currWord_data_V' <Predicate = (gi_state_load == 2 & tmp_i_36)> <Delay = 0.00>
ST_1 : Operation 21 [1/1] (0.00ns)   --->   "%currWord_last_V_1 = bitselect i1 @_ssdm_op_BitSelect.i1.i1024.i1024, i1024 %tx_shift2ipv4Fifo_read_1, i1024 576" [/tools/Xilinx/Vitis_HLS/2022.1/common/technology/autopilot/hls_stream_39.h:145]   --->   Operation 21 'bitselect' 'currWord_last_V_1' <Predicate = (gi_state_load == 2 & tmp_i_36)> <Delay = 0.00>
ST_1 : Operation 22 [1/1] (0.00ns)   --->   "%shl_ln76_1 = bitconcatenate i25 @_ssdm_op_BitConcatenate.i25.i16.i9, i16 %header_idx_1_load, i9 0" [/mnt/scratch/pyuvaraj/Vitis_RoCE_W/Vitis_RoCE/fpga-network-stack/hls/ipv4/../packet.hpp:76]   --->   Operation 22 'bitconcatenate' 'shl_ln76_1' <Predicate = (gi_state_load == 2 & tmp_i_36)> <Delay = 0.00>
ST_1 : Operation 23 [1/1] (0.77ns)   --->   "%icmp_ln82_1 = icmp_ult  i25 %shl_ln76_1, i25 160" [/mnt/scratch/pyuvaraj/Vitis_RoCE_W/Vitis_RoCE/fpga-network-stack/hls/ipv4/../packet.hpp:82]   --->   Operation 23 'icmp' 'icmp_ln82_1' <Predicate = (gi_state_load == 2 & tmp_i_36)> <Delay = 0.77> <CoreInst = "Cmp">   --->   Core 9 'Cmp' <Latency = 0> <II = 1> <Delay = 0.77> <FuncUnit> <Opcode : 'icmp'> <InPorts = 2> <OutPorts = 1>
ST_1 : Operation 24 [1/1] (0.38ns)   --->   "%br_ln82 = br i1 %icmp_ln82_1, void %_ZN12packetHeaderILi512ELi160EE11consumeWordER7ap_uintILi512EE.exit24.i, void %if.then19.i22.i" [/mnt/scratch/pyuvaraj/Vitis_RoCE_W/Vitis_RoCE/fpga-network-stack/hls/ipv4/../packet.hpp:82]   --->   Operation 24 'br' 'br_ln82' <Predicate = (gi_state_load == 2 & tmp_i_36)> <Delay = 0.38>
ST_1 : Operation 25 [1/1] (0.00ns)   --->   "%p_Result_13 = partset i512 @_ssdm_op_PartSet.i512.i512.i160.i32.i32, i512 %currWord_data_V, i160 %p_Val2_s, i32 0, i32 159"   --->   Operation 25 'partset' 'p_Result_13' <Predicate = (gi_state_load == 2 & tmp_i_36 & icmp_ln82_1)> <Delay = 0.00>
ST_1 : Operation 26 [1/1] (0.78ns)   --->   "%add_ln85_1 = add i16 %header_idx_1_load, i16 1" [/mnt/scratch/pyuvaraj/Vitis_RoCE_W/Vitis_RoCE/fpga-network-stack/hls/ipv4/../packet.hpp:85]   --->   Operation 26 'add' 'add_ln85_1' <Predicate = (gi_state_load == 2 & tmp_i_36 & icmp_ln82_1)> <Delay = 0.78> <CoreInst = "Adder">   --->   Core 1 'Adder' <Latency = 0> <II = 1> <Delay = 0.78> <FuncUnit> <Opcode : 'add' 'sub'> <InPorts = 2> <OutPorts = 1>
ST_1 : Operation 27 [1/1] (0.41ns)   --->   "%store_ln85 = store i16 %add_ln85_1, i16 %header_idx_1" [/mnt/scratch/pyuvaraj/Vitis_RoCE_W/Vitis_RoCE/fpga-network-stack/hls/ipv4/../packet.hpp:85]   --->   Operation 27 'store' 'store_ln85' <Predicate = (gi_state_load == 2 & tmp_i_36 & icmp_ln82_1)> <Delay = 0.41>
ST_1 : Operation 28 [1/1] (0.38ns)   --->   "%br_ln86 = br void %_ZN12packetHeaderILi512ELi160EE11consumeWordER7ap_uintILi512EE.exit24.i" [/mnt/scratch/pyuvaraj/Vitis_RoCE_W/Vitis_RoCE/fpga-network-stack/hls/ipv4/../packet.hpp:86]   --->   Operation 28 'br' 'br_ln86' <Predicate = (gi_state_load == 2 & tmp_i_36 & icmp_ln82_1)> <Delay = 0.38>
ST_1 : Operation 29 [1/1] (0.00ns)   --->   "%tmp = partselect i65 @_ssdm_op_PartSelect.i65.i1024.i32.i32, i1024 %tx_shift2ipv4Fifo_read_1, i32 512, i32 576" [/tools/Xilinx/Vitis_HLS/2022.1/common/technology/autopilot/hls_stream_39.h:174]   --->   Operation 29 'partselect' 'tmp' <Predicate = (gi_state_load == 2 & tmp_i_36)> <Delay = 0.00>
ST_1 : Operation 30 [1/1] (0.00ns) (grouped into LUT with out node select_ln222_cast_i)   --->   "%xor_ln222 = xor i1 %currWord_last_V_1, i1 1" [/mnt/scratch/pyuvaraj/Vitis_RoCE_W/Vitis_RoCE/fpga-network-stack/hls/ipv4/ipv4.cpp:222]   --->   Operation 30 'xor' 'xor_ln222' <Predicate = (gi_state_load == 2 & tmp_i_36)> <Delay = 0.00> <CoreInst = "LogicGate">   --->   Core 74 'LogicGate' <Latency = 0> <II = 1> <Delay = 0.12> <FuncUnit> <Opcode : 'and' 'or' 'xor'> <InPorts = 2> <OutPorts = 1>
ST_1 : Operation 31 [1/1] (0.27ns) (out node of the LUT)   --->   "%select_ln222_cast_i = select i1 %xor_ln222, i2 3, i2 0" [/mnt/scratch/pyuvaraj/Vitis_RoCE_W/Vitis_RoCE/fpga-network-stack/hls/ipv4/ipv4.cpp:222]   --->   Operation 31 'select' 'select_ln222_cast_i' <Predicate = (gi_state_load == 2 & tmp_i_36)> <Delay = 0.27> <CoreInst = "Sel">   --->   Core 73 'Sel' <Latency = 0> <II = 1> <Delay = 0.27> <FuncUnit> <Opcode : 'select'> <InPorts = 3> <OutPorts = 1>
ST_1 : Operation 32 [1/1] (0.41ns)   --->   "%store_ln222 = store i2 %select_ln222_cast_i, i2 %gi_state" [/mnt/scratch/pyuvaraj/Vitis_RoCE_W/Vitis_RoCE/fpga-network-stack/hls/ipv4/ipv4.cpp:222]   --->   Operation 32 'store' 'store_ln222' <Predicate = (gi_state_load == 2 & tmp_i_36)> <Delay = 0.41>
ST_1 : Operation 33 [1/1] (0.00ns)   --->   "%br_ln227 = br void %ipv4_generate_ipv4<512>.exit" [/mnt/scratch/pyuvaraj/Vitis_RoCE_W/Vitis_RoCE/fpga-network-stack/hls/ipv4/ipv4.cpp:227]   --->   Operation 33 'br' 'br_ln227' <Predicate = (gi_state_load == 2)> <Delay = 0.00>
ST_1 : Operation 34 [1/1] (0.00ns)   --->   "%shl_ln = bitconcatenate i25 @_ssdm_op_BitConcatenate.i25.i16.i9, i16 %header_idx_1_load, i9 0" [/mnt/scratch/pyuvaraj/Vitis_RoCE_W/Vitis_RoCE/fpga-network-stack/hls/ipv4/../packet.hpp:76]   --->   Operation 34 'bitconcatenate' 'shl_ln' <Predicate = (gi_state_load == 1)> <Delay = 0.00>
ST_1 : Operation 35 [1/1] (0.77ns)   --->   "%icmp_ln82 = icmp_ult  i25 %shl_ln, i25 160" [/mnt/scratch/pyuvaraj/Vitis_RoCE_W/Vitis_RoCE/fpga-network-stack/hls/ipv4/../packet.hpp:82]   --->   Operation 35 'icmp' 'icmp_ln82' <Predicate = (gi_state_load == 1)> <Delay = 0.77> <CoreInst = "Cmp">   --->   Core 9 'Cmp' <Latency = 0> <II = 1> <Delay = 0.77> <FuncUnit> <Opcode : 'icmp'> <InPorts = 2> <OutPorts = 1>
ST_1 : Operation 36 [1/1] (0.00ns)   --->   "%br_ln82 = br i1 %icmp_ln82, void %if.then6.i, void %if.then19.i.i" [/mnt/scratch/pyuvaraj/Vitis_RoCE_W/Vitis_RoCE/fpga-network-stack/hls/ipv4/../packet.hpp:82]   --->   Operation 36 'br' 'br_ln82' <Predicate = (gi_state_load == 1)> <Delay = 0.00>
ST_1 : Operation 37 [1/1] (0.00ns)   --->   "%p_Result_12 = partset i512 @_ssdm_op_PartSet.i512.i512.i160.i32.i32, i512 0, i160 %p_Val2_s, i32 0, i32 159"   --->   Operation 37 'partset' 'p_Result_12' <Predicate = (gi_state_load == 1 & icmp_ln82)> <Delay = 0.00>
ST_1 : Operation 38 [1/1] (0.78ns)   --->   "%add_ln85 = add i16 %header_idx_1_load, i16 1" [/mnt/scratch/pyuvaraj/Vitis_RoCE_W/Vitis_RoCE/fpga-network-stack/hls/ipv4/../packet.hpp:85]   --->   Operation 38 'add' 'add_ln85' <Predicate = (gi_state_load == 1 & icmp_ln82)> <Delay = 0.78> <CoreInst = "Adder">   --->   Core 1 'Adder' <Latency = 0> <II = 1> <Delay = 0.78> <FuncUnit> <Opcode : 'add' 'sub'> <InPorts = 2> <OutPorts = 1>
ST_1 : Operation 39 [1/1] (0.41ns)   --->   "%store_ln85 = store i16 %add_ln85, i16 %header_idx_1" [/mnt/scratch/pyuvaraj/Vitis_RoCE_W/Vitis_RoCE/fpga-network-stack/hls/ipv4/../packet.hpp:85]   --->   Operation 39 'store' 'store_ln85' <Predicate = (gi_state_load == 1 & icmp_ln82)> <Delay = 0.41>
ST_1 : Operation 40 [1/1] (0.00ns)   --->   "%br_ln86 = br void %if.then6.i" [/mnt/scratch/pyuvaraj/Vitis_RoCE_W/Vitis_RoCE/fpga-network-stack/hls/ipv4/../packet.hpp:86]   --->   Operation 40 'br' 'br_ln86' <Predicate = (gi_state_load == 1 & icmp_ln82)> <Delay = 0.00>
ST_1 : Operation 41 [1/1] (0.41ns)   --->   "%store_ln204 = store i2 2, i2 %gi_state" [/mnt/scratch/pyuvaraj/Vitis_RoCE_W/Vitis_RoCE/fpga-network-stack/hls/ipv4/ipv4.cpp:204]   --->   Operation 41 'store' 'store_ln204' <Predicate = (gi_state_load == 1)> <Delay = 0.41>
ST_1 : Operation 42 [1/1] (0.00ns)   --->   "%tmp_7_i = nbreadreq i1 @_ssdm_op_NbReadReq.ap_fifo.i1024P0A, i1024 %tx_shift2ipv4Fifo, i32 1" [/tools/Xilinx/Vitis_HLS/2022.1/common/technology/autopilot/hls_stream_39.h:136]   --->   Operation 42 'nbreadreq' 'tmp_7_i' <Predicate = (gi_state_load == 3)> <Delay = 0.00> <CoreInst = "FIFO">   --->   Core 78 'FIFO' <Latency = 0> <II = 1> <Delay = 1.26> <Storage> <Opcode : 'read' 'write' 'nbread' 'nbwrite'> <Ports = 0> <Width = 1024> <Depth = 8> <FIFO>
ST_1 : Operation 43 [1/1] (0.00ns)   --->   "%br_ln229 = br i1 %tmp_7_i, void %if.end27.i, void %if.then21.i" [/mnt/scratch/pyuvaraj/Vitis_RoCE_W/Vitis_RoCE/fpga-network-stack/hls/ipv4/ipv4.cpp:229]   --->   Operation 43 'br' 'br_ln229' <Predicate = (gi_state_load == 3)> <Delay = 0.00>
ST_1 : Operation 44 [1/1] (1.16ns)   --->   "%tx_shift2ipv4Fifo_read = read i1024 @_ssdm_op_Read.ap_fifo.volatile.i1024P0A, i1024 %tx_shift2ipv4Fifo" [/tools/Xilinx/Vitis_HLS/2022.1/common/technology/autopilot/hls_stream_39.h:145]   --->   Operation 44 'read' 'tx_shift2ipv4Fifo_read' <Predicate = (gi_state_load == 3 & tmp_7_i)> <Delay = 1.16> <CoreInst = "FIFO">   --->   Core 78 'FIFO' <Latency = 0> <II = 1> <Delay = 1.26> <Storage> <Opcode : 'read' 'write' 'nbread' 'nbwrite'> <Ports = 0> <Width = 1024> <Depth = 8> <FIFO>
ST_1 : Operation 45 [1/1] (0.00ns)   --->   "%currWord_last_V = bitselect i1 @_ssdm_op_BitSelect.i1.i1024.i1024, i1024 %tx_shift2ipv4Fifo_read, i1024 576" [/tools/Xilinx/Vitis_HLS/2022.1/common/technology/autopilot/hls_stream_39.h:145]   --->   Operation 45 'bitselect' 'currWord_last_V' <Predicate = (gi_state_load == 3 & tmp_7_i)> <Delay = 0.00>
ST_1 : Operation 46 [1/1] (0.00ns)   --->   "%br_ln233 = br i1 %currWord_last_V, void %if.end26.i, void %if.then25.i" [/mnt/scratch/pyuvaraj/Vitis_RoCE_W/Vitis_RoCE/fpga-network-stack/hls/ipv4/ipv4.cpp:233]   --->   Operation 46 'br' 'br_ln233' <Predicate = (gi_state_load == 3 & tmp_7_i)> <Delay = 0.00>
ST_1 : Operation 47 [1/1] (0.41ns)   --->   "%store_ln235 = store i2 0, i2 %gi_state" [/mnt/scratch/pyuvaraj/Vitis_RoCE_W/Vitis_RoCE/fpga-network-stack/hls/ipv4/ipv4.cpp:235]   --->   Operation 47 'store' 'store_ln235' <Predicate = (gi_state_load == 3 & tmp_7_i & currWord_last_V)> <Delay = 0.41>
ST_1 : Operation 48 [1/1] (0.00ns)   --->   "%br_ln236 = br void %if.end26.i" [/mnt/scratch/pyuvaraj/Vitis_RoCE_W/Vitis_RoCE/fpga-network-stack/hls/ipv4/ipv4.cpp:236]   --->   Operation 48 'br' 'br_ln236' <Predicate = (gi_state_load == 3 & tmp_7_i & currWord_last_V)> <Delay = 0.00>
ST_1 : Operation 49 [1/1] (0.00ns)   --->   "%br_ln237 = br void %if.end27.i" [/mnt/scratch/pyuvaraj/Vitis_RoCE_W/Vitis_RoCE/fpga-network-stack/hls/ipv4/ipv4.cpp:237]   --->   Operation 49 'br' 'br_ln237' <Predicate = (gi_state_load == 3 & tmp_7_i)> <Delay = 0.00>
ST_1 : Operation 50 [1/1] (0.00ns)   --->   "%br_ln238 = br void %ipv4_generate_ipv4<512>.exit" [/mnt/scratch/pyuvaraj/Vitis_RoCE_W/Vitis_RoCE/fpga-network-stack/hls/ipv4/ipv4.cpp:238]   --->   Operation 50 'br' 'br_ln238' <Predicate = (gi_state_load == 3)> <Delay = 0.00>
ST_1 : Operation 51 [1/1] (0.00ns)   --->   "%tmp_i = nbreadreq i1 @_ssdm_op_NbReadReq.axis.i64P128A, i64 %s_axis_tx_meta, i32 1" [/tools/Xilinx/Vitis_HLS/2022.1/common/technology/autopilot/hls_stream_39.h:136]   --->   Operation 51 'nbreadreq' 'tmp_i' <Predicate = (gi_state_load == 0)> <Delay = 0.00> <CoreInst = "axis">   --->   Core 123 'axis' <Latency = 0> <II = 1> <Delay = 1.00> <Adapter> <Opcode : >
ST_1 : Operation 52 [1/1] (0.00ns)   --->   "%br_ln178 = br i1 %tmp_i, void %if.end.i, void %if.then.i" [/mnt/scratch/pyuvaraj/Vitis_RoCE_W/Vitis_RoCE/fpga-network-stack/hls/ipv4/ipv4.cpp:178]   --->   Operation 52 'br' 'br_ln178' <Predicate = (gi_state_load == 0)> <Delay = 0.00>
ST_1 : Operation 53 [1/1] (0.00ns)   --->   "%s_axis_tx_meta_read = read i64 @_ssdm_op_Read.axis.volatile.i64P128A, i64 %s_axis_tx_meta" [/tools/Xilinx/Vitis_HLS/2022.1/common/technology/autopilot/hls_stream_39.h:145]   --->   Operation 53 'read' 's_axis_tx_meta_read' <Predicate = (gi_state_load == 0 & tmp_i)> <Delay = 0.00> <CoreInst = "axis">   --->   Core 123 'axis' <Latency = 0> <II = 1> <Delay = 1.00> <Adapter> <Opcode : >
ST_1 : Operation 54 [1/1] (0.00ns)   --->   "%meta_their_address_V = trunc i64 %s_axis_tx_meta_read" [/tools/Xilinx/Vitis_HLS/2022.1/common/technology/autopilot/hls_stream_39.h:145]   --->   Operation 54 'trunc' 'meta_their_address_V' <Predicate = (gi_state_load == 0 & tmp_i)> <Delay = 0.00>
ST_1 : Operation 55 [1/1] (0.00ns)   --->   "%meta_length_V = partselect i16 @_ssdm_op_PartSelect.i16.i64.i32.i32, i64 %s_axis_tx_meta_read, i32 32, i32 47" [/tools/Xilinx/Vitis_HLS/2022.1/common/technology/autopilot/hls_stream_39.h:145]   --->   Operation 55 'partselect' 'meta_length_V' <Predicate = (gi_state_load == 0 & tmp_i)> <Delay = 0.00>
ST_1 : Operation 56 [1/1] (0.41ns)   --->   "%store_ln181 = store i16 0, i16 %header_idx_1" [/mnt/scratch/pyuvaraj/Vitis_RoCE_W/Vitis_RoCE/fpga-network-stack/hls/ipv4/ipv4.cpp:181]   --->   Operation 56 'store' 'store_ln181' <Predicate = (gi_state_load == 0 & tmp_i)> <Delay = 0.41>
ST_1 : Operation 57 [1/1] (0.78ns)   --->   "%len_V = add i16 %meta_length_V, i16 20"   --->   Operation 57 'add' 'len_V' <Predicate = (gi_state_load == 0 & tmp_i)> <Delay = 0.78> <CoreInst = "Adder">   --->   Core 1 'Adder' <Latency = 0> <II = 1> <Delay = 0.78> <FuncUnit> <Opcode : 'add' 'sub'> <InPorts = 2> <OutPorts = 1>
ST_1 : Operation 58 [1/1] (0.00ns)   --->   "%tmp_8_i = partselect i8 @_ssdm_op_PartSelect.i8.i16.i32.i32, i16 %len_V, i32 8, i32 15"   --->   Operation 58 'partselect' 'tmp_8_i' <Predicate = (gi_state_load == 0 & tmp_i)> <Delay = 0.00>
ST_1 : Operation 59 [1/1] (0.00ns)   --->   "%trunc_ln674 = trunc i16 %len_V"   --->   Operation 59 'trunc' 'trunc_ln674' <Predicate = (gi_state_load == 0 & tmp_i)> <Delay = 0.00>
ST_1 : Operation 60 [1/1] (0.00ns)   --->   "%p_Result_8 = bitconcatenate i16 @_ssdm_op_BitConcatenate.i16.i8.i8, i8 %trunc_ln674, i8 %tmp_8_i"   --->   Operation 60 'bitconcatenate' 'p_Result_8' <Predicate = (gi_state_load == 0 & tmp_i)> <Delay = 0.00>
ST_1 : Operation 61 [1/1] (0.00ns)   --->   "%p_Result_9 = partset i160 @_ssdm_op_PartSet.i160.i160.i16.i32.i32, i160 %p_Val2_s, i16 %p_Result_8, i32 16, i32 31"   --->   Operation 61 'partset' 'p_Result_9' <Predicate = (gi_state_load == 0 & tmp_i)> <Delay = 0.00>
ST_1 : Operation 62 [1/1] (0.00ns)   --->   "%p_Result_10 = partset i160 @_ssdm_op_PartSet.i160.i160.i32.i32.i32, i160 %p_Result_9, i32 %meta_their_address_V, i32 128, i32 159"   --->   Operation 62 'partset' 'p_Result_10' <Predicate = (gi_state_load == 0 & tmp_i)> <Delay = 0.00>
ST_1 : Operation 63 [1/1] (0.00ns)   --->   "%p_Result_11 = partset i160 @_ssdm_op_PartSet.i160.i160.i32.i32.i32, i160 %p_Result_10, i32 %local_ipv4_address_read, i32 96, i32 127"   --->   Operation 63 'partset' 'p_Result_11' <Predicate = (gi_state_load == 0 & tmp_i)> <Delay = 0.00>
ST_1 : Operation 64 [1/1] (0.00ns)   --->   "%p_Result_s = partset i160 @_ssdm_op_PartSet.i160.i160.i8.i32.i32, i160 %p_Result_11, i8 %protocol_read, i32 72, i32 79"   --->   Operation 64 'partset' 'p_Result_s' <Predicate = (gi_state_load == 0 & tmp_i)> <Delay = 0.00>
ST_1 : Operation 65 [1/1] (0.00ns)   --->   "%store_ln414 = store i160 %p_Result_s, i160 %header_header_V_1"   --->   Operation 65 'store' 'store_ln414' <Predicate = (gi_state_load == 0 & tmp_i)> <Delay = 0.00>
ST_1 : Operation 66 [1/1] (0.41ns)   --->   "%store_ln194 = store i2 2, i2 %gi_state" [/mnt/scratch/pyuvaraj/Vitis_RoCE_W/Vitis_RoCE/fpga-network-stack/hls/ipv4/ipv4.cpp:194]   --->   Operation 66 'store' 'store_ln194' <Predicate = (gi_state_load == 0 & tmp_i)> <Delay = 0.41>
ST_1 : Operation 67 [1/1] (0.00ns)   --->   "%br_ln196 = br void %if.end.i" [/mnt/scratch/pyuvaraj/Vitis_RoCE_W/Vitis_RoCE/fpga-network-stack/hls/ipv4/ipv4.cpp:196]   --->   Operation 67 'br' 'br_ln196' <Predicate = (gi_state_load == 0 & tmp_i)> <Delay = 0.00>
ST_1 : Operation 68 [1/1] (0.00ns)   --->   "%br_ln197 = br void %ipv4_generate_ipv4<512>.exit" [/mnt/scratch/pyuvaraj/Vitis_RoCE_W/Vitis_RoCE/fpga-network-stack/hls/ipv4/ipv4.cpp:197]   --->   Operation 68 'br' 'br_ln197' <Predicate = (gi_state_load == 0)> <Delay = 0.00>

State 2 <SV = 1> <Delay = 0.00>
ST_2 : Operation 69 [1/1] (0.00ns)   --->   "%currWord_data_V_3 = phi i512 %p_Result_13, void %if.then19.i22.i, i512 %currWord_data_V, void %if.then12.i"   --->   Operation 69 'phi' 'currWord_data_V_3' <Predicate = (gi_state_load == 2 & tmp_i_36)> <Delay = 0.00>
ST_2 : Operation 70 [1/1] (0.00ns)   --->   "%tmp_2 = bitconcatenate i577 @_ssdm_op_BitConcatenate.i577.i65.i512, i65 %tmp, i512 %currWord_data_V_3" [/tools/Xilinx/Vitis_HLS/2022.1/common/technology/autopilot/hls_stream_39.h:174]   --->   Operation 70 'bitconcatenate' 'tmp_2' <Predicate = (gi_state_load == 2 & tmp_i_36)> <Delay = 0.00>
ST_2 : Operation 71 [1/1] (0.00ns)   --->   "%zext_ln174_2 = zext i577 %tmp_2" [/tools/Xilinx/Vitis_HLS/2022.1/common/technology/autopilot/hls_stream_39.h:174]   --->   Operation 71 'zext' 'zext_ln174_2' <Predicate = (gi_state_load == 2 & tmp_i_36)> <Delay = 0.00>
ST_2 : Operation 72 [2/2] (0.00ns)   --->   "%write_ln174 = write void @_ssdm_op_Write.axis.volatile.i1024P128A, i1024 %m_axis_tx_data, i1024 %zext_ln174_2" [/tools/Xilinx/Vitis_HLS/2022.1/common/technology/autopilot/hls_stream_39.h:174]   --->   Operation 72 'write' 'write_ln174' <Predicate = (gi_state_load == 2 & tmp_i_36)> <Delay = 0.00> <CoreInst = "axis">   --->   Core 123 'axis' <Latency = 0> <II = 1> <Delay = 1.00> <Adapter> <Opcode : >
ST_2 : Operation 73 [1/1] (0.00ns)   --->   "%currWord_data_V_1 = phi i512 %p_Result_12, void %if.then19.i.i, i512 0, void %sw.bb3.i"   --->   Operation 73 'phi' 'currWord_data_V_1' <Predicate = (gi_state_load == 1)> <Delay = 0.00>
ST_2 : Operation 74 [1/1] (0.00ns)   --->   "%or_ln = bitconcatenate i513 @_ssdm_op_BitConcatenate.i513.i1.i512, i1 1, i512 %currWord_data_V_1" [/tools/Xilinx/Vitis_HLS/2022.1/common/technology/autopilot/hls_stream_39.h:174]   --->   Operation 74 'bitconcatenate' 'or_ln' <Predicate = (gi_state_load == 1)> <Delay = 0.00>
ST_2 : Operation 75 [1/1] (0.00ns)   --->   "%sext_ln174 = sext i513 %or_ln" [/tools/Xilinx/Vitis_HLS/2022.1/common/technology/autopilot/hls_stream_39.h:174]   --->   Operation 75 'sext' 'sext_ln174' <Predicate = (gi_state_load == 1)> <Delay = 0.00>
ST_2 : Operation 76 [1/1] (0.00ns)   --->   "%zext_ln174 = zext i544 %sext_ln174" [/tools/Xilinx/Vitis_HLS/2022.1/common/technology/autopilot/hls_stream_39.h:174]   --->   Operation 76 'zext' 'zext_ln174' <Predicate = (gi_state_load == 1)> <Delay = 0.00>
ST_2 : Operation 77 [2/2] (0.00ns)   --->   "%write_ln174 = write void @_ssdm_op_Write.axis.volatile.i1024P128A, i1024 %m_axis_tx_data, i1024 %zext_ln174" [/tools/Xilinx/Vitis_HLS/2022.1/common/technology/autopilot/hls_stream_39.h:174]   --->   Operation 77 'write' 'write_ln174' <Predicate = (gi_state_load == 1)> <Delay = 0.00> <CoreInst = "axis">   --->   Core 123 'axis' <Latency = 0> <II = 1> <Delay = 1.00> <Adapter> <Opcode : >
ST_2 : Operation 78 [2/2] (0.00ns)   --->   "%write_ln174 = write void @_ssdm_op_Write.axis.volatile.i1024P128A, i1024 %m_axis_tx_data, i1024 %tx_shift2ipv4Fifo_read" [/tools/Xilinx/Vitis_HLS/2022.1/common/technology/autopilot/hls_stream_39.h:174]   --->   Operation 78 'write' 'write_ln174' <Predicate = (gi_state_load == 3 & tmp_7_i)> <Delay = 0.00> <CoreInst = "axis">   --->   Core 123 'axis' <Latency = 0> <II = 1> <Delay = 1.00> <Adapter> <Opcode : >

State 3 <SV = 2> <Delay = 0.00>
ST_3 : Operation 79 [1/2] (0.00ns)   --->   "%write_ln174 = write void @_ssdm_op_Write.axis.volatile.i1024P128A, i1024 %m_axis_tx_data, i1024 %zext_ln174_2" [/tools/Xilinx/Vitis_HLS/2022.1/common/technology/autopilot/hls_stream_39.h:174]   --->   Operation 79 'write' 'write_ln174' <Predicate = (gi_state_load == 2 & tmp_i_36)> <Delay = 0.00> <CoreInst = "axis">   --->   Core 123 'axis' <Latency = 0> <II = 1> <Delay = 1.00> <Adapter> <Opcode : >
ST_3 : Operation 80 [1/1] (0.00ns)   --->   "%br_ln226 = br void %if.end18.i" [/mnt/scratch/pyuvaraj/Vitis_RoCE_W/Vitis_RoCE/fpga-network-stack/hls/ipv4/ipv4.cpp:226]   --->   Operation 80 'br' 'br_ln226' <Predicate = (gi_state_load == 2 & tmp_i_36)> <Delay = 0.00>
ST_3 : Operation 81 [1/2] (0.00ns)   --->   "%write_ln174 = write void @_ssdm_op_Write.axis.volatile.i1024P128A, i1024 %m_axis_tx_data, i1024 %zext_ln174" [/tools/Xilinx/Vitis_HLS/2022.1/common/technology/autopilot/hls_stream_39.h:174]   --->   Operation 81 'write' 'write_ln174' <Predicate = (gi_state_load == 1)> <Delay = 0.00> <CoreInst = "axis">   --->   Core 123 'axis' <Latency = 0> <II = 1> <Delay = 1.00> <Adapter> <Opcode : >
ST_3 : Operation 82 [1/1] (0.00ns)   --->   "%br_ln213 = br void %ipv4_generate_ipv4<512>.exit" [/mnt/scratch/pyuvaraj/Vitis_RoCE_W/Vitis_RoCE/fpga-network-stack/hls/ipv4/ipv4.cpp:213]   --->   Operation 82 'br' 'br_ln213' <Predicate = (gi_state_load == 1)> <Delay = 0.00>
ST_3 : Operation 83 [1/2] (0.00ns)   --->   "%write_ln174 = write void @_ssdm_op_Write.axis.volatile.i1024P128A, i1024 %m_axis_tx_data, i1024 %tx_shift2ipv4Fifo_read" [/tools/Xilinx/Vitis_HLS/2022.1/common/technology/autopilot/hls_stream_39.h:174]   --->   Operation 83 'write' 'write_ln174' <Predicate = (gi_state_load == 3 & tmp_7_i)> <Delay = 0.00> <CoreInst = "axis">   --->   Core 123 'axis' <Latency = 0> <II = 1> <Delay = 1.00> <Adapter> <Opcode : >
ST_3 : Operation 84 [1/1] (0.00ns)   --->   "%ret_ln0 = ret"   --->   Operation 84 'ret' 'ret_ln0' <Predicate = true> <Delay = 0.00>


============================================================
+ Verbose Summary: Binding
============================================================
STG Binding: 
---------------- STG Properties BEGIN ----------------
- Is combinational: 0
- Is one-state seq: 0
- Is datapath-only: 0
- Is pipelined: 1
- Is top level: 0
Port [ Return ] is wired: 1; IO mode=ap_ctrl_hs:ce=0
Port [ s_axis_tx_meta]:  wired=1; compound=1; hidden=0; nouse=0; global=0; static=0; extern=0; dir=0; type=0; pingpong=0; private_global=0; IO mode=axis:ce=0
Port [ m_axis_tx_data]:  wired=1; compound=1; hidden=0; nouse=0; global=0; static=0; extern=0; dir=1; type=0; pingpong=0; private_global=0; IO mode=axis:ce=0
Port [ local_ipv4_address]:  wired=1; compound=0; hidden=0; nouse=0; global=0; static=0; extern=0; dir=0; type=0; pingpong=0; private_global=0; IO mode=ap_stable:ce=0
Port [ protocol]:  wired=1; compound=0; hidden=0; nouse=0; global=0; static=0; extern=0; dir=0; type=0; pingpong=0; private_global=0; IO mode=ap_stable:ce=0
Port [ gi_state]:  wired=0; compound=0; hidden=1; nouse=0; global=1; static=1; extern=0; dir=2; type=0; pingpong=0; private_global=1; IO mode=ap_ovld:ce=0
Port [ header_idx_1]:  wired=0; compound=0; hidden=1; nouse=0; global=1; static=1; extern=0; dir=2; type=0; pingpong=0; private_global=1; IO mode=ap_ovld:ce=0
Port [ header_header_V_1]:  wired=0; compound=0; hidden=1; nouse=0; global=1; static=1; extern=0; dir=2; type=0; pingpong=0; private_global=1; IO mode=ap_ovld:ce=0
Port [ tx_shift2ipv4Fifo]:  wired=1; compound=1; hidden=0; nouse=0; global=1; static=1; extern=0; dir=0; type=3; pingpong=0; private_global=0; IO mode=ap_fifo:ce=0
---------------- STG Properties END ------------------

---------------- Datapath Model BEGIN ----------------

<LifeTime>
<method=bitvector/>
protocol_read            (read          ) [ 0000]
local_ipv4_address_read  (read          ) [ 0000]
specinterface_ln0        (specinterface ) [ 0000]
specinterface_ln0        (specinterface ) [ 0000]
specinterface_ln0        (specinterface ) [ 0000]
specinterface_ln0        (specinterface ) [ 0000]
specinterface_ln0        (specinterface ) [ 0000]
specinterface_ln0        (specinterface ) [ 0000]
specpipeline_ln159       (specpipeline  ) [ 0000]
gi_state_load            (load          ) [ 0111]
header_idx_1_load        (load          ) [ 0000]
p_Val2_s                 (load          ) [ 0000]
switch_ln175             (switch        ) [ 0000]
tmp_i_36                 (nbreadreq     ) [ 0111]
br_ln215                 (br            ) [ 0000]
tx_shift2ipv4Fifo_read_1 (read          ) [ 0000]
currWord_data_V          (trunc         ) [ 0110]
currWord_last_V_1        (bitselect     ) [ 0000]
shl_ln76_1               (bitconcatenate) [ 0000]
icmp_ln82_1              (icmp          ) [ 0100]
br_ln82                  (br            ) [ 0110]
p_Result_13              (partset       ) [ 0110]
add_ln85_1               (add           ) [ 0000]
store_ln85               (store         ) [ 0000]
br_ln86                  (br            ) [ 0110]
tmp                      (partselect    ) [ 0110]
xor_ln222                (xor           ) [ 0000]
select_ln222_cast_i      (select        ) [ 0000]
store_ln222              (store         ) [ 0000]
br_ln227                 (br            ) [ 0000]
shl_ln                   (bitconcatenate) [ 0000]
icmp_ln82                (icmp          ) [ 0100]
br_ln82                  (br            ) [ 0110]
p_Result_12              (partset       ) [ 0110]
add_ln85                 (add           ) [ 0000]
store_ln85               (store         ) [ 0000]
br_ln86                  (br            ) [ 0110]
store_ln204              (store         ) [ 0000]
tmp_7_i                  (nbreadreq     ) [ 0111]
br_ln229                 (br            ) [ 0000]
tx_shift2ipv4Fifo_read   (read          ) [ 0111]
currWord_last_V          (bitselect     ) [ 0100]
br_ln233                 (br            ) [ 0000]
store_ln235              (store         ) [ 0000]
br_ln236                 (br            ) [ 0000]
br_ln237                 (br            ) [ 0000]
br_ln238                 (br            ) [ 0000]
tmp_i                    (nbreadreq     ) [ 0100]
br_ln178                 (br            ) [ 0000]
s_axis_tx_meta_read      (read          ) [ 0000]
meta_their_address_V     (trunc         ) [ 0000]
meta_length_V            (partselect    ) [ 0000]
store_ln181              (store         ) [ 0000]
len_V                    (add           ) [ 0000]
tmp_8_i                  (partselect    ) [ 0000]
trunc_ln674              (trunc         ) [ 0000]
p_Result_8               (bitconcatenate) [ 0000]
p_Result_9               (partset       ) [ 0000]
p_Result_10              (partset       ) [ 0000]
p_Result_11              (partset       ) [ 0000]
p_Result_s               (partset       ) [ 0000]
store_ln414              (store         ) [ 0000]
store_ln194              (store         ) [ 0000]
br_ln196                 (br            ) [ 0000]
br_ln197                 (br            ) [ 0000]
currWord_data_V_3        (phi           ) [ 0110]
tmp_2                    (bitconcatenate) [ 0000]
zext_ln174_2             (zext          ) [ 0101]
currWord_data_V_1        (phi           ) [ 0110]
or_ln                    (bitconcatenate) [ 0000]
sext_ln174               (sext          ) [ 0000]
zext_ln174               (zext          ) [ 0101]
write_ln174              (write         ) [ 0000]
br_ln226                 (br            ) [ 0000]
write_ln174              (write         ) [ 0000]
br_ln213                 (br            ) [ 0000]
write_ln174              (write         ) [ 0000]
ret_ln0                  (ret           ) [ 0000]
</LifeTime>

<model>

<comp_list>
<comp id="0" class="1000" name="s_axis_tx_meta">
<pin_list>
<pin id="1" dir="1" index="0" bw="1" slack="0"/>
</pin_list>
<bind>
<StgValue><ssdm name="s_axis_tx_meta"/></StgValue>
</bind>
</comp>

<comp id="2" class="1000" name="m_axis_tx_data">
<pin_list>
<pin id="3" dir="1" index="0" bw="1" slack="0"/>
</pin_list>
<bind>
<StgValue><ssdm name="m_axis_tx_data"/></StgValue>
</bind>
</comp>

<comp id="4" class="1000" name="local_ipv4_address">
<pin_list>
<pin id="5" dir="1" index="0" bw="1" slack="0"/>
</pin_list>
<bind>
<StgValue><ssdm name="local_ipv4_address"/></StgValue>
</bind>
</comp>

<comp id="6" class="1000" name="protocol">
<pin_list>
<pin id="7" dir="1" index="0" bw="1" slack="0"/>
</pin_list>
<bind>
<StgValue><ssdm name="protocol"/></StgValue>
</bind>
</comp>

<comp id="8" class="1000" name="gi_state">
<pin_list>
<pin id="9" dir="1" index="0" bw="1" slack="0"/>
</pin_list>
<bind>
<StgValue><ssdm name="gi_state"/></StgValue>
</bind>
</comp>

<comp id="10" class="1000" name="header_idx_1">
<pin_list>
<pin id="11" dir="1" index="0" bw="1" slack="0"/>
</pin_list>
<bind>
<StgValue><ssdm name="header_idx_1"/></StgValue>
</bind>
</comp>

<comp id="12" class="1000" name="header_header_V_1">
<pin_list>
<pin id="13" dir="1" index="0" bw="1" slack="0"/>
</pin_list>
<bind>
<StgValue><ssdm name="header_header_V_1"/></StgValue>
</bind>
</comp>

<comp id="14" class="1000" name="tx_shift2ipv4Fifo">
<pin_list>
<pin id="15" dir="1" index="0" bw="1" slack="0"/>
</pin_list>
<bind>
<StgValue><ssdm name="tx_shift2ipv4Fifo"/></StgValue>
</bind>
</comp>

<comp id="16" class="1001" name="const_16">
<pin_list>
<pin id="17" dir="1" index="0" bw="1" slack="0"/>
</pin_list>
<bind>
<StgValue><ssdm name="_ssdm_op_Read.ap_auto.i8"/></StgValue>
</bind>
</comp>

<comp id="18" class="1001" name="const_18">
<pin_list>
<pin id="19" dir="1" index="0" bw="1" slack="0"/>
</pin_list>
<bind>
<StgValue><ssdm name="_ssdm_op_Read.ap_auto.i32"/></StgValue>
</bind>
</comp>

<comp id="20" class="1001" name="const_20">
<pin_list>
<pin id="21" dir="1" index="0" bw="1" slack="2147483647"/>
</pin_list>
<bind>
<StgValue><ssdm name="_ssdm_op_SpecInterface"/></StgValue>
</bind>
</comp>

<comp id="22" class="1001" name="const_22">
<pin_list>
<pin id="23" dir="1" index="0" bw="1" slack="2147483647"/>
</pin_list>
<bind>
<StgValue><ssdm name="empty_3"/></StgValue>
</bind>
</comp>

<comp id="24" class="1001" name="const_24">
<pin_list>
<pin id="25" dir="1" index="0" bw="1" slack="0"/>
</pin_list>
<bind>
<StgValue><ssdm name=""/></StgValue>
</bind>
</comp>

<comp id="26" class="1001" name="const_26">
<pin_list>
<pin id="27" dir="1" index="0" bw="1" slack="2147483647"/>
</pin_list>
<bind>
<StgValue><ssdm name="empty_1"/></StgValue>
</bind>
</comp>

<comp id="28" class="1001" name="const_28">
<pin_list>
<pin id="29" dir="1" index="0" bw="1" slack="2147483647"/>
</pin_list>
<bind>
<StgValue><ssdm name=""/></StgValue>
</bind>
</comp>

<comp id="30" class="1001" name="const_30">
<pin_list>
<pin id="31" dir="1" index="0" bw="1" slack="2147483647"/>
</pin_list>
<bind>
<StgValue><ssdm name="empty"/></StgValue>
</bind>
</comp>

<comp id="32" class="1001" name="const_32">
<pin_list>
<pin id="33" dir="1" index="0" bw="1" slack="0"/>
</pin_list>
<bind>
<StgValue><ssdm name=""/></StgValue>
</bind>
</comp>

<comp id="34" class="1001" name="const_34">
<pin_list>
<pin id="35" dir="1" index="0" bw="1" slack="2147483647"/>
</pin_list>
<bind>
<StgValue><ssdm name="empty_0"/></StgValue>
</bind>
</comp>

<comp id="36" class="1001" name="const_36">
<pin_list>
<pin id="37" dir="1" index="0" bw="1" slack="2147483647"/>
</pin_list>
<bind>
<StgValue><ssdm name="_ssdm_op_SpecPipeline"/></StgValue>
</bind>
</comp>

<comp id="38" class="1001" name="const_38">
<pin_list>
<pin id="39" dir="1" index="0" bw="1" slack="0"/>
</pin_list>
<bind>
<StgValue><ssdm name=""/></StgValue>
</bind>
</comp>

<comp id="40" class="1001" name="const_40">
<pin_list>
<pin id="41" dir="1" index="0" bw="1" slack="2147483647"/>
</pin_list>
<bind>
<StgValue><ssdm name=""/></StgValue>
</bind>
</comp>

<comp id="42" class="1001" name="const_42">
<pin_list>
<pin id="43" dir="1" index="0" bw="1" slack="0"/>
</pin_list>
<bind>
<StgValue><ssdm name=""/></StgValue>
</bind>
</comp>

<comp id="44" class="1001" name="const_44">
<pin_list>
<pin id="45" dir="1" index="0" bw="1" slack="0"/>
</pin_list>
<bind>
<StgValue><ssdm name="_ssdm_op_NbReadReq.ap_fifo.i1024P0A"/></StgValue>
</bind>
</comp>

<comp id="46" class="1001" name="const_46">
<pin_list>
<pin id="47" dir="1" index="0" bw="1" slack="0"/>
</pin_list>
<bind>
<StgValue><ssdm name="_ssdm_op_Read.ap_fifo.volatile.i1024P0A"/></StgValue>
</bind>
</comp>

<comp id="48" class="1001" name="const_48">
<pin_list>
<pin id="49" dir="1" index="0" bw="1" slack="0"/>
</pin_list>
<bind>
<StgValue><ssdm name="_ssdm_op_BitSelect.i1.i1024.i1024"/></StgValue>
</bind>
</comp>

<comp id="50" class="1001" name="const_50">
<pin_list>
<pin id="51" dir="1" index="0" bw="1" slack="0"/>
</pin_list>
<bind>
<StgValue><ssdm name=""/></StgValue>
</bind>
</comp>

<comp id="52" class="1001" name="const_52">
<pin_list>
<pin id="53" dir="1" index="0" bw="1" slack="0"/>
</pin_list>
<bind>
<StgValue><ssdm name="_ssdm_op_BitConcatenate.i25.i16.i9"/></StgValue>
</bind>
</comp>

<comp id="54" class="1001" name="const_54">
<pin_list>
<pin id="55" dir="1" index="0" bw="1" slack="0"/>
</pin_list>
<bind>
<StgValue><ssdm name=""/></StgValue>
</bind>
</comp>

<comp id="56" class="1001" name="const_56">
<pin_list>
<pin id="57" dir="1" index="0" bw="1" slack="0"/>
</pin_list>
<bind>
<StgValue><ssdm name=""/></StgValue>
</bind>
</comp>

<comp id="58" class="1001" name="const_58">
<pin_list>
<pin id="59" dir="1" index="0" bw="1" slack="0"/>
</pin_list>
<bind>
<StgValue><ssdm name="_ssdm_op_PartSet.i512.i512.i160.i32.i32"/></StgValue>
</bind>
</comp>

<comp id="60" class="1001" name="const_60">
<pin_list>
<pin id="61" dir="1" index="0" bw="1" slack="0"/>
</pin_list>
<bind>
<StgValue><ssdm name=""/></StgValue>
</bind>
</comp>

<comp id="62" class="1001" name="const_62">
<pin_list>
<pin id="63" dir="1" index="0" bw="1" slack="0"/>
</pin_list>
<bind>
<StgValue><ssdm name=""/></StgValue>
</bind>
</comp>

<comp id="64" class="1001" name="const_64">
<pin_list>
<pin id="65" dir="1" index="0" bw="1" slack="0"/>
</pin_list>
<bind>
<StgValue><ssdm name="_ssdm_op_PartSelect.i65.i1024.i32.i32"/></StgValue>
</bind>
</comp>

<comp id="66" class="1001" name="const_66">
<pin_list>
<pin id="67" dir="1" index="0" bw="1" slack="0"/>
</pin_list>
<bind>
<StgValue><ssdm name=""/></StgValue>
</bind>
</comp>

<comp id="68" class="1001" name="const_68">
<pin_list>
<pin id="69" dir="1" index="0" bw="1" slack="0"/>
</pin_list>
<bind>
<StgValue><ssdm name=""/></StgValue>
</bind>
</comp>

<comp id="70" class="1001" name="const_70">
<pin_list>
<pin id="71" dir="1" index="0" bw="1" slack="0"/>
</pin_list>
<bind>
<StgValue><ssdm name=""/></StgValue>
</bind>
</comp>

<comp id="72" class="1001" name="const_72">
<pin_list>
<pin id="73" dir="1" index="0" bw="1" slack="0"/>
</pin_list>
<bind>
<StgValue><ssdm name=""/></StgValue>
</bind>
</comp>

<comp id="74" class="1001" name="const_74">
<pin_list>
<pin id="75" dir="1" index="0" bw="1" slack="0"/>
</pin_list>
<bind>
<StgValue><ssdm name=""/></StgValue>
</bind>
</comp>

<comp id="76" class="1001" name="const_76">
<pin_list>
<pin id="77" dir="1" index="0" bw="1" slack="0"/>
</pin_list>
<bind>
<StgValue><ssdm name="_ssdm_op_NbReadReq.axis.i64P128A"/></StgValue>
</bind>
</comp>

<comp id="78" class="1001" name="const_78">
<pin_list>
<pin id="79" dir="1" index="0" bw="1" slack="0"/>
</pin_list>
<bind>
<StgValue><ssdm name="_ssdm_op_Read.axis.volatile.i64P128A"/></StgValue>
</bind>
</comp>

<comp id="80" class="1001" name="const_80">
<pin_list>
<pin id="81" dir="1" index="0" bw="1" slack="0"/>
</pin_list>
<bind>
<StgValue><ssdm name="_ssdm_op_PartSelect.i16.i64.i32.i32"/></StgValue>
</bind>
</comp>

<comp id="82" class="1001" name="const_82">
<pin_list>
<pin id="83" dir="1" index="0" bw="1" slack="0"/>
</pin_list>
<bind>
<StgValue><ssdm name=""/></StgValue>
</bind>
</comp>

<comp id="84" class="1001" name="const_84">
<pin_list>
<pin id="85" dir="1" index="0" bw="1" slack="0"/>
</pin_list>
<bind>
<StgValue><ssdm name=""/></StgValue>
</bind>
</comp>

<comp id="86" class="1001" name="const_86">
<pin_list>
<pin id="87" dir="1" index="0" bw="1" slack="0"/>
</pin_list>
<bind>
<StgValue><ssdm name=""/></StgValue>
</bind>
</comp>

<comp id="88" class="1001" name="const_88">
<pin_list>
<pin id="89" dir="1" index="0" bw="1" slack="0"/>
</pin_list>
<bind>
<StgValue><ssdm name=""/></StgValue>
</bind>
</comp>

<comp id="90" class="1001" name="const_90">
<pin_list>
<pin id="91" dir="1" index="0" bw="1" slack="0"/>
</pin_list>
<bind>
<StgValue><ssdm name="_ssdm_op_PartSelect.i8.i16.i32.i32"/></StgValue>
</bind>
</comp>

<comp id="92" class="1001" name="const_92">
<pin_list>
<pin id="93" dir="1" index="0" bw="1" slack="0"/>
</pin_list>
<bind>
<StgValue><ssdm name=""/></StgValue>
</bind>
</comp>

<comp id="94" class="1001" name="const_94">
<pin_list>
<pin id="95" dir="1" index="0" bw="1" slack="0"/>
</pin_list>
<bind>
<StgValue><ssdm name=""/></StgValue>
</bind>
</comp>

<comp id="96" class="1001" name="const_96">
<pin_list>
<pin id="97" dir="1" index="0" bw="1" slack="0"/>
</pin_list>
<bind>
<StgValue><ssdm name="_ssdm_op_BitConcatenate.i16.i8.i8"/></StgValue>
</bind>
</comp>

<comp id="98" class="1001" name="const_98">
<pin_list>
<pin id="99" dir="1" index="0" bw="1" slack="0"/>
</pin_list>
<bind>
<StgValue><ssdm name="_ssdm_op_PartSet.i160.i160.i16.i32.i32"/></StgValue>
</bind>
</comp>

<comp id="100" class="1001" name="const_100">
<pin_list>
<pin id="101" dir="1" index="0" bw="1" slack="0"/>
</pin_list>
<bind>
<StgValue><ssdm name=""/></StgValue>
</bind>
</comp>

<comp id="102" class="1001" name="const_102">
<pin_list>
<pin id="103" dir="1" index="0" bw="1" slack="0"/>
</pin_list>
<bind>
<StgValue><ssdm name=""/></StgValue>
</bind>
</comp>

<comp id="104" class="1001" name="const_104">
<pin_list>
<pin id="105" dir="1" index="0" bw="1" slack="0"/>
</pin_list>
<bind>
<StgValue><ssdm name="_ssdm_op_PartSet.i160.i160.i32.i32.i32"/></StgValue>
</bind>
</comp>

<comp id="106" class="1001" name="const_106">
<pin_list>
<pin id="107" dir="1" index="0" bw="1" slack="0"/>
</pin_list>
<bind>
<StgValue><ssdm name=""/></StgValue>
</bind>
</comp>

<comp id="108" class="1001" name="const_108">
<pin_list>
<pin id="109" dir="1" index="0" bw="1" slack="0"/>
</pin_list>
<bind>
<StgValue><ssdm name=""/></StgValue>
</bind>
</comp>

<comp id="110" class="1001" name="const_110">
<pin_list>
<pin id="111" dir="1" index="0" bw="1" slack="0"/>
</pin_list>
<bind>
<StgValue><ssdm name=""/></StgValue>
</bind>
</comp>

<comp id="112" class="1001" name="const_112">
<pin_list>
<pin id="113" dir="1" index="0" bw="1" slack="0"/>
</pin_list>
<bind>
<StgValue><ssdm name="_ssdm_op_PartSet.i160.i160.i8.i32.i32"/></StgValue>
</bind>
</comp>

<comp id="114" class="1001" name="const_114">
<pin_list>
<pin id="115" dir="1" index="0" bw="1" slack="0"/>
</pin_list>
<bind>
<StgValue><ssdm name=""/></StgValue>
</bind>
</comp>

<comp id="116" class="1001" name="const_116">
<pin_list>
<pin id="117" dir="1" index="0" bw="1" slack="0"/>
</pin_list>
<bind>
<StgValue><ssdm name=""/></StgValue>
</bind>
</comp>

<comp id="118" class="1001" name="const_118">
<pin_list>
<pin id="119" dir="1" index="0" bw="1" slack="0"/>
</pin_list>
<bind>
<StgValue><ssdm name="_ssdm_op_BitConcatenate.i577.i65.i512"/></StgValue>
</bind>
</comp>

<comp id="120" class="1001" name="const_120">
<pin_list>
<pin id="121" dir="1" index="0" bw="1" slack="0"/>
</pin_list>
<bind>
<StgValue><ssdm name="_ssdm_op_Write.axis.volatile.i1024P128A"/></StgValue>
</bind>
</comp>

<comp id="122" class="1001" name="const_122">
<pin_list>
<pin id="123" dir="1" index="0" bw="1" slack="0"/>
</pin_list>
<bind>
<StgValue><ssdm name="_ssdm_op_BitConcatenate.i513.i1.i512"/></StgValue>
</bind>
</comp>

<comp id="124" class="1004" name="protocol_read_read_fu_124">
<pin_list>
<pin id="125" dir="0" index="0" bw="8" slack="0"/>
<pin id="126" dir="0" index="1" bw="8" slack="0"/>
<pin id="127" dir="1" index="2" bw="8" slack="0"/>
</pin_list>
<bind>
<opcode="read(1150) " fcode="read"/>
<opset="protocol_read/1 "/>
</bind>
</comp>

<comp id="130" class="1004" name="local_ipv4_address_read_read_fu_130">
<pin_list>
<pin id="131" dir="0" index="0" bw="32" slack="0"/>
<pin id="132" dir="0" index="1" bw="32" slack="0"/>
<pin id="133" dir="1" index="2" bw="32" slack="0"/>
</pin_list>
<bind>
<opcode="read(1150) " fcode="read"/>
<opset="local_ipv4_address_read/1 "/>
</bind>
</comp>

<comp id="136" class="1004" name="grp_nbreadreq_fu_136">
<pin_list>
<pin id="137" dir="0" index="0" bw="1" slack="0"/>
<pin id="138" dir="0" index="1" bw="1024" slack="0"/>
<pin id="139" dir="0" index="2" bw="1" slack="0"/>
<pin id="140" dir="1" index="3" bw="1" slack="1"/>
</pin_list>
<bind>
<opcode="nbreadreq(1156) " fcode="nbreadreq"/>
<opset="tmp_i_36/1 tmp_7_i/1 "/>
</bind>
</comp>

<comp id="144" class="1004" name="grp_read_fu_144">
<pin_list>
<pin id="145" dir="0" index="0" bw="1024" slack="0"/>
<pin id="146" dir="0" index="1" bw="1024" slack="0"/>
<pin id="147" dir="1" index="2" bw="1024" slack="0"/>
</pin_list>
<bind>
<opcode="read(1150) " fcode="read"/>
<opset="tx_shift2ipv4Fifo_read_1/1 tx_shift2ipv4Fifo_read/1 "/>
</bind>
</comp>

<comp id="150" class="1004" name="tmp_i_nbreadreq_fu_150">
<pin_list>
<pin id="151" dir="0" index="0" bw="1" slack="0"/>
<pin id="152" dir="0" index="1" bw="64" slack="0"/>
<pin id="153" dir="0" index="2" bw="1" slack="0"/>
<pin id="154" dir="1" index="3" bw="1" slack="2147483647"/>
</pin_list>
<bind>
<opcode="nbreadreq(1156) " fcode="nbreadreq"/>
<opset="tmp_i/1 "/>
</bind>
</comp>

<comp id="158" class="1004" name="s_axis_tx_meta_read_read_fu_158">
<pin_list>
<pin id="159" dir="0" index="0" bw="64" slack="0"/>
<pin id="160" dir="0" index="1" bw="64" slack="0"/>
<pin id="161" dir="1" index="2" bw="64" slack="0"/>
</pin_list>
<bind>
<opcode="read(1150) " fcode="read"/>
<opset="s_axis_tx_meta_read/1 "/>
</bind>
</comp>

<comp id="164" class="1004" name="grp_write_fu_164">
<pin_list>
<pin id="165" dir="0" index="0" bw="0" slack="0"/>
<pin id="166" dir="0" index="1" bw="1024" slack="0"/>
<pin id="167" dir="0" index="2" bw="1024" slack="0"/>
<pin id="168" dir="1" index="3" bw="0" slack="2147483647"/>
</pin_list>
<bind>
<opcode="write(1151) " fcode="write"/>
<opset="write_ln174/2 write_ln174/2 write_ln174/2 "/>
</bind>
</comp>

<comp id="171" class="1005" name="currWord_data_V_3_reg_171">
<pin_list>
<pin id="172" dir="0" index="0" bw="512" slack="2147483647"/>
<pin id="173" dir="1" index="1" bw="512" slack="2147483647"/>
</pin_list>
<bind>
<opset="currWord_data_V_3 (phireg) "/>
</bind>
</comp>

<comp id="174" class="1004" name="currWord_data_V_3_phi_fu_174">
<pin_list>
<pin id="175" dir="0" index="0" bw="512" slack="1"/>
<pin id="176" dir="0" index="1" bw="0" slack="2147483647"/>
<pin id="177" dir="0" index="2" bw="512" slack="1"/>
<pin id="178" dir="0" index="3" bw="0" slack="2147483647"/>
<pin id="179" dir="1" index="4" bw="512" slack="0"/>
</pin_list>
<bind>
<opcode="phi(47) " fcode="phi"/>
<opset="currWord_data_V_3/2 "/>
</bind>
</comp>

<comp id="180" class="1005" name="currWord_data_V_1_reg_180">
<pin_list>
<pin id="181" dir="0" index="0" bw="512" slack="1"/>
<pin id="182" dir="1" index="1" bw="512" slack="1"/>
</pin_list>
<bind>
<opset="currWord_data_V_1 (phireg) "/>
</bind>
</comp>

<comp id="184" class="1004" name="currWord_data_V_1_phi_fu_184">
<pin_list>
<pin id="185" dir="0" index="0" bw="512" slack="1"/>
<pin id="186" dir="0" index="1" bw="0" slack="2147483647"/>
<pin id="187" dir="0" index="2" bw="1" slack="1"/>
<pin id="188" dir="0" index="3" bw="0" slack="2147483647"/>
<pin id="189" dir="1" index="4" bw="512" slack="0"/>
</pin_list>
<bind>
<opcode="phi(47) " fcode="phi"/>
<opset="currWord_data_V_1/2 "/>
</bind>
</comp>

<comp id="191" class="1004" name="grp_fu_191">
<pin_list>
<pin id="192" dir="0" index="0" bw="1" slack="0"/>
<pin id="193" dir="0" index="1" bw="1024" slack="0"/>
<pin id="194" dir="0" index="2" bw="11" slack="0"/>
<pin id="195" dir="1" index="3" bw="1" slack="0"/>
</pin_list>
<bind>
<opcode="bitselect(1000) " fcode="bitselect"/>
<opset="currWord_last_V_1/1 currWord_last_V/1 "/>
</bind>
</comp>

<comp id="199" class="1004" name="grp_fu_199">
<pin_list>
<pin id="200" dir="0" index="0" bw="16" slack="0"/>
<pin id="201" dir="0" index="1" bw="1" slack="0"/>
<pin id="202" dir="1" index="2" bw="16" slack="0"/>
</pin_list>
<bind>
<opcode="add(8) " fcode="add"/>
<opset="add_ln85_1/1 add_ln85/1 "/>
</bind>
</comp>

<comp id="204" class="1004" name="gi_state_load_load_fu_204">
<pin_list>
<pin id="205" dir="0" index="0" bw="2" slack="0"/>
<pin id="206" dir="1" index="1" bw="2" slack="1"/>
</pin_list>
<bind>
<opcode="load(27) " fcode="load"/>
<opset="gi_state_load/1 "/>
</bind>
</comp>

<comp id="208" class="1004" name="header_idx_1_load_load_fu_208">
<pin_list>
<pin id="209" dir="0" index="0" bw="16" slack="0"/>
<pin id="210" dir="1" index="1" bw="16" slack="0"/>
</pin_list>
<bind>
<opcode="load(27) " fcode="load"/>
<opset="header_idx_1_load/1 "/>
</bind>
</comp>

<comp id="213" class="1004" name="p_Val2_s_load_fu_213">
<pin_list>
<pin id="214" dir="0" index="0" bw="160" slack="0"/>
<pin id="215" dir="1" index="1" bw="160" slack="0"/>
</pin_list>
<bind>
<opcode="load(27) " fcode="load"/>
<opset="p_Val2_s/1 "/>
</bind>
</comp>

<comp id="217" class="1004" name="currWord_data_V_fu_217">
<pin_list>
<pin id="218" dir="0" index="0" bw="1024" slack="0"/>
<pin id="219" dir="1" index="1" bw="512" slack="0"/>
</pin_list>
<bind>
<opcode="trunc(33) " fcode="trunc"/>
<opset="currWord_data_V/1 "/>
</bind>
</comp>

<comp id="221" class="1004" name="shl_ln76_1_fu_221">
<pin_list>
<pin id="222" dir="0" index="0" bw="25" slack="0"/>
<pin id="223" dir="0" index="1" bw="16" slack="0"/>
<pin id="224" dir="0" index="2" bw="1" slack="0"/>
<pin id="225" dir="1" index="3" bw="25" slack="0"/>
</pin_list>
<bind>
<opcode="bitconcatenate(1004) " fcode="bitconcatenate"/>
<opset="shl_ln76_1/1 "/>
</bind>
</comp>

<comp id="229" class="1004" name="icmp_ln82_1_fu_229">
<pin_list>
<pin id="230" dir="0" index="0" bw="25" slack="0"/>
<pin id="231" dir="0" index="1" bw="9" slack="0"/>
<pin id="232" dir="1" index="2" bw="1" slack="2147483647"/>
</pin_list>
<bind>
<opcode="icmp(45) " fcode="icmp"/>
<opset="icmp_ln82_1/1 "/>
</bind>
</comp>

<comp id="235" class="1004" name="p_Result_13_fu_235">
<pin_list>
<pin id="236" dir="0" index="0" bw="512" slack="0"/>
<pin id="237" dir="0" index="1" bw="512" slack="0"/>
<pin id="238" dir="0" index="2" bw="160" slack="0"/>
<pin id="239" dir="0" index="3" bw="1" slack="0"/>
<pin id="240" dir="0" index="4" bw="9" slack="0"/>
<pin id="241" dir="1" index="5" bw="512" slack="1"/>
</pin_list>
<bind>
<opcode="partset(1003) " fcode="partset"/>
<opset="p_Result_13/1 "/>
</bind>
</comp>

<comp id="247" class="1004" name="store_ln85_store_fu_247">
<pin_list>
<pin id="248" dir="0" index="0" bw="16" slack="0"/>
<pin id="249" dir="0" index="1" bw="16" slack="0"/>
<pin id="250" dir="1" index="2" bw="0" slack="2147483647"/>
</pin_list>
<bind>
<opcode="store(28) " fcode="store"/>
<opset="store_ln85/1 "/>
</bind>
</comp>

<comp id="253" class="1004" name="tmp_fu_253">
<pin_list>
<pin id="254" dir="0" index="0" bw="65" slack="0"/>
<pin id="255" dir="0" index="1" bw="1024" slack="0"/>
<pin id="256" dir="0" index="2" bw="11" slack="0"/>
<pin id="257" dir="0" index="3" bw="11" slack="0"/>
<pin id="258" dir="1" index="4" bw="65" slack="1"/>
</pin_list>
<bind>
<opcode="partselect(1002) " fcode="partselect"/>
<opset="tmp/1 "/>
</bind>
</comp>

<comp id="263" class="1004" name="xor_ln222_fu_263">
<pin_list>
<pin id="264" dir="0" index="0" bw="1" slack="0"/>
<pin id="265" dir="0" index="1" bw="1" slack="0"/>
<pin id="266" dir="1" index="2" bw="1" slack="0"/>
</pin_list>
<bind>
<opcode="xor(25) " fcode="xor"/>
<opset="xor_ln222/1 "/>
</bind>
</comp>

<comp id="269" class="1004" name="select_ln222_cast_i_fu_269">
<pin_list>
<pin id="270" dir="0" index="0" bw="1" slack="0"/>
<pin id="271" dir="0" index="1" bw="1" slack="0"/>
<pin id="272" dir="0" index="2" bw="1" slack="0"/>
<pin id="273" dir="1" index="3" bw="2" slack="0"/>
</pin_list>
<bind>
<opcode="select(49) " fcode="select"/>
<opset="select_ln222_cast_i/1 "/>
</bind>
</comp>

<comp id="277" class="1004" name="store_ln222_store_fu_277">
<pin_list>
<pin id="278" dir="0" index="0" bw="2" slack="0"/>
<pin id="279" dir="0" index="1" bw="2" slack="0"/>
<pin id="280" dir="1" index="2" bw="0" slack="2147483647"/>
</pin_list>
<bind>
<opcode="store(28) " fcode="store"/>
<opset="store_ln222/1 "/>
</bind>
</comp>

<comp id="283" class="1004" name="shl_ln_fu_283">
<pin_list>
<pin id="284" dir="0" index="0" bw="25" slack="0"/>
<pin id="285" dir="0" index="1" bw="16" slack="0"/>
<pin id="286" dir="0" index="2" bw="1" slack="0"/>
<pin id="287" dir="1" index="3" bw="25" slack="0"/>
</pin_list>
<bind>
<opcode="bitconcatenate(1004) " fcode="bitconcatenate"/>
<opset="shl_ln/1 "/>
</bind>
</comp>

<comp id="291" class="1004" name="icmp_ln82_fu_291">
<pin_list>
<pin id="292" dir="0" index="0" bw="25" slack="0"/>
<pin id="293" dir="0" index="1" bw="9" slack="0"/>
<pin id="294" dir="1" index="2" bw="1" slack="2147483647"/>
</pin_list>
<bind>
<opcode="icmp(45) " fcode="icmp"/>
<opset="icmp_ln82/1 "/>
</bind>
</comp>

<comp id="297" class="1004" name="p_Result_12_fu_297">
<pin_list>
<pin id="298" dir="0" index="0" bw="512" slack="0"/>
<pin id="299" dir="0" index="1" bw="1" slack="0"/>
<pin id="300" dir="0" index="2" bw="160" slack="0"/>
<pin id="301" dir="0" index="3" bw="1" slack="0"/>
<pin id="302" dir="0" index="4" bw="9" slack="0"/>
<pin id="303" dir="1" index="5" bw="512" slack="1"/>
</pin_list>
<bind>
<opcode="partset(1003) " fcode="partset"/>
<opset="p_Result_12/1 "/>
</bind>
</comp>

<comp id="309" class="1004" name="store_ln85_store_fu_309">
<pin_list>
<pin id="310" dir="0" index="0" bw="16" slack="0"/>
<pin id="311" dir="0" index="1" bw="16" slack="0"/>
<pin id="312" dir="1" index="2" bw="0" slack="2147483647"/>
</pin_list>
<bind>
<opcode="store(28) " fcode="store"/>
<opset="store_ln85/1 "/>
</bind>
</comp>

<comp id="315" class="1004" name="store_ln204_store_fu_315">
<pin_list>
<pin id="316" dir="0" index="0" bw="2" slack="0"/>
<pin id="317" dir="0" index="1" bw="2" slack="0"/>
<pin id="318" dir="1" index="2" bw="0" slack="2147483647"/>
</pin_list>
<bind>
<opcode="store(28) " fcode="store"/>
<opset="store_ln204/1 "/>
</bind>
</comp>

<comp id="321" class="1004" name="store_ln235_store_fu_321">
<pin_list>
<pin id="322" dir="0" index="0" bw="1" slack="0"/>
<pin id="323" dir="0" index="1" bw="2" slack="0"/>
<pin id="324" dir="1" index="2" bw="0" slack="2147483647"/>
</pin_list>
<bind>
<opcode="store(28) " fcode="store"/>
<opset="store_ln235/1 "/>
</bind>
</comp>

<comp id="327" class="1004" name="meta_their_address_V_fu_327">
<pin_list>
<pin id="328" dir="0" index="0" bw="64" slack="0"/>
<pin id="329" dir="1" index="1" bw="32" slack="0"/>
</pin_list>
<bind>
<opcode="trunc(33) " fcode="trunc"/>
<opset="meta_their_address_V/1 "/>
</bind>
</comp>

<comp id="331" class="1004" name="meta_length_V_fu_331">
<pin_list>
<pin id="332" dir="0" index="0" bw="16" slack="0"/>
<pin id="333" dir="0" index="1" bw="64" slack="0"/>
<pin id="334" dir="0" index="2" bw="7" slack="0"/>
<pin id="335" dir="0" index="3" bw="7" slack="0"/>
<pin id="336" dir="1" index="4" bw="16" slack="0"/>
</pin_list>
<bind>
<opcode="partselect(1002) " fcode="partselect"/>
<opset="meta_length_V/1 "/>
</bind>
</comp>

<comp id="341" class="1004" name="store_ln181_store_fu_341">
<pin_list>
<pin id="342" dir="0" index="0" bw="1" slack="0"/>
<pin id="343" dir="0" index="1" bw="16" slack="0"/>
<pin id="344" dir="1" index="2" bw="0" slack="2147483647"/>
</pin_list>
<bind>
<opcode="store(28) " fcode="store"/>
<opset="store_ln181/1 "/>
</bind>
</comp>

<comp id="347" class="1004" name="len_V_fu_347">
<pin_list>
<pin id="348" dir="0" index="0" bw="16" slack="0"/>
<pin id="349" dir="0" index="1" bw="6" slack="0"/>
<pin id="350" dir="1" index="2" bw="16" slack="0"/>
</pin_list>
<bind>
<opcode="add(8) " fcode="add"/>
<opset="len_V/1 "/>
</bind>
</comp>

<comp id="353" class="1004" name="tmp_8_i_fu_353">
<pin_list>
<pin id="354" dir="0" index="0" bw="8" slack="0"/>
<pin id="355" dir="0" index="1" bw="16" slack="0"/>
<pin id="356" dir="0" index="2" bw="5" slack="0"/>
<pin id="357" dir="0" index="3" bw="5" slack="0"/>
<pin id="358" dir="1" index="4" bw="8" slack="0"/>
</pin_list>
<bind>
<opcode="partselect(1002) " fcode="partselect"/>
<opset="tmp_8_i/1 "/>
</bind>
</comp>

<comp id="363" class="1004" name="trunc_ln674_fu_363">
<pin_list>
<pin id="364" dir="0" index="0" bw="16" slack="0"/>
<pin id="365" dir="1" index="1" bw="8" slack="0"/>
</pin_list>
<bind>
<opcode="trunc(33) " fcode="trunc"/>
<opset="trunc_ln674/1 "/>
</bind>
</comp>

<comp id="367" class="1004" name="p_Result_8_fu_367">
<pin_list>
<pin id="368" dir="0" index="0" bw="16" slack="0"/>
<pin id="369" dir="0" index="1" bw="8" slack="0"/>
<pin id="370" dir="0" index="2" bw="8" slack="0"/>
<pin id="371" dir="1" index="3" bw="16" slack="0"/>
</pin_list>
<bind>
<opcode="bitconcatenate(1004) " fcode="bitconcatenate"/>
<opset="p_Result_8/1 "/>
</bind>
</comp>

<comp id="375" class="1004" name="p_Result_9_fu_375">
<pin_list>
<pin id="376" dir="0" index="0" bw="160" slack="0"/>
<pin id="377" dir="0" index="1" bw="160" slack="0"/>
<pin id="378" dir="0" index="2" bw="16" slack="0"/>
<pin id="379" dir="0" index="3" bw="6" slack="0"/>
<pin id="380" dir="0" index="4" bw="6" slack="0"/>
<pin id="381" dir="1" index="5" bw="160" slack="0"/>
</pin_list>
<bind>
<opcode="partset(1003) " fcode="partset"/>
<opset="p_Result_9/1 "/>
</bind>
</comp>

<comp id="387" class="1004" name="p_Result_10_fu_387">
<pin_list>
<pin id="388" dir="0" index="0" bw="160" slack="0"/>
<pin id="389" dir="0" index="1" bw="160" slack="0"/>
<pin id="390" dir="0" index="2" bw="32" slack="0"/>
<pin id="391" dir="0" index="3" bw="9" slack="0"/>
<pin id="392" dir="0" index="4" bw="9" slack="0"/>
<pin id="393" dir="1" index="5" bw="160" slack="0"/>
</pin_list>
<bind>
<opcode="partset(1003) " fcode="partset"/>
<opset="p_Result_10/1 "/>
</bind>
</comp>

<comp id="399" class="1004" name="p_Result_11_fu_399">
<pin_list>
<pin id="400" dir="0" index="0" bw="160" slack="0"/>
<pin id="401" dir="0" index="1" bw="160" slack="0"/>
<pin id="402" dir="0" index="2" bw="32" slack="0"/>
<pin id="403" dir="0" index="3" bw="8" slack="0"/>
<pin id="404" dir="0" index="4" bw="8" slack="0"/>
<pin id="405" dir="1" index="5" bw="160" slack="0"/>
</pin_list>
<bind>
<opcode="partset(1003) " fcode="partset"/>
<opset="p_Result_11/1 "/>
</bind>
</comp>

<comp id="411" class="1004" name="p_Result_s_fu_411">
<pin_list>
<pin id="412" dir="0" index="0" bw="160" slack="0"/>
<pin id="413" dir="0" index="1" bw="160" slack="0"/>
<pin id="414" dir="0" index="2" bw="8" slack="0"/>
<pin id="415" dir="0" index="3" bw="8" slack="0"/>
<pin id="416" dir="0" index="4" bw="8" slack="0"/>
<pin id="417" dir="1" index="5" bw="160" slack="0"/>
</pin_list>
<bind>
<opcode="partset(1003) " fcode="partset"/>
<opset="p_Result_s/1 "/>
</bind>
</comp>

<comp id="423" class="1004" name="store_ln414_store_fu_423">
<pin_list>
<pin id="424" dir="0" index="0" bw="160" slack="0"/>
<pin id="425" dir="0" index="1" bw="160" slack="0"/>
<pin id="426" dir="1" index="2" bw="0" slack="2147483647"/>
</pin_list>
<bind>
<opcode="store(28) " fcode="store"/>
<opset="store_ln414/1 "/>
</bind>
</comp>

<comp id="429" class="1004" name="store_ln194_store_fu_429">
<pin_list>
<pin id="430" dir="0" index="0" bw="2" slack="0"/>
<pin id="431" dir="0" index="1" bw="2" slack="0"/>
<pin id="432" dir="1" index="2" bw="0" slack="2147483647"/>
</pin_list>
<bind>
<opcode="store(28) " fcode="store"/>
<opset="store_ln194/1 "/>
</bind>
</comp>

<comp id="435" class="1004" name="tmp_2_fu_435">
<pin_list>
<pin id="436" dir="0" index="0" bw="577" slack="0"/>
<pin id="437" dir="0" index="1" bw="65" slack="1"/>
<pin id="438" dir="0" index="2" bw="512" slack="0"/>
<pin id="439" dir="1" index="3" bw="577" slack="0"/>
</pin_list>
<bind>
<opcode="bitconcatenate(1004) " fcode="bitconcatenate"/>
<opset="tmp_2/2 "/>
</bind>
</comp>

<comp id="442" class="1004" name="zext_ln174_2_fu_442">
<pin_list>
<pin id="443" dir="0" index="0" bw="577" slack="0"/>
<pin id="444" dir="1" index="1" bw="1024" slack="0"/>
</pin_list>
<bind>
<opcode="zext(34) " fcode="zext"/>
<opset="zext_ln174_2/2 "/>
</bind>
</comp>

<comp id="447" class="1004" name="or_ln_fu_447">
<pin_list>
<pin id="448" dir="0" index="0" bw="513" slack="0"/>
<pin id="449" dir="0" index="1" bw="1" slack="0"/>
<pin id="450" dir="0" index="2" bw="512" slack="0"/>
<pin id="451" dir="1" index="3" bw="513" slack="0"/>
</pin_list>
<bind>
<opcode="bitconcatenate(1004) " fcode="bitconcatenate"/>
<opset="or_ln/2 "/>
</bind>
</comp>

<comp id="455" class="1004" name="sext_ln174_fu_455">
<pin_list>
<pin id="456" dir="0" index="0" bw="513" slack="0"/>
<pin id="457" dir="1" index="1" bw="544" slack="0"/>
</pin_list>
<bind>
<opcode="sext(35) " fcode="sext"/>
<opset="sext_ln174/2 "/>
</bind>
</comp>

<comp id="459" class="1004" name="zext_ln174_fu_459">
<pin_list>
<pin id="460" dir="0" index="0" bw="513" slack="0"/>
<pin id="461" dir="1" index="1" bw="1024" slack="0"/>
</pin_list>
<bind>
<opcode="zext(34) " fcode="zext"/>
<opset="zext_ln174/2 "/>
</bind>
</comp>

<comp id="464" class="1005" name="gi_state_load_reg_464">
<pin_list>
<pin id="465" dir="0" index="0" bw="2" slack="1"/>
<pin id="466" dir="1" index="1" bw="2" slack="2147483647"/>
</pin_list>
<bind>
<opset="gi_state_load "/>
</bind>
</comp>

<comp id="468" class="1005" name="tmp_i_36_reg_468">
<pin_list>
<pin id="469" dir="0" index="0" bw="1" slack="1"/>
<pin id="470" dir="1" index="1" bw="1" slack="2147483647"/>
</pin_list>
<bind>
<opset="tmp_i_36 "/>
</bind>
</comp>

<comp id="472" class="1005" name="currWord_data_V_reg_472">
<pin_list>
<pin id="473" dir="0" index="0" bw="512" slack="1"/>
<pin id="474" dir="1" index="1" bw="512" slack="1"/>
</pin_list>
<bind>
<opset="currWord_data_V "/>
</bind>
</comp>

<comp id="480" class="1005" name="p_Result_13_reg_480">
<pin_list>
<pin id="481" dir="0" index="0" bw="512" slack="1"/>
<pin id="482" dir="1" index="1" bw="512" slack="1"/>
</pin_list>
<bind>
<opset="p_Result_13 "/>
</bind>
</comp>

<comp id="485" class="1005" name="tmp_reg_485">
<pin_list>
<pin id="486" dir="0" index="0" bw="65" slack="1"/>
<pin id="487" dir="1" index="1" bw="65" slack="1"/>
</pin_list>
<bind>
<opset="tmp "/>
</bind>
</comp>

<comp id="493" class="1005" name="p_Result_12_reg_493">
<pin_list>
<pin id="494" dir="0" index="0" bw="512" slack="1"/>
<pin id="495" dir="1" index="1" bw="512" slack="1"/>
</pin_list>
<bind>
<opset="p_Result_12 "/>
</bind>
</comp>

<comp id="498" class="1005" name="tmp_7_i_reg_498">
<pin_list>
<pin id="499" dir="0" index="0" bw="1" slack="1"/>
<pin id="500" dir="1" index="1" bw="1" slack="2147483647"/>
</pin_list>
<bind>
<opset="tmp_7_i "/>
</bind>
</comp>

<comp id="502" class="1005" name="tx_shift2ipv4Fifo_read_reg_502">
<pin_list>
<pin id="503" dir="0" index="0" bw="1024" slack="1"/>
<pin id="504" dir="1" index="1" bw="1024" slack="1"/>
</pin_list>
<bind>
<opset="tx_shift2ipv4Fifo_read "/>
</bind>
</comp>

<comp id="513" class="1005" name="zext_ln174_2_reg_513">
<pin_list>
<pin id="514" dir="0" index="0" bw="1024" slack="1"/>
<pin id="515" dir="1" index="1" bw="1024" slack="1"/>
</pin_list>
<bind>
<opset="zext_ln174_2 "/>
</bind>
</comp>

<comp id="518" class="1005" name="zext_ln174_reg_518">
<pin_list>
<pin id="519" dir="0" index="0" bw="1024" slack="1"/>
<pin id="520" dir="1" index="1" bw="1024" slack="1"/>
</pin_list>
<bind>
<opset="zext_ln174 "/>
</bind>
</comp>

</comp_list>

<net_list>
<net id="128"><net_src comp="16" pin="0"/><net_sink comp="124" pin=0"/></net>

<net id="129"><net_src comp="6" pin="0"/><net_sink comp="124" pin=1"/></net>

<net id="134"><net_src comp="18" pin="0"/><net_sink comp="130" pin=0"/></net>

<net id="135"><net_src comp="4" pin="0"/><net_sink comp="130" pin=1"/></net>

<net id="141"><net_src comp="44" pin="0"/><net_sink comp="136" pin=0"/></net>

<net id="142"><net_src comp="14" pin="0"/><net_sink comp="136" pin=1"/></net>

<net id="143"><net_src comp="32" pin="0"/><net_sink comp="136" pin=2"/></net>

<net id="148"><net_src comp="46" pin="0"/><net_sink comp="144" pin=0"/></net>

<net id="149"><net_src comp="14" pin="0"/><net_sink comp="144" pin=1"/></net>

<net id="155"><net_src comp="76" pin="0"/><net_sink comp="150" pin=0"/></net>

<net id="156"><net_src comp="0" pin="0"/><net_sink comp="150" pin=1"/></net>

<net id="157"><net_src comp="32" pin="0"/><net_sink comp="150" pin=2"/></net>

<net id="162"><net_src comp="78" pin="0"/><net_sink comp="158" pin=0"/></net>

<net id="163"><net_src comp="0" pin="0"/><net_sink comp="158" pin=1"/></net>

<net id="169"><net_src comp="120" pin="0"/><net_sink comp="164" pin=0"/></net>

<net id="170"><net_src comp="2" pin="0"/><net_sink comp="164" pin=1"/></net>

<net id="183"><net_src comp="74" pin="0"/><net_sink comp="180" pin=0"/></net>

<net id="190"><net_src comp="180" pin="1"/><net_sink comp="184" pin=2"/></net>

<net id="196"><net_src comp="48" pin="0"/><net_sink comp="191" pin=0"/></net>

<net id="197"><net_src comp="144" pin="2"/><net_sink comp="191" pin=1"/></net>

<net id="198"><net_src comp="50" pin="0"/><net_sink comp="191" pin=2"/></net>

<net id="203"><net_src comp="62" pin="0"/><net_sink comp="199" pin=1"/></net>

<net id="207"><net_src comp="8" pin="0"/><net_sink comp="204" pin=0"/></net>

<net id="211"><net_src comp="10" pin="0"/><net_sink comp="208" pin=0"/></net>

<net id="212"><net_src comp="208" pin="1"/><net_sink comp="199" pin=0"/></net>

<net id="216"><net_src comp="12" pin="0"/><net_sink comp="213" pin=0"/></net>

<net id="220"><net_src comp="144" pin="2"/><net_sink comp="217" pin=0"/></net>

<net id="226"><net_src comp="52" pin="0"/><net_sink comp="221" pin=0"/></net>

<net id="227"><net_src comp="208" pin="1"/><net_sink comp="221" pin=1"/></net>

<net id="228"><net_src comp="54" pin="0"/><net_sink comp="221" pin=2"/></net>

<net id="233"><net_src comp="221" pin="3"/><net_sink comp="229" pin=0"/></net>

<net id="234"><net_src comp="56" pin="0"/><net_sink comp="229" pin=1"/></net>

<net id="242"><net_src comp="58" pin="0"/><net_sink comp="235" pin=0"/></net>

<net id="243"><net_src comp="217" pin="1"/><net_sink comp="235" pin=1"/></net>

<net id="244"><net_src comp="213" pin="1"/><net_sink comp="235" pin=2"/></net>

<net id="245"><net_src comp="24" pin="0"/><net_sink comp="235" pin=3"/></net>

<net id="246"><net_src comp="60" pin="0"/><net_sink comp="235" pin=4"/></net>

<net id="251"><net_src comp="199" pin="2"/><net_sink comp="247" pin=0"/></net>

<net id="252"><net_src comp="10" pin="0"/><net_sink comp="247" pin=1"/></net>

<net id="259"><net_src comp="64" pin="0"/><net_sink comp="253" pin=0"/></net>

<net id="260"><net_src comp="144" pin="2"/><net_sink comp="253" pin=1"/></net>

<net id="261"><net_src comp="66" pin="0"/><net_sink comp="253" pin=2"/></net>

<net id="262"><net_src comp="68" pin="0"/><net_sink comp="253" pin=3"/></net>

<net id="267"><net_src comp="191" pin="3"/><net_sink comp="263" pin=0"/></net>

<net id="268"><net_src comp="70" pin="0"/><net_sink comp="263" pin=1"/></net>

<net id="274"><net_src comp="263" pin="2"/><net_sink comp="269" pin=0"/></net>

<net id="275"><net_src comp="38" pin="0"/><net_sink comp="269" pin=1"/></net>

<net id="276"><net_src comp="72" pin="0"/><net_sink comp="269" pin=2"/></net>

<net id="281"><net_src comp="269" pin="3"/><net_sink comp="277" pin=0"/></net>

<net id="282"><net_src comp="8" pin="0"/><net_sink comp="277" pin=1"/></net>

<net id="288"><net_src comp="52" pin="0"/><net_sink comp="283" pin=0"/></net>

<net id="289"><net_src comp="208" pin="1"/><net_sink comp="283" pin=1"/></net>

<net id="290"><net_src comp="54" pin="0"/><net_sink comp="283" pin=2"/></net>

<net id="295"><net_src comp="283" pin="3"/><net_sink comp="291" pin=0"/></net>

<net id="296"><net_src comp="56" pin="0"/><net_sink comp="291" pin=1"/></net>

<net id="304"><net_src comp="58" pin="0"/><net_sink comp="297" pin=0"/></net>

<net id="305"><net_src comp="74" pin="0"/><net_sink comp="297" pin=1"/></net>

<net id="306"><net_src comp="213" pin="1"/><net_sink comp="297" pin=2"/></net>

<net id="307"><net_src comp="24" pin="0"/><net_sink comp="297" pin=3"/></net>

<net id="308"><net_src comp="60" pin="0"/><net_sink comp="297" pin=4"/></net>

<net id="313"><net_src comp="199" pin="2"/><net_sink comp="309" pin=0"/></net>

<net id="314"><net_src comp="10" pin="0"/><net_sink comp="309" pin=1"/></net>

<net id="319"><net_src comp="42" pin="0"/><net_sink comp="315" pin=0"/></net>

<net id="320"><net_src comp="8" pin="0"/><net_sink comp="315" pin=1"/></net>

<net id="325"><net_src comp="72" pin="0"/><net_sink comp="321" pin=0"/></net>

<net id="326"><net_src comp="8" pin="0"/><net_sink comp="321" pin=1"/></net>

<net id="330"><net_src comp="158" pin="2"/><net_sink comp="327" pin=0"/></net>

<net id="337"><net_src comp="80" pin="0"/><net_sink comp="331" pin=0"/></net>

<net id="338"><net_src comp="158" pin="2"/><net_sink comp="331" pin=1"/></net>

<net id="339"><net_src comp="82" pin="0"/><net_sink comp="331" pin=2"/></net>

<net id="340"><net_src comp="84" pin="0"/><net_sink comp="331" pin=3"/></net>

<net id="345"><net_src comp="86" pin="0"/><net_sink comp="341" pin=0"/></net>

<net id="346"><net_src comp="10" pin="0"/><net_sink comp="341" pin=1"/></net>

<net id="351"><net_src comp="331" pin="4"/><net_sink comp="347" pin=0"/></net>

<net id="352"><net_src comp="88" pin="0"/><net_sink comp="347" pin=1"/></net>

<net id="359"><net_src comp="90" pin="0"/><net_sink comp="353" pin=0"/></net>

<net id="360"><net_src comp="347" pin="2"/><net_sink comp="353" pin=1"/></net>

<net id="361"><net_src comp="92" pin="0"/><net_sink comp="353" pin=2"/></net>

<net id="362"><net_src comp="94" pin="0"/><net_sink comp="353" pin=3"/></net>

<net id="366"><net_src comp="347" pin="2"/><net_sink comp="363" pin=0"/></net>

<net id="372"><net_src comp="96" pin="0"/><net_sink comp="367" pin=0"/></net>

<net id="373"><net_src comp="363" pin="1"/><net_sink comp="367" pin=1"/></net>

<net id="374"><net_src comp="353" pin="4"/><net_sink comp="367" pin=2"/></net>

<net id="382"><net_src comp="98" pin="0"/><net_sink comp="375" pin=0"/></net>

<net id="383"><net_src comp="213" pin="1"/><net_sink comp="375" pin=1"/></net>

<net id="384"><net_src comp="367" pin="3"/><net_sink comp="375" pin=2"/></net>

<net id="385"><net_src comp="100" pin="0"/><net_sink comp="375" pin=3"/></net>

<net id="386"><net_src comp="102" pin="0"/><net_sink comp="375" pin=4"/></net>

<net id="394"><net_src comp="104" pin="0"/><net_sink comp="387" pin=0"/></net>

<net id="395"><net_src comp="375" pin="5"/><net_sink comp="387" pin=1"/></net>

<net id="396"><net_src comp="327" pin="1"/><net_sink comp="387" pin=2"/></net>

<net id="397"><net_src comp="106" pin="0"/><net_sink comp="387" pin=3"/></net>

<net id="398"><net_src comp="60" pin="0"/><net_sink comp="387" pin=4"/></net>

<net id="406"><net_src comp="104" pin="0"/><net_sink comp="399" pin=0"/></net>

<net id="407"><net_src comp="387" pin="5"/><net_sink comp="399" pin=1"/></net>

<net id="408"><net_src comp="130" pin="2"/><net_sink comp="399" pin=2"/></net>

<net id="409"><net_src comp="108" pin="0"/><net_sink comp="399" pin=3"/></net>

<net id="410"><net_src comp="110" pin="0"/><net_sink comp="399" pin=4"/></net>

<net id="418"><net_src comp="112" pin="0"/><net_sink comp="411" pin=0"/></net>

<net id="419"><net_src comp="399" pin="5"/><net_sink comp="411" pin=1"/></net>

<net id="420"><net_src comp="124" pin="2"/><net_sink comp="411" pin=2"/></net>

<net id="421"><net_src comp="114" pin="0"/><net_sink comp="411" pin=3"/></net>

<net id="422"><net_src comp="116" pin="0"/><net_sink comp="411" pin=4"/></net>

<net id="427"><net_src comp="411" pin="5"/><net_sink comp="423" pin=0"/></net>

<net id="428"><net_src comp="12" pin="0"/><net_sink comp="423" pin=1"/></net>

<net id="433"><net_src comp="42" pin="0"/><net_sink comp="429" pin=0"/></net>

<net id="434"><net_src comp="8" pin="0"/><net_sink comp="429" pin=1"/></net>

<net id="440"><net_src comp="118" pin="0"/><net_sink comp="435" pin=0"/></net>

<net id="441"><net_src comp="174" pin="4"/><net_sink comp="435" pin=2"/></net>

<net id="445"><net_src comp="435" pin="3"/><net_sink comp="442" pin=0"/></net>

<net id="446"><net_src comp="442" pin="1"/><net_sink comp="164" pin=2"/></net>

<net id="452"><net_src comp="122" pin="0"/><net_sink comp="447" pin=0"/></net>

<net id="453"><net_src comp="70" pin="0"/><net_sink comp="447" pin=1"/></net>

<net id="454"><net_src comp="184" pin="4"/><net_sink comp="447" pin=2"/></net>

<net id="458"><net_src comp="447" pin="3"/><net_sink comp="455" pin=0"/></net>

<net id="462"><net_src comp="455" pin="1"/><net_sink comp="459" pin=0"/></net>

<net id="463"><net_src comp="459" pin="1"/><net_sink comp="164" pin=2"/></net>

<net id="467"><net_src comp="204" pin="1"/><net_sink comp="464" pin=0"/></net>

<net id="471"><net_src comp="136" pin="3"/><net_sink comp="468" pin=0"/></net>

<net id="475"><net_src comp="217" pin="1"/><net_sink comp="472" pin=0"/></net>

<net id="476"><net_src comp="472" pin="1"/><net_sink comp="174" pin=2"/></net>

<net id="483"><net_src comp="235" pin="5"/><net_sink comp="480" pin=0"/></net>

<net id="484"><net_src comp="480" pin="1"/><net_sink comp="174" pin=0"/></net>

<net id="488"><net_src comp="253" pin="4"/><net_sink comp="485" pin=0"/></net>

<net id="489"><net_src comp="485" pin="1"/><net_sink comp="435" pin=1"/></net>

<net id="496"><net_src comp="297" pin="5"/><net_sink comp="493" pin=0"/></net>

<net id="497"><net_src comp="493" pin="1"/><net_sink comp="184" pin=0"/></net>

<net id="501"><net_src comp="136" pin="3"/><net_sink comp="498" pin=0"/></net>

<net id="505"><net_src comp="144" pin="2"/><net_sink comp="502" pin=0"/></net>

<net id="506"><net_src comp="502" pin="1"/><net_sink comp="164" pin=2"/></net>

<net id="516"><net_src comp="442" pin="1"/><net_sink comp="513" pin=0"/></net>

<net id="517"><net_src comp="513" pin="1"/><net_sink comp="164" pin=2"/></net>

<net id="521"><net_src comp="459" pin="1"/><net_sink comp="518" pin=0"/></net>

<net id="522"><net_src comp="518" pin="1"/><net_sink comp="164" pin=2"/></net>

</net_list>

</model> 
---------------- Datapath Model END ------------------

* FSMD analyzer results:
  - Output states:
	Port: m_axis_tx_data | {3 }
	Port: gi_state | {1 }
	Port: header_idx_1 | {1 }
	Port: header_header_V_1 | {1 }
 - Input state : 
	Port: ipv4_generate_ipv4<512> : s_axis_tx_meta | {1 }
	Port: ipv4_generate_ipv4<512> : local_ipv4_address | {1 }
	Port: ipv4_generate_ipv4<512> : protocol | {1 }
	Port: ipv4_generate_ipv4<512> : gi_state | {1 }
	Port: ipv4_generate_ipv4<512> : header_idx_1 | {1 }
	Port: ipv4_generate_ipv4<512> : header_header_V_1 | {1 }
	Port: ipv4_generate_ipv4<512> : tx_shift2ipv4Fifo | {1 }
  - Chain level:
	State 1
		switch_ln175 : 1
		shl_ln76_1 : 1
		icmp_ln82_1 : 2
		br_ln82 : 3
		p_Result_13 : 1
		add_ln85_1 : 1
		store_ln85 : 2
		xor_ln222 : 1
		select_ln222_cast_i : 1
		store_ln222 : 2
		shl_ln : 1
		icmp_ln82 : 2
		br_ln82 : 3
		p_Result_12 : 1
		add_ln85 : 1
		store_ln85 : 2
		br_ln233 : 1
		len_V : 1
		tmp_8_i : 2
		trunc_ln674 : 2
		p_Result_8 : 3
		p_Result_9 : 4
		p_Result_10 : 5
		p_Result_11 : 6
		p_Result_s : 7
		store_ln414 : 8
	State 2
		tmp_2 : 1
		zext_ln174_2 : 2
		write_ln174 : 3
		or_ln : 1
		sext_ln174 : 2
		zext_ln174 : 3
		write_ln174 : 4
	State 3


============================================================
+ Verbose Summary: Datapath Resource usage 
============================================================

* Functional unit list:
|----------|-------------------------------------|---------|---------|
| Operation|           Functional Unit           |    FF   |   LUT   |
|----------|-------------------------------------|---------|---------|
|    add   |              grp_fu_199             |    0    |    23   |
|          |             len_V_fu_347            |    0    |    23   |
|----------|-------------------------------------|---------|---------|
|   icmp   |          icmp_ln82_1_fu_229         |    0    |    16   |
|          |           icmp_ln82_fu_291          |    0    |    16   |
|----------|-------------------------------------|---------|---------|
|    xor   |           xor_ln222_fu_263          |    0    |    2    |
|----------|-------------------------------------|---------|---------|
|  select  |      select_ln222_cast_i_fu_269     |    0    |    2    |
|----------|-------------------------------------|---------|---------|
|          |      protocol_read_read_fu_124      |    0    |    0    |
|   read   | local_ipv4_address_read_read_fu_130 |    0    |    0    |
|          |           grp_read_fu_144           |    0    |    0    |
|          |   s_axis_tx_meta_read_read_fu_158   |    0    |    0    |
|----------|-------------------------------------|---------|---------|
| nbreadreq|         grp_nbreadreq_fu_136        |    0    |    0    |
|          |        tmp_i_nbreadreq_fu_150       |    0    |    0    |
|----------|-------------------------------------|---------|---------|
|   write  |           grp_write_fu_164          |    0    |    0    |
|----------|-------------------------------------|---------|---------|
| bitselect|              grp_fu_191             |    0    |    0    |
|----------|-------------------------------------|---------|---------|
|          |        currWord_data_V_fu_217       |    0    |    0    |
|   trunc  |     meta_their_address_V_fu_327     |    0    |    0    |
|          |          trunc_ln674_fu_363         |    0    |    0    |
|----------|-------------------------------------|---------|---------|
|          |          shl_ln76_1_fu_221          |    0    |    0    |
|          |            shl_ln_fu_283            |    0    |    0    |
|bitconcatenate|          p_Result_8_fu_367          |    0    |    0    |
|          |             tmp_2_fu_435            |    0    |    0    |
|          |             or_ln_fu_447            |    0    |    0    |
|----------|-------------------------------------|---------|---------|
|          |          p_Result_13_fu_235         |    0    |    0    |
|          |          p_Result_12_fu_297         |    0    |    0    |
|  partset |          p_Result_9_fu_375          |    0    |    0    |
|          |          p_Result_10_fu_387         |    0    |    0    |
|          |          p_Result_11_fu_399         |    0    |    0    |
|          |          p_Result_s_fu_411          |    0    |    0    |
|----------|-------------------------------------|---------|---------|
|          |              tmp_fu_253             |    0    |    0    |
|partselect|         meta_length_V_fu_331        |    0    |    0    |
|          |            tmp_8_i_fu_353           |    0    |    0    |
|----------|-------------------------------------|---------|---------|
|   zext   |         zext_ln174_2_fu_442         |    0    |    0    |
|          |          zext_ln174_fu_459          |    0    |    0    |
|----------|-------------------------------------|---------|---------|
|   sext   |          sext_ln174_fu_455          |    0    |    0    |
|----------|-------------------------------------|---------|---------|
|   Total  |                                     |    0    |    82   |
|----------|-------------------------------------|---------|---------|

Memories:
N/A

* Register list:
+------------------------------+--------+
|                              |   FF   |
+------------------------------+--------+
|   currWord_data_V_1_reg_180  |   512  |
|   currWord_data_V_3_reg_171  |   512  |
|    currWord_data_V_reg_472   |   512  |
|     gi_state_load_reg_464    |    2   |
|      p_Result_12_reg_493     |   512  |
|      p_Result_13_reg_480     |   512  |
|        tmp_7_i_reg_498       |    1   |
|       tmp_i_36_reg_468       |    1   |
|          tmp_reg_485         |   65   |
|tx_shift2ipv4Fifo_read_reg_502|  1024  |
|     zext_ln174_2_reg_513     |  1024  |
|      zext_ln174_reg_518      |  1024  |
+------------------------------+--------+
|             Total            |  5701  |
+------------------------------+--------+

* Multiplexer (MUX) list: 
|------------------|------|------|------|--------||---------||---------|
|       Comp       |  Pin | Size |  BW  | S x BW ||  Delay  ||   LUT   |
|------------------|------|------|------|--------||---------||---------|
| grp_write_fu_164 |  p2  |   5  | 1024 |  5120  ||    26   |
|------------------|------|------|------|--------||---------||---------|
|       Total      |      |      |      |  5120  || 0.485571||    26   |
|------------------|------|------|------|--------||---------||---------|



* Summary:
+-----------+--------+--------+--------+
|           |  Delay |   FF   |   LUT  |
+-----------+--------+--------+--------+
|  Function |    -   |    0   |   82   |
|   Memory  |    -   |    -   |    -   |
|Multiplexer|    0   |    -   |   26   |
|  Register |    -   |  5701  |    -   |
+-----------+--------+--------+--------+
|   Total   |    0   |  5701  |   108  |
+-----------+--------+--------+--------+
