

================================================================
== Vitis HLS Report for 'ipv4_top'
================================================================
* Date:           Tue Jul 11 09:19:31 2023

* Version:        2022.1 (Build 3526262 on Mon Apr 18 15:47:01 MDT 2022)
* Project:        ipv4_prj
* Solution:       solution1 (Vivado IP Flow Target)
* Product family: virtexuplus
* Target device:  xcu280-fsvh2892-2L-e


================================================================
== Performance Estimates
================================================================
+ Timing: 
    * Summary: 
    +--------+---------+----------+------------+
    |  Clock |  Target | Estimated| Uncertainty|
    +--------+---------+----------+------------+
    |ap_clk  |  3.20 ns|  3.114 ns|     0.86 ns|
    +--------+---------+----------+------------+

+ Latency: 
    * Summary: 
    +---------+---------+-----------+-----------+-----+-----+----------+
    |  Latency (cycles) |   Latency (absolute)  |  Interval | Pipeline |
    |   min   |   max   |    min    |    max    | min | max |   Type   |
    +---------+---------+-----------+-----------+-----+-----+----------+
    |        4|        4|  12.800 ns|  12.800 ns|    1|    1|  dataflow|
    +---------+---------+-----------+-----------+-----+-----+----------+

    + Detail: 
        * Instance: 
        +-----------------------------------------------+------------------------------------+---------+---------+----------+----------+-----+-----+---------+
        |                                               |                                    |  Latency (cycles) |  Latency (absolute) |  Interval | Pipeline|
        |                    Instance                   |               Module               |   min   |   max   |    min   |    max   | min | max |   Type  |
        +-----------------------------------------------+------------------------------------+---------+---------+----------+----------+-----+-----+---------+
        |grp_process_ipv4_512_s_fu_116                  |process_ipv4_512_s                  |        2|        2|  6.400 ns|  6.400 ns|    1|    1|      yes|
        |grp_ipv4_lshiftWordByOctet_512_2_s_fu_136      |ipv4_lshiftWordByOctet_512_2_s      |        1|        1|  3.200 ns|  3.200 ns|    1|    1|      yes|
        |grp_ipv4_generate_ipv4_512_s_fu_152            |ipv4_generate_ipv4_512_s            |        2|        2|  6.400 ns|  6.400 ns|    1|    1|      yes|
        |grp_ipv4_drop_optional_ip_header_512_s_fu_170  |ipv4_drop_optional_ip_header_512_s  |        2|        2|  6.400 ns|  6.400 ns|    1|    1|      yes|
        +-----------------------------------------------+------------------------------------+---------+---------+----------+----------+-----+-----+---------+

        * Loop: 
        N/A

============================================================
+ Verbose Summary: Synthesis Manager
============================================================
InlineROM: 1
ExposeGlobal: 0
============================================================
+ Verbose Summary: CDFG Model
============================================================
IsTopModel: 1
ResetActiveHigh: 1
IsCombinational: 2
IsDatapathOnly: 0
HasWiredReturn: 1
HasMFsm: 0
HasVarLatency: 1
IsPipeline: 0
IsRtlPipelined: 0
IsInstanceOverlapped: 0
IsDontTouch: 0
HasImplIP: 0
IsGatedGlobalClock: 0


============================================================
+ Verbose Summary: Schedule
============================================================
* Number of FSM states : 8
* Pipeline : 0
* Dataflow Pipeline: 1
  DF-Pipeline-0: Size = 8, States = { 1 2 3 4 5 6 7 8 }

* FSM state transitions: 
1 --> 2 
2 --> 3 
3 --> 4 
4 --> 5 
5 --> 6 
6 --> 7 
7 --> 8 
8 --> 

* FSM state operations: 

State 1 <SV = 0> <Delay = 0.00>
ST_1 : Operation 9 [2/2] (0.00ns)   --->   "%protocol_read = read i8 @_ssdm_op_Read.ap_stable.i8, i8 %protocol" [/mnt/scratch/pyuvaraj/Vitis_RoCE_W/Vitis_RoCE/fpga-network-stack/hls/ipv4/ipv4.cpp:286]   --->   Operation 9 'read' 'protocol_read' <Predicate = true> <Delay = 0.00>
ST_1 : Operation 10 [2/2] (0.00ns)   --->   "%local_ipv4_address_read = read i32 @_ssdm_op_Read.ap_stable.i32, i32 %local_ipv4_address" [/mnt/scratch/pyuvaraj/Vitis_RoCE_W/Vitis_RoCE/fpga-network-stack/hls/ipv4/ipv4.cpp:286]   --->   Operation 10 'read' 'local_ipv4_address_read' <Predicate = true> <Delay = 0.00>

State 2 <SV = 1> <Delay = 0.00>
ST_2 : Operation 11 [1/2] (0.00ns)   --->   "%protocol_read = read i8 @_ssdm_op_Read.ap_stable.i8, i8 %protocol" [/mnt/scratch/pyuvaraj/Vitis_RoCE_W/Vitis_RoCE/fpga-network-stack/hls/ipv4/ipv4.cpp:286]   --->   Operation 11 'read' 'protocol_read' <Predicate = true> <Delay = 0.00>
ST_2 : Operation 12 [1/2] (0.00ns)   --->   "%local_ipv4_address_read = read i32 @_ssdm_op_Read.ap_stable.i32, i32 %local_ipv4_address" [/mnt/scratch/pyuvaraj/Vitis_RoCE_W/Vitis_RoCE/fpga-network-stack/hls/ipv4/ipv4.cpp:286]   --->   Operation 12 'read' 'local_ipv4_address_read' <Predicate = true> <Delay = 0.00>
ST_2 : Operation 13 [3/3] (0.00ns)   --->   "%call_ln269 = call void @process_ipv4<512>, i1024 %s_axis_rx_data, i64 %m_axis_rx_meta, i1 %header_ready, i16 %header_idx, i160 %header_header_V, i1024 %rx_process2dropFifo, i1 %metaWritten, i4 %rx_process2dropLengthFifo" [/mnt/scratch/pyuvaraj/Vitis_RoCE_W/Vitis_RoCE/fpga-network-stack/hls/ipv4/ipv4.cpp:269]   --->   Operation 13 'call' 'call_ln269' <Predicate = true> <Delay = 0.00> <CoreType = "Generic">   --->   Core 0 '' <Latency = 0> <II = 1> <Delay = 1.00> <Generic> <Opcode : >
ST_2 : Operation 14 [2/2] (0.00ns)   --->   "%call_ln276 = call void @ipv4_lshiftWordByOctet<512, 2>, i1024 %s_axis_tx_data, i1 %ls_writeRemainder, i512 %prevWord_data_V, i64 %prevWord_keep_V, i1024 %tx_shift2ipv4Fifo, i1 %ls_firstWord" [/mnt/scratch/pyuvaraj/Vitis_RoCE_W/Vitis_RoCE/fpga-network-stack/hls/ipv4/ipv4.cpp:276]   --->   Operation 14 'call' 'call_ln276' <Predicate = true> <Delay = 0.00> <CoreType = "Generic">   --->   Core 0 '' <Latency = 0> <II = 1> <Delay = 1.00> <Generic> <Opcode : >

State 3 <SV = 2> <Delay = 0.00>
ST_3 : Operation 15 [2/3] (0.00ns)   --->   "%call_ln269 = call void @process_ipv4<512>, i1024 %s_axis_rx_data, i64 %m_axis_rx_meta, i1 %header_ready, i16 %header_idx, i160 %header_header_V, i1024 %rx_process2dropFifo, i1 %metaWritten, i4 %rx_process2dropLengthFifo" [/mnt/scratch/pyuvaraj/Vitis_RoCE_W/Vitis_RoCE/fpga-network-stack/hls/ipv4/ipv4.cpp:269]   --->   Operation 15 'call' 'call_ln269' <Predicate = true> <Delay = 0.00> <CoreType = "Generic">   --->   Core 0 '' <Latency = 0> <II = 1> <Delay = 1.00> <Generic> <Opcode : >
ST_3 : Operation 16 [1/2] (0.00ns)   --->   "%call_ln276 = call void @ipv4_lshiftWordByOctet<512, 2>, i1024 %s_axis_tx_data, i1 %ls_writeRemainder, i512 %prevWord_data_V, i64 %prevWord_keep_V, i1024 %tx_shift2ipv4Fifo, i1 %ls_firstWord" [/mnt/scratch/pyuvaraj/Vitis_RoCE_W/Vitis_RoCE/fpga-network-stack/hls/ipv4/ipv4.cpp:276]   --->   Operation 16 'call' 'call_ln276' <Predicate = true> <Delay = 0.00> <CoreType = "Generic">   --->   Core 0 '' <Latency = 0> <II = 1> <Delay = 1.00> <Generic> <Opcode : >

State 4 <SV = 3> <Delay = 0.00>
ST_4 : Operation 17 [1/3] (0.00ns)   --->   "%call_ln269 = call void @process_ipv4<512>, i1024 %s_axis_rx_data, i64 %m_axis_rx_meta, i1 %header_ready, i16 %header_idx, i160 %header_header_V, i1024 %rx_process2dropFifo, i1 %metaWritten, i4 %rx_process2dropLengthFifo" [/mnt/scratch/pyuvaraj/Vitis_RoCE_W/Vitis_RoCE/fpga-network-stack/hls/ipv4/ipv4.cpp:269]   --->   Operation 17 'call' 'call_ln269' <Predicate = true> <Delay = 0.00> <CoreType = "Generic">   --->   Core 0 '' <Latency = 0> <II = 1> <Delay = 1.00> <Generic> <Opcode : >
ST_4 : Operation 18 [3/3] (0.00ns)   --->   "%call_ln277 = call void @ipv4_generate_ipv4<512>, i64 %s_axis_tx_meta, i1024 %m_axis_tx_data, i32 %local_ipv4_address_read, i8 %protocol_read, i2 %gi_state, i16 %header_idx_1, i160 %header_header_V_1, i1024 %tx_shift2ipv4Fifo" [/mnt/scratch/pyuvaraj/Vitis_RoCE_W/Vitis_RoCE/fpga-network-stack/hls/ipv4/ipv4.cpp:277]   --->   Operation 18 'call' 'call_ln277' <Predicate = true> <Delay = 0.00> <CoreType = "Generic">   --->   Core 0 '' <Latency = 0> <II = 1> <Delay = 1.00> <Generic> <Opcode : >

State 5 <SV = 4> <Delay = 1.86>
ST_5 : Operation 19 [3/3] (0.00ns)   --->   "%call_ln271 = call void @ipv4_drop_optional_ip_header<512>, i1024 %m_axis_rx_data, i3 %doh_state, i512 %prevWord_data_V_1, i64 %prevWord_keep_V_1, i4 %rx_process2dropLengthFifo, i1024 %rx_process2dropFifo, i4 %length_V" [/mnt/scratch/pyuvaraj/Vitis_RoCE_W/Vitis_RoCE/fpga-network-stack/hls/ipv4/ipv4.cpp:271]   --->   Operation 19 'call' 'call_ln271' <Predicate = true> <Delay = 0.00> <CoreType = "Generic">   --->   Core 0 '' <Latency = 0> <II = 1> <Delay = 1.00> <Generic> <Opcode : >
ST_5 : Operation 20 [2/3] (1.86ns)   --->   "%call_ln277 = call void @ipv4_generate_ipv4<512>, i64 %s_axis_tx_meta, i1024 %m_axis_tx_data, i32 %local_ipv4_address_read, i8 %protocol_read, i2 %gi_state, i16 %header_idx_1, i160 %header_header_V_1, i1024 %tx_shift2ipv4Fifo" [/mnt/scratch/pyuvaraj/Vitis_RoCE_W/Vitis_RoCE/fpga-network-stack/hls/ipv4/ipv4.cpp:277]   --->   Operation 20 'call' 'call_ln277' <Predicate = true> <Delay = 1.86> <CoreType = "Generic">   --->   Core 0 '' <Latency = 0> <II = 1> <Delay = 1.00> <Generic> <Opcode : >

State 6 <SV = 5> <Delay = 3.11>
ST_6 : Operation 21 [2/3] (3.11ns)   --->   "%call_ln271 = call void @ipv4_drop_optional_ip_header<512>, i1024 %m_axis_rx_data, i3 %doh_state, i512 %prevWord_data_V_1, i64 %prevWord_keep_V_1, i4 %rx_process2dropLengthFifo, i1024 %rx_process2dropFifo, i4 %length_V" [/mnt/scratch/pyuvaraj/Vitis_RoCE_W/Vitis_RoCE/fpga-network-stack/hls/ipv4/ipv4.cpp:271]   --->   Operation 21 'call' 'call_ln271' <Predicate = true> <Delay = 3.11> <CoreType = "Generic">   --->   Core 0 '' <Latency = 0> <II = 1> <Delay = 1.00> <Generic> <Opcode : >
ST_6 : Operation 22 [1/3] (0.00ns)   --->   "%call_ln277 = call void @ipv4_generate_ipv4<512>, i64 %s_axis_tx_meta, i1024 %m_axis_tx_data, i32 %local_ipv4_address_read, i8 %protocol_read, i2 %gi_state, i16 %header_idx_1, i160 %header_header_V_1, i1024 %tx_shift2ipv4Fifo" [/mnt/scratch/pyuvaraj/Vitis_RoCE_W/Vitis_RoCE/fpga-network-stack/hls/ipv4/ipv4.cpp:277]   --->   Operation 22 'call' 'call_ln277' <Predicate = true> <Delay = 0.00> <CoreType = "Generic">   --->   Core 0 '' <Latency = 0> <II = 1> <Delay = 1.00> <Generic> <Opcode : >

State 7 <SV = 6> <Delay = 0.00>
ST_7 : Operation 23 [1/3] (0.00ns)   --->   "%call_ln271 = call void @ipv4_drop_optional_ip_header<512>, i1024 %m_axis_rx_data, i3 %doh_state, i512 %prevWord_data_V_1, i64 %prevWord_keep_V_1, i4 %rx_process2dropLengthFifo, i1024 %rx_process2dropFifo, i4 %length_V" [/mnt/scratch/pyuvaraj/Vitis_RoCE_W/Vitis_RoCE/fpga-network-stack/hls/ipv4/ipv4.cpp:271]   --->   Operation 23 'call' 'call_ln271' <Predicate = true> <Delay = 0.00> <CoreType = "Generic">   --->   Core 0 '' <Latency = 0> <II = 1> <Delay = 1.00> <Generic> <Opcode : >

State 8 <SV = 7> <Delay = 0.00>
ST_8 : Operation 24 [1/1] (0.00ns)   --->   "%specdataflowpipeline_ln289 = specdataflowpipeline void @_ssdm_op_SpecDataflowPipeline, i32 4294967295, i32 1, void @empty_1" [/mnt/scratch/pyuvaraj/Vitis_RoCE_W/Vitis_RoCE/fpga-network-stack/hls/ipv4/ipv4.cpp:289]   --->   Operation 24 'specdataflowpipeline' 'specdataflowpipeline_ln289' <Predicate = true> <Delay = 0.00>
ST_8 : Operation 25 [1/1] (0.00ns)   --->   "%empty = specchannel i32 @_ssdm_op_SpecChannel, void @rx_process2dropFifo_str, i32 1, void @p_str, void @p_str, i32 8, i32 8, i1024 %rx_process2dropFifo, i1024 %rx_process2dropFifo"   --->   Operation 25 'specchannel' 'empty' <Predicate = true> <Delay = 0.00>
ST_8 : Operation 26 [1/1] (0.00ns)   --->   "%empty_34 = specchannel i32 @_ssdm_op_SpecChannel, void @rx_process2dropLengthFifo_str, i32 1, void @p_str, void @p_str, i32 2, i32 2, i4 %rx_process2dropLengthFifo, i4 %rx_process2dropLengthFifo"   --->   Operation 26 'specchannel' 'empty_34' <Predicate = true> <Delay = 0.00>
ST_8 : Operation 27 [1/1] (0.00ns)   --->   "%empty_35 = specchannel i32 @_ssdm_op_SpecChannel, void @tx_shift2ipv4Fifo_str, i32 1, void @p_str, void @p_str, i32 8, i32 8, i1024 %tx_shift2ipv4Fifo, i1024 %tx_shift2ipv4Fifo"   --->   Operation 27 'specchannel' 'empty_35' <Predicate = true> <Delay = 0.00>
ST_8 : Operation 28 [1/1] (0.00ns)   --->   "%spectopmodule_ln280 = spectopmodule void @_ssdm_op_SpecTopModule, void @empty_4" [/mnt/scratch/pyuvaraj/Vitis_RoCE_W/Vitis_RoCE/fpga-network-stack/hls/ipv4/ipv4.cpp:280]   --->   Operation 28 'spectopmodule' 'spectopmodule_ln280' <Predicate = true> <Delay = 0.00>
ST_8 : Operation 29 [1/1] (0.00ns)   --->   "%specinterface_ln0 = specinterface void @_ssdm_op_SpecInterface, i1024 %s_axis_rx_data, void @empty, i32 1, i32 1, void @empty_0, i32 0, i32 0, void @empty_1, void @empty_1, void @empty_1, i32 0, i32 0, i32 0, i32 0, void @empty_1, void @empty_1, i32 4294967295, i32 0"   --->   Operation 29 'specinterface' 'specinterface_ln0' <Predicate = true> <Delay = 0.00>
ST_8 : Operation 30 [1/1] (0.00ns)   --->   "%specbitsmap_ln0 = specbitsmap void @_ssdm_op_SpecBitsMap, i1024 %s_axis_rx_data"   --->   Operation 30 'specbitsmap' 'specbitsmap_ln0' <Predicate = true> <Delay = 0.00>
ST_8 : Operation 31 [1/1] (0.00ns)   --->   "%specinterface_ln0 = specinterface void @_ssdm_op_SpecInterface, i64 %m_axis_rx_meta, void @empty, i32 1, i32 1, void @empty_0, i32 0, i32 0, void @empty_1, void @empty_1, void @empty_1, i32 0, i32 0, i32 0, i32 0, void @empty_1, void @empty_1, i32 4294967295, i32 0"   --->   Operation 31 'specinterface' 'specinterface_ln0' <Predicate = true> <Delay = 0.00>
ST_8 : Operation 32 [1/1] (0.00ns)   --->   "%specbitsmap_ln0 = specbitsmap void @_ssdm_op_SpecBitsMap, i64 %m_axis_rx_meta"   --->   Operation 32 'specbitsmap' 'specbitsmap_ln0' <Predicate = true> <Delay = 0.00>
ST_8 : Operation 33 [1/1] (0.00ns)   --->   "%specinterface_ln0 = specinterface void @_ssdm_op_SpecInterface, i1024 %m_axis_rx_data, void @empty, i32 1, i32 1, void @empty_0, i32 0, i32 0, void @empty_1, void @empty_1, void @empty_1, i32 0, i32 0, i32 0, i32 0, void @empty_1, void @empty_1, i32 4294967295, i32 0"   --->   Operation 33 'specinterface' 'specinterface_ln0' <Predicate = true> <Delay = 0.00>
ST_8 : Operation 34 [1/1] (0.00ns)   --->   "%specbitsmap_ln0 = specbitsmap void @_ssdm_op_SpecBitsMap, i1024 %m_axis_rx_data"   --->   Operation 34 'specbitsmap' 'specbitsmap_ln0' <Predicate = true> <Delay = 0.00>
ST_8 : Operation 35 [1/1] (0.00ns)   --->   "%specinterface_ln0 = specinterface void @_ssdm_op_SpecInterface, i64 %s_axis_tx_meta, void @empty, i32 1, i32 1, void @empty_0, i32 0, i32 0, void @empty_1, void @empty_1, void @empty_1, i32 0, i32 0, i32 0, i32 0, void @empty_1, void @empty_1, i32 4294967295, i32 0"   --->   Operation 35 'specinterface' 'specinterface_ln0' <Predicate = true> <Delay = 0.00>
ST_8 : Operation 36 [1/1] (0.00ns)   --->   "%specbitsmap_ln0 = specbitsmap void @_ssdm_op_SpecBitsMap, i64 %s_axis_tx_meta"   --->   Operation 36 'specbitsmap' 'specbitsmap_ln0' <Predicate = true> <Delay = 0.00>
ST_8 : Operation 37 [1/1] (0.00ns)   --->   "%specinterface_ln0 = specinterface void @_ssdm_op_SpecInterface, i1024 %s_axis_tx_data, void @empty, i32 1, i32 1, void @empty_0, i32 0, i32 0, void @empty_1, void @empty_1, void @empty_1, i32 0, i32 0, i32 0, i32 0, void @empty_1, void @empty_1, i32 4294967295, i32 0"   --->   Operation 37 'specinterface' 'specinterface_ln0' <Predicate = true> <Delay = 0.00>
ST_8 : Operation 38 [1/1] (0.00ns)   --->   "%specbitsmap_ln0 = specbitsmap void @_ssdm_op_SpecBitsMap, i1024 %s_axis_tx_data"   --->   Operation 38 'specbitsmap' 'specbitsmap_ln0' <Predicate = true> <Delay = 0.00>
ST_8 : Operation 39 [1/1] (0.00ns)   --->   "%specinterface_ln0 = specinterface void @_ssdm_op_SpecInterface, i1024 %m_axis_tx_data, void @empty, i32 1, i32 1, void @empty_0, i32 0, i32 0, void @empty_1, void @empty_1, void @empty_1, i32 0, i32 0, i32 0, i32 0, void @empty_1, void @empty_1, i32 4294967295, i32 0"   --->   Operation 39 'specinterface' 'specinterface_ln0' <Predicate = true> <Delay = 0.00>
ST_8 : Operation 40 [1/1] (0.00ns)   --->   "%specbitsmap_ln0 = specbitsmap void @_ssdm_op_SpecBitsMap, i1024 %m_axis_tx_data"   --->   Operation 40 'specbitsmap' 'specbitsmap_ln0' <Predicate = true> <Delay = 0.00>
ST_8 : Operation 41 [1/1] (0.00ns)   --->   "%specbitsmap_ln0 = specbitsmap void @_ssdm_op_SpecBitsMap, i32 %local_ipv4_address"   --->   Operation 41 'specbitsmap' 'specbitsmap_ln0' <Predicate = true> <Delay = 0.00>
ST_8 : Operation 42 [1/1] (0.00ns)   --->   "%specinterface_ln0 = specinterface void @_ssdm_op_SpecInterface, i32 %local_ipv4_address, void @empty_2, i32 1, i32 1, void @empty_1, i32 0, i32 0, void @empty_1, void @empty_1, void @empty_1, i32 0, i32 0, i32 0, i32 0, void @empty_1, void @empty_1, i32 4294967295, i32 0"   --->   Operation 42 'specinterface' 'specinterface_ln0' <Predicate = true> <Delay = 0.00>
ST_8 : Operation 43 [1/1] (0.00ns)   --->   "%specbitsmap_ln0 = specbitsmap void @_ssdm_op_SpecBitsMap, i8 %protocol"   --->   Operation 43 'specbitsmap' 'specbitsmap_ln0' <Predicate = true> <Delay = 0.00>
ST_8 : Operation 44 [1/1] (0.00ns)   --->   "%specinterface_ln0 = specinterface void @_ssdm_op_SpecInterface, i8 %protocol, void @empty_2, i32 1, i32 1, void @empty_1, i32 0, i32 0, void @empty_1, void @empty_1, void @empty_1, i32 0, i32 0, i32 0, i32 0, void @empty_1, void @empty_1, i32 4294967295, i32 0"   --->   Operation 44 'specinterface' 'specinterface_ln0' <Predicate = true> <Delay = 0.00>
ST_8 : Operation 45 [1/1] (0.00ns)   --->   "%specinterface_ln0 = specinterface void @_ssdm_op_SpecInterface, i1024 %rx_process2dropFifo, void @empty_3, i32 0, i32 0, void @empty_1, i32 0, i32 0, void @empty_1, void @empty_1, void @empty_1, i32 0, i32 0, i32 0, i32 0, void @empty_1, void @empty_1, i32 4294967295, i32 0"   --->   Operation 45 'specinterface' 'specinterface_ln0' <Predicate = true> <Delay = 0.00>
ST_8 : Operation 46 [1/1] (0.00ns)   --->   "%specinterface_ln0 = specinterface void @_ssdm_op_SpecInterface, i4 %rx_process2dropLengthFifo, void @empty_3, i32 0, i32 0, void @empty_1, i32 0, i32 0, void @empty_1, void @empty_1, void @empty_1, i32 0, i32 0, i32 0, i32 0, void @empty_1, void @empty_1, i32 4294967295, i32 0"   --->   Operation 46 'specinterface' 'specinterface_ln0' <Predicate = true> <Delay = 0.00>
ST_8 : Operation 47 [1/1] (0.00ns)   --->   "%specinterface_ln0 = specinterface void @_ssdm_op_SpecInterface, i1024 %tx_shift2ipv4Fifo, void @empty_3, i32 0, i32 0, void @empty_1, i32 0, i32 0, void @empty_1, void @empty_1, void @empty_1, i32 0, i32 0, i32 0, i32 0, void @empty_1, void @empty_1, i32 4294967295, i32 0"   --->   Operation 47 'specinterface' 'specinterface_ln0' <Predicate = true> <Delay = 0.00>
ST_8 : Operation 48 [1/1] (0.00ns)   --->   "%ret_ln312 = ret" [/mnt/scratch/pyuvaraj/Vitis_RoCE_W/Vitis_RoCE/fpga-network-stack/hls/ipv4/ipv4.cpp:312]   --->   Operation 48 'ret' 'ret_ln312' <Predicate = true> <Delay = 0.00>


============================================================
+ Verbose Summary: Binding
============================================================
STG Binding: 
---------------- STG Properties BEGIN ----------------
- Is combinational: 0
- Is one-state seq: 0
- Is datapath-only: 0
- Is pipelined: 0
- Is top level: 1
Port [ Return ] is wired: 1; IO mode=ap_ctrl_hs:ce=0
Port [ s_axis_rx_data]:  wired=1; compound=1; hidden=0; nouse=0; global=0; static=0; extern=0; dir=0; type=0; pingpong=0; private_global=0; IO mode=axis:ce=0
Port [ m_axis_rx_meta]:  wired=1; compound=1; hidden=0; nouse=0; global=0; static=0; extern=0; dir=1; type=0; pingpong=0; private_global=0; IO mode=axis:ce=0
Port [ m_axis_rx_data]:  wired=1; compound=1; hidden=0; nouse=0; global=0; static=0; extern=0; dir=1; type=0; pingpong=0; private_global=0; IO mode=axis:ce=0
Port [ s_axis_tx_meta]:  wired=1; compound=1; hidden=0; nouse=0; global=0; static=0; extern=0; dir=0; type=0; pingpong=0; private_global=0; IO mode=axis:ce=0
Port [ s_axis_tx_data]:  wired=1; compound=1; hidden=0; nouse=0; global=0; static=0; extern=0; dir=0; type=0; pingpong=0; private_global=0; IO mode=axis:ce=0
Port [ m_axis_tx_data]:  wired=1; compound=1; hidden=0; nouse=0; global=0; static=0; extern=0; dir=1; type=0; pingpong=0; private_global=0; IO mode=axis:ce=0
Port [ local_ipv4_address]:  wired=1; compound=0; hidden=0; nouse=0; global=0; static=0; extern=0; dir=0; type=0; pingpong=0; private_global=0; IO mode=ap_stable:ce=0
Port [ protocol]:  wired=1; compound=0; hidden=0; nouse=0; global=0; static=0; extern=0; dir=0; type=0; pingpong=0; private_global=0; IO mode=ap_stable:ce=0
Port [ header_ready]:  wired=0; compound=0; hidden=1; nouse=1; global=1; static=1; extern=0; dir=2; type=0; pingpong=0; private_global=0; IO mode=ap_ovld:ce=0
Port [ header_idx]:  wired=0; compound=0; hidden=1; nouse=1; global=1; static=1; extern=0; dir=2; type=0; pingpong=0; private_global=0; IO mode=ap_ovld:ce=0
Port [ header_header_V]:  wired=0; compound=0; hidden=1; nouse=1; global=1; static=1; extern=0; dir=2; type=0; pingpong=0; private_global=0; IO mode=ap_ovld:ce=0
Port [ rx_process2dropFifo]:  wired=0; compound=1; hidden=1; nouse=0; global=1; static=1; extern=0; dir=2; type=3; pingpong=0; private_global=1; IO mode=ap_fifo:ce=0
Port [ metaWritten]:  wired=0; compound=0; hidden=1; nouse=1; global=1; static=1; extern=0; dir=2; type=0; pingpong=0; private_global=0; IO mode=ap_ovld:ce=0
Port [ rx_process2dropLengthFifo]:  wired=0; compound=1; hidden=1; nouse=0; global=1; static=1; extern=0; dir=2; type=3; pingpong=0; private_global=1; IO mode=ap_fifo:ce=0
Port [ doh_state]:  wired=0; compound=0; hidden=1; nouse=1; global=1; static=1; extern=0; dir=2; type=0; pingpong=0; private_global=0; IO mode=ap_ovld:ce=0
Port [ prevWord_data_V_1]:  wired=0; compound=0; hidden=1; nouse=1; global=1; static=1; extern=0; dir=2; type=0; pingpong=0; private_global=0; IO mode=ap_ovld:ce=0
Port [ prevWord_keep_V_1]:  wired=0; compound=0; hidden=1; nouse=1; global=1; static=1; extern=0; dir=2; type=0; pingpong=0; private_global=0; IO mode=ap_ovld:ce=0
Port [ length_V]:  wired=0; compound=0; hidden=1; nouse=1; global=1; static=1; extern=0; dir=2; type=0; pingpong=0; private_global=0; IO mode=ap_ovld:ce=0
Port [ ls_writeRemainder]:  wired=0; compound=0; hidden=1; nouse=1; global=1; static=1; extern=0; dir=2; type=0; pingpong=0; private_global=0; IO mode=ap_ovld:ce=0
Port [ prevWord_data_V]:  wired=0; compound=0; hidden=1; nouse=1; global=1; static=1; extern=0; dir=2; type=0; pingpong=0; private_global=0; IO mode=ap_ovld:ce=0
Port [ prevWord_keep_V]:  wired=0; compound=0; hidden=1; nouse=1; global=1; static=1; extern=0; dir=2; type=0; pingpong=0; private_global=0; IO mode=ap_ovld:ce=0
Port [ tx_shift2ipv4Fifo]:  wired=0; compound=1; hidden=1; nouse=0; global=1; static=1; extern=0; dir=2; type=3; pingpong=0; private_global=1; IO mode=ap_fifo:ce=0
Port [ ls_firstWord]:  wired=0; compound=0; hidden=1; nouse=1; global=1; static=1; extern=0; dir=2; type=0; pingpong=0; private_global=0; IO mode=ap_ovld:ce=0
Port [ gi_state]:  wired=0; compound=0; hidden=1; nouse=1; global=1; static=1; extern=0; dir=2; type=0; pingpong=0; private_global=0; IO mode=ap_ovld:ce=0
Port [ header_idx_1]:  wired=0; compound=0; hidden=1; nouse=1; global=1; static=1; extern=0; dir=2; type=0; pingpong=0; private_global=0; IO mode=ap_ovld:ce=0
Port [ header_header_V_1]:  wired=0; compound=0; hidden=1; nouse=1; global=1; static=1; extern=0; dir=2; type=0; pingpong=0; private_global=0; IO mode=ap_ovld:ce=0
---------------- STG Properties END ------------------

---------------- Datapath Model BEGIN ----------------

<LifeTime>
<method=bitvector/>
protocol_read              (read                ) [ 000110000]
local_ipv4_address_read    (read                ) [ 000110000]
call_ln276                 (call                ) [ 000000000]
call_ln269                 (call                ) [ 000000000]
call_ln277                 (call                ) [ 000000000]
call_ln271                 (call                ) [ 000000000]
specdataflowpipeline_ln289 (specdataflowpipeline) [ 000000000]
empty                      (specchannel         ) [ 000000000]
empty_34                   (specchannel         ) [ 000000000]
empty_35                   (specchannel         ) [ 000000000]
spectopmodule_ln280        (spectopmodule       ) [ 000000000]
specinterface_ln0          (specinterface       ) [ 000000000]
specbitsmap_ln0            (specbitsmap         ) [ 000000000]
specinterface_ln0          (specinterface       ) [ 000000000]
specbitsmap_ln0            (specbitsmap         ) [ 000000000]
specinterface_ln0          (specinterface       ) [ 000000000]
specbitsmap_ln0            (specbitsmap         ) [ 000000000]
specinterface_ln0          (specinterface       ) [ 000000000]
specbitsmap_ln0            (specbitsmap         ) [ 000000000]
specinterface_ln0          (specinterface       ) [ 000000000]
specbitsmap_ln0            (specbitsmap         ) [ 000000000]
specinterface_ln0          (specinterface       ) [ 000000000]
specbitsmap_ln0            (specbitsmap         ) [ 000000000]
specbitsmap_ln0            (specbitsmap         ) [ 000000000]
specinterface_ln0          (specinterface       ) [ 000000000]
specbitsmap_ln0            (specbitsmap         ) [ 000000000]
specinterface_ln0          (specinterface       ) [ 000000000]
specinterface_ln0          (specinterface       ) [ 000000000]
specinterface_ln0          (specinterface       ) [ 000000000]
specinterface_ln0          (specinterface       ) [ 000000000]
ret_ln312                  (ret                 ) [ 000000000]
</LifeTime>

<model>

<comp_list>
<comp id="0" class="1000" name="s_axis_rx_data">
<pin_list>
<pin id="1" dir="1" index="0" bw="1" slack="0"/>
</pin_list>
<bind>
<StgValue><ssdm name="s_axis_rx_data"/></StgValue>
</bind>
</comp>

<comp id="2" class="1000" name="m_axis_rx_meta">
<pin_list>
<pin id="3" dir="1" index="0" bw="1" slack="0"/>
</pin_list>
<bind>
<StgValue><ssdm name="m_axis_rx_meta"/></StgValue>
</bind>
</comp>

<comp id="4" class="1000" name="m_axis_rx_data">
<pin_list>
<pin id="5" dir="1" index="0" bw="1" slack="0"/>
</pin_list>
<bind>
<StgValue><ssdm name="m_axis_rx_data"/></StgValue>
</bind>
</comp>

<comp id="6" class="1000" name="s_axis_tx_meta">
<pin_list>
<pin id="7" dir="1" index="0" bw="1" slack="0"/>
</pin_list>
<bind>
<StgValue><ssdm name="s_axis_tx_meta"/></StgValue>
</bind>
</comp>

<comp id="8" class="1000" name="s_axis_tx_data">
<pin_list>
<pin id="9" dir="1" index="0" bw="1" slack="0"/>
</pin_list>
<bind>
<StgValue><ssdm name="s_axis_tx_data"/></StgValue>
</bind>
</comp>

<comp id="10" class="1000" name="m_axis_tx_data">
<pin_list>
<pin id="11" dir="1" index="0" bw="1" slack="0"/>
</pin_list>
<bind>
<StgValue><ssdm name="m_axis_tx_data"/></StgValue>
</bind>
</comp>

<comp id="12" class="1000" name="local_ipv4_address">
<pin_list>
<pin id="13" dir="1" index="0" bw="1" slack="0"/>
</pin_list>
<bind>
<StgValue><ssdm name="local_ipv4_address"/></StgValue>
</bind>
</comp>

<comp id="14" class="1000" name="protocol">
<pin_list>
<pin id="15" dir="1" index="0" bw="1" slack="0"/>
</pin_list>
<bind>
<StgValue><ssdm name="protocol"/></StgValue>
</bind>
</comp>

<comp id="16" class="1000" name="header_ready">
<pin_list>
<pin id="17" dir="1" index="0" bw="1" slack="0"/>
</pin_list>
<bind>
<StgValue><ssdm name="header_ready"/></StgValue>
</bind>
</comp>

<comp id="18" class="1000" name="header_idx">
<pin_list>
<pin id="19" dir="1" index="0" bw="1" slack="0"/>
</pin_list>
<bind>
<StgValue><ssdm name="header_idx"/></StgValue>
</bind>
</comp>

<comp id="20" class="1000" name="header_header_V">
<pin_list>
<pin id="21" dir="1" index="0" bw="1" slack="0"/>
</pin_list>
<bind>
<StgValue><ssdm name="header_header_V"/></StgValue>
</bind>
</comp>

<comp id="22" class="1000" name="rx_process2dropFifo">
<pin_list>
<pin id="23" dir="1" index="0" bw="1" slack="0"/>
</pin_list>
<bind>
<StgValue><ssdm name="rx_process2dropFifo"/></StgValue>
</bind>
</comp>

<comp id="24" class="1000" name="metaWritten">
<pin_list>
<pin id="25" dir="1" index="0" bw="1" slack="0"/>
</pin_list>
<bind>
<StgValue><ssdm name="metaWritten"/></StgValue>
</bind>
</comp>

<comp id="26" class="1000" name="rx_process2dropLengthFifo">
<pin_list>
<pin id="27" dir="1" index="0" bw="1" slack="0"/>
</pin_list>
<bind>
<StgValue><ssdm name="rx_process2dropLengthFifo"/></StgValue>
</bind>
</comp>

<comp id="28" class="1000" name="doh_state">
<pin_list>
<pin id="29" dir="1" index="0" bw="1" slack="0"/>
</pin_list>
<bind>
<StgValue><ssdm name="doh_state"/></StgValue>
</bind>
</comp>

<comp id="30" class="1000" name="prevWord_data_V_1">
<pin_list>
<pin id="31" dir="1" index="0" bw="1" slack="0"/>
</pin_list>
<bind>
<StgValue><ssdm name="prevWord_data_V_1"/></StgValue>
</bind>
</comp>

<comp id="32" class="1000" name="prevWord_keep_V_1">
<pin_list>
<pin id="33" dir="1" index="0" bw="1" slack="0"/>
</pin_list>
<bind>
<StgValue><ssdm name="prevWord_keep_V_1"/></StgValue>
</bind>
</comp>

<comp id="34" class="1000" name="length_V">
<pin_list>
<pin id="35" dir="1" index="0" bw="1" slack="0"/>
</pin_list>
<bind>
<StgValue><ssdm name="length_V"/></StgValue>
</bind>
</comp>

<comp id="36" class="1000" name="ls_writeRemainder">
<pin_list>
<pin id="37" dir="1" index="0" bw="1" slack="0"/>
</pin_list>
<bind>
<StgValue><ssdm name="ls_writeRemainder"/></StgValue>
</bind>
</comp>

<comp id="38" class="1000" name="prevWord_data_V">
<pin_list>
<pin id="39" dir="1" index="0" bw="1" slack="0"/>
</pin_list>
<bind>
<StgValue><ssdm name="prevWord_data_V"/></StgValue>
</bind>
</comp>

<comp id="40" class="1000" name="prevWord_keep_V">
<pin_list>
<pin id="41" dir="1" index="0" bw="1" slack="0"/>
</pin_list>
<bind>
<StgValue><ssdm name="prevWord_keep_V"/></StgValue>
</bind>
</comp>

<comp id="42" class="1000" name="tx_shift2ipv4Fifo">
<pin_list>
<pin id="43" dir="1" index="0" bw="1" slack="0"/>
</pin_list>
<bind>
<StgValue><ssdm name="tx_shift2ipv4Fifo"/></StgValue>
</bind>
</comp>

<comp id="44" class="1000" name="ls_firstWord">
<pin_list>
<pin id="45" dir="1" index="0" bw="1" slack="0"/>
</pin_list>
<bind>
<StgValue><ssdm name="ls_firstWord"/></StgValue>
</bind>
</comp>

<comp id="46" class="1000" name="gi_state">
<pin_list>
<pin id="47" dir="1" index="0" bw="1" slack="0"/>
</pin_list>
<bind>
<StgValue><ssdm name="gi_state"/></StgValue>
</bind>
</comp>

<comp id="48" class="1000" name="header_idx_1">
<pin_list>
<pin id="49" dir="1" index="0" bw="1" slack="0"/>
</pin_list>
<bind>
<StgValue><ssdm name="header_idx_1"/></StgValue>
</bind>
</comp>

<comp id="50" class="1000" name="header_header_V_1">
<pin_list>
<pin id="51" dir="1" index="0" bw="1" slack="0"/>
</pin_list>
<bind>
<StgValue><ssdm name="header_header_V_1"/></StgValue>
</bind>
</comp>

<comp id="52" class="1001" name="const_52">
<pin_list>
<pin id="53" dir="1" index="0" bw="1" slack="0"/>
</pin_list>
<bind>
<StgValue><ssdm name="_ssdm_op_Read.ap_stable.i8"/></StgValue>
</bind>
</comp>

<comp id="54" class="1001" name="const_54">
<pin_list>
<pin id="55" dir="1" index="0" bw="1" slack="0"/>
</pin_list>
<bind>
<StgValue><ssdm name="_ssdm_op_Read.ap_stable.i32"/></StgValue>
</bind>
</comp>

<comp id="56" class="1001" name="const_56">
<pin_list>
<pin id="57" dir="1" index="0" bw="1" slack="0"/>
</pin_list>
<bind>
<StgValue><ssdm name="process_ipv4<512>"/></StgValue>
</bind>
</comp>

<comp id="58" class="1001" name="const_58">
<pin_list>
<pin id="59" dir="1" index="0" bw="1" slack="0"/>
</pin_list>
<bind>
<StgValue><ssdm name="ipv4_lshiftWordByOctet<512, 2>"/></StgValue>
</bind>
</comp>

<comp id="60" class="1001" name="const_60">
<pin_list>
<pin id="61" dir="1" index="0" bw="1" slack="0"/>
</pin_list>
<bind>
<StgValue><ssdm name="ipv4_generate_ipv4<512>"/></StgValue>
</bind>
</comp>

<comp id="62" class="1001" name="const_62">
<pin_list>
<pin id="63" dir="1" index="0" bw="1" slack="0"/>
</pin_list>
<bind>
<StgValue><ssdm name="ipv4_drop_optional_ip_header<512>"/></StgValue>
</bind>
</comp>

<comp id="64" class="1001" name="const_64">
<pin_list>
<pin id="65" dir="1" index="0" bw="1" slack="2147483647"/>
</pin_list>
<bind>
<StgValue><ssdm name="_ssdm_op_SpecDataflowPipeline"/></StgValue>
</bind>
</comp>

<comp id="66" class="1001" name="const_66">
<pin_list>
<pin id="67" dir="1" index="0" bw="1" slack="2147483647"/>
</pin_list>
<bind>
<StgValue><ssdm name=""/></StgValue>
</bind>
</comp>

<comp id="68" class="1001" name="const_68">
<pin_list>
<pin id="69" dir="1" index="0" bw="1" slack="2147483647"/>
</pin_list>
<bind>
<StgValue><ssdm name=""/></StgValue>
</bind>
</comp>

<comp id="70" class="1001" name="const_70">
<pin_list>
<pin id="71" dir="1" index="0" bw="1" slack="2147483647"/>
</pin_list>
<bind>
<StgValue><ssdm name="empty_1"/></StgValue>
</bind>
</comp>

<comp id="72" class="1001" name="const_72">
<pin_list>
<pin id="73" dir="1" index="0" bw="1" slack="2147483647"/>
</pin_list>
<bind>
<StgValue><ssdm name="_ssdm_op_SpecChannel"/></StgValue>
</bind>
</comp>

<comp id="74" class="1001" name="const_74">
<pin_list>
<pin id="75" dir="1" index="0" bw="1" slack="2147483647"/>
</pin_list>
<bind>
<StgValue><ssdm name="rx_process2dropFifo_str"/></StgValue>
</bind>
</comp>

<comp id="76" class="1001" name="const_76">
<pin_list>
<pin id="77" dir="1" index="0" bw="1" slack="2147483647"/>
</pin_list>
<bind>
<StgValue><ssdm name="p_str"/></StgValue>
</bind>
</comp>

<comp id="78" class="1001" name="const_78">
<pin_list>
<pin id="79" dir="1" index="0" bw="1" slack="2147483647"/>
</pin_list>
<bind>
<StgValue><ssdm name=""/></StgValue>
</bind>
</comp>

<comp id="80" class="1001" name="const_80">
<pin_list>
<pin id="81" dir="1" index="0" bw="1" slack="2147483647"/>
</pin_list>
<bind>
<StgValue><ssdm name="rx_process2dropLengthFifo_str"/></StgValue>
</bind>
</comp>

<comp id="82" class="1001" name="const_82">
<pin_list>
<pin id="83" dir="1" index="0" bw="1" slack="2147483647"/>
</pin_list>
<bind>
<StgValue><ssdm name=""/></StgValue>
</bind>
</comp>

<comp id="84" class="1001" name="const_84">
<pin_list>
<pin id="85" dir="1" index="0" bw="1" slack="2147483647"/>
</pin_list>
<bind>
<StgValue><ssdm name="tx_shift2ipv4Fifo_str"/></StgValue>
</bind>
</comp>

<comp id="86" class="1001" name="const_86">
<pin_list>
<pin id="87" dir="1" index="0" bw="1" slack="2147483647"/>
</pin_list>
<bind>
<StgValue><ssdm name="_ssdm_op_SpecTopModule"/></StgValue>
</bind>
</comp>

<comp id="88" class="1001" name="const_88">
<pin_list>
<pin id="89" dir="1" index="0" bw="1" slack="2147483647"/>
</pin_list>
<bind>
<StgValue><ssdm name="empty_4"/></StgValue>
</bind>
</comp>

<comp id="90" class="1001" name="const_90">
<pin_list>
<pin id="91" dir="1" index="0" bw="1" slack="2147483647"/>
</pin_list>
<bind>
<StgValue><ssdm name="_ssdm_op_SpecInterface"/></StgValue>
</bind>
</comp>

<comp id="92" class="1001" name="const_92">
<pin_list>
<pin id="93" dir="1" index="0" bw="1" slack="2147483647"/>
</pin_list>
<bind>
<StgValue><ssdm name="empty"/></StgValue>
</bind>
</comp>

<comp id="94" class="1001" name="const_94">
<pin_list>
<pin id="95" dir="1" index="0" bw="1" slack="2147483647"/>
</pin_list>
<bind>
<StgValue><ssdm name="empty_0"/></StgValue>
</bind>
</comp>

<comp id="96" class="1001" name="const_96">
<pin_list>
<pin id="97" dir="1" index="0" bw="1" slack="2147483647"/>
</pin_list>
<bind>
<StgValue><ssdm name=""/></StgValue>
</bind>
</comp>

<comp id="98" class="1001" name="const_98">
<pin_list>
<pin id="99" dir="1" index="0" bw="1" slack="2147483647"/>
</pin_list>
<bind>
<StgValue><ssdm name="_ssdm_op_SpecBitsMap"/></StgValue>
</bind>
</comp>

<comp id="100" class="1001" name="const_100">
<pin_list>
<pin id="101" dir="1" index="0" bw="1" slack="2147483647"/>
</pin_list>
<bind>
<StgValue><ssdm name="empty_2"/></StgValue>
</bind>
</comp>

<comp id="102" class="1001" name="const_102">
<pin_list>
<pin id="103" dir="1" index="0" bw="1" slack="2147483647"/>
</pin_list>
<bind>
<StgValue><ssdm name="empty_3"/></StgValue>
</bind>
</comp>

<comp id="104" class="1004" name="grp_read_fu_104">
<pin_list>
<pin id="105" dir="0" index="0" bw="8" slack="0"/>
<pin id="106" dir="0" index="1" bw="8" slack="0"/>
<pin id="107" dir="1" index="2" bw="8" slack="2"/>
</pin_list>
<bind>
<opcode="read(1150) " fcode="read"/>
<opset="protocol_read/1 "/>
</bind>
</comp>

<comp id="110" class="1004" name="grp_read_fu_110">
<pin_list>
<pin id="111" dir="0" index="0" bw="32" slack="0"/>
<pin id="112" dir="0" index="1" bw="32" slack="0"/>
<pin id="113" dir="1" index="2" bw="32" slack="2"/>
</pin_list>
<bind>
<opcode="read(1150) " fcode="read"/>
<opset="local_ipv4_address_read/1 "/>
</bind>
</comp>

<comp id="116" class="1004" name="grp_process_ipv4_512_s_fu_116">
<pin_list>
<pin id="117" dir="0" index="0" bw="0" slack="0"/>
<pin id="118" dir="0" index="1" bw="1024" slack="0"/>
<pin id="119" dir="0" index="2" bw="64" slack="0"/>
<pin id="120" dir="0" index="3" bw="1" slack="0"/>
<pin id="121" dir="0" index="4" bw="16" slack="0"/>
<pin id="122" dir="0" index="5" bw="160" slack="0"/>
<pin id="123" dir="0" index="6" bw="1024" slack="0"/>
<pin id="124" dir="0" index="7" bw="1" slack="0"/>
<pin id="125" dir="0" index="8" bw="4" slack="0"/>
<pin id="126" dir="1" index="9" bw="0" slack="2147483647"/>
</pin_list>
<bind>
<opcode="call(48) " fcode="call"/>
<opset="call_ln269/2 "/>
</bind>
</comp>

<comp id="136" class="1004" name="grp_ipv4_lshiftWordByOctet_512_2_s_fu_136">
<pin_list>
<pin id="137" dir="0" index="0" bw="0" slack="0"/>
<pin id="138" dir="0" index="1" bw="1024" slack="0"/>
<pin id="139" dir="0" index="2" bw="1" slack="0"/>
<pin id="140" dir="0" index="3" bw="512" slack="0"/>
<pin id="141" dir="0" index="4" bw="64" slack="0"/>
<pin id="142" dir="0" index="5" bw="1024" slack="0"/>
<pin id="143" dir="0" index="6" bw="1" slack="0"/>
<pin id="144" dir="1" index="7" bw="0" slack="2147483647"/>
</pin_list>
<bind>
<opcode="call(48) " fcode="call"/>
<opset="call_ln276/2 "/>
</bind>
</comp>

<comp id="152" class="1004" name="grp_ipv4_generate_ipv4_512_s_fu_152">
<pin_list>
<pin id="153" dir="0" index="0" bw="0" slack="0"/>
<pin id="154" dir="0" index="1" bw="64" slack="0"/>
<pin id="155" dir="0" index="2" bw="1024" slack="0"/>
<pin id="156" dir="0" index="3" bw="32" slack="2"/>
<pin id="157" dir="0" index="4" bw="8" slack="2"/>
<pin id="158" dir="0" index="5" bw="2" slack="0"/>
<pin id="159" dir="0" index="6" bw="16" slack="0"/>
<pin id="160" dir="0" index="7" bw="160" slack="0"/>
<pin id="161" dir="0" index="8" bw="1024" slack="0"/>
<pin id="162" dir="1" index="9" bw="0" slack="2147483647"/>
</pin_list>
<bind>
<opcode="call(48) " fcode="call"/>
<opset="call_ln277/4 "/>
</bind>
</comp>

<comp id="170" class="1004" name="grp_ipv4_drop_optional_ip_header_512_s_fu_170">
<pin_list>
<pin id="171" dir="0" index="0" bw="0" slack="0"/>
<pin id="172" dir="0" index="1" bw="1024" slack="0"/>
<pin id="173" dir="0" index="2" bw="3" slack="0"/>
<pin id="174" dir="0" index="3" bw="512" slack="0"/>
<pin id="175" dir="0" index="4" bw="64" slack="0"/>
<pin id="176" dir="0" index="5" bw="4" slack="0"/>
<pin id="177" dir="0" index="6" bw="1024" slack="0"/>
<pin id="178" dir="0" index="7" bw="4" slack="0"/>
<pin id="179" dir="1" index="8" bw="0" slack="2147483647"/>
</pin_list>
<bind>
<opcode="call(48) " fcode="call"/>
<opset="call_ln271/5 "/>
</bind>
</comp>

<comp id="188" class="1005" name="protocol_read_reg_188">
<pin_list>
<pin id="189" dir="0" index="0" bw="8" slack="2"/>
<pin id="190" dir="1" index="1" bw="8" slack="2"/>
</pin_list>
<bind>
<opset="protocol_read "/>
</bind>
</comp>

<comp id="193" class="1005" name="local_ipv4_address_read_reg_193">
<pin_list>
<pin id="194" dir="0" index="0" bw="32" slack="2"/>
<pin id="195" dir="1" index="1" bw="32" slack="2"/>
</pin_list>
<bind>
<opset="local_ipv4_address_read "/>
</bind>
</comp>

</comp_list>

<net_list>
<net id="108"><net_src comp="52" pin="0"/><net_sink comp="104" pin=0"/></net>

<net id="109"><net_src comp="14" pin="0"/><net_sink comp="104" pin=1"/></net>

<net id="114"><net_src comp="54" pin="0"/><net_sink comp="110" pin=0"/></net>

<net id="115"><net_src comp="12" pin="0"/><net_sink comp="110" pin=1"/></net>

<net id="127"><net_src comp="56" pin="0"/><net_sink comp="116" pin=0"/></net>

<net id="128"><net_src comp="0" pin="0"/><net_sink comp="116" pin=1"/></net>

<net id="129"><net_src comp="2" pin="0"/><net_sink comp="116" pin=2"/></net>

<net id="130"><net_src comp="16" pin="0"/><net_sink comp="116" pin=3"/></net>

<net id="131"><net_src comp="18" pin="0"/><net_sink comp="116" pin=4"/></net>

<net id="132"><net_src comp="20" pin="0"/><net_sink comp="116" pin=5"/></net>

<net id="133"><net_src comp="22" pin="0"/><net_sink comp="116" pin=6"/></net>

<net id="134"><net_src comp="24" pin="0"/><net_sink comp="116" pin=7"/></net>

<net id="135"><net_src comp="26" pin="0"/><net_sink comp="116" pin=8"/></net>

<net id="145"><net_src comp="58" pin="0"/><net_sink comp="136" pin=0"/></net>

<net id="146"><net_src comp="8" pin="0"/><net_sink comp="136" pin=1"/></net>

<net id="147"><net_src comp="36" pin="0"/><net_sink comp="136" pin=2"/></net>

<net id="148"><net_src comp="38" pin="0"/><net_sink comp="136" pin=3"/></net>

<net id="149"><net_src comp="40" pin="0"/><net_sink comp="136" pin=4"/></net>

<net id="150"><net_src comp="42" pin="0"/><net_sink comp="136" pin=5"/></net>

<net id="151"><net_src comp="44" pin="0"/><net_sink comp="136" pin=6"/></net>

<net id="163"><net_src comp="60" pin="0"/><net_sink comp="152" pin=0"/></net>

<net id="164"><net_src comp="6" pin="0"/><net_sink comp="152" pin=1"/></net>

<net id="165"><net_src comp="10" pin="0"/><net_sink comp="152" pin=2"/></net>

<net id="166"><net_src comp="46" pin="0"/><net_sink comp="152" pin=5"/></net>

<net id="167"><net_src comp="48" pin="0"/><net_sink comp="152" pin=6"/></net>

<net id="168"><net_src comp="50" pin="0"/><net_sink comp="152" pin=7"/></net>

<net id="169"><net_src comp="42" pin="0"/><net_sink comp="152" pin=8"/></net>

<net id="180"><net_src comp="62" pin="0"/><net_sink comp="170" pin=0"/></net>

<net id="181"><net_src comp="4" pin="0"/><net_sink comp="170" pin=1"/></net>

<net id="182"><net_src comp="28" pin="0"/><net_sink comp="170" pin=2"/></net>

<net id="183"><net_src comp="30" pin="0"/><net_sink comp="170" pin=3"/></net>

<net id="184"><net_src comp="32" pin="0"/><net_sink comp="170" pin=4"/></net>

<net id="185"><net_src comp="26" pin="0"/><net_sink comp="170" pin=5"/></net>

<net id="186"><net_src comp="22" pin="0"/><net_sink comp="170" pin=6"/></net>

<net id="187"><net_src comp="34" pin="0"/><net_sink comp="170" pin=7"/></net>

<net id="191"><net_src comp="104" pin="2"/><net_sink comp="188" pin=0"/></net>

<net id="192"><net_src comp="188" pin="1"/><net_sink comp="152" pin=4"/></net>

<net id="196"><net_src comp="110" pin="2"/><net_sink comp="193" pin=0"/></net>

<net id="197"><net_src comp="193" pin="1"/><net_sink comp="152" pin=3"/></net>

</net_list>

</model> 
---------------- Datapath Model END ------------------

* FSMD analyzer results:
  - Output states:
	Port: m_axis_rx_meta | {4 }
	Port: m_axis_rx_data | {7 }
	Port: m_axis_tx_data | {6 }
	Port: header_ready | {2 }
	Port: header_idx | {2 }
	Port: header_header_V | {2 }
	Port: rx_process2dropFifo | {3 }
	Port: metaWritten | {2 }
	Port: rx_process2dropLengthFifo | {3 }
	Port: doh_state | {5 }
	Port: prevWord_data_V_1 | {6 }
	Port: prevWord_keep_V_1 | {6 }
	Port: length_V | {5 }
	Port: ls_writeRemainder | {2 }
	Port: prevWord_data_V | {2 }
	Port: prevWord_keep_V | {2 }
	Port: tx_shift2ipv4Fifo | {3 }
	Port: ls_firstWord | {3 }
	Port: gi_state | {4 }
	Port: header_idx_1 | {4 }
	Port: header_header_V_1 | {4 }
 - Input state : 
	Port: ipv4_top : s_axis_rx_data | {2 }
	Port: ipv4_top : s_axis_tx_meta | {4 }
	Port: ipv4_top : s_axis_tx_data | {2 }
	Port: ipv4_top : local_ipv4_address | {1 }
	Port: ipv4_top : protocol | {1 }
	Port: ipv4_top : header_ready | {2 }
	Port: ipv4_top : header_idx | {2 }
	Port: ipv4_top : header_header_V | {2 }
	Port: ipv4_top : rx_process2dropFifo | {5 }
	Port: ipv4_top : metaWritten | {2 }
	Port: ipv4_top : rx_process2dropLengthFifo | {5 }
	Port: ipv4_top : doh_state | {5 }
	Port: ipv4_top : prevWord_data_V_1 | {6 }
	Port: ipv4_top : prevWord_keep_V_1 | {6 }
	Port: ipv4_top : length_V | {5 }
	Port: ipv4_top : ls_writeRemainder | {2 }
	Port: ipv4_top : prevWord_data_V | {2 }
	Port: ipv4_top : prevWord_keep_V | {2 }
	Port: ipv4_top : tx_shift2ipv4Fifo | {4 }
	Port: ipv4_top : ls_firstWord | {3 }
	Port: ipv4_top : gi_state | {4 }
	Port: ipv4_top : header_idx_1 | {4 }
	Port: ipv4_top : header_header_V_1 | {4 }
  - Chain level:
	State 1
	State 2
	State 3
	State 4
	State 5
	State 6
	State 7
	State 8


============================================================
+ Verbose Summary: Datapath Resource usage 
============================================================

* Functional unit list:
|----------|-----------------------------------------------|---------|---------|---------|
| Operation|                Functional Unit                |  Delay  |    FF   |   LUT   |
|----------|-----------------------------------------------|---------|---------|---------|
|          |         grp_process_ipv4_512_s_fu_116         |  0.387  |   1588  |   1316  |
|   call   |   grp_ipv4_lshiftWordByOctet_512_2_s_fu_136   |  0.774  |   580   |   516   |
|          |      grp_ipv4_generate_ipv4_512_s_fu_152      | 0.485571|   5701  |   108   |
|          | grp_ipv4_drop_optional_ip_header_512_s_fu_170 |  0.617  |   7460  |    77   |
|----------|-----------------------------------------------|---------|---------|---------|
|   read   |                grp_read_fu_104                |    0    |    0    |    0    |
|          |                grp_read_fu_110                |    0    |    0    |    0    |
|----------|-----------------------------------------------|---------|---------|---------|
|   Total  |                                               | 2.26357 |  15329  |   2017  |
|----------|-----------------------------------------------|---------|---------|---------|

Memories:
N/A

* Register list:
+-------------------------------+--------+
|                               |   FF   |
+-------------------------------+--------+
|local_ipv4_address_read_reg_193|   32   |
|     protocol_read_reg_188     |    8   |
+-------------------------------+--------+
|             Total             |   40   |
+-------------------------------+--------+

* Multiplexer (MUX) list: 
|--------|------|------|------|--------|
|  Comp  |  Pin | Size |  BW  | S x BW |
|--------|------|------|------|--------|
|  Total |      |      |      |    0   |
|--------|------|------|------|--------|



* Summary:
+-----------+--------+--------+--------+
|           |  Delay |   FF   |   LUT  |
+-----------+--------+--------+--------+
|  Function |    2   |  15329 |  2017  |
|   Memory  |    -   |    -   |    -   |
|Multiplexer|    -   |    -   |    -   |
|  Register |    -   |   40   |    -   |
+-----------+--------+--------+--------+
|   Total   |    2   |  15369 |  2017  |
+-----------+--------+--------+--------+
