

================================================================
== Vitis HLS Report for 'process_ipv4_512_s'
================================================================
* Date:           Tue Jul 11 09:19:29 2023

* Version:        2022.1 (Build 3526262 on Mon Apr 18 15:47:01 MDT 2022)
* Project:        ipv4_prj
* Solution:       solution1 (Vivado IP Flow Target)
* Product family: virtexuplus
* Target device:  xcu280-fsvh2892-2L-e


================================================================
== Performance Estimates
================================================================
+ Timing: 
    * Summary: 
    +--------+---------+----------+------------+
    |  Clock |  Target | Estimated| Uncertainty|
    +--------+---------+----------+------------+
    |ap_clk  |  3.20 ns|  1.833 ns|     0.86 ns|
    +--------+---------+----------+------------+

+ Latency: 
    * Summary: 
    +---------+---------+----------+----------+-----+-----+---------+
    |  Latency (cycles) |  Latency (absolute) |  Interval | Pipeline|
    |   min   |   max   |    min   |    max   | min | max |   Type  |
    +---------+---------+----------+----------+-----+-----+---------+
    |        2|        2|  6.400 ns|  6.400 ns|    1|    1|      yes|
    +---------+---------+----------+----------+-----+-----+---------+

    + Detail: 
        * Instance: 
        N/A

        * Loop: 
        N/A

============================================================
+ Verbose Summary: Synthesis Manager
============================================================
InlineROM: 1
ExposeGlobal: 0
============================================================
+ Verbose Summary: CDFG Model
============================================================
IsTopModel: 0
ResetActiveHigh: 1
IsCombinational: 2
IsDatapathOnly: 0
HasWiredReturn: 1
HasMFsm: 2
HasVarLatency: 0
IsPipeline: 1
IsRtlPipelined: 1
IsInstanceOverlapped: 0
IsDontTouch: 0
HasImplIP: 0
IsGatedGlobalClock: 0

+ Individual pipeline summary: 
  * Pipeline-0: initiation interval (II) = 1, depth = 3


============================================================
+ Verbose Summary: Schedule
============================================================
* Number of FSM states : 3
* Pipeline : 1
  Pipeline-0 : II = 1, D = 3, States = { 1 2 3 }
* Dataflow Pipeline: 0

* FSM state transitions: 
1 --> 2 
2 --> 3 
3 --> 

* FSM state operations: 

State 1 <SV = 0> <Delay = 1.83>
ST_1 : Operation 4 [1/1] (0.00ns)   --->   "%specinterface_ln0 = specinterface void @_ssdm_op_SpecInterface, i1024 %rx_process2dropFifo, void @empty_3, i32 0, i32 0, void @empty_1, i32 0, i32 0, void @empty_1, void @empty_1, void @empty_1, i32 0, i32 0, i32 0, i32 0, void @empty_1, void @empty_1, i32 4294967295, i32 0"   --->   Operation 4 'specinterface' 'specinterface_ln0' <Predicate = true> <Delay = 0.00>
ST_1 : Operation 5 [1/1] (0.00ns)   --->   "%specinterface_ln0 = specinterface void @_ssdm_op_SpecInterface, i1024 %rx_process2dropFifo, void @empty_3, i32 0, i32 0, void @empty_1, i32 0, i32 0, void @empty_1, void @empty_1, void @empty_1, i32 0, i32 0, i32 0, i32 0, void @empty_1, void @empty_1, i32 4294967295, i32 0"   --->   Operation 5 'specinterface' 'specinterface_ln0' <Predicate = true> <Delay = 0.00>
ST_1 : Operation 6 [1/1] (0.00ns)   --->   "%specinterface_ln0 = specinterface void @_ssdm_op_SpecInterface, i1024 %rx_process2dropFifo, void @empty_3, i32 0, i32 0, void @empty_1, i32 0, i32 0, void @empty_1, void @empty_1, void @empty_1, i32 0, i32 0, i32 0, i32 0, void @empty_1, void @empty_1, i32 4294967295, i32 0"   --->   Operation 6 'specinterface' 'specinterface_ln0' <Predicate = true> <Delay = 0.00>
ST_1 : Operation 7 [1/1] (0.00ns)   --->   "%specinterface_ln0 = specinterface void @_ssdm_op_SpecInterface, i4 %rx_process2dropLengthFifo, void @empty_3, i32 0, i32 0, void @empty_1, i32 0, i32 0, void @empty_1, void @empty_1, void @empty_1, i32 0, i32 0, i32 0, i32 0, void @empty_1, void @empty_1, i32 4294967295, i32 0"   --->   Operation 7 'specinterface' 'specinterface_ln0' <Predicate = true> <Delay = 0.00>
ST_1 : Operation 8 [1/1] (0.00ns)   --->   "%specinterface_ln0 = specinterface void @_ssdm_op_SpecInterface, i4 %rx_process2dropLengthFifo, void @empty_3, i32 0, i32 0, void @empty_1, i32 0, i32 0, void @empty_1, void @empty_1, void @empty_1, i32 0, i32 0, i32 0, i32 0, void @empty_1, void @empty_1, i32 4294967295, i32 0"   --->   Operation 8 'specinterface' 'specinterface_ln0' <Predicate = true> <Delay = 0.00>
ST_1 : Operation 9 [1/1] (0.00ns)   --->   "%specinterface_ln0 = specinterface void @_ssdm_op_SpecInterface, i4 %rx_process2dropLengthFifo, void @empty_3, i32 0, i32 0, void @empty_1, i32 0, i32 0, void @empty_1, void @empty_1, void @empty_1, i32 0, i32 0, i32 0, i32 0, void @empty_1, void @empty_1, i32 4294967295, i32 0"   --->   Operation 9 'specinterface' 'specinterface_ln0' <Predicate = true> <Delay = 0.00>
ST_1 : Operation 10 [1/1] (0.00ns)   --->   "%specinterface_ln0 = specinterface void @_ssdm_op_SpecInterface, i4 %rx_process2dropLengthFifo, void @empty_3, i32 0, i32 0, void @empty_1, i32 0, i32 0, void @empty_1, void @empty_1, void @empty_1, i32 0, i32 0, i32 0, i32 0, void @empty_1, void @empty_1, i32 4294967295, i32 0"   --->   Operation 10 'specinterface' 'specinterface_ln0' <Predicate = true> <Delay = 0.00>
ST_1 : Operation 11 [1/1] (0.00ns)   --->   "%specinterface_ln0 = specinterface void @_ssdm_op_SpecInterface, i1024 %rx_process2dropFifo, void @empty_3, i32 0, i32 0, void @empty_1, i32 0, i32 0, void @empty_1, void @empty_1, void @empty_1, i32 0, i32 0, i32 0, i32 0, void @empty_1, void @empty_1, i32 4294967295, i32 0"   --->   Operation 11 'specinterface' 'specinterface_ln0' <Predicate = true> <Delay = 0.00>
ST_1 : Operation 12 [1/1] (0.00ns)   --->   "%specinterface_ln0 = specinterface void @_ssdm_op_SpecInterface, i64 %m_axis_rx_meta, void @empty, i32 1, i32 1, void @empty_0, i32 0, i32 0, void @empty_1, void @empty_1, void @empty_1, i32 0, i32 0, i32 0, i32 0, void @empty_1, void @empty_1, i32 4294967295, i32 0"   --->   Operation 12 'specinterface' 'specinterface_ln0' <Predicate = true> <Delay = 0.00>
ST_1 : Operation 13 [1/1] (0.00ns)   --->   "%specinterface_ln0 = specinterface void @_ssdm_op_SpecInterface, i1024 %s_axis_rx_data, void @empty, i32 1, i32 1, void @empty_0, i32 0, i32 0, void @empty_1, void @empty_1, void @empty_1, i32 0, i32 0, i32 0, i32 0, void @empty_1, void @empty_1, i32 4294967295, i32 0"   --->   Operation 13 'specinterface' 'specinterface_ln0' <Predicate = true> <Delay = 0.00>
ST_1 : Operation 14 [1/1] (0.00ns)   --->   "%specpipeline_ln32 = specpipeline void @_ssdm_op_SpecPipeline, i32 1, i32 0, i32 0, i32 0, void @empty_1" [/mnt/scratch/pyuvaraj/Vitis_RoCE_W/Vitis_RoCE/fpga-network-stack/hls/ipv4/ipv4.cpp:32]   --->   Operation 14 'specpipeline' 'specpipeline_ln32' <Predicate = true> <Delay = 0.00>
ST_1 : Operation 15 [1/1] (0.00ns)   --->   "%tmp_i = nbreadreq i1 @_ssdm_op_NbReadReq.axis.i1024P128A, i1024 %s_axis_rx_data, i32 1" [/tools/Xilinx/Vitis_HLS/2022.1/common/technology/autopilot/hls_stream_39.h:136]   --->   Operation 15 'nbreadreq' 'tmp_i' <Predicate = true> <Delay = 0.00> <CoreInst = "axis">   --->   Core 123 'axis' <Latency = 0> <II = 1> <Delay = 1.00> <Adapter> <Opcode : >
ST_1 : Operation 16 [1/1] (0.00ns)   --->   "%br_ln45 = br i1 %tmp_i, void %process_ipv4<512>.exit, void %if.then.i" [/mnt/scratch/pyuvaraj/Vitis_RoCE_W/Vitis_RoCE/fpga-network-stack/hls/ipv4/ipv4.cpp:45]   --->   Operation 16 'br' 'br_ln45' <Predicate = true> <Delay = 0.00>
ST_1 : Operation 17 [1/1] (0.00ns)   --->   "%s_axis_rx_data_read = read i1024 @_ssdm_op_Read.axis.volatile.i1024P128A, i1024 %s_axis_rx_data" [/tools/Xilinx/Vitis_HLS/2022.1/common/technology/autopilot/hls_stream_39.h:145]   --->   Operation 17 'read' 's_axis_rx_data_read' <Predicate = (tmp_i)> <Delay = 0.00> <CoreInst = "axis">   --->   Core 123 'axis' <Latency = 0> <II = 1> <Delay = 1.00> <Adapter> <Opcode : >
ST_1 : Operation 18 [1/1] (0.00ns)   --->   "%currWord_last_V = bitselect i1 @_ssdm_op_BitSelect.i1.i1024.i1024, i1024 %s_axis_rx_data_read, i1024 576" [/tools/Xilinx/Vitis_HLS/2022.1/common/technology/autopilot/hls_stream_39.h:145]   --->   Operation 18 'bitselect' 'currWord_last_V' <Predicate = (tmp_i)> <Delay = 0.00>
ST_1 : Operation 19 [1/1] (0.00ns)   --->   "%header_ready_load = load i1 %header_ready" [/mnt/scratch/pyuvaraj/Vitis_RoCE_W/Vitis_RoCE/fpga-network-stack/hls/ipv4/../packet.hpp:55]   --->   Operation 19 'load' 'header_ready_load' <Predicate = (tmp_i)> <Delay = 0.00>
ST_1 : Operation 20 [1/1] (0.00ns)   --->   "%header_idx_load = load i16 %header_idx" [/mnt/scratch/pyuvaraj/Vitis_RoCE_W/Vitis_RoCE/fpga-network-stack/hls/ipv4/../packet.hpp:58]   --->   Operation 20 'load' 'header_idx_load' <Predicate = (tmp_i)> <Delay = 0.00>
ST_1 : Operation 21 [1/1] (0.00ns)   --->   "%p_Val2_s = load i160 %header_header_V"   --->   Operation 21 'load' 'p_Val2_s' <Predicate = (tmp_i)> <Delay = 0.00>
ST_1 : Operation 22 [1/1] (0.38ns)   --->   "%br_ln55 = br i1 %header_ready_load, void %if.end.i.i, void %if.then5.i" [/mnt/scratch/pyuvaraj/Vitis_RoCE_W/Vitis_RoCE/fpga-network-stack/hls/ipv4/../packet.hpp:55]   --->   Operation 22 'br' 'br_ln55' <Predicate = (tmp_i)> <Delay = 0.38>
ST_1 : Operation 23 [1/1] (0.00ns)   --->   "%shl_ln = bitconcatenate i25 @_ssdm_op_BitConcatenate.i25.i16.i9, i16 %header_idx_load, i9 0" [/mnt/scratch/pyuvaraj/Vitis_RoCE_W/Vitis_RoCE/fpga-network-stack/hls/ipv4/../packet.hpp:58]   --->   Operation 23 'bitconcatenate' 'shl_ln' <Predicate = (tmp_i & !header_ready_load)> <Delay = 0.00>
ST_1 : Operation 24 [1/1] (0.00ns)   --->   "%tmp_1 = trunc i1024 %s_axis_rx_data_read"   --->   Operation 24 'trunc' 'tmp_1' <Predicate = (tmp_i & !header_ready_load)> <Delay = 0.00>
ST_1 : Operation 25 [1/1] (0.78ns)   --->   "%add_ln67 = add i16 %header_idx_load, i16 1" [/mnt/scratch/pyuvaraj/Vitis_RoCE_W/Vitis_RoCE/fpga-network-stack/hls/ipv4/../packet.hpp:67]   --->   Operation 25 'add' 'add_ln67' <Predicate = (tmp_i & !header_ready_load)> <Delay = 0.78> <CoreInst = "Adder">   --->   Core 1 'Adder' <Latency = 0> <II = 1> <Delay = 0.78> <FuncUnit> <Opcode : 'add' 'sub'> <InPorts = 2> <OutPorts = 1>
ST_1 : Operation 26 [1/1] (0.77ns)   --->   "%icmp_ln414 = icmp_ugt  i25 %shl_ln, i25 159"   --->   Operation 26 'icmp' 'icmp_ln414' <Predicate = (tmp_i & !header_ready_load)> <Delay = 0.77> <CoreInst = "Cmp">   --->   Core 9 'Cmp' <Latency = 0> <II = 1> <Delay = 0.77> <FuncUnit> <Opcode : 'icmp'> <InPorts = 2> <OutPorts = 1>
ST_1 : Operation 27 [1/1] (0.00ns) (grouped into LUT with out node and_ln414_1)   --->   "%trunc_ln414 = trunc i1024 %s_axis_rx_data_read"   --->   Operation 27 'trunc' 'trunc_ln414' <Predicate = (tmp_i & !header_ready_load)> <Delay = 0.00>
ST_1 : Operation 28 [1/1] (0.00ns) (grouped into LUT with out node and_ln414_1)   --->   "%st = bitconcatenate i160 @_ssdm_op_BitConcatenate.i160.i1.i159, i1 %trunc_ln414, i159 0"   --->   Operation 28 'bitconcatenate' 'st' <Predicate = (tmp_i & !header_ready_load)> <Delay = 0.00>
ST_1 : Operation 29 [1/1] (0.00ns) (grouped into LUT with out node and_ln414_1)   --->   "%select_ln414 = select i1 %icmp_ln414, i160 %st, i160 %tmp_1"   --->   Operation 29 'select' 'select_ln414' <Predicate = (tmp_i & !header_ready_load)> <Delay = 0.00> <CoreInst = "Sel">   --->   Core 73 'Sel' <Latency = 0> <II = 1> <Delay = 0.39> <FuncUnit> <Opcode : 'select'> <InPorts = 3> <OutPorts = 1>
ST_1 : Operation 30 [1/1] (0.00ns) (grouped into LUT with out node and_ln414_1)   --->   "%tmp = partselect i160 @llvm.part.select.i160, i160 %select_ln414, i32 159, i32 0"   --->   Operation 30 'partselect' 'tmp' <Predicate = (tmp_i & !header_ready_load)> <Delay = 0.00>
ST_1 : Operation 31 [1/1] (0.00ns) (grouped into LUT with out node and_ln414_1)   --->   "%select_ln414_1 = select i1 %icmp_ln414, i160 %tmp, i160 %tmp_1"   --->   Operation 31 'select' 'select_ln414_1' <Predicate = (tmp_i & !header_ready_load)> <Delay = 0.00> <CoreInst = "Sel">   --->   Core 73 'Sel' <Latency = 0> <II = 1> <Delay = 0.39> <FuncUnit> <Opcode : 'select'> <InPorts = 3> <OutPorts = 1>
ST_1 : Operation 32 [1/1] (0.00ns) (grouped into LUT with out node or_ln414)   --->   "%select_ln414_2 = select i1 %icmp_ln414, i160 730750818665451459101842416358141509827966271487, i160 0"   --->   Operation 32 'select' 'select_ln414_2' <Predicate = (tmp_i & !header_ready_load)> <Delay = 0.00> <CoreInst = "Sel">   --->   Core 73 'Sel' <Latency = 0> <II = 1> <Delay = 0.39> <FuncUnit> <Opcode : 'select'> <InPorts = 3> <OutPorts = 1>
ST_1 : Operation 33 [1/1] (0.00ns) (grouped into LUT with out node or_ln414)   --->   "%select_ln414_3 = select i1 %icmp_ln414, i160 1461501637330902918203684832716283019655932542974, i160 0"   --->   Operation 33 'select' 'select_ln414_3' <Predicate = (tmp_i & !header_ready_load)> <Delay = 0.00> <CoreInst = "Sel">   --->   Core 73 'Sel' <Latency = 0> <II = 1> <Delay = 0.27> <FuncUnit> <Opcode : 'select'> <InPorts = 3> <OutPorts = 1>
ST_1 : Operation 34 [1/1] (0.39ns) (out node of the LUT)   --->   "%or_ln414 = or i160 %select_ln414_2, i160 %select_ln414_3"   --->   Operation 34 'or' 'or_ln414' <Predicate = (tmp_i & !header_ready_load)> <Delay = 0.39> <CoreInst = "LogicGate">   --->   Core 74 'LogicGate' <Latency = 0> <II = 1> <Delay = 0.25> <FuncUnit> <Opcode : 'and' 'or' 'xor'> <InPorts = 2> <OutPorts = 1>
ST_1 : Operation 35 [1/1] (0.00ns) (grouped into LUT with out node and_ln414_1)   --->   "%xor_ln414 = xor i160 %or_ln414, i160 1461501637330902918203684832716283019655932542975"   --->   Operation 35 'xor' 'xor_ln414' <Predicate = (tmp_i & !header_ready_load)> <Delay = 0.00> <CoreInst = "LogicGate">   --->   Core 74 'LogicGate' <Latency = 0> <II = 1> <Delay = 0.25> <FuncUnit> <Opcode : 'and' 'or' 'xor'> <InPorts = 2> <OutPorts = 1>
ST_1 : Operation 36 [1/1] (0.00ns) (grouped into LUT with out node p_Result_s)   --->   "%and_ln414 = and i160 %p_Val2_s, i160 %or_ln414"   --->   Operation 36 'and' 'and_ln414' <Predicate = (tmp_i & !header_ready_load)> <Delay = 0.00> <CoreInst = "LogicGate">   --->   Core 74 'LogicGate' <Latency = 0> <II = 1> <Delay = 0.25> <FuncUnit> <Opcode : 'and' 'or' 'xor'> <InPorts = 2> <OutPorts = 1>
ST_1 : Operation 37 [1/1] (0.39ns) (out node of the LUT)   --->   "%and_ln414_1 = and i160 %select_ln414_1, i160 %xor_ln414"   --->   Operation 37 'and' 'and_ln414_1' <Predicate = (tmp_i & !header_ready_load)> <Delay = 0.39> <CoreInst = "LogicGate">   --->   Core 74 'LogicGate' <Latency = 0> <II = 1> <Delay = 0.25> <FuncUnit> <Opcode : 'and' 'or' 'xor'> <InPorts = 2> <OutPorts = 1>
ST_1 : Operation 38 [1/1] (0.25ns) (out node of the LUT)   --->   "%p_Result_s = or i160 %and_ln414, i160 %and_ln414_1"   --->   Operation 38 'or' 'p_Result_s' <Predicate = (tmp_i & !header_ready_load)> <Delay = 0.25> <CoreInst = "LogicGate">   --->   Core 74 'LogicGate' <Latency = 0> <II = 1> <Delay = 0.25> <FuncUnit> <Opcode : 'and' 'or' 'xor'> <InPorts = 2> <OutPorts = 1>
ST_1 : Operation 39 [1/1] (0.00ns)   --->   "%store_ln414 = store i160 %p_Result_s, i160 %header_header_V"   --->   Operation 39 'store' 'store_ln414' <Predicate = (tmp_i & !header_ready_load)> <Delay = 0.00>
ST_1 : Operation 40 [1/1] (0.38ns)   --->   "%br_ln0 = br void %if.then5.i"   --->   Operation 40 'br' 'br_ln0' <Predicate = (tmp_i & !header_ready_load)> <Delay = 0.38>
ST_1 : Operation 41 [1/1] (0.00ns)   --->   "%header_ready_flag_0_i = phi i1 0, void %if.then.i, i1 1, void %if.end.i.i"   --->   Operation 41 'phi' 'header_ready_flag_0_i' <Predicate = (tmp_i)> <Delay = 0.00>
ST_1 : Operation 42 [1/1] (0.00ns)   --->   "%header_idx_new_0_i = phi i16 0, void %if.then.i, i16 %add_ln67, void %if.end.i.i" [/mnt/scratch/pyuvaraj/Vitis_RoCE_W/Vitis_RoCE/fpga-network-stack/hls/ipv4/../packet.hpp:67]   --->   Operation 42 'phi' 'header_idx_new_0_i' <Predicate = (tmp_i)> <Delay = 0.00>
ST_1 : Operation 43 [1/1] (0.00ns)   --->   "%metaWritten_load = load i1 %metaWritten" [/mnt/scratch/pyuvaraj/Vitis_RoCE_W/Vitis_RoCE/fpga-network-stack/hls/ipv4/ipv4.cpp:53]   --->   Operation 43 'load' 'metaWritten_load' <Predicate = (tmp_i)> <Delay = 0.00>
ST_1 : Operation 44 [1/1] (0.38ns)   --->   "%br_ln53 = br i1 %metaWritten_load, void %if.then6.i, void %if.end19.i" [/mnt/scratch/pyuvaraj/Vitis_RoCE_W/Vitis_RoCE/fpga-network-stack/hls/ipv4/ipv4.cpp:53]   --->   Operation 44 'br' 'br_ln53' <Predicate = (tmp_i)> <Delay = 0.38>
ST_1 : Operation 45 [1/1] (0.38ns)   --->   "%br_ln59 = br void %if.end19.i" [/mnt/scratch/pyuvaraj/Vitis_RoCE_W/Vitis_RoCE/fpga-network-stack/hls/ipv4/ipv4.cpp:59]   --->   Operation 45 'br' 'br_ln59' <Predicate = (tmp_i & !metaWritten_load)> <Delay = 0.38>
ST_1 : Operation 46 [1/1] (0.00ns) (grouped into LUT with out node or_ln63_1)   --->   "%metaWritten_flag_0_i = phi i1 0, void %if.then5.i, i1 1, void %if.then6.i"   --->   Operation 46 'phi' 'metaWritten_flag_0_i' <Predicate = (tmp_i)> <Delay = 0.00>
ST_1 : Operation 47 [1/1] (0.12ns)   --->   "%or_ln63 = or i1 %currWord_last_V, i1 %header_ready_flag_0_i" [/mnt/scratch/pyuvaraj/Vitis_RoCE_W/Vitis_RoCE/fpga-network-stack/hls/ipv4/ipv4.cpp:63]   --->   Operation 47 'or' 'or_ln63' <Predicate = (tmp_i)> <Delay = 0.12> <CoreInst = "LogicGate">   --->   Core 74 'LogicGate' <Latency = 0> <II = 1> <Delay = 0.12> <FuncUnit> <Opcode : 'and' 'or' 'xor'> <InPorts = 2> <OutPorts = 1>
ST_1 : Operation 48 [1/1] (0.12ns)   --->   "%xor_ln63 = xor i1 %currWord_last_V, i1 1" [/mnt/scratch/pyuvaraj/Vitis_RoCE_W/Vitis_RoCE/fpga-network-stack/hls/ipv4/ipv4.cpp:63]   --->   Operation 48 'xor' 'xor_ln63' <Predicate = (tmp_i)> <Delay = 0.12> <CoreInst = "LogicGate">   --->   Core 74 'LogicGate' <Latency = 0> <II = 1> <Delay = 0.12> <FuncUnit> <Opcode : 'and' 'or' 'xor'> <InPorts = 2> <OutPorts = 1>
ST_1 : Operation 49 [1/1] (0.24ns)   --->   "%select_ln63 = select i1 %currWord_last_V, i16 0, i16 %header_idx_new_0_i" [/mnt/scratch/pyuvaraj/Vitis_RoCE_W/Vitis_RoCE/fpga-network-stack/hls/ipv4/ipv4.cpp:63]   --->   Operation 49 'select' 'select_ln63' <Predicate = (tmp_i)> <Delay = 0.24> <CoreInst = "Sel">   --->   Core 73 'Sel' <Latency = 0> <II = 1> <Delay = 0.24> <FuncUnit> <Opcode : 'select'> <InPorts = 3> <OutPorts = 1>
ST_1 : Operation 50 [1/1] (0.12ns) (out node of the LUT)   --->   "%or_ln63_1 = or i1 %currWord_last_V, i1 %metaWritten_flag_0_i" [/mnt/scratch/pyuvaraj/Vitis_RoCE_W/Vitis_RoCE/fpga-network-stack/hls/ipv4/ipv4.cpp:63]   --->   Operation 50 'or' 'or_ln63_1' <Predicate = (tmp_i)> <Delay = 0.12> <CoreInst = "LogicGate">   --->   Core 74 'LogicGate' <Latency = 0> <II = 1> <Delay = 0.12> <FuncUnit> <Opcode : 'and' 'or' 'xor'> <InPorts = 2> <OutPorts = 1>
ST_1 : Operation 51 [1/1] (0.00ns)   --->   "%br_ln63 = br i1 %or_ln63_1, void %if.end24.new6.i, void %mergeST5.i" [/mnt/scratch/pyuvaraj/Vitis_RoCE_W/Vitis_RoCE/fpga-network-stack/hls/ipv4/ipv4.cpp:63]   --->   Operation 51 'br' 'br_ln63' <Predicate = (tmp_i)> <Delay = 0.00>
ST_1 : Operation 52 [1/1] (0.00ns)   --->   "%store_ln58 = store i1 %xor_ln63, i1 %metaWritten" [/mnt/scratch/pyuvaraj/Vitis_RoCE_W/Vitis_RoCE/fpga-network-stack/hls/ipv4/ipv4.cpp:58]   --->   Operation 52 'store' 'store_ln58' <Predicate = (tmp_i & or_ln63_1)> <Delay = 0.00>
ST_1 : Operation 53 [1/1] (0.00ns)   --->   "%br_ln0 = br void %if.end24.new6.i"   --->   Operation 53 'br' 'br_ln0' <Predicate = (tmp_i & or_ln63_1)> <Delay = 0.00>
ST_1 : Operation 54 [1/1] (0.00ns)   --->   "%br_ln63 = br i1 %or_ln63, void %if.end24.new.i, void %mergeST3.i" [/mnt/scratch/pyuvaraj/Vitis_RoCE_W/Vitis_RoCE/fpga-network-stack/hls/ipv4/ipv4.cpp:63]   --->   Operation 54 'br' 'br_ln63' <Predicate = (tmp_i)> <Delay = 0.00>
ST_1 : Operation 55 [1/1] (0.00ns)   --->   "%store_ln67 = store i16 %select_ln63, i16 %header_idx" [/mnt/scratch/pyuvaraj/Vitis_RoCE_W/Vitis_RoCE/fpga-network-stack/hls/ipv4/../packet.hpp:67]   --->   Operation 55 'store' 'store_ln67' <Predicate = (tmp_i & or_ln63)> <Delay = 0.00>
ST_1 : Operation 56 [1/1] (0.00ns)   --->   "%store_ln65 = store i1 %xor_ln63, i1 %header_ready" [/mnt/scratch/pyuvaraj/Vitis_RoCE_W/Vitis_RoCE/fpga-network-stack/hls/ipv4/../packet.hpp:65]   --->   Operation 56 'store' 'store_ln65' <Predicate = (tmp_i & or_ln63)> <Delay = 0.00>
ST_1 : Operation 57 [1/1] (0.00ns)   --->   "%br_ln0 = br void %if.end24.new.i"   --->   Operation 57 'br' 'br_ln0' <Predicate = (tmp_i & or_ln63)> <Delay = 0.00>
ST_1 : Operation 58 [1/1] (0.00ns)   --->   "%br_ln69 = br void %process_ipv4<512>.exit" [/mnt/scratch/pyuvaraj/Vitis_RoCE_W/Vitis_RoCE/fpga-network-stack/hls/ipv4/ipv4.cpp:69]   --->   Operation 58 'br' 'br_ln69' <Predicate = (tmp_i)> <Delay = 0.00>

State 2 <SV = 1> <Delay = 1.16>
ST_2 : Operation 59 [1/1] (0.00ns)   --->   "%p_Val2_1_in_i_in_in = phi i160 %p_Val2_s, void %if.then.i, i160 %p_Result_s, void %if.end.i.i"   --->   Operation 59 'phi' 'p_Val2_1_in_i_in_in' <Predicate = (tmp_i)> <Delay = 0.00>
ST_2 : Operation 60 [1/1] (1.16ns)   --->   "%write_ln174 = write void @_ssdm_op_Write.ap_fifo.volatile.i1024P0A, i1024 %rx_process2dropFifo, i1024 %s_axis_rx_data_read" [/tools/Xilinx/Vitis_HLS/2022.1/common/technology/autopilot/hls_stream_39.h:174]   --->   Operation 60 'write' 'write_ln174' <Predicate = (tmp_i)> <Delay = 1.16> <CoreInst = "FIFO">   --->   Core 78 'FIFO' <Latency = 0> <II = 1> <Delay = 1.26> <Storage> <Opcode : 'read' 'write' 'nbread' 'nbwrite'> <Ports = 0> <Width = 1024> <Depth = 8> <FIFO>
ST_2 : Operation 61 [1/1] (0.00ns)   --->   "%trunc_ln674 = trunc i160 %p_Val2_1_in_i_in_in"   --->   Operation 61 'trunc' 'trunc_ln674' <Predicate = (tmp_i & !metaWritten_load)> <Delay = 0.00>
ST_2 : Operation 62 [1/1] (1.16ns)   --->   "%write_ln174 = write void @_ssdm_op_Write.ap_fifo.volatile.i4P0A, i4 %rx_process2dropLengthFifo, i4 %trunc_ln674" [/tools/Xilinx/Vitis_HLS/2022.1/common/technology/autopilot/hls_stream_39.h:174]   --->   Operation 62 'write' 'write_ln174' <Predicate = (tmp_i & !metaWritten_load)> <Delay = 1.16> <CoreInst = "FIFO_SRL">   --->   Core 81 'FIFO_SRL' <Latency = 0> <II = 1> <Delay = 1.40> <Storage> <Opcode : 'read' 'write' 'nbread' 'nbwrite'> <Ports = 0> <Width = 4> <Depth = 2> <FIFO>
ST_2 : Operation 63 [1/1] (0.00ns)   --->   "%tmp_7_i = partselect i32 @_ssdm_op_PartSelect.i32.i160.i32.i32, i160 %p_Val2_1_in_i_in_in, i32 96, i32 127"   --->   Operation 63 'partselect' 'tmp_7_i' <Predicate = (tmp_i & !metaWritten_load)> <Delay = 0.00>
ST_2 : Operation 64 [1/1] (0.00ns)   --->   "%tmp_9_i = partselect i8 @_ssdm_op_PartSelect.i8.i160.i32.i32, i160 %p_Val2_1_in_i_in_in, i32 24, i32 31"   --->   Operation 64 'partselect' 'tmp_9_i' <Predicate = (tmp_i & !metaWritten_load)> <Delay = 0.00>
ST_2 : Operation 65 [1/1] (0.00ns)   --->   "%tmp_i_33 = partselect i8 @_ssdm_op_PartSelect.i8.i160.i32.i32, i160 %p_Val2_1_in_i_in_in, i32 16, i32 23"   --->   Operation 65 'partselect' 'tmp_i_33' <Predicate = (tmp_i & !metaWritten_load)> <Delay = 0.00>
ST_2 : Operation 66 [1/1] (0.00ns)   --->   "%tmp_2_i = bitconcatenate i48 @_ssdm_op_BitConcatenate.i48.i8.i8.i32, i8 %tmp_i_33, i8 %tmp_9_i, i32 %tmp_7_i" [/tools/Xilinx/Vitis_HLS/2022.1/common/technology/autopilot/hls_stream_39.h:174]   --->   Operation 66 'bitconcatenate' 'tmp_2_i' <Predicate = (tmp_i & !metaWritten_load)> <Delay = 0.00>
ST_2 : Operation 67 [1/1] (0.00ns)   --->   "%zext_ln174 = zext i48 %tmp_2_i" [/tools/Xilinx/Vitis_HLS/2022.1/common/technology/autopilot/hls_stream_39.h:174]   --->   Operation 67 'zext' 'zext_ln174' <Predicate = (tmp_i & !metaWritten_load)> <Delay = 0.00>
ST_2 : Operation 68 [2/2] (0.00ns)   --->   "%write_ln174 = write void @_ssdm_op_Write.axis.volatile.i64P128A, i64 %m_axis_rx_meta, i64 %zext_ln174" [/tools/Xilinx/Vitis_HLS/2022.1/common/technology/autopilot/hls_stream_39.h:174]   --->   Operation 68 'write' 'write_ln174' <Predicate = (tmp_i & !metaWritten_load)> <Delay = 0.00> <CoreInst = "axis">   --->   Core 123 'axis' <Latency = 0> <II = 1> <Delay = 1.00> <Adapter> <Opcode : >

State 3 <SV = 2> <Delay = 0.00>
ST_3 : Operation 69 [1/2] (0.00ns)   --->   "%write_ln174 = write void @_ssdm_op_Write.axis.volatile.i64P128A, i64 %m_axis_rx_meta, i64 %zext_ln174" [/tools/Xilinx/Vitis_HLS/2022.1/common/technology/autopilot/hls_stream_39.h:174]   --->   Operation 69 'write' 'write_ln174' <Predicate = (tmp_i & !metaWritten_load)> <Delay = 0.00> <CoreInst = "axis">   --->   Core 123 'axis' <Latency = 0> <II = 1> <Delay = 1.00> <Adapter> <Opcode : >
ST_3 : Operation 70 [1/1] (0.00ns)   --->   "%ret_ln0 = ret"   --->   Operation 70 'ret' 'ret_ln0' <Predicate = true> <Delay = 0.00>


============================================================
+ Verbose Summary: Timing violations
============================================================
Target clock period: 3.2ns, clock uncertainty: 0.864ns.

 <State 1>: 1.83ns
The critical path consists of the following:
	'load' operation ('header_idx_load', /mnt/scratch/pyuvaraj/Vitis_RoCE_W/Vitis_RoCE/fpga-network-stack/hls/ipv4/../packet.hpp:58) on static variable 'header_idx' [26]  (0 ns)
	'icmp' operation ('icmp_ln414') [33]  (0.779 ns)
	'select' operation ('select_ln414_2') [39]  (0 ns)
	'or' operation ('or_ln414') [41]  (0.398 ns)
	'xor' operation ('xor_ln414') [42]  (0 ns)
	'and' operation ('and_ln414_1') [44]  (0.398 ns)
	'or' operation ('__Result__') [45]  (0.258 ns)

 <State 2>: 1.17ns
The critical path consists of the following:
	'phi' operation ('__Result__') with incoming values : ('__Val2__') ('__Result__') [51]  (0 ns)
	fifo write operation ('write_ln174', /tools/Xilinx/Vitis_HLS/2022.1/common/technology/autopilot/hls_stream_39.h:174) on port 'rx_process2dropLengthFifo' (/tools/Xilinx/Vitis_HLS/2022.1/common/technology/autopilot/hls_stream_39.h:174) [57]  (1.17 ns)

 <State 3>: 0ns
The critical path consists of the following:


============================================================
+ Verbose Summary: Binding
============================================================
N/A
* FSMD analyzer results:
  - Output states:
 - Input state : 
  - Chain level:
	State 1
	State 2
	State 3


============================================================
+ Verbose Summary: Datapath Resource usage 
============================================================
N/A
