

================================================================
== Vitis HLS Report for 'check_out_multiplexer'
================================================================
* Date:           Tue Jul 11 09:25:01 2023

* Version:        2022.1 (Build 3526262 on Mon Apr 18 15:47:01 MDT 2022)
* Project:        toe_prj
* Solution:       solution1 (Vivado IP Flow Target)
* Product family: virtexuplus
* Target device:  xcu280-fsvh2892-2L-e


================================================================
== Performance Estimates
================================================================
+ Timing: 
    * Summary: 
    +--------+---------+----------+------------+
    |  Clock |  Target | Estimated| Uncertainty|
    +--------+---------+----------+------------+
    |ap_clk  |  3.20 ns|  1.833 ns|     0.86 ns|
    +--------+---------+----------+------------+

+ Latency: 
    * Summary: 
    +---------+---------+----------+----------+-----+-----+---------+
    |  Latency (cycles) |  Latency (absolute) |  Interval | Pipeline|
    |   min   |   max   |    min   |    max   | min | max |   Type  |
    +---------+---------+----------+----------+-----+-----+---------+
    |        1|        1|  3.200 ns|  3.200 ns|    1|    1|      yes|
    +---------+---------+----------+----------+-----+-----+---------+

    + Detail: 
        * Instance: 
        N/A

        * Loop: 
        N/A

============================================================
+ Verbose Summary: Synthesis Manager
============================================================
InlineROM: 1
ExposeGlobal: 0
============================================================
+ Verbose Summary: CDFG Model
============================================================
IsTopModel: 0
ResetActiveHigh: 1
IsCombinational: 2
IsDatapathOnly: 0
HasWiredReturn: 1
HasMFsm: 2
HasVarLatency: 0
IsPipeline: 1
IsRtlPipelined: 1
IsInstanceOverlapped: 0
IsDontTouch: 0
HasImplIP: 0
IsGatedGlobalClock: 0

+ Individual pipeline summary: 
  * Pipeline-0: initiation interval (II) = 1, depth = 2


============================================================
+ Verbose Summary: Schedule
============================================================
* Number of FSM states : 2
* Pipeline : 1
  Pipeline-0 : II = 1, D = 2, States = { 1 2 }
* Dataflow Pipeline: 0

* FSM state transitions: 
1 --> 2 
2 --> 

* FSM state operations: 

State 1 <SV = 0> <Delay = 1.83>
ST_1 : Operation 3 [1/1] (0.00ns)   --->   "%specinterface_ln0 = specinterface void @_ssdm_op_SpecInterface, i1 %portTable2rxEng_check_rsp, void @empty, i32 0, i32 0, void @empty_1, i32 0, i32 0, void @empty_1, void @empty_1, void @empty_1, i32 0, i32 0, i32 0, i32 0, void @empty_1, void @empty_1, i32 4294967295, i32 0"   --->   Operation 3 'specinterface' 'specinterface_ln0' <Predicate = true> <Delay = 0.00>
ST_1 : Operation 4 [1/1] (0.00ns)   --->   "%specinterface_ln0 = specinterface void @_ssdm_op_SpecInterface, i1 %portTable2rxEng_check_rsp, void @empty, i32 0, i32 0, void @empty_1, i32 0, i32 0, void @empty_1, void @empty_1, void @empty_1, i32 0, i32 0, i32 0, i32 0, void @empty_1, void @empty_1, i32 4294967295, i32 0"   --->   Operation 4 'specinterface' 'specinterface_ln0' <Predicate = true> <Delay = 0.00>
ST_1 : Operation 5 [1/1] (0.00ns)   --->   "%specinterface_ln0 = specinterface void @_ssdm_op_SpecInterface, i1 %portTable2rxEng_check_rsp, void @empty, i32 0, i32 0, void @empty_1, i32 0, i32 0, void @empty_1, void @empty_1, void @empty_1, i32 0, i32 0, i32 0, i32 0, void @empty_1, void @empty_1, i32 4294967295, i32 0"   --->   Operation 5 'specinterface' 'specinterface_ln0' <Predicate = true> <Delay = 0.00>
ST_1 : Operation 6 [1/1] (0.00ns)   --->   "%specinterface_ln0 = specinterface void @_ssdm_op_SpecInterface, i1 %pt_dstFifo, void @empty, i32 0, i32 0, void @empty_1, i32 0, i32 0, void @empty_1, void @empty_1, void @empty_1, i32 0, i32 0, i32 0, i32 0, void @empty_1, void @empty_1, i32 4294967295, i32 0"   --->   Operation 6 'specinterface' 'specinterface_ln0' <Predicate = true> <Delay = 0.00>
ST_1 : Operation 7 [1/1] (0.00ns)   --->   "%specinterface_ln0 = specinterface void @_ssdm_op_SpecInterface, i1 %pt_dstFifo, void @empty, i32 0, i32 0, void @empty_1, i32 0, i32 0, void @empty_1, void @empty_1, void @empty_1, i32 0, i32 0, i32 0, i32 0, void @empty_1, void @empty_1, i32 4294967295, i32 0"   --->   Operation 7 'specinterface' 'specinterface_ln0' <Predicate = true> <Delay = 0.00>
ST_1 : Operation 8 [1/1] (0.00ns)   --->   "%specinterface_ln0 = specinterface void @_ssdm_op_SpecInterface, i1 %pt_dstFifo, void @empty, i32 0, i32 0, void @empty_1, i32 0, i32 0, void @empty_1, void @empty_1, void @empty_1, i32 0, i32 0, i32 0, i32 0, void @empty_1, void @empty_1, i32 4294967295, i32 0"   --->   Operation 8 'specinterface' 'specinterface_ln0' <Predicate = true> <Delay = 0.00>
ST_1 : Operation 9 [1/1] (0.00ns)   --->   "%specinterface_ln0 = specinterface void @_ssdm_op_SpecInterface, i1 %pt_portCheckListening_rsp_fifo, void @empty, i32 0, i32 0, void @empty_1, i32 0, i32 0, void @empty_1, void @empty_1, void @empty_1, i32 0, i32 0, i32 0, i32 0, void @empty_1, void @empty_1, i32 4294967295, i32 0"   --->   Operation 9 'specinterface' 'specinterface_ln0' <Predicate = true> <Delay = 0.00>
ST_1 : Operation 10 [1/1] (0.00ns)   --->   "%specinterface_ln0 = specinterface void @_ssdm_op_SpecInterface, i1 %pt_portCheckListening_rsp_fifo, void @empty, i32 0, i32 0, void @empty_1, i32 0, i32 0, void @empty_1, void @empty_1, void @empty_1, i32 0, i32 0, i32 0, i32 0, void @empty_1, void @empty_1, i32 4294967295, i32 0"   --->   Operation 10 'specinterface' 'specinterface_ln0' <Predicate = true> <Delay = 0.00>
ST_1 : Operation 11 [1/1] (0.00ns)   --->   "%specinterface_ln0 = specinterface void @_ssdm_op_SpecInterface, i1 %pt_portCheckListening_rsp_fifo, void @empty, i32 0, i32 0, void @empty_1, i32 0, i32 0, void @empty_1, void @empty_1, void @empty_1, i32 0, i32 0, i32 0, i32 0, void @empty_1, void @empty_1, i32 4294967295, i32 0"   --->   Operation 11 'specinterface' 'specinterface_ln0' <Predicate = true> <Delay = 0.00>
ST_1 : Operation 12 [1/1] (0.00ns)   --->   "%specinterface_ln0 = specinterface void @_ssdm_op_SpecInterface, i1 %pt_portCheckUsed_rsp_fifo, void @empty, i32 0, i32 0, void @empty_1, i32 0, i32 0, void @empty_1, void @empty_1, void @empty_1, i32 0, i32 0, i32 0, i32 0, void @empty_1, void @empty_1, i32 4294967295, i32 0"   --->   Operation 12 'specinterface' 'specinterface_ln0' <Predicate = true> <Delay = 0.00>
ST_1 : Operation 13 [1/1] (0.00ns)   --->   "%specinterface_ln0 = specinterface void @_ssdm_op_SpecInterface, i1 %pt_portCheckUsed_rsp_fifo, void @empty, i32 0, i32 0, void @empty_1, i32 0, i32 0, void @empty_1, void @empty_1, void @empty_1, i32 0, i32 0, i32 0, i32 0, void @empty_1, void @empty_1, i32 4294967295, i32 0"   --->   Operation 13 'specinterface' 'specinterface_ln0' <Predicate = true> <Delay = 0.00>
ST_1 : Operation 14 [1/1] (0.00ns)   --->   "%specinterface_ln0 = specinterface void @_ssdm_op_SpecInterface, i1 %pt_portCheckUsed_rsp_fifo, void @empty, i32 0, i32 0, void @empty_1, i32 0, i32 0, void @empty_1, void @empty_1, void @empty_1, i32 0, i32 0, i32 0, i32 0, void @empty_1, void @empty_1, i32 4294967295, i32 0"   --->   Operation 14 'specinterface' 'specinterface_ln0' <Predicate = true> <Delay = 0.00>
ST_1 : Operation 15 [1/1] (0.00ns)   --->   "%specinterface_ln0 = specinterface void @_ssdm_op_SpecInterface, i1 %portTable2rxEng_check_rsp, void @empty, i32 0, i32 0, void @empty_1, i32 0, i32 0, void @empty_1, void @empty_1, void @empty_1, i32 0, i32 0, i32 0, i32 0, void @empty_1, void @empty_1, i32 4294967295, i32 0"   --->   Operation 15 'specinterface' 'specinterface_ln0' <Predicate = true> <Delay = 0.00>
ST_1 : Operation 16 [1/1] (0.00ns)   --->   "%specinterface_ln0 = specinterface void @_ssdm_op_SpecInterface, i1 %pt_dstFifo, void @empty, i32 0, i32 0, void @empty_1, i32 0, i32 0, void @empty_1, void @empty_1, void @empty_1, i32 0, i32 0, i32 0, i32 0, void @empty_1, void @empty_1, i32 4294967295, i32 0"   --->   Operation 16 'specinterface' 'specinterface_ln0' <Predicate = true> <Delay = 0.00>
ST_1 : Operation 17 [1/1] (0.00ns)   --->   "%specinterface_ln0 = specinterface void @_ssdm_op_SpecInterface, i1 %pt_portCheckUsed_rsp_fifo, void @empty, i32 0, i32 0, void @empty_1, i32 0, i32 0, void @empty_1, void @empty_1, void @empty_1, i32 0, i32 0, i32 0, i32 0, void @empty_1, void @empty_1, i32 4294967295, i32 0"   --->   Operation 17 'specinterface' 'specinterface_ln0' <Predicate = true> <Delay = 0.00>
ST_1 : Operation 18 [1/1] (0.00ns)   --->   "%specinterface_ln0 = specinterface void @_ssdm_op_SpecInterface, i1 %pt_portCheckListening_rsp_fifo, void @empty, i32 0, i32 0, void @empty_1, i32 0, i32 0, void @empty_1, void @empty_1, void @empty_1, i32 0, i32 0, i32 0, i32 0, void @empty_1, void @empty_1, i32 4294967295, i32 0"   --->   Operation 18 'specinterface' 'specinterface_ln0' <Predicate = true> <Delay = 0.00>
ST_1 : Operation 19 [1/1] (0.00ns)   --->   "%specpipeline_ln185 = specpipeline void @_ssdm_op_SpecPipeline, i32 1, i32 0, i32 0, i32 0, void @empty_1" [/mnt/scratch/pyuvaraj/Vitis_RoCE_W/Vitis_RoCE/fpga-network-stack/hls/toe/port_table/port_table.cpp:185]   --->   Operation 19 'specpipeline' 'specpipeline_ln185' <Predicate = true> <Delay = 0.00>
ST_1 : Operation 20 [1/1] (0.00ns)   --->   "%cm_fsmState_load = load i2 %cm_fsmState" [/mnt/scratch/pyuvaraj/Vitis_RoCE_W/Vitis_RoCE/fpga-network-stack/hls/toe/port_table/port_table.cpp:205]   --->   Operation 20 'load' 'cm_fsmState_load' <Predicate = true> <Delay = 0.00>
ST_1 : Operation 21 [1/1] (0.34ns)   --->   "%switch_ln205 = switch i2 %cm_fsmState_load, void %sw.bb.i, i2 2, void %sw.bb8.i, i2 1, void %sw.bb3.i" [/mnt/scratch/pyuvaraj/Vitis_RoCE_W/Vitis_RoCE/fpga-network-stack/hls/toe/port_table/port_table.cpp:205]   --->   Operation 21 'switch' 'switch_ln205' <Predicate = true> <Delay = 0.34>
ST_1 : Operation 22 [1/1] (0.00ns)   --->   "%tmp_i_267 = nbreadreq i1 @_ssdm_op_NbReadReq.ap_fifo.i1P0A, i1 %pt_portCheckListening_rsp_fifo, i32 1" [/tools/Xilinx/Vitis_HLS/2022.1/common/technology/autopilot/hls_stream_39.h:136]   --->   Operation 22 'nbreadreq' 'tmp_i_267' <Predicate = (cm_fsmState_load == 1)> <Delay = 0.00> <CoreInst = "FIFO_SRL">   --->   Core 81 'FIFO_SRL' <Latency = 0> <II = 1> <Delay = 1.42> <Storage> <Opcode : 'read' 'write' 'nbread' 'nbwrite'> <Ports = 0> <Width = 1> <Depth = 2> <FIFO>
ST_1 : Operation 23 [1/1] (0.00ns)   --->   "%br_ln222 = br i1 %tmp_i_267, void %if.end7.i, void %if.then5.i" [/mnt/scratch/pyuvaraj/Vitis_RoCE_W/Vitis_RoCE/fpga-network-stack/hls/toe/port_table/port_table.cpp:222]   --->   Operation 23 'br' 'br_ln222' <Predicate = (cm_fsmState_load == 1)> <Delay = 0.00>
ST_1 : Operation 24 [1/1] (1.16ns)   --->   "%tmp_363 = read i1 @_ssdm_op_Read.ap_fifo.volatile.i1P0A, i1 %pt_portCheckListening_rsp_fifo" [/tools/Xilinx/Vitis_HLS/2022.1/common/technology/autopilot/hls_stream_39.h:145]   --->   Operation 24 'read' 'tmp_363' <Predicate = (cm_fsmState_load == 1 & tmp_i_267)> <Delay = 1.16> <CoreInst = "FIFO_SRL">   --->   Core 81 'FIFO_SRL' <Latency = 0> <II = 1> <Delay = 1.42> <Storage> <Opcode : 'read' 'write' 'nbread' 'nbwrite'> <Ports = 0> <Width = 1> <Depth = 2> <FIFO>
ST_1 : Operation 25 [1/1] (0.38ns)   --->   "%store_ln225 = store i2 0, i2 %cm_fsmState" [/mnt/scratch/pyuvaraj/Vitis_RoCE_W/Vitis_RoCE/fpga-network-stack/hls/toe/port_table/port_table.cpp:225]   --->   Operation 25 'store' 'store_ln225' <Predicate = (cm_fsmState_load == 1 & tmp_i_267)> <Delay = 0.38>
ST_1 : Operation 26 [1/1] (0.00ns)   --->   "%br_ln227 = br void %check_out_multiplexer.exit" [/mnt/scratch/pyuvaraj/Vitis_RoCE_W/Vitis_RoCE/fpga-network-stack/hls/toe/port_table/port_table.cpp:227]   --->   Operation 26 'br' 'br_ln227' <Predicate = (cm_fsmState_load == 1)> <Delay = 0.00>
ST_1 : Operation 27 [1/1] (0.00ns)   --->   "%tmp_570_i = nbreadreq i1 @_ssdm_op_NbReadReq.ap_fifo.i1P0A, i1 %pt_portCheckUsed_rsp_fifo, i32 1" [/tools/Xilinx/Vitis_HLS/2022.1/common/technology/autopilot/hls_stream_39.h:136]   --->   Operation 27 'nbreadreq' 'tmp_570_i' <Predicate = (cm_fsmState_load == 2)> <Delay = 0.00> <CoreInst = "FIFO_SRL">   --->   Core 81 'FIFO_SRL' <Latency = 0> <II = 1> <Delay = 1.42> <Storage> <Opcode : 'read' 'write' 'nbread' 'nbwrite'> <Ports = 0> <Width = 1> <Depth = 2> <FIFO>
ST_1 : Operation 28 [1/1] (0.00ns)   --->   "%br_ln229 = br i1 %tmp_570_i, void %if.end13.i, void %if.then10.i" [/mnt/scratch/pyuvaraj/Vitis_RoCE_W/Vitis_RoCE/fpga-network-stack/hls/toe/port_table/port_table.cpp:229]   --->   Operation 28 'br' 'br_ln229' <Predicate = (cm_fsmState_load == 2)> <Delay = 0.00>
ST_1 : Operation 29 [1/1] (1.16ns)   --->   "%tmp = read i1 @_ssdm_op_Read.ap_fifo.volatile.i1P0A, i1 %pt_portCheckUsed_rsp_fifo" [/tools/Xilinx/Vitis_HLS/2022.1/common/technology/autopilot/hls_stream_39.h:145]   --->   Operation 29 'read' 'tmp' <Predicate = (cm_fsmState_load == 2 & tmp_570_i)> <Delay = 1.16> <CoreInst = "FIFO_SRL">   --->   Core 81 'FIFO_SRL' <Latency = 0> <II = 1> <Delay = 1.42> <Storage> <Opcode : 'read' 'write' 'nbread' 'nbwrite'> <Ports = 0> <Width = 1> <Depth = 2> <FIFO>
ST_1 : Operation 30 [1/1] (0.38ns)   --->   "%store_ln232 = store i2 0, i2 %cm_fsmState" [/mnt/scratch/pyuvaraj/Vitis_RoCE_W/Vitis_RoCE/fpga-network-stack/hls/toe/port_table/port_table.cpp:232]   --->   Operation 30 'store' 'store_ln232' <Predicate = (cm_fsmState_load == 2 & tmp_570_i)> <Delay = 0.38>
ST_1 : Operation 31 [1/1] (0.00ns)   --->   "%br_ln234 = br void %check_out_multiplexer.exit" [/mnt/scratch/pyuvaraj/Vitis_RoCE_W/Vitis_RoCE/fpga-network-stack/hls/toe/port_table/port_table.cpp:234]   --->   Operation 31 'br' 'br_ln234' <Predicate = (cm_fsmState_load == 2)> <Delay = 0.00>
ST_1 : Operation 32 [1/1] (0.00ns)   --->   "%tmp_i = nbreadreq i1 @_ssdm_op_NbReadReq.ap_fifo.i1P0A, i1 %pt_dstFifo, i32 1" [/tools/Xilinx/Vitis_HLS/2022.1/common/technology/autopilot/hls_stream_39.h:136]   --->   Operation 32 'nbreadreq' 'tmp_i' <Predicate = (cm_fsmState_load != 2 & cm_fsmState_load != 1)> <Delay = 0.00> <CoreInst = "FIFO_SRL">   --->   Core 81 'FIFO_SRL' <Latency = 0> <II = 1> <Delay = 1.35> <Storage> <Opcode : 'read' 'write' 'nbread' 'nbwrite'> <Ports = 0> <Width = 1> <Depth = 4> <FIFO>
ST_1 : Operation 33 [1/1] (0.00ns)   --->   "%br_ln208 = br i1 %tmp_i, void %if.end2.i, void %if.then.i" [/mnt/scratch/pyuvaraj/Vitis_RoCE_W/Vitis_RoCE/fpga-network-stack/hls/toe/port_table/port_table.cpp:208]   --->   Operation 33 'br' 'br_ln208' <Predicate = (cm_fsmState_load != 2 & cm_fsmState_load != 1)> <Delay = 0.00>
ST_1 : Operation 34 [1/1] (1.16ns)   --->   "%pt_dstFifo_read = read i1 @_ssdm_op_Read.ap_fifo.volatile.i1P0A, i1 %pt_dstFifo" [/tools/Xilinx/Vitis_HLS/2022.1/common/technology/autopilot/hls_stream_39.h:145]   --->   Operation 34 'read' 'pt_dstFifo_read' <Predicate = (cm_fsmState_load != 2 & cm_fsmState_load != 1 & tmp_i)> <Delay = 1.16> <CoreInst = "FIFO_SRL">   --->   Core 81 'FIFO_SRL' <Latency = 0> <II = 1> <Delay = 1.35> <Storage> <Opcode : 'read' 'write' 'nbread' 'nbwrite'> <Ports = 0> <Width = 1> <Depth = 4> <FIFO>
ST_1 : Operation 35 [1/1] (0.27ns)   --->   "%select_ln211 = select i1 %pt_dstFifo_read, i2 1, i2 2" [/mnt/scratch/pyuvaraj/Vitis_RoCE_W/Vitis_RoCE/fpga-network-stack/hls/toe/port_table/port_table.cpp:211]   --->   Operation 35 'select' 'select_ln211' <Predicate = (cm_fsmState_load != 2 & cm_fsmState_load != 1 & tmp_i)> <Delay = 0.27> <CoreInst = "Sel">   --->   Core 73 'Sel' <Latency = 0> <II = 1> <Delay = 0.27> <FuncUnit> <Opcode : 'select'> <InPorts = 3> <OutPorts = 1>
ST_1 : Operation 36 [1/1] (0.38ns)   --->   "%store_ln213 = store i2 %select_ln211, i2 %cm_fsmState" [/mnt/scratch/pyuvaraj/Vitis_RoCE_W/Vitis_RoCE/fpga-network-stack/hls/toe/port_table/port_table.cpp:213]   --->   Operation 36 'store' 'store_ln213' <Predicate = (cm_fsmState_load != 2 & cm_fsmState_load != 1 & tmp_i)> <Delay = 0.38>
ST_1 : Operation 37 [1/1] (0.00ns)   --->   "%br_ln219 = br void %if.end2.i" [/mnt/scratch/pyuvaraj/Vitis_RoCE_W/Vitis_RoCE/fpga-network-stack/hls/toe/port_table/port_table.cpp:219]   --->   Operation 37 'br' 'br_ln219' <Predicate = (cm_fsmState_load != 2 & cm_fsmState_load != 1 & tmp_i)> <Delay = 0.00>
ST_1 : Operation 38 [1/1] (0.00ns)   --->   "%br_ln220 = br void %check_out_multiplexer.exit" [/mnt/scratch/pyuvaraj/Vitis_RoCE_W/Vitis_RoCE/fpga-network-stack/hls/toe/port_table/port_table.cpp:220]   --->   Operation 38 'br' 'br_ln220' <Predicate = (cm_fsmState_load != 2 & cm_fsmState_load != 1)> <Delay = 0.00>

State 2 <SV = 1> <Delay = 1.16>
ST_2 : Operation 39 [1/1] (1.16ns)   --->   "%write_ln174 = write void @_ssdm_op_Write.ap_fifo.volatile.i1P0A, i1 %portTable2rxEng_check_rsp, i1 %tmp_363" [/tools/Xilinx/Vitis_HLS/2022.1/common/technology/autopilot/hls_stream_39.h:174]   --->   Operation 39 'write' 'write_ln174' <Predicate = (cm_fsmState_load == 1 & tmp_i_267)> <Delay = 1.16> <CoreInst = "FIFO_SRL">   --->   Core 81 'FIFO_SRL' <Latency = 0> <II = 1> <Delay = 1.35> <Storage> <Opcode : 'read' 'write' 'nbread' 'nbwrite'> <Ports = 0> <Width = 1> <Depth = 4> <FIFO>
ST_2 : Operation 40 [1/1] (0.00ns)   --->   "%br_ln226 = br void %if.end7.i" [/mnt/scratch/pyuvaraj/Vitis_RoCE_W/Vitis_RoCE/fpga-network-stack/hls/toe/port_table/port_table.cpp:226]   --->   Operation 40 'br' 'br_ln226' <Predicate = (cm_fsmState_load == 1 & tmp_i_267)> <Delay = 0.00>
ST_2 : Operation 41 [1/1] (1.16ns)   --->   "%write_ln174 = write void @_ssdm_op_Write.ap_fifo.volatile.i1P0A, i1 %portTable2rxEng_check_rsp, i1 %tmp" [/tools/Xilinx/Vitis_HLS/2022.1/common/technology/autopilot/hls_stream_39.h:174]   --->   Operation 41 'write' 'write_ln174' <Predicate = (cm_fsmState_load == 2 & tmp_570_i)> <Delay = 1.16> <CoreInst = "FIFO_SRL">   --->   Core 81 'FIFO_SRL' <Latency = 0> <II = 1> <Delay = 1.35> <Storage> <Opcode : 'read' 'write' 'nbread' 'nbwrite'> <Ports = 0> <Width = 1> <Depth = 4> <FIFO>
ST_2 : Operation 42 [1/1] (0.00ns)   --->   "%br_ln233 = br void %if.end13.i" [/mnt/scratch/pyuvaraj/Vitis_RoCE_W/Vitis_RoCE/fpga-network-stack/hls/toe/port_table/port_table.cpp:233]   --->   Operation 42 'br' 'br_ln233' <Predicate = (cm_fsmState_load == 2 & tmp_570_i)> <Delay = 0.00>
ST_2 : Operation 43 [1/1] (0.00ns)   --->   "%ret_ln0 = ret"   --->   Operation 43 'ret' 'ret_ln0' <Predicate = true> <Delay = 0.00>


============================================================
+ Verbose Summary: Timing violations
============================================================
Target clock period: 3.2ns, clock uncertainty: 0.864ns.

 <State 1>: 1.83ns
The critical path consists of the following:
	fifo read operation ('pt_dstFifo_read', /tools/Xilinx/Vitis_HLS/2022.1/common/technology/autopilot/hls_stream_39.h:145) on port 'pt_dstFifo' (/tools/Xilinx/Vitis_HLS/2022.1/common/technology/autopilot/hls_stream_39.h:145) [49]  (1.17 ns)
	'select' operation ('select_ln211', /mnt/scratch/pyuvaraj/Vitis_RoCE_W/Vitis_RoCE/fpga-network-stack/hls/toe/port_table/port_table.cpp:211) [50]  (0.278 ns)
	'store' operation ('store_ln213', /mnt/scratch/pyuvaraj/Vitis_RoCE_W/Vitis_RoCE/fpga-network-stack/hls/toe/port_table/port_table.cpp:213) of variable 'select_ln211', /mnt/scratch/pyuvaraj/Vitis_RoCE_W/Vitis_RoCE/fpga-network-stack/hls/toe/port_table/port_table.cpp:211 on static variable 'cm_fsmState' [51]  (0.387 ns)

 <State 2>: 1.17ns
The critical path consists of the following:
	fifo write operation ('write_ln174', /tools/Xilinx/Vitis_HLS/2022.1/common/technology/autopilot/hls_stream_39.h:174) on port 'portTable2rxEng_check_rsp' (/tools/Xilinx/Vitis_HLS/2022.1/common/technology/autopilot/hls_stream_39.h:174) [40]  (1.17 ns)


============================================================
+ Verbose Summary: Binding
============================================================
N/A
* FSMD analyzer results:
  - Output states:
 - Input state : 
  - Chain level:
	State 1
	State 2


============================================================
+ Verbose Summary: Datapath Resource usage 
============================================================
N/A
