

================================================================
== Vitis HLS Report for 'event_engine'
================================================================
* Date:           Tue Jul 11 09:26:10 2023

* Version:        2022.1 (Build 3526262 on Mon Apr 18 15:47:01 MDT 2022)
* Project:        toe_prj
* Solution:       solution1 (Vivado IP Flow Target)
* Product family: virtexuplus
* Target device:  xcu280-fsvh2892-2L-e


================================================================
== Performance Estimates
================================================================
+ Timing: 
    * Summary: 
    +--------+---------+----------+------------+
    |  Clock |  Target | Estimated| Uncertainty|
    +--------+---------+----------+------------+
    |ap_clk  |  3.20 ns|  2.228 ns|     0.86 ns|
    +--------+---------+----------+------------+

+ Latency: 
    * Summary: 
    +---------+---------+----------+----------+-----+-----+---------+
    |  Latency (cycles) |  Latency (absolute) |  Interval | Pipeline|
    |   min   |   max   |    min   |    max   | min | max |   Type  |
    +---------+---------+----------+----------+-----+-----+---------+
    |        0|        0|      0 ns|      0 ns|    1|    1|      yes|
    +---------+---------+----------+----------+-----+-----+---------+

    + Detail: 
        * Instance: 
        N/A

        * Loop: 
        N/A



================================================================
== Utilization Estimates
================================================================
* Summary: 
+---------------------+---------+------+---------+---------+-----+
|         Name        | BRAM_18K|  DSP |    FF   |   LUT   | URAM|
+---------------------+---------+------+---------+---------+-----+
|DSP                  |        -|     -|        -|        -|    -|
|Expression           |        -|     -|        0|      106|    -|
|FIFO                 |        -|     -|        -|        -|    -|
|Instance             |        -|     -|        -|        -|    -|
|Memory               |        -|     -|        -|        -|    -|
|Multiplexer          |        -|     -|        -|       92|    -|
|Register             |        -|     -|       34|        -|    -|
+---------------------+---------+------+---------+---------+-----+
|Total                |        0|     0|       34|      198|    0|
+---------------------+---------+------+---------+---------+-----+
|Available SLR        |     1344|  3008|   869120|   434560|  320|
+---------------------+---------+------+---------+---------+-----+
|Utilization SLR (%)  |        0|     0|       ~0|       ~0|    0|
+---------------------+---------+------+---------+---------+-----+
|Available            |     4032|  9024|  2607360|  1303680|  960|
+---------------------+---------+------+---------+---------+-----+
|Utilization (%)      |        0|     0|       ~0|       ~0|    0|
+---------------------+---------+------+---------+---------+-----+

+ Detail: 
    * Instance: 
    N/A

    * DSP: 
    N/A

    * Memory: 
    N/A

    * FIFO: 
    N/A

    * Expression: 
    +-------------------------------+----------+----+---+----+------------+------------+
    |         Variable Name         | Operation| DSP| FF| LUT| Bitwidth P0| Bitwidth P1|
    +-------------------------------+----------+----+---+----+------------+------------+
    |add_ln886_193_fu_316_p2        |         +|   0|  0|  15|           8|           1|
    |add_ln886_194_fu_328_p2        |         +|   0|  0|  15|           8|           1|
    |add_ln886_195_fu_340_p2        |         +|   0|  0|  15|           8|           1|
    |grp_fu_172_p2                  |         +|   0|  0|  15|           8|           1|
    |and_ln83_fu_206_p2             |       and|   0|  0|   2|           1|           1|
    |ap_condition_166               |       and|   0|  0|   2|           1|           1|
    |ap_predicate_op70_read_state1  |       and|   0|  0|   2|           1|           1|
    |tmp_544_i_nbreadreq_fu_88_p3   |       and|   0|  0|   2|           1|           0|
    |tmp_545_i_nbreadreq_fu_96_p3   |       and|   0|  0|   2|           1|           0|
    |tmp_546_i_nbreadreq_fu_130_p3  |       and|   0|  0|   2|           1|           0|
    |tmp_547_i_nbreadreq_fu_144_p3  |       and|   0|  0|   2|           1|           0|
    |tmp_548_i_nbreadreq_fu_158_p3  |       and|   0|  0|   2|           1|           0|
    |tmp_i_nbreadreq_fu_72_p3       |       and|   0|  0|   2|           1|           0|
    |icmp_ln1065_77_fu_200_p2       |      icmp|   0|  0|  11|           8|           8|
    |icmp_ln1065_fu_194_p2          |      icmp|   0|  0|  11|           8|           8|
    |ap_block_state1                |        or|   0|  0|   2|           1|           1|
    |ap_predicate_op47_read_state1  |        or|   0|  0|   2|           1|           1|
    |ap_predicate_op58_read_state1  |        or|   0|  0|   2|           1|           1|
    +-------------------------------+----------+----+---+----+------------+------------+
    |Total                          |          |   0|  0| 106|          60|          26|
    +-------------------------------+----------+----+---+----+------------+------------+

    * Multiplexer: 
    +-------------------------------+----+-----------+-----+-----------+
    |              Name             | LUT| Input Size| Bits| Total Bits|
    +-------------------------------+----+-----------+-----+-----------+
    |ackDelayFifoReadCount_blk_n    |   9|          2|    1|          2|
    |ackDelayFifoWriteCount_blk_n   |   9|          2|    1|          2|
    |ap_done                        |   9|          2|    1|          2|
    |eventEng2ackDelay_event_blk_n  |   9|          2|    1|          2|
    |eventEng2ackDelay_event_din    |  20|          4|  224|        896|
    |rxEng2eventEng_setEvent_blk_n  |   9|          2|    1|          2|
    |timer2eventEng_setEvent_blk_n  |   9|          2|    1|          2|
    |txApp2eventEng_setEvent_blk_n  |   9|          2|    1|          2|
    |txEngFifoReadCount_blk_n       |   9|          2|    1|          2|
    +-------------------------------+----+-----------+-----+-----------+
    |Total                          |  92|         20|  232|        912|
    +-------------------------------+----+-----------+-----+-----------+

    * Register: 
    +---------------------+---+----+-----+-----------+
    |         Name        | FF| LUT| Bits| Const Bits|
    +---------------------+---+----+-----+-----------+
    |ap_CS_fsm            |  1|   0|    1|          0|
    |ap_done_reg          |  1|   0|    1|          0|
    |ee_adReadCounter     |  8|   0|    8|          0|
    |ee_adWriteCounter    |  8|   0|    8|          0|
    |ee_txEngReadCounter  |  8|   0|    8|          0|
    |ee_writeCounter      |  8|   0|    8|          0|
    +---------------------+---+----+-----+-----------+
    |Total                | 34|   0|   34|          0|
    +---------------------+---+----+-----+-----------+



================================================================
== Interface
================================================================
* Summary: 
+----------------------------------------+-----+-----+------------+-------------------------+--------------+
|                RTL Ports               | Dir | Bits|  Protocol  |      Source Object      |    C Type    |
+----------------------------------------+-----+-----+------------+-------------------------+--------------+
|ap_clk                                  |   in|    1|  ap_ctrl_hs|             event_engine|  return value|
|ap_rst                                  |   in|    1|  ap_ctrl_hs|             event_engine|  return value|
|ap_start                                |   in|    1|  ap_ctrl_hs|             event_engine|  return value|
|ap_done                                 |  out|    1|  ap_ctrl_hs|             event_engine|  return value|
|ap_continue                             |   in|    1|  ap_ctrl_hs|             event_engine|  return value|
|ap_idle                                 |  out|    1|  ap_ctrl_hs|             event_engine|  return value|
|ap_ready                                |  out|    1|  ap_ctrl_hs|             event_engine|  return value|
|rxEng2eventEng_setEvent_dout            |   in|  224|     ap_fifo|  rxEng2eventEng_setEvent|       pointer|
|rxEng2eventEng_setEvent_num_data_valid  |   in|   10|     ap_fifo|  rxEng2eventEng_setEvent|       pointer|
|rxEng2eventEng_setEvent_fifo_cap        |   in|   10|     ap_fifo|  rxEng2eventEng_setEvent|       pointer|
|rxEng2eventEng_setEvent_empty_n         |   in|    1|     ap_fifo|  rxEng2eventEng_setEvent|       pointer|
|rxEng2eventEng_setEvent_read            |  out|    1|     ap_fifo|  rxEng2eventEng_setEvent|       pointer|
|eventEng2ackDelay_event_din             |  out|  224|     ap_fifo|  eventEng2ackDelay_event|       pointer|
|eventEng2ackDelay_event_num_data_valid  |   in|    7|     ap_fifo|  eventEng2ackDelay_event|       pointer|
|eventEng2ackDelay_event_fifo_cap        |   in|    7|     ap_fifo|  eventEng2ackDelay_event|       pointer|
|eventEng2ackDelay_event_full_n          |   in|    1|     ap_fifo|  eventEng2ackDelay_event|       pointer|
|eventEng2ackDelay_event_write           |  out|    1|     ap_fifo|  eventEng2ackDelay_event|       pointer|
|timer2eventEng_setEvent_dout            |   in|  128|     ap_fifo|  timer2eventEng_setEvent|       pointer|
|timer2eventEng_setEvent_num_data_valid  |   in|    7|     ap_fifo|  timer2eventEng_setEvent|       pointer|
|timer2eventEng_setEvent_fifo_cap        |   in|    7|     ap_fifo|  timer2eventEng_setEvent|       pointer|
|timer2eventEng_setEvent_empty_n         |   in|    1|     ap_fifo|  timer2eventEng_setEvent|       pointer|
|timer2eventEng_setEvent_read            |  out|    1|     ap_fifo|  timer2eventEng_setEvent|       pointer|
|txApp2eventEng_setEvent_dout            |   in|  128|     ap_fifo|  txApp2eventEng_setEvent|       pointer|
|txApp2eventEng_setEvent_num_data_valid  |   in|    7|     ap_fifo|  txApp2eventEng_setEvent|       pointer|
|txApp2eventEng_setEvent_fifo_cap        |   in|    7|     ap_fifo|  txApp2eventEng_setEvent|       pointer|
|txApp2eventEng_setEvent_empty_n         |   in|    1|     ap_fifo|  txApp2eventEng_setEvent|       pointer|
|txApp2eventEng_setEvent_read            |  out|    1|     ap_fifo|  txApp2eventEng_setEvent|       pointer|
|ackDelayFifoReadCount_dout              |   in|    1|     ap_fifo|    ackDelayFifoReadCount|       pointer|
|ackDelayFifoReadCount_num_data_valid    |   in|    7|     ap_fifo|    ackDelayFifoReadCount|       pointer|
|ackDelayFifoReadCount_fifo_cap          |   in|    7|     ap_fifo|    ackDelayFifoReadCount|       pointer|
|ackDelayFifoReadCount_empty_n           |   in|    1|     ap_fifo|    ackDelayFifoReadCount|       pointer|
|ackDelayFifoReadCount_read              |  out|    1|     ap_fifo|    ackDelayFifoReadCount|       pointer|
|ackDelayFifoWriteCount_dout             |   in|    1|     ap_fifo|   ackDelayFifoWriteCount|       pointer|
|ackDelayFifoWriteCount_num_data_valid   |   in|    7|     ap_fifo|   ackDelayFifoWriteCount|       pointer|
|ackDelayFifoWriteCount_fifo_cap         |   in|    7|     ap_fifo|   ackDelayFifoWriteCount|       pointer|
|ackDelayFifoWriteCount_empty_n          |   in|    1|     ap_fifo|   ackDelayFifoWriteCount|       pointer|
|ackDelayFifoWriteCount_read             |  out|    1|     ap_fifo|   ackDelayFifoWriteCount|       pointer|
|txEngFifoReadCount_dout                 |   in|    1|     ap_fifo|       txEngFifoReadCount|       pointer|
|txEngFifoReadCount_num_data_valid       |   in|    7|     ap_fifo|       txEngFifoReadCount|       pointer|
|txEngFifoReadCount_fifo_cap             |   in|    7|     ap_fifo|       txEngFifoReadCount|       pointer|
|txEngFifoReadCount_empty_n              |   in|    1|     ap_fifo|       txEngFifoReadCount|       pointer|
|txEngFifoReadCount_read                 |  out|    1|     ap_fifo|       txEngFifoReadCount|       pointer|
+----------------------------------------+-----+-----+------------+-------------------------+--------------+

============================================================
+ Verbose Summary: Synthesis Manager
============================================================
InlineROM: 1
ExposeGlobal: 0
============================================================
+ Verbose Summary: CDFG Model
============================================================
IsTopModel: 0
ResetActiveHigh: 1
IsCombinational: 2
IsDatapathOnly: 0
HasWiredReturn: 1
HasMFsm: 2
HasVarLatency: 0
IsPipeline: 1
IsRtlPipelined: 0
IsInstanceOverlapped: 0
IsDontTouch: 0
HasImplIP: 0
IsGatedGlobalClock: 0

+ Individual pipeline summary: 
  * Pipeline-0: initiation interval (II) = 1, depth = 1


============================================================
+ Verbose Summary: Schedule
============================================================
* Number of FSM states : 1
* Pipeline : 1
  Pipeline-0 : II = 1, D = 1, States = { 1 }
* Dataflow Pipeline: 0

* FSM state transitions: 
1 --> 

* FSM state operations: 

State 1 <SV = 0> <Delay = 2.22>
ST_1 : Operation 2 [1/1] (0.00ns)   --->   "%specinterface_ln0 = specinterface void @_ssdm_op_SpecInterface, i1 %ackDelayFifoReadCount, void @empty, i32 0, i32 0, void @empty_1, i32 0, i32 0, void @empty_1, void @empty_1, void @empty_1, i32 0, i32 0, i32 0, i32 0, void @empty_1, void @empty_1, i32 4294967295, i32 0"   --->   Operation 2 'specinterface' 'specinterface_ln0' <Predicate = true> <Delay = 0.00>
ST_1 : Operation 3 [1/1] (0.00ns)   --->   "%specinterface_ln0 = specinterface void @_ssdm_op_SpecInterface, i1 %ackDelayFifoReadCount, void @empty, i32 0, i32 0, void @empty_1, i32 0, i32 0, void @empty_1, void @empty_1, void @empty_1, i32 0, i32 0, i32 0, i32 0, void @empty_1, void @empty_1, i32 4294967295, i32 0"   --->   Operation 3 'specinterface' 'specinterface_ln0' <Predicate = true> <Delay = 0.00>
ST_1 : Operation 4 [1/1] (0.00ns)   --->   "%specinterface_ln0 = specinterface void @_ssdm_op_SpecInterface, i1 %ackDelayFifoReadCount, void @empty, i32 0, i32 0, void @empty_1, i32 0, i32 0, void @empty_1, void @empty_1, void @empty_1, i32 0, i32 0, i32 0, i32 0, void @empty_1, void @empty_1, i32 4294967295, i32 0"   --->   Operation 4 'specinterface' 'specinterface_ln0' <Predicate = true> <Delay = 0.00>
ST_1 : Operation 5 [1/1] (0.00ns)   --->   "%specinterface_ln0 = specinterface void @_ssdm_op_SpecInterface, i1 %ackDelayFifoWriteCount, void @empty, i32 0, i32 0, void @empty_1, i32 0, i32 0, void @empty_1, void @empty_1, void @empty_1, i32 0, i32 0, i32 0, i32 0, void @empty_1, void @empty_1, i32 4294967295, i32 0"   --->   Operation 5 'specinterface' 'specinterface_ln0' <Predicate = true> <Delay = 0.00>
ST_1 : Operation 6 [1/1] (0.00ns)   --->   "%specinterface_ln0 = specinterface void @_ssdm_op_SpecInterface, i1 %ackDelayFifoWriteCount, void @empty, i32 0, i32 0, void @empty_1, i32 0, i32 0, void @empty_1, void @empty_1, void @empty_1, i32 0, i32 0, i32 0, i32 0, void @empty_1, void @empty_1, i32 4294967295, i32 0"   --->   Operation 6 'specinterface' 'specinterface_ln0' <Predicate = true> <Delay = 0.00>
ST_1 : Operation 7 [1/1] (0.00ns)   --->   "%specinterface_ln0 = specinterface void @_ssdm_op_SpecInterface, i1 %ackDelayFifoWriteCount, void @empty, i32 0, i32 0, void @empty_1, i32 0, i32 0, void @empty_1, void @empty_1, void @empty_1, i32 0, i32 0, i32 0, i32 0, void @empty_1, void @empty_1, i32 4294967295, i32 0"   --->   Operation 7 'specinterface' 'specinterface_ln0' <Predicate = true> <Delay = 0.00>
ST_1 : Operation 8 [1/1] (0.00ns)   --->   "%specinterface_ln0 = specinterface void @_ssdm_op_SpecInterface, i224 %eventEng2ackDelay_event, void @empty, i32 0, i32 0, void @empty_1, i32 0, i32 0, void @empty_1, void @empty_1, void @empty_1, i32 0, i32 0, i32 0, i32 0, void @empty_1, void @empty_1, i32 4294967295, i32 0"   --->   Operation 8 'specinterface' 'specinterface_ln0' <Predicate = true> <Delay = 0.00>
ST_1 : Operation 9 [1/1] (0.00ns)   --->   "%specinterface_ln0 = specinterface void @_ssdm_op_SpecInterface, i224 %eventEng2ackDelay_event, void @empty, i32 0, i32 0, void @empty_1, i32 0, i32 0, void @empty_1, void @empty_1, void @empty_1, i32 0, i32 0, i32 0, i32 0, void @empty_1, void @empty_1, i32 4294967295, i32 0"   --->   Operation 9 'specinterface' 'specinterface_ln0' <Predicate = true> <Delay = 0.00>
ST_1 : Operation 10 [1/1] (0.00ns)   --->   "%specinterface_ln0 = specinterface void @_ssdm_op_SpecInterface, i224 %eventEng2ackDelay_event, void @empty, i32 0, i32 0, void @empty_1, i32 0, i32 0, void @empty_1, void @empty_1, void @empty_1, i32 0, i32 0, i32 0, i32 0, void @empty_1, void @empty_1, i32 4294967295, i32 0"   --->   Operation 10 'specinterface' 'specinterface_ln0' <Predicate = true> <Delay = 0.00>
ST_1 : Operation 11 [1/1] (0.00ns)   --->   "%specinterface_ln0 = specinterface void @_ssdm_op_SpecInterface, i224 %rxEng2eventEng_setEvent, void @empty, i32 0, i32 0, void @empty_1, i32 0, i32 0, void @empty_1, void @empty_1, void @empty_1, i32 0, i32 0, i32 0, i32 0, void @empty_1, void @empty_1, i32 4294967295, i32 0"   --->   Operation 11 'specinterface' 'specinterface_ln0' <Predicate = true> <Delay = 0.00>
ST_1 : Operation 12 [1/1] (0.00ns)   --->   "%specinterface_ln0 = specinterface void @_ssdm_op_SpecInterface, i224 %rxEng2eventEng_setEvent, void @empty, i32 0, i32 0, void @empty_1, i32 0, i32 0, void @empty_1, void @empty_1, void @empty_1, i32 0, i32 0, i32 0, i32 0, void @empty_1, void @empty_1, i32 4294967295, i32 0"   --->   Operation 12 'specinterface' 'specinterface_ln0' <Predicate = true> <Delay = 0.00>
ST_1 : Operation 13 [1/1] (0.00ns)   --->   "%specinterface_ln0 = specinterface void @_ssdm_op_SpecInterface, i224 %rxEng2eventEng_setEvent, void @empty, i32 0, i32 0, void @empty_1, i32 0, i32 0, void @empty_1, void @empty_1, void @empty_1, i32 0, i32 0, i32 0, i32 0, void @empty_1, void @empty_1, i32 4294967295, i32 0"   --->   Operation 13 'specinterface' 'specinterface_ln0' <Predicate = true> <Delay = 0.00>
ST_1 : Operation 14 [1/1] (0.00ns)   --->   "%specinterface_ln0 = specinterface void @_ssdm_op_SpecInterface, i128 %timer2eventEng_setEvent, void @empty, i32 0, i32 0, void @empty_1, i32 0, i32 0, void @empty_1, void @empty_1, void @empty_1, i32 0, i32 0, i32 0, i32 0, void @empty_1, void @empty_1, i32 4294967295, i32 0"   --->   Operation 14 'specinterface' 'specinterface_ln0' <Predicate = true> <Delay = 0.00>
ST_1 : Operation 15 [1/1] (0.00ns)   --->   "%specinterface_ln0 = specinterface void @_ssdm_op_SpecInterface, i128 %timer2eventEng_setEvent, void @empty, i32 0, i32 0, void @empty_1, i32 0, i32 0, void @empty_1, void @empty_1, void @empty_1, i32 0, i32 0, i32 0, i32 0, void @empty_1, void @empty_1, i32 4294967295, i32 0"   --->   Operation 15 'specinterface' 'specinterface_ln0' <Predicate = true> <Delay = 0.00>
ST_1 : Operation 16 [1/1] (0.00ns)   --->   "%specinterface_ln0 = specinterface void @_ssdm_op_SpecInterface, i128 %timer2eventEng_setEvent, void @empty, i32 0, i32 0, void @empty_1, i32 0, i32 0, void @empty_1, void @empty_1, void @empty_1, i32 0, i32 0, i32 0, i32 0, void @empty_1, void @empty_1, i32 4294967295, i32 0"   --->   Operation 16 'specinterface' 'specinterface_ln0' <Predicate = true> <Delay = 0.00>
ST_1 : Operation 17 [1/1] (0.00ns)   --->   "%specinterface_ln0 = specinterface void @_ssdm_op_SpecInterface, i128 %txApp2eventEng_setEvent, void @empty, i32 0, i32 0, void @empty_1, i32 0, i32 0, void @empty_1, void @empty_1, void @empty_1, i32 0, i32 0, i32 0, i32 0, void @empty_1, void @empty_1, i32 4294967295, i32 0"   --->   Operation 17 'specinterface' 'specinterface_ln0' <Predicate = true> <Delay = 0.00>
ST_1 : Operation 18 [1/1] (0.00ns)   --->   "%specinterface_ln0 = specinterface void @_ssdm_op_SpecInterface, i128 %txApp2eventEng_setEvent, void @empty, i32 0, i32 0, void @empty_1, i32 0, i32 0, void @empty_1, void @empty_1, void @empty_1, i32 0, i32 0, i32 0, i32 0, void @empty_1, void @empty_1, i32 4294967295, i32 0"   --->   Operation 18 'specinterface' 'specinterface_ln0' <Predicate = true> <Delay = 0.00>
ST_1 : Operation 19 [1/1] (0.00ns)   --->   "%specinterface_ln0 = specinterface void @_ssdm_op_SpecInterface, i128 %txApp2eventEng_setEvent, void @empty, i32 0, i32 0, void @empty_1, i32 0, i32 0, void @empty_1, void @empty_1, void @empty_1, i32 0, i32 0, i32 0, i32 0, void @empty_1, void @empty_1, i32 4294967295, i32 0"   --->   Operation 19 'specinterface' 'specinterface_ln0' <Predicate = true> <Delay = 0.00>
ST_1 : Operation 20 [1/1] (0.00ns)   --->   "%specinterface_ln0 = specinterface void @_ssdm_op_SpecInterface, i1 %txEngFifoReadCount, void @empty, i32 0, i32 0, void @empty_1, i32 0, i32 0, void @empty_1, void @empty_1, void @empty_1, i32 0, i32 0, i32 0, i32 0, void @empty_1, void @empty_1, i32 4294967295, i32 0"   --->   Operation 20 'specinterface' 'specinterface_ln0' <Predicate = true> <Delay = 0.00>
ST_1 : Operation 21 [1/1] (0.00ns)   --->   "%specinterface_ln0 = specinterface void @_ssdm_op_SpecInterface, i1 %txEngFifoReadCount, void @empty, i32 0, i32 0, void @empty_1, i32 0, i32 0, void @empty_1, void @empty_1, void @empty_1, i32 0, i32 0, i32 0, i32 0, void @empty_1, void @empty_1, i32 4294967295, i32 0"   --->   Operation 21 'specinterface' 'specinterface_ln0' <Predicate = true> <Delay = 0.00>
ST_1 : Operation 22 [1/1] (0.00ns)   --->   "%specinterface_ln0 = specinterface void @_ssdm_op_SpecInterface, i1 %txEngFifoReadCount, void @empty, i32 0, i32 0, void @empty_1, i32 0, i32 0, void @empty_1, void @empty_1, void @empty_1, i32 0, i32 0, i32 0, i32 0, void @empty_1, void @empty_1, i32 4294967295, i32 0"   --->   Operation 22 'specinterface' 'specinterface_ln0' <Predicate = true> <Delay = 0.00>
ST_1 : Operation 23 [1/1] (0.00ns)   --->   "%specinterface_ln0 = specinterface void @_ssdm_op_SpecInterface, i1 %txEngFifoReadCount, void @empty, i32 0, i32 0, void @empty_1, i32 0, i32 0, void @empty_1, void @empty_1, void @empty_1, i32 0, i32 0, i32 0, i32 0, void @empty_1, void @empty_1, i32 4294967295, i32 0"   --->   Operation 23 'specinterface' 'specinterface_ln0' <Predicate = true> <Delay = 0.00>
ST_1 : Operation 24 [1/1] (0.00ns)   --->   "%specinterface_ln0 = specinterface void @_ssdm_op_SpecInterface, i1 %ackDelayFifoWriteCount, void @empty, i32 0, i32 0, void @empty_1, i32 0, i32 0, void @empty_1, void @empty_1, void @empty_1, i32 0, i32 0, i32 0, i32 0, void @empty_1, void @empty_1, i32 4294967295, i32 0"   --->   Operation 24 'specinterface' 'specinterface_ln0' <Predicate = true> <Delay = 0.00>
ST_1 : Operation 25 [1/1] (0.00ns)   --->   "%specinterface_ln0 = specinterface void @_ssdm_op_SpecInterface, i1 %ackDelayFifoReadCount, void @empty, i32 0, i32 0, void @empty_1, i32 0, i32 0, void @empty_1, void @empty_1, void @empty_1, i32 0, i32 0, i32 0, i32 0, void @empty_1, void @empty_1, i32 4294967295, i32 0"   --->   Operation 25 'specinterface' 'specinterface_ln0' <Predicate = true> <Delay = 0.00>
ST_1 : Operation 26 [1/1] (0.00ns)   --->   "%specinterface_ln0 = specinterface void @_ssdm_op_SpecInterface, i128 %txApp2eventEng_setEvent, void @empty, i32 0, i32 0, void @empty_1, i32 0, i32 0, void @empty_1, void @empty_1, void @empty_1, i32 0, i32 0, i32 0, i32 0, void @empty_1, void @empty_1, i32 4294967295, i32 0"   --->   Operation 26 'specinterface' 'specinterface_ln0' <Predicate = true> <Delay = 0.00>
ST_1 : Operation 27 [1/1] (0.00ns)   --->   "%specinterface_ln0 = specinterface void @_ssdm_op_SpecInterface, i224 %eventEng2ackDelay_event, void @empty, i32 0, i32 0, void @empty_1, i32 0, i32 0, void @empty_1, void @empty_1, void @empty_1, i32 0, i32 0, i32 0, i32 0, void @empty_1, void @empty_1, i32 4294967295, i32 0"   --->   Operation 27 'specinterface' 'specinterface_ln0' <Predicate = true> <Delay = 0.00>
ST_1 : Operation 28 [1/1] (0.00ns)   --->   "%specinterface_ln0 = specinterface void @_ssdm_op_SpecInterface, i224 %rxEng2eventEng_setEvent, void @empty, i32 0, i32 0, void @empty_1, i32 0, i32 0, void @empty_1, void @empty_1, void @empty_1, i32 0, i32 0, i32 0, i32 0, void @empty_1, void @empty_1, i32 4294967295, i32 0"   --->   Operation 28 'specinterface' 'specinterface_ln0' <Predicate = true> <Delay = 0.00>
ST_1 : Operation 29 [1/1] (0.00ns)   --->   "%specinterface_ln0 = specinterface void @_ssdm_op_SpecInterface, i128 %timer2eventEng_setEvent, void @empty, i32 0, i32 0, void @empty_1, i32 0, i32 0, void @empty_1, void @empty_1, void @empty_1, i32 0, i32 0, i32 0, i32 0, void @empty_1, void @empty_1, i32 4294967295, i32 0"   --->   Operation 29 'specinterface' 'specinterface_ln0' <Predicate = true> <Delay = 0.00>
ST_1 : Operation 30 [1/1] (0.00ns)   --->   "%specpipeline_ln40 = specpipeline void @_ssdm_op_SpecPipeline, i32 1, i32 0, i32 0, i32 0, void @empty_1" [/mnt/scratch/pyuvaraj/Vitis_RoCE_W/Vitis_RoCE/fpga-network-stack/hls/toe/event_engine/event_engine.cpp:40]   --->   Operation 30 'specpipeline' 'specpipeline_ln40' <Predicate = true> <Delay = 0.00>
ST_1 : Operation 31 [1/1] (0.00ns)   --->   "%tmp_i = nbreadreq i1 @_ssdm_op_NbReadReq.ap_fifo.i224P0A, i224 %rxEng2eventEng_setEvent, i32 1" [/tools/Xilinx/Vitis_HLS/2022.1/common/technology/autopilot/hls_stream_39.h:136]   --->   Operation 31 'nbreadreq' 'tmp_i' <Predicate = true> <Delay = 0.00> <CoreInst = "FIFO">   --->   Core 78 'FIFO' <Latency = 0> <II = 1> <Delay = 0.98> <Storage> <Opcode : 'read' 'write' 'nbread' 'nbwrite'> <Ports = 0> <Width = 224> <Depth = 512> <FIFO>
ST_1 : Operation 32 [1/1] (0.00ns)   --->   "%ee_writeCounter_load = load i8 %ee_writeCounter"   --->   Operation 32 'load' 'ee_writeCounter_load' <Predicate = true> <Delay = 0.00>
ST_1 : Operation 33 [1/1] (0.00ns)   --->   "%ee_adReadCounter_load = load i8 %ee_adReadCounter"   --->   Operation 33 'load' 'ee_adReadCounter_load' <Predicate = true> <Delay = 0.00>
ST_1 : Operation 34 [1/1] (0.00ns)   --->   "%ee_adWriteCounter_load = load i8 %ee_adWriteCounter"   --->   Operation 34 'load' 'ee_adWriteCounter_load' <Predicate = true> <Delay = 0.00>
ST_1 : Operation 35 [1/1] (0.00ns)   --->   "%ee_txEngReadCounter_load = load i8 %ee_txEngReadCounter"   --->   Operation 35 'load' 'ee_txEngReadCounter_load' <Predicate = true> <Delay = 0.00>
ST_1 : Operation 36 [1/1] (0.00ns)   --->   "%br_ln76 = br i1 %tmp_i, void %if.else.i, void %land.lhs.true.i" [/mnt/scratch/pyuvaraj/Vitis_RoCE_W/Vitis_RoCE/fpga-network-stack/hls/toe/event_engine/event_engine.cpp:76]   --->   Operation 36 'br' 'br_ln76' <Predicate = true> <Delay = 0.00>
ST_1 : Operation 37 [1/1] (0.00ns)   --->   "%tmp_i_264 = nbwritereq i1 @_ssdm_op_NbWriteReq.ap_fifo.i224P0A, i224 %eventEng2ackDelay_event, i32 1" [/tools/Xilinx/Vitis_HLS/2022.1/common/technology/autopilot/hls_stream_39.h:140]   --->   Operation 37 'nbwritereq' 'tmp_i_264' <Predicate = (tmp_i)> <Delay = 0.00> <CoreInst = "FIFO">   --->   Core 78 'FIFO' <Latency = 0> <II = 1> <Delay = 1.25> <Storage> <Opcode : 'read' 'write' 'nbread' 'nbwrite'> <Ports = 0> <Width = 224> <Depth = 64> <FIFO>
ST_1 : Operation 38 [1/1] (0.00ns)   --->   "%br_ln76 = br i1 %tmp_i_264, void %if.else.i, void %if.then.i" [/mnt/scratch/pyuvaraj/Vitis_RoCE_W/Vitis_RoCE/fpga-network-stack/hls/toe/event_engine/event_engine.cpp:76]   --->   Operation 38 'br' 'br_ln76' <Predicate = (tmp_i)> <Delay = 0.00>
ST_1 : Operation 39 [1/1] (0.58ns)   --->   "%icmp_ln1065 = icmp_eq  i8 %ee_writeCounter_load, i8 %ee_adReadCounter_load"   --->   Operation 39 'icmp' 'icmp_ln1065' <Predicate = (!tmp_i_264) | (!tmp_i)> <Delay = 0.58> <CoreInst = "Cmp">   --->   Core 9 'Cmp' <Latency = 0> <II = 1> <Delay = 0.58> <FuncUnit> <Opcode : 'icmp'> <InPorts = 2> <OutPorts = 1>
ST_1 : Operation 40 [1/1] (0.58ns)   --->   "%icmp_ln1065_77 = icmp_eq  i8 %ee_adWriteCounter_load, i8 %ee_txEngReadCounter_load"   --->   Operation 40 'icmp' 'icmp_ln1065_77' <Predicate = (!tmp_i_264) | (!tmp_i)> <Delay = 0.58> <CoreInst = "Cmp">   --->   Core 9 'Cmp' <Latency = 0> <II = 1> <Delay = 0.58> <FuncUnit> <Opcode : 'icmp'> <InPorts = 2> <OutPorts = 1>
ST_1 : Operation 41 [1/1] (0.12ns)   --->   "%and_ln83 = and i1 %icmp_ln1065, i1 %icmp_ln1065_77" [/mnt/scratch/pyuvaraj/Vitis_RoCE_W/Vitis_RoCE/fpga-network-stack/hls/toe/event_engine/event_engine.cpp:83]   --->   Operation 41 'and' 'and_ln83' <Predicate = (!tmp_i_264) | (!tmp_i)> <Delay = 0.12> <CoreInst = "LogicGate">   --->   Core 74 'LogicGate' <Latency = 0> <II = 1> <Delay = 0.12> <FuncUnit> <Opcode : 'and' 'or' 'xor'> <InPorts = 2> <OutPorts = 1>
ST_1 : Operation 42 [1/1] (0.00ns)   --->   "%br_ln83 = br i1 %and_ln83, void %if.end37.i, void %if.then20.i" [/mnt/scratch/pyuvaraj/Vitis_RoCE_W/Vitis_RoCE/fpga-network-stack/hls/toe/event_engine/event_engine.cpp:83]   --->   Operation 42 'br' 'br_ln83' <Predicate = (!tmp_i_264) | (!tmp_i)> <Delay = 0.00>
ST_1 : Operation 43 [1/1] (0.00ns)   --->   "%tmp_544_i = nbreadreq i1 @_ssdm_op_NbReadReq.ap_fifo.i128P0A, i128 %timer2eventEng_setEvent, i32 1" [/tools/Xilinx/Vitis_HLS/2022.1/common/technology/autopilot/hls_stream_39.h:136]   --->   Operation 43 'nbreadreq' 'tmp_544_i' <Predicate = (!tmp_i_264 & and_ln83) | (!tmp_i & and_ln83)> <Delay = 0.00> <CoreInst = "FIFO">   --->   Core 78 'FIFO' <Latency = 0> <II = 1> <Delay = 1.06> <Storage> <Opcode : 'read' 'write' 'nbread' 'nbwrite'> <Ports = 0> <Width = 128> <Depth = 64> <FIFO>
ST_1 : Operation 44 [1/1] (0.00ns)   --->   "%br_ln86 = br i1 %tmp_544_i, void %if.else28.i, void %if.then22.i" [/mnt/scratch/pyuvaraj/Vitis_RoCE_W/Vitis_RoCE/fpga-network-stack/hls/toe/event_engine/event_engine.cpp:86]   --->   Operation 44 'br' 'br_ln86' <Predicate = (!tmp_i_264 & and_ln83) | (!tmp_i & and_ln83)> <Delay = 0.00>
ST_1 : Operation 45 [1/1] (0.00ns)   --->   "%tmp_545_i = nbreadreq i1 @_ssdm_op_NbReadReq.ap_fifo.i128P0A, i128 %txApp2eventEng_setEvent, i32 1" [/tools/Xilinx/Vitis_HLS/2022.1/common/technology/autopilot/hls_stream_39.h:136]   --->   Operation 45 'nbreadreq' 'tmp_545_i' <Predicate = (!tmp_i_264 & and_ln83 & !tmp_544_i) | (!tmp_i & and_ln83 & !tmp_544_i)> <Delay = 0.00> <CoreInst = "FIFO">   --->   Core 78 'FIFO' <Latency = 0> <II = 1> <Delay = 1.06> <Storage> <Opcode : 'read' 'write' 'nbread' 'nbwrite'> <Ports = 0> <Width = 128> <Depth = 64> <FIFO>
ST_1 : Operation 46 [1/1] (0.00ns)   --->   "%br_ln93 = br i1 %tmp_545_i, void %if.end.i, void %if.then30.i" [/mnt/scratch/pyuvaraj/Vitis_RoCE_W/Vitis_RoCE/fpga-network-stack/hls/toe/event_engine/event_engine.cpp:93]   --->   Operation 46 'br' 'br_ln93' <Predicate = (!tmp_i_264 & and_ln83 & !tmp_544_i) | (!tmp_i & and_ln83 & !tmp_544_i)> <Delay = 0.00>
ST_1 : Operation 47 [1/1] (1.06ns)   --->   "%txApp2eventEng_setEvent_read = read i128 @_ssdm_op_Read.ap_fifo.volatile.i128P0A, i128 %txApp2eventEng_setEvent" [/tools/Xilinx/Vitis_HLS/2022.1/common/technology/autopilot/hls_stream_39.h:145]   --->   Operation 47 'read' 'txApp2eventEng_setEvent_read' <Predicate = (!tmp_i_264 & and_ln83 & !tmp_544_i & tmp_545_i) | (!tmp_i & and_ln83 & !tmp_544_i & tmp_545_i)> <Delay = 1.06> <CoreInst = "FIFO">   --->   Core 78 'FIFO' <Latency = 0> <II = 1> <Delay = 1.06> <Storage> <Opcode : 'read' 'write' 'nbread' 'nbwrite'> <Ports = 0> <Width = 128> <Depth = 64> <FIFO>
ST_1 : Operation 48 [1/1] (0.00ns)   --->   "%tmp_597_i = partselect i18 @_ssdm_op_PartSelect.i18.i128.i32.i32, i128 %txApp2eventEng_setEvent_read, i32 64, i32 81" [/tools/Xilinx/Vitis_HLS/2022.1/common/technology/autopilot/hls_stream_39.h:174]   --->   Operation 48 'partselect' 'tmp_597_i' <Predicate = (!tmp_i_264 & and_ln83 & !tmp_544_i & tmp_545_i) | (!tmp_i & and_ln83 & !tmp_544_i & tmp_545_i)> <Delay = 0.00>
ST_1 : Operation 49 [1/1] (0.00ns)   --->   "%tmp_598_i = partselect i19 @_ssdm_op_PartSelect.i19.i128.i32.i32, i128 %txApp2eventEng_setEvent_read, i32 96, i32 114" [/tools/Xilinx/Vitis_HLS/2022.1/common/technology/autopilot/hls_stream_39.h:174]   --->   Operation 49 'partselect' 'tmp_598_i' <Predicate = (!tmp_i_264 & and_ln83 & !tmp_544_i & tmp_545_i) | (!tmp_i & and_ln83 & !tmp_544_i & tmp_545_i)> <Delay = 0.00>
ST_1 : Operation 50 [1/1] (0.00ns)   --->   "%trunc_ln174_5 = trunc i128 %txApp2eventEng_setEvent_read" [/tools/Xilinx/Vitis_HLS/2022.1/common/technology/autopilot/hls_stream_39.h:174]   --->   Operation 50 'trunc' 'trunc_ln174_5' <Predicate = (!tmp_i_264 & and_ln83 & !tmp_544_i & tmp_545_i) | (!tmp_i & and_ln83 & !tmp_544_i & tmp_545_i)> <Delay = 0.00>
ST_1 : Operation 51 [1/1] (0.00ns)   --->   "%tmp_599_i = bitconcatenate i115 @_ssdm_op_BitConcatenate.i115.i19.i14.i18.i16.i48, i19 %tmp_598_i, i14 0, i18 %tmp_597_i, i16 0, i48 %trunc_ln174_5" [/tools/Xilinx/Vitis_HLS/2022.1/common/technology/autopilot/hls_stream_39.h:174]   --->   Operation 51 'bitconcatenate' 'tmp_599_i' <Predicate = (!tmp_i_264 & and_ln83 & !tmp_544_i & tmp_545_i) | (!tmp_i & and_ln83 & !tmp_544_i & tmp_545_i)> <Delay = 0.00>
ST_1 : Operation 52 [1/1] (0.00ns)   --->   "%zext_ln174_122 = zext i115 %tmp_599_i" [/tools/Xilinx/Vitis_HLS/2022.1/common/technology/autopilot/hls_stream_39.h:174]   --->   Operation 52 'zext' 'zext_ln174_122' <Predicate = (!tmp_i_264 & and_ln83 & !tmp_544_i & tmp_545_i) | (!tmp_i & and_ln83 & !tmp_544_i & tmp_545_i)> <Delay = 0.00>
ST_1 : Operation 53 [1/1] (1.16ns)   --->   "%write_ln174 = write void @_ssdm_op_Write.ap_fifo.volatile.i224P0A, i224 %eventEng2ackDelay_event, i224 %zext_ln174_122" [/tools/Xilinx/Vitis_HLS/2022.1/common/technology/autopilot/hls_stream_39.h:174]   --->   Operation 53 'write' 'write_ln174' <Predicate = (!tmp_i_264 & and_ln83 & !tmp_544_i & tmp_545_i) | (!tmp_i & and_ln83 & !tmp_544_i & tmp_545_i)> <Delay = 1.16> <CoreInst = "FIFO">   --->   Core 78 'FIFO' <Latency = 0> <II = 1> <Delay = 1.25> <Storage> <Opcode : 'read' 'write' 'nbread' 'nbwrite'> <Ports = 0> <Width = 224> <Depth = 64> <FIFO>
ST_1 : Operation 54 [1/1] (0.70ns)   --->   "%add_ln886_192 = add i8 %ee_writeCounter_load, i8 1"   --->   Operation 54 'add' 'add_ln886_192' <Predicate = (!tmp_i_264 & and_ln83 & !tmp_544_i & tmp_545_i) | (!tmp_i & and_ln83 & !tmp_544_i & tmp_545_i)> <Delay = 0.70> <CoreInst = "Adder">   --->   Core 1 'Adder' <Latency = 0> <II = 1> <Delay = 0.70> <FuncUnit> <Opcode : 'add' 'sub'> <InPorts = 2> <OutPorts = 1>
ST_1 : Operation 55 [1/1] (0.41ns)   --->   "%store_ln886 = store i8 %add_ln886_192, i8 %ee_writeCounter"   --->   Operation 55 'store' 'store_ln886' <Predicate = (!tmp_i_264 & and_ln83 & !tmp_544_i & tmp_545_i) | (!tmp_i & and_ln83 & !tmp_544_i & tmp_545_i)> <Delay = 0.41>
ST_1 : Operation 56 [1/1] (0.00ns)   --->   "%br_ln99 = br void %if.end.i" [/mnt/scratch/pyuvaraj/Vitis_RoCE_W/Vitis_RoCE/fpga-network-stack/hls/toe/event_engine/event_engine.cpp:99]   --->   Operation 56 'br' 'br_ln99' <Predicate = (!tmp_i_264 & and_ln83 & !tmp_544_i & tmp_545_i) | (!tmp_i & and_ln83 & !tmp_544_i & tmp_545_i)> <Delay = 0.00>
ST_1 : Operation 57 [1/1] (0.00ns)   --->   "%br_ln0 = br void %if.end36.i"   --->   Operation 57 'br' 'br_ln0' <Predicate = (!tmp_i_264 & and_ln83 & !tmp_544_i) | (!tmp_i & and_ln83 & !tmp_544_i)> <Delay = 0.00>
ST_1 : Operation 58 [1/1] (1.06ns)   --->   "%timer2eventEng_setEvent_read = read i128 @_ssdm_op_Read.ap_fifo.volatile.i128P0A, i128 %timer2eventEng_setEvent" [/tools/Xilinx/Vitis_HLS/2022.1/common/technology/autopilot/hls_stream_39.h:145]   --->   Operation 58 'read' 'timer2eventEng_setEvent_read' <Predicate = (!tmp_i_264 & and_ln83 & tmp_544_i) | (!tmp_i & and_ln83 & tmp_544_i)> <Delay = 1.06> <CoreInst = "FIFO">   --->   Core 78 'FIFO' <Latency = 0> <II = 1> <Delay = 1.06> <Storage> <Opcode : 'read' 'write' 'nbread' 'nbwrite'> <Ports = 0> <Width = 128> <Depth = 64> <FIFO>
ST_1 : Operation 59 [1/1] (0.00ns)   --->   "%tmp_593_i = partselect i18 @_ssdm_op_PartSelect.i18.i128.i32.i32, i128 %timer2eventEng_setEvent_read, i32 64, i32 81" [/tools/Xilinx/Vitis_HLS/2022.1/common/technology/autopilot/hls_stream_39.h:174]   --->   Operation 59 'partselect' 'tmp_593_i' <Predicate = (!tmp_i_264 & and_ln83 & tmp_544_i) | (!tmp_i & and_ln83 & tmp_544_i)> <Delay = 0.00>
ST_1 : Operation 60 [1/1] (0.00ns)   --->   "%tmp_594_i = partselect i19 @_ssdm_op_PartSelect.i19.i128.i32.i32, i128 %timer2eventEng_setEvent_read, i32 96, i32 114" [/tools/Xilinx/Vitis_HLS/2022.1/common/technology/autopilot/hls_stream_39.h:174]   --->   Operation 60 'partselect' 'tmp_594_i' <Predicate = (!tmp_i_264 & and_ln83 & tmp_544_i) | (!tmp_i & and_ln83 & tmp_544_i)> <Delay = 0.00>
ST_1 : Operation 61 [1/1] (0.00ns)   --->   "%trunc_ln174 = trunc i128 %timer2eventEng_setEvent_read" [/tools/Xilinx/Vitis_HLS/2022.1/common/technology/autopilot/hls_stream_39.h:174]   --->   Operation 61 'trunc' 'trunc_ln174' <Predicate = (!tmp_i_264 & and_ln83 & tmp_544_i) | (!tmp_i & and_ln83 & tmp_544_i)> <Delay = 0.00>
ST_1 : Operation 62 [1/1] (0.00ns)   --->   "%tmp_595_i = bitconcatenate i115 @_ssdm_op_BitConcatenate.i115.i19.i14.i18.i16.i48, i19 %tmp_594_i, i14 0, i18 %tmp_593_i, i16 0, i48 %trunc_ln174" [/tools/Xilinx/Vitis_HLS/2022.1/common/technology/autopilot/hls_stream_39.h:174]   --->   Operation 62 'bitconcatenate' 'tmp_595_i' <Predicate = (!tmp_i_264 & and_ln83 & tmp_544_i) | (!tmp_i & and_ln83 & tmp_544_i)> <Delay = 0.00>
ST_1 : Operation 63 [1/1] (0.00ns)   --->   "%zext_ln174 = zext i115 %tmp_595_i" [/tools/Xilinx/Vitis_HLS/2022.1/common/technology/autopilot/hls_stream_39.h:174]   --->   Operation 63 'zext' 'zext_ln174' <Predicate = (!tmp_i_264 & and_ln83 & tmp_544_i) | (!tmp_i & and_ln83 & tmp_544_i)> <Delay = 0.00>
ST_1 : Operation 64 [1/1] (1.16ns)   --->   "%write_ln174 = write void @_ssdm_op_Write.ap_fifo.volatile.i224P0A, i224 %eventEng2ackDelay_event, i224 %zext_ln174" [/tools/Xilinx/Vitis_HLS/2022.1/common/technology/autopilot/hls_stream_39.h:174]   --->   Operation 64 'write' 'write_ln174' <Predicate = (!tmp_i_264 & and_ln83 & tmp_544_i) | (!tmp_i & and_ln83 & tmp_544_i)> <Delay = 1.16> <CoreInst = "FIFO">   --->   Core 78 'FIFO' <Latency = 0> <II = 1> <Delay = 1.25> <Storage> <Opcode : 'read' 'write' 'nbread' 'nbwrite'> <Ports = 0> <Width = 224> <Depth = 64> <FIFO>
ST_1 : Operation 65 [1/1] (0.70ns)   --->   "%add_ln886_191 = add i8 %ee_writeCounter_load, i8 1"   --->   Operation 65 'add' 'add_ln886_191' <Predicate = (!tmp_i_264 & and_ln83 & tmp_544_i) | (!tmp_i & and_ln83 & tmp_544_i)> <Delay = 0.70> <CoreInst = "Adder">   --->   Core 1 'Adder' <Latency = 0> <II = 1> <Delay = 0.70> <FuncUnit> <Opcode : 'add' 'sub'> <InPorts = 2> <OutPorts = 1>
ST_1 : Operation 66 [1/1] (0.41ns)   --->   "%store_ln886 = store i8 %add_ln886_191, i8 %ee_writeCounter"   --->   Operation 66 'store' 'store_ln886' <Predicate = (!tmp_i_264 & and_ln83 & tmp_544_i) | (!tmp_i & and_ln83 & tmp_544_i)> <Delay = 0.41>
ST_1 : Operation 67 [1/1] (0.00ns)   --->   "%br_ln92 = br void %if.end36.i" [/mnt/scratch/pyuvaraj/Vitis_RoCE_W/Vitis_RoCE/fpga-network-stack/hls/toe/event_engine/event_engine.cpp:92]   --->   Operation 67 'br' 'br_ln92' <Predicate = (!tmp_i_264 & and_ln83 & tmp_544_i) | (!tmp_i & and_ln83 & tmp_544_i)> <Delay = 0.00>
ST_1 : Operation 68 [1/1] (0.00ns)   --->   "%br_ln100 = br void %if.end37.i" [/mnt/scratch/pyuvaraj/Vitis_RoCE_W/Vitis_RoCE/fpga-network-stack/hls/toe/event_engine/event_engine.cpp:100]   --->   Operation 68 'br' 'br_ln100' <Predicate = (!tmp_i_264 & and_ln83) | (!tmp_i & and_ln83)> <Delay = 0.00>
ST_1 : Operation 69 [1/1] (0.00ns)   --->   "%br_ln0 = br void %if.end38.i"   --->   Operation 69 'br' 'br_ln0' <Predicate = (!tmp_i_264) | (!tmp_i)> <Delay = 0.00>
ST_1 : Operation 70 [1/1] (0.98ns)   --->   "%rxEng2eventEng_setEvent_read = read i224 @_ssdm_op_Read.ap_fifo.volatile.i224P0A, i224 %rxEng2eventEng_setEvent" [/tools/Xilinx/Vitis_HLS/2022.1/common/technology/autopilot/hls_stream_39.h:145]   --->   Operation 70 'read' 'rxEng2eventEng_setEvent_read' <Predicate = (tmp_i & tmp_i_264)> <Delay = 0.98> <CoreInst = "FIFO">   --->   Core 78 'FIFO' <Latency = 0> <II = 1> <Delay = 0.98> <Storage> <Opcode : 'read' 'write' 'nbread' 'nbwrite'> <Ports = 0> <Width = 224> <Depth = 512> <FIFO>
ST_1 : Operation 71 [1/1] (1.16ns)   --->   "%write_ln174 = write void @_ssdm_op_Write.ap_fifo.volatile.i224P0A, i224 %eventEng2ackDelay_event, i224 %rxEng2eventEng_setEvent_read" [/tools/Xilinx/Vitis_HLS/2022.1/common/technology/autopilot/hls_stream_39.h:174]   --->   Operation 71 'write' 'write_ln174' <Predicate = (tmp_i & tmp_i_264)> <Delay = 1.16> <CoreInst = "FIFO">   --->   Core 78 'FIFO' <Latency = 0> <II = 1> <Delay = 1.25> <Storage> <Opcode : 'read' 'write' 'nbread' 'nbwrite'> <Ports = 0> <Width = 224> <Depth = 64> <FIFO>
ST_1 : Operation 72 [1/1] (0.70ns)   --->   "%add_ln886 = add i8 %ee_writeCounter_load, i8 1"   --->   Operation 72 'add' 'add_ln886' <Predicate = (tmp_i & tmp_i_264)> <Delay = 0.70> <CoreInst = "Adder">   --->   Core 1 'Adder' <Latency = 0> <II = 1> <Delay = 0.70> <FuncUnit> <Opcode : 'add' 'sub'> <InPorts = 2> <OutPorts = 1>
ST_1 : Operation 73 [1/1] (0.41ns)   --->   "%store_ln886 = store i8 %add_ln886, i8 %ee_writeCounter"   --->   Operation 73 'store' 'store_ln886' <Predicate = (tmp_i & tmp_i_264)> <Delay = 0.41>
ST_1 : Operation 74 [1/1] (0.00ns)   --->   "%br_ln82 = br void %if.end38.i" [/mnt/scratch/pyuvaraj/Vitis_RoCE_W/Vitis_RoCE/fpga-network-stack/hls/toe/event_engine/event_engine.cpp:82]   --->   Operation 74 'br' 'br_ln82' <Predicate = (tmp_i & tmp_i_264)> <Delay = 0.00>
ST_1 : Operation 75 [1/1] (0.00ns)   --->   "%tmp_546_i = nbreadreq i1 @_ssdm_op_NbReadReq.ap_fifo.i1P0A, i1 %ackDelayFifoReadCount, i32 1" [/tools/Xilinx/Vitis_HLS/2022.1/common/technology/autopilot/hls_stream_39.h:136]   --->   Operation 75 'nbreadreq' 'tmp_546_i' <Predicate = true> <Delay = 0.00> <CoreInst = "FIFO_SRL">   --->   Core 81 'FIFO_SRL' <Latency = 0> <II = 1> <Delay = 1.37> <Storage> <Opcode : 'read' 'write' 'nbread' 'nbwrite'> <Ports = 0> <Width = 1> <Depth = 64> <FIFO>
ST_1 : Operation 76 [1/1] (0.00ns)   --->   "%br_ln104 = br i1 %tmp_546_i, void %if.end43.i, void %if.then40.i" [/mnt/scratch/pyuvaraj/Vitis_RoCE_W/Vitis_RoCE/fpga-network-stack/hls/toe/event_engine/event_engine.cpp:104]   --->   Operation 76 'br' 'br_ln104' <Predicate = true> <Delay = 0.00>
ST_1 : Operation 77 [1/1] (1.16ns)   --->   "%p_03 = read i1 @_ssdm_op_Read.ap_fifo.volatile.i1P0A, i1 %ackDelayFifoReadCount" [/tools/Xilinx/Vitis_HLS/2022.1/common/technology/autopilot/hls_stream_39.h:145]   --->   Operation 77 'read' 'p_03' <Predicate = (tmp_546_i)> <Delay = 1.16> <CoreInst = "FIFO_SRL">   --->   Core 81 'FIFO_SRL' <Latency = 0> <II = 1> <Delay = 1.37> <Storage> <Opcode : 'read' 'write' 'nbread' 'nbwrite'> <Ports = 0> <Width = 1> <Depth = 64> <FIFO>
ST_1 : Operation 78 [1/1] (0.70ns)   --->   "%add_ln886_193 = add i8 %ee_adReadCounter_load, i8 1"   --->   Operation 78 'add' 'add_ln886_193' <Predicate = (tmp_546_i)> <Delay = 0.70> <CoreInst = "Adder">   --->   Core 1 'Adder' <Latency = 0> <II = 1> <Delay = 0.70> <FuncUnit> <Opcode : 'add' 'sub'> <InPorts = 2> <OutPorts = 1>
ST_1 : Operation 79 [1/1] (0.00ns)   --->   "%store_ln886 = store i8 %add_ln886_193, i8 %ee_adReadCounter"   --->   Operation 79 'store' 'store_ln886' <Predicate = (tmp_546_i)> <Delay = 0.00>
ST_1 : Operation 80 [1/1] (0.00ns)   --->   "%br_ln108 = br void %if.end43.i" [/mnt/scratch/pyuvaraj/Vitis_RoCE_W/Vitis_RoCE/fpga-network-stack/hls/toe/event_engine/event_engine.cpp:108]   --->   Operation 80 'br' 'br_ln108' <Predicate = (tmp_546_i)> <Delay = 0.00>
ST_1 : Operation 81 [1/1] (0.00ns)   --->   "%tmp_547_i = nbreadreq i1 @_ssdm_op_NbReadReq.ap_fifo.i1P0A, i1 %ackDelayFifoWriteCount, i32 1" [/tools/Xilinx/Vitis_HLS/2022.1/common/technology/autopilot/hls_stream_39.h:136]   --->   Operation 81 'nbreadreq' 'tmp_547_i' <Predicate = true> <Delay = 0.00> <CoreInst = "FIFO_SRL">   --->   Core 81 'FIFO_SRL' <Latency = 0> <II = 1> <Delay = 1.37> <Storage> <Opcode : 'read' 'write' 'nbread' 'nbwrite'> <Ports = 0> <Width = 1> <Depth = 64> <FIFO>
ST_1 : Operation 82 [1/1] (0.00ns)   --->   "%br_ln109 = br i1 %tmp_547_i, void %if.end48.i, void %if.then45.i" [/mnt/scratch/pyuvaraj/Vitis_RoCE_W/Vitis_RoCE/fpga-network-stack/hls/toe/event_engine/event_engine.cpp:109]   --->   Operation 82 'br' 'br_ln109' <Predicate = true> <Delay = 0.00>
ST_1 : Operation 83 [1/1] (0.70ns)   --->   "%add_ln886_194 = add i8 %ee_adWriteCounter_load, i8 1"   --->   Operation 83 'add' 'add_ln886_194' <Predicate = (tmp_547_i)> <Delay = 0.70> <CoreInst = "Adder">   --->   Core 1 'Adder' <Latency = 0> <II = 1> <Delay = 0.70> <FuncUnit> <Opcode : 'add' 'sub'> <InPorts = 2> <OutPorts = 1>
ST_1 : Operation 84 [1/1] (0.00ns)   --->   "%store_ln886 = store i8 %add_ln886_194, i8 %ee_adWriteCounter"   --->   Operation 84 'store' 'store_ln886' <Predicate = (tmp_547_i)> <Delay = 0.00>
ST_1 : Operation 85 [1/1] (1.16ns)   --->   "%p_04 = read i1 @_ssdm_op_Read.ap_fifo.volatile.i1P0A, i1 %ackDelayFifoWriteCount" [/tools/Xilinx/Vitis_HLS/2022.1/common/technology/autopilot/hls_stream_39.h:145]   --->   Operation 85 'read' 'p_04' <Predicate = (tmp_547_i)> <Delay = 1.16> <CoreInst = "FIFO_SRL">   --->   Core 81 'FIFO_SRL' <Latency = 0> <II = 1> <Delay = 1.37> <Storage> <Opcode : 'read' 'write' 'nbread' 'nbwrite'> <Ports = 0> <Width = 1> <Depth = 64> <FIFO>
ST_1 : Operation 86 [1/1] (0.00ns)   --->   "%br_ln113 = br void %if.end48.i" [/mnt/scratch/pyuvaraj/Vitis_RoCE_W/Vitis_RoCE/fpga-network-stack/hls/toe/event_engine/event_engine.cpp:113]   --->   Operation 86 'br' 'br_ln113' <Predicate = (tmp_547_i)> <Delay = 0.00>
ST_1 : Operation 87 [1/1] (0.00ns)   --->   "%tmp_548_i = nbreadreq i1 @_ssdm_op_NbReadReq.ap_fifo.i1P0A, i1 %txEngFifoReadCount, i32 1" [/tools/Xilinx/Vitis_HLS/2022.1/common/technology/autopilot/hls_stream_39.h:136]   --->   Operation 87 'nbreadreq' 'tmp_548_i' <Predicate = true> <Delay = 0.00> <CoreInst = "FIFO_SRL">   --->   Core 81 'FIFO_SRL' <Latency = 0> <II = 1> <Delay = 1.37> <Storage> <Opcode : 'read' 'write' 'nbread' 'nbwrite'> <Ports = 0> <Width = 1> <Depth = 64> <FIFO>
ST_1 : Operation 88 [1/1] (0.00ns)   --->   "%br_ln114 = br i1 %tmp_548_i, void %event_engine.exit, void %if.then50.i" [/mnt/scratch/pyuvaraj/Vitis_RoCE_W/Vitis_RoCE/fpga-network-stack/hls/toe/event_engine/event_engine.cpp:114]   --->   Operation 88 'br' 'br_ln114' <Predicate = true> <Delay = 0.00>
ST_1 : Operation 89 [1/1] (0.70ns)   --->   "%add_ln886_195 = add i8 %ee_txEngReadCounter_load, i8 1"   --->   Operation 89 'add' 'add_ln886_195' <Predicate = (tmp_548_i)> <Delay = 0.70> <CoreInst = "Adder">   --->   Core 1 'Adder' <Latency = 0> <II = 1> <Delay = 0.70> <FuncUnit> <Opcode : 'add' 'sub'> <InPorts = 2> <OutPorts = 1>
ST_1 : Operation 90 [1/1] (0.00ns)   --->   "%store_ln886 = store i8 %add_ln886_195, i8 %ee_txEngReadCounter"   --->   Operation 90 'store' 'store_ln886' <Predicate = (tmp_548_i)> <Delay = 0.00>
ST_1 : Operation 91 [1/1] (1.16ns)   --->   "%p_05 = read i1 @_ssdm_op_Read.ap_fifo.volatile.i1P0A, i1 %txEngFifoReadCount" [/tools/Xilinx/Vitis_HLS/2022.1/common/technology/autopilot/hls_stream_39.h:145]   --->   Operation 91 'read' 'p_05' <Predicate = (tmp_548_i)> <Delay = 1.16> <CoreInst = "FIFO_SRL">   --->   Core 81 'FIFO_SRL' <Latency = 0> <II = 1> <Delay = 1.37> <Storage> <Opcode : 'read' 'write' 'nbread' 'nbwrite'> <Ports = 0> <Width = 1> <Depth = 64> <FIFO>
ST_1 : Operation 92 [1/1] (0.00ns)   --->   "%br_ln118 = br void %event_engine.exit" [/mnt/scratch/pyuvaraj/Vitis_RoCE_W/Vitis_RoCE/fpga-network-stack/hls/toe/event_engine/event_engine.cpp:118]   --->   Operation 92 'br' 'br_ln118' <Predicate = (tmp_548_i)> <Delay = 0.00>
ST_1 : Operation 93 [1/1] (0.00ns)   --->   "%ret_ln0 = ret"   --->   Operation 93 'ret' 'ret_ln0' <Predicate = true> <Delay = 0.00>


============================================================
+ Verbose Summary: Binding
============================================================
STG Binding: 
---------------- STG Properties BEGIN ----------------
- Is combinational: 0
- Is one-state seq: 1
- Is datapath-only: 0
- Is pipelined: 1
- Is top level: 0
Port [ Return ] is wired: 1; IO mode=ap_ctrl_hs:ce=0
Port [ rxEng2eventEng_setEvent]:  wired=1; compound=1; hidden=0; nouse=0; global=1; static=1; extern=0; dir=0; type=3; pingpong=0; private_global=0; IO mode=ap_fifo:ce=0
Port [ ee_writeCounter]:  wired=0; compound=0; hidden=1; nouse=0; global=1; static=1; extern=0; dir=2; type=0; pingpong=0; private_global=1; IO mode=ap_ovld:ce=0
Port [ ee_adReadCounter]:  wired=0; compound=0; hidden=1; nouse=0; global=1; static=1; extern=0; dir=2; type=0; pingpong=0; private_global=1; IO mode=ap_ovld:ce=0
Port [ ee_adWriteCounter]:  wired=0; compound=0; hidden=1; nouse=0; global=1; static=1; extern=0; dir=2; type=0; pingpong=0; private_global=1; IO mode=ap_ovld:ce=0
Port [ ee_txEngReadCounter]:  wired=0; compound=0; hidden=1; nouse=0; global=1; static=1; extern=0; dir=2; type=0; pingpong=0; private_global=1; IO mode=ap_ovld:ce=0
Port [ eventEng2ackDelay_event]:  wired=1; compound=1; hidden=0; nouse=0; global=1; static=1; extern=0; dir=1; type=3; pingpong=0; private_global=0; IO mode=ap_fifo:ce=0
Port [ timer2eventEng_setEvent]:  wired=1; compound=1; hidden=0; nouse=0; global=1; static=1; extern=0; dir=0; type=3; pingpong=0; private_global=0; IO mode=ap_fifo:ce=0
Port [ txApp2eventEng_setEvent]:  wired=1; compound=1; hidden=0; nouse=0; global=1; static=1; extern=0; dir=0; type=3; pingpong=0; private_global=0; IO mode=ap_fifo:ce=0
Port [ ackDelayFifoReadCount]:  wired=1; compound=1; hidden=0; nouse=0; global=1; static=1; extern=0; dir=0; type=3; pingpong=0; private_global=0; IO mode=ap_fifo:ce=0
Port [ ackDelayFifoWriteCount]:  wired=1; compound=1; hidden=0; nouse=0; global=1; static=1; extern=0; dir=0; type=3; pingpong=0; private_global=0; IO mode=ap_fifo:ce=0
Port [ txEngFifoReadCount]:  wired=1; compound=1; hidden=0; nouse=0; global=1; static=1; extern=0; dir=0; type=3; pingpong=0; private_global=0; IO mode=ap_fifo:ce=0
---------------- STG Properties END ------------------

---------------- Datapath Model BEGIN ----------------

<LifeTime>
<method=bitvector/>
specinterface_ln0            (specinterface ) [ 00]
specinterface_ln0            (specinterface ) [ 00]
specinterface_ln0            (specinterface ) [ 00]
specinterface_ln0            (specinterface ) [ 00]
specinterface_ln0            (specinterface ) [ 00]
specinterface_ln0            (specinterface ) [ 00]
specinterface_ln0            (specinterface ) [ 00]
specinterface_ln0            (specinterface ) [ 00]
specinterface_ln0            (specinterface ) [ 00]
specinterface_ln0            (specinterface ) [ 00]
specinterface_ln0            (specinterface ) [ 00]
specinterface_ln0            (specinterface ) [ 00]
specinterface_ln0            (specinterface ) [ 00]
specinterface_ln0            (specinterface ) [ 00]
specinterface_ln0            (specinterface ) [ 00]
specinterface_ln0            (specinterface ) [ 00]
specinterface_ln0            (specinterface ) [ 00]
specinterface_ln0            (specinterface ) [ 00]
specinterface_ln0            (specinterface ) [ 00]
specinterface_ln0            (specinterface ) [ 00]
specinterface_ln0            (specinterface ) [ 00]
specinterface_ln0            (specinterface ) [ 00]
specinterface_ln0            (specinterface ) [ 00]
specinterface_ln0            (specinterface ) [ 00]
specinterface_ln0            (specinterface ) [ 00]
specinterface_ln0            (specinterface ) [ 00]
specinterface_ln0            (specinterface ) [ 00]
specinterface_ln0            (specinterface ) [ 00]
specpipeline_ln40            (specpipeline  ) [ 00]
tmp_i                        (nbreadreq     ) [ 01]
ee_writeCounter_load         (load          ) [ 00]
ee_adReadCounter_load        (load          ) [ 00]
ee_adWriteCounter_load       (load          ) [ 00]
ee_txEngReadCounter_load     (load          ) [ 00]
br_ln76                      (br            ) [ 00]
tmp_i_264                    (nbwritereq    ) [ 01]
br_ln76                      (br            ) [ 00]
icmp_ln1065                  (icmp          ) [ 00]
icmp_ln1065_77               (icmp          ) [ 00]
and_ln83                     (and           ) [ 01]
br_ln83                      (br            ) [ 00]
tmp_544_i                    (nbreadreq     ) [ 01]
br_ln86                      (br            ) [ 00]
tmp_545_i                    (nbreadreq     ) [ 01]
br_ln93                      (br            ) [ 00]
txApp2eventEng_setEvent_read (read          ) [ 00]
tmp_597_i                    (partselect    ) [ 00]
tmp_598_i                    (partselect    ) [ 00]
trunc_ln174_5                (trunc         ) [ 00]
tmp_599_i                    (bitconcatenate) [ 00]
zext_ln174_122               (zext          ) [ 00]
write_ln174                  (write         ) [ 00]
add_ln886_192                (add           ) [ 00]
store_ln886                  (store         ) [ 00]
br_ln99                      (br            ) [ 00]
br_ln0                       (br            ) [ 00]
timer2eventEng_setEvent_read (read          ) [ 00]
tmp_593_i                    (partselect    ) [ 00]
tmp_594_i                    (partselect    ) [ 00]
trunc_ln174                  (trunc         ) [ 00]
tmp_595_i                    (bitconcatenate) [ 00]
zext_ln174                   (zext          ) [ 00]
write_ln174                  (write         ) [ 00]
add_ln886_191                (add           ) [ 00]
store_ln886                  (store         ) [ 00]
br_ln92                      (br            ) [ 00]
br_ln100                     (br            ) [ 00]
br_ln0                       (br            ) [ 00]
rxEng2eventEng_setEvent_read (read          ) [ 00]
write_ln174                  (write         ) [ 00]
add_ln886                    (add           ) [ 00]
store_ln886                  (store         ) [ 00]
br_ln82                      (br            ) [ 00]
tmp_546_i                    (nbreadreq     ) [ 01]
br_ln104                     (br            ) [ 00]
p_03                         (read          ) [ 00]
add_ln886_193                (add           ) [ 00]
store_ln886                  (store         ) [ 00]
br_ln108                     (br            ) [ 00]
tmp_547_i                    (nbreadreq     ) [ 01]
br_ln109                     (br            ) [ 00]
add_ln886_194                (add           ) [ 00]
store_ln886                  (store         ) [ 00]
p_04                         (read          ) [ 00]
br_ln113                     (br            ) [ 00]
tmp_548_i                    (nbreadreq     ) [ 01]
br_ln114                     (br            ) [ 00]
add_ln886_195                (add           ) [ 00]
store_ln886                  (store         ) [ 00]
p_05                         (read          ) [ 00]
br_ln118                     (br            ) [ 00]
ret_ln0                      (ret           ) [ 00]
</LifeTime>

<model>

<comp_list>
<comp id="0" class="1000" name="rxEng2eventEng_setEvent">
<pin_list>
<pin id="1" dir="1" index="0" bw="1" slack="0"/>
</pin_list>
<bind>
<StgValue><ssdm name="rxEng2eventEng_setEvent"/></StgValue>
</bind>
</comp>

<comp id="2" class="1000" name="ee_writeCounter">
<pin_list>
<pin id="3" dir="1" index="0" bw="1" slack="0"/>
</pin_list>
<bind>
<StgValue><ssdm name="ee_writeCounter"/></StgValue>
</bind>
</comp>

<comp id="4" class="1000" name="ee_adReadCounter">
<pin_list>
<pin id="5" dir="1" index="0" bw="1" slack="0"/>
</pin_list>
<bind>
<StgValue><ssdm name="ee_adReadCounter"/></StgValue>
</bind>
</comp>

<comp id="6" class="1000" name="ee_adWriteCounter">
<pin_list>
<pin id="7" dir="1" index="0" bw="1" slack="0"/>
</pin_list>
<bind>
<StgValue><ssdm name="ee_adWriteCounter"/></StgValue>
</bind>
</comp>

<comp id="8" class="1000" name="ee_txEngReadCounter">
<pin_list>
<pin id="9" dir="1" index="0" bw="1" slack="0"/>
</pin_list>
<bind>
<StgValue><ssdm name="ee_txEngReadCounter"/></StgValue>
</bind>
</comp>

<comp id="10" class="1000" name="eventEng2ackDelay_event">
<pin_list>
<pin id="11" dir="1" index="0" bw="1" slack="0"/>
</pin_list>
<bind>
<StgValue><ssdm name="eventEng2ackDelay_event"/></StgValue>
</bind>
</comp>

<comp id="12" class="1000" name="timer2eventEng_setEvent">
<pin_list>
<pin id="13" dir="1" index="0" bw="1" slack="0"/>
</pin_list>
<bind>
<StgValue><ssdm name="timer2eventEng_setEvent"/></StgValue>
</bind>
</comp>

<comp id="14" class="1000" name="txApp2eventEng_setEvent">
<pin_list>
<pin id="15" dir="1" index="0" bw="1" slack="0"/>
</pin_list>
<bind>
<StgValue><ssdm name="txApp2eventEng_setEvent"/></StgValue>
</bind>
</comp>

<comp id="16" class="1000" name="ackDelayFifoReadCount">
<pin_list>
<pin id="17" dir="1" index="0" bw="1" slack="0"/>
</pin_list>
<bind>
<StgValue><ssdm name="ackDelayFifoReadCount"/></StgValue>
</bind>
</comp>

<comp id="18" class="1000" name="ackDelayFifoWriteCount">
<pin_list>
<pin id="19" dir="1" index="0" bw="1" slack="0"/>
</pin_list>
<bind>
<StgValue><ssdm name="ackDelayFifoWriteCount"/></StgValue>
</bind>
</comp>

<comp id="20" class="1000" name="txEngFifoReadCount">
<pin_list>
<pin id="21" dir="1" index="0" bw="1" slack="0"/>
</pin_list>
<bind>
<StgValue><ssdm name="txEngFifoReadCount"/></StgValue>
</bind>
</comp>

<comp id="22" class="1001" name="const_22">
<pin_list>
<pin id="23" dir="1" index="0" bw="1" slack="2147483647"/>
</pin_list>
<bind>
<StgValue><ssdm name="_ssdm_op_SpecInterface"/></StgValue>
</bind>
</comp>

<comp id="24" class="1001" name="const_24">
<pin_list>
<pin id="25" dir="1" index="0" bw="1" slack="2147483647"/>
</pin_list>
<bind>
<StgValue><ssdm name="empty"/></StgValue>
</bind>
</comp>

<comp id="26" class="1001" name="const_26">
<pin_list>
<pin id="27" dir="1" index="0" bw="1" slack="2147483647"/>
</pin_list>
<bind>
<StgValue><ssdm name=""/></StgValue>
</bind>
</comp>

<comp id="28" class="1001" name="const_28">
<pin_list>
<pin id="29" dir="1" index="0" bw="1" slack="2147483647"/>
</pin_list>
<bind>
<StgValue><ssdm name="empty_1"/></StgValue>
</bind>
</comp>

<comp id="30" class="1001" name="const_30">
<pin_list>
<pin id="31" dir="1" index="0" bw="1" slack="2147483647"/>
</pin_list>
<bind>
<StgValue><ssdm name=""/></StgValue>
</bind>
</comp>

<comp id="32" class="1001" name="const_32">
<pin_list>
<pin id="33" dir="1" index="0" bw="1" slack="2147483647"/>
</pin_list>
<bind>
<StgValue><ssdm name="_ssdm_op_SpecPipeline"/></StgValue>
</bind>
</comp>

<comp id="34" class="1001" name="const_34">
<pin_list>
<pin id="35" dir="1" index="0" bw="1" slack="0"/>
</pin_list>
<bind>
<StgValue><ssdm name=""/></StgValue>
</bind>
</comp>

<comp id="36" class="1001" name="const_36">
<pin_list>
<pin id="37" dir="1" index="0" bw="1" slack="0"/>
</pin_list>
<bind>
<StgValue><ssdm name="_ssdm_op_NbReadReq.ap_fifo.i224P0A"/></StgValue>
</bind>
</comp>

<comp id="38" class="1001" name="const_38">
<pin_list>
<pin id="39" dir="1" index="0" bw="1" slack="0"/>
</pin_list>
<bind>
<StgValue><ssdm name="_ssdm_op_NbWriteReq.ap_fifo.i224P0A"/></StgValue>
</bind>
</comp>

<comp id="40" class="1001" name="const_40">
<pin_list>
<pin id="41" dir="1" index="0" bw="1" slack="0"/>
</pin_list>
<bind>
<StgValue><ssdm name="_ssdm_op_NbReadReq.ap_fifo.i128P0A"/></StgValue>
</bind>
</comp>

<comp id="42" class="1001" name="const_42">
<pin_list>
<pin id="43" dir="1" index="0" bw="1" slack="0"/>
</pin_list>
<bind>
<StgValue><ssdm name="_ssdm_op_Read.ap_fifo.volatile.i128P0A"/></StgValue>
</bind>
</comp>

<comp id="44" class="1001" name="const_44">
<pin_list>
<pin id="45" dir="1" index="0" bw="1" slack="0"/>
</pin_list>
<bind>
<StgValue><ssdm name="_ssdm_op_PartSelect.i18.i128.i32.i32"/></StgValue>
</bind>
</comp>

<comp id="46" class="1001" name="const_46">
<pin_list>
<pin id="47" dir="1" index="0" bw="1" slack="0"/>
</pin_list>
<bind>
<StgValue><ssdm name=""/></StgValue>
</bind>
</comp>

<comp id="48" class="1001" name="const_48">
<pin_list>
<pin id="49" dir="1" index="0" bw="1" slack="0"/>
</pin_list>
<bind>
<StgValue><ssdm name=""/></StgValue>
</bind>
</comp>

<comp id="50" class="1001" name="const_50">
<pin_list>
<pin id="51" dir="1" index="0" bw="1" slack="0"/>
</pin_list>
<bind>
<StgValue><ssdm name="_ssdm_op_PartSelect.i19.i128.i32.i32"/></StgValue>
</bind>
</comp>

<comp id="52" class="1001" name="const_52">
<pin_list>
<pin id="53" dir="1" index="0" bw="1" slack="0"/>
</pin_list>
<bind>
<StgValue><ssdm name=""/></StgValue>
</bind>
</comp>

<comp id="54" class="1001" name="const_54">
<pin_list>
<pin id="55" dir="1" index="0" bw="1" slack="0"/>
</pin_list>
<bind>
<StgValue><ssdm name=""/></StgValue>
</bind>
</comp>

<comp id="56" class="1001" name="const_56">
<pin_list>
<pin id="57" dir="1" index="0" bw="1" slack="0"/>
</pin_list>
<bind>
<StgValue><ssdm name="_ssdm_op_BitConcatenate.i115.i19.i14.i18.i16.i48"/></StgValue>
</bind>
</comp>

<comp id="58" class="1001" name="const_58">
<pin_list>
<pin id="59" dir="1" index="0" bw="1" slack="0"/>
</pin_list>
<bind>
<StgValue><ssdm name=""/></StgValue>
</bind>
</comp>

<comp id="60" class="1001" name="const_60">
<pin_list>
<pin id="61" dir="1" index="0" bw="1" slack="0"/>
</pin_list>
<bind>
<StgValue><ssdm name=""/></StgValue>
</bind>
</comp>

<comp id="62" class="1001" name="const_62">
<pin_list>
<pin id="63" dir="1" index="0" bw="1" slack="0"/>
</pin_list>
<bind>
<StgValue><ssdm name="_ssdm_op_Write.ap_fifo.volatile.i224P0A"/></StgValue>
</bind>
</comp>

<comp id="64" class="1001" name="const_64">
<pin_list>
<pin id="65" dir="1" index="0" bw="1" slack="0"/>
</pin_list>
<bind>
<StgValue><ssdm name=""/></StgValue>
</bind>
</comp>

<comp id="66" class="1001" name="const_66">
<pin_list>
<pin id="67" dir="1" index="0" bw="1" slack="0"/>
</pin_list>
<bind>
<StgValue><ssdm name="_ssdm_op_Read.ap_fifo.volatile.i224P0A"/></StgValue>
</bind>
</comp>

<comp id="68" class="1001" name="const_68">
<pin_list>
<pin id="69" dir="1" index="0" bw="1" slack="0"/>
</pin_list>
<bind>
<StgValue><ssdm name="_ssdm_op_NbReadReq.ap_fifo.i1P0A"/></StgValue>
</bind>
</comp>

<comp id="70" class="1001" name="const_70">
<pin_list>
<pin id="71" dir="1" index="0" bw="1" slack="0"/>
</pin_list>
<bind>
<StgValue><ssdm name="_ssdm_op_Read.ap_fifo.volatile.i1P0A"/></StgValue>
</bind>
</comp>

<comp id="72" class="1004" name="tmp_i_nbreadreq_fu_72">
<pin_list>
<pin id="73" dir="0" index="0" bw="1" slack="0"/>
<pin id="74" dir="0" index="1" bw="224" slack="0"/>
<pin id="75" dir="0" index="2" bw="1" slack="0"/>
<pin id="76" dir="1" index="3" bw="1" slack="2147483647"/>
</pin_list>
<bind>
<opcode="nbreadreq(1156) " fcode="nbreadreq"/>
<opset="tmp_i/1 "/>
</bind>
</comp>

<comp id="80" class="1004" name="tmp_i_264_nbwritereq_fu_80">
<pin_list>
<pin id="81" dir="0" index="0" bw="1" slack="0"/>
<pin id="82" dir="0" index="1" bw="224" slack="0"/>
<pin id="83" dir="0" index="2" bw="1" slack="0"/>
<pin id="84" dir="1" index="3" bw="1" slack="2147483647"/>
</pin_list>
<bind>
<opcode="nbwritereq(1157) " fcode="nbwritereq"/>
<opset="tmp_i_264/1 "/>
</bind>
</comp>

<comp id="88" class="1004" name="tmp_544_i_nbreadreq_fu_88">
<pin_list>
<pin id="89" dir="0" index="0" bw="1" slack="0"/>
<pin id="90" dir="0" index="1" bw="128" slack="0"/>
<pin id="91" dir="0" index="2" bw="1" slack="0"/>
<pin id="92" dir="1" index="3" bw="1" slack="2147483647"/>
</pin_list>
<bind>
<opcode="nbreadreq(1156) " fcode="nbreadreq"/>
<opset="tmp_544_i/1 "/>
</bind>
</comp>

<comp id="96" class="1004" name="tmp_545_i_nbreadreq_fu_96">
<pin_list>
<pin id="97" dir="0" index="0" bw="1" slack="0"/>
<pin id="98" dir="0" index="1" bw="128" slack="0"/>
<pin id="99" dir="0" index="2" bw="1" slack="0"/>
<pin id="100" dir="1" index="3" bw="1" slack="2147483647"/>
</pin_list>
<bind>
<opcode="nbreadreq(1156) " fcode="nbreadreq"/>
<opset="tmp_545_i/1 "/>
</bind>
</comp>

<comp id="104" class="1004" name="txApp2eventEng_setEvent_read_read_fu_104">
<pin_list>
<pin id="105" dir="0" index="0" bw="128" slack="0"/>
<pin id="106" dir="0" index="1" bw="128" slack="0"/>
<pin id="107" dir="1" index="2" bw="128" slack="0"/>
</pin_list>
<bind>
<opcode="read(1150) " fcode="read"/>
<opset="txApp2eventEng_setEvent_read/1 "/>
</bind>
</comp>

<comp id="110" class="1004" name="grp_write_fu_110">
<pin_list>
<pin id="111" dir="0" index="0" bw="0" slack="0"/>
<pin id="112" dir="0" index="1" bw="224" slack="0"/>
<pin id="113" dir="0" index="2" bw="224" slack="0"/>
<pin id="114" dir="1" index="3" bw="0" slack="2147483647"/>
</pin_list>
<bind>
<opcode="write(1151) " fcode="write"/>
<opset="write_ln174/1 write_ln174/1 write_ln174/1 "/>
</bind>
</comp>

<comp id="117" class="1004" name="timer2eventEng_setEvent_read_read_fu_117">
<pin_list>
<pin id="118" dir="0" index="0" bw="128" slack="0"/>
<pin id="119" dir="0" index="1" bw="128" slack="0"/>
<pin id="120" dir="1" index="2" bw="128" slack="0"/>
</pin_list>
<bind>
<opcode="read(1150) " fcode="read"/>
<opset="timer2eventEng_setEvent_read/1 "/>
</bind>
</comp>

<comp id="123" class="1004" name="rxEng2eventEng_setEvent_read_read_fu_123">
<pin_list>
<pin id="124" dir="0" index="0" bw="224" slack="0"/>
<pin id="125" dir="0" index="1" bw="224" slack="0"/>
<pin id="126" dir="1" index="2" bw="224" slack="0"/>
</pin_list>
<bind>
<opcode="read(1150) " fcode="read"/>
<opset="rxEng2eventEng_setEvent_read/1 "/>
</bind>
</comp>

<comp id="130" class="1004" name="tmp_546_i_nbreadreq_fu_130">
<pin_list>
<pin id="131" dir="0" index="0" bw="1" slack="0"/>
<pin id="132" dir="0" index="1" bw="1" slack="0"/>
<pin id="133" dir="0" index="2" bw="1" slack="0"/>
<pin id="134" dir="1" index="3" bw="1" slack="2147483647"/>
</pin_list>
<bind>
<opcode="nbreadreq(1156) " fcode="nbreadreq"/>
<opset="tmp_546_i/1 "/>
</bind>
</comp>

<comp id="138" class="1004" name="p_03_read_fu_138">
<pin_list>
<pin id="139" dir="0" index="0" bw="1" slack="0"/>
<pin id="140" dir="0" index="1" bw="1" slack="0"/>
<pin id="141" dir="1" index="2" bw="1" slack="2147483647"/>
</pin_list>
<bind>
<opcode="read(1150) " fcode="read"/>
<opset="p_03/1 "/>
</bind>
</comp>

<comp id="144" class="1004" name="tmp_547_i_nbreadreq_fu_144">
<pin_list>
<pin id="145" dir="0" index="0" bw="1" slack="0"/>
<pin id="146" dir="0" index="1" bw="1" slack="0"/>
<pin id="147" dir="0" index="2" bw="1" slack="0"/>
<pin id="148" dir="1" index="3" bw="1" slack="2147483647"/>
</pin_list>
<bind>
<opcode="nbreadreq(1156) " fcode="nbreadreq"/>
<opset="tmp_547_i/1 "/>
</bind>
</comp>

<comp id="152" class="1004" name="p_04_read_fu_152">
<pin_list>
<pin id="153" dir="0" index="0" bw="1" slack="0"/>
<pin id="154" dir="0" index="1" bw="1" slack="0"/>
<pin id="155" dir="1" index="2" bw="1" slack="2147483647"/>
</pin_list>
<bind>
<opcode="read(1150) " fcode="read"/>
<opset="p_04/1 "/>
</bind>
</comp>

<comp id="158" class="1004" name="tmp_548_i_nbreadreq_fu_158">
<pin_list>
<pin id="159" dir="0" index="0" bw="1" slack="0"/>
<pin id="160" dir="0" index="1" bw="1" slack="0"/>
<pin id="161" dir="0" index="2" bw="1" slack="0"/>
<pin id="162" dir="1" index="3" bw="1" slack="2147483647"/>
</pin_list>
<bind>
<opcode="nbreadreq(1156) " fcode="nbreadreq"/>
<opset="tmp_548_i/1 "/>
</bind>
</comp>

<comp id="166" class="1004" name="p_05_read_fu_166">
<pin_list>
<pin id="167" dir="0" index="0" bw="1" slack="0"/>
<pin id="168" dir="0" index="1" bw="1" slack="0"/>
<pin id="169" dir="1" index="2" bw="1" slack="2147483647"/>
</pin_list>
<bind>
<opcode="read(1150) " fcode="read"/>
<opset="p_05/1 "/>
</bind>
</comp>

<comp id="172" class="1004" name="grp_fu_172">
<pin_list>
<pin id="173" dir="0" index="0" bw="8" slack="0"/>
<pin id="174" dir="0" index="1" bw="1" slack="0"/>
<pin id="175" dir="1" index="2" bw="8" slack="0"/>
</pin_list>
<bind>
<opcode="add(8) " fcode="add"/>
<opset="add_ln886_192/1 add_ln886_191/1 add_ln886/1 "/>
</bind>
</comp>

<comp id="177" class="1004" name="ee_writeCounter_load_load_fu_177">
<pin_list>
<pin id="178" dir="0" index="0" bw="8" slack="0"/>
<pin id="179" dir="1" index="1" bw="8" slack="0"/>
</pin_list>
<bind>
<opcode="load(27) " fcode="load"/>
<opset="ee_writeCounter_load/1 "/>
</bind>
</comp>

<comp id="182" class="1004" name="ee_adReadCounter_load_load_fu_182">
<pin_list>
<pin id="183" dir="0" index="0" bw="8" slack="0"/>
<pin id="184" dir="1" index="1" bw="8" slack="0"/>
</pin_list>
<bind>
<opcode="load(27) " fcode="load"/>
<opset="ee_adReadCounter_load/1 "/>
</bind>
</comp>

<comp id="186" class="1004" name="ee_adWriteCounter_load_load_fu_186">
<pin_list>
<pin id="187" dir="0" index="0" bw="8" slack="0"/>
<pin id="188" dir="1" index="1" bw="8" slack="0"/>
</pin_list>
<bind>
<opcode="load(27) " fcode="load"/>
<opset="ee_adWriteCounter_load/1 "/>
</bind>
</comp>

<comp id="190" class="1004" name="ee_txEngReadCounter_load_load_fu_190">
<pin_list>
<pin id="191" dir="0" index="0" bw="8" slack="0"/>
<pin id="192" dir="1" index="1" bw="8" slack="0"/>
</pin_list>
<bind>
<opcode="load(27) " fcode="load"/>
<opset="ee_txEngReadCounter_load/1 "/>
</bind>
</comp>

<comp id="194" class="1004" name="icmp_ln1065_fu_194">
<pin_list>
<pin id="195" dir="0" index="0" bw="8" slack="0"/>
<pin id="196" dir="0" index="1" bw="8" slack="0"/>
<pin id="197" dir="1" index="2" bw="1" slack="0"/>
</pin_list>
<bind>
<opcode="icmp(45) " fcode="icmp"/>
<opset="icmp_ln1065/1 "/>
</bind>
</comp>

<comp id="200" class="1004" name="icmp_ln1065_77_fu_200">
<pin_list>
<pin id="201" dir="0" index="0" bw="8" slack="0"/>
<pin id="202" dir="0" index="1" bw="8" slack="0"/>
<pin id="203" dir="1" index="2" bw="1" slack="0"/>
</pin_list>
<bind>
<opcode="icmp(45) " fcode="icmp"/>
<opset="icmp_ln1065_77/1 "/>
</bind>
</comp>

<comp id="206" class="1004" name="and_ln83_fu_206">
<pin_list>
<pin id="207" dir="0" index="0" bw="1" slack="0"/>
<pin id="208" dir="0" index="1" bw="1" slack="0"/>
<pin id="209" dir="1" index="2" bw="1" slack="2147483647"/>
</pin_list>
<bind>
<opcode="and(23) " fcode="and"/>
<opset="and_ln83/1 "/>
</bind>
</comp>

<comp id="212" class="1004" name="tmp_597_i_fu_212">
<pin_list>
<pin id="213" dir="0" index="0" bw="18" slack="0"/>
<pin id="214" dir="0" index="1" bw="128" slack="0"/>
<pin id="215" dir="0" index="2" bw="8" slack="0"/>
<pin id="216" dir="0" index="3" bw="8" slack="0"/>
<pin id="217" dir="1" index="4" bw="18" slack="0"/>
</pin_list>
<bind>
<opcode="partselect(1002) " fcode="partselect"/>
<opset="tmp_597_i/1 "/>
</bind>
</comp>

<comp id="222" class="1004" name="tmp_598_i_fu_222">
<pin_list>
<pin id="223" dir="0" index="0" bw="19" slack="0"/>
<pin id="224" dir="0" index="1" bw="128" slack="0"/>
<pin id="225" dir="0" index="2" bw="8" slack="0"/>
<pin id="226" dir="0" index="3" bw="8" slack="0"/>
<pin id="227" dir="1" index="4" bw="19" slack="0"/>
</pin_list>
<bind>
<opcode="partselect(1002) " fcode="partselect"/>
<opset="tmp_598_i/1 "/>
</bind>
</comp>

<comp id="232" class="1004" name="trunc_ln174_5_fu_232">
<pin_list>
<pin id="233" dir="0" index="0" bw="128" slack="0"/>
<pin id="234" dir="1" index="1" bw="48" slack="0"/>
</pin_list>
<bind>
<opcode="trunc(33) " fcode="trunc"/>
<opset="trunc_ln174_5/1 "/>
</bind>
</comp>

<comp id="236" class="1004" name="tmp_599_i_fu_236">
<pin_list>
<pin id="237" dir="0" index="0" bw="115" slack="0"/>
<pin id="238" dir="0" index="1" bw="19" slack="0"/>
<pin id="239" dir="0" index="2" bw="1" slack="0"/>
<pin id="240" dir="0" index="3" bw="18" slack="0"/>
<pin id="241" dir="0" index="4" bw="1" slack="0"/>
<pin id="242" dir="0" index="5" bw="48" slack="0"/>
<pin id="243" dir="1" index="6" bw="115" slack="0"/>
</pin_list>
<bind>
<opcode="bitconcatenate(1004) " fcode="bitconcatenate"/>
<opset="tmp_599_i/1 "/>
</bind>
</comp>

<comp id="250" class="1004" name="zext_ln174_122_fu_250">
<pin_list>
<pin id="251" dir="0" index="0" bw="115" slack="0"/>
<pin id="252" dir="1" index="1" bw="224" slack="0"/>
</pin_list>
<bind>
<opcode="zext(34) " fcode="zext"/>
<opset="zext_ln174_122/1 "/>
</bind>
</comp>

<comp id="255" class="1004" name="store_ln886_store_fu_255">
<pin_list>
<pin id="256" dir="0" index="0" bw="8" slack="0"/>
<pin id="257" dir="0" index="1" bw="8" slack="0"/>
<pin id="258" dir="1" index="2" bw="0" slack="2147483647"/>
</pin_list>
<bind>
<opcode="store(28) " fcode="store"/>
<opset="store_ln886/1 "/>
</bind>
</comp>

<comp id="261" class="1004" name="tmp_593_i_fu_261">
<pin_list>
<pin id="262" dir="0" index="0" bw="18" slack="0"/>
<pin id="263" dir="0" index="1" bw="128" slack="0"/>
<pin id="264" dir="0" index="2" bw="8" slack="0"/>
<pin id="265" dir="0" index="3" bw="8" slack="0"/>
<pin id="266" dir="1" index="4" bw="18" slack="0"/>
</pin_list>
<bind>
<opcode="partselect(1002) " fcode="partselect"/>
<opset="tmp_593_i/1 "/>
</bind>
</comp>

<comp id="271" class="1004" name="tmp_594_i_fu_271">
<pin_list>
<pin id="272" dir="0" index="0" bw="19" slack="0"/>
<pin id="273" dir="0" index="1" bw="128" slack="0"/>
<pin id="274" dir="0" index="2" bw="8" slack="0"/>
<pin id="275" dir="0" index="3" bw="8" slack="0"/>
<pin id="276" dir="1" index="4" bw="19" slack="0"/>
</pin_list>
<bind>
<opcode="partselect(1002) " fcode="partselect"/>
<opset="tmp_594_i/1 "/>
</bind>
</comp>

<comp id="281" class="1004" name="trunc_ln174_fu_281">
<pin_list>
<pin id="282" dir="0" index="0" bw="128" slack="0"/>
<pin id="283" dir="1" index="1" bw="48" slack="0"/>
</pin_list>
<bind>
<opcode="trunc(33) " fcode="trunc"/>
<opset="trunc_ln174/1 "/>
</bind>
</comp>

<comp id="285" class="1004" name="tmp_595_i_fu_285">
<pin_list>
<pin id="286" dir="0" index="0" bw="115" slack="0"/>
<pin id="287" dir="0" index="1" bw="19" slack="0"/>
<pin id="288" dir="0" index="2" bw="1" slack="0"/>
<pin id="289" dir="0" index="3" bw="18" slack="0"/>
<pin id="290" dir="0" index="4" bw="1" slack="0"/>
<pin id="291" dir="0" index="5" bw="48" slack="0"/>
<pin id="292" dir="1" index="6" bw="115" slack="0"/>
</pin_list>
<bind>
<opcode="bitconcatenate(1004) " fcode="bitconcatenate"/>
<opset="tmp_595_i/1 "/>
</bind>
</comp>

<comp id="299" class="1004" name="zext_ln174_fu_299">
<pin_list>
<pin id="300" dir="0" index="0" bw="115" slack="0"/>
<pin id="301" dir="1" index="1" bw="224" slack="0"/>
</pin_list>
<bind>
<opcode="zext(34) " fcode="zext"/>
<opset="zext_ln174/1 "/>
</bind>
</comp>

<comp id="304" class="1004" name="store_ln886_store_fu_304">
<pin_list>
<pin id="305" dir="0" index="0" bw="8" slack="0"/>
<pin id="306" dir="0" index="1" bw="8" slack="0"/>
<pin id="307" dir="1" index="2" bw="0" slack="2147483647"/>
</pin_list>
<bind>
<opcode="store(28) " fcode="store"/>
<opset="store_ln886/1 "/>
</bind>
</comp>

<comp id="310" class="1004" name="store_ln886_store_fu_310">
<pin_list>
<pin id="311" dir="0" index="0" bw="8" slack="0"/>
<pin id="312" dir="0" index="1" bw="8" slack="0"/>
<pin id="313" dir="1" index="2" bw="0" slack="2147483647"/>
</pin_list>
<bind>
<opcode="store(28) " fcode="store"/>
<opset="store_ln886/1 "/>
</bind>
</comp>

<comp id="316" class="1004" name="add_ln886_193_fu_316">
<pin_list>
<pin id="317" dir="0" index="0" bw="8" slack="0"/>
<pin id="318" dir="0" index="1" bw="1" slack="0"/>
<pin id="319" dir="1" index="2" bw="8" slack="0"/>
</pin_list>
<bind>
<opcode="add(8) " fcode="add"/>
<opset="add_ln886_193/1 "/>
</bind>
</comp>

<comp id="322" class="1004" name="store_ln886_store_fu_322">
<pin_list>
<pin id="323" dir="0" index="0" bw="8" slack="0"/>
<pin id="324" dir="0" index="1" bw="8" slack="0"/>
<pin id="325" dir="1" index="2" bw="0" slack="2147483647"/>
</pin_list>
<bind>
<opcode="store(28) " fcode="store"/>
<opset="store_ln886/1 "/>
</bind>
</comp>

<comp id="328" class="1004" name="add_ln886_194_fu_328">
<pin_list>
<pin id="329" dir="0" index="0" bw="8" slack="0"/>
<pin id="330" dir="0" index="1" bw="1" slack="0"/>
<pin id="331" dir="1" index="2" bw="8" slack="0"/>
</pin_list>
<bind>
<opcode="add(8) " fcode="add"/>
<opset="add_ln886_194/1 "/>
</bind>
</comp>

<comp id="334" class="1004" name="store_ln886_store_fu_334">
<pin_list>
<pin id="335" dir="0" index="0" bw="8" slack="0"/>
<pin id="336" dir="0" index="1" bw="8" slack="0"/>
<pin id="337" dir="1" index="2" bw="0" slack="2147483647"/>
</pin_list>
<bind>
<opcode="store(28) " fcode="store"/>
<opset="store_ln886/1 "/>
</bind>
</comp>

<comp id="340" class="1004" name="add_ln886_195_fu_340">
<pin_list>
<pin id="341" dir="0" index="0" bw="8" slack="0"/>
<pin id="342" dir="0" index="1" bw="1" slack="0"/>
<pin id="343" dir="1" index="2" bw="8" slack="0"/>
</pin_list>
<bind>
<opcode="add(8) " fcode="add"/>
<opset="add_ln886_195/1 "/>
</bind>
</comp>

<comp id="346" class="1004" name="store_ln886_store_fu_346">
<pin_list>
<pin id="347" dir="0" index="0" bw="8" slack="0"/>
<pin id="348" dir="0" index="1" bw="8" slack="0"/>
<pin id="349" dir="1" index="2" bw="0" slack="2147483647"/>
</pin_list>
<bind>
<opcode="store(28) " fcode="store"/>
<opset="store_ln886/1 "/>
</bind>
</comp>

</comp_list>

<net_list>
<net id="77"><net_src comp="36" pin="0"/><net_sink comp="72" pin=0"/></net>

<net id="78"><net_src comp="0" pin="0"/><net_sink comp="72" pin=1"/></net>

<net id="79"><net_src comp="34" pin="0"/><net_sink comp="72" pin=2"/></net>

<net id="85"><net_src comp="38" pin="0"/><net_sink comp="80" pin=0"/></net>

<net id="86"><net_src comp="10" pin="0"/><net_sink comp="80" pin=1"/></net>

<net id="87"><net_src comp="34" pin="0"/><net_sink comp="80" pin=2"/></net>

<net id="93"><net_src comp="40" pin="0"/><net_sink comp="88" pin=0"/></net>

<net id="94"><net_src comp="12" pin="0"/><net_sink comp="88" pin=1"/></net>

<net id="95"><net_src comp="34" pin="0"/><net_sink comp="88" pin=2"/></net>

<net id="101"><net_src comp="40" pin="0"/><net_sink comp="96" pin=0"/></net>

<net id="102"><net_src comp="14" pin="0"/><net_sink comp="96" pin=1"/></net>

<net id="103"><net_src comp="34" pin="0"/><net_sink comp="96" pin=2"/></net>

<net id="108"><net_src comp="42" pin="0"/><net_sink comp="104" pin=0"/></net>

<net id="109"><net_src comp="14" pin="0"/><net_sink comp="104" pin=1"/></net>

<net id="115"><net_src comp="62" pin="0"/><net_sink comp="110" pin=0"/></net>

<net id="116"><net_src comp="10" pin="0"/><net_sink comp="110" pin=1"/></net>

<net id="121"><net_src comp="42" pin="0"/><net_sink comp="117" pin=0"/></net>

<net id="122"><net_src comp="12" pin="0"/><net_sink comp="117" pin=1"/></net>

<net id="127"><net_src comp="66" pin="0"/><net_sink comp="123" pin=0"/></net>

<net id="128"><net_src comp="0" pin="0"/><net_sink comp="123" pin=1"/></net>

<net id="129"><net_src comp="123" pin="2"/><net_sink comp="110" pin=2"/></net>

<net id="135"><net_src comp="68" pin="0"/><net_sink comp="130" pin=0"/></net>

<net id="136"><net_src comp="16" pin="0"/><net_sink comp="130" pin=1"/></net>

<net id="137"><net_src comp="34" pin="0"/><net_sink comp="130" pin=2"/></net>

<net id="142"><net_src comp="70" pin="0"/><net_sink comp="138" pin=0"/></net>

<net id="143"><net_src comp="16" pin="0"/><net_sink comp="138" pin=1"/></net>

<net id="149"><net_src comp="68" pin="0"/><net_sink comp="144" pin=0"/></net>

<net id="150"><net_src comp="18" pin="0"/><net_sink comp="144" pin=1"/></net>

<net id="151"><net_src comp="34" pin="0"/><net_sink comp="144" pin=2"/></net>

<net id="156"><net_src comp="70" pin="0"/><net_sink comp="152" pin=0"/></net>

<net id="157"><net_src comp="18" pin="0"/><net_sink comp="152" pin=1"/></net>

<net id="163"><net_src comp="68" pin="0"/><net_sink comp="158" pin=0"/></net>

<net id="164"><net_src comp="20" pin="0"/><net_sink comp="158" pin=1"/></net>

<net id="165"><net_src comp="34" pin="0"/><net_sink comp="158" pin=2"/></net>

<net id="170"><net_src comp="70" pin="0"/><net_sink comp="166" pin=0"/></net>

<net id="171"><net_src comp="20" pin="0"/><net_sink comp="166" pin=1"/></net>

<net id="176"><net_src comp="64" pin="0"/><net_sink comp="172" pin=1"/></net>

<net id="180"><net_src comp="2" pin="0"/><net_sink comp="177" pin=0"/></net>

<net id="181"><net_src comp="177" pin="1"/><net_sink comp="172" pin=0"/></net>

<net id="185"><net_src comp="4" pin="0"/><net_sink comp="182" pin=0"/></net>

<net id="189"><net_src comp="6" pin="0"/><net_sink comp="186" pin=0"/></net>

<net id="193"><net_src comp="8" pin="0"/><net_sink comp="190" pin=0"/></net>

<net id="198"><net_src comp="177" pin="1"/><net_sink comp="194" pin=0"/></net>

<net id="199"><net_src comp="182" pin="1"/><net_sink comp="194" pin=1"/></net>

<net id="204"><net_src comp="186" pin="1"/><net_sink comp="200" pin=0"/></net>

<net id="205"><net_src comp="190" pin="1"/><net_sink comp="200" pin=1"/></net>

<net id="210"><net_src comp="194" pin="2"/><net_sink comp="206" pin=0"/></net>

<net id="211"><net_src comp="200" pin="2"/><net_sink comp="206" pin=1"/></net>

<net id="218"><net_src comp="44" pin="0"/><net_sink comp="212" pin=0"/></net>

<net id="219"><net_src comp="104" pin="2"/><net_sink comp="212" pin=1"/></net>

<net id="220"><net_src comp="46" pin="0"/><net_sink comp="212" pin=2"/></net>

<net id="221"><net_src comp="48" pin="0"/><net_sink comp="212" pin=3"/></net>

<net id="228"><net_src comp="50" pin="0"/><net_sink comp="222" pin=0"/></net>

<net id="229"><net_src comp="104" pin="2"/><net_sink comp="222" pin=1"/></net>

<net id="230"><net_src comp="52" pin="0"/><net_sink comp="222" pin=2"/></net>

<net id="231"><net_src comp="54" pin="0"/><net_sink comp="222" pin=3"/></net>

<net id="235"><net_src comp="104" pin="2"/><net_sink comp="232" pin=0"/></net>

<net id="244"><net_src comp="56" pin="0"/><net_sink comp="236" pin=0"/></net>

<net id="245"><net_src comp="222" pin="4"/><net_sink comp="236" pin=1"/></net>

<net id="246"><net_src comp="58" pin="0"/><net_sink comp="236" pin=2"/></net>

<net id="247"><net_src comp="212" pin="4"/><net_sink comp="236" pin=3"/></net>

<net id="248"><net_src comp="60" pin="0"/><net_sink comp="236" pin=4"/></net>

<net id="249"><net_src comp="232" pin="1"/><net_sink comp="236" pin=5"/></net>

<net id="253"><net_src comp="236" pin="6"/><net_sink comp="250" pin=0"/></net>

<net id="254"><net_src comp="250" pin="1"/><net_sink comp="110" pin=2"/></net>

<net id="259"><net_src comp="172" pin="2"/><net_sink comp="255" pin=0"/></net>

<net id="260"><net_src comp="2" pin="0"/><net_sink comp="255" pin=1"/></net>

<net id="267"><net_src comp="44" pin="0"/><net_sink comp="261" pin=0"/></net>

<net id="268"><net_src comp="117" pin="2"/><net_sink comp="261" pin=1"/></net>

<net id="269"><net_src comp="46" pin="0"/><net_sink comp="261" pin=2"/></net>

<net id="270"><net_src comp="48" pin="0"/><net_sink comp="261" pin=3"/></net>

<net id="277"><net_src comp="50" pin="0"/><net_sink comp="271" pin=0"/></net>

<net id="278"><net_src comp="117" pin="2"/><net_sink comp="271" pin=1"/></net>

<net id="279"><net_src comp="52" pin="0"/><net_sink comp="271" pin=2"/></net>

<net id="280"><net_src comp="54" pin="0"/><net_sink comp="271" pin=3"/></net>

<net id="284"><net_src comp="117" pin="2"/><net_sink comp="281" pin=0"/></net>

<net id="293"><net_src comp="56" pin="0"/><net_sink comp="285" pin=0"/></net>

<net id="294"><net_src comp="271" pin="4"/><net_sink comp="285" pin=1"/></net>

<net id="295"><net_src comp="58" pin="0"/><net_sink comp="285" pin=2"/></net>

<net id="296"><net_src comp="261" pin="4"/><net_sink comp="285" pin=3"/></net>

<net id="297"><net_src comp="60" pin="0"/><net_sink comp="285" pin=4"/></net>

<net id="298"><net_src comp="281" pin="1"/><net_sink comp="285" pin=5"/></net>

<net id="302"><net_src comp="285" pin="6"/><net_sink comp="299" pin=0"/></net>

<net id="303"><net_src comp="299" pin="1"/><net_sink comp="110" pin=2"/></net>

<net id="308"><net_src comp="172" pin="2"/><net_sink comp="304" pin=0"/></net>

<net id="309"><net_src comp="2" pin="0"/><net_sink comp="304" pin=1"/></net>

<net id="314"><net_src comp="172" pin="2"/><net_sink comp="310" pin=0"/></net>

<net id="315"><net_src comp="2" pin="0"/><net_sink comp="310" pin=1"/></net>

<net id="320"><net_src comp="182" pin="1"/><net_sink comp="316" pin=0"/></net>

<net id="321"><net_src comp="64" pin="0"/><net_sink comp="316" pin=1"/></net>

<net id="326"><net_src comp="316" pin="2"/><net_sink comp="322" pin=0"/></net>

<net id="327"><net_src comp="4" pin="0"/><net_sink comp="322" pin=1"/></net>

<net id="332"><net_src comp="186" pin="1"/><net_sink comp="328" pin=0"/></net>

<net id="333"><net_src comp="64" pin="0"/><net_sink comp="328" pin=1"/></net>

<net id="338"><net_src comp="328" pin="2"/><net_sink comp="334" pin=0"/></net>

<net id="339"><net_src comp="6" pin="0"/><net_sink comp="334" pin=1"/></net>

<net id="344"><net_src comp="190" pin="1"/><net_sink comp="340" pin=0"/></net>

<net id="345"><net_src comp="64" pin="0"/><net_sink comp="340" pin=1"/></net>

<net id="350"><net_src comp="340" pin="2"/><net_sink comp="346" pin=0"/></net>

<net id="351"><net_src comp="8" pin="0"/><net_sink comp="346" pin=1"/></net>

</net_list>

</model> 
---------------- Datapath Model END ------------------

* FSMD analyzer results:
  - Output states:
	Port: rxEng2eventEng_setEvent | {}
	Port: ee_writeCounter | {1 }
	Port: ee_adReadCounter | {1 }
	Port: ee_adWriteCounter | {1 }
	Port: ee_txEngReadCounter | {1 }
	Port: eventEng2ackDelay_event | {1 }
	Port: timer2eventEng_setEvent | {}
	Port: txApp2eventEng_setEvent | {}
	Port: ackDelayFifoReadCount | {}
	Port: ackDelayFifoWriteCount | {}
	Port: txEngFifoReadCount | {}
 - Input state : 
	Port: event_engine : rxEng2eventEng_setEvent | {1 }
	Port: event_engine : ee_writeCounter | {1 }
	Port: event_engine : ee_adReadCounter | {1 }
	Port: event_engine : ee_adWriteCounter | {1 }
	Port: event_engine : ee_txEngReadCounter | {1 }
	Port: event_engine : eventEng2ackDelay_event | {}
	Port: event_engine : timer2eventEng_setEvent | {1 }
	Port: event_engine : txApp2eventEng_setEvent | {1 }
	Port: event_engine : ackDelayFifoReadCount | {1 }
	Port: event_engine : ackDelayFifoWriteCount | {1 }
	Port: event_engine : txEngFifoReadCount | {1 }
  - Chain level:
	State 1
		icmp_ln1065 : 1
		icmp_ln1065_77 : 1
		and_ln83 : 2
		br_ln83 : 2
		tmp_599_i : 1
		zext_ln174_122 : 2
		write_ln174 : 3
		add_ln886_192 : 1
		store_ln886 : 2
		tmp_595_i : 1
		zext_ln174 : 2
		write_ln174 : 3
		add_ln886_191 : 1
		store_ln886 : 2
		add_ln886 : 1
		store_ln886 : 2
		add_ln886_193 : 1
		store_ln886 : 2
		add_ln886_194 : 1
		store_ln886 : 2
		add_ln886_195 : 1
		store_ln886 : 2


============================================================
+ Verbose Summary: Datapath Resource usage 
============================================================

* Functional unit list:
|----------|------------------------------------------|---------|---------|
| Operation|              Functional Unit             |    FF   |   LUT   |
|----------|------------------------------------------|---------|---------|
|          |                grp_fu_172                |    0    |    15   |
|    add   |           add_ln886_193_fu_316           |    0    |    15   |
|          |           add_ln886_194_fu_328           |    0    |    15   |
|          |           add_ln886_195_fu_340           |    0    |    15   |
|----------|------------------------------------------|---------|---------|
|   icmp   |            icmp_ln1065_fu_194            |    0    |    11   |
|          |           icmp_ln1065_77_fu_200          |    0    |    11   |
|----------|------------------------------------------|---------|---------|
|    and   |              and_ln83_fu_206             |    0    |    2    |
|----------|------------------------------------------|---------|---------|
|          |           tmp_i_nbreadreq_fu_72          |    0    |    0    |
|          |         tmp_544_i_nbreadreq_fu_88        |    0    |    0    |
| nbreadreq|         tmp_545_i_nbreadreq_fu_96        |    0    |    0    |
|          |        tmp_546_i_nbreadreq_fu_130        |    0    |    0    |
|          |        tmp_547_i_nbreadreq_fu_144        |    0    |    0    |
|          |        tmp_548_i_nbreadreq_fu_158        |    0    |    0    |
|----------|------------------------------------------|---------|---------|
|nbwritereq|        tmp_i_264_nbwritereq_fu_80        |    0    |    0    |
|----------|------------------------------------------|---------|---------|
|          | txApp2eventEng_setEvent_read_read_fu_104 |    0    |    0    |
|          | timer2eventEng_setEvent_read_read_fu_117 |    0    |    0    |
|   read   | rxEng2eventEng_setEvent_read_read_fu_123 |    0    |    0    |
|          |             p_03_read_fu_138             |    0    |    0    |
|          |             p_04_read_fu_152             |    0    |    0    |
|          |             p_05_read_fu_166             |    0    |    0    |
|----------|------------------------------------------|---------|---------|
|   write  |             grp_write_fu_110             |    0    |    0    |
|----------|------------------------------------------|---------|---------|
|          |             tmp_597_i_fu_212             |    0    |    0    |
|partselect|             tmp_598_i_fu_222             |    0    |    0    |
|          |             tmp_593_i_fu_261             |    0    |    0    |
|          |             tmp_594_i_fu_271             |    0    |    0    |
|----------|------------------------------------------|---------|---------|
|   trunc  |           trunc_ln174_5_fu_232           |    0    |    0    |
|          |            trunc_ln174_fu_281            |    0    |    0    |
|----------|------------------------------------------|---------|---------|
|bitconcatenate|             tmp_599_i_fu_236             |    0    |    0    |
|          |             tmp_595_i_fu_285             |    0    |    0    |
|----------|------------------------------------------|---------|---------|
|   zext   |           zext_ln174_122_fu_250          |    0    |    0    |
|          |             zext_ln174_fu_299            |    0    |    0    |
|----------|------------------------------------------|---------|---------|
|   Total  |                                          |    0    |    84   |
|----------|------------------------------------------|---------|---------|

Memories:
N/A

* Register list:
N/A

* Multiplexer (MUX) list: 
|------------------|------|------|------|--------||---------||---------|
|       Comp       |  Pin | Size |  BW  | S x BW ||  Delay  ||   LUT   |
|------------------|------|------|------|--------||---------||---------|
| grp_write_fu_110 |  p2  |   3  |  224 |   672  ||    14   |
|------------------|------|------|------|--------||---------||---------|
|       Total      |      |      |      |   672  || 0.419857||    14   |
|------------------|------|------|------|--------||---------||---------|



* Summary:
+-----------+--------+--------+--------+
|           |  Delay |   FF   |   LUT  |
+-----------+--------+--------+--------+
|  Function |    -   |    0   |   84   |
|   Memory  |    -   |    -   |    -   |
|Multiplexer|    0   |    -   |   14   |
|  Register |    -   |    -   |    -   |
+-----------+--------+--------+--------+
|   Total   |    0   |    0   |   98   |
+-----------+--------+--------+--------+
