

================================================================
== Vitis HLS Report for 'free_port_table'
================================================================
* Date:           Tue Jul 11 09:25:00 2023

* Version:        2022.1 (Build 3526262 on Mon Apr 18 15:47:01 MDT 2022)
* Project:        toe_prj
* Solution:       solution1 (Vivado IP Flow Target)
* Product family: virtexuplus
* Target device:  xcu280-fsvh2892-2L-e


================================================================
== Performance Estimates
================================================================
+ Timing: 
    * Summary: 
    +--------+---------+----------+------------+
    |  Clock |  Target | Estimated| Uncertainty|
    +--------+---------+----------+------------+
    |ap_clk  |  3.20 ns|  1.211 ns|     0.86 ns|
    +--------+---------+----------+------------+

+ Latency: 
    * Summary: 
    +---------+---------+-----------+-----------+-----+-----+---------+
    |  Latency (cycles) |   Latency (absolute)  |  Interval | Pipeline|
    |   min   |   max   |    min    |    max    | min | max |   Type  |
    +---------+---------+-----------+-----------+-----+-----+---------+
    |        4|        4|  12.800 ns|  12.800 ns|    1|    1|      yes|
    +---------+---------+-----------+-----------+-----+-----+---------+

    + Detail: 
        * Instance: 
        N/A

        * Loop: 
        N/A

============================================================
+ Verbose Summary: Synthesis Manager
============================================================
InlineROM: 1
ExposeGlobal: 0
============================================================
+ Verbose Summary: CDFG Model
============================================================
IsTopModel: 0
ResetActiveHigh: 1
IsCombinational: 2
IsDatapathOnly: 0
HasWiredReturn: 1
HasMFsm: 2
HasVarLatency: 0
IsPipeline: 1
IsRtlPipelined: 1
IsInstanceOverlapped: 0
IsDontTouch: 0
HasImplIP: 0
IsGatedGlobalClock: 0

+ Individual pipeline summary: 
  * Pipeline-0: initiation interval (II) = 1, depth = 5


============================================================
+ Verbose Summary: Schedule
============================================================
* Number of FSM states : 5
* Pipeline : 1
  Pipeline-0 : II = 1, D = 5, States = { 1 2 3 4 5 }
* Dataflow Pipeline: 0

* FSM state transitions: 
1 --> 2 
2 --> 3 
3 --> 4 
4 --> 5 
5 --> 

* FSM state operations: 

State 1 <SV = 0> <Delay = 1.16>
ST_1 : Operation 6 [1/1] (0.00ns)   --->   "%tmp_i = nbreadreq i1 @_ssdm_op_NbReadReq.ap_fifo.i16P0A, i16 %sLookup2portTable_releasePort, i32 1" [/tools/Xilinx/Vitis_HLS/2022.1/common/technology/autopilot/hls_stream_39.h:136]   --->   Operation 6 'nbreadreq' 'tmp_i' <Predicate = true> <Delay = 0.00> <CoreInst = "FIFO_SRL">   --->   Core 81 'FIFO_SRL' <Latency = 0> <II = 1> <Delay = 1.33> <Storage> <Opcode : 'read' 'write' 'nbread' 'nbwrite'> <Ports = 0> <Width = 16> <Depth = 4> <FIFO>
ST_1 : Operation 7 [1/1] (0.00ns)   --->   "%br_ln118 = br i1 %tmp_i, void %if.else.i, void %if.then.i" [/mnt/scratch/pyuvaraj/Vitis_RoCE_W/Vitis_RoCE/fpga-network-stack/hls/toe/port_table/port_table.cpp:118]   --->   Operation 7 'br' 'br_ln118' <Predicate = true> <Delay = 0.00>
ST_1 : Operation 8 [1/1] (0.00ns)   --->   "%br_ln0 = br void %free_port_table.exit"   --->   Operation 8 'br' 'br_ln0' <Predicate = (!tmp_i)> <Delay = 0.00>
ST_1 : Operation 9 [1/1] (1.16ns)   --->   "%currPort_V = read i16 @_ssdm_op_Read.ap_fifo.volatile.i16P0A, i16 %sLookup2portTable_releasePort" [/tools/Xilinx/Vitis_HLS/2022.1/common/technology/autopilot/hls_stream_39.h:145]   --->   Operation 9 'read' 'currPort_V' <Predicate = (tmp_i)> <Delay = 1.16> <CoreInst = "FIFO_SRL">   --->   Core 81 'FIFO_SRL' <Latency = 0> <II = 1> <Delay = 1.33> <Storage> <Opcode : 'read' 'write' 'nbread' 'nbwrite'> <Ports = 0> <Width = 16> <Depth = 4> <FIFO>
ST_1 : Operation 10 [1/1] (0.00ns)   --->   "%tmp = bitselect i1 @_ssdm_op_BitSelect.i1.i16.i32, i16 %currPort_V, i32 15"   --->   Operation 10 'bitselect' 'tmp' <Predicate = (tmp_i)> <Delay = 0.00>
ST_1 : Operation 11 [1/1] (0.00ns)   --->   "%br_ln121 = br i1 %tmp, void %if.end.i, void %if.then2.i" [/mnt/scratch/pyuvaraj/Vitis_RoCE_W/Vitis_RoCE/fpga-network-stack/hls/toe/port_table/port_table.cpp:121]   --->   Operation 11 'br' 'br_ln121' <Predicate = (tmp_i)> <Delay = 0.00>
ST_1 : Operation 12 [1/1] (0.00ns)   --->   "%trunc_ln714 = trunc i16 %currPort_V"   --->   Operation 12 'trunc' 'trunc_ln714' <Predicate = (tmp_i & tmp)> <Delay = 0.00>
ST_1 : Operation 13 [1/1] (0.00ns)   --->   "%br_ln125 = br void %free_port_table.exit" [/mnt/scratch/pyuvaraj/Vitis_RoCE_W/Vitis_RoCE/fpga-network-stack/hls/toe/port_table/port_table.cpp:125]   --->   Operation 13 'br' 'br_ln125' <Predicate = (tmp_i)> <Delay = 0.00>

State 2 <SV = 1> <Delay = 1.16>
ST_2 : Operation 14 [1/1] (0.00ns)   --->   "%tmp_i_263 = nbreadreq i1 @_ssdm_op_NbReadReq.ap_fifo.i15P0A, i15 %pt_portCheckUsed_req_fifo, i32 1" [/tools/Xilinx/Vitis_HLS/2022.1/common/technology/autopilot/hls_stream_39.h:136]   --->   Operation 14 'nbreadreq' 'tmp_i_263' <Predicate = (!tmp_i)> <Delay = 0.00> <CoreInst = "FIFO_SRL">   --->   Core 81 'FIFO_SRL' <Latency = 0> <II = 1> <Delay = 1.34> <Storage> <Opcode : 'read' 'write' 'nbread' 'nbwrite'> <Ports = 0> <Width = 15> <Depth = 2> <FIFO>
ST_2 : Operation 15 [1/1] (0.00ns)   --->   "%br_ln126 = br i1 %tmp_i_263, void %if.else9.i, void %if.then5.i" [/mnt/scratch/pyuvaraj/Vitis_RoCE_W/Vitis_RoCE/fpga-network-stack/hls/toe/port_table/port_table.cpp:126]   --->   Operation 15 'br' 'br_ln126' <Predicate = (!tmp_i)> <Delay = 0.00>
ST_2 : Operation 16 [1/1] (0.00ns)   --->   "%br_ln0 = br void %if.end21.i"   --->   Operation 16 'br' 'br_ln0' <Predicate = (!tmp_i & !tmp_i_263)> <Delay = 0.00>
ST_2 : Operation 17 [1/1] (1.16ns)   --->   "%tmp_V = read i15 @_ssdm_op_Read.ap_fifo.volatile.i15P0A, i15 %pt_portCheckUsed_req_fifo" [/tools/Xilinx/Vitis_HLS/2022.1/common/technology/autopilot/hls_stream_39.h:145]   --->   Operation 17 'read' 'tmp_V' <Predicate = (!tmp_i & tmp_i_263)> <Delay = 1.16> <CoreInst = "FIFO_SRL">   --->   Core 81 'FIFO_SRL' <Latency = 0> <II = 1> <Delay = 1.34> <Storage> <Opcode : 'read' 'write' 'nbread' 'nbwrite'> <Ports = 0> <Width = 15> <Depth = 2> <FIFO>

State 3 <SV = 2> <Delay = 1.21>
ST_3 : Operation 18 [1/1] (0.00ns)   --->   "%specinterface_ln0 = specinterface void @_ssdm_op_SpecInterface, i16 %portTable2txApp_port_rsp, void @empty, i32 0, i32 0, void @empty_1, i32 0, i32 0, void @empty_1, void @empty_1, void @empty_1, i32 0, i32 0, i32 0, i32 0, void @empty_1, void @empty_1, i32 4294967295, i32 0"   --->   Operation 18 'specinterface' 'specinterface_ln0' <Predicate = true> <Delay = 0.00>
ST_3 : Operation 19 [1/1] (0.00ns)   --->   "%specinterface_ln0 = specinterface void @_ssdm_op_SpecInterface, i16 %portTable2txApp_port_rsp, void @empty, i32 0, i32 0, void @empty_1, i32 0, i32 0, void @empty_1, void @empty_1, void @empty_1, i32 0, i32 0, i32 0, i32 0, void @empty_1, void @empty_1, i32 4294967295, i32 0"   --->   Operation 19 'specinterface' 'specinterface_ln0' <Predicate = true> <Delay = 0.00>
ST_3 : Operation 20 [1/1] (0.00ns)   --->   "%specinterface_ln0 = specinterface void @_ssdm_op_SpecInterface, i16 %portTable2txApp_port_rsp, void @empty, i32 0, i32 0, void @empty_1, i32 0, i32 0, void @empty_1, void @empty_1, void @empty_1, i32 0, i32 0, i32 0, i32 0, void @empty_1, void @empty_1, i32 4294967295, i32 0"   --->   Operation 20 'specinterface' 'specinterface_ln0' <Predicate = true> <Delay = 0.00>
ST_3 : Operation 21 [1/1] (0.00ns)   --->   "%specinterface_ln0 = specinterface void @_ssdm_op_SpecInterface, i15 %pt_portCheckUsed_req_fifo, void @empty, i32 0, i32 0, void @empty_1, i32 0, i32 0, void @empty_1, void @empty_1, void @empty_1, i32 0, i32 0, i32 0, i32 0, void @empty_1, void @empty_1, i32 4294967295, i32 0"   --->   Operation 21 'specinterface' 'specinterface_ln0' <Predicate = true> <Delay = 0.00>
ST_3 : Operation 22 [1/1] (0.00ns)   --->   "%specinterface_ln0 = specinterface void @_ssdm_op_SpecInterface, i15 %pt_portCheckUsed_req_fifo, void @empty, i32 0, i32 0, void @empty_1, i32 0, i32 0, void @empty_1, void @empty_1, void @empty_1, i32 0, i32 0, i32 0, i32 0, void @empty_1, void @empty_1, i32 4294967295, i32 0"   --->   Operation 22 'specinterface' 'specinterface_ln0' <Predicate = true> <Delay = 0.00>
ST_3 : Operation 23 [1/1] (0.00ns)   --->   "%specinterface_ln0 = specinterface void @_ssdm_op_SpecInterface, i15 %pt_portCheckUsed_req_fifo, void @empty, i32 0, i32 0, void @empty_1, i32 0, i32 0, void @empty_1, void @empty_1, void @empty_1, i32 0, i32 0, i32 0, i32 0, void @empty_1, void @empty_1, i32 4294967295, i32 0"   --->   Operation 23 'specinterface' 'specinterface_ln0' <Predicate = true> <Delay = 0.00>
ST_3 : Operation 24 [1/1] (0.00ns)   --->   "%specinterface_ln0 = specinterface void @_ssdm_op_SpecInterface, i1 %pt_portCheckUsed_rsp_fifo, void @empty, i32 0, i32 0, void @empty_1, i32 0, i32 0, void @empty_1, void @empty_1, void @empty_1, i32 0, i32 0, i32 0, i32 0, void @empty_1, void @empty_1, i32 4294967295, i32 0"   --->   Operation 24 'specinterface' 'specinterface_ln0' <Predicate = true> <Delay = 0.00>
ST_3 : Operation 25 [1/1] (0.00ns)   --->   "%specinterface_ln0 = specinterface void @_ssdm_op_SpecInterface, i1 %pt_portCheckUsed_rsp_fifo, void @empty, i32 0, i32 0, void @empty_1, i32 0, i32 0, void @empty_1, void @empty_1, void @empty_1, i32 0, i32 0, i32 0, i32 0, void @empty_1, void @empty_1, i32 4294967295, i32 0"   --->   Operation 25 'specinterface' 'specinterface_ln0' <Predicate = true> <Delay = 0.00>
ST_3 : Operation 26 [1/1] (0.00ns)   --->   "%specinterface_ln0 = specinterface void @_ssdm_op_SpecInterface, i1 %pt_portCheckUsed_rsp_fifo, void @empty, i32 0, i32 0, void @empty_1, i32 0, i32 0, void @empty_1, void @empty_1, void @empty_1, i32 0, i32 0, i32 0, i32 0, void @empty_1, void @empty_1, i32 4294967295, i32 0"   --->   Operation 26 'specinterface' 'specinterface_ln0' <Predicate = true> <Delay = 0.00>
ST_3 : Operation 27 [1/1] (0.00ns)   --->   "%specinterface_ln0 = specinterface void @_ssdm_op_SpecInterface, i16 %sLookup2portTable_releasePort, void @empty, i32 0, i32 0, void @empty_1, i32 0, i32 0, void @empty_1, void @empty_1, void @empty_1, i32 0, i32 0, i32 0, i32 0, void @empty_1, void @empty_1, i32 4294967295, i32 0"   --->   Operation 27 'specinterface' 'specinterface_ln0' <Predicate = true> <Delay = 0.00>
ST_3 : Operation 28 [1/1] (0.00ns)   --->   "%specinterface_ln0 = specinterface void @_ssdm_op_SpecInterface, i16 %sLookup2portTable_releasePort, void @empty, i32 0, i32 0, void @empty_1, i32 0, i32 0, void @empty_1, void @empty_1, void @empty_1, i32 0, i32 0, i32 0, i32 0, void @empty_1, void @empty_1, i32 4294967295, i32 0"   --->   Operation 28 'specinterface' 'specinterface_ln0' <Predicate = true> <Delay = 0.00>
ST_3 : Operation 29 [1/1] (0.00ns)   --->   "%specinterface_ln0 = specinterface void @_ssdm_op_SpecInterface, i16 %sLookup2portTable_releasePort, void @empty, i32 0, i32 0, void @empty_1, i32 0, i32 0, void @empty_1, void @empty_1, void @empty_1, i32 0, i32 0, i32 0, i32 0, void @empty_1, void @empty_1, i32 4294967295, i32 0"   --->   Operation 29 'specinterface' 'specinterface_ln0' <Predicate = true> <Delay = 0.00>
ST_3 : Operation 30 [1/1] (0.00ns)   --->   "%specinterface_ln0 = specinterface void @_ssdm_op_SpecInterface, i16 %portTable2txApp_port_rsp, void @empty, i32 0, i32 0, void @empty_1, i32 0, i32 0, void @empty_1, void @empty_1, void @empty_1, i32 0, i32 0, i32 0, i32 0, void @empty_1, void @empty_1, i32 4294967295, i32 0"   --->   Operation 30 'specinterface' 'specinterface_ln0' <Predicate = true> <Delay = 0.00>
ST_3 : Operation 31 [1/1] (0.00ns)   --->   "%specinterface_ln0 = specinterface void @_ssdm_op_SpecInterface, i1 %pt_portCheckUsed_rsp_fifo, void @empty, i32 0, i32 0, void @empty_1, i32 0, i32 0, void @empty_1, void @empty_1, void @empty_1, i32 0, i32 0, i32 0, i32 0, void @empty_1, void @empty_1, i32 4294967295, i32 0"   --->   Operation 31 'specinterface' 'specinterface_ln0' <Predicate = true> <Delay = 0.00>
ST_3 : Operation 32 [1/1] (0.00ns)   --->   "%specinterface_ln0 = specinterface void @_ssdm_op_SpecInterface, i15 %pt_portCheckUsed_req_fifo, void @empty, i32 0, i32 0, void @empty_1, i32 0, i32 0, void @empty_1, void @empty_1, void @empty_1, i32 0, i32 0, i32 0, i32 0, void @empty_1, void @empty_1, i32 4294967295, i32 0"   --->   Operation 32 'specinterface' 'specinterface_ln0' <Predicate = true> <Delay = 0.00>
ST_3 : Operation 33 [1/1] (0.00ns)   --->   "%specinterface_ln0 = specinterface void @_ssdm_op_SpecInterface, i16 %sLookup2portTable_releasePort, void @empty, i32 0, i32 0, void @empty_1, i32 0, i32 0, void @empty_1, void @empty_1, void @empty_1, i32 0, i32 0, i32 0, i32 0, void @empty_1, void @empty_1, i32 4294967295, i32 0"   --->   Operation 33 'specinterface' 'specinterface_ln0' <Predicate = true> <Delay = 0.00>
ST_3 : Operation 34 [1/1] (0.00ns)   --->   "%specpipeline_ln95 = specpipeline void @_ssdm_op_SpecPipeline, i32 1, i32 0, i32 0, i32 0, void @empty_1" [/mnt/scratch/pyuvaraj/Vitis_RoCE_W/Vitis_RoCE/fpga-network-stack/hls/toe/port_table/port_table.cpp:95]   --->   Operation 34 'specpipeline' 'specpipeline_ln95' <Predicate = true> <Delay = 0.00>
ST_3 : Operation 35 [1/1] (0.00ns)   --->   "%specmemcore_ln105 = specmemcore void @_ssdm_op_SpecMemCore, i1 %freePortTable, i64 666, i64 30, i64 18446744073709551615" [/mnt/scratch/pyuvaraj/Vitis_RoCE_W/Vitis_RoCE/fpga-network-stack/hls/toe/port_table/port_table.cpp:105]   --->   Operation 35 'specmemcore' 'specmemcore_ln105' <Predicate = true> <Delay = 0.00>
ST_3 : Operation 36 [1/1] (0.00ns)   --->   "%pt_cursor_load = load i15 %pt_cursor"   --->   Operation 36 'load' 'pt_cursor_load' <Predicate = true> <Delay = 0.00>
ST_3 : Operation 37 [1/1] (0.00ns)   --->   "%zext_ln587_18 = zext i15 %pt_cursor_load"   --->   Operation 37 'zext' 'zext_ln587_18' <Predicate = (!tmp_i & !tmp_i_263)> <Delay = 0.00>
ST_3 : Operation 38 [1/1] (0.00ns)   --->   "%freePortTable_addr_2 = getelementptr i1 %freePortTable, i64 0, i64 %zext_ln587_18" [/mnt/scratch/pyuvaraj/Vitis_RoCE_W/Vitis_RoCE/fpga-network-stack/hls/toe/port_table/port_table.cpp:132]   --->   Operation 38 'getelementptr' 'freePortTable_addr_2' <Predicate = (!tmp_i & !tmp_i_263)> <Delay = 0.00>
ST_3 : Operation 39 [2/2] (1.21ns)   --->   "%freePortTable_load = load i15 %freePortTable_addr_2" [/mnt/scratch/pyuvaraj/Vitis_RoCE_W/Vitis_RoCE/fpga-network-stack/hls/toe/port_table/port_table.cpp:132]   --->   Operation 39 'load' 'freePortTable_load' <Predicate = (!tmp_i & !tmp_i_263)> <Delay = 1.21> <CoreInst = "RAM_T2P_BRAM">   --->   Core 99 'RAM_T2P_BRAM' <Latency = 1> <II = 1> <Delay = 1.21> <Storage> <Opcode : 'load' 'store'> <Ports = 2> <Width = 1> <Depth = 32768> <RAM>
ST_3 : Operation 40 [1/1] (0.00ns)   --->   "%zext_ln587 = zext i15 %tmp_V"   --->   Operation 40 'zext' 'zext_ln587' <Predicate = (!tmp_i & tmp_i_263)> <Delay = 0.00>
ST_3 : Operation 41 [1/1] (0.00ns)   --->   "%freePortTable_addr_1 = getelementptr i1 %freePortTable, i64 0, i64 %zext_ln587" [/mnt/scratch/pyuvaraj/Vitis_RoCE_W/Vitis_RoCE/fpga-network-stack/hls/toe/port_table/port_table.cpp:128]   --->   Operation 41 'getelementptr' 'freePortTable_addr_1' <Predicate = (!tmp_i & tmp_i_263)> <Delay = 0.00>
ST_3 : Operation 42 [2/2] (1.21ns)   --->   "%freePortTable_load_1 = load i15 %freePortTable_addr_1" [/tools/Xilinx/Vitis_HLS/2022.1/common/technology/autopilot/hls_stream_39.h:174]   --->   Operation 42 'load' 'freePortTable_load_1' <Predicate = (!tmp_i & tmp_i_263)> <Delay = 1.21> <CoreInst = "RAM_T2P_BRAM">   --->   Core 99 'RAM_T2P_BRAM' <Latency = 1> <II = 1> <Delay = 1.21> <Storage> <Opcode : 'load' 'store'> <Ports = 2> <Width = 1> <Depth = 32768> <RAM>
ST_3 : Operation 43 [1/1] (0.00ns)   --->   "%zext_ln714 = zext i15 %trunc_ln714"   --->   Operation 43 'zext' 'zext_ln714' <Predicate = (tmp_i & tmp)> <Delay = 0.00>
ST_3 : Operation 44 [1/1] (0.00ns)   --->   "%freePortTable_addr = getelementptr i1 %freePortTable, i64 0, i64 %zext_ln714" [/mnt/scratch/pyuvaraj/Vitis_RoCE_W/Vitis_RoCE/fpga-network-stack/hls/toe/port_table/port_table.cpp:123]   --->   Operation 44 'getelementptr' 'freePortTable_addr' <Predicate = (tmp_i & tmp)> <Delay = 0.00>
ST_3 : Operation 45 [1/1] (1.21ns)   --->   "%store_ln123 = store i1 0, i15 %freePortTable_addr" [/mnt/scratch/pyuvaraj/Vitis_RoCE_W/Vitis_RoCE/fpga-network-stack/hls/toe/port_table/port_table.cpp:123]   --->   Operation 45 'store' 'store_ln123' <Predicate = (tmp_i & tmp)> <Delay = 1.21> <CoreInst = "RAM_T2P_BRAM">   --->   Core 99 'RAM_T2P_BRAM' <Latency = 1> <II = 1> <Delay = 1.21> <Storage> <Opcode : 'load' 'store'> <Ports = 2> <Width = 1> <Depth = 32768> <RAM>
ST_3 : Operation 46 [1/1] (0.00ns)   --->   "%br_ln124 = br void %if.end.i" [/mnt/scratch/pyuvaraj/Vitis_RoCE_W/Vitis_RoCE/fpga-network-stack/hls/toe/port_table/port_table.cpp:124]   --->   Operation 46 'br' 'br_ln124' <Predicate = (tmp_i & tmp)> <Delay = 0.00>
ST_3 : Operation 47 [1/1] (0.77ns)   --->   "%add_ln886 = add i15 %pt_cursor_load, i15 1"   --->   Operation 47 'add' 'add_ln886' <Predicate = true> <Delay = 0.77> <CoreInst = "Adder">   --->   Core 1 'Adder' <Latency = 0> <II = 1> <Delay = 0.77> <FuncUnit> <Opcode : 'add' 'sub'> <InPorts = 2> <OutPorts = 1>
ST_3 : Operation 48 [1/1] (0.00ns)   --->   "%store_ln886 = store i15 %add_ln886, i15 %pt_cursor"   --->   Operation 48 'store' 'store_ln886' <Predicate = true> <Delay = 0.00>

State 4 <SV = 3> <Delay = 1.21>
ST_4 : Operation 49 [1/2] (1.21ns)   --->   "%freePortTable_load = load i15 %freePortTable_addr_2" [/mnt/scratch/pyuvaraj/Vitis_RoCE_W/Vitis_RoCE/fpga-network-stack/hls/toe/port_table/port_table.cpp:132]   --->   Operation 49 'load' 'freePortTable_load' <Predicate = (!tmp_i & !tmp_i_263)> <Delay = 1.21> <CoreInst = "RAM_T2P_BRAM">   --->   Core 99 'RAM_T2P_BRAM' <Latency = 1> <II = 1> <Delay = 1.21> <Storage> <Opcode : 'load' 'store'> <Ports = 2> <Width = 1> <Depth = 32768> <RAM>
ST_4 : Operation 50 [1/1] (0.00ns)   --->   "%br_ln132 = br i1 %freePortTable_load, void %land.lhs.true.i, void %if.end20.i" [/mnt/scratch/pyuvaraj/Vitis_RoCE_W/Vitis_RoCE/fpga-network-stack/hls/toe/port_table/port_table.cpp:132]   --->   Operation 50 'br' 'br_ln132' <Predicate = (!tmp_i & !tmp_i_263)> <Delay = 0.00>
ST_4 : Operation 51 [1/2] (1.21ns)   --->   "%freePortTable_load_1 = load i15 %freePortTable_addr_1" [/tools/Xilinx/Vitis_HLS/2022.1/common/technology/autopilot/hls_stream_39.h:174]   --->   Operation 51 'load' 'freePortTable_load_1' <Predicate = (!tmp_i & tmp_i_263)> <Delay = 1.21> <CoreInst = "RAM_T2P_BRAM">   --->   Core 99 'RAM_T2P_BRAM' <Latency = 1> <II = 1> <Delay = 1.21> <Storage> <Opcode : 'load' 'store'> <Ports = 2> <Width = 1> <Depth = 32768> <RAM>

State 5 <SV = 4> <Delay = 1.21>
ST_5 : Operation 52 [1/1] (0.00ns)   --->   "%tmp_514_i = nbwritereq i1 @_ssdm_op_NbWriteReq.ap_fifo.i16P0A, i16 %portTable2txApp_port_rsp, i32 1" [/tools/Xilinx/Vitis_HLS/2022.1/common/technology/autopilot/hls_stream_39.h:140]   --->   Operation 52 'nbwritereq' 'tmp_514_i' <Predicate = (!tmp_i & !tmp_i_263 & !freePortTable_load)> <Delay = 0.00> <CoreInst = "FIFO_SRL">   --->   Core 81 'FIFO_SRL' <Latency = 0> <II = 1> <Delay = 1.33> <Storage> <Opcode : 'read' 'write' 'nbread' 'nbwrite'> <Ports = 0> <Width = 16> <Depth = 4> <FIFO>
ST_5 : Operation 53 [1/1] (0.00ns)   --->   "%br_ln132 = br i1 %tmp_514_i, void %if.end20.i, void %if.then13.i" [/mnt/scratch/pyuvaraj/Vitis_RoCE_W/Vitis_RoCE/fpga-network-stack/hls/toe/port_table/port_table.cpp:132]   --->   Operation 53 'br' 'br_ln132' <Predicate = (!tmp_i & !tmp_i_263 & !freePortTable_load)> <Delay = 0.00>
ST_5 : Operation 54 [1/1] (0.00ns)   --->   "%p_Result_s = bitconcatenate i16 @_ssdm_op_BitConcatenate.i16.i1.i15, i1 1, i15 %pt_cursor_load"   --->   Operation 54 'bitconcatenate' 'p_Result_s' <Predicate = (!tmp_i & !tmp_i_263 & !freePortTable_load & tmp_514_i)> <Delay = 0.00>
ST_5 : Operation 55 [1/1] (1.21ns)   --->   "%store_ln136 = store i1 1, i15 %freePortTable_addr_2" [/mnt/scratch/pyuvaraj/Vitis_RoCE_W/Vitis_RoCE/fpga-network-stack/hls/toe/port_table/port_table.cpp:136]   --->   Operation 55 'store' 'store_ln136' <Predicate = (!tmp_i & !tmp_i_263 & !freePortTable_load & tmp_514_i)> <Delay = 1.21> <CoreInst = "RAM_T2P_BRAM">   --->   Core 99 'RAM_T2P_BRAM' <Latency = 1> <II = 1> <Delay = 1.21> <Storage> <Opcode : 'load' 'store'> <Ports = 2> <Width = 1> <Depth = 32768> <RAM>
ST_5 : Operation 56 [1/1] (1.16ns)   --->   "%write_ln174 = write void @_ssdm_op_Write.ap_fifo.volatile.i16P0A, i16 %portTable2txApp_port_rsp, i16 %p_Result_s" [/tools/Xilinx/Vitis_HLS/2022.1/common/technology/autopilot/hls_stream_39.h:174]   --->   Operation 56 'write' 'write_ln174' <Predicate = (!tmp_i & !tmp_i_263 & !freePortTable_load & tmp_514_i)> <Delay = 1.16> <CoreInst = "FIFO_SRL">   --->   Core 81 'FIFO_SRL' <Latency = 0> <II = 1> <Delay = 1.33> <Storage> <Opcode : 'read' 'write' 'nbread' 'nbwrite'> <Ports = 0> <Width = 16> <Depth = 4> <FIFO>
ST_5 : Operation 57 [1/1] (0.00ns)   --->   "%br_ln138 = br void %if.end20.i" [/mnt/scratch/pyuvaraj/Vitis_RoCE_W/Vitis_RoCE/fpga-network-stack/hls/toe/port_table/port_table.cpp:138]   --->   Operation 57 'br' 'br_ln138' <Predicate = (!tmp_i & !tmp_i_263 & !freePortTable_load & tmp_514_i)> <Delay = 0.00>
ST_5 : Operation 58 [1/1] (1.16ns)   --->   "%write_ln174 = write void @_ssdm_op_Write.ap_fifo.volatile.i1P0A, i1 %pt_portCheckUsed_rsp_fifo, i1 %freePortTable_load_1" [/tools/Xilinx/Vitis_HLS/2022.1/common/technology/autopilot/hls_stream_39.h:174]   --->   Operation 58 'write' 'write_ln174' <Predicate = (!tmp_i & tmp_i_263)> <Delay = 1.16> <CoreInst = "FIFO_SRL">   --->   Core 81 'FIFO_SRL' <Latency = 0> <II = 1> <Delay = 1.42> <Storage> <Opcode : 'read' 'write' 'nbread' 'nbwrite'> <Ports = 0> <Width = 1> <Depth = 2> <FIFO>
ST_5 : Operation 59 [1/1] (0.00ns)   --->   "%br_ln129 = br void %if.end21.i" [/mnt/scratch/pyuvaraj/Vitis_RoCE_W/Vitis_RoCE/fpga-network-stack/hls/toe/port_table/port_table.cpp:129]   --->   Operation 59 'br' 'br_ln129' <Predicate = (!tmp_i & tmp_i_263)> <Delay = 0.00>
ST_5 : Operation 60 [1/1] (0.00ns)   --->   "%ret_ln0 = ret"   --->   Operation 60 'ret' 'ret_ln0' <Predicate = true> <Delay = 0.00>


============================================================
+ Verbose Summary: Binding
============================================================
STG Binding: 
---------------- STG Properties BEGIN ----------------
- Is combinational: 0
- Is one-state seq: 0
- Is datapath-only: 0
- Is pipelined: 1
- Is top level: 0
Port [ Return ] is wired: 1; IO mode=ap_ctrl_hs:ce=0
Port [ sLookup2portTable_releasePort]:  wired=1; compound=1; hidden=0; nouse=0; global=1; static=1; extern=0; dir=0; type=3; pingpong=0; private_global=0; IO mode=ap_fifo:ce=0
Port [ pt_cursor]:  wired=0; compound=0; hidden=1; nouse=0; global=1; static=1; extern=0; dir=2; type=0; pingpong=0; private_global=1; IO mode=ap_ovld:ce=0
Port [ freePortTable]:  wired=0; compound=1; hidden=1; nouse=0; global=1; static=1; extern=0; dir=2; type=1; pingpong=0; private_global=1; MemPort=[02]; IO mode=ap_memory:ce=0
Port [ pt_portCheckUsed_req_fifo]:  wired=1; compound=1; hidden=0; nouse=0; global=1; static=1; extern=0; dir=0; type=3; pingpong=0; private_global=0; IO mode=ap_fifo:ce=0
Port [ pt_portCheckUsed_rsp_fifo]:  wired=1; compound=1; hidden=0; nouse=0; global=1; static=1; extern=0; dir=1; type=3; pingpong=0; private_global=0; IO mode=ap_fifo:ce=0
Port [ portTable2txApp_port_rsp]:  wired=1; compound=1; hidden=0; nouse=0; global=1; static=1; extern=0; dir=1; type=3; pingpong=0; private_global=0; IO mode=ap_fifo:ce=0
---------------- STG Properties END ------------------

---------------- Datapath Model BEGIN ----------------

<LifeTime>
<method=bitvector/>
tmp_i                (nbreadreq     ) [ 011111]
br_ln118             (br            ) [ 000000]
br_ln0               (br            ) [ 000000]
currPort_V           (read          ) [ 000000]
tmp                  (bitselect     ) [ 011100]
br_ln121             (br            ) [ 000000]
trunc_ln714          (trunc         ) [ 011100]
br_ln125             (br            ) [ 000000]
tmp_i_263            (nbreadreq     ) [ 011111]
br_ln126             (br            ) [ 000000]
br_ln0               (br            ) [ 000000]
tmp_V                (read          ) [ 010100]
specinterface_ln0    (specinterface ) [ 000000]
specinterface_ln0    (specinterface ) [ 000000]
specinterface_ln0    (specinterface ) [ 000000]
specinterface_ln0    (specinterface ) [ 000000]
specinterface_ln0    (specinterface ) [ 000000]
specinterface_ln0    (specinterface ) [ 000000]
specinterface_ln0    (specinterface ) [ 000000]
specinterface_ln0    (specinterface ) [ 000000]
specinterface_ln0    (specinterface ) [ 000000]
specinterface_ln0    (specinterface ) [ 000000]
specinterface_ln0    (specinterface ) [ 000000]
specinterface_ln0    (specinterface ) [ 000000]
specinterface_ln0    (specinterface ) [ 000000]
specinterface_ln0    (specinterface ) [ 000000]
specinterface_ln0    (specinterface ) [ 000000]
specinterface_ln0    (specinterface ) [ 000000]
specpipeline_ln95    (specpipeline  ) [ 000000]
specmemcore_ln105    (specmemcore   ) [ 000000]
pt_cursor_load       (load          ) [ 010011]
zext_ln587_18        (zext          ) [ 000000]
freePortTable_addr_2 (getelementptr ) [ 010011]
zext_ln587           (zext          ) [ 000000]
freePortTable_addr_1 (getelementptr ) [ 010010]
zext_ln714           (zext          ) [ 000000]
freePortTable_addr   (getelementptr ) [ 000000]
store_ln123          (store         ) [ 000000]
br_ln124             (br            ) [ 000000]
add_ln886            (add           ) [ 000000]
store_ln886          (store         ) [ 000000]
freePortTable_load   (load          ) [ 010001]
br_ln132             (br            ) [ 000000]
freePortTable_load_1 (load          ) [ 010001]
tmp_514_i            (nbwritereq    ) [ 010001]
br_ln132             (br            ) [ 000000]
p_Result_s           (bitconcatenate) [ 000000]
store_ln136          (store         ) [ 000000]
write_ln174          (write         ) [ 000000]
br_ln138             (br            ) [ 000000]
write_ln174          (write         ) [ 000000]
br_ln129             (br            ) [ 000000]
ret_ln0              (ret           ) [ 000000]
</LifeTime>

<model>

<comp_list>
<comp id="0" class="1000" name="sLookup2portTable_releasePort">
<pin_list>
<pin id="1" dir="1" index="0" bw="1" slack="0"/>
</pin_list>
<bind>
<StgValue><ssdm name="sLookup2portTable_releasePort"/></StgValue>
</bind>
</comp>

<comp id="2" class="1000" name="pt_cursor">
<pin_list>
<pin id="3" dir="1" index="0" bw="1" slack="0"/>
</pin_list>
<bind>
<StgValue><ssdm name="pt_cursor"/></StgValue>
</bind>
</comp>

<comp id="4" class="1000" name="freePortTable">
<pin_list>
<pin id="5" dir="1" index="0" bw="1" slack="0"/>
</pin_list>
<bind>
<StgValue><ssdm name="freePortTable"/><MemPortTyVec>0 2 </MemPortTyVec>
</StgValue>
</bind>
</comp>

<comp id="6" class="1000" name="pt_portCheckUsed_req_fifo">
<pin_list>
<pin id="7" dir="1" index="0" bw="1" slack="0"/>
</pin_list>
<bind>
<StgValue><ssdm name="pt_portCheckUsed_req_fifo"/></StgValue>
</bind>
</comp>

<comp id="8" class="1000" name="pt_portCheckUsed_rsp_fifo">
<pin_list>
<pin id="9" dir="1" index="0" bw="1" slack="0"/>
</pin_list>
<bind>
<StgValue><ssdm name="pt_portCheckUsed_rsp_fifo"/></StgValue>
</bind>
</comp>

<comp id="10" class="1000" name="portTable2txApp_port_rsp">
<pin_list>
<pin id="11" dir="1" index="0" bw="1" slack="0"/>
</pin_list>
<bind>
<StgValue><ssdm name="portTable2txApp_port_rsp"/></StgValue>
</bind>
</comp>

<comp id="12" class="1001" name="const_12">
<pin_list>
<pin id="13" dir="1" index="0" bw="1" slack="0"/>
</pin_list>
<bind>
<StgValue><ssdm name="_ssdm_op_NbReadReq.ap_fifo.i16P0A"/></StgValue>
</bind>
</comp>

<comp id="14" class="1001" name="const_14">
<pin_list>
<pin id="15" dir="1" index="0" bw="1" slack="0"/>
</pin_list>
<bind>
<StgValue><ssdm name=""/></StgValue>
</bind>
</comp>

<comp id="16" class="1001" name="const_16">
<pin_list>
<pin id="17" dir="1" index="0" bw="1" slack="0"/>
</pin_list>
<bind>
<StgValue><ssdm name="_ssdm_op_Read.ap_fifo.volatile.i16P0A"/></StgValue>
</bind>
</comp>

<comp id="18" class="1001" name="const_18">
<pin_list>
<pin id="19" dir="1" index="0" bw="1" slack="0"/>
</pin_list>
<bind>
<StgValue><ssdm name="_ssdm_op_BitSelect.i1.i16.i32"/></StgValue>
</bind>
</comp>

<comp id="20" class="1001" name="const_20">
<pin_list>
<pin id="21" dir="1" index="0" bw="1" slack="0"/>
</pin_list>
<bind>
<StgValue><ssdm name=""/></StgValue>
</bind>
</comp>

<comp id="22" class="1001" name="const_22">
<pin_list>
<pin id="23" dir="1" index="0" bw="1" slack="0"/>
</pin_list>
<bind>
<StgValue><ssdm name="_ssdm_op_NbReadReq.ap_fifo.i15P0A"/></StgValue>
</bind>
</comp>

<comp id="24" class="1001" name="const_24">
<pin_list>
<pin id="25" dir="1" index="0" bw="1" slack="0"/>
</pin_list>
<bind>
<StgValue><ssdm name="_ssdm_op_Read.ap_fifo.volatile.i15P0A"/></StgValue>
</bind>
</comp>

<comp id="26" class="1001" name="const_26">
<pin_list>
<pin id="27" dir="1" index="0" bw="1" slack="2147483647"/>
</pin_list>
<bind>
<StgValue><ssdm name="_ssdm_op_SpecInterface"/></StgValue>
</bind>
</comp>

<comp id="28" class="1001" name="const_28">
<pin_list>
<pin id="29" dir="1" index="0" bw="1" slack="2147483647"/>
</pin_list>
<bind>
<StgValue><ssdm name="empty"/></StgValue>
</bind>
</comp>

<comp id="30" class="1001" name="const_30">
<pin_list>
<pin id="31" dir="1" index="0" bw="1" slack="2147483647"/>
</pin_list>
<bind>
<StgValue><ssdm name=""/></StgValue>
</bind>
</comp>

<comp id="32" class="1001" name="const_32">
<pin_list>
<pin id="33" dir="1" index="0" bw="1" slack="2147483647"/>
</pin_list>
<bind>
<StgValue><ssdm name="empty_1"/></StgValue>
</bind>
</comp>

<comp id="34" class="1001" name="const_34">
<pin_list>
<pin id="35" dir="1" index="0" bw="1" slack="2147483647"/>
</pin_list>
<bind>
<StgValue><ssdm name=""/></StgValue>
</bind>
</comp>

<comp id="36" class="1001" name="const_36">
<pin_list>
<pin id="37" dir="1" index="0" bw="1" slack="2147483647"/>
</pin_list>
<bind>
<StgValue><ssdm name="_ssdm_op_SpecPipeline"/></StgValue>
</bind>
</comp>

<comp id="38" class="1001" name="const_38">
<pin_list>
<pin id="39" dir="1" index="0" bw="1" slack="2147483647"/>
</pin_list>
<bind>
<StgValue><ssdm name="_ssdm_op_SpecMemCore"/></StgValue>
</bind>
</comp>

<comp id="40" class="1001" name="const_40">
<pin_list>
<pin id="41" dir="1" index="0" bw="1" slack="2147483647"/>
</pin_list>
<bind>
<StgValue><ssdm name=""/></StgValue>
</bind>
</comp>

<comp id="42" class="1001" name="const_42">
<pin_list>
<pin id="43" dir="1" index="0" bw="1" slack="2147483647"/>
</pin_list>
<bind>
<StgValue><ssdm name=""/></StgValue>
</bind>
</comp>

<comp id="44" class="1001" name="const_44">
<pin_list>
<pin id="45" dir="1" index="0" bw="1" slack="2147483647"/>
</pin_list>
<bind>
<StgValue><ssdm name=""/></StgValue>
</bind>
</comp>

<comp id="46" class="1001" name="const_46">
<pin_list>
<pin id="47" dir="1" index="0" bw="1" slack="0"/>
</pin_list>
<bind>
<StgValue><ssdm name=""/></StgValue>
</bind>
</comp>

<comp id="48" class="1001" name="const_48">
<pin_list>
<pin id="49" dir="1" index="0" bw="1" slack="0"/>
</pin_list>
<bind>
<StgValue><ssdm name=""/></StgValue>
</bind>
</comp>

<comp id="50" class="1001" name="const_50">
<pin_list>
<pin id="51" dir="1" index="0" bw="1" slack="0"/>
</pin_list>
<bind>
<StgValue><ssdm name=""/></StgValue>
</bind>
</comp>

<comp id="52" class="1001" name="const_52">
<pin_list>
<pin id="53" dir="1" index="0" bw="1" slack="0"/>
</pin_list>
<bind>
<StgValue><ssdm name="_ssdm_op_NbWriteReq.ap_fifo.i16P0A"/></StgValue>
</bind>
</comp>

<comp id="54" class="1001" name="const_54">
<pin_list>
<pin id="55" dir="1" index="0" bw="1" slack="0"/>
</pin_list>
<bind>
<StgValue><ssdm name="_ssdm_op_BitConcatenate.i16.i1.i15"/></StgValue>
</bind>
</comp>

<comp id="56" class="1001" name="const_56">
<pin_list>
<pin id="57" dir="1" index="0" bw="1" slack="0"/>
</pin_list>
<bind>
<StgValue><ssdm name=""/></StgValue>
</bind>
</comp>

<comp id="58" class="1001" name="const_58">
<pin_list>
<pin id="59" dir="1" index="0" bw="1" slack="0"/>
</pin_list>
<bind>
<StgValue><ssdm name="_ssdm_op_Write.ap_fifo.volatile.i16P0A"/></StgValue>
</bind>
</comp>

<comp id="60" class="1001" name="const_60">
<pin_list>
<pin id="61" dir="1" index="0" bw="1" slack="0"/>
</pin_list>
<bind>
<StgValue><ssdm name="_ssdm_op_Write.ap_fifo.volatile.i1P0A"/></StgValue>
</bind>
</comp>

<comp id="62" class="1004" name="tmp_i_nbreadreq_fu_62">
<pin_list>
<pin id="63" dir="0" index="0" bw="1" slack="0"/>
<pin id="64" dir="0" index="1" bw="16" slack="0"/>
<pin id="65" dir="0" index="2" bw="1" slack="0"/>
<pin id="66" dir="1" index="3" bw="1" slack="1"/>
</pin_list>
<bind>
<opcode="nbreadreq(1156) " fcode="nbreadreq"/>
<opset="tmp_i/1 "/>
</bind>
</comp>

<comp id="70" class="1004" name="currPort_V_read_fu_70">
<pin_list>
<pin id="71" dir="0" index="0" bw="16" slack="0"/>
<pin id="72" dir="0" index="1" bw="16" slack="0"/>
<pin id="73" dir="1" index="2" bw="16" slack="0"/>
</pin_list>
<bind>
<opcode="read(1150) " fcode="read"/>
<opset="currPort_V/1 "/>
</bind>
</comp>

<comp id="76" class="1004" name="tmp_i_263_nbreadreq_fu_76">
<pin_list>
<pin id="77" dir="0" index="0" bw="1" slack="0"/>
<pin id="78" dir="0" index="1" bw="15" slack="0"/>
<pin id="79" dir="0" index="2" bw="1" slack="0"/>
<pin id="80" dir="1" index="3" bw="1" slack="1"/>
</pin_list>
<bind>
<opcode="nbreadreq(1156) " fcode="nbreadreq"/>
<opset="tmp_i_263/2 "/>
</bind>
</comp>

<comp id="84" class="1004" name="tmp_V_read_fu_84">
<pin_list>
<pin id="85" dir="0" index="0" bw="15" slack="0"/>
<pin id="86" dir="0" index="1" bw="15" slack="0"/>
<pin id="87" dir="1" index="2" bw="15" slack="1"/>
</pin_list>
<bind>
<opcode="read(1150) " fcode="read"/>
<opset="tmp_V/2 "/>
</bind>
</comp>

<comp id="90" class="1004" name="tmp_514_i_nbwritereq_fu_90">
<pin_list>
<pin id="91" dir="0" index="0" bw="1" slack="0"/>
<pin id="92" dir="0" index="1" bw="16" slack="0"/>
<pin id="93" dir="0" index="2" bw="1" slack="0"/>
<pin id="94" dir="1" index="3" bw="1" slack="2147483647"/>
</pin_list>
<bind>
<opcode="nbwritereq(1157) " fcode="nbwritereq"/>
<opset="tmp_514_i/5 "/>
</bind>
</comp>

<comp id="98" class="1004" name="write_ln174_write_fu_98">
<pin_list>
<pin id="99" dir="0" index="0" bw="0" slack="0"/>
<pin id="100" dir="0" index="1" bw="16" slack="0"/>
<pin id="101" dir="0" index="2" bw="16" slack="0"/>
<pin id="102" dir="1" index="3" bw="0" slack="2147483647"/>
</pin_list>
<bind>
<opcode="write(1151) " fcode="write"/>
<opset="write_ln174/5 "/>
</bind>
</comp>

<comp id="105" class="1004" name="write_ln174_write_fu_105">
<pin_list>
<pin id="106" dir="0" index="0" bw="0" slack="0"/>
<pin id="107" dir="0" index="1" bw="1" slack="0"/>
<pin id="108" dir="0" index="2" bw="1" slack="1"/>
<pin id="109" dir="1" index="3" bw="0" slack="2147483647"/>
</pin_list>
<bind>
<opcode="write(1151) " fcode="write"/>
<opset="write_ln174/5 "/>
</bind>
</comp>

<comp id="112" class="1004" name="freePortTable_addr_2_gep_fu_112">
<pin_list>
<pin id="113" dir="0" index="0" bw="1" slack="0"/>
<pin id="114" dir="0" index="1" bw="1" slack="0"/>
<pin id="115" dir="0" index="2" bw="15" slack="0"/>
<pin id="116" dir="1" index="3" bw="15" slack="0"/>
</pin_list>
<bind>
<opcode="getelementptr(29) " fcode="getelementptr"/>
<opset="freePortTable_addr_2/3 "/>
</bind>
</comp>

<comp id="119" class="1004" name="grp_access_fu_119">
<pin_list>
<pin id="120" dir="0" index="0" bw="15" slack="2"/>
<pin id="121" dir="0" index="1" bw="1" slack="0"/>
<pin id="122" dir="0" index="2" bw="0" slack="0"/>
<pin id="124" dir="0" index="4" bw="15" slack="0"/>
<pin id="125" dir="0" index="5" bw="1" slack="2147483647"/>
<pin id="126" dir="0" index="6" bw="0" slack="2147483647"/>
<pin id="123" dir="1" index="3" bw="1" slack="2147483647"/>
<pin id="127" dir="1" index="7" bw="1" slack="1"/>
</pin_list>
<bind>
<opcode="load(27) store(28) " fcode="store"/>
<opset="freePortTable_load/3 freePortTable_load_1/3 store_ln123/3 store_ln136/5 "/>
</bind>
</comp>

<comp id="129" class="1004" name="freePortTable_addr_1_gep_fu_129">
<pin_list>
<pin id="130" dir="0" index="0" bw="1" slack="0"/>
<pin id="131" dir="0" index="1" bw="1" slack="0"/>
<pin id="132" dir="0" index="2" bw="15" slack="0"/>
<pin id="133" dir="1" index="3" bw="15" slack="0"/>
</pin_list>
<bind>
<opcode="getelementptr(29) " fcode="getelementptr"/>
<opset="freePortTable_addr_1/3 "/>
</bind>
</comp>

<comp id="137" class="1004" name="freePortTable_addr_gep_fu_137">
<pin_list>
<pin id="138" dir="0" index="0" bw="1" slack="0"/>
<pin id="139" dir="0" index="1" bw="1" slack="0"/>
<pin id="140" dir="0" index="2" bw="15" slack="0"/>
<pin id="141" dir="1" index="3" bw="15" slack="0"/>
</pin_list>
<bind>
<opcode="getelementptr(29) " fcode="getelementptr"/>
<opset="freePortTable_addr/3 "/>
</bind>
</comp>

<comp id="147" class="1004" name="tmp_fu_147">
<pin_list>
<pin id="148" dir="0" index="0" bw="1" slack="0"/>
<pin id="149" dir="0" index="1" bw="16" slack="0"/>
<pin id="150" dir="0" index="2" bw="5" slack="0"/>
<pin id="151" dir="1" index="3" bw="1" slack="2"/>
</pin_list>
<bind>
<opcode="bitselect(1000) " fcode="bitselect"/>
<opset="tmp/1 "/>
</bind>
</comp>

<comp id="155" class="1004" name="trunc_ln714_fu_155">
<pin_list>
<pin id="156" dir="0" index="0" bw="16" slack="0"/>
<pin id="157" dir="1" index="1" bw="15" slack="2"/>
</pin_list>
<bind>
<opcode="trunc(33) " fcode="trunc"/>
<opset="trunc_ln714/1 "/>
</bind>
</comp>

<comp id="159" class="1004" name="pt_cursor_load_load_fu_159">
<pin_list>
<pin id="160" dir="0" index="0" bw="15" slack="0"/>
<pin id="161" dir="1" index="1" bw="15" slack="0"/>
</pin_list>
<bind>
<opcode="load(27) " fcode="load"/>
<opset="pt_cursor_load/3 "/>
</bind>
</comp>

<comp id="163" class="1004" name="zext_ln587_18_fu_163">
<pin_list>
<pin id="164" dir="0" index="0" bw="15" slack="0"/>
<pin id="165" dir="1" index="1" bw="64" slack="0"/>
</pin_list>
<bind>
<opcode="zext(34) " fcode="zext"/>
<opset="zext_ln587_18/3 "/>
</bind>
</comp>

<comp id="168" class="1004" name="zext_ln587_fu_168">
<pin_list>
<pin id="169" dir="0" index="0" bw="15" slack="1"/>
<pin id="170" dir="1" index="1" bw="64" slack="0"/>
</pin_list>
<bind>
<opcode="zext(34) " fcode="zext"/>
<opset="zext_ln587/3 "/>
</bind>
</comp>

<comp id="172" class="1004" name="zext_ln714_fu_172">
<pin_list>
<pin id="173" dir="0" index="0" bw="15" slack="2"/>
<pin id="174" dir="1" index="1" bw="64" slack="0"/>
</pin_list>
<bind>
<opcode="zext(34) " fcode="zext"/>
<opset="zext_ln714/3 "/>
</bind>
</comp>

<comp id="176" class="1004" name="add_ln886_fu_176">
<pin_list>
<pin id="177" dir="0" index="0" bw="15" slack="0"/>
<pin id="178" dir="0" index="1" bw="1" slack="0"/>
<pin id="179" dir="1" index="2" bw="15" slack="0"/>
</pin_list>
<bind>
<opcode="add(8) " fcode="add"/>
<opset="add_ln886/3 "/>
</bind>
</comp>

<comp id="182" class="1004" name="store_ln886_store_fu_182">
<pin_list>
<pin id="183" dir="0" index="0" bw="15" slack="0"/>
<pin id="184" dir="0" index="1" bw="15" slack="0"/>
<pin id="185" dir="1" index="2" bw="0" slack="2147483647"/>
</pin_list>
<bind>
<opcode="store(28) " fcode="store"/>
<opset="store_ln886/3 "/>
</bind>
</comp>

<comp id="188" class="1004" name="p_Result_s_fu_188">
<pin_list>
<pin id="189" dir="0" index="0" bw="16" slack="0"/>
<pin id="190" dir="0" index="1" bw="1" slack="0"/>
<pin id="191" dir="0" index="2" bw="15" slack="2"/>
<pin id="192" dir="1" index="3" bw="16" slack="0"/>
</pin_list>
<bind>
<opcode="bitconcatenate(1004) " fcode="bitconcatenate"/>
<opset="p_Result_s/5 "/>
</bind>
</comp>

<comp id="196" class="1005" name="tmp_i_reg_196">
<pin_list>
<pin id="197" dir="0" index="0" bw="1" slack="1"/>
<pin id="198" dir="1" index="1" bw="1" slack="2147483647"/>
</pin_list>
<bind>
<opset="tmp_i "/>
</bind>
</comp>

<comp id="200" class="1005" name="tmp_reg_200">
<pin_list>
<pin id="201" dir="0" index="0" bw="1" slack="2"/>
<pin id="202" dir="1" index="1" bw="1" slack="2147483647"/>
</pin_list>
<bind>
<opset="tmp "/>
</bind>
</comp>

<comp id="204" class="1005" name="trunc_ln714_reg_204">
<pin_list>
<pin id="205" dir="0" index="0" bw="15" slack="2"/>
<pin id="206" dir="1" index="1" bw="15" slack="2"/>
</pin_list>
<bind>
<opset="trunc_ln714 "/>
</bind>
</comp>

<comp id="209" class="1005" name="tmp_i_263_reg_209">
<pin_list>
<pin id="210" dir="0" index="0" bw="1" slack="1"/>
<pin id="211" dir="1" index="1" bw="1" slack="2147483647"/>
</pin_list>
<bind>
<opset="tmp_i_263 "/>
</bind>
</comp>

<comp id="213" class="1005" name="tmp_V_reg_213">
<pin_list>
<pin id="214" dir="0" index="0" bw="15" slack="1"/>
<pin id="215" dir="1" index="1" bw="15" slack="1"/>
</pin_list>
<bind>
<opset="tmp_V "/>
</bind>
</comp>

<comp id="218" class="1005" name="pt_cursor_load_reg_218">
<pin_list>
<pin id="219" dir="0" index="0" bw="15" slack="2"/>
<pin id="220" dir="1" index="1" bw="15" slack="2"/>
</pin_list>
<bind>
<opset="pt_cursor_load "/>
</bind>
</comp>

<comp id="223" class="1005" name="freePortTable_addr_2_reg_223">
<pin_list>
<pin id="224" dir="0" index="0" bw="15" slack="1"/>
<pin id="225" dir="1" index="1" bw="15" slack="1"/>
</pin_list>
<bind>
<opset="freePortTable_addr_2 "/>
</bind>
</comp>

<comp id="229" class="1005" name="freePortTable_addr_1_reg_229">
<pin_list>
<pin id="230" dir="0" index="0" bw="15" slack="1"/>
<pin id="231" dir="1" index="1" bw="15" slack="1"/>
</pin_list>
<bind>
<opset="freePortTable_addr_1 "/>
</bind>
</comp>

<comp id="234" class="1005" name="freePortTable_load_reg_234">
<pin_list>
<pin id="235" dir="0" index="0" bw="1" slack="1"/>
<pin id="236" dir="1" index="1" bw="1" slack="2147483647"/>
</pin_list>
<bind>
<opset="freePortTable_load "/>
</bind>
</comp>

<comp id="238" class="1005" name="freePortTable_load_1_reg_238">
<pin_list>
<pin id="239" dir="0" index="0" bw="1" slack="1"/>
<pin id="240" dir="1" index="1" bw="1" slack="1"/>
</pin_list>
<bind>
<opset="freePortTable_load_1 "/>
</bind>
</comp>

</comp_list>

<net_list>
<net id="67"><net_src comp="12" pin="0"/><net_sink comp="62" pin=0"/></net>

<net id="68"><net_src comp="0" pin="0"/><net_sink comp="62" pin=1"/></net>

<net id="69"><net_src comp="14" pin="0"/><net_sink comp="62" pin=2"/></net>

<net id="74"><net_src comp="16" pin="0"/><net_sink comp="70" pin=0"/></net>

<net id="75"><net_src comp="0" pin="0"/><net_sink comp="70" pin=1"/></net>

<net id="81"><net_src comp="22" pin="0"/><net_sink comp="76" pin=0"/></net>

<net id="82"><net_src comp="6" pin="0"/><net_sink comp="76" pin=1"/></net>

<net id="83"><net_src comp="14" pin="0"/><net_sink comp="76" pin=2"/></net>

<net id="88"><net_src comp="24" pin="0"/><net_sink comp="84" pin=0"/></net>

<net id="89"><net_src comp="6" pin="0"/><net_sink comp="84" pin=1"/></net>

<net id="95"><net_src comp="52" pin="0"/><net_sink comp="90" pin=0"/></net>

<net id="96"><net_src comp="10" pin="0"/><net_sink comp="90" pin=1"/></net>

<net id="97"><net_src comp="14" pin="0"/><net_sink comp="90" pin=2"/></net>

<net id="103"><net_src comp="58" pin="0"/><net_sink comp="98" pin=0"/></net>

<net id="104"><net_src comp="10" pin="0"/><net_sink comp="98" pin=1"/></net>

<net id="110"><net_src comp="60" pin="0"/><net_sink comp="105" pin=0"/></net>

<net id="111"><net_src comp="8" pin="0"/><net_sink comp="105" pin=1"/></net>

<net id="117"><net_src comp="4" pin="0"/><net_sink comp="112" pin=0"/></net>

<net id="118"><net_src comp="46" pin="0"/><net_sink comp="112" pin=1"/></net>

<net id="128"><net_src comp="112" pin="3"/><net_sink comp="119" pin=2"/></net>

<net id="134"><net_src comp="4" pin="0"/><net_sink comp="129" pin=0"/></net>

<net id="135"><net_src comp="46" pin="0"/><net_sink comp="129" pin=1"/></net>

<net id="136"><net_src comp="129" pin="3"/><net_sink comp="119" pin=2"/></net>

<net id="142"><net_src comp="4" pin="0"/><net_sink comp="137" pin=0"/></net>

<net id="143"><net_src comp="46" pin="0"/><net_sink comp="137" pin=1"/></net>

<net id="144"><net_src comp="48" pin="0"/><net_sink comp="119" pin=4"/></net>

<net id="145"><net_src comp="137" pin="3"/><net_sink comp="119" pin=2"/></net>

<net id="146"><net_src comp="56" pin="0"/><net_sink comp="119" pin=1"/></net>

<net id="152"><net_src comp="18" pin="0"/><net_sink comp="147" pin=0"/></net>

<net id="153"><net_src comp="70" pin="2"/><net_sink comp="147" pin=1"/></net>

<net id="154"><net_src comp="20" pin="0"/><net_sink comp="147" pin=2"/></net>

<net id="158"><net_src comp="70" pin="2"/><net_sink comp="155" pin=0"/></net>

<net id="162"><net_src comp="2" pin="0"/><net_sink comp="159" pin=0"/></net>

<net id="166"><net_src comp="159" pin="1"/><net_sink comp="163" pin=0"/></net>

<net id="167"><net_src comp="163" pin="1"/><net_sink comp="112" pin=2"/></net>

<net id="171"><net_src comp="168" pin="1"/><net_sink comp="129" pin=2"/></net>

<net id="175"><net_src comp="172" pin="1"/><net_sink comp="137" pin=2"/></net>

<net id="180"><net_src comp="159" pin="1"/><net_sink comp="176" pin=0"/></net>

<net id="181"><net_src comp="50" pin="0"/><net_sink comp="176" pin=1"/></net>

<net id="186"><net_src comp="176" pin="2"/><net_sink comp="182" pin=0"/></net>

<net id="187"><net_src comp="2" pin="0"/><net_sink comp="182" pin=1"/></net>

<net id="193"><net_src comp="54" pin="0"/><net_sink comp="188" pin=0"/></net>

<net id="194"><net_src comp="56" pin="0"/><net_sink comp="188" pin=1"/></net>

<net id="195"><net_src comp="188" pin="3"/><net_sink comp="98" pin=2"/></net>

<net id="199"><net_src comp="62" pin="3"/><net_sink comp="196" pin=0"/></net>

<net id="203"><net_src comp="147" pin="3"/><net_sink comp="200" pin=0"/></net>

<net id="207"><net_src comp="155" pin="1"/><net_sink comp="204" pin=0"/></net>

<net id="208"><net_src comp="204" pin="1"/><net_sink comp="172" pin=0"/></net>

<net id="212"><net_src comp="76" pin="3"/><net_sink comp="209" pin=0"/></net>

<net id="216"><net_src comp="84" pin="2"/><net_sink comp="213" pin=0"/></net>

<net id="217"><net_src comp="213" pin="1"/><net_sink comp="168" pin=0"/></net>

<net id="221"><net_src comp="159" pin="1"/><net_sink comp="218" pin=0"/></net>

<net id="222"><net_src comp="218" pin="1"/><net_sink comp="188" pin=2"/></net>

<net id="226"><net_src comp="112" pin="3"/><net_sink comp="223" pin=0"/></net>

<net id="227"><net_src comp="223" pin="1"/><net_sink comp="119" pin=2"/></net>

<net id="228"><net_src comp="223" pin="1"/><net_sink comp="119" pin=0"/></net>

<net id="232"><net_src comp="129" pin="3"/><net_sink comp="229" pin=0"/></net>

<net id="233"><net_src comp="229" pin="1"/><net_sink comp="119" pin=2"/></net>

<net id="237"><net_src comp="119" pin="7"/><net_sink comp="234" pin=0"/></net>

<net id="241"><net_src comp="119" pin="7"/><net_sink comp="238" pin=0"/></net>

<net id="242"><net_src comp="238" pin="1"/><net_sink comp="105" pin=2"/></net>

</net_list>

</model> 
---------------- Datapath Model END ------------------

* FSMD analyzer results:
  - Output states:
	Port: pt_cursor | {3 }
	Port: freePortTable | {3 5 }
	Port: pt_portCheckUsed_rsp_fifo | {5 }
	Port: portTable2txApp_port_rsp | {5 }
 - Input state : 
	Port: free_port_table : sLookup2portTable_releasePort | {1 }
	Port: free_port_table : pt_cursor | {3 }
	Port: free_port_table : freePortTable | {3 4 }
	Port: free_port_table : pt_portCheckUsed_req_fifo | {2 }
  - Chain level:
	State 1
		br_ln121 : 1
	State 2
	State 3
		zext_ln587_18 : 1
		freePortTable_addr_2 : 2
		freePortTable_load : 3
		freePortTable_addr_1 : 1
		freePortTable_load_1 : 2
		freePortTable_addr : 1
		store_ln123 : 2
		add_ln886 : 1
		store_ln886 : 2
	State 4
		br_ln132 : 1
	State 5
		write_ln174 : 1


============================================================
+ Verbose Summary: Datapath Resource usage 
============================================================

* Functional unit list:
|----------|----------------------------|---------|---------|
| Operation|       Functional Unit      |    FF   |   LUT   |
|----------|----------------------------|---------|---------|
|    add   |      add_ln886_fu_176      |    0    |    22   |
|----------|----------------------------|---------|---------|
| nbreadreq|    tmp_i_nbreadreq_fu_62   |    0    |    0    |
|          |  tmp_i_263_nbreadreq_fu_76 |    0    |    0    |
|----------|----------------------------|---------|---------|
|   read   |    currPort_V_read_fu_70   |    0    |    0    |
|          |      tmp_V_read_fu_84      |    0    |    0    |
|----------|----------------------------|---------|---------|
|nbwritereq| tmp_514_i_nbwritereq_fu_90 |    0    |    0    |
|----------|----------------------------|---------|---------|
|   write  |   write_ln174_write_fu_98  |    0    |    0    |
|          |  write_ln174_write_fu_105  |    0    |    0    |
|----------|----------------------------|---------|---------|
| bitselect|         tmp_fu_147         |    0    |    0    |
|----------|----------------------------|---------|---------|
|   trunc  |     trunc_ln714_fu_155     |    0    |    0    |
|----------|----------------------------|---------|---------|
|          |    zext_ln587_18_fu_163    |    0    |    0    |
|   zext   |      zext_ln587_fu_168     |    0    |    0    |
|          |      zext_ln714_fu_172     |    0    |    0    |
|----------|----------------------------|---------|---------|
|bitconcatenate|      p_Result_s_fu_188     |    0    |    0    |
|----------|----------------------------|---------|---------|
|   Total  |                            |    0    |    22   |
|----------|----------------------------|---------|---------|

Memories:
N/A

* Register list:
+----------------------------+--------+
|                            |   FF   |
+----------------------------+--------+
|freePortTable_addr_1_reg_229|   15   |
|freePortTable_addr_2_reg_223|   15   |
|freePortTable_load_1_reg_238|    1   |
| freePortTable_load_reg_234 |    1   |
|   pt_cursor_load_reg_218   |   15   |
|        tmp_V_reg_213       |   15   |
|      tmp_i_263_reg_209     |    1   |
|        tmp_i_reg_196       |    1   |
|         tmp_reg_200        |    1   |
|     trunc_ln714_reg_204    |   15   |
+----------------------------+--------+
|            Total           |   80   |
+----------------------------+--------+

* Multiplexer (MUX) list: 
|-------------------|------|------|------|--------||---------||---------|
|        Comp       |  Pin | Size |  BW  | S x BW ||  Delay  ||   LUT   |
|-------------------|------|------|------|--------||---------||---------|
| grp_access_fu_119 |  p2  |   5  |   0  |    0   ||    26   |
|-------------------|------|------|------|--------||---------||---------|
|       Total       |      |      |      |    0   || 0.485571||    26   |
|-------------------|------|------|------|--------||---------||---------|



* Summary:
+-----------+--------+--------+--------+
|           |  Delay |   FF   |   LUT  |
+-----------+--------+--------+--------+
|  Function |    -   |    0   |   22   |
|   Memory  |    -   |    -   |    -   |
|Multiplexer|    0   |    -   |   26   |
|  Register |    -   |   80   |    -   |
+-----------+--------+--------+--------+
|   Total   |    0   |   80   |   48   |
+-----------+--------+--------+--------+
