

================================================================
== Vitis HLS Report for 'free_port_table'
================================================================
* Date:           Tue Jul 11 09:25:00 2023

* Version:        2022.1 (Build 3526262 on Mon Apr 18 15:47:01 MDT 2022)
* Project:        toe_prj
* Solution:       solution1 (Vivado IP Flow Target)
* Product family: virtexuplus
* Target device:  xcu280-fsvh2892-2L-e


================================================================
== Performance Estimates
================================================================
+ Timing: 
    * Summary: 
    +--------+---------+----------+------------+
    |  Clock |  Target | Estimated| Uncertainty|
    +--------+---------+----------+------------+
    |ap_clk  |  3.20 ns|  1.211 ns|     0.86 ns|
    +--------+---------+----------+------------+

+ Latency: 
    * Summary: 
    +---------+---------+-----------+-----------+-----+-----+---------+
    |  Latency (cycles) |   Latency (absolute)  |  Interval | Pipeline|
    |   min   |   max   |    min    |    max    | min | max |   Type  |
    +---------+---------+-----------+-----------+-----+-----+---------+
    |        4|        4|  12.800 ns|  12.800 ns|    1|    1|      yes|
    +---------+---------+-----------+-----------+-----+-----+---------+

    + Detail: 
        * Instance: 
        N/A

        * Loop: 
        N/A

============================================================
+ Verbose Summary: Synthesis Manager
============================================================
InlineROM: 1
ExposeGlobal: 0
============================================================
+ Verbose Summary: CDFG Model
============================================================
IsTopModel: 0
ResetActiveHigh: 1
IsCombinational: 2
IsDatapathOnly: 0
HasWiredReturn: 1
HasMFsm: 2
HasVarLatency: 0
IsPipeline: 1
IsRtlPipelined: 1
IsInstanceOverlapped: 0
IsDontTouch: 0
HasImplIP: 0
IsGatedGlobalClock: 0

+ Individual pipeline summary: 
  * Pipeline-0: initiation interval (II) = 1, depth = 5


============================================================
+ Verbose Summary: Schedule
============================================================
* Number of FSM states : 5
* Pipeline : 1
  Pipeline-0 : II = 1, D = 5, States = { 1 2 3 4 5 }
* Dataflow Pipeline: 0

* FSM state transitions: 
1 --> 2 
2 --> 3 
3 --> 4 
4 --> 5 
5 --> 

* FSM state operations: 

State 1 <SV = 0> <Delay = 1.16>
ST_1 : Operation 6 [1/1] (0.00ns)   --->   "%tmp_i = nbreadreq i1 @_ssdm_op_NbReadReq.ap_fifo.i16P0A, i16 %sLookup2portTable_releasePort, i32 1" [/tools/Xilinx/Vitis_HLS/2022.1/common/technology/autopilot/hls_stream_39.h:136]   --->   Operation 6 'nbreadreq' 'tmp_i' <Predicate = true> <Delay = 0.00> <CoreInst = "FIFO_SRL">   --->   Core 81 'FIFO_SRL' <Latency = 0> <II = 1> <Delay = 1.33> <Storage> <Opcode : 'read' 'write' 'nbread' 'nbwrite'> <Ports = 0> <Width = 16> <Depth = 4> <FIFO>
ST_1 : Operation 7 [1/1] (0.00ns)   --->   "%br_ln118 = br i1 %tmp_i, void %if.else.i, void %if.then.i" [/mnt/scratch/pyuvaraj/Vitis_RoCE_W/Vitis_RoCE/fpga-network-stack/hls/toe/port_table/port_table.cpp:118]   --->   Operation 7 'br' 'br_ln118' <Predicate = true> <Delay = 0.00>
ST_1 : Operation 8 [1/1] (0.00ns)   --->   "%br_ln0 = br void %free_port_table.exit"   --->   Operation 8 'br' 'br_ln0' <Predicate = (!tmp_i)> <Delay = 0.00>
ST_1 : Operation 9 [1/1] (1.16ns)   --->   "%currPort_V = read i16 @_ssdm_op_Read.ap_fifo.volatile.i16P0A, i16 %sLookup2portTable_releasePort" [/tools/Xilinx/Vitis_HLS/2022.1/common/technology/autopilot/hls_stream_39.h:145]   --->   Operation 9 'read' 'currPort_V' <Predicate = (tmp_i)> <Delay = 1.16> <CoreInst = "FIFO_SRL">   --->   Core 81 'FIFO_SRL' <Latency = 0> <II = 1> <Delay = 1.33> <Storage> <Opcode : 'read' 'write' 'nbread' 'nbwrite'> <Ports = 0> <Width = 16> <Depth = 4> <FIFO>
ST_1 : Operation 10 [1/1] (0.00ns)   --->   "%tmp = bitselect i1 @_ssdm_op_BitSelect.i1.i16.i32, i16 %currPort_V, i32 15"   --->   Operation 10 'bitselect' 'tmp' <Predicate = (tmp_i)> <Delay = 0.00>
ST_1 : Operation 11 [1/1] (0.00ns)   --->   "%br_ln121 = br i1 %tmp, void %if.end.i, void %if.then2.i" [/mnt/scratch/pyuvaraj/Vitis_RoCE_W/Vitis_RoCE/fpga-network-stack/hls/toe/port_table/port_table.cpp:121]   --->   Operation 11 'br' 'br_ln121' <Predicate = (tmp_i)> <Delay = 0.00>
ST_1 : Operation 12 [1/1] (0.00ns)   --->   "%trunc_ln714 = trunc i16 %currPort_V"   --->   Operation 12 'trunc' 'trunc_ln714' <Predicate = (tmp_i & tmp)> <Delay = 0.00>
ST_1 : Operation 13 [1/1] (0.00ns)   --->   "%br_ln125 = br void %free_port_table.exit" [/mnt/scratch/pyuvaraj/Vitis_RoCE_W/Vitis_RoCE/fpga-network-stack/hls/toe/port_table/port_table.cpp:125]   --->   Operation 13 'br' 'br_ln125' <Predicate = (tmp_i)> <Delay = 0.00>

State 2 <SV = 1> <Delay = 1.16>
ST_2 : Operation 14 [1/1] (0.00ns)   --->   "%tmp_i_263 = nbreadreq i1 @_ssdm_op_NbReadReq.ap_fifo.i15P0A, i15 %pt_portCheckUsed_req_fifo, i32 1" [/tools/Xilinx/Vitis_HLS/2022.1/common/technology/autopilot/hls_stream_39.h:136]   --->   Operation 14 'nbreadreq' 'tmp_i_263' <Predicate = (!tmp_i)> <Delay = 0.00> <CoreInst = "FIFO_SRL">   --->   Core 81 'FIFO_SRL' <Latency = 0> <II = 1> <Delay = 1.34> <Storage> <Opcode : 'read' 'write' 'nbread' 'nbwrite'> <Ports = 0> <Width = 15> <Depth = 2> <FIFO>
ST_2 : Operation 15 [1/1] (0.00ns)   --->   "%br_ln126 = br i1 %tmp_i_263, void %if.else9.i, void %if.then5.i" [/mnt/scratch/pyuvaraj/Vitis_RoCE_W/Vitis_RoCE/fpga-network-stack/hls/toe/port_table/port_table.cpp:126]   --->   Operation 15 'br' 'br_ln126' <Predicate = (!tmp_i)> <Delay = 0.00>
ST_2 : Operation 16 [1/1] (0.00ns)   --->   "%br_ln0 = br void %if.end21.i"   --->   Operation 16 'br' 'br_ln0' <Predicate = (!tmp_i & !tmp_i_263)> <Delay = 0.00>
ST_2 : Operation 17 [1/1] (1.16ns)   --->   "%tmp_V = read i15 @_ssdm_op_Read.ap_fifo.volatile.i15P0A, i15 %pt_portCheckUsed_req_fifo" [/tools/Xilinx/Vitis_HLS/2022.1/common/technology/autopilot/hls_stream_39.h:145]   --->   Operation 17 'read' 'tmp_V' <Predicate = (!tmp_i & tmp_i_263)> <Delay = 1.16> <CoreInst = "FIFO_SRL">   --->   Core 81 'FIFO_SRL' <Latency = 0> <II = 1> <Delay = 1.34> <Storage> <Opcode : 'read' 'write' 'nbread' 'nbwrite'> <Ports = 0> <Width = 15> <Depth = 2> <FIFO>

State 3 <SV = 2> <Delay = 1.21>
ST_3 : Operation 18 [1/1] (0.00ns)   --->   "%specinterface_ln0 = specinterface void @_ssdm_op_SpecInterface, i16 %portTable2txApp_port_rsp, void @empty, i32 0, i32 0, void @empty_1, i32 0, i32 0, void @empty_1, void @empty_1, void @empty_1, i32 0, i32 0, i32 0, i32 0, void @empty_1, void @empty_1, i32 4294967295, i32 0"   --->   Operation 18 'specinterface' 'specinterface_ln0' <Predicate = true> <Delay = 0.00>
ST_3 : Operation 19 [1/1] (0.00ns)   --->   "%specinterface_ln0 = specinterface void @_ssdm_op_SpecInterface, i16 %portTable2txApp_port_rsp, void @empty, i32 0, i32 0, void @empty_1, i32 0, i32 0, void @empty_1, void @empty_1, void @empty_1, i32 0, i32 0, i32 0, i32 0, void @empty_1, void @empty_1, i32 4294967295, i32 0"   --->   Operation 19 'specinterface' 'specinterface_ln0' <Predicate = true> <Delay = 0.00>
ST_3 : Operation 20 [1/1] (0.00ns)   --->   "%specinterface_ln0 = specinterface void @_ssdm_op_SpecInterface, i16 %portTable2txApp_port_rsp, void @empty, i32 0, i32 0, void @empty_1, i32 0, i32 0, void @empty_1, void @empty_1, void @empty_1, i32 0, i32 0, i32 0, i32 0, void @empty_1, void @empty_1, i32 4294967295, i32 0"   --->   Operation 20 'specinterface' 'specinterface_ln0' <Predicate = true> <Delay = 0.00>
ST_3 : Operation 21 [1/1] (0.00ns)   --->   "%specinterface_ln0 = specinterface void @_ssdm_op_SpecInterface, i15 %pt_portCheckUsed_req_fifo, void @empty, i32 0, i32 0, void @empty_1, i32 0, i32 0, void @empty_1, void @empty_1, void @empty_1, i32 0, i32 0, i32 0, i32 0, void @empty_1, void @empty_1, i32 4294967295, i32 0"   --->   Operation 21 'specinterface' 'specinterface_ln0' <Predicate = true> <Delay = 0.00>
ST_3 : Operation 22 [1/1] (0.00ns)   --->   "%specinterface_ln0 = specinterface void @_ssdm_op_SpecInterface, i15 %pt_portCheckUsed_req_fifo, void @empty, i32 0, i32 0, void @empty_1, i32 0, i32 0, void @empty_1, void @empty_1, void @empty_1, i32 0, i32 0, i32 0, i32 0, void @empty_1, void @empty_1, i32 4294967295, i32 0"   --->   Operation 22 'specinterface' 'specinterface_ln0' <Predicate = true> <Delay = 0.00>
ST_3 : Operation 23 [1/1] (0.00ns)   --->   "%specinterface_ln0 = specinterface void @_ssdm_op_SpecInterface, i15 %pt_portCheckUsed_req_fifo, void @empty, i32 0, i32 0, void @empty_1, i32 0, i32 0, void @empty_1, void @empty_1, void @empty_1, i32 0, i32 0, i32 0, i32 0, void @empty_1, void @empty_1, i32 4294967295, i32 0"   --->   Operation 23 'specinterface' 'specinterface_ln0' <Predicate = true> <Delay = 0.00>
ST_3 : Operation 24 [1/1] (0.00ns)   --->   "%specinterface_ln0 = specinterface void @_ssdm_op_SpecInterface, i1 %pt_portCheckUsed_rsp_fifo, void @empty, i32 0, i32 0, void @empty_1, i32 0, i32 0, void @empty_1, void @empty_1, void @empty_1, i32 0, i32 0, i32 0, i32 0, void @empty_1, void @empty_1, i32 4294967295, i32 0"   --->   Operation 24 'specinterface' 'specinterface_ln0' <Predicate = true> <Delay = 0.00>
ST_3 : Operation 25 [1/1] (0.00ns)   --->   "%specinterface_ln0 = specinterface void @_ssdm_op_SpecInterface, i1 %pt_portCheckUsed_rsp_fifo, void @empty, i32 0, i32 0, void @empty_1, i32 0, i32 0, void @empty_1, void @empty_1, void @empty_1, i32 0, i32 0, i32 0, i32 0, void @empty_1, void @empty_1, i32 4294967295, i32 0"   --->   Operation 25 'specinterface' 'specinterface_ln0' <Predicate = true> <Delay = 0.00>
ST_3 : Operation 26 [1/1] (0.00ns)   --->   "%specinterface_ln0 = specinterface void @_ssdm_op_SpecInterface, i1 %pt_portCheckUsed_rsp_fifo, void @empty, i32 0, i32 0, void @empty_1, i32 0, i32 0, void @empty_1, void @empty_1, void @empty_1, i32 0, i32 0, i32 0, i32 0, void @empty_1, void @empty_1, i32 4294967295, i32 0"   --->   Operation 26 'specinterface' 'specinterface_ln0' <Predicate = true> <Delay = 0.00>
ST_3 : Operation 27 [1/1] (0.00ns)   --->   "%specinterface_ln0 = specinterface void @_ssdm_op_SpecInterface, i16 %sLookup2portTable_releasePort, void @empty, i32 0, i32 0, void @empty_1, i32 0, i32 0, void @empty_1, void @empty_1, void @empty_1, i32 0, i32 0, i32 0, i32 0, void @empty_1, void @empty_1, i32 4294967295, i32 0"   --->   Operation 27 'specinterface' 'specinterface_ln0' <Predicate = true> <Delay = 0.00>
ST_3 : Operation 28 [1/1] (0.00ns)   --->   "%specinterface_ln0 = specinterface void @_ssdm_op_SpecInterface, i16 %sLookup2portTable_releasePort, void @empty, i32 0, i32 0, void @empty_1, i32 0, i32 0, void @empty_1, void @empty_1, void @empty_1, i32 0, i32 0, i32 0, i32 0, void @empty_1, void @empty_1, i32 4294967295, i32 0"   --->   Operation 28 'specinterface' 'specinterface_ln0' <Predicate = true> <Delay = 0.00>
ST_3 : Operation 29 [1/1] (0.00ns)   --->   "%specinterface_ln0 = specinterface void @_ssdm_op_SpecInterface, i16 %sLookup2portTable_releasePort, void @empty, i32 0, i32 0, void @empty_1, i32 0, i32 0, void @empty_1, void @empty_1, void @empty_1, i32 0, i32 0, i32 0, i32 0, void @empty_1, void @empty_1, i32 4294967295, i32 0"   --->   Operation 29 'specinterface' 'specinterface_ln0' <Predicate = true> <Delay = 0.00>
ST_3 : Operation 30 [1/1] (0.00ns)   --->   "%specinterface_ln0 = specinterface void @_ssdm_op_SpecInterface, i16 %portTable2txApp_port_rsp, void @empty, i32 0, i32 0, void @empty_1, i32 0, i32 0, void @empty_1, void @empty_1, void @empty_1, i32 0, i32 0, i32 0, i32 0, void @empty_1, void @empty_1, i32 4294967295, i32 0"   --->   Operation 30 'specinterface' 'specinterface_ln0' <Predicate = true> <Delay = 0.00>
ST_3 : Operation 31 [1/1] (0.00ns)   --->   "%specinterface_ln0 = specinterface void @_ssdm_op_SpecInterface, i1 %pt_portCheckUsed_rsp_fifo, void @empty, i32 0, i32 0, void @empty_1, i32 0, i32 0, void @empty_1, void @empty_1, void @empty_1, i32 0, i32 0, i32 0, i32 0, void @empty_1, void @empty_1, i32 4294967295, i32 0"   --->   Operation 31 'specinterface' 'specinterface_ln0' <Predicate = true> <Delay = 0.00>
ST_3 : Operation 32 [1/1] (0.00ns)   --->   "%specinterface_ln0 = specinterface void @_ssdm_op_SpecInterface, i15 %pt_portCheckUsed_req_fifo, void @empty, i32 0, i32 0, void @empty_1, i32 0, i32 0, void @empty_1, void @empty_1, void @empty_1, i32 0, i32 0, i32 0, i32 0, void @empty_1, void @empty_1, i32 4294967295, i32 0"   --->   Operation 32 'specinterface' 'specinterface_ln0' <Predicate = true> <Delay = 0.00>
ST_3 : Operation 33 [1/1] (0.00ns)   --->   "%specinterface_ln0 = specinterface void @_ssdm_op_SpecInterface, i16 %sLookup2portTable_releasePort, void @empty, i32 0, i32 0, void @empty_1, i32 0, i32 0, void @empty_1, void @empty_1, void @empty_1, i32 0, i32 0, i32 0, i32 0, void @empty_1, void @empty_1, i32 4294967295, i32 0"   --->   Operation 33 'specinterface' 'specinterface_ln0' <Predicate = true> <Delay = 0.00>
ST_3 : Operation 34 [1/1] (0.00ns)   --->   "%specpipeline_ln95 = specpipeline void @_ssdm_op_SpecPipeline, i32 1, i32 0, i32 0, i32 0, void @empty_1" [/mnt/scratch/pyuvaraj/Vitis_RoCE_W/Vitis_RoCE/fpga-network-stack/hls/toe/port_table/port_table.cpp:95]   --->   Operation 34 'specpipeline' 'specpipeline_ln95' <Predicate = true> <Delay = 0.00>
ST_3 : Operation 35 [1/1] (0.00ns)   --->   "%specmemcore_ln105 = specmemcore void @_ssdm_op_SpecMemCore, i1 %freePortTable, i64 666, i64 30, i64 18446744073709551615" [/mnt/scratch/pyuvaraj/Vitis_RoCE_W/Vitis_RoCE/fpga-network-stack/hls/toe/port_table/port_table.cpp:105]   --->   Operation 35 'specmemcore' 'specmemcore_ln105' <Predicate = true> <Delay = 0.00>
ST_3 : Operation 36 [1/1] (0.00ns)   --->   "%pt_cursor_load = load i15 %pt_cursor"   --->   Operation 36 'load' 'pt_cursor_load' <Predicate = true> <Delay = 0.00>
ST_3 : Operation 37 [1/1] (0.00ns)   --->   "%zext_ln587_18 = zext i15 %pt_cursor_load"   --->   Operation 37 'zext' 'zext_ln587_18' <Predicate = (!tmp_i & !tmp_i_263)> <Delay = 0.00>
ST_3 : Operation 38 [1/1] (0.00ns)   --->   "%freePortTable_addr_2 = getelementptr i1 %freePortTable, i64 0, i64 %zext_ln587_18" [/mnt/scratch/pyuvaraj/Vitis_RoCE_W/Vitis_RoCE/fpga-network-stack/hls/toe/port_table/port_table.cpp:132]   --->   Operation 38 'getelementptr' 'freePortTable_addr_2' <Predicate = (!tmp_i & !tmp_i_263)> <Delay = 0.00>
ST_3 : Operation 39 [2/2] (1.21ns)   --->   "%freePortTable_load = load i15 %freePortTable_addr_2" [/mnt/scratch/pyuvaraj/Vitis_RoCE_W/Vitis_RoCE/fpga-network-stack/hls/toe/port_table/port_table.cpp:132]   --->   Operation 39 'load' 'freePortTable_load' <Predicate = (!tmp_i & !tmp_i_263)> <Delay = 1.21> <CoreInst = "RAM_T2P_BRAM">   --->   Core 99 'RAM_T2P_BRAM' <Latency = 1> <II = 1> <Delay = 1.21> <Storage> <Opcode : 'load' 'store'> <Ports = 2> <Width = 1> <Depth = 32768> <RAM>
ST_3 : Operation 40 [1/1] (0.00ns)   --->   "%zext_ln587 = zext i15 %tmp_V"   --->   Operation 40 'zext' 'zext_ln587' <Predicate = (!tmp_i & tmp_i_263)> <Delay = 0.00>
ST_3 : Operation 41 [1/1] (0.00ns)   --->   "%freePortTable_addr_1 = getelementptr i1 %freePortTable, i64 0, i64 %zext_ln587" [/mnt/scratch/pyuvaraj/Vitis_RoCE_W/Vitis_RoCE/fpga-network-stack/hls/toe/port_table/port_table.cpp:128]   --->   Operation 41 'getelementptr' 'freePortTable_addr_1' <Predicate = (!tmp_i & tmp_i_263)> <Delay = 0.00>
ST_3 : Operation 42 [2/2] (1.21ns)   --->   "%freePortTable_load_1 = load i15 %freePortTable_addr_1" [/tools/Xilinx/Vitis_HLS/2022.1/common/technology/autopilot/hls_stream_39.h:174]   --->   Operation 42 'load' 'freePortTable_load_1' <Predicate = (!tmp_i & tmp_i_263)> <Delay = 1.21> <CoreInst = "RAM_T2P_BRAM">   --->   Core 99 'RAM_T2P_BRAM' <Latency = 1> <II = 1> <Delay = 1.21> <Storage> <Opcode : 'load' 'store'> <Ports = 2> <Width = 1> <Depth = 32768> <RAM>
ST_3 : Operation 43 [1/1] (0.00ns)   --->   "%zext_ln714 = zext i15 %trunc_ln714"   --->   Operation 43 'zext' 'zext_ln714' <Predicate = (tmp_i & tmp)> <Delay = 0.00>
ST_3 : Operation 44 [1/1] (0.00ns)   --->   "%freePortTable_addr = getelementptr i1 %freePortTable, i64 0, i64 %zext_ln714" [/mnt/scratch/pyuvaraj/Vitis_RoCE_W/Vitis_RoCE/fpga-network-stack/hls/toe/port_table/port_table.cpp:123]   --->   Operation 44 'getelementptr' 'freePortTable_addr' <Predicate = (tmp_i & tmp)> <Delay = 0.00>
ST_3 : Operation 45 [1/1] (1.21ns)   --->   "%store_ln123 = store i1 0, i15 %freePortTable_addr" [/mnt/scratch/pyuvaraj/Vitis_RoCE_W/Vitis_RoCE/fpga-network-stack/hls/toe/port_table/port_table.cpp:123]   --->   Operation 45 'store' 'store_ln123' <Predicate = (tmp_i & tmp)> <Delay = 1.21> <CoreInst = "RAM_T2P_BRAM">   --->   Core 99 'RAM_T2P_BRAM' <Latency = 1> <II = 1> <Delay = 1.21> <Storage> <Opcode : 'load' 'store'> <Ports = 2> <Width = 1> <Depth = 32768> <RAM>
ST_3 : Operation 46 [1/1] (0.00ns)   --->   "%br_ln124 = br void %if.end.i" [/mnt/scratch/pyuvaraj/Vitis_RoCE_W/Vitis_RoCE/fpga-network-stack/hls/toe/port_table/port_table.cpp:124]   --->   Operation 46 'br' 'br_ln124' <Predicate = (tmp_i & tmp)> <Delay = 0.00>
ST_3 : Operation 47 [1/1] (0.77ns)   --->   "%add_ln886 = add i15 %pt_cursor_load, i15 1"   --->   Operation 47 'add' 'add_ln886' <Predicate = true> <Delay = 0.77> <CoreInst = "Adder">   --->   Core 1 'Adder' <Latency = 0> <II = 1> <Delay = 0.77> <FuncUnit> <Opcode : 'add' 'sub'> <InPorts = 2> <OutPorts = 1>
ST_3 : Operation 48 [1/1] (0.00ns)   --->   "%store_ln886 = store i15 %add_ln886, i15 %pt_cursor"   --->   Operation 48 'store' 'store_ln886' <Predicate = true> <Delay = 0.00>

State 4 <SV = 3> <Delay = 1.21>
ST_4 : Operation 49 [1/2] (1.21ns)   --->   "%freePortTable_load = load i15 %freePortTable_addr_2" [/mnt/scratch/pyuvaraj/Vitis_RoCE_W/Vitis_RoCE/fpga-network-stack/hls/toe/port_table/port_table.cpp:132]   --->   Operation 49 'load' 'freePortTable_load' <Predicate = (!tmp_i & !tmp_i_263)> <Delay = 1.21> <CoreInst = "RAM_T2P_BRAM">   --->   Core 99 'RAM_T2P_BRAM' <Latency = 1> <II = 1> <Delay = 1.21> <Storage> <Opcode : 'load' 'store'> <Ports = 2> <Width = 1> <Depth = 32768> <RAM>
ST_4 : Operation 50 [1/1] (0.00ns)   --->   "%br_ln132 = br i1 %freePortTable_load, void %land.lhs.true.i, void %if.end20.i" [/mnt/scratch/pyuvaraj/Vitis_RoCE_W/Vitis_RoCE/fpga-network-stack/hls/toe/port_table/port_table.cpp:132]   --->   Operation 50 'br' 'br_ln132' <Predicate = (!tmp_i & !tmp_i_263)> <Delay = 0.00>
ST_4 : Operation 51 [1/2] (1.21ns)   --->   "%freePortTable_load_1 = load i15 %freePortTable_addr_1" [/tools/Xilinx/Vitis_HLS/2022.1/common/technology/autopilot/hls_stream_39.h:174]   --->   Operation 51 'load' 'freePortTable_load_1' <Predicate = (!tmp_i & tmp_i_263)> <Delay = 1.21> <CoreInst = "RAM_T2P_BRAM">   --->   Core 99 'RAM_T2P_BRAM' <Latency = 1> <II = 1> <Delay = 1.21> <Storage> <Opcode : 'load' 'store'> <Ports = 2> <Width = 1> <Depth = 32768> <RAM>

State 5 <SV = 4> <Delay = 1.21>
ST_5 : Operation 52 [1/1] (0.00ns)   --->   "%tmp_514_i = nbwritereq i1 @_ssdm_op_NbWriteReq.ap_fifo.i16P0A, i16 %portTable2txApp_port_rsp, i32 1" [/tools/Xilinx/Vitis_HLS/2022.1/common/technology/autopilot/hls_stream_39.h:140]   --->   Operation 52 'nbwritereq' 'tmp_514_i' <Predicate = (!tmp_i & !tmp_i_263 & !freePortTable_load)> <Delay = 0.00> <CoreInst = "FIFO_SRL">   --->   Core 81 'FIFO_SRL' <Latency = 0> <II = 1> <Delay = 1.33> <Storage> <Opcode : 'read' 'write' 'nbread' 'nbwrite'> <Ports = 0> <Width = 16> <Depth = 4> <FIFO>
ST_5 : Operation 53 [1/1] (0.00ns)   --->   "%br_ln132 = br i1 %tmp_514_i, void %if.end20.i, void %if.then13.i" [/mnt/scratch/pyuvaraj/Vitis_RoCE_W/Vitis_RoCE/fpga-network-stack/hls/toe/port_table/port_table.cpp:132]   --->   Operation 53 'br' 'br_ln132' <Predicate = (!tmp_i & !tmp_i_263 & !freePortTable_load)> <Delay = 0.00>
ST_5 : Operation 54 [1/1] (0.00ns)   --->   "%p_Result_s = bitconcatenate i16 @_ssdm_op_BitConcatenate.i16.i1.i15, i1 1, i15 %pt_cursor_load"   --->   Operation 54 'bitconcatenate' 'p_Result_s' <Predicate = (!tmp_i & !tmp_i_263 & !freePortTable_load & tmp_514_i)> <Delay = 0.00>
ST_5 : Operation 55 [1/1] (1.21ns)   --->   "%store_ln136 = store i1 1, i15 %freePortTable_addr_2" [/mnt/scratch/pyuvaraj/Vitis_RoCE_W/Vitis_RoCE/fpga-network-stack/hls/toe/port_table/port_table.cpp:136]   --->   Operation 55 'store' 'store_ln136' <Predicate = (!tmp_i & !tmp_i_263 & !freePortTable_load & tmp_514_i)> <Delay = 1.21> <CoreInst = "RAM_T2P_BRAM">   --->   Core 99 'RAM_T2P_BRAM' <Latency = 1> <II = 1> <Delay = 1.21> <Storage> <Opcode : 'load' 'store'> <Ports = 2> <Width = 1> <Depth = 32768> <RAM>
ST_5 : Operation 56 [1/1] (1.16ns)   --->   "%write_ln174 = write void @_ssdm_op_Write.ap_fifo.volatile.i16P0A, i16 %portTable2txApp_port_rsp, i16 %p_Result_s" [/tools/Xilinx/Vitis_HLS/2022.1/common/technology/autopilot/hls_stream_39.h:174]   --->   Operation 56 'write' 'write_ln174' <Predicate = (!tmp_i & !tmp_i_263 & !freePortTable_load & tmp_514_i)> <Delay = 1.16> <CoreInst = "FIFO_SRL">   --->   Core 81 'FIFO_SRL' <Latency = 0> <II = 1> <Delay = 1.33> <Storage> <Opcode : 'read' 'write' 'nbread' 'nbwrite'> <Ports = 0> <Width = 16> <Depth = 4> <FIFO>
ST_5 : Operation 57 [1/1] (0.00ns)   --->   "%br_ln138 = br void %if.end20.i" [/mnt/scratch/pyuvaraj/Vitis_RoCE_W/Vitis_RoCE/fpga-network-stack/hls/toe/port_table/port_table.cpp:138]   --->   Operation 57 'br' 'br_ln138' <Predicate = (!tmp_i & !tmp_i_263 & !freePortTable_load & tmp_514_i)> <Delay = 0.00>
ST_5 : Operation 58 [1/1] (1.16ns)   --->   "%write_ln174 = write void @_ssdm_op_Write.ap_fifo.volatile.i1P0A, i1 %pt_portCheckUsed_rsp_fifo, i1 %freePortTable_load_1" [/tools/Xilinx/Vitis_HLS/2022.1/common/technology/autopilot/hls_stream_39.h:174]   --->   Operation 58 'write' 'write_ln174' <Predicate = (!tmp_i & tmp_i_263)> <Delay = 1.16> <CoreInst = "FIFO_SRL">   --->   Core 81 'FIFO_SRL' <Latency = 0> <II = 1> <Delay = 1.42> <Storage> <Opcode : 'read' 'write' 'nbread' 'nbwrite'> <Ports = 0> <Width = 1> <Depth = 2> <FIFO>
ST_5 : Operation 59 [1/1] (0.00ns)   --->   "%br_ln129 = br void %if.end21.i" [/mnt/scratch/pyuvaraj/Vitis_RoCE_W/Vitis_RoCE/fpga-network-stack/hls/toe/port_table/port_table.cpp:129]   --->   Operation 59 'br' 'br_ln129' <Predicate = (!tmp_i & tmp_i_263)> <Delay = 0.00>
ST_5 : Operation 60 [1/1] (0.00ns)   --->   "%ret_ln0 = ret"   --->   Operation 60 'ret' 'ret_ln0' <Predicate = true> <Delay = 0.00>


============================================================
+ Verbose Summary: Timing violations
============================================================
Target clock period: 3.2ns, clock uncertainty: 0.864ns.

 <State 1>: 1.17ns
The critical path consists of the following:
	fifo read operation ('currPort.V', /tools/Xilinx/Vitis_HLS/2022.1/common/technology/autopilot/hls_stream_39.h:145) on port 'sLookup2portTable_releasePort' (/tools/Xilinx/Vitis_HLS/2022.1/common/technology/autopilot/hls_stream_39.h:145) [56]  (1.17 ns)

 <State 2>: 1.17ns
The critical path consists of the following:
	fifo read operation ('tmp.V', /tools/Xilinx/Vitis_HLS/2022.1/common/technology/autopilot/hls_stream_39.h:145) on port 'pt_portCheckUsed_req_fifo' (/tools/Xilinx/Vitis_HLS/2022.1/common/technology/autopilot/hls_stream_39.h:145) [47]  (1.17 ns)

 <State 3>: 1.21ns
The critical path consists of the following:
	'load' operation ('pt_cursor_load') on static variable 'pt_cursor' [26]  (0 ns)
	'getelementptr' operation ('freePortTable_addr_2', /mnt/scratch/pyuvaraj/Vitis_RoCE_W/Vitis_RoCE/fpga-network-stack/hls/toe/port_table/port_table.cpp:132) [33]  (0 ns)
	'load' operation ('freePortTable_load', /mnt/scratch/pyuvaraj/Vitis_RoCE_W/Vitis_RoCE/fpga-network-stack/hls/toe/port_table/port_table.cpp:132) on array 'freePortTable' [34]  (1.21 ns)

 <State 4>: 1.21ns
The critical path consists of the following:
	'load' operation ('freePortTable_load', /mnt/scratch/pyuvaraj/Vitis_RoCE_W/Vitis_RoCE/fpga-network-stack/hls/toe/port_table/port_table.cpp:132) on array 'freePortTable' [34]  (1.21 ns)

 <State 5>: 1.21ns
The critical path consists of the following:
	'store' operation ('store_ln136', /mnt/scratch/pyuvaraj/Vitis_RoCE_W/Vitis_RoCE/fpga-network-stack/hls/toe/port_table/port_table.cpp:136) of constant 1 on array 'freePortTable' [41]  (1.21 ns)


============================================================
+ Verbose Summary: Binding
============================================================
N/A
* FSMD analyzer results:
  - Output states:
 - Input state : 
  - Chain level:
	State 1
	State 2
	State 3
	State 4
	State 5


============================================================
+ Verbose Summary: Datapath Resource usage 
============================================================
N/A
