

================================================================
== Vitis HLS Report for 'insert_checksum_512_s'
================================================================
* Date:           Tue Jul 11 09:25:38 2023

* Version:        2022.1 (Build 3526262 on Mon Apr 18 15:47:01 MDT 2022)
* Project:        toe_prj
* Solution:       solution1 (Vivado IP Flow Target)
* Product family: virtexuplus
* Target device:  xcu280-fsvh2892-2L-e


================================================================
== Performance Estimates
================================================================
+ Timing: 
    * Summary: 
    +--------+---------+----------+------------+
    |  Clock |  Target | Estimated| Uncertainty|
    +--------+---------+----------+------------+
    |ap_clk  |  3.20 ns|  2.336 ns|     0.86 ns|
    +--------+---------+----------+------------+

+ Latency: 
    * Summary: 
    +---------+---------+----------+----------+-----+-----+---------+
    |  Latency (cycles) |  Latency (absolute) |  Interval | Pipeline|
    |   min   |   max   |    min   |    max   | min | max |   Type  |
    +---------+---------+----------+----------+-----+-----+---------+
    |        1|        1|  3.200 ns|  3.200 ns|    1|    1|       no|
    +---------+---------+----------+----------+-----+-----+---------+

    + Detail: 
        * Instance: 
        N/A

        * Loop: 
        N/A

============================================================
+ Verbose Summary: Synthesis Manager
============================================================
InlineROM: 1
ExposeGlobal: 0
============================================================
+ Verbose Summary: CDFG Model
============================================================
IsTopModel: 0
ResetActiveHigh: 1
IsCombinational: 2
IsDatapathOnly: 0
HasWiredReturn: 1
HasMFsm: 0
HasVarLatency: 1
IsPipeline: 0
IsRtlPipelined: 0
IsInstanceOverlapped: 0
IsDontTouch: 0
HasImplIP: 0
IsGatedGlobalClock: 0


============================================================
+ Verbose Summary: Schedule
============================================================
* Number of FSM states : 2
* Pipeline : 0
* Dataflow Pipeline: 0

* FSM state transitions: 
1 --> 2 
2 --> 

* FSM state operations: 

State 1 <SV = 0> <Delay = 0.34>
ST_1 : Operation 3 [1/1] (0.00ns)   --->   "%specinterface_ln0 = specinterface void @_ssdm_op_SpecInterface, i16 %txEng_tcpChecksumFifo, void @empty, i32 0, i32 0, void @empty_1, i32 0, i32 0, void @empty_1, void @empty_1, void @empty_1, i32 0, i32 0, i32 0, i32 0, void @empty_1, void @empty_1, i32 4294967295, i32 0"   --->   Operation 3 'specinterface' 'specinterface_ln0' <Predicate = true> <Delay = 0.00>
ST_1 : Operation 4 [1/1] (0.00ns)   --->   "%specinterface_ln0 = specinterface void @_ssdm_op_SpecInterface, i16 %txEng_tcpChecksumFifo, void @empty, i32 0, i32 0, void @empty_1, i32 0, i32 0, void @empty_1, void @empty_1, void @empty_1, i32 0, i32 0, i32 0, i32 0, void @empty_1, void @empty_1, i32 4294967295, i32 0"   --->   Operation 4 'specinterface' 'specinterface_ln0' <Predicate = true> <Delay = 0.00>
ST_1 : Operation 5 [1/1] (0.00ns)   --->   "%specinterface_ln0 = specinterface void @_ssdm_op_SpecInterface, i16 %txEng_tcpChecksumFifo, void @empty, i32 0, i32 0, void @empty_1, i32 0, i32 0, void @empty_1, void @empty_1, void @empty_1, i32 0, i32 0, i32 0, i32 0, void @empty_1, void @empty_1, i32 4294967295, i32 0"   --->   Operation 5 'specinterface' 'specinterface_ln0' <Predicate = true> <Delay = 0.00>
ST_1 : Operation 6 [1/1] (0.00ns)   --->   "%specinterface_ln0 = specinterface void @_ssdm_op_SpecInterface, i1024 %txEng_tcpPkgBuffer4, void @empty, i32 0, i32 0, void @empty_1, i32 0, i32 0, void @empty_1, void @empty_1, void @empty_1, i32 0, i32 0, i32 0, i32 0, void @empty_1, void @empty_1, i32 4294967295, i32 0"   --->   Operation 6 'specinterface' 'specinterface_ln0' <Predicate = true> <Delay = 0.00>
ST_1 : Operation 7 [1/1] (0.00ns)   --->   "%specinterface_ln0 = specinterface void @_ssdm_op_SpecInterface, i1024 %txEng_tcpPkgBuffer4, void @empty, i32 0, i32 0, void @empty_1, i32 0, i32 0, void @empty_1, void @empty_1, void @empty_1, i32 0, i32 0, i32 0, i32 0, void @empty_1, void @empty_1, i32 4294967295, i32 0"   --->   Operation 7 'specinterface' 'specinterface_ln0' <Predicate = true> <Delay = 0.00>
ST_1 : Operation 8 [1/1] (0.00ns)   --->   "%specinterface_ln0 = specinterface void @_ssdm_op_SpecInterface, i1024 %txEng_tcpPkgBuffer4, void @empty, i32 0, i32 0, void @empty_1, i32 0, i32 0, void @empty_1, void @empty_1, void @empty_1, i32 0, i32 0, i32 0, i32 0, void @empty_1, void @empty_1, i32 4294967295, i32 0"   --->   Operation 8 'specinterface' 'specinterface_ln0' <Predicate = true> <Delay = 0.00>
ST_1 : Operation 9 [1/1] (0.00ns)   --->   "%specinterface_ln0 = specinterface void @_ssdm_op_SpecInterface, i1024 %txEng_tcpPkgBuffer5, void @empty, i32 0, i32 0, void @empty_1, i32 0, i32 0, void @empty_1, void @empty_1, void @empty_1, i32 0, i32 0, i32 0, i32 0, void @empty_1, void @empty_1, i32 4294967295, i32 0"   --->   Operation 9 'specinterface' 'specinterface_ln0' <Predicate = true> <Delay = 0.00>
ST_1 : Operation 10 [1/1] (0.00ns)   --->   "%specinterface_ln0 = specinterface void @_ssdm_op_SpecInterface, i1024 %txEng_tcpPkgBuffer5, void @empty, i32 0, i32 0, void @empty_1, i32 0, i32 0, void @empty_1, void @empty_1, void @empty_1, i32 0, i32 0, i32 0, i32 0, void @empty_1, void @empty_1, i32 4294967295, i32 0"   --->   Operation 10 'specinterface' 'specinterface_ln0' <Predicate = true> <Delay = 0.00>
ST_1 : Operation 11 [1/1] (0.00ns)   --->   "%specinterface_ln0 = specinterface void @_ssdm_op_SpecInterface, i1024 %txEng_tcpPkgBuffer5, void @empty, i32 0, i32 0, void @empty_1, i32 0, i32 0, void @empty_1, void @empty_1, void @empty_1, i32 0, i32 0, i32 0, i32 0, void @empty_1, void @empty_1, i32 4294967295, i32 0"   --->   Operation 11 'specinterface' 'specinterface_ln0' <Predicate = true> <Delay = 0.00>
ST_1 : Operation 12 [1/1] (0.00ns)   --->   "%specinterface_ln0 = specinterface void @_ssdm_op_SpecInterface, i1024 %txEng_tcpPkgBuffer5, void @empty, i32 0, i32 0, void @empty_1, i32 0, i32 0, void @empty_1, void @empty_1, void @empty_1, i32 0, i32 0, i32 0, i32 0, void @empty_1, void @empty_1, i32 4294967295, i32 0"   --->   Operation 12 'specinterface' 'specinterface_ln0' <Predicate = true> <Delay = 0.00>
ST_1 : Operation 13 [1/1] (0.00ns)   --->   "%specinterface_ln0 = specinterface void @_ssdm_op_SpecInterface, i1024 %txEng_tcpPkgBuffer4, void @empty, i32 0, i32 0, void @empty_1, i32 0, i32 0, void @empty_1, void @empty_1, void @empty_1, i32 0, i32 0, i32 0, i32 0, void @empty_1, void @empty_1, i32 4294967295, i32 0"   --->   Operation 13 'specinterface' 'specinterface_ln0' <Predicate = true> <Delay = 0.00>
ST_1 : Operation 14 [1/1] (0.00ns)   --->   "%specinterface_ln0 = specinterface void @_ssdm_op_SpecInterface, i16 %txEng_tcpChecksumFifo, void @empty, i32 0, i32 0, void @empty_1, i32 0, i32 0, void @empty_1, void @empty_1, void @empty_1, i32 0, i32 0, i32 0, i32 0, void @empty_1, void @empty_1, i32 4294967295, i32 0"   --->   Operation 14 'specinterface' 'specinterface_ln0' <Predicate = true> <Delay = 0.00>
ST_1 : Operation 15 [1/1] (0.00ns)   --->   "%state_V_load = load i2 %state_V"   --->   Operation 15 'load' 'state_V_load' <Predicate = true> <Delay = 0.00>
ST_1 : Operation 16 [1/1] (0.34ns)   --->   "%icmp_ln1540 = icmp_eq  i2 %state_V_load, i2 2" [/mnt/scratch/pyuvaraj/Vitis_RoCE_W/Vitis_RoCE/fpga-network-stack/hls/toe/tx_engine/tx_engine.cpp:1540]   --->   Operation 16 'icmp' 'icmp_ln1540' <Predicate = true> <Delay = 0.34> <CoreInst = "Cmp">   --->   Core 9 'Cmp' <Latency = 0> <II = 1> <Delay = 0.34> <FuncUnit> <Opcode : 'icmp'> <InPorts = 2> <OutPorts = 1>
ST_1 : Operation 17 [1/1] (0.00ns)   --->   "%br_ln1540 = br i1 %icmp_ln1540, void %sw.bb9.i, void %sw.bb23.i" [/mnt/scratch/pyuvaraj/Vitis_RoCE_W/Vitis_RoCE/fpga-network-stack/hls/toe/tx_engine/tx_engine.cpp:1540]   --->   Operation 17 'br' 'br_ln1540' <Predicate = true> <Delay = 0.00>
ST_1 : Operation 18 [1/1] (0.00ns)   --->   "%tmp_i = nbreadreq i1 @_ssdm_op_NbReadReq.ap_fifo.i16P0A, i16 %txEng_tcpChecksumFifo, i32 1" [/tools/Xilinx/Vitis_HLS/2022.1/common/technology/autopilot/hls_stream_39.h:136]   --->   Operation 18 'nbreadreq' 'tmp_i' <Predicate = (!icmp_ln1540)> <Delay = 0.00> <CoreInst = "FIFO_SRL">   --->   Core 81 'FIFO_SRL' <Latency = 0> <II = 1> <Delay = 1.33> <Storage> <Opcode : 'read' 'write' 'nbread' 'nbwrite'> <Ports = 0> <Width = 16> <Depth = 4> <FIFO>
ST_1 : Operation 19 [1/1] (0.00ns)   --->   "%br_ln1557 = br i1 %tmp_i, void %if.end22.i, void %land.lhs.true.i" [/mnt/scratch/pyuvaraj/Vitis_RoCE_W/Vitis_RoCE/fpga-network-stack/hls/toe/tx_engine/tx_engine.cpp:1557]   --->   Operation 19 'br' 'br_ln1557' <Predicate = (!icmp_ln1540)> <Delay = 0.00>
ST_1 : Operation 20 [1/1] (0.00ns)   --->   "%tmp_506_i = nbreadreq i1 @_ssdm_op_NbReadReq.ap_fifo.i1024P0A, i1024 %txEng_tcpPkgBuffer4, i32 1" [/tools/Xilinx/Vitis_HLS/2022.1/common/technology/autopilot/hls_stream_39.h:136]   --->   Operation 20 'nbreadreq' 'tmp_506_i' <Predicate = (!icmp_ln1540 & tmp_i)> <Delay = 0.00> <CoreInst = "FIFO_SRL">   --->   Core 81 'FIFO_SRL' <Latency = 0> <II = 1> <Delay = 1.33> <Storage> <Opcode : 'read' 'write' 'nbread' 'nbwrite'> <Ports = 0> <Width = 1024> <Depth = 2> <FIFO>
ST_1 : Operation 21 [1/1] (0.00ns)   --->   "%br_ln1557 = br i1 %tmp_506_i, void %if.end22.i, void %if.then12.i" [/mnt/scratch/pyuvaraj/Vitis_RoCE_W/Vitis_RoCE/fpga-network-stack/hls/toe/tx_engine/tx_engine.cpp:1557]   --->   Operation 21 'br' 'br_ln1557' <Predicate = (!icmp_ln1540 & tmp_i)> <Delay = 0.00>
ST_1 : Operation 22 [1/1] (0.00ns)   --->   "%tmp_505_i = nbreadreq i1 @_ssdm_op_NbReadReq.ap_fifo.i1024P0A, i1024 %txEng_tcpPkgBuffer4, i32 1" [/tools/Xilinx/Vitis_HLS/2022.1/common/technology/autopilot/hls_stream_39.h:136]   --->   Operation 22 'nbreadreq' 'tmp_505_i' <Predicate = (icmp_ln1540)> <Delay = 0.00> <CoreInst = "FIFO_SRL">   --->   Core 81 'FIFO_SRL' <Latency = 0> <II = 1> <Delay = 1.33> <Storage> <Opcode : 'read' 'write' 'nbread' 'nbwrite'> <Ports = 0> <Width = 1024> <Depth = 2> <FIFO>
ST_1 : Operation 23 [1/1] (0.00ns)   --->   "%br_ln1585 = br i1 %tmp_505_i, void %if.end33.i, void %if.then25.i" [/mnt/scratch/pyuvaraj/Vitis_RoCE_W/Vitis_RoCE/fpga-network-stack/hls/toe/tx_engine/tx_engine.cpp:1585]   --->   Operation 23 'br' 'br_ln1585' <Predicate = (icmp_ln1540)> <Delay = 0.00>

State 2 <SV = 1> <Delay = 2.33>
ST_2 : Operation 24 [1/1] (1.16ns)   --->   "%checksum_V = read i16 @_ssdm_op_Read.ap_fifo.volatile.i16P0A, i16 %txEng_tcpChecksumFifo" [/tools/Xilinx/Vitis_HLS/2022.1/common/technology/autopilot/hls_stream_39.h:145]   --->   Operation 24 'read' 'checksum_V' <Predicate = (!icmp_ln1540 & tmp_i & tmp_506_i)> <Delay = 1.16> <CoreInst = "FIFO_SRL">   --->   Core 81 'FIFO_SRL' <Latency = 0> <II = 1> <Delay = 1.33> <Storage> <Opcode : 'read' 'write' 'nbread' 'nbwrite'> <Ports = 0> <Width = 16> <Depth = 4> <FIFO>
ST_2 : Operation 25 [1/1] (1.16ns)   --->   "%txEng_tcpPkgBuffer4_read_1 = read i1024 @_ssdm_op_Read.ap_fifo.volatile.i1024P0A, i1024 %txEng_tcpPkgBuffer4" [/tools/Xilinx/Vitis_HLS/2022.1/common/technology/autopilot/hls_stream_39.h:145]   --->   Operation 25 'read' 'txEng_tcpPkgBuffer4_read_1' <Predicate = (!icmp_ln1540 & tmp_i & tmp_506_i)> <Delay = 1.16> <CoreInst = "FIFO_SRL">   --->   Core 81 'FIFO_SRL' <Latency = 0> <II = 1> <Delay = 1.33> <Storage> <Opcode : 'read' 'write' 'nbread' 'nbwrite'> <Ports = 0> <Width = 1024> <Depth = 2> <FIFO>
ST_2 : Operation 26 [1/1] (0.00ns)   --->   "%tmp_data_V = trunc i1024 %txEng_tcpPkgBuffer4_read_1" [/tools/Xilinx/Vitis_HLS/2022.1/common/technology/autopilot/hls_stream_39.h:145]   --->   Operation 26 'trunc' 'tmp_data_V' <Predicate = (!icmp_ln1540 & tmp_i & tmp_506_i)> <Delay = 0.00>
ST_2 : Operation 27 [1/1] (0.00ns)   --->   "%tmp_last_V = bitselect i1 @_ssdm_op_BitSelect.i1.i1024.i1024, i1024 %txEng_tcpPkgBuffer4_read_1, i1024 576" [/tools/Xilinx/Vitis_HLS/2022.1/common/technology/autopilot/hls_stream_39.h:145]   --->   Operation 27 'bitselect' 'tmp_last_V' <Predicate = (!icmp_ln1540 & tmp_i & tmp_506_i)> <Delay = 0.00>
ST_2 : Operation 28 [1/1] (0.00ns)   --->   "%tmp_507_i6 = partselect i8 @_ssdm_op_PartSelect.i8.i16.i32.i32, i16 %checksum_V, i32 8, i32 15"   --->   Operation 28 'partselect' 'tmp_507_i6' <Predicate = (!icmp_ln1540 & tmp_i & tmp_506_i)> <Delay = 0.00>
ST_2 : Operation 29 [1/1] (0.00ns)   --->   "%trunc_ln674 = trunc i16 %checksum_V"   --->   Operation 29 'trunc' 'trunc_ln674' <Predicate = (!icmp_ln1540 & tmp_i & tmp_506_i)> <Delay = 0.00>
ST_2 : Operation 30 [1/1] (0.00ns)   --->   "%p_Result_s = bitconcatenate i16 @_ssdm_op_BitConcatenate.i16.i8.i8, i8 %trunc_ln674, i8 %tmp_507_i6"   --->   Operation 30 'bitconcatenate' 'p_Result_s' <Predicate = (!icmp_ln1540 & tmp_i & tmp_506_i)> <Delay = 0.00>
ST_2 : Operation 31 [1/1] (0.00ns)   --->   "%p_Result_202 = partset i512 @_ssdm_op_PartSet.i512.i512.i16.i32.i32, i512 %tmp_data_V, i16 %p_Result_s, i32 128, i32 143"   --->   Operation 31 'partset' 'p_Result_202' <Predicate = (!icmp_ln1540 & tmp_i & tmp_506_i)> <Delay = 0.00>
ST_2 : Operation 32 [1/1] (0.00ns)   --->   "%tmp = partselect i65 @_ssdm_op_PartSelect.i65.i1024.i32.i32, i1024 %txEng_tcpPkgBuffer4_read_1, i32 512, i32 576" [/tools/Xilinx/Vitis_HLS/2022.1/common/technology/autopilot/hls_stream_39.h:174]   --->   Operation 32 'partselect' 'tmp' <Predicate = (!icmp_ln1540 & tmp_i & tmp_506_i)> <Delay = 0.00>
ST_2 : Operation 33 [1/1] (0.00ns)   --->   "%tmp_s = bitconcatenate i577 @_ssdm_op_BitConcatenate.i577.i65.i512, i65 %tmp, i512 %p_Result_202" [/tools/Xilinx/Vitis_HLS/2022.1/common/technology/autopilot/hls_stream_39.h:174]   --->   Operation 33 'bitconcatenate' 'tmp_s' <Predicate = (!icmp_ln1540 & tmp_i & tmp_506_i)> <Delay = 0.00>
ST_2 : Operation 34 [1/1] (0.00ns)   --->   "%zext_ln174 = zext i577 %tmp_s" [/tools/Xilinx/Vitis_HLS/2022.1/common/technology/autopilot/hls_stream_39.h:174]   --->   Operation 34 'zext' 'zext_ln174' <Predicate = (!icmp_ln1540 & tmp_i & tmp_506_i)> <Delay = 0.00>
ST_2 : Operation 35 [1/1] (1.16ns)   --->   "%write_ln174 = write void @_ssdm_op_Write.ap_fifo.volatile.i1024P0A, i1024 %txEng_tcpPkgBuffer5, i1024 %zext_ln174" [/tools/Xilinx/Vitis_HLS/2022.1/common/technology/autopilot/hls_stream_39.h:174]   --->   Operation 35 'write' 'write_ln174' <Predicate = (!icmp_ln1540 & tmp_i & tmp_506_i)> <Delay = 1.16> <CoreInst = "FIFO_SRL">   --->   Core 81 'FIFO_SRL' <Latency = 0> <II = 1> <Delay = 1.33> <Storage> <Opcode : 'read' 'write' 'nbread' 'nbwrite'> <Ports = 0> <Width = 1024> <Depth = 2> <FIFO>
ST_2 : Operation 36 [1/1] (0.27ns)   --->   "%select_ln1578 = select i1 %tmp_last_V, i2 1, i2 2" [/mnt/scratch/pyuvaraj/Vitis_RoCE_W/Vitis_RoCE/fpga-network-stack/hls/toe/tx_engine/tx_engine.cpp:1578]   --->   Operation 36 'select' 'select_ln1578' <Predicate = (!icmp_ln1540 & tmp_i & tmp_506_i)> <Delay = 0.27> <CoreInst = "Sel">   --->   Core 73 'Sel' <Latency = 0> <II = 1> <Delay = 0.27> <FuncUnit> <Opcode : 'select'> <InPorts = 3> <OutPorts = 1>
ST_2 : Operation 37 [1/1] (0.38ns)   --->   "%store_ln1578 = store i2 %select_ln1578, i2 %state_V" [/mnt/scratch/pyuvaraj/Vitis_RoCE_W/Vitis_RoCE/fpga-network-stack/hls/toe/tx_engine/tx_engine.cpp:1578]   --->   Operation 37 'store' 'store_ln1578' <Predicate = (!icmp_ln1540 & tmp_i & tmp_506_i)> <Delay = 0.38>
ST_2 : Operation 38 [1/1] (0.00ns)   --->   "%br_ln1582 = br void %if.end22.i" [/mnt/scratch/pyuvaraj/Vitis_RoCE_W/Vitis_RoCE/fpga-network-stack/hls/toe/tx_engine/tx_engine.cpp:1582]   --->   Operation 38 'br' 'br_ln1582' <Predicate = (!icmp_ln1540 & tmp_i & tmp_506_i)> <Delay = 0.00>
ST_2 : Operation 39 [1/1] (0.00ns)   --->   "%br_ln1583 = br void %insert_checksum<512>.exit" [/mnt/scratch/pyuvaraj/Vitis_RoCE_W/Vitis_RoCE/fpga-network-stack/hls/toe/tx_engine/tx_engine.cpp:1583]   --->   Operation 39 'br' 'br_ln1583' <Predicate = (!icmp_ln1540)> <Delay = 0.00>
ST_2 : Operation 40 [1/1] (1.16ns)   --->   "%txEng_tcpPkgBuffer4_read = read i1024 @_ssdm_op_Read.ap_fifo.volatile.i1024P0A, i1024 %txEng_tcpPkgBuffer4" [/tools/Xilinx/Vitis_HLS/2022.1/common/technology/autopilot/hls_stream_39.h:145]   --->   Operation 40 'read' 'txEng_tcpPkgBuffer4_read' <Predicate = (icmp_ln1540 & tmp_505_i)> <Delay = 1.16> <CoreInst = "FIFO_SRL">   --->   Core 81 'FIFO_SRL' <Latency = 0> <II = 1> <Delay = 1.33> <Storage> <Opcode : 'read' 'write' 'nbread' 'nbwrite'> <Ports = 0> <Width = 1024> <Depth = 2> <FIFO>
ST_2 : Operation 41 [1/1] (0.00ns)   --->   "%tmp_last_V_8 = bitselect i1 @_ssdm_op_BitSelect.i1.i1024.i1024, i1024 %txEng_tcpPkgBuffer4_read, i1024 576" [/tools/Xilinx/Vitis_HLS/2022.1/common/technology/autopilot/hls_stream_39.h:145]   --->   Operation 41 'bitselect' 'tmp_last_V_8' <Predicate = (icmp_ln1540 & tmp_505_i)> <Delay = 0.00>
ST_2 : Operation 42 [1/1] (1.16ns)   --->   "%write_ln174 = write void @_ssdm_op_Write.ap_fifo.volatile.i1024P0A, i1024 %txEng_tcpPkgBuffer5, i1024 %txEng_tcpPkgBuffer4_read" [/tools/Xilinx/Vitis_HLS/2022.1/common/technology/autopilot/hls_stream_39.h:174]   --->   Operation 42 'write' 'write_ln174' <Predicate = (icmp_ln1540 & tmp_505_i)> <Delay = 1.16> <CoreInst = "FIFO_SRL">   --->   Core 81 'FIFO_SRL' <Latency = 0> <II = 1> <Delay = 1.33> <Storage> <Opcode : 'read' 'write' 'nbread' 'nbwrite'> <Ports = 0> <Width = 1024> <Depth = 2> <FIFO>
ST_2 : Operation 43 [1/1] (0.00ns)   --->   "%br_ln1589 = br i1 %tmp_last_V_8, void %if.end32.i, void %if.then30.i" [/mnt/scratch/pyuvaraj/Vitis_RoCE_W/Vitis_RoCE/fpga-network-stack/hls/toe/tx_engine/tx_engine.cpp:1589]   --->   Operation 43 'br' 'br_ln1589' <Predicate = (icmp_ln1540 & tmp_505_i)> <Delay = 0.00>
ST_2 : Operation 44 [1/1] (0.38ns)   --->   "%store_ln1591 = store i2 1, i2 %state_V" [/mnt/scratch/pyuvaraj/Vitis_RoCE_W/Vitis_RoCE/fpga-network-stack/hls/toe/tx_engine/tx_engine.cpp:1591]   --->   Operation 44 'store' 'store_ln1591' <Predicate = (icmp_ln1540 & tmp_505_i & tmp_last_V_8)> <Delay = 0.38>
ST_2 : Operation 45 [1/1] (0.00ns)   --->   "%br_ln1592 = br void %if.end32.i" [/mnt/scratch/pyuvaraj/Vitis_RoCE_W/Vitis_RoCE/fpga-network-stack/hls/toe/tx_engine/tx_engine.cpp:1592]   --->   Operation 45 'br' 'br_ln1592' <Predicate = (icmp_ln1540 & tmp_505_i & tmp_last_V_8)> <Delay = 0.00>
ST_2 : Operation 46 [1/1] (0.00ns)   --->   "%br_ln1593 = br void %if.end33.i" [/mnt/scratch/pyuvaraj/Vitis_RoCE_W/Vitis_RoCE/fpga-network-stack/hls/toe/tx_engine/tx_engine.cpp:1593]   --->   Operation 46 'br' 'br_ln1593' <Predicate = (icmp_ln1540 & tmp_505_i)> <Delay = 0.00>
ST_2 : Operation 47 [1/1] (0.00ns)   --->   "%br_ln1594 = br void %insert_checksum<512>.exit" [/mnt/scratch/pyuvaraj/Vitis_RoCE_W/Vitis_RoCE/fpga-network-stack/hls/toe/tx_engine/tx_engine.cpp:1594]   --->   Operation 47 'br' 'br_ln1594' <Predicate = (icmp_ln1540)> <Delay = 0.00>
ST_2 : Operation 48 [1/1] (0.00ns)   --->   "%ret_ln0 = ret"   --->   Operation 48 'ret' 'ret_ln0' <Predicate = true> <Delay = 0.00>


============================================================
+ Verbose Summary: Binding
============================================================
STG Binding: 
---------------- STG Properties BEGIN ----------------
- Is combinational: 0
- Is one-state seq: 0
- Is datapath-only: 0
- Is pipelined: 0
- Is top level: 0
Port [ Return ] is wired: 1; IO mode=ap_ctrl_hs:ce=0
Port [ state_V]:  wired=0; compound=0; hidden=1; nouse=0; global=1; static=1; extern=0; dir=2; type=0; pingpong=0; private_global=1; IO mode=ap_ovld:ce=0
Port [ txEng_tcpChecksumFifo]:  wired=1; compound=1; hidden=0; nouse=0; global=1; static=1; extern=0; dir=0; type=3; pingpong=0; private_global=0; IO mode=ap_fifo:ce=0
Port [ txEng_tcpPkgBuffer4]:  wired=1; compound=1; hidden=0; nouse=0; global=1; static=1; extern=0; dir=0; type=3; pingpong=0; private_global=0; IO mode=ap_fifo:ce=0
Port [ txEng_tcpPkgBuffer5]:  wired=1; compound=1; hidden=0; nouse=0; global=1; static=1; extern=0; dir=1; type=3; pingpong=0; private_global=0; IO mode=ap_fifo:ce=0
---------------- STG Properties END ------------------

---------------- Datapath Model BEGIN ----------------

<LifeTime>
<method=bitvector/>
specinterface_ln0          (specinterface ) [ 000]
specinterface_ln0          (specinterface ) [ 000]
specinterface_ln0          (specinterface ) [ 000]
specinterface_ln0          (specinterface ) [ 000]
specinterface_ln0          (specinterface ) [ 000]
specinterface_ln0          (specinterface ) [ 000]
specinterface_ln0          (specinterface ) [ 000]
specinterface_ln0          (specinterface ) [ 000]
specinterface_ln0          (specinterface ) [ 000]
specinterface_ln0          (specinterface ) [ 000]
specinterface_ln0          (specinterface ) [ 000]
specinterface_ln0          (specinterface ) [ 000]
state_V_load               (load          ) [ 000]
icmp_ln1540                (icmp          ) [ 011]
br_ln1540                  (br            ) [ 000]
tmp_i                      (nbreadreq     ) [ 011]
br_ln1557                  (br            ) [ 000]
tmp_506_i                  (nbreadreq     ) [ 001]
br_ln1557                  (br            ) [ 000]
tmp_505_i                  (nbreadreq     ) [ 001]
br_ln1585                  (br            ) [ 000]
checksum_V                 (read          ) [ 000]
txEng_tcpPkgBuffer4_read_1 (read          ) [ 000]
tmp_data_V                 (trunc         ) [ 000]
tmp_last_V                 (bitselect     ) [ 000]
tmp_507_i6                 (partselect    ) [ 000]
trunc_ln674                (trunc         ) [ 000]
p_Result_s                 (bitconcatenate) [ 000]
p_Result_202               (partset       ) [ 000]
tmp                        (partselect    ) [ 000]
tmp_s                      (bitconcatenate) [ 000]
zext_ln174                 (zext          ) [ 000]
write_ln174                (write         ) [ 000]
select_ln1578              (select        ) [ 000]
store_ln1578               (store         ) [ 000]
br_ln1582                  (br            ) [ 000]
br_ln1583                  (br            ) [ 000]
txEng_tcpPkgBuffer4_read   (read          ) [ 000]
tmp_last_V_8               (bitselect     ) [ 001]
write_ln174                (write         ) [ 000]
br_ln1589                  (br            ) [ 000]
store_ln1591               (store         ) [ 000]
br_ln1592                  (br            ) [ 000]
br_ln1593                  (br            ) [ 000]
br_ln1594                  (br            ) [ 000]
ret_ln0                    (ret           ) [ 000]
</LifeTime>

<model>

<comp_list>
<comp id="0" class="1000" name="state_V">
<pin_list>
<pin id="1" dir="1" index="0" bw="1" slack="0"/>
</pin_list>
<bind>
<StgValue><ssdm name="state_V"/></StgValue>
</bind>
</comp>

<comp id="2" class="1000" name="txEng_tcpChecksumFifo">
<pin_list>
<pin id="3" dir="1" index="0" bw="1" slack="0"/>
</pin_list>
<bind>
<StgValue><ssdm name="txEng_tcpChecksumFifo"/></StgValue>
</bind>
</comp>

<comp id="4" class="1000" name="txEng_tcpPkgBuffer4">
<pin_list>
<pin id="5" dir="1" index="0" bw="1" slack="0"/>
</pin_list>
<bind>
<StgValue><ssdm name="txEng_tcpPkgBuffer4"/></StgValue>
</bind>
</comp>

<comp id="6" class="1000" name="txEng_tcpPkgBuffer5">
<pin_list>
<pin id="7" dir="1" index="0" bw="1" slack="0"/>
</pin_list>
<bind>
<StgValue><ssdm name="txEng_tcpPkgBuffer5"/></StgValue>
</bind>
</comp>

<comp id="8" class="1001" name="const_8">
<pin_list>
<pin id="9" dir="1" index="0" bw="1" slack="2147483647"/>
</pin_list>
<bind>
<StgValue><ssdm name="_ssdm_op_SpecInterface"/></StgValue>
</bind>
</comp>

<comp id="10" class="1001" name="const_10">
<pin_list>
<pin id="11" dir="1" index="0" bw="1" slack="2147483647"/>
</pin_list>
<bind>
<StgValue><ssdm name="empty"/></StgValue>
</bind>
</comp>

<comp id="12" class="1001" name="const_12">
<pin_list>
<pin id="13" dir="1" index="0" bw="1" slack="2147483647"/>
</pin_list>
<bind>
<StgValue><ssdm name=""/></StgValue>
</bind>
</comp>

<comp id="14" class="1001" name="const_14">
<pin_list>
<pin id="15" dir="1" index="0" bw="1" slack="2147483647"/>
</pin_list>
<bind>
<StgValue><ssdm name="empty_1"/></StgValue>
</bind>
</comp>

<comp id="16" class="1001" name="const_16">
<pin_list>
<pin id="17" dir="1" index="0" bw="1" slack="2147483647"/>
</pin_list>
<bind>
<StgValue><ssdm name=""/></StgValue>
</bind>
</comp>

<comp id="18" class="1001" name="const_18">
<pin_list>
<pin id="19" dir="1" index="0" bw="1" slack="0"/>
</pin_list>
<bind>
<StgValue><ssdm name=""/></StgValue>
</bind>
</comp>

<comp id="20" class="1001" name="const_20">
<pin_list>
<pin id="21" dir="1" index="0" bw="1" slack="0"/>
</pin_list>
<bind>
<StgValue><ssdm name="_ssdm_op_NbReadReq.ap_fifo.i16P0A"/></StgValue>
</bind>
</comp>

<comp id="22" class="1001" name="const_22">
<pin_list>
<pin id="23" dir="1" index="0" bw="1" slack="0"/>
</pin_list>
<bind>
<StgValue><ssdm name=""/></StgValue>
</bind>
</comp>

<comp id="24" class="1001" name="const_24">
<pin_list>
<pin id="25" dir="1" index="0" bw="1" slack="0"/>
</pin_list>
<bind>
<StgValue><ssdm name="_ssdm_op_NbReadReq.ap_fifo.i1024P0A"/></StgValue>
</bind>
</comp>

<comp id="26" class="1001" name="const_26">
<pin_list>
<pin id="27" dir="1" index="0" bw="1" slack="0"/>
</pin_list>
<bind>
<StgValue><ssdm name="_ssdm_op_Read.ap_fifo.volatile.i16P0A"/></StgValue>
</bind>
</comp>

<comp id="28" class="1001" name="const_28">
<pin_list>
<pin id="29" dir="1" index="0" bw="1" slack="0"/>
</pin_list>
<bind>
<StgValue><ssdm name="_ssdm_op_Read.ap_fifo.volatile.i1024P0A"/></StgValue>
</bind>
</comp>

<comp id="30" class="1001" name="const_30">
<pin_list>
<pin id="31" dir="1" index="0" bw="1" slack="0"/>
</pin_list>
<bind>
<StgValue><ssdm name="_ssdm_op_BitSelect.i1.i1024.i1024"/></StgValue>
</bind>
</comp>

<comp id="32" class="1001" name="const_32">
<pin_list>
<pin id="33" dir="1" index="0" bw="1" slack="0"/>
</pin_list>
<bind>
<StgValue><ssdm name=""/></StgValue>
</bind>
</comp>

<comp id="34" class="1001" name="const_34">
<pin_list>
<pin id="35" dir="1" index="0" bw="1" slack="0"/>
</pin_list>
<bind>
<StgValue><ssdm name="_ssdm_op_PartSelect.i8.i16.i32.i32"/></StgValue>
</bind>
</comp>

<comp id="36" class="1001" name="const_36">
<pin_list>
<pin id="37" dir="1" index="0" bw="1" slack="0"/>
</pin_list>
<bind>
<StgValue><ssdm name=""/></StgValue>
</bind>
</comp>

<comp id="38" class="1001" name="const_38">
<pin_list>
<pin id="39" dir="1" index="0" bw="1" slack="0"/>
</pin_list>
<bind>
<StgValue><ssdm name=""/></StgValue>
</bind>
</comp>

<comp id="40" class="1001" name="const_40">
<pin_list>
<pin id="41" dir="1" index="0" bw="1" slack="0"/>
</pin_list>
<bind>
<StgValue><ssdm name="_ssdm_op_BitConcatenate.i16.i8.i8"/></StgValue>
</bind>
</comp>

<comp id="42" class="1001" name="const_42">
<pin_list>
<pin id="43" dir="1" index="0" bw="1" slack="0"/>
</pin_list>
<bind>
<StgValue><ssdm name="_ssdm_op_PartSet.i512.i512.i16.i32.i32"/></StgValue>
</bind>
</comp>

<comp id="44" class="1001" name="const_44">
<pin_list>
<pin id="45" dir="1" index="0" bw="1" slack="0"/>
</pin_list>
<bind>
<StgValue><ssdm name=""/></StgValue>
</bind>
</comp>

<comp id="46" class="1001" name="const_46">
<pin_list>
<pin id="47" dir="1" index="0" bw="1" slack="0"/>
</pin_list>
<bind>
<StgValue><ssdm name=""/></StgValue>
</bind>
</comp>

<comp id="48" class="1001" name="const_48">
<pin_list>
<pin id="49" dir="1" index="0" bw="1" slack="0"/>
</pin_list>
<bind>
<StgValue><ssdm name="_ssdm_op_PartSelect.i65.i1024.i32.i32"/></StgValue>
</bind>
</comp>

<comp id="50" class="1001" name="const_50">
<pin_list>
<pin id="51" dir="1" index="0" bw="1" slack="0"/>
</pin_list>
<bind>
<StgValue><ssdm name=""/></StgValue>
</bind>
</comp>

<comp id="52" class="1001" name="const_52">
<pin_list>
<pin id="53" dir="1" index="0" bw="1" slack="0"/>
</pin_list>
<bind>
<StgValue><ssdm name=""/></StgValue>
</bind>
</comp>

<comp id="54" class="1001" name="const_54">
<pin_list>
<pin id="55" dir="1" index="0" bw="1" slack="0"/>
</pin_list>
<bind>
<StgValue><ssdm name="_ssdm_op_BitConcatenate.i577.i65.i512"/></StgValue>
</bind>
</comp>

<comp id="56" class="1001" name="const_56">
<pin_list>
<pin id="57" dir="1" index="0" bw="1" slack="0"/>
</pin_list>
<bind>
<StgValue><ssdm name="_ssdm_op_Write.ap_fifo.volatile.i1024P0A"/></StgValue>
</bind>
</comp>

<comp id="58" class="1001" name="const_58">
<pin_list>
<pin id="59" dir="1" index="0" bw="1" slack="0"/>
</pin_list>
<bind>
<StgValue><ssdm name=""/></StgValue>
</bind>
</comp>

<comp id="60" class="1004" name="tmp_i_nbreadreq_fu_60">
<pin_list>
<pin id="61" dir="0" index="0" bw="1" slack="0"/>
<pin id="62" dir="0" index="1" bw="16" slack="0"/>
<pin id="63" dir="0" index="2" bw="1" slack="0"/>
<pin id="64" dir="1" index="3" bw="1" slack="1"/>
</pin_list>
<bind>
<opcode="nbreadreq(1156) " fcode="nbreadreq"/>
<opset="tmp_i/1 "/>
</bind>
</comp>

<comp id="68" class="1004" name="grp_nbreadreq_fu_68">
<pin_list>
<pin id="69" dir="0" index="0" bw="1" slack="0"/>
<pin id="70" dir="0" index="1" bw="1024" slack="0"/>
<pin id="71" dir="0" index="2" bw="1" slack="0"/>
<pin id="72" dir="1" index="3" bw="1" slack="1"/>
</pin_list>
<bind>
<opcode="nbreadreq(1156) " fcode="nbreadreq"/>
<opset="tmp_506_i/1 tmp_505_i/1 "/>
</bind>
</comp>

<comp id="76" class="1004" name="checksum_V_read_fu_76">
<pin_list>
<pin id="77" dir="0" index="0" bw="16" slack="0"/>
<pin id="78" dir="0" index="1" bw="16" slack="0"/>
<pin id="79" dir="1" index="2" bw="16" slack="0"/>
</pin_list>
<bind>
<opcode="read(1150) " fcode="read"/>
<opset="checksum_V/2 "/>
</bind>
</comp>

<comp id="82" class="1004" name="grp_read_fu_82">
<pin_list>
<pin id="83" dir="0" index="0" bw="1024" slack="0"/>
<pin id="84" dir="0" index="1" bw="1024" slack="0"/>
<pin id="85" dir="1" index="2" bw="1024" slack="0"/>
</pin_list>
<bind>
<opcode="read(1150) " fcode="read"/>
<opset="txEng_tcpPkgBuffer4_read_1/2 txEng_tcpPkgBuffer4_read/2 "/>
</bind>
</comp>

<comp id="88" class="1004" name="grp_write_fu_88">
<pin_list>
<pin id="89" dir="0" index="0" bw="0" slack="0"/>
<pin id="90" dir="0" index="1" bw="1024" slack="0"/>
<pin id="91" dir="0" index="2" bw="1024" slack="0"/>
<pin id="92" dir="1" index="3" bw="0" slack="2147483647"/>
</pin_list>
<bind>
<opcode="write(1151) " fcode="write"/>
<opset="write_ln174/2 write_ln174/2 "/>
</bind>
</comp>

<comp id="96" class="1004" name="grp_fu_96">
<pin_list>
<pin id="97" dir="0" index="0" bw="1" slack="0"/>
<pin id="98" dir="0" index="1" bw="1024" slack="0"/>
<pin id="99" dir="0" index="2" bw="11" slack="0"/>
<pin id="100" dir="1" index="3" bw="1" slack="0"/>
</pin_list>
<bind>
<opcode="bitselect(1000) " fcode="bitselect"/>
<opset="tmp_last_V/2 tmp_last_V_8/2 "/>
</bind>
</comp>

<comp id="104" class="1004" name="state_V_load_load_fu_104">
<pin_list>
<pin id="105" dir="0" index="0" bw="2" slack="0"/>
<pin id="106" dir="1" index="1" bw="2" slack="0"/>
</pin_list>
<bind>
<opcode="load(27) " fcode="load"/>
<opset="state_V_load/1 "/>
</bind>
</comp>

<comp id="108" class="1004" name="icmp_ln1540_fu_108">
<pin_list>
<pin id="109" dir="0" index="0" bw="2" slack="0"/>
<pin id="110" dir="0" index="1" bw="2" slack="0"/>
<pin id="111" dir="1" index="2" bw="1" slack="1"/>
</pin_list>
<bind>
<opcode="icmp(45) " fcode="icmp"/>
<opset="icmp_ln1540/1 "/>
</bind>
</comp>

<comp id="114" class="1004" name="tmp_data_V_fu_114">
<pin_list>
<pin id="115" dir="0" index="0" bw="1024" slack="0"/>
<pin id="116" dir="1" index="1" bw="512" slack="0"/>
</pin_list>
<bind>
<opcode="trunc(33) " fcode="trunc"/>
<opset="tmp_data_V/2 "/>
</bind>
</comp>

<comp id="118" class="1004" name="tmp_507_i6_fu_118">
<pin_list>
<pin id="119" dir="0" index="0" bw="8" slack="0"/>
<pin id="120" dir="0" index="1" bw="16" slack="0"/>
<pin id="121" dir="0" index="2" bw="5" slack="0"/>
<pin id="122" dir="0" index="3" bw="5" slack="0"/>
<pin id="123" dir="1" index="4" bw="8" slack="0"/>
</pin_list>
<bind>
<opcode="partselect(1002) " fcode="partselect"/>
<opset="tmp_507_i6/2 "/>
</bind>
</comp>

<comp id="128" class="1004" name="trunc_ln674_fu_128">
<pin_list>
<pin id="129" dir="0" index="0" bw="16" slack="0"/>
<pin id="130" dir="1" index="1" bw="8" slack="0"/>
</pin_list>
<bind>
<opcode="trunc(33) " fcode="trunc"/>
<opset="trunc_ln674/2 "/>
</bind>
</comp>

<comp id="132" class="1004" name="p_Result_s_fu_132">
<pin_list>
<pin id="133" dir="0" index="0" bw="16" slack="0"/>
<pin id="134" dir="0" index="1" bw="8" slack="0"/>
<pin id="135" dir="0" index="2" bw="8" slack="0"/>
<pin id="136" dir="1" index="3" bw="16" slack="0"/>
</pin_list>
<bind>
<opcode="bitconcatenate(1004) " fcode="bitconcatenate"/>
<opset="p_Result_s/2 "/>
</bind>
</comp>

<comp id="140" class="1004" name="p_Result_202_fu_140">
<pin_list>
<pin id="141" dir="0" index="0" bw="512" slack="0"/>
<pin id="142" dir="0" index="1" bw="512" slack="0"/>
<pin id="143" dir="0" index="2" bw="16" slack="0"/>
<pin id="144" dir="0" index="3" bw="9" slack="0"/>
<pin id="145" dir="0" index="4" bw="9" slack="0"/>
<pin id="146" dir="1" index="5" bw="512" slack="0"/>
</pin_list>
<bind>
<opcode="partset(1003) " fcode="partset"/>
<opset="p_Result_202/2 "/>
</bind>
</comp>

<comp id="152" class="1004" name="tmp_fu_152">
<pin_list>
<pin id="153" dir="0" index="0" bw="65" slack="0"/>
<pin id="154" dir="0" index="1" bw="1024" slack="0"/>
<pin id="155" dir="0" index="2" bw="11" slack="0"/>
<pin id="156" dir="0" index="3" bw="11" slack="0"/>
<pin id="157" dir="1" index="4" bw="65" slack="0"/>
</pin_list>
<bind>
<opcode="partselect(1002) " fcode="partselect"/>
<opset="tmp/2 "/>
</bind>
</comp>

<comp id="162" class="1004" name="tmp_s_fu_162">
<pin_list>
<pin id="163" dir="0" index="0" bw="577" slack="0"/>
<pin id="164" dir="0" index="1" bw="65" slack="0"/>
<pin id="165" dir="0" index="2" bw="512" slack="0"/>
<pin id="166" dir="1" index="3" bw="577" slack="0"/>
</pin_list>
<bind>
<opcode="bitconcatenate(1004) " fcode="bitconcatenate"/>
<opset="tmp_s/2 "/>
</bind>
</comp>

<comp id="170" class="1004" name="zext_ln174_fu_170">
<pin_list>
<pin id="171" dir="0" index="0" bw="577" slack="0"/>
<pin id="172" dir="1" index="1" bw="1024" slack="0"/>
</pin_list>
<bind>
<opcode="zext(34) " fcode="zext"/>
<opset="zext_ln174/2 "/>
</bind>
</comp>

<comp id="175" class="1004" name="select_ln1578_fu_175">
<pin_list>
<pin id="176" dir="0" index="0" bw="1" slack="0"/>
<pin id="177" dir="0" index="1" bw="1" slack="0"/>
<pin id="178" dir="0" index="2" bw="2" slack="0"/>
<pin id="179" dir="1" index="3" bw="2" slack="0"/>
</pin_list>
<bind>
<opcode="select(49) " fcode="select"/>
<opset="select_ln1578/2 "/>
</bind>
</comp>

<comp id="183" class="1004" name="store_ln1578_store_fu_183">
<pin_list>
<pin id="184" dir="0" index="0" bw="2" slack="0"/>
<pin id="185" dir="0" index="1" bw="2" slack="0"/>
<pin id="186" dir="1" index="2" bw="0" slack="2147483647"/>
</pin_list>
<bind>
<opcode="store(28) " fcode="store"/>
<opset="store_ln1578/2 "/>
</bind>
</comp>

<comp id="189" class="1004" name="store_ln1591_store_fu_189">
<pin_list>
<pin id="190" dir="0" index="0" bw="1" slack="0"/>
<pin id="191" dir="0" index="1" bw="2" slack="0"/>
<pin id="192" dir="1" index="2" bw="0" slack="2147483647"/>
</pin_list>
<bind>
<opcode="store(28) " fcode="store"/>
<opset="store_ln1591/2 "/>
</bind>
</comp>

<comp id="195" class="1005" name="icmp_ln1540_reg_195">
<pin_list>
<pin id="196" dir="0" index="0" bw="1" slack="1"/>
<pin id="197" dir="1" index="1" bw="1" slack="2147483647"/>
</pin_list>
<bind>
<opset="icmp_ln1540 "/>
</bind>
</comp>

<comp id="199" class="1005" name="tmp_i_reg_199">
<pin_list>
<pin id="200" dir="0" index="0" bw="1" slack="1"/>
<pin id="201" dir="1" index="1" bw="1" slack="2147483647"/>
</pin_list>
<bind>
<opset="tmp_i "/>
</bind>
</comp>

<comp id="203" class="1005" name="tmp_506_i_reg_203">
<pin_list>
<pin id="204" dir="0" index="0" bw="1" slack="1"/>
<pin id="205" dir="1" index="1" bw="1" slack="2147483647"/>
</pin_list>
<bind>
<opset="tmp_506_i "/>
</bind>
</comp>

<comp id="207" class="1005" name="tmp_505_i_reg_207">
<pin_list>
<pin id="208" dir="0" index="0" bw="1" slack="1"/>
<pin id="209" dir="1" index="1" bw="1" slack="2147483647"/>
</pin_list>
<bind>
<opset="tmp_505_i "/>
</bind>
</comp>

</comp_list>

<net_list>
<net id="65"><net_src comp="20" pin="0"/><net_sink comp="60" pin=0"/></net>

<net id="66"><net_src comp="2" pin="0"/><net_sink comp="60" pin=1"/></net>

<net id="67"><net_src comp="22" pin="0"/><net_sink comp="60" pin=2"/></net>

<net id="73"><net_src comp="24" pin="0"/><net_sink comp="68" pin=0"/></net>

<net id="74"><net_src comp="4" pin="0"/><net_sink comp="68" pin=1"/></net>

<net id="75"><net_src comp="22" pin="0"/><net_sink comp="68" pin=2"/></net>

<net id="80"><net_src comp="26" pin="0"/><net_sink comp="76" pin=0"/></net>

<net id="81"><net_src comp="2" pin="0"/><net_sink comp="76" pin=1"/></net>

<net id="86"><net_src comp="28" pin="0"/><net_sink comp="82" pin=0"/></net>

<net id="87"><net_src comp="4" pin="0"/><net_sink comp="82" pin=1"/></net>

<net id="93"><net_src comp="56" pin="0"/><net_sink comp="88" pin=0"/></net>

<net id="94"><net_src comp="6" pin="0"/><net_sink comp="88" pin=1"/></net>

<net id="95"><net_src comp="82" pin="2"/><net_sink comp="88" pin=2"/></net>

<net id="101"><net_src comp="30" pin="0"/><net_sink comp="96" pin=0"/></net>

<net id="102"><net_src comp="82" pin="2"/><net_sink comp="96" pin=1"/></net>

<net id="103"><net_src comp="32" pin="0"/><net_sink comp="96" pin=2"/></net>

<net id="107"><net_src comp="0" pin="0"/><net_sink comp="104" pin=0"/></net>

<net id="112"><net_src comp="104" pin="1"/><net_sink comp="108" pin=0"/></net>

<net id="113"><net_src comp="18" pin="0"/><net_sink comp="108" pin=1"/></net>

<net id="117"><net_src comp="82" pin="2"/><net_sink comp="114" pin=0"/></net>

<net id="124"><net_src comp="34" pin="0"/><net_sink comp="118" pin=0"/></net>

<net id="125"><net_src comp="76" pin="2"/><net_sink comp="118" pin=1"/></net>

<net id="126"><net_src comp="36" pin="0"/><net_sink comp="118" pin=2"/></net>

<net id="127"><net_src comp="38" pin="0"/><net_sink comp="118" pin=3"/></net>

<net id="131"><net_src comp="76" pin="2"/><net_sink comp="128" pin=0"/></net>

<net id="137"><net_src comp="40" pin="0"/><net_sink comp="132" pin=0"/></net>

<net id="138"><net_src comp="128" pin="1"/><net_sink comp="132" pin=1"/></net>

<net id="139"><net_src comp="118" pin="4"/><net_sink comp="132" pin=2"/></net>

<net id="147"><net_src comp="42" pin="0"/><net_sink comp="140" pin=0"/></net>

<net id="148"><net_src comp="114" pin="1"/><net_sink comp="140" pin=1"/></net>

<net id="149"><net_src comp="132" pin="3"/><net_sink comp="140" pin=2"/></net>

<net id="150"><net_src comp="44" pin="0"/><net_sink comp="140" pin=3"/></net>

<net id="151"><net_src comp="46" pin="0"/><net_sink comp="140" pin=4"/></net>

<net id="158"><net_src comp="48" pin="0"/><net_sink comp="152" pin=0"/></net>

<net id="159"><net_src comp="82" pin="2"/><net_sink comp="152" pin=1"/></net>

<net id="160"><net_src comp="50" pin="0"/><net_sink comp="152" pin=2"/></net>

<net id="161"><net_src comp="52" pin="0"/><net_sink comp="152" pin=3"/></net>

<net id="167"><net_src comp="54" pin="0"/><net_sink comp="162" pin=0"/></net>

<net id="168"><net_src comp="152" pin="4"/><net_sink comp="162" pin=1"/></net>

<net id="169"><net_src comp="140" pin="5"/><net_sink comp="162" pin=2"/></net>

<net id="173"><net_src comp="162" pin="3"/><net_sink comp="170" pin=0"/></net>

<net id="174"><net_src comp="170" pin="1"/><net_sink comp="88" pin=2"/></net>

<net id="180"><net_src comp="96" pin="3"/><net_sink comp="175" pin=0"/></net>

<net id="181"><net_src comp="58" pin="0"/><net_sink comp="175" pin=1"/></net>

<net id="182"><net_src comp="18" pin="0"/><net_sink comp="175" pin=2"/></net>

<net id="187"><net_src comp="175" pin="3"/><net_sink comp="183" pin=0"/></net>

<net id="188"><net_src comp="0" pin="0"/><net_sink comp="183" pin=1"/></net>

<net id="193"><net_src comp="58" pin="0"/><net_sink comp="189" pin=0"/></net>

<net id="194"><net_src comp="0" pin="0"/><net_sink comp="189" pin=1"/></net>

<net id="198"><net_src comp="108" pin="2"/><net_sink comp="195" pin=0"/></net>

<net id="202"><net_src comp="60" pin="3"/><net_sink comp="199" pin=0"/></net>

<net id="206"><net_src comp="68" pin="3"/><net_sink comp="203" pin=0"/></net>

<net id="210"><net_src comp="68" pin="3"/><net_sink comp="207" pin=0"/></net>

</net_list>

</model> 
---------------- Datapath Model END ------------------

* FSMD analyzer results:
  - Output states:
	Port: state_V | {2 }
	Port: txEng_tcpPkgBuffer5 | {2 }
 - Input state : 
	Port: insert_checksum<512> : state_V | {1 }
	Port: insert_checksum<512> : txEng_tcpChecksumFifo | {1 2 }
	Port: insert_checksum<512> : txEng_tcpPkgBuffer4 | {1 2 }
  - Chain level:
	State 1
		icmp_ln1540 : 1
		br_ln1540 : 2
	State 2
		p_Result_s : 1
		p_Result_202 : 2
		tmp_s : 3
		zext_ln174 : 4
		write_ln174 : 5
		select_ln1578 : 1
		store_ln1578 : 2
		br_ln1589 : 1


============================================================
+ Verbose Summary: Datapath Resource usage 
============================================================

* Functional unit list:
|----------|-----------------------|---------|---------|
| Operation|    Functional Unit    |    FF   |   LUT   |
|----------|-----------------------|---------|---------|
|   icmp   |   icmp_ln1540_fu_108  |    0    |    8    |
|----------|-----------------------|---------|---------|
|  select  |  select_ln1578_fu_175 |    0    |    2    |
|----------|-----------------------|---------|---------|
| nbreadreq| tmp_i_nbreadreq_fu_60 |    0    |    0    |
|          |  grp_nbreadreq_fu_68  |    0    |    0    |
|----------|-----------------------|---------|---------|
|   read   | checksum_V_read_fu_76 |    0    |    0    |
|          |     grp_read_fu_82    |    0    |    0    |
|----------|-----------------------|---------|---------|
|   write  |    grp_write_fu_88    |    0    |    0    |
|----------|-----------------------|---------|---------|
| bitselect|       grp_fu_96       |    0    |    0    |
|----------|-----------------------|---------|---------|
|   trunc  |   tmp_data_V_fu_114   |    0    |    0    |
|          |   trunc_ln674_fu_128  |    0    |    0    |
|----------|-----------------------|---------|---------|
|partselect|   tmp_507_i6_fu_118   |    0    |    0    |
|          |       tmp_fu_152      |    0    |    0    |
|----------|-----------------------|---------|---------|
|bitconcatenate|   p_Result_s_fu_132   |    0    |    0    |
|          |      tmp_s_fu_162     |    0    |    0    |
|----------|-----------------------|---------|---------|
|  partset |  p_Result_202_fu_140  |    0    |    0    |
|----------|-----------------------|---------|---------|
|   zext   |   zext_ln174_fu_170   |    0    |    0    |
|----------|-----------------------|---------|---------|
|   Total  |                       |    0    |    10   |
|----------|-----------------------|---------|---------|

Memories:
N/A

* Register list:
+-------------------+--------+
|                   |   FF   |
+-------------------+--------+
|icmp_ln1540_reg_195|    1   |
| tmp_505_i_reg_207 |    1   |
| tmp_506_i_reg_203 |    1   |
|   tmp_i_reg_199   |    1   |
+-------------------+--------+
|       Total       |    4   |
+-------------------+--------+

* Multiplexer (MUX) list: 
|-----------------|------|------|------|--------||---------||---------|
|       Comp      |  Pin | Size |  BW  | S x BW ||  Delay  ||   LUT   |
|-----------------|------|------|------|--------||---------||---------|
| grp_write_fu_88 |  p2  |   2  | 1024 |  2048  ||    9    |
|-----------------|------|------|------|--------||---------||---------|
|      Total      |      |      |      |  2048  ||  0.387  ||    9    |
|-----------------|------|------|------|--------||---------||---------|



* Summary:
+-----------+--------+--------+--------+
|           |  Delay |   FF   |   LUT  |
+-----------+--------+--------+--------+
|  Function |    -   |    0   |   10   |
|   Memory  |    -   |    -   |    -   |
|Multiplexer|    0   |    -   |    9   |
|  Register |    -   |    4   |    -   |
+-----------+--------+--------+--------+
|   Total   |    0   |    4   |   19   |
+-----------+--------+--------+--------+
