

================================================================
== Vitis HLS Report for 'merge_header_meta'
================================================================
* Date:           Tue Jul 11 09:26:26 2023

* Version:        2022.1 (Build 3526262 on Mon Apr 18 15:47:01 MDT 2022)
* Project:        toe_prj
* Solution:       solution1 (Vivado IP Flow Target)
* Product family: virtexuplus
* Target device:  xcu280-fsvh2892-2L-e


================================================================
== Performance Estimates
================================================================
+ Timing: 
    * Summary: 
    +--------+---------+----------+------------+
    |  Clock |  Target | Estimated| Uncertainty|
    +--------+---------+----------+------------+
    |ap_clk  |  3.20 ns|  2.426 ns|     0.86 ns|
    +--------+---------+----------+------------+

+ Latency: 
    * Summary: 
    +---------+---------+----------+----------+-----+-----+---------+
    |  Latency (cycles) |  Latency (absolute) |  Interval | Pipeline|
    |   min   |   max   |    min   |    max   | min | max |   Type  |
    +---------+---------+----------+----------+-----+-----+---------+
    |        1|        1|  3.200 ns|  3.200 ns|    1|    1|      yes|
    +---------+---------+----------+----------+-----+-----+---------+

    + Detail: 
        * Instance: 
        N/A

        * Loop: 
        N/A



================================================================
== Utilization Estimates
================================================================
* Summary: 
+---------------------+---------+------+---------+---------+-----+
|         Name        | BRAM_18K|  DSP |    FF   |   LUT   | URAM|
+---------------------+---------+------+---------+---------+-----+
|DSP                  |        -|     -|        -|        -|    -|
|Expression           |        -|     -|        0|       37|    -|
|FIFO                 |        -|     -|        -|        -|    -|
|Instance             |        -|     -|        -|        -|    -|
|Memory               |        -|     -|        -|        -|    -|
|Multiplexer          |        -|     -|        -|       50|    -|
|Register             |        -|     -|      276|        -|    -|
+---------------------+---------+------+---------+---------+-----+
|Total                |        0|     0|      276|       87|    0|
+---------------------+---------+------+---------+---------+-----+
|Available SLR        |     1344|  3008|   869120|   434560|  320|
+---------------------+---------+------+---------+---------+-----+
|Utilization SLR (%)  |        0|     0|       ~0|       ~0|    0|
+---------------------+---------+------+---------+---------+-----+
|Available            |     4032|  9024|  2607360|  1303680|  960|
+---------------------+---------+------+---------+---------+-----+
|Utilization (%)      |        0|     0|       ~0|       ~0|    0|
+---------------------+---------+------+---------+---------+-----+

+ Detail: 
    * Instance: 
    N/A

    * DSP: 
    N/A

    * Memory: 
    N/A

    * FIFO: 
    N/A

    * Expression: 
    +----------------------------------+----------+----+---+----+------------+------------+
    |           Variable Name          | Operation| DSP| FF| LUT| Bitwidth P0| Bitwidth P1|
    +----------------------------------+----------+----+---+----+------------+------------+
    |and_ln719_fu_281_p2               |       and|   0|  0|   2|           1|           1|
    |ap_condition_151                  |       and|   0|  0|   2|           1|           1|
    |ap_condition_153                  |       and|   0|  0|   2|           1|           1|
    |ap_condition_194                  |       and|   0|  0|   2|           1|           1|
    |ap_predicate_op20_read_state1     |       and|   0|  0|   2|           1|           1|
    |ap_predicate_op55_read_state1     |       and|   0|  0|   2|           1|           1|
    |ap_predicate_op58_write_state2    |       and|   0|  0|   2|           1|           1|
    |ap_predicate_op71_write_state2    |       and|   0|  0|   2|           1|           1|
    |tmp_i_259_nbreadreq_fu_120_p3     |       and|   0|  0|   2|           1|           0|
    |tmp_i_nbreadreq_fu_106_p3         |       and|   0|  0|   2|           1|           0|
    |icmp_ln1081_fu_275_p2             |      icmp|   0|  0|   9|           4|           3|
    |ap_block_pp0_stage0_01001         |        or|   0|  0|   2|           1|           1|
    |ap_block_state1_pp0_stage0_iter0  |        or|   0|  0|   2|           1|           1|
    |ap_block_state2_pp0_stage0_iter1  |        or|   0|  0|   2|           1|           1|
    |ap_enable_pp0                     |       xor|   0|  0|   2|           1|           2|
    +----------------------------------+----------+----+---+----+------------+------------+
    |Total                             |          |   0|  0|  37|          18|          16|
    +----------------------------------+----------+----+---+----+------------+------------+

    * Multiplexer: 
    +----------------------------+----+-----------+-----+-----------+
    |            Name            | LUT| Input Size| Bits| Total Bits|
    +----------------------------+----+-----------+-----+-----------+
    |ap_done                     |   9|          2|    1|          2|
    |rxEng_headerMetaFifo_blk_n  |   9|          2|    1|          2|
    |rxEng_metaDataFifo_blk_n    |   9|          2|    1|          2|
    |rxEng_metaDataFifo_din      |  14|          3|  160|        480|
    |rxEng_winScaleFifo_blk_n    |   9|          2|    1|          2|
    +----------------------------+----+-----------+-----+-----------+
    |Total                       |  50|         11|  164|        488|
    +----------------------------+----+-----------+-----+-----------+

    * Register: 
    +-------------------------+-----+----+-----+-----------+
    |           Name          |  FF | LUT| Bits| Const Bits|
    +-------------------------+-----+----+-----+-----------+
    |and_ln719_reg_457        |    1|   0|    1|          0|
    |ap_CS_fsm                |    1|   0|    1|          0|
    |ap_done_reg              |    1|   0|    1|          0|
    |ap_enable_reg_pp0_iter1  |    1|   0|    1|          0|
    |meta_ackNumb_V           |   32|   0|   32|          0|
    |meta_ack_V               |    1|   0|    1|          0|
    |meta_dataOffset_V        |    4|   0|    4|          0|
    |meta_fin_V               |    1|   0|    1|          0|
    |meta_length_V            |   16|   0|   16|          0|
    |meta_rst_V               |    1|   0|    1|          0|
    |meta_seqNumb_V           |   32|   0|   32|          0|
    |meta_syn_V               |    1|   0|    1|          0|
    |meta_winSize_V           |   16|   0|   16|          0|
    |p_s_reg_461              |  160|   0|  160|          0|
    |state_V_2                |    1|   0|    1|          0|
    |state_V_2_load_reg_449   |    1|   0|    1|          0|
    |tmp_i_259_reg_466        |    1|   0|    1|          0|
    |tmp_i_reg_453            |    1|   0|    1|          0|
    |tmp_reg_470              |    4|   0|    4|          0|
    +-------------------------+-----+----+-----+-----------+
    |Total                    |  276|   0|  276|          0|
    +-------------------------+-----+----+-----+-----------+



================================================================
== Interface
================================================================
* Summary: 
+-------------------------------------+-----+-----+------------+----------------------+--------------+
|              RTL Ports              | Dir | Bits|  Protocol  |     Source Object    |    C Type    |
+-------------------------------------+-----+-----+------------+----------------------+--------------+
|ap_clk                               |   in|    1|  ap_ctrl_hs|     merge_header_meta|  return value|
|ap_rst                               |   in|    1|  ap_ctrl_hs|     merge_header_meta|  return value|
|ap_start                             |   in|    1|  ap_ctrl_hs|     merge_header_meta|  return value|
|ap_done                              |  out|    1|  ap_ctrl_hs|     merge_header_meta|  return value|
|ap_continue                          |   in|    1|  ap_ctrl_hs|     merge_header_meta|  return value|
|ap_idle                              |  out|    1|  ap_ctrl_hs|     merge_header_meta|  return value|
|ap_ready                             |  out|    1|  ap_ctrl_hs|     merge_header_meta|  return value|
|rxEng_headerMetaFifo_dout            |   in|  160|     ap_fifo|  rxEng_headerMetaFifo|       pointer|
|rxEng_headerMetaFifo_num_data_valid  |   in|    5|     ap_fifo|  rxEng_headerMetaFifo|       pointer|
|rxEng_headerMetaFifo_fifo_cap        |   in|    5|     ap_fifo|  rxEng_headerMetaFifo|       pointer|
|rxEng_headerMetaFifo_empty_n         |   in|    1|     ap_fifo|  rxEng_headerMetaFifo|       pointer|
|rxEng_headerMetaFifo_read            |  out|    1|     ap_fifo|  rxEng_headerMetaFifo|       pointer|
|rxEng_winScaleFifo_dout              |   in|    4|     ap_fifo|    rxEng_winScaleFifo|       pointer|
|rxEng_winScaleFifo_num_data_valid    |   in|    2|     ap_fifo|    rxEng_winScaleFifo|       pointer|
|rxEng_winScaleFifo_fifo_cap          |   in|    2|     ap_fifo|    rxEng_winScaleFifo|       pointer|
|rxEng_winScaleFifo_empty_n           |   in|    1|     ap_fifo|    rxEng_winScaleFifo|       pointer|
|rxEng_winScaleFifo_read              |  out|    1|     ap_fifo|    rxEng_winScaleFifo|       pointer|
|rxEng_metaDataFifo_din               |  out|  160|     ap_fifo|    rxEng_metaDataFifo|       pointer|
|rxEng_metaDataFifo_num_data_valid    |   in|    2|     ap_fifo|    rxEng_metaDataFifo|       pointer|
|rxEng_metaDataFifo_fifo_cap          |   in|    2|     ap_fifo|    rxEng_metaDataFifo|       pointer|
|rxEng_metaDataFifo_full_n            |   in|    1|     ap_fifo|    rxEng_metaDataFifo|       pointer|
|rxEng_metaDataFifo_write             |  out|    1|     ap_fifo|    rxEng_metaDataFifo|       pointer|
+-------------------------------------+-----+-----+------------+----------------------+--------------+

============================================================
+ Verbose Summary: Synthesis Manager
============================================================
InlineROM: 1
ExposeGlobal: 0
============================================================
+ Verbose Summary: CDFG Model
============================================================
IsTopModel: 0
ResetActiveHigh: 1
IsCombinational: 2
IsDatapathOnly: 0
HasWiredReturn: 1
HasMFsm: 2
HasVarLatency: 0
IsPipeline: 1
IsRtlPipelined: 1
IsInstanceOverlapped: 0
IsDontTouch: 0
HasImplIP: 0
IsGatedGlobalClock: 0

+ Individual pipeline summary: 
  * Pipeline-0: initiation interval (II) = 1, depth = 2


============================================================
+ Verbose Summary: Schedule
============================================================
* Number of FSM states : 2
* Pipeline : 1
  Pipeline-0 : II = 1, D = 2, States = { 1 2 }
* Dataflow Pipeline: 0

* FSM state transitions: 
1 --> 2 
2 --> 

* FSM state operations: 

State 1 <SV = 0> <Delay = 2.42>
ST_1 : Operation 3 [1/1] (0.00ns)   --->   "%specinterface_ln0 = specinterface void @_ssdm_op_SpecInterface, i160 %rxEng_headerMetaFifo, void @empty, i32 0, i32 0, void @empty_1, i32 0, i32 0, void @empty_1, void @empty_1, void @empty_1, i32 0, i32 0, i32 0, i32 0, void @empty_1, void @empty_1, i32 4294967295, i32 0"   --->   Operation 3 'specinterface' 'specinterface_ln0' <Predicate = true> <Delay = 0.00>
ST_1 : Operation 4 [1/1] (0.00ns)   --->   "%specinterface_ln0 = specinterface void @_ssdm_op_SpecInterface, i160 %rxEng_headerMetaFifo, void @empty, i32 0, i32 0, void @empty_1, i32 0, i32 0, void @empty_1, void @empty_1, void @empty_1, i32 0, i32 0, i32 0, i32 0, void @empty_1, void @empty_1, i32 4294967295, i32 0"   --->   Operation 4 'specinterface' 'specinterface_ln0' <Predicate = true> <Delay = 0.00>
ST_1 : Operation 5 [1/1] (0.00ns)   --->   "%specinterface_ln0 = specinterface void @_ssdm_op_SpecInterface, i160 %rxEng_headerMetaFifo, void @empty, i32 0, i32 0, void @empty_1, i32 0, i32 0, void @empty_1, void @empty_1, void @empty_1, i32 0, i32 0, i32 0, i32 0, void @empty_1, void @empty_1, i32 4294967295, i32 0"   --->   Operation 5 'specinterface' 'specinterface_ln0' <Predicate = true> <Delay = 0.00>
ST_1 : Operation 6 [1/1] (0.00ns)   --->   "%specinterface_ln0 = specinterface void @_ssdm_op_SpecInterface, i160 %rxEng_metaDataFifo, void @empty, i32 0, i32 0, void @empty_1, i32 0, i32 0, void @empty_1, void @empty_1, void @empty_1, i32 0, i32 0, i32 0, i32 0, void @empty_1, void @empty_1, i32 4294967295, i32 0"   --->   Operation 6 'specinterface' 'specinterface_ln0' <Predicate = true> <Delay = 0.00>
ST_1 : Operation 7 [1/1] (0.00ns)   --->   "%specinterface_ln0 = specinterface void @_ssdm_op_SpecInterface, i160 %rxEng_metaDataFifo, void @empty, i32 0, i32 0, void @empty_1, i32 0, i32 0, void @empty_1, void @empty_1, void @empty_1, i32 0, i32 0, i32 0, i32 0, void @empty_1, void @empty_1, i32 4294967295, i32 0"   --->   Operation 7 'specinterface' 'specinterface_ln0' <Predicate = true> <Delay = 0.00>
ST_1 : Operation 8 [1/1] (0.00ns)   --->   "%specinterface_ln0 = specinterface void @_ssdm_op_SpecInterface, i160 %rxEng_metaDataFifo, void @empty, i32 0, i32 0, void @empty_1, i32 0, i32 0, void @empty_1, void @empty_1, void @empty_1, i32 0, i32 0, i32 0, i32 0, void @empty_1, void @empty_1, i32 4294967295, i32 0"   --->   Operation 8 'specinterface' 'specinterface_ln0' <Predicate = true> <Delay = 0.00>
ST_1 : Operation 9 [1/1] (0.00ns)   --->   "%specinterface_ln0 = specinterface void @_ssdm_op_SpecInterface, i4 %rxEng_winScaleFifo, void @empty, i32 0, i32 0, void @empty_1, i32 0, i32 0, void @empty_1, void @empty_1, void @empty_1, i32 0, i32 0, i32 0, i32 0, void @empty_1, void @empty_1, i32 4294967295, i32 0"   --->   Operation 9 'specinterface' 'specinterface_ln0' <Predicate = true> <Delay = 0.00>
ST_1 : Operation 10 [1/1] (0.00ns)   --->   "%specinterface_ln0 = specinterface void @_ssdm_op_SpecInterface, i4 %rxEng_winScaleFifo, void @empty, i32 0, i32 0, void @empty_1, i32 0, i32 0, void @empty_1, void @empty_1, void @empty_1, i32 0, i32 0, i32 0, i32 0, void @empty_1, void @empty_1, i32 4294967295, i32 0"   --->   Operation 10 'specinterface' 'specinterface_ln0' <Predicate = true> <Delay = 0.00>
ST_1 : Operation 11 [1/1] (0.00ns)   --->   "%specinterface_ln0 = specinterface void @_ssdm_op_SpecInterface, i4 %rxEng_winScaleFifo, void @empty, i32 0, i32 0, void @empty_1, i32 0, i32 0, void @empty_1, void @empty_1, void @empty_1, i32 0, i32 0, i32 0, i32 0, void @empty_1, void @empty_1, i32 4294967295, i32 0"   --->   Operation 11 'specinterface' 'specinterface_ln0' <Predicate = true> <Delay = 0.00>
ST_1 : Operation 12 [1/1] (0.00ns)   --->   "%specinterface_ln0 = specinterface void @_ssdm_op_SpecInterface, i160 %rxEng_metaDataFifo, void @empty, i32 0, i32 0, void @empty_1, i32 0, i32 0, void @empty_1, void @empty_1, void @empty_1, i32 0, i32 0, i32 0, i32 0, void @empty_1, void @empty_1, i32 4294967295, i32 0"   --->   Operation 12 'specinterface' 'specinterface_ln0' <Predicate = true> <Delay = 0.00>
ST_1 : Operation 13 [1/1] (0.00ns)   --->   "%specinterface_ln0 = specinterface void @_ssdm_op_SpecInterface, i4 %rxEng_winScaleFifo, void @empty, i32 0, i32 0, void @empty_1, i32 0, i32 0, void @empty_1, void @empty_1, void @empty_1, i32 0, i32 0, i32 0, i32 0, void @empty_1, void @empty_1, i32 4294967295, i32 0"   --->   Operation 13 'specinterface' 'specinterface_ln0' <Predicate = true> <Delay = 0.00>
ST_1 : Operation 14 [1/1] (0.00ns)   --->   "%specinterface_ln0 = specinterface void @_ssdm_op_SpecInterface, i160 %rxEng_headerMetaFifo, void @empty, i32 0, i32 0, void @empty_1, i32 0, i32 0, void @empty_1, void @empty_1, void @empty_1, i32 0, i32 0, i32 0, i32 0, void @empty_1, void @empty_1, i32 4294967295, i32 0"   --->   Operation 14 'specinterface' 'specinterface_ln0' <Predicate = true> <Delay = 0.00>
ST_1 : Operation 15 [1/1] (0.00ns)   --->   "%specpipeline_ln702 = specpipeline void @_ssdm_op_SpecPipeline, i32 1, i32 0, i32 0, i32 0, void @empty_1" [/mnt/scratch/pyuvaraj/Vitis_RoCE_W/Vitis_RoCE/fpga-network-stack/hls/toe/rx_engine/rx_engine.cpp:702]   --->   Operation 15 'specpipeline' 'specpipeline_ln702' <Predicate = true> <Delay = 0.00>
ST_1 : Operation 16 [1/1] (0.00ns)   --->   "%state_V_2_load = load i1 %state_V_2"   --->   Operation 16 'load' 'state_V_2_load' <Predicate = true> <Delay = 0.00>
ST_1 : Operation 17 [1/1] (0.00ns)   --->   "%br_ln712 = br i1 %state_V_2_load, void %sw.bb.i, void %sw.bb10.i" [/mnt/scratch/pyuvaraj/Vitis_RoCE_W/Vitis_RoCE/fpga-network-stack/hls/toe/rx_engine/rx_engine.cpp:712]   --->   Operation 17 'br' 'br_ln712' <Predicate = true> <Delay = 0.00>
ST_1 : Operation 18 [1/1] (0.00ns)   --->   "%tmp_i = nbreadreq i1 @_ssdm_op_NbReadReq.ap_fifo.i160P0A, i160 %rxEng_headerMetaFifo, i32 1" [/tools/Xilinx/Vitis_HLS/2022.1/common/technology/autopilot/hls_stream_39.h:136]   --->   Operation 18 'nbreadreq' 'tmp_i' <Predicate = (!state_V_2_load)> <Delay = 0.00> <CoreInst = "FIFO">   --->   Core 78 'FIFO' <Latency = 0> <II = 1> <Delay = 1.13> <Storage> <Opcode : 'read' 'write' 'nbread' 'nbwrite'> <Ports = 0> <Width = 160> <Depth = 16> <FIFO>
ST_1 : Operation 19 [1/1] (0.00ns)   --->   "%br_ln715 = br i1 %tmp_i, void %if.end9.i, void %if.then.i" [/mnt/scratch/pyuvaraj/Vitis_RoCE_W/Vitis_RoCE/fpga-network-stack/hls/toe/rx_engine/rx_engine.cpp:715]   --->   Operation 19 'br' 'br_ln715' <Predicate = (!state_V_2_load)> <Delay = 0.00>
ST_1 : Operation 20 [1/1] (1.13ns)   --->   "%rxEng_headerMetaFifo_read = read i160 @_ssdm_op_Read.ap_fifo.volatile.i160P0A, i160 %rxEng_headerMetaFifo" [/tools/Xilinx/Vitis_HLS/2022.1/common/technology/autopilot/hls_stream_39.h:145]   --->   Operation 20 'read' 'rxEng_headerMetaFifo_read' <Predicate = (!state_V_2_load & tmp_i)> <Delay = 1.13> <CoreInst = "FIFO">   --->   Core 78 'FIFO' <Latency = 0> <II = 1> <Delay = 1.13> <Storage> <Opcode : 'read' 'write' 'nbread' 'nbwrite'> <Ports = 0> <Width = 160> <Depth = 16> <FIFO>
ST_1 : Operation 21 [1/1] (0.00ns)   --->   "%trunc_ln145 = trunc i160 %rxEng_headerMetaFifo_read" [/tools/Xilinx/Vitis_HLS/2022.1/common/technology/autopilot/hls_stream_39.h:145]   --->   Operation 21 'trunc' 'trunc_ln145' <Predicate = (!state_V_2_load & tmp_i)> <Delay = 0.00>
ST_1 : Operation 22 [1/1] (0.00ns)   --->   "%store_ln145 = store i32 %trunc_ln145, i32 %meta_seqNumb_V" [/tools/Xilinx/Vitis_HLS/2022.1/common/technology/autopilot/hls_stream_39.h:145]   --->   Operation 22 'store' 'store_ln145' <Predicate = (!state_V_2_load & tmp_i)> <Delay = 0.00>
ST_1 : Operation 23 [1/1] (0.00ns)   --->   "%tmp_466_i5 = partselect i32 @_ssdm_op_PartSelect.i32.i160.i32.i32, i160 %rxEng_headerMetaFifo_read, i32 32, i32 63" [/tools/Xilinx/Vitis_HLS/2022.1/common/technology/autopilot/hls_stream_39.h:145]   --->   Operation 23 'partselect' 'tmp_466_i5' <Predicate = (!state_V_2_load & tmp_i)> <Delay = 0.00>
ST_1 : Operation 24 [1/1] (0.00ns)   --->   "%store_ln145 = store i32 %tmp_466_i5, i32 %meta_ackNumb_V" [/tools/Xilinx/Vitis_HLS/2022.1/common/technology/autopilot/hls_stream_39.h:145]   --->   Operation 24 'store' 'store_ln145' <Predicate = (!state_V_2_load & tmp_i)> <Delay = 0.00>
ST_1 : Operation 25 [1/1] (0.00ns)   --->   "%tmp_467_i6 = partselect i16 @_ssdm_op_PartSelect.i16.i160.i32.i32, i160 %rxEng_headerMetaFifo_read, i32 64, i32 79" [/tools/Xilinx/Vitis_HLS/2022.1/common/technology/autopilot/hls_stream_39.h:145]   --->   Operation 25 'partselect' 'tmp_467_i6' <Predicate = (!state_V_2_load & tmp_i)> <Delay = 0.00>
ST_1 : Operation 26 [1/1] (0.00ns)   --->   "%store_ln145 = store i16 %tmp_467_i6, i16 %meta_winSize_V" [/tools/Xilinx/Vitis_HLS/2022.1/common/technology/autopilot/hls_stream_39.h:145]   --->   Operation 26 'store' 'store_ln145' <Predicate = (!state_V_2_load & tmp_i)> <Delay = 0.00>
ST_1 : Operation 27 [1/1] (0.00ns)   --->   "%tmp_468_i7 = partselect i16 @_ssdm_op_PartSelect.i16.i160.i32.i32, i160 %rxEng_headerMetaFifo_read, i32 96, i32 111" [/tools/Xilinx/Vitis_HLS/2022.1/common/technology/autopilot/hls_stream_39.h:145]   --->   Operation 27 'partselect' 'tmp_468_i7' <Predicate = (!state_V_2_load & tmp_i)> <Delay = 0.00>
ST_1 : Operation 28 [1/1] (0.00ns)   --->   "%store_ln145 = store i16 %tmp_468_i7, i16 %meta_length_V" [/tools/Xilinx/Vitis_HLS/2022.1/common/technology/autopilot/hls_stream_39.h:145]   --->   Operation 28 'store' 'store_ln145' <Predicate = (!state_V_2_load & tmp_i)> <Delay = 0.00>
ST_1 : Operation 29 [1/1] (0.00ns)   --->   "%tmp_296 = bitselect i1 @_ssdm_op_BitSelect.i1.i160.i160, i160 %rxEng_headerMetaFifo_read, i160 112" [/tools/Xilinx/Vitis_HLS/2022.1/common/technology/autopilot/hls_stream_39.h:145]   --->   Operation 29 'bitselect' 'tmp_296' <Predicate = (!state_V_2_load & tmp_i)> <Delay = 0.00>
ST_1 : Operation 30 [1/1] (0.00ns)   --->   "%store_ln145 = store i1 %tmp_296, i1 %meta_ack_V" [/tools/Xilinx/Vitis_HLS/2022.1/common/technology/autopilot/hls_stream_39.h:145]   --->   Operation 30 'store' 'store_ln145' <Predicate = (!state_V_2_load & tmp_i)> <Delay = 0.00>
ST_1 : Operation 31 [1/1] (0.00ns)   --->   "%tmp_297 = bitselect i1 @_ssdm_op_BitSelect.i1.i160.i160, i160 %rxEng_headerMetaFifo_read, i160 120" [/tools/Xilinx/Vitis_HLS/2022.1/common/technology/autopilot/hls_stream_39.h:145]   --->   Operation 31 'bitselect' 'tmp_297' <Predicate = (!state_V_2_load & tmp_i)> <Delay = 0.00>
ST_1 : Operation 32 [1/1] (0.00ns)   --->   "%store_ln145 = store i1 %tmp_297, i1 %meta_rst_V" [/tools/Xilinx/Vitis_HLS/2022.1/common/technology/autopilot/hls_stream_39.h:145]   --->   Operation 32 'store' 'store_ln145' <Predicate = (!state_V_2_load & tmp_i)> <Delay = 0.00>
ST_1 : Operation 33 [1/1] (0.00ns)   --->   "%tmp_298 = bitselect i1 @_ssdm_op_BitSelect.i1.i160.i160, i160 %rxEng_headerMetaFifo_read, i160 128" [/tools/Xilinx/Vitis_HLS/2022.1/common/technology/autopilot/hls_stream_39.h:145]   --->   Operation 33 'bitselect' 'tmp_298' <Predicate = (!state_V_2_load & tmp_i)> <Delay = 0.00>
ST_1 : Operation 34 [1/1] (0.00ns)   --->   "%store_ln145 = store i1 %tmp_298, i1 %meta_syn_V" [/tools/Xilinx/Vitis_HLS/2022.1/common/technology/autopilot/hls_stream_39.h:145]   --->   Operation 34 'store' 'store_ln145' <Predicate = (!state_V_2_load & tmp_i)> <Delay = 0.00>
ST_1 : Operation 35 [1/1] (0.00ns)   --->   "%tmp_299 = bitselect i1 @_ssdm_op_BitSelect.i1.i160.i160, i160 %rxEng_headerMetaFifo_read, i160 136" [/tools/Xilinx/Vitis_HLS/2022.1/common/technology/autopilot/hls_stream_39.h:145]   --->   Operation 35 'bitselect' 'tmp_299' <Predicate = (!state_V_2_load & tmp_i)> <Delay = 0.00>
ST_1 : Operation 36 [1/1] (0.00ns)   --->   "%store_ln145 = store i1 %tmp_299, i1 %meta_fin_V" [/tools/Xilinx/Vitis_HLS/2022.1/common/technology/autopilot/hls_stream_39.h:145]   --->   Operation 36 'store' 'store_ln145' <Predicate = (!state_V_2_load & tmp_i)> <Delay = 0.00>
ST_1 : Operation 37 [1/1] (0.00ns)   --->   "%tmp_473_i8 = partselect i4 @_ssdm_op_PartSelect.i4.i160.i32.i32, i160 %rxEng_headerMetaFifo_read, i32 144, i32 147" [/tools/Xilinx/Vitis_HLS/2022.1/common/technology/autopilot/hls_stream_39.h:145]   --->   Operation 37 'partselect' 'tmp_473_i8' <Predicate = (!state_V_2_load & tmp_i)> <Delay = 0.00>
ST_1 : Operation 38 [1/1] (0.00ns)   --->   "%store_ln145 = store i4 %tmp_473_i8, i4 %meta_dataOffset_V" [/tools/Xilinx/Vitis_HLS/2022.1/common/technology/autopilot/hls_stream_39.h:145]   --->   Operation 38 'store' 'store_ln145' <Predicate = (!state_V_2_load & tmp_i)> <Delay = 0.00>
ST_1 : Operation 39 [1/1] (0.65ns)   --->   "%icmp_ln1081 = icmp_ugt  i4 %tmp_473_i8, i4 5"   --->   Operation 39 'icmp' 'icmp_ln1081' <Predicate = (!state_V_2_load & tmp_i)> <Delay = 0.65> <CoreInst = "Cmp">   --->   Core 9 'Cmp' <Latency = 0> <II = 1> <Delay = 0.65> <FuncUnit> <Opcode : 'icmp'> <InPorts = 2> <OutPorts = 1>
ST_1 : Operation 40 [1/1] (0.12ns)   --->   "%and_ln719 = and i1 %tmp_298, i1 %icmp_ln1081" [/mnt/scratch/pyuvaraj/Vitis_RoCE_W/Vitis_RoCE/fpga-network-stack/hls/toe/rx_engine/rx_engine.cpp:719]   --->   Operation 40 'and' 'and_ln719' <Predicate = (!state_V_2_load & tmp_i)> <Delay = 0.12> <CoreInst = "LogicGate">   --->   Core 74 'LogicGate' <Latency = 0> <II = 1> <Delay = 0.12> <FuncUnit> <Opcode : 'and' 'or' 'xor'> <InPorts = 2> <OutPorts = 1>
ST_1 : Operation 41 [1/1] (0.00ns)   --->   "%br_ln719 = br i1 %and_ln719, void %if.else.i, void %if.then7.i" [/mnt/scratch/pyuvaraj/Vitis_RoCE_W/Vitis_RoCE/fpga-network-stack/hls/toe/rx_engine/rx_engine.cpp:719]   --->   Operation 41 'br' 'br_ln719' <Predicate = (!state_V_2_load & tmp_i)> <Delay = 0.00>
ST_1 : Operation 42 [1/1] (0.00ns)   --->   "%tmp_474_i9 = partset i160 @_ssdm_op_PartSet.i160.i160.i4.i32.i32, i160 %rxEng_headerMetaFifo_read, i4 0, i32 80, i32 83" [/tools/Xilinx/Vitis_HLS/2022.1/common/technology/autopilot/hls_stream_39.h:174]   --->   Operation 42 'partset' 'tmp_474_i9' <Predicate = (!state_V_2_load & tmp_i & !and_ln719)> <Delay = 0.00>
ST_1 : Operation 43 [1/1] (0.00ns)   --->   "%tmp_475_i = partset i160 @_ssdm_op_PartSet.i160.i160.i16.i32.i32, i160 %tmp_474_i9, i16 %tmp_468_i7, i32 96, i32 111" [/tools/Xilinx/Vitis_HLS/2022.1/common/technology/autopilot/hls_stream_39.h:174]   --->   Operation 43 'partset' 'tmp_475_i' <Predicate = (!state_V_2_load & tmp_i & !and_ln719)> <Delay = 0.00>
ST_1 : Operation 44 [1/1] (0.00ns)   --->   "%tmp_300 = bitset i160 @_ssdm_op_BitSet.i160.i160.i160.i1, i160 %tmp_475_i, i160 112, i1 %tmp_296" [/tools/Xilinx/Vitis_HLS/2022.1/common/technology/autopilot/hls_stream_39.h:174]   --->   Operation 44 'bitset' 'tmp_300' <Predicate = (!state_V_2_load & tmp_i & !and_ln719)> <Delay = 0.00>
ST_1 : Operation 45 [1/1] (0.00ns)   --->   "%tmp_301 = bitset i160 @_ssdm_op_BitSet.i160.i160.i160.i1, i160 %tmp_300, i160 120, i1 %tmp_297" [/tools/Xilinx/Vitis_HLS/2022.1/common/technology/autopilot/hls_stream_39.h:174]   --->   Operation 45 'bitset' 'tmp_301' <Predicate = (!state_V_2_load & tmp_i & !and_ln719)> <Delay = 0.00>
ST_1 : Operation 46 [1/1] (0.00ns)   --->   "%tmp_302 = bitset i160 @_ssdm_op_BitSet.i160.i160.i160.i1, i160 %tmp_301, i160 128, i1 %tmp_298" [/tools/Xilinx/Vitis_HLS/2022.1/common/technology/autopilot/hls_stream_39.h:174]   --->   Operation 46 'bitset' 'tmp_302' <Predicate = (!state_V_2_load & tmp_i & !and_ln719)> <Delay = 0.00>
ST_1 : Operation 47 [1/1] (0.00ns)   --->   "%tmp_303 = bitset i160 @_ssdm_op_BitSet.i160.i160.i160.i1, i160 %tmp_302, i160 136, i1 %tmp_299" [/tools/Xilinx/Vitis_HLS/2022.1/common/technology/autopilot/hls_stream_39.h:174]   --->   Operation 47 'bitset' 'tmp_303' <Predicate = (!state_V_2_load & tmp_i & !and_ln719)> <Delay = 0.00>
ST_1 : Operation 48 [1/1] (0.00ns)   --->   "%p_s = partset i160 @_ssdm_op_PartSet.i160.i160.i4.i32.i32, i160 %tmp_303, i4 %tmp_473_i8, i32 144, i32 147" [/tools/Xilinx/Vitis_HLS/2022.1/common/technology/autopilot/hls_stream_39.h:174]   --->   Operation 48 'partset' 'p_s' <Predicate = (!state_V_2_load & tmp_i & !and_ln719)> <Delay = 0.00>
ST_1 : Operation 49 [1/1] (0.38ns)   --->   "%store_ln721 = store i1 1, i1 %state_V_2" [/mnt/scratch/pyuvaraj/Vitis_RoCE_W/Vitis_RoCE/fpga-network-stack/hls/toe/rx_engine/rx_engine.cpp:721]   --->   Operation 49 'store' 'store_ln721' <Predicate = (!state_V_2_load & tmp_i & and_ln719)> <Delay = 0.38>
ST_1 : Operation 50 [1/1] (0.00ns)   --->   "%br_ln722 = br void %if.end.i" [/mnt/scratch/pyuvaraj/Vitis_RoCE_W/Vitis_RoCE/fpga-network-stack/hls/toe/rx_engine/rx_engine.cpp:722]   --->   Operation 50 'br' 'br_ln722' <Predicate = (!state_V_2_load & tmp_i & and_ln719)> <Delay = 0.00>
ST_1 : Operation 51 [1/1] (0.00ns)   --->   "%br_ln728 = br void %if.end9.i" [/mnt/scratch/pyuvaraj/Vitis_RoCE_W/Vitis_RoCE/fpga-network-stack/hls/toe/rx_engine/rx_engine.cpp:728]   --->   Operation 51 'br' 'br_ln728' <Predicate = (!state_V_2_load & tmp_i)> <Delay = 0.00>
ST_1 : Operation 52 [1/1] (0.00ns)   --->   "%br_ln729 = br void %merge_header_meta.exit" [/mnt/scratch/pyuvaraj/Vitis_RoCE_W/Vitis_RoCE/fpga-network-stack/hls/toe/rx_engine/rx_engine.cpp:729]   --->   Operation 52 'br' 'br_ln729' <Predicate = (!state_V_2_load)> <Delay = 0.00>
ST_1 : Operation 53 [1/1] (0.00ns)   --->   "%tmp_i_259 = nbreadreq i1 @_ssdm_op_NbReadReq.ap_fifo.i4P0A, i4 %rxEng_winScaleFifo, i32 1" [/tools/Xilinx/Vitis_HLS/2022.1/common/technology/autopilot/hls_stream_39.h:136]   --->   Operation 53 'nbreadreq' 'tmp_i_259' <Predicate = (state_V_2_load)> <Delay = 0.00> <CoreInst = "FIFO_SRL">   --->   Core 81 'FIFO_SRL' <Latency = 0> <II = 1> <Delay = 1.40> <Storage> <Opcode : 'read' 'write' 'nbread' 'nbwrite'> <Ports = 0> <Width = 4> <Depth = 2> <FIFO>
ST_1 : Operation 54 [1/1] (0.00ns)   --->   "%br_ln731 = br i1 %tmp_i_259, void %if.end15.i, void %if.then12.i" [/mnt/scratch/pyuvaraj/Vitis_RoCE_W/Vitis_RoCE/fpga-network-stack/hls/toe/rx_engine/rx_engine.cpp:731]   --->   Operation 54 'br' 'br_ln731' <Predicate = (state_V_2_load)> <Delay = 0.00>
ST_1 : Operation 55 [1/1] (1.16ns)   --->   "%tmp = read i4 @_ssdm_op_Read.ap_fifo.volatile.i4P0A, i4 %rxEng_winScaleFifo" [/tools/Xilinx/Vitis_HLS/2022.1/common/technology/autopilot/hls_stream_39.h:145]   --->   Operation 55 'read' 'tmp' <Predicate = (state_V_2_load & tmp_i_259)> <Delay = 1.16> <CoreInst = "FIFO_SRL">   --->   Core 81 'FIFO_SRL' <Latency = 0> <II = 1> <Delay = 1.40> <Storage> <Opcode : 'read' 'write' 'nbread' 'nbwrite'> <Ports = 0> <Width = 4> <Depth = 2> <FIFO>
ST_1 : Operation 56 [1/1] (0.38ns)   --->   "%store_ln736 = store i1 0, i1 %state_V_2" [/mnt/scratch/pyuvaraj/Vitis_RoCE_W/Vitis_RoCE/fpga-network-stack/hls/toe/rx_engine/rx_engine.cpp:736]   --->   Operation 56 'store' 'store_ln736' <Predicate = (state_V_2_load & tmp_i_259)> <Delay = 0.38>
ST_1 : Operation 57 [1/1] (0.00ns)   --->   "%br_ln738 = br void %merge_header_meta.exit" [/mnt/scratch/pyuvaraj/Vitis_RoCE_W/Vitis_RoCE/fpga-network-stack/hls/toe/rx_engine/rx_engine.cpp:738]   --->   Operation 57 'br' 'br_ln738' <Predicate = (state_V_2_load)> <Delay = 0.00>

State 2 <SV = 1> <Delay = 1.16>
ST_2 : Operation 58 [1/1] (1.16ns)   --->   "%write_ln174 = write void @_ssdm_op_Write.ap_fifo.volatile.i160P0A, i160 %rxEng_metaDataFifo, i160 %p_s" [/tools/Xilinx/Vitis_HLS/2022.1/common/technology/autopilot/hls_stream_39.h:174]   --->   Operation 58 'write' 'write_ln174' <Predicate = (!state_V_2_load & tmp_i & !and_ln719)> <Delay = 1.16> <CoreInst = "FIFO_SRL">   --->   Core 81 'FIFO_SRL' <Latency = 0> <II = 1> <Delay = 1.42> <Storage> <Opcode : 'read' 'write' 'nbread' 'nbwrite'> <Ports = 0> <Width = 160> <Depth = 2> <FIFO>
ST_2 : Operation 59 [1/1] (0.00ns)   --->   "%br_ln0 = br void %if.end.i"   --->   Operation 59 'br' 'br_ln0' <Predicate = (!state_V_2_load & tmp_i & !and_ln719)> <Delay = 0.00>
ST_2 : Operation 60 [1/1] (0.00ns)   --->   "%meta_seqNumb_V_load = load i32 %meta_seqNumb_V" [/tools/Xilinx/Vitis_HLS/2022.1/common/technology/autopilot/hls_stream_39.h:174]   --->   Operation 60 'load' 'meta_seqNumb_V_load' <Predicate = (state_V_2_load & tmp_i_259)> <Delay = 0.00>
ST_2 : Operation 61 [1/1] (0.00ns)   --->   "%meta_ackNumb_V_load = load i32 %meta_ackNumb_V" [/tools/Xilinx/Vitis_HLS/2022.1/common/technology/autopilot/hls_stream_39.h:174]   --->   Operation 61 'load' 'meta_ackNumb_V_load' <Predicate = (state_V_2_load & tmp_i_259)> <Delay = 0.00>
ST_2 : Operation 62 [1/1] (0.00ns)   --->   "%meta_winSize_V_load = load i16 %meta_winSize_V" [/tools/Xilinx/Vitis_HLS/2022.1/common/technology/autopilot/hls_stream_39.h:174]   --->   Operation 62 'load' 'meta_winSize_V_load' <Predicate = (state_V_2_load & tmp_i_259)> <Delay = 0.00>
ST_2 : Operation 63 [1/1] (0.00ns)   --->   "%meta_length_V_load = load i16 %meta_length_V" [/tools/Xilinx/Vitis_HLS/2022.1/common/technology/autopilot/hls_stream_39.h:174]   --->   Operation 63 'load' 'meta_length_V_load' <Predicate = (state_V_2_load & tmp_i_259)> <Delay = 0.00>
ST_2 : Operation 64 [1/1] (0.00ns)   --->   "%meta_ack_V_load = load i1 %meta_ack_V" [/tools/Xilinx/Vitis_HLS/2022.1/common/technology/autopilot/hls_stream_39.h:174]   --->   Operation 64 'load' 'meta_ack_V_load' <Predicate = (state_V_2_load & tmp_i_259)> <Delay = 0.00>
ST_2 : Operation 65 [1/1] (0.00ns)   --->   "%meta_rst_V_load = load i1 %meta_rst_V" [/tools/Xilinx/Vitis_HLS/2022.1/common/technology/autopilot/hls_stream_39.h:174]   --->   Operation 65 'load' 'meta_rst_V_load' <Predicate = (state_V_2_load & tmp_i_259)> <Delay = 0.00>
ST_2 : Operation 66 [1/1] (0.00ns)   --->   "%meta_syn_V_load = load i1 %meta_syn_V" [/tools/Xilinx/Vitis_HLS/2022.1/common/technology/autopilot/hls_stream_39.h:174]   --->   Operation 66 'load' 'meta_syn_V_load' <Predicate = (state_V_2_load & tmp_i_259)> <Delay = 0.00>
ST_2 : Operation 67 [1/1] (0.00ns)   --->   "%meta_fin_V_load = load i1 %meta_fin_V" [/tools/Xilinx/Vitis_HLS/2022.1/common/technology/autopilot/hls_stream_39.h:174]   --->   Operation 67 'load' 'meta_fin_V_load' <Predicate = (state_V_2_load & tmp_i_259)> <Delay = 0.00>
ST_2 : Operation 68 [1/1] (0.00ns)   --->   "%meta_dataOffset_V_load = load i4 %meta_dataOffset_V" [/tools/Xilinx/Vitis_HLS/2022.1/common/technology/autopilot/hls_stream_39.h:174]   --->   Operation 68 'load' 'meta_dataOffset_V_load' <Predicate = (state_V_2_load & tmp_i_259)> <Delay = 0.00>
ST_2 : Operation 69 [1/1] (0.00ns)   --->   "%or_ln174_s = bitconcatenate i148 @_ssdm_op_BitConcatenate.i148.i4.i7.i1.i7.i1.i7.i1.i7.i1.i16.i12.i4.i16.i32.i32, i4 %meta_dataOffset_V_load, i7 0, i1 %meta_fin_V_load, i7 0, i1 %meta_syn_V_load, i7 0, i1 %meta_rst_V_load, i7 0, i1 %meta_ack_V_load, i16 %meta_length_V_load, i12 0, i4 %tmp, i16 %meta_winSize_V_load, i32 %meta_ackNumb_V_load, i32 %meta_seqNumb_V_load" [/tools/Xilinx/Vitis_HLS/2022.1/common/technology/autopilot/hls_stream_39.h:174]   --->   Operation 69 'bitconcatenate' 'or_ln174_s' <Predicate = (state_V_2_load & tmp_i_259)> <Delay = 0.00>
ST_2 : Operation 70 [1/1] (0.00ns)   --->   "%zext_ln174 = zext i148 %or_ln174_s" [/tools/Xilinx/Vitis_HLS/2022.1/common/technology/autopilot/hls_stream_39.h:174]   --->   Operation 70 'zext' 'zext_ln174' <Predicate = (state_V_2_load & tmp_i_259)> <Delay = 0.00>
ST_2 : Operation 71 [1/1] (1.16ns)   --->   "%write_ln174 = write void @_ssdm_op_Write.ap_fifo.volatile.i160P0A, i160 %rxEng_metaDataFifo, i160 %zext_ln174" [/tools/Xilinx/Vitis_HLS/2022.1/common/technology/autopilot/hls_stream_39.h:174]   --->   Operation 71 'write' 'write_ln174' <Predicate = (state_V_2_load & tmp_i_259)> <Delay = 1.16> <CoreInst = "FIFO_SRL">   --->   Core 81 'FIFO_SRL' <Latency = 0> <II = 1> <Delay = 1.42> <Storage> <Opcode : 'read' 'write' 'nbread' 'nbwrite'> <Ports = 0> <Width = 160> <Depth = 2> <FIFO>
ST_2 : Operation 72 [1/1] (0.00ns)   --->   "%br_ln737 = br void %if.end15.i" [/mnt/scratch/pyuvaraj/Vitis_RoCE_W/Vitis_RoCE/fpga-network-stack/hls/toe/rx_engine/rx_engine.cpp:737]   --->   Operation 72 'br' 'br_ln737' <Predicate = (state_V_2_load & tmp_i_259)> <Delay = 0.00>
ST_2 : Operation 73 [1/1] (0.00ns)   --->   "%ret_ln0 = ret"   --->   Operation 73 'ret' 'ret_ln0' <Predicate = true> <Delay = 0.00>


============================================================
+ Verbose Summary: Binding
============================================================
STG Binding: 
---------------- STG Properties BEGIN ----------------
- Is combinational: 0
- Is one-state seq: 0
- Is datapath-only: 0
- Is pipelined: 1
- Is top level: 0
Port [ Return ] is wired: 1; IO mode=ap_ctrl_hs:ce=0
Port [ state_V_2]:  wired=0; compound=0; hidden=1; nouse=0; global=1; static=1; extern=0; dir=2; type=0; pingpong=0; private_global=1; IO mode=ap_ovld:ce=0
Port [ rxEng_headerMetaFifo]:  wired=1; compound=1; hidden=0; nouse=0; global=1; static=1; extern=0; dir=0; type=3; pingpong=0; private_global=0; IO mode=ap_fifo:ce=0
Port [ meta_seqNumb_V]:  wired=0; compound=0; hidden=1; nouse=0; global=1; static=1; extern=0; dir=2; type=0; pingpong=0; private_global=1; IO mode=ap_ovld:ce=0
Port [ meta_ackNumb_V]:  wired=0; compound=0; hidden=1; nouse=0; global=1; static=1; extern=0; dir=2; type=0; pingpong=0; private_global=1; IO mode=ap_ovld:ce=0
Port [ meta_winSize_V]:  wired=0; compound=0; hidden=1; nouse=0; global=1; static=1; extern=0; dir=2; type=0; pingpong=0; private_global=1; IO mode=ap_ovld:ce=0
Port [ meta_length_V]:  wired=0; compound=0; hidden=1; nouse=0; global=1; static=1; extern=0; dir=2; type=0; pingpong=0; private_global=1; IO mode=ap_ovld:ce=0
Port [ meta_ack_V]:  wired=0; compound=0; hidden=1; nouse=0; global=1; static=1; extern=0; dir=2; type=0; pingpong=0; private_global=1; IO mode=ap_ovld:ce=0
Port [ meta_rst_V]:  wired=0; compound=0; hidden=1; nouse=0; global=1; static=1; extern=0; dir=2; type=0; pingpong=0; private_global=1; IO mode=ap_ovld:ce=0
Port [ meta_syn_V]:  wired=0; compound=0; hidden=1; nouse=0; global=1; static=1; extern=0; dir=2; type=0; pingpong=0; private_global=1; IO mode=ap_ovld:ce=0
Port [ meta_fin_V]:  wired=0; compound=0; hidden=1; nouse=0; global=1; static=1; extern=0; dir=2; type=0; pingpong=0; private_global=1; IO mode=ap_ovld:ce=0
Port [ meta_dataOffset_V]:  wired=0; compound=0; hidden=1; nouse=0; global=1; static=1; extern=0; dir=2; type=0; pingpong=0; private_global=1; IO mode=ap_ovld:ce=0
Port [ rxEng_metaDataFifo]:  wired=1; compound=1; hidden=0; nouse=0; global=1; static=1; extern=0; dir=1; type=3; pingpong=0; private_global=0; IO mode=ap_fifo:ce=0
Port [ rxEng_winScaleFifo]:  wired=1; compound=1; hidden=0; nouse=0; global=1; static=1; extern=0; dir=0; type=3; pingpong=0; private_global=0; IO mode=ap_fifo:ce=0
---------------- STG Properties END ------------------

---------------- Datapath Model BEGIN ----------------

<LifeTime>
<method=bitvector/>
specinterface_ln0         (specinterface ) [ 000]
specinterface_ln0         (specinterface ) [ 000]
specinterface_ln0         (specinterface ) [ 000]
specinterface_ln0         (specinterface ) [ 000]
specinterface_ln0         (specinterface ) [ 000]
specinterface_ln0         (specinterface ) [ 000]
specinterface_ln0         (specinterface ) [ 000]
specinterface_ln0         (specinterface ) [ 000]
specinterface_ln0         (specinterface ) [ 000]
specinterface_ln0         (specinterface ) [ 000]
specinterface_ln0         (specinterface ) [ 000]
specinterface_ln0         (specinterface ) [ 000]
specpipeline_ln702        (specpipeline  ) [ 000]
state_V_2_load            (load          ) [ 011]
br_ln712                  (br            ) [ 000]
tmp_i                     (nbreadreq     ) [ 011]
br_ln715                  (br            ) [ 000]
rxEng_headerMetaFifo_read (read          ) [ 000]
trunc_ln145               (trunc         ) [ 000]
store_ln145               (store         ) [ 000]
tmp_466_i5                (partselect    ) [ 000]
store_ln145               (store         ) [ 000]
tmp_467_i6                (partselect    ) [ 000]
store_ln145               (store         ) [ 000]
tmp_468_i7                (partselect    ) [ 000]
store_ln145               (store         ) [ 000]
tmp_296                   (bitselect     ) [ 000]
store_ln145               (store         ) [ 000]
tmp_297                   (bitselect     ) [ 000]
store_ln145               (store         ) [ 000]
tmp_298                   (bitselect     ) [ 000]
store_ln145               (store         ) [ 000]
tmp_299                   (bitselect     ) [ 000]
store_ln145               (store         ) [ 000]
tmp_473_i8                (partselect    ) [ 000]
store_ln145               (store         ) [ 000]
icmp_ln1081               (icmp          ) [ 000]
and_ln719                 (and           ) [ 011]
br_ln719                  (br            ) [ 000]
tmp_474_i9                (partset       ) [ 000]
tmp_475_i                 (partset       ) [ 000]
tmp_300                   (bitset        ) [ 000]
tmp_301                   (bitset        ) [ 000]
tmp_302                   (bitset        ) [ 000]
tmp_303                   (bitset        ) [ 000]
p_s                       (partset       ) [ 011]
store_ln721               (store         ) [ 000]
br_ln722                  (br            ) [ 000]
br_ln728                  (br            ) [ 000]
br_ln729                  (br            ) [ 000]
tmp_i_259                 (nbreadreq     ) [ 011]
br_ln731                  (br            ) [ 000]
tmp                       (read          ) [ 011]
store_ln736               (store         ) [ 000]
br_ln738                  (br            ) [ 000]
write_ln174               (write         ) [ 000]
br_ln0                    (br            ) [ 000]
meta_seqNumb_V_load       (load          ) [ 000]
meta_ackNumb_V_load       (load          ) [ 000]
meta_winSize_V_load       (load          ) [ 000]
meta_length_V_load        (load          ) [ 000]
meta_ack_V_load           (load          ) [ 000]
meta_rst_V_load           (load          ) [ 000]
meta_syn_V_load           (load          ) [ 000]
meta_fin_V_load           (load          ) [ 000]
meta_dataOffset_V_load    (load          ) [ 000]
or_ln174_s                (bitconcatenate) [ 000]
zext_ln174                (zext          ) [ 000]
write_ln174               (write         ) [ 000]
br_ln737                  (br            ) [ 000]
ret_ln0                   (ret           ) [ 000]
</LifeTime>

<model>

<comp_list>
<comp id="0" class="1000" name="state_V_2">
<pin_list>
<pin id="1" dir="1" index="0" bw="1" slack="0"/>
</pin_list>
<bind>
<StgValue><ssdm name="state_V_2"/></StgValue>
</bind>
</comp>

<comp id="2" class="1000" name="rxEng_headerMetaFifo">
<pin_list>
<pin id="3" dir="1" index="0" bw="1" slack="0"/>
</pin_list>
<bind>
<StgValue><ssdm name="rxEng_headerMetaFifo"/></StgValue>
</bind>
</comp>

<comp id="4" class="1000" name="meta_seqNumb_V">
<pin_list>
<pin id="5" dir="1" index="0" bw="1" slack="0"/>
</pin_list>
<bind>
<StgValue><ssdm name="meta_seqNumb_V"/></StgValue>
</bind>
</comp>

<comp id="6" class="1000" name="meta_ackNumb_V">
<pin_list>
<pin id="7" dir="1" index="0" bw="1" slack="0"/>
</pin_list>
<bind>
<StgValue><ssdm name="meta_ackNumb_V"/></StgValue>
</bind>
</comp>

<comp id="8" class="1000" name="meta_winSize_V">
<pin_list>
<pin id="9" dir="1" index="0" bw="1" slack="0"/>
</pin_list>
<bind>
<StgValue><ssdm name="meta_winSize_V"/></StgValue>
</bind>
</comp>

<comp id="10" class="1000" name="meta_length_V">
<pin_list>
<pin id="11" dir="1" index="0" bw="1" slack="0"/>
</pin_list>
<bind>
<StgValue><ssdm name="meta_length_V"/></StgValue>
</bind>
</comp>

<comp id="12" class="1000" name="meta_ack_V">
<pin_list>
<pin id="13" dir="1" index="0" bw="1" slack="0"/>
</pin_list>
<bind>
<StgValue><ssdm name="meta_ack_V"/></StgValue>
</bind>
</comp>

<comp id="14" class="1000" name="meta_rst_V">
<pin_list>
<pin id="15" dir="1" index="0" bw="1" slack="0"/>
</pin_list>
<bind>
<StgValue><ssdm name="meta_rst_V"/></StgValue>
</bind>
</comp>

<comp id="16" class="1000" name="meta_syn_V">
<pin_list>
<pin id="17" dir="1" index="0" bw="1" slack="0"/>
</pin_list>
<bind>
<StgValue><ssdm name="meta_syn_V"/></StgValue>
</bind>
</comp>

<comp id="18" class="1000" name="meta_fin_V">
<pin_list>
<pin id="19" dir="1" index="0" bw="1" slack="0"/>
</pin_list>
<bind>
<StgValue><ssdm name="meta_fin_V"/></StgValue>
</bind>
</comp>

<comp id="20" class="1000" name="meta_dataOffset_V">
<pin_list>
<pin id="21" dir="1" index="0" bw="1" slack="0"/>
</pin_list>
<bind>
<StgValue><ssdm name="meta_dataOffset_V"/></StgValue>
</bind>
</comp>

<comp id="22" class="1000" name="rxEng_metaDataFifo">
<pin_list>
<pin id="23" dir="1" index="0" bw="1" slack="0"/>
</pin_list>
<bind>
<StgValue><ssdm name="rxEng_metaDataFifo"/></StgValue>
</bind>
</comp>

<comp id="24" class="1000" name="rxEng_winScaleFifo">
<pin_list>
<pin id="25" dir="1" index="0" bw="1" slack="0"/>
</pin_list>
<bind>
<StgValue><ssdm name="rxEng_winScaleFifo"/></StgValue>
</bind>
</comp>

<comp id="26" class="1001" name="const_26">
<pin_list>
<pin id="27" dir="1" index="0" bw="1" slack="2147483647"/>
</pin_list>
<bind>
<StgValue><ssdm name="_ssdm_op_SpecInterface"/></StgValue>
</bind>
</comp>

<comp id="28" class="1001" name="const_28">
<pin_list>
<pin id="29" dir="1" index="0" bw="1" slack="2147483647"/>
</pin_list>
<bind>
<StgValue><ssdm name="empty"/></StgValue>
</bind>
</comp>

<comp id="30" class="1001" name="const_30">
<pin_list>
<pin id="31" dir="1" index="0" bw="1" slack="2147483647"/>
</pin_list>
<bind>
<StgValue><ssdm name=""/></StgValue>
</bind>
</comp>

<comp id="32" class="1001" name="const_32">
<pin_list>
<pin id="33" dir="1" index="0" bw="1" slack="2147483647"/>
</pin_list>
<bind>
<StgValue><ssdm name="empty_1"/></StgValue>
</bind>
</comp>

<comp id="34" class="1001" name="const_34">
<pin_list>
<pin id="35" dir="1" index="0" bw="1" slack="2147483647"/>
</pin_list>
<bind>
<StgValue><ssdm name=""/></StgValue>
</bind>
</comp>

<comp id="36" class="1001" name="const_36">
<pin_list>
<pin id="37" dir="1" index="0" bw="1" slack="2147483647"/>
</pin_list>
<bind>
<StgValue><ssdm name="_ssdm_op_SpecPipeline"/></StgValue>
</bind>
</comp>

<comp id="38" class="1001" name="const_38">
<pin_list>
<pin id="39" dir="1" index="0" bw="1" slack="0"/>
</pin_list>
<bind>
<StgValue><ssdm name=""/></StgValue>
</bind>
</comp>

<comp id="40" class="1001" name="const_40">
<pin_list>
<pin id="41" dir="1" index="0" bw="1" slack="0"/>
</pin_list>
<bind>
<StgValue><ssdm name="_ssdm_op_NbReadReq.ap_fifo.i160P0A"/></StgValue>
</bind>
</comp>

<comp id="42" class="1001" name="const_42">
<pin_list>
<pin id="43" dir="1" index="0" bw="1" slack="0"/>
</pin_list>
<bind>
<StgValue><ssdm name="_ssdm_op_Read.ap_fifo.volatile.i160P0A"/></StgValue>
</bind>
</comp>

<comp id="44" class="1001" name="const_44">
<pin_list>
<pin id="45" dir="1" index="0" bw="1" slack="0"/>
</pin_list>
<bind>
<StgValue><ssdm name="_ssdm_op_PartSelect.i32.i160.i32.i32"/></StgValue>
</bind>
</comp>

<comp id="46" class="1001" name="const_46">
<pin_list>
<pin id="47" dir="1" index="0" bw="1" slack="0"/>
</pin_list>
<bind>
<StgValue><ssdm name=""/></StgValue>
</bind>
</comp>

<comp id="48" class="1001" name="const_48">
<pin_list>
<pin id="49" dir="1" index="0" bw="1" slack="0"/>
</pin_list>
<bind>
<StgValue><ssdm name=""/></StgValue>
</bind>
</comp>

<comp id="50" class="1001" name="const_50">
<pin_list>
<pin id="51" dir="1" index="0" bw="1" slack="0"/>
</pin_list>
<bind>
<StgValue><ssdm name="_ssdm_op_PartSelect.i16.i160.i32.i32"/></StgValue>
</bind>
</comp>

<comp id="52" class="1001" name="const_52">
<pin_list>
<pin id="53" dir="1" index="0" bw="1" slack="0"/>
</pin_list>
<bind>
<StgValue><ssdm name=""/></StgValue>
</bind>
</comp>

<comp id="54" class="1001" name="const_54">
<pin_list>
<pin id="55" dir="1" index="0" bw="1" slack="0"/>
</pin_list>
<bind>
<StgValue><ssdm name=""/></StgValue>
</bind>
</comp>

<comp id="56" class="1001" name="const_56">
<pin_list>
<pin id="57" dir="1" index="0" bw="1" slack="0"/>
</pin_list>
<bind>
<StgValue><ssdm name=""/></StgValue>
</bind>
</comp>

<comp id="58" class="1001" name="const_58">
<pin_list>
<pin id="59" dir="1" index="0" bw="1" slack="0"/>
</pin_list>
<bind>
<StgValue><ssdm name=""/></StgValue>
</bind>
</comp>

<comp id="60" class="1001" name="const_60">
<pin_list>
<pin id="61" dir="1" index="0" bw="1" slack="0"/>
</pin_list>
<bind>
<StgValue><ssdm name="_ssdm_op_BitSelect.i1.i160.i160"/></StgValue>
</bind>
</comp>

<comp id="62" class="1001" name="const_62">
<pin_list>
<pin id="63" dir="1" index="0" bw="1" slack="0"/>
</pin_list>
<bind>
<StgValue><ssdm name=""/></StgValue>
</bind>
</comp>

<comp id="64" class="1001" name="const_64">
<pin_list>
<pin id="65" dir="1" index="0" bw="1" slack="0"/>
</pin_list>
<bind>
<StgValue><ssdm name=""/></StgValue>
</bind>
</comp>

<comp id="66" class="1001" name="const_66">
<pin_list>
<pin id="67" dir="1" index="0" bw="1" slack="0"/>
</pin_list>
<bind>
<StgValue><ssdm name=""/></StgValue>
</bind>
</comp>

<comp id="68" class="1001" name="const_68">
<pin_list>
<pin id="69" dir="1" index="0" bw="1" slack="0"/>
</pin_list>
<bind>
<StgValue><ssdm name=""/></StgValue>
</bind>
</comp>

<comp id="70" class="1001" name="const_70">
<pin_list>
<pin id="71" dir="1" index="0" bw="1" slack="0"/>
</pin_list>
<bind>
<StgValue><ssdm name="_ssdm_op_PartSelect.i4.i160.i32.i32"/></StgValue>
</bind>
</comp>

<comp id="72" class="1001" name="const_72">
<pin_list>
<pin id="73" dir="1" index="0" bw="1" slack="0"/>
</pin_list>
<bind>
<StgValue><ssdm name=""/></StgValue>
</bind>
</comp>

<comp id="74" class="1001" name="const_74">
<pin_list>
<pin id="75" dir="1" index="0" bw="1" slack="0"/>
</pin_list>
<bind>
<StgValue><ssdm name=""/></StgValue>
</bind>
</comp>

<comp id="76" class="1001" name="const_76">
<pin_list>
<pin id="77" dir="1" index="0" bw="1" slack="0"/>
</pin_list>
<bind>
<StgValue><ssdm name=""/></StgValue>
</bind>
</comp>

<comp id="78" class="1001" name="const_78">
<pin_list>
<pin id="79" dir="1" index="0" bw="1" slack="0"/>
</pin_list>
<bind>
<StgValue><ssdm name="_ssdm_op_PartSet.i160.i160.i4.i32.i32"/></StgValue>
</bind>
</comp>

<comp id="80" class="1001" name="const_80">
<pin_list>
<pin id="81" dir="1" index="0" bw="1" slack="0"/>
</pin_list>
<bind>
<StgValue><ssdm name=""/></StgValue>
</bind>
</comp>

<comp id="82" class="1001" name="const_82">
<pin_list>
<pin id="83" dir="1" index="0" bw="1" slack="0"/>
</pin_list>
<bind>
<StgValue><ssdm name=""/></StgValue>
</bind>
</comp>

<comp id="84" class="1001" name="const_84">
<pin_list>
<pin id="85" dir="1" index="0" bw="1" slack="0"/>
</pin_list>
<bind>
<StgValue><ssdm name=""/></StgValue>
</bind>
</comp>

<comp id="86" class="1001" name="const_86">
<pin_list>
<pin id="87" dir="1" index="0" bw="1" slack="0"/>
</pin_list>
<bind>
<StgValue><ssdm name="_ssdm_op_PartSet.i160.i160.i16.i32.i32"/></StgValue>
</bind>
</comp>

<comp id="88" class="1001" name="const_88">
<pin_list>
<pin id="89" dir="1" index="0" bw="1" slack="0"/>
</pin_list>
<bind>
<StgValue><ssdm name="_ssdm_op_BitSet.i160.i160.i160.i1"/></StgValue>
</bind>
</comp>

<comp id="90" class="1001" name="const_90">
<pin_list>
<pin id="91" dir="1" index="0" bw="1" slack="0"/>
</pin_list>
<bind>
<StgValue><ssdm name=""/></StgValue>
</bind>
</comp>

<comp id="92" class="1001" name="const_92">
<pin_list>
<pin id="93" dir="1" index="0" bw="1" slack="0"/>
</pin_list>
<bind>
<StgValue><ssdm name="_ssdm_op_NbReadReq.ap_fifo.i4P0A"/></StgValue>
</bind>
</comp>

<comp id="94" class="1001" name="const_94">
<pin_list>
<pin id="95" dir="1" index="0" bw="1" slack="0"/>
</pin_list>
<bind>
<StgValue><ssdm name="_ssdm_op_Read.ap_fifo.volatile.i4P0A"/></StgValue>
</bind>
</comp>

<comp id="96" class="1001" name="const_96">
<pin_list>
<pin id="97" dir="1" index="0" bw="1" slack="0"/>
</pin_list>
<bind>
<StgValue><ssdm name=""/></StgValue>
</bind>
</comp>

<comp id="98" class="1001" name="const_98">
<pin_list>
<pin id="99" dir="1" index="0" bw="1" slack="0"/>
</pin_list>
<bind>
<StgValue><ssdm name="_ssdm_op_Write.ap_fifo.volatile.i160P0A"/></StgValue>
</bind>
</comp>

<comp id="100" class="1001" name="const_100">
<pin_list>
<pin id="101" dir="1" index="0" bw="1" slack="0"/>
</pin_list>
<bind>
<StgValue><ssdm name="_ssdm_op_BitConcatenate.i148.i4.i7.i1.i7.i1.i7.i1.i7.i1.i16.i12.i4.i16.i32.i32"/></StgValue>
</bind>
</comp>

<comp id="102" class="1001" name="const_102">
<pin_list>
<pin id="103" dir="1" index="0" bw="1" slack="0"/>
</pin_list>
<bind>
<StgValue><ssdm name=""/></StgValue>
</bind>
</comp>

<comp id="104" class="1001" name="const_104">
<pin_list>
<pin id="105" dir="1" index="0" bw="1" slack="0"/>
</pin_list>
<bind>
<StgValue><ssdm name=""/></StgValue>
</bind>
</comp>

<comp id="106" class="1004" name="tmp_i_nbreadreq_fu_106">
<pin_list>
<pin id="107" dir="0" index="0" bw="1" slack="0"/>
<pin id="108" dir="0" index="1" bw="160" slack="0"/>
<pin id="109" dir="0" index="2" bw="1" slack="0"/>
<pin id="110" dir="1" index="3" bw="1" slack="1"/>
</pin_list>
<bind>
<opcode="nbreadreq(1156) " fcode="nbreadreq"/>
<opset="tmp_i/1 "/>
</bind>
</comp>

<comp id="114" class="1004" name="rxEng_headerMetaFifo_read_read_fu_114">
<pin_list>
<pin id="115" dir="0" index="0" bw="160" slack="0"/>
<pin id="116" dir="0" index="1" bw="160" slack="0"/>
<pin id="117" dir="1" index="2" bw="160" slack="0"/>
</pin_list>
<bind>
<opcode="read(1150) " fcode="read"/>
<opset="rxEng_headerMetaFifo_read/1 "/>
</bind>
</comp>

<comp id="120" class="1004" name="tmp_i_259_nbreadreq_fu_120">
<pin_list>
<pin id="121" dir="0" index="0" bw="1" slack="0"/>
<pin id="122" dir="0" index="1" bw="4" slack="0"/>
<pin id="123" dir="0" index="2" bw="1" slack="0"/>
<pin id="124" dir="1" index="3" bw="1" slack="1"/>
</pin_list>
<bind>
<opcode="nbreadreq(1156) " fcode="nbreadreq"/>
<opset="tmp_i_259/1 "/>
</bind>
</comp>

<comp id="128" class="1004" name="tmp_read_fu_128">
<pin_list>
<pin id="129" dir="0" index="0" bw="4" slack="0"/>
<pin id="130" dir="0" index="1" bw="4" slack="0"/>
<pin id="131" dir="1" index="2" bw="4" slack="1"/>
</pin_list>
<bind>
<opcode="read(1150) " fcode="read"/>
<opset="tmp/1 "/>
</bind>
</comp>

<comp id="134" class="1004" name="grp_write_fu_134">
<pin_list>
<pin id="135" dir="0" index="0" bw="0" slack="0"/>
<pin id="136" dir="0" index="1" bw="160" slack="0"/>
<pin id="137" dir="0" index="2" bw="160" slack="0"/>
<pin id="138" dir="1" index="3" bw="0" slack="2147483647"/>
</pin_list>
<bind>
<opcode="write(1151) " fcode="write"/>
<opset="write_ln174/2 write_ln174/2 "/>
</bind>
</comp>

<comp id="141" class="1004" name="state_V_2_load_load_fu_141">
<pin_list>
<pin id="142" dir="0" index="0" bw="1" slack="0"/>
<pin id="143" dir="1" index="1" bw="1" slack="1"/>
</pin_list>
<bind>
<opcode="load(27) " fcode="load"/>
<opset="state_V_2_load/1 "/>
</bind>
</comp>

<comp id="145" class="1004" name="trunc_ln145_fu_145">
<pin_list>
<pin id="146" dir="0" index="0" bw="160" slack="0"/>
<pin id="147" dir="1" index="1" bw="32" slack="0"/>
</pin_list>
<bind>
<opcode="trunc(33) " fcode="trunc"/>
<opset="trunc_ln145/1 "/>
</bind>
</comp>

<comp id="149" class="1004" name="store_ln145_store_fu_149">
<pin_list>
<pin id="150" dir="0" index="0" bw="32" slack="0"/>
<pin id="151" dir="0" index="1" bw="32" slack="0"/>
<pin id="152" dir="1" index="2" bw="0" slack="2147483647"/>
</pin_list>
<bind>
<opcode="store(28) " fcode="store"/>
<opset="store_ln145/1 "/>
</bind>
</comp>

<comp id="155" class="1004" name="tmp_466_i5_fu_155">
<pin_list>
<pin id="156" dir="0" index="0" bw="32" slack="0"/>
<pin id="157" dir="0" index="1" bw="160" slack="0"/>
<pin id="158" dir="0" index="2" bw="7" slack="0"/>
<pin id="159" dir="0" index="3" bw="7" slack="0"/>
<pin id="160" dir="1" index="4" bw="32" slack="0"/>
</pin_list>
<bind>
<opcode="partselect(1002) " fcode="partselect"/>
<opset="tmp_466_i5/1 "/>
</bind>
</comp>

<comp id="165" class="1004" name="store_ln145_store_fu_165">
<pin_list>
<pin id="166" dir="0" index="0" bw="32" slack="0"/>
<pin id="167" dir="0" index="1" bw="32" slack="0"/>
<pin id="168" dir="1" index="2" bw="0" slack="2147483647"/>
</pin_list>
<bind>
<opcode="store(28) " fcode="store"/>
<opset="store_ln145/1 "/>
</bind>
</comp>

<comp id="171" class="1004" name="tmp_467_i6_fu_171">
<pin_list>
<pin id="172" dir="0" index="0" bw="16" slack="0"/>
<pin id="173" dir="0" index="1" bw="160" slack="0"/>
<pin id="174" dir="0" index="2" bw="8" slack="0"/>
<pin id="175" dir="0" index="3" bw="8" slack="0"/>
<pin id="176" dir="1" index="4" bw="16" slack="0"/>
</pin_list>
<bind>
<opcode="partselect(1002) " fcode="partselect"/>
<opset="tmp_467_i6/1 "/>
</bind>
</comp>

<comp id="181" class="1004" name="store_ln145_store_fu_181">
<pin_list>
<pin id="182" dir="0" index="0" bw="16" slack="0"/>
<pin id="183" dir="0" index="1" bw="16" slack="0"/>
<pin id="184" dir="1" index="2" bw="0" slack="2147483647"/>
</pin_list>
<bind>
<opcode="store(28) " fcode="store"/>
<opset="store_ln145/1 "/>
</bind>
</comp>

<comp id="187" class="1004" name="tmp_468_i7_fu_187">
<pin_list>
<pin id="188" dir="0" index="0" bw="16" slack="0"/>
<pin id="189" dir="0" index="1" bw="160" slack="0"/>
<pin id="190" dir="0" index="2" bw="8" slack="0"/>
<pin id="191" dir="0" index="3" bw="8" slack="0"/>
<pin id="192" dir="1" index="4" bw="16" slack="0"/>
</pin_list>
<bind>
<opcode="partselect(1002) " fcode="partselect"/>
<opset="tmp_468_i7/1 "/>
</bind>
</comp>

<comp id="197" class="1004" name="store_ln145_store_fu_197">
<pin_list>
<pin id="198" dir="0" index="0" bw="16" slack="0"/>
<pin id="199" dir="0" index="1" bw="16" slack="0"/>
<pin id="200" dir="1" index="2" bw="0" slack="2147483647"/>
</pin_list>
<bind>
<opcode="store(28) " fcode="store"/>
<opset="store_ln145/1 "/>
</bind>
</comp>

<comp id="203" class="1004" name="tmp_296_fu_203">
<pin_list>
<pin id="204" dir="0" index="0" bw="1" slack="0"/>
<pin id="205" dir="0" index="1" bw="160" slack="0"/>
<pin id="206" dir="0" index="2" bw="8" slack="0"/>
<pin id="207" dir="1" index="3" bw="1" slack="0"/>
</pin_list>
<bind>
<opcode="bitselect(1000) " fcode="bitselect"/>
<opset="tmp_296/1 "/>
</bind>
</comp>

<comp id="211" class="1004" name="store_ln145_store_fu_211">
<pin_list>
<pin id="212" dir="0" index="0" bw="1" slack="0"/>
<pin id="213" dir="0" index="1" bw="1" slack="0"/>
<pin id="214" dir="1" index="2" bw="0" slack="2147483647"/>
</pin_list>
<bind>
<opcode="store(28) " fcode="store"/>
<opset="store_ln145/1 "/>
</bind>
</comp>

<comp id="217" class="1004" name="tmp_297_fu_217">
<pin_list>
<pin id="218" dir="0" index="0" bw="1" slack="0"/>
<pin id="219" dir="0" index="1" bw="160" slack="0"/>
<pin id="220" dir="0" index="2" bw="8" slack="0"/>
<pin id="221" dir="1" index="3" bw="1" slack="0"/>
</pin_list>
<bind>
<opcode="bitselect(1000) " fcode="bitselect"/>
<opset="tmp_297/1 "/>
</bind>
</comp>

<comp id="225" class="1004" name="store_ln145_store_fu_225">
<pin_list>
<pin id="226" dir="0" index="0" bw="1" slack="0"/>
<pin id="227" dir="0" index="1" bw="1" slack="0"/>
<pin id="228" dir="1" index="2" bw="0" slack="2147483647"/>
</pin_list>
<bind>
<opcode="store(28) " fcode="store"/>
<opset="store_ln145/1 "/>
</bind>
</comp>

<comp id="231" class="1004" name="tmp_298_fu_231">
<pin_list>
<pin id="232" dir="0" index="0" bw="1" slack="0"/>
<pin id="233" dir="0" index="1" bw="160" slack="0"/>
<pin id="234" dir="0" index="2" bw="9" slack="0"/>
<pin id="235" dir="1" index="3" bw="1" slack="0"/>
</pin_list>
<bind>
<opcode="bitselect(1000) " fcode="bitselect"/>
<opset="tmp_298/1 "/>
</bind>
</comp>

<comp id="239" class="1004" name="store_ln145_store_fu_239">
<pin_list>
<pin id="240" dir="0" index="0" bw="1" slack="0"/>
<pin id="241" dir="0" index="1" bw="1" slack="0"/>
<pin id="242" dir="1" index="2" bw="0" slack="2147483647"/>
</pin_list>
<bind>
<opcode="store(28) " fcode="store"/>
<opset="store_ln145/1 "/>
</bind>
</comp>

<comp id="245" class="1004" name="tmp_299_fu_245">
<pin_list>
<pin id="246" dir="0" index="0" bw="1" slack="0"/>
<pin id="247" dir="0" index="1" bw="160" slack="0"/>
<pin id="248" dir="0" index="2" bw="9" slack="0"/>
<pin id="249" dir="1" index="3" bw="1" slack="0"/>
</pin_list>
<bind>
<opcode="bitselect(1000) " fcode="bitselect"/>
<opset="tmp_299/1 "/>
</bind>
</comp>

<comp id="253" class="1004" name="store_ln145_store_fu_253">
<pin_list>
<pin id="254" dir="0" index="0" bw="1" slack="0"/>
<pin id="255" dir="0" index="1" bw="1" slack="0"/>
<pin id="256" dir="1" index="2" bw="0" slack="2147483647"/>
</pin_list>
<bind>
<opcode="store(28) " fcode="store"/>
<opset="store_ln145/1 "/>
</bind>
</comp>

<comp id="259" class="1004" name="tmp_473_i8_fu_259">
<pin_list>
<pin id="260" dir="0" index="0" bw="4" slack="0"/>
<pin id="261" dir="0" index="1" bw="160" slack="0"/>
<pin id="262" dir="0" index="2" bw="9" slack="0"/>
<pin id="263" dir="0" index="3" bw="9" slack="0"/>
<pin id="264" dir="1" index="4" bw="4" slack="0"/>
</pin_list>
<bind>
<opcode="partselect(1002) " fcode="partselect"/>
<opset="tmp_473_i8/1 "/>
</bind>
</comp>

<comp id="269" class="1004" name="store_ln145_store_fu_269">
<pin_list>
<pin id="270" dir="0" index="0" bw="4" slack="0"/>
<pin id="271" dir="0" index="1" bw="4" slack="0"/>
<pin id="272" dir="1" index="2" bw="0" slack="2147483647"/>
</pin_list>
<bind>
<opcode="store(28) " fcode="store"/>
<opset="store_ln145/1 "/>
</bind>
</comp>

<comp id="275" class="1004" name="icmp_ln1081_fu_275">
<pin_list>
<pin id="276" dir="0" index="0" bw="4" slack="0"/>
<pin id="277" dir="0" index="1" bw="4" slack="0"/>
<pin id="278" dir="1" index="2" bw="1" slack="0"/>
</pin_list>
<bind>
<opcode="icmp(45) " fcode="icmp"/>
<opset="icmp_ln1081/1 "/>
</bind>
</comp>

<comp id="281" class="1004" name="and_ln719_fu_281">
<pin_list>
<pin id="282" dir="0" index="0" bw="1" slack="0"/>
<pin id="283" dir="0" index="1" bw="1" slack="0"/>
<pin id="284" dir="1" index="2" bw="1" slack="1"/>
</pin_list>
<bind>
<opcode="and(23) " fcode="and"/>
<opset="and_ln719/1 "/>
</bind>
</comp>

<comp id="287" class="1004" name="tmp_474_i9_fu_287">
<pin_list>
<pin id="288" dir="0" index="0" bw="160" slack="0"/>
<pin id="289" dir="0" index="1" bw="160" slack="0"/>
<pin id="290" dir="0" index="2" bw="1" slack="0"/>
<pin id="291" dir="0" index="3" bw="8" slack="0"/>
<pin id="292" dir="0" index="4" bw="8" slack="0"/>
<pin id="293" dir="1" index="5" bw="160" slack="0"/>
</pin_list>
<bind>
<opcode="partset(1003) " fcode="partset"/>
<opset="tmp_474_i9/1 "/>
</bind>
</comp>

<comp id="299" class="1004" name="tmp_475_i_fu_299">
<pin_list>
<pin id="300" dir="0" index="0" bw="160" slack="0"/>
<pin id="301" dir="0" index="1" bw="160" slack="0"/>
<pin id="302" dir="0" index="2" bw="16" slack="0"/>
<pin id="303" dir="0" index="3" bw="8" slack="0"/>
<pin id="304" dir="0" index="4" bw="8" slack="0"/>
<pin id="305" dir="1" index="5" bw="160" slack="0"/>
</pin_list>
<bind>
<opcode="partset(1003) " fcode="partset"/>
<opset="tmp_475_i/1 "/>
</bind>
</comp>

<comp id="311" class="1004" name="tmp_300_fu_311">
<pin_list>
<pin id="312" dir="0" index="0" bw="160" slack="0"/>
<pin id="313" dir="0" index="1" bw="160" slack="0"/>
<pin id="314" dir="0" index="2" bw="8" slack="0"/>
<pin id="315" dir="0" index="3" bw="1" slack="0"/>
<pin id="316" dir="1" index="4" bw="160" slack="0"/>
</pin_list>
<bind>
<opcode="bitset(1001) " fcode="bitset"/>
<opset="tmp_300/1 "/>
</bind>
</comp>

<comp id="321" class="1004" name="tmp_301_fu_321">
<pin_list>
<pin id="322" dir="0" index="0" bw="160" slack="0"/>
<pin id="323" dir="0" index="1" bw="160" slack="0"/>
<pin id="324" dir="0" index="2" bw="8" slack="0"/>
<pin id="325" dir="0" index="3" bw="1" slack="0"/>
<pin id="326" dir="1" index="4" bw="160" slack="0"/>
</pin_list>
<bind>
<opcode="bitset(1001) " fcode="bitset"/>
<opset="tmp_301/1 "/>
</bind>
</comp>

<comp id="331" class="1004" name="tmp_302_fu_331">
<pin_list>
<pin id="332" dir="0" index="0" bw="160" slack="0"/>
<pin id="333" dir="0" index="1" bw="160" slack="0"/>
<pin id="334" dir="0" index="2" bw="9" slack="0"/>
<pin id="335" dir="0" index="3" bw="1" slack="0"/>
<pin id="336" dir="1" index="4" bw="160" slack="0"/>
</pin_list>
<bind>
<opcode="bitset(1001) " fcode="bitset"/>
<opset="tmp_302/1 "/>
</bind>
</comp>

<comp id="341" class="1004" name="tmp_303_fu_341">
<pin_list>
<pin id="342" dir="0" index="0" bw="160" slack="0"/>
<pin id="343" dir="0" index="1" bw="160" slack="0"/>
<pin id="344" dir="0" index="2" bw="9" slack="0"/>
<pin id="345" dir="0" index="3" bw="1" slack="0"/>
<pin id="346" dir="1" index="4" bw="160" slack="0"/>
</pin_list>
<bind>
<opcode="bitset(1001) " fcode="bitset"/>
<opset="tmp_303/1 "/>
</bind>
</comp>

<comp id="351" class="1004" name="p_s_fu_351">
<pin_list>
<pin id="352" dir="0" index="0" bw="160" slack="0"/>
<pin id="353" dir="0" index="1" bw="160" slack="0"/>
<pin id="354" dir="0" index="2" bw="4" slack="0"/>
<pin id="355" dir="0" index="3" bw="9" slack="0"/>
<pin id="356" dir="0" index="4" bw="9" slack="0"/>
<pin id="357" dir="1" index="5" bw="160" slack="1"/>
</pin_list>
<bind>
<opcode="partset(1003) " fcode="partset"/>
<opset="p_s/1 "/>
</bind>
</comp>

<comp id="363" class="1004" name="store_ln721_store_fu_363">
<pin_list>
<pin id="364" dir="0" index="0" bw="1" slack="0"/>
<pin id="365" dir="0" index="1" bw="1" slack="0"/>
<pin id="366" dir="1" index="2" bw="0" slack="2147483647"/>
</pin_list>
<bind>
<opcode="store(28) " fcode="store"/>
<opset="store_ln721/1 "/>
</bind>
</comp>

<comp id="369" class="1004" name="store_ln736_store_fu_369">
<pin_list>
<pin id="370" dir="0" index="0" bw="1" slack="0"/>
<pin id="371" dir="0" index="1" bw="1" slack="0"/>
<pin id="372" dir="1" index="2" bw="0" slack="2147483647"/>
</pin_list>
<bind>
<opcode="store(28) " fcode="store"/>
<opset="store_ln736/1 "/>
</bind>
</comp>

<comp id="375" class="1004" name="meta_seqNumb_V_load_load_fu_375">
<pin_list>
<pin id="376" dir="0" index="0" bw="32" slack="0"/>
<pin id="377" dir="1" index="1" bw="32" slack="0"/>
</pin_list>
<bind>
<opcode="load(27) " fcode="load"/>
<opset="meta_seqNumb_V_load/2 "/>
</bind>
</comp>

<comp id="379" class="1004" name="meta_ackNumb_V_load_load_fu_379">
<pin_list>
<pin id="380" dir="0" index="0" bw="32" slack="0"/>
<pin id="381" dir="1" index="1" bw="32" slack="0"/>
</pin_list>
<bind>
<opcode="load(27) " fcode="load"/>
<opset="meta_ackNumb_V_load/2 "/>
</bind>
</comp>

<comp id="383" class="1004" name="meta_winSize_V_load_load_fu_383">
<pin_list>
<pin id="384" dir="0" index="0" bw="16" slack="0"/>
<pin id="385" dir="1" index="1" bw="16" slack="0"/>
</pin_list>
<bind>
<opcode="load(27) " fcode="load"/>
<opset="meta_winSize_V_load/2 "/>
</bind>
</comp>

<comp id="387" class="1004" name="meta_length_V_load_load_fu_387">
<pin_list>
<pin id="388" dir="0" index="0" bw="16" slack="0"/>
<pin id="389" dir="1" index="1" bw="16" slack="0"/>
</pin_list>
<bind>
<opcode="load(27) " fcode="load"/>
<opset="meta_length_V_load/2 "/>
</bind>
</comp>

<comp id="391" class="1004" name="meta_ack_V_load_load_fu_391">
<pin_list>
<pin id="392" dir="0" index="0" bw="1" slack="0"/>
<pin id="393" dir="1" index="1" bw="1" slack="0"/>
</pin_list>
<bind>
<opcode="load(27) " fcode="load"/>
<opset="meta_ack_V_load/2 "/>
</bind>
</comp>

<comp id="395" class="1004" name="meta_rst_V_load_load_fu_395">
<pin_list>
<pin id="396" dir="0" index="0" bw="1" slack="0"/>
<pin id="397" dir="1" index="1" bw="1" slack="0"/>
</pin_list>
<bind>
<opcode="load(27) " fcode="load"/>
<opset="meta_rst_V_load/2 "/>
</bind>
</comp>

<comp id="399" class="1004" name="meta_syn_V_load_load_fu_399">
<pin_list>
<pin id="400" dir="0" index="0" bw="1" slack="0"/>
<pin id="401" dir="1" index="1" bw="1" slack="0"/>
</pin_list>
<bind>
<opcode="load(27) " fcode="load"/>
<opset="meta_syn_V_load/2 "/>
</bind>
</comp>

<comp id="403" class="1004" name="meta_fin_V_load_load_fu_403">
<pin_list>
<pin id="404" dir="0" index="0" bw="1" slack="0"/>
<pin id="405" dir="1" index="1" bw="1" slack="0"/>
</pin_list>
<bind>
<opcode="load(27) " fcode="load"/>
<opset="meta_fin_V_load/2 "/>
</bind>
</comp>

<comp id="407" class="1004" name="meta_dataOffset_V_load_load_fu_407">
<pin_list>
<pin id="408" dir="0" index="0" bw="4" slack="0"/>
<pin id="409" dir="1" index="1" bw="4" slack="0"/>
</pin_list>
<bind>
<opcode="load(27) " fcode="load"/>
<opset="meta_dataOffset_V_load/2 "/>
</bind>
</comp>

<comp id="411" class="1004" name="or_ln174_s_fu_411">
<pin_list>
<pin id="412" dir="0" index="0" bw="148" slack="0"/>
<pin id="413" dir="0" index="1" bw="4" slack="0"/>
<pin id="414" dir="0" index="2" bw="1" slack="0"/>
<pin id="415" dir="0" index="3" bw="1" slack="0"/>
<pin id="416" dir="0" index="4" bw="1" slack="0"/>
<pin id="417" dir="0" index="5" bw="1" slack="0"/>
<pin id="418" dir="0" index="6" bw="1" slack="0"/>
<pin id="419" dir="0" index="7" bw="1" slack="0"/>
<pin id="420" dir="0" index="8" bw="1" slack="0"/>
<pin id="421" dir="0" index="9" bw="1" slack="0"/>
<pin id="422" dir="0" index="10" bw="16" slack="0"/>
<pin id="423" dir="0" index="11" bw="1" slack="0"/>
<pin id="424" dir="0" index="12" bw="4" slack="1"/>
<pin id="425" dir="0" index="13" bw="16" slack="0"/>
<pin id="426" dir="0" index="14" bw="32" slack="0"/>
<pin id="427" dir="0" index="15" bw="32" slack="0"/>
<pin id="428" dir="1" index="16" bw="148" slack="0"/>
</pin_list>
<bind>
<opcode="bitconcatenate(1004) " fcode="bitconcatenate"/>
<opset="or_ln174_s/2 "/>
</bind>
</comp>

<comp id="444" class="1004" name="zext_ln174_fu_444">
<pin_list>
<pin id="445" dir="0" index="0" bw="148" slack="0"/>
<pin id="446" dir="1" index="1" bw="160" slack="0"/>
</pin_list>
<bind>
<opcode="zext(34) " fcode="zext"/>
<opset="zext_ln174/2 "/>
</bind>
</comp>

<comp id="449" class="1005" name="state_V_2_load_reg_449">
<pin_list>
<pin id="450" dir="0" index="0" bw="1" slack="1"/>
<pin id="451" dir="1" index="1" bw="1" slack="2147483647"/>
</pin_list>
<bind>
<opset="state_V_2_load "/>
</bind>
</comp>

<comp id="453" class="1005" name="tmp_i_reg_453">
<pin_list>
<pin id="454" dir="0" index="0" bw="1" slack="1"/>
<pin id="455" dir="1" index="1" bw="1" slack="2147483647"/>
</pin_list>
<bind>
<opset="tmp_i "/>
</bind>
</comp>

<comp id="457" class="1005" name="and_ln719_reg_457">
<pin_list>
<pin id="458" dir="0" index="0" bw="1" slack="1"/>
<pin id="459" dir="1" index="1" bw="1" slack="2147483647"/>
</pin_list>
<bind>
<opset="and_ln719 "/>
</bind>
</comp>

<comp id="461" class="1005" name="p_s_reg_461">
<pin_list>
<pin id="462" dir="0" index="0" bw="160" slack="1"/>
<pin id="463" dir="1" index="1" bw="160" slack="1"/>
</pin_list>
<bind>
<opset="p_s "/>
</bind>
</comp>

<comp id="466" class="1005" name="tmp_i_259_reg_466">
<pin_list>
<pin id="467" dir="0" index="0" bw="1" slack="1"/>
<pin id="468" dir="1" index="1" bw="1" slack="2147483647"/>
</pin_list>
<bind>
<opset="tmp_i_259 "/>
</bind>
</comp>

<comp id="470" class="1005" name="tmp_reg_470">
<pin_list>
<pin id="471" dir="0" index="0" bw="4" slack="1"/>
<pin id="472" dir="1" index="1" bw="4" slack="1"/>
</pin_list>
<bind>
<opset="tmp "/>
</bind>
</comp>

</comp_list>

<net_list>
<net id="111"><net_src comp="40" pin="0"/><net_sink comp="106" pin=0"/></net>

<net id="112"><net_src comp="2" pin="0"/><net_sink comp="106" pin=1"/></net>

<net id="113"><net_src comp="38" pin="0"/><net_sink comp="106" pin=2"/></net>

<net id="118"><net_src comp="42" pin="0"/><net_sink comp="114" pin=0"/></net>

<net id="119"><net_src comp="2" pin="0"/><net_sink comp="114" pin=1"/></net>

<net id="125"><net_src comp="92" pin="0"/><net_sink comp="120" pin=0"/></net>

<net id="126"><net_src comp="24" pin="0"/><net_sink comp="120" pin=1"/></net>

<net id="127"><net_src comp="38" pin="0"/><net_sink comp="120" pin=2"/></net>

<net id="132"><net_src comp="94" pin="0"/><net_sink comp="128" pin=0"/></net>

<net id="133"><net_src comp="24" pin="0"/><net_sink comp="128" pin=1"/></net>

<net id="139"><net_src comp="98" pin="0"/><net_sink comp="134" pin=0"/></net>

<net id="140"><net_src comp="22" pin="0"/><net_sink comp="134" pin=1"/></net>

<net id="144"><net_src comp="0" pin="0"/><net_sink comp="141" pin=0"/></net>

<net id="148"><net_src comp="114" pin="2"/><net_sink comp="145" pin=0"/></net>

<net id="153"><net_src comp="145" pin="1"/><net_sink comp="149" pin=0"/></net>

<net id="154"><net_src comp="4" pin="0"/><net_sink comp="149" pin=1"/></net>

<net id="161"><net_src comp="44" pin="0"/><net_sink comp="155" pin=0"/></net>

<net id="162"><net_src comp="114" pin="2"/><net_sink comp="155" pin=1"/></net>

<net id="163"><net_src comp="46" pin="0"/><net_sink comp="155" pin=2"/></net>

<net id="164"><net_src comp="48" pin="0"/><net_sink comp="155" pin=3"/></net>

<net id="169"><net_src comp="155" pin="4"/><net_sink comp="165" pin=0"/></net>

<net id="170"><net_src comp="6" pin="0"/><net_sink comp="165" pin=1"/></net>

<net id="177"><net_src comp="50" pin="0"/><net_sink comp="171" pin=0"/></net>

<net id="178"><net_src comp="114" pin="2"/><net_sink comp="171" pin=1"/></net>

<net id="179"><net_src comp="52" pin="0"/><net_sink comp="171" pin=2"/></net>

<net id="180"><net_src comp="54" pin="0"/><net_sink comp="171" pin=3"/></net>

<net id="185"><net_src comp="171" pin="4"/><net_sink comp="181" pin=0"/></net>

<net id="186"><net_src comp="8" pin="0"/><net_sink comp="181" pin=1"/></net>

<net id="193"><net_src comp="50" pin="0"/><net_sink comp="187" pin=0"/></net>

<net id="194"><net_src comp="114" pin="2"/><net_sink comp="187" pin=1"/></net>

<net id="195"><net_src comp="56" pin="0"/><net_sink comp="187" pin=2"/></net>

<net id="196"><net_src comp="58" pin="0"/><net_sink comp="187" pin=3"/></net>

<net id="201"><net_src comp="187" pin="4"/><net_sink comp="197" pin=0"/></net>

<net id="202"><net_src comp="10" pin="0"/><net_sink comp="197" pin=1"/></net>

<net id="208"><net_src comp="60" pin="0"/><net_sink comp="203" pin=0"/></net>

<net id="209"><net_src comp="114" pin="2"/><net_sink comp="203" pin=1"/></net>

<net id="210"><net_src comp="62" pin="0"/><net_sink comp="203" pin=2"/></net>

<net id="215"><net_src comp="203" pin="3"/><net_sink comp="211" pin=0"/></net>

<net id="216"><net_src comp="12" pin="0"/><net_sink comp="211" pin=1"/></net>

<net id="222"><net_src comp="60" pin="0"/><net_sink comp="217" pin=0"/></net>

<net id="223"><net_src comp="114" pin="2"/><net_sink comp="217" pin=1"/></net>

<net id="224"><net_src comp="64" pin="0"/><net_sink comp="217" pin=2"/></net>

<net id="229"><net_src comp="217" pin="3"/><net_sink comp="225" pin=0"/></net>

<net id="230"><net_src comp="14" pin="0"/><net_sink comp="225" pin=1"/></net>

<net id="236"><net_src comp="60" pin="0"/><net_sink comp="231" pin=0"/></net>

<net id="237"><net_src comp="114" pin="2"/><net_sink comp="231" pin=1"/></net>

<net id="238"><net_src comp="66" pin="0"/><net_sink comp="231" pin=2"/></net>

<net id="243"><net_src comp="231" pin="3"/><net_sink comp="239" pin=0"/></net>

<net id="244"><net_src comp="16" pin="0"/><net_sink comp="239" pin=1"/></net>

<net id="250"><net_src comp="60" pin="0"/><net_sink comp="245" pin=0"/></net>

<net id="251"><net_src comp="114" pin="2"/><net_sink comp="245" pin=1"/></net>

<net id="252"><net_src comp="68" pin="0"/><net_sink comp="245" pin=2"/></net>

<net id="257"><net_src comp="245" pin="3"/><net_sink comp="253" pin=0"/></net>

<net id="258"><net_src comp="18" pin="0"/><net_sink comp="253" pin=1"/></net>

<net id="265"><net_src comp="70" pin="0"/><net_sink comp="259" pin=0"/></net>

<net id="266"><net_src comp="114" pin="2"/><net_sink comp="259" pin=1"/></net>

<net id="267"><net_src comp="72" pin="0"/><net_sink comp="259" pin=2"/></net>

<net id="268"><net_src comp="74" pin="0"/><net_sink comp="259" pin=3"/></net>

<net id="273"><net_src comp="259" pin="4"/><net_sink comp="269" pin=0"/></net>

<net id="274"><net_src comp="20" pin="0"/><net_sink comp="269" pin=1"/></net>

<net id="279"><net_src comp="259" pin="4"/><net_sink comp="275" pin=0"/></net>

<net id="280"><net_src comp="76" pin="0"/><net_sink comp="275" pin=1"/></net>

<net id="285"><net_src comp="231" pin="3"/><net_sink comp="281" pin=0"/></net>

<net id="286"><net_src comp="275" pin="2"/><net_sink comp="281" pin=1"/></net>

<net id="294"><net_src comp="78" pin="0"/><net_sink comp="287" pin=0"/></net>

<net id="295"><net_src comp="114" pin="2"/><net_sink comp="287" pin=1"/></net>

<net id="296"><net_src comp="80" pin="0"/><net_sink comp="287" pin=2"/></net>

<net id="297"><net_src comp="82" pin="0"/><net_sink comp="287" pin=3"/></net>

<net id="298"><net_src comp="84" pin="0"/><net_sink comp="287" pin=4"/></net>

<net id="306"><net_src comp="86" pin="0"/><net_sink comp="299" pin=0"/></net>

<net id="307"><net_src comp="287" pin="5"/><net_sink comp="299" pin=1"/></net>

<net id="308"><net_src comp="187" pin="4"/><net_sink comp="299" pin=2"/></net>

<net id="309"><net_src comp="56" pin="0"/><net_sink comp="299" pin=3"/></net>

<net id="310"><net_src comp="58" pin="0"/><net_sink comp="299" pin=4"/></net>

<net id="317"><net_src comp="88" pin="0"/><net_sink comp="311" pin=0"/></net>

<net id="318"><net_src comp="299" pin="5"/><net_sink comp="311" pin=1"/></net>

<net id="319"><net_src comp="62" pin="0"/><net_sink comp="311" pin=2"/></net>

<net id="320"><net_src comp="203" pin="3"/><net_sink comp="311" pin=3"/></net>

<net id="327"><net_src comp="88" pin="0"/><net_sink comp="321" pin=0"/></net>

<net id="328"><net_src comp="311" pin="4"/><net_sink comp="321" pin=1"/></net>

<net id="329"><net_src comp="64" pin="0"/><net_sink comp="321" pin=2"/></net>

<net id="330"><net_src comp="217" pin="3"/><net_sink comp="321" pin=3"/></net>

<net id="337"><net_src comp="88" pin="0"/><net_sink comp="331" pin=0"/></net>

<net id="338"><net_src comp="321" pin="4"/><net_sink comp="331" pin=1"/></net>

<net id="339"><net_src comp="66" pin="0"/><net_sink comp="331" pin=2"/></net>

<net id="340"><net_src comp="231" pin="3"/><net_sink comp="331" pin=3"/></net>

<net id="347"><net_src comp="88" pin="0"/><net_sink comp="341" pin=0"/></net>

<net id="348"><net_src comp="331" pin="4"/><net_sink comp="341" pin=1"/></net>

<net id="349"><net_src comp="68" pin="0"/><net_sink comp="341" pin=2"/></net>

<net id="350"><net_src comp="245" pin="3"/><net_sink comp="341" pin=3"/></net>

<net id="358"><net_src comp="78" pin="0"/><net_sink comp="351" pin=0"/></net>

<net id="359"><net_src comp="341" pin="4"/><net_sink comp="351" pin=1"/></net>

<net id="360"><net_src comp="259" pin="4"/><net_sink comp="351" pin=2"/></net>

<net id="361"><net_src comp="72" pin="0"/><net_sink comp="351" pin=3"/></net>

<net id="362"><net_src comp="74" pin="0"/><net_sink comp="351" pin=4"/></net>

<net id="367"><net_src comp="90" pin="0"/><net_sink comp="363" pin=0"/></net>

<net id="368"><net_src comp="0" pin="0"/><net_sink comp="363" pin=1"/></net>

<net id="373"><net_src comp="96" pin="0"/><net_sink comp="369" pin=0"/></net>

<net id="374"><net_src comp="0" pin="0"/><net_sink comp="369" pin=1"/></net>

<net id="378"><net_src comp="4" pin="0"/><net_sink comp="375" pin=0"/></net>

<net id="382"><net_src comp="6" pin="0"/><net_sink comp="379" pin=0"/></net>

<net id="386"><net_src comp="8" pin="0"/><net_sink comp="383" pin=0"/></net>

<net id="390"><net_src comp="10" pin="0"/><net_sink comp="387" pin=0"/></net>

<net id="394"><net_src comp="12" pin="0"/><net_sink comp="391" pin=0"/></net>

<net id="398"><net_src comp="14" pin="0"/><net_sink comp="395" pin=0"/></net>

<net id="402"><net_src comp="16" pin="0"/><net_sink comp="399" pin=0"/></net>

<net id="406"><net_src comp="18" pin="0"/><net_sink comp="403" pin=0"/></net>

<net id="410"><net_src comp="20" pin="0"/><net_sink comp="407" pin=0"/></net>

<net id="429"><net_src comp="100" pin="0"/><net_sink comp="411" pin=0"/></net>

<net id="430"><net_src comp="407" pin="1"/><net_sink comp="411" pin=1"/></net>

<net id="431"><net_src comp="102" pin="0"/><net_sink comp="411" pin=2"/></net>

<net id="432"><net_src comp="403" pin="1"/><net_sink comp="411" pin=3"/></net>

<net id="433"><net_src comp="102" pin="0"/><net_sink comp="411" pin=4"/></net>

<net id="434"><net_src comp="399" pin="1"/><net_sink comp="411" pin=5"/></net>

<net id="435"><net_src comp="102" pin="0"/><net_sink comp="411" pin=6"/></net>

<net id="436"><net_src comp="395" pin="1"/><net_sink comp="411" pin=7"/></net>

<net id="437"><net_src comp="102" pin="0"/><net_sink comp="411" pin=8"/></net>

<net id="438"><net_src comp="391" pin="1"/><net_sink comp="411" pin=9"/></net>

<net id="439"><net_src comp="387" pin="1"/><net_sink comp="411" pin=10"/></net>

<net id="440"><net_src comp="104" pin="0"/><net_sink comp="411" pin=11"/></net>

<net id="441"><net_src comp="383" pin="1"/><net_sink comp="411" pin=13"/></net>

<net id="442"><net_src comp="379" pin="1"/><net_sink comp="411" pin=14"/></net>

<net id="443"><net_src comp="375" pin="1"/><net_sink comp="411" pin=15"/></net>

<net id="447"><net_src comp="411" pin="16"/><net_sink comp="444" pin=0"/></net>

<net id="448"><net_src comp="444" pin="1"/><net_sink comp="134" pin=2"/></net>

<net id="452"><net_src comp="141" pin="1"/><net_sink comp="449" pin=0"/></net>

<net id="456"><net_src comp="106" pin="3"/><net_sink comp="453" pin=0"/></net>

<net id="460"><net_src comp="281" pin="2"/><net_sink comp="457" pin=0"/></net>

<net id="464"><net_src comp="351" pin="5"/><net_sink comp="461" pin=0"/></net>

<net id="465"><net_src comp="461" pin="1"/><net_sink comp="134" pin=2"/></net>

<net id="469"><net_src comp="120" pin="3"/><net_sink comp="466" pin=0"/></net>

<net id="473"><net_src comp="128" pin="2"/><net_sink comp="470" pin=0"/></net>

<net id="474"><net_src comp="470" pin="1"/><net_sink comp="411" pin=12"/></net>

</net_list>

</model> 
---------------- Datapath Model END ------------------

* FSMD analyzer results:
  - Output states:
	Port: state_V_2 | {1 }
	Port: rxEng_headerMetaFifo | {}
	Port: meta_seqNumb_V | {1 }
	Port: meta_ackNumb_V | {1 }
	Port: meta_winSize_V | {1 }
	Port: meta_length_V | {1 }
	Port: meta_ack_V | {1 }
	Port: meta_rst_V | {1 }
	Port: meta_syn_V | {1 }
	Port: meta_fin_V | {1 }
	Port: meta_dataOffset_V | {1 }
	Port: rxEng_metaDataFifo | {2 }
	Port: rxEng_winScaleFifo | {}
 - Input state : 
	Port: merge_header_meta : state_V_2 | {1 }
	Port: merge_header_meta : rxEng_headerMetaFifo | {1 }
	Port: merge_header_meta : meta_seqNumb_V | {2 }
	Port: merge_header_meta : meta_ackNumb_V | {2 }
	Port: merge_header_meta : meta_winSize_V | {2 }
	Port: merge_header_meta : meta_length_V | {2 }
	Port: merge_header_meta : meta_ack_V | {2 }
	Port: merge_header_meta : meta_rst_V | {2 }
	Port: merge_header_meta : meta_syn_V | {2 }
	Port: merge_header_meta : meta_fin_V | {2 }
	Port: merge_header_meta : meta_dataOffset_V | {2 }
	Port: merge_header_meta : rxEng_metaDataFifo | {}
	Port: merge_header_meta : rxEng_winScaleFifo | {1 }
  - Chain level:
	State 1
		br_ln712 : 1
		store_ln145 : 1
		store_ln145 : 1
		store_ln145 : 1
		store_ln145 : 1
		store_ln145 : 1
		store_ln145 : 1
		store_ln145 : 1
		store_ln145 : 1
		store_ln145 : 1
		icmp_ln1081 : 1
		and_ln719 : 2
		br_ln719 : 2
		tmp_475_i : 1
		tmp_300 : 2
		tmp_301 : 3
		tmp_302 : 4
		tmp_303 : 5
		p_s : 6
	State 2
		or_ln174_s : 1
		zext_ln174 : 2
		write_ln174 : 3


============================================================
+ Verbose Summary: Datapath Resource usage 
============================================================

* Functional unit list:
|----------|---------------------------------------|---------|---------|
| Operation|            Functional Unit            |    FF   |   LUT   |
|----------|---------------------------------------|---------|---------|
|   icmp   |           icmp_ln1081_fu_275          |    0    |    9    |
|----------|---------------------------------------|---------|---------|
|    and   |            and_ln719_fu_281           |    0    |    2    |
|----------|---------------------------------------|---------|---------|
| nbreadreq|         tmp_i_nbreadreq_fu_106        |    0    |    0    |
|          |       tmp_i_259_nbreadreq_fu_120      |    0    |    0    |
|----------|---------------------------------------|---------|---------|
|   read   | rxEng_headerMetaFifo_read_read_fu_114 |    0    |    0    |
|          |            tmp_read_fu_128            |    0    |    0    |
|----------|---------------------------------------|---------|---------|
|   write  |            grp_write_fu_134           |    0    |    0    |
|----------|---------------------------------------|---------|---------|
|   trunc  |           trunc_ln145_fu_145          |    0    |    0    |
|----------|---------------------------------------|---------|---------|
|          |           tmp_466_i5_fu_155           |    0    |    0    |
|partselect|           tmp_467_i6_fu_171           |    0    |    0    |
|          |           tmp_468_i7_fu_187           |    0    |    0    |
|          |           tmp_473_i8_fu_259           |    0    |    0    |
|----------|---------------------------------------|---------|---------|
|          |             tmp_296_fu_203            |    0    |    0    |
| bitselect|             tmp_297_fu_217            |    0    |    0    |
|          |             tmp_298_fu_231            |    0    |    0    |
|          |             tmp_299_fu_245            |    0    |    0    |
|----------|---------------------------------------|---------|---------|
|          |           tmp_474_i9_fu_287           |    0    |    0    |
|  partset |            tmp_475_i_fu_299           |    0    |    0    |
|          |               p_s_fu_351              |    0    |    0    |
|----------|---------------------------------------|---------|---------|
|          |             tmp_300_fu_311            |    0    |    0    |
|  bitset  |             tmp_301_fu_321            |    0    |    0    |
|          |             tmp_302_fu_331            |    0    |    0    |
|          |             tmp_303_fu_341            |    0    |    0    |
|----------|---------------------------------------|---------|---------|
|bitconcatenate|           or_ln174_s_fu_411           |    0    |    0    |
|----------|---------------------------------------|---------|---------|
|   zext   |           zext_ln174_fu_444           |    0    |    0    |
|----------|---------------------------------------|---------|---------|
|   Total  |                                       |    0    |    11   |
|----------|---------------------------------------|---------|---------|

Memories:
N/A

* Register list:
+----------------------+--------+
|                      |   FF   |
+----------------------+--------+
|   and_ln719_reg_457  |    1   |
|      p_s_reg_461     |   160  |
|state_V_2_load_reg_449|    1   |
|   tmp_i_259_reg_466  |    1   |
|     tmp_i_reg_453    |    1   |
|      tmp_reg_470     |    4   |
+----------------------+--------+
|         Total        |   168  |
+----------------------+--------+

* Multiplexer (MUX) list: 
|------------------|------|------|------|--------||---------||---------|
|       Comp       |  Pin | Size |  BW  | S x BW ||  Delay  ||   LUT   |
|------------------|------|------|------|--------||---------||---------|
| grp_write_fu_134 |  p2  |   2  |  160 |   320  ||    9    |
|------------------|------|------|------|--------||---------||---------|
|       Total      |      |      |      |   320  ||  0.387  ||    9    |
|------------------|------|------|------|--------||---------||---------|



* Summary:
+-----------+--------+--------+--------+
|           |  Delay |   FF   |   LUT  |
+-----------+--------+--------+--------+
|  Function |    -   |    0   |   11   |
|   Memory  |    -   |    -   |    -   |
|Multiplexer|    0   |    -   |    9   |
|  Register |    -   |   168  |    -   |
+-----------+--------+--------+--------+
|   Total   |    0   |   168  |   20   |
+-----------+--------+--------+--------+
