

================================================================
== Vitis HLS Report for 'prependPseudoHeader_512_s'
================================================================
* Date:           Tue Jul 11 09:26:14 2023

* Version:        2022.1 (Build 3526262 on Mon Apr 18 15:47:01 MDT 2022)
* Project:        toe_prj
* Solution:       solution1 (Vivado IP Flow Target)
* Product family: virtexuplus
* Target device:  xcu280-fsvh2892-2L-e


================================================================
== Performance Estimates
================================================================
+ Timing: 
    * Summary: 
    +--------+---------+----------+------------+
    |  Clock |  Target | Estimated| Uncertainty|
    +--------+---------+----------+------------+
    |ap_clk  |  3.20 ns|  1.677 ns|     0.86 ns|
    +--------+---------+----------+------------+

+ Latency: 
    * Summary: 
    +---------+---------+----------+----------+-----+-----+---------+
    |  Latency (cycles) |  Latency (absolute) |  Interval | Pipeline|
    |   min   |   max   |    min   |    max   | min | max |   Type  |
    +---------+---------+----------+----------+-----+-----+---------+
    |        1|        1|  3.200 ns|  3.200 ns|    1|    1|      yes|
    +---------+---------+----------+----------+-----+-----+---------+

    + Detail: 
        * Instance: 
        N/A

        * Loop: 
        N/A



================================================================
== Utilization Estimates
================================================================
* Summary: 
+---------------------+---------+------+---------+---------+-----+
|         Name        | BRAM_18K|  DSP |    FF   |   LUT   | URAM|
+---------------------+---------+------+---------+---------+-----+
|DSP                  |        -|     -|        -|        -|    -|
|Expression           |        -|     -|        0|       32|    -|
|FIFO                 |        -|     -|        -|        -|    -|
|Instance             |        -|     -|        -|        -|    -|
|Memory               |        -|     -|        -|        -|    -|
|Multiplexer          |        -|     -|        -|       64|    -|
|Register             |        -|     -|     1706|        -|    -|
+---------------------+---------+------+---------+---------+-----+
|Total                |        0|     0|     1706|       96|    0|
+---------------------+---------+------+---------+---------+-----+
|Available SLR        |     1344|  3008|   869120|   434560|  320|
+---------------------+---------+------+---------+---------+-----+
|Utilization SLR (%)  |        0|     0|       ~0|       ~0|    0|
+---------------------+---------+------+---------+---------+-----+
|Available            |     4032|  9024|  2607360|  1303680|  960|
+---------------------+---------+------+---------+---------+-----+
|Utilization (%)      |        0|     0|       ~0|       ~0|    0|
+---------------------+---------+------+---------+---------+-----+

+ Detail: 
    * Instance: 
    N/A

    * DSP: 
    N/A

    * Memory: 
    N/A

    * FIFO: 
    N/A

    * Expression: 
    +----------------------------------+----------+----+---+----+------------+------------+
    |           Variable Name          | Operation| DSP| FF| LUT| Bitwidth P0| Bitwidth P1|
    +----------------------------------+----------+----+---+----+------------+------------+
    |ap_condition_147                  |       and|   0|  0|   2|           1|           1|
    |ap_condition_154                  |       and|   0|  0|   2|           1|           1|
    |ap_condition_158                  |       and|   0|  0|   2|           1|           1|
    |ap_condition_161                  |       and|   0|  0|   2|           1|           1|
    |ap_condition_165                  |       and|   0|  0|   2|           1|           1|
    |ap_condition_182                  |       and|   0|  0|   2|           1|           1|
    |ap_predicate_op21_read_state1     |       and|   0|  0|   2|           1|           1|
    |ap_predicate_op33_read_state1     |       and|   0|  0|   2|           1|           1|
    |ap_predicate_op47_write_state2    |       and|   0|  0|   2|           1|           1|
    |ap_predicate_op52_write_state2    |       and|   0|  0|   2|           1|           1|
    |tmp_i_257_nbreadreq_fu_66_p3      |       and|   0|  0|   2|           1|           0|
    |tmp_i_nbreadreq_fu_52_p3          |       and|   0|  0|   2|           1|           0|
    |ap_block_pp0_stage0_01001         |        or|   0|  0|   2|           1|           1|
    |ap_block_state1_pp0_stage0_iter0  |        or|   0|  0|   2|           1|           1|
    |ap_block_state2_pp0_stage0_iter1  |        or|   0|  0|   2|           1|           1|
    |ap_enable_pp0                     |       xor|   0|  0|   2|           1|           2|
    +----------------------------------+----------+----+---+----+------------+------------+
    |Total                             |          |   0|  0|  32|          16|          15|
    +----------------------------------+----------+----+---+----+------------+------------+

    * Multiplexer: 
    +-----------------------------------------------+----+-----------+------+-----------+
    |                      Name                     | LUT| Input Size| Bits | Total Bits|
    +-----------------------------------------------+----+-----------+------+-----------+
    |ap_done                                        |   9|          2|     1|          2|
    |ap_phi_reg_pp0_iter1_sendWord_data_V_9_reg_87  |  14|          3|   512|       1536|
    |rxEng_dataBuffer1_blk_n                        |   9|          2|     1|          2|
    |rxEng_dataBuffer1_din                          |  14|          3|  1024|       3072|
    |rxEng_dataBuffer5_blk_n                        |   9|          2|     1|          2|
    |rxEng_pseudoHeaderFifo_blk_n                   |   9|          2|     1|          2|
    +-----------------------------------------------+----+-----------+------+-----------+
    |Total                                          |  64|         14|  1540|       4616|
    +-----------------------------------------------+----+-----------+------+-----------+

    * Register: 
    +-----------------------------------------------+------+----+------+-----------+
    |                      Name                     |  FF  | LUT| Bits | Const Bits|
    +-----------------------------------------------+------+----+------+-----------+
    |ap_CS_fsm                                      |     1|   0|     1|          0|
    |ap_done_reg                                    |     1|   0|     1|          0|
    |ap_enable_reg_pp0_iter1                        |     1|   0|     1|          0|
    |ap_phi_reg_pp0_iter1_sendWord_data_V_9_reg_87  |   512|   0|   512|          0|
    |firstPayload                                   |     1|   0|     1|          0|
    |prevWord_data_V_7                              |    96|   0|    96|          0|
    |rxEng_pseudoHeaderFifo_read_reg_207            |  1024|   0|  1024|          0|
    |state_2                                        |     1|   0|     1|          0|
    |state_2_load_reg_196                           |     1|   0|     1|          0|
    |tmp_290_reg_212                                |     1|   0|     1|          0|
    |tmp_i_257_reg_216                              |     1|   0|     1|          0|
    |tmp_i_reg_203                                  |     1|   0|     1|          0|
    |tmp_reg_233                                    |    65|   0|    65|          0|
    +-----------------------------------------------+------+----+------+-----------+
    |Total                                          |  1706|   0|  1706|          0|
    +-----------------------------------------------+------+----+------+-----------+



================================================================
== Interface
================================================================
* Summary: 
+---------------------------------------+-----+------+------------+--------------------------+--------------+
|               RTL Ports               | Dir | Bits |  Protocol  |       Source Object      |    C Type    |
+---------------------------------------+-----+------+------------+--------------------------+--------------+
|ap_clk                                 |   in|     1|  ap_ctrl_hs|  prependPseudoHeader<512>|  return value|
|ap_rst                                 |   in|     1|  ap_ctrl_hs|  prependPseudoHeader<512>|  return value|
|ap_start                               |   in|     1|  ap_ctrl_hs|  prependPseudoHeader<512>|  return value|
|ap_done                                |  out|     1|  ap_ctrl_hs|  prependPseudoHeader<512>|  return value|
|ap_continue                            |   in|     1|  ap_ctrl_hs|  prependPseudoHeader<512>|  return value|
|ap_idle                                |  out|     1|  ap_ctrl_hs|  prependPseudoHeader<512>|  return value|
|ap_ready                               |  out|     1|  ap_ctrl_hs|  prependPseudoHeader<512>|  return value|
|rxEng_pseudoHeaderFifo_dout            |   in|  1024|     ap_fifo|    rxEng_pseudoHeaderFifo|       pointer|
|rxEng_pseudoHeaderFifo_num_data_valid  |   in|     2|     ap_fifo|    rxEng_pseudoHeaderFifo|       pointer|
|rxEng_pseudoHeaderFifo_fifo_cap        |   in|     2|     ap_fifo|    rxEng_pseudoHeaderFifo|       pointer|
|rxEng_pseudoHeaderFifo_empty_n         |   in|     1|     ap_fifo|    rxEng_pseudoHeaderFifo|       pointer|
|rxEng_pseudoHeaderFifo_read            |  out|     1|     ap_fifo|    rxEng_pseudoHeaderFifo|       pointer|
|rxEng_dataBuffer5_dout                 |   in|  1024|     ap_fifo|         rxEng_dataBuffer5|       pointer|
|rxEng_dataBuffer5_num_data_valid       |   in|     4|     ap_fifo|         rxEng_dataBuffer5|       pointer|
|rxEng_dataBuffer5_fifo_cap             |   in|     4|     ap_fifo|         rxEng_dataBuffer5|       pointer|
|rxEng_dataBuffer5_empty_n              |   in|     1|     ap_fifo|         rxEng_dataBuffer5|       pointer|
|rxEng_dataBuffer5_read                 |  out|     1|     ap_fifo|         rxEng_dataBuffer5|       pointer|
|rxEng_dataBuffer1_din                  |  out|  1024|     ap_fifo|         rxEng_dataBuffer1|       pointer|
|rxEng_dataBuffer1_num_data_valid       |   in|     4|     ap_fifo|         rxEng_dataBuffer1|       pointer|
|rxEng_dataBuffer1_fifo_cap             |   in|     4|     ap_fifo|         rxEng_dataBuffer1|       pointer|
|rxEng_dataBuffer1_full_n               |   in|     1|     ap_fifo|         rxEng_dataBuffer1|       pointer|
|rxEng_dataBuffer1_write                |  out|     1|     ap_fifo|         rxEng_dataBuffer1|       pointer|
+---------------------------------------+-----+------+------------+--------------------------+--------------+

============================================================
+ Verbose Summary: Synthesis Manager
============================================================
InlineROM: 1
ExposeGlobal: 0
============================================================
+ Verbose Summary: CDFG Model
============================================================
IsTopModel: 0
ResetActiveHigh: 1
IsCombinational: 2
IsDatapathOnly: 0
HasWiredReturn: 1
HasMFsm: 2
HasVarLatency: 0
IsPipeline: 1
IsRtlPipelined: 1
IsInstanceOverlapped: 0
IsDontTouch: 0
HasImplIP: 0
IsGatedGlobalClock: 0

+ Individual pipeline summary: 
  * Pipeline-0: initiation interval (II) = 1, depth = 2


============================================================
+ Verbose Summary: Schedule
============================================================
* Number of FSM states : 2
* Pipeline : 1
  Pipeline-0 : II = 1, D = 2, States = { 1 2 }
* Dataflow Pipeline: 0

* FSM state transitions: 
1 --> 2 
2 --> 

* FSM state operations: 

State 1 <SV = 0> <Delay = 1.67>
ST_1 : Operation 3 [1/1] (0.00ns)   --->   "%specinterface_ln0 = specinterface void @_ssdm_op_SpecInterface, i1024 %rxEng_dataBuffer1, void @empty, i32 0, i32 0, void @empty_1, i32 0, i32 0, void @empty_1, void @empty_1, void @empty_1, i32 0, i32 0, i32 0, i32 0, void @empty_1, void @empty_1, i32 4294967295, i32 0"   --->   Operation 3 'specinterface' 'specinterface_ln0' <Predicate = true> <Delay = 0.00>
ST_1 : Operation 4 [1/1] (0.00ns)   --->   "%specinterface_ln0 = specinterface void @_ssdm_op_SpecInterface, i1024 %rxEng_dataBuffer1, void @empty, i32 0, i32 0, void @empty_1, i32 0, i32 0, void @empty_1, void @empty_1, void @empty_1, i32 0, i32 0, i32 0, i32 0, void @empty_1, void @empty_1, i32 4294967295, i32 0"   --->   Operation 4 'specinterface' 'specinterface_ln0' <Predicate = true> <Delay = 0.00>
ST_1 : Operation 5 [1/1] (0.00ns)   --->   "%specinterface_ln0 = specinterface void @_ssdm_op_SpecInterface, i1024 %rxEng_dataBuffer1, void @empty, i32 0, i32 0, void @empty_1, i32 0, i32 0, void @empty_1, void @empty_1, void @empty_1, i32 0, i32 0, i32 0, i32 0, void @empty_1, void @empty_1, i32 4294967295, i32 0"   --->   Operation 5 'specinterface' 'specinterface_ln0' <Predicate = true> <Delay = 0.00>
ST_1 : Operation 6 [1/1] (0.00ns)   --->   "%specinterface_ln0 = specinterface void @_ssdm_op_SpecInterface, i1024 %rxEng_dataBuffer5, void @empty, i32 0, i32 0, void @empty_1, i32 0, i32 0, void @empty_1, void @empty_1, void @empty_1, i32 0, i32 0, i32 0, i32 0, void @empty_1, void @empty_1, i32 4294967295, i32 0"   --->   Operation 6 'specinterface' 'specinterface_ln0' <Predicate = true> <Delay = 0.00>
ST_1 : Operation 7 [1/1] (0.00ns)   --->   "%specinterface_ln0 = specinterface void @_ssdm_op_SpecInterface, i1024 %rxEng_dataBuffer5, void @empty, i32 0, i32 0, void @empty_1, i32 0, i32 0, void @empty_1, void @empty_1, void @empty_1, i32 0, i32 0, i32 0, i32 0, void @empty_1, void @empty_1, i32 4294967295, i32 0"   --->   Operation 7 'specinterface' 'specinterface_ln0' <Predicate = true> <Delay = 0.00>
ST_1 : Operation 8 [1/1] (0.00ns)   --->   "%specinterface_ln0 = specinterface void @_ssdm_op_SpecInterface, i1024 %rxEng_dataBuffer5, void @empty, i32 0, i32 0, void @empty_1, i32 0, i32 0, void @empty_1, void @empty_1, void @empty_1, i32 0, i32 0, i32 0, i32 0, void @empty_1, void @empty_1, i32 4294967295, i32 0"   --->   Operation 8 'specinterface' 'specinterface_ln0' <Predicate = true> <Delay = 0.00>
ST_1 : Operation 9 [1/1] (0.00ns)   --->   "%specinterface_ln0 = specinterface void @_ssdm_op_SpecInterface, i1024 %rxEng_pseudoHeaderFifo, void @empty, i32 0, i32 0, void @empty_1, i32 0, i32 0, void @empty_1, void @empty_1, void @empty_1, i32 0, i32 0, i32 0, i32 0, void @empty_1, void @empty_1, i32 4294967295, i32 0"   --->   Operation 9 'specinterface' 'specinterface_ln0' <Predicate = true> <Delay = 0.00>
ST_1 : Operation 10 [1/1] (0.00ns)   --->   "%specinterface_ln0 = specinterface void @_ssdm_op_SpecInterface, i1024 %rxEng_pseudoHeaderFifo, void @empty, i32 0, i32 0, void @empty_1, i32 0, i32 0, void @empty_1, void @empty_1, void @empty_1, i32 0, i32 0, i32 0, i32 0, void @empty_1, void @empty_1, i32 4294967295, i32 0"   --->   Operation 10 'specinterface' 'specinterface_ln0' <Predicate = true> <Delay = 0.00>
ST_1 : Operation 11 [1/1] (0.00ns)   --->   "%specinterface_ln0 = specinterface void @_ssdm_op_SpecInterface, i1024 %rxEng_pseudoHeaderFifo, void @empty, i32 0, i32 0, void @empty_1, i32 0, i32 0, void @empty_1, void @empty_1, void @empty_1, i32 0, i32 0, i32 0, i32 0, void @empty_1, void @empty_1, i32 4294967295, i32 0"   --->   Operation 11 'specinterface' 'specinterface_ln0' <Predicate = true> <Delay = 0.00>
ST_1 : Operation 12 [1/1] (0.00ns)   --->   "%specinterface_ln0 = specinterface void @_ssdm_op_SpecInterface, i1024 %rxEng_dataBuffer1, void @empty, i32 0, i32 0, void @empty_1, i32 0, i32 0, void @empty_1, void @empty_1, void @empty_1, i32 0, i32 0, i32 0, i32 0, void @empty_1, void @empty_1, i32 4294967295, i32 0"   --->   Operation 12 'specinterface' 'specinterface_ln0' <Predicate = true> <Delay = 0.00>
ST_1 : Operation 13 [1/1] (0.00ns)   --->   "%specinterface_ln0 = specinterface void @_ssdm_op_SpecInterface, i1024 %rxEng_pseudoHeaderFifo, void @empty, i32 0, i32 0, void @empty_1, i32 0, i32 0, void @empty_1, void @empty_1, void @empty_1, i32 0, i32 0, i32 0, i32 0, void @empty_1, void @empty_1, i32 4294967295, i32 0"   --->   Operation 13 'specinterface' 'specinterface_ln0' <Predicate = true> <Delay = 0.00>
ST_1 : Operation 14 [1/1] (0.00ns)   --->   "%specinterface_ln0 = specinterface void @_ssdm_op_SpecInterface, i1024 %rxEng_dataBuffer5, void @empty, i32 0, i32 0, void @empty_1, i32 0, i32 0, void @empty_1, void @empty_1, void @empty_1, i32 0, i32 0, i32 0, i32 0, void @empty_1, void @empty_1, i32 4294967295, i32 0"   --->   Operation 14 'specinterface' 'specinterface_ln0' <Predicate = true> <Delay = 0.00>
ST_1 : Operation 15 [1/1] (0.00ns)   --->   "%specpipeline_ln119 = specpipeline void @_ssdm_op_SpecPipeline, i32 1, i32 0, i32 0, i32 0, void @empty_1" [/mnt/scratch/pyuvaraj/Vitis_RoCE_W/Vitis_RoCE/fpga-network-stack/hls/toe/rx_engine/rx_engine.cpp:119]   --->   Operation 15 'specpipeline' 'specpipeline_ln119' <Predicate = true> <Delay = 0.00>
ST_1 : Operation 16 [1/1] (0.00ns)   --->   "%state_2_load = load i1 %state_2" [/mnt/scratch/pyuvaraj/Vitis_RoCE_W/Vitis_RoCE/fpga-network-stack/hls/toe/rx_engine/rx_engine.cpp:131]   --->   Operation 16 'load' 'state_2_load' <Predicate = true> <Delay = 0.00>
ST_1 : Operation 17 [1/1] (0.00ns)   --->   "%firstPayload_load = load i1 %firstPayload" [/mnt/scratch/pyuvaraj/Vitis_RoCE_W/Vitis_RoCE/fpga-network-stack/hls/toe/rx_engine/rx_engine.cpp:157]   --->   Operation 17 'load' 'firstPayload_load' <Predicate = true> <Delay = 0.00>
ST_1 : Operation 18 [1/1] (0.00ns)   --->   "%br_ln131 = br i1 %state_2_load, void %sw.bb.i, void %sw.bb4.i" [/mnt/scratch/pyuvaraj/Vitis_RoCE_W/Vitis_RoCE/fpga-network-stack/hls/toe/rx_engine/rx_engine.cpp:131]   --->   Operation 18 'br' 'br_ln131' <Predicate = true> <Delay = 0.00>
ST_1 : Operation 19 [1/1] (0.00ns)   --->   "%tmp_i = nbreadreq i1 @_ssdm_op_NbReadReq.ap_fifo.i1024P0A, i1024 %rxEng_pseudoHeaderFifo, i32 1" [/tools/Xilinx/Vitis_HLS/2022.1/common/technology/autopilot/hls_stream_39.h:136]   --->   Operation 19 'nbreadreq' 'tmp_i' <Predicate = (!state_2_load)> <Delay = 0.00> <CoreInst = "FIFO_SRL">   --->   Core 81 'FIFO_SRL' <Latency = 0> <II = 1> <Delay = 1.33> <Storage> <Opcode : 'read' 'write' 'nbread' 'nbwrite'> <Ports = 0> <Width = 1024> <Depth = 2> <FIFO>
ST_1 : Operation 20 [1/1] (0.00ns)   --->   "%br_ln134 = br i1 %tmp_i, void %if.end3.i, void %if.then.i" [/mnt/scratch/pyuvaraj/Vitis_RoCE_W/Vitis_RoCE/fpga-network-stack/hls/toe/rx_engine/rx_engine.cpp:134]   --->   Operation 20 'br' 'br_ln134' <Predicate = (!state_2_load)> <Delay = 0.00>
ST_1 : Operation 21 [1/1] (1.16ns)   --->   "%rxEng_pseudoHeaderFifo_read = read i1024 @_ssdm_op_Read.ap_fifo.volatile.i1024P0A, i1024 %rxEng_pseudoHeaderFifo" [/tools/Xilinx/Vitis_HLS/2022.1/common/technology/autopilot/hls_stream_39.h:145]   --->   Operation 21 'read' 'rxEng_pseudoHeaderFifo_read' <Predicate = (!state_2_load & tmp_i)> <Delay = 1.16> <CoreInst = "FIFO_SRL">   --->   Core 81 'FIFO_SRL' <Latency = 0> <II = 1> <Delay = 1.33> <Storage> <Opcode : 'read' 'write' 'nbread' 'nbwrite'> <Ports = 0> <Width = 1024> <Depth = 2> <FIFO>
ST_1 : Operation 22 [1/1] (0.00ns)   --->   "%trunc_ln145 = trunc i1024 %rxEng_pseudoHeaderFifo_read" [/tools/Xilinx/Vitis_HLS/2022.1/common/technology/autopilot/hls_stream_39.h:145]   --->   Operation 22 'trunc' 'trunc_ln145' <Predicate = (!state_2_load & tmp_i)> <Delay = 0.00>
ST_1 : Operation 23 [1/1] (0.00ns)   --->   "%store_ln145 = store i96 %trunc_ln145, i96 %prevWord_data_V_7" [/tools/Xilinx/Vitis_HLS/2022.1/common/technology/autopilot/hls_stream_39.h:145]   --->   Operation 23 'store' 'store_ln145' <Predicate = (!state_2_load & tmp_i)> <Delay = 0.00>
ST_1 : Operation 24 [1/1] (0.00ns)   --->   "%tmp_290 = bitselect i1 @_ssdm_op_BitSelect.i1.i1024.i1024, i1024 %rxEng_pseudoHeaderFifo_read, i1024 576" [/tools/Xilinx/Vitis_HLS/2022.1/common/technology/autopilot/hls_stream_39.h:145]   --->   Operation 24 'bitselect' 'tmp_290' <Predicate = (!state_2_load & tmp_i)> <Delay = 0.00>
ST_1 : Operation 25 [1/1] (0.00ns)   --->   "%br_ln138 = br i1 %tmp_290, void %if.then2.i, void %if.else.i" [/mnt/scratch/pyuvaraj/Vitis_RoCE_W/Vitis_RoCE/fpga-network-stack/hls/toe/rx_engine/rx_engine.cpp:138]   --->   Operation 25 'br' 'br_ln138' <Predicate = (!state_2_load & tmp_i)> <Delay = 0.00>
ST_1 : Operation 26 [1/1] (0.38ns)   --->   "%store_ln145 = store i1 1, i1 %firstPayload" [/mnt/scratch/pyuvaraj/Vitis_RoCE_W/Vitis_RoCE/fpga-network-stack/hls/toe/rx_engine/rx_engine.cpp:145]   --->   Operation 26 'store' 'store_ln145' <Predicate = (!state_2_load & tmp_i & tmp_290)> <Delay = 0.38>
ST_1 : Operation 27 [1/1] (0.38ns)   --->   "%store_ln146 = store i1 1, i1 %state_2" [/mnt/scratch/pyuvaraj/Vitis_RoCE_W/Vitis_RoCE/fpga-network-stack/hls/toe/rx_engine/rx_engine.cpp:146]   --->   Operation 27 'store' 'store_ln146' <Predicate = (!state_2_load & tmp_i & tmp_290)> <Delay = 0.38>
ST_1 : Operation 28 [1/1] (0.00ns)   --->   "%br_ln0 = br void %if.end.i"   --->   Operation 28 'br' 'br_ln0' <Predicate = (!state_2_load & tmp_i & tmp_290)> <Delay = 0.00>
ST_1 : Operation 29 [1/1] (0.00ns)   --->   "%br_ln149 = br void %if.end3.i" [/mnt/scratch/pyuvaraj/Vitis_RoCE_W/Vitis_RoCE/fpga-network-stack/hls/toe/rx_engine/rx_engine.cpp:149]   --->   Operation 29 'br' 'br_ln149' <Predicate = (!state_2_load & tmp_i)> <Delay = 0.00>
ST_1 : Operation 30 [1/1] (0.00ns)   --->   "%br_ln150 = br void %prependPseudoHeader<512>.exit" [/mnt/scratch/pyuvaraj/Vitis_RoCE_W/Vitis_RoCE/fpga-network-stack/hls/toe/rx_engine/rx_engine.cpp:150]   --->   Operation 30 'br' 'br_ln150' <Predicate = (!state_2_load)> <Delay = 0.00>
ST_1 : Operation 31 [1/1] (0.00ns)   --->   "%tmp_i_257 = nbreadreq i1 @_ssdm_op_NbReadReq.ap_fifo.i1024P0A, i1024 %rxEng_dataBuffer5, i32 1" [/tools/Xilinx/Vitis_HLS/2022.1/common/technology/autopilot/hls_stream_39.h:136]   --->   Operation 31 'nbreadreq' 'tmp_i_257' <Predicate = (state_2_load)> <Delay = 0.00> <CoreInst = "FIFO">   --->   Core 78 'FIFO' <Latency = 0> <II = 1> <Delay = 1.26> <Storage> <Opcode : 'read' 'write' 'nbread' 'nbwrite'> <Ports = 0> <Width = 1024> <Depth = 8> <FIFO>
ST_1 : Operation 32 [1/1] (0.00ns)   --->   "%br_ln152 = br i1 %tmp_i_257, void %if.end14.i, void %if.then6.i" [/mnt/scratch/pyuvaraj/Vitis_RoCE_W/Vitis_RoCE/fpga-network-stack/hls/toe/rx_engine/rx_engine.cpp:152]   --->   Operation 32 'br' 'br_ln152' <Predicate = (state_2_load)> <Delay = 0.00>
ST_1 : Operation 33 [1/1] (1.16ns)   --->   "%rxEng_dataBuffer5_read = read i1024 @_ssdm_op_Read.ap_fifo.volatile.i1024P0A, i1024 %rxEng_dataBuffer5" [/tools/Xilinx/Vitis_HLS/2022.1/common/technology/autopilot/hls_stream_39.h:145]   --->   Operation 33 'read' 'rxEng_dataBuffer5_read' <Predicate = (state_2_load & tmp_i_257)> <Delay = 1.16> <CoreInst = "FIFO">   --->   Core 78 'FIFO' <Latency = 0> <II = 1> <Delay = 1.26> <Storage> <Opcode : 'read' 'write' 'nbread' 'nbwrite'> <Ports = 0> <Width = 1024> <Depth = 8> <FIFO>
ST_1 : Operation 34 [1/1] (0.00ns)   --->   "%tmp_data_V = trunc i1024 %rxEng_dataBuffer5_read" [/tools/Xilinx/Vitis_HLS/2022.1/common/technology/autopilot/hls_stream_39.h:145]   --->   Operation 34 'trunc' 'tmp_data_V' <Predicate = (state_2_load & tmp_i_257)> <Delay = 0.00>
ST_1 : Operation 35 [1/1] (0.00ns)   --->   "%tmp_last_V = bitselect i1 @_ssdm_op_BitSelect.i1.i1024.i1024, i1024 %rxEng_dataBuffer5_read, i1024 576" [/tools/Xilinx/Vitis_HLS/2022.1/common/technology/autopilot/hls_stream_39.h:145]   --->   Operation 35 'bitselect' 'tmp_last_V' <Predicate = (state_2_load & tmp_i_257)> <Delay = 0.00>
ST_1 : Operation 36 [1/1] (0.38ns)   --->   "%br_ln157 = br i1 %firstPayload_load, void %if.end10.i, void %if.then7.i" [/mnt/scratch/pyuvaraj/Vitis_RoCE_W/Vitis_RoCE/fpga-network-stack/hls/toe/rx_engine/rx_engine.cpp:157]   --->   Operation 36 'br' 'br_ln157' <Predicate = (state_2_load & tmp_i_257)> <Delay = 0.38>
ST_1 : Operation 37 [1/1] (0.00ns)   --->   "%p_Val2_s = load i96 %prevWord_data_V_7"   --->   Operation 37 'load' 'p_Val2_s' <Predicate = (state_2_load & tmp_i_257 & firstPayload_load)> <Delay = 0.00>
ST_1 : Operation 38 [1/1] (0.00ns)   --->   "%p_Result_s = partset i512 @_ssdm_op_PartSet.i512.i512.i96.i32.i32, i512 %tmp_data_V, i96 %p_Val2_s, i32 0, i32 95"   --->   Operation 38 'partset' 'p_Result_s' <Predicate = (state_2_load & tmp_i_257 & firstPayload_load)> <Delay = 0.00>
ST_1 : Operation 39 [1/1] (0.38ns)   --->   "%store_ln167 = store i1 0, i1 %firstPayload" [/mnt/scratch/pyuvaraj/Vitis_RoCE_W/Vitis_RoCE/fpga-network-stack/hls/toe/rx_engine/rx_engine.cpp:167]   --->   Operation 39 'store' 'store_ln167' <Predicate = (state_2_load & tmp_i_257 & firstPayload_load)> <Delay = 0.38>
ST_1 : Operation 40 [1/1] (0.38ns)   --->   "%br_ln168 = br void %if.end10.i" [/mnt/scratch/pyuvaraj/Vitis_RoCE_W/Vitis_RoCE/fpga-network-stack/hls/toe/rx_engine/rx_engine.cpp:168]   --->   Operation 40 'br' 'br_ln168' <Predicate = (state_2_load & tmp_i_257 & firstPayload_load)> <Delay = 0.38>
ST_1 : Operation 41 [1/1] (0.00ns)   --->   "%tmp = partselect i65 @_ssdm_op_PartSelect.i65.i1024.i32.i32, i1024 %rxEng_dataBuffer5_read, i32 512, i32 576" [/tools/Xilinx/Vitis_HLS/2022.1/common/technology/autopilot/hls_stream_39.h:174]   --->   Operation 41 'partselect' 'tmp' <Predicate = (state_2_load & tmp_i_257)> <Delay = 0.00>
ST_1 : Operation 42 [1/1] (0.00ns)   --->   "%br_ln172 = br i1 %tmp_last_V, void %if.end13.i, void %if.then12.i" [/mnt/scratch/pyuvaraj/Vitis_RoCE_W/Vitis_RoCE/fpga-network-stack/hls/toe/rx_engine/rx_engine.cpp:172]   --->   Operation 42 'br' 'br_ln172' <Predicate = (state_2_load & tmp_i_257)> <Delay = 0.00>
ST_1 : Operation 43 [1/1] (0.38ns)   --->   "%store_ln175 = store i1 0, i1 %state_2" [/mnt/scratch/pyuvaraj/Vitis_RoCE_W/Vitis_RoCE/fpga-network-stack/hls/toe/rx_engine/rx_engine.cpp:175]   --->   Operation 43 'store' 'store_ln175' <Predicate = (state_2_load & tmp_i_257 & tmp_last_V)> <Delay = 0.38>
ST_1 : Operation 44 [1/1] (0.00ns)   --->   "%br_ln176 = br void %if.end13.i" [/mnt/scratch/pyuvaraj/Vitis_RoCE_W/Vitis_RoCE/fpga-network-stack/hls/toe/rx_engine/rx_engine.cpp:176]   --->   Operation 44 'br' 'br_ln176' <Predicate = (state_2_load & tmp_i_257 & tmp_last_V)> <Delay = 0.00>
ST_1 : Operation 45 [1/1] (0.00ns)   --->   "%br_ln177 = br void %if.end14.i" [/mnt/scratch/pyuvaraj/Vitis_RoCE_W/Vitis_RoCE/fpga-network-stack/hls/toe/rx_engine/rx_engine.cpp:177]   --->   Operation 45 'br' 'br_ln177' <Predicate = (state_2_load & tmp_i_257)> <Delay = 0.00>
ST_1 : Operation 46 [1/1] (0.00ns)   --->   "%br_ln178 = br void %prependPseudoHeader<512>.exit" [/mnt/scratch/pyuvaraj/Vitis_RoCE_W/Vitis_RoCE/fpga-network-stack/hls/toe/rx_engine/rx_engine.cpp:178]   --->   Operation 46 'br' 'br_ln178' <Predicate = (state_2_load)> <Delay = 0.00>

State 2 <SV = 1> <Delay = 1.16>
ST_2 : Operation 47 [1/1] (1.16ns)   --->   "%write_ln174 = write void @_ssdm_op_Write.ap_fifo.volatile.i1024P0A, i1024 %rxEng_dataBuffer1, i1024 %rxEng_pseudoHeaderFifo_read" [/tools/Xilinx/Vitis_HLS/2022.1/common/technology/autopilot/hls_stream_39.h:174]   --->   Operation 47 'write' 'write_ln174' <Predicate = (!state_2_load & tmp_i & !tmp_290)> <Delay = 1.16> <CoreInst = "FIFO">   --->   Core 78 'FIFO' <Latency = 0> <II = 1> <Delay = 1.26> <Storage> <Opcode : 'read' 'write' 'nbread' 'nbwrite'> <Ports = 0> <Width = 1024> <Depth = 8> <FIFO>
ST_2 : Operation 48 [1/1] (0.00ns)   --->   "%br_ln141 = br void %if.end.i" [/mnt/scratch/pyuvaraj/Vitis_RoCE_W/Vitis_RoCE/fpga-network-stack/hls/toe/rx_engine/rx_engine.cpp:141]   --->   Operation 48 'br' 'br_ln141' <Predicate = (!state_2_load & tmp_i & !tmp_290)> <Delay = 0.00>
ST_2 : Operation 49 [1/1] (0.00ns)   --->   "%sendWord_data_V_9 = phi i512 %p_Result_s, void %if.then7.i, i512 %tmp_data_V, void %if.then6.i"   --->   Operation 49 'phi' 'sendWord_data_V_9' <Predicate = (state_2_load & tmp_i_257)> <Delay = 0.00>
ST_2 : Operation 50 [1/1] (0.00ns)   --->   "%tmp_s = bitconcatenate i577 @_ssdm_op_BitConcatenate.i577.i65.i512, i65 %tmp, i512 %sendWord_data_V_9" [/tools/Xilinx/Vitis_HLS/2022.1/common/technology/autopilot/hls_stream_39.h:174]   --->   Operation 50 'bitconcatenate' 'tmp_s' <Predicate = (state_2_load & tmp_i_257)> <Delay = 0.00>
ST_2 : Operation 51 [1/1] (0.00ns)   --->   "%zext_ln174 = zext i577 %tmp_s" [/tools/Xilinx/Vitis_HLS/2022.1/common/technology/autopilot/hls_stream_39.h:174]   --->   Operation 51 'zext' 'zext_ln174' <Predicate = (state_2_load & tmp_i_257)> <Delay = 0.00>
ST_2 : Operation 52 [1/1] (1.16ns)   --->   "%write_ln174 = write void @_ssdm_op_Write.ap_fifo.volatile.i1024P0A, i1024 %rxEng_dataBuffer1, i1024 %zext_ln174" [/tools/Xilinx/Vitis_HLS/2022.1/common/technology/autopilot/hls_stream_39.h:174]   --->   Operation 52 'write' 'write_ln174' <Predicate = (state_2_load & tmp_i_257)> <Delay = 1.16> <CoreInst = "FIFO">   --->   Core 78 'FIFO' <Latency = 0> <II = 1> <Delay = 1.26> <Storage> <Opcode : 'read' 'write' 'nbread' 'nbwrite'> <Ports = 0> <Width = 1024> <Depth = 8> <FIFO>
ST_2 : Operation 53 [1/1] (0.00ns)   --->   "%ret_ln0 = ret"   --->   Operation 53 'ret' 'ret_ln0' <Predicate = true> <Delay = 0.00>


============================================================
+ Verbose Summary: Binding
============================================================
STG Binding: 
---------------- STG Properties BEGIN ----------------
- Is combinational: 0
- Is one-state seq: 0
- Is datapath-only: 0
- Is pipelined: 1
- Is top level: 0
Port [ Return ] is wired: 1; IO mode=ap_ctrl_hs:ce=0
Port [ state_2]:  wired=0; compound=0; hidden=1; nouse=0; global=1; static=1; extern=0; dir=2; type=0; pingpong=0; private_global=1; IO mode=ap_ovld:ce=0
Port [ firstPayload]:  wired=0; compound=0; hidden=1; nouse=0; global=1; static=1; extern=0; dir=2; type=0; pingpong=0; private_global=1; IO mode=ap_ovld:ce=0
Port [ rxEng_pseudoHeaderFifo]:  wired=1; compound=1; hidden=0; nouse=0; global=1; static=1; extern=0; dir=0; type=3; pingpong=0; private_global=0; IO mode=ap_fifo:ce=0
Port [ prevWord_data_V_7]:  wired=0; compound=0; hidden=1; nouse=0; global=1; static=1; extern=0; dir=2; type=0; pingpong=0; private_global=1; IO mode=ap_ovld:ce=0
Port [ rxEng_dataBuffer1]:  wired=1; compound=1; hidden=0; nouse=0; global=1; static=1; extern=0; dir=1; type=3; pingpong=0; private_global=0; IO mode=ap_fifo:ce=0
Port [ rxEng_dataBuffer5]:  wired=1; compound=1; hidden=0; nouse=0; global=1; static=1; extern=0; dir=0; type=3; pingpong=0; private_global=0; IO mode=ap_fifo:ce=0
---------------- STG Properties END ------------------

---------------- Datapath Model BEGIN ----------------

<LifeTime>
<method=bitvector/>
specinterface_ln0           (specinterface ) [ 000]
specinterface_ln0           (specinterface ) [ 000]
specinterface_ln0           (specinterface ) [ 000]
specinterface_ln0           (specinterface ) [ 000]
specinterface_ln0           (specinterface ) [ 000]
specinterface_ln0           (specinterface ) [ 000]
specinterface_ln0           (specinterface ) [ 000]
specinterface_ln0           (specinterface ) [ 000]
specinterface_ln0           (specinterface ) [ 000]
specinterface_ln0           (specinterface ) [ 000]
specinterface_ln0           (specinterface ) [ 000]
specinterface_ln0           (specinterface ) [ 000]
specpipeline_ln119          (specpipeline  ) [ 000]
state_2_load                (load          ) [ 011]
firstPayload_load           (load          ) [ 010]
br_ln131                    (br            ) [ 000]
tmp_i                       (nbreadreq     ) [ 011]
br_ln134                    (br            ) [ 000]
rxEng_pseudoHeaderFifo_read (read          ) [ 011]
trunc_ln145                 (trunc         ) [ 000]
store_ln145                 (store         ) [ 000]
tmp_290                     (bitselect     ) [ 011]
br_ln138                    (br            ) [ 000]
store_ln145                 (store         ) [ 000]
store_ln146                 (store         ) [ 000]
br_ln0                      (br            ) [ 000]
br_ln149                    (br            ) [ 000]
br_ln150                    (br            ) [ 000]
tmp_i_257                   (nbreadreq     ) [ 011]
br_ln152                    (br            ) [ 000]
rxEng_dataBuffer5_read      (read          ) [ 000]
tmp_data_V                  (trunc         ) [ 011]
tmp_last_V                  (bitselect     ) [ 010]
br_ln157                    (br            ) [ 011]
p_Val2_s                    (load          ) [ 000]
p_Result_s                  (partset       ) [ 011]
store_ln167                 (store         ) [ 000]
br_ln168                    (br            ) [ 011]
tmp                         (partselect    ) [ 011]
br_ln172                    (br            ) [ 000]
store_ln175                 (store         ) [ 000]
br_ln176                    (br            ) [ 000]
br_ln177                    (br            ) [ 000]
br_ln178                    (br            ) [ 000]
write_ln174                 (write         ) [ 000]
br_ln141                    (br            ) [ 000]
sendWord_data_V_9           (phi           ) [ 011]
tmp_s                       (bitconcatenate) [ 000]
zext_ln174                  (zext          ) [ 000]
write_ln174                 (write         ) [ 000]
ret_ln0                     (ret           ) [ 000]
</LifeTime>

<model>

<comp_list>
<comp id="0" class="1000" name="state_2">
<pin_list>
<pin id="1" dir="1" index="0" bw="1" slack="0"/>
</pin_list>
<bind>
<StgValue><ssdm name="state_2"/></StgValue>
</bind>
</comp>

<comp id="2" class="1000" name="firstPayload">
<pin_list>
<pin id="3" dir="1" index="0" bw="1" slack="0"/>
</pin_list>
<bind>
<StgValue><ssdm name="firstPayload"/></StgValue>
</bind>
</comp>

<comp id="4" class="1000" name="rxEng_pseudoHeaderFifo">
<pin_list>
<pin id="5" dir="1" index="0" bw="1" slack="0"/>
</pin_list>
<bind>
<StgValue><ssdm name="rxEng_pseudoHeaderFifo"/></StgValue>
</bind>
</comp>

<comp id="6" class="1000" name="prevWord_data_V_7">
<pin_list>
<pin id="7" dir="1" index="0" bw="1" slack="0"/>
</pin_list>
<bind>
<StgValue><ssdm name="prevWord_data_V_7"/></StgValue>
</bind>
</comp>

<comp id="8" class="1000" name="rxEng_dataBuffer1">
<pin_list>
<pin id="9" dir="1" index="0" bw="1" slack="0"/>
</pin_list>
<bind>
<StgValue><ssdm name="rxEng_dataBuffer1"/></StgValue>
</bind>
</comp>

<comp id="10" class="1000" name="rxEng_dataBuffer5">
<pin_list>
<pin id="11" dir="1" index="0" bw="1" slack="0"/>
</pin_list>
<bind>
<StgValue><ssdm name="rxEng_dataBuffer5"/></StgValue>
</bind>
</comp>

<comp id="12" class="1001" name="const_12">
<pin_list>
<pin id="13" dir="1" index="0" bw="1" slack="2147483647"/>
</pin_list>
<bind>
<StgValue><ssdm name="_ssdm_op_SpecInterface"/></StgValue>
</bind>
</comp>

<comp id="14" class="1001" name="const_14">
<pin_list>
<pin id="15" dir="1" index="0" bw="1" slack="2147483647"/>
</pin_list>
<bind>
<StgValue><ssdm name="empty"/></StgValue>
</bind>
</comp>

<comp id="16" class="1001" name="const_16">
<pin_list>
<pin id="17" dir="1" index="0" bw="1" slack="0"/>
</pin_list>
<bind>
<StgValue><ssdm name=""/></StgValue>
</bind>
</comp>

<comp id="18" class="1001" name="const_18">
<pin_list>
<pin id="19" dir="1" index="0" bw="1" slack="2147483647"/>
</pin_list>
<bind>
<StgValue><ssdm name="empty_1"/></StgValue>
</bind>
</comp>

<comp id="20" class="1001" name="const_20">
<pin_list>
<pin id="21" dir="1" index="0" bw="1" slack="2147483647"/>
</pin_list>
<bind>
<StgValue><ssdm name=""/></StgValue>
</bind>
</comp>

<comp id="22" class="1001" name="const_22">
<pin_list>
<pin id="23" dir="1" index="0" bw="1" slack="2147483647"/>
</pin_list>
<bind>
<StgValue><ssdm name="_ssdm_op_SpecPipeline"/></StgValue>
</bind>
</comp>

<comp id="24" class="1001" name="const_24">
<pin_list>
<pin id="25" dir="1" index="0" bw="1" slack="0"/>
</pin_list>
<bind>
<StgValue><ssdm name=""/></StgValue>
</bind>
</comp>

<comp id="26" class="1001" name="const_26">
<pin_list>
<pin id="27" dir="1" index="0" bw="1" slack="0"/>
</pin_list>
<bind>
<StgValue><ssdm name="_ssdm_op_NbReadReq.ap_fifo.i1024P0A"/></StgValue>
</bind>
</comp>

<comp id="28" class="1001" name="const_28">
<pin_list>
<pin id="29" dir="1" index="0" bw="1" slack="0"/>
</pin_list>
<bind>
<StgValue><ssdm name="_ssdm_op_Read.ap_fifo.volatile.i1024P0A"/></StgValue>
</bind>
</comp>

<comp id="30" class="1001" name="const_30">
<pin_list>
<pin id="31" dir="1" index="0" bw="1" slack="0"/>
</pin_list>
<bind>
<StgValue><ssdm name="_ssdm_op_BitSelect.i1.i1024.i1024"/></StgValue>
</bind>
</comp>

<comp id="32" class="1001" name="const_32">
<pin_list>
<pin id="33" dir="1" index="0" bw="1" slack="0"/>
</pin_list>
<bind>
<StgValue><ssdm name=""/></StgValue>
</bind>
</comp>

<comp id="34" class="1001" name="const_34">
<pin_list>
<pin id="35" dir="1" index="0" bw="1" slack="0"/>
</pin_list>
<bind>
<StgValue><ssdm name=""/></StgValue>
</bind>
</comp>

<comp id="36" class="1001" name="const_36">
<pin_list>
<pin id="37" dir="1" index="0" bw="1" slack="0"/>
</pin_list>
<bind>
<StgValue><ssdm name="_ssdm_op_PartSet.i512.i512.i96.i32.i32"/></StgValue>
</bind>
</comp>

<comp id="38" class="1001" name="const_38">
<pin_list>
<pin id="39" dir="1" index="0" bw="1" slack="0"/>
</pin_list>
<bind>
<StgValue><ssdm name=""/></StgValue>
</bind>
</comp>

<comp id="40" class="1001" name="const_40">
<pin_list>
<pin id="41" dir="1" index="0" bw="1" slack="0"/>
</pin_list>
<bind>
<StgValue><ssdm name=""/></StgValue>
</bind>
</comp>

<comp id="42" class="1001" name="const_42">
<pin_list>
<pin id="43" dir="1" index="0" bw="1" slack="0"/>
</pin_list>
<bind>
<StgValue><ssdm name="_ssdm_op_PartSelect.i65.i1024.i32.i32"/></StgValue>
</bind>
</comp>

<comp id="44" class="1001" name="const_44">
<pin_list>
<pin id="45" dir="1" index="0" bw="1" slack="0"/>
</pin_list>
<bind>
<StgValue><ssdm name=""/></StgValue>
</bind>
</comp>

<comp id="46" class="1001" name="const_46">
<pin_list>
<pin id="47" dir="1" index="0" bw="1" slack="0"/>
</pin_list>
<bind>
<StgValue><ssdm name=""/></StgValue>
</bind>
</comp>

<comp id="48" class="1001" name="const_48">
<pin_list>
<pin id="49" dir="1" index="0" bw="1" slack="0"/>
</pin_list>
<bind>
<StgValue><ssdm name="_ssdm_op_Write.ap_fifo.volatile.i1024P0A"/></StgValue>
</bind>
</comp>

<comp id="50" class="1001" name="const_50">
<pin_list>
<pin id="51" dir="1" index="0" bw="1" slack="0"/>
</pin_list>
<bind>
<StgValue><ssdm name="_ssdm_op_BitConcatenate.i577.i65.i512"/></StgValue>
</bind>
</comp>

<comp id="52" class="1004" name="tmp_i_nbreadreq_fu_52">
<pin_list>
<pin id="53" dir="0" index="0" bw="1" slack="0"/>
<pin id="54" dir="0" index="1" bw="1024" slack="0"/>
<pin id="55" dir="0" index="2" bw="1" slack="0"/>
<pin id="56" dir="1" index="3" bw="1" slack="1"/>
</pin_list>
<bind>
<opcode="nbreadreq(1156) " fcode="nbreadreq"/>
<opset="tmp_i/1 "/>
</bind>
</comp>

<comp id="60" class="1004" name="rxEng_pseudoHeaderFifo_read_read_fu_60">
<pin_list>
<pin id="61" dir="0" index="0" bw="1024" slack="0"/>
<pin id="62" dir="0" index="1" bw="1024" slack="0"/>
<pin id="63" dir="1" index="2" bw="1024" slack="0"/>
</pin_list>
<bind>
<opcode="read(1150) " fcode="read"/>
<opset="rxEng_pseudoHeaderFifo_read/1 "/>
</bind>
</comp>

<comp id="66" class="1004" name="tmp_i_257_nbreadreq_fu_66">
<pin_list>
<pin id="67" dir="0" index="0" bw="1" slack="0"/>
<pin id="68" dir="0" index="1" bw="1024" slack="0"/>
<pin id="69" dir="0" index="2" bw="1" slack="0"/>
<pin id="70" dir="1" index="3" bw="1" slack="1"/>
</pin_list>
<bind>
<opcode="nbreadreq(1156) " fcode="nbreadreq"/>
<opset="tmp_i_257/1 "/>
</bind>
</comp>

<comp id="74" class="1004" name="rxEng_dataBuffer5_read_read_fu_74">
<pin_list>
<pin id="75" dir="0" index="0" bw="1024" slack="0"/>
<pin id="76" dir="0" index="1" bw="1024" slack="0"/>
<pin id="77" dir="1" index="2" bw="1024" slack="0"/>
</pin_list>
<bind>
<opcode="read(1150) " fcode="read"/>
<opset="rxEng_dataBuffer5_read/1 "/>
</bind>
</comp>

<comp id="80" class="1004" name="grp_write_fu_80">
<pin_list>
<pin id="81" dir="0" index="0" bw="0" slack="0"/>
<pin id="82" dir="0" index="1" bw="1024" slack="0"/>
<pin id="83" dir="0" index="2" bw="1024" slack="0"/>
<pin id="84" dir="1" index="3" bw="0" slack="2147483647"/>
</pin_list>
<bind>
<opcode="write(1151) " fcode="write"/>
<opset="write_ln174/2 write_ln174/2 "/>
</bind>
</comp>

<comp id="87" class="1005" name="sendWord_data_V_9_reg_87">
<pin_list>
<pin id="88" dir="0" index="0" bw="512" slack="2147483647"/>
<pin id="89" dir="1" index="1" bw="512" slack="2147483647"/>
</pin_list>
<bind>
<opset="sendWord_data_V_9 (phireg) "/>
</bind>
</comp>

<comp id="90" class="1004" name="sendWord_data_V_9_phi_fu_90">
<pin_list>
<pin id="91" dir="0" index="0" bw="512" slack="1"/>
<pin id="92" dir="0" index="1" bw="0" slack="2147483647"/>
<pin id="93" dir="0" index="2" bw="512" slack="1"/>
<pin id="94" dir="0" index="3" bw="0" slack="2147483647"/>
<pin id="95" dir="1" index="4" bw="512" slack="0"/>
</pin_list>
<bind>
<opcode="phi(47) " fcode="phi"/>
<opset="sendWord_data_V_9/2 "/>
</bind>
</comp>

<comp id="96" class="1004" name="state_2_load_load_fu_96">
<pin_list>
<pin id="97" dir="0" index="0" bw="1" slack="0"/>
<pin id="98" dir="1" index="1" bw="1" slack="1"/>
</pin_list>
<bind>
<opcode="load(27) " fcode="load"/>
<opset="state_2_load/1 "/>
</bind>
</comp>

<comp id="100" class="1004" name="firstPayload_load_load_fu_100">
<pin_list>
<pin id="101" dir="0" index="0" bw="1" slack="0"/>
<pin id="102" dir="1" index="1" bw="1" slack="2147483647"/>
</pin_list>
<bind>
<opcode="load(27) " fcode="load"/>
<opset="firstPayload_load/1 "/>
</bind>
</comp>

<comp id="104" class="1004" name="trunc_ln145_fu_104">
<pin_list>
<pin id="105" dir="0" index="0" bw="1024" slack="0"/>
<pin id="106" dir="1" index="1" bw="96" slack="0"/>
</pin_list>
<bind>
<opcode="trunc(33) " fcode="trunc"/>
<opset="trunc_ln145/1 "/>
</bind>
</comp>

<comp id="108" class="1004" name="store_ln145_store_fu_108">
<pin_list>
<pin id="109" dir="0" index="0" bw="96" slack="0"/>
<pin id="110" dir="0" index="1" bw="96" slack="0"/>
<pin id="111" dir="1" index="2" bw="0" slack="2147483647"/>
</pin_list>
<bind>
<opcode="store(28) " fcode="store"/>
<opset="store_ln145/1 "/>
</bind>
</comp>

<comp id="114" class="1004" name="tmp_290_fu_114">
<pin_list>
<pin id="115" dir="0" index="0" bw="1" slack="0"/>
<pin id="116" dir="0" index="1" bw="1024" slack="0"/>
<pin id="117" dir="0" index="2" bw="11" slack="0"/>
<pin id="118" dir="1" index="3" bw="1" slack="1"/>
</pin_list>
<bind>
<opcode="bitselect(1000) " fcode="bitselect"/>
<opset="tmp_290/1 "/>
</bind>
</comp>

<comp id="122" class="1004" name="store_ln145_store_fu_122">
<pin_list>
<pin id="123" dir="0" index="0" bw="1" slack="0"/>
<pin id="124" dir="0" index="1" bw="1" slack="0"/>
<pin id="125" dir="1" index="2" bw="0" slack="2147483647"/>
</pin_list>
<bind>
<opcode="store(28) " fcode="store"/>
<opset="store_ln145/1 "/>
</bind>
</comp>

<comp id="128" class="1004" name="store_ln146_store_fu_128">
<pin_list>
<pin id="129" dir="0" index="0" bw="1" slack="0"/>
<pin id="130" dir="0" index="1" bw="1" slack="0"/>
<pin id="131" dir="1" index="2" bw="0" slack="2147483647"/>
</pin_list>
<bind>
<opcode="store(28) " fcode="store"/>
<opset="store_ln146/1 "/>
</bind>
</comp>

<comp id="134" class="1004" name="tmp_data_V_fu_134">
<pin_list>
<pin id="135" dir="0" index="0" bw="1024" slack="0"/>
<pin id="136" dir="1" index="1" bw="512" slack="0"/>
</pin_list>
<bind>
<opcode="trunc(33) " fcode="trunc"/>
<opset="tmp_data_V/1 "/>
</bind>
</comp>

<comp id="138" class="1004" name="tmp_last_V_fu_138">
<pin_list>
<pin id="139" dir="0" index="0" bw="1" slack="0"/>
<pin id="140" dir="0" index="1" bw="1024" slack="0"/>
<pin id="141" dir="0" index="2" bw="11" slack="0"/>
<pin id="142" dir="1" index="3" bw="1" slack="2147483647"/>
</pin_list>
<bind>
<opcode="bitselect(1000) " fcode="bitselect"/>
<opset="tmp_last_V/1 "/>
</bind>
</comp>

<comp id="146" class="1004" name="p_Val2_s_load_fu_146">
<pin_list>
<pin id="147" dir="0" index="0" bw="96" slack="0"/>
<pin id="148" dir="1" index="1" bw="96" slack="0"/>
</pin_list>
<bind>
<opcode="load(27) " fcode="load"/>
<opset="p_Val2_s/1 "/>
</bind>
</comp>

<comp id="150" class="1004" name="p_Result_s_fu_150">
<pin_list>
<pin id="151" dir="0" index="0" bw="512" slack="0"/>
<pin id="152" dir="0" index="1" bw="512" slack="0"/>
<pin id="153" dir="0" index="2" bw="96" slack="0"/>
<pin id="154" dir="0" index="3" bw="1" slack="0"/>
<pin id="155" dir="0" index="4" bw="8" slack="0"/>
<pin id="156" dir="1" index="5" bw="512" slack="1"/>
</pin_list>
<bind>
<opcode="partset(1003) " fcode="partset"/>
<opset="p_Result_s/1 "/>
</bind>
</comp>

<comp id="162" class="1004" name="store_ln167_store_fu_162">
<pin_list>
<pin id="163" dir="0" index="0" bw="1" slack="0"/>
<pin id="164" dir="0" index="1" bw="1" slack="0"/>
<pin id="165" dir="1" index="2" bw="0" slack="2147483647"/>
</pin_list>
<bind>
<opcode="store(28) " fcode="store"/>
<opset="store_ln167/1 "/>
</bind>
</comp>

<comp id="168" class="1004" name="tmp_fu_168">
<pin_list>
<pin id="169" dir="0" index="0" bw="65" slack="0"/>
<pin id="170" dir="0" index="1" bw="1024" slack="0"/>
<pin id="171" dir="0" index="2" bw="11" slack="0"/>
<pin id="172" dir="0" index="3" bw="11" slack="0"/>
<pin id="173" dir="1" index="4" bw="65" slack="1"/>
</pin_list>
<bind>
<opcode="partselect(1002) " fcode="partselect"/>
<opset="tmp/1 "/>
</bind>
</comp>

<comp id="178" class="1004" name="store_ln175_store_fu_178">
<pin_list>
<pin id="179" dir="0" index="0" bw="1" slack="0"/>
<pin id="180" dir="0" index="1" bw="1" slack="0"/>
<pin id="181" dir="1" index="2" bw="0" slack="2147483647"/>
</pin_list>
<bind>
<opcode="store(28) " fcode="store"/>
<opset="store_ln175/1 "/>
</bind>
</comp>

<comp id="184" class="1004" name="tmp_s_fu_184">
<pin_list>
<pin id="185" dir="0" index="0" bw="577" slack="0"/>
<pin id="186" dir="0" index="1" bw="65" slack="1"/>
<pin id="187" dir="0" index="2" bw="512" slack="0"/>
<pin id="188" dir="1" index="3" bw="577" slack="0"/>
</pin_list>
<bind>
<opcode="bitconcatenate(1004) " fcode="bitconcatenate"/>
<opset="tmp_s/2 "/>
</bind>
</comp>

<comp id="191" class="1004" name="zext_ln174_fu_191">
<pin_list>
<pin id="192" dir="0" index="0" bw="577" slack="0"/>
<pin id="193" dir="1" index="1" bw="1024" slack="0"/>
</pin_list>
<bind>
<opcode="zext(34) " fcode="zext"/>
<opset="zext_ln174/2 "/>
</bind>
</comp>

<comp id="196" class="1005" name="state_2_load_reg_196">
<pin_list>
<pin id="197" dir="0" index="0" bw="1" slack="1"/>
<pin id="198" dir="1" index="1" bw="1" slack="2147483647"/>
</pin_list>
<bind>
<opset="state_2_load "/>
</bind>
</comp>

<comp id="203" class="1005" name="tmp_i_reg_203">
<pin_list>
<pin id="204" dir="0" index="0" bw="1" slack="1"/>
<pin id="205" dir="1" index="1" bw="1" slack="2147483647"/>
</pin_list>
<bind>
<opset="tmp_i "/>
</bind>
</comp>

<comp id="207" class="1005" name="rxEng_pseudoHeaderFifo_read_reg_207">
<pin_list>
<pin id="208" dir="0" index="0" bw="1024" slack="1"/>
<pin id="209" dir="1" index="1" bw="1024" slack="1"/>
</pin_list>
<bind>
<opset="rxEng_pseudoHeaderFifo_read "/>
</bind>
</comp>

<comp id="212" class="1005" name="tmp_290_reg_212">
<pin_list>
<pin id="213" dir="0" index="0" bw="1" slack="1"/>
<pin id="214" dir="1" index="1" bw="1" slack="2147483647"/>
</pin_list>
<bind>
<opset="tmp_290 "/>
</bind>
</comp>

<comp id="216" class="1005" name="tmp_i_257_reg_216">
<pin_list>
<pin id="217" dir="0" index="0" bw="1" slack="1"/>
<pin id="218" dir="1" index="1" bw="1" slack="2147483647"/>
</pin_list>
<bind>
<opset="tmp_i_257 "/>
</bind>
</comp>

<comp id="220" class="1005" name="tmp_data_V_reg_220">
<pin_list>
<pin id="221" dir="0" index="0" bw="512" slack="1"/>
<pin id="222" dir="1" index="1" bw="512" slack="1"/>
</pin_list>
<bind>
<opset="tmp_data_V "/>
</bind>
</comp>

<comp id="228" class="1005" name="p_Result_s_reg_228">
<pin_list>
<pin id="229" dir="0" index="0" bw="512" slack="1"/>
<pin id="230" dir="1" index="1" bw="512" slack="1"/>
</pin_list>
<bind>
<opset="p_Result_s "/>
</bind>
</comp>

<comp id="233" class="1005" name="tmp_reg_233">
<pin_list>
<pin id="234" dir="0" index="0" bw="65" slack="1"/>
<pin id="235" dir="1" index="1" bw="65" slack="1"/>
</pin_list>
<bind>
<opset="tmp "/>
</bind>
</comp>

</comp_list>

<net_list>
<net id="57"><net_src comp="26" pin="0"/><net_sink comp="52" pin=0"/></net>

<net id="58"><net_src comp="4" pin="0"/><net_sink comp="52" pin=1"/></net>

<net id="59"><net_src comp="24" pin="0"/><net_sink comp="52" pin=2"/></net>

<net id="64"><net_src comp="28" pin="0"/><net_sink comp="60" pin=0"/></net>

<net id="65"><net_src comp="4" pin="0"/><net_sink comp="60" pin=1"/></net>

<net id="71"><net_src comp="26" pin="0"/><net_sink comp="66" pin=0"/></net>

<net id="72"><net_src comp="10" pin="0"/><net_sink comp="66" pin=1"/></net>

<net id="73"><net_src comp="24" pin="0"/><net_sink comp="66" pin=2"/></net>

<net id="78"><net_src comp="28" pin="0"/><net_sink comp="74" pin=0"/></net>

<net id="79"><net_src comp="10" pin="0"/><net_sink comp="74" pin=1"/></net>

<net id="85"><net_src comp="48" pin="0"/><net_sink comp="80" pin=0"/></net>

<net id="86"><net_src comp="8" pin="0"/><net_sink comp="80" pin=1"/></net>

<net id="99"><net_src comp="0" pin="0"/><net_sink comp="96" pin=0"/></net>

<net id="103"><net_src comp="2" pin="0"/><net_sink comp="100" pin=0"/></net>

<net id="107"><net_src comp="60" pin="2"/><net_sink comp="104" pin=0"/></net>

<net id="112"><net_src comp="104" pin="1"/><net_sink comp="108" pin=0"/></net>

<net id="113"><net_src comp="6" pin="0"/><net_sink comp="108" pin=1"/></net>

<net id="119"><net_src comp="30" pin="0"/><net_sink comp="114" pin=0"/></net>

<net id="120"><net_src comp="60" pin="2"/><net_sink comp="114" pin=1"/></net>

<net id="121"><net_src comp="32" pin="0"/><net_sink comp="114" pin=2"/></net>

<net id="126"><net_src comp="34" pin="0"/><net_sink comp="122" pin=0"/></net>

<net id="127"><net_src comp="2" pin="0"/><net_sink comp="122" pin=1"/></net>

<net id="132"><net_src comp="34" pin="0"/><net_sink comp="128" pin=0"/></net>

<net id="133"><net_src comp="0" pin="0"/><net_sink comp="128" pin=1"/></net>

<net id="137"><net_src comp="74" pin="2"/><net_sink comp="134" pin=0"/></net>

<net id="143"><net_src comp="30" pin="0"/><net_sink comp="138" pin=0"/></net>

<net id="144"><net_src comp="74" pin="2"/><net_sink comp="138" pin=1"/></net>

<net id="145"><net_src comp="32" pin="0"/><net_sink comp="138" pin=2"/></net>

<net id="149"><net_src comp="6" pin="0"/><net_sink comp="146" pin=0"/></net>

<net id="157"><net_src comp="36" pin="0"/><net_sink comp="150" pin=0"/></net>

<net id="158"><net_src comp="134" pin="1"/><net_sink comp="150" pin=1"/></net>

<net id="159"><net_src comp="146" pin="1"/><net_sink comp="150" pin=2"/></net>

<net id="160"><net_src comp="16" pin="0"/><net_sink comp="150" pin=3"/></net>

<net id="161"><net_src comp="38" pin="0"/><net_sink comp="150" pin=4"/></net>

<net id="166"><net_src comp="40" pin="0"/><net_sink comp="162" pin=0"/></net>

<net id="167"><net_src comp="2" pin="0"/><net_sink comp="162" pin=1"/></net>

<net id="174"><net_src comp="42" pin="0"/><net_sink comp="168" pin=0"/></net>

<net id="175"><net_src comp="74" pin="2"/><net_sink comp="168" pin=1"/></net>

<net id="176"><net_src comp="44" pin="0"/><net_sink comp="168" pin=2"/></net>

<net id="177"><net_src comp="46" pin="0"/><net_sink comp="168" pin=3"/></net>

<net id="182"><net_src comp="40" pin="0"/><net_sink comp="178" pin=0"/></net>

<net id="183"><net_src comp="0" pin="0"/><net_sink comp="178" pin=1"/></net>

<net id="189"><net_src comp="50" pin="0"/><net_sink comp="184" pin=0"/></net>

<net id="190"><net_src comp="90" pin="4"/><net_sink comp="184" pin=2"/></net>

<net id="194"><net_src comp="184" pin="3"/><net_sink comp="191" pin=0"/></net>

<net id="195"><net_src comp="191" pin="1"/><net_sink comp="80" pin=2"/></net>

<net id="199"><net_src comp="96" pin="1"/><net_sink comp="196" pin=0"/></net>

<net id="206"><net_src comp="52" pin="3"/><net_sink comp="203" pin=0"/></net>

<net id="210"><net_src comp="60" pin="2"/><net_sink comp="207" pin=0"/></net>

<net id="211"><net_src comp="207" pin="1"/><net_sink comp="80" pin=2"/></net>

<net id="215"><net_src comp="114" pin="3"/><net_sink comp="212" pin=0"/></net>

<net id="219"><net_src comp="66" pin="3"/><net_sink comp="216" pin=0"/></net>

<net id="223"><net_src comp="134" pin="1"/><net_sink comp="220" pin=0"/></net>

<net id="224"><net_src comp="220" pin="1"/><net_sink comp="90" pin=2"/></net>

<net id="231"><net_src comp="150" pin="5"/><net_sink comp="228" pin=0"/></net>

<net id="232"><net_src comp="228" pin="1"/><net_sink comp="90" pin=0"/></net>

<net id="236"><net_src comp="168" pin="4"/><net_sink comp="233" pin=0"/></net>

<net id="237"><net_src comp="233" pin="1"/><net_sink comp="184" pin=1"/></net>

</net_list>

</model> 
---------------- Datapath Model END ------------------

* FSMD analyzer results:
  - Output states:
	Port: state_2 | {1 }
	Port: firstPayload | {1 }
	Port: rxEng_pseudoHeaderFifo | {}
	Port: prevWord_data_V_7 | {1 }
	Port: rxEng_dataBuffer1 | {2 }
	Port: rxEng_dataBuffer5 | {}
 - Input state : 
	Port: prependPseudoHeader<512> : state_2 | {1 }
	Port: prependPseudoHeader<512> : firstPayload | {1 }
	Port: prependPseudoHeader<512> : rxEng_pseudoHeaderFifo | {1 }
	Port: prependPseudoHeader<512> : prevWord_data_V_7 | {1 }
	Port: prependPseudoHeader<512> : rxEng_dataBuffer1 | {}
	Port: prependPseudoHeader<512> : rxEng_dataBuffer5 | {1 }
  - Chain level:
	State 1
		br_ln131 : 1
		store_ln145 : 1
		br_ln138 : 1
		br_ln157 : 1
		p_Result_s : 1
		br_ln172 : 1
	State 2
		tmp_s : 1
		zext_ln174 : 2
		write_ln174 : 3


============================================================
+ Verbose Summary: Datapath Resource usage 
============================================================

* Functional unit list:
|----------|----------------------------------------|
| Operation|             Functional Unit            |
|----------|----------------------------------------|
| nbreadreq|          tmp_i_nbreadreq_fu_52         |
|          |        tmp_i_257_nbreadreq_fu_66       |
|----------|----------------------------------------|
|   read   | rxEng_pseudoHeaderFifo_read_read_fu_60 |
|          |    rxEng_dataBuffer5_read_read_fu_74   |
|----------|----------------------------------------|
|   write  |             grp_write_fu_80            |
|----------|----------------------------------------|
|   trunc  |           trunc_ln145_fu_104           |
|          |            tmp_data_V_fu_134           |
|----------|----------------------------------------|
| bitselect|             tmp_290_fu_114             |
|          |            tmp_last_V_fu_138           |
|----------|----------------------------------------|
|  partset |            p_Result_s_fu_150           |
|----------|----------------------------------------|
|partselect|               tmp_fu_168               |
|----------|----------------------------------------|
|bitconcatenate|              tmp_s_fu_184              |
|----------|----------------------------------------|
|   zext   |            zext_ln174_fu_191           |
|----------|----------------------------------------|
|   Total  |                                        |
|----------|----------------------------------------|

Memories:
N/A

* Register list:
+-----------------------------------+--------+
|                                   |   FF   |
+-----------------------------------+--------+
|         p_Result_s_reg_228        |   512  |
|rxEng_pseudoHeaderFifo_read_reg_207|  1024  |
|      sendWord_data_V_9_reg_87     |   512  |
|        state_2_load_reg_196       |    1   |
|          tmp_290_reg_212          |    1   |
|         tmp_data_V_reg_220        |   512  |
|         tmp_i_257_reg_216         |    1   |
|           tmp_i_reg_203           |    1   |
|            tmp_reg_233            |   65   |
+-----------------------------------+--------+
|               Total               |  2629  |
+-----------------------------------+--------+

* Multiplexer (MUX) list: 
|-----------------|------|------|------|--------||---------||---------|
|       Comp      |  Pin | Size |  BW  | S x BW ||  Delay  ||   LUT   |
|-----------------|------|------|------|--------||---------||---------|
| grp_write_fu_80 |  p2  |   2  | 1024 |  2048  ||    9    |
|-----------------|------|------|------|--------||---------||---------|
|      Total      |      |      |      |  2048  ||  0.387  ||    9    |
|-----------------|------|------|------|--------||---------||---------|



* Summary:
+-----------+--------+--------+--------+
|           |  Delay |   FF   |   LUT  |
+-----------+--------+--------+--------+
|  Function |    -   |    -   |    -   |
|   Memory  |    -   |    -   |    -   |
|Multiplexer|    0   |    -   |    9   |
|  Register |    -   |  2629  |    -   |
+-----------+--------+--------+--------+
|   Total   |    0   |  2629  |    9   |
+-----------+--------+--------+--------+
