

================================================================
== Vitis HLS Report for 'processPseudoHeader_512_s'
================================================================
* Date:           Tue Jul 11 09:25:15 2023

* Version:        2022.1 (Build 3526262 on Mon Apr 18 15:47:01 MDT 2022)
* Project:        toe_prj
* Solution:       solution1 (Vivado IP Flow Target)
* Product family: virtexuplus
* Target device:  xcu280-fsvh2892-2L-e


================================================================
== Performance Estimates
================================================================
+ Timing: 
    * Summary: 
    +--------+---------+----------+------------+
    |  Clock |  Target | Estimated| Uncertainty|
    +--------+---------+----------+------------+
    |ap_clk  |  3.20 ns|  1.924 ns|     0.86 ns|
    +--------+---------+----------+------------+

+ Latency: 
    * Summary: 
    +---------+---------+----------+----------+-----+-----+---------+
    |  Latency (cycles) |  Latency (absolute) |  Interval | Pipeline|
    |   min   |   max   |    min   |    max   | min | max |   Type  |
    +---------+---------+----------+----------+-----+-----+---------+
    |        3|        3|  9.600 ns|  9.600 ns|    1|    1|      yes|
    +---------+---------+----------+----------+-----+-----+---------+

    + Detail: 
        * Instance: 
        N/A

        * Loop: 
        N/A

============================================================
+ Verbose Summary: Synthesis Manager
============================================================
InlineROM: 1
ExposeGlobal: 0
============================================================
+ Verbose Summary: CDFG Model
============================================================
IsTopModel: 0
ResetActiveHigh: 1
IsCombinational: 2
IsDatapathOnly: 0
HasWiredReturn: 1
HasMFsm: 2
HasVarLatency: 0
IsPipeline: 1
IsRtlPipelined: 1
IsInstanceOverlapped: 0
IsDontTouch: 0
HasImplIP: 0
IsGatedGlobalClock: 0

+ Individual pipeline summary: 
  * Pipeline-0: initiation interval (II) = 1, depth = 4


============================================================
+ Verbose Summary: Schedule
============================================================
* Number of FSM states : 4
* Pipeline : 1
  Pipeline-0 : II = 1, D = 4, States = { 1 2 3 4 }
* Dataflow Pipeline: 0

* FSM state transitions: 
1 --> 2 
2 --> 3 
3 --> 4 
4 --> 

* FSM state operations: 

State 1 <SV = 0> <Delay = 1.41>
ST_1 : Operation 5 [1/1] (0.00ns)   --->   "%specinterface_ln0 = specinterface void @_ssdm_op_SpecInterface, i16 %rxEng2portTable_check_req, void @empty, i32 0, i32 0, void @empty_1, i32 0, i32 0, void @empty_1, void @empty_1, void @empty_1, i32 0, i32 0, i32 0, i32 0, void @empty_1, void @empty_1, i32 4294967295, i32 0"   --->   Operation 5 'specinterface' 'specinterface_ln0' <Predicate = true> <Delay = 0.00>
ST_1 : Operation 6 [1/1] (0.00ns)   --->   "%specinterface_ln0 = specinterface void @_ssdm_op_SpecInterface, i16 %rxEng2portTable_check_req, void @empty, i32 0, i32 0, void @empty_1, i32 0, i32 0, void @empty_1, void @empty_1, void @empty_1, i32 0, i32 0, i32 0, i32 0, void @empty_1, void @empty_1, i32 4294967295, i32 0"   --->   Operation 6 'specinterface' 'specinterface_ln0' <Predicate = true> <Delay = 0.00>
ST_1 : Operation 7 [1/1] (0.00ns)   --->   "%specinterface_ln0 = specinterface void @_ssdm_op_SpecInterface, i16 %rxEng2portTable_check_req, void @empty, i32 0, i32 0, void @empty_1, i32 0, i32 0, void @empty_1, void @empty_1, void @empty_1, i32 0, i32 0, i32 0, i32 0, void @empty_1, void @empty_1, i32 4294967295, i32 0"   --->   Operation 7 'specinterface' 'specinterface_ln0' <Predicate = true> <Delay = 0.00>
ST_1 : Operation 8 [1/1] (0.00ns)   --->   "%specinterface_ln0 = specinterface void @_ssdm_op_SpecInterface, i1 %rxEng_checksumValidFifo, void @empty, i32 0, i32 0, void @empty_1, i32 0, i32 0, void @empty_1, void @empty_1, void @empty_1, i32 0, i32 0, i32 0, i32 0, void @empty_1, void @empty_1, i32 4294967295, i32 0"   --->   Operation 8 'specinterface' 'specinterface_ln0' <Predicate = true> <Delay = 0.00>
ST_1 : Operation 9 [1/1] (0.00ns)   --->   "%specinterface_ln0 = specinterface void @_ssdm_op_SpecInterface, i1 %rxEng_checksumValidFifo, void @empty, i32 0, i32 0, void @empty_1, i32 0, i32 0, void @empty_1, void @empty_1, void @empty_1, i32 0, i32 0, i32 0, i32 0, void @empty_1, void @empty_1, i32 4294967295, i32 0"   --->   Operation 9 'specinterface' 'specinterface_ln0' <Predicate = true> <Delay = 0.00>
ST_1 : Operation 10 [1/1] (0.00ns)   --->   "%specinterface_ln0 = specinterface void @_ssdm_op_SpecInterface, i1 %rxEng_checksumValidFifo, void @empty, i32 0, i32 0, void @empty_1, i32 0, i32 0, void @empty_1, void @empty_1, void @empty_1, i32 0, i32 0, i32 0, i32 0, void @empty_1, void @empty_1, i32 4294967295, i32 0"   --->   Operation 10 'specinterface' 'specinterface_ln0' <Predicate = true> <Delay = 0.00>
ST_1 : Operation 11 [1/1] (0.00ns)   --->   "%specinterface_ln0 = specinterface void @_ssdm_op_SpecInterface, i1024 %rxEng_dataBuffer2, void @empty, i32 0, i32 0, void @empty_1, i32 0, i32 0, void @empty_1, void @empty_1, void @empty_1, i32 0, i32 0, i32 0, i32 0, void @empty_1, void @empty_1, i32 4294967295, i32 0"   --->   Operation 11 'specinterface' 'specinterface_ln0' <Predicate = true> <Delay = 0.00>
ST_1 : Operation 12 [1/1] (0.00ns)   --->   "%specinterface_ln0 = specinterface void @_ssdm_op_SpecInterface, i1024 %rxEng_dataBuffer2, void @empty, i32 0, i32 0, void @empty_1, i32 0, i32 0, void @empty_1, void @empty_1, void @empty_1, i32 0, i32 0, i32 0, i32 0, void @empty_1, void @empty_1, i32 4294967295, i32 0"   --->   Operation 12 'specinterface' 'specinterface_ln0' <Predicate = true> <Delay = 0.00>
ST_1 : Operation 13 [1/1] (0.00ns)   --->   "%specinterface_ln0 = specinterface void @_ssdm_op_SpecInterface, i1024 %rxEng_dataBuffer2, void @empty, i32 0, i32 0, void @empty_1, i32 0, i32 0, void @empty_1, void @empty_1, void @empty_1, i32 0, i32 0, i32 0, i32 0, void @empty_1, void @empty_1, i32 4294967295, i32 0"   --->   Operation 13 'specinterface' 'specinterface_ln0' <Predicate = true> <Delay = 0.00>
ST_1 : Operation 14 [1/1] (0.00ns)   --->   "%specinterface_ln0 = specinterface void @_ssdm_op_SpecInterface, i1024 %rxEng_dataBuffer3a, void @empty, i32 0, i32 0, void @empty_1, i32 0, i32 0, void @empty_1, void @empty_1, void @empty_1, i32 0, i32 0, i32 0, i32 0, void @empty_1, void @empty_1, i32 4294967295, i32 0"   --->   Operation 14 'specinterface' 'specinterface_ln0' <Predicate = true> <Delay = 0.00>
ST_1 : Operation 15 [1/1] (0.00ns)   --->   "%specinterface_ln0 = specinterface void @_ssdm_op_SpecInterface, i1024 %rxEng_dataBuffer3a, void @empty, i32 0, i32 0, void @empty_1, i32 0, i32 0, void @empty_1, void @empty_1, void @empty_1, i32 0, i32 0, i32 0, i32 0, void @empty_1, void @empty_1, i32 4294967295, i32 0"   --->   Operation 15 'specinterface' 'specinterface_ln0' <Predicate = true> <Delay = 0.00>
ST_1 : Operation 16 [1/1] (0.00ns)   --->   "%specinterface_ln0 = specinterface void @_ssdm_op_SpecInterface, i1024 %rxEng_dataBuffer3a, void @empty, i32 0, i32 0, void @empty_1, i32 0, i32 0, void @empty_1, void @empty_1, void @empty_1, i32 0, i32 0, i32 0, i32 0, void @empty_1, void @empty_1, i32 4294967295, i32 0"   --->   Operation 16 'specinterface' 'specinterface_ln0' <Predicate = true> <Delay = 0.00>
ST_1 : Operation 17 [1/1] (0.00ns)   --->   "%specinterface_ln0 = specinterface void @_ssdm_op_SpecInterface, i160 %rxEng_headerMetaFifo, void @empty, i32 0, i32 0, void @empty_1, i32 0, i32 0, void @empty_1, void @empty_1, void @empty_1, i32 0, i32 0, i32 0, i32 0, void @empty_1, void @empty_1, i32 4294967295, i32 0"   --->   Operation 17 'specinterface' 'specinterface_ln0' <Predicate = true> <Delay = 0.00>
ST_1 : Operation 18 [1/1] (0.00ns)   --->   "%specinterface_ln0 = specinterface void @_ssdm_op_SpecInterface, i160 %rxEng_headerMetaFifo, void @empty, i32 0, i32 0, void @empty_1, i32 0, i32 0, void @empty_1, void @empty_1, void @empty_1, i32 0, i32 0, i32 0, i32 0, void @empty_1, void @empty_1, i32 4294967295, i32 0"   --->   Operation 18 'specinterface' 'specinterface_ln0' <Predicate = true> <Delay = 0.00>
ST_1 : Operation 19 [1/1] (0.00ns)   --->   "%specinterface_ln0 = specinterface void @_ssdm_op_SpecInterface, i160 %rxEng_headerMetaFifo, void @empty, i32 0, i32 0, void @empty_1, i32 0, i32 0, void @empty_1, void @empty_1, void @empty_1, i32 0, i32 0, i32 0, i32 0, void @empty_1, void @empty_1, i32 4294967295, i32 0"   --->   Operation 19 'specinterface' 'specinterface_ln0' <Predicate = true> <Delay = 0.00>
ST_1 : Operation 20 [1/1] (0.00ns)   --->   "%specinterface_ln0 = specinterface void @_ssdm_op_SpecInterface, i16 %rxEng_optionalFieldsMetaFifo, void @empty, i32 0, i32 0, void @empty_1, i32 0, i32 0, void @empty_1, void @empty_1, void @empty_1, i32 0, i32 0, i32 0, i32 0, void @empty_1, void @empty_1, i32 4294967295, i32 0"   --->   Operation 20 'specinterface' 'specinterface_ln0' <Predicate = true> <Delay = 0.00>
ST_1 : Operation 21 [1/1] (0.00ns)   --->   "%specinterface_ln0 = specinterface void @_ssdm_op_SpecInterface, i16 %rxEng_optionalFieldsMetaFifo, void @empty, i32 0, i32 0, void @empty_1, i32 0, i32 0, void @empty_1, void @empty_1, void @empty_1, i32 0, i32 0, i32 0, i32 0, void @empty_1, void @empty_1, i32 4294967295, i32 0"   --->   Operation 21 'specinterface' 'specinterface_ln0' <Predicate = true> <Delay = 0.00>
ST_1 : Operation 22 [1/1] (0.00ns)   --->   "%specinterface_ln0 = specinterface void @_ssdm_op_SpecInterface, i16 %rxEng_optionalFieldsMetaFifo, void @empty, i32 0, i32 0, void @empty_1, i32 0, i32 0, void @empty_1, void @empty_1, void @empty_1, i32 0, i32 0, i32 0, i32 0, void @empty_1, void @empty_1, i32 4294967295, i32 0"   --->   Operation 22 'specinterface' 'specinterface_ln0' <Predicate = true> <Delay = 0.00>
ST_1 : Operation 23 [1/1] (0.00ns)   --->   "%specinterface_ln0 = specinterface void @_ssdm_op_SpecInterface, i96 %rxEng_tupleBuffer, void @empty, i32 0, i32 0, void @empty_1, i32 0, i32 0, void @empty_1, void @empty_1, void @empty_1, i32 0, i32 0, i32 0, i32 0, void @empty_1, void @empty_1, i32 4294967295, i32 0"   --->   Operation 23 'specinterface' 'specinterface_ln0' <Predicate = true> <Delay = 0.00>
ST_1 : Operation 24 [1/1] (0.00ns)   --->   "%specinterface_ln0 = specinterface void @_ssdm_op_SpecInterface, i96 %rxEng_tupleBuffer, void @empty, i32 0, i32 0, void @empty_1, i32 0, i32 0, void @empty_1, void @empty_1, void @empty_1, i32 0, i32 0, i32 0, i32 0, void @empty_1, void @empty_1, i32 4294967295, i32 0"   --->   Operation 24 'specinterface' 'specinterface_ln0' <Predicate = true> <Delay = 0.00>
ST_1 : Operation 25 [1/1] (0.00ns)   --->   "%specinterface_ln0 = specinterface void @_ssdm_op_SpecInterface, i96 %rxEng_tupleBuffer, void @empty, i32 0, i32 0, void @empty_1, i32 0, i32 0, void @empty_1, void @empty_1, void @empty_1, i32 0, i32 0, i32 0, i32 0, void @empty_1, void @empty_1, i32 4294967295, i32 0"   --->   Operation 25 'specinterface' 'specinterface_ln0' <Predicate = true> <Delay = 0.00>
ST_1 : Operation 26 [1/1] (0.00ns)   --->   "%specinterface_ln0 = specinterface void @_ssdm_op_SpecInterface, i16 %rxEng_optionalFieldsMetaFifo, void @empty, i32 0, i32 0, void @empty_1, i32 0, i32 0, void @empty_1, void @empty_1, void @empty_1, i32 0, i32 0, i32 0, i32 0, void @empty_1, void @empty_1, i32 4294967295, i32 0"   --->   Operation 26 'specinterface' 'specinterface_ln0' <Predicate = true> <Delay = 0.00>
ST_1 : Operation 27 [1/1] (0.00ns)   --->   "%specinterface_ln0 = specinterface void @_ssdm_op_SpecInterface, i96 %rxEng_tupleBuffer, void @empty, i32 0, i32 0, void @empty_1, i32 0, i32 0, void @empty_1, void @empty_1, void @empty_1, i32 0, i32 0, i32 0, i32 0, void @empty_1, void @empty_1, i32 4294967295, i32 0"   --->   Operation 27 'specinterface' 'specinterface_ln0' <Predicate = true> <Delay = 0.00>
ST_1 : Operation 28 [1/1] (0.00ns)   --->   "%specinterface_ln0 = specinterface void @_ssdm_op_SpecInterface, i160 %rxEng_headerMetaFifo, void @empty, i32 0, i32 0, void @empty_1, i32 0, i32 0, void @empty_1, void @empty_1, void @empty_1, i32 0, i32 0, i32 0, i32 0, void @empty_1, void @empty_1, i32 4294967295, i32 0"   --->   Operation 28 'specinterface' 'specinterface_ln0' <Predicate = true> <Delay = 0.00>
ST_1 : Operation 29 [1/1] (0.00ns)   --->   "%specinterface_ln0 = specinterface void @_ssdm_op_SpecInterface, i1024 %rxEng_dataBuffer3a, void @empty, i32 0, i32 0, void @empty_1, i32 0, i32 0, void @empty_1, void @empty_1, void @empty_1, i32 0, i32 0, i32 0, i32 0, void @empty_1, void @empty_1, i32 4294967295, i32 0"   --->   Operation 29 'specinterface' 'specinterface_ln0' <Predicate = true> <Delay = 0.00>
ST_1 : Operation 30 [1/1] (0.00ns)   --->   "%specinterface_ln0 = specinterface void @_ssdm_op_SpecInterface, i1 %rxEng_checksumValidFifo, void @empty, i32 0, i32 0, void @empty_1, i32 0, i32 0, void @empty_1, void @empty_1, void @empty_1, i32 0, i32 0, i32 0, i32 0, void @empty_1, void @empty_1, i32 4294967295, i32 0"   --->   Operation 30 'specinterface' 'specinterface_ln0' <Predicate = true> <Delay = 0.00>
ST_1 : Operation 31 [1/1] (0.00ns)   --->   "%specinterface_ln0 = specinterface void @_ssdm_op_SpecInterface, i1024 %rxEng_dataBuffer2, void @empty, i32 0, i32 0, void @empty_1, i32 0, i32 0, void @empty_1, void @empty_1, void @empty_1, i32 0, i32 0, i32 0, i32 0, void @empty_1, void @empty_1, i32 4294967295, i32 0"   --->   Operation 31 'specinterface' 'specinterface_ln0' <Predicate = true> <Delay = 0.00>
ST_1 : Operation 32 [1/1] (0.00ns)   --->   "%specinterface_ln0 = specinterface void @_ssdm_op_SpecInterface, i16 %rxEng2portTable_check_req, void @empty, i32 0, i32 0, void @empty_1, i32 0, i32 0, void @empty_1, void @empty_1, void @empty_1, i32 0, i32 0, i32 0, i32 0, void @empty_1, void @empty_1, i32 4294967295, i32 0"   --->   Operation 32 'specinterface' 'specinterface_ln0' <Predicate = true> <Delay = 0.00>
ST_1 : Operation 33 [1/1] (0.00ns)   --->   "%specpipeline_ln421 = specpipeline void @_ssdm_op_SpecPipeline, i32 1, i32 0, i32 0, i32 0, void @empty_1" [/mnt/scratch/pyuvaraj/Vitis_RoCE_W/Vitis_RoCE/fpga-network-stack/hls/toe/rx_engine/rx_engine.cpp:421]   --->   Operation 33 'specpipeline' 'specpipeline_ln421' <Predicate = true> <Delay = 0.00>
ST_1 : Operation 34 [1/1] (0.00ns)   --->   "%tmp_i = nbreadreq i1 @_ssdm_op_NbReadReq.ap_fifo.i1024P0A, i1024 %rxEng_dataBuffer2, i32 1" [/tools/Xilinx/Vitis_HLS/2022.1/common/technology/autopilot/hls_stream_39.h:136]   --->   Operation 34 'nbreadreq' 'tmp_i' <Predicate = true> <Delay = 0.00> <CoreInst = "FIFO">   --->   Core 78 'FIFO' <Latency = 0> <II = 1> <Delay = 1.38> <Storage> <Opcode : 'read' 'write' 'nbread' 'nbwrite'> <Ports = 0> <Width = 1024> <Depth = 256> <FIFO>
ST_1 : Operation 35 [1/1] (0.00ns)   --->   "%br_ln437 = br i1 %tmp_i, void %processPseudoHeader<512>.exit, void %land.lhs.true.i" [/mnt/scratch/pyuvaraj/Vitis_RoCE_W/Vitis_RoCE/fpga-network-stack/hls/toe/rx_engine/rx_engine.cpp:437]   --->   Operation 35 'br' 'br_ln437' <Predicate = true> <Delay = 0.00>
ST_1 : Operation 36 [1/1] (0.00ns)   --->   "%firstWord_load = load i1 %firstWord" [/mnt/scratch/pyuvaraj/Vitis_RoCE_W/Vitis_RoCE/fpga-network-stack/hls/toe/rx_engine/rx_engine.cpp:437]   --->   Operation 36 'load' 'firstWord_load' <Predicate = (tmp_i)> <Delay = 0.00>
ST_1 : Operation 37 [1/1] (0.00ns)   --->   "%br_ln437 = br i1 %firstWord_load, void %if.then.i, void %lor.lhs.false.i" [/mnt/scratch/pyuvaraj/Vitis_RoCE_W/Vitis_RoCE/fpga-network-stack/hls/toe/rx_engine/rx_engine.cpp:437]   --->   Operation 37 'br' 'br_ln437' <Predicate = (tmp_i)> <Delay = 0.00>
ST_1 : Operation 38 [1/1] (0.00ns)   --->   "%tmp_i_255 = nbreadreq i1 @_ssdm_op_NbReadReq.ap_fifo.i1P0A, i1 %rxEng_checksumValidFifo, i32 1" [/tools/Xilinx/Vitis_HLS/2022.1/common/technology/autopilot/hls_stream_39.h:136]   --->   Operation 38 'nbreadreq' 'tmp_i_255' <Predicate = (tmp_i & firstWord_load)> <Delay = 0.00> <CoreInst = "FIFO_SRL">   --->   Core 81 'FIFO_SRL' <Latency = 0> <II = 1> <Delay = 1.42> <Storage> <Opcode : 'read' 'write' 'nbread' 'nbwrite'> <Ports = 0> <Width = 1> <Depth = 2> <FIFO>
ST_1 : Operation 39 [1/1] (0.00ns)   --->   "%br_ln437 = br i1 %tmp_i_255, void %processPseudoHeader<512>.exit, void %if.then.i" [/mnt/scratch/pyuvaraj/Vitis_RoCE_W/Vitis_RoCE/fpga-network-stack/hls/toe/rx_engine/rx_engine.cpp:437]   --->   Operation 39 'br' 'br_ln437' <Predicate = (tmp_i & firstWord_load)> <Delay = 0.00>
ST_1 : Operation 40 [1/1] (1.16ns)   --->   "%rxEng_dataBuffer2_read = read i1024 @_ssdm_op_Read.ap_fifo.volatile.i1024P0A, i1024 %rxEng_dataBuffer2" [/tools/Xilinx/Vitis_HLS/2022.1/common/technology/autopilot/hls_stream_39.h:145]   --->   Operation 40 'read' 'rxEng_dataBuffer2_read' <Predicate = (tmp_i & tmp_i_255) | (tmp_i & !firstWord_load)> <Delay = 1.16> <CoreInst = "FIFO">   --->   Core 78 'FIFO' <Latency = 0> <II = 1> <Delay = 1.38> <Storage> <Opcode : 'read' 'write' 'nbread' 'nbwrite'> <Ports = 0> <Width = 1024> <Depth = 256> <FIFO>
ST_1 : Operation 41 [1/1] (0.00ns)   --->   "%tmp_last_V = bitselect i1 @_ssdm_op_BitSelect.i1.i1024.i1024, i1024 %rxEng_dataBuffer2_read, i1024 576" [/tools/Xilinx/Vitis_HLS/2022.1/common/technology/autopilot/hls_stream_39.h:145]   --->   Operation 41 'bitselect' 'tmp_last_V' <Predicate = (tmp_i & tmp_i_255) | (tmp_i & !firstWord_load)> <Delay = 0.00>
ST_1 : Operation 42 [1/1] (0.00ns)   --->   "%pkgValid_load = load i1 %pkgValid" [/mnt/scratch/pyuvaraj/Vitis_RoCE_W/Vitis_RoCE/fpga-network-stack/hls/toe/rx_engine/rx_engine.cpp:457]   --->   Operation 42 'load' 'pkgValid_load' <Predicate = (tmp_i & tmp_i_255) | (tmp_i & !firstWord_load)> <Delay = 0.00>
ST_1 : Operation 43 [1/1] (0.38ns)   --->   "%br_ln444 = br i1 %firstWord_load, void %if.then8.i, void %if.then2.i" [/mnt/scratch/pyuvaraj/Vitis_RoCE_W/Vitis_RoCE/fpga-network-stack/hls/toe/rx_engine/rx_engine.cpp:444]   --->   Operation 43 'br' 'br_ln444' <Predicate = (tmp_i & tmp_i_255) | (tmp_i & !firstWord_load)> <Delay = 0.38>
ST_1 : Operation 44 [1/1] (1.16ns)   --->   "%rxEng_checksumValidFifo_read = read i1 @_ssdm_op_Read.ap_fifo.volatile.i1P0A, i1 %rxEng_checksumValidFifo" [/tools/Xilinx/Vitis_HLS/2022.1/common/technology/autopilot/hls_stream_39.h:145]   --->   Operation 44 'read' 'rxEng_checksumValidFifo_read' <Predicate = (tmp_i & firstWord_load & tmp_i_255)> <Delay = 1.16> <CoreInst = "FIFO_SRL">   --->   Core 81 'FIFO_SRL' <Latency = 0> <II = 1> <Delay = 1.42> <Storage> <Opcode : 'read' 'write' 'nbread' 'nbwrite'> <Ports = 0> <Width = 1> <Depth = 2> <FIFO>
ST_1 : Operation 45 [1/1] (0.00ns)   --->   "%store_ln145 = store i1 %rxEng_checksumValidFifo_read, i1 %pkgValid" [/tools/Xilinx/Vitis_HLS/2022.1/common/technology/autopilot/hls_stream_39.h:145]   --->   Operation 45 'store' 'store_ln145' <Predicate = (tmp_i & firstWord_load & tmp_i_255)> <Delay = 0.00>
ST_1 : Operation 46 [1/1] (0.38ns)   --->   "%br_ln448 = br void %if.then8.i" [/mnt/scratch/pyuvaraj/Vitis_RoCE_W/Vitis_RoCE/fpga-network-stack/hls/toe/rx_engine/rx_engine.cpp:448]   --->   Operation 46 'br' 'br_ln448' <Predicate = (tmp_i & firstWord_load & tmp_i_255)> <Delay = 0.38>
ST_1 : Operation 47 [1/1] (0.00ns)   --->   "%firstWord_flag_0_i = phi i1 1, void %if.then2.i, i1 0, void %_ZN12packetHeaderILi512ELi256EE9parseWordER7ap_uintILi512EE.exit.i"   --->   Operation 47 'phi' 'firstWord_flag_0_i' <Predicate = (tmp_i & tmp_i_255) | (tmp_i & !firstWord_load)> <Delay = 0.00>
ST_1 : Operation 48 [1/1] (0.12ns)   --->   "%or_ln492 = or i1 %tmp_last_V, i1 %firstWord_flag_0_i" [/mnt/scratch/pyuvaraj/Vitis_RoCE_W/Vitis_RoCE/fpga-network-stack/hls/toe/rx_engine/rx_engine.cpp:492]   --->   Operation 48 'or' 'or_ln492' <Predicate = (tmp_i & tmp_i_255) | (tmp_i & !firstWord_load)> <Delay = 0.12> <CoreInst = "LogicGate">   --->   Core 74 'LogicGate' <Latency = 0> <II = 1> <Delay = 0.12> <FuncUnit> <Opcode : 'and' 'or' 'xor'> <InPorts = 2> <OutPorts = 1>
ST_1 : Operation 49 [1/1] (0.00ns)   --->   "%br_ln492 = br i1 %or_ln492, void %if.end79.new.i, void %mergeST.i" [/mnt/scratch/pyuvaraj/Vitis_RoCE_W/Vitis_RoCE/fpga-network-stack/hls/toe/rx_engine/rx_engine.cpp:492]   --->   Operation 49 'br' 'br_ln492' <Predicate = (tmp_i & tmp_i_255) | (tmp_i & !firstWord_load)> <Delay = 0.00>
ST_1 : Operation 50 [1/1] (0.00ns)   --->   "%store_ln447 = store i1 %tmp_last_V, i1 %firstWord" [/mnt/scratch/pyuvaraj/Vitis_RoCE_W/Vitis_RoCE/fpga-network-stack/hls/toe/rx_engine/rx_engine.cpp:447]   --->   Operation 50 'store' 'store_ln447' <Predicate = (tmp_i & tmp_i_255 & or_ln492) | (tmp_i & !firstWord_load & or_ln492)> <Delay = 0.00>
ST_1 : Operation 51 [1/1] (0.00ns)   --->   "%br_ln0 = br void %if.end79.new.i"   --->   Operation 51 'br' 'br_ln0' <Predicate = (tmp_i & tmp_i_255 & or_ln492) | (tmp_i & !firstWord_load & or_ln492)> <Delay = 0.00>
ST_1 : Operation 52 [1/1] (0.00ns)   --->   "%br_ln498 = br void %processPseudoHeader<512>.exit" [/mnt/scratch/pyuvaraj/Vitis_RoCE_W/Vitis_RoCE/fpga-network-stack/hls/toe/rx_engine/rx_engine.cpp:498]   --->   Operation 52 'br' 'br_ln498' <Predicate = (tmp_i & tmp_i_255) | (tmp_i & !firstWord_load)> <Delay = 0.00>

State 2 <SV = 1> <Delay = 1.83>
ST_2 : Operation 53 [1/1] (0.00ns)   --->   "%header_ready_1_load = load i1 %header_ready_1" [/mnt/scratch/pyuvaraj/Vitis_RoCE_W/Vitis_RoCE/fpga-network-stack/hls/toe/rx_engine/../../packet.hpp:55]   --->   Operation 53 'load' 'header_ready_1_load' <Predicate = (tmp_i & tmp_i_255) | (tmp_i & !firstWord_load)> <Delay = 0.00>
ST_2 : Operation 54 [1/1] (0.00ns)   --->   "%header_idx_2_load = load i16 %header_idx_2" [/mnt/scratch/pyuvaraj/Vitis_RoCE_W/Vitis_RoCE/fpga-network-stack/hls/toe/rx_engine/../../packet.hpp:58]   --->   Operation 54 'load' 'header_idx_2_load' <Predicate = (tmp_i & tmp_i_255) | (tmp_i & !firstWord_load)> <Delay = 0.00>
ST_2 : Operation 55 [1/1] (0.00ns)   --->   "%p_Val2_s = load i256 %header_header_V_2"   --->   Operation 55 'load' 'p_Val2_s' <Predicate = (tmp_i & tmp_i_255) | (tmp_i & !firstWord_load)> <Delay = 0.00>
ST_2 : Operation 56 [1/1] (0.38ns)   --->   "%br_ln55 = br i1 %header_ready_1_load, void %if.end.i.i, void %_ZN12packetHeaderILi512ELi256EE9parseWordER7ap_uintILi512EE.exit.i" [/mnt/scratch/pyuvaraj/Vitis_RoCE_W/Vitis_RoCE/fpga-network-stack/hls/toe/rx_engine/../../packet.hpp:55]   --->   Operation 56 'br' 'br_ln55' <Predicate = (tmp_i & tmp_i_255) | (tmp_i & !firstWord_load)> <Delay = 0.38>
ST_2 : Operation 57 [1/1] (0.00ns)   --->   "%tmp_288 = trunc i1024 %rxEng_dataBuffer2_read"   --->   Operation 57 'trunc' 'tmp_288' <Predicate = (tmp_i & tmp_i_255 & !header_ready_1_load) | (tmp_i & !firstWord_load & !header_ready_1_load)> <Delay = 0.00>
ST_2 : Operation 58 [1/1] (0.00ns)   --->   "%tmp = bitconcatenate i17 @_ssdm_op_BitConcatenate.i17.i16.i1, i16 %header_idx_2_load, i1 0"   --->   Operation 58 'bitconcatenate' 'tmp' <Predicate = (tmp_i & tmp_i_255 & !header_ready_1_load) | (tmp_i & !firstWord_load & !header_ready_1_load)> <Delay = 0.00>
ST_2 : Operation 59 [1/1] (0.00ns)   --->   "%zext_ln414 = zext i17 %tmp"   --->   Operation 59 'zext' 'zext_ln414' <Predicate = (tmp_i & tmp_i_255 & !header_ready_1_load) | (tmp_i & !firstWord_load & !header_ready_1_load)> <Delay = 0.00>
ST_2 : Operation 60 [1/1] (0.68ns)   --->   "%icmp_ln414 = icmp_ne  i24 %zext_ln414, i24 0"   --->   Operation 60 'icmp' 'icmp_ln414' <Predicate = (tmp_i & tmp_i_255 & !header_ready_1_load) | (tmp_i & !firstWord_load & !header_ready_1_load)> <Delay = 0.68> <CoreInst = "Cmp">   --->   Core 9 'Cmp' <Latency = 0> <II = 1> <Delay = 0.68> <FuncUnit> <Opcode : 'icmp'> <InPorts = 2> <OutPorts = 1>
ST_2 : Operation 61 [1/1] (0.00ns) (grouped into LUT with out node and_ln414_21)   --->   "%trunc_ln414 = trunc i1024 %rxEng_dataBuffer2_read"   --->   Operation 61 'trunc' 'trunc_ln414' <Predicate = (tmp_i & tmp_i_255 & !header_ready_1_load) | (tmp_i & !firstWord_load & !header_ready_1_load)> <Delay = 0.00>
ST_2 : Operation 62 [1/1] (0.00ns) (grouped into LUT with out node and_ln414_21)   --->   "%st = bitconcatenate i256 @_ssdm_op_BitConcatenate.i256.i1.i255, i1 %trunc_ln414, i255 0"   --->   Operation 62 'bitconcatenate' 'st' <Predicate = (tmp_i & tmp_i_255 & !header_ready_1_load) | (tmp_i & !firstWord_load & !header_ready_1_load)> <Delay = 0.00>
ST_2 : Operation 63 [1/1] (0.00ns) (grouped into LUT with out node and_ln414_21)   --->   "%select_ln414 = select i1 %icmp_ln414, i256 %st, i256 %tmp_288"   --->   Operation 63 'select' 'select_ln414' <Predicate = (tmp_i & tmp_i_255 & !header_ready_1_load) | (tmp_i & !firstWord_load & !header_ready_1_load)> <Delay = 0.00> <CoreInst = "Sel">   --->   Core 73 'Sel' <Latency = 0> <II = 1> <Delay = 0.42> <FuncUnit> <Opcode : 'select'> <InPorts = 3> <OutPorts = 1>
ST_2 : Operation 64 [1/1] (0.00ns) (grouped into LUT with out node and_ln414_21)   --->   "%tmp_283 = partselect i256 @llvm.part.select.i256, i256 %select_ln414, i32 255, i32 0"   --->   Operation 64 'partselect' 'tmp_283' <Predicate = (tmp_i & tmp_i_255 & !header_ready_1_load) | (tmp_i & !firstWord_load & !header_ready_1_load)> <Delay = 0.00>
ST_2 : Operation 65 [1/1] (0.00ns) (grouped into LUT with out node and_ln414_21)   --->   "%select_ln414_18 = select i1 %icmp_ln414, i256 %tmp_283, i256 %tmp_288"   --->   Operation 65 'select' 'select_ln414_18' <Predicate = (tmp_i & tmp_i_255 & !header_ready_1_load) | (tmp_i & !firstWord_load & !header_ready_1_load)> <Delay = 0.00> <CoreInst = "Sel">   --->   Core 73 'Sel' <Latency = 0> <II = 1> <Delay = 0.42> <FuncUnit> <Opcode : 'select'> <InPorts = 3> <OutPorts = 1>
ST_2 : Operation 66 [1/1] (0.00ns) (grouped into LUT with out node or_ln414)   --->   "%select_ln414_19 = select i1 %icmp_ln414, i256 57896044618658097711785492504343953926634992332820282019728792003956564819967, i256 0"   --->   Operation 66 'select' 'select_ln414_19' <Predicate = (tmp_i & tmp_i_255 & !header_ready_1_load) | (tmp_i & !firstWord_load & !header_ready_1_load)> <Delay = 0.00> <CoreInst = "Sel">   --->   Core 73 'Sel' <Latency = 0> <II = 1> <Delay = 0.42> <FuncUnit> <Opcode : 'select'> <InPorts = 3> <OutPorts = 1>
ST_2 : Operation 67 [1/1] (0.00ns) (grouped into LUT with out node or_ln414)   --->   "%select_ln414_20 = select i1 %icmp_ln414, i256 115792089237316195423570985008687907853269984665640564039457584007913129639934, i256 0"   --->   Operation 67 'select' 'select_ln414_20' <Predicate = (tmp_i & tmp_i_255 & !header_ready_1_load) | (tmp_i & !firstWord_load & !header_ready_1_load)> <Delay = 0.00> <CoreInst = "Sel">   --->   Core 73 'Sel' <Latency = 0> <II = 1> <Delay = 0.27> <FuncUnit> <Opcode : 'select'> <InPorts = 3> <OutPorts = 1>
ST_2 : Operation 68 [1/1] (0.42ns) (out node of the LUT)   --->   "%or_ln414 = or i256 %select_ln414_19, i256 %select_ln414_20"   --->   Operation 68 'or' 'or_ln414' <Predicate = (tmp_i & tmp_i_255 & !header_ready_1_load) | (tmp_i & !firstWord_load & !header_ready_1_load)> <Delay = 0.42> <CoreInst = "LogicGate">   --->   Core 74 'LogicGate' <Latency = 0> <II = 1> <Delay = 0.29> <FuncUnit> <Opcode : 'and' 'or' 'xor'> <InPorts = 2> <OutPorts = 1>
ST_2 : Operation 69 [1/1] (0.00ns) (grouped into LUT with out node and_ln414_21)   --->   "%xor_ln414 = xor i256 %or_ln414, i256 115792089237316195423570985008687907853269984665640564039457584007913129639935"   --->   Operation 69 'xor' 'xor_ln414' <Predicate = (tmp_i & tmp_i_255 & !header_ready_1_load) | (tmp_i & !firstWord_load & !header_ready_1_load)> <Delay = 0.00> <CoreInst = "LogicGate">   --->   Core 74 'LogicGate' <Latency = 0> <II = 1> <Delay = 0.29> <FuncUnit> <Opcode : 'and' 'or' 'xor'> <InPorts = 2> <OutPorts = 1>
ST_2 : Operation 70 [1/1] (0.00ns) (grouped into LUT with out node p_Result_s)   --->   "%and_ln414 = and i256 %p_Val2_s, i256 %or_ln414"   --->   Operation 70 'and' 'and_ln414' <Predicate = (tmp_i & tmp_i_255 & !header_ready_1_load) | (tmp_i & !firstWord_load & !header_ready_1_load)> <Delay = 0.00> <CoreInst = "LogicGate">   --->   Core 74 'LogicGate' <Latency = 0> <II = 1> <Delay = 0.29> <FuncUnit> <Opcode : 'and' 'or' 'xor'> <InPorts = 2> <OutPorts = 1>
ST_2 : Operation 71 [1/1] (0.42ns) (out node of the LUT)   --->   "%and_ln414_21 = and i256 %select_ln414_18, i256 %xor_ln414"   --->   Operation 71 'and' 'and_ln414_21' <Predicate = (tmp_i & tmp_i_255 & !header_ready_1_load) | (tmp_i & !firstWord_load & !header_ready_1_load)> <Delay = 0.42> <CoreInst = "LogicGate">   --->   Core 74 'LogicGate' <Latency = 0> <II = 1> <Delay = 0.29> <FuncUnit> <Opcode : 'and' 'or' 'xor'> <InPorts = 2> <OutPorts = 1>
ST_2 : Operation 72 [1/1] (0.29ns) (out node of the LUT)   --->   "%p_Result_s = or i256 %and_ln414, i256 %and_ln414_21"   --->   Operation 72 'or' 'p_Result_s' <Predicate = (tmp_i & tmp_i_255 & !header_ready_1_load) | (tmp_i & !firstWord_load & !header_ready_1_load)> <Delay = 0.29> <CoreInst = "LogicGate">   --->   Core 74 'LogicGate' <Latency = 0> <II = 1> <Delay = 0.29> <FuncUnit> <Opcode : 'and' 'or' 'xor'> <InPorts = 2> <OutPorts = 1>
ST_2 : Operation 73 [1/1] (0.00ns)   --->   "%store_ln414 = store i256 %p_Result_s, i256 %header_header_V_2"   --->   Operation 73 'store' 'store_ln414' <Predicate = (tmp_i & tmp_i_255 & !header_ready_1_load) | (tmp_i & !firstWord_load & !header_ready_1_load)> <Delay = 0.00>
ST_2 : Operation 74 [1/1] (0.78ns)   --->   "%add_ln67 = add i16 %header_idx_2_load, i16 1" [/mnt/scratch/pyuvaraj/Vitis_RoCE_W/Vitis_RoCE/fpga-network-stack/hls/toe/rx_engine/../../packet.hpp:67]   --->   Operation 74 'add' 'add_ln67' <Predicate = (tmp_i & tmp_i_255 & !header_ready_1_load & !tmp_last_V) | (tmp_i & !firstWord_load & !header_ready_1_load & !tmp_last_V)> <Delay = 0.78> <CoreInst = "Adder">   --->   Core 1 'Adder' <Latency = 0> <II = 1> <Delay = 0.78> <FuncUnit> <Opcode : 'add' 'sub'> <InPorts = 2> <OutPorts = 1>
ST_2 : Operation 75 [1/1] (0.38ns)   --->   "%br_ln73 = br void %_ZN12packetHeaderILi512ELi256EE9parseWordER7ap_uintILi512EE.exit.i" [/mnt/scratch/pyuvaraj/Vitis_RoCE_W/Vitis_RoCE/fpga-network-stack/hls/toe/rx_engine/../../packet.hpp:73]   --->   Operation 75 'br' 'br_ln73' <Predicate = (tmp_i & tmp_i_255 & !header_ready_1_load) | (tmp_i & !firstWord_load & !header_ready_1_load)> <Delay = 0.38>
ST_2 : Operation 76 [1/1] (0.00ns)   --->   "%header_ready_4_flag_0_i = phi i1 0, void %if.then.i, i1 1, void %if.end.i.i"   --->   Operation 76 'phi' 'header_ready_4_flag_0_i' <Predicate = (tmp_i & tmp_i_255) | (tmp_i & !firstWord_load)> <Delay = 0.00>
ST_2 : Operation 77 [1/1] (0.00ns)   --->   "%header_idx_6_new_0_i = phi i16 0, void %if.then.i, i16 %add_ln67, void %if.end.i.i" [/mnt/scratch/pyuvaraj/Vitis_RoCE_W/Vitis_RoCE/fpga-network-stack/hls/toe/rx_engine/../../packet.hpp:67]   --->   Operation 77 'phi' 'header_idx_6_new_0_i' <Predicate = (tmp_i & tmp_i_255 & !tmp_last_V) | (tmp_i & !firstWord_load & !tmp_last_V)> <Delay = 0.00>
ST_2 : Operation 78 [1/1] (0.00ns)   --->   "%pkgValid_loc_0_i = phi i1 %rxEng_checksumValidFifo_read, void %if.then2.i, i1 %pkgValid_load, void %_ZN12packetHeaderILi512ELi256EE9parseWordER7ap_uintILi512EE.exit.i" [/tools/Xilinx/Vitis_HLS/2022.1/common/technology/autopilot/hls_stream_39.h:145]   --->   Operation 78 'phi' 'pkgValid_loc_0_i' <Predicate = (tmp_i & tmp_i_255) | (tmp_i & !firstWord_load)> <Delay = 0.00>
ST_2 : Operation 79 [1/1] (0.00ns)   --->   "%br_ln457 = br i1 %pkgValid_loc_0_i, void %if.end32.i, void %land.rhs.i" [/mnt/scratch/pyuvaraj/Vitis_RoCE_W/Vitis_RoCE/fpga-network-stack/hls/toe/rx_engine/rx_engine.cpp:457]   --->   Operation 79 'br' 'br_ln457' <Predicate = (tmp_i & tmp_i_255) | (tmp_i & !firstWord_load)> <Delay = 0.00>
ST_2 : Operation 80 [1/1] (0.00ns)   --->   "%metaWritten_1_load = load i1 %metaWritten_1" [/mnt/scratch/pyuvaraj/Vitis_RoCE_W/Vitis_RoCE/fpga-network-stack/hls/toe/rx_engine/rx_engine.cpp:461]   --->   Operation 80 'load' 'metaWritten_1_load' <Predicate = (tmp_i & tmp_i_255) | (tmp_i & !firstWord_load)> <Delay = 0.00>
ST_2 : Operation 81 [1/1] (0.38ns)   --->   "%br_ln461 = br i1 %metaWritten_1_load, void %if.then33.i, void %if.end76.i" [/mnt/scratch/pyuvaraj/Vitis_RoCE_W/Vitis_RoCE/fpga-network-stack/hls/toe/rx_engine/rx_engine.cpp:461]   --->   Operation 81 'br' 'br_ln461' <Predicate = (tmp_i & tmp_i_255) | (tmp_i & !firstWord_load)> <Delay = 0.38>
ST_2 : Operation 82 [1/1] (0.00ns)   --->   "%br_ln473 = br i1 %pkgValid_loc_0_i, void %if.end70.i, void %if.then47.i" [/mnt/scratch/pyuvaraj/Vitis_RoCE_W/Vitis_RoCE/fpga-network-stack/hls/toe/rx_engine/rx_engine.cpp:473]   --->   Operation 82 'br' 'br_ln473' <Predicate = (tmp_i & tmp_i_255 & !metaWritten_1_load) | (tmp_i & !firstWord_load & !metaWritten_1_load)> <Delay = 0.00>
ST_2 : Operation 83 [1/1] (0.00ns)   --->   "%br_ln482 = br void %if.end70.i" [/mnt/scratch/pyuvaraj/Vitis_RoCE_W/Vitis_RoCE/fpga-network-stack/hls/toe/rx_engine/rx_engine.cpp:482]   --->   Operation 83 'br' 'br_ln482' <Predicate = (tmp_i & tmp_i_255 & pkgValid_loc_0_i & !metaWritten_1_load) | (tmp_i & !firstWord_load & pkgValid_loc_0_i & !metaWritten_1_load)> <Delay = 0.00>
ST_2 : Operation 84 [1/1] (0.38ns)   --->   "%br_ln489 = br void %if.end76.i" [/mnt/scratch/pyuvaraj/Vitis_RoCE_W/Vitis_RoCE/fpga-network-stack/hls/toe/rx_engine/rx_engine.cpp:489]   --->   Operation 84 'br' 'br_ln489' <Predicate = (tmp_i & tmp_i_255 & !metaWritten_1_load) | (tmp_i & !firstWord_load & !metaWritten_1_load)> <Delay = 0.38>
ST_2 : Operation 85 [1/1] (0.00ns) (grouped into LUT with out node or_ln492_2)   --->   "%metaWritten_1_flag_0_i = phi i1 0, void %if.end32.i, i1 1, void %if.end70.i"   --->   Operation 85 'phi' 'metaWritten_1_flag_0_i' <Predicate = (tmp_i & tmp_i_255) | (tmp_i & !firstWord_load)> <Delay = 0.00>
ST_2 : Operation 86 [1/1] (0.12ns)   --->   "%or_ln492_1 = or i1 %tmp_last_V, i1 %header_ready_4_flag_0_i" [/mnt/scratch/pyuvaraj/Vitis_RoCE_W/Vitis_RoCE/fpga-network-stack/hls/toe/rx_engine/rx_engine.cpp:492]   --->   Operation 86 'or' 'or_ln492_1' <Predicate = (tmp_i & tmp_i_255) | (tmp_i & !firstWord_load)> <Delay = 0.12> <CoreInst = "LogicGate">   --->   Core 74 'LogicGate' <Latency = 0> <II = 1> <Delay = 0.12> <FuncUnit> <Opcode : 'and' 'or' 'xor'> <InPorts = 2> <OutPorts = 1>
ST_2 : Operation 87 [1/1] (0.12ns)   --->   "%xor_ln492 = xor i1 %tmp_last_V, i1 1" [/mnt/scratch/pyuvaraj/Vitis_RoCE_W/Vitis_RoCE/fpga-network-stack/hls/toe/rx_engine/rx_engine.cpp:492]   --->   Operation 87 'xor' 'xor_ln492' <Predicate = (tmp_i & tmp_i_255) | (tmp_i & !firstWord_load)> <Delay = 0.12> <CoreInst = "LogicGate">   --->   Core 74 'LogicGate' <Latency = 0> <II = 1> <Delay = 0.12> <FuncUnit> <Opcode : 'and' 'or' 'xor'> <InPorts = 2> <OutPorts = 1>
ST_2 : Operation 88 [1/1] (0.24ns)   --->   "%select_ln492 = select i1 %tmp_last_V, i16 0, i16 %header_idx_6_new_0_i" [/mnt/scratch/pyuvaraj/Vitis_RoCE_W/Vitis_RoCE/fpga-network-stack/hls/toe/rx_engine/rx_engine.cpp:492]   --->   Operation 88 'select' 'select_ln492' <Predicate = (tmp_i & tmp_i_255) | (tmp_i & !firstWord_load)> <Delay = 0.24> <CoreInst = "Sel">   --->   Core 73 'Sel' <Latency = 0> <II = 1> <Delay = 0.24> <FuncUnit> <Opcode : 'select'> <InPorts = 3> <OutPorts = 1>
ST_2 : Operation 89 [1/1] (0.12ns) (out node of the LUT)   --->   "%or_ln492_2 = or i1 %tmp_last_V, i1 %metaWritten_1_flag_0_i" [/mnt/scratch/pyuvaraj/Vitis_RoCE_W/Vitis_RoCE/fpga-network-stack/hls/toe/rx_engine/rx_engine.cpp:492]   --->   Operation 89 'or' 'or_ln492_2' <Predicate = (tmp_i & tmp_i_255) | (tmp_i & !firstWord_load)> <Delay = 0.12> <CoreInst = "LogicGate">   --->   Core 74 'LogicGate' <Latency = 0> <II = 1> <Delay = 0.12> <FuncUnit> <Opcode : 'and' 'or' 'xor'> <InPorts = 2> <OutPorts = 1>
ST_2 : Operation 90 [1/1] (0.00ns)   --->   "%br_ln492 = br i1 %or_ln492_2, void %if.end79.new8.i, void %mergeST7.i" [/mnt/scratch/pyuvaraj/Vitis_RoCE_W/Vitis_RoCE/fpga-network-stack/hls/toe/rx_engine/rx_engine.cpp:492]   --->   Operation 90 'br' 'br_ln492' <Predicate = (tmp_i & tmp_i_255) | (tmp_i & !firstWord_load)> <Delay = 0.00>
ST_2 : Operation 91 [1/1] (0.00ns)   --->   "%store_ln488 = store i1 %xor_ln492, i1 %metaWritten_1" [/mnt/scratch/pyuvaraj/Vitis_RoCE_W/Vitis_RoCE/fpga-network-stack/hls/toe/rx_engine/rx_engine.cpp:488]   --->   Operation 91 'store' 'store_ln488' <Predicate = (tmp_i & tmp_i_255 & or_ln492_2) | (tmp_i & !firstWord_load & or_ln492_2)> <Delay = 0.00>
ST_2 : Operation 92 [1/1] (0.00ns)   --->   "%br_ln0 = br void %if.end79.new8.i"   --->   Operation 92 'br' 'br_ln0' <Predicate = (tmp_i & tmp_i_255 & or_ln492_2) | (tmp_i & !firstWord_load & or_ln492_2)> <Delay = 0.00>
ST_2 : Operation 93 [1/1] (0.00ns)   --->   "%br_ln492 = br i1 %or_ln492_1, void %if.end79.new4.i, void %mergeST5.i" [/mnt/scratch/pyuvaraj/Vitis_RoCE_W/Vitis_RoCE/fpga-network-stack/hls/toe/rx_engine/rx_engine.cpp:492]   --->   Operation 93 'br' 'br_ln492' <Predicate = (tmp_i & tmp_i_255) | (tmp_i & !firstWord_load)> <Delay = 0.00>
ST_2 : Operation 94 [1/1] (0.00ns)   --->   "%store_ln67 = store i16 %select_ln492, i16 %header_idx_2" [/mnt/scratch/pyuvaraj/Vitis_RoCE_W/Vitis_RoCE/fpga-network-stack/hls/toe/rx_engine/../../packet.hpp:67]   --->   Operation 94 'store' 'store_ln67' <Predicate = (tmp_i & tmp_i_255 & or_ln492_1) | (tmp_i & !firstWord_load & or_ln492_1)> <Delay = 0.00>
ST_2 : Operation 95 [1/1] (0.00ns)   --->   "%store_ln65 = store i1 %xor_ln492, i1 %header_ready_1" [/mnt/scratch/pyuvaraj/Vitis_RoCE_W/Vitis_RoCE/fpga-network-stack/hls/toe/rx_engine/../../packet.hpp:65]   --->   Operation 95 'store' 'store_ln65' <Predicate = (tmp_i & tmp_i_255 & or_ln492_1) | (tmp_i & !firstWord_load & or_ln492_1)> <Delay = 0.00>
ST_2 : Operation 96 [1/1] (0.00ns)   --->   "%br_ln0 = br void %if.end79.new4.i"   --->   Operation 96 'br' 'br_ln0' <Predicate = (tmp_i & tmp_i_255 & or_ln492_1) | (tmp_i & !firstWord_load & or_ln492_1)> <Delay = 0.00>

State 3 <SV = 2> <Delay = 1.92>
ST_3 : Operation 97 [1/1] (0.00ns)   --->   "%p_Val2_41_in_i_in_in = phi i256 %p_Val2_s, void %if.then.i, i256 %p_Result_s, void %if.end.i.i"   --->   Operation 97 'phi' 'p_Val2_41_in_i_in_in' <Predicate = (tmp_i & tmp_i_255) | (tmp_i & !firstWord_load)> <Delay = 0.00>
ST_3 : Operation 98 [1/1] (0.00ns)   --->   "%tmp_417_i = partselect i8 @_ssdm_op_PartSelect.i8.i256.i32.i32, i256 %p_Val2_41_in_i_in_in, i32 88, i32 95"   --->   Operation 98 'partselect' 'tmp_417_i' <Predicate = (tmp_i & tmp_i_255 & pkgValid_loc_0_i) | (tmp_i & !firstWord_load & pkgValid_loc_0_i)> <Delay = 0.00>
ST_3 : Operation 99 [1/1] (0.00ns)   --->   "%tmp_418_i = partselect i8 @_ssdm_op_PartSelect.i8.i256.i32.i32, i256 %p_Val2_41_in_i_in_in, i32 80, i32 87"   --->   Operation 99 'partselect' 'tmp_418_i' <Predicate = (tmp_i & tmp_i_255 & pkgValid_loc_0_i) | (tmp_i & !firstWord_load & pkgValid_loc_0_i)> <Delay = 0.00>
ST_3 : Operation 100 [1/1] (0.00ns)   --->   "%p_Result_191 = bitconcatenate i16 @_ssdm_op_BitConcatenate.i16.i8.i8, i8 %tmp_418_i, i8 %tmp_417_i"   --->   Operation 100 'bitconcatenate' 'p_Result_191' <Predicate = (tmp_i & tmp_i_255 & pkgValid_loc_0_i) | (tmp_i & !firstWord_load & pkgValid_loc_0_i)> <Delay = 0.00>
ST_3 : Operation 101 [1/1] (0.00ns)   --->   "%lhs = partselect i4 @_ssdm_op_PartSelect.i4.i256.i32.i32, i256 %p_Val2_41_in_i_in_in, i32 196, i32 199"   --->   Operation 101 'partselect' 'lhs' <Predicate = (tmp_i & tmp_i_255 & pkgValid_loc_0_i) | (tmp_i & !firstWord_load & pkgValid_loc_0_i)> <Delay = 0.00>
ST_3 : Operation 102 [1/1] (0.00ns)   --->   "%ret_V = bitconcatenate i6 @_ssdm_op_BitConcatenate.i6.i4.i2, i4 %lhs, i2 0"   --->   Operation 102 'bitconcatenate' 'ret_V' <Predicate = (tmp_i & tmp_i_255 & pkgValid_loc_0_i) | (tmp_i & !firstWord_load & pkgValid_loc_0_i)> <Delay = 0.00>
ST_3 : Operation 103 [1/1] (0.00ns)   --->   "%zext_ln1542 = zext i6 %ret_V"   --->   Operation 103 'zext' 'zext_ln1542' <Predicate = (tmp_i & tmp_i_255 & pkgValid_loc_0_i) | (tmp_i & !firstWord_load & pkgValid_loc_0_i)> <Delay = 0.00>
ST_3 : Operation 104 [1/1] (0.67ns)   --->   "%icmp_ln1069 = icmp_ne  i16 %p_Result_191, i16 %zext_ln1542"   --->   Operation 104 'icmp' 'icmp_ln1069' <Predicate = (tmp_i & tmp_i_255 & pkgValid_loc_0_i) | (tmp_i & !firstWord_load & pkgValid_loc_0_i)> <Delay = 0.67> <CoreInst = "Cmp">   --->   Core 9 'Cmp' <Latency = 0> <II = 1> <Delay = 0.67> <FuncUnit> <Opcode : 'icmp'> <InPorts = 2> <OutPorts = 1>
ST_3 : Operation 105 [1/1] (0.65ns)   --->   "%icmp_ln1081 = icmp_ugt  i4 %lhs, i4 5"   --->   Operation 105 'icmp' 'icmp_ln1081' <Predicate = (tmp_i & tmp_i_255 & pkgValid_loc_0_i) | (tmp_i & !firstWord_load & pkgValid_loc_0_i)> <Delay = 0.65> <CoreInst = "Cmp">   --->   Core 9 'Cmp' <Latency = 0> <II = 1> <Delay = 0.65> <FuncUnit> <Opcode : 'icmp'> <InPorts = 2> <OutPorts = 1>
ST_3 : Operation 106 [1/1] (0.12ns)   --->   "%or_ln457 = or i1 %icmp_ln1081, i1 %icmp_ln1069" [/mnt/scratch/pyuvaraj/Vitis_RoCE_W/Vitis_RoCE/fpga-network-stack/hls/toe/rx_engine/rx_engine.cpp:457]   --->   Operation 106 'or' 'or_ln457' <Predicate = (tmp_i & tmp_i_255 & pkgValid_loc_0_i) | (tmp_i & !firstWord_load & pkgValid_loc_0_i)> <Delay = 0.12> <CoreInst = "LogicGate">   --->   Core 74 'LogicGate' <Latency = 0> <II = 1> <Delay = 0.12> <FuncUnit> <Opcode : 'and' 'or' 'xor'> <InPorts = 2> <OutPorts = 1>
ST_3 : Operation 107 [1/1] (0.00ns)   --->   "%br_ln457 = br i1 %or_ln457, void %if.end32.i, void %if.then31.i" [/mnt/scratch/pyuvaraj/Vitis_RoCE_W/Vitis_RoCE/fpga-network-stack/hls/toe/rx_engine/rx_engine.cpp:457]   --->   Operation 107 'br' 'br_ln457' <Predicate = (tmp_i & tmp_i_255 & pkgValid_loc_0_i) | (tmp_i & !firstWord_load & pkgValid_loc_0_i)> <Delay = 0.00>
ST_3 : Operation 108 [1/1] (0.00ns)   --->   "%tmp_420_i = partselect i8 @_ssdm_op_PartSelect.i8.i256.i32.i32, i256 %p_Val2_41_in_i_in_in, i32 152, i32 159"   --->   Operation 108 'partselect' 'tmp_420_i' <Predicate = (tmp_i & tmp_i_255 & !metaWritten_1_load) | (tmp_i & !firstWord_load & !metaWritten_1_load)> <Delay = 0.00>
ST_3 : Operation 109 [1/1] (0.00ns)   --->   "%tmp_421_i = partselect i8 @_ssdm_op_PartSelect.i8.i256.i32.i32, i256 %p_Val2_41_in_i_in_in, i32 144, i32 151"   --->   Operation 109 'partselect' 'tmp_421_i' <Predicate = (tmp_i & tmp_i_255 & !metaWritten_1_load) | (tmp_i & !firstWord_load & !metaWritten_1_load)> <Delay = 0.00>
ST_3 : Operation 110 [1/1] (0.00ns)   --->   "%tmp_422_i = partselect i8 @_ssdm_op_PartSelect.i8.i256.i32.i32, i256 %p_Val2_41_in_i_in_in, i32 136, i32 143"   --->   Operation 110 'partselect' 'tmp_422_i' <Predicate = (tmp_i & tmp_i_255 & !metaWritten_1_load) | (tmp_i & !firstWord_load & !metaWritten_1_load)> <Delay = 0.00>
ST_3 : Operation 111 [1/1] (0.00ns)   --->   "%tmp_423_i = partselect i8 @_ssdm_op_PartSelect.i8.i256.i32.i32, i256 %p_Val2_41_in_i_in_in, i32 128, i32 135"   --->   Operation 111 'partselect' 'tmp_423_i' <Predicate = (tmp_i & tmp_i_255 & !metaWritten_1_load) | (tmp_i & !firstWord_load & !metaWritten_1_load)> <Delay = 0.00>
ST_3 : Operation 112 [1/1] (0.00ns)   --->   "%tmp_424_i = partselect i8 @_ssdm_op_PartSelect.i8.i256.i32.i32, i256 %p_Val2_41_in_i_in_in, i32 184, i32 191"   --->   Operation 112 'partselect' 'tmp_424_i' <Predicate = (tmp_i & tmp_i_255 & !metaWritten_1_load) | (tmp_i & !firstWord_load & !metaWritten_1_load)> <Delay = 0.00>
ST_3 : Operation 113 [1/1] (0.00ns)   --->   "%tmp_425_i = partselect i8 @_ssdm_op_PartSelect.i8.i256.i32.i32, i256 %p_Val2_41_in_i_in_in, i32 176, i32 183"   --->   Operation 113 'partselect' 'tmp_425_i' <Predicate = (tmp_i & tmp_i_255 & !metaWritten_1_load) | (tmp_i & !firstWord_load & !metaWritten_1_load)> <Delay = 0.00>
ST_3 : Operation 114 [1/1] (0.00ns)   --->   "%tmp_426_i = partselect i8 @_ssdm_op_PartSelect.i8.i256.i32.i32, i256 %p_Val2_41_in_i_in_in, i32 168, i32 175"   --->   Operation 114 'partselect' 'tmp_426_i' <Predicate = (tmp_i & tmp_i_255 & !metaWritten_1_load) | (tmp_i & !firstWord_load & !metaWritten_1_load)> <Delay = 0.00>
ST_3 : Operation 115 [1/1] (0.00ns)   --->   "%tmp_427_i = partselect i8 @_ssdm_op_PartSelect.i8.i256.i32.i32, i256 %p_Val2_41_in_i_in_in, i32 160, i32 167"   --->   Operation 115 'partselect' 'tmp_427_i' <Predicate = (tmp_i & tmp_i_255 & !metaWritten_1_load) | (tmp_i & !firstWord_load & !metaWritten_1_load)> <Delay = 0.00>
ST_3 : Operation 116 [1/1] (0.00ns)   --->   "%tmp_428_i = partselect i8 @_ssdm_op_PartSelect.i8.i256.i32.i32, i256 %p_Val2_41_in_i_in_in, i32 216, i32 223"   --->   Operation 116 'partselect' 'tmp_428_i' <Predicate = (tmp_i & tmp_i_255 & !metaWritten_1_load) | (tmp_i & !firstWord_load & !metaWritten_1_load)> <Delay = 0.00>
ST_3 : Operation 117 [1/1] (0.00ns)   --->   "%tmp_429_i = partselect i8 @_ssdm_op_PartSelect.i8.i256.i32.i32, i256 %p_Val2_41_in_i_in_in, i32 208, i32 215"   --->   Operation 117 'partselect' 'tmp_429_i' <Predicate = (tmp_i & tmp_i_255 & !metaWritten_1_load) | (tmp_i & !firstWord_load & !metaWritten_1_load)> <Delay = 0.00>
ST_3 : Operation 118 [1/1] (0.00ns)   --->   "%tmp_430_i = partselect i8 @_ssdm_op_PartSelect.i8.i256.i32.i32, i256 %p_Val2_41_in_i_in_in, i32 88, i32 95"   --->   Operation 118 'partselect' 'tmp_430_i' <Predicate = (tmp_i & tmp_i_255 & !metaWritten_1_load) | (tmp_i & !firstWord_load & !metaWritten_1_load)> <Delay = 0.00>
ST_3 : Operation 119 [1/1] (0.00ns)   --->   "%tmp_431_i = partselect i8 @_ssdm_op_PartSelect.i8.i256.i32.i32, i256 %p_Val2_41_in_i_in_in, i32 80, i32 87"   --->   Operation 119 'partselect' 'tmp_431_i' <Predicate = (tmp_i & tmp_i_255 & !metaWritten_1_load) | (tmp_i & !firstWord_load & !metaWritten_1_load)> <Delay = 0.00>
ST_3 : Operation 120 [1/1] (0.00ns)   --->   "%p_Result_192 = bitconcatenate i16 @_ssdm_op_BitConcatenate.i16.i8.i8, i8 %tmp_431_i, i8 %tmp_430_i"   --->   Operation 120 'bitconcatenate' 'p_Result_192' <Predicate = (tmp_i & tmp_i_255 & !metaWritten_1_load) | (tmp_i & !firstWord_load & !metaWritten_1_load)> <Delay = 0.00>
ST_3 : Operation 121 [1/1] (0.00ns)   --->   "%meta_dataOffset_V_1 = partselect i4 @_ssdm_op_PartSelect.i4.i256.i32.i32, i256 %p_Val2_41_in_i_in_in, i32 196, i32 199"   --->   Operation 121 'partselect' 'meta_dataOffset_V_1' <Predicate = (tmp_i & tmp_i_255 & !metaWritten_1_load) | (tmp_i & !firstWord_load & !metaWritten_1_load)> <Delay = 0.00>
ST_3 : Operation 122 [1/1] (0.00ns)   --->   "%shl_ln3 = bitconcatenate i6 @_ssdm_op_BitConcatenate.i6.i4.i2, i4 %meta_dataOffset_V_1, i2 0"   --->   Operation 122 'bitconcatenate' 'shl_ln3' <Predicate = (tmp_i & tmp_i_255 & !metaWritten_1_load) | (tmp_i & !firstWord_load & !metaWritten_1_load)> <Delay = 0.00>
ST_3 : Operation 123 [1/1] (0.00ns)   --->   "%zext_ln232_15 = zext i6 %shl_ln3"   --->   Operation 123 'zext' 'zext_ln232_15' <Predicate = (tmp_i & tmp_i_255 & !metaWritten_1_load) | (tmp_i & !firstWord_load & !metaWritten_1_load)> <Delay = 0.00>
ST_3 : Operation 124 [1/1] (0.78ns)   --->   "%meta_length_V_1 = sub i16 %p_Result_192, i16 %zext_ln232_15"   --->   Operation 124 'sub' 'meta_length_V_1' <Predicate = (tmp_i & tmp_i_255 & !metaWritten_1_load) | (tmp_i & !firstWord_load & !metaWritten_1_load)> <Delay = 0.78> <CoreInst = "Adder">   --->   Core 1 'Adder' <Latency = 0> <II = 1> <Delay = 0.78> <FuncUnit> <Opcode : 'add' 'sub'> <InPorts = 2> <OutPorts = 1>
ST_3 : Operation 125 [1/1] (0.00ns)   --->   "%tmp_284 = bitselect i1 @_ssdm_op_BitSelect.i1.i256.i32, i256 %p_Val2_41_in_i_in_in, i32 204" [/tools/Xilinx/Vitis_HLS/2022.1/common/technology/autopilot/hls_stream_39.h:174]   --->   Operation 125 'bitselect' 'tmp_284' <Predicate = (tmp_i & tmp_i_255 & pkgValid_loc_0_i & !metaWritten_1_load) | (tmp_i & !firstWord_load & pkgValid_loc_0_i & !metaWritten_1_load)> <Delay = 0.00>
ST_3 : Operation 126 [1/1] (0.00ns)   --->   "%tmp_285 = bitselect i1 @_ssdm_op_BitSelect.i1.i256.i32, i256 %p_Val2_41_in_i_in_in, i32 202" [/tools/Xilinx/Vitis_HLS/2022.1/common/technology/autopilot/hls_stream_39.h:174]   --->   Operation 126 'bitselect' 'tmp_285' <Predicate = (tmp_i & tmp_i_255 & pkgValid_loc_0_i & !metaWritten_1_load) | (tmp_i & !firstWord_load & pkgValid_loc_0_i & !metaWritten_1_load)> <Delay = 0.00>
ST_3 : Operation 127 [1/1] (0.00ns)   --->   "%tmp_286 = bitselect i1 @_ssdm_op_BitSelect.i1.i256.i32, i256 %p_Val2_41_in_i_in_in, i32 201" [/tools/Xilinx/Vitis_HLS/2022.1/common/technology/autopilot/hls_stream_39.h:174]   --->   Operation 127 'bitselect' 'tmp_286' <Predicate = (tmp_i & tmp_i_255 & pkgValid_loc_0_i & !metaWritten_1_load) | (tmp_i & !firstWord_load & pkgValid_loc_0_i & !metaWritten_1_load)> <Delay = 0.00>
ST_3 : Operation 128 [1/1] (0.00ns)   --->   "%tmp_287 = bitselect i1 @_ssdm_op_BitSelect.i1.i256.i32, i256 %p_Val2_41_in_i_in_in, i32 200" [/tools/Xilinx/Vitis_HLS/2022.1/common/technology/autopilot/hls_stream_39.h:174]   --->   Operation 128 'bitselect' 'tmp_287' <Predicate = (tmp_i & tmp_i_255 & pkgValid_loc_0_i & !metaWritten_1_load) | (tmp_i & !firstWord_load & pkgValid_loc_0_i & !metaWritten_1_load)> <Delay = 0.00>
ST_3 : Operation 129 [1/1] (0.00ns)   --->   "%or_ln174_s = bitconcatenate i149 @_ssdm_op_BitConcatenate.i149.i1.i4.i7.i1.i7.i1.i7.i1.i7.i1.i16.i16.i8.i8.i8.i8.i8.i8.i8.i8.i8.i8, i1 0, i4 %meta_dataOffset_V_1, i7 0, i1 %tmp_287, i7 0, i1 %tmp_286, i7 0, i1 %tmp_285, i7 0, i1 %tmp_284, i16 %meta_length_V_1, i16 0, i8 %tmp_429_i, i8 %tmp_428_i, i8 %tmp_427_i, i8 %tmp_426_i, i8 %tmp_425_i, i8 %tmp_424_i, i8 %tmp_423_i, i8 %tmp_422_i, i8 %tmp_421_i, i8 %tmp_420_i" [/tools/Xilinx/Vitis_HLS/2022.1/common/technology/autopilot/hls_stream_39.h:174]   --->   Operation 129 'bitconcatenate' 'or_ln174_s' <Predicate = (tmp_i & tmp_i_255 & pkgValid_loc_0_i & !metaWritten_1_load) | (tmp_i & !firstWord_load & pkgValid_loc_0_i & !metaWritten_1_load)> <Delay = 0.00>
ST_3 : Operation 130 [1/1] (0.00ns)   --->   "%zext_ln174 = zext i149 %or_ln174_s" [/tools/Xilinx/Vitis_HLS/2022.1/common/technology/autopilot/hls_stream_39.h:174]   --->   Operation 130 'zext' 'zext_ln174' <Predicate = (tmp_i & tmp_i_255 & pkgValid_loc_0_i & !metaWritten_1_load) | (tmp_i & !firstWord_load & pkgValid_loc_0_i & !metaWritten_1_load)> <Delay = 0.00>
ST_3 : Operation 131 [1/1] (1.13ns)   --->   "%write_ln174 = write void @_ssdm_op_Write.ap_fifo.volatile.i160P0A, i160 %rxEng_headerMetaFifo, i160 %zext_ln174" [/tools/Xilinx/Vitis_HLS/2022.1/common/technology/autopilot/hls_stream_39.h:174]   --->   Operation 131 'write' 'write_ln174' <Predicate = (tmp_i & tmp_i_255 & pkgValid_loc_0_i & !metaWritten_1_load) | (tmp_i & !firstWord_load & pkgValid_loc_0_i & !metaWritten_1_load)> <Delay = 1.13> <CoreInst = "FIFO">   --->   Core 78 'FIFO' <Latency = 0> <II = 1> <Delay = 1.13> <Storage> <Opcode : 'read' 'write' 'nbread' 'nbwrite'> <Ports = 0> <Width = 160> <Depth = 16> <FIFO>
ST_3 : Operation 132 [1/1] (0.00ns)   --->   "%p_s = partselect i16 @_ssdm_op_PartSelect.i16.i256.i32.i32, i256 %p_Val2_41_in_i_in_in, i32 112, i32 127"   --->   Operation 132 'partselect' 'p_s' <Predicate = (tmp_i & tmp_i_255 & pkgValid_loc_0_i & !metaWritten_1_load) | (tmp_i & !firstWord_load & pkgValid_loc_0_i & !metaWritten_1_load)> <Delay = 0.00>
ST_3 : Operation 133 [1/1] (1.16ns)   --->   "%write_ln174 = write void @_ssdm_op_Write.ap_fifo.volatile.i16P0A, i16 %rxEng2portTable_check_req, i16 %p_s" [/tools/Xilinx/Vitis_HLS/2022.1/common/technology/autopilot/hls_stream_39.h:174]   --->   Operation 133 'write' 'write_ln174' <Predicate = (tmp_i & tmp_i_255 & pkgValid_loc_0_i & !metaWritten_1_load) | (tmp_i & !firstWord_load & pkgValid_loc_0_i & !metaWritten_1_load)> <Delay = 1.16> <CoreInst = "FIFO_SRL">   --->   Core 81 'FIFO_SRL' <Latency = 0> <II = 1> <Delay = 1.33> <Storage> <Opcode : 'read' 'write' 'nbread' 'nbwrite'> <Ports = 0> <Width = 16> <Depth = 4> <FIFO>
ST_3 : Operation 134 [1/1] (0.00ns)   --->   "%tmp_s = partselect i32 @_ssdm_op_PartSelect.i32.i256.i32.i32, i256 %p_Val2_41_in_i_in_in, i32 96, i32 127" [/tools/Xilinx/Vitis_HLS/2022.1/common/technology/autopilot/hls_stream_39.h:174]   --->   Operation 134 'partselect' 'tmp_s' <Predicate = (tmp_i & tmp_i_255 & pkgValid_loc_0_i & !metaWritten_1_load) | (tmp_i & !firstWord_load & pkgValid_loc_0_i & !metaWritten_1_load)> <Delay = 0.00>
ST_3 : Operation 135 [1/1] (0.00ns)   --->   "%trunc_ln174 = trunc i256 %p_Val2_41_in_i_in_in" [/tools/Xilinx/Vitis_HLS/2022.1/common/technology/autopilot/hls_stream_39.h:174]   --->   Operation 135 'trunc' 'trunc_ln174' <Predicate = (tmp_i & tmp_i_255 & pkgValid_loc_0_i & !metaWritten_1_load) | (tmp_i & !firstWord_load & pkgValid_loc_0_i & !metaWritten_1_load)> <Delay = 0.00>
ST_3 : Operation 136 [1/1] (0.00ns)   --->   "%p_2 = bitconcatenate i96 @_ssdm_op_BitConcatenate.i96.i32.i64, i32 %tmp_s, i64 %trunc_ln174" [/tools/Xilinx/Vitis_HLS/2022.1/common/technology/autopilot/hls_stream_39.h:174]   --->   Operation 136 'bitconcatenate' 'p_2' <Predicate = (tmp_i & tmp_i_255 & pkgValid_loc_0_i & !metaWritten_1_load) | (tmp_i & !firstWord_load & pkgValid_loc_0_i & !metaWritten_1_load)> <Delay = 0.00>
ST_3 : Operation 137 [1/1] (1.16ns)   --->   "%write_ln174 = write void @_ssdm_op_Write.ap_fifo.volatile.i96P0A, i96 %rxEng_tupleBuffer, i96 %p_2" [/tools/Xilinx/Vitis_HLS/2022.1/common/technology/autopilot/hls_stream_39.h:174]   --->   Operation 137 'write' 'write_ln174' <Predicate = (tmp_i & tmp_i_255 & pkgValid_loc_0_i & !metaWritten_1_load) | (tmp_i & !firstWord_load & pkgValid_loc_0_i & !metaWritten_1_load)> <Delay = 1.16> <CoreInst = "FIFO_SRL">   --->   Core 81 'FIFO_SRL' <Latency = 0> <II = 1> <Delay = 1.40> <Storage> <Opcode : 'read' 'write' 'nbread' 'nbwrite'> <Ports = 0> <Width = 96> <Depth = 2> <FIFO>
ST_3 : Operation 138 [1/1] (0.67ns)   --->   "%icmp_ln1069_4 = icmp_ne  i16 %p_Result_192, i16 %zext_ln232_15"   --->   Operation 138 'icmp' 'icmp_ln1069_4' <Predicate = (tmp_i & tmp_i_255 & pkgValid_loc_0_i & !metaWritten_1_load) | (tmp_i & !firstWord_load & pkgValid_loc_0_i & !metaWritten_1_load)> <Delay = 0.67> <CoreInst = "Cmp">   --->   Core 9 'Cmp' <Latency = 0> <II = 1> <Delay = 0.67> <FuncUnit> <Opcode : 'icmp'> <InPorts = 2> <OutPorts = 1>
ST_3 : Operation 139 [1/1] (0.65ns)   --->   "%icmp_ln1081_4 = icmp_ugt  i4 %meta_dataOffset_V_1, i4 5"   --->   Operation 139 'icmp' 'icmp_ln1081_4' <Predicate = (tmp_i & tmp_i_255 & pkgValid_loc_0_i & !metaWritten_1_load) | (tmp_i & !firstWord_load & pkgValid_loc_0_i & !metaWritten_1_load)> <Delay = 0.65> <CoreInst = "Cmp">   --->   Core 9 'Cmp' <Latency = 0> <II = 1> <Delay = 0.65> <FuncUnit> <Opcode : 'icmp'> <InPorts = 2> <OutPorts = 1>
ST_3 : Operation 140 [1/1] (0.12ns)   --->   "%or_ln478 = or i1 %icmp_ln1081_4, i1 %icmp_ln1069_4" [/mnt/scratch/pyuvaraj/Vitis_RoCE_W/Vitis_RoCE/fpga-network-stack/hls/toe/rx_engine/rx_engine.cpp:478]   --->   Operation 140 'or' 'or_ln478' <Predicate = (tmp_i & tmp_i_255 & pkgValid_loc_0_i & !metaWritten_1_load) | (tmp_i & !firstWord_load & pkgValid_loc_0_i & !metaWritten_1_load)> <Delay = 0.12> <CoreInst = "LogicGate">   --->   Core 74 'LogicGate' <Latency = 0> <II = 1> <Delay = 0.12> <FuncUnit> <Opcode : 'and' 'or' 'xor'> <InPorts = 2> <OutPorts = 1>
ST_3 : Operation 141 [1/1] (0.00ns)   --->   "%br_ln478 = br i1 %or_ln478, void %if.end69.i, void %if.then63.i" [/mnt/scratch/pyuvaraj/Vitis_RoCE_W/Vitis_RoCE/fpga-network-stack/hls/toe/rx_engine/rx_engine.cpp:478]   --->   Operation 141 'br' 'br_ln478' <Predicate = (tmp_i & tmp_i_255 & pkgValid_loc_0_i & !metaWritten_1_load) | (tmp_i & !firstWord_load & pkgValid_loc_0_i & !metaWritten_1_load)> <Delay = 0.00>

State 4 <SV = 3> <Delay = 1.87>
ST_4 : Operation 142 [1/1] (1.16ns)   --->   "%write_ln174 = write void @_ssdm_op_Write.ap_fifo.volatile.i1024P0A, i1024 %rxEng_dataBuffer3a, i1024 %rxEng_dataBuffer2_read" [/tools/Xilinx/Vitis_HLS/2022.1/common/technology/autopilot/hls_stream_39.h:174]   --->   Operation 142 'write' 'write_ln174' <Predicate = (tmp_i & tmp_i_255 & pkgValid_loc_0_i & or_ln457) | (tmp_i & !firstWord_load & pkgValid_loc_0_i & or_ln457)> <Delay = 1.16> <CoreInst = "FIFO">   --->   Core 78 'FIFO' <Latency = 0> <II = 1> <Delay = 1.26> <Storage> <Opcode : 'read' 'write' 'nbread' 'nbwrite'> <Ports = 0> <Width = 1024> <Depth = 8> <FIFO>
ST_4 : Operation 143 [1/1] (0.00ns)   --->   "%br_ln460 = br void %if.end32.i" [/mnt/scratch/pyuvaraj/Vitis_RoCE_W/Vitis_RoCE/fpga-network-stack/hls/toe/rx_engine/rx_engine.cpp:460]   --->   Operation 143 'br' 'br_ln460' <Predicate = (tmp_i & tmp_i_255 & pkgValid_loc_0_i & or_ln457) | (tmp_i & !firstWord_load & pkgValid_loc_0_i & or_ln457)> <Delay = 0.00>
ST_4 : Operation 144 [1/1] (0.70ns)   --->   "%add_ln232 = add i4 %meta_dataOffset_V_1, i4 11"   --->   Operation 144 'add' 'add_ln232' <Predicate = (tmp_i & tmp_i_255 & pkgValid_loc_0_i & !metaWritten_1_load & or_ln478) | (tmp_i & !firstWord_load & pkgValid_loc_0_i & !metaWritten_1_load & or_ln478)> <Delay = 0.70> <CoreInst = "Adder">   --->   Core 1 'Adder' <Latency = 0> <II = 1> <Delay = 0.70> <FuncUnit> <Opcode : 'add' 'sub'> <InPorts = 2> <OutPorts = 1>
ST_4 : Operation 145 [1/1] (0.00ns)   --->   "%or_ln174_17_i = bitconcatenate i9 @_ssdm_op_BitConcatenate.i9.i1.i4.i4, i1 %tmp_286, i4 0, i4 %add_ln232" [/tools/Xilinx/Vitis_HLS/2022.1/common/technology/autopilot/hls_stream_39.h:174]   --->   Operation 145 'bitconcatenate' 'or_ln174_17_i' <Predicate = (tmp_i & tmp_i_255 & pkgValid_loc_0_i & !metaWritten_1_load & or_ln478) | (tmp_i & !firstWord_load & pkgValid_loc_0_i & !metaWritten_1_load & or_ln478)> <Delay = 0.00>
ST_4 : Operation 146 [1/1] (0.00ns)   --->   "%zext_ln174_87 = zext i9 %or_ln174_17_i" [/tools/Xilinx/Vitis_HLS/2022.1/common/technology/autopilot/hls_stream_39.h:174]   --->   Operation 146 'zext' 'zext_ln174_87' <Predicate = (tmp_i & tmp_i_255 & pkgValid_loc_0_i & !metaWritten_1_load & or_ln478) | (tmp_i & !firstWord_load & pkgValid_loc_0_i & !metaWritten_1_load & or_ln478)> <Delay = 0.00>
ST_4 : Operation 147 [1/1] (1.16ns)   --->   "%write_ln174 = write void @_ssdm_op_Write.ap_fifo.volatile.i16P0A, i16 %rxEng_optionalFieldsMetaFifo, i16 %zext_ln174_87" [/tools/Xilinx/Vitis_HLS/2022.1/common/technology/autopilot/hls_stream_39.h:174]   --->   Operation 147 'write' 'write_ln174' <Predicate = (tmp_i & tmp_i_255 & pkgValid_loc_0_i & !metaWritten_1_load & or_ln478) | (tmp_i & !firstWord_load & pkgValid_loc_0_i & !metaWritten_1_load & or_ln478)> <Delay = 1.16> <CoreInst = "FIFO_SRL">   --->   Core 81 'FIFO_SRL' <Latency = 0> <II = 1> <Delay = 1.38> <Storage> <Opcode : 'read' 'write' 'nbread' 'nbwrite'> <Ports = 0> <Width = 16> <Depth = 8> <FIFO>
ST_4 : Operation 148 [1/1] (0.00ns)   --->   "%br_ln481 = br void %if.end69.i" [/mnt/scratch/pyuvaraj/Vitis_RoCE_W/Vitis_RoCE/fpga-network-stack/hls/toe/rx_engine/rx_engine.cpp:481]   --->   Operation 148 'br' 'br_ln481' <Predicate = (tmp_i & tmp_i_255 & pkgValid_loc_0_i & !metaWritten_1_load & or_ln478) | (tmp_i & !firstWord_load & pkgValid_loc_0_i & !metaWritten_1_load & or_ln478)> <Delay = 0.00>
ST_4 : Operation 149 [1/1] (0.00ns)   --->   "%ret_ln0 = ret"   --->   Operation 149 'ret' 'ret_ln0' <Predicate = true> <Delay = 0.00>


============================================================
+ Verbose Summary: Timing violations
============================================================
Target clock period: 3.2ns, clock uncertainty: 0.864ns.

 <State 1>: 1.41ns
The critical path consists of the following:
	fifo read operation ('rxEng_dataBuffer2_read', /tools/Xilinx/Vitis_HLS/2022.1/common/technology/autopilot/hls_stream_39.h:145) on port 'rxEng_dataBuffer2' (/tools/Xilinx/Vitis_HLS/2022.1/common/technology/autopilot/hls_stream_39.h:145) [52]  (1.17 ns)
	'or' operation ('or_ln492', /mnt/scratch/pyuvaraj/Vitis_RoCE_W/Vitis_RoCE/fpga-network-stack/hls/toe/rx_engine/rx_engine.cpp:492) [158]  (0.122 ns)
	blocking operation 0.122 ns on control path)

 <State 2>: 1.83ns
The critical path consists of the following:
	'load' operation ('header_idx_2_load', /mnt/scratch/pyuvaraj/Vitis_RoCE_W/Vitis_RoCE/fpga-network-stack/hls/toe/rx_engine/../../packet.hpp:58) on static variable 'header_idx_2' [55]  (0 ns)
	'icmp' operation ('icmp_ln414') [62]  (0.687 ns)
	'select' operation ('select_ln414_20') [69]  (0 ns)
	'or' operation ('or_ln414') [70]  (0.426 ns)
	'xor' operation ('xor_ln414') [71]  (0 ns)
	'and' operation ('and_ln414_21') [73]  (0.426 ns)
	'or' operation ('__Result__') [74]  (0.294 ns)

 <State 3>: 1.92ns
The critical path consists of the following:
	'phi' operation ('__Result__') with incoming values : ('__Val2__') ('__Result__') [81]  (0 ns)
	'sub' operation ('meta.length.V') [126]  (0.785 ns)
	fifo write operation ('write_ln174', /tools/Xilinx/Vitis_HLS/2022.1/common/technology/autopilot/hls_stream_39.h:174) on port 'rxEng_headerMetaFifo' (/tools/Xilinx/Vitis_HLS/2022.1/common/technology/autopilot/hls_stream_39.h:174) [135]  (1.14 ns)

 <State 4>: 1.88ns
The critical path consists of the following:
	'add' operation ('add_ln232') [147]  (0.708 ns)
	fifo write operation ('write_ln174', /tools/Xilinx/Vitis_HLS/2022.1/common/technology/autopilot/hls_stream_39.h:174) on port 'rxEng_optionalFieldsMetaFifo' (/tools/Xilinx/Vitis_HLS/2022.1/common/technology/autopilot/hls_stream_39.h:174) [150]  (1.17 ns)


============================================================
+ Verbose Summary: Binding
============================================================
N/A
* FSMD analyzer results:
  - Output states:
 - Input state : 
  - Chain level:
	State 1
	State 2
	State 3
	State 4


============================================================
+ Verbose Summary: Datapath Resource usage 
============================================================
N/A
