

================================================================
== Vitis HLS Report for 'read_data_arbiter_512_s'
================================================================
* Date:           Tue Jul 11 09:26:38 2023

* Version:        2022.1 (Build 3526262 on Mon Apr 18 15:47:01 MDT 2022)
* Project:        toe_prj
* Solution:       solution1 (Vivado IP Flow Target)
* Product family: virtexuplus
* Target device:  xcu280-fsvh2892-2L-e


================================================================
== Performance Estimates
================================================================
+ Timing: 
    * Summary: 
    +--------+---------+----------+------------+
    |  Clock |  Target | Estimated| Uncertainty|
    +--------+---------+----------+------------+
    |ap_clk  |  3.20 ns|  1.833 ns|     0.86 ns|
    +--------+---------+----------+------------+

+ Latency: 
    * Summary: 
    +---------+---------+----------+----------+-----+-----+---------+
    |  Latency (cycles) |  Latency (absolute) |  Interval | Pipeline|
    |   min   |   max   |    min   |    max   | min | max |   Type  |
    +---------+---------+----------+----------+-----+-----+---------+
    |        1|        1|  3.200 ns|  3.200 ns|    1|    1|      yes|
    +---------+---------+----------+----------+-----+-----+---------+

    + Detail: 
        * Instance: 
        N/A

        * Loop: 
        N/A



================================================================
== Utilization Estimates
================================================================
* Summary: 
+---------------------+---------+------+---------+---------+-----+
|         Name        | BRAM_18K|  DSP |    FF   |   LUT   | URAM|
+---------------------+---------+------+---------+---------+-----+
|DSP                  |        -|     -|        -|        -|    -|
|Expression           |        -|     -|        0|       29|    -|
|FIFO                 |        -|     -|        -|        -|    -|
|Instance             |        -|     -|        -|        -|    -|
|Memory               |        -|     -|        -|        -|    -|
|Multiplexer          |        -|     -|        -|       68|    -|
|Register             |        -|     -|     2057|        -|    -|
+---------------------+---------+------+---------+---------+-----+
|Total                |        0|     0|     2057|       97|    0|
+---------------------+---------+------+---------+---------+-----+
|Available SLR        |     1344|  3008|   869120|   434560|  320|
+---------------------+---------+------+---------+---------+-----+
|Utilization SLR (%)  |        0|     0|       ~0|       ~0|    0|
+---------------------+---------+------+---------+---------+-----+
|Available            |     4032|  9024|  2607360|  1303680|  960|
+---------------------+---------+------+---------+---------+-----+
|Utilization (%)      |        0|     0|       ~0|       ~0|    0|
+---------------------+---------+------+---------+---------+-----+

+ Detail: 
    * Instance: 
    N/A

    * DSP: 
    N/A

    * Memory: 
    N/A

    * FIFO: 
    N/A

    * Expression: 
    +----------------------------------+----------+----+---+----+------------+------------+
    |           Variable Name          | Operation| DSP| FF| LUT| Bitwidth P0| Bitwidth P1|
    +----------------------------------+----------+----+---+----+------------+------------+
    |ap_condition_178                  |       and|   0|  0|   2|           1|           1|
    |ap_predicate_op24_read_state1     |       and|   0|  0|   2|           1|           1|
    |ap_predicate_op33_read_state1     |       and|   0|  0|   2|           1|           1|
    |ap_predicate_op42_read_state1     |       and|   0|  0|   2|           1|           1|
    |ap_predicate_op47_write_state2    |       and|   0|  0|   2|           1|           1|
    |ap_predicate_op48_write_state2    |       and|   0|  0|   2|           1|           1|
    |tmp_399_i_nbreadreq_fu_58_p3      |       and|   0|  0|   2|           1|           0|
    |tmp_i_253_nbreadreq_fu_44_p3      |       and|   0|  0|   2|           1|           0|
    |tmp_i_nbreadreq_fu_72_p3          |       and|   0|  0|   2|           1|           0|
    |ap_block_pp0_stage0_01001         |        or|   0|  0|   2|           1|           1|
    |ap_block_state1_pp0_stage0_iter0  |        or|   0|  0|   2|           1|           1|
    |ap_block_state2_pp0_stage0_iter1  |        or|   0|  0|   2|           1|           1|
    |select_ln1416_fu_125_p3           |    select|   0|  0|   3|           1|           3|
    |ap_enable_pp0                     |       xor|   0|  0|   2|           1|           2|
    +----------------------------------+----------+----+---+----+------------+------------+
    |Total                             |          |   0|  0|  29|          14|          14|
    +----------------------------------+----------+----+---+----+------------+------------+

    * Multiplexer: 
    +--------------------------------+----+-----------+------+-----------+
    |              Name              | LUT| Input Size| Bits | Total Bits|
    +--------------------------------+----+-----------+------+-----------+
    |ap_done                         |   9|          2|     1|          2|
    |tps_state_V                     |   9|          2|     2|          4|
    |txApp2txEng_data_stream_blk_n   |   9|          2|     1|          2|
    |txBufferReadDataStitched_blk_n  |   9|          2|     1|          2|
    |txEng_isDDRbypass_blk_n         |   9|          2|     1|          2|
    |txEng_tcpPkgBuffer0_blk_n       |   9|          2|     1|          2|
    |txEng_tcpPkgBuffer0_din         |  14|          3|  1024|       3072|
    +--------------------------------+----+-----------+------+-----------+
    |Total                           |  68|         15|  1031|       3086|
    +--------------------------------+----+-----------+------+-----------+

    * Register: 
    +---------------------------------------+------+----+------+-----------+
    |                  Name                 |  FF  | LUT| Bits | Const Bits|
    +---------------------------------------+------+----+------+-----------+
    |ap_CS_fsm                              |     1|   0|     1|          0|
    |ap_done_reg                            |     1|   0|     1|          0|
    |ap_enable_reg_pp0_iter1                |     1|   0|     1|          0|
    |tmp_399_i_reg_155                      |     1|   0|     1|          0|
    |tmp_i_253_reg_143                      |     1|   0|     1|          0|
    |tps_state_V                            |     2|   0|     2|          0|
    |tps_state_V_load_reg_139               |     2|   0|     2|          0|
    |txApp2txEng_data_stream_read_reg_159   |  1024|   0|  1024|          0|
    |txBufferReadDataStitched_read_reg_147  |  1024|   0|  1024|          0|
    +---------------------------------------+------+----+------+-----------+
    |Total                                  |  2057|   0|  2057|          0|
    +---------------------------------------+------+----+------+-----------+



================================================================
== Interface
================================================================
* Summary: 
+-----------------------------------------+-----+------+------------+--------------------------+--------------+
|                RTL Ports                | Dir | Bits |  Protocol  |       Source Object      |    C Type    |
+-----------------------------------------+-----+------+------------+--------------------------+--------------+
|ap_clk                                   |   in|     1|  ap_ctrl_hs|    read_data_arbiter<512>|  return value|
|ap_rst                                   |   in|     1|  ap_ctrl_hs|    read_data_arbiter<512>|  return value|
|ap_start                                 |   in|     1|  ap_ctrl_hs|    read_data_arbiter<512>|  return value|
|ap_done                                  |  out|     1|  ap_ctrl_hs|    read_data_arbiter<512>|  return value|
|ap_continue                              |   in|     1|  ap_ctrl_hs|    read_data_arbiter<512>|  return value|
|ap_idle                                  |  out|     1|  ap_ctrl_hs|    read_data_arbiter<512>|  return value|
|ap_ready                                 |  out|     1|  ap_ctrl_hs|    read_data_arbiter<512>|  return value|
|txBufferReadDataStitched_dout            |   in|  1024|     ap_fifo|  txBufferReadDataStitched|       pointer|
|txBufferReadDataStitched_num_data_valid  |   in|     2|     ap_fifo|  txBufferReadDataStitched|       pointer|
|txBufferReadDataStitched_fifo_cap        |   in|     2|     ap_fifo|  txBufferReadDataStitched|       pointer|
|txBufferReadDataStitched_empty_n         |   in|     1|     ap_fifo|  txBufferReadDataStitched|       pointer|
|txBufferReadDataStitched_read            |  out|     1|     ap_fifo|  txBufferReadDataStitched|       pointer|
|txApp2txEng_data_stream_dout             |   in|  1024|     ap_fifo|   txApp2txEng_data_stream|       pointer|
|txApp2txEng_data_stream_num_data_valid   |   in|    11|     ap_fifo|   txApp2txEng_data_stream|       pointer|
|txApp2txEng_data_stream_fifo_cap         |   in|    11|     ap_fifo|   txApp2txEng_data_stream|       pointer|
|txApp2txEng_data_stream_empty_n          |   in|     1|     ap_fifo|   txApp2txEng_data_stream|       pointer|
|txApp2txEng_data_stream_read             |  out|     1|     ap_fifo|   txApp2txEng_data_stream|       pointer|
|txEng_isDDRbypass_dout                   |   in|     1|     ap_fifo|         txEng_isDDRbypass|       pointer|
|txEng_isDDRbypass_num_data_valid         |   in|     6|     ap_fifo|         txEng_isDDRbypass|       pointer|
|txEng_isDDRbypass_fifo_cap               |   in|     6|     ap_fifo|         txEng_isDDRbypass|       pointer|
|txEng_isDDRbypass_empty_n                |   in|     1|     ap_fifo|         txEng_isDDRbypass|       pointer|
|txEng_isDDRbypass_read                   |  out|     1|     ap_fifo|         txEng_isDDRbypass|       pointer|
|txEng_tcpPkgBuffer0_din                  |  out|  1024|     ap_fifo|       txEng_tcpPkgBuffer0|       pointer|
|txEng_tcpPkgBuffer0_num_data_valid       |   in|     2|     ap_fifo|       txEng_tcpPkgBuffer0|       pointer|
|txEng_tcpPkgBuffer0_fifo_cap             |   in|     2|     ap_fifo|       txEng_tcpPkgBuffer0|       pointer|
|txEng_tcpPkgBuffer0_full_n               |   in|     1|     ap_fifo|       txEng_tcpPkgBuffer0|       pointer|
|txEng_tcpPkgBuffer0_write                |  out|     1|     ap_fifo|       txEng_tcpPkgBuffer0|       pointer|
+-----------------------------------------+-----+------+------------+--------------------------+--------------+

============================================================
+ Verbose Summary: Synthesis Manager
============================================================
InlineROM: 1
ExposeGlobal: 0
============================================================
+ Verbose Summary: CDFG Model
============================================================
IsTopModel: 0
ResetActiveHigh: 1
IsCombinational: 2
IsDatapathOnly: 0
HasWiredReturn: 1
HasMFsm: 2
HasVarLatency: 0
IsPipeline: 1
IsRtlPipelined: 1
IsInstanceOverlapped: 0
IsDontTouch: 0
HasImplIP: 0
IsGatedGlobalClock: 0

+ Individual pipeline summary: 
  * Pipeline-0: initiation interval (II) = 1, depth = 2


============================================================
+ Verbose Summary: Schedule
============================================================
* Number of FSM states : 2
* Pipeline : 1
  Pipeline-0 : II = 1, D = 2, States = { 1 2 }
* Dataflow Pipeline: 0

* FSM state transitions: 
1 --> 2 
2 --> 

* FSM state operations: 

State 1 <SV = 0> <Delay = 1.83>
ST_1 : Operation 3 [1/1] (0.00ns)   --->   "%specinterface_ln0 = specinterface void @_ssdm_op_SpecInterface, i1024 %txApp2txEng_data_stream, void @empty, i32 0, i32 0, void @empty_1, i32 0, i32 0, void @empty_1, void @empty_1, void @empty_1, i32 0, i32 0, i32 0, i32 0, void @empty_1, void @empty_1, i32 4294967295, i32 0"   --->   Operation 3 'specinterface' 'specinterface_ln0' <Predicate = true> <Delay = 0.00>
ST_1 : Operation 4 [1/1] (0.00ns)   --->   "%specinterface_ln0 = specinterface void @_ssdm_op_SpecInterface, i1024 %txApp2txEng_data_stream, void @empty, i32 0, i32 0, void @empty_1, i32 0, i32 0, void @empty_1, void @empty_1, void @empty_1, i32 0, i32 0, i32 0, i32 0, void @empty_1, void @empty_1, i32 4294967295, i32 0"   --->   Operation 4 'specinterface' 'specinterface_ln0' <Predicate = true> <Delay = 0.00>
ST_1 : Operation 5 [1/1] (0.00ns)   --->   "%specinterface_ln0 = specinterface void @_ssdm_op_SpecInterface, i1024 %txApp2txEng_data_stream, void @empty, i32 0, i32 0, void @empty_1, i32 0, i32 0, void @empty_1, void @empty_1, void @empty_1, i32 0, i32 0, i32 0, i32 0, void @empty_1, void @empty_1, i32 4294967295, i32 0"   --->   Operation 5 'specinterface' 'specinterface_ln0' <Predicate = true> <Delay = 0.00>
ST_1 : Operation 6 [1/1] (0.00ns)   --->   "%specinterface_ln0 = specinterface void @_ssdm_op_SpecInterface, i1024 %txBufferReadDataStitched, void @empty, i32 0, i32 0, void @empty_1, i32 0, i32 0, void @empty_1, void @empty_1, void @empty_1, i32 0, i32 0, i32 0, i32 0, void @empty_1, void @empty_1, i32 4294967295, i32 0"   --->   Operation 6 'specinterface' 'specinterface_ln0' <Predicate = true> <Delay = 0.00>
ST_1 : Operation 7 [1/1] (0.00ns)   --->   "%specinterface_ln0 = specinterface void @_ssdm_op_SpecInterface, i1024 %txBufferReadDataStitched, void @empty, i32 0, i32 0, void @empty_1, i32 0, i32 0, void @empty_1, void @empty_1, void @empty_1, i32 0, i32 0, i32 0, i32 0, void @empty_1, void @empty_1, i32 4294967295, i32 0"   --->   Operation 7 'specinterface' 'specinterface_ln0' <Predicate = true> <Delay = 0.00>
ST_1 : Operation 8 [1/1] (0.00ns)   --->   "%specinterface_ln0 = specinterface void @_ssdm_op_SpecInterface, i1024 %txBufferReadDataStitched, void @empty, i32 0, i32 0, void @empty_1, i32 0, i32 0, void @empty_1, void @empty_1, void @empty_1, i32 0, i32 0, i32 0, i32 0, void @empty_1, void @empty_1, i32 4294967295, i32 0"   --->   Operation 8 'specinterface' 'specinterface_ln0' <Predicate = true> <Delay = 0.00>
ST_1 : Operation 9 [1/1] (0.00ns)   --->   "%specinterface_ln0 = specinterface void @_ssdm_op_SpecInterface, i1 %txEng_isDDRbypass, void @empty, i32 0, i32 0, void @empty_1, i32 0, i32 0, void @empty_1, void @empty_1, void @empty_1, i32 0, i32 0, i32 0, i32 0, void @empty_1, void @empty_1, i32 4294967295, i32 0"   --->   Operation 9 'specinterface' 'specinterface_ln0' <Predicate = true> <Delay = 0.00>
ST_1 : Operation 10 [1/1] (0.00ns)   --->   "%specinterface_ln0 = specinterface void @_ssdm_op_SpecInterface, i1 %txEng_isDDRbypass, void @empty, i32 0, i32 0, void @empty_1, i32 0, i32 0, void @empty_1, void @empty_1, void @empty_1, i32 0, i32 0, i32 0, i32 0, void @empty_1, void @empty_1, i32 4294967295, i32 0"   --->   Operation 10 'specinterface' 'specinterface_ln0' <Predicate = true> <Delay = 0.00>
ST_1 : Operation 11 [1/1] (0.00ns)   --->   "%specinterface_ln0 = specinterface void @_ssdm_op_SpecInterface, i1 %txEng_isDDRbypass, void @empty, i32 0, i32 0, void @empty_1, i32 0, i32 0, void @empty_1, void @empty_1, void @empty_1, i32 0, i32 0, i32 0, i32 0, void @empty_1, void @empty_1, i32 4294967295, i32 0"   --->   Operation 11 'specinterface' 'specinterface_ln0' <Predicate = true> <Delay = 0.00>
ST_1 : Operation 12 [1/1] (0.00ns)   --->   "%specinterface_ln0 = specinterface void @_ssdm_op_SpecInterface, i1024 %txEng_tcpPkgBuffer0, void @empty, i32 0, i32 0, void @empty_1, i32 0, i32 0, void @empty_1, void @empty_1, void @empty_1, i32 0, i32 0, i32 0, i32 0, void @empty_1, void @empty_1, i32 4294967295, i32 0"   --->   Operation 12 'specinterface' 'specinterface_ln0' <Predicate = true> <Delay = 0.00>
ST_1 : Operation 13 [1/1] (0.00ns)   --->   "%specinterface_ln0 = specinterface void @_ssdm_op_SpecInterface, i1024 %txEng_tcpPkgBuffer0, void @empty, i32 0, i32 0, void @empty_1, i32 0, i32 0, void @empty_1, void @empty_1, void @empty_1, i32 0, i32 0, i32 0, i32 0, void @empty_1, void @empty_1, i32 4294967295, i32 0"   --->   Operation 13 'specinterface' 'specinterface_ln0' <Predicate = true> <Delay = 0.00>
ST_1 : Operation 14 [1/1] (0.00ns)   --->   "%specinterface_ln0 = specinterface void @_ssdm_op_SpecInterface, i1024 %txEng_tcpPkgBuffer0, void @empty, i32 0, i32 0, void @empty_1, i32 0, i32 0, void @empty_1, void @empty_1, void @empty_1, i32 0, i32 0, i32 0, i32 0, void @empty_1, void @empty_1, i32 4294967295, i32 0"   --->   Operation 14 'specinterface' 'specinterface_ln0' <Predicate = true> <Delay = 0.00>
ST_1 : Operation 15 [1/1] (0.00ns)   --->   "%specinterface_ln0 = specinterface void @_ssdm_op_SpecInterface, i1024 %txApp2txEng_data_stream, void @empty, i32 0, i32 0, void @empty_1, i32 0, i32 0, void @empty_1, void @empty_1, void @empty_1, i32 0, i32 0, i32 0, i32 0, void @empty_1, void @empty_1, i32 4294967295, i32 0"   --->   Operation 15 'specinterface' 'specinterface_ln0' <Predicate = true> <Delay = 0.00>
ST_1 : Operation 16 [1/1] (0.00ns)   --->   "%specinterface_ln0 = specinterface void @_ssdm_op_SpecInterface, i1024 %txEng_tcpPkgBuffer0, void @empty, i32 0, i32 0, void @empty_1, i32 0, i32 0, void @empty_1, void @empty_1, void @empty_1, i32 0, i32 0, i32 0, i32 0, void @empty_1, void @empty_1, i32 4294967295, i32 0"   --->   Operation 16 'specinterface' 'specinterface_ln0' <Predicate = true> <Delay = 0.00>
ST_1 : Operation 17 [1/1] (0.00ns)   --->   "%specinterface_ln0 = specinterface void @_ssdm_op_SpecInterface, i1024 %txBufferReadDataStitched, void @empty, i32 0, i32 0, void @empty_1, i32 0, i32 0, void @empty_1, void @empty_1, void @empty_1, i32 0, i32 0, i32 0, i32 0, void @empty_1, void @empty_1, i32 4294967295, i32 0"   --->   Operation 17 'specinterface' 'specinterface_ln0' <Predicate = true> <Delay = 0.00>
ST_1 : Operation 18 [1/1] (0.00ns)   --->   "%specinterface_ln0 = specinterface void @_ssdm_op_SpecInterface, i1 %txEng_isDDRbypass, void @empty, i32 0, i32 0, void @empty_1, i32 0, i32 0, void @empty_1, void @empty_1, void @empty_1, i32 0, i32 0, i32 0, i32 0, void @empty_1, void @empty_1, i32 4294967295, i32 0"   --->   Operation 18 'specinterface' 'specinterface_ln0' <Predicate = true> <Delay = 0.00>
ST_1 : Operation 19 [1/1] (0.00ns)   --->   "%specpipeline_ln1397 = specpipeline void @_ssdm_op_SpecPipeline, i32 1, i32 0, i32 0, i32 0, void @empty_1" [/mnt/scratch/pyuvaraj/Vitis_RoCE_W/Vitis_RoCE/fpga-network-stack/hls/toe/tx_engine/tx_engine.cpp:1397]   --->   Operation 19 'specpipeline' 'specpipeline_ln1397' <Predicate = true> <Delay = 0.00>
ST_1 : Operation 20 [1/1] (0.00ns)   --->   "%tps_state_V_load = load i2 %tps_state_V"   --->   Operation 20 'load' 'tps_state_V_load' <Predicate = true> <Delay = 0.00>
ST_1 : Operation 21 [1/1] (0.34ns)   --->   "%switch_ln1409 = switch i2 %tps_state_V_load, void %sw.bb.i, i2 2, void %sw.bb14.i, i2 1, void %sw.bb6.i" [/mnt/scratch/pyuvaraj/Vitis_RoCE_W/Vitis_RoCE/fpga-network-stack/hls/toe/tx_engine/tx_engine.cpp:1409]   --->   Operation 21 'switch' 'switch_ln1409' <Predicate = true> <Delay = 0.34>
ST_1 : Operation 22 [1/1] (0.00ns)   --->   "%tmp_i_253 = nbreadreq i1 @_ssdm_op_NbReadReq.ap_fifo.i1024P0A, i1024 %txBufferReadDataStitched, i32 1" [/tools/Xilinx/Vitis_HLS/2022.1/common/technology/autopilot/hls_stream_39.h:136]   --->   Operation 22 'nbreadreq' 'tmp_i_253' <Predicate = (tps_state_V_load == 1)> <Delay = 0.00> <CoreInst = "FIFO_SRL">   --->   Core 81 'FIFO_SRL' <Latency = 0> <II = 1> <Delay = 1.33> <Storage> <Opcode : 'read' 'write' 'nbread' 'nbwrite'> <Ports = 0> <Width = 1024> <Depth = 2> <FIFO>
ST_1 : Operation 23 [1/1] (0.00ns)   --->   "%br_ln1431 = br i1 %tmp_i_253, void %if.end13.i, void %if.then8.i" [/mnt/scratch/pyuvaraj/Vitis_RoCE_W/Vitis_RoCE/fpga-network-stack/hls/toe/tx_engine/tx_engine.cpp:1431]   --->   Operation 23 'br' 'br_ln1431' <Predicate = (tps_state_V_load == 1)> <Delay = 0.00>
ST_1 : Operation 24 [1/1] (1.16ns)   --->   "%txBufferReadDataStitched_read = read i1024 @_ssdm_op_Read.ap_fifo.volatile.i1024P0A, i1024 %txBufferReadDataStitched" [/tools/Xilinx/Vitis_HLS/2022.1/common/technology/autopilot/hls_stream_39.h:145]   --->   Operation 24 'read' 'txBufferReadDataStitched_read' <Predicate = (tps_state_V_load == 1 & tmp_i_253)> <Delay = 1.16> <CoreInst = "FIFO_SRL">   --->   Core 81 'FIFO_SRL' <Latency = 0> <II = 1> <Delay = 1.33> <Storage> <Opcode : 'read' 'write' 'nbread' 'nbwrite'> <Ports = 0> <Width = 1024> <Depth = 2> <FIFO>
ST_1 : Operation 25 [1/1] (0.00ns)   --->   "%tmp_last_V = bitselect i1 @_ssdm_op_BitSelect.i1.i1024.i1024, i1024 %txBufferReadDataStitched_read, i1024 576" [/tools/Xilinx/Vitis_HLS/2022.1/common/technology/autopilot/hls_stream_39.h:145]   --->   Operation 25 'bitselect' 'tmp_last_V' <Predicate = (tps_state_V_load == 1 & tmp_i_253)> <Delay = 0.00>
ST_1 : Operation 26 [1/1] (0.00ns)   --->   "%br_ln1435 = br i1 %tmp_last_V, void %if.end12.i, void %if.then10.i" [/mnt/scratch/pyuvaraj/Vitis_RoCE_W/Vitis_RoCE/fpga-network-stack/hls/toe/tx_engine/tx_engine.cpp:1435]   --->   Operation 26 'br' 'br_ln1435' <Predicate = (tps_state_V_load == 1 & tmp_i_253)> <Delay = 0.00>
ST_1 : Operation 27 [1/1] (0.38ns)   --->   "%store_ln1437 = store i2 0, i2 %tps_state_V" [/mnt/scratch/pyuvaraj/Vitis_RoCE_W/Vitis_RoCE/fpga-network-stack/hls/toe/tx_engine/tx_engine.cpp:1437]   --->   Operation 27 'store' 'store_ln1437' <Predicate = (tps_state_V_load == 1 & tmp_i_253 & tmp_last_V)> <Delay = 0.38>
ST_1 : Operation 28 [1/1] (0.00ns)   --->   "%br_ln1438 = br void %if.end12.i" [/mnt/scratch/pyuvaraj/Vitis_RoCE_W/Vitis_RoCE/fpga-network-stack/hls/toe/tx_engine/tx_engine.cpp:1438]   --->   Operation 28 'br' 'br_ln1438' <Predicate = (tps_state_V_load == 1 & tmp_i_253 & tmp_last_V)> <Delay = 0.00>
ST_1 : Operation 29 [1/1] (0.00ns)   --->   "%br_ln1439 = br void %if.end13.i" [/mnt/scratch/pyuvaraj/Vitis_RoCE_W/Vitis_RoCE/fpga-network-stack/hls/toe/tx_engine/tx_engine.cpp:1439]   --->   Operation 29 'br' 'br_ln1439' <Predicate = (tps_state_V_load == 1 & tmp_i_253)> <Delay = 0.00>
ST_1 : Operation 30 [1/1] (0.00ns)   --->   "%br_ln1440 = br void %read_data_arbiter<512>.exit" [/mnt/scratch/pyuvaraj/Vitis_RoCE_W/Vitis_RoCE/fpga-network-stack/hls/toe/tx_engine/tx_engine.cpp:1440]   --->   Operation 30 'br' 'br_ln1440' <Predicate = (tps_state_V_load == 1)> <Delay = 0.00>
ST_1 : Operation 31 [1/1] (0.00ns)   --->   "%tmp_399_i = nbreadreq i1 @_ssdm_op_NbReadReq.ap_fifo.i1024P0A, i1024 %txApp2txEng_data_stream, i32 1" [/tools/Xilinx/Vitis_HLS/2022.1/common/technology/autopilot/hls_stream_39.h:136]   --->   Operation 31 'nbreadreq' 'tmp_399_i' <Predicate = (tps_state_V_load == 2)> <Delay = 0.00> <CoreInst = "FIFO">   --->   Core 78 'FIFO' <Latency = 0> <II = 1> <Delay = 1.35> <Storage> <Opcode : 'read' 'write' 'nbread' 'nbwrite'> <Ports = 0> <Width = 1024> <Depth = 1024> <FIFO>
ST_1 : Operation 32 [1/1] (0.00ns)   --->   "%br_ln1443 = br i1 %tmp_399_i, void %if.end24.i, void %if.then16.i" [/mnt/scratch/pyuvaraj/Vitis_RoCE_W/Vitis_RoCE/fpga-network-stack/hls/toe/tx_engine/tx_engine.cpp:1443]   --->   Operation 32 'br' 'br_ln1443' <Predicate = (tps_state_V_load == 2)> <Delay = 0.00>
ST_1 : Operation 33 [1/1] (1.16ns)   --->   "%txApp2txEng_data_stream_read = read i1024 @_ssdm_op_Read.ap_fifo.volatile.i1024P0A, i1024 %txApp2txEng_data_stream" [/tools/Xilinx/Vitis_HLS/2022.1/common/technology/autopilot/hls_stream_39.h:145]   --->   Operation 33 'read' 'txApp2txEng_data_stream_read' <Predicate = (tps_state_V_load == 2 & tmp_399_i)> <Delay = 1.16> <CoreInst = "FIFO">   --->   Core 78 'FIFO' <Latency = 0> <II = 1> <Delay = 1.35> <Storage> <Opcode : 'read' 'write' 'nbread' 'nbwrite'> <Ports = 0> <Width = 1024> <Depth = 1024> <FIFO>
ST_1 : Operation 34 [1/1] (0.00ns)   --->   "%tmp_last_V_6 = bitselect i1 @_ssdm_op_BitSelect.i1.i1024.i1024, i1024 %txApp2txEng_data_stream_read, i1024 576" [/tools/Xilinx/Vitis_HLS/2022.1/common/technology/autopilot/hls_stream_39.h:145]   --->   Operation 34 'bitselect' 'tmp_last_V_6' <Predicate = (tps_state_V_load == 2 & tmp_399_i)> <Delay = 0.00>
ST_1 : Operation 35 [1/1] (0.00ns)   --->   "%br_ln1450 = br i1 %tmp_last_V_6, void %if.end23.i, void %if.then21.i" [/mnt/scratch/pyuvaraj/Vitis_RoCE_W/Vitis_RoCE/fpga-network-stack/hls/toe/tx_engine/tx_engine.cpp:1450]   --->   Operation 35 'br' 'br_ln1450' <Predicate = (tps_state_V_load == 2 & tmp_399_i)> <Delay = 0.00>
ST_1 : Operation 36 [1/1] (0.38ns)   --->   "%store_ln1452 = store i2 0, i2 %tps_state_V" [/mnt/scratch/pyuvaraj/Vitis_RoCE_W/Vitis_RoCE/fpga-network-stack/hls/toe/tx_engine/tx_engine.cpp:1452]   --->   Operation 36 'store' 'store_ln1452' <Predicate = (tps_state_V_load == 2 & tmp_399_i & tmp_last_V_6)> <Delay = 0.38>
ST_1 : Operation 37 [1/1] (0.00ns)   --->   "%br_ln1453 = br void %if.end23.i" [/mnt/scratch/pyuvaraj/Vitis_RoCE_W/Vitis_RoCE/fpga-network-stack/hls/toe/tx_engine/tx_engine.cpp:1453]   --->   Operation 37 'br' 'br_ln1453' <Predicate = (tps_state_V_load == 2 & tmp_399_i & tmp_last_V_6)> <Delay = 0.00>
ST_1 : Operation 38 [1/1] (0.00ns)   --->   "%br_ln1454 = br void %if.end24.i" [/mnt/scratch/pyuvaraj/Vitis_RoCE_W/Vitis_RoCE/fpga-network-stack/hls/toe/tx_engine/tx_engine.cpp:1454]   --->   Operation 38 'br' 'br_ln1454' <Predicate = (tps_state_V_load == 2 & tmp_399_i)> <Delay = 0.00>
ST_1 : Operation 39 [1/1] (0.00ns)   --->   "%br_ln1455 = br void %read_data_arbiter<512>.exit" [/mnt/scratch/pyuvaraj/Vitis_RoCE_W/Vitis_RoCE/fpga-network-stack/hls/toe/tx_engine/tx_engine.cpp:1455]   --->   Operation 39 'br' 'br_ln1455' <Predicate = (tps_state_V_load == 2)> <Delay = 0.00>
ST_1 : Operation 40 [1/1] (0.00ns)   --->   "%tmp_i = nbreadreq i1 @_ssdm_op_NbReadReq.ap_fifo.i1P0A, i1 %txEng_isDDRbypass, i32 1" [/tools/Xilinx/Vitis_HLS/2022.1/common/technology/autopilot/hls_stream_39.h:136]   --->   Operation 40 'nbreadreq' 'tmp_i' <Predicate = (tps_state_V_load != 2 & tps_state_V_load != 1)> <Delay = 0.00> <CoreInst = "FIFO_SRL">   --->   Core 81 'FIFO_SRL' <Latency = 0> <II = 1> <Delay = 1.38> <Storage> <Opcode : 'read' 'write' 'nbread' 'nbwrite'> <Ports = 0> <Width = 1> <Depth = 32> <FIFO>
ST_1 : Operation 41 [1/1] (0.00ns)   --->   "%br_ln1413 = br i1 %tmp_i, void %if.end5.i, void %if.then.i" [/mnt/scratch/pyuvaraj/Vitis_RoCE_W/Vitis_RoCE/fpga-network-stack/hls/toe/tx_engine/tx_engine.cpp:1413]   --->   Operation 41 'br' 'br_ln1413' <Predicate = (tps_state_V_load != 2 & tps_state_V_load != 1)> <Delay = 0.00>
ST_1 : Operation 42 [1/1] (1.16ns)   --->   "%tmp = read i1 @_ssdm_op_Read.ap_fifo.volatile.i1P0A, i1 %txEng_isDDRbypass" [/tools/Xilinx/Vitis_HLS/2022.1/common/technology/autopilot/hls_stream_39.h:145]   --->   Operation 42 'read' 'tmp' <Predicate = (tps_state_V_load != 2 & tps_state_V_load != 1 & tmp_i)> <Delay = 1.16> <CoreInst = "FIFO_SRL">   --->   Core 81 'FIFO_SRL' <Latency = 0> <II = 1> <Delay = 1.38> <Storage> <Opcode : 'read' 'write' 'nbread' 'nbwrite'> <Ports = 0> <Width = 1> <Depth = 32> <FIFO>
ST_1 : Operation 43 [1/1] (0.27ns)   --->   "%select_ln1416 = select i1 %tmp, i2 2, i2 1" [/mnt/scratch/pyuvaraj/Vitis_RoCE_W/Vitis_RoCE/fpga-network-stack/hls/toe/tx_engine/tx_engine.cpp:1416]   --->   Operation 43 'select' 'select_ln1416' <Predicate = (tps_state_V_load != 2 & tps_state_V_load != 1 & tmp_i)> <Delay = 0.27> <CoreInst = "Sel">   --->   Core 73 'Sel' <Latency = 0> <II = 1> <Delay = 0.27> <FuncUnit> <Opcode : 'select'> <InPorts = 3> <OutPorts = 1>
ST_1 : Operation 44 [1/1] (0.38ns)   --->   "%store_ln1418 = store i2 %select_ln1416, i2 %tps_state_V" [/mnt/scratch/pyuvaraj/Vitis_RoCE_W/Vitis_RoCE/fpga-network-stack/hls/toe/tx_engine/tx_engine.cpp:1418]   --->   Operation 44 'store' 'store_ln1418' <Predicate = (tps_state_V_load != 2 & tps_state_V_load != 1 & tmp_i)> <Delay = 0.38>
ST_1 : Operation 45 [1/1] (0.00ns)   --->   "%br_ln1425 = br void %if.end5.i" [/mnt/scratch/pyuvaraj/Vitis_RoCE_W/Vitis_RoCE/fpga-network-stack/hls/toe/tx_engine/tx_engine.cpp:1425]   --->   Operation 45 'br' 'br_ln1425' <Predicate = (tps_state_V_load != 2 & tps_state_V_load != 1 & tmp_i)> <Delay = 0.00>
ST_1 : Operation 46 [1/1] (0.00ns)   --->   "%br_ln1429 = br void %read_data_arbiter<512>.exit" [/mnt/scratch/pyuvaraj/Vitis_RoCE_W/Vitis_RoCE/fpga-network-stack/hls/toe/tx_engine/tx_engine.cpp:1429]   --->   Operation 46 'br' 'br_ln1429' <Predicate = (tps_state_V_load != 2 & tps_state_V_load != 1)> <Delay = 0.00>

State 2 <SV = 1> <Delay = 1.16>
ST_2 : Operation 47 [1/1] (1.16ns)   --->   "%write_ln174 = write void @_ssdm_op_Write.ap_fifo.volatile.i1024P0A, i1024 %txEng_tcpPkgBuffer0, i1024 %txBufferReadDataStitched_read" [/tools/Xilinx/Vitis_HLS/2022.1/common/technology/autopilot/hls_stream_39.h:174]   --->   Operation 47 'write' 'write_ln174' <Predicate = (tps_state_V_load == 1 & tmp_i_253)> <Delay = 1.16> <CoreInst = "FIFO_SRL">   --->   Core 81 'FIFO_SRL' <Latency = 0> <II = 1> <Delay = 1.33> <Storage> <Opcode : 'read' 'write' 'nbread' 'nbwrite'> <Ports = 0> <Width = 1024> <Depth = 2> <FIFO>
ST_2 : Operation 48 [1/1] (1.16ns)   --->   "%write_ln174 = write void @_ssdm_op_Write.ap_fifo.volatile.i1024P0A, i1024 %txEng_tcpPkgBuffer0, i1024 %txApp2txEng_data_stream_read" [/tools/Xilinx/Vitis_HLS/2022.1/common/technology/autopilot/hls_stream_39.h:174]   --->   Operation 48 'write' 'write_ln174' <Predicate = (tps_state_V_load == 2 & tmp_399_i)> <Delay = 1.16> <CoreInst = "FIFO_SRL">   --->   Core 81 'FIFO_SRL' <Latency = 0> <II = 1> <Delay = 1.33> <Storage> <Opcode : 'read' 'write' 'nbread' 'nbwrite'> <Ports = 0> <Width = 1024> <Depth = 2> <FIFO>
ST_2 : Operation 49 [1/1] (0.00ns)   --->   "%ret_ln0 = ret"   --->   Operation 49 'ret' 'ret_ln0' <Predicate = true> <Delay = 0.00>


============================================================
+ Verbose Summary: Binding
============================================================
STG Binding: 
---------------- STG Properties BEGIN ----------------
- Is combinational: 0
- Is one-state seq: 0
- Is datapath-only: 0
- Is pipelined: 1
- Is top level: 0
Port [ Return ] is wired: 1; IO mode=ap_ctrl_hs:ce=0
Port [ tps_state_V]:  wired=0; compound=0; hidden=1; nouse=0; global=1; static=1; extern=0; dir=2; type=0; pingpong=0; private_global=1; IO mode=ap_ovld:ce=0
Port [ txEng_isDDRbypass]:  wired=1; compound=1; hidden=0; nouse=0; global=1; static=1; extern=0; dir=0; type=3; pingpong=0; private_global=0; IO mode=ap_fifo:ce=0
Port [ txBufferReadDataStitched]:  wired=1; compound=1; hidden=0; nouse=0; global=1; static=1; extern=0; dir=0; type=3; pingpong=0; private_global=0; IO mode=ap_fifo:ce=0
Port [ txEng_tcpPkgBuffer0]:  wired=1; compound=1; hidden=0; nouse=0; global=1; static=1; extern=0; dir=1; type=3; pingpong=0; private_global=0; IO mode=ap_fifo:ce=0
Port [ txApp2txEng_data_stream]:  wired=1; compound=1; hidden=0; nouse=0; global=1; static=1; extern=0; dir=0; type=3; pingpong=0; private_global=0; IO mode=ap_fifo:ce=0
---------------- STG Properties END ------------------

---------------- Datapath Model BEGIN ----------------

<LifeTime>
<method=bitvector/>
specinterface_ln0             (specinterface) [ 000]
specinterface_ln0             (specinterface) [ 000]
specinterface_ln0             (specinterface) [ 000]
specinterface_ln0             (specinterface) [ 000]
specinterface_ln0             (specinterface) [ 000]
specinterface_ln0             (specinterface) [ 000]
specinterface_ln0             (specinterface) [ 000]
specinterface_ln0             (specinterface) [ 000]
specinterface_ln0             (specinterface) [ 000]
specinterface_ln0             (specinterface) [ 000]
specinterface_ln0             (specinterface) [ 000]
specinterface_ln0             (specinterface) [ 000]
specinterface_ln0             (specinterface) [ 000]
specinterface_ln0             (specinterface) [ 000]
specinterface_ln0             (specinterface) [ 000]
specinterface_ln0             (specinterface) [ 000]
specpipeline_ln1397           (specpipeline ) [ 000]
tps_state_V_load              (load         ) [ 011]
switch_ln1409                 (switch       ) [ 000]
tmp_i_253                     (nbreadreq    ) [ 011]
br_ln1431                     (br           ) [ 000]
txBufferReadDataStitched_read (read         ) [ 011]
tmp_last_V                    (bitselect    ) [ 010]
br_ln1435                     (br           ) [ 000]
store_ln1437                  (store        ) [ 000]
br_ln1438                     (br           ) [ 000]
br_ln1439                     (br           ) [ 000]
br_ln1440                     (br           ) [ 000]
tmp_399_i                     (nbreadreq    ) [ 011]
br_ln1443                     (br           ) [ 000]
txApp2txEng_data_stream_read  (read         ) [ 011]
tmp_last_V_6                  (bitselect    ) [ 010]
br_ln1450                     (br           ) [ 000]
store_ln1452                  (store        ) [ 000]
br_ln1453                     (br           ) [ 000]
br_ln1454                     (br           ) [ 000]
br_ln1455                     (br           ) [ 000]
tmp_i                         (nbreadreq    ) [ 010]
br_ln1413                     (br           ) [ 000]
tmp                           (read         ) [ 000]
select_ln1416                 (select       ) [ 000]
store_ln1418                  (store        ) [ 000]
br_ln1425                     (br           ) [ 000]
br_ln1429                     (br           ) [ 000]
write_ln174                   (write        ) [ 000]
write_ln174                   (write        ) [ 000]
ret_ln0                       (ret          ) [ 000]
</LifeTime>

<model>

<comp_list>
<comp id="0" class="1000" name="tps_state_V">
<pin_list>
<pin id="1" dir="1" index="0" bw="1" slack="0"/>
</pin_list>
<bind>
<StgValue><ssdm name="tps_state_V"/></StgValue>
</bind>
</comp>

<comp id="2" class="1000" name="txEng_isDDRbypass">
<pin_list>
<pin id="3" dir="1" index="0" bw="1" slack="0"/>
</pin_list>
<bind>
<StgValue><ssdm name="txEng_isDDRbypass"/></StgValue>
</bind>
</comp>

<comp id="4" class="1000" name="txBufferReadDataStitched">
<pin_list>
<pin id="5" dir="1" index="0" bw="1" slack="0"/>
</pin_list>
<bind>
<StgValue><ssdm name="txBufferReadDataStitched"/></StgValue>
</bind>
</comp>

<comp id="6" class="1000" name="txEng_tcpPkgBuffer0">
<pin_list>
<pin id="7" dir="1" index="0" bw="1" slack="0"/>
</pin_list>
<bind>
<StgValue><ssdm name="txEng_tcpPkgBuffer0"/></StgValue>
</bind>
</comp>

<comp id="8" class="1000" name="txApp2txEng_data_stream">
<pin_list>
<pin id="9" dir="1" index="0" bw="1" slack="0"/>
</pin_list>
<bind>
<StgValue><ssdm name="txApp2txEng_data_stream"/></StgValue>
</bind>
</comp>

<comp id="10" class="1001" name="const_10">
<pin_list>
<pin id="11" dir="1" index="0" bw="1" slack="2147483647"/>
</pin_list>
<bind>
<StgValue><ssdm name="_ssdm_op_SpecInterface"/></StgValue>
</bind>
</comp>

<comp id="12" class="1001" name="const_12">
<pin_list>
<pin id="13" dir="1" index="0" bw="1" slack="2147483647"/>
</pin_list>
<bind>
<StgValue><ssdm name="empty"/></StgValue>
</bind>
</comp>

<comp id="14" class="1001" name="const_14">
<pin_list>
<pin id="15" dir="1" index="0" bw="1" slack="2147483647"/>
</pin_list>
<bind>
<StgValue><ssdm name=""/></StgValue>
</bind>
</comp>

<comp id="16" class="1001" name="const_16">
<pin_list>
<pin id="17" dir="1" index="0" bw="1" slack="2147483647"/>
</pin_list>
<bind>
<StgValue><ssdm name="empty_1"/></StgValue>
</bind>
</comp>

<comp id="18" class="1001" name="const_18">
<pin_list>
<pin id="19" dir="1" index="0" bw="1" slack="2147483647"/>
</pin_list>
<bind>
<StgValue><ssdm name=""/></StgValue>
</bind>
</comp>

<comp id="20" class="1001" name="const_20">
<pin_list>
<pin id="21" dir="1" index="0" bw="1" slack="2147483647"/>
</pin_list>
<bind>
<StgValue><ssdm name="_ssdm_op_SpecPipeline"/></StgValue>
</bind>
</comp>

<comp id="22" class="1001" name="const_22">
<pin_list>
<pin id="23" dir="1" index="0" bw="1" slack="0"/>
</pin_list>
<bind>
<StgValue><ssdm name=""/></StgValue>
</bind>
</comp>

<comp id="24" class="1001" name="const_24">
<pin_list>
<pin id="25" dir="1" index="0" bw="1" slack="0"/>
</pin_list>
<bind>
<StgValue><ssdm name=""/></StgValue>
</bind>
</comp>

<comp id="26" class="1001" name="const_26">
<pin_list>
<pin id="27" dir="1" index="0" bw="1" slack="0"/>
</pin_list>
<bind>
<StgValue><ssdm name=""/></StgValue>
</bind>
</comp>

<comp id="28" class="1001" name="const_28">
<pin_list>
<pin id="29" dir="1" index="0" bw="1" slack="0"/>
</pin_list>
<bind>
<StgValue><ssdm name="_ssdm_op_NbReadReq.ap_fifo.i1024P0A"/></StgValue>
</bind>
</comp>

<comp id="30" class="1001" name="const_30">
<pin_list>
<pin id="31" dir="1" index="0" bw="1" slack="0"/>
</pin_list>
<bind>
<StgValue><ssdm name="_ssdm_op_Read.ap_fifo.volatile.i1024P0A"/></StgValue>
</bind>
</comp>

<comp id="32" class="1001" name="const_32">
<pin_list>
<pin id="33" dir="1" index="0" bw="1" slack="0"/>
</pin_list>
<bind>
<StgValue><ssdm name="_ssdm_op_BitSelect.i1.i1024.i1024"/></StgValue>
</bind>
</comp>

<comp id="34" class="1001" name="const_34">
<pin_list>
<pin id="35" dir="1" index="0" bw="1" slack="0"/>
</pin_list>
<bind>
<StgValue><ssdm name=""/></StgValue>
</bind>
</comp>

<comp id="36" class="1001" name="const_36">
<pin_list>
<pin id="37" dir="1" index="0" bw="1" slack="0"/>
</pin_list>
<bind>
<StgValue><ssdm name=""/></StgValue>
</bind>
</comp>

<comp id="38" class="1001" name="const_38">
<pin_list>
<pin id="39" dir="1" index="0" bw="1" slack="0"/>
</pin_list>
<bind>
<StgValue><ssdm name="_ssdm_op_NbReadReq.ap_fifo.i1P0A"/></StgValue>
</bind>
</comp>

<comp id="40" class="1001" name="const_40">
<pin_list>
<pin id="41" dir="1" index="0" bw="1" slack="0"/>
</pin_list>
<bind>
<StgValue><ssdm name="_ssdm_op_Read.ap_fifo.volatile.i1P0A"/></StgValue>
</bind>
</comp>

<comp id="42" class="1001" name="const_42">
<pin_list>
<pin id="43" dir="1" index="0" bw="1" slack="0"/>
</pin_list>
<bind>
<StgValue><ssdm name="_ssdm_op_Write.ap_fifo.volatile.i1024P0A"/></StgValue>
</bind>
</comp>

<comp id="44" class="1004" name="tmp_i_253_nbreadreq_fu_44">
<pin_list>
<pin id="45" dir="0" index="0" bw="1" slack="0"/>
<pin id="46" dir="0" index="1" bw="1024" slack="0"/>
<pin id="47" dir="0" index="2" bw="1" slack="0"/>
<pin id="48" dir="1" index="3" bw="1" slack="1"/>
</pin_list>
<bind>
<opcode="nbreadreq(1156) " fcode="nbreadreq"/>
<opset="tmp_i_253/1 "/>
</bind>
</comp>

<comp id="52" class="1004" name="txBufferReadDataStitched_read_read_fu_52">
<pin_list>
<pin id="53" dir="0" index="0" bw="1024" slack="0"/>
<pin id="54" dir="0" index="1" bw="1024" slack="0"/>
<pin id="55" dir="1" index="2" bw="1024" slack="0"/>
</pin_list>
<bind>
<opcode="read(1150) " fcode="read"/>
<opset="txBufferReadDataStitched_read/1 "/>
</bind>
</comp>

<comp id="58" class="1004" name="tmp_399_i_nbreadreq_fu_58">
<pin_list>
<pin id="59" dir="0" index="0" bw="1" slack="0"/>
<pin id="60" dir="0" index="1" bw="1024" slack="0"/>
<pin id="61" dir="0" index="2" bw="1" slack="0"/>
<pin id="62" dir="1" index="3" bw="1" slack="1"/>
</pin_list>
<bind>
<opcode="nbreadreq(1156) " fcode="nbreadreq"/>
<opset="tmp_399_i/1 "/>
</bind>
</comp>

<comp id="66" class="1004" name="txApp2txEng_data_stream_read_read_fu_66">
<pin_list>
<pin id="67" dir="0" index="0" bw="1024" slack="0"/>
<pin id="68" dir="0" index="1" bw="1024" slack="0"/>
<pin id="69" dir="1" index="2" bw="1024" slack="0"/>
</pin_list>
<bind>
<opcode="read(1150) " fcode="read"/>
<opset="txApp2txEng_data_stream_read/1 "/>
</bind>
</comp>

<comp id="72" class="1004" name="tmp_i_nbreadreq_fu_72">
<pin_list>
<pin id="73" dir="0" index="0" bw="1" slack="0"/>
<pin id="74" dir="0" index="1" bw="1" slack="0"/>
<pin id="75" dir="0" index="2" bw="1" slack="0"/>
<pin id="76" dir="1" index="3" bw="1" slack="2147483647"/>
</pin_list>
<bind>
<opcode="nbreadreq(1156) " fcode="nbreadreq"/>
<opset="tmp_i/1 "/>
</bind>
</comp>

<comp id="80" class="1004" name="tmp_read_fu_80">
<pin_list>
<pin id="81" dir="0" index="0" bw="1" slack="0"/>
<pin id="82" dir="0" index="1" bw="1" slack="0"/>
<pin id="83" dir="1" index="2" bw="1" slack="0"/>
</pin_list>
<bind>
<opcode="read(1150) " fcode="read"/>
<opset="tmp/1 "/>
</bind>
</comp>

<comp id="86" class="1004" name="grp_write_fu_86">
<pin_list>
<pin id="87" dir="0" index="0" bw="0" slack="0"/>
<pin id="88" dir="0" index="1" bw="1024" slack="0"/>
<pin id="89" dir="0" index="2" bw="1024" slack="1"/>
<pin id="90" dir="1" index="3" bw="0" slack="2147483647"/>
</pin_list>
<bind>
<opcode="write(1151) " fcode="write"/>
<opset="write_ln174/2 write_ln174/2 "/>
</bind>
</comp>

<comp id="93" class="1004" name="tps_state_V_load_load_fu_93">
<pin_list>
<pin id="94" dir="0" index="0" bw="2" slack="0"/>
<pin id="95" dir="1" index="1" bw="2" slack="1"/>
</pin_list>
<bind>
<opcode="load(27) " fcode="load"/>
<opset="tps_state_V_load/1 "/>
</bind>
</comp>

<comp id="97" class="1004" name="tmp_last_V_fu_97">
<pin_list>
<pin id="98" dir="0" index="0" bw="1" slack="0"/>
<pin id="99" dir="0" index="1" bw="1024" slack="0"/>
<pin id="100" dir="0" index="2" bw="11" slack="0"/>
<pin id="101" dir="1" index="3" bw="1" slack="2147483647"/>
</pin_list>
<bind>
<opcode="bitselect(1000) " fcode="bitselect"/>
<opset="tmp_last_V/1 "/>
</bind>
</comp>

<comp id="105" class="1004" name="store_ln1437_store_fu_105">
<pin_list>
<pin id="106" dir="0" index="0" bw="1" slack="0"/>
<pin id="107" dir="0" index="1" bw="2" slack="0"/>
<pin id="108" dir="1" index="2" bw="0" slack="2147483647"/>
</pin_list>
<bind>
<opcode="store(28) " fcode="store"/>
<opset="store_ln1437/1 "/>
</bind>
</comp>

<comp id="111" class="1004" name="tmp_last_V_6_fu_111">
<pin_list>
<pin id="112" dir="0" index="0" bw="1" slack="0"/>
<pin id="113" dir="0" index="1" bw="1024" slack="0"/>
<pin id="114" dir="0" index="2" bw="11" slack="0"/>
<pin id="115" dir="1" index="3" bw="1" slack="2147483647"/>
</pin_list>
<bind>
<opcode="bitselect(1000) " fcode="bitselect"/>
<opset="tmp_last_V_6/1 "/>
</bind>
</comp>

<comp id="119" class="1004" name="store_ln1452_store_fu_119">
<pin_list>
<pin id="120" dir="0" index="0" bw="1" slack="0"/>
<pin id="121" dir="0" index="1" bw="2" slack="0"/>
<pin id="122" dir="1" index="2" bw="0" slack="2147483647"/>
</pin_list>
<bind>
<opcode="store(28) " fcode="store"/>
<opset="store_ln1452/1 "/>
</bind>
</comp>

<comp id="125" class="1004" name="select_ln1416_fu_125">
<pin_list>
<pin id="126" dir="0" index="0" bw="1" slack="0"/>
<pin id="127" dir="0" index="1" bw="2" slack="0"/>
<pin id="128" dir="0" index="2" bw="2" slack="0"/>
<pin id="129" dir="1" index="3" bw="2" slack="0"/>
</pin_list>
<bind>
<opcode="select(49) " fcode="select"/>
<opset="select_ln1416/1 "/>
</bind>
</comp>

<comp id="133" class="1004" name="store_ln1418_store_fu_133">
<pin_list>
<pin id="134" dir="0" index="0" bw="2" slack="0"/>
<pin id="135" dir="0" index="1" bw="2" slack="0"/>
<pin id="136" dir="1" index="2" bw="0" slack="2147483647"/>
</pin_list>
<bind>
<opcode="store(28) " fcode="store"/>
<opset="store_ln1418/1 "/>
</bind>
</comp>

<comp id="139" class="1005" name="tps_state_V_load_reg_139">
<pin_list>
<pin id="140" dir="0" index="0" bw="2" slack="1"/>
<pin id="141" dir="1" index="1" bw="2" slack="2147483647"/>
</pin_list>
<bind>
<opset="tps_state_V_load "/>
</bind>
</comp>

<comp id="143" class="1005" name="tmp_i_253_reg_143">
<pin_list>
<pin id="144" dir="0" index="0" bw="1" slack="1"/>
<pin id="145" dir="1" index="1" bw="1" slack="2147483647"/>
</pin_list>
<bind>
<opset="tmp_i_253 "/>
</bind>
</comp>

<comp id="147" class="1005" name="txBufferReadDataStitched_read_reg_147">
<pin_list>
<pin id="148" dir="0" index="0" bw="1024" slack="1"/>
<pin id="149" dir="1" index="1" bw="1024" slack="1"/>
</pin_list>
<bind>
<opset="txBufferReadDataStitched_read "/>
</bind>
</comp>

<comp id="155" class="1005" name="tmp_399_i_reg_155">
<pin_list>
<pin id="156" dir="0" index="0" bw="1" slack="1"/>
<pin id="157" dir="1" index="1" bw="1" slack="2147483647"/>
</pin_list>
<bind>
<opset="tmp_399_i "/>
</bind>
</comp>

<comp id="159" class="1005" name="txApp2txEng_data_stream_read_reg_159">
<pin_list>
<pin id="160" dir="0" index="0" bw="1024" slack="1"/>
<pin id="161" dir="1" index="1" bw="1024" slack="1"/>
</pin_list>
<bind>
<opset="txApp2txEng_data_stream_read "/>
</bind>
</comp>

</comp_list>

<net_list>
<net id="49"><net_src comp="28" pin="0"/><net_sink comp="44" pin=0"/></net>

<net id="50"><net_src comp="4" pin="0"/><net_sink comp="44" pin=1"/></net>

<net id="51"><net_src comp="22" pin="0"/><net_sink comp="44" pin=2"/></net>

<net id="56"><net_src comp="30" pin="0"/><net_sink comp="52" pin=0"/></net>

<net id="57"><net_src comp="4" pin="0"/><net_sink comp="52" pin=1"/></net>

<net id="63"><net_src comp="28" pin="0"/><net_sink comp="58" pin=0"/></net>

<net id="64"><net_src comp="8" pin="0"/><net_sink comp="58" pin=1"/></net>

<net id="65"><net_src comp="22" pin="0"/><net_sink comp="58" pin=2"/></net>

<net id="70"><net_src comp="30" pin="0"/><net_sink comp="66" pin=0"/></net>

<net id="71"><net_src comp="8" pin="0"/><net_sink comp="66" pin=1"/></net>

<net id="77"><net_src comp="38" pin="0"/><net_sink comp="72" pin=0"/></net>

<net id="78"><net_src comp="2" pin="0"/><net_sink comp="72" pin=1"/></net>

<net id="79"><net_src comp="22" pin="0"/><net_sink comp="72" pin=2"/></net>

<net id="84"><net_src comp="40" pin="0"/><net_sink comp="80" pin=0"/></net>

<net id="85"><net_src comp="2" pin="0"/><net_sink comp="80" pin=1"/></net>

<net id="91"><net_src comp="42" pin="0"/><net_sink comp="86" pin=0"/></net>

<net id="92"><net_src comp="6" pin="0"/><net_sink comp="86" pin=1"/></net>

<net id="96"><net_src comp="0" pin="0"/><net_sink comp="93" pin=0"/></net>

<net id="102"><net_src comp="32" pin="0"/><net_sink comp="97" pin=0"/></net>

<net id="103"><net_src comp="52" pin="2"/><net_sink comp="97" pin=1"/></net>

<net id="104"><net_src comp="34" pin="0"/><net_sink comp="97" pin=2"/></net>

<net id="109"><net_src comp="36" pin="0"/><net_sink comp="105" pin=0"/></net>

<net id="110"><net_src comp="0" pin="0"/><net_sink comp="105" pin=1"/></net>

<net id="116"><net_src comp="32" pin="0"/><net_sink comp="111" pin=0"/></net>

<net id="117"><net_src comp="66" pin="2"/><net_sink comp="111" pin=1"/></net>

<net id="118"><net_src comp="34" pin="0"/><net_sink comp="111" pin=2"/></net>

<net id="123"><net_src comp="36" pin="0"/><net_sink comp="119" pin=0"/></net>

<net id="124"><net_src comp="0" pin="0"/><net_sink comp="119" pin=1"/></net>

<net id="130"><net_src comp="80" pin="2"/><net_sink comp="125" pin=0"/></net>

<net id="131"><net_src comp="24" pin="0"/><net_sink comp="125" pin=1"/></net>

<net id="132"><net_src comp="26" pin="0"/><net_sink comp="125" pin=2"/></net>

<net id="137"><net_src comp="125" pin="3"/><net_sink comp="133" pin=0"/></net>

<net id="138"><net_src comp="0" pin="0"/><net_sink comp="133" pin=1"/></net>

<net id="142"><net_src comp="93" pin="1"/><net_sink comp="139" pin=0"/></net>

<net id="146"><net_src comp="44" pin="3"/><net_sink comp="143" pin=0"/></net>

<net id="150"><net_src comp="52" pin="2"/><net_sink comp="147" pin=0"/></net>

<net id="151"><net_src comp="147" pin="1"/><net_sink comp="86" pin=2"/></net>

<net id="158"><net_src comp="58" pin="3"/><net_sink comp="155" pin=0"/></net>

<net id="162"><net_src comp="66" pin="2"/><net_sink comp="159" pin=0"/></net>

<net id="163"><net_src comp="159" pin="1"/><net_sink comp="86" pin=2"/></net>

</net_list>

</model> 
---------------- Datapath Model END ------------------

* FSMD analyzer results:
  - Output states:
	Port: tps_state_V | {1 }
	Port: txEng_isDDRbypass | {}
	Port: txBufferReadDataStitched | {}
	Port: txEng_tcpPkgBuffer0 | {2 }
	Port: txApp2txEng_data_stream | {}
 - Input state : 
	Port: read_data_arbiter<512> : tps_state_V | {1 }
	Port: read_data_arbiter<512> : txEng_isDDRbypass | {1 }
	Port: read_data_arbiter<512> : txBufferReadDataStitched | {1 }
	Port: read_data_arbiter<512> : txEng_tcpPkgBuffer0 | {}
	Port: read_data_arbiter<512> : txApp2txEng_data_stream | {1 }
  - Chain level:
	State 1
		switch_ln1409 : 1
		br_ln1435 : 1
		br_ln1450 : 1
		store_ln1418 : 1
	State 2


============================================================
+ Verbose Summary: Datapath Resource usage 
============================================================

* Functional unit list:
|----------|------------------------------------------|---------|---------|
| Operation|              Functional Unit             |    FF   |   LUT   |
|----------|------------------------------------------|---------|---------|
|  select  |           select_ln1416_fu_125           |    0    |    2    |
|----------|------------------------------------------|---------|---------|
|          |         tmp_i_253_nbreadreq_fu_44        |    0    |    0    |
| nbreadreq|         tmp_399_i_nbreadreq_fu_58        |    0    |    0    |
|          |           tmp_i_nbreadreq_fu_72          |    0    |    0    |
|----------|------------------------------------------|---------|---------|
|          | txBufferReadDataStitched_read_read_fu_52 |    0    |    0    |
|   read   |  txApp2txEng_data_stream_read_read_fu_66 |    0    |    0    |
|          |              tmp_read_fu_80              |    0    |    0    |
|----------|------------------------------------------|---------|---------|
|   write  |              grp_write_fu_86             |    0    |    0    |
|----------|------------------------------------------|---------|---------|
| bitselect|             tmp_last_V_fu_97             |    0    |    0    |
|          |            tmp_last_V_6_fu_111           |    0    |    0    |
|----------|------------------------------------------|---------|---------|
|   Total  |                                          |    0    |    2    |
|----------|------------------------------------------|---------|---------|

Memories:
N/A

* Register list:
+-------------------------------------+--------+
|                                     |   FF   |
+-------------------------------------+--------+
|          tmp_399_i_reg_155          |    1   |
|          tmp_i_253_reg_143          |    1   |
|       tps_state_V_load_reg_139      |    2   |
| txApp2txEng_data_stream_read_reg_159|  1024  |
|txBufferReadDataStitched_read_reg_147|  1024  |
+-------------------------------------+--------+
|                Total                |  2052  |
+-------------------------------------+--------+

* Multiplexer (MUX) list: 
|-----------------|------|------|------|--------||---------||---------|
|       Comp      |  Pin | Size |  BW  | S x BW ||  Delay  ||   LUT   |
|-----------------|------|------|------|--------||---------||---------|
| grp_write_fu_86 |  p2  |   2  | 1024 |  2048  ||    9    |
|-----------------|------|------|------|--------||---------||---------|
|      Total      |      |      |      |  2048  ||  0.387  ||    9    |
|-----------------|------|------|------|--------||---------||---------|



* Summary:
+-----------+--------+--------+--------+
|           |  Delay |   FF   |   LUT  |
+-----------+--------+--------+--------+
|  Function |    -   |    0   |    2   |
|   Memory  |    -   |    -   |    -   |
|Multiplexer|    0   |    -   |    9   |
|  Register |    -   |  2052  |    -   |
+-----------+--------+--------+--------+
|   Total   |    0   |  2052  |   11   |
+-----------+--------+--------+--------+
