

================================================================
== Vitis HLS Report for 'rx_app_stream_if'
================================================================
* Date:           Tue Jul 11 09:25:40 2023

* Version:        2022.1 (Build 3526262 on Mon Apr 18 15:47:01 MDT 2022)
* Project:        toe_prj
* Solution:       solution1 (Vivado IP Flow Target)
* Product family: virtexuplus
* Target device:  xcu280-fsvh2892-2L-e


================================================================
== Performance Estimates
================================================================
+ Timing: 
    * Summary: 
    +--------+---------+----------+------------+
    |  Clock |  Target | Estimated| Uncertainty|
    +--------+---------+----------+------------+
    |ap_clk  |  3.20 ns|  1.965 ns|     0.86 ns|
    +--------+---------+----------+------------+

+ Latency: 
    * Summary: 
    +---------+---------+----------+----------+-----+-----+---------+
    |  Latency (cycles) |  Latency (absolute) |  Interval | Pipeline|
    |   min   |   max   |    min   |    max   | min | max |   Type  |
    +---------+---------+----------+----------+-----+-----+---------+
    |        2|        2|  6.400 ns|  6.400 ns|    1|    1|      yes|
    +---------+---------+----------+----------+-----+-----+---------+

    + Detail: 
        * Instance: 
        N/A

        * Loop: 
        N/A

============================================================
+ Verbose Summary: Synthesis Manager
============================================================
InlineROM: 1
ExposeGlobal: 0
============================================================
+ Verbose Summary: CDFG Model
============================================================
IsTopModel: 0
ResetActiveHigh: 1
IsCombinational: 2
IsDatapathOnly: 0
HasWiredReturn: 1
HasMFsm: 2
HasVarLatency: 0
IsPipeline: 1
IsRtlPipelined: 1
IsInstanceOverlapped: 0
IsDontTouch: 0
HasImplIP: 0
IsGatedGlobalClock: 0

+ Individual pipeline summary: 
  * Pipeline-0: initiation interval (II) = 1, depth = 3


============================================================
+ Verbose Summary: Schedule
============================================================
* Number of FSM states : 3
* Pipeline : 1
  Pipeline-0 : II = 1, D = 3, States = { 1 2 3 }
* Dataflow Pipeline: 0

* FSM state transitions: 
1 --> 2 
2 --> 3 
3 --> 

* FSM state operations: 

State 1 <SV = 0> <Delay = 1.96>
ST_1 : Operation 4 [1/1] (0.00ns)   --->   "%specinterface_ln0 = specinterface void @_ssdm_op_SpecInterface, i96 %rxApp2rxSar_upd_req, void @empty, i32 0, i32 0, void @empty_1, i32 0, i32 0, void @empty_1, void @empty_1, void @empty_1, i32 0, i32 0, i32 0, i32 0, void @empty_1, void @empty_1, i32 4294967295, i32 0"   --->   Operation 4 'specinterface' 'specinterface_ln0' <Predicate = true> <Delay = 0.00>
ST_1 : Operation 5 [1/1] (0.00ns)   --->   "%specinterface_ln0 = specinterface void @_ssdm_op_SpecInterface, i96 %rxApp2rxSar_upd_req, void @empty, i32 0, i32 0, void @empty_1, i32 0, i32 0, void @empty_1, void @empty_1, void @empty_1, i32 0, i32 0, i32 0, i32 0, void @empty_1, void @empty_1, i32 4294967295, i32 0"   --->   Operation 5 'specinterface' 'specinterface_ln0' <Predicate = true> <Delay = 0.00>
ST_1 : Operation 6 [1/1] (0.00ns)   --->   "%specinterface_ln0 = specinterface void @_ssdm_op_SpecInterface, i96 %rxApp2rxSar_upd_req, void @empty, i32 0, i32 0, void @empty_1, i32 0, i32 0, void @empty_1, void @empty_1, void @empty_1, i32 0, i32 0, i32 0, i32 0, void @empty_1, void @empty_1, i32 4294967295, i32 0"   --->   Operation 6 'specinterface' 'specinterface_ln0' <Predicate = true> <Delay = 0.00>
ST_1 : Operation 7 [1/1] (0.00ns)   --->   "%specinterface_ln0 = specinterface void @_ssdm_op_SpecInterface, i1 %rxBufferReadCmd, void @empty, i32 0, i32 0, void @empty_1, i32 0, i32 0, void @empty_1, void @empty_1, void @empty_1, i32 0, i32 0, i32 0, i32 0, void @empty_1, void @empty_1, i32 4294967295, i32 0"   --->   Operation 7 'specinterface' 'specinterface_ln0' <Predicate = true> <Delay = 0.00>
ST_1 : Operation 8 [1/1] (0.00ns)   --->   "%specinterface_ln0 = specinterface void @_ssdm_op_SpecInterface, i1 %rxBufferReadCmd, void @empty, i32 0, i32 0, void @empty_1, i32 0, i32 0, void @empty_1, void @empty_1, void @empty_1, i32 0, i32 0, i32 0, i32 0, void @empty_1, void @empty_1, i32 4294967295, i32 0"   --->   Operation 8 'specinterface' 'specinterface_ln0' <Predicate = true> <Delay = 0.00>
ST_1 : Operation 9 [1/1] (0.00ns)   --->   "%specinterface_ln0 = specinterface void @_ssdm_op_SpecInterface, i1 %rxBufferReadCmd, void @empty, i32 0, i32 0, void @empty_1, i32 0, i32 0, void @empty_1, void @empty_1, void @empty_1, i32 0, i32 0, i32 0, i32 0, void @empty_1, void @empty_1, i32 4294967295, i32 0"   --->   Operation 9 'specinterface' 'specinterface_ln0' <Predicate = true> <Delay = 0.00>
ST_1 : Operation 10 [1/1] (0.00ns)   --->   "%specinterface_ln0 = specinterface void @_ssdm_op_SpecInterface, i96 %rxSar2rxApp_upd_rsp, void @empty, i32 0, i32 0, void @empty_1, i32 0, i32 0, void @empty_1, void @empty_1, void @empty_1, i32 0, i32 0, i32 0, i32 0, void @empty_1, void @empty_1, i32 4294967295, i32 0"   --->   Operation 10 'specinterface' 'specinterface_ln0' <Predicate = true> <Delay = 0.00>
ST_1 : Operation 11 [1/1] (0.00ns)   --->   "%specinterface_ln0 = specinterface void @_ssdm_op_SpecInterface, i96 %rxSar2rxApp_upd_rsp, void @empty, i32 0, i32 0, void @empty_1, i32 0, i32 0, void @empty_1, void @empty_1, void @empty_1, i32 0, i32 0, i32 0, i32 0, void @empty_1, void @empty_1, i32 4294967295, i32 0"   --->   Operation 11 'specinterface' 'specinterface_ln0' <Predicate = true> <Delay = 0.00>
ST_1 : Operation 12 [1/1] (0.00ns)   --->   "%specinterface_ln0 = specinterface void @_ssdm_op_SpecInterface, i96 %rxSar2rxApp_upd_rsp, void @empty, i32 0, i32 0, void @empty_1, i32 0, i32 0, void @empty_1, void @empty_1, void @empty_1, i32 0, i32 0, i32 0, i32 0, void @empty_1, void @empty_1, i32 4294967295, i32 0"   --->   Operation 12 'specinterface' 'specinterface_ln0' <Predicate = true> <Delay = 0.00>
ST_1 : Operation 13 [1/1] (0.00ns)   --->   "%specinterface_ln0 = specinterface void @_ssdm_op_SpecInterface, i1 %rxBufferReadCmd, void @empty, i32 0, i32 0, void @empty_1, i32 0, i32 0, void @empty_1, void @empty_1, void @empty_1, i32 0, i32 0, i32 0, i32 0, void @empty_1, void @empty_1, i32 4294967295, i32 0"   --->   Operation 13 'specinterface' 'specinterface_ln0' <Predicate = true> <Delay = 0.00>
ST_1 : Operation 14 [1/1] (0.00ns)   --->   "%specinterface_ln0 = specinterface void @_ssdm_op_SpecInterface, i96 %rxSar2rxApp_upd_rsp, void @empty, i32 0, i32 0, void @empty_1, i32 0, i32 0, void @empty_1, void @empty_1, void @empty_1, i32 0, i32 0, i32 0, i32 0, void @empty_1, void @empty_1, i32 4294967295, i32 0"   --->   Operation 14 'specinterface' 'specinterface_ln0' <Predicate = true> <Delay = 0.00>
ST_1 : Operation 15 [1/1] (0.00ns)   --->   "%specinterface_ln0 = specinterface void @_ssdm_op_SpecInterface, i96 %rxApp2rxSar_upd_req, void @empty, i32 0, i32 0, void @empty_1, i32 0, i32 0, void @empty_1, void @empty_1, void @empty_1, i32 0, i32 0, i32 0, i32 0, void @empty_1, void @empty_1, i32 4294967295, i32 0"   --->   Operation 15 'specinterface' 'specinterface_ln0' <Predicate = true> <Delay = 0.00>
ST_1 : Operation 16 [1/1] (0.00ns)   --->   "%specinterface_ln0 = specinterface void @_ssdm_op_SpecInterface, i16 %m_axis_rx_data_rsp_metadata, void @empty_5, i32 1, i32 1, void @empty_3, i32 0, i32 0, void @empty_1, void @empty_1, void @empty_1, i32 0, i32 0, i32 0, i32 0, void @empty_1, void @empty_1, i32 4294967295, i32 0"   --->   Operation 16 'specinterface' 'specinterface_ln0' <Predicate = true> <Delay = 0.00>
ST_1 : Operation 17 [1/1] (0.00ns)   --->   "%specinterface_ln0 = specinterface void @_ssdm_op_SpecInterface, i32 %s_axis_rx_data_req, void @empty_5, i32 1, i32 1, void @empty_3, i32 0, i32 0, void @empty_1, void @empty_1, void @empty_1, i32 0, i32 0, i32 0, i32 0, void @empty_1, void @empty_1, i32 4294967295, i32 0"   --->   Operation 17 'specinterface' 'specinterface_ln0' <Predicate = true> <Delay = 0.00>
ST_1 : Operation 18 [1/1] (0.00ns)   --->   "%specpipeline_ln44 = specpipeline void @_ssdm_op_SpecPipeline, i32 1, i32 0, i32 0, i32 0, void @empty_1" [/mnt/scratch/pyuvaraj/Vitis_RoCE_W/Vitis_RoCE/fpga-network-stack/hls/toe/rx_app_stream_if/rx_app_stream_if.cpp:44]   --->   Operation 18 'specpipeline' 'specpipeline_ln44' <Predicate = true> <Delay = 0.00>
ST_1 : Operation 19 [1/1] (0.00ns)   --->   "%rasi_fsmState_V_load = load i1 %rasi_fsmState_V"   --->   Operation 19 'load' 'rasi_fsmState_V_load' <Predicate = true> <Delay = 0.00>
ST_1 : Operation 20 [1/1] (0.00ns)   --->   "%br_ln60 = br i1 %rasi_fsmState_V_load, void %sw.bb.i, void %sw.bb10.i" [/mnt/scratch/pyuvaraj/Vitis_RoCE_W/Vitis_RoCE/fpga-network-stack/hls/toe/rx_app_stream_if/rx_app_stream_if.cpp:60]   --->   Operation 20 'br' 'br_ln60' <Predicate = true> <Delay = 0.00>
ST_1 : Operation 21 [1/1] (0.00ns)   --->   "%tmp_i = nbreadreq i1 @_ssdm_op_NbReadReq.axis.i32P128A, i32 %s_axis_rx_data_req, i32 1" [/tools/Xilinx/Vitis_HLS/2022.1/common/technology/autopilot/hls_stream_39.h:136]   --->   Operation 21 'nbreadreq' 'tmp_i' <Predicate = (!rasi_fsmState_V_load)> <Delay = 0.00> <CoreInst = "axis">   --->   Core 123 'axis' <Latency = 0> <II = 1> <Delay = 1.00> <Adapter> <Opcode : >
ST_1 : Operation 22 [1/1] (0.00ns)   --->   "%br_ln63 = br i1 %tmp_i, void %if.end9.i, void %if.then.i" [/mnt/scratch/pyuvaraj/Vitis_RoCE_W/Vitis_RoCE/fpga-network-stack/hls/toe/rx_app_stream_if/rx_app_stream_if.cpp:63]   --->   Operation 22 'br' 'br_ln63' <Predicate = (!rasi_fsmState_V_load)> <Delay = 0.00>
ST_1 : Operation 23 [1/1] (0.00ns)   --->   "%s_axis_rx_data_req_read = read i32 @_ssdm_op_Read.axis.volatile.i32P128A, i32 %s_axis_rx_data_req" [/tools/Xilinx/Vitis_HLS/2022.1/common/technology/autopilot/hls_stream_39.h:145]   --->   Operation 23 'read' 's_axis_rx_data_req_read' <Predicate = (!rasi_fsmState_V_load & tmp_i)> <Delay = 0.00> <CoreInst = "axis">   --->   Core 123 'axis' <Latency = 0> <II = 1> <Delay = 1.00> <Adapter> <Opcode : >
ST_1 : Operation 24 [1/1] (0.00ns)   --->   "%tmp_sessionID_V = trunc i32 %s_axis_rx_data_req_read" [/tools/Xilinx/Vitis_HLS/2022.1/common/technology/autopilot/hls_stream_39.h:145]   --->   Operation 24 'trunc' 'tmp_sessionID_V' <Predicate = (!rasi_fsmState_V_load & tmp_i)> <Delay = 0.00>
ST_1 : Operation 25 [1/1] (0.00ns)   --->   "%tmp_length_V = partselect i16 @_ssdm_op_PartSelect.i16.i32.i32.i32, i32 %s_axis_rx_data_req_read, i32 16, i32 31" [/tools/Xilinx/Vitis_HLS/2022.1/common/technology/autopilot/hls_stream_39.h:145]   --->   Operation 25 'partselect' 'tmp_length_V' <Predicate = (!rasi_fsmState_V_load & tmp_i)> <Delay = 0.00>
ST_1 : Operation 26 [1/1] (0.67ns)   --->   "%icmp_ln1069 = icmp_eq  i16 %tmp_length_V, i16 0"   --->   Operation 26 'icmp' 'icmp_ln1069' <Predicate = (!rasi_fsmState_V_load & tmp_i)> <Delay = 0.67> <CoreInst = "Cmp">   --->   Core 9 'Cmp' <Latency = 0> <II = 1> <Delay = 0.67> <FuncUnit> <Opcode : 'icmp'> <InPorts = 2> <OutPorts = 1>
ST_1 : Operation 27 [1/1] (0.00ns)   --->   "%br_ln67 = br i1 %icmp_ln1069, void %if.then6.i, void %if.end.i" [/mnt/scratch/pyuvaraj/Vitis_RoCE_W/Vitis_RoCE/fpga-network-stack/hls/toe/rx_app_stream_if/rx_app_stream_if.cpp:67]   --->   Operation 27 'br' 'br_ln67' <Predicate = (!rasi_fsmState_V_load & tmp_i)> <Delay = 0.00>
ST_1 : Operation 28 [1/1] (0.00ns)   --->   "%store_ln71 = store i16 %tmp_length_V, i16 %rasi_readLength_V" [/mnt/scratch/pyuvaraj/Vitis_RoCE_W/Vitis_RoCE/fpga-network-stack/hls/toe/rx_app_stream_if/rx_app_stream_if.cpp:71]   --->   Operation 28 'store' 'store_ln71' <Predicate = (!rasi_fsmState_V_load & tmp_i & !icmp_ln1069)> <Delay = 0.00>
ST_1 : Operation 29 [1/1] (0.38ns)   --->   "%store_ln72 = store i1 1, i1 %rasi_fsmState_V" [/mnt/scratch/pyuvaraj/Vitis_RoCE_W/Vitis_RoCE/fpga-network-stack/hls/toe/rx_app_stream_if/rx_app_stream_if.cpp:72]   --->   Operation 29 'store' 'store_ln72' <Predicate = (!rasi_fsmState_V_load & tmp_i & !icmp_ln1069)> <Delay = 0.38>
ST_1 : Operation 30 [1/1] (0.00ns)   --->   "%br_ln74 = br void %if.end9.i" [/mnt/scratch/pyuvaraj/Vitis_RoCE_W/Vitis_RoCE/fpga-network-stack/hls/toe/rx_app_stream_if/rx_app_stream_if.cpp:74]   --->   Operation 30 'br' 'br_ln74' <Predicate = (!rasi_fsmState_V_load & tmp_i)> <Delay = 0.00>
ST_1 : Operation 31 [1/1] (0.00ns)   --->   "%br_ln75 = br void %rx_app_stream_if.exit" [/mnt/scratch/pyuvaraj/Vitis_RoCE_W/Vitis_RoCE/fpga-network-stack/hls/toe/rx_app_stream_if/rx_app_stream_if.cpp:75]   --->   Operation 31 'br' 'br_ln75' <Predicate = (!rasi_fsmState_V_load)> <Delay = 0.00>
ST_1 : Operation 32 [1/1] (0.00ns)   --->   "%tmp_i_243 = nbreadreq i1 @_ssdm_op_NbReadReq.ap_fifo.i96P0A, i96 %rxSar2rxApp_upd_rsp, i32 1" [/tools/Xilinx/Vitis_HLS/2022.1/common/technology/autopilot/hls_stream_39.h:136]   --->   Operation 32 'nbreadreq' 'tmp_i_243' <Predicate = (rasi_fsmState_V_load)> <Delay = 0.00> <CoreInst = "FIFO_SRL">   --->   Core 81 'FIFO_SRL' <Latency = 0> <II = 1> <Delay = 1.40> <Storage> <Opcode : 'read' 'write' 'nbread' 'nbwrite'> <Ports = 0> <Width = 96> <Depth = 2> <FIFO>
ST_1 : Operation 33 [1/1] (0.00ns)   --->   "%br_ln77 = br i1 %tmp_i_243, void %if.end21.i, void %if.then12.i" [/mnt/scratch/pyuvaraj/Vitis_RoCE_W/Vitis_RoCE/fpga-network-stack/hls/toe/rx_app_stream_if/rx_app_stream_if.cpp:77]   --->   Operation 33 'br' 'br_ln77' <Predicate = (rasi_fsmState_V_load)> <Delay = 0.00>
ST_1 : Operation 34 [1/1] (1.16ns)   --->   "%rxSar2rxApp_upd_rsp_read = read i96 @_ssdm_op_Read.ap_fifo.volatile.i96P0A, i96 %rxSar2rxApp_upd_rsp" [/tools/Xilinx/Vitis_HLS/2022.1/common/technology/autopilot/hls_stream_39.h:145]   --->   Operation 34 'read' 'rxSar2rxApp_upd_rsp_read' <Predicate = (rasi_fsmState_V_load & tmp_i_243)> <Delay = 1.16> <CoreInst = "FIFO_SRL">   --->   Core 81 'FIFO_SRL' <Latency = 0> <II = 1> <Delay = 1.40> <Storage> <Opcode : 'read' 'write' 'nbread' 'nbwrite'> <Ports = 0> <Width = 96> <Depth = 2> <FIFO>
ST_1 : Operation 35 [1/1] (0.00ns)   --->   "%tmp_sessionID_V_4 = trunc i96 %rxSar2rxApp_upd_rsp_read" [/tools/Xilinx/Vitis_HLS/2022.1/common/technology/autopilot/hls_stream_39.h:145]   --->   Operation 35 'trunc' 'tmp_sessionID_V_4' <Predicate = (rasi_fsmState_V_load & tmp_i_243)> <Delay = 0.00>
ST_1 : Operation 36 [1/1] (0.00ns)   --->   "%tmp_appd_V = partselect i18 @_ssdm_op_PartSelect.i18.i96.i32.i32, i96 %rxSar2rxApp_upd_rsp_read, i32 32, i32 49" [/tools/Xilinx/Vitis_HLS/2022.1/common/technology/autopilot/hls_stream_39.h:145]   --->   Operation 36 'partselect' 'tmp_appd_V' <Predicate = (rasi_fsmState_V_load & tmp_i_243)> <Delay = 0.00>
ST_1 : Operation 37 [1/1] (0.00ns)   --->   "%rasi_readLength_V_load = load i16 %rasi_readLength_V"   --->   Operation 37 'load' 'rasi_readLength_V_load' <Predicate = (rasi_fsmState_V_load & tmp_i_243)> <Delay = 0.00>
ST_1 : Operation 38 [1/1] (0.00ns)   --->   "%zext_ln232 = zext i16 %rasi_readLength_V_load"   --->   Operation 38 'zext' 'zext_ln232' <Predicate = (rasi_fsmState_V_load & tmp_i_243)> <Delay = 0.00>
ST_1 : Operation 39 [1/1] (0.79ns)   --->   "%add_ln232 = add i18 %tmp_appd_V, i18 %zext_ln232"   --->   Operation 39 'add' 'add_ln232' <Predicate = (rasi_fsmState_V_load & tmp_i_243)> <Delay = 0.79> <CoreInst = "Adder">   --->   Core 1 'Adder' <Latency = 0> <II = 1> <Delay = 0.79> <FuncUnit> <Opcode : 'add' 'sub'> <InPorts = 2> <OutPorts = 1>
ST_1 : Operation 40 [1/1] (0.00ns)   --->   "%tmp_332_i = partset i96 @_ssdm_op_PartSet.i96.i96.i18.i32.i32, i96 %rxSar2rxApp_upd_rsp_read, i18 %add_ln232, i32 32, i32 49" [/tools/Xilinx/Vitis_HLS/2022.1/common/technology/autopilot/hls_stream_39.h:174]   --->   Operation 40 'partset' 'tmp_332_i' <Predicate = (rasi_fsmState_V_load & tmp_i_243)> <Delay = 0.00>
ST_1 : Operation 41 [1/1] (0.38ns)   --->   "%store_ln91 = store i1 0, i1 %rasi_fsmState_V" [/mnt/scratch/pyuvaraj/Vitis_RoCE_W/Vitis_RoCE/fpga-network-stack/hls/toe/rx_app_stream_if/rx_app_stream_if.cpp:91]   --->   Operation 41 'store' 'store_ln91' <Predicate = (rasi_fsmState_V_load & tmp_i_243)> <Delay = 0.38>
ST_1 : Operation 42 [1/1] (0.00ns)   --->   "%br_ln93 = br void %rx_app_stream_if.exit" [/mnt/scratch/pyuvaraj/Vitis_RoCE_W/Vitis_RoCE/fpga-network-stack/hls/toe/rx_app_stream_if/rx_app_stream_if.cpp:93]   --->   Operation 42 'br' 'br_ln93' <Predicate = (rasi_fsmState_V_load)> <Delay = 0.00>

State 2 <SV = 1> <Delay = 1.16>
ST_2 : Operation 43 [1/1] (0.00ns)   --->   "%zext_ln174 = zext i16 %tmp_sessionID_V" [/tools/Xilinx/Vitis_HLS/2022.1/common/technology/autopilot/hls_stream_39.h:174]   --->   Operation 43 'zext' 'zext_ln174' <Predicate = (!rasi_fsmState_V_load & tmp_i & !icmp_ln1069)> <Delay = 0.00>
ST_2 : Operation 44 [1/1] (1.16ns)   --->   "%write_ln174 = write void @_ssdm_op_Write.ap_fifo.volatile.i96P0A, i96 %rxApp2rxSar_upd_req, i96 %zext_ln174" [/tools/Xilinx/Vitis_HLS/2022.1/common/technology/autopilot/hls_stream_39.h:174]   --->   Operation 44 'write' 'write_ln174' <Predicate = (!rasi_fsmState_V_load & tmp_i & !icmp_ln1069)> <Delay = 1.16> <CoreInst = "FIFO_SRL">   --->   Core 81 'FIFO_SRL' <Latency = 0> <II = 1> <Delay = 1.40> <Storage> <Opcode : 'read' 'write' 'nbread' 'nbwrite'> <Ports = 0> <Width = 96> <Depth = 2> <FIFO>
ST_2 : Operation 45 [1/1] (0.00ns)   --->   "%br_ln73 = br void %if.end.i" [/mnt/scratch/pyuvaraj/Vitis_RoCE_W/Vitis_RoCE/fpga-network-stack/hls/toe/rx_app_stream_if/rx_app_stream_if.cpp:73]   --->   Operation 45 'br' 'br_ln73' <Predicate = (!rasi_fsmState_V_load & tmp_i & !icmp_ln1069)> <Delay = 0.00>
ST_2 : Operation 46 [2/2] (0.00ns)   --->   "%write_ln174 = write void @_ssdm_op_Write.axis.volatile.i16P128A, i16 %m_axis_rx_data_rsp_metadata, i16 %tmp_sessionID_V_4" [/tools/Xilinx/Vitis_HLS/2022.1/common/technology/autopilot/hls_stream_39.h:174]   --->   Operation 46 'write' 'write_ln174' <Predicate = (rasi_fsmState_V_load & tmp_i_243)> <Delay = 0.00> <CoreInst = "axis">   --->   Core 123 'axis' <Latency = 0> <II = 1> <Delay = 1.00> <Adapter> <Opcode : >
ST_2 : Operation 47 [1/1] (1.16ns)   --->   "%write_ln174 = write void @_ssdm_op_Write.ap_fifo.volatile.i1P0A, i1 %rxBufferReadCmd, i1 1" [/tools/Xilinx/Vitis_HLS/2022.1/common/technology/autopilot/hls_stream_39.h:174]   --->   Operation 47 'write' 'write_ln174' <Predicate = (rasi_fsmState_V_load & tmp_i_243)> <Delay = 1.16> <CoreInst = "FIFO_SRL">   --->   Core 81 'FIFO_SRL' <Latency = 0> <II = 1> <Delay = 1.35> <Storage> <Opcode : 'read' 'write' 'nbread' 'nbwrite'> <Ports = 0> <Width = 1> <Depth = 4> <FIFO>
ST_2 : Operation 48 [1/1] (0.00ns)   --->   "%tmp = bitset i96 @_ssdm_op_BitSet.i96.i96.i96.i1, i96 %tmp_332_i, i96 64, i1 1" [/tools/Xilinx/Vitis_HLS/2022.1/common/technology/autopilot/hls_stream_39.h:174]   --->   Operation 48 'bitset' 'tmp' <Predicate = (rasi_fsmState_V_load & tmp_i_243)> <Delay = 0.00>
ST_2 : Operation 49 [1/1] (1.16ns)   --->   "%write_ln174 = write void @_ssdm_op_Write.ap_fifo.volatile.i96P0A, i96 %rxApp2rxSar_upd_req, i96 %tmp" [/tools/Xilinx/Vitis_HLS/2022.1/common/technology/autopilot/hls_stream_39.h:174]   --->   Operation 49 'write' 'write_ln174' <Predicate = (rasi_fsmState_V_load & tmp_i_243)> <Delay = 1.16> <CoreInst = "FIFO_SRL">   --->   Core 81 'FIFO_SRL' <Latency = 0> <II = 1> <Delay = 1.40> <Storage> <Opcode : 'read' 'write' 'nbread' 'nbwrite'> <Ports = 0> <Width = 96> <Depth = 2> <FIFO>

State 3 <SV = 2> <Delay = 0.00>
ST_3 : Operation 50 [1/2] (0.00ns)   --->   "%write_ln174 = write void @_ssdm_op_Write.axis.volatile.i16P128A, i16 %m_axis_rx_data_rsp_metadata, i16 %tmp_sessionID_V_4" [/tools/Xilinx/Vitis_HLS/2022.1/common/technology/autopilot/hls_stream_39.h:174]   --->   Operation 50 'write' 'write_ln174' <Predicate = (rasi_fsmState_V_load & tmp_i_243)> <Delay = 0.00> <CoreInst = "axis">   --->   Core 123 'axis' <Latency = 0> <II = 1> <Delay = 1.00> <Adapter> <Opcode : >
ST_3 : Operation 51 [1/1] (0.00ns)   --->   "%br_ln92 = br void %if.end21.i" [/mnt/scratch/pyuvaraj/Vitis_RoCE_W/Vitis_RoCE/fpga-network-stack/hls/toe/rx_app_stream_if/rx_app_stream_if.cpp:92]   --->   Operation 51 'br' 'br_ln92' <Predicate = (rasi_fsmState_V_load & tmp_i_243)> <Delay = 0.00>
ST_3 : Operation 52 [1/1] (0.00ns)   --->   "%ret_ln0 = ret"   --->   Operation 52 'ret' 'ret_ln0' <Predicate = true> <Delay = 0.00>


============================================================
+ Verbose Summary: Timing violations
============================================================
Target clock period: 3.2ns, clock uncertainty: 0.864ns.

 <State 1>: 1.96ns
The critical path consists of the following:
	fifo read operation ('rxSar2rxApp_upd_rsp_read', /tools/Xilinx/Vitis_HLS/2022.1/common/technology/autopilot/hls_stream_39.h:145) on port 'rxSar2rxApp_upd_rsp' (/tools/Xilinx/Vitis_HLS/2022.1/common/technology/autopilot/hls_stream_39.h:145) [48]  (1.17 ns)
	'add' operation ('add_ln232') [55]  (0.797 ns)

 <State 2>: 1.17ns
The critical path consists of the following:
	fifo write operation ('write_ln174', /tools/Xilinx/Vitis_HLS/2022.1/common/technology/autopilot/hls_stream_39.h:174) on port 'rxApp2rxSar_upd_req' (/tools/Xilinx/Vitis_HLS/2022.1/common/technology/autopilot/hls_stream_39.h:174) [36]  (1.17 ns)

 <State 3>: 0ns
The critical path consists of the following:


============================================================
+ Verbose Summary: Binding
============================================================
N/A
* FSMD analyzer results:
  - Output states:
 - Input state : 
  - Chain level:
	State 1
	State 2
	State 3


============================================================
+ Verbose Summary: Datapath Resource usage 
============================================================
N/A
