

================================================================
== Vitis HLS Report for 'rx_app_stream_if'
================================================================
* Date:           Tue Jul 11 09:26:51 2023

* Version:        2022.1 (Build 3526262 on Mon Apr 18 15:47:01 MDT 2022)
* Project:        toe_prj
* Solution:       solution1 (Vivado IP Flow Target)
* Product family: virtexuplus
* Target device:  xcu280-fsvh2892-2L-e


================================================================
== Performance Estimates
================================================================
+ Timing: 
    * Summary: 
    +--------+---------+----------+------------+
    |  Clock |  Target | Estimated| Uncertainty|
    +--------+---------+----------+------------+
    |ap_clk  |  3.20 ns|  1.965 ns|     0.86 ns|
    +--------+---------+----------+------------+

+ Latency: 
    * Summary: 
    +---------+---------+----------+----------+-----+-----+---------+
    |  Latency (cycles) |  Latency (absolute) |  Interval | Pipeline|
    |   min   |   max   |    min   |    max   | min | max |   Type  |
    +---------+---------+----------+----------+-----+-----+---------+
    |        2|        2|  6.400 ns|  6.400 ns|    1|    1|      yes|
    +---------+---------+----------+----------+-----+-----+---------+

    + Detail: 
        * Instance: 
        N/A

        * Loop: 
        N/A



================================================================
== Utilization Estimates
================================================================
* Summary: 
+---------------------+---------+------+---------+---------+-----+
|         Name        | BRAM_18K|  DSP |    FF   |   LUT   | URAM|
+---------------------+---------+------+---------+---------+-----+
|DSP                  |        -|     -|        -|        -|    -|
|Expression           |        -|     -|        0|       74|    -|
|FIFO                 |        -|     -|        -|        -|    -|
|Instance             |        -|     -|        -|        -|    -|
|Memory               |        -|     -|        -|        -|    -|
|Multiplexer          |        -|     -|        -|       68|    -|
|Register             |        -|     -|      155|        -|    -|
+---------------------+---------+------+---------+---------+-----+
|Total                |        0|     0|      155|      142|    0|
+---------------------+---------+------+---------+---------+-----+
|Available SLR        |     1344|  3008|   869120|   434560|  320|
+---------------------+---------+------+---------+---------+-----+
|Utilization SLR (%)  |        0|     0|       ~0|       ~0|    0|
+---------------------+---------+------+---------+---------+-----+
|Available            |     4032|  9024|  2607360|  1303680|  960|
+---------------------+---------+------+---------+---------+-----+
|Utilization (%)      |        0|     0|       ~0|       ~0|    0|
+---------------------+---------+------+---------+---------+-----+

+ Detail: 
    * Instance: 
    N/A

    * DSP: 
    N/A

    * Memory: 
    N/A

    * FIFO: 
    N/A

    * Expression: 
    +----------------------------------+----------+----+---+----+------------+------------+
    |           Variable Name          | Operation| DSP| FF| LUT| Bitwidth P0| Bitwidth P1|
    +----------------------------------+----------+----+---+----+------------+------------+
    |add_ln232_fu_178_p2               |         +|   0|  0|  25|          18|          18|
    |ap_block_state2_io                |       and|   0|  0|   2|           1|           1|
    |ap_block_state3_io                |       and|   0|  0|   2|           1|           1|
    |ap_condition_192                  |       and|   0|  0|   2|           1|           1|
    |ap_condition_194                  |       and|   0|  0|   2|           1|           1|
    |ap_condition_217                  |       and|   0|  0|   2|           1|           1|
    |ap_predicate_op23_read_state1     |       and|   0|  0|   2|           1|           1|
    |ap_predicate_op34_read_state1     |       and|   0|  0|   2|           1|           1|
    |ap_predicate_op44_write_state2    |       and|   0|  0|   2|           1|           1|
    |ap_predicate_op46_write_state2    |       and|   0|  0|   2|           1|           1|
    |ap_predicate_op50_write_state3    |       and|   0|  0|   2|           1|           1|
    |tmp_i_243_nbreadreq_fu_84_p3      |       and|   0|  0|   2|           1|           0|
    |tmp_i_nbreadreq_fu_70_p3          |       and|   0|  0|   2|           1|           0|
    |icmp_ln1069_fu_138_p2             |      icmp|   0|  0|  13|          16|           1|
    |ap_block_pp0_stage0_01001         |        or|   0|  0|   2|           1|           1|
    |ap_block_pp0_stage0_11001         |        or|   0|  0|   2|           1|           1|
    |ap_block_state1_pp0_stage0_iter0  |        or|   0|  0|   2|           1|           1|
    |ap_block_state2_pp0_stage0_iter1  |        or|   0|  0|   2|           1|           1|
    |ap_block_state3_pp0_stage0_iter2  |        or|   0|  0|   2|           1|           1|
    |ap_enable_pp0                     |       xor|   0|  0|   2|           1|           2|
    +----------------------------------+----------+----+---+----+------------+------------+
    |Total                             |          |   0|  0|  74|          52|          36|
    +----------------------------------+----------+----+---+----+------------+------------+

    * Multiplexer: 
    +-----------------------------------------+----+-----------+-----+-----------+
    |                   Name                  | LUT| Input Size| Bits| Total Bits|
    +-----------------------------------------+----+-----------+-----+-----------+
    |ap_done                                  |   9|          2|    1|          2|
    |m_axis_rx_data_rsp_metadata_TDATA_blk_n  |   9|          2|    1|          2|
    |rxApp2rxSar_upd_req_blk_n                |   9|          2|    1|          2|
    |rxApp2rxSar_upd_req_din                  |  14|          3|   96|        288|
    |rxBufferReadCmd_blk_n                    |   9|          2|    1|          2|
    |rxSar2rxApp_upd_rsp_blk_n                |   9|          2|    1|          2|
    |s_axis_rx_data_req_TDATA_blk_n           |   9|          2|    1|          2|
    +-----------------------------------------+----+-----------+-----+-----------+
    |Total                                    |  68|         15|  102|        300|
    +-----------------------------------------+----+-----------+-----+-----------+

    * Register: 
    +--------------------------------------------+----+----+-----+-----------+
    |                    Name                    | FF | LUT| Bits| Const Bits|
    +--------------------------------------------+----+----+-----+-----------+
    |ap_CS_fsm                                   |   1|   0|    1|          0|
    |ap_done_reg                                 |   1|   0|    1|          0|
    |ap_enable_reg_pp0_iter1                     |   1|   0|    1|          0|
    |ap_enable_reg_pp0_iter2                     |   1|   0|    1|          0|
    |icmp_ln1069_reg_229                         |   1|   0|    1|          0|
    |rasi_fsmState_V                             |   1|   0|    1|          0|
    |rasi_fsmState_V_load_reg_216                |   1|   0|    1|          0|
    |rasi_fsmState_V_load_reg_216_pp0_iter1_reg  |   1|   0|    1|          0|
    |rasi_readLength_V                           |  16|   0|   16|          0|
    |tmp_332_i_reg_242                           |  96|   0|   96|          0|
    |tmp_i_243_reg_233                           |   1|   0|    1|          0|
    |tmp_i_243_reg_233_pp0_iter1_reg             |   1|   0|    1|          0|
    |tmp_i_reg_220                               |   1|   0|    1|          0|
    |tmp_sessionID_V_4_reg_237                   |  16|   0|   16|          0|
    |tmp_sessionID_V_reg_224                     |  16|   0|   16|          0|
    +--------------------------------------------+----+----+-----+-----------+
    |Total                                       | 155|   0|  155|          0|
    +--------------------------------------------+----+----+-----+-----------+



================================================================
== Interface
================================================================
* Summary: 
+------------------------------------+-----+-----+------------+-----------------------------+--------------+
|              RTL Ports             | Dir | Bits|  Protocol  |        Source Object        |    C Type    |
+------------------------------------+-----+-----+------------+-----------------------------+--------------+
|ap_clk                              |   in|    1|  ap_ctrl_hs|             rx_app_stream_if|  return value|
|ap_rst                              |   in|    1|  ap_ctrl_hs|             rx_app_stream_if|  return value|
|ap_start                            |   in|    1|  ap_ctrl_hs|             rx_app_stream_if|  return value|
|ap_done                             |  out|    1|  ap_ctrl_hs|             rx_app_stream_if|  return value|
|ap_continue                         |   in|    1|  ap_ctrl_hs|             rx_app_stream_if|  return value|
|ap_idle                             |  out|    1|  ap_ctrl_hs|             rx_app_stream_if|  return value|
|ap_ready                            |  out|    1|  ap_ctrl_hs|             rx_app_stream_if|  return value|
|s_axis_rx_data_req_TVALID           |   in|    1|        axis|           s_axis_rx_data_req|       pointer|
|s_axis_rx_data_req_TDATA            |   in|   32|        axis|           s_axis_rx_data_req|       pointer|
|s_axis_rx_data_req_TREADY           |  out|    1|        axis|           s_axis_rx_data_req|       pointer|
|rxSar2rxApp_upd_rsp_dout            |   in|   96|     ap_fifo|          rxSar2rxApp_upd_rsp|       pointer|
|rxSar2rxApp_upd_rsp_num_data_valid  |   in|    2|     ap_fifo|          rxSar2rxApp_upd_rsp|       pointer|
|rxSar2rxApp_upd_rsp_fifo_cap        |   in|    2|     ap_fifo|          rxSar2rxApp_upd_rsp|       pointer|
|rxSar2rxApp_upd_rsp_empty_n         |   in|    1|     ap_fifo|          rxSar2rxApp_upd_rsp|       pointer|
|rxSar2rxApp_upd_rsp_read            |  out|    1|     ap_fifo|          rxSar2rxApp_upd_rsp|       pointer|
|rxApp2rxSar_upd_req_din             |  out|   96|     ap_fifo|          rxApp2rxSar_upd_req|       pointer|
|rxApp2rxSar_upd_req_num_data_valid  |   in|    2|     ap_fifo|          rxApp2rxSar_upd_req|       pointer|
|rxApp2rxSar_upd_req_fifo_cap        |   in|    2|     ap_fifo|          rxApp2rxSar_upd_req|       pointer|
|rxApp2rxSar_upd_req_full_n          |   in|    1|     ap_fifo|          rxApp2rxSar_upd_req|       pointer|
|rxApp2rxSar_upd_req_write           |  out|    1|     ap_fifo|          rxApp2rxSar_upd_req|       pointer|
|m_axis_rx_data_rsp_metadata_TREADY  |   in|    1|        axis|  m_axis_rx_data_rsp_metadata|       pointer|
|m_axis_rx_data_rsp_metadata_TDATA   |  out|   16|        axis|  m_axis_rx_data_rsp_metadata|       pointer|
|m_axis_rx_data_rsp_metadata_TVALID  |  out|    1|        axis|  m_axis_rx_data_rsp_metadata|       pointer|
|rxBufferReadCmd_din                 |  out|    1|     ap_fifo|              rxBufferReadCmd|       pointer|
|rxBufferReadCmd_num_data_valid      |   in|    3|     ap_fifo|              rxBufferReadCmd|       pointer|
|rxBufferReadCmd_fifo_cap            |   in|    3|     ap_fifo|              rxBufferReadCmd|       pointer|
|rxBufferReadCmd_full_n              |   in|    1|     ap_fifo|              rxBufferReadCmd|       pointer|
|rxBufferReadCmd_write               |  out|    1|     ap_fifo|              rxBufferReadCmd|       pointer|
+------------------------------------+-----+-----+------------+-----------------------------+--------------+

============================================================
+ Verbose Summary: Synthesis Manager
============================================================
InlineROM: 1
ExposeGlobal: 0
============================================================
+ Verbose Summary: CDFG Model
============================================================
IsTopModel: 0
ResetActiveHigh: 1
IsCombinational: 2
IsDatapathOnly: 0
HasWiredReturn: 1
HasMFsm: 2
HasVarLatency: 0
IsPipeline: 1
IsRtlPipelined: 1
IsInstanceOverlapped: 0
IsDontTouch: 0
HasImplIP: 0
IsGatedGlobalClock: 0

+ Individual pipeline summary: 
  * Pipeline-0: initiation interval (II) = 1, depth = 3


============================================================
+ Verbose Summary: Schedule
============================================================
* Number of FSM states : 3
* Pipeline : 1
  Pipeline-0 : II = 1, D = 3, States = { 1 2 3 }
* Dataflow Pipeline: 0

* FSM state transitions: 
1 --> 2 
2 --> 3 
3 --> 

* FSM state operations: 

State 1 <SV = 0> <Delay = 1.96>
ST_1 : Operation 4 [1/1] (0.00ns)   --->   "%specinterface_ln0 = specinterface void @_ssdm_op_SpecInterface, i96 %rxApp2rxSar_upd_req, void @empty, i32 0, i32 0, void @empty_1, i32 0, i32 0, void @empty_1, void @empty_1, void @empty_1, i32 0, i32 0, i32 0, i32 0, void @empty_1, void @empty_1, i32 4294967295, i32 0"   --->   Operation 4 'specinterface' 'specinterface_ln0' <Predicate = true> <Delay = 0.00>
ST_1 : Operation 5 [1/1] (0.00ns)   --->   "%specinterface_ln0 = specinterface void @_ssdm_op_SpecInterface, i96 %rxApp2rxSar_upd_req, void @empty, i32 0, i32 0, void @empty_1, i32 0, i32 0, void @empty_1, void @empty_1, void @empty_1, i32 0, i32 0, i32 0, i32 0, void @empty_1, void @empty_1, i32 4294967295, i32 0"   --->   Operation 5 'specinterface' 'specinterface_ln0' <Predicate = true> <Delay = 0.00>
ST_1 : Operation 6 [1/1] (0.00ns)   --->   "%specinterface_ln0 = specinterface void @_ssdm_op_SpecInterface, i96 %rxApp2rxSar_upd_req, void @empty, i32 0, i32 0, void @empty_1, i32 0, i32 0, void @empty_1, void @empty_1, void @empty_1, i32 0, i32 0, i32 0, i32 0, void @empty_1, void @empty_1, i32 4294967295, i32 0"   --->   Operation 6 'specinterface' 'specinterface_ln0' <Predicate = true> <Delay = 0.00>
ST_1 : Operation 7 [1/1] (0.00ns)   --->   "%specinterface_ln0 = specinterface void @_ssdm_op_SpecInterface, i1 %rxBufferReadCmd, void @empty, i32 0, i32 0, void @empty_1, i32 0, i32 0, void @empty_1, void @empty_1, void @empty_1, i32 0, i32 0, i32 0, i32 0, void @empty_1, void @empty_1, i32 4294967295, i32 0"   --->   Operation 7 'specinterface' 'specinterface_ln0' <Predicate = true> <Delay = 0.00>
ST_1 : Operation 8 [1/1] (0.00ns)   --->   "%specinterface_ln0 = specinterface void @_ssdm_op_SpecInterface, i1 %rxBufferReadCmd, void @empty, i32 0, i32 0, void @empty_1, i32 0, i32 0, void @empty_1, void @empty_1, void @empty_1, i32 0, i32 0, i32 0, i32 0, void @empty_1, void @empty_1, i32 4294967295, i32 0"   --->   Operation 8 'specinterface' 'specinterface_ln0' <Predicate = true> <Delay = 0.00>
ST_1 : Operation 9 [1/1] (0.00ns)   --->   "%specinterface_ln0 = specinterface void @_ssdm_op_SpecInterface, i1 %rxBufferReadCmd, void @empty, i32 0, i32 0, void @empty_1, i32 0, i32 0, void @empty_1, void @empty_1, void @empty_1, i32 0, i32 0, i32 0, i32 0, void @empty_1, void @empty_1, i32 4294967295, i32 0"   --->   Operation 9 'specinterface' 'specinterface_ln0' <Predicate = true> <Delay = 0.00>
ST_1 : Operation 10 [1/1] (0.00ns)   --->   "%specinterface_ln0 = specinterface void @_ssdm_op_SpecInterface, i96 %rxSar2rxApp_upd_rsp, void @empty, i32 0, i32 0, void @empty_1, i32 0, i32 0, void @empty_1, void @empty_1, void @empty_1, i32 0, i32 0, i32 0, i32 0, void @empty_1, void @empty_1, i32 4294967295, i32 0"   --->   Operation 10 'specinterface' 'specinterface_ln0' <Predicate = true> <Delay = 0.00>
ST_1 : Operation 11 [1/1] (0.00ns)   --->   "%specinterface_ln0 = specinterface void @_ssdm_op_SpecInterface, i96 %rxSar2rxApp_upd_rsp, void @empty, i32 0, i32 0, void @empty_1, i32 0, i32 0, void @empty_1, void @empty_1, void @empty_1, i32 0, i32 0, i32 0, i32 0, void @empty_1, void @empty_1, i32 4294967295, i32 0"   --->   Operation 11 'specinterface' 'specinterface_ln0' <Predicate = true> <Delay = 0.00>
ST_1 : Operation 12 [1/1] (0.00ns)   --->   "%specinterface_ln0 = specinterface void @_ssdm_op_SpecInterface, i96 %rxSar2rxApp_upd_rsp, void @empty, i32 0, i32 0, void @empty_1, i32 0, i32 0, void @empty_1, void @empty_1, void @empty_1, i32 0, i32 0, i32 0, i32 0, void @empty_1, void @empty_1, i32 4294967295, i32 0"   --->   Operation 12 'specinterface' 'specinterface_ln0' <Predicate = true> <Delay = 0.00>
ST_1 : Operation 13 [1/1] (0.00ns)   --->   "%specinterface_ln0 = specinterface void @_ssdm_op_SpecInterface, i1 %rxBufferReadCmd, void @empty, i32 0, i32 0, void @empty_1, i32 0, i32 0, void @empty_1, void @empty_1, void @empty_1, i32 0, i32 0, i32 0, i32 0, void @empty_1, void @empty_1, i32 4294967295, i32 0"   --->   Operation 13 'specinterface' 'specinterface_ln0' <Predicate = true> <Delay = 0.00>
ST_1 : Operation 14 [1/1] (0.00ns)   --->   "%specinterface_ln0 = specinterface void @_ssdm_op_SpecInterface, i96 %rxSar2rxApp_upd_rsp, void @empty, i32 0, i32 0, void @empty_1, i32 0, i32 0, void @empty_1, void @empty_1, void @empty_1, i32 0, i32 0, i32 0, i32 0, void @empty_1, void @empty_1, i32 4294967295, i32 0"   --->   Operation 14 'specinterface' 'specinterface_ln0' <Predicate = true> <Delay = 0.00>
ST_1 : Operation 15 [1/1] (0.00ns)   --->   "%specinterface_ln0 = specinterface void @_ssdm_op_SpecInterface, i96 %rxApp2rxSar_upd_req, void @empty, i32 0, i32 0, void @empty_1, i32 0, i32 0, void @empty_1, void @empty_1, void @empty_1, i32 0, i32 0, i32 0, i32 0, void @empty_1, void @empty_1, i32 4294967295, i32 0"   --->   Operation 15 'specinterface' 'specinterface_ln0' <Predicate = true> <Delay = 0.00>
ST_1 : Operation 16 [1/1] (0.00ns)   --->   "%specinterface_ln0 = specinterface void @_ssdm_op_SpecInterface, i16 %m_axis_rx_data_rsp_metadata, void @empty_5, i32 1, i32 1, void @empty_3, i32 0, i32 0, void @empty_1, void @empty_1, void @empty_1, i32 0, i32 0, i32 0, i32 0, void @empty_1, void @empty_1, i32 4294967295, i32 0"   --->   Operation 16 'specinterface' 'specinterface_ln0' <Predicate = true> <Delay = 0.00>
ST_1 : Operation 17 [1/1] (0.00ns)   --->   "%specinterface_ln0 = specinterface void @_ssdm_op_SpecInterface, i32 %s_axis_rx_data_req, void @empty_5, i32 1, i32 1, void @empty_3, i32 0, i32 0, void @empty_1, void @empty_1, void @empty_1, i32 0, i32 0, i32 0, i32 0, void @empty_1, void @empty_1, i32 4294967295, i32 0"   --->   Operation 17 'specinterface' 'specinterface_ln0' <Predicate = true> <Delay = 0.00>
ST_1 : Operation 18 [1/1] (0.00ns)   --->   "%specpipeline_ln44 = specpipeline void @_ssdm_op_SpecPipeline, i32 1, i32 0, i32 0, i32 0, void @empty_1" [/mnt/scratch/pyuvaraj/Vitis_RoCE_W/Vitis_RoCE/fpga-network-stack/hls/toe/rx_app_stream_if/rx_app_stream_if.cpp:44]   --->   Operation 18 'specpipeline' 'specpipeline_ln44' <Predicate = true> <Delay = 0.00>
ST_1 : Operation 19 [1/1] (0.00ns)   --->   "%rasi_fsmState_V_load = load i1 %rasi_fsmState_V"   --->   Operation 19 'load' 'rasi_fsmState_V_load' <Predicate = true> <Delay = 0.00>
ST_1 : Operation 20 [1/1] (0.00ns)   --->   "%br_ln60 = br i1 %rasi_fsmState_V_load, void %sw.bb.i, void %sw.bb10.i" [/mnt/scratch/pyuvaraj/Vitis_RoCE_W/Vitis_RoCE/fpga-network-stack/hls/toe/rx_app_stream_if/rx_app_stream_if.cpp:60]   --->   Operation 20 'br' 'br_ln60' <Predicate = true> <Delay = 0.00>
ST_1 : Operation 21 [1/1] (0.00ns)   --->   "%tmp_i = nbreadreq i1 @_ssdm_op_NbReadReq.axis.i32P128A, i32 %s_axis_rx_data_req, i32 1" [/tools/Xilinx/Vitis_HLS/2022.1/common/technology/autopilot/hls_stream_39.h:136]   --->   Operation 21 'nbreadreq' 'tmp_i' <Predicate = (!rasi_fsmState_V_load)> <Delay = 0.00> <CoreInst = "axis">   --->   Core 123 'axis' <Latency = 0> <II = 1> <Delay = 1.00> <Adapter> <Opcode : >
ST_1 : Operation 22 [1/1] (0.00ns)   --->   "%br_ln63 = br i1 %tmp_i, void %if.end9.i, void %if.then.i" [/mnt/scratch/pyuvaraj/Vitis_RoCE_W/Vitis_RoCE/fpga-network-stack/hls/toe/rx_app_stream_if/rx_app_stream_if.cpp:63]   --->   Operation 22 'br' 'br_ln63' <Predicate = (!rasi_fsmState_V_load)> <Delay = 0.00>
ST_1 : Operation 23 [1/1] (0.00ns)   --->   "%s_axis_rx_data_req_read = read i32 @_ssdm_op_Read.axis.volatile.i32P128A, i32 %s_axis_rx_data_req" [/tools/Xilinx/Vitis_HLS/2022.1/common/technology/autopilot/hls_stream_39.h:145]   --->   Operation 23 'read' 's_axis_rx_data_req_read' <Predicate = (!rasi_fsmState_V_load & tmp_i)> <Delay = 0.00> <CoreInst = "axis">   --->   Core 123 'axis' <Latency = 0> <II = 1> <Delay = 1.00> <Adapter> <Opcode : >
ST_1 : Operation 24 [1/1] (0.00ns)   --->   "%tmp_sessionID_V = trunc i32 %s_axis_rx_data_req_read" [/tools/Xilinx/Vitis_HLS/2022.1/common/technology/autopilot/hls_stream_39.h:145]   --->   Operation 24 'trunc' 'tmp_sessionID_V' <Predicate = (!rasi_fsmState_V_load & tmp_i)> <Delay = 0.00>
ST_1 : Operation 25 [1/1] (0.00ns)   --->   "%tmp_length_V = partselect i16 @_ssdm_op_PartSelect.i16.i32.i32.i32, i32 %s_axis_rx_data_req_read, i32 16, i32 31" [/tools/Xilinx/Vitis_HLS/2022.1/common/technology/autopilot/hls_stream_39.h:145]   --->   Operation 25 'partselect' 'tmp_length_V' <Predicate = (!rasi_fsmState_V_load & tmp_i)> <Delay = 0.00>
ST_1 : Operation 26 [1/1] (0.67ns)   --->   "%icmp_ln1069 = icmp_eq  i16 %tmp_length_V, i16 0"   --->   Operation 26 'icmp' 'icmp_ln1069' <Predicate = (!rasi_fsmState_V_load & tmp_i)> <Delay = 0.67> <CoreInst = "Cmp">   --->   Core 9 'Cmp' <Latency = 0> <II = 1> <Delay = 0.67> <FuncUnit> <Opcode : 'icmp'> <InPorts = 2> <OutPorts = 1>
ST_1 : Operation 27 [1/1] (0.00ns)   --->   "%br_ln67 = br i1 %icmp_ln1069, void %if.then6.i, void %if.end.i" [/mnt/scratch/pyuvaraj/Vitis_RoCE_W/Vitis_RoCE/fpga-network-stack/hls/toe/rx_app_stream_if/rx_app_stream_if.cpp:67]   --->   Operation 27 'br' 'br_ln67' <Predicate = (!rasi_fsmState_V_load & tmp_i)> <Delay = 0.00>
ST_1 : Operation 28 [1/1] (0.00ns)   --->   "%store_ln71 = store i16 %tmp_length_V, i16 %rasi_readLength_V" [/mnt/scratch/pyuvaraj/Vitis_RoCE_W/Vitis_RoCE/fpga-network-stack/hls/toe/rx_app_stream_if/rx_app_stream_if.cpp:71]   --->   Operation 28 'store' 'store_ln71' <Predicate = (!rasi_fsmState_V_load & tmp_i & !icmp_ln1069)> <Delay = 0.00>
ST_1 : Operation 29 [1/1] (0.38ns)   --->   "%store_ln72 = store i1 1, i1 %rasi_fsmState_V" [/mnt/scratch/pyuvaraj/Vitis_RoCE_W/Vitis_RoCE/fpga-network-stack/hls/toe/rx_app_stream_if/rx_app_stream_if.cpp:72]   --->   Operation 29 'store' 'store_ln72' <Predicate = (!rasi_fsmState_V_load & tmp_i & !icmp_ln1069)> <Delay = 0.38>
ST_1 : Operation 30 [1/1] (0.00ns)   --->   "%br_ln74 = br void %if.end9.i" [/mnt/scratch/pyuvaraj/Vitis_RoCE_W/Vitis_RoCE/fpga-network-stack/hls/toe/rx_app_stream_if/rx_app_stream_if.cpp:74]   --->   Operation 30 'br' 'br_ln74' <Predicate = (!rasi_fsmState_V_load & tmp_i)> <Delay = 0.00>
ST_1 : Operation 31 [1/1] (0.00ns)   --->   "%br_ln75 = br void %rx_app_stream_if.exit" [/mnt/scratch/pyuvaraj/Vitis_RoCE_W/Vitis_RoCE/fpga-network-stack/hls/toe/rx_app_stream_if/rx_app_stream_if.cpp:75]   --->   Operation 31 'br' 'br_ln75' <Predicate = (!rasi_fsmState_V_load)> <Delay = 0.00>
ST_1 : Operation 32 [1/1] (0.00ns)   --->   "%tmp_i_243 = nbreadreq i1 @_ssdm_op_NbReadReq.ap_fifo.i96P0A, i96 %rxSar2rxApp_upd_rsp, i32 1" [/tools/Xilinx/Vitis_HLS/2022.1/common/technology/autopilot/hls_stream_39.h:136]   --->   Operation 32 'nbreadreq' 'tmp_i_243' <Predicate = (rasi_fsmState_V_load)> <Delay = 0.00> <CoreInst = "FIFO_SRL">   --->   Core 81 'FIFO_SRL' <Latency = 0> <II = 1> <Delay = 1.40> <Storage> <Opcode : 'read' 'write' 'nbread' 'nbwrite'> <Ports = 0> <Width = 96> <Depth = 2> <FIFO>
ST_1 : Operation 33 [1/1] (0.00ns)   --->   "%br_ln77 = br i1 %tmp_i_243, void %if.end21.i, void %if.then12.i" [/mnt/scratch/pyuvaraj/Vitis_RoCE_W/Vitis_RoCE/fpga-network-stack/hls/toe/rx_app_stream_if/rx_app_stream_if.cpp:77]   --->   Operation 33 'br' 'br_ln77' <Predicate = (rasi_fsmState_V_load)> <Delay = 0.00>
ST_1 : Operation 34 [1/1] (1.16ns)   --->   "%rxSar2rxApp_upd_rsp_read = read i96 @_ssdm_op_Read.ap_fifo.volatile.i96P0A, i96 %rxSar2rxApp_upd_rsp" [/tools/Xilinx/Vitis_HLS/2022.1/common/technology/autopilot/hls_stream_39.h:145]   --->   Operation 34 'read' 'rxSar2rxApp_upd_rsp_read' <Predicate = (rasi_fsmState_V_load & tmp_i_243)> <Delay = 1.16> <CoreInst = "FIFO_SRL">   --->   Core 81 'FIFO_SRL' <Latency = 0> <II = 1> <Delay = 1.40> <Storage> <Opcode : 'read' 'write' 'nbread' 'nbwrite'> <Ports = 0> <Width = 96> <Depth = 2> <FIFO>
ST_1 : Operation 35 [1/1] (0.00ns)   --->   "%tmp_sessionID_V_4 = trunc i96 %rxSar2rxApp_upd_rsp_read" [/tools/Xilinx/Vitis_HLS/2022.1/common/technology/autopilot/hls_stream_39.h:145]   --->   Operation 35 'trunc' 'tmp_sessionID_V_4' <Predicate = (rasi_fsmState_V_load & tmp_i_243)> <Delay = 0.00>
ST_1 : Operation 36 [1/1] (0.00ns)   --->   "%tmp_appd_V = partselect i18 @_ssdm_op_PartSelect.i18.i96.i32.i32, i96 %rxSar2rxApp_upd_rsp_read, i32 32, i32 49" [/tools/Xilinx/Vitis_HLS/2022.1/common/technology/autopilot/hls_stream_39.h:145]   --->   Operation 36 'partselect' 'tmp_appd_V' <Predicate = (rasi_fsmState_V_load & tmp_i_243)> <Delay = 0.00>
ST_1 : Operation 37 [1/1] (0.00ns)   --->   "%rasi_readLength_V_load = load i16 %rasi_readLength_V"   --->   Operation 37 'load' 'rasi_readLength_V_load' <Predicate = (rasi_fsmState_V_load & tmp_i_243)> <Delay = 0.00>
ST_1 : Operation 38 [1/1] (0.00ns)   --->   "%zext_ln232 = zext i16 %rasi_readLength_V_load"   --->   Operation 38 'zext' 'zext_ln232' <Predicate = (rasi_fsmState_V_load & tmp_i_243)> <Delay = 0.00>
ST_1 : Operation 39 [1/1] (0.79ns)   --->   "%add_ln232 = add i18 %tmp_appd_V, i18 %zext_ln232"   --->   Operation 39 'add' 'add_ln232' <Predicate = (rasi_fsmState_V_load & tmp_i_243)> <Delay = 0.79> <CoreInst = "Adder">   --->   Core 1 'Adder' <Latency = 0> <II = 1> <Delay = 0.79> <FuncUnit> <Opcode : 'add' 'sub'> <InPorts = 2> <OutPorts = 1>
ST_1 : Operation 40 [1/1] (0.00ns)   --->   "%tmp_332_i = partset i96 @_ssdm_op_PartSet.i96.i96.i18.i32.i32, i96 %rxSar2rxApp_upd_rsp_read, i18 %add_ln232, i32 32, i32 49" [/tools/Xilinx/Vitis_HLS/2022.1/common/technology/autopilot/hls_stream_39.h:174]   --->   Operation 40 'partset' 'tmp_332_i' <Predicate = (rasi_fsmState_V_load & tmp_i_243)> <Delay = 0.00>
ST_1 : Operation 41 [1/1] (0.38ns)   --->   "%store_ln91 = store i1 0, i1 %rasi_fsmState_V" [/mnt/scratch/pyuvaraj/Vitis_RoCE_W/Vitis_RoCE/fpga-network-stack/hls/toe/rx_app_stream_if/rx_app_stream_if.cpp:91]   --->   Operation 41 'store' 'store_ln91' <Predicate = (rasi_fsmState_V_load & tmp_i_243)> <Delay = 0.38>
ST_1 : Operation 42 [1/1] (0.00ns)   --->   "%br_ln93 = br void %rx_app_stream_if.exit" [/mnt/scratch/pyuvaraj/Vitis_RoCE_W/Vitis_RoCE/fpga-network-stack/hls/toe/rx_app_stream_if/rx_app_stream_if.cpp:93]   --->   Operation 42 'br' 'br_ln93' <Predicate = (rasi_fsmState_V_load)> <Delay = 0.00>

State 2 <SV = 1> <Delay = 1.16>
ST_2 : Operation 43 [1/1] (0.00ns)   --->   "%zext_ln174 = zext i16 %tmp_sessionID_V" [/tools/Xilinx/Vitis_HLS/2022.1/common/technology/autopilot/hls_stream_39.h:174]   --->   Operation 43 'zext' 'zext_ln174' <Predicate = (!rasi_fsmState_V_load & tmp_i & !icmp_ln1069)> <Delay = 0.00>
ST_2 : Operation 44 [1/1] (1.16ns)   --->   "%write_ln174 = write void @_ssdm_op_Write.ap_fifo.volatile.i96P0A, i96 %rxApp2rxSar_upd_req, i96 %zext_ln174" [/tools/Xilinx/Vitis_HLS/2022.1/common/technology/autopilot/hls_stream_39.h:174]   --->   Operation 44 'write' 'write_ln174' <Predicate = (!rasi_fsmState_V_load & tmp_i & !icmp_ln1069)> <Delay = 1.16> <CoreInst = "FIFO_SRL">   --->   Core 81 'FIFO_SRL' <Latency = 0> <II = 1> <Delay = 1.40> <Storage> <Opcode : 'read' 'write' 'nbread' 'nbwrite'> <Ports = 0> <Width = 96> <Depth = 2> <FIFO>
ST_2 : Operation 45 [1/1] (0.00ns)   --->   "%br_ln73 = br void %if.end.i" [/mnt/scratch/pyuvaraj/Vitis_RoCE_W/Vitis_RoCE/fpga-network-stack/hls/toe/rx_app_stream_if/rx_app_stream_if.cpp:73]   --->   Operation 45 'br' 'br_ln73' <Predicate = (!rasi_fsmState_V_load & tmp_i & !icmp_ln1069)> <Delay = 0.00>
ST_2 : Operation 46 [2/2] (0.00ns)   --->   "%write_ln174 = write void @_ssdm_op_Write.axis.volatile.i16P128A, i16 %m_axis_rx_data_rsp_metadata, i16 %tmp_sessionID_V_4" [/tools/Xilinx/Vitis_HLS/2022.1/common/technology/autopilot/hls_stream_39.h:174]   --->   Operation 46 'write' 'write_ln174' <Predicate = (rasi_fsmState_V_load & tmp_i_243)> <Delay = 0.00> <CoreInst = "axis">   --->   Core 123 'axis' <Latency = 0> <II = 1> <Delay = 1.00> <Adapter> <Opcode : >
ST_2 : Operation 47 [1/1] (1.16ns)   --->   "%write_ln174 = write void @_ssdm_op_Write.ap_fifo.volatile.i1P0A, i1 %rxBufferReadCmd, i1 1" [/tools/Xilinx/Vitis_HLS/2022.1/common/technology/autopilot/hls_stream_39.h:174]   --->   Operation 47 'write' 'write_ln174' <Predicate = (rasi_fsmState_V_load & tmp_i_243)> <Delay = 1.16> <CoreInst = "FIFO_SRL">   --->   Core 81 'FIFO_SRL' <Latency = 0> <II = 1> <Delay = 1.35> <Storage> <Opcode : 'read' 'write' 'nbread' 'nbwrite'> <Ports = 0> <Width = 1> <Depth = 4> <FIFO>
ST_2 : Operation 48 [1/1] (0.00ns)   --->   "%tmp = bitset i96 @_ssdm_op_BitSet.i96.i96.i96.i1, i96 %tmp_332_i, i96 64, i1 1" [/tools/Xilinx/Vitis_HLS/2022.1/common/technology/autopilot/hls_stream_39.h:174]   --->   Operation 48 'bitset' 'tmp' <Predicate = (rasi_fsmState_V_load & tmp_i_243)> <Delay = 0.00>
ST_2 : Operation 49 [1/1] (1.16ns)   --->   "%write_ln174 = write void @_ssdm_op_Write.ap_fifo.volatile.i96P0A, i96 %rxApp2rxSar_upd_req, i96 %tmp" [/tools/Xilinx/Vitis_HLS/2022.1/common/technology/autopilot/hls_stream_39.h:174]   --->   Operation 49 'write' 'write_ln174' <Predicate = (rasi_fsmState_V_load & tmp_i_243)> <Delay = 1.16> <CoreInst = "FIFO_SRL">   --->   Core 81 'FIFO_SRL' <Latency = 0> <II = 1> <Delay = 1.40> <Storage> <Opcode : 'read' 'write' 'nbread' 'nbwrite'> <Ports = 0> <Width = 96> <Depth = 2> <FIFO>

State 3 <SV = 2> <Delay = 0.00>
ST_3 : Operation 50 [1/2] (0.00ns)   --->   "%write_ln174 = write void @_ssdm_op_Write.axis.volatile.i16P128A, i16 %m_axis_rx_data_rsp_metadata, i16 %tmp_sessionID_V_4" [/tools/Xilinx/Vitis_HLS/2022.1/common/technology/autopilot/hls_stream_39.h:174]   --->   Operation 50 'write' 'write_ln174' <Predicate = (rasi_fsmState_V_load & tmp_i_243)> <Delay = 0.00> <CoreInst = "axis">   --->   Core 123 'axis' <Latency = 0> <II = 1> <Delay = 1.00> <Adapter> <Opcode : >
ST_3 : Operation 51 [1/1] (0.00ns)   --->   "%br_ln92 = br void %if.end21.i" [/mnt/scratch/pyuvaraj/Vitis_RoCE_W/Vitis_RoCE/fpga-network-stack/hls/toe/rx_app_stream_if/rx_app_stream_if.cpp:92]   --->   Operation 51 'br' 'br_ln92' <Predicate = (rasi_fsmState_V_load & tmp_i_243)> <Delay = 0.00>
ST_3 : Operation 52 [1/1] (0.00ns)   --->   "%ret_ln0 = ret"   --->   Operation 52 'ret' 'ret_ln0' <Predicate = true> <Delay = 0.00>


============================================================
+ Verbose Summary: Binding
============================================================
STG Binding: 
---------------- STG Properties BEGIN ----------------
- Is combinational: 0
- Is one-state seq: 0
- Is datapath-only: 0
- Is pipelined: 1
- Is top level: 0
Port [ Return ] is wired: 1; IO mode=ap_ctrl_hs:ce=0
Port [ s_axis_rx_data_req]:  wired=1; compound=1; hidden=0; nouse=0; global=0; static=0; extern=0; dir=0; type=0; pingpong=0; private_global=0; IO mode=axis:ce=0
Port [ m_axis_rx_data_rsp_metadata]:  wired=1; compound=1; hidden=0; nouse=0; global=0; static=0; extern=0; dir=1; type=0; pingpong=0; private_global=0; IO mode=axis:ce=0
Port [ rasi_fsmState_V]:  wired=0; compound=0; hidden=1; nouse=0; global=1; static=1; extern=0; dir=2; type=0; pingpong=0; private_global=1; IO mode=ap_ovld:ce=0
Port [ rxApp2rxSar_upd_req]:  wired=1; compound=1; hidden=0; nouse=0; global=1; static=1; extern=0; dir=1; type=3; pingpong=0; private_global=0; IO mode=ap_fifo:ce=0
Port [ rasi_readLength_V]:  wired=0; compound=0; hidden=1; nouse=0; global=1; static=1; extern=0; dir=2; type=0; pingpong=0; private_global=1; IO mode=ap_ovld:ce=0
Port [ rxSar2rxApp_upd_rsp]:  wired=1; compound=1; hidden=0; nouse=0; global=1; static=1; extern=0; dir=0; type=3; pingpong=0; private_global=0; IO mode=ap_fifo:ce=0
Port [ rxBufferReadCmd]:  wired=1; compound=1; hidden=0; nouse=0; global=1; static=1; extern=0; dir=1; type=3; pingpong=0; private_global=0; IO mode=ap_fifo:ce=0
---------------- STG Properties END ------------------

---------------- Datapath Model BEGIN ----------------

<LifeTime>
<method=bitvector/>
specinterface_ln0        (specinterface) [ 0000]
specinterface_ln0        (specinterface) [ 0000]
specinterface_ln0        (specinterface) [ 0000]
specinterface_ln0        (specinterface) [ 0000]
specinterface_ln0        (specinterface) [ 0000]
specinterface_ln0        (specinterface) [ 0000]
specinterface_ln0        (specinterface) [ 0000]
specinterface_ln0        (specinterface) [ 0000]
specinterface_ln0        (specinterface) [ 0000]
specinterface_ln0        (specinterface) [ 0000]
specinterface_ln0        (specinterface) [ 0000]
specinterface_ln0        (specinterface) [ 0000]
specinterface_ln0        (specinterface) [ 0000]
specinterface_ln0        (specinterface) [ 0000]
specpipeline_ln44        (specpipeline ) [ 0000]
rasi_fsmState_V_load     (load         ) [ 0111]
br_ln60                  (br           ) [ 0000]
tmp_i                    (nbreadreq    ) [ 0110]
br_ln63                  (br           ) [ 0000]
s_axis_rx_data_req_read  (read         ) [ 0000]
tmp_sessionID_V          (trunc        ) [ 0110]
tmp_length_V             (partselect   ) [ 0000]
icmp_ln1069              (icmp         ) [ 0110]
br_ln67                  (br           ) [ 0000]
store_ln71               (store        ) [ 0000]
store_ln72               (store        ) [ 0000]
br_ln74                  (br           ) [ 0000]
br_ln75                  (br           ) [ 0000]
tmp_i_243                (nbreadreq    ) [ 0111]
br_ln77                  (br           ) [ 0000]
rxSar2rxApp_upd_rsp_read (read         ) [ 0000]
tmp_sessionID_V_4        (trunc        ) [ 0111]
tmp_appd_V               (partselect   ) [ 0000]
rasi_readLength_V_load   (load         ) [ 0000]
zext_ln232               (zext         ) [ 0000]
add_ln232                (add          ) [ 0000]
tmp_332_i                (partset      ) [ 0110]
store_ln91               (store        ) [ 0000]
br_ln93                  (br           ) [ 0000]
zext_ln174               (zext         ) [ 0000]
write_ln174              (write        ) [ 0000]
br_ln73                  (br           ) [ 0000]
write_ln174              (write        ) [ 0000]
tmp                      (bitset       ) [ 0000]
write_ln174              (write        ) [ 0000]
write_ln174              (write        ) [ 0000]
br_ln92                  (br           ) [ 0000]
ret_ln0                  (ret          ) [ 0000]
</LifeTime>

<model>

<comp_list>
<comp id="0" class="1000" name="s_axis_rx_data_req">
<pin_list>
<pin id="1" dir="1" index="0" bw="1" slack="0"/>
</pin_list>
<bind>
<StgValue><ssdm name="s_axis_rx_data_req"/></StgValue>
</bind>
</comp>

<comp id="2" class="1000" name="m_axis_rx_data_rsp_metadata">
<pin_list>
<pin id="3" dir="1" index="0" bw="1" slack="0"/>
</pin_list>
<bind>
<StgValue><ssdm name="m_axis_rx_data_rsp_metadata"/></StgValue>
</bind>
</comp>

<comp id="4" class="1000" name="rasi_fsmState_V">
<pin_list>
<pin id="5" dir="1" index="0" bw="1" slack="0"/>
</pin_list>
<bind>
<StgValue><ssdm name="rasi_fsmState_V"/></StgValue>
</bind>
</comp>

<comp id="6" class="1000" name="rxApp2rxSar_upd_req">
<pin_list>
<pin id="7" dir="1" index="0" bw="1" slack="0"/>
</pin_list>
<bind>
<StgValue><ssdm name="rxApp2rxSar_upd_req"/></StgValue>
</bind>
</comp>

<comp id="8" class="1000" name="rasi_readLength_V">
<pin_list>
<pin id="9" dir="1" index="0" bw="1" slack="0"/>
</pin_list>
<bind>
<StgValue><ssdm name="rasi_readLength_V"/></StgValue>
</bind>
</comp>

<comp id="10" class="1000" name="rxSar2rxApp_upd_rsp">
<pin_list>
<pin id="11" dir="1" index="0" bw="1" slack="0"/>
</pin_list>
<bind>
<StgValue><ssdm name="rxSar2rxApp_upd_rsp"/></StgValue>
</bind>
</comp>

<comp id="12" class="1000" name="rxBufferReadCmd">
<pin_list>
<pin id="13" dir="1" index="0" bw="1" slack="0"/>
</pin_list>
<bind>
<StgValue><ssdm name="rxBufferReadCmd"/></StgValue>
</bind>
</comp>

<comp id="14" class="1001" name="const_14">
<pin_list>
<pin id="15" dir="1" index="0" bw="1" slack="2147483647"/>
</pin_list>
<bind>
<StgValue><ssdm name="_ssdm_op_SpecInterface"/></StgValue>
</bind>
</comp>

<comp id="16" class="1001" name="const_16">
<pin_list>
<pin id="17" dir="1" index="0" bw="1" slack="2147483647"/>
</pin_list>
<bind>
<StgValue><ssdm name="empty"/></StgValue>
</bind>
</comp>

<comp id="18" class="1001" name="const_18">
<pin_list>
<pin id="19" dir="1" index="0" bw="1" slack="2147483647"/>
</pin_list>
<bind>
<StgValue><ssdm name=""/></StgValue>
</bind>
</comp>

<comp id="20" class="1001" name="const_20">
<pin_list>
<pin id="21" dir="1" index="0" bw="1" slack="2147483647"/>
</pin_list>
<bind>
<StgValue><ssdm name="empty_1"/></StgValue>
</bind>
</comp>

<comp id="22" class="1001" name="const_22">
<pin_list>
<pin id="23" dir="1" index="0" bw="1" slack="2147483647"/>
</pin_list>
<bind>
<StgValue><ssdm name=""/></StgValue>
</bind>
</comp>

<comp id="24" class="1001" name="const_24">
<pin_list>
<pin id="25" dir="1" index="0" bw="1" slack="2147483647"/>
</pin_list>
<bind>
<StgValue><ssdm name="empty_5"/></StgValue>
</bind>
</comp>

<comp id="26" class="1001" name="const_26">
<pin_list>
<pin id="27" dir="1" index="0" bw="1" slack="0"/>
</pin_list>
<bind>
<StgValue><ssdm name=""/></StgValue>
</bind>
</comp>

<comp id="28" class="1001" name="const_28">
<pin_list>
<pin id="29" dir="1" index="0" bw="1" slack="2147483647"/>
</pin_list>
<bind>
<StgValue><ssdm name="empty_3"/></StgValue>
</bind>
</comp>

<comp id="30" class="1001" name="const_30">
<pin_list>
<pin id="31" dir="1" index="0" bw="1" slack="2147483647"/>
</pin_list>
<bind>
<StgValue><ssdm name="_ssdm_op_SpecPipeline"/></StgValue>
</bind>
</comp>

<comp id="32" class="1001" name="const_32">
<pin_list>
<pin id="33" dir="1" index="0" bw="1" slack="0"/>
</pin_list>
<bind>
<StgValue><ssdm name="_ssdm_op_NbReadReq.axis.i32P128A"/></StgValue>
</bind>
</comp>

<comp id="34" class="1001" name="const_34">
<pin_list>
<pin id="35" dir="1" index="0" bw="1" slack="0"/>
</pin_list>
<bind>
<StgValue><ssdm name="_ssdm_op_Read.axis.volatile.i32P128A"/></StgValue>
</bind>
</comp>

<comp id="36" class="1001" name="const_36">
<pin_list>
<pin id="37" dir="1" index="0" bw="1" slack="0"/>
</pin_list>
<bind>
<StgValue><ssdm name="_ssdm_op_PartSelect.i16.i32.i32.i32"/></StgValue>
</bind>
</comp>

<comp id="38" class="1001" name="const_38">
<pin_list>
<pin id="39" dir="1" index="0" bw="1" slack="0"/>
</pin_list>
<bind>
<StgValue><ssdm name=""/></StgValue>
</bind>
</comp>

<comp id="40" class="1001" name="const_40">
<pin_list>
<pin id="41" dir="1" index="0" bw="1" slack="0"/>
</pin_list>
<bind>
<StgValue><ssdm name=""/></StgValue>
</bind>
</comp>

<comp id="42" class="1001" name="const_42">
<pin_list>
<pin id="43" dir="1" index="0" bw="1" slack="0"/>
</pin_list>
<bind>
<StgValue><ssdm name=""/></StgValue>
</bind>
</comp>

<comp id="44" class="1001" name="const_44">
<pin_list>
<pin id="45" dir="1" index="0" bw="1" slack="0"/>
</pin_list>
<bind>
<StgValue><ssdm name=""/></StgValue>
</bind>
</comp>

<comp id="46" class="1001" name="const_46">
<pin_list>
<pin id="47" dir="1" index="0" bw="1" slack="0"/>
</pin_list>
<bind>
<StgValue><ssdm name="_ssdm_op_NbReadReq.ap_fifo.i96P0A"/></StgValue>
</bind>
</comp>

<comp id="48" class="1001" name="const_48">
<pin_list>
<pin id="49" dir="1" index="0" bw="1" slack="0"/>
</pin_list>
<bind>
<StgValue><ssdm name="_ssdm_op_Read.ap_fifo.volatile.i96P0A"/></StgValue>
</bind>
</comp>

<comp id="50" class="1001" name="const_50">
<pin_list>
<pin id="51" dir="1" index="0" bw="1" slack="0"/>
</pin_list>
<bind>
<StgValue><ssdm name="_ssdm_op_PartSelect.i18.i96.i32.i32"/></StgValue>
</bind>
</comp>

<comp id="52" class="1001" name="const_52">
<pin_list>
<pin id="53" dir="1" index="0" bw="1" slack="0"/>
</pin_list>
<bind>
<StgValue><ssdm name=""/></StgValue>
</bind>
</comp>

<comp id="54" class="1001" name="const_54">
<pin_list>
<pin id="55" dir="1" index="0" bw="1" slack="0"/>
</pin_list>
<bind>
<StgValue><ssdm name=""/></StgValue>
</bind>
</comp>

<comp id="56" class="1001" name="const_56">
<pin_list>
<pin id="57" dir="1" index="0" bw="1" slack="0"/>
</pin_list>
<bind>
<StgValue><ssdm name="_ssdm_op_PartSet.i96.i96.i18.i32.i32"/></StgValue>
</bind>
</comp>

<comp id="58" class="1001" name="const_58">
<pin_list>
<pin id="59" dir="1" index="0" bw="1" slack="0"/>
</pin_list>
<bind>
<StgValue><ssdm name=""/></StgValue>
</bind>
</comp>

<comp id="60" class="1001" name="const_60">
<pin_list>
<pin id="61" dir="1" index="0" bw="1" slack="0"/>
</pin_list>
<bind>
<StgValue><ssdm name="_ssdm_op_Write.ap_fifo.volatile.i96P0A"/></StgValue>
</bind>
</comp>

<comp id="62" class="1001" name="const_62">
<pin_list>
<pin id="63" dir="1" index="0" bw="1" slack="0"/>
</pin_list>
<bind>
<StgValue><ssdm name="_ssdm_op_Write.axis.volatile.i16P128A"/></StgValue>
</bind>
</comp>

<comp id="64" class="1001" name="const_64">
<pin_list>
<pin id="65" dir="1" index="0" bw="1" slack="0"/>
</pin_list>
<bind>
<StgValue><ssdm name="_ssdm_op_Write.ap_fifo.volatile.i1P0A"/></StgValue>
</bind>
</comp>

<comp id="66" class="1001" name="const_66">
<pin_list>
<pin id="67" dir="1" index="0" bw="1" slack="0"/>
</pin_list>
<bind>
<StgValue><ssdm name="_ssdm_op_BitSet.i96.i96.i96.i1"/></StgValue>
</bind>
</comp>

<comp id="68" class="1001" name="const_68">
<pin_list>
<pin id="69" dir="1" index="0" bw="1" slack="0"/>
</pin_list>
<bind>
<StgValue><ssdm name=""/></StgValue>
</bind>
</comp>

<comp id="70" class="1004" name="tmp_i_nbreadreq_fu_70">
<pin_list>
<pin id="71" dir="0" index="0" bw="1" slack="0"/>
<pin id="72" dir="0" index="1" bw="32" slack="0"/>
<pin id="73" dir="0" index="2" bw="1" slack="0"/>
<pin id="74" dir="1" index="3" bw="1" slack="1"/>
</pin_list>
<bind>
<opcode="nbreadreq(1156) " fcode="nbreadreq"/>
<opset="tmp_i/1 "/>
</bind>
</comp>

<comp id="78" class="1004" name="s_axis_rx_data_req_read_read_fu_78">
<pin_list>
<pin id="79" dir="0" index="0" bw="32" slack="0"/>
<pin id="80" dir="0" index="1" bw="32" slack="0"/>
<pin id="81" dir="1" index="2" bw="32" slack="0"/>
</pin_list>
<bind>
<opcode="read(1150) " fcode="read"/>
<opset="s_axis_rx_data_req_read/1 "/>
</bind>
</comp>

<comp id="84" class="1004" name="tmp_i_243_nbreadreq_fu_84">
<pin_list>
<pin id="85" dir="0" index="0" bw="1" slack="0"/>
<pin id="86" dir="0" index="1" bw="96" slack="0"/>
<pin id="87" dir="0" index="2" bw="1" slack="0"/>
<pin id="88" dir="1" index="3" bw="1" slack="1"/>
</pin_list>
<bind>
<opcode="nbreadreq(1156) " fcode="nbreadreq"/>
<opset="tmp_i_243/1 "/>
</bind>
</comp>

<comp id="92" class="1004" name="rxSar2rxApp_upd_rsp_read_read_fu_92">
<pin_list>
<pin id="93" dir="0" index="0" bw="96" slack="0"/>
<pin id="94" dir="0" index="1" bw="96" slack="0"/>
<pin id="95" dir="1" index="2" bw="96" slack="0"/>
</pin_list>
<bind>
<opcode="read(1150) " fcode="read"/>
<opset="rxSar2rxApp_upd_rsp_read/1 "/>
</bind>
</comp>

<comp id="98" class="1004" name="grp_write_fu_98">
<pin_list>
<pin id="99" dir="0" index="0" bw="0" slack="0"/>
<pin id="100" dir="0" index="1" bw="96" slack="0"/>
<pin id="101" dir="0" index="2" bw="96" slack="0"/>
<pin id="102" dir="1" index="3" bw="0" slack="2147483647"/>
</pin_list>
<bind>
<opcode="write(1151) " fcode="write"/>
<opset="write_ln174/2 write_ln174/2 "/>
</bind>
</comp>

<comp id="105" class="1004" name="grp_write_fu_105">
<pin_list>
<pin id="106" dir="0" index="0" bw="0" slack="0"/>
<pin id="107" dir="0" index="1" bw="16" slack="0"/>
<pin id="108" dir="0" index="2" bw="16" slack="1"/>
<pin id="109" dir="1" index="3" bw="0" slack="2147483647"/>
</pin_list>
<bind>
<opcode="write(1151) " fcode="write"/>
<opset="write_ln174/2 "/>
</bind>
</comp>

<comp id="112" class="1004" name="write_ln174_write_fu_112">
<pin_list>
<pin id="113" dir="0" index="0" bw="0" slack="0"/>
<pin id="114" dir="0" index="1" bw="1" slack="0"/>
<pin id="115" dir="0" index="2" bw="1" slack="0"/>
<pin id="116" dir="1" index="3" bw="0" slack="2147483647"/>
</pin_list>
<bind>
<opcode="write(1151) " fcode="write"/>
<opset="write_ln174/2 "/>
</bind>
</comp>

<comp id="120" class="1004" name="rasi_fsmState_V_load_load_fu_120">
<pin_list>
<pin id="121" dir="0" index="0" bw="1" slack="0"/>
<pin id="122" dir="1" index="1" bw="1" slack="1"/>
</pin_list>
<bind>
<opcode="load(27) " fcode="load"/>
<opset="rasi_fsmState_V_load/1 "/>
</bind>
</comp>

<comp id="124" class="1004" name="tmp_sessionID_V_fu_124">
<pin_list>
<pin id="125" dir="0" index="0" bw="32" slack="0"/>
<pin id="126" dir="1" index="1" bw="16" slack="1"/>
</pin_list>
<bind>
<opcode="trunc(33) " fcode="trunc"/>
<opset="tmp_sessionID_V/1 "/>
</bind>
</comp>

<comp id="128" class="1004" name="tmp_length_V_fu_128">
<pin_list>
<pin id="129" dir="0" index="0" bw="16" slack="0"/>
<pin id="130" dir="0" index="1" bw="32" slack="0"/>
<pin id="131" dir="0" index="2" bw="6" slack="0"/>
<pin id="132" dir="0" index="3" bw="6" slack="0"/>
<pin id="133" dir="1" index="4" bw="16" slack="0"/>
</pin_list>
<bind>
<opcode="partselect(1002) " fcode="partselect"/>
<opset="tmp_length_V/1 "/>
</bind>
</comp>

<comp id="138" class="1004" name="icmp_ln1069_fu_138">
<pin_list>
<pin id="139" dir="0" index="0" bw="16" slack="0"/>
<pin id="140" dir="0" index="1" bw="16" slack="0"/>
<pin id="141" dir="1" index="2" bw="1" slack="1"/>
</pin_list>
<bind>
<opcode="icmp(45) " fcode="icmp"/>
<opset="icmp_ln1069/1 "/>
</bind>
</comp>

<comp id="144" class="1004" name="store_ln71_store_fu_144">
<pin_list>
<pin id="145" dir="0" index="0" bw="16" slack="0"/>
<pin id="146" dir="0" index="1" bw="16" slack="0"/>
<pin id="147" dir="1" index="2" bw="0" slack="2147483647"/>
</pin_list>
<bind>
<opcode="store(28) " fcode="store"/>
<opset="store_ln71/1 "/>
</bind>
</comp>

<comp id="150" class="1004" name="store_ln72_store_fu_150">
<pin_list>
<pin id="151" dir="0" index="0" bw="1" slack="0"/>
<pin id="152" dir="0" index="1" bw="1" slack="0"/>
<pin id="153" dir="1" index="2" bw="0" slack="2147483647"/>
</pin_list>
<bind>
<opcode="store(28) " fcode="store"/>
<opset="store_ln72/1 "/>
</bind>
</comp>

<comp id="156" class="1004" name="tmp_sessionID_V_4_fu_156">
<pin_list>
<pin id="157" dir="0" index="0" bw="96" slack="0"/>
<pin id="158" dir="1" index="1" bw="16" slack="1"/>
</pin_list>
<bind>
<opcode="trunc(33) " fcode="trunc"/>
<opset="tmp_sessionID_V_4/1 "/>
</bind>
</comp>

<comp id="160" class="1004" name="tmp_appd_V_fu_160">
<pin_list>
<pin id="161" dir="0" index="0" bw="18" slack="0"/>
<pin id="162" dir="0" index="1" bw="96" slack="0"/>
<pin id="163" dir="0" index="2" bw="7" slack="0"/>
<pin id="164" dir="0" index="3" bw="7" slack="0"/>
<pin id="165" dir="1" index="4" bw="18" slack="0"/>
</pin_list>
<bind>
<opcode="partselect(1002) " fcode="partselect"/>
<opset="tmp_appd_V/1 "/>
</bind>
</comp>

<comp id="170" class="1004" name="rasi_readLength_V_load_load_fu_170">
<pin_list>
<pin id="171" dir="0" index="0" bw="16" slack="0"/>
<pin id="172" dir="1" index="1" bw="16" slack="0"/>
</pin_list>
<bind>
<opcode="load(27) " fcode="load"/>
<opset="rasi_readLength_V_load/1 "/>
</bind>
</comp>

<comp id="174" class="1004" name="zext_ln232_fu_174">
<pin_list>
<pin id="175" dir="0" index="0" bw="16" slack="0"/>
<pin id="176" dir="1" index="1" bw="18" slack="0"/>
</pin_list>
<bind>
<opcode="zext(34) " fcode="zext"/>
<opset="zext_ln232/1 "/>
</bind>
</comp>

<comp id="178" class="1004" name="add_ln232_fu_178">
<pin_list>
<pin id="179" dir="0" index="0" bw="18" slack="0"/>
<pin id="180" dir="0" index="1" bw="16" slack="0"/>
<pin id="181" dir="1" index="2" bw="18" slack="0"/>
</pin_list>
<bind>
<opcode="add(8) " fcode="add"/>
<opset="add_ln232/1 "/>
</bind>
</comp>

<comp id="184" class="1004" name="tmp_332_i_fu_184">
<pin_list>
<pin id="185" dir="0" index="0" bw="96" slack="0"/>
<pin id="186" dir="0" index="1" bw="96" slack="0"/>
<pin id="187" dir="0" index="2" bw="18" slack="0"/>
<pin id="188" dir="0" index="3" bw="7" slack="0"/>
<pin id="189" dir="0" index="4" bw="7" slack="0"/>
<pin id="190" dir="1" index="5" bw="96" slack="1"/>
</pin_list>
<bind>
<opcode="partset(1003) " fcode="partset"/>
<opset="tmp_332_i/1 "/>
</bind>
</comp>

<comp id="196" class="1004" name="store_ln91_store_fu_196">
<pin_list>
<pin id="197" dir="0" index="0" bw="1" slack="0"/>
<pin id="198" dir="0" index="1" bw="1" slack="0"/>
<pin id="199" dir="1" index="2" bw="0" slack="2147483647"/>
</pin_list>
<bind>
<opcode="store(28) " fcode="store"/>
<opset="store_ln91/1 "/>
</bind>
</comp>

<comp id="202" class="1004" name="zext_ln174_fu_202">
<pin_list>
<pin id="203" dir="0" index="0" bw="16" slack="1"/>
<pin id="204" dir="1" index="1" bw="96" slack="0"/>
</pin_list>
<bind>
<opcode="zext(34) " fcode="zext"/>
<opset="zext_ln174/2 "/>
</bind>
</comp>

<comp id="206" class="1004" name="tmp_fu_206">
<pin_list>
<pin id="207" dir="0" index="0" bw="96" slack="0"/>
<pin id="208" dir="0" index="1" bw="96" slack="1"/>
<pin id="209" dir="0" index="2" bw="8" slack="0"/>
<pin id="210" dir="0" index="3" bw="1" slack="0"/>
<pin id="211" dir="1" index="4" bw="96" slack="0"/>
</pin_list>
<bind>
<opcode="bitset(1001) " fcode="bitset"/>
<opset="tmp/2 "/>
</bind>
</comp>

<comp id="216" class="1005" name="rasi_fsmState_V_load_reg_216">
<pin_list>
<pin id="217" dir="0" index="0" bw="1" slack="1"/>
<pin id="218" dir="1" index="1" bw="1" slack="2147483647"/>
</pin_list>
<bind>
<opset="rasi_fsmState_V_load "/>
</bind>
</comp>

<comp id="220" class="1005" name="tmp_i_reg_220">
<pin_list>
<pin id="221" dir="0" index="0" bw="1" slack="1"/>
<pin id="222" dir="1" index="1" bw="1" slack="2147483647"/>
</pin_list>
<bind>
<opset="tmp_i "/>
</bind>
</comp>

<comp id="224" class="1005" name="tmp_sessionID_V_reg_224">
<pin_list>
<pin id="225" dir="0" index="0" bw="16" slack="1"/>
<pin id="226" dir="1" index="1" bw="16" slack="1"/>
</pin_list>
<bind>
<opset="tmp_sessionID_V "/>
</bind>
</comp>

<comp id="229" class="1005" name="icmp_ln1069_reg_229">
<pin_list>
<pin id="230" dir="0" index="0" bw="1" slack="1"/>
<pin id="231" dir="1" index="1" bw="1" slack="2147483647"/>
</pin_list>
<bind>
<opset="icmp_ln1069 "/>
</bind>
</comp>

<comp id="233" class="1005" name="tmp_i_243_reg_233">
<pin_list>
<pin id="234" dir="0" index="0" bw="1" slack="1"/>
<pin id="235" dir="1" index="1" bw="1" slack="2147483647"/>
</pin_list>
<bind>
<opset="tmp_i_243 "/>
</bind>
</comp>

<comp id="237" class="1005" name="tmp_sessionID_V_4_reg_237">
<pin_list>
<pin id="238" dir="0" index="0" bw="16" slack="1"/>
<pin id="239" dir="1" index="1" bw="16" slack="1"/>
</pin_list>
<bind>
<opset="tmp_sessionID_V_4 "/>
</bind>
</comp>

<comp id="242" class="1005" name="tmp_332_i_reg_242">
<pin_list>
<pin id="243" dir="0" index="0" bw="96" slack="1"/>
<pin id="244" dir="1" index="1" bw="96" slack="1"/>
</pin_list>
<bind>
<opset="tmp_332_i "/>
</bind>
</comp>

</comp_list>

<net_list>
<net id="75"><net_src comp="32" pin="0"/><net_sink comp="70" pin=0"/></net>

<net id="76"><net_src comp="0" pin="0"/><net_sink comp="70" pin=1"/></net>

<net id="77"><net_src comp="26" pin="0"/><net_sink comp="70" pin=2"/></net>

<net id="82"><net_src comp="34" pin="0"/><net_sink comp="78" pin=0"/></net>

<net id="83"><net_src comp="0" pin="0"/><net_sink comp="78" pin=1"/></net>

<net id="89"><net_src comp="46" pin="0"/><net_sink comp="84" pin=0"/></net>

<net id="90"><net_src comp="10" pin="0"/><net_sink comp="84" pin=1"/></net>

<net id="91"><net_src comp="26" pin="0"/><net_sink comp="84" pin=2"/></net>

<net id="96"><net_src comp="48" pin="0"/><net_sink comp="92" pin=0"/></net>

<net id="97"><net_src comp="10" pin="0"/><net_sink comp="92" pin=1"/></net>

<net id="103"><net_src comp="60" pin="0"/><net_sink comp="98" pin=0"/></net>

<net id="104"><net_src comp="6" pin="0"/><net_sink comp="98" pin=1"/></net>

<net id="110"><net_src comp="62" pin="0"/><net_sink comp="105" pin=0"/></net>

<net id="111"><net_src comp="2" pin="0"/><net_sink comp="105" pin=1"/></net>

<net id="117"><net_src comp="64" pin="0"/><net_sink comp="112" pin=0"/></net>

<net id="118"><net_src comp="12" pin="0"/><net_sink comp="112" pin=1"/></net>

<net id="119"><net_src comp="44" pin="0"/><net_sink comp="112" pin=2"/></net>

<net id="123"><net_src comp="4" pin="0"/><net_sink comp="120" pin=0"/></net>

<net id="127"><net_src comp="78" pin="2"/><net_sink comp="124" pin=0"/></net>

<net id="134"><net_src comp="36" pin="0"/><net_sink comp="128" pin=0"/></net>

<net id="135"><net_src comp="78" pin="2"/><net_sink comp="128" pin=1"/></net>

<net id="136"><net_src comp="38" pin="0"/><net_sink comp="128" pin=2"/></net>

<net id="137"><net_src comp="40" pin="0"/><net_sink comp="128" pin=3"/></net>

<net id="142"><net_src comp="128" pin="4"/><net_sink comp="138" pin=0"/></net>

<net id="143"><net_src comp="42" pin="0"/><net_sink comp="138" pin=1"/></net>

<net id="148"><net_src comp="128" pin="4"/><net_sink comp="144" pin=0"/></net>

<net id="149"><net_src comp="8" pin="0"/><net_sink comp="144" pin=1"/></net>

<net id="154"><net_src comp="44" pin="0"/><net_sink comp="150" pin=0"/></net>

<net id="155"><net_src comp="4" pin="0"/><net_sink comp="150" pin=1"/></net>

<net id="159"><net_src comp="92" pin="2"/><net_sink comp="156" pin=0"/></net>

<net id="166"><net_src comp="50" pin="0"/><net_sink comp="160" pin=0"/></net>

<net id="167"><net_src comp="92" pin="2"/><net_sink comp="160" pin=1"/></net>

<net id="168"><net_src comp="52" pin="0"/><net_sink comp="160" pin=2"/></net>

<net id="169"><net_src comp="54" pin="0"/><net_sink comp="160" pin=3"/></net>

<net id="173"><net_src comp="8" pin="0"/><net_sink comp="170" pin=0"/></net>

<net id="177"><net_src comp="170" pin="1"/><net_sink comp="174" pin=0"/></net>

<net id="182"><net_src comp="160" pin="4"/><net_sink comp="178" pin=0"/></net>

<net id="183"><net_src comp="174" pin="1"/><net_sink comp="178" pin=1"/></net>

<net id="191"><net_src comp="56" pin="0"/><net_sink comp="184" pin=0"/></net>

<net id="192"><net_src comp="92" pin="2"/><net_sink comp="184" pin=1"/></net>

<net id="193"><net_src comp="178" pin="2"/><net_sink comp="184" pin=2"/></net>

<net id="194"><net_src comp="52" pin="0"/><net_sink comp="184" pin=3"/></net>

<net id="195"><net_src comp="54" pin="0"/><net_sink comp="184" pin=4"/></net>

<net id="200"><net_src comp="58" pin="0"/><net_sink comp="196" pin=0"/></net>

<net id="201"><net_src comp="4" pin="0"/><net_sink comp="196" pin=1"/></net>

<net id="205"><net_src comp="202" pin="1"/><net_sink comp="98" pin=2"/></net>

<net id="212"><net_src comp="66" pin="0"/><net_sink comp="206" pin=0"/></net>

<net id="213"><net_src comp="68" pin="0"/><net_sink comp="206" pin=2"/></net>

<net id="214"><net_src comp="44" pin="0"/><net_sink comp="206" pin=3"/></net>

<net id="215"><net_src comp="206" pin="4"/><net_sink comp="98" pin=2"/></net>

<net id="219"><net_src comp="120" pin="1"/><net_sink comp="216" pin=0"/></net>

<net id="223"><net_src comp="70" pin="3"/><net_sink comp="220" pin=0"/></net>

<net id="227"><net_src comp="124" pin="1"/><net_sink comp="224" pin=0"/></net>

<net id="228"><net_src comp="224" pin="1"/><net_sink comp="202" pin=0"/></net>

<net id="232"><net_src comp="138" pin="2"/><net_sink comp="229" pin=0"/></net>

<net id="236"><net_src comp="84" pin="3"/><net_sink comp="233" pin=0"/></net>

<net id="240"><net_src comp="156" pin="1"/><net_sink comp="237" pin=0"/></net>

<net id="241"><net_src comp="237" pin="1"/><net_sink comp="105" pin=2"/></net>

<net id="245"><net_src comp="184" pin="5"/><net_sink comp="242" pin=0"/></net>

<net id="246"><net_src comp="242" pin="1"/><net_sink comp="206" pin=1"/></net>

</net_list>

</model> 
---------------- Datapath Model END ------------------

* FSMD analyzer results:
  - Output states:
	Port: s_axis_rx_data_req | {}
	Port: m_axis_rx_data_rsp_metadata | {3 }
	Port: rasi_fsmState_V | {1 }
	Port: rxApp2rxSar_upd_req | {2 }
	Port: rasi_readLength_V | {1 }
	Port: rxSar2rxApp_upd_rsp | {}
	Port: rxBufferReadCmd | {2 }
 - Input state : 
	Port: rx_app_stream_if : s_axis_rx_data_req | {1 }
	Port: rx_app_stream_if : m_axis_rx_data_rsp_metadata | {}
	Port: rx_app_stream_if : rasi_fsmState_V | {1 }
	Port: rx_app_stream_if : rxApp2rxSar_upd_req | {}
	Port: rx_app_stream_if : rasi_readLength_V | {1 }
	Port: rx_app_stream_if : rxSar2rxApp_upd_rsp | {1 }
	Port: rx_app_stream_if : rxBufferReadCmd | {}
  - Chain level:
	State 1
		br_ln60 : 1
		icmp_ln1069 : 1
		br_ln67 : 2
		store_ln71 : 1
		zext_ln232 : 1
		add_ln232 : 2
		tmp_332_i : 3
	State 2
		write_ln174 : 1
		write_ln174 : 1
	State 3


============================================================
+ Verbose Summary: Datapath Resource usage 
============================================================

* Functional unit list:
|----------|-------------------------------------|---------|---------|
| Operation|           Functional Unit           |    FF   |   LUT   |
|----------|-------------------------------------|---------|---------|
|    add   |           add_ln232_fu_178          |    0    |    25   |
|----------|-------------------------------------|---------|---------|
|   icmp   |          icmp_ln1069_fu_138         |    0    |    13   |
|----------|-------------------------------------|---------|---------|
| nbreadreq|        tmp_i_nbreadreq_fu_70        |    0    |    0    |
|          |      tmp_i_243_nbreadreq_fu_84      |    0    |    0    |
|----------|-------------------------------------|---------|---------|
|   read   |  s_axis_rx_data_req_read_read_fu_78 |    0    |    0    |
|          | rxSar2rxApp_upd_rsp_read_read_fu_92 |    0    |    0    |
|----------|-------------------------------------|---------|---------|
|          |           grp_write_fu_98           |    0    |    0    |
|   write  |           grp_write_fu_105          |    0    |    0    |
|          |       write_ln174_write_fu_112      |    0    |    0    |
|----------|-------------------------------------|---------|---------|
|   trunc  |        tmp_sessionID_V_fu_124       |    0    |    0    |
|          |       tmp_sessionID_V_4_fu_156      |    0    |    0    |
|----------|-------------------------------------|---------|---------|
|partselect|         tmp_length_V_fu_128         |    0    |    0    |
|          |          tmp_appd_V_fu_160          |    0    |    0    |
|----------|-------------------------------------|---------|---------|
|   zext   |          zext_ln232_fu_174          |    0    |    0    |
|          |          zext_ln174_fu_202          |    0    |    0    |
|----------|-------------------------------------|---------|---------|
|  partset |           tmp_332_i_fu_184          |    0    |    0    |
|----------|-------------------------------------|---------|---------|
|  bitset  |              tmp_fu_206             |    0    |    0    |
|----------|-------------------------------------|---------|---------|
|   Total  |                                     |    0    |    38   |
|----------|-------------------------------------|---------|---------|

Memories:
N/A

* Register list:
+----------------------------+--------+
|                            |   FF   |
+----------------------------+--------+
|     icmp_ln1069_reg_229    |    1   |
|rasi_fsmState_V_load_reg_216|    1   |
|      tmp_332_i_reg_242     |   96   |
|      tmp_i_243_reg_233     |    1   |
|        tmp_i_reg_220       |    1   |
|  tmp_sessionID_V_4_reg_237 |   16   |
|   tmp_sessionID_V_reg_224  |   16   |
+----------------------------+--------+
|            Total           |   132  |
+----------------------------+--------+

* Multiplexer (MUX) list: 
|-----------------|------|------|------|--------||---------||---------|
|       Comp      |  Pin | Size |  BW  | S x BW ||  Delay  ||   LUT   |
|-----------------|------|------|------|--------||---------||---------|
| grp_write_fu_98 |  p2  |   2  |  96  |   192  ||    9    |
|-----------------|------|------|------|--------||---------||---------|
|      Total      |      |      |      |   192  ||  0.387  ||    9    |
|-----------------|------|------|------|--------||---------||---------|



* Summary:
+-----------+--------+--------+--------+
|           |  Delay |   FF   |   LUT  |
+-----------+--------+--------+--------+
|  Function |    -   |    0   |   38   |
|   Memory  |    -   |    -   |    -   |
|Multiplexer|    0   |    -   |    9   |
|  Register |    -   |   132  |    -   |
+-----------+--------+--------+--------+
|   Total   |    0   |   132  |   47   |
+-----------+--------+--------+--------+
