

================================================================
== Vitis HLS Report for 'tx_sar_table'
================================================================
* Date:           Tue Jul 11 09:24:58 2023

* Version:        2022.1 (Build 3526262 on Mon Apr 18 15:47:01 MDT 2022)
* Project:        toe_prj
* Solution:       solution1 (Vivado IP Flow Target)
* Product family: virtexuplus
* Target device:  xcu280-fsvh2892-2L-e


================================================================
== Performance Estimates
================================================================
+ Timing: 
    * Summary: 
    +--------+---------+----------+------------+
    |  Clock |  Target | Estimated| Uncertainty|
    +--------+---------+----------+------------+
    |ap_clk  |  3.20 ns|  2.438 ns|     0.86 ns|
    +--------+---------+----------+------------+

+ Latency: 
    * Summary: 
    +---------+---------+-----------+-----------+-----+-----+---------+
    |  Latency (cycles) |   Latency (absolute)  |  Interval | Pipeline|
    |   min   |   max   |    min    |    max    | min | max |   Type  |
    +---------+---------+-----------+-----------+-----+-----+---------+
    |        5|        5|  16.000 ns|  16.000 ns|    1|    1|      yes|
    +---------+---------+-----------+-----------+-----+-----+---------+

    + Detail: 
        * Instance: 
        N/A

        * Loop: 
        N/A

============================================================
+ Verbose Summary: Synthesis Manager
============================================================
InlineROM: 1
ExposeGlobal: 0
============================================================
+ Verbose Summary: CDFG Model
============================================================
IsTopModel: 0
ResetActiveHigh: 1
IsCombinational: 2
IsDatapathOnly: 0
HasWiredReturn: 1
HasMFsm: 2
HasVarLatency: 0
IsPipeline: 1
IsRtlPipelined: 1
IsInstanceOverlapped: 0
IsDontTouch: 0
HasImplIP: 0
IsGatedGlobalClock: 0

+ Individual pipeline summary: 
  * Pipeline-0: initiation interval (II) = 1, depth = 6


============================================================
+ Verbose Summary: Schedule
============================================================
* Number of FSM states : 6
* Pipeline : 1
  Pipeline-0 : II = 1, D = 6, States = { 1 2 3 4 5 6 }
* Dataflow Pipeline: 0

* FSM state transitions: 
1 --> 2 
2 --> 3 
3 --> 4 
4 --> 5 
5 --> 6 
6 --> 

* FSM state operations: 

State 1 <SV = 0> <Delay = 1.29>
ST_1 : Operation 7 [1/1] (0.00ns)   --->   "%specinterface_ln0 = specinterface void @_ssdm_op_SpecInterface, i192 %rxEng2txSar_upd_req, void @empty, i32 0, i32 0, void @empty_1, i32 0, i32 0, void @empty_1, void @empty_1, void @empty_1, i32 0, i32 0, i32 0, i32 0, void @empty_1, void @empty_1, i32 4294967295, i32 0"   --->   Operation 7 'specinterface' 'specinterface_ln0' <Predicate = true> <Delay = 0.00>
ST_1 : Operation 8 [1/1] (0.00ns)   --->   "%specinterface_ln0 = specinterface void @_ssdm_op_SpecInterface, i192 %rxEng2txSar_upd_req, void @empty, i32 0, i32 0, void @empty_1, i32 0, i32 0, void @empty_1, void @empty_1, void @empty_1, i32 0, i32 0, i32 0, i32 0, void @empty_1, void @empty_1, i32 4294967295, i32 0"   --->   Operation 8 'specinterface' 'specinterface_ln0' <Predicate = true> <Delay = 0.00>
ST_1 : Operation 9 [1/1] (0.00ns)   --->   "%specinterface_ln0 = specinterface void @_ssdm_op_SpecInterface, i192 %rxEng2txSar_upd_req, void @empty, i32 0, i32 0, void @empty_1, i32 0, i32 0, void @empty_1, void @empty_1, void @empty_1, i32 0, i32 0, i32 0, i32 0, void @empty_1, void @empty_1, i32 4294967295, i32 0"   --->   Operation 9 'specinterface' 'specinterface_ln0' <Predicate = true> <Delay = 0.00>
ST_1 : Operation 10 [1/1] (0.00ns)   --->   "%specinterface_ln0 = specinterface void @_ssdm_op_SpecInterface, i64 %txApp2txSar_push, void @empty, i32 0, i32 0, void @empty_1, i32 0, i32 0, void @empty_1, void @empty_1, void @empty_1, i32 0, i32 0, i32 0, i32 0, void @empty_1, void @empty_1, i32 4294967295, i32 0"   --->   Operation 10 'specinterface' 'specinterface_ln0' <Predicate = true> <Delay = 0.00>
ST_1 : Operation 11 [1/1] (0.00ns)   --->   "%specinterface_ln0 = specinterface void @_ssdm_op_SpecInterface, i64 %txApp2txSar_push, void @empty, i32 0, i32 0, void @empty_1, i32 0, i32 0, void @empty_1, void @empty_1, void @empty_1, i32 0, i32 0, i32 0, i32 0, void @empty_1, void @empty_1, i32 4294967295, i32 0"   --->   Operation 11 'specinterface' 'specinterface_ln0' <Predicate = true> <Delay = 0.00>
ST_1 : Operation 12 [1/1] (0.00ns)   --->   "%specinterface_ln0 = specinterface void @_ssdm_op_SpecInterface, i64 %txApp2txSar_push, void @empty, i32 0, i32 0, void @empty_1, i32 0, i32 0, void @empty_1, void @empty_1, void @empty_1, i32 0, i32 0, i32 0, i32 0, void @empty_1, void @empty_1, i32 4294967295, i32 0"   --->   Operation 12 'specinterface' 'specinterface_ln0' <Predicate = true> <Delay = 0.00>
ST_1 : Operation 13 [1/1] (0.00ns)   --->   "%specinterface_ln0 = specinterface void @_ssdm_op_SpecInterface, i128 %txEng2txSar_upd_req, void @empty, i32 0, i32 0, void @empty_1, i32 0, i32 0, void @empty_1, void @empty_1, void @empty_1, i32 0, i32 0, i32 0, i32 0, void @empty_1, void @empty_1, i32 4294967295, i32 0"   --->   Operation 13 'specinterface' 'specinterface_ln0' <Predicate = true> <Delay = 0.00>
ST_1 : Operation 14 [1/1] (0.00ns)   --->   "%specinterface_ln0 = specinterface void @_ssdm_op_SpecInterface, i128 %txEng2txSar_upd_req, void @empty, i32 0, i32 0, void @empty_1, i32 0, i32 0, void @empty_1, void @empty_1, void @empty_1, i32 0, i32 0, i32 0, i32 0, void @empty_1, void @empty_1, i32 4294967295, i32 0"   --->   Operation 14 'specinterface' 'specinterface_ln0' <Predicate = true> <Delay = 0.00>
ST_1 : Operation 15 [1/1] (0.00ns)   --->   "%specinterface_ln0 = specinterface void @_ssdm_op_SpecInterface, i128 %txEng2txSar_upd_req, void @empty, i32 0, i32 0, void @empty_1, i32 0, i32 0, void @empty_1, void @empty_1, void @empty_1, i32 0, i32 0, i32 0, i32 0, void @empty_1, void @empty_1, i32 4294967295, i32 0"   --->   Operation 15 'specinterface' 'specinterface_ln0' <Predicate = true> <Delay = 0.00>
ST_1 : Operation 16 [1/1] (0.00ns)   --->   "%specinterface_ln0 = specinterface void @_ssdm_op_SpecInterface, i160 %txSar2rxEng_upd_rsp, void @empty, i32 0, i32 0, void @empty_1, i32 0, i32 0, void @empty_1, void @empty_1, void @empty_1, i32 0, i32 0, i32 0, i32 0, void @empty_1, void @empty_1, i32 4294967295, i32 0"   --->   Operation 16 'specinterface' 'specinterface_ln0' <Predicate = true> <Delay = 0.00>
ST_1 : Operation 17 [1/1] (0.00ns)   --->   "%specinterface_ln0 = specinterface void @_ssdm_op_SpecInterface, i160 %txSar2rxEng_upd_rsp, void @empty, i32 0, i32 0, void @empty_1, i32 0, i32 0, void @empty_1, void @empty_1, void @empty_1, i32 0, i32 0, i32 0, i32 0, void @empty_1, void @empty_1, i32 4294967295, i32 0"   --->   Operation 17 'specinterface' 'specinterface_ln0' <Predicate = true> <Delay = 0.00>
ST_1 : Operation 18 [1/1] (0.00ns)   --->   "%specinterface_ln0 = specinterface void @_ssdm_op_SpecInterface, i160 %txSar2rxEng_upd_rsp, void @empty, i32 0, i32 0, void @empty_1, i32 0, i32 0, void @empty_1, void @empty_1, void @empty_1, i32 0, i32 0, i32 0, i32 0, void @empty_1, void @empty_1, i32 4294967295, i32 0"   --->   Operation 18 'specinterface' 'specinterface_ln0' <Predicate = true> <Delay = 0.00>
ST_1 : Operation 19 [1/1] (0.00ns)   --->   "%specinterface_ln0 = specinterface void @_ssdm_op_SpecInterface, i128 %txSar2txApp_ack_push, void @empty, i32 0, i32 0, void @empty_1, i32 0, i32 0, void @empty_1, void @empty_1, void @empty_1, i32 0, i32 0, i32 0, i32 0, void @empty_1, void @empty_1, i32 4294967295, i32 0"   --->   Operation 19 'specinterface' 'specinterface_ln0' <Predicate = true> <Delay = 0.00>
ST_1 : Operation 20 [1/1] (0.00ns)   --->   "%specinterface_ln0 = specinterface void @_ssdm_op_SpecInterface, i128 %txSar2txApp_ack_push, void @empty, i32 0, i32 0, void @empty_1, i32 0, i32 0, void @empty_1, void @empty_1, void @empty_1, i32 0, i32 0, i32 0, i32 0, void @empty_1, void @empty_1, i32 4294967295, i32 0"   --->   Operation 20 'specinterface' 'specinterface_ln0' <Predicate = true> <Delay = 0.00>
ST_1 : Operation 21 [1/1] (0.00ns)   --->   "%specinterface_ln0 = specinterface void @_ssdm_op_SpecInterface, i128 %txSar2txApp_ack_push, void @empty, i32 0, i32 0, void @empty_1, i32 0, i32 0, void @empty_1, void @empty_1, void @empty_1, i32 0, i32 0, i32 0, i32 0, void @empty_1, void @empty_1, i32 4294967295, i32 0"   --->   Operation 21 'specinterface' 'specinterface_ln0' <Predicate = true> <Delay = 0.00>
ST_1 : Operation 22 [1/1] (0.00ns)   --->   "%specinterface_ln0 = specinterface void @_ssdm_op_SpecInterface, i192 %txSar2txEng_upd_rsp, void @empty, i32 0, i32 0, void @empty_1, i32 0, i32 0, void @empty_1, void @empty_1, void @empty_1, i32 0, i32 0, i32 0, i32 0, void @empty_1, void @empty_1, i32 4294967295, i32 0"   --->   Operation 22 'specinterface' 'specinterface_ln0' <Predicate = true> <Delay = 0.00>
ST_1 : Operation 23 [1/1] (0.00ns)   --->   "%specinterface_ln0 = specinterface void @_ssdm_op_SpecInterface, i192 %txSar2txEng_upd_rsp, void @empty, i32 0, i32 0, void @empty_1, i32 0, i32 0, void @empty_1, void @empty_1, void @empty_1, i32 0, i32 0, i32 0, i32 0, void @empty_1, void @empty_1, i32 4294967295, i32 0"   --->   Operation 23 'specinterface' 'specinterface_ln0' <Predicate = true> <Delay = 0.00>
ST_1 : Operation 24 [1/1] (0.00ns)   --->   "%specinterface_ln0 = specinterface void @_ssdm_op_SpecInterface, i192 %txSar2txEng_upd_rsp, void @empty, i32 0, i32 0, void @empty_1, i32 0, i32 0, void @empty_1, void @empty_1, void @empty_1, i32 0, i32 0, i32 0, i32 0, void @empty_1, void @empty_1, i32 4294967295, i32 0"   --->   Operation 24 'specinterface' 'specinterface_ln0' <Predicate = true> <Delay = 0.00>
ST_1 : Operation 25 [1/1] (0.00ns)   --->   "%specinterface_ln0 = specinterface void @_ssdm_op_SpecInterface, i160 %txSar2rxEng_upd_rsp, void @empty, i32 0, i32 0, void @empty_1, i32 0, i32 0, void @empty_1, void @empty_1, void @empty_1, i32 0, i32 0, i32 0, i32 0, void @empty_1, void @empty_1, i32 4294967295, i32 0"   --->   Operation 25 'specinterface' 'specinterface_ln0' <Predicate = true> <Delay = 0.00>
ST_1 : Operation 26 [1/1] (0.00ns)   --->   "%specinterface_ln0 = specinterface void @_ssdm_op_SpecInterface, i192 %rxEng2txSar_upd_req, void @empty, i32 0, i32 0, void @empty_1, i32 0, i32 0, void @empty_1, void @empty_1, void @empty_1, i32 0, i32 0, i32 0, i32 0, void @empty_1, void @empty_1, i32 4294967295, i32 0"   --->   Operation 26 'specinterface' 'specinterface_ln0' <Predicate = true> <Delay = 0.00>
ST_1 : Operation 27 [1/1] (0.00ns)   --->   "%specinterface_ln0 = specinterface void @_ssdm_op_SpecInterface, i64 %txApp2txSar_push, void @empty, i32 0, i32 0, void @empty_1, i32 0, i32 0, void @empty_1, void @empty_1, void @empty_1, i32 0, i32 0, i32 0, i32 0, void @empty_1, void @empty_1, i32 4294967295, i32 0"   --->   Operation 27 'specinterface' 'specinterface_ln0' <Predicate = true> <Delay = 0.00>
ST_1 : Operation 28 [1/1] (0.00ns)   --->   "%specinterface_ln0 = specinterface void @_ssdm_op_SpecInterface, i192 %txSar2txEng_upd_rsp, void @empty, i32 0, i32 0, void @empty_1, i32 0, i32 0, void @empty_1, void @empty_1, void @empty_1, i32 0, i32 0, i32 0, i32 0, void @empty_1, void @empty_1, i32 4294967295, i32 0"   --->   Operation 28 'specinterface' 'specinterface_ln0' <Predicate = true> <Delay = 0.00>
ST_1 : Operation 29 [1/1] (0.00ns)   --->   "%specinterface_ln0 = specinterface void @_ssdm_op_SpecInterface, i128 %txSar2txApp_ack_push, void @empty, i32 0, i32 0, void @empty_1, i32 0, i32 0, void @empty_1, void @empty_1, void @empty_1, i32 0, i32 0, i32 0, i32 0, void @empty_1, void @empty_1, i32 4294967295, i32 0"   --->   Operation 29 'specinterface' 'specinterface_ln0' <Predicate = true> <Delay = 0.00>
ST_1 : Operation 30 [1/1] (0.00ns)   --->   "%specinterface_ln0 = specinterface void @_ssdm_op_SpecInterface, i128 %txEng2txSar_upd_req, void @empty, i32 0, i32 0, void @empty_1, i32 0, i32 0, void @empty_1, void @empty_1, void @empty_1, i32 0, i32 0, i32 0, i32 0, void @empty_1, void @empty_1, i32 4294967295, i32 0"   --->   Operation 30 'specinterface' 'specinterface_ln0' <Predicate = true> <Delay = 0.00>
ST_1 : Operation 31 [1/1] (0.00ns)   --->   "%specpipeline_ln45 = specpipeline void @_ssdm_op_SpecPipeline, i32 1, i32 0, i32 0, i32 0, void @empty_1" [/mnt/scratch/pyuvaraj/Vitis_RoCE_W/Vitis_RoCE/fpga-network-stack/hls/toe/tx_sar_table/tx_sar_table.cpp:45]   --->   Operation 31 'specpipeline' 'specpipeline_ln45' <Predicate = true> <Delay = 0.00>
ST_1 : Operation 32 [1/1] (0.00ns)   --->   "%specmemcore_ln56 = specmemcore void @_ssdm_op_SpecMemCore, i32 %tx_table_ackd_V, i64 666, i64 30, i64 18446744073709551615" [/mnt/scratch/pyuvaraj/Vitis_RoCE_W/Vitis_RoCE/fpga-network-stack/hls/toe/tx_sar_table/tx_sar_table.cpp:56]   --->   Operation 32 'specmemcore' 'specmemcore_ln56' <Predicate = true> <Delay = 0.00>
ST_1 : Operation 33 [1/1] (0.00ns)   --->   "%specmemcore_ln56 = specmemcore void @_ssdm_op_SpecMemCore, i32 %tx_table_not_ackd_V, i64 666, i64 30, i64 18446744073709551615" [/mnt/scratch/pyuvaraj/Vitis_RoCE_W/Vitis_RoCE/fpga-network-stack/hls/toe/tx_sar_table/tx_sar_table.cpp:56]   --->   Operation 33 'specmemcore' 'specmemcore_ln56' <Predicate = true> <Delay = 0.00>
ST_1 : Operation 34 [1/1] (0.00ns)   --->   "%specmemcore_ln56 = specmemcore void @_ssdm_op_SpecMemCore, i16 %tx_table_recv_window_V, i64 666, i64 30, i64 18446744073709551615" [/mnt/scratch/pyuvaraj/Vitis_RoCE_W/Vitis_RoCE/fpga-network-stack/hls/toe/tx_sar_table/tx_sar_table.cpp:56]   --->   Operation 34 'specmemcore' 'specmemcore_ln56' <Predicate = true> <Delay = 0.00>
ST_1 : Operation 35 [1/1] (0.00ns)   --->   "%specmemcore_ln56 = specmemcore void @_ssdm_op_SpecMemCore, i4 %tx_table_win_shift_V, i64 666, i64 30, i64 18446744073709551615" [/mnt/scratch/pyuvaraj/Vitis_RoCE_W/Vitis_RoCE/fpga-network-stack/hls/toe/tx_sar_table/tx_sar_table.cpp:56]   --->   Operation 35 'specmemcore' 'specmemcore_ln56' <Predicate = true> <Delay = 0.00>
ST_1 : Operation 36 [1/1] (0.00ns)   --->   "%specmemcore_ln56 = specmemcore void @_ssdm_op_SpecMemCore, i18 %tx_table_cong_window_V, i64 666, i64 30, i64 18446744073709551615" [/mnt/scratch/pyuvaraj/Vitis_RoCE_W/Vitis_RoCE/fpga-network-stack/hls/toe/tx_sar_table/tx_sar_table.cpp:56]   --->   Operation 36 'specmemcore' 'specmemcore_ln56' <Predicate = true> <Delay = 0.00>
ST_1 : Operation 37 [1/1] (0.00ns)   --->   "%specmemcore_ln56 = specmemcore void @_ssdm_op_SpecMemCore, i18 %tx_table_slowstart_threshold_V, i64 666, i64 30, i64 18446744073709551615" [/mnt/scratch/pyuvaraj/Vitis_RoCE_W/Vitis_RoCE/fpga-network-stack/hls/toe/tx_sar_table/tx_sar_table.cpp:56]   --->   Operation 37 'specmemcore' 'specmemcore_ln56' <Predicate = true> <Delay = 0.00>
ST_1 : Operation 38 [1/1] (0.00ns)   --->   "%specmemcore_ln56 = specmemcore void @_ssdm_op_SpecMemCore, i18 %tx_table_app_V, i64 666, i64 30, i64 18446744073709551615" [/mnt/scratch/pyuvaraj/Vitis_RoCE_W/Vitis_RoCE/fpga-network-stack/hls/toe/tx_sar_table/tx_sar_table.cpp:56]   --->   Operation 38 'specmemcore' 'specmemcore_ln56' <Predicate = true> <Delay = 0.00>
ST_1 : Operation 39 [1/1] (0.00ns)   --->   "%specmemcore_ln56 = specmemcore void @_ssdm_op_SpecMemCore, i2 %tx_table_count_V, i64 666, i64 30, i64 18446744073709551615" [/mnt/scratch/pyuvaraj/Vitis_RoCE_W/Vitis_RoCE/fpga-network-stack/hls/toe/tx_sar_table/tx_sar_table.cpp:56]   --->   Operation 39 'specmemcore' 'specmemcore_ln56' <Predicate = true> <Delay = 0.00>
ST_1 : Operation 40 [1/1] (0.00ns)   --->   "%specmemcore_ln56 = specmemcore void @_ssdm_op_SpecMemCore, i1 %tx_table_fastRetransmitted, i64 666, i64 30, i64 18446744073709551615" [/mnt/scratch/pyuvaraj/Vitis_RoCE_W/Vitis_RoCE/fpga-network-stack/hls/toe/tx_sar_table/tx_sar_table.cpp:56]   --->   Operation 40 'specmemcore' 'specmemcore_ln56' <Predicate = true> <Delay = 0.00>
ST_1 : Operation 41 [1/1] (0.00ns)   --->   "%specmemcore_ln56 = specmemcore void @_ssdm_op_SpecMemCore, i1 %tx_table_finReady, i64 666, i64 30, i64 18446744073709551615" [/mnt/scratch/pyuvaraj/Vitis_RoCE_W/Vitis_RoCE/fpga-network-stack/hls/toe/tx_sar_table/tx_sar_table.cpp:56]   --->   Operation 41 'specmemcore' 'specmemcore_ln56' <Predicate = true> <Delay = 0.00>
ST_1 : Operation 42 [1/1] (0.00ns)   --->   "%specmemcore_ln56 = specmemcore void @_ssdm_op_SpecMemCore, i1 %tx_table_finSent, i64 666, i64 30, i64 18446744073709551615" [/mnt/scratch/pyuvaraj/Vitis_RoCE_W/Vitis_RoCE/fpga-network-stack/hls/toe/tx_sar_table/tx_sar_table.cpp:56]   --->   Operation 42 'specmemcore' 'specmemcore_ln56' <Predicate = true> <Delay = 0.00>
ST_1 : Operation 43 [1/1] (0.00ns)   --->   "%tmp_i = nbreadreq i1 @_ssdm_op_NbReadReq.ap_fifo.i128P0A, i128 %txEng2txSar_upd_req, i32 1" [/tools/Xilinx/Vitis_HLS/2022.1/common/technology/autopilot/hls_stream_39.h:136]   --->   Operation 43 'nbreadreq' 'tmp_i' <Predicate = true> <Delay = 0.00> <CoreInst = "FIFO">   --->   Core 78 'FIFO' <Latency = 0> <II = 1> <Delay = 1.38> <Storage> <Opcode : 'read' 'write' 'nbread' 'nbwrite'> <Ports = 0> <Width = 128> <Depth = 16> <FIFO>
ST_1 : Operation 44 [1/1] (0.00ns)   --->   "%br_ln59 = br i1 %tmp_i, void %if.else114.i, void %if.then.i" [/mnt/scratch/pyuvaraj/Vitis_RoCE_W/Vitis_RoCE/fpga-network-stack/hls/toe/tx_sar_table/tx_sar_table.cpp:59]   --->   Operation 44 'br' 'br_ln59' <Predicate = true> <Delay = 0.00>
ST_1 : Operation 45 [1/1] (0.00ns)   --->   "%br_ln0 = br void %tx_sar_table.exit"   --->   Operation 45 'br' 'br_ln0' <Predicate = (!tmp_i)> <Delay = 0.00>
ST_1 : Operation 46 [1/1] (1.16ns)   --->   "%txEng2txSar_upd_req_read = read i128 @_ssdm_op_Read.ap_fifo.volatile.i128P0A, i128 %txEng2txSar_upd_req" [/tools/Xilinx/Vitis_HLS/2022.1/common/technology/autopilot/hls_stream_39.h:145]   --->   Operation 46 'read' 'txEng2txSar_upd_req_read' <Predicate = (tmp_i)> <Delay = 1.16> <CoreInst = "FIFO">   --->   Core 78 'FIFO' <Latency = 0> <II = 1> <Delay = 1.38> <Storage> <Opcode : 'read' 'write' 'nbread' 'nbwrite'> <Ports = 0> <Width = 128> <Depth = 16> <FIFO>
ST_1 : Operation 47 [1/1] (0.00ns)   --->   "%tmp_sessionID_V = trunc i128 %txEng2txSar_upd_req_read" [/tools/Xilinx/Vitis_HLS/2022.1/common/technology/autopilot/hls_stream_39.h:145]   --->   Operation 47 'trunc' 'tmp_sessionID_V' <Predicate = (tmp_i)> <Delay = 0.00>
ST_1 : Operation 48 [1/1] (0.00ns)   --->   "%tmp_not_ackd_V = partselect i32 @_ssdm_op_PartSelect.i32.i128.i32.i32, i128 %txEng2txSar_upd_req_read, i32 32, i32 63" [/tools/Xilinx/Vitis_HLS/2022.1/common/technology/autopilot/hls_stream_39.h:145]   --->   Operation 48 'partselect' 'tmp_not_ackd_V' <Predicate = (tmp_i)> <Delay = 0.00>
ST_1 : Operation 49 [1/1] (0.00ns)   --->   "%tmp_write_V = bitselect i1 @_ssdm_op_BitSelect.i1.i128.i128, i128 %txEng2txSar_upd_req_read, i128 64" [/tools/Xilinx/Vitis_HLS/2022.1/common/technology/autopilot/hls_stream_39.h:145]   --->   Operation 49 'bitselect' 'tmp_write_V' <Predicate = (tmp_i)> <Delay = 0.00>
ST_1 : Operation 50 [1/1] (0.00ns)   --->   "%tmp_init_V = bitselect i1 @_ssdm_op_BitSelect.i1.i128.i128, i128 %txEng2txSar_upd_req_read, i128 72" [/tools/Xilinx/Vitis_HLS/2022.1/common/technology/autopilot/hls_stream_39.h:145]   --->   Operation 50 'bitselect' 'tmp_init_V' <Predicate = (tmp_i)> <Delay = 0.00>
ST_1 : Operation 51 [1/1] (0.00ns)   --->   "%tst_txEngUpdate_finReady = bitselect i1 @_ssdm_op_BitSelect.i1.i128.i128, i128 %txEng2txSar_upd_req_read, i128 80" [/tools/Xilinx/Vitis_HLS/2022.1/common/technology/autopilot/hls_stream_39.h:145]   --->   Operation 51 'bitselect' 'tst_txEngUpdate_finReady' <Predicate = (tmp_i)> <Delay = 0.00>
ST_1 : Operation 52 [1/1] (0.00ns)   --->   "%tst_txEngUpdate_finSent = bitselect i1 @_ssdm_op_BitSelect.i1.i128.i128, i128 %txEng2txSar_upd_req_read, i128 88" [/tools/Xilinx/Vitis_HLS/2022.1/common/technology/autopilot/hls_stream_39.h:145]   --->   Operation 52 'bitselect' 'tst_txEngUpdate_finSent' <Predicate = (tmp_i)> <Delay = 0.00>
ST_1 : Operation 53 [1/1] (0.00ns)   --->   "%tst_txEngUpdate_isRtQuery = bitselect i1 @_ssdm_op_BitSelect.i1.i128.i128, i128 %txEng2txSar_upd_req_read, i128 96" [/tools/Xilinx/Vitis_HLS/2022.1/common/technology/autopilot/hls_stream_39.h:145]   --->   Operation 53 'bitselect' 'tst_txEngUpdate_isRtQuery' <Predicate = (tmp_i)> <Delay = 0.00>
ST_1 : Operation 54 [1/1] (0.00ns)   --->   "%br_ln62 = br i1 %tmp_write_V, void %if.else70.i, void %if.then4.i" [/mnt/scratch/pyuvaraj/Vitis_RoCE_W/Vitis_RoCE/fpga-network-stack/hls/toe/tx_sar_table/tx_sar_table.cpp:62]   --->   Operation 54 'br' 'br_ln62' <Predicate = (tmp_i)> <Delay = 0.00>
ST_1 : Operation 55 [1/1] (0.00ns)   --->   "%br_ln64 = br i1 %tst_txEngUpdate_isRtQuery, void %if.then5.i, void %if.else.i" [/mnt/scratch/pyuvaraj/Vitis_RoCE_W/Vitis_RoCE/fpga-network-stack/hls/toe/tx_sar_table/tx_sar_table.cpp:64]   --->   Operation 55 'br' 'br_ln64' <Predicate = (tmp_i & tmp_write_V)> <Delay = 0.00>
ST_1 : Operation 56 [1/1] (0.00ns)   --->   "%br_ln67 = br i1 %tmp_init_V, void %if.end.i, void %if.then10.i" [/mnt/scratch/pyuvaraj/Vitis_RoCE_W/Vitis_RoCE/fpga-network-stack/hls/toe/tx_sar_table/tx_sar_table.cpp:67]   --->   Operation 56 'br' 'br_ln67' <Predicate = (tmp_i & tmp_write_V & !tst_txEngUpdate_isRtQuery)> <Delay = 0.00>
ST_1 : Operation 57 [1/1] (0.00ns)   --->   "%trunc_ln232_3_i = partselect i18 @_ssdm_op_PartSelect.i18.i128.i32.i32, i128 %txEng2txSar_upd_req_read, i32 32, i32 49"   --->   Operation 57 'partselect' 'trunc_ln232_3_i' <Predicate = (tmp_i & tmp_write_V & !tst_txEngUpdate_isRtQuery & tmp_init_V)> <Delay = 0.00>
ST_1 : Operation 58 [1/1] (0.00ns)   --->   "%br_ln82 = br i1 %tst_txEngUpdate_finReady, void %if.end50.i, void %if.then44.i" [/mnt/scratch/pyuvaraj/Vitis_RoCE_W/Vitis_RoCE/fpga-network-stack/hls/toe/tx_sar_table/tx_sar_table.cpp:82]   --->   Operation 58 'br' 'br_ln82' <Predicate = (tmp_i & tmp_write_V & !tst_txEngUpdate_isRtQuery)> <Delay = 0.00>
ST_1 : Operation 59 [1/1] (0.00ns)   --->   "%br_ln86 = br i1 %tst_txEngUpdate_finSent, void %if.end58.i, void %if.then52.i" [/mnt/scratch/pyuvaraj/Vitis_RoCE_W/Vitis_RoCE/fpga-network-stack/hls/toe/tx_sar_table/tx_sar_table.cpp:86]   --->   Operation 59 'br' 'br_ln86' <Predicate = (tmp_i & tmp_write_V & !tst_txEngUpdate_isRtQuery)> <Delay = 0.00>
ST_1 : Operation 60 [1/1] (0.00ns)   --->   "%br_ln90 = br void %if.end69.i" [/mnt/scratch/pyuvaraj/Vitis_RoCE_W/Vitis_RoCE/fpga-network-stack/hls/toe/tx_sar_table/tx_sar_table.cpp:90]   --->   Operation 60 'br' 'br_ln90' <Predicate = (tmp_i & tmp_write_V & !tst_txEngUpdate_isRtQuery)> <Delay = 0.00>
ST_1 : Operation 61 [1/1] (0.00ns)   --->   "%tmp_2_i = partselect i18 @_ssdm_op_PartSelect.i18.i128.i32.i32, i128 %txEng2txSar_upd_req_read, i32 32, i32 49"   --->   Operation 61 'partselect' 'tmp_2_i' <Predicate = (tmp_i & tmp_write_V & tst_txEngUpdate_isRtQuery)> <Delay = 0.00>
ST_1 : Operation 62 [1/1] (0.00ns)   --->   "%br_ln97 = br void %if.end113.i" [/mnt/scratch/pyuvaraj/Vitis_RoCE_W/Vitis_RoCE/fpga-network-stack/hls/toe/tx_sar_table/tx_sar_table.cpp:97]   --->   Operation 62 'br' 'br_ln97' <Predicate = (tmp_i & tmp_write_V)> <Delay = 0.00>
ST_1 : Operation 63 [1/1] (0.00ns)   --->   "%br_ln145 = br void %tx_sar_table.exit" [/mnt/scratch/pyuvaraj/Vitis_RoCE_W/Vitis_RoCE/fpga-network-stack/hls/toe/tx_sar_table/tx_sar_table.cpp:145]   --->   Operation 63 'br' 'br_ln145' <Predicate = (tmp_i)> <Delay = 0.00>

State 2 <SV = 1> <Delay = 2.08>
ST_2 : Operation 64 [1/1] (0.00ns)   --->   "%tmp_i_112 = nbreadreq i1 @_ssdm_op_NbReadReq.ap_fifo.i64P0A, i64 %txApp2txSar_push, i32 1" [/tools/Xilinx/Vitis_HLS/2022.1/common/technology/autopilot/hls_stream_39.h:136]   --->   Operation 64 'nbreadreq' 'tmp_i_112' <Predicate = (!tmp_i)> <Delay = 0.00> <CoreInst = "FIFO_SRL">   --->   Core 81 'FIFO_SRL' <Latency = 0> <II = 1> <Delay = 1.37> <Storage> <Opcode : 'read' 'write' 'nbread' 'nbwrite'> <Ports = 0> <Width = 64> <Depth = 16> <FIFO>
ST_2 : Operation 65 [1/1] (0.00ns)   --->   "%br_ln147 = br i1 %tmp_i_112, void %if.else122.i, void %if.then116.i" [/mnt/scratch/pyuvaraj/Vitis_RoCE_W/Vitis_RoCE/fpga-network-stack/hls/toe/tx_sar_table/tx_sar_table.cpp:147]   --->   Operation 65 'br' 'br_ln147' <Predicate = (!tmp_i)> <Delay = 0.00>
ST_2 : Operation 66 [1/1] (0.00ns)   --->   "%br_ln0 = br void %if.end221.i"   --->   Operation 66 'br' 'br_ln0' <Predicate = (!tmp_i & !tmp_i_112)> <Delay = 0.00>
ST_2 : Operation 67 [1/1] (1.16ns)   --->   "%txApp2txSar_push_read = read i64 @_ssdm_op_Read.ap_fifo.volatile.i64P0A, i64 %txApp2txSar_push" [/tools/Xilinx/Vitis_HLS/2022.1/common/technology/autopilot/hls_stream_39.h:145]   --->   Operation 67 'read' 'txApp2txSar_push_read' <Predicate = (!tmp_i & tmp_i_112)> <Delay = 1.16> <CoreInst = "FIFO_SRL">   --->   Core 81 'FIFO_SRL' <Latency = 0> <II = 1> <Delay = 1.37> <Storage> <Opcode : 'read' 'write' 'nbread' 'nbwrite'> <Ports = 0> <Width = 64> <Depth = 16> <FIFO>
ST_2 : Operation 68 [1/1] (0.00ns)   --->   "%tmp_sessionID_V_1 = trunc i64 %txApp2txSar_push_read" [/tools/Xilinx/Vitis_HLS/2022.1/common/technology/autopilot/hls_stream_39.h:145]   --->   Operation 68 'trunc' 'tmp_sessionID_V_1' <Predicate = (!tmp_i & tmp_i_112)> <Delay = 0.00>
ST_2 : Operation 69 [1/1] (0.00ns)   --->   "%tmp_app_V = partselect i18 @_ssdm_op_PartSelect.i18.i64.i32.i32, i64 %txApp2txSar_push_read, i32 32, i32 49" [/tools/Xilinx/Vitis_HLS/2022.1/common/technology/autopilot/hls_stream_39.h:145]   --->   Operation 69 'partselect' 'tmp_app_V' <Predicate = (!tmp_i & tmp_i_112)> <Delay = 0.00>
ST_2 : Operation 70 [1/1] (0.00ns)   --->   "%zext_ln587 = zext i16 %tmp_sessionID_V"   --->   Operation 70 'zext' 'zext_ln587' <Predicate = (tmp_i)> <Delay = 0.00>
ST_2 : Operation 71 [1/1] (0.00ns)   --->   "%tx_table_ackd_V_addr = getelementptr i32 %tx_table_ackd_V, i64 0, i64 %zext_ln587" [/mnt/scratch/pyuvaraj/Vitis_RoCE_W/Vitis_RoCE/fpga-network-stack/hls/toe/tx_sar_table/tx_sar_table.cpp:100]   --->   Operation 71 'getelementptr' 'tx_table_ackd_V_addr' <Predicate = (tmp_i & !tmp_write_V)> <Delay = 0.00>
ST_2 : Operation 72 [2/2] (1.20ns)   --->   "%entry_ackd_V = load i10 %tx_table_ackd_V_addr" [/mnt/scratch/pyuvaraj/Vitis_RoCE_W/Vitis_RoCE/fpga-network-stack/hls/toe/tx_sar_table/tx_sar_table.cpp:100]   --->   Operation 72 'load' 'entry_ackd_V' <Predicate = (tmp_i & !tmp_write_V)> <Delay = 1.20> <CoreInst = "RAM_T2P_BRAM">   --->   Core 99 'RAM_T2P_BRAM' <Latency = 1> <II = 1> <Delay = 1.20> <Storage> <Opcode : 'load' 'store'> <Ports = 2> <Width = 32> <Depth = 1000> <RAM>
ST_2 : Operation 73 [1/1] (0.00ns)   --->   "%tx_table_not_ackd_V_addr = getelementptr i32 %tx_table_not_ackd_V, i64 0, i64 %zext_ln587" [/mnt/scratch/pyuvaraj/Vitis_RoCE_W/Vitis_RoCE/fpga-network-stack/hls/toe/tx_sar_table/tx_sar_table.cpp:100]   --->   Operation 73 'getelementptr' 'tx_table_not_ackd_V_addr' <Predicate = (tmp_i & !tmp_write_V)> <Delay = 0.00>
ST_2 : Operation 74 [2/2] (1.20ns)   --->   "%entry_not_ackd_V = load i10 %tx_table_not_ackd_V_addr" [/mnt/scratch/pyuvaraj/Vitis_RoCE_W/Vitis_RoCE/fpga-network-stack/hls/toe/tx_sar_table/tx_sar_table.cpp:100]   --->   Operation 74 'load' 'entry_not_ackd_V' <Predicate = (tmp_i & !tmp_write_V)> <Delay = 1.20> <CoreInst = "RAM_T2P_BRAM">   --->   Core 99 'RAM_T2P_BRAM' <Latency = 1> <II = 1> <Delay = 1.20> <Storage> <Opcode : 'load' 'store'> <Ports = 2> <Width = 32> <Depth = 1000> <RAM>
ST_2 : Operation 75 [1/1] (0.00ns)   --->   "%tx_table_recv_window_V_addr = getelementptr i16 %tx_table_recv_window_V, i64 0, i64 %zext_ln587" [/mnt/scratch/pyuvaraj/Vitis_RoCE_W/Vitis_RoCE/fpga-network-stack/hls/toe/tx_sar_table/tx_sar_table.cpp:100]   --->   Operation 75 'getelementptr' 'tx_table_recv_window_V_addr' <Predicate = (tmp_i & !tmp_write_V)> <Delay = 0.00>
ST_2 : Operation 76 [2/2] (1.17ns)   --->   "%entry_recv_window_V = load i10 %tx_table_recv_window_V_addr" [/mnt/scratch/pyuvaraj/Vitis_RoCE_W/Vitis_RoCE/fpga-network-stack/hls/toe/tx_sar_table/tx_sar_table.cpp:100]   --->   Operation 76 'load' 'entry_recv_window_V' <Predicate = (tmp_i & !tmp_write_V)> <Delay = 1.17> <CoreInst = "RAM_T2P_BRAM">   --->   Core 99 'RAM_T2P_BRAM' <Latency = 1> <II = 1> <Delay = 1.17> <Storage> <Opcode : 'load' 'store'> <Ports = 2> <Width = 16> <Depth = 1000> <RAM>
ST_2 : Operation 77 [1/1] (0.00ns)   --->   "%tx_table_win_shift_V_addr = getelementptr i4 %tx_table_win_shift_V, i64 0, i64 %zext_ln587" [/mnt/scratch/pyuvaraj/Vitis_RoCE_W/Vitis_RoCE/fpga-network-stack/hls/toe/tx_sar_table/tx_sar_table.cpp:100]   --->   Operation 77 'getelementptr' 'tx_table_win_shift_V_addr' <Predicate = (tmp_i & !tmp_write_V)> <Delay = 0.00>
ST_2 : Operation 78 [2/2] (1.17ns)   --->   "%entry_win_shift_V = load i10 %tx_table_win_shift_V_addr" [/mnt/scratch/pyuvaraj/Vitis_RoCE_W/Vitis_RoCE/fpga-network-stack/hls/toe/tx_sar_table/tx_sar_table.cpp:100]   --->   Operation 78 'load' 'entry_win_shift_V' <Predicate = (tmp_i & !tmp_write_V)> <Delay = 1.17> <CoreInst = "RAM_T2P_BRAM">   --->   Core 99 'RAM_T2P_BRAM' <Latency = 1> <II = 1> <Delay = 1.17> <Storage> <Opcode : 'load' 'store'> <Ports = 2> <Width = 4> <Depth = 1000> <RAM>
ST_2 : Operation 79 [1/1] (0.00ns)   --->   "%tx_table_cong_window_V_addr = getelementptr i18 %tx_table_cong_window_V, i64 0, i64 %zext_ln587" [/mnt/scratch/pyuvaraj/Vitis_RoCE_W/Vitis_RoCE/fpga-network-stack/hls/toe/tx_sar_table/tx_sar_table.cpp:100]   --->   Operation 79 'getelementptr' 'tx_table_cong_window_V_addr' <Predicate = (tmp_i & !tmp_write_V)> <Delay = 0.00>
ST_2 : Operation 80 [2/2] (1.20ns)   --->   "%entry_cong_window_V = load i10 %tx_table_cong_window_V_addr" [/mnt/scratch/pyuvaraj/Vitis_RoCE_W/Vitis_RoCE/fpga-network-stack/hls/toe/tx_sar_table/tx_sar_table.cpp:100]   --->   Operation 80 'load' 'entry_cong_window_V' <Predicate = (tmp_i & !tmp_write_V)> <Delay = 1.20> <CoreInst = "RAM_T2P_BRAM">   --->   Core 99 'RAM_T2P_BRAM' <Latency = 1> <II = 1> <Delay = 1.20> <Storage> <Opcode : 'load' 'store'> <Ports = 2> <Width = 18> <Depth = 1000> <RAM>
ST_2 : Operation 81 [1/1] (0.00ns)   --->   "%tx_table_app_V_addr = getelementptr i18 %tx_table_app_V, i64 0, i64 %zext_ln587" [/mnt/scratch/pyuvaraj/Vitis_RoCE_W/Vitis_RoCE/fpga-network-stack/hls/toe/tx_sar_table/tx_sar_table.cpp:100]   --->   Operation 81 'getelementptr' 'tx_table_app_V_addr' <Predicate = (tmp_i & !tmp_write_V)> <Delay = 0.00>
ST_2 : Operation 82 [2/2] (1.20ns)   --->   "%entry_app_V = load i10 %tx_table_app_V_addr" [/mnt/scratch/pyuvaraj/Vitis_RoCE_W/Vitis_RoCE/fpga-network-stack/hls/toe/tx_sar_table/tx_sar_table.cpp:100]   --->   Operation 82 'load' 'entry_app_V' <Predicate = (tmp_i & !tmp_write_V)> <Delay = 1.20> <CoreInst = "RAM_T2P_BRAM">   --->   Core 99 'RAM_T2P_BRAM' <Latency = 1> <II = 1> <Delay = 1.20> <Storage> <Opcode : 'load' 'store'> <Ports = 2> <Width = 18> <Depth = 1000> <RAM>
ST_2 : Operation 83 [1/1] (0.00ns)   --->   "%tx_table_finReady_addr = getelementptr i1 %tx_table_finReady, i64 0, i64 %zext_ln587" [/mnt/scratch/pyuvaraj/Vitis_RoCE_W/Vitis_RoCE/fpga-network-stack/hls/toe/tx_sar_table/tx_sar_table.cpp:100]   --->   Operation 83 'getelementptr' 'tx_table_finReady_addr' <Predicate = (tmp_i & !tmp_write_V)> <Delay = 0.00>
ST_2 : Operation 84 [2/2] (1.17ns)   --->   "%entry_finReady = load i10 %tx_table_finReady_addr" [/mnt/scratch/pyuvaraj/Vitis_RoCE_W/Vitis_RoCE/fpga-network-stack/hls/toe/tx_sar_table/tx_sar_table.cpp:100]   --->   Operation 84 'load' 'entry_finReady' <Predicate = (tmp_i & !tmp_write_V)> <Delay = 1.17> <CoreInst = "RAM_T2P_BRAM">   --->   Core 99 'RAM_T2P_BRAM' <Latency = 1> <II = 1> <Delay = 1.17> <Storage> <Opcode : 'load' 'store'> <Ports = 2> <Width = 1> <Depth = 1000> <RAM>
ST_2 : Operation 85 [1/1] (0.00ns)   --->   "%tx_table_finSent_addr = getelementptr i1 %tx_table_finSent, i64 0, i64 %zext_ln587" [/mnt/scratch/pyuvaraj/Vitis_RoCE_W/Vitis_RoCE/fpga-network-stack/hls/toe/tx_sar_table/tx_sar_table.cpp:100]   --->   Operation 85 'getelementptr' 'tx_table_finSent_addr' <Predicate = (tmp_i & !tmp_write_V)> <Delay = 0.00>
ST_2 : Operation 86 [2/2] (1.17ns)   --->   "%entry_finSent = load i10 %tx_table_finSent_addr" [/mnt/scratch/pyuvaraj/Vitis_RoCE_W/Vitis_RoCE/fpga-network-stack/hls/toe/tx_sar_table/tx_sar_table.cpp:100]   --->   Operation 86 'load' 'entry_finSent' <Predicate = (tmp_i & !tmp_write_V)> <Delay = 1.17> <CoreInst = "RAM_T2P_BRAM">   --->   Core 99 'RAM_T2P_BRAM' <Latency = 1> <II = 1> <Delay = 1.17> <Storage> <Opcode : 'load' 'store'> <Ports = 2> <Width = 1> <Depth = 1000> <RAM>
ST_2 : Operation 87 [1/1] (0.00ns)   --->   "%tx_table_not_ackd_V_addr_1 = getelementptr i32 %tx_table_not_ackd_V, i64 0, i64 %zext_ln587" [/mnt/scratch/pyuvaraj/Vitis_RoCE_W/Vitis_RoCE/fpga-network-stack/hls/toe/tx_sar_table/tx_sar_table.cpp:66]   --->   Operation 87 'getelementptr' 'tx_table_not_ackd_V_addr_1' <Predicate = (tmp_i & tmp_write_V & !tst_txEngUpdate_isRtQuery)> <Delay = 0.00>
ST_2 : Operation 88 [1/1] (1.20ns)   --->   "%store_ln66 = store i32 %tmp_not_ackd_V, i10 %tx_table_not_ackd_V_addr_1" [/mnt/scratch/pyuvaraj/Vitis_RoCE_W/Vitis_RoCE/fpga-network-stack/hls/toe/tx_sar_table/tx_sar_table.cpp:66]   --->   Operation 88 'store' 'store_ln66' <Predicate = (tmp_i & tmp_write_V & !tst_txEngUpdate_isRtQuery)> <Delay = 1.20> <CoreInst = "RAM_T2P_BRAM">   --->   Core 99 'RAM_T2P_BRAM' <Latency = 1> <II = 1> <Delay = 1.20> <Storage> <Opcode : 'load' 'store'> <Ports = 2> <Width = 32> <Depth = 1000> <RAM>
ST_2 : Operation 89 [1/1] (0.00ns)   --->   "%tx_table_app_V_addr_2 = getelementptr i18 %tx_table_app_V, i64 0, i64 %zext_ln587" [/mnt/scratch/pyuvaraj/Vitis_RoCE_W/Vitis_RoCE/fpga-network-stack/hls/toe/tx_sar_table/tx_sar_table.cpp:69]   --->   Operation 89 'getelementptr' 'tx_table_app_V_addr_2' <Predicate = (tmp_i & tmp_write_V & !tst_txEngUpdate_isRtQuery & tmp_init_V)> <Delay = 0.00>
ST_2 : Operation 90 [1/1] (1.20ns)   --->   "%store_ln69 = store i18 %trunc_ln232_3_i, i10 %tx_table_app_V_addr_2" [/mnt/scratch/pyuvaraj/Vitis_RoCE_W/Vitis_RoCE/fpga-network-stack/hls/toe/tx_sar_table/tx_sar_table.cpp:69]   --->   Operation 90 'store' 'store_ln69' <Predicate = (tmp_i & tmp_write_V & !tst_txEngUpdate_isRtQuery & tmp_init_V)> <Delay = 1.20> <CoreInst = "RAM_T2P_BRAM">   --->   Core 99 'RAM_T2P_BRAM' <Latency = 1> <II = 1> <Delay = 1.20> <Storage> <Opcode : 'load' 'store'> <Ports = 2> <Width = 18> <Depth = 1000> <RAM>
ST_2 : Operation 91 [1/1] (0.88ns)   --->   "%add_ln232 = add i32 %tmp_not_ackd_V, i32 4294967295"   --->   Operation 91 'add' 'add_ln232' <Predicate = (tmp_i & tmp_write_V & !tst_txEngUpdate_isRtQuery & tmp_init_V)> <Delay = 0.88> <CoreInst = "Adder">   --->   Core 1 'Adder' <Latency = 0> <II = 1> <Delay = 0.88> <FuncUnit> <Opcode : 'add' 'sub'> <InPorts = 2> <OutPorts = 1>
ST_2 : Operation 92 [1/1] (0.00ns)   --->   "%tx_table_ackd_V_addr_2 = getelementptr i32 %tx_table_ackd_V, i64 0, i64 %zext_ln587" [/mnt/scratch/pyuvaraj/Vitis_RoCE_W/Vitis_RoCE/fpga-network-stack/hls/toe/tx_sar_table/tx_sar_table.cpp:70]   --->   Operation 92 'getelementptr' 'tx_table_ackd_V_addr_2' <Predicate = (tmp_i & tmp_write_V & !tst_txEngUpdate_isRtQuery & tmp_init_V)> <Delay = 0.00>
ST_2 : Operation 93 [1/1] (1.20ns)   --->   "%store_ln70 = store i32 %add_ln232, i10 %tx_table_ackd_V_addr_2" [/mnt/scratch/pyuvaraj/Vitis_RoCE_W/Vitis_RoCE/fpga-network-stack/hls/toe/tx_sar_table/tx_sar_table.cpp:70]   --->   Operation 93 'store' 'store_ln70' <Predicate = (tmp_i & tmp_write_V & !tst_txEngUpdate_isRtQuery & tmp_init_V)> <Delay = 1.20> <CoreInst = "RAM_T2P_BRAM">   --->   Core 99 'RAM_T2P_BRAM' <Latency = 1> <II = 1> <Delay = 1.20> <Storage> <Opcode : 'load' 'store'> <Ports = 2> <Width = 32> <Depth = 1000> <RAM>
ST_2 : Operation 94 [1/1] (0.00ns)   --->   "%tx_table_cong_window_V_addr_3 = getelementptr i18 %tx_table_cong_window_V, i64 0, i64 %zext_ln587" [/mnt/scratch/pyuvaraj/Vitis_RoCE_W/Vitis_RoCE/fpga-network-stack/hls/toe/tx_sar_table/tx_sar_table.cpp:71]   --->   Operation 94 'getelementptr' 'tx_table_cong_window_V_addr_3' <Predicate = (tmp_i & tmp_write_V & !tst_txEngUpdate_isRtQuery & tmp_init_V)> <Delay = 0.00>
ST_2 : Operation 95 [1/1] (1.20ns)   --->   "%store_ln71 = store i18 14600, i10 %tx_table_cong_window_V_addr_3" [/mnt/scratch/pyuvaraj/Vitis_RoCE_W/Vitis_RoCE/fpga-network-stack/hls/toe/tx_sar_table/tx_sar_table.cpp:71]   --->   Operation 95 'store' 'store_ln71' <Predicate = (tmp_i & tmp_write_V & !tst_txEngUpdate_isRtQuery & tmp_init_V)> <Delay = 1.20> <CoreInst = "RAM_T2P_BRAM">   --->   Core 99 'RAM_T2P_BRAM' <Latency = 1> <II = 1> <Delay = 1.20> <Storage> <Opcode : 'load' 'store'> <Ports = 2> <Width = 18> <Depth = 1000> <RAM>
ST_2 : Operation 96 [1/1] (0.00ns)   --->   "%tx_table_slowstart_threshold_V_addr_1 = getelementptr i18 %tx_table_slowstart_threshold_V, i64 0, i64 %zext_ln587" [/mnt/scratch/pyuvaraj/Vitis_RoCE_W/Vitis_RoCE/fpga-network-stack/hls/toe/tx_sar_table/tx_sar_table.cpp:72]   --->   Operation 96 'getelementptr' 'tx_table_slowstart_threshold_V_addr_1' <Predicate = (tmp_i & tmp_write_V & !tst_txEngUpdate_isRtQuery & tmp_init_V)> <Delay = 0.00>
ST_2 : Operation 97 [1/1] (1.20ns)   --->   "%store_ln72 = store i18 65535, i10 %tx_table_slowstart_threshold_V_addr_1" [/mnt/scratch/pyuvaraj/Vitis_RoCE_W/Vitis_RoCE/fpga-network-stack/hls/toe/tx_sar_table/tx_sar_table.cpp:72]   --->   Operation 97 'store' 'store_ln72' <Predicate = (tmp_i & tmp_write_V & !tst_txEngUpdate_isRtQuery & tmp_init_V)> <Delay = 1.20> <CoreInst = "RAM_T2P_BRAM">   --->   Core 99 'RAM_T2P_BRAM' <Latency = 1> <II = 1> <Delay = 1.20> <Storage> <Opcode : 'load' 'store'> <Ports = 2> <Width = 18> <Depth = 1000> <RAM>
ST_2 : Operation 98 [1/1] (0.00ns)   --->   "%tx_table_finReady_addr_1 = getelementptr i1 %tx_table_finReady, i64 0, i64 %zext_ln587" [/mnt/scratch/pyuvaraj/Vitis_RoCE_W/Vitis_RoCE/fpga-network-stack/hls/toe/tx_sar_table/tx_sar_table.cpp:73]   --->   Operation 98 'getelementptr' 'tx_table_finReady_addr_1' <Predicate = (tmp_i & tmp_write_V & !tst_txEngUpdate_isRtQuery & tmp_init_V)> <Delay = 0.00>
ST_2 : Operation 99 [1/1] (1.17ns)   --->   "%store_ln73 = store i1 %tst_txEngUpdate_finReady, i10 %tx_table_finReady_addr_1" [/mnt/scratch/pyuvaraj/Vitis_RoCE_W/Vitis_RoCE/fpga-network-stack/hls/toe/tx_sar_table/tx_sar_table.cpp:73]   --->   Operation 99 'store' 'store_ln73' <Predicate = (tmp_i & tmp_write_V & !tst_txEngUpdate_isRtQuery & tmp_init_V)> <Delay = 1.17> <CoreInst = "RAM_T2P_BRAM">   --->   Core 99 'RAM_T2P_BRAM' <Latency = 1> <II = 1> <Delay = 1.17> <Storage> <Opcode : 'load' 'store'> <Ports = 2> <Width = 1> <Depth = 1000> <RAM>
ST_2 : Operation 100 [1/1] (0.00ns)   --->   "%tx_table_finSent_addr_1 = getelementptr i1 %tx_table_finSent, i64 0, i64 %zext_ln587" [/mnt/scratch/pyuvaraj/Vitis_RoCE_W/Vitis_RoCE/fpga-network-stack/hls/toe/tx_sar_table/tx_sar_table.cpp:74]   --->   Operation 100 'getelementptr' 'tx_table_finSent_addr_1' <Predicate = (tmp_i & tmp_write_V & !tst_txEngUpdate_isRtQuery & tmp_init_V)> <Delay = 0.00>
ST_2 : Operation 101 [1/1] (1.17ns)   --->   "%store_ln74 = store i1 %tst_txEngUpdate_finSent, i10 %tx_table_finSent_addr_1" [/mnt/scratch/pyuvaraj/Vitis_RoCE_W/Vitis_RoCE/fpga-network-stack/hls/toe/tx_sar_table/tx_sar_table.cpp:74]   --->   Operation 101 'store' 'store_ln74' <Predicate = (tmp_i & tmp_write_V & !tst_txEngUpdate_isRtQuery & tmp_init_V)> <Delay = 1.17> <CoreInst = "RAM_T2P_BRAM">   --->   Core 99 'RAM_T2P_BRAM' <Latency = 1> <II = 1> <Delay = 1.17> <Storage> <Opcode : 'load' 'store'> <Ports = 2> <Width = 1> <Depth = 1000> <RAM>
ST_2 : Operation 102 [1/1] (0.00ns)   --->   "%tx_table_finReady_addr_2 = getelementptr i1 %tx_table_finReady, i64 0, i64 %zext_ln587" [/mnt/scratch/pyuvaraj/Vitis_RoCE_W/Vitis_RoCE/fpga-network-stack/hls/toe/tx_sar_table/tx_sar_table.cpp:84]   --->   Operation 102 'getelementptr' 'tx_table_finReady_addr_2' <Predicate = (tmp_i & tmp_write_V & !tst_txEngUpdate_isRtQuery & tst_txEngUpdate_finReady)> <Delay = 0.00>
ST_2 : Operation 103 [1/1] (1.17ns)   --->   "%store_ln84 = store i1 1, i10 %tx_table_finReady_addr_2" [/mnt/scratch/pyuvaraj/Vitis_RoCE_W/Vitis_RoCE/fpga-network-stack/hls/toe/tx_sar_table/tx_sar_table.cpp:84]   --->   Operation 103 'store' 'store_ln84' <Predicate = (tmp_i & tmp_write_V & !tst_txEngUpdate_isRtQuery & tst_txEngUpdate_finReady)> <Delay = 1.17> <CoreInst = "RAM_T2P_BRAM">   --->   Core 99 'RAM_T2P_BRAM' <Latency = 1> <II = 1> <Delay = 1.17> <Storage> <Opcode : 'load' 'store'> <Ports = 2> <Width = 1> <Depth = 1000> <RAM>
ST_2 : Operation 104 [1/1] (0.00ns)   --->   "%br_ln85 = br void %if.end50.i" [/mnt/scratch/pyuvaraj/Vitis_RoCE_W/Vitis_RoCE/fpga-network-stack/hls/toe/tx_sar_table/tx_sar_table.cpp:85]   --->   Operation 104 'br' 'br_ln85' <Predicate = (tmp_i & tmp_write_V & !tst_txEngUpdate_isRtQuery & tst_txEngUpdate_finReady)> <Delay = 0.00>
ST_2 : Operation 105 [1/1] (0.00ns)   --->   "%tx_table_finSent_addr_2 = getelementptr i1 %tx_table_finSent, i64 0, i64 %zext_ln587" [/mnt/scratch/pyuvaraj/Vitis_RoCE_W/Vitis_RoCE/fpga-network-stack/hls/toe/tx_sar_table/tx_sar_table.cpp:88]   --->   Operation 105 'getelementptr' 'tx_table_finSent_addr_2' <Predicate = (tmp_i & tmp_write_V & !tst_txEngUpdate_isRtQuery & tst_txEngUpdate_finSent)> <Delay = 0.00>
ST_2 : Operation 106 [1/1] (1.17ns)   --->   "%store_ln88 = store i1 1, i10 %tx_table_finSent_addr_2" [/mnt/scratch/pyuvaraj/Vitis_RoCE_W/Vitis_RoCE/fpga-network-stack/hls/toe/tx_sar_table/tx_sar_table.cpp:88]   --->   Operation 106 'store' 'store_ln88' <Predicate = (tmp_i & tmp_write_V & !tst_txEngUpdate_isRtQuery & tst_txEngUpdate_finSent)> <Delay = 1.17> <CoreInst = "RAM_T2P_BRAM">   --->   Core 99 'RAM_T2P_BRAM' <Latency = 1> <II = 1> <Delay = 1.17> <Storage> <Opcode : 'load' 'store'> <Ports = 2> <Width = 1> <Depth = 1000> <RAM>
ST_2 : Operation 107 [1/1] (0.00ns)   --->   "%br_ln89 = br void %if.end58.i" [/mnt/scratch/pyuvaraj/Vitis_RoCE_W/Vitis_RoCE/fpga-network-stack/hls/toe/tx_sar_table/tx_sar_table.cpp:89]   --->   Operation 107 'br' 'br_ln89' <Predicate = (tmp_i & tmp_write_V & !tst_txEngUpdate_isRtQuery & tst_txEngUpdate_finSent)> <Delay = 0.00>
ST_2 : Operation 108 [1/1] (0.00ns)   --->   "%tx_table_slowstart_threshold_V_addr = getelementptr i18 %tx_table_slowstart_threshold_V, i64 0, i64 %zext_ln587" [/mnt/scratch/pyuvaraj/Vitis_RoCE_W/Vitis_RoCE/fpga-network-stack/hls/toe/tx_sar_table/tx_sar_table.cpp:94]   --->   Operation 108 'getelementptr' 'tx_table_slowstart_threshold_V_addr' <Predicate = (tmp_i & tmp_write_V & tst_txEngUpdate_isRtQuery)> <Delay = 0.00>
ST_2 : Operation 109 [1/1] (1.20ns)   --->   "%store_ln94 = store i18 %tmp_2_i, i10 %tx_table_slowstart_threshold_V_addr" [/mnt/scratch/pyuvaraj/Vitis_RoCE_W/Vitis_RoCE/fpga-network-stack/hls/toe/tx_sar_table/tx_sar_table.cpp:94]   --->   Operation 109 'store' 'store_ln94' <Predicate = (tmp_i & tmp_write_V & tst_txEngUpdate_isRtQuery)> <Delay = 1.20> <CoreInst = "RAM_T2P_BRAM">   --->   Core 99 'RAM_T2P_BRAM' <Latency = 1> <II = 1> <Delay = 1.20> <Storage> <Opcode : 'load' 'store'> <Ports = 2> <Width = 18> <Depth = 1000> <RAM>
ST_2 : Operation 110 [1/1] (0.00ns)   --->   "%tx_table_cong_window_V_addr_1 = getelementptr i18 %tx_table_cong_window_V, i64 0, i64 %zext_ln587" [/mnt/scratch/pyuvaraj/Vitis_RoCE_W/Vitis_RoCE/fpga-network-stack/hls/toe/tx_sar_table/tx_sar_table.cpp:95]   --->   Operation 110 'getelementptr' 'tx_table_cong_window_V_addr_1' <Predicate = (tmp_i & tmp_write_V & tst_txEngUpdate_isRtQuery)> <Delay = 0.00>
ST_2 : Operation 111 [1/1] (1.20ns)   --->   "%store_ln95 = store i18 14600, i10 %tx_table_cong_window_V_addr_1" [/mnt/scratch/pyuvaraj/Vitis_RoCE_W/Vitis_RoCE/fpga-network-stack/hls/toe/tx_sar_table/tx_sar_table.cpp:95]   --->   Operation 111 'store' 'store_ln95' <Predicate = (tmp_i & tmp_write_V & tst_txEngUpdate_isRtQuery)> <Delay = 1.20> <CoreInst = "RAM_T2P_BRAM">   --->   Core 99 'RAM_T2P_BRAM' <Latency = 1> <II = 1> <Delay = 1.20> <Storage> <Opcode : 'load' 'store'> <Ports = 2> <Width = 18> <Depth = 1000> <RAM>
ST_2 : Operation 112 [1/1] (0.00ns)   --->   "%br_ln0 = br void %if.end69.i"   --->   Operation 112 'br' 'br_ln0' <Predicate = (tmp_i & tmp_write_V & tst_txEngUpdate_isRtQuery)> <Delay = 0.00>

State 3 <SV = 2> <Delay = 2.43>
ST_3 : Operation 113 [1/1] (0.00ns)   --->   "%tmp_1_i = nbreadreq i1 @_ssdm_op_NbReadReq.ap_fifo.i192P0A, i192 %rxEng2txSar_upd_req, i32 1" [/tools/Xilinx/Vitis_HLS/2022.1/common/technology/autopilot/hls_stream_39.h:136]   --->   Operation 113 'nbreadreq' 'tmp_1_i' <Predicate = (!tmp_i & !tmp_i_112)> <Delay = 0.00> <CoreInst = "FIFO">   --->   Core 78 'FIFO' <Latency = 0> <II = 1> <Delay = 1.13> <Storage> <Opcode : 'read' 'write' 'nbread' 'nbwrite'> <Ports = 0> <Width = 192> <Depth = 16> <FIFO>
ST_3 : Operation 114 [1/1] (0.00ns)   --->   "%br_ln153 = br i1 %tmp_1_i, void %if.end220.i, void %if.then124.i" [/mnt/scratch/pyuvaraj/Vitis_RoCE_W/Vitis_RoCE/fpga-network-stack/hls/toe/tx_sar_table/tx_sar_table.cpp:153]   --->   Operation 114 'br' 'br_ln153' <Predicate = (!tmp_i & !tmp_i_112)> <Delay = 0.00>
ST_3 : Operation 115 [1/1] (1.13ns)   --->   "%rxEng2txSar_upd_req_read = read i192 @_ssdm_op_Read.ap_fifo.volatile.i192P0A, i192 %rxEng2txSar_upd_req" [/tools/Xilinx/Vitis_HLS/2022.1/common/technology/autopilot/hls_stream_39.h:145]   --->   Operation 115 'read' 'rxEng2txSar_upd_req_read' <Predicate = (!tmp_i & !tmp_i_112 & tmp_1_i)> <Delay = 1.13> <CoreInst = "FIFO">   --->   Core 78 'FIFO' <Latency = 0> <II = 1> <Delay = 1.13> <Storage> <Opcode : 'read' 'write' 'nbread' 'nbwrite'> <Ports = 0> <Width = 192> <Depth = 16> <FIFO>
ST_3 : Operation 116 [1/1] (0.00ns)   --->   "%tmp_sessionID_V_2 = trunc i192 %rxEng2txSar_upd_req_read" [/tools/Xilinx/Vitis_HLS/2022.1/common/technology/autopilot/hls_stream_39.h:145]   --->   Operation 116 'trunc' 'tmp_sessionID_V_2' <Predicate = (!tmp_i & !tmp_i_112 & tmp_1_i)> <Delay = 0.00>
ST_3 : Operation 117 [1/1] (0.00ns)   --->   "%tmp_ackd_V = partselect i32 @_ssdm_op_PartSelect.i32.i192.i32.i32, i192 %rxEng2txSar_upd_req_read, i32 32, i32 63" [/tools/Xilinx/Vitis_HLS/2022.1/common/technology/autopilot/hls_stream_39.h:145]   --->   Operation 117 'partselect' 'tmp_ackd_V' <Predicate = (!tmp_i & !tmp_i_112 & tmp_1_i)> <Delay = 0.00>
ST_3 : Operation 118 [1/1] (0.00ns)   --->   "%tmp_recv_window_V = partselect i16 @_ssdm_op_PartSelect.i16.i192.i32.i32, i192 %rxEng2txSar_upd_req_read, i32 64, i32 79" [/tools/Xilinx/Vitis_HLS/2022.1/common/technology/autopilot/hls_stream_39.h:145]   --->   Operation 118 'partselect' 'tmp_recv_window_V' <Predicate = (!tmp_i & !tmp_i_112 & tmp_1_i)> <Delay = 0.00>
ST_3 : Operation 119 [1/1] (0.00ns)   --->   "%tmp_cong_window_V = partselect i18 @_ssdm_op_PartSelect.i18.i192.i32.i32, i192 %rxEng2txSar_upd_req_read, i32 96, i32 113" [/tools/Xilinx/Vitis_HLS/2022.1/common/technology/autopilot/hls_stream_39.h:145]   --->   Operation 119 'partselect' 'tmp_cong_window_V' <Predicate = (!tmp_i & !tmp_i_112 & tmp_1_i)> <Delay = 0.00>
ST_3 : Operation 120 [1/1] (0.00ns)   --->   "%tmp_count_V = partselect i2 @_ssdm_op_PartSelect.i2.i192.i32.i32, i192 %rxEng2txSar_upd_req_read, i32 128, i32 129" [/tools/Xilinx/Vitis_HLS/2022.1/common/technology/autopilot/hls_stream_39.h:145]   --->   Operation 120 'partselect' 'tmp_count_V' <Predicate = (!tmp_i & !tmp_i_112 & tmp_1_i)> <Delay = 0.00>
ST_3 : Operation 121 [1/1] (0.00ns)   --->   "%tst_rxEngUpdate_fastRetransmitted = bitselect i1 @_ssdm_op_BitSelect.i1.i192.i192, i192 %rxEng2txSar_upd_req_read, i192 136" [/tools/Xilinx/Vitis_HLS/2022.1/common/technology/autopilot/hls_stream_39.h:145]   --->   Operation 121 'bitselect' 'tst_rxEngUpdate_fastRetransmitted' <Predicate = (!tmp_i & !tmp_i_112 & tmp_1_i)> <Delay = 0.00>
ST_3 : Operation 122 [1/1] (0.00ns)   --->   "%tmp_win_shift_V = partselect i4 @_ssdm_op_PartSelect.i4.i192.i32.i32, i192 %rxEng2txSar_upd_req_read, i32 144, i32 147" [/tools/Xilinx/Vitis_HLS/2022.1/common/technology/autopilot/hls_stream_39.h:145]   --->   Operation 122 'partselect' 'tmp_win_shift_V' <Predicate = (!tmp_i & !tmp_i_112 & tmp_1_i)> <Delay = 0.00>
ST_3 : Operation 123 [1/1] (0.00ns)   --->   "%tmp_write_V_1 = bitselect i1 @_ssdm_op_BitSelect.i1.i192.i192, i192 %rxEng2txSar_upd_req_read, i192 152" [/tools/Xilinx/Vitis_HLS/2022.1/common/technology/autopilot/hls_stream_39.h:145]   --->   Operation 123 'bitselect' 'tmp_write_V_1' <Predicate = (!tmp_i & !tmp_i_112 & tmp_1_i)> <Delay = 0.00>
ST_3 : Operation 124 [1/1] (0.00ns)   --->   "%tmp_init_V_1 = bitselect i1 @_ssdm_op_BitSelect.i1.i192.i192, i192 %rxEng2txSar_upd_req_read, i192 160" [/tools/Xilinx/Vitis_HLS/2022.1/common/technology/autopilot/hls_stream_39.h:145]   --->   Operation 124 'bitselect' 'tmp_init_V_1' <Predicate = (!tmp_i & !tmp_i_112 & tmp_1_i)> <Delay = 0.00>
ST_3 : Operation 125 [1/1] (0.00ns)   --->   "%zext_ln587_2 = zext i16 %tmp_sessionID_V_2"   --->   Operation 125 'zext' 'zext_ln587_2' <Predicate = (!tmp_i & !tmp_i_112 & tmp_1_i)> <Delay = 0.00>
ST_3 : Operation 126 [1/1] (0.00ns)   --->   "%tx_table_count_V_addr = getelementptr i2 %tx_table_count_V, i64 0, i64 %zext_ln587_2" [/mnt/scratch/pyuvaraj/Vitis_RoCE_W/Vitis_RoCE/fpga-network-stack/hls/toe/tx_sar_table/tx_sar_table.cpp:161]   --->   Operation 126 'getelementptr' 'tx_table_count_V_addr' <Predicate = (!tmp_i & !tmp_i_112 & tmp_1_i)> <Delay = 0.00>
ST_3 : Operation 127 [1/1] (0.00ns)   --->   "%tx_table_fastRetransmitted_addr = getelementptr i1 %tx_table_fastRetransmitted, i64 0, i64 %zext_ln587_2" [/mnt/scratch/pyuvaraj/Vitis_RoCE_W/Vitis_RoCE/fpga-network-stack/hls/toe/tx_sar_table/tx_sar_table.cpp:162]   --->   Operation 127 'getelementptr' 'tx_table_fastRetransmitted_addr' <Predicate = (!tmp_i & !tmp_i_112 & tmp_1_i)> <Delay = 0.00>
ST_3 : Operation 128 [1/1] (0.00ns)   --->   "%br_ln156 = br i1 %tmp_write_V_1, void %if.else188.i, void %if.then128.i" [/mnt/scratch/pyuvaraj/Vitis_RoCE_W/Vitis_RoCE/fpga-network-stack/hls/toe/tx_sar_table/tx_sar_table.cpp:156]   --->   Operation 128 'br' 'br_ln156' <Predicate = (!tmp_i & !tmp_i_112 & tmp_1_i)> <Delay = 0.00>
ST_3 : Operation 129 [2/2] (1.17ns)   --->   "%tx_table_count_V_load = load i10 %tx_table_count_V_addr" [/mnt/scratch/pyuvaraj/Vitis_RoCE_W/Vitis_RoCE/fpga-network-stack/hls/toe/tx_sar_table/tx_sar_table.cpp:204]   --->   Operation 129 'load' 'tx_table_count_V_load' <Predicate = (!tmp_i & !tmp_i_112 & tmp_1_i & !tmp_write_V_1)> <Delay = 1.17> <CoreInst = "RAM_T2P_BRAM">   --->   Core 99 'RAM_T2P_BRAM' <Latency = 1> <II = 1> <Delay = 1.17> <Storage> <Opcode : 'load' 'store'> <Ports = 2> <Width = 2> <Depth = 1000> <RAM>
ST_3 : Operation 130 [2/2] (1.17ns)   --->   "%tx_table_fastRetransmitted_load = load i10 %tx_table_fastRetransmitted_addr" [/mnt/scratch/pyuvaraj/Vitis_RoCE_W/Vitis_RoCE/fpga-network-stack/hls/toe/tx_sar_table/tx_sar_table.cpp:205]   --->   Operation 130 'load' 'tx_table_fastRetransmitted_load' <Predicate = (!tmp_i & !tmp_i_112 & tmp_1_i & !tmp_write_V_1)> <Delay = 1.17> <CoreInst = "RAM_T2P_BRAM">   --->   Core 99 'RAM_T2P_BRAM' <Latency = 1> <II = 1> <Delay = 1.17> <Storage> <Opcode : 'load' 'store'> <Ports = 2> <Width = 1> <Depth = 1000> <RAM>
ST_3 : Operation 131 [1/1] (0.00ns)   --->   "%tx_table_recv_window_V_addr_1 = getelementptr i16 %tx_table_recv_window_V, i64 0, i64 %zext_ln587_2" [/mnt/scratch/pyuvaraj/Vitis_RoCE_W/Vitis_RoCE/fpga-network-stack/hls/toe/tx_sar_table/tx_sar_table.cpp:159]   --->   Operation 131 'getelementptr' 'tx_table_recv_window_V_addr_1' <Predicate = (!tmp_i & !tmp_i_112 & tmp_1_i & tmp_write_V_1)> <Delay = 0.00>
ST_3 : Operation 132 [1/1] (1.17ns)   --->   "%store_ln159 = store i16 %tmp_recv_window_V, i10 %tx_table_recv_window_V_addr_1" [/mnt/scratch/pyuvaraj/Vitis_RoCE_W/Vitis_RoCE/fpga-network-stack/hls/toe/tx_sar_table/tx_sar_table.cpp:159]   --->   Operation 132 'store' 'store_ln159' <Predicate = (!tmp_i & !tmp_i_112 & tmp_1_i & tmp_write_V_1)> <Delay = 1.17> <CoreInst = "RAM_T2P_BRAM">   --->   Core 99 'RAM_T2P_BRAM' <Latency = 1> <II = 1> <Delay = 1.17> <Storage> <Opcode : 'load' 'store'> <Ports = 2> <Width = 16> <Depth = 1000> <RAM>
ST_3 : Operation 133 [1/1] (1.17ns)   --->   "%store_ln161 = store i2 %tmp_count_V, i10 %tx_table_count_V_addr" [/mnt/scratch/pyuvaraj/Vitis_RoCE_W/Vitis_RoCE/fpga-network-stack/hls/toe/tx_sar_table/tx_sar_table.cpp:161]   --->   Operation 133 'store' 'store_ln161' <Predicate = (!tmp_i & !tmp_i_112 & tmp_1_i & tmp_write_V_1)> <Delay = 1.17> <CoreInst = "RAM_T2P_BRAM">   --->   Core 99 'RAM_T2P_BRAM' <Latency = 1> <II = 1> <Delay = 1.17> <Storage> <Opcode : 'load' 'store'> <Ports = 2> <Width = 2> <Depth = 1000> <RAM>
ST_3 : Operation 134 [1/1] (1.17ns)   --->   "%store_ln162 = store i1 %tst_rxEngUpdate_fastRetransmitted, i10 %tx_table_fastRetransmitted_addr" [/mnt/scratch/pyuvaraj/Vitis_RoCE_W/Vitis_RoCE/fpga-network-stack/hls/toe/tx_sar_table/tx_sar_table.cpp:162]   --->   Operation 134 'store' 'store_ln162' <Predicate = (!tmp_i & !tmp_i_112 & tmp_1_i & tmp_write_V_1)> <Delay = 1.17> <CoreInst = "RAM_T2P_BRAM">   --->   Core 99 'RAM_T2P_BRAM' <Latency = 1> <II = 1> <Delay = 1.17> <Storage> <Opcode : 'load' 'store'> <Ports = 2> <Width = 1> <Depth = 1000> <RAM>
ST_3 : Operation 135 [1/1] (0.00ns)   --->   "%tx_table_win_shift_V_addr_1 = getelementptr i4 %tx_table_win_shift_V, i64 0, i64 %zext_ln587_2" [/mnt/scratch/pyuvaraj/Vitis_RoCE_W/Vitis_RoCE/fpga-network-stack/hls/toe/tx_sar_table/tx_sar_table.cpp:168]   --->   Operation 135 'getelementptr' 'tx_table_win_shift_V_addr_1' <Predicate = (!tmp_i & !tmp_i_112 & tmp_1_i & tmp_write_V_1)> <Delay = 0.00>
ST_3 : Operation 136 [1/1] (0.00ns)   --->   "%br_ln165 = br i1 %tmp_init_V_1, void %if.else163.i, void %if.then156.i" [/mnt/scratch/pyuvaraj/Vitis_RoCE_W/Vitis_RoCE/fpga-network-stack/hls/toe/tx_sar_table/tx_sar_table.cpp:165]   --->   Operation 136 'br' 'br_ln165' <Predicate = (!tmp_i & !tmp_i_112 & tmp_1_i & tmp_write_V_1)> <Delay = 0.00>
ST_3 : Operation 137 [2/2] (1.17ns)   --->   "%win_shift_V_2 = load i10 %tx_table_win_shift_V_addr_1" [/mnt/scratch/pyuvaraj/Vitis_RoCE_W/Vitis_RoCE/fpga-network-stack/hls/toe/tx_sar_table/tx_sar_table.cpp:172]   --->   Operation 137 'load' 'win_shift_V_2' <Predicate = (!tmp_i & !tmp_i_112 & tmp_1_i & tmp_write_V_1 & !tmp_init_V_1)> <Delay = 1.17> <CoreInst = "RAM_T2P_BRAM">   --->   Core 99 'RAM_T2P_BRAM' <Latency = 1> <II = 1> <Delay = 1.17> <Storage> <Opcode : 'load' 'store'> <Ports = 2> <Width = 4> <Depth = 1000> <RAM>
ST_3 : Operation 138 [1/1] (1.17ns)   --->   "%store_ln168 = store i4 %tmp_win_shift_V, i10 %tx_table_win_shift_V_addr_1" [/mnt/scratch/pyuvaraj/Vitis_RoCE_W/Vitis_RoCE/fpga-network-stack/hls/toe/tx_sar_table/tx_sar_table.cpp:168]   --->   Operation 138 'store' 'store_ln168' <Predicate = (!tmp_i & !tmp_i_112 & tmp_1_i & tmp_write_V_1 & tmp_init_V_1)> <Delay = 1.17> <CoreInst = "RAM_T2P_BRAM">   --->   Core 99 'RAM_T2P_BRAM' <Latency = 1> <II = 1> <Delay = 1.17> <Storage> <Opcode : 'load' 'store'> <Ports = 2> <Width = 4> <Depth = 1000> <RAM>
ST_3 : Operation 139 [1/1] (0.38ns)   --->   "%br_ln169 = br void %if.end168.i" [/mnt/scratch/pyuvaraj/Vitis_RoCE_W/Vitis_RoCE/fpga-network-stack/hls/toe/tx_sar_table/tx_sar_table.cpp:169]   --->   Operation 139 'br' 'br_ln169' <Predicate = (!tmp_i & !tmp_i_112 & tmp_1_i & tmp_write_V_1 & tmp_init_V_1)> <Delay = 0.38>
ST_3 : Operation 140 [1/1] (0.00ns)   --->   "%tmp_9_i = partselect i18 @_ssdm_op_PartSelect.i18.i192.i32.i32, i192 %rxEng2txSar_upd_req_read, i32 32, i32 49" [/tools/Xilinx/Vitis_HLS/2022.1/common/technology/autopilot/hls_stream_39.h:174]   --->   Operation 140 'partselect' 'tmp_9_i' <Predicate = (!tmp_i & !tmp_i_112 & tmp_1_i & tmp_write_V_1)> <Delay = 0.00>
ST_3 : Operation 141 [1/1] (0.00ns)   --->   "%br_ln207 = br void %if.end220.i" [/mnt/scratch/pyuvaraj/Vitis_RoCE_W/Vitis_RoCE/fpga-network-stack/hls/toe/tx_sar_table/tx_sar_table.cpp:207]   --->   Operation 141 'br' 'br_ln207' <Predicate = (!tmp_i & !tmp_i_112 & tmp_1_i)> <Delay = 0.00>
ST_3 : Operation 142 [1/1] (0.00ns)   --->   "%zext_ln587_1 = zext i10 %tmp_sessionID_V_1"   --->   Operation 142 'zext' 'zext_ln587_1' <Predicate = (!tmp_i & tmp_i_112)> <Delay = 0.00>
ST_3 : Operation 143 [1/1] (0.00ns)   --->   "%tx_table_app_V_addr_1 = getelementptr i18 %tx_table_app_V, i64 0, i64 %zext_ln587_1" [/mnt/scratch/pyuvaraj/Vitis_RoCE_W/Vitis_RoCE/fpga-network-stack/hls/toe/tx_sar_table/tx_sar_table.cpp:150]   --->   Operation 143 'getelementptr' 'tx_table_app_V_addr_1' <Predicate = (!tmp_i & tmp_i_112)> <Delay = 0.00>
ST_3 : Operation 144 [1/1] (1.20ns)   --->   "%store_ln150 = store i18 %tmp_app_V, i10 %tx_table_app_V_addr_1" [/mnt/scratch/pyuvaraj/Vitis_RoCE_W/Vitis_RoCE/fpga-network-stack/hls/toe/tx_sar_table/tx_sar_table.cpp:150]   --->   Operation 144 'store' 'store_ln150' <Predicate = (!tmp_i & tmp_i_112)> <Delay = 1.20> <CoreInst = "RAM_T2P_BRAM">   --->   Core 99 'RAM_T2P_BRAM' <Latency = 1> <II = 1> <Delay = 1.20> <Storage> <Opcode : 'load' 'store'> <Ports = 2> <Width = 18> <Depth = 1000> <RAM>
ST_3 : Operation 145 [1/1] (0.00ns)   --->   "%br_ln151 = br void %if.end221.i" [/mnt/scratch/pyuvaraj/Vitis_RoCE_W/Vitis_RoCE/fpga-network-stack/hls/toe/tx_sar_table/tx_sar_table.cpp:151]   --->   Operation 145 'br' 'br_ln151' <Predicate = (!tmp_i & tmp_i_112)> <Delay = 0.00>
ST_3 : Operation 146 [1/2] (1.20ns)   --->   "%entry_ackd_V = load i10 %tx_table_ackd_V_addr" [/mnt/scratch/pyuvaraj/Vitis_RoCE_W/Vitis_RoCE/fpga-network-stack/hls/toe/tx_sar_table/tx_sar_table.cpp:100]   --->   Operation 146 'load' 'entry_ackd_V' <Predicate = (tmp_i & !tmp_write_V)> <Delay = 1.20> <CoreInst = "RAM_T2P_BRAM">   --->   Core 99 'RAM_T2P_BRAM' <Latency = 1> <II = 1> <Delay = 1.20> <Storage> <Opcode : 'load' 'store'> <Ports = 2> <Width = 32> <Depth = 1000> <RAM>
ST_3 : Operation 147 [1/2] (1.20ns)   --->   "%entry_not_ackd_V = load i10 %tx_table_not_ackd_V_addr" [/mnt/scratch/pyuvaraj/Vitis_RoCE_W/Vitis_RoCE/fpga-network-stack/hls/toe/tx_sar_table/tx_sar_table.cpp:100]   --->   Operation 147 'load' 'entry_not_ackd_V' <Predicate = (tmp_i & !tmp_write_V)> <Delay = 1.20> <CoreInst = "RAM_T2P_BRAM">   --->   Core 99 'RAM_T2P_BRAM' <Latency = 1> <II = 1> <Delay = 1.20> <Storage> <Opcode : 'load' 'store'> <Ports = 2> <Width = 32> <Depth = 1000> <RAM>
ST_3 : Operation 148 [1/2] (1.17ns)   --->   "%entry_recv_window_V = load i10 %tx_table_recv_window_V_addr" [/mnt/scratch/pyuvaraj/Vitis_RoCE_W/Vitis_RoCE/fpga-network-stack/hls/toe/tx_sar_table/tx_sar_table.cpp:100]   --->   Operation 148 'load' 'entry_recv_window_V' <Predicate = (tmp_i & !tmp_write_V)> <Delay = 1.17> <CoreInst = "RAM_T2P_BRAM">   --->   Core 99 'RAM_T2P_BRAM' <Latency = 1> <II = 1> <Delay = 1.17> <Storage> <Opcode : 'load' 'store'> <Ports = 2> <Width = 16> <Depth = 1000> <RAM>
ST_3 : Operation 149 [1/2] (1.17ns)   --->   "%entry_win_shift_V = load i10 %tx_table_win_shift_V_addr" [/mnt/scratch/pyuvaraj/Vitis_RoCE_W/Vitis_RoCE/fpga-network-stack/hls/toe/tx_sar_table/tx_sar_table.cpp:100]   --->   Operation 149 'load' 'entry_win_shift_V' <Predicate = (tmp_i & !tmp_write_V)> <Delay = 1.17> <CoreInst = "RAM_T2P_BRAM">   --->   Core 99 'RAM_T2P_BRAM' <Latency = 1> <II = 1> <Delay = 1.17> <Storage> <Opcode : 'load' 'store'> <Ports = 2> <Width = 4> <Depth = 1000> <RAM>
ST_3 : Operation 150 [1/2] (1.20ns)   --->   "%entry_cong_window_V = load i10 %tx_table_cong_window_V_addr" [/mnt/scratch/pyuvaraj/Vitis_RoCE_W/Vitis_RoCE/fpga-network-stack/hls/toe/tx_sar_table/tx_sar_table.cpp:100]   --->   Operation 150 'load' 'entry_cong_window_V' <Predicate = (tmp_i & !tmp_write_V)> <Delay = 1.20> <CoreInst = "RAM_T2P_BRAM">   --->   Core 99 'RAM_T2P_BRAM' <Latency = 1> <II = 1> <Delay = 1.20> <Storage> <Opcode : 'load' 'store'> <Ports = 2> <Width = 18> <Depth = 1000> <RAM>
ST_3 : Operation 151 [1/2] (1.20ns)   --->   "%entry_app_V = load i10 %tx_table_app_V_addr" [/mnt/scratch/pyuvaraj/Vitis_RoCE_W/Vitis_RoCE/fpga-network-stack/hls/toe/tx_sar_table/tx_sar_table.cpp:100]   --->   Operation 151 'load' 'entry_app_V' <Predicate = (tmp_i & !tmp_write_V)> <Delay = 1.20> <CoreInst = "RAM_T2P_BRAM">   --->   Core 99 'RAM_T2P_BRAM' <Latency = 1> <II = 1> <Delay = 1.20> <Storage> <Opcode : 'load' 'store'> <Ports = 2> <Width = 18> <Depth = 1000> <RAM>
ST_3 : Operation 152 [1/2] (1.17ns)   --->   "%entry_finReady = load i10 %tx_table_finReady_addr" [/mnt/scratch/pyuvaraj/Vitis_RoCE_W/Vitis_RoCE/fpga-network-stack/hls/toe/tx_sar_table/tx_sar_table.cpp:100]   --->   Operation 152 'load' 'entry_finReady' <Predicate = (tmp_i & !tmp_write_V)> <Delay = 1.17> <CoreInst = "RAM_T2P_BRAM">   --->   Core 99 'RAM_T2P_BRAM' <Latency = 1> <II = 1> <Delay = 1.17> <Storage> <Opcode : 'load' 'store'> <Ports = 2> <Width = 1> <Depth = 1000> <RAM>
ST_3 : Operation 153 [1/2] (1.17ns)   --->   "%entry_finSent = load i10 %tx_table_finSent_addr" [/mnt/scratch/pyuvaraj/Vitis_RoCE_W/Vitis_RoCE/fpga-network-stack/hls/toe/tx_sar_table/tx_sar_table.cpp:100]   --->   Operation 153 'load' 'entry_finSent' <Predicate = (tmp_i & !tmp_write_V)> <Delay = 1.17> <CoreInst = "RAM_T2P_BRAM">   --->   Core 99 'RAM_T2P_BRAM' <Latency = 1> <II = 1> <Delay = 1.17> <Storage> <Opcode : 'load' 'store'> <Ports = 2> <Width = 1> <Depth = 1000> <RAM>
ST_3 : Operation 154 [1/1] (0.00ns)   --->   "%trunc_ln232 = trunc i32 %entry_not_ackd_V"   --->   Operation 154 'trunc' 'trunc_ln232' <Predicate = (tmp_i & !tmp_write_V)> <Delay = 0.00>
ST_3 : Operation 155 [1/1] (0.00ns)   --->   "%trunc_ln232_1 = trunc i32 %entry_ackd_V"   --->   Operation 155 'trunc' 'trunc_ln232_1' <Predicate = (tmp_i & !tmp_write_V)> <Delay = 0.00>
ST_3 : Operation 156 [1/1] (0.79ns)   --->   "%usedLength_V = sub i18 %trunc_ln232, i18 %trunc_ln232_1"   --->   Operation 156 'sub' 'usedLength_V' <Predicate = (tmp_i & !tmp_write_V)> <Delay = 0.79> <CoreInst = "Adder">   --->   Core 1 'Adder' <Latency = 0> <II = 1> <Delay = 0.79> <FuncUnit> <Opcode : 'add' 'sub'> <InPorts = 2> <OutPorts = 1>
ST_3 : Operation 157 [1/1] (0.00ns)   --->   "%zext_ln598 = zext i4 %entry_win_shift_V"   --->   Operation 157 'zext' 'zext_ln598' <Predicate = (tmp_i & !tmp_write_V)> <Delay = 0.00>
ST_3 : Operation 158 [1/1] (0.70ns)   --->   "%sub_ln414 = sub i5 14, i5 %zext_ln598"   --->   Operation 158 'sub' 'sub_ln414' <Predicate = (tmp_i & !tmp_write_V)> <Delay = 0.70> <CoreInst = "Adder">   --->   Core 1 'Adder' <Latency = 0> <II = 1> <Delay = 0.70> <FuncUnit> <Opcode : 'add' 'sub'> <InPorts = 2> <OutPorts = 1>

State 4 <SV = 3> <Delay = 1.97>
ST_4 : Operation 159 [1/1] (0.00ns)   --->   "%tx_table_ackd_V_addr_1 = getelementptr i32 %tx_table_ackd_V, i64 0, i64 %zext_ln587_2" [/mnt/scratch/pyuvaraj/Vitis_RoCE_W/Vitis_RoCE/fpga-network-stack/hls/toe/tx_sar_table/tx_sar_table.cpp:158]   --->   Operation 159 'getelementptr' 'tx_table_ackd_V_addr_1' <Predicate = (!tmp_i & !tmp_i_112 & tmp_1_i)> <Delay = 0.00>
ST_4 : Operation 160 [1/1] (0.00ns)   --->   "%tx_table_cong_window_V_addr_2 = getelementptr i18 %tx_table_cong_window_V, i64 0, i64 %zext_ln587_2" [/mnt/scratch/pyuvaraj/Vitis_RoCE_W/Vitis_RoCE/fpga-network-stack/hls/toe/tx_sar_table/tx_sar_table.cpp:160]   --->   Operation 160 'getelementptr' 'tx_table_cong_window_V_addr_2' <Predicate = (!tmp_i & !tmp_i_112 & tmp_1_i)> <Delay = 0.00>
ST_4 : Operation 161 [2/2] (1.20ns)   --->   "%tx_table_ackd_V_load = load i10 %tx_table_ackd_V_addr_1" [/mnt/scratch/pyuvaraj/Vitis_RoCE_W/Vitis_RoCE/fpga-network-stack/hls/toe/tx_sar_table/tx_sar_table.cpp:200]   --->   Operation 161 'load' 'tx_table_ackd_V_load' <Predicate = (!tmp_i & !tmp_i_112 & tmp_1_i & !tmp_write_V_1)> <Delay = 1.20> <CoreInst = "RAM_T2P_BRAM">   --->   Core 99 'RAM_T2P_BRAM' <Latency = 1> <II = 1> <Delay = 1.20> <Storage> <Opcode : 'load' 'store'> <Ports = 2> <Width = 32> <Depth = 1000> <RAM>
ST_4 : Operation 162 [1/1] (0.00ns)   --->   "%tx_table_not_ackd_V_addr_2 = getelementptr i32 %tx_table_not_ackd_V, i64 0, i64 %zext_ln587_2" [/mnt/scratch/pyuvaraj/Vitis_RoCE_W/Vitis_RoCE/fpga-network-stack/hls/toe/tx_sar_table/tx_sar_table.cpp:201]   --->   Operation 162 'getelementptr' 'tx_table_not_ackd_V_addr_2' <Predicate = (!tmp_i & !tmp_i_112 & tmp_1_i & !tmp_write_V_1)> <Delay = 0.00>
ST_4 : Operation 163 [2/2] (1.20ns)   --->   "%tx_table_not_ackd_V_load = load i10 %tx_table_not_ackd_V_addr_2" [/mnt/scratch/pyuvaraj/Vitis_RoCE_W/Vitis_RoCE/fpga-network-stack/hls/toe/tx_sar_table/tx_sar_table.cpp:201]   --->   Operation 163 'load' 'tx_table_not_ackd_V_load' <Predicate = (!tmp_i & !tmp_i_112 & tmp_1_i & !tmp_write_V_1)> <Delay = 1.20> <CoreInst = "RAM_T2P_BRAM">   --->   Core 99 'RAM_T2P_BRAM' <Latency = 1> <II = 1> <Delay = 1.20> <Storage> <Opcode : 'load' 'store'> <Ports = 2> <Width = 32> <Depth = 1000> <RAM>
ST_4 : Operation 164 [2/2] (1.20ns)   --->   "%tx_table_cong_window_V_load = load i10 %tx_table_cong_window_V_addr_2" [/mnt/scratch/pyuvaraj/Vitis_RoCE_W/Vitis_RoCE/fpga-network-stack/hls/toe/tx_sar_table/tx_sar_table.cpp:202]   --->   Operation 164 'load' 'tx_table_cong_window_V_load' <Predicate = (!tmp_i & !tmp_i_112 & tmp_1_i & !tmp_write_V_1)> <Delay = 1.20> <CoreInst = "RAM_T2P_BRAM">   --->   Core 99 'RAM_T2P_BRAM' <Latency = 1> <II = 1> <Delay = 1.20> <Storage> <Opcode : 'load' 'store'> <Ports = 2> <Width = 18> <Depth = 1000> <RAM>
ST_4 : Operation 165 [1/1] (0.00ns)   --->   "%tx_table_slowstart_threshold_V_addr_2 = getelementptr i18 %tx_table_slowstart_threshold_V, i64 0, i64 %zext_ln587_2" [/mnt/scratch/pyuvaraj/Vitis_RoCE_W/Vitis_RoCE/fpga-network-stack/hls/toe/tx_sar_table/tx_sar_table.cpp:203]   --->   Operation 165 'getelementptr' 'tx_table_slowstart_threshold_V_addr_2' <Predicate = (!tmp_i & !tmp_i_112 & tmp_1_i & !tmp_write_V_1)> <Delay = 0.00>
ST_4 : Operation 166 [2/2] (1.20ns)   --->   "%tx_table_slowstart_threshold_V_load = load i10 %tx_table_slowstart_threshold_V_addr_2" [/mnt/scratch/pyuvaraj/Vitis_RoCE_W/Vitis_RoCE/fpga-network-stack/hls/toe/tx_sar_table/tx_sar_table.cpp:203]   --->   Operation 166 'load' 'tx_table_slowstart_threshold_V_load' <Predicate = (!tmp_i & !tmp_i_112 & tmp_1_i & !tmp_write_V_1)> <Delay = 1.20> <CoreInst = "RAM_T2P_BRAM">   --->   Core 99 'RAM_T2P_BRAM' <Latency = 1> <II = 1> <Delay = 1.20> <Storage> <Opcode : 'load' 'store'> <Ports = 2> <Width = 18> <Depth = 1000> <RAM>
ST_4 : Operation 167 [1/2] (1.17ns)   --->   "%tx_table_count_V_load = load i10 %tx_table_count_V_addr" [/mnt/scratch/pyuvaraj/Vitis_RoCE_W/Vitis_RoCE/fpga-network-stack/hls/toe/tx_sar_table/tx_sar_table.cpp:204]   --->   Operation 167 'load' 'tx_table_count_V_load' <Predicate = (!tmp_i & !tmp_i_112 & tmp_1_i & !tmp_write_V_1)> <Delay = 1.17> <CoreInst = "RAM_T2P_BRAM">   --->   Core 99 'RAM_T2P_BRAM' <Latency = 1> <II = 1> <Delay = 1.17> <Storage> <Opcode : 'load' 'store'> <Ports = 2> <Width = 2> <Depth = 1000> <RAM>
ST_4 : Operation 168 [1/2] (1.17ns)   --->   "%tx_table_fastRetransmitted_load = load i10 %tx_table_fastRetransmitted_addr" [/mnt/scratch/pyuvaraj/Vitis_RoCE_W/Vitis_RoCE/fpga-network-stack/hls/toe/tx_sar_table/tx_sar_table.cpp:205]   --->   Operation 168 'load' 'tx_table_fastRetransmitted_load' <Predicate = (!tmp_i & !tmp_i_112 & tmp_1_i & !tmp_write_V_1)> <Delay = 1.17> <CoreInst = "RAM_T2P_BRAM">   --->   Core 99 'RAM_T2P_BRAM' <Latency = 1> <II = 1> <Delay = 1.17> <Storage> <Opcode : 'load' 'store'> <Ports = 2> <Width = 1> <Depth = 1000> <RAM>
ST_4 : Operation 169 [1/1] (1.20ns)   --->   "%store_ln158 = store i32 %tmp_ackd_V, i10 %tx_table_ackd_V_addr_1" [/mnt/scratch/pyuvaraj/Vitis_RoCE_W/Vitis_RoCE/fpga-network-stack/hls/toe/tx_sar_table/tx_sar_table.cpp:158]   --->   Operation 169 'store' 'store_ln158' <Predicate = (!tmp_i & !tmp_i_112 & tmp_1_i & tmp_write_V_1)> <Delay = 1.20> <CoreInst = "RAM_T2P_BRAM">   --->   Core 99 'RAM_T2P_BRAM' <Latency = 1> <II = 1> <Delay = 1.20> <Storage> <Opcode : 'load' 'store'> <Ports = 2> <Width = 32> <Depth = 1000> <RAM>
ST_4 : Operation 170 [1/1] (1.20ns)   --->   "%store_ln160 = store i18 %tmp_cong_window_V, i10 %tx_table_cong_window_V_addr_2" [/mnt/scratch/pyuvaraj/Vitis_RoCE_W/Vitis_RoCE/fpga-network-stack/hls/toe/tx_sar_table/tx_sar_table.cpp:160]   --->   Operation 170 'store' 'store_ln160' <Predicate = (!tmp_i & !tmp_i_112 & tmp_1_i & tmp_write_V_1)> <Delay = 1.20> <CoreInst = "RAM_T2P_BRAM">   --->   Core 99 'RAM_T2P_BRAM' <Latency = 1> <II = 1> <Delay = 1.20> <Storage> <Opcode : 'load' 'store'> <Ports = 2> <Width = 18> <Depth = 1000> <RAM>
ST_4 : Operation 171 [1/2] (1.17ns)   --->   "%win_shift_V_2 = load i10 %tx_table_win_shift_V_addr_1" [/mnt/scratch/pyuvaraj/Vitis_RoCE_W/Vitis_RoCE/fpga-network-stack/hls/toe/tx_sar_table/tx_sar_table.cpp:172]   --->   Operation 171 'load' 'win_shift_V_2' <Predicate = (!tmp_i & !tmp_i_112 & tmp_1_i & tmp_write_V_1 & !tmp_init_V_1)> <Delay = 1.17> <CoreInst = "RAM_T2P_BRAM">   --->   Core 99 'RAM_T2P_BRAM' <Latency = 1> <II = 1> <Delay = 1.17> <Storage> <Opcode : 'load' 'store'> <Ports = 2> <Width = 4> <Depth = 1000> <RAM>
ST_4 : Operation 172 [1/1] (0.38ns)   --->   "%br_ln0 = br void %if.end168.i"   --->   Operation 172 'br' 'br_ln0' <Predicate = (!tmp_i & !tmp_i_112 & tmp_1_i & tmp_write_V_1 & !tmp_init_V_1)> <Delay = 0.38>
ST_4 : Operation 173 [1/1] (0.00ns) (grouped into LUT with out node p_Result_s)   --->   "%zext_ln232 = zext i16 %entry_recv_window_V"   --->   Operation 173 'zext' 'zext_ln232' <Predicate = (tmp_i & !tmp_write_V)> <Delay = 0.00>
ST_4 : Operation 174 [1/1] (0.00ns) (grouped into LUT with out node p_Result_s)   --->   "%zext_ln414 = zext i4 %entry_win_shift_V"   --->   Operation 174 'zext' 'zext_ln414' <Predicate = (tmp_i & !tmp_write_V)> <Delay = 0.00>
ST_4 : Operation 175 [1/1] (0.00ns) (grouped into LUT with out node p_Result_s)   --->   "%zext_ln414_1 = zext i4 %entry_win_shift_V"   --->   Operation 175 'zext' 'zext_ln414_1' <Predicate = (tmp_i & !tmp_write_V)> <Delay = 0.00>
ST_4 : Operation 176 [1/1] (0.00ns) (grouped into LUT with out node p_Result_s)   --->   "%zext_ln414_2 = zext i5 %sub_ln414"   --->   Operation 176 'zext' 'zext_ln414_2' <Predicate = (tmp_i & !tmp_write_V)> <Delay = 0.00>
ST_4 : Operation 177 [1/1] (0.00ns) (grouped into LUT with out node p_Result_s)   --->   "%shl_ln414 = shl i30 %zext_ln232, i30 %zext_ln414"   --->   Operation 177 'shl' 'shl_ln414' <Predicate = (tmp_i & !tmp_write_V)> <Delay = 0.00> <CoreInst = "Shifter">   --->   Core 75 'Shifter' <Latency = 0> <II = 1> <Delay = 0.84> <FuncUnit> <Opcode : 'shl' 'lshr' 'ashr'> <InPorts = 2> <OutPorts = 1>
ST_4 : Operation 178 [1/1] (0.00ns) (grouped into LUT with out node p_Result_s)   --->   "%shl_ln414_1 = shl i30 1073741823, i30 %zext_ln414_1"   --->   Operation 178 'shl' 'shl_ln414_1' <Predicate = (tmp_i & !tmp_write_V)> <Delay = 0.00> <CoreInst = "Shifter">   --->   Core 75 'Shifter' <Latency = 0> <II = 1> <Delay = 0.55> <FuncUnit> <Opcode : 'shl' 'lshr' 'ashr'> <InPorts = 2> <OutPorts = 1>
ST_4 : Operation 179 [1/1] (0.00ns) (grouped into LUT with out node p_Result_s)   --->   "%lshr_ln414 = lshr i30 1073741823, i30 %zext_ln414_2"   --->   Operation 179 'lshr' 'lshr_ln414' <Predicate = (tmp_i & !tmp_write_V)> <Delay = 0.00> <CoreInst = "Shifter">   --->   Core 75 'Shifter' <Latency = 0> <II = 1> <Delay = 0.59> <FuncUnit> <Opcode : 'shl' 'lshr' 'ashr'> <InPorts = 2> <OutPorts = 1>
ST_4 : Operation 180 [1/1] (0.00ns) (grouped into LUT with out node p_Result_s)   --->   "%and_ln414 = and i30 %shl_ln414_1, i30 %lshr_ln414"   --->   Operation 180 'and' 'and_ln414' <Predicate = (tmp_i & !tmp_write_V)> <Delay = 0.00> <CoreInst = "LogicGate">   --->   Core 74 'LogicGate' <Latency = 0> <II = 1> <Delay = 0.24> <FuncUnit> <Opcode : 'and' 'or' 'xor'> <InPorts = 2> <OutPorts = 1>
ST_4 : Operation 181 [1/1] (0.84ns) (out node of the LUT)   --->   "%p_Result_s = and i30 %shl_ln414, i30 %and_ln414"   --->   Operation 181 'and' 'p_Result_s' <Predicate = (tmp_i & !tmp_write_V)> <Delay = 0.84> <CoreInst = "LogicGate">   --->   Core 74 'LogicGate' <Latency = 0> <II = 1> <Delay = 0.24> <FuncUnit> <Opcode : 'and' 'or' 'xor'> <InPorts = 2> <OutPorts = 1>
ST_4 : Operation 182 [1/1] (0.00ns)   --->   "%zext_ln1073 = zext i18 %entry_cong_window_V"   --->   Operation 182 'zext' 'zext_ln1073' <Predicate = (tmp_i & !tmp_write_V)> <Delay = 0.00>
ST_4 : Operation 183 [1/1] (0.83ns)   --->   "%icmp_ln1073 = icmp_ult  i30 %zext_ln1073, i30 %p_Result_s"   --->   Operation 183 'icmp' 'icmp_ln1073' <Predicate = (tmp_i & !tmp_write_V)> <Delay = 0.83> <CoreInst = "Cmp">   --->   Core 9 'Cmp' <Latency = 0> <II = 1> <Delay = 0.83> <FuncUnit> <Opcode : 'icmp'> <InPorts = 2> <OutPorts = 1>
ST_4 : Operation 184 [1/1] (0.00ns)   --->   "%minWindow_V = trunc i30 %p_Result_s"   --->   Operation 184 'trunc' 'minWindow_V' <Predicate = (tmp_i & !tmp_write_V)> <Delay = 0.00>
ST_4 : Operation 185 [1/1] (0.29ns)   --->   "%minWindow_V_1 = select i1 %icmp_ln1073, i18 %entry_cong_window_V, i18 %minWindow_V" [/mnt/scratch/pyuvaraj/Vitis_RoCE_W/Vitis_RoCE/fpga-network-stack/hls/toe/tx_sar_table/tx_sar_table.cpp:123]   --->   Operation 185 'select' 'minWindow_V_1' <Predicate = (tmp_i & !tmp_write_V)> <Delay = 0.29> <CoreInst = "Sel">   --->   Core 73 'Sel' <Latency = 0> <II = 1> <Delay = 0.29> <FuncUnit> <Opcode : 'select'> <InPorts = 3> <OutPorts = 1>

State 5 <SV = 4> <Delay = 2.22>
ST_5 : Operation 186 [1/2] (1.20ns)   --->   "%tx_table_ackd_V_load = load i10 %tx_table_ackd_V_addr_1" [/mnt/scratch/pyuvaraj/Vitis_RoCE_W/Vitis_RoCE/fpga-network-stack/hls/toe/tx_sar_table/tx_sar_table.cpp:200]   --->   Operation 186 'load' 'tx_table_ackd_V_load' <Predicate = (!tmp_i & !tmp_i_112 & tmp_1_i & !tmp_write_V_1)> <Delay = 1.20> <CoreInst = "RAM_T2P_BRAM">   --->   Core 99 'RAM_T2P_BRAM' <Latency = 1> <II = 1> <Delay = 1.20> <Storage> <Opcode : 'load' 'store'> <Ports = 2> <Width = 32> <Depth = 1000> <RAM>
ST_5 : Operation 187 [1/2] (1.20ns)   --->   "%tx_table_not_ackd_V_load = load i10 %tx_table_not_ackd_V_addr_2" [/mnt/scratch/pyuvaraj/Vitis_RoCE_W/Vitis_RoCE/fpga-network-stack/hls/toe/tx_sar_table/tx_sar_table.cpp:201]   --->   Operation 187 'load' 'tx_table_not_ackd_V_load' <Predicate = (!tmp_i & !tmp_i_112 & tmp_1_i & !tmp_write_V_1)> <Delay = 1.20> <CoreInst = "RAM_T2P_BRAM">   --->   Core 99 'RAM_T2P_BRAM' <Latency = 1> <II = 1> <Delay = 1.20> <Storage> <Opcode : 'load' 'store'> <Ports = 2> <Width = 32> <Depth = 1000> <RAM>
ST_5 : Operation 188 [1/2] (1.20ns)   --->   "%tx_table_cong_window_V_load = load i10 %tx_table_cong_window_V_addr_2" [/mnt/scratch/pyuvaraj/Vitis_RoCE_W/Vitis_RoCE/fpga-network-stack/hls/toe/tx_sar_table/tx_sar_table.cpp:202]   --->   Operation 188 'load' 'tx_table_cong_window_V_load' <Predicate = (!tmp_i & !tmp_i_112 & tmp_1_i & !tmp_write_V_1)> <Delay = 1.20> <CoreInst = "RAM_T2P_BRAM">   --->   Core 99 'RAM_T2P_BRAM' <Latency = 1> <II = 1> <Delay = 1.20> <Storage> <Opcode : 'load' 'store'> <Ports = 2> <Width = 18> <Depth = 1000> <RAM>
ST_5 : Operation 189 [1/2] (1.20ns)   --->   "%tx_table_slowstart_threshold_V_load = load i10 %tx_table_slowstart_threshold_V_addr_2" [/mnt/scratch/pyuvaraj/Vitis_RoCE_W/Vitis_RoCE/fpga-network-stack/hls/toe/tx_sar_table/tx_sar_table.cpp:203]   --->   Operation 189 'load' 'tx_table_slowstart_threshold_V_load' <Predicate = (!tmp_i & !tmp_i_112 & tmp_1_i & !tmp_write_V_1)> <Delay = 1.20> <CoreInst = "RAM_T2P_BRAM">   --->   Core 99 'RAM_T2P_BRAM' <Latency = 1> <II = 1> <Delay = 1.20> <Storage> <Opcode : 'load' 'store'> <Ports = 2> <Width = 18> <Depth = 1000> <RAM>
ST_5 : Operation 190 [1/1] (0.00ns)   --->   "%win_shift_V_1 = phi i4 %tmp_win_shift_V, void %if.then156.i, i4 %win_shift_V_2, void %if.else163.i"   --->   Operation 190 'phi' 'win_shift_V_1' <Predicate = (!tmp_i & !tmp_i_112 & tmp_1_i & tmp_write_V_1)> <Delay = 0.00>
ST_5 : Operation 191 [1/1] (0.00ns)   --->   "%zext_ln598_1 = zext i4 %win_shift_V_1"   --->   Operation 191 'zext' 'zext_ln598_1' <Predicate = (!tmp_i & !tmp_i_112 & tmp_1_i & tmp_write_V_1)> <Delay = 0.00>
ST_5 : Operation 192 [1/1] (0.00ns) (grouped into LUT with out node p_Result_1)   --->   "%zext_ln232_1 = zext i16 %tmp_recv_window_V"   --->   Operation 192 'zext' 'zext_ln232_1' <Predicate = (!tmp_i & !tmp_i_112 & tmp_1_i & tmp_write_V_1)> <Delay = 0.00>
ST_5 : Operation 193 [1/1] (0.70ns)   --->   "%sub_ln414_1 = sub i5 14, i5 %zext_ln598_1"   --->   Operation 193 'sub' 'sub_ln414_1' <Predicate = (!tmp_i & !tmp_i_112 & tmp_1_i & tmp_write_V_1)> <Delay = 0.70> <CoreInst = "Adder">   --->   Core 1 'Adder' <Latency = 0> <II = 1> <Delay = 0.70> <FuncUnit> <Opcode : 'add' 'sub'> <InPorts = 2> <OutPorts = 1>
ST_5 : Operation 194 [1/1] (0.00ns) (grouped into LUT with out node p_Result_1)   --->   "%zext_ln414_3 = zext i4 %win_shift_V_1"   --->   Operation 194 'zext' 'zext_ln414_3' <Predicate = (!tmp_i & !tmp_i_112 & tmp_1_i & tmp_write_V_1)> <Delay = 0.00>
ST_5 : Operation 195 [1/1] (0.00ns) (grouped into LUT with out node p_Result_1)   --->   "%zext_ln414_4 = zext i4 %win_shift_V_1"   --->   Operation 195 'zext' 'zext_ln414_4' <Predicate = (!tmp_i & !tmp_i_112 & tmp_1_i & tmp_write_V_1)> <Delay = 0.00>
ST_5 : Operation 196 [1/1] (0.00ns) (grouped into LUT with out node p_Result_1)   --->   "%zext_ln414_5 = zext i5 %sub_ln414_1"   --->   Operation 196 'zext' 'zext_ln414_5' <Predicate = (!tmp_i & !tmp_i_112 & tmp_1_i & tmp_write_V_1)> <Delay = 0.00>
ST_5 : Operation 197 [1/1] (0.00ns) (grouped into LUT with out node p_Result_1)   --->   "%shl_ln414_2 = shl i30 %zext_ln232_1, i30 %zext_ln414_3"   --->   Operation 197 'shl' 'shl_ln414_2' <Predicate = (!tmp_i & !tmp_i_112 & tmp_1_i & tmp_write_V_1)> <Delay = 0.00> <CoreInst = "Shifter">   --->   Core 75 'Shifter' <Latency = 0> <II = 1> <Delay = 0.84> <FuncUnit> <Opcode : 'shl' 'lshr' 'ashr'> <InPorts = 2> <OutPorts = 1>
ST_5 : Operation 198 [1/1] (0.00ns) (grouped into LUT with out node p_Result_1)   --->   "%shl_ln414_3 = shl i30 1073741823, i30 %zext_ln414_4"   --->   Operation 198 'shl' 'shl_ln414_3' <Predicate = (!tmp_i & !tmp_i_112 & tmp_1_i & tmp_write_V_1)> <Delay = 0.00> <CoreInst = "Shifter">   --->   Core 75 'Shifter' <Latency = 0> <II = 1> <Delay = 0.55> <FuncUnit> <Opcode : 'shl' 'lshr' 'ashr'> <InPorts = 2> <OutPorts = 1>
ST_5 : Operation 199 [1/1] (0.00ns) (grouped into LUT with out node p_Result_1)   --->   "%lshr_ln414_1 = lshr i30 1073741823, i30 %zext_ln414_5"   --->   Operation 199 'lshr' 'lshr_ln414_1' <Predicate = (!tmp_i & !tmp_i_112 & tmp_1_i & tmp_write_V_1)> <Delay = 0.00> <CoreInst = "Shifter">   --->   Core 75 'Shifter' <Latency = 0> <II = 1> <Delay = 0.59> <FuncUnit> <Opcode : 'shl' 'lshr' 'ashr'> <InPorts = 2> <OutPorts = 1>
ST_5 : Operation 200 [1/1] (0.00ns) (grouped into LUT with out node p_Result_1)   --->   "%and_ln414_2 = and i30 %shl_ln414_3, i30 %lshr_ln414_1"   --->   Operation 200 'and' 'and_ln414_2' <Predicate = (!tmp_i & !tmp_i_112 & tmp_1_i & tmp_write_V_1)> <Delay = 0.00> <CoreInst = "LogicGate">   --->   Core 74 'LogicGate' <Latency = 0> <II = 1> <Delay = 0.24> <FuncUnit> <Opcode : 'and' 'or' 'xor'> <InPorts = 2> <OutPorts = 1>
ST_5 : Operation 201 [1/1] (0.84ns) (out node of the LUT)   --->   "%p_Result_1 = and i30 %shl_ln414_2, i30 %and_ln414_2"   --->   Operation 201 'and' 'p_Result_1' <Predicate = (!tmp_i & !tmp_i_112 & tmp_1_i & tmp_write_V_1)> <Delay = 0.84> <CoreInst = "LogicGate">   --->   Core 74 'LogicGate' <Latency = 0> <II = 1> <Delay = 0.24> <FuncUnit> <Opcode : 'and' 'or' 'xor'> <InPorts = 2> <OutPorts = 1>
ST_5 : Operation 202 [1/1] (0.00ns)   --->   "%trunc_ln232_3 = trunc i30 %p_Result_1"   --->   Operation 202 'trunc' 'trunc_ln232_3' <Predicate = (!tmp_i & !tmp_i_112 & tmp_1_i & tmp_write_V_1)> <Delay = 0.00>
ST_5 : Operation 203 [1/1] (0.69ns)   --->   "%icmp_ln1073_1 = icmp_ult  i18 %minWindow_V_1, i18 %usedLength_V"   --->   Operation 203 'icmp' 'icmp_ln1073_1' <Predicate = (tmp_i & !tmp_write_V)> <Delay = 0.69> <CoreInst = "Cmp">   --->   Core 9 'Cmp' <Latency = 0> <II = 1> <Delay = 0.69> <FuncUnit> <Opcode : 'icmp'> <InPorts = 2> <OutPorts = 1>
ST_5 : Operation 204 [1/1] (0.79ns)   --->   "%usableWindow_V = sub i18 %minWindow_V_1, i18 %usedLength_V"   --->   Operation 204 'sub' 'usableWindow_V' <Predicate = (tmp_i & !tmp_write_V)> <Delay = 0.79> <CoreInst = "Adder">   --->   Core 1 'Adder' <Latency = 0> <II = 1> <Delay = 0.79> <FuncUnit> <Opcode : 'add' 'sub'> <InPorts = 2> <OutPorts = 1>
ST_5 : Operation 205 [1/1] (0.29ns)   --->   "%select_ln133 = select i1 %icmp_ln1073_1, i18 %usableWindow_V, i18 0" [/mnt/scratch/pyuvaraj/Vitis_RoCE_W/Vitis_RoCE/fpga-network-stack/hls/toe/tx_sar_table/tx_sar_table.cpp:133]   --->   Operation 205 'select' 'select_ln133' <Predicate = (tmp_i & !tmp_write_V)> <Delay = 0.29> <CoreInst = "Sel">   --->   Core 73 'Sel' <Latency = 0> <II = 1> <Delay = 0.29> <FuncUnit> <Opcode : 'select'> <InPorts = 3> <OutPorts = 1>
ST_5 : Operation 206 [1/1] (0.00ns)   --->   "%or_ln174_3 = bitconcatenate i169 @_ssdm_op_BitConcatenate.i169.i1.i7.i1.i14.i18.i14.i18.i14.i18.i32.i32, i1 %entry_finSent, i7 0, i1 %entry_finReady, i14 0, i18 %usedLength_V, i14 0, i18 %entry_app_V, i14 0, i18 %select_ln133, i32 %entry_not_ackd_V, i32 %entry_ackd_V" [/tools/Xilinx/Vitis_HLS/2022.1/common/technology/autopilot/hls_stream_39.h:174]   --->   Operation 206 'bitconcatenate' 'or_ln174_3' <Predicate = (tmp_i & !tmp_write_V)> <Delay = 0.00>
ST_5 : Operation 207 [1/1] (0.00ns)   --->   "%zext_ln174 = zext i169 %or_ln174_3" [/tools/Xilinx/Vitis_HLS/2022.1/common/technology/autopilot/hls_stream_39.h:174]   --->   Operation 207 'zext' 'zext_ln174' <Predicate = (tmp_i & !tmp_write_V)> <Delay = 0.00>
ST_5 : Operation 208 [1/1] (1.13ns)   --->   "%write_ln174 = write void @_ssdm_op_Write.ap_fifo.volatile.i192P0A, i192 %txSar2txEng_upd_rsp, i192 %zext_ln174" [/tools/Xilinx/Vitis_HLS/2022.1/common/technology/autopilot/hls_stream_39.h:174]   --->   Operation 208 'write' 'write_ln174' <Predicate = (tmp_i & !tmp_write_V)> <Delay = 1.13> <CoreInst = "FIFO">   --->   Core 78 'FIFO' <Latency = 0> <II = 1> <Delay = 1.13> <Storage> <Opcode : 'read' 'write' 'nbread' 'nbwrite'> <Ports = 0> <Width = 192> <Depth = 16> <FIFO>
ST_5 : Operation 209 [1/1] (0.00ns)   --->   "%br_ln0 = br void %if.end113.i"   --->   Operation 209 'br' 'br_ln0' <Predicate = (tmp_i & !tmp_write_V)> <Delay = 0.00>

State 6 <SV = 5> <Delay = 2.29>
ST_6 : Operation 210 [1/1] (0.00ns)   --->   "%tmp_7_i = bitconcatenate i137 @_ssdm_op_BitConcatenate.i137.i1.i6.i2.i14.i18.i14.i18.i32.i32, i1 %tx_table_fastRetransmitted_load, i6 0, i2 %tx_table_count_V_load, i14 0, i18 %tx_table_slowstart_threshold_V_load, i14 0, i18 %tx_table_cong_window_V_load, i32 %tx_table_not_ackd_V_load, i32 %tx_table_ackd_V_load" [/tools/Xilinx/Vitis_HLS/2022.1/common/technology/autopilot/hls_stream_39.h:174]   --->   Operation 210 'bitconcatenate' 'tmp_7_i' <Predicate = (!tmp_i & !tmp_i_112 & tmp_1_i & !tmp_write_V_1)> <Delay = 0.00>
ST_6 : Operation 211 [1/1] (0.00ns)   --->   "%zext_ln174_2 = zext i137 %tmp_7_i" [/tools/Xilinx/Vitis_HLS/2022.1/common/technology/autopilot/hls_stream_39.h:174]   --->   Operation 211 'zext' 'zext_ln174_2' <Predicate = (!tmp_i & !tmp_i_112 & tmp_1_i & !tmp_write_V_1)> <Delay = 0.00>
ST_6 : Operation 212 [1/1] (1.13ns)   --->   "%write_ln174 = write void @_ssdm_op_Write.ap_fifo.volatile.i160P0A, i160 %txSar2rxEng_upd_rsp, i160 %zext_ln174_2" [/tools/Xilinx/Vitis_HLS/2022.1/common/technology/autopilot/hls_stream_39.h:174]   --->   Operation 212 'write' 'write_ln174' <Predicate = (!tmp_i & !tmp_i_112 & tmp_1_i & !tmp_write_V_1)> <Delay = 1.13> <CoreInst = "FIFO">   --->   Core 78 'FIFO' <Latency = 0> <II = 1> <Delay = 1.13> <Storage> <Opcode : 'read' 'write' 'nbread' 'nbwrite'> <Ports = 0> <Width = 160> <Depth = 16> <FIFO>
ST_6 : Operation 213 [1/1] (0.00ns)   --->   "%br_ln0 = br void %if.end219.i"   --->   Operation 213 'br' 'br_ln0' <Predicate = (!tmp_i & !tmp_i_112 & tmp_1_i & !tmp_write_V_1)> <Delay = 0.00>
ST_6 : Operation 214 [1/1] (0.00ns)   --->   "%zext_ln1073_1 = zext i18 %tmp_cong_window_V"   --->   Operation 214 'zext' 'zext_ln1073_1' <Predicate = (!tmp_i & !tmp_i_112 & tmp_1_i & tmp_write_V_1)> <Delay = 0.00>
ST_6 : Operation 215 [1/1] (0.83ns)   --->   "%icmp_ln1073_2 = icmp_ult  i30 %zext_ln1073_1, i30 %p_Result_1"   --->   Operation 215 'icmp' 'icmp_ln1073_2' <Predicate = (!tmp_i & !tmp_i_112 & tmp_1_i & tmp_write_V_1)> <Delay = 0.83> <CoreInst = "Cmp">   --->   Core 9 'Cmp' <Latency = 0> <II = 1> <Delay = 0.83> <FuncUnit> <Opcode : 'icmp'> <InPorts = 2> <OutPorts = 1>
ST_6 : Operation 216 [1/1] (0.29ns)   --->   "%minWindow = select i1 %icmp_ln1073_2, i18 %tmp_cong_window_V, i18 %trunc_ln232_3" [/mnt/scratch/pyuvaraj/Vitis_RoCE_W/Vitis_RoCE/fpga-network-stack/hls/toe/tx_sar_table/tx_sar_table.cpp:187]   --->   Operation 216 'select' 'minWindow' <Predicate = (!tmp_i & !tmp_i_112 & tmp_1_i & tmp_write_V_1)> <Delay = 0.29> <CoreInst = "Sel">   --->   Core 73 'Sel' <Latency = 0> <II = 1> <Delay = 0.29> <FuncUnit> <Opcode : 'select'> <InPorts = 3> <OutPorts = 1>
ST_6 : Operation 217 [1/1] (0.00ns)   --->   "%tmp_10_i = bitconcatenate i82 @_ssdm_op_BitConcatenate.i82.i18.i14.i18.i16.i16, i18 %minWindow, i14 0, i18 %tmp_9_i, i16 0, i16 %tmp_sessionID_V_2" [/tools/Xilinx/Vitis_HLS/2022.1/common/technology/autopilot/hls_stream_39.h:174]   --->   Operation 217 'bitconcatenate' 'tmp_10_i' <Predicate = (!tmp_i & !tmp_i_112 & tmp_1_i & tmp_write_V_1)> <Delay = 0.00>
ST_6 : Operation 218 [1/1] (0.00ns)   --->   "%zext_ln174_3 = zext i82 %tmp_10_i" [/tools/Xilinx/Vitis_HLS/2022.1/common/technology/autopilot/hls_stream_39.h:174]   --->   Operation 218 'zext' 'zext_ln174_3' <Predicate = (!tmp_i & !tmp_i_112 & tmp_1_i & tmp_write_V_1)> <Delay = 0.00>
ST_6 : Operation 219 [1/1] (1.16ns)   --->   "%write_ln174 = write void @_ssdm_op_Write.ap_fifo.volatile.i128P0A, i128 %txSar2txApp_ack_push, i128 %zext_ln174_3" [/tools/Xilinx/Vitis_HLS/2022.1/common/technology/autopilot/hls_stream_39.h:174]   --->   Operation 219 'write' 'write_ln174' <Predicate = (!tmp_i & !tmp_i_112 & tmp_1_i & tmp_write_V_1)> <Delay = 1.16> <CoreInst = "FIFO">   --->   Core 78 'FIFO' <Latency = 0> <II = 1> <Delay = 1.38> <Storage> <Opcode : 'read' 'write' 'nbread' 'nbwrite'> <Ports = 0> <Width = 128> <Depth = 16> <FIFO>
ST_6 : Operation 220 [1/1] (0.00ns)   --->   "%br_ln197 = br void %if.end219.i" [/mnt/scratch/pyuvaraj/Vitis_RoCE_W/Vitis_RoCE/fpga-network-stack/hls/toe/tx_sar_table/tx_sar_table.cpp:197]   --->   Operation 220 'br' 'br_ln197' <Predicate = (!tmp_i & !tmp_i_112 & tmp_1_i & tmp_write_V_1)> <Delay = 0.00>
ST_6 : Operation 221 [1/1] (0.00ns)   --->   "%zext_ln174_1_cast = bitconcatenate i97 @_ssdm_op_BitConcatenate.i97.i47.i18.i16.i16, i47 70368983384064, i18 %trunc_ln232_3_i, i16 0, i16 %tmp_sessionID_V" [/tools/Xilinx/Vitis_HLS/2022.1/common/technology/autopilot/hls_stream_39.h:174]   --->   Operation 221 'bitconcatenate' 'zext_ln174_1_cast' <Predicate = (tmp_i & tmp_write_V & !tst_txEngUpdate_isRtQuery & tmp_init_V)> <Delay = 0.00>
ST_6 : Operation 222 [1/1] (0.00ns)   --->   "%zext_ln174_1 = zext i97 %zext_ln174_1_cast" [/tools/Xilinx/Vitis_HLS/2022.1/common/technology/autopilot/hls_stream_39.h:174]   --->   Operation 222 'zext' 'zext_ln174_1' <Predicate = (tmp_i & tmp_write_V & !tst_txEngUpdate_isRtQuery & tmp_init_V)> <Delay = 0.00>
ST_6 : Operation 223 [1/1] (1.16ns)   --->   "%write_ln174 = write void @_ssdm_op_Write.ap_fifo.volatile.i128P0A, i128 %txSar2txApp_ack_push, i128 %zext_ln174_1" [/tools/Xilinx/Vitis_HLS/2022.1/common/technology/autopilot/hls_stream_39.h:174]   --->   Operation 223 'write' 'write_ln174' <Predicate = (tmp_i & tmp_write_V & !tst_txEngUpdate_isRtQuery & tmp_init_V)> <Delay = 1.16> <CoreInst = "FIFO">   --->   Core 78 'FIFO' <Latency = 0> <II = 1> <Delay = 1.38> <Storage> <Opcode : 'read' 'write' 'nbread' 'nbwrite'> <Ports = 0> <Width = 128> <Depth = 16> <FIFO>
ST_6 : Operation 224 [1/1] (0.00ns)   --->   "%br_ln81 = br void %if.end.i" [/mnt/scratch/pyuvaraj/Vitis_RoCE_W/Vitis_RoCE/fpga-network-stack/hls/toe/tx_sar_table/tx_sar_table.cpp:81]   --->   Operation 224 'br' 'br_ln81' <Predicate = (tmp_i & tmp_write_V & !tst_txEngUpdate_isRtQuery & tmp_init_V)> <Delay = 0.00>
ST_6 : Operation 225 [1/1] (0.00ns)   --->   "%ret_ln0 = ret"   --->   Operation 225 'ret' 'ret_ln0' <Predicate = true> <Delay = 0.00>


============================================================
+ Verbose Summary: Timing violations
============================================================
Target clock period: 3.2ns, clock uncertainty: 0.864ns.

 <State 1>: 1.29ns
The critical path consists of the following:
	fifo read operation ('txEng2txSar_upd_req_read', /tools/Xilinx/Vitis_HLS/2022.1/common/technology/autopilot/hls_stream_39.h:145) on port 'txEng2txSar_upd_req' (/tools/Xilinx/Vitis_HLS/2022.1/common/technology/autopilot/hls_stream_39.h:145) [144]  (1.17 ns)
	blocking operation 0.122 ns on control path)

 <State 2>: 2.08ns
The critical path consists of the following:
	'add' operation ('add_ln232') [206]  (0.88 ns)
	'store' operation ('store_ln70', /mnt/scratch/pyuvaraj/Vitis_RoCE_W/Vitis_RoCE/fpga-network-stack/hls/toe/tx_sar_table/tx_sar_table.cpp:70) of variable 'add_ln232' on array 'tx_table_ackd_V' [208]  (1.2 ns)

 <State 3>: 2.44ns
The critical path consists of the following:
	fifo read operation ('rxEng2txSar_upd_req_read', /tools/Xilinx/Vitis_HLS/2022.1/common/technology/autopilot/hls_stream_39.h:145) on port 'rxEng2txSar_upd_req' (/tools/Xilinx/Vitis_HLS/2022.1/common/technology/autopilot/hls_stream_39.h:145) [63]  (1.14 ns)
	'store' operation ('store_ln159', /mnt/scratch/pyuvaraj/Vitis_RoCE_W/Vitis_RoCE/fpga-network-stack/hls/toe/tx_sar_table/tx_sar_table.cpp:159) of variable 'tmp.recv_window.V', /tools/Xilinx/Vitis_HLS/2022.1/common/technology/autopilot/hls_stream_39.h:145 on array 'tx_table_recv_window_V' [95]  (1.18 ns)
	blocking operation 0.122 ns on control path)

 <State 4>: 1.97ns
The critical path consists of the following:
	'shl' operation ('shl_ln414') [180]  (0 ns)
	'and' operation ('__Result__') [184]  (0.844 ns)
	'icmp' operation ('icmp_ln1073') [186]  (0.836 ns)
	'select' operation ('minWindow.V', /mnt/scratch/pyuvaraj/Vitis_RoCE_W/Vitis_RoCE/fpga-network-stack/hls/toe/tx_sar_table/tx_sar_table.cpp:123) [188]  (0.293 ns)

 <State 5>: 2.23ns
The critical path consists of the following:
	'sub' operation ('usableWindow.V') [190]  (0.797 ns)
	'select' operation ('select_ln133', /mnt/scratch/pyuvaraj/Vitis_RoCE_W/Vitis_RoCE/fpga-network-stack/hls/toe/tx_sar_table/tx_sar_table.cpp:133) [191]  (0.293 ns)
	fifo write operation ('write_ln174', /tools/Xilinx/Vitis_HLS/2022.1/common/technology/autopilot/hls_stream_39.h:174) on port 'txSar2txEng_upd_rsp' (/tools/Xilinx/Vitis_HLS/2022.1/common/technology/autopilot/hls_stream_39.h:174) [194]  (1.14 ns)

 <State 6>: 2.3ns
The critical path consists of the following:
	'icmp' operation ('icmp_ln1073_2') [121]  (0.836 ns)
	'select' operation ('minWindow', /mnt/scratch/pyuvaraj/Vitis_RoCE_W/Vitis_RoCE/fpga-network-stack/hls/toe/tx_sar_table/tx_sar_table.cpp:187) [123]  (0.293 ns)
	fifo write operation ('write_ln174', /tools/Xilinx/Vitis_HLS/2022.1/common/technology/autopilot/hls_stream_39.h:174) on port 'txSar2txApp_ack_push' (/tools/Xilinx/Vitis_HLS/2022.1/common/technology/autopilot/hls_stream_39.h:174) [127]  (1.17 ns)


============================================================
+ Verbose Summary: Binding
============================================================
N/A
* FSMD analyzer results:
  - Output states:
 - Input state : 
  - Chain level:
	State 1
	State 2
	State 3
	State 4
	State 5
	State 6


============================================================
+ Verbose Summary: Datapath Resource usage 
============================================================
N/A
