

================================================================
== Vitis HLS Report for 'updateRequestSender'
================================================================
* Date:           Tue Jul 11 09:24:55 2023

* Version:        2022.1 (Build 3526262 on Mon Apr 18 15:47:01 MDT 2022)
* Project:        toe_prj
* Solution:       solution1 (Vivado IP Flow Target)
* Product family: virtexuplus
* Target device:  xcu280-fsvh2892-2L-e


================================================================
== Performance Estimates
================================================================
+ Timing: 
    * Summary: 
    +--------+---------+----------+------------+
    |  Clock |  Target | Estimated| Uncertainty|
    +--------+---------+----------+------------+
    |ap_clk  |  3.20 ns|  1.172 ns|     0.86 ns|
    +--------+---------+----------+------------+

+ Latency: 
    * Summary: 
    +---------+---------+----------+----------+-----+-----+---------+
    |  Latency (cycles) |  Latency (absolute) |  Interval | Pipeline|
    |   min   |   max   |    min   |    max   | min | max |   Type  |
    +---------+---------+----------+----------+-----+-----+---------+
    |        3|        3|  9.600 ns|  9.600 ns|    1|    1|      yes|
    +---------+---------+----------+----------+-----+-----+---------+

    + Detail: 
        * Instance: 
        N/A

        * Loop: 
        N/A

============================================================
+ Verbose Summary: Synthesis Manager
============================================================
InlineROM: 1
ExposeGlobal: 0
============================================================
+ Verbose Summary: CDFG Model
============================================================
IsTopModel: 0
ResetActiveHigh: 1
IsCombinational: 2
IsDatapathOnly: 0
HasWiredReturn: 1
HasMFsm: 2
HasVarLatency: 0
IsPipeline: 1
IsRtlPipelined: 1
IsInstanceOverlapped: 0
IsDontTouch: 0
HasImplIP: 0
IsGatedGlobalClock: 0

+ Individual pipeline summary: 
  * Pipeline-0: initiation interval (II) = 1, depth = 4


============================================================
+ Verbose Summary: Schedule
============================================================
* Number of FSM states : 4
* Pipeline : 1
  Pipeline-0 : II = 1, D = 4, States = { 1 2 3 4 }
* Dataflow Pipeline: 0

* FSM state transitions: 
1 --> 2 
2 --> 3 
3 --> 4 
4 --> 

* FSM state operations: 

State 1 <SV = 0> <Delay = 0.98>
ST_1 : Operation 5 [1/1] (0.00ns)   --->   "%tmp_i = nbreadreq i1 @_ssdm_op_NbReadReq.ap_fifo.i160P0A, i160 %sessionInsert_req, i32 1" [/tools/Xilinx/Vitis_HLS/2022.1/common/technology/autopilot/hls_stream_39.h:136]   --->   Operation 5 'nbreadreq' 'tmp_i' <Predicate = true> <Delay = 0.00> <CoreInst = "FIFO_SRL">   --->   Core 81 'FIFO_SRL' <Latency = 0> <II = 1> <Delay = 0.98> <Storage> <Opcode : 'read' 'write' 'nbread' 'nbwrite'> <Ports = 0> <Width = 160> <Depth = 4> <FIFO>
ST_1 : Operation 6 [1/1] (0.00ns)   --->   "%br_ln202 = br i1 %tmp_i, void %if.else.i, void %if.then.i" [/mnt/scratch/pyuvaraj/Vitis_RoCE_W/Vitis_RoCE/fpga-network-stack/hls/toe/session_lookup_controller/session_lookup_controller.cpp:202]   --->   Operation 6 'br' 'br_ln202' <Predicate = true> <Delay = 0.00>
ST_1 : Operation 7 [1/1] (0.00ns)   --->   "%br_ln0 = br void %updateRequestSender.exit"   --->   Operation 7 'br' 'br_ln0' <Predicate = (!tmp_i)> <Delay = 0.00>
ST_1 : Operation 8 [1/1] (0.98ns)   --->   "%tmp = read i160 @_ssdm_op_Read.ap_fifo.volatile.i160P0A, i160 %sessionInsert_req" [/tools/Xilinx/Vitis_HLS/2022.1/common/technology/autopilot/hls_stream_39.h:145]   --->   Operation 8 'read' 'tmp' <Predicate = (tmp_i)> <Delay = 0.98> <CoreInst = "FIFO_SRL">   --->   Core 81 'FIFO_SRL' <Latency = 0> <II = 1> <Delay = 0.98> <Storage> <Opcode : 'read' 'write' 'nbread' 'nbwrite'> <Ports = 0> <Width = 160> <Depth = 4> <FIFO>

State 2 <SV = 1> <Delay = 0.98>
ST_2 : Operation 9 [1/1] (0.00ns)   --->   "%tmp_2_i = nbreadreq i1 @_ssdm_op_NbReadReq.ap_fifo.i160P0A, i160 %sessionDelete_req, i32 1" [/tools/Xilinx/Vitis_HLS/2022.1/common/technology/autopilot/hls_stream_39.h:136]   --->   Operation 9 'nbreadreq' 'tmp_2_i' <Predicate = (!tmp_i)> <Delay = 0.00> <CoreInst = "FIFO_SRL">   --->   Core 81 'FIFO_SRL' <Latency = 0> <II = 1> <Delay = 0.98> <Storage> <Opcode : 'read' 'write' 'nbread' 'nbwrite'> <Ports = 0> <Width = 160> <Depth = 4> <FIFO>
ST_2 : Operation 10 [1/1] (0.00ns)   --->   "%br_ln208 = br i1 %tmp_2_i, void %if.end.i, void %if.then2.i" [/mnt/scratch/pyuvaraj/Vitis_RoCE_W/Vitis_RoCE/fpga-network-stack/hls/toe/session_lookup_controller/session_lookup_controller.cpp:208]   --->   Operation 10 'br' 'br_ln208' <Predicate = (!tmp_i)> <Delay = 0.00>
ST_2 : Operation 11 [1/1] (0.98ns)   --->   "%sessionDelete_req_read = read i160 @_ssdm_op_Read.ap_fifo.volatile.i160P0A, i160 %sessionDelete_req" [/tools/Xilinx/Vitis_HLS/2022.1/common/technology/autopilot/hls_stream_39.h:145]   --->   Operation 11 'read' 'sessionDelete_req_read' <Predicate = (!tmp_i & tmp_2_i)> <Delay = 0.98> <CoreInst = "FIFO_SRL">   --->   Core 81 'FIFO_SRL' <Latency = 0> <II = 1> <Delay = 0.98> <Storage> <Opcode : 'read' 'write' 'nbread' 'nbwrite'> <Ports = 0> <Width = 160> <Depth = 4> <FIFO>
ST_2 : Operation 12 [1/1] (0.00ns)   --->   "%p_s = partselect i14 @_ssdm_op_PartSelect.i14.i160.i32.i32, i160 %sessionDelete_req_read, i32 96, i32 109"   --->   Operation 12 'partselect' 'p_s' <Predicate = (!tmp_i & tmp_2_i)> <Delay = 0.00>

State 3 <SV = 2> <Delay = 1.16>
ST_3 : Operation 13 [2/2] (0.00ns)   --->   "%write_ln174 = write void @_ssdm_op_Write.axis.volatile.i160P128A, i160 %m_axis_session_upd_req, i160 %sessionDelete_req_read" [/tools/Xilinx/Vitis_HLS/2022.1/common/technology/autopilot/hls_stream_39.h:174]   --->   Operation 13 'write' 'write_ln174' <Predicate = (!tmp_i & tmp_2_i)> <Delay = 0.00> <CoreInst = "axis">   --->   Core 123 'axis' <Latency = 0> <II = 1> <Delay = 1.00> <Adapter> <Opcode : >
ST_3 : Operation 14 [1/1] (1.16ns)   --->   "%write_ln174 = write void @_ssdm_op_Write.ap_fifo.volatile.i14P0A, i14 %slc_sessionIdFinFifo, i14 %p_s" [/tools/Xilinx/Vitis_HLS/2022.1/common/technology/autopilot/hls_stream_39.h:174]   --->   Operation 14 'write' 'write_ln174' <Predicate = (!tmp_i & tmp_2_i)> <Delay = 1.16> <CoreInst = "FIFO_SRL">   --->   Core 81 'FIFO_SRL' <Latency = 0> <II = 1> <Delay = 1.34> <Storage> <Opcode : 'read' 'write' 'nbread' 'nbwrite'> <Ports = 0> <Width = 14> <Depth = 2> <FIFO>
ST_3 : Operation 15 [2/2] (0.00ns)   --->   "%write_ln174 = write void @_ssdm_op_Write.axis.volatile.i160P128A, i160 %m_axis_session_upd_req, i160 %tmp" [/tools/Xilinx/Vitis_HLS/2022.1/common/technology/autopilot/hls_stream_39.h:174]   --->   Operation 15 'write' 'write_ln174' <Predicate = (tmp_i)> <Delay = 0.00> <CoreInst = "axis">   --->   Core 123 'axis' <Latency = 0> <II = 1> <Delay = 1.00> <Adapter> <Opcode : >

State 4 <SV = 3> <Delay = 1.17>
ST_4 : Operation 16 [1/1] (0.00ns)   --->   "%specinterface_ln0 = specinterface void @_ssdm_op_SpecInterface, i160 %sessionDelete_req, void @empty, i32 0, i32 0, void @empty_1, i32 0, i32 0, void @empty_1, void @empty_1, void @empty_1, i32 0, i32 0, i32 0, i32 0, void @empty_1, void @empty_1, i32 4294967295, i32 0"   --->   Operation 16 'specinterface' 'specinterface_ln0' <Predicate = true> <Delay = 0.00>
ST_4 : Operation 17 [1/1] (0.00ns)   --->   "%specinterface_ln0 = specinterface void @_ssdm_op_SpecInterface, i160 %sessionDelete_req, void @empty, i32 0, i32 0, void @empty_1, i32 0, i32 0, void @empty_1, void @empty_1, void @empty_1, i32 0, i32 0, i32 0, i32 0, void @empty_1, void @empty_1, i32 4294967295, i32 0"   --->   Operation 17 'specinterface' 'specinterface_ln0' <Predicate = true> <Delay = 0.00>
ST_4 : Operation 18 [1/1] (0.00ns)   --->   "%specinterface_ln0 = specinterface void @_ssdm_op_SpecInterface, i160 %sessionDelete_req, void @empty, i32 0, i32 0, void @empty_1, i32 0, i32 0, void @empty_1, void @empty_1, void @empty_1, i32 0, i32 0, i32 0, i32 0, void @empty_1, void @empty_1, i32 4294967295, i32 0"   --->   Operation 18 'specinterface' 'specinterface_ln0' <Predicate = true> <Delay = 0.00>
ST_4 : Operation 19 [1/1] (0.00ns)   --->   "%specinterface_ln0 = specinterface void @_ssdm_op_SpecInterface, i160 %sessionInsert_req, void @empty, i32 0, i32 0, void @empty_1, i32 0, i32 0, void @empty_1, void @empty_1, void @empty_1, i32 0, i32 0, i32 0, i32 0, void @empty_1, void @empty_1, i32 4294967295, i32 0"   --->   Operation 19 'specinterface' 'specinterface_ln0' <Predicate = true> <Delay = 0.00>
ST_4 : Operation 20 [1/1] (0.00ns)   --->   "%specinterface_ln0 = specinterface void @_ssdm_op_SpecInterface, i160 %sessionInsert_req, void @empty, i32 0, i32 0, void @empty_1, i32 0, i32 0, void @empty_1, void @empty_1, void @empty_1, i32 0, i32 0, i32 0, i32 0, void @empty_1, void @empty_1, i32 4294967295, i32 0"   --->   Operation 20 'specinterface' 'specinterface_ln0' <Predicate = true> <Delay = 0.00>
ST_4 : Operation 21 [1/1] (0.00ns)   --->   "%specinterface_ln0 = specinterface void @_ssdm_op_SpecInterface, i160 %sessionInsert_req, void @empty, i32 0, i32 0, void @empty_1, i32 0, i32 0, void @empty_1, void @empty_1, void @empty_1, i32 0, i32 0, i32 0, i32 0, void @empty_1, void @empty_1, i32 4294967295, i32 0"   --->   Operation 21 'specinterface' 'specinterface_ln0' <Predicate = true> <Delay = 0.00>
ST_4 : Operation 22 [1/1] (0.00ns)   --->   "%specinterface_ln0 = specinterface void @_ssdm_op_SpecInterface, i14 %slc_sessionIdFinFifo, void @empty, i32 0, i32 0, void @empty_1, i32 0, i32 0, void @empty_1, void @empty_1, void @empty_1, i32 0, i32 0, i32 0, i32 0, void @empty_1, void @empty_1, i32 4294967295, i32 0"   --->   Operation 22 'specinterface' 'specinterface_ln0' <Predicate = true> <Delay = 0.00>
ST_4 : Operation 23 [1/1] (0.00ns)   --->   "%specinterface_ln0 = specinterface void @_ssdm_op_SpecInterface, i14 %slc_sessionIdFinFifo, void @empty, i32 0, i32 0, void @empty_1, i32 0, i32 0, void @empty_1, void @empty_1, void @empty_1, i32 0, i32 0, i32 0, i32 0, void @empty_1, void @empty_1, i32 4294967295, i32 0"   --->   Operation 23 'specinterface' 'specinterface_ln0' <Predicate = true> <Delay = 0.00>
ST_4 : Operation 24 [1/1] (0.00ns)   --->   "%specinterface_ln0 = specinterface void @_ssdm_op_SpecInterface, i14 %slc_sessionIdFinFifo, void @empty, i32 0, i32 0, void @empty_1, i32 0, i32 0, void @empty_1, void @empty_1, void @empty_1, i32 0, i32 0, i32 0, i32 0, void @empty_1, void @empty_1, i32 4294967295, i32 0"   --->   Operation 24 'specinterface' 'specinterface_ln0' <Predicate = true> <Delay = 0.00>
ST_4 : Operation 25 [1/1] (0.00ns)   --->   "%specinterface_ln0 = specinterface void @_ssdm_op_SpecInterface, i160 %sessionDelete_req, void @empty, i32 0, i32 0, void @empty_1, i32 0, i32 0, void @empty_1, void @empty_1, void @empty_1, i32 0, i32 0, i32 0, i32 0, void @empty_1, void @empty_1, i32 4294967295, i32 0"   --->   Operation 25 'specinterface' 'specinterface_ln0' <Predicate = true> <Delay = 0.00>
ST_4 : Operation 26 [1/1] (0.00ns)   --->   "%specinterface_ln0 = specinterface void @_ssdm_op_SpecInterface, i160 %sessionInsert_req, void @empty, i32 0, i32 0, void @empty_1, i32 0, i32 0, void @empty_1, void @empty_1, void @empty_1, i32 0, i32 0, i32 0, i32 0, void @empty_1, void @empty_1, i32 4294967295, i32 0"   --->   Operation 26 'specinterface' 'specinterface_ln0' <Predicate = true> <Delay = 0.00>
ST_4 : Operation 27 [1/1] (0.00ns)   --->   "%specinterface_ln0 = specinterface void @_ssdm_op_SpecInterface, i14 %slc_sessionIdFinFifo, void @empty, i32 0, i32 0, void @empty_1, i32 0, i32 0, void @empty_1, void @empty_1, void @empty_1, i32 0, i32 0, i32 0, i32 0, void @empty_1, void @empty_1, i32 4294967295, i32 0"   --->   Operation 27 'specinterface' 'specinterface_ln0' <Predicate = true> <Delay = 0.00>
ST_4 : Operation 28 [1/1] (0.00ns)   --->   "%specinterface_ln0 = specinterface void @_ssdm_op_SpecInterface, i160 %m_axis_session_upd_req, void @empty_5, i32 1, i32 1, void @empty_3, i32 0, i32 0, void @empty_1, void @empty_1, void @empty_1, i32 0, i32 0, i32 0, i32 0, void @empty_1, void @empty_1, i32 4294967295, i32 0"   --->   Operation 28 'specinterface' 'specinterface_ln0' <Predicate = true> <Delay = 0.00>
ST_4 : Operation 29 [1/1] (0.00ns)   --->   "%specpipeline_ln190 = specpipeline void @_ssdm_op_SpecPipeline, i32 1, i32 0, i32 0, i32 0, void @empty_1" [/mnt/scratch/pyuvaraj/Vitis_RoCE_W/Vitis_RoCE/fpga-network-stack/hls/toe/session_lookup_controller/session_lookup_controller.cpp:190]   --->   Operation 29 'specpipeline' 'specpipeline_ln190' <Predicate = true> <Delay = 0.00>
ST_4 : Operation 30 [1/1] (0.00ns)   --->   "%usedSessionIDs_V_load = load i16 %usedSessionIDs_V"   --->   Operation 30 'load' 'usedSessionIDs_V_load' <Predicate = true> <Delay = 0.00>
ST_4 : Operation 31 [1/2] (0.00ns)   --->   "%write_ln174 = write void @_ssdm_op_Write.axis.volatile.i160P128A, i160 %m_axis_session_upd_req, i160 %sessionDelete_req_read" [/tools/Xilinx/Vitis_HLS/2022.1/common/technology/autopilot/hls_stream_39.h:174]   --->   Operation 31 'write' 'write_ln174' <Predicate = (!tmp_i & tmp_2_i)> <Delay = 0.00> <CoreInst = "axis">   --->   Core 123 'axis' <Latency = 0> <II = 1> <Delay = 1.00> <Adapter> <Opcode : >
ST_4 : Operation 32 [1/1] (0.78ns)   --->   "%add_ln887 = add i16 %usedSessionIDs_V_load, i16 65535"   --->   Operation 32 'add' 'add_ln887' <Predicate = (!tmp_i & tmp_2_i)> <Delay = 0.78> <CoreInst = "Adder">   --->   Core 1 'Adder' <Latency = 0> <II = 1> <Delay = 0.78> <FuncUnit> <Opcode : 'add' 'sub'> <InPorts = 2> <OutPorts = 1>
ST_4 : Operation 33 [1/1] (0.38ns)   --->   "%store_ln887 = store i16 %add_ln887, i16 %usedSessionIDs_V"   --->   Operation 33 'store' 'store_ln887' <Predicate = (!tmp_i & tmp_2_i)> <Delay = 0.38>
ST_4 : Operation 34 [1/1] (0.00ns)   --->   "%write_ln214 = write void @_ssdm_op_Write.ap_auto.i16P0A, i16 %regSessionCount, i16 %add_ln887" [/mnt/scratch/pyuvaraj/Vitis_RoCE_W/Vitis_RoCE/fpga-network-stack/hls/toe/session_lookup_controller/session_lookup_controller.cpp:214]   --->   Operation 34 'write' 'write_ln214' <Predicate = (!tmp_i & tmp_2_i)> <Delay = 0.00>
ST_4 : Operation 35 [1/1] (0.00ns)   --->   "%br_ln215 = br void %if.end.i" [/mnt/scratch/pyuvaraj/Vitis_RoCE_W/Vitis_RoCE/fpga-network-stack/hls/toe/session_lookup_controller/session_lookup_controller.cpp:215]   --->   Operation 35 'br' 'br_ln215' <Predicate = (!tmp_i & tmp_2_i)> <Delay = 0.00>
ST_4 : Operation 36 [1/2] (0.00ns)   --->   "%write_ln174 = write void @_ssdm_op_Write.axis.volatile.i160P128A, i160 %m_axis_session_upd_req, i160 %tmp" [/tools/Xilinx/Vitis_HLS/2022.1/common/technology/autopilot/hls_stream_39.h:174]   --->   Operation 36 'write' 'write_ln174' <Predicate = (tmp_i)> <Delay = 0.00> <CoreInst = "axis">   --->   Core 123 'axis' <Latency = 0> <II = 1> <Delay = 1.00> <Adapter> <Opcode : >
ST_4 : Operation 37 [1/1] (0.78ns)   --->   "%add_ln886 = add i16 %usedSessionIDs_V_load, i16 1"   --->   Operation 37 'add' 'add_ln886' <Predicate = (tmp_i)> <Delay = 0.78> <CoreInst = "Adder">   --->   Core 1 'Adder' <Latency = 0> <II = 1> <Delay = 0.78> <FuncUnit> <Opcode : 'add' 'sub'> <InPorts = 2> <OutPorts = 1>
ST_4 : Operation 38 [1/1] (0.38ns)   --->   "%store_ln886 = store i16 %add_ln886, i16 %usedSessionIDs_V"   --->   Operation 38 'store' 'store_ln886' <Predicate = (tmp_i)> <Delay = 0.38>
ST_4 : Operation 39 [1/1] (0.00ns)   --->   "%write_ln206 = write void @_ssdm_op_Write.ap_auto.i16P0A, i16 %regSessionCount, i16 %add_ln886" [/mnt/scratch/pyuvaraj/Vitis_RoCE_W/Vitis_RoCE/fpga-network-stack/hls/toe/session_lookup_controller/session_lookup_controller.cpp:206]   --->   Operation 39 'write' 'write_ln206' <Predicate = (tmp_i)> <Delay = 0.00>
ST_4 : Operation 40 [1/1] (0.00ns)   --->   "%br_ln207 = br void %updateRequestSender.exit" [/mnt/scratch/pyuvaraj/Vitis_RoCE_W/Vitis_RoCE/fpga-network-stack/hls/toe/session_lookup_controller/session_lookup_controller.cpp:207]   --->   Operation 40 'br' 'br_ln207' <Predicate = (tmp_i)> <Delay = 0.00>
ST_4 : Operation 41 [1/1] (0.00ns)   --->   "%ret_ln0 = ret"   --->   Operation 41 'ret' 'ret_ln0' <Predicate = true> <Delay = 0.00>


============================================================
+ Verbose Summary: Binding
============================================================
STG Binding: 
---------------- STG Properties BEGIN ----------------
- Is combinational: 0
- Is one-state seq: 0
- Is datapath-only: 0
- Is pipelined: 1
- Is top level: 0
Port [ Return ] is wired: 1; IO mode=ap_ctrl_hs:ce=0
Port [ m_axis_session_upd_req]:  wired=1; compound=1; hidden=0; nouse=0; global=0; static=0; extern=0; dir=1; type=0; pingpong=0; private_global=0; IO mode=axis:ce=0
Port [ regSessionCount]:  wired=1; compound=0; hidden=0; nouse=0; global=0; static=0; extern=0; dir=1; type=0; pingpong=0; private_global=0; IO mode=ap_vld:ce=0
Port [ sessionInsert_req]:  wired=1; compound=1; hidden=0; nouse=0; global=1; static=1; extern=0; dir=0; type=3; pingpong=0; private_global=0; IO mode=ap_fifo:ce=0
Port [ usedSessionIDs_V]:  wired=0; compound=0; hidden=1; nouse=0; global=1; static=1; extern=0; dir=2; type=0; pingpong=0; private_global=1; IO mode=ap_ovld:ce=0
Port [ sessionDelete_req]:  wired=1; compound=1; hidden=0; nouse=0; global=1; static=1; extern=0; dir=0; type=3; pingpong=0; private_global=0; IO mode=ap_fifo:ce=0
Port [ slc_sessionIdFinFifo]:  wired=1; compound=1; hidden=0; nouse=0; global=1; static=1; extern=0; dir=1; type=3; pingpong=0; private_global=0; IO mode=ap_fifo:ce=0
---------------- STG Properties END ------------------

---------------- Datapath Model BEGIN ----------------

<LifeTime>
<method=bitvector/>
tmp_i                  (nbreadreq    ) [ 01111]
br_ln202               (br           ) [ 00000]
br_ln0                 (br           ) [ 00000]
tmp                    (read         ) [ 01111]
tmp_2_i                (nbreadreq    ) [ 01111]
br_ln208               (br           ) [ 00000]
sessionDelete_req_read (read         ) [ 01011]
p_s                    (partselect   ) [ 01010]
write_ln174            (write        ) [ 00000]
specinterface_ln0      (specinterface) [ 00000]
specinterface_ln0      (specinterface) [ 00000]
specinterface_ln0      (specinterface) [ 00000]
specinterface_ln0      (specinterface) [ 00000]
specinterface_ln0      (specinterface) [ 00000]
specinterface_ln0      (specinterface) [ 00000]
specinterface_ln0      (specinterface) [ 00000]
specinterface_ln0      (specinterface) [ 00000]
specinterface_ln0      (specinterface) [ 00000]
specinterface_ln0      (specinterface) [ 00000]
specinterface_ln0      (specinterface) [ 00000]
specinterface_ln0      (specinterface) [ 00000]
specinterface_ln0      (specinterface) [ 00000]
specpipeline_ln190     (specpipeline ) [ 00000]
usedSessionIDs_V_load  (load         ) [ 00000]
write_ln174            (write        ) [ 00000]
add_ln887              (add          ) [ 00000]
store_ln887            (store        ) [ 00000]
write_ln214            (write        ) [ 00000]
br_ln215               (br           ) [ 00000]
write_ln174            (write        ) [ 00000]
add_ln886              (add          ) [ 00000]
store_ln886            (store        ) [ 00000]
write_ln206            (write        ) [ 00000]
br_ln207               (br           ) [ 00000]
ret_ln0                (ret          ) [ 00000]
</LifeTime>

<model>

<comp_list>
<comp id="0" class="1000" name="m_axis_session_upd_req">
<pin_list>
<pin id="1" dir="1" index="0" bw="1" slack="0"/>
</pin_list>
<bind>
<StgValue><ssdm name="m_axis_session_upd_req"/></StgValue>
</bind>
</comp>

<comp id="2" class="1000" name="regSessionCount">
<pin_list>
<pin id="3" dir="1" index="0" bw="1" slack="0"/>
</pin_list>
<bind>
<StgValue><ssdm name="regSessionCount"/></StgValue>
</bind>
</comp>

<comp id="4" class="1000" name="sessionInsert_req">
<pin_list>
<pin id="5" dir="1" index="0" bw="1" slack="0"/>
</pin_list>
<bind>
<StgValue><ssdm name="sessionInsert_req"/></StgValue>
</bind>
</comp>

<comp id="6" class="1000" name="usedSessionIDs_V">
<pin_list>
<pin id="7" dir="1" index="0" bw="1" slack="0"/>
</pin_list>
<bind>
<StgValue><ssdm name="usedSessionIDs_V"/></StgValue>
</bind>
</comp>

<comp id="8" class="1000" name="sessionDelete_req">
<pin_list>
<pin id="9" dir="1" index="0" bw="1" slack="0"/>
</pin_list>
<bind>
<StgValue><ssdm name="sessionDelete_req"/></StgValue>
</bind>
</comp>

<comp id="10" class="1000" name="slc_sessionIdFinFifo">
<pin_list>
<pin id="11" dir="1" index="0" bw="1" slack="0"/>
</pin_list>
<bind>
<StgValue><ssdm name="slc_sessionIdFinFifo"/></StgValue>
</bind>
</comp>

<comp id="12" class="1001" name="const_12">
<pin_list>
<pin id="13" dir="1" index="0" bw="1" slack="0"/>
</pin_list>
<bind>
<StgValue><ssdm name="_ssdm_op_NbReadReq.ap_fifo.i160P0A"/></StgValue>
</bind>
</comp>

<comp id="14" class="1001" name="const_14">
<pin_list>
<pin id="15" dir="1" index="0" bw="1" slack="0"/>
</pin_list>
<bind>
<StgValue><ssdm name=""/></StgValue>
</bind>
</comp>

<comp id="16" class="1001" name="const_16">
<pin_list>
<pin id="17" dir="1" index="0" bw="1" slack="0"/>
</pin_list>
<bind>
<StgValue><ssdm name="_ssdm_op_Read.ap_fifo.volatile.i160P0A"/></StgValue>
</bind>
</comp>

<comp id="18" class="1001" name="const_18">
<pin_list>
<pin id="19" dir="1" index="0" bw="1" slack="0"/>
</pin_list>
<bind>
<StgValue><ssdm name="_ssdm_op_PartSelect.i14.i160.i32.i32"/></StgValue>
</bind>
</comp>

<comp id="20" class="1001" name="const_20">
<pin_list>
<pin id="21" dir="1" index="0" bw="1" slack="0"/>
</pin_list>
<bind>
<StgValue><ssdm name=""/></StgValue>
</bind>
</comp>

<comp id="22" class="1001" name="const_22">
<pin_list>
<pin id="23" dir="1" index="0" bw="1" slack="0"/>
</pin_list>
<bind>
<StgValue><ssdm name=""/></StgValue>
</bind>
</comp>

<comp id="24" class="1001" name="const_24">
<pin_list>
<pin id="25" dir="1" index="0" bw="1" slack="0"/>
</pin_list>
<bind>
<StgValue><ssdm name="_ssdm_op_Write.axis.volatile.i160P128A"/></StgValue>
</bind>
</comp>

<comp id="26" class="1001" name="const_26">
<pin_list>
<pin id="27" dir="1" index="0" bw="1" slack="0"/>
</pin_list>
<bind>
<StgValue><ssdm name="_ssdm_op_Write.ap_fifo.volatile.i14P0A"/></StgValue>
</bind>
</comp>

<comp id="28" class="1001" name="const_28">
<pin_list>
<pin id="29" dir="1" index="0" bw="1" slack="2147483647"/>
</pin_list>
<bind>
<StgValue><ssdm name="_ssdm_op_SpecInterface"/></StgValue>
</bind>
</comp>

<comp id="30" class="1001" name="const_30">
<pin_list>
<pin id="31" dir="1" index="0" bw="1" slack="2147483647"/>
</pin_list>
<bind>
<StgValue><ssdm name="empty"/></StgValue>
</bind>
</comp>

<comp id="32" class="1001" name="const_32">
<pin_list>
<pin id="33" dir="1" index="0" bw="1" slack="2147483647"/>
</pin_list>
<bind>
<StgValue><ssdm name=""/></StgValue>
</bind>
</comp>

<comp id="34" class="1001" name="const_34">
<pin_list>
<pin id="35" dir="1" index="0" bw="1" slack="2147483647"/>
</pin_list>
<bind>
<StgValue><ssdm name="empty_1"/></StgValue>
</bind>
</comp>

<comp id="36" class="1001" name="const_36">
<pin_list>
<pin id="37" dir="1" index="0" bw="1" slack="2147483647"/>
</pin_list>
<bind>
<StgValue><ssdm name=""/></StgValue>
</bind>
</comp>

<comp id="38" class="1001" name="const_38">
<pin_list>
<pin id="39" dir="1" index="0" bw="1" slack="2147483647"/>
</pin_list>
<bind>
<StgValue><ssdm name="empty_5"/></StgValue>
</bind>
</comp>

<comp id="40" class="1001" name="const_40">
<pin_list>
<pin id="41" dir="1" index="0" bw="1" slack="2147483647"/>
</pin_list>
<bind>
<StgValue><ssdm name="empty_3"/></StgValue>
</bind>
</comp>

<comp id="42" class="1001" name="const_42">
<pin_list>
<pin id="43" dir="1" index="0" bw="1" slack="2147483647"/>
</pin_list>
<bind>
<StgValue><ssdm name="_ssdm_op_SpecPipeline"/></StgValue>
</bind>
</comp>

<comp id="44" class="1001" name="const_44">
<pin_list>
<pin id="45" dir="1" index="0" bw="1" slack="0"/>
</pin_list>
<bind>
<StgValue><ssdm name=""/></StgValue>
</bind>
</comp>

<comp id="46" class="1001" name="const_46">
<pin_list>
<pin id="47" dir="1" index="0" bw="1" slack="0"/>
</pin_list>
<bind>
<StgValue><ssdm name="_ssdm_op_Write.ap_auto.i16P0A"/></StgValue>
</bind>
</comp>

<comp id="48" class="1001" name="const_48">
<pin_list>
<pin id="49" dir="1" index="0" bw="1" slack="0"/>
</pin_list>
<bind>
<StgValue><ssdm name=""/></StgValue>
</bind>
</comp>

<comp id="50" class="1004" name="tmp_i_nbreadreq_fu_50">
<pin_list>
<pin id="51" dir="0" index="0" bw="1" slack="0"/>
<pin id="52" dir="0" index="1" bw="160" slack="0"/>
<pin id="53" dir="0" index="2" bw="1" slack="0"/>
<pin id="54" dir="1" index="3" bw="1" slack="1"/>
</pin_list>
<bind>
<opcode="nbreadreq(1156) " fcode="nbreadreq"/>
<opset="tmp_i/1 "/>
</bind>
</comp>

<comp id="58" class="1004" name="tmp_read_fu_58">
<pin_list>
<pin id="59" dir="0" index="0" bw="160" slack="0"/>
<pin id="60" dir="0" index="1" bw="160" slack="0"/>
<pin id="61" dir="1" index="2" bw="160" slack="2"/>
</pin_list>
<bind>
<opcode="read(1150) " fcode="read"/>
<opset="tmp/1 "/>
</bind>
</comp>

<comp id="64" class="1004" name="tmp_2_i_nbreadreq_fu_64">
<pin_list>
<pin id="65" dir="0" index="0" bw="1" slack="0"/>
<pin id="66" dir="0" index="1" bw="160" slack="0"/>
<pin id="67" dir="0" index="2" bw="1" slack="0"/>
<pin id="68" dir="1" index="3" bw="1" slack="1"/>
</pin_list>
<bind>
<opcode="nbreadreq(1156) " fcode="nbreadreq"/>
<opset="tmp_2_i/2 "/>
</bind>
</comp>

<comp id="72" class="1004" name="sessionDelete_req_read_read_fu_72">
<pin_list>
<pin id="73" dir="0" index="0" bw="160" slack="0"/>
<pin id="74" dir="0" index="1" bw="160" slack="0"/>
<pin id="75" dir="1" index="2" bw="160" slack="0"/>
</pin_list>
<bind>
<opcode="read(1150) " fcode="read"/>
<opset="sessionDelete_req_read/2 "/>
</bind>
</comp>

<comp id="78" class="1004" name="grp_write_fu_78">
<pin_list>
<pin id="79" dir="0" index="0" bw="0" slack="0"/>
<pin id="80" dir="0" index="1" bw="160" slack="0"/>
<pin id="81" dir="0" index="2" bw="160" slack="1"/>
<pin id="82" dir="1" index="3" bw="0" slack="2147483647"/>
</pin_list>
<bind>
<opcode="write(1151) " fcode="write"/>
<opset="write_ln174/3 write_ln174/3 "/>
</bind>
</comp>

<comp id="85" class="1004" name="write_ln174_write_fu_85">
<pin_list>
<pin id="86" dir="0" index="0" bw="0" slack="0"/>
<pin id="87" dir="0" index="1" bw="14" slack="0"/>
<pin id="88" dir="0" index="2" bw="14" slack="1"/>
<pin id="89" dir="1" index="3" bw="0" slack="2147483647"/>
</pin_list>
<bind>
<opcode="write(1151) " fcode="write"/>
<opset="write_ln174/3 "/>
</bind>
</comp>

<comp id="92" class="1004" name="grp_write_fu_92">
<pin_list>
<pin id="93" dir="0" index="0" bw="0" slack="0"/>
<pin id="94" dir="0" index="1" bw="16" slack="0"/>
<pin id="95" dir="0" index="2" bw="16" slack="0"/>
<pin id="96" dir="1" index="3" bw="0" slack="2147483647"/>
</pin_list>
<bind>
<opcode="write(1151) " fcode="write"/>
<opset="write_ln214/4 write_ln206/4 "/>
</bind>
</comp>

<comp id="99" class="1004" name="p_s_fu_99">
<pin_list>
<pin id="100" dir="0" index="0" bw="14" slack="0"/>
<pin id="101" dir="0" index="1" bw="160" slack="0"/>
<pin id="102" dir="0" index="2" bw="8" slack="0"/>
<pin id="103" dir="0" index="3" bw="8" slack="0"/>
<pin id="104" dir="1" index="4" bw="14" slack="1"/>
</pin_list>
<bind>
<opcode="partselect(1002) " fcode="partselect"/>
<opset="p_s/2 "/>
</bind>
</comp>

<comp id="109" class="1004" name="usedSessionIDs_V_load_load_fu_109">
<pin_list>
<pin id="110" dir="0" index="0" bw="16" slack="0"/>
<pin id="111" dir="1" index="1" bw="16" slack="0"/>
</pin_list>
<bind>
<opcode="load(27) " fcode="load"/>
<opset="usedSessionIDs_V_load/4 "/>
</bind>
</comp>

<comp id="113" class="1004" name="add_ln887_fu_113">
<pin_list>
<pin id="114" dir="0" index="0" bw="16" slack="0"/>
<pin id="115" dir="0" index="1" bw="1" slack="0"/>
<pin id="116" dir="1" index="2" bw="16" slack="0"/>
</pin_list>
<bind>
<opcode="add(8) " fcode="add"/>
<opset="add_ln887/4 "/>
</bind>
</comp>

<comp id="120" class="1004" name="store_ln887_store_fu_120">
<pin_list>
<pin id="121" dir="0" index="0" bw="16" slack="0"/>
<pin id="122" dir="0" index="1" bw="16" slack="0"/>
<pin id="123" dir="1" index="2" bw="0" slack="2147483647"/>
</pin_list>
<bind>
<opcode="store(28) " fcode="store"/>
<opset="store_ln887/4 "/>
</bind>
</comp>

<comp id="126" class="1004" name="add_ln886_fu_126">
<pin_list>
<pin id="127" dir="0" index="0" bw="16" slack="0"/>
<pin id="128" dir="0" index="1" bw="1" slack="0"/>
<pin id="129" dir="1" index="2" bw="16" slack="0"/>
</pin_list>
<bind>
<opcode="add(8) " fcode="add"/>
<opset="add_ln886/4 "/>
</bind>
</comp>

<comp id="133" class="1004" name="store_ln886_store_fu_133">
<pin_list>
<pin id="134" dir="0" index="0" bw="16" slack="0"/>
<pin id="135" dir="0" index="1" bw="16" slack="0"/>
<pin id="136" dir="1" index="2" bw="0" slack="2147483647"/>
</pin_list>
<bind>
<opcode="store(28) " fcode="store"/>
<opset="store_ln886/4 "/>
</bind>
</comp>

<comp id="139" class="1005" name="tmp_i_reg_139">
<pin_list>
<pin id="140" dir="0" index="0" bw="1" slack="1"/>
<pin id="141" dir="1" index="1" bw="1" slack="2147483647"/>
</pin_list>
<bind>
<opset="tmp_i "/>
</bind>
</comp>

<comp id="143" class="1005" name="tmp_reg_143">
<pin_list>
<pin id="144" dir="0" index="0" bw="160" slack="2"/>
<pin id="145" dir="1" index="1" bw="160" slack="2"/>
</pin_list>
<bind>
<opset="tmp "/>
</bind>
</comp>

<comp id="148" class="1005" name="tmp_2_i_reg_148">
<pin_list>
<pin id="149" dir="0" index="0" bw="1" slack="1"/>
<pin id="150" dir="1" index="1" bw="1" slack="2147483647"/>
</pin_list>
<bind>
<opset="tmp_2_i "/>
</bind>
</comp>

<comp id="152" class="1005" name="sessionDelete_req_read_reg_152">
<pin_list>
<pin id="153" dir="0" index="0" bw="160" slack="1"/>
<pin id="154" dir="1" index="1" bw="160" slack="1"/>
</pin_list>
<bind>
<opset="sessionDelete_req_read "/>
</bind>
</comp>

<comp id="157" class="1005" name="p_s_reg_157">
<pin_list>
<pin id="158" dir="0" index="0" bw="14" slack="1"/>
<pin id="159" dir="1" index="1" bw="14" slack="1"/>
</pin_list>
<bind>
<opset="p_s "/>
</bind>
</comp>

</comp_list>

<net_list>
<net id="55"><net_src comp="12" pin="0"/><net_sink comp="50" pin=0"/></net>

<net id="56"><net_src comp="4" pin="0"/><net_sink comp="50" pin=1"/></net>

<net id="57"><net_src comp="14" pin="0"/><net_sink comp="50" pin=2"/></net>

<net id="62"><net_src comp="16" pin="0"/><net_sink comp="58" pin=0"/></net>

<net id="63"><net_src comp="4" pin="0"/><net_sink comp="58" pin=1"/></net>

<net id="69"><net_src comp="12" pin="0"/><net_sink comp="64" pin=0"/></net>

<net id="70"><net_src comp="8" pin="0"/><net_sink comp="64" pin=1"/></net>

<net id="71"><net_src comp="14" pin="0"/><net_sink comp="64" pin=2"/></net>

<net id="76"><net_src comp="16" pin="0"/><net_sink comp="72" pin=0"/></net>

<net id="77"><net_src comp="8" pin="0"/><net_sink comp="72" pin=1"/></net>

<net id="83"><net_src comp="24" pin="0"/><net_sink comp="78" pin=0"/></net>

<net id="84"><net_src comp="0" pin="0"/><net_sink comp="78" pin=1"/></net>

<net id="90"><net_src comp="26" pin="0"/><net_sink comp="85" pin=0"/></net>

<net id="91"><net_src comp="10" pin="0"/><net_sink comp="85" pin=1"/></net>

<net id="97"><net_src comp="46" pin="0"/><net_sink comp="92" pin=0"/></net>

<net id="98"><net_src comp="2" pin="0"/><net_sink comp="92" pin=1"/></net>

<net id="105"><net_src comp="18" pin="0"/><net_sink comp="99" pin=0"/></net>

<net id="106"><net_src comp="72" pin="2"/><net_sink comp="99" pin=1"/></net>

<net id="107"><net_src comp="20" pin="0"/><net_sink comp="99" pin=2"/></net>

<net id="108"><net_src comp="22" pin="0"/><net_sink comp="99" pin=3"/></net>

<net id="112"><net_src comp="6" pin="0"/><net_sink comp="109" pin=0"/></net>

<net id="117"><net_src comp="109" pin="1"/><net_sink comp="113" pin=0"/></net>

<net id="118"><net_src comp="44" pin="0"/><net_sink comp="113" pin=1"/></net>

<net id="119"><net_src comp="113" pin="2"/><net_sink comp="92" pin=2"/></net>

<net id="124"><net_src comp="113" pin="2"/><net_sink comp="120" pin=0"/></net>

<net id="125"><net_src comp="6" pin="0"/><net_sink comp="120" pin=1"/></net>

<net id="130"><net_src comp="109" pin="1"/><net_sink comp="126" pin=0"/></net>

<net id="131"><net_src comp="48" pin="0"/><net_sink comp="126" pin=1"/></net>

<net id="132"><net_src comp="126" pin="2"/><net_sink comp="92" pin=2"/></net>

<net id="137"><net_src comp="126" pin="2"/><net_sink comp="133" pin=0"/></net>

<net id="138"><net_src comp="6" pin="0"/><net_sink comp="133" pin=1"/></net>

<net id="142"><net_src comp="50" pin="3"/><net_sink comp="139" pin=0"/></net>

<net id="146"><net_src comp="58" pin="2"/><net_sink comp="143" pin=0"/></net>

<net id="147"><net_src comp="143" pin="1"/><net_sink comp="78" pin=2"/></net>

<net id="151"><net_src comp="64" pin="3"/><net_sink comp="148" pin=0"/></net>

<net id="155"><net_src comp="72" pin="2"/><net_sink comp="152" pin=0"/></net>

<net id="156"><net_src comp="152" pin="1"/><net_sink comp="78" pin=2"/></net>

<net id="160"><net_src comp="99" pin="4"/><net_sink comp="157" pin=0"/></net>

<net id="161"><net_src comp="157" pin="1"/><net_sink comp="85" pin=2"/></net>

</net_list>

</model> 
---------------- Datapath Model END ------------------

* FSMD analyzer results:
  - Output states:
	Port: m_axis_session_upd_req | {4 }
	Port: regSessionCount | {4 }
	Port: usedSessionIDs_V | {4 }
	Port: slc_sessionIdFinFifo | {3 }
 - Input state : 
	Port: updateRequestSender : sessionInsert_req | {1 }
	Port: updateRequestSender : usedSessionIDs_V | {4 }
	Port: updateRequestSender : sessionDelete_req | {2 }
  - Chain level:
	State 1
	State 2
	State 3
	State 4
		add_ln887 : 1
		store_ln887 : 2
		write_ln214 : 2
		add_ln886 : 1
		store_ln886 : 2
		write_ln206 : 2


============================================================
+ Verbose Summary: Datapath Resource usage 
============================================================

* Functional unit list:
|----------|-----------------------------------|---------|---------|
| Operation|          Functional Unit          |    FF   |   LUT   |
|----------|-----------------------------------|---------|---------|
|    add   |          add_ln887_fu_113         |    0    |    23   |
|          |          add_ln886_fu_126         |    0    |    23   |
|----------|-----------------------------------|---------|---------|
| nbreadreq|       tmp_i_nbreadreq_fu_50       |    0    |    0    |
|          |      tmp_2_i_nbreadreq_fu_64      |    0    |    0    |
|----------|-----------------------------------|---------|---------|
|   read   |           tmp_read_fu_58          |    0    |    0    |
|          | sessionDelete_req_read_read_fu_72 |    0    |    0    |
|----------|-----------------------------------|---------|---------|
|          |          grp_write_fu_78          |    0    |    0    |
|   write  |      write_ln174_write_fu_85      |    0    |    0    |
|          |          grp_write_fu_92          |    0    |    0    |
|----------|-----------------------------------|---------|---------|
|partselect|             p_s_fu_99             |    0    |    0    |
|----------|-----------------------------------|---------|---------|
|   Total  |                                   |    0    |    46   |
|----------|-----------------------------------|---------|---------|

Memories:
N/A

* Register list:
+------------------------------+--------+
|                              |   FF   |
+------------------------------+--------+
|          p_s_reg_157         |   14   |
|sessionDelete_req_read_reg_152|   160  |
|        tmp_2_i_reg_148       |    1   |
|         tmp_i_reg_139        |    1   |
|          tmp_reg_143         |   160  |
+------------------------------+--------+
|             Total            |   336  |
+------------------------------+--------+

* Multiplexer (MUX) list: 
|-----------------|------|------|------|--------||---------||---------|
|       Comp      |  Pin | Size |  BW  | S x BW ||  Delay  ||   LUT   |
|-----------------|------|------|------|--------||---------||---------|
| grp_write_fu_78 |  p2  |   2  |  160 |   320  ||    9    |
| grp_write_fu_92 |  p2  |   2  |  16  |   32   ||    9    |
|-----------------|------|------|------|--------||---------||---------|
|      Total      |      |      |      |   352  ||  0.774  ||    18   |
|-----------------|------|------|------|--------||---------||---------|



* Summary:
+-----------+--------+--------+--------+
|           |  Delay |   FF   |   LUT  |
+-----------+--------+--------+--------+
|  Function |    -   |    0   |   46   |
|   Memory  |    -   |    -   |    -   |
|Multiplexer|    0   |    -   |   18   |
|  Register |    -   |   336  |    -   |
+-----------+--------+--------+--------+
|   Total   |    0   |   336  |   64   |
+-----------+--------+--------+--------+
