

================================================================
== Synthesis Summary Report of 'ip_handler_top'
================================================================
+ General Information: 
    * Date:           Tue Jul 11 09:18:34 2023
    * Version:        2022.1 (Build 3526262 on Mon Apr 18 15:47:01 MDT 2022)
    * Project:        ip_handler_prj
    * Solution:       solution1 (Vivado IP Flow Target)
    * Product family: virtexuplus
    * Target device:  xcu280-fsvh2892-2L-e
    

+ Performance & Resource Estimates: 
    
    PS: '+' for module; 'o' for loop; '*' for dataflow
    +------------------------------------------------------+--------+-------+---------+--------+----------+---------+------+----------+----------+----+------------+------------+-----+
    |                        Modules                       |  Issue |       | Latency | Latency| Iteration|         | Trip |          |          |    |            |            |     |
    |                        & Loops                       |  Type  | Slack | (cycles)|  (ns)  |  Latency | Interval| Count| Pipelined|   BRAM   | DSP|     FF     |     LUT    | URAM|
    +------------------------------------------------------+--------+-------+---------+--------+----------+---------+------+----------+----------+----+------------+------------+-----+
    |+ ip_handler_top*                                     |  Timing|  -0.30|       25|  80.000|         -|        2|     -|  dataflow|  29 (~0%)|   -|  36503 (1%)|  21647 (1%)|    -|
    | + detect_eth_protocol_512_s                          |      II|   0.18|        1|   3.200|         -|        2|     -|       yes|         -|   -|   249 (~0%)|  1056 (~0%)|    -|
    |  + clear_1                                           |       -|   2.34|        0|   0.000|         -|        1|     -|       yes|         -|   -|           -|           -|    -|
    | + route_by_eth_protocol_512_s                        |       -|   0.66|        2|   6.400|         -|        1|     -|       yes|         -|   -|  1117 (~0%)|    98 (~0%)|    -|
    | + ip_handler_rshiftWordByOctet_net_axis_512_512_1_s  |  Timing|  -0.30|        1|   3.200|         -|        1|     -|       yes|         -|   -|  1287 (~0%)|   113 (~0%)|    -|
    | + extract_ip_meta_512_s                              |      II|   0.00|        2|   6.400|         -|        2|     -|       yes|         -|   -|   351 (~0%)|  1512 (~0%)|    -|
    |  + clear                                             |       -|   2.34|        0|   0.000|         -|        1|     -|       yes|         -|   -|           -|           -|    -|
    | + ip_handler_compute_ipv4_checksum                   |  Timing|  -0.05|        2|   6.400|         -|        1|     -|       yes|         -|   -|  2053 (~0%)|  3400 (~0%)|    -|
    | + ip_handler_check_ipv4_checksum_32_s                |       -|   0.04|        5|  16.000|         -|        1|     -|       yes|         -|   -|  1117 (~0%)|  2578 (~0%)|    -|
    | + ip_invalid_dropper_512_s                           |       -|   0.66|        1|   3.200|         -|        1|     -|       yes|         -|   -|  1035 (~0%)|   121 (~0%)|    -|
    | + cut_length                                         |       -|   0.42|        1|   3.200|         -|        1|     -|       yes|         -|   -|  1095 (~0%)|   356 (~0%)|    -|
    | + detect_ipv4_protocol_512_s                         |       -|   0.66|        2|   6.400|         -|        1|     -|       yes|         -|   -|  1057 (~0%)|   105 (~0%)|    -|
    | + ip_handler_rshiftWordByOctet_net_axis_512_512_3_s  |  Timing|  -0.30|        1|   3.200|         -|        1|     -|       yes|         -|   -|  1287 (~0%)|   113 (~0%)|    -|
    | + detect_ipv6_protocol_512_s                         |       -|   0.66|        2|   6.400|         -|        1|     -|       yes|         -|   -|  1073 (~0%)|    74 (~0%)|    -|
    | + ip_handler_duplicate_stream_net_axis_512_s         |       -|   1.17|        2|   6.400|         -|        1|     -|       yes|         -|   -|  1030 (~0%)|    52 (~0%)|    -|
    +------------------------------------------------------+--------+-------+---------+--------+----------+---------+------+----------+----------+----+------------+------------+-----+


================================================================
== HW Interfaces
================================================================
* AXIS
+----------------+---------------+-------+--------+--------+
| Interface      | Register Mode | TDATA | TREADY | TVALID |
+----------------+---------------+-------+--------+--------+
| m_axis_arp     | both          | 1024  | 1      | 1      |
| m_axis_icmp    | both          | 1024  | 1      | 1      |
| m_axis_icmpv6  | both          | 1024  | 1      | 1      |
| m_axis_ipv6udp | both          | 1024  | 1      | 1      |
| m_axis_roce    | both          | 1024  | 1      | 1      |
| m_axis_tcp     | both          | 1024  | 1      | 1      |
| m_axis_udp     | both          | 1024  | 1      | 1      |
| s_axis_raw     | both          | 1024  | 1      | 1      |
+----------------+---------------+-------+--------+--------+

* REGISTER
+-------------+-----------+----------+
| Interface   | Mode      | Bitwidth |
+-------------+-----------+----------+
| myIpAddress | ap_stable | 32       |
+-------------+-----------+----------+

* TOP LEVEL CONTROL
+-----------+--------------+----------+
| Interface | Type         | Ports    |
+-----------+--------------+----------+
| ap_clk    | clock        | ap_clk   |
| ap_rst_n  | reset        | ap_rst_n |
| ap_ctrl   | ap_ctrl_none |          |
+-----------+--------------+----------+


================================================================
== SW I/O Information
================================================================
* Top Function Arguments
+----------------+-----------+---------------------------+
| Argument       | Direction | Datatype                  |
+----------------+-----------+---------------------------+
| s_axis_raw     | in        | stream<net_axis<512>, 0>& |
| m_axis_arp     | out       | stream<net_axis<512>, 0>& |
| m_axis_icmpv6  | out       | stream<net_axis<512>, 0>& |
| m_axis_ipv6udp | out       | stream<net_axis<512>, 0>& |
| m_axis_icmp    | out       | stream<net_axis<512>, 0>& |
| m_axis_udp     | out       | stream<net_axis<512>, 0>& |
| m_axis_tcp     | out       | stream<net_axis<512>, 0>& |
| m_axis_roce    | out       | stream<net_axis<512>, 0>& |
| myIpAddress    | in        | ap_uint<32>               |
+----------------+-----------+---------------------------+

* SW-to-HW Mapping
+----------------+----------------+-----------+
| Argument       | HW Interface   | HW Type   |
+----------------+----------------+-----------+
| s_axis_raw     | s_axis_raw     | interface |
| m_axis_arp     | m_axis_arp     | interface |
| m_axis_icmpv6  | m_axis_icmpv6  | interface |
| m_axis_ipv6udp | m_axis_ipv6udp | interface |
| m_axis_icmp    | m_axis_icmp    | interface |
| m_axis_udp     | m_axis_udp     | interface |
| m_axis_tcp     | m_axis_tcp     | interface |
| m_axis_roce    | m_axis_roce    | interface |
| myIpAddress    | myIpAddress    | port      |
+----------------+----------------+-----------+


================================================================
== M_AXI Burst Information
================================================================
 Note: All burst requests might be further partitioned into multiple requests during RTL generation based on max_read_burst_length or max_write_burst_length settings.

  No burst in design

================================================================
== Bind Op Report
================================================================
+----------------------------------------+-----+--------+--------------+-----+--------+---------+
| Name                                   | DSP | Pragma | Variable     | Op  | Impl   | Latency |
+----------------------------------------+-----+--------+--------------+-----+--------+---------+
| + ip_handler_top                       | 0   |        |              |     |        |         |
|  + detect_eth_protocol_512_s           | 0   |        |              |     |        |         |
|    add_ln67_fu_179_p2                  | -   |        | add_ln67     | add | fabric | 0       |
|  + extract_ip_meta_512_s               | 0   |        |              |     |        |         |
|    add_ln67_fu_200_p2                  | -   |        | add_ln67     | add | fabric | 0       |
|  + ip_handler_compute_ipv4_checksum    | 0   |        |              |     |        |         |
|    add_ln886_fu_1043_p2                | -   |        | add_ln886    | add | fabric | 0       |
|    add_ln886_1_fu_1120_p2              | -   |        | add_ln886_1  | add | fabric | 0       |
|    add_ln886_2_fu_1213_p2              | -   |        | add_ln886_2  | add | fabric | 0       |
|    add_ln886_3_fu_1290_p2              | -   |        | add_ln886_3  | add | fabric | 0       |
|    add_ln886_4_fu_1374_p2              | -   |        | add_ln886_4  | add | fabric | 0       |
|    add_ln886_5_fu_1451_p2              | -   |        | add_ln886_5  | add | fabric | 0       |
|    add_ln886_6_fu_1544_p2              | -   |        | add_ln886_6  | add | fabric | 0       |
|    add_ln886_7_fu_1621_p2              | -   |        | add_ln886_7  | add | fabric | 0       |
|    add_ln886_8_fu_1705_p2              | -   |        | add_ln886_8  | add | fabric | 0       |
|    add_ln886_9_fu_1782_p2              | -   |        | add_ln886_9  | add | fabric | 0       |
|    add_ln886_10_fu_1866_p2             | -   |        | add_ln886_10 | add | fabric | 0       |
|    add_ln886_11_fu_1943_p2             | -   |        | add_ln886_11 | add | fabric | 0       |
|    add_ln886_12_fu_2027_p2             | -   |        | add_ln886_12 | add | fabric | 0       |
|    add_ln886_13_fu_2104_p2             | -   |        | add_ln886_13 | add | fabric | 0       |
|    add_ln886_14_fu_2189_p2             | -   |        | add_ln886_14 | add | fabric | 0       |
|    add_ln886_15_fu_2266_p2             | -   |        | add_ln886_15 | add | fabric | 0       |
|    add_ln886_16_fu_2350_p2             | -   |        | add_ln886_16 | add | fabric | 0       |
|    add_ln886_17_fu_2427_p2             | -   |        | add_ln886_17 | add | fabric | 0       |
|    add_ln886_18_fu_2511_p2             | -   |        | add_ln886_18 | add | fabric | 0       |
|    add_ln886_19_fu_2588_p2             | -   |        | add_ln886_19 | add | fabric | 0       |
|    add_ln886_20_fu_2672_p2             | -   |        | add_ln886_20 | add | fabric | 0       |
|    add_ln886_21_fu_2749_p2             | -   |        | add_ln886_21 | add | fabric | 0       |
|    add_ln886_22_fu_2833_p2             | -   |        | add_ln886_22 | add | fabric | 0       |
|    add_ln886_23_fu_2910_p2             | -   |        | add_ln886_23 | add | fabric | 0       |
|    add_ln886_24_fu_2994_p2             | -   |        | add_ln886_24 | add | fabric | 0       |
|    add_ln886_25_fu_3071_p2             | -   |        | add_ln886_25 | add | fabric | 0       |
|    add_ln886_26_fu_3155_p2             | -   |        | add_ln886_26 | add | fabric | 0       |
|    add_ln886_27_fu_3232_p2             | -   |        | add_ln886_27 | add | fabric | 0       |
|    add_ln886_28_fu_3316_p2             | -   |        | add_ln886_28 | add | fabric | 0       |
|    add_ln886_29_fu_3393_p2             | -   |        | add_ln886_29 | add | fabric | 0       |
|  + ip_handler_check_ipv4_checksum_32_s | 0   |        |              |     |        |         |
|    add_ln886_fu_655_p2                 | -   |        | add_ln886    | add | fabric | 0       |
|    add_ln886_30_fu_709_p2              | -   |        | add_ln886_30 | add | fabric | 0       |
|    add_ln886_31_fu_763_p2              | -   |        | add_ln886_31 | add | fabric | 0       |
|    add_ln886_32_fu_817_p2              | -   |        | add_ln886_32 | add | fabric | 0       |
|    add_ln886_33_fu_871_p2              | -   |        | add_ln886_33 | add | fabric | 0       |
|    add_ln886_34_fu_925_p2              | -   |        | add_ln886_34 | add | fabric | 0       |
|    add_ln886_35_fu_979_p2              | -   |        | add_ln886_35 | add | fabric | 0       |
|    add_ln886_36_fu_1033_p2             | -   |        | add_ln886_36 | add | fabric | 0       |
|    add_ln886_37_fu_1087_p2             | -   |        | add_ln886_37 | add | fabric | 0       |
|    add_ln886_38_fu_1141_p2             | -   |        | add_ln886_38 | add | fabric | 0       |
|    add_ln886_39_fu_1195_p2             | -   |        | add_ln886_39 | add | fabric | 0       |
|    add_ln886_40_fu_1249_p2             | -   |        | add_ln886_40 | add | fabric | 0       |
|    add_ln886_41_fu_1303_p2             | -   |        | add_ln886_41 | add | fabric | 0       |
|    add_ln886_42_fu_1357_p2             | -   |        | add_ln886_42 | add | fabric | 0       |
|    add_ln886_43_fu_1411_p2             | -   |        | add_ln886_43 | add | fabric | 0       |
|    add_ln886_44_fu_1465_p2             | -   |        | add_ln886_44 | add | fabric | 0       |
|    add_ln886_45_fu_2079_p2             | -   |        | add_ln886_45 | add | fabric | 0       |
|    add_ln886_46_fu_2143_p2             | -   |        | add_ln886_46 | add | fabric | 0       |
|    add_ln886_47_fu_2207_p2             | -   |        | add_ln886_47 | add | fabric | 0       |
|    add_ln886_48_fu_2271_p2             | -   |        | add_ln886_48 | add | fabric | 0       |
|    add_ln886_49_fu_2335_p2             | -   |        | add_ln886_49 | add | fabric | 0       |
|    add_ln886_50_fu_2389_p2             | -   |        | add_ln886_50 | add | fabric | 0       |
|    add_ln886_51_fu_2443_p2             | -   |        | add_ln886_51 | add | fabric | 0       |
|    add_ln886_52_fu_2497_p2             | -   |        | add_ln886_52 | add | fabric | 0       |
|    add_ln886_53_fu_2602_p2             | -   |        | add_ln886_53 | add | fabric | 0       |
|    add_ln886_54_fu_2642_p2             | -   |        | add_ln886_54 | add | fabric | 0       |
|    add_ln886_55_fu_2682_p2             | -   |        | add_ln886_55 | add | fabric | 0       |
|    add_ln886_56_fu_2722_p2             | -   |        | add_ln886_56 | add | fabric | 0       |
|    add_ln886_57_fu_2763_p2             | -   |        | add_ln886_57 | add | fabric | 0       |
|    add_ln886_58_fu_2769_p2             | -   |        | add_ln886_58 | add | fabric | 0       |
|    add_ln886_59_fu_2825_p2             | -   |        | add_ln886_59 | add | fabric | 0       |
+----------------------------------------+-----+--------+--------------+-----+--------+---------+


================================================================
== Bind Storage Report
================================================================
  No bind storage info in design

================================================================
== Pragma Report
================================================================
* Ignored Pragmas
+-----------+----------+--------------------------------------------------------------------------------------------------------------------------------------------+-------------------------------------------------+
| Type      | Options  | Location                                                                                                                                   | Messages                                        |
+-----------+----------+--------------------------------------------------------------------------------------------------------------------------------------------+-------------------------------------------------+
| data_pack | variable | ../../../../../../../../../mnt/scratch/pyuvaraj/Vitis_RoCE_W/Vitis_RoCE/fpga-network-stack/hls/ip_handler/ip_handler.cpp:510 in ip_handler | the pragma is not supported and will be ignored |
| data_pack | variable | ../../../../../../../../../mnt/scratch/pyuvaraj/Vitis_RoCE_W/Vitis_RoCE/fpga-network-stack/hls/ip_handler/ip_handler.cpp:511 in ip_handler | the pragma is not supported and will be ignored |
| data_pack | variable | ../../../../../../../../../mnt/scratch/pyuvaraj/Vitis_RoCE_W/Vitis_RoCE/fpga-network-stack/hls/ip_handler/ip_handler.cpp:512 in ip_handler | the pragma is not supported and will be ignored |
| data_pack | variable | ../../../../../../../../../mnt/scratch/pyuvaraj/Vitis_RoCE_W/Vitis_RoCE/fpga-network-stack/hls/ip_handler/ip_handler.cpp:513 in ip_handler | the pragma is not supported and will be ignored |
| data_pack | variable | ../../../../../../../../../mnt/scratch/pyuvaraj/Vitis_RoCE_W/Vitis_RoCE/fpga-network-stack/hls/ip_handler/ip_handler.cpp:514 in ip_handler | the pragma is not supported and will be ignored |
| data_pack | variable | ../../../../../../../../../mnt/scratch/pyuvaraj/Vitis_RoCE_W/Vitis_RoCE/fpga-network-stack/hls/ip_handler/ip_handler.cpp:515 in ip_handler | the pragma is not supported and will be ignored |
+-----------+----------+--------------------------------------------------------------------------------------------------------------------------------------------+-------------------------------------------------+

* Pragmas with Warnings
+-----------+-------------------------------------+-------------------------------------------------------------------------------------------------------------------------------------------------------------+-----------------------------------------------------------------------------------+
| Type      | Options                             | Location                                                                                                                                                    | Messages                                                                          |
+-----------+-------------------------------------+-------------------------------------------------------------------------------------------------------------------------------------------------------------+-----------------------------------------------------------------------------------+
| interface | ap_stable register port=myIpAddress | ../../../../../../../../../mnt/scratch/pyuvaraj/Vitis_RoCE_W/Vitis_RoCE/fpga-network-stack/hls/ip_handler/ip_handler.cpp:572 in ip_handler_top, myIpAddress | 'Ap_stable' in '#pragma HLS INTERFACE' is deprecated, use 'Stable Pragma' instead |
+-----------+-------------------------------------+-------------------------------------------------------------------------------------------------------------------------------------------------------------+-----------------------------------------------------------------------------------+

* Valid Pragma Syntax
+-----------+--------------------------------------+----------------------------------------------------------------------------------------------------------------------------------------------------------------+
| Type      | Options                              | Location                                                                                                                                                       |
+-----------+--------------------------------------+----------------------------------------------------------------------------------------------------------------------------------------------------------------+
| inline    |                                      | ../../../../../../../../../mnt/scratch/pyuvaraj/Vitis_RoCE_W/Vitis_RoCE/fpga-network-stack/hls/axi_utils.cpp:188 in keeptolen                                  |
| unroll    |                                      | ../../../../../../../../../mnt/scratch/pyuvaraj/Vitis_RoCE_W/Vitis_RoCE/fpga-network-stack/hls/axi_utils.hpp:78 in reverse                                     |
| unroll    |                                      | ../../../../../../../../../mnt/scratch/pyuvaraj/Vitis_RoCE_W/Vitis_RoCE/fpga-network-stack/hls/axi_utils.hpp:90 in reverse_bits                                |
| inline    |                                      | ../../../../../../../../../mnt/scratch/pyuvaraj/Vitis_RoCE_W/Vitis_RoCE/fpga-network-stack/hls/axi_utils.hpp:259 in increasestreamwidth                        |
| inline    |                                      | ../../../../../../../../../mnt/scratch/pyuvaraj/Vitis_RoCE_W/Vitis_RoCE/fpga-network-stack/hls/axi_utils.hpp:289 in reducestreamwidth                          |
| pipeline  | II=1                                 | ../../../../../../../../../mnt/scratch/pyuvaraj/Vitis_RoCE_W/Vitis_RoCE/fpga-network-stack/hls/axi_utils.hpp:352 in convertstreamwidth                         |
| inline    | off                                  | ../../../../../../../../../mnt/scratch/pyuvaraj/Vitis_RoCE_W/Vitis_RoCE/fpga-network-stack/hls/axi_utils.hpp:353 in convertstreamwidth                         |
| pipeline  | II=1                                 | ../../../../../../../../../mnt/scratch/pyuvaraj/Vitis_RoCE_W/Vitis_RoCE/fpga-network-stack/hls/axi_utils.hpp:364 in convertstreamwidth                         |
| inline    | off                                  | ../../../../../../../../../mnt/scratch/pyuvaraj/Vitis_RoCE_W/Vitis_RoCE/fpga-network-stack/hls/axi_utils.hpp:365 in convertstreamwidth                         |
| pipeline  | II=1                                 | ../../../../../../../../../mnt/scratch/pyuvaraj/Vitis_RoCE_W/Vitis_RoCE/fpga-network-stack/hls/axi_utils.hpp:373 in convertstreamwidth                         |
| inline    | off                                  | ../../../../../../../../../mnt/scratch/pyuvaraj/Vitis_RoCE_W/Vitis_RoCE/fpga-network-stack/hls/axi_utils.hpp:374 in convertstreamwidth                         |
| pipeline  | II=1                                 | ../../../../../../../../../mnt/scratch/pyuvaraj/Vitis_RoCE_W/Vitis_RoCE/fpga-network-stack/hls/axi_utils.hpp:382 in convertstreamwidth                         |
| inline    | off                                  | ../../../../../../../../../mnt/scratch/pyuvaraj/Vitis_RoCE_W/Vitis_RoCE/fpga-network-stack/hls/axi_utils.hpp:383 in convertstreamwidth                         |
| pipeline  | II=1                                 | ../../../../../../../../../mnt/scratch/pyuvaraj/Vitis_RoCE_W/Vitis_RoCE/fpga-network-stack/hls/axi_utils.hpp:391 in convertstreamwidth                         |
| inline    | off                                  | ../../../../../../../../../mnt/scratch/pyuvaraj/Vitis_RoCE_W/Vitis_RoCE/fpga-network-stack/hls/axi_utils.hpp:392 in convertstreamwidth                         |
| pipeline  | II=1                                 | ../../../../../../../../../mnt/scratch/pyuvaraj/Vitis_RoCE_W/Vitis_RoCE/fpga-network-stack/hls/axi_utils.hpp:400 in convertstreamwidth                         |
| inline    | off                                  | ../../../../../../../../../mnt/scratch/pyuvaraj/Vitis_RoCE_W/Vitis_RoCE/fpga-network-stack/hls/axi_utils.hpp:401 in convertstreamwidth                         |
| pipeline  | II=1                                 | ../../../../../../../../../mnt/scratch/pyuvaraj/Vitis_RoCE_W/Vitis_RoCE/fpga-network-stack/hls/axi_utils.hpp:409 in convertstreamwidth                         |
| inline    | off                                  | ../../../../../../../../../mnt/scratch/pyuvaraj/Vitis_RoCE_W/Vitis_RoCE/fpga-network-stack/hls/axi_utils.hpp:410 in convertstreamwidth                         |
| inline    | off                                  | ../../../../../../../../../mnt/scratch/pyuvaraj/Vitis_RoCE_W/Vitis_RoCE/fpga-network-stack/hls/axi_utils.hpp:434 in rshiftwordbyoctet                          |
| pipeline  | II=1                                 | ../../../../../../../../../mnt/scratch/pyuvaraj/Vitis_RoCE_W/Vitis_RoCE/fpga-network-stack/hls/axi_utils.hpp:435 in rshiftwordbyoctet                          |
| inline    | off                                  | ../../../../../../../../../mnt/scratch/pyuvaraj/Vitis_RoCE_W/Vitis_RoCE/fpga-network-stack/hls/axi_utils.hpp:509 in lshiftwordbyoctet                          |
| pipeline  | II=1                                 | ../../../../../../../../../mnt/scratch/pyuvaraj/Vitis_RoCE_W/Vitis_RoCE/fpga-network-stack/hls/axi_utils.hpp:510 in lshiftwordbyoctet                          |
| pipeline  | II=1                                 | ../../../../../../../../../mnt/scratch/pyuvaraj/Vitis_RoCE_W/Vitis_RoCE/fpga-network-stack/hls/axi_utils.hpp:578 in stream_merger                              |
| inline    | off                                  | ../../../../../../../../../mnt/scratch/pyuvaraj/Vitis_RoCE_W/Vitis_RoCE/fpga-network-stack/hls/axi_utils.hpp:579 in stream_merger                              |
| pipeline  | II=1                                 | ../../../../../../../../../mnt/scratch/pyuvaraj/Vitis_RoCE_W/Vitis_RoCE/fpga-network-stack/hls/axi_utils.hpp:597 in stream_merger                              |
| inline    | off                                  | ../../../../../../../../../mnt/scratch/pyuvaraj/Vitis_RoCE_W/Vitis_RoCE/fpga-network-stack/hls/axi_utils.hpp:598 in stream_merger                              |
| pipeline  | II=1                                 | ../../../../../../../../../mnt/scratch/pyuvaraj/Vitis_RoCE_W/Vitis_RoCE/fpga-network-stack/hls/axi_utils.hpp:659 in fair_merger                                |
| inline    | off                                  | ../../../../../../../../../mnt/scratch/pyuvaraj/Vitis_RoCE_W/Vitis_RoCE/fpga-network-stack/hls/axi_utils.hpp:660 in fair_merger                                |
| pipeline  | II=1                                 | ../../../../../../../../../mnt/scratch/pyuvaraj/Vitis_RoCE_W/Vitis_RoCE/fpga-network-stack/hls/axi_utils.hpp:693 in fair_pkg_merger                            |
| inline    | off                                  | ../../../../../../../../../mnt/scratch/pyuvaraj/Vitis_RoCE_W/Vitis_RoCE/fpga-network-stack/hls/axi_utils.hpp:694 in fair_pkg_merger                            |
| pipeline  | II=1                                 | ../../../../../../../../../mnt/scratch/pyuvaraj/Vitis_RoCE_W/Vitis_RoCE/fpga-network-stack/hls/axi_utils.hpp:775 in stream_pkg_merger                          |
| inline    | off                                  | ../../../../../../../../../mnt/scratch/pyuvaraj/Vitis_RoCE_W/Vitis_RoCE/fpga-network-stack/hls/axi_utils.hpp:776 in stream_pkg_merger                          |
| pipeline  | II=1                                 | ../../../../../../../../../mnt/scratch/pyuvaraj/Vitis_RoCE_W/Vitis_RoCE/fpga-network-stack/hls/axi_utils.hpp:854 in stream_pkg_splitter                        |
| inline    | off                                  | ../../../../../../../../../mnt/scratch/pyuvaraj/Vitis_RoCE_W/Vitis_RoCE/fpga-network-stack/hls/axi_utils.hpp:855 in stream_pkg_splitter                        |
| pipeline  | II=1                                 | ../../../../../../../../../mnt/scratch/pyuvaraj/Vitis_RoCE_W/Vitis_RoCE/fpga-network-stack/hls/axi_utils.hpp:919 in pass_valid_pkg                             |
| inline    | off                                  | ../../../../../../../../../mnt/scratch/pyuvaraj/Vitis_RoCE_W/Vitis_RoCE/fpga-network-stack/hls/axi_utils.hpp:920 in pass_valid_pkg                             |
| pipeline  | II=1                                 | ../../../../../../../../../mnt/scratch/pyuvaraj/Vitis_RoCE_W/Vitis_RoCE/fpga-network-stack/hls/axi_utils.hpp:981 in toe_duplicate_stream                       |
| inline    | off                                  | ../../../../../../../../../mnt/scratch/pyuvaraj/Vitis_RoCE_W/Vitis_RoCE/fpga-network-stack/hls/axi_utils.hpp:982 in toe_duplicate_stream                       |
| pipeline  | II=1                                 | ../../../../../../../../../mnt/scratch/pyuvaraj/Vitis_RoCE_W/Vitis_RoCE/fpga-network-stack/hls/axi_utils.hpp:997 in ip_handler_duplicate_stream                |
| inline    | off                                  | ../../../../../../../../../mnt/scratch/pyuvaraj/Vitis_RoCE_W/Vitis_RoCE/fpga-network-stack/hls/axi_utils.hpp:998 in ip_handler_duplicate_stream                |
| inline    | off                                  | ../../../../../../../../../mnt/scratch/pyuvaraj/Vitis_RoCE_W/Vitis_RoCE/fpga-network-stack/hls/axi_utils.hpp:1036 in udp_lshiftwordbyoctet                     |
| pipeline  | II=1                                 | ../../../../../../../../../mnt/scratch/pyuvaraj/Vitis_RoCE_W/Vitis_RoCE/fpga-network-stack/hls/axi_utils.hpp:1037 in udp_lshiftwordbyoctet                     |
| inline    | off                                  | ../../../../../../../../../mnt/scratch/pyuvaraj/Vitis_RoCE_W/Vitis_RoCE/fpga-network-stack/hls/axi_utils.hpp:1107 in mac_lshiftwordbyoctet                     |
| pipeline  | II=1                                 | ../../../../../../../../../mnt/scratch/pyuvaraj/Vitis_RoCE_W/Vitis_RoCE/fpga-network-stack/hls/axi_utils.hpp:1108 in mac_lshiftwordbyoctet                     |
| inline    | off                                  | ../../../../../../../../../mnt/scratch/pyuvaraj/Vitis_RoCE_W/Vitis_RoCE/fpga-network-stack/hls/axi_utils.hpp:1178 in ipv4_lshiftwordbyoctet                    |
| pipeline  | II=1                                 | ../../../../../../../../../mnt/scratch/pyuvaraj/Vitis_RoCE_W/Vitis_RoCE/fpga-network-stack/hls/axi_utils.hpp:1179 in ipv4_lshiftwordbyoctet                    |
| inline    | off                                  | ../../../../../../../../../mnt/scratch/pyuvaraj/Vitis_RoCE_W/Vitis_RoCE/fpga-network-stack/hls/axi_utils.hpp:1249 in ip_handler_rshiftwordbyoctet              |
| pipeline  | II=1                                 | ../../../../../../../../../mnt/scratch/pyuvaraj/Vitis_RoCE_W/Vitis_RoCE/fpga-network-stack/hls/axi_utils.hpp:1250 in ip_handler_rshiftwordbyoctet              |
| inline    | off                                  | ../../../../../../../../../mnt/scratch/pyuvaraj/Vitis_RoCE_W/Vitis_RoCE/fpga-network-stack/hls/axi_utils.hpp:1324 in udp_rshiftwordbyoctet                     |
| pipeline  | II=1                                 | ../../../../../../../../../mnt/scratch/pyuvaraj/Vitis_RoCE_W/Vitis_RoCE/fpga-network-stack/hls/axi_utils.hpp:1325 in udp_rshiftwordbyoctet                     |
| pipeline  | II=1                                 | ../../../../../../../../../mnt/scratch/pyuvaraj/Vitis_RoCE_W/Vitis_RoCE/fpga-network-stack/hls/ip_handler/ip_handler.cpp:41 in detect_eth_protocol             |
| inline    | off                                  | ../../../../../../../../../mnt/scratch/pyuvaraj/Vitis_RoCE_W/Vitis_RoCE/fpga-network-stack/hls/ip_handler/ip_handler.cpp:42 in detect_eth_protocol             |
| pipeline  | II=1                                 | ../../../../../../../../../mnt/scratch/pyuvaraj/Vitis_RoCE_W/Vitis_RoCE/fpga-network-stack/hls/ip_handler/ip_handler.cpp:77 in route_by_eth_protocol           |
| inline    | off                                  | ../../../../../../../../../mnt/scratch/pyuvaraj/Vitis_RoCE_W/Vitis_RoCE/fpga-network-stack/hls/ip_handler/ip_handler.cpp:78 in route_by_eth_protocol           |
| pipeline  | II=1                                 | ../../../../../../../../../mnt/scratch/pyuvaraj/Vitis_RoCE_W/Vitis_RoCE/fpga-network-stack/hls/ip_handler/ip_handler.cpp:141 in extract_ip_meta                |
| inline    | off                                  | ../../../../../../../../../mnt/scratch/pyuvaraj/Vitis_RoCE_W/Vitis_RoCE/fpga-network-stack/hls/ip_handler/ip_handler.cpp:142 in extract_ip_meta                |
| pipeline  | II=1                                 | ../../../../../../../../../mnt/scratch/pyuvaraj/Vitis_RoCE_W/Vitis_RoCE/fpga-network-stack/hls/ip_handler/ip_handler.cpp:182 in ip_invalid_dropper             |
| inline    | off                                  | ../../../../../../../../../mnt/scratch/pyuvaraj/Vitis_RoCE_W/Vitis_RoCE/fpga-network-stack/hls/ip_handler/ip_handler.cpp:183 in ip_invalid_dropper             |
| pipeline  | II=1                                 | ../../../../../../../../../mnt/scratch/pyuvaraj/Vitis_RoCE_W/Vitis_RoCE/fpga-network-stack/hls/ip_handler/ip_handler.cpp:236 in cut_length                     |
| inline    | off                                  | ../../../../../../../../../mnt/scratch/pyuvaraj/Vitis_RoCE_W/Vitis_RoCE/fpga-network-stack/hls/ip_handler/ip_handler.cpp:237 in cut_length                     |
| pipeline  | II=1                                 | ../../../../../../../../../mnt/scratch/pyuvaraj/Vitis_RoCE_W/Vitis_RoCE/fpga-network-stack/hls/ip_handler/ip_handler.cpp:296 in cut_length                     |
| inline    | off                                  | ../../../../../../../../../mnt/scratch/pyuvaraj/Vitis_RoCE_W/Vitis_RoCE/fpga-network-stack/hls/ip_handler/ip_handler.cpp:297 in cut_length                     |
| pipeline  | II=1                                 | ../../../../../../../../../mnt/scratch/pyuvaraj/Vitis_RoCE_W/Vitis_RoCE/fpga-network-stack/hls/ip_handler/ip_handler.cpp:351 in detect_ipv4_protocol           |
| inline    | off                                  | ../../../../../../../../../mnt/scratch/pyuvaraj/Vitis_RoCE_W/Vitis_RoCE/fpga-network-stack/hls/ip_handler/ip_handler.cpp:352 in detect_ipv4_protocol           |
| pipeline  | II=1                                 | ../../../../../../../../../mnt/scratch/pyuvaraj/Vitis_RoCE_W/Vitis_RoCE/fpga-network-stack/hls/ip_handler/ip_handler.cpp:402 in detect_ipv6_protocol           |
| inline    | off                                  | ../../../../../../../../../mnt/scratch/pyuvaraj/Vitis_RoCE_W/Vitis_RoCE/fpga-network-stack/hls/ip_handler/ip_handler.cpp:403 in detect_ipv6_protocol           |
| inline    |                                      | ../../../../../../../../../mnt/scratch/pyuvaraj/Vitis_RoCE_W/Vitis_RoCE/fpga-network-stack/hls/ip_handler/ip_handler.cpp:477 in ip_handler                     |
| stream    | variable=etherTypeFifo depth=2       | ../../../../../../../../../mnt/scratch/pyuvaraj/Vitis_RoCE_W/Vitis_RoCE/fpga-network-stack/hls/ip_handler/ip_handler.cpp:495 in ip_handler, etherTypeFifo      |
| stream    | variable=ethDataFifo depth=4         | ../../../../../../../../../mnt/scratch/pyuvaraj/Vitis_RoCE_W/Vitis_RoCE/fpga-network-stack/hls/ip_handler/ip_handler.cpp:496 in ip_handler, ethDataFifo        |
| stream    | variable=ipv4ShiftFifo depth=2       | ../../../../../../../../../mnt/scratch/pyuvaraj/Vitis_RoCE_W/Vitis_RoCE/fpga-network-stack/hls/ip_handler/ip_handler.cpp:497 in ip_handler, ipv4ShiftFifo      |
| stream    | variable=ipv6ShiftFifo depth=2       | ../../../../../../../../../mnt/scratch/pyuvaraj/Vitis_RoCE_W/Vitis_RoCE/fpga-network-stack/hls/ip_handler/ip_handler.cpp:498 in ip_handler, ipv6ShiftFifo      |
| stream    | variable=ipDataFifo depth=2          | ../../../../../../../../../mnt/scratch/pyuvaraj/Vitis_RoCE_W/Vitis_RoCE/fpga-network-stack/hls/ip_handler/ip_handler.cpp:499 in ip_handler, ipDataFifo         |
| stream    | variable=ipDataMetaFifo depth=2      | ../../../../../../../../../mnt/scratch/pyuvaraj/Vitis_RoCE_W/Vitis_RoCE/fpga-network-stack/hls/ip_handler/ip_handler.cpp:500 in ip_handler, ipDataMetaFifo     |
| stream    | variable=ipDataCheckFifo depth=64    | ../../../../../../../../../mnt/scratch/pyuvaraj/Vitis_RoCE_W/Vitis_RoCE/fpga-network-stack/hls/ip_handler/ip_handler.cpp:501 in ip_handler, ipDataCheckFifo    |
| stream    | variable=ipDataDropFifo depth=2      | ../../../../../../../../../mnt/scratch/pyuvaraj/Vitis_RoCE_W/Vitis_RoCE/fpga-network-stack/hls/ip_handler/ip_handler.cpp:502 in ip_handler, ipDataDropFifo     |
| stream    | variable=ipDataCutFifo depth=2       | ../../../../../../../../../mnt/scratch/pyuvaraj/Vitis_RoCE_W/Vitis_RoCE/fpga-network-stack/hls/ip_handler/ip_handler.cpp:503 in ip_handler, ipDataCutFifo      |
| stream    | variable=udpDataFifo depth=2         | ../../../../../../../../../mnt/scratch/pyuvaraj/Vitis_RoCE_W/Vitis_RoCE/fpga-network-stack/hls/ip_handler/ip_handler.cpp:504 in ip_handler, udpDataFifo        |
| stream    | variable=iph_subSumsFifoOut depth=2  | ../../../../../../../../../mnt/scratch/pyuvaraj/Vitis_RoCE_W/Vitis_RoCE/fpga-network-stack/hls/ip_handler/ip_handler.cpp:505 in ip_handler, iph_subSumsFifoOut |
| stream    | variable=validChecksumFifo depth=4   | ../../../../../../../../../mnt/scratch/pyuvaraj/Vitis_RoCE_W/Vitis_RoCE/fpga-network-stack/hls/ip_handler/ip_handler.cpp:506 in ip_handler, validChecksumFifo  |
| stream    | variable=validIpAddressFifo depth=32 | ../../../../../../../../../mnt/scratch/pyuvaraj/Vitis_RoCE_W/Vitis_RoCE/fpga-network-stack/hls/ip_handler/ip_handler.cpp:507 in ip_handler, validIpAddressFifo |
| stream    | variable=ipv4ValidFifo depth=8       | ../../../../../../../../../mnt/scratch/pyuvaraj/Vitis_RoCE_W/Vitis_RoCE/fpga-network-stack/hls/ip_handler/ip_handler.cpp:508 in ip_handler, ipv4ValidFifo      |
| stream    | variable=ipv6DataFifo depth=2        | ../../../../../../../../../mnt/scratch/pyuvaraj/Vitis_RoCE_W/Vitis_RoCE/fpga-network-stack/hls/ip_handler/ip_handler.cpp:518 in ip_handler, ipv6DataFifo       |
| stream    | variable=ipv4ProtocolFifo depth=32   | ../../../../../../../../../mnt/scratch/pyuvaraj/Vitis_RoCE_W/Vitis_RoCE/fpga-network-stack/hls/ip_handler/ip_handler.cpp:520 in ip_handler, ipv4ProtocolFifo   |
| dataflow  | disable_start_propagation            | ../../../../../../../../../mnt/scratch/pyuvaraj/Vitis_RoCE_W/Vitis_RoCE/fpga-network-stack/hls/ip_handler/ip_handler.cpp:560 in ip_handler_top                 |
| interface | ap_ctrl_none port=return             | ../../../../../../../../../mnt/scratch/pyuvaraj/Vitis_RoCE_W/Vitis_RoCE/fpga-network-stack/hls/ip_handler/ip_handler.cpp:561 in ip_handler_top, return         |
| interface | axis register port=s_axis_raw        | ../../../../../../../../../mnt/scratch/pyuvaraj/Vitis_RoCE_W/Vitis_RoCE/fpga-network-stack/hls/ip_handler/ip_handler.cpp:563 in ip_handler_top, s_axis_raw     |
| interface | axis register port=m_axis_arp        | ../../../../../../../../../mnt/scratch/pyuvaraj/Vitis_RoCE_W/Vitis_RoCE/fpga-network-stack/hls/ip_handler/ip_handler.cpp:564 in ip_handler_top, m_axis_arp     |
| interface | axis register port=m_axis_icmpv6     | ../../../../../../../../../mnt/scratch/pyuvaraj/Vitis_RoCE_W/Vitis_RoCE/fpga-network-stack/hls/ip_handler/ip_handler.cpp:565 in ip_handler_top, m_axis_icmpv6  |
| interface | axis register port=m_axis_ipv6udp    | ../../../../../../../../../mnt/scratch/pyuvaraj/Vitis_RoCE_W/Vitis_RoCE/fpga-network-stack/hls/ip_handler/ip_handler.cpp:566 in ip_handler_top, m_axis_ipv6udp |
| interface | axis register port=m_axis_icmp       | ../../../../../../../../../mnt/scratch/pyuvaraj/Vitis_RoCE_W/Vitis_RoCE/fpga-network-stack/hls/ip_handler/ip_handler.cpp:567 in ip_handler_top, m_axis_icmp    |
| interface | axis register port=m_axis_udp        | ../../../../../../../../../mnt/scratch/pyuvaraj/Vitis_RoCE_W/Vitis_RoCE/fpga-network-stack/hls/ip_handler/ip_handler.cpp:568 in ip_handler_top, m_axis_udp     |
| interface | axis register port=m_axis_tcp        | ../../../../../../../../../mnt/scratch/pyuvaraj/Vitis_RoCE_W/Vitis_RoCE/fpga-network-stack/hls/ip_handler/ip_handler.cpp:569 in ip_handler_top, m_axis_tcp     |
| interface | axis register port=m_axis_roce       | ../../../../../../../../../mnt/scratch/pyuvaraj/Vitis_RoCE_W/Vitis_RoCE/fpga-network-stack/hls/ip_handler/ip_handler.cpp:570 in ip_handler_top, m_axis_roce    |
| inline    | off                                  | ../../../../../../../../../mnt/scratch/pyuvaraj/Vitis_RoCE_W/Vitis_RoCE/fpga-network-stack/hls/ipv4/ipv4.hpp:58 in drop_optional_ip_header                     |
| pipeline  | II=1                                 | ../../../../../../../../../mnt/scratch/pyuvaraj/Vitis_RoCE_W/Vitis_RoCE/fpga-network-stack/hls/ipv4/ipv4.hpp:59 in drop_optional_ip_header                     |
| inline    | off                                  | ../../../../../../../../../mnt/scratch/pyuvaraj/Vitis_RoCE_W/Vitis_RoCE/fpga-network-stack/hls/ipv4/ipv4.hpp:200 in ipv4_drop_optional_ip_header               |
| pipeline  | II=1                                 | ../../../../../../../../../mnt/scratch/pyuvaraj/Vitis_RoCE_W/Vitis_RoCE/fpga-network-stack/hls/ipv4/ipv4.hpp:201 in ipv4_drop_optional_ip_header               |
| pipeline  | II=1                                 | ../../../../../../../../../mnt/scratch/pyuvaraj/Vitis_RoCE_W/Vitis_RoCE/fpga-network-stack/hls/ipv4/ipv4.hpp:372 in toe_check_ipv4_checksum                    |
| inline    | off                                  | ../../../../../../../../../mnt/scratch/pyuvaraj/Vitis_RoCE_W/Vitis_RoCE/fpga-network-stack/hls/ipv4/ipv4.hpp:373 in toe_check_ipv4_checksum                    |
| unroll    |                                      | ../../../../../../../../../mnt/scratch/pyuvaraj/Vitis_RoCE_W/Vitis_RoCE/fpga-network-stack/hls/ipv4/ipv4.hpp:383 in toe_check_ipv4_checksum                    |
| unroll    |                                      | ../../../../../../../../../mnt/scratch/pyuvaraj/Vitis_RoCE_W/Vitis_RoCE/fpga-network-stack/hls/ipv4/ipv4.hpp:393 in toe_check_ipv4_checksum                    |
| unroll    |                                      | ../../../../../../../../../mnt/scratch/pyuvaraj/Vitis_RoCE_W/Vitis_RoCE/fpga-network-stack/hls/ipv4/ipv4.hpp:403 in toe_check_ipv4_checksum                    |
| pipeline  | II=1                                 | ../../../../../../../../../mnt/scratch/pyuvaraj/Vitis_RoCE_W/Vitis_RoCE/fpga-network-stack/hls/ipv4/ipv4.hpp:429 in ip_handler_check_ipv4_checksum             |
| inline    | off                                  | ../../../../../../../../../mnt/scratch/pyuvaraj/Vitis_RoCE_W/Vitis_RoCE/fpga-network-stack/hls/ipv4/ipv4.hpp:430 in ip_handler_check_ipv4_checksum             |
| unroll    |                                      | ../../../../../../../../../mnt/scratch/pyuvaraj/Vitis_RoCE_W/Vitis_RoCE/fpga-network-stack/hls/ipv4/ipv4.hpp:440 in ip_handler_check_ipv4_checksum             |
| unroll    |                                      | ../../../../../../../../../mnt/scratch/pyuvaraj/Vitis_RoCE_W/Vitis_RoCE/fpga-network-stack/hls/ipv4/ipv4.hpp:450 in ip_handler_check_ipv4_checksum             |
| unroll    |                                      | ../../../../../../../../../mnt/scratch/pyuvaraj/Vitis_RoCE_W/Vitis_RoCE/fpga-network-stack/hls/ipv4/ipv4.hpp:460 in ip_handler_check_ipv4_checksum             |
| pipeline  | II=1                                 | ../../../../../../../../../mnt/scratch/pyuvaraj/Vitis_RoCE_W/Vitis_RoCE/fpga-network-stack/hls/ipv4/ipv4.hpp:484 in finalize_ipv4_checksum                     |
| inline    | off                                  | ../../../../../../../../../mnt/scratch/pyuvaraj/Vitis_RoCE_W/Vitis_RoCE/fpga-network-stack/hls/ipv4/ipv4.hpp:485 in finalize_ipv4_checksum                     |
| unroll    |                                      | ../../../../../../../../../mnt/scratch/pyuvaraj/Vitis_RoCE_W/Vitis_RoCE/fpga-network-stack/hls/ipv4/ipv4.hpp:495 in finalize_ipv4_checksum                     |
| unroll    |                                      | ../../../../../../../../../mnt/scratch/pyuvaraj/Vitis_RoCE_W/Vitis_RoCE/fpga-network-stack/hls/ipv4/ipv4.hpp:505 in finalize_ipv4_checksum                     |
| unroll    |                                      | ../../../../../../../../../mnt/scratch/pyuvaraj/Vitis_RoCE_W/Vitis_RoCE/fpga-network-stack/hls/ipv4/ipv4.hpp:515 in finalize_ipv4_checksum                     |
| pipeline  | II=1                                 | ../../../../../../../../../mnt/scratch/pyuvaraj/Vitis_RoCE_W/Vitis_RoCE/fpga-network-stack/hls/ipv4/ipv4.hpp:540 in mac_finalize_ipv4_checksum                 |
| inline    | off                                  | ../../../../../../../../../mnt/scratch/pyuvaraj/Vitis_RoCE_W/Vitis_RoCE/fpga-network-stack/hls/ipv4/ipv4.hpp:541 in mac_finalize_ipv4_checksum                 |
| unroll    |                                      | ../../../../../../../../../mnt/scratch/pyuvaraj/Vitis_RoCE_W/Vitis_RoCE/fpga-network-stack/hls/ipv4/ipv4.hpp:551 in mac_finalize_ipv4_checksum                 |
| unroll    |                                      | ../../../../../../../../../mnt/scratch/pyuvaraj/Vitis_RoCE_W/Vitis_RoCE/fpga-network-stack/hls/ipv4/ipv4.hpp:561 in mac_finalize_ipv4_checksum                 |
| unroll    |                                      | ../../../../../../../../../mnt/scratch/pyuvaraj/Vitis_RoCE_W/Vitis_RoCE/fpga-network-stack/hls/ipv4/ipv4.hpp:571 in mac_finalize_ipv4_checksum                 |
| pipeline  | II=1                                 | ../../../../../../../../../mnt/scratch/pyuvaraj/Vitis_RoCE_W/Vitis_RoCE/fpga-network-stack/hls/ipv4/ipv4_utils.cpp:34 in compute_ipv4_checksum                 |
| inline    | off                                  | ../../../../../../../../../mnt/scratch/pyuvaraj/Vitis_RoCE_W/Vitis_RoCE/fpga-network-stack/hls/ipv4/ipv4_utils.cpp:35 in compute_ipv4_checksum                 |
| unroll    |                                      | ../../../../../../../../../mnt/scratch/pyuvaraj/Vitis_RoCE_W/Vitis_RoCE/fpga-network-stack/hls/ipv4/ipv4_utils.cpp:55 in compute_ipv4_checksum                 |
| unroll    |                                      | ../../../../../../../../../mnt/scratch/pyuvaraj/Vitis_RoCE_W/Vitis_RoCE/fpga-network-stack/hls/ipv4/ipv4_utils.cpp:67 in compute_ipv4_checksum                 |
| unroll    |                                      | ../../../../../../../../../mnt/scratch/pyuvaraj/Vitis_RoCE_W/Vitis_RoCE/fpga-network-stack/hls/ipv4/ipv4_utils.cpp:89 in compute_ipv4_checksum                 |
| unroll    |                                      | ../../../../../../../../../mnt/scratch/pyuvaraj/Vitis_RoCE_W/Vitis_RoCE/fpga-network-stack/hls/ipv4/ipv4_utils.cpp:102 in compute_ipv4_checksum                |
| unroll    |                                      | ../../../../../../../../../mnt/scratch/pyuvaraj/Vitis_RoCE_W/Vitis_RoCE/fpga-network-stack/hls/ipv4/ipv4_utils.cpp:121 in compute_ipv4_checksum                |
| pipeline  | II=1                                 | ../../../../../../../../../mnt/scratch/pyuvaraj/Vitis_RoCE_W/Vitis_RoCE/fpga-network-stack/hls/ipv4/ipv4_utils.cpp:134 in compute_ipv4_checksum                |
| inline    | off                                  | ../../../../../../../../../mnt/scratch/pyuvaraj/Vitis_RoCE_W/Vitis_RoCE/fpga-network-stack/hls/ipv4/ipv4_utils.cpp:135 in compute_ipv4_checksum                |
| unroll    |                                      | ../../../../../../../../../mnt/scratch/pyuvaraj/Vitis_RoCE_W/Vitis_RoCE/fpga-network-stack/hls/ipv4/ipv4_utils.cpp:155 in compute_ipv4_checksum                |
| unroll    |                                      | ../../../../../../../../../mnt/scratch/pyuvaraj/Vitis_RoCE_W/Vitis_RoCE/fpga-network-stack/hls/ipv4/ipv4_utils.cpp:177 in compute_ipv4_checksum                |
| unroll    |                                      | ../../../../../../../../../mnt/scratch/pyuvaraj/Vitis_RoCE_W/Vitis_RoCE/fpga-network-stack/hls/ipv4/ipv4_utils.cpp:190 in compute_ipv4_checksum                |
| unroll    |                                      | ../../../../../../../../../mnt/scratch/pyuvaraj/Vitis_RoCE_W/Vitis_RoCE/fpga-network-stack/hls/ipv4/ipv4_utils.cpp:203 in compute_ipv4_checksum                |
| unroll    |                                      | ../../../../../../../../../mnt/scratch/pyuvaraj/Vitis_RoCE_W/Vitis_RoCE/fpga-network-stack/hls/ipv4/ipv4_utils.cpp:216 in compute_ipv4_checksum                |
| unroll    |                                      | ../../../../../../../../../mnt/scratch/pyuvaraj/Vitis_RoCE_W/Vitis_RoCE/fpga-network-stack/hls/ipv4/ipv4_utils.cpp:235 in compute_ipv4_checksum                |
| pipeline  | II=1                                 | ../../../../../../../../../mnt/scratch/pyuvaraj/Vitis_RoCE_W/Vitis_RoCE/fpga-network-stack/hls/ipv4/ipv4_utils.cpp:248 in compute_ipv4_checksum                |
| inline    | off                                  | ../../../../../../../../../mnt/scratch/pyuvaraj/Vitis_RoCE_W/Vitis_RoCE/fpga-network-stack/hls/ipv4/ipv4_utils.cpp:249 in compute_ipv4_checksum                |
| unroll    |                                      | ../../../../../../../../../mnt/scratch/pyuvaraj/Vitis_RoCE_W/Vitis_RoCE/fpga-network-stack/hls/ipv4/ipv4_utils.cpp:269 in compute_ipv4_checksum                |
| unroll    |                                      | ../../../../../../../../../mnt/scratch/pyuvaraj/Vitis_RoCE_W/Vitis_RoCE/fpga-network-stack/hls/ipv4/ipv4_utils.cpp:302 in compute_ipv4_checksum                |
| unroll    |                                      | ../../../../../../../../../mnt/scratch/pyuvaraj/Vitis_RoCE_W/Vitis_RoCE/fpga-network-stack/hls/ipv4/ipv4_utils.cpp:315 in compute_ipv4_checksum                |
| unroll    |                                      | ../../../../../../../../../mnt/scratch/pyuvaraj/Vitis_RoCE_W/Vitis_RoCE/fpga-network-stack/hls/ipv4/ipv4_utils.cpp:328 in compute_ipv4_checksum                |
| unroll    |                                      | ../../../../../../../../../mnt/scratch/pyuvaraj/Vitis_RoCE_W/Vitis_RoCE/fpga-network-stack/hls/ipv4/ipv4_utils.cpp:341 in compute_ipv4_checksum                |
| unroll    |                                      | ../../../../../../../../../mnt/scratch/pyuvaraj/Vitis_RoCE_W/Vitis_RoCE/fpga-network-stack/hls/ipv4/ipv4_utils.cpp:354 in compute_ipv4_checksum                |
| unroll    |                                      | ../../../../../../../../../mnt/scratch/pyuvaraj/Vitis_RoCE_W/Vitis_RoCE/fpga-network-stack/hls/ipv4/ipv4_utils.cpp:367 in compute_ipv4_checksum                |
| unroll    |                                      | ../../../../../../../../../mnt/scratch/pyuvaraj/Vitis_RoCE_W/Vitis_RoCE/fpga-network-stack/hls/ipv4/ipv4_utils.cpp:380 in compute_ipv4_checksum                |
| unroll    |                                      | ../../../../../../../../../mnt/scratch/pyuvaraj/Vitis_RoCE_W/Vitis_RoCE/fpga-network-stack/hls/ipv4/ipv4_utils.cpp:393 in compute_ipv4_checksum                |
| unroll    |                                      | ../../../../../../../../../mnt/scratch/pyuvaraj/Vitis_RoCE_W/Vitis_RoCE/fpga-network-stack/hls/ipv4/ipv4_utils.cpp:412 in compute_ipv4_checksum                |
| pipeline  | II=1                                 | ../../../../../../../../../mnt/scratch/pyuvaraj/Vitis_RoCE_W/Vitis_RoCE/fpga-network-stack/hls/ipv4/ipv4_utils.cpp:426 in compute_ipv4_checksum                |
| inline    | off                                  | ../../../../../../../../../mnt/scratch/pyuvaraj/Vitis_RoCE_W/Vitis_RoCE/fpga-network-stack/hls/ipv4/ipv4_utils.cpp:427 in compute_ipv4_checksum                |
| unroll    |                                      | ../../../../../../../../../mnt/scratch/pyuvaraj/Vitis_RoCE_W/Vitis_RoCE/fpga-network-stack/hls/ipv4/ipv4_utils.cpp:446 in compute_ipv4_checksum                |
| unroll    |                                      | ../../../../../../../../../mnt/scratch/pyuvaraj/Vitis_RoCE_W/Vitis_RoCE/fpga-network-stack/hls/ipv4/ipv4_utils.cpp:465 in compute_ipv4_checksum                |
| pipeline  | II=1                                 | ../../../../../../../../../mnt/scratch/pyuvaraj/Vitis_RoCE_W/Vitis_RoCE/fpga-network-stack/hls/ipv4/ipv4_utils.cpp:479 in mac_compute_ipv4_checksum            |
| inline    | off                                  | ../../../../../../../../../mnt/scratch/pyuvaraj/Vitis_RoCE_W/Vitis_RoCE/fpga-network-stack/hls/ipv4/ipv4_utils.cpp:480 in mac_compute_ipv4_checksum            |
| unroll    |                                      | ../../../../../../../../../mnt/scratch/pyuvaraj/Vitis_RoCE_W/Vitis_RoCE/fpga-network-stack/hls/ipv4/ipv4_utils.cpp:499 in mac_compute_ipv4_checksum            |
| unroll    |                                      | ../../../../../../../../../mnt/scratch/pyuvaraj/Vitis_RoCE_W/Vitis_RoCE/fpga-network-stack/hls/ipv4/ipv4_utils.cpp:518 in mac_compute_ipv4_checksum            |
| pipeline  | II=1                                 | ../../../../../../../../../mnt/scratch/pyuvaraj/Vitis_RoCE_W/Vitis_RoCE/fpga-network-stack/hls/ipv4/ipv4_utils.cpp:531 in ip_handler_compute_ipv4_checksum     |
| inline    | off                                  | ../../../../../../../../../mnt/scratch/pyuvaraj/Vitis_RoCE_W/Vitis_RoCE/fpga-network-stack/hls/ipv4/ipv4_utils.cpp:532 in ip_handler_compute_ipv4_checksum     |
| unroll    |                                      | ../../../../../../../../../mnt/scratch/pyuvaraj/Vitis_RoCE_W/Vitis_RoCE/fpga-network-stack/hls/ipv4/ipv4_utils.cpp:551 in ip_handler_compute_ipv4_checksum     |
| unroll    |                                      | ../../../../../../../../../mnt/scratch/pyuvaraj/Vitis_RoCE_W/Vitis_RoCE/fpga-network-stack/hls/ipv4/ipv4_utils.cpp:570 in ip_handler_compute_ipv4_checksum     |
| pipeline  | II=1                                 | ../../../../../../../../../mnt/scratch/pyuvaraj/Vitis_RoCE_W/Vitis_RoCE/fpga-network-stack/hls/packet.hpp:158 in clear                                         |
+-----------+--------------------------------------+----------------------------------------------------------------------------------------------------------------------------------------------------------------+


