==============================================================
Vitis HLS - High-Level Synthesis from C, C++ and OpenCL v2022.1 (64-bit)
Tool Version Limit: 2022.04
Copyright 1986-2022 Xilinx, Inc. All Rights Reserved.
==============================================================
INFO: [HLS 200-1505] Using default flow_target 'vivado'
INFO: [HLS 200-435] Setting 'open_solution -flow_target vivado' configuration: config_interface -m_axi_latency=0
INFO: [HLS 200-1510] Running: set_part xcu280-fsvh2892-2L-e 
INFO: [HLS 200-1611] Setting target device to 'xcu280-fsvh2892-2L-e'
INFO: [HLS 200-1510] Running: create_clock -period 3.2 -name default 
INFO: [SYN 201-201] Setting up clock 'default' with a period of 3.2ns.
INFO: [HLS 200-1510] Running: set_top iperf_client 
INFO: [HLS 200-1510] Running: add_files /mnt/scratch/pyuvaraj/Vitis_RoCE_W/Vitis_RoCE/kernel/user_krnl/iperf_krnl/src/hls/iperf_client.cpp -cflags -I/mnt/scratch/pyuvaraj/Vitis_RoCE_W/Vitis_RoCE/build/kernel/user_krnl/iperf_krnl/src/hls 
INFO: [HLS 200-10] Adding design file '/mnt/scratch/pyuvaraj/Vitis_RoCE_W/Vitis_RoCE/kernel/user_krnl/iperf_krnl/src/hls/iperf_client.cpp' to the project
INFO: [HLS 200-1510] Running: add_files -tb /mnt/scratch/pyuvaraj/Vitis_RoCE_W/Vitis_RoCE/kernel/user_krnl/iperf_krnl/src/hls/test_iperf_client.cpp 
INFO: [HLS 200-10] Adding test bench file '/mnt/scratch/pyuvaraj/Vitis_RoCE_W/Vitis_RoCE/kernel/user_krnl/iperf_krnl/src/hls/test_iperf_client.cpp' to the project
INFO: [HLS 200-1510] Running: csynth_design 
INFO: [HLS 200-111] Finished File checks and directory preparation: CPU user time: 0.04 seconds. CPU system time: 0 seconds. Elapsed time: 0.03 seconds; current allocated memory: 1.624 GB.
INFO: [HLS 200-10] Analyzing design file '/mnt/scratch/pyuvaraj/Vitis_RoCE_W/Vitis_RoCE/kernel/user_krnl/iperf_krnl/src/hls/iperf_client.cpp' ... 
WARNING: [HLS 207-997] '/*' within block comment (/mnt/scratch/pyuvaraj/Vitis_RoCE_W/Vitis_RoCE/kernel/user_krnl/iperf_krnl/src/hls/../../../../common/include/packet.hpp:97:4)
WARNING: [HLS 207-997] '/*' within block comment (/mnt/scratch/pyuvaraj/Vitis_RoCE_W/Vitis_RoCE/kernel/user_krnl/iperf_krnl/src/hls/../../../../common/include/packet.hpp:123:2)
WARNING: [HLS 207-5505] the pragma is not supported and will be ignored (/mnt/scratch/pyuvaraj/Vitis_RoCE_W/Vitis_RoCE/kernel/user_krnl/iperf_krnl/src/hls/iperf_client.cpp:531:9)
WARNING: [HLS 207-5505] the pragma is not supported and will be ignored (/mnt/scratch/pyuvaraj/Vitis_RoCE_W/Vitis_RoCE/kernel/user_krnl/iperf_krnl/src/hls/iperf_client.cpp:532:9)
WARNING: [HLS 207-5505] the pragma is not supported and will be ignored (/mnt/scratch/pyuvaraj/Vitis_RoCE_W/Vitis_RoCE/kernel/user_krnl/iperf_krnl/src/hls/iperf_client.cpp:539:9)
WARNING: [HLS 207-5505] the pragma is not supported and will be ignored (/mnt/scratch/pyuvaraj/Vitis_RoCE_W/Vitis_RoCE/kernel/user_krnl/iperf_krnl/src/hls/iperf_client.cpp:540:9)
WARNING: [HLS 207-5505] the pragma is not supported and will be ignored (/mnt/scratch/pyuvaraj/Vitis_RoCE_W/Vitis_RoCE/kernel/user_krnl/iperf_krnl/src/hls/iperf_client.cpp:547:9)
WARNING: [HLS 207-5505] the pragma is not supported and will be ignored (/mnt/scratch/pyuvaraj/Vitis_RoCE_W/Vitis_RoCE/kernel/user_krnl/iperf_krnl/src/hls/iperf_client.cpp:548:9)
WARNING: [HLS 207-5292] unused parameter 'output' (/mnt/scratch/pyuvaraj/Vitis_RoCE_W/Vitis_RoCE/kernel/user_krnl/iperf_krnl/src/hls/../../../../common/include/axi_utils.hpp:205:26)
WARNING: [HLS 207-5292] unused parameter 'word' (/mnt/scratch/pyuvaraj/Vitis_RoCE_W/Vitis_RoCE/kernel/user_krnl/iperf_krnl/src/hls/../../../../common/include/axi_utils.hpp:205:47)
WARNING: [HLS 207-5292] unused parameter 'output' (/mnt/scratch/pyuvaraj/Vitis_RoCE_W/Vitis_RoCE/kernel/user_krnl/iperf_krnl/src/hls/../../../../common/include/axi_utils.hpp:220:28)
WARNING: [HLS 207-5292] unused parameter 'data' (/mnt/scratch/pyuvaraj/Vitis_RoCE_W/Vitis_RoCE/kernel/user_krnl/iperf_krnl/src/hls/../../../../common/include/axi_utils.hpp:220:48)
WARNING: [HLS 207-5292] unused parameter 'output' (/mnt/scratch/pyuvaraj/Vitis_RoCE_W/Vitis_RoCE/kernel/user_krnl/iperf_krnl/src/hls/../../../../common/include/axi_utils.hpp:233:28)
WARNING: [HLS 207-5292] unused parameter 'word' (/mnt/scratch/pyuvaraj/Vitis_RoCE_W/Vitis_RoCE/kernel/user_krnl/iperf_krnl/src/hls/../../../../common/include/axi_utils.hpp:233:49)
WARNING: [HLS 207-5292] unused parameter 'output' (/mnt/scratch/pyuvaraj/Vitis_RoCE_W/Vitis_RoCE/kernel/user_krnl/iperf_krnl/src/hls/../../../../common/include/axi_utils.hpp:248:28)
WARNING: [HLS 207-5292] unused parameter 'word' (/mnt/scratch/pyuvaraj/Vitis_RoCE_W/Vitis_RoCE/kernel/user_krnl/iperf_krnl/src/hls/../../../../common/include/axi_utils.hpp:248:59)
WARNING: [HLS 207-5292] unused parameter 'd' (/mnt/scratch/pyuvaraj/Vitis_RoCE_W/Vitis_RoCE/kernel/user_krnl/iperf_krnl/src/hls/../../../../common/include/axi_utils.hpp:368:20)
WARNING: [HLS 207-5292] unused parameter 's' (/mnt/scratch/pyuvaraj/Vitis_RoCE_W/Vitis_RoCE/kernel/user_krnl/iperf_krnl/src/hls/../../../../common/include/axi_utils.hpp:368:26)
WARNING: [HLS 207-5292] unused parameter 'regBasePort' (/mnt/scratch/pyuvaraj/Vitis_RoCE_W/Vitis_RoCE/kernel/user_krnl/iperf_krnl/src/hls/iperf_client.cpp:105:26)
INFO: [HLS 200-111] Finished Source Code Analysis and Preprocessing: CPU user time: 6.07 seconds. CPU system time: 1.06 seconds. Elapsed time: 8.72 seconds; current allocated memory: 633.488 MB.
INFO: [HLS 200-777] Using interface defaults for 'Vivado' flow target.
INFO: [HLS 214-291] Loop 'VITIS_LOOP_269_1' is marked as complete unroll implied by the pipeline pragma (/mnt/scratch/pyuvaraj/Vitis_RoCE_W/Vitis_RoCE/kernel/user_krnl/iperf_krnl/src/hls/iperf_client.cpp:269:22)
INFO: [HLS 214-291] Loop 'VITIS_LOOP_316_2' is marked as complete unroll implied by the pipeline pragma (/mnt/scratch/pyuvaraj/Vitis_RoCE_W/Vitis_RoCE/kernel/user_krnl/iperf_krnl/src/hls/iperf_client.cpp:316:22)
INFO: [HLS 214-291] Loop 'VITIS_LOOP_332_3' is marked as complete unroll implied by the pipeline pragma (/mnt/scratch/pyuvaraj/Vitis_RoCE_W/Vitis_RoCE/kernel/user_krnl/iperf_krnl/src/hls/iperf_client.cpp:332:21)
INFO: [HLS 214-291] Loop 'VITIS_LOOP_108_1' is marked as complete unroll implied by the pipeline pragma (/mnt/scratch/pyuvaraj/Vitis_RoCE_W/Vitis_RoCE/kernel/user_krnl/iperf_krnl/src/hls/../../../../common/include/axi_utils.hpp:108:20)
INFO: [HLS 214-186] Unrolling loop 'VITIS_LOOP_269_1' (/mnt/scratch/pyuvaraj/Vitis_RoCE_W/Vitis_RoCE/kernel/user_krnl/iperf_krnl/src/hls/iperf_client.cpp:269:22) in function 'client<512>' completely with a factor of 8 (/mnt/scratch/pyuvaraj/Vitis_RoCE_W/Vitis_RoCE/kernel/user_krnl/iperf_krnl/src/hls/iperf_client.cpp:116:0)
INFO: [HLS 214-186] Unrolling loop 'VITIS_LOOP_316_2' (/mnt/scratch/pyuvaraj/Vitis_RoCE_W/Vitis_RoCE/kernel/user_krnl/iperf_krnl/src/hls/iperf_client.cpp:316:22) in function 'client<512>' completely with a factor of 8 (/mnt/scratch/pyuvaraj/Vitis_RoCE_W/Vitis_RoCE/kernel/user_krnl/iperf_krnl/src/hls/iperf_client.cpp:116:0)
INFO: [HLS 214-186] Unrolling loop 'VITIS_LOOP_332_3' (/mnt/scratch/pyuvaraj/Vitis_RoCE_W/Vitis_RoCE/kernel/user_krnl/iperf_krnl/src/hls/iperf_client.cpp:332:21) in function 'client<512>' completely with a factor of 8 (/mnt/scratch/pyuvaraj/Vitis_RoCE_W/Vitis_RoCE/kernel/user_krnl/iperf_krnl/src/hls/iperf_client.cpp:116:0)
INFO: [HLS 214-186] Unrolling loop 'VITIS_LOOP_108_1' (/mnt/scratch/pyuvaraj/Vitis_RoCE_W/Vitis_RoCE/kernel/user_krnl/iperf_krnl/src/hls/../../../../common/include/axi_utils.hpp:108:20) in function 'reverse<32>' completely with a factor of 4 (/mnt/scratch/pyuvaraj/Vitis_RoCE_W/Vitis_RoCE/kernel/user_krnl/iperf_krnl/src/hls/../../../../common/include/axi_utils.hpp:106:0)
INFO: [HLS 214-186] Unrolling loop 'VITIS_LOOP_108_1' (/mnt/scratch/pyuvaraj/Vitis_RoCE_W/Vitis_RoCE/kernel/user_krnl/iperf_krnl/src/hls/../../../../common/include/axi_utils.hpp:108:20) in function 'reverse<16>' completely with a factor of 2 (/mnt/scratch/pyuvaraj/Vitis_RoCE_W/Vitis_RoCE/kernel/user_krnl/iperf_krnl/src/hls/../../../../common/include/axi_utils.hpp:106:0)
INFO: [HLS 214-178] Inlining function 'internalAppTxRsp::internalAppTxRsp(ap_uint<16>, ap_uint<2>)' into 'status_handler(hls::stream<appTxRsp, 0>&, hls::stream<internalAppTxRsp, 0>&)' (/mnt/scratch/pyuvaraj/Vitis_RoCE_W/Vitis_RoCE/kernel/user_krnl/iperf_krnl/src/hls/iperf_client.cpp:36:0)
INFO: [HLS 214-178] Inlining function 'packetHeader<512, 512>::packetHeader()' into 'iperfTcpHeader<512>::iperfTcpHeader()' (/mnt/scratch/pyuvaraj/Vitis_RoCE_W/Vitis_RoCE/kernel/user_krnl/iperf_krnl/src/hls/iperf_client.hpp:56:0)
INFO: [HLS 214-178] Inlining function 'ap_uint<16> reverse<16>(ap_uint<16> const&)' into 'iperfTcpHeader<512>::setListenPort(ap_uint<16>)' (/mnt/scratch/pyuvaraj/Vitis_RoCE_W/Vitis_RoCE/kernel/user_krnl/iperf_krnl/src/hls/iperf_client.hpp:76:0)
INFO: [HLS 214-178] Inlining function 'ap_uint<32> reverse<32>(ap_uint<32> const&)' into 'iperfTcpHeader<512>::setSeconds(ap_uint<32>)' (/mnt/scratch/pyuvaraj/Vitis_RoCE_W/Vitis_RoCE/kernel/user_krnl/iperf_krnl/src/hls/iperf_client.hpp:80:0)
INFO: [HLS 214-178] Inlining function 'iperfTcpHeader<512>::iperfTcpHeader()' into 'void client<512>(hls::stream<ipTuple, 0>&, hls::stream<openStatus, 0>&, hls::stream<ap_uint<16>, 0>&, hls::stream<appTxMeta, 0>&, hls::stream<net_axis<512>, 0>&, hls::stream<internalAppTxRsp, 0>&, hls::stream<bool, 0>&, hls::stream<bool, 0>&, ap_uint<1>, ap_uint<1>, ap_uint<14>, ap_uint<16>, ap_uint<8>, ap_uint<8>, ap_uint<32>, ap_uint<16>, ap_uint<32>, ap_uint<32>, ap_uint<32>, ap_uint<32>, ap_uint<32>, ap_uint<32>, ap_uint<32>, ap_uint<32>, ap_uint<32>, ap_uint<32>)' (/mnt/scratch/pyuvaraj/Vitis_RoCE_W/Vitis_RoCE/kernel/user_krnl/iperf_krnl/src/hls/iperf_client.cpp:116:0)
INFO: [HLS 214-178] Inlining function 'appTxMeta::appTxMeta(ap_uint<16>, ap_uint<16>)' into 'void client<512>(hls::stream<ipTuple, 0>&, hls::stream<openStatus, 0>&, hls::stream<ap_uint<16>, 0>&, hls::stream<appTxMeta, 0>&, hls::stream<net_axis<512>, 0>&, hls::stream<internalAppTxRsp, 0>&, hls::stream<bool, 0>&, hls::stream<bool, 0>&, ap_uint<1>, ap_uint<1>, ap_uint<14>, ap_uint<16>, ap_uint<8>, ap_uint<8>, ap_uint<32>, ap_uint<16>, ap_uint<32>, ap_uint<32>, ap_uint<32>, ap_uint<32>, ap_uint<32>, ap_uint<32>, ap_uint<32>, ap_uint<32>, ap_uint<32>, ap_uint<32>)' (/mnt/scratch/pyuvaraj/Vitis_RoCE_W/Vitis_RoCE/kernel/user_krnl/iperf_krnl/src/hls/iperf_client.cpp:116:0)
INFO: [HLS 214-178] Inlining function 'iperfTcpHeader<512>::setDualMode(bool)' into 'void client<512>(hls::stream<ipTuple, 0>&, hls::stream<openStatus, 0>&, hls::stream<ap_uint<16>, 0>&, hls::stream<appTxMeta, 0>&, hls::stream<net_axis<512>, 0>&, hls::stream<internalAppTxRsp, 0>&, hls::stream<bool, 0>&, hls::stream<bool, 0>&, ap_uint<1>, ap_uint<1>, ap_uint<14>, ap_uint<16>, ap_uint<8>, ap_uint<8>, ap_uint<32>, ap_uint<16>, ap_uint<32>, ap_uint<32>, ap_uint<32>, ap_uint<32>, ap_uint<32>, ap_uint<32>, ap_uint<32>, ap_uint<32>, ap_uint<32>, ap_uint<32>)' (/mnt/scratch/pyuvaraj/Vitis_RoCE_W/Vitis_RoCE/kernel/user_krnl/iperf_krnl/src/hls/iperf_client.cpp:116:0)
INFO: [HLS 214-178] Inlining function 'iperfTcpHeader<512>::setListenPort(ap_uint<16>)' into 'void client<512>(hls::stream<ipTuple, 0>&, hls::stream<openStatus, 0>&, hls::stream<ap_uint<16>, 0>&, hls::stream<appTxMeta, 0>&, hls::stream<net_axis<512>, 0>&, hls::stream<internalAppTxRsp, 0>&, hls::stream<bool, 0>&, hls::stream<bool, 0>&, ap_uint<1>, ap_uint<1>, ap_uint<14>, ap_uint<16>, ap_uint<8>, ap_uint<8>, ap_uint<32>, ap_uint<16>, ap_uint<32>, ap_uint<32>, ap_uint<32>, ap_uint<32>, ap_uint<32>, ap_uint<32>, ap_uint<32>, ap_uint<32>, ap_uint<32>, ap_uint<32>)' (/mnt/scratch/pyuvaraj/Vitis_RoCE_W/Vitis_RoCE/kernel/user_krnl/iperf_krnl/src/hls/iperf_client.cpp:116:0)
INFO: [HLS 214-178] Inlining function 'iperfTcpHeader<512>::setSeconds(ap_uint<32>)' into 'void client<512>(hls::stream<ipTuple, 0>&, hls::stream<openStatus, 0>&, hls::stream<ap_uint<16>, 0>&, hls::stream<appTxMeta, 0>&, hls::stream<net_axis<512>, 0>&, hls::stream<internalAppTxRsp, 0>&, hls::stream<bool, 0>&, hls::stream<bool, 0>&, ap_uint<1>, ap_uint<1>, ap_uint<14>, ap_uint<16>, ap_uint<8>, ap_uint<8>, ap_uint<32>, ap_uint<16>, ap_uint<32>, ap_uint<32>, ap_uint<32>, ap_uint<32>, ap_uint<32>, ap_uint<32>, ap_uint<32>, ap_uint<32>, ap_uint<32>, ap_uint<32>)' (/mnt/scratch/pyuvaraj/Vitis_RoCE_W/Vitis_RoCE/kernel/user_krnl/iperf_krnl/src/hls/iperf_client.cpp:116:0)
INFO: [HLS 214-178] Inlining function 'appReadRequest::appReadRequest(ap_uint<16>, ap_uint<16>)' into 'void server<512>(hls::stream<ap_uint<16>, 0>&, hls::stream<bool, 0>&, hls::stream<appNotification, 0>&, hls::stream<appReadRequest, 0>&, hls::stream<ap_uint<16>, 0>&, hls::stream<net_axis<512>, 0>&)' (/mnt/scratch/pyuvaraj/Vitis_RoCE_W/Vitis_RoCE/kernel/user_krnl/iperf_krnl/src/hls/iperf_client.cpp:392:0)
INFO: [HLS 214-131] Inlining function '_llvm.fpga.pack.none.i32.s_struct.internalAppTxRsps' into 'status_handler(hls::stream<appTxRsp, 0>&, hls::stream<internalAppTxRsp, 0>&) (.1)' (/tools/Xilinx/Vitis_HLS/2022.1/common/technology/autopilot/hls_stream_39.h:174:9)
INFO: [HLS 214-131] Inlining function '_llvm.fpga.pack.none.i64.s_struct.ipTuples' into 'void client<512>(hls::stream<ipTuple, 0>&, hls::stream<openStatus, 0>&, hls::stream<ap_uint<16>, 0>&, hls::stream<appTxMeta, 0>&, hls::stream<net_axis<512>, 0>&, hls::stream<internalAppTxRsp, 0>&, hls::stream<bool, 0>&, hls::stream<bool, 0>&, ap_uint<1>, ap_uint<1>, ap_uint<14>, ap_uint<16>, ap_uint<8>, ap_uint<8>, ap_uint<32>, ap_uint<16>, ap_uint<32>, ap_uint<32>, ap_uint<32>, ap_uint<32>, ap_uint<32>, ap_uint<32>, ap_uint<32>, ap_uint<32>, ap_uint<32>, ap_uint<32>) (.1)' (/tools/Xilinx/Vitis_HLS/2022.1/common/technology/autopilot/hls_stream_39.h:174:9)
INFO: [HLS 214-131] Inlining function '_llvm.fpga.pack.none.i16.s_struct.ap_uint<16>s' into 'void client<512>(hls::stream<ipTuple, 0>&, hls::stream<openStatus, 0>&, hls::stream<ap_uint<16>, 0>&, hls::stream<appTxMeta, 0>&, hls::stream<net_axis<512>, 0>&, hls::stream<internalAppTxRsp, 0>&, hls::stream<bool, 0>&, hls::stream<bool, 0>&, ap_uint<1>, ap_uint<1>, ap_uint<14>, ap_uint<16>, ap_uint<8>, ap_uint<8>, ap_uint<32>, ap_uint<16>, ap_uint<32>, ap_uint<32>, ap_uint<32>, ap_uint<32>, ap_uint<32>, ap_uint<32>, ap_uint<32>, ap_uint<32>, ap_uint<32>, ap_uint<32>) (.1)' (/tools/Xilinx/Vitis_HLS/2022.1/common/technology/autopilot/hls_stream_39.h:174:9)
INFO: [HLS 214-131] Inlining function '_llvm.fpga.pack.none.i1024.s_struct.net_axis<512>s' into 'void client<512>(hls::stream<ipTuple, 0>&, hls::stream<openStatus, 0>&, hls::stream<ap_uint<16>, 0>&, hls::stream<appTxMeta, 0>&, hls::stream<net_axis<512>, 0>&, hls::stream<internalAppTxRsp, 0>&, hls::stream<bool, 0>&, hls::stream<bool, 0>&, ap_uint<1>, ap_uint<1>, ap_uint<14>, ap_uint<16>, ap_uint<8>, ap_uint<8>, ap_uint<32>, ap_uint<16>, ap_uint<32>, ap_uint<32>, ap_uint<32>, ap_uint<32>, ap_uint<32>, ap_uint<32>, ap_uint<32>, ap_uint<32>, ap_uint<32>, ap_uint<32>) (.1)' (/tools/Xilinx/Vitis_HLS/2022.1/common/technology/autopilot/hls_stream_39.h:174:9)
INFO: [HLS 214-131] Inlining function '_llvm.fpga.pack.none.i32.s_struct.appTxMetas' into 'void client<512>(hls::stream<ipTuple, 0>&, hls::stream<openStatus, 0>&, hls::stream<ap_uint<16>, 0>&, hls::stream<appTxMeta, 0>&, hls::stream<net_axis<512>, 0>&, hls::stream<internalAppTxRsp, 0>&, hls::stream<bool, 0>&, hls::stream<bool, 0>&, ap_uint<1>, ap_uint<1>, ap_uint<14>, ap_uint<16>, ap_uint<8>, ap_uint<8>, ap_uint<32>, ap_uint<16>, ap_uint<32>, ap_uint<32>, ap_uint<32>, ap_uint<32>, ap_uint<32>, ap_uint<32>, ap_uint<32>, ap_uint<32>, ap_uint<32>, ap_uint<32>) (.1)' (/tools/Xilinx/Vitis_HLS/2022.1/common/technology/autopilot/hls_stream_39.h:174:9)
INFO: [HLS 214-131] Inlining function '_llvm.fpga.pack.none.i32.s_struct.appTxMetas' into 'void server<512>(hls::stream<ap_uint<16>, 0>&, hls::stream<bool, 0>&, hls::stream<appNotification, 0>&, hls::stream<appReadRequest, 0>&, hls::stream<ap_uint<16>, 0>&, hls::stream<net_axis<512>, 0>&) (.1)' (/tools/Xilinx/Vitis_HLS/2022.1/common/technology/autopilot/hls_stream_39.h:174:9)
INFO: [HLS 200-111] Finished Compiling Optimization and Transform: CPU user time: 4.66 seconds. CPU system time: 1.12 seconds. Elapsed time: 10.74 seconds; current allocated memory: 635.098 MB.
INFO: [HLS 200-111] Finished Checking Pragmas: CPU user time: 0 seconds. CPU system time: 0 seconds. Elapsed time: 0 seconds; current allocated memory: 635.098 MB.
INFO: [HLS 200-10] Starting code transformations ...
INFO: [HLS 200-111] Finished Standard Transforms: CPU user time: 0.11 seconds. CPU system time: 0.03 seconds. Elapsed time: 0.6 seconds; current allocated memory: 647.785 MB.
INFO: [HLS 200-10] Checking synthesizability ...
INFO: [HLS 200-111] Finished Checking Synthesizability: CPU user time: 0.18 seconds. CPU system time: 0.04 seconds. Elapsed time: 0.5 seconds; current allocated memory: 665.578 MB.
INFO: [XFORM 203-712] Applying dataflow to function 'iperf_client' (/mnt/scratch/pyuvaraj/Vitis_RoCE_W/Vitis_RoCE/kernel/user_krnl/iperf_krnl/src/hls/iperf_client.cpp:502), detected/extracted 8 process function(s): 
	 'entry_proc'
	 'status_handler'
	 'openStatus_handler'
	 'txMetaData_handler'
	 'txDataBuffer_handler<512>'
	 'client<512>'
	 'server<512>'
	 'clock'.
INFO: [XFORM 203-401] Performing if-conversion on hyperblock from (/mnt/scratch/pyuvaraj/Vitis_RoCE_W/Vitis_RoCE/kernel/user_krnl/iperf_krnl/src/hls/iperf_client.hpp:63:26) to (/mnt/scratch/pyuvaraj/Vitis_RoCE_W/Vitis_RoCE/kernel/user_krnl/iperf_krnl/src/hls/iperf_client.cpp:234:7) in function 'client<512>'... converting 4 basic blocks.
INFO: [HLS 200-111] Finished Loop, function and other optimizations: CPU user time: 0.41 seconds. CPU system time: 0.04 seconds. Elapsed time: 0.95 seconds; current allocated memory: 705.480 MB.
WARNING: [HLS 200-657] Generating channel txMetaDataBuffer that flows backwards in the dataflow region.
WARNING: [HLS 200-657] Generating channel txDataBuffer that flows backwards in the dataflow region.
WARNING: [HLS 200-657] Generating channel stopSignalFifo that flows backwards in the dataflow region.
WARNING: [HLS 200-631] ap_ctrl_none interface is illegal for iperf_client because entry_proc has non-FIFO I/O
INFO: [HLS 200-111] Finished Architecture Synthesis: CPU user time: 0.33 seconds. CPU system time: 0.05 seconds. Elapsed time: 0.65 seconds; current allocated memory: 784.637 MB.
INFO: [HLS 200-10] Starting hardware synthesis ...
INFO: [HLS 200-10] Synthesizing 'iperf_client' ...
WARNING: [SYN 201-103] Legalizing function name 'txDataBuffer_handler<512>' to 'txDataBuffer_handler_512_s'.
WARNING: [SYN 201-103] Legalizing function name 'client<512>' to 'client_512_s'.
WARNING: [SYN 201-103] Legalizing function name 'server<512>' to 'server_512_s'.
INFO: [HLS 200-10] ----------------------------------------------------------------
INFO: [HLS 200-42] -- Implementing module 'entry_proc' 
INFO: [HLS 200-10] ----------------------------------------------------------------
INFO: [SCHED 204-11] Starting scheduling ...
INFO: [SCHED 204-11] Finished scheduling.
INFO: [HLS 200-111] Finished Scheduling: CPU user time: 0.15 seconds. CPU system time: 0.06 seconds. Elapsed time: 0.46 seconds; current allocated memory: 784.637 MB.
INFO: [BIND 205-100] Starting micro-architecture generation ...
INFO: [BIND 205-101] Performing variable lifetime analysis.
INFO: [BIND 205-101] Exploring resource sharing.
INFO: [BIND 205-101] Binding ...
INFO: [BIND 205-100] Finished micro-architecture generation.
INFO: [HLS 200-111] Finished Binding: CPU user time: 0.04 seconds. CPU system time: 0 seconds. Elapsed time: 0.14 seconds; current allocated memory: 785.633 MB.
INFO: [HLS 200-10] ----------------------------------------------------------------
INFO: [HLS 200-42] -- Implementing module 'status_handler' 
INFO: [HLS 200-10] ----------------------------------------------------------------
INFO: [SCHED 204-11] Starting scheduling ...
INFO: [SCHED 204-61] Pipelining function 'status_handler'.
INFO: [HLS 200-1470] Pipelining result : Target II = 1, Final II = 1, Depth = 2, function 'status_handler'
INFO: [SCHED 204-11] Finished scheduling.
INFO: [HLS 200-111] Finished Scheduling: CPU user time: 0.07 seconds. CPU system time: 0.01 seconds. Elapsed time: 0.22 seconds; current allocated memory: 785.633 MB.
INFO: [BIND 205-100] Starting micro-architecture generation ...
INFO: [BIND 205-101] Performing variable lifetime analysis.
INFO: [BIND 205-101] Exploring resource sharing.
INFO: [BIND 205-101] Binding ...
INFO: [BIND 205-100] Finished micro-architecture generation.
INFO: [HLS 200-111] Finished Binding: CPU user time: 0.04 seconds. CPU system time: 0.01 seconds. Elapsed time: 0.15 seconds; current allocated memory: 785.633 MB.
INFO: [HLS 200-10] ----------------------------------------------------------------
INFO: [HLS 200-42] -- Implementing module 'openStatus_handler' 
INFO: [HLS 200-10] ----------------------------------------------------------------
INFO: [SCHED 204-11] Starting scheduling ...
INFO: [SCHED 204-61] Pipelining function 'openStatus_handler'.
INFO: [HLS 200-1470] Pipelining result : Target II = 1, Final II = 1, Depth = 2, function 'openStatus_handler'
INFO: [SCHED 204-11] Finished scheduling.
INFO: [HLS 200-111] Finished Scheduling: CPU user time: 0.04 seconds. CPU system time: 0.01 seconds. Elapsed time: 0.17 seconds; current allocated memory: 785.750 MB.
INFO: [BIND 205-100] Starting micro-architecture generation ...
INFO: [BIND 205-101] Performing variable lifetime analysis.
INFO: [BIND 205-101] Exploring resource sharing.
INFO: [BIND 205-101] Binding ...
INFO: [BIND 205-100] Finished micro-architecture generation.
INFO: [HLS 200-111] Finished Binding: CPU user time: 0.04 seconds. CPU system time: 0.01 seconds. Elapsed time: 0.12 seconds; current allocated memory: 785.898 MB.
INFO: [HLS 200-10] ----------------------------------------------------------------
INFO: [HLS 200-42] -- Implementing module 'txMetaData_handler' 
INFO: [HLS 200-10] ----------------------------------------------------------------
INFO: [SCHED 204-11] Starting scheduling ...
INFO: [SCHED 204-61] Pipelining function 'txMetaData_handler'.
INFO: [HLS 200-1470] Pipelining result : Target II = 1, Final II = 1, Depth = 3, function 'txMetaData_handler'
INFO: [SCHED 204-11] Finished scheduling.
INFO: [HLS 200-111] Finished Scheduling: CPU user time: 0.05 seconds. CPU system time: 0.01 seconds. Elapsed time: 0.19 seconds; current allocated memory: 785.922 MB.
INFO: [BIND 205-100] Starting micro-architecture generation ...
INFO: [BIND 205-101] Performing variable lifetime analysis.
INFO: [BIND 205-101] Exploring resource sharing.
INFO: [BIND 205-101] Binding ...
INFO: [BIND 205-100] Finished micro-architecture generation.
INFO: [HLS 200-111] Finished Binding: CPU user time: 0.04 seconds. CPU system time: 0 seconds. Elapsed time: 0.13 seconds; current allocated memory: 786.133 MB.
INFO: [HLS 200-10] ----------------------------------------------------------------
INFO: [HLS 200-42] -- Implementing module 'txDataBuffer_handler_512_s' 
INFO: [HLS 200-10] ----------------------------------------------------------------
INFO: [SCHED 204-11] Starting scheduling ...
INFO: [SCHED 204-61] Pipelining function 'txDataBuffer_handler<512>'.
INFO: [HLS 200-1470] Pipelining result : Target II = 1, Final II = 1, Depth = 3, function 'txDataBuffer_handler<512>'
INFO: [SCHED 204-11] Finished scheduling.
INFO: [HLS 200-111] Finished Scheduling: CPU user time: 0.06 seconds. CPU system time: 0 seconds. Elapsed time: 0.18 seconds; current allocated memory: 786.137 MB.
INFO: [BIND 205-100] Starting micro-architecture generation ...
INFO: [BIND 205-101] Performing variable lifetime analysis.
INFO: [BIND 205-101] Exploring resource sharing.
INFO: [BIND 205-101] Binding ...
INFO: [BIND 205-100] Finished micro-architecture generation.
INFO: [HLS 200-111] Finished Binding: CPU user time: 0.05 seconds. CPU system time: 0 seconds. Elapsed time: 0.14 seconds; current allocated memory: 786.250 MB.
INFO: [HLS 200-10] ----------------------------------------------------------------
INFO: [HLS 200-42] -- Implementing module 'client_512_s' 
INFO: [HLS 200-10] ----------------------------------------------------------------
INFO: [SCHED 204-11] Starting scheduling ...
INFO: [SCHED 204-61] Pipelining function 'client<512>'.
INFO: [HLS 200-1470] Pipelining result : Target II = 1, Final II = 1, Depth = 4, function 'client<512>'
WARNING: [HLS 200-871] Estimated clock period (2.54358ns) exceeds the target (target clock period: 3.2ns, clock uncertainty: 0.864ns, effective delay budget: 2.336ns).
WARNING: [HLS 200-1016] The critical path in module 'client_512_s' consists of the following:	'load' operation ('sessionIt_V_load') on static variable 'sessionIt_V' [99]  (0 ns)
	'add' operation ('add_ln886_4') [248]  (0.765 ns)
	'icmp' operation ('icmp_ln1065_3') [249]  (0.652 ns)
	multiplexor before 'phi' operation ('timeOver_flag_0_i') [325]  (0.453 ns)
	'phi' operation ('timeOver_flag_0_i') [325]  (0 ns)
	multiplexor before 'phi' operation ('timeOver_flag_1_i') [344]  (0.387 ns)
	'phi' operation ('timeOver_flag_1_i') [344]  (0 ns)
	blocking operation 0.287 ns on control path)

INFO: [SCHED 204-11] Finished scheduling.
INFO: [HLS 200-111] Finished Scheduling: CPU user time: 0.2 seconds. CPU system time: 0.02 seconds. Elapsed time: 0.38 seconds; current allocated memory: 789.422 MB.
INFO: [BIND 205-100] Starting micro-architecture generation ...
INFO: [BIND 205-101] Performing variable lifetime analysis.
INFO: [BIND 205-101] Exploring resource sharing.
INFO: [BIND 205-101] Binding ...
INFO: [BIND 205-100] Finished micro-architecture generation.
INFO: [HLS 200-111] Finished Binding: CPU user time: 0.15 seconds. CPU system time: 0.02 seconds. Elapsed time: 0.45 seconds; current allocated memory: 789.422 MB.
INFO: [HLS 200-10] ----------------------------------------------------------------
INFO: [HLS 200-42] -- Implementing module 'server_512_s' 
INFO: [HLS 200-10] ----------------------------------------------------------------
INFO: [SCHED 204-11] Starting scheduling ...
INFO: [SCHED 204-61] Pipelining function 'server<512>'.
INFO: [HLS 200-1470] Pipelining result : Target II = 1, Final II = 1, Depth = 3, function 'server<512>'
INFO: [SCHED 204-11] Finished scheduling.
INFO: [HLS 200-111] Finished Scheduling: CPU user time: 0.22 seconds. CPU system time: 0.03 seconds. Elapsed time: 0.65 seconds; current allocated memory: 789.422 MB.
INFO: [BIND 205-100] Starting micro-architecture generation ...
INFO: [BIND 205-101] Performing variable lifetime analysis.
INFO: [BIND 205-101] Exploring resource sharing.
INFO: [BIND 205-101] Binding ...
INFO: [BIND 205-100] Finished micro-architecture generation.
INFO: [HLS 200-111] Finished Binding: CPU user time: 0.05 seconds. CPU system time: 0.01 seconds. Elapsed time: 0.2 seconds; current allocated memory: 789.422 MB.
INFO: [HLS 200-10] ----------------------------------------------------------------
INFO: [HLS 200-42] -- Implementing module 'clock' 
INFO: [HLS 200-10] ----------------------------------------------------------------
INFO: [SCHED 204-11] Starting scheduling ...
INFO: [SCHED 204-61] Pipelining function 'clock'.
INFO: [HLS 200-1470] Pipelining result : Target II = 1, Final II = 1, Depth = 3, function 'clock'
WARNING: [HLS 200-871] Estimated clock period (2.5322ns) exceeds the target (target clock period: 3.2ns, clock uncertainty: 0.864ns, effective delay budget: 2.336ns).
WARNING: [HLS 200-1016] The critical path in module 'clock' consists of the following:	'load' operation ('time_V_load') on static variable 'time_V' [18]  (0 ns)
	'add' operation ('add_ln886') [31]  (0.958 ns)
	'icmp' operation ('icmp_ln1065') [34]  (1.06 ns)
	blocking operation 0.509 ns on control path)

INFO: [SCHED 204-11] Finished scheduling.
INFO: [HLS 200-111] Finished Scheduling: CPU user time: 0.1 seconds. CPU system time: 0.02 seconds. Elapsed time: 0.3 seconds; current allocated memory: 789.508 MB.
INFO: [BIND 205-100] Starting micro-architecture generation ...
INFO: [BIND 205-101] Performing variable lifetime analysis.
INFO: [BIND 205-101] Exploring resource sharing.
INFO: [BIND 205-101] Binding ...
INFO: [BIND 205-100] Finished micro-architecture generation.
INFO: [HLS 200-111] Finished Binding: CPU user time: 0.06 seconds. CPU system time: 0.01 seconds. Elapsed time: 0.18 seconds; current allocated memory: 789.699 MB.
INFO: [HLS 200-10] ----------------------------------------------------------------
INFO: [HLS 200-42] -- Implementing module 'iperf_client' 
INFO: [HLS 200-10] ----------------------------------------------------------------
INFO: [SCHED 204-11] Starting scheduling ...
INFO: [SCHED 204-11] Finished scheduling.
INFO: [HLS 200-111] Finished Scheduling: CPU user time: 0.11 seconds. CPU system time: 0 seconds. Elapsed time: 0.24 seconds; current allocated memory: 789.789 MB.
INFO: [BIND 205-100] Starting micro-architecture generation ...
INFO: [BIND 205-101] Performing variable lifetime analysis.
INFO: [BIND 205-101] Exploring resource sharing.
INFO: [BIND 205-101] Binding ...
INFO: [BIND 205-100] Finished micro-architecture generation.
INFO: [HLS 200-111] Finished Binding: CPU user time: 0.11 seconds. CPU system time: 0.01 seconds. Elapsed time: 0.29 seconds; current allocated memory: 790.641 MB.
INFO: [HLS 200-10] ----------------------------------------------------------------
INFO: [HLS 200-10] -- Generating RTL for module 'entry_proc' 
INFO: [HLS 200-10] ----------------------------------------------------------------
INFO: [RTGEN 206-100] Finished creating RTL model for 'entry_proc'.
INFO: [HLS 200-111] Finished Creating RTL model: CPU user time: 0.15 seconds. CPU system time: 0 seconds. Elapsed time: 0.41 seconds; current allocated memory: 791.207 MB.
INFO: [HLS 200-10] ----------------------------------------------------------------
INFO: [HLS 200-10] -- Generating RTL for module 'status_handler' 
INFO: [HLS 200-10] ----------------------------------------------------------------
INFO: [HLS 200-1030] Apply Unified Pipeline Control on module 'status_handler' pipeline 'status_handler' pipeline type 'function pipeline'
INFO: [RTGEN 206-100] Finished creating RTL model for 'status_handler'.
INFO: [HLS 200-111] Finished Creating RTL model: CPU user time: 0.11 seconds. CPU system time: 0.03 seconds. Elapsed time: 0.38 seconds; current allocated memory: 791.730 MB.
INFO: [HLS 200-10] ----------------------------------------------------------------
INFO: [HLS 200-10] -- Generating RTL for module 'openStatus_handler' 
INFO: [HLS 200-10] ----------------------------------------------------------------
INFO: [HLS 200-1030] Apply Unified Pipeline Control on module 'openStatus_handler' pipeline 'openStatus_handler' pipeline type 'function pipeline'
INFO: [RTGEN 206-100] Finished creating RTL model for 'openStatus_handler'.
INFO: [HLS 200-111] Finished Creating RTL model: CPU user time: 0.07 seconds. CPU system time: 0.02 seconds. Elapsed time: 0.25 seconds; current allocated memory: 792.738 MB.
INFO: [HLS 200-10] ----------------------------------------------------------------
INFO: [HLS 200-10] -- Generating RTL for module 'txMetaData_handler' 
INFO: [HLS 200-10] ----------------------------------------------------------------
INFO: [HLS 200-1030] Apply Unified Pipeline Control on module 'txMetaData_handler' pipeline 'txMetaData_handler' pipeline type 'function pipeline'
INFO: [RTGEN 206-100] Finished creating RTL model for 'txMetaData_handler'.
INFO: [HLS 200-111] Finished Creating RTL model: CPU user time: 0.09 seconds. CPU system time: 0.01 seconds. Elapsed time: 0.26 seconds; current allocated memory: 793.207 MB.
INFO: [HLS 200-10] ----------------------------------------------------------------
INFO: [HLS 200-10] -- Generating RTL for module 'txDataBuffer_handler_512_s' 
INFO: [HLS 200-10] ----------------------------------------------------------------
INFO: [HLS 200-1030] Apply Unified Pipeline Control on module 'txDataBuffer_handler_512_s' pipeline 'txDataBuffer_handler<512>' pipeline type 'function pipeline'
INFO: [RTGEN 206-100] Finished creating RTL model for 'txDataBuffer_handler_512_s'.
INFO: [HLS 200-111] Finished Creating RTL model: CPU user time: 0.12 seconds. CPU system time: 0.01 seconds. Elapsed time: 0.3 seconds; current allocated memory: 793.680 MB.
INFO: [HLS 200-10] ----------------------------------------------------------------
INFO: [HLS 200-10] -- Generating RTL for module 'client_512_s' 
INFO: [HLS 200-10] ----------------------------------------------------------------
WARNING: [RTGEN 206-101] Register 'iperfFsmState' is power-on initialization.
WARNING: [RTGEN 206-101] Register 'sessionIt_V' is power-on initialization.
WARNING: [RTGEN 206-101] Register 'closeIt_V' is power-on initialization.
WARNING: [RTGEN 206-101] Register 'numConnections_V' is power-on initialization.
WARNING: [RTGEN 206-101] Register 'timeOver' is power-on initialization.
WARNING: [RTGEN 206-101] Register 'stopSend' is power-on initialization.
WARNING: [RTGEN 206-101] Register 'currentSessionID_V' is power-on initialization.
WARNING: [RTGEN 206-101] Register 'wordCount_V' is power-on initialization.
WARNING: [RTGEN 206-101] Register 'ipAddressIdx_V' is power-on initialization.
WARNING: [RTGEN 206-101] Register 'header_header_V' is power-on initialization.
WARNING: [RTGEN 206-101] Register 'packetGapCounter_V' is power-on initialization.
INFO: [HLS 200-1030] Apply Unified Pipeline Control on module 'client_512_s' pipeline 'client<512>' pipeline type 'function pipeline'
INFO: [RTGEN 206-100] Finished creating RTL model for 'client_512_s'.
INFO: [HLS 200-111] Finished Creating RTL model: CPU user time: 0.22 seconds. CPU system time: 0.03 seconds. Elapsed time: 0.65 seconds; current allocated memory: 795.332 MB.
INFO: [HLS 200-10] ----------------------------------------------------------------
INFO: [HLS 200-10] -- Generating RTL for module 'server_512_s' 
INFO: [HLS 200-10] ----------------------------------------------------------------
WARNING: [RTGEN 206-101] Register 'listenState' is power-on initialization.
WARNING: [RTGEN 206-101] Register 'serverFsmState' is power-on initialization.
INFO: [HLS 200-1030] Apply Unified Pipeline Control on module 'server_512_s' pipeline 'server<512>' pipeline type 'function pipeline'
INFO: [RTGEN 206-100] Finished creating RTL model for 'server_512_s'.
INFO: [HLS 200-111] Finished Creating RTL model: CPU user time: 0.59 seconds. CPU system time: 0.05 seconds. Elapsed time: 1.32 seconds; current allocated memory: 799.824 MB.
INFO: [HLS 200-10] ----------------------------------------------------------------
INFO: [HLS 200-10] -- Generating RTL for module 'clock' 
INFO: [HLS 200-10] ----------------------------------------------------------------
WARNING: [RTGEN 206-101] Register 'sw_state' is power-on initialization.
WARNING: [RTGEN 206-101] Register 'time_V' is power-on initialization.
INFO: [HLS 200-1030] Apply Unified Pipeline Control on module 'clock' pipeline 'clock' pipeline type 'function pipeline'
INFO: [RTGEN 206-100] Finished creating RTL model for 'clock'.
INFO: [HLS 200-111] Finished Creating RTL model: CPU user time: 0.22 seconds. CPU system time: 0.03 seconds. Elapsed time: 0.54 seconds; current allocated memory: 801.043 MB.
INFO: [HLS 200-10] ----------------------------------------------------------------
INFO: [HLS 200-10] -- Generating RTL for module 'iperf_client' 
INFO: [HLS 200-10] ----------------------------------------------------------------
WARNING: [RTGEN 206-101] Design contains AXI ports. Reset is fixed to synchronous and active low.
INFO: [RTGEN 206-500] Setting interface mode on port 'iperf_client/m_axis_listen_port' to 'axis' (register, both mode).
INFO: [RTGEN 206-500] Setting interface mode on port 'iperf_client/s_axis_listen_port_status' to 'axis' (register, both mode).
INFO: [RTGEN 206-500] Setting interface mode on port 'iperf_client/s_axis_notifications' to 'axis' (register, both mode).
INFO: [RTGEN 206-500] Setting interface mode on port 'iperf_client/m_axis_read_package' to 'axis' (register, both mode).
INFO: [RTGEN 206-500] Setting interface mode on port 'iperf_client/s_axis_rx_metadata' to 'axis' (register, both mode).
INFO: [RTGEN 206-500] Setting interface mode on port 'iperf_client/s_axis_rx_data' to 'axis' (register, both mode).
INFO: [RTGEN 206-500] Setting interface mode on port 'iperf_client/m_axis_open_connection' to 'axis' (register, both mode).
INFO: [RTGEN 206-500] Setting interface mode on port 'iperf_client/s_axis_open_status' to 'axis' (register, both mode).
INFO: [RTGEN 206-500] Setting interface mode on port 'iperf_client/m_axis_close_connection' to 'axis' (register, both mode).
INFO: [RTGEN 206-500] Setting interface mode on port 'iperf_client/m_axis_tx_metadata' to 'axis' (register, both mode).
INFO: [RTGEN 206-500] Setting interface mode on port 'iperf_client/m_axis_tx_data' to 'axis' (register, both mode).
INFO: [RTGEN 206-500] Setting interface mode on port 'iperf_client/s_axis_tx_status' to 'axis' (register, both mode).
INFO: [RTGEN 206-500] Setting interface mode on port 'iperf_client/runExperiment' to 'ap_none' (register).
INFO: [RTGEN 206-500] Setting interface mode on port 'iperf_client/dualModeEn' to 'ap_none' (register).
INFO: [RTGEN 206-500] Setting interface mode on port 'iperf_client/useConn' to 'ap_none' (register).
INFO: [RTGEN 206-500] Setting interface mode on port 'iperf_client/pkgWordCount' to 'ap_none' (register).
INFO: [RTGEN 206-500] Setting interface mode on port 'iperf_client/packetGap' to 'ap_none' (register).
INFO: [RTGEN 206-500] Setting interface mode on port 'iperf_client/timeInSeconds' to 'ap_none' (register).
INFO: [RTGEN 206-500] Setting interface mode on port 'iperf_client/timeInCycles' to 'ap_none' (register).
INFO: [RTGEN 206-500] Setting interface mode on port 'iperf_client/useIpAddr' to 'ap_none' (register).
INFO: [RTGEN 206-500] Setting interface mode on port 'iperf_client/regBasePort' to 'ap_none' (register).
INFO: [RTGEN 206-500] Setting interface mode on port 'iperf_client/regIpAddress0' to 'ap_none' (register).
INFO: [RTGEN 206-500] Setting interface mode on port 'iperf_client/regIpAddress1' to 'ap_none' (register).
INFO: [RTGEN 206-500] Setting interface mode on port 'iperf_client/regIpAddress2' to 'ap_none' (register).
INFO: [RTGEN 206-500] Setting interface mode on port 'iperf_client/regIpAddress3' to 'ap_none' (register).
INFO: [RTGEN 206-500] Setting interface mode on port 'iperf_client/regIpAddress4' to 'ap_none' (register).
INFO: [RTGEN 206-500] Setting interface mode on port 'iperf_client/regIpAddress5' to 'ap_none' (register).
INFO: [RTGEN 206-500] Setting interface mode on port 'iperf_client/regIpAddress6' to 'ap_none' (register).
INFO: [RTGEN 206-500] Setting interface mode on port 'iperf_client/regIpAddress7' to 'ap_none' (register).
INFO: [RTGEN 206-500] Setting interface mode on port 'iperf_client/regIpAddress8' to 'ap_none' (register).
INFO: [RTGEN 206-500] Setting interface mode on port 'iperf_client/regIpAddress9' to 'ap_none' (register).
INFO: [RTGEN 206-500] Setting interface mode on function 'iperf_client' to 'ap_ctrl_none'.
WARNING: [HLS 200-656] Deadlocks can occur since process status_handler is instantiated in a dataflow region with ap_ctrl_none or without start propagation and contains an auto-rewind pipeline.
WARNING: [HLS 200-656] Deadlocks can occur since process openStatus_handler is instantiated in a dataflow region with ap_ctrl_none or without start propagation and contains an auto-rewind pipeline.
WARNING: [HLS 200-656] Deadlocks can occur since process txMetaData_handler is instantiated in a dataflow region with ap_ctrl_none or without start propagation and contains an auto-rewind pipeline.
WARNING: [HLS 200-656] Deadlocks can occur since process txDataBuffer_handler<512> is instantiated in a dataflow region with ap_ctrl_none or without start propagation and contains an auto-rewind pipeline.
WARNING: [HLS 200-656] Deadlocks can occur since process client<512> is instantiated in a dataflow region with ap_ctrl_none or without start propagation and contains an auto-rewind pipeline.
WARNING: [HLS 200-656] Deadlocks can occur since process server<512> is instantiated in a dataflow region with ap_ctrl_none or without start propagation and contains an auto-rewind pipeline.
WARNING: [HLS 200-656] Deadlocks can occur since process clock is instantiated in a dataflow region with ap_ctrl_none or without start propagation and contains an auto-rewind pipeline.
WARNING: [RTGEN 206-101] Port 'iperf_client/regBasePort' has no fanin or fanout and is left dangling.
               Please use C simulation to confirm this function argument can be read from or written to.
INFO: [RTGEN 206-100] Finished creating RTL model for 'iperf_client'.
INFO: [HLS 200-111] Finished Creating RTL model: CPU user time: 0.42 seconds. CPU system time: 0.07 seconds. Elapsed time: 1.61 seconds; current allocated memory: 803.699 MB.
INFO: [RTMG 210-285] Implementing FIFO 'runExperiment_c_U(iperf_client_fifo_w1_d3_S)' using Shift Registers.
INFO: [RTMG 210-285] Implementing FIFO 'dualModeEn_c_U(iperf_client_fifo_w1_d3_S)' using Shift Registers.
INFO: [RTMG 210-285] Implementing FIFO 'useConn_c_U(iperf_client_fifo_w14_d3_S)' using Shift Registers.
INFO: [RTMG 210-285] Implementing FIFO 'pkgWordCount_c_U(iperf_client_fifo_w8_d3_S)' using Shift Registers.
INFO: [RTMG 210-285] Implementing FIFO 'packetGap_c_U(iperf_client_fifo_w8_d3_S)' using Shift Registers.
INFO: [RTMG 210-285] Implementing FIFO 'timeInSeconds_c_U(iperf_client_fifo_w32_d3_S)' using Shift Registers.
==============================================================
Vitis HLS - High-Level Synthesis from C, C++ and OpenCL v2022.1 (64-bit)
Tool Version Limit: 2022.04
Copyright 1986-2022 Xilinx, Inc. All Rights Reserved.
==============================================================
==============================================================
Vitis HLS - High-Level Synthesis from C, C++ and OpenCL v2022.1 (64-bit)
Tool Version Limit: 2022.04
Copyright 1986-2022 Xilinx, Inc. All Rights Reserved.
==============================================================
