==============================================================
Vitis HLS - High-Level Synthesis from C, C++ and OpenCL v2022.1 (64-bit)
Tool Version Limit: 2022.04
Copyright 1986-2022 Xilinx, Inc. All Rights Reserved.
==============================================================
INFO: [HLS 200-1505] Using default flow_target 'vivado'
INFO: [HLS 200-435] Setting 'open_solution -flow_target vivado' configuration: config_interface -m_axi_latency=0
INFO: [HLS 200-1510] Running: set_part xcu280-fsvh2892-2L-e 
INFO: [HLS 200-1611] Setting target device to 'xcu280-fsvh2892-2L-e'
INFO: [HLS 200-1510] Running: create_clock -period 3.2 -name default 
INFO: [SYN 201-201] Setting up clock 'default' with a period of 3.2ns.
INFO: [HLS 200-1510] Running: set_top ip_handler_top 
INFO: [HLS 200-1510] Running: add_files /mnt/scratch/pyuvaraj/Vitis_RoCE_W/Vitis_RoCE/fpga-network-stack/hls/ip_handler/../axi_utils.cpp 
INFO: [HLS 200-10] Adding design file '/mnt/scratch/pyuvaraj/Vitis_RoCE_W/Vitis_RoCE/fpga-network-stack/hls/ip_handler/../axi_utils.cpp' to the project
INFO: [HLS 200-1510] Running: add_files /mnt/scratch/pyuvaraj/Vitis_RoCE_W/Vitis_RoCE/fpga-network-stack/hls/ip_handler/../ipv4/ipv4_utils.cpp 
INFO: [HLS 200-10] Adding design file '/mnt/scratch/pyuvaraj/Vitis_RoCE_W/Vitis_RoCE/fpga-network-stack/hls/ip_handler/../ipv4/ipv4_utils.cpp' to the project
INFO: [HLS 200-1510] Running: add_files /mnt/scratch/pyuvaraj/Vitis_RoCE_W/Vitis_RoCE/fpga-network-stack/hls/ip_handler/ip_handler.cpp -cflags -I/mnt/scratch/pyuvaraj/Vitis_RoCE_W/Vitis_RoCE/build/fpga-network-stack/hls/ip_handler 
INFO: [HLS 200-10] Adding design file '/mnt/scratch/pyuvaraj/Vitis_RoCE_W/Vitis_RoCE/fpga-network-stack/hls/ip_handler/ip_handler.cpp' to the project
INFO: [HLS 200-1510] Running: add_files -tb /mnt/scratch/pyuvaraj/Vitis_RoCE_W/Vitis_RoCE/fpga-network-stack/hls/ip_handler/test_ip_handler.cpp 
INFO: [HLS 200-10] Adding test bench file '/mnt/scratch/pyuvaraj/Vitis_RoCE_W/Vitis_RoCE/fpga-network-stack/hls/ip_handler/test_ip_handler.cpp' to the project
INFO: [HLS 200-1510] Running: csynth_design 
INFO: [HLS 200-111] Finished File checks and directory preparation: CPU user time: 0.03 seconds. CPU system time: 0 seconds. Elapsed time: 0.03 seconds; current allocated memory: 1.624 GB.
INFO: [HLS 200-10] Analyzing design file '/mnt/scratch/pyuvaraj/Vitis_RoCE_W/Vitis_RoCE/fpga-network-stack/hls/ip_handler/ip_handler.cpp' ... 
WARNING: [HLS 207-997] '/*' within block comment (/mnt/scratch/pyuvaraj/Vitis_RoCE_W/Vitis_RoCE/fpga-network-stack/hls/ip_handler/../ethernet/../packet.hpp:97:4)
WARNING: [HLS 207-997] '/*' within block comment (/mnt/scratch/pyuvaraj/Vitis_RoCE_W/Vitis_RoCE/fpga-network-stack/hls/ip_handler/../ethernet/../packet.hpp:123:2)
WARNING: [HLS 207-5505] the pragma is not supported and will be ignored (/mnt/scratch/pyuvaraj/Vitis_RoCE_W/Vitis_RoCE/fpga-network-stack/hls/ip_handler/ip_handler.cpp:510:9)
WARNING: [HLS 207-5505] the pragma is not supported and will be ignored (/mnt/scratch/pyuvaraj/Vitis_RoCE_W/Vitis_RoCE/fpga-network-stack/hls/ip_handler/ip_handler.cpp:511:9)
WARNING: [HLS 207-5505] the pragma is not supported and will be ignored (/mnt/scratch/pyuvaraj/Vitis_RoCE_W/Vitis_RoCE/fpga-network-stack/hls/ip_handler/ip_handler.cpp:512:9)
WARNING: [HLS 207-5505] the pragma is not supported and will be ignored (/mnt/scratch/pyuvaraj/Vitis_RoCE_W/Vitis_RoCE/fpga-network-stack/hls/ip_handler/ip_handler.cpp:513:9)
WARNING: [HLS 207-5505] the pragma is not supported and will be ignored (/mnt/scratch/pyuvaraj/Vitis_RoCE_W/Vitis_RoCE/fpga-network-stack/hls/ip_handler/ip_handler.cpp:514:9)
WARNING: [HLS 207-5505] the pragma is not supported and will be ignored (/mnt/scratch/pyuvaraj/Vitis_RoCE_W/Vitis_RoCE/fpga-network-stack/hls/ip_handler/ip_handler.cpp:515:9)
WARNING: [HLS 207-5526] 'Ap_stable' in '#pragma HLS INTERFACE' is deprecated, use 'Stable Pragma' instead (/mnt/scratch/pyuvaraj/Vitis_RoCE_W/Vitis_RoCE/fpga-network-stack/hls/ip_handler/ip_handler.cpp:572:23)
WARNING: [HLS 207-5292] unused parameter 'output' (/mnt/scratch/pyuvaraj/Vitis_RoCE_W/Vitis_RoCE/fpga-network-stack/hls/ip_handler/../axi_utils.hpp:198:26)
WARNING: [HLS 207-5292] unused parameter 'word' (/mnt/scratch/pyuvaraj/Vitis_RoCE_W/Vitis_RoCE/fpga-network-stack/hls/ip_handler/../axi_utils.hpp:198:47)
WARNING: [HLS 207-5292] unused parameter 'output' (/mnt/scratch/pyuvaraj/Vitis_RoCE_W/Vitis_RoCE/fpga-network-stack/hls/ip_handler/../axi_utils.hpp:213:28)
WARNING: [HLS 207-5292] unused parameter 'data' (/mnt/scratch/pyuvaraj/Vitis_RoCE_W/Vitis_RoCE/fpga-network-stack/hls/ip_handler/../axi_utils.hpp:213:48)
WARNING: [HLS 207-5292] unused parameter 'output' (/mnt/scratch/pyuvaraj/Vitis_RoCE_W/Vitis_RoCE/fpga-network-stack/hls/ip_handler/../axi_utils.hpp:226:28)
WARNING: [HLS 207-5292] unused parameter 'word' (/mnt/scratch/pyuvaraj/Vitis_RoCE_W/Vitis_RoCE/fpga-network-stack/hls/ip_handler/../axi_utils.hpp:226:49)
WARNING: [HLS 207-5292] unused parameter 'output' (/mnt/scratch/pyuvaraj/Vitis_RoCE_W/Vitis_RoCE/fpga-network-stack/hls/ip_handler/../axi_utils.hpp:241:28)
WARNING: [HLS 207-5292] unused parameter 'word' (/mnt/scratch/pyuvaraj/Vitis_RoCE_W/Vitis_RoCE/fpga-network-stack/hls/ip_handler/../axi_utils.hpp:241:59)
WARNING: [HLS 207-5292] unused parameter 'd' (/mnt/scratch/pyuvaraj/Vitis_RoCE_W/Vitis_RoCE/fpga-network-stack/hls/ip_handler/../axi_utils.hpp:417:20)
WARNING: [HLS 207-5292] unused parameter 's' (/mnt/scratch/pyuvaraj/Vitis_RoCE_W/Vitis_RoCE/fpga-network-stack/hls/ip_handler/../axi_utils.hpp:417:26)
INFO: [HLS 200-10] Analyzing design file '/mnt/scratch/pyuvaraj/Vitis_RoCE_W/Vitis_RoCE/fpga-network-stack/hls/ip_handler/../ipv4/ipv4_utils.cpp' ... 
WARNING: [HLS 207-997] '/*' within block comment (/mnt/scratch/pyuvaraj/Vitis_RoCE_W/Vitis_RoCE/fpga-network-stack/hls/ip_handler/../ipv4/../packet.hpp:97:4)
WARNING: [HLS 207-997] '/*' within block comment (/mnt/scratch/pyuvaraj/Vitis_RoCE_W/Vitis_RoCE/fpga-network-stack/hls/ip_handler/../ipv4/../packet.hpp:123:2)
WARNING: [HLS 207-5292] unused parameter 'output' (/mnt/scratch/pyuvaraj/Vitis_RoCE_W/Vitis_RoCE/fpga-network-stack/hls/ip_handler/../ipv4/../axi_utils.hpp:198:26)
WARNING: [HLS 207-5292] unused parameter 'word' (/mnt/scratch/pyuvaraj/Vitis_RoCE_W/Vitis_RoCE/fpga-network-stack/hls/ip_handler/../ipv4/../axi_utils.hpp:198:47)
WARNING: [HLS 207-5292] unused parameter 'output' (/mnt/scratch/pyuvaraj/Vitis_RoCE_W/Vitis_RoCE/fpga-network-stack/hls/ip_handler/../ipv4/../axi_utils.hpp:213:28)
WARNING: [HLS 207-5292] unused parameter 'data' (/mnt/scratch/pyuvaraj/Vitis_RoCE_W/Vitis_RoCE/fpga-network-stack/hls/ip_handler/../ipv4/../axi_utils.hpp:213:48)
WARNING: [HLS 207-5292] unused parameter 'output' (/mnt/scratch/pyuvaraj/Vitis_RoCE_W/Vitis_RoCE/fpga-network-stack/hls/ip_handler/../ipv4/../axi_utils.hpp:226:28)
WARNING: [HLS 207-5292] unused parameter 'word' (/mnt/scratch/pyuvaraj/Vitis_RoCE_W/Vitis_RoCE/fpga-network-stack/hls/ip_handler/../ipv4/../axi_utils.hpp:226:49)
WARNING: [HLS 207-5292] unused parameter 'output' (/mnt/scratch/pyuvaraj/Vitis_RoCE_W/Vitis_RoCE/fpga-network-stack/hls/ip_handler/../ipv4/../axi_utils.hpp:241:28)
WARNING: [HLS 207-5292] unused parameter 'word' (/mnt/scratch/pyuvaraj/Vitis_RoCE_W/Vitis_RoCE/fpga-network-stack/hls/ip_handler/../ipv4/../axi_utils.hpp:241:59)
WARNING: [HLS 207-5292] unused parameter 'd' (/mnt/scratch/pyuvaraj/Vitis_RoCE_W/Vitis_RoCE/fpga-network-stack/hls/ip_handler/../ipv4/../axi_utils.hpp:417:20)
WARNING: [HLS 207-5292] unused parameter 's' (/mnt/scratch/pyuvaraj/Vitis_RoCE_W/Vitis_RoCE/fpga-network-stack/hls/ip_handler/../ipv4/../axi_utils.hpp:417:26)
INFO: [HLS 200-10] Analyzing design file '/mnt/scratch/pyuvaraj/Vitis_RoCE_W/Vitis_RoCE/fpga-network-stack/hls/ip_handler/../axi_utils.cpp' ... 
WARNING: [HLS 207-5292] unused parameter 'output' (/mnt/scratch/pyuvaraj/Vitis_RoCE_W/Vitis_RoCE/fpga-network-stack/hls/ip_handler/../axi_utils.hpp:198:26)
WARNING: [HLS 207-5292] unused parameter 'word' (/mnt/scratch/pyuvaraj/Vitis_RoCE_W/Vitis_RoCE/fpga-network-stack/hls/ip_handler/../axi_utils.hpp:198:47)
WARNING: [HLS 207-5292] unused parameter 'output' (/mnt/scratch/pyuvaraj/Vitis_RoCE_W/Vitis_RoCE/fpga-network-stack/hls/ip_handler/../axi_utils.hpp:213:28)
WARNING: [HLS 207-5292] unused parameter 'data' (/mnt/scratch/pyuvaraj/Vitis_RoCE_W/Vitis_RoCE/fpga-network-stack/hls/ip_handler/../axi_utils.hpp:213:48)
WARNING: [HLS 207-5292] unused parameter 'output' (/mnt/scratch/pyuvaraj/Vitis_RoCE_W/Vitis_RoCE/fpga-network-stack/hls/ip_handler/../axi_utils.hpp:226:28)
WARNING: [HLS 207-5292] unused parameter 'word' (/mnt/scratch/pyuvaraj/Vitis_RoCE_W/Vitis_RoCE/fpga-network-stack/hls/ip_handler/../axi_utils.hpp:226:49)
WARNING: [HLS 207-5292] unused parameter 'output' (/mnt/scratch/pyuvaraj/Vitis_RoCE_W/Vitis_RoCE/fpga-network-stack/hls/ip_handler/../axi_utils.hpp:241:28)
WARNING: [HLS 207-5292] unused parameter 'word' (/mnt/scratch/pyuvaraj/Vitis_RoCE_W/Vitis_RoCE/fpga-network-stack/hls/ip_handler/../axi_utils.hpp:241:59)
WARNING: [HLS 207-5292] unused parameter 'd' (/mnt/scratch/pyuvaraj/Vitis_RoCE_W/Vitis_RoCE/fpga-network-stack/hls/ip_handler/../axi_utils.hpp:417:20)
WARNING: [HLS 207-5292] unused parameter 's' (/mnt/scratch/pyuvaraj/Vitis_RoCE_W/Vitis_RoCE/fpga-network-stack/hls/ip_handler/../axi_utils.hpp:417:26)
INFO: [HLS 200-111] Finished Source Code Analysis and Preprocessing: CPU user time: 15.88 seconds. CPU system time: 2.17 seconds. Elapsed time: 18.84 seconds; current allocated memory: 636.812 MB.
INFO: [HLS 200-777] Using interface defaults for 'Vivado' flow target.
WARNING: [HLS 214-273] In function 'void ip_handler<512>(hls::stream<net_axis<512>, 0>&, hls::stream<net_axis<512>, 0>&, hls::stream<net_axis<512>, 0>&, hls::stream<net_axis<512>, 0>&, hls::stream<net_axis<512>, 0>&, hls::stream<net_axis<512>, 0>&, hls::stream<net_axis<512>, 0>&, hls::stream<net_axis<512>, 0>&, ap_uint<32>)', Pragma conflict happens on 'INLINE' and DATAFLOW pragmas: Inline into dataflow region may break the canonical form (/mnt/scratch/pyuvaraj/Vitis_RoCE_W/Vitis_RoCE/fpga-network-stack/hls/ip_handler/ip_handler.cpp:476:0)
INFO: [HLS 214-131] Inlining function 'void ip_handler<512>(hls::stream<net_axis<512>, 0>&, hls::stream<net_axis<512>, 0>&, hls::stream<net_axis<512>, 0>&, hls::stream<net_axis<512>, 0>&, hls::stream<net_axis<512>, 0>&, hls::stream<net_axis<512>, 0>&, hls::stream<net_axis<512>, 0>&, hls::stream<net_axis<512>, 0>&, ap_uint<32>)' into 'ip_handler_top(hls::stream<net_axis<512>, 0>&, hls::stream<net_axis<512>, 0>&, hls::stream<net_axis<512>, 0>&, hls::stream<net_axis<512>, 0>&, hls::stream<net_axis<512>, 0>&, hls::stream<net_axis<512>, 0>&, hls::stream<net_axis<512>, 0>&, hls::stream<net_axis<512>, 0>&, ap_uint<32>)' (/mnt/scratch/pyuvaraj/Vitis_RoCE_W/Vitis_RoCE/fpga-network-stack/hls/ip_handler/ip_handler.cpp:574:2)
INFO: [HLS 214-291] Loop 'VITIS_LOOP_458_3' is marked as complete unroll implied by the pipeline pragma (/mnt/scratch/pyuvaraj/Vitis_RoCE_W/Vitis_RoCE/fpga-network-stack/hls/ip_handler/../ipv4/ipv4.hpp:458:22)
INFO: [HLS 214-291] Loop 'VITIS_LOOP_448_2' is marked as complete unroll implied by the pipeline pragma (/mnt/scratch/pyuvaraj/Vitis_RoCE_W/Vitis_RoCE/fpga-network-stack/hls/ip_handler/../ipv4/ipv4.hpp:448:22)
INFO: [HLS 214-291] Loop 'VITIS_LOOP_438_1' is marked as complete unroll implied by the pipeline pragma (/mnt/scratch/pyuvaraj/Vitis_RoCE_W/Vitis_RoCE/fpga-network-stack/hls/ip_handler/../ipv4/ipv4.hpp:438:22)
INFO: [HLS 214-291] Loop 'VITIS_LOOP_568_2' is marked as complete unroll implied by the pipeline pragma (/mnt/scratch/pyuvaraj/Vitis_RoCE_W/Vitis_RoCE/fpga-network-stack/hls/ip_handler/../ipv4/ipv4_utils.cpp:568:22)
INFO: [HLS 214-291] Loop 'VITIS_LOOP_549_1' is marked as complete unroll implied by the pipeline pragma (/mnt/scratch/pyuvaraj/Vitis_RoCE_W/Vitis_RoCE/fpga-network-stack/hls/ip_handler/../ipv4/ipv4_utils.cpp:549:22)
INFO: [HLS 214-291] Loop 'VITIS_LOOP_76_1' is marked as complete unroll implied by the pipeline pragma (/mnt/scratch/pyuvaraj/Vitis_RoCE_W/Vitis_RoCE/fpga-network-stack/hls/ip_handler/../axi_utils.hpp:76:19)
INFO: [HLS 214-186] Unrolling loop 'VITIS_LOOP_458_3' (/mnt/scratch/pyuvaraj/Vitis_RoCE_W/Vitis_RoCE/fpga-network-stack/hls/ip_handler/../ipv4/ipv4.hpp:458:22) in function 'ip_handler_check_ipv4_checksum<32>' completely with a factor of 4 (/mnt/scratch/pyuvaraj/Vitis_RoCE_W/Vitis_RoCE/fpga-network-stack/hls/ip_handler/../ipv4/ipv4.hpp:428:0)
INFO: [HLS 214-186] Unrolling loop 'VITIS_LOOP_448_2' (/mnt/scratch/pyuvaraj/Vitis_RoCE_W/Vitis_RoCE/fpga-network-stack/hls/ip_handler/../ipv4/ipv4.hpp:448:22) in function 'ip_handler_check_ipv4_checksum<32>' completely with a factor of 8 (/mnt/scratch/pyuvaraj/Vitis_RoCE_W/Vitis_RoCE/fpga-network-stack/hls/ip_handler/../ipv4/ipv4.hpp:428:0)
INFO: [HLS 214-186] Unrolling loop 'VITIS_LOOP_438_1' (/mnt/scratch/pyuvaraj/Vitis_RoCE_W/Vitis_RoCE/fpga-network-stack/hls/ip_handler/../ipv4/ipv4.hpp:438:22) in function 'ip_handler_check_ipv4_checksum<32>' completely with a factor of 16 (/mnt/scratch/pyuvaraj/Vitis_RoCE_W/Vitis_RoCE/fpga-network-stack/hls/ip_handler/../ipv4/ipv4.hpp:428:0)
INFO: [HLS 214-186] Unrolling loop 'VITIS_LOOP_568_2' (/mnt/scratch/pyuvaraj/Vitis_RoCE_W/Vitis_RoCE/fpga-network-stack/hls/ip_handler/../ipv4/ipv4_utils.cpp:568:22) in function 'ip_handler_compute_ipv4_checksum' completely with a factor of 32 (/mnt/scratch/pyuvaraj/Vitis_RoCE_W/Vitis_RoCE/fpga-network-stack/hls/ip_handler/../ipv4/ipv4_utils.cpp:530:0)
INFO: [HLS 214-186] Unrolling loop 'VITIS_LOOP_549_1' (/mnt/scratch/pyuvaraj/Vitis_RoCE_W/Vitis_RoCE/fpga-network-stack/hls/ip_handler/../ipv4/ipv4_utils.cpp:549:22) in function 'ip_handler_compute_ipv4_checksum' completely with a factor of 32 (/mnt/scratch/pyuvaraj/Vitis_RoCE_W/Vitis_RoCE/fpga-network-stack/hls/ip_handler/../ipv4/ipv4_utils.cpp:530:0)
INFO: [HLS 214-186] Unrolling loop 'VITIS_LOOP_76_1' (/mnt/scratch/pyuvaraj/Vitis_RoCE_W/Vitis_RoCE/fpga-network-stack/hls/ip_handler/../axi_utils.hpp:76:19) in function 'reverse<16>' completely with a factor of 2 (/mnt/scratch/pyuvaraj/Vitis_RoCE_W/Vitis_RoCE/fpga-network-stack/hls/ip_handler/../axi_utils.hpp:74:0)
INFO: [HLS 214-178] Inlining function 'ap_uint<16> reverse<16>(ap_uint<16> const&) (.3.15.21.27)' into 'ethHeader<512>::getEthertype()' (/mnt/scratch/pyuvaraj/Vitis_RoCE_W/Vitis_RoCE/fpga-network-stack/hls/ip_handler/../ethernet/ethernet.hpp:57:0)
INFO: [HLS 214-178] Inlining function 'packetHeader<512, 112>::parseWord(ap_uint<512>&)' into 'void detect_eth_protocol<512>(hls::stream<net_axis<512>, 0>&, hls::stream<ap_uint<16>, 0>&, hls::stream<net_axis<512>, 0>&)' (/mnt/scratch/pyuvaraj/Vitis_RoCE_W/Vitis_RoCE/fpga-network-stack/hls/ip_handler/ip_handler.cpp:40:0)
INFO: [HLS 214-178] Inlining function 'packetHeader<512, 112>::isReady()' into 'void detect_eth_protocol<512>(hls::stream<net_axis<512>, 0>&, hls::stream<ap_uint<16>, 0>&, hls::stream<net_axis<512>, 0>&)' (/mnt/scratch/pyuvaraj/Vitis_RoCE_W/Vitis_RoCE/fpga-network-stack/hls/ip_handler/ip_handler.cpp:40:0)
INFO: [HLS 214-178] Inlining function 'ethHeader<512>::getEthertype()' into 'void detect_eth_protocol<512>(hls::stream<net_axis<512>, 0>&, hls::stream<ap_uint<16>, 0>&, hls::stream<net_axis<512>, 0>&)' (/mnt/scratch/pyuvaraj/Vitis_RoCE_W/Vitis_RoCE/fpga-network-stack/hls/ip_handler/ip_handler.cpp:40:0)
INFO: [HLS 214-178] Inlining function 'packetHeader<512, 160>::packetHeader()' into 'ipv4Header<512>::ipv4Header()' (/mnt/scratch/pyuvaraj/Vitis_RoCE_W/Vitis_RoCE/fpga-network-stack/hls/ip_handler/../ipv4/ipv4.hpp:611:0)
INFO: [HLS 214-178] Inlining function 'ipv4Header<512>::ipv4Header()' into 'void extract_ip_meta<512>(hls::stream<net_axis<512>, 0>&, hls::stream<net_axis<512>, 0>&, hls::stream<ap_uint<8>, 0>&, hls::stream<bool, 0>&, ap_uint<32>)' (/mnt/scratch/pyuvaraj/Vitis_RoCE_W/Vitis_RoCE/fpga-network-stack/hls/ip_handler/ip_handler.cpp:140:0)
INFO: [HLS 214-178] Inlining function 'packetHeader<512, 160>::parseWord(ap_uint<512>&)' into 'void extract_ip_meta<512>(hls::stream<net_axis<512>, 0>&, hls::stream<net_axis<512>, 0>&, hls::stream<ap_uint<8>, 0>&, hls::stream<bool, 0>&, ap_uint<32>)' (/mnt/scratch/pyuvaraj/Vitis_RoCE_W/Vitis_RoCE/fpga-network-stack/hls/ip_handler/ip_handler.cpp:140:0)
INFO: [HLS 214-178] Inlining function 'packetHeader<512, 160>::isReady()' into 'void extract_ip_meta<512>(hls::stream<net_axis<512>, 0>&, hls::stream<net_axis<512>, 0>&, hls::stream<ap_uint<8>, 0>&, hls::stream<bool, 0>&, ap_uint<32>)' (/mnt/scratch/pyuvaraj/Vitis_RoCE_W/Vitis_RoCE/fpga-network-stack/hls/ip_handler/ip_handler.cpp:140:0)
INFO: [HLS 214-178] Inlining function 'ipv4Header<512>::getDstAddr()' into 'void extract_ip_meta<512>(hls::stream<net_axis<512>, 0>&, hls::stream<net_axis<512>, 0>&, hls::stream<ap_uint<8>, 0>&, hls::stream<bool, 0>&, ap_uint<32>)' (/mnt/scratch/pyuvaraj/Vitis_RoCE_W/Vitis_RoCE/fpga-network-stack/hls/ip_handler/ip_handler.cpp:140:0)
INFO: [HLS 214-178] Inlining function 'ipv4Header<512>::getProtocol()' into 'void extract_ip_meta<512>(hls::stream<net_axis<512>, 0>&, hls::stream<net_axis<512>, 0>&, hls::stream<ap_uint<8>, 0>&, hls::stream<bool, 0>&, ap_uint<32>)' (/mnt/scratch/pyuvaraj/Vitis_RoCE_W/Vitis_RoCE/fpga-network-stack/hls/ip_handler/ip_handler.cpp:140:0)
INFO: [HLS 214-178] Inlining function 'std::operator&(std::_Ios_Fmtflags, std::_Ios_Fmtflags)' into 'std::operator&=(std::_Ios_Fmtflags&, std::_Ios_Fmtflags)' (/tools/Xilinx/Vitis_HLS/2022.1/tps/lnx64/gcc-8.3.0/lib/gcc/x86_64-pc-linux-gnu/8.3.0/../../../../include/c++/8.3.0/bits/ios_base.h:104:0)
INFO: [HLS 214-178] Inlining function 'std::operator|(std::_Ios_Fmtflags, std::_Ios_Fmtflags)' into 'std::operator|=(std::_Ios_Fmtflags&, std::_Ios_Fmtflags)' (/tools/Xilinx/Vitis_HLS/2022.1/tps/lnx64/gcc-8.3.0/lib/gcc/x86_64-pc-linux-gnu/8.3.0/../../../../include/c++/8.3.0/bits/ios_base.h:100:0)
INFO: [HLS 214-178] Inlining function 'std::operator&=(std::_Ios_Fmtflags&, std::_Ios_Fmtflags)' into 'std::ios_base::setf(std::_Ios_Fmtflags, std::_Ios_Fmtflags)' (/tools/Xilinx/Vitis_HLS/2022.1/tps/lnx64/gcc-8.3.0/lib/gcc/x86_64-pc-linux-gnu/8.3.0/../../../../include/c++/8.3.0/bits/ios_base.h:666:0)
INFO: [HLS 214-178] Inlining function 'std::operator&(std::_Ios_Fmtflags, std::_Ios_Fmtflags)' into 'std::ios_base::setf(std::_Ios_Fmtflags, std::_Ios_Fmtflags)' (/tools/Xilinx/Vitis_HLS/2022.1/tps/lnx64/gcc-8.3.0/lib/gcc/x86_64-pc-linux-gnu/8.3.0/../../../../include/c++/8.3.0/bits/ios_base.h:666:0)
INFO: [HLS 214-178] Inlining function 'std::operator|=(std::_Ios_Fmtflags&, std::_Ios_Fmtflags)' into 'std::ios_base::setf(std::_Ios_Fmtflags, std::_Ios_Fmtflags)' (/tools/Xilinx/Vitis_HLS/2022.1/tps/lnx64/gcc-8.3.0/lib/gcc/x86_64-pc-linux-gnu/8.3.0/../../../../include/c++/8.3.0/bits/ios_base.h:666:0)
INFO: [HLS 214-178] Inlining function 'std::ios_base::setf(std::_Ios_Fmtflags, std::_Ios_Fmtflags)' into 'std::hex(std::ios_base&)' (/tools/Xilinx/Vitis_HLS/2022.1/tps/lnx64/gcc-8.3.0/lib/gcc/x86_64-pc-linux-gnu/8.3.0/../../../../include/c++/8.3.0/bits/ios_base.h:1027:0)
INFO: [HLS 214-131] Inlining function '_llvm.fpga.pack.none.i16.s_struct.ap_uint<16>s' into 'void detect_eth_protocol<512>(hls::stream<net_axis<512>, 0>&, hls::stream<ap_uint<16>, 0>&, hls::stream<net_axis<512>, 0>&) (.1)' (/tools/Xilinx/Vitis_HLS/2022.1/common/technology/autopilot/hls_stream_39.h:174:9)
INFO: [HLS 214-131] Inlining function '_llvm.fpga.pack.none.i1024.s_struct.net_axis<512>s' into 'void ip_handler_rshiftWordByOctet<net_axis<512>, 512, 1>(unsigned short, hls::stream<net_axis<512>, 0>&, hls::stream<net_axis<512>, 0>&) (.1)' (/tools/Xilinx/Vitis_HLS/2022.1/common/technology/autopilot/hls_stream_39.h:174:9)
INFO: [HLS 214-131] Inlining function '_llvm.fpga.pack.none.i1024.s_struct.net_axis<512>s' into 'void ip_handler_rshiftWordByOctet<net_axis<512>, 512, 3>(unsigned short, hls::stream<net_axis<512>, 0>&, hls::stream<net_axis<512>, 0>&) (.1)' (/tools/Xilinx/Vitis_HLS/2022.1/common/technology/autopilot/hls_stream_39.h:174:9)
INFO: [HLS 214-131] Inlining function '_llvm.fpga.pack.none.i8.s_struct.ap_uint<8>s' into 'void extract_ip_meta<512>(hls::stream<net_axis<512>, 0>&, hls::stream<net_axis<512>, 0>&, hls::stream<ap_uint<8>, 0>&, hls::stream<bool, 0>&, ap_uint<32>) (.1)' (/tools/Xilinx/Vitis_HLS/2022.1/common/technology/autopilot/hls_stream_39.h:174:9)
INFO: [HLS 214-131] Inlining function '_llvm.fpga.pack.none.i1024.s_struct.subSums<32>s' into 'ip_handler_compute_ipv4_checksum(hls::stream<net_axis<512>, 0>&, hls::stream<net_axis<512>, 0>&, hls::stream<subSums<32>, 0>&, bool) (.1)' (/tools/Xilinx/Vitis_HLS/2022.1/common/technology/autopilot/hls_stream_39.h:174:9)
INFO: [HLS 200-111] Finished Compiling Optimization and Transform: CPU user time: 6.28 seconds. CPU system time: 1.1 seconds. Elapsed time: 8.28 seconds; current allocated memory: 641.414 MB.
INFO: [HLS 200-111] Finished Checking Pragmas: CPU user time: 0 seconds. CPU system time: 0 seconds. Elapsed time: 0 seconds; current allocated memory: 641.414 MB.
INFO: [HLS 200-10] Starting code transformations ...
INFO: [HLS 200-111] Finished Standard Transforms: CPU user time: 0.22 seconds. CPU system time: 0.02 seconds. Elapsed time: 0.37 seconds; current allocated memory: 659.684 MB.
INFO: [HLS 200-10] Checking synthesizability ...
WARNING: [SYNCHK 200-23] /tools/Xilinx/Vitis_HLS/2022.1/common/technology/autopilot/ap_int_ref.h:414: variable-indexed range selection may cause suboptimal QoR.
INFO: [SYNCHK 200-10] 0 error(s), 1 warning(s).
INFO: [HLS 200-111] Finished Checking Synthesizability: CPU user time: 0.5 seconds. CPU system time: 0.02 seconds. Elapsed time: 0.96 seconds; current allocated memory: 680.027 MB.
INFO: [XFORM 203-102] Partitioning array 'cics_ip_sums.sum.V' automatically.
INFO: [XFORM 203-602] Inlining function 'reverse<16>' into 'ip_handler_compute_ipv4_checksum' (/mnt/scratch/pyuvaraj/Vitis_RoCE_W/Vitis_RoCE/fpga-network-stack/hls/ip_handler/../ipv4/ipv4_utils.cpp:552) automatically.
INFO: [XFORM 203-712] Applying dataflow to function 'ip_handler_top' (/mnt/scratch/pyuvaraj/Vitis_RoCE_W/Vitis_RoCE/fpga-network-stack/hls/ip_handler/ip_handler.cpp:550), detected/extracted 12 process function(s): 
	 'detect_eth_protocol<512>'
	 'route_by_eth_protocol<512>'
	 'ip_handler_rshiftWordByOctet<net_axis<512>, 512, 1>'
	 'ip_handler_rshiftWordByOctet<net_axis<512>, 512, 3>'
	 'extract_ip_meta<512>'
	 'ip_handler_compute_ipv4_checksum'
	 'ip_handler_check_ipv4_checksum<32>'
	 'ip_invalid_dropper<512>'
	 'cut_length'
	 'detect_ipv4_protocol<512>'
	 'detect_ipv6_protocol<512>'
	 'ip_handler_duplicate_stream<net_axis<512> >'.
INFO: [XFORM 203-401] Performing if-conversion on hyperblock to (/mnt/scratch/pyuvaraj/Vitis_RoCE_W/Vitis_RoCE/fpga-network-stack/hls/ip_handler/../ipv4/ipv4_utils.cpp:564:3) in function 'ip_handler_compute_ipv4_checksum'... converting 61 basic blocks.
INFO: [HLS 200-111] Finished Loop, function and other optimizations: CPU user time: 1.04 seconds. CPU system time: 0.01 seconds. Elapsed time: 1.17 seconds; current allocated memory: 724.734 MB.
INFO: [HLS 200-111] Finished Architecture Synthesis: CPU user time: 1.85 seconds. CPU system time: 0.09 seconds. Elapsed time: 1.94 seconds; current allocated memory: 927.582 MB.
INFO: [HLS 200-10] Starting hardware synthesis ...
INFO: [HLS 200-10] Synthesizing 'ip_handler_top' ...
WARNING: [SYN 201-103] Legalizing function name 'clear.1' to 'clear_1'.
WARNING: [SYN 201-103] Legalizing function name 'detect_eth_protocol<512>' to 'detect_eth_protocol_512_s'.
WARNING: [SYN 201-103] Legalizing function name 'route_by_eth_protocol<512>' to 'route_by_eth_protocol_512_s'.
WARNING: [SYN 201-103] Legalizing function name 'ip_handler_rshiftWordByOctet<net_axis<512>, 512, 1>' to 'ip_handler_rshiftWordByOctet_net_axis_512_512_1_s'.
WARNING: [SYN 201-103] Legalizing function name 'ip_handler_rshiftWordByOctet<net_axis<512>, 512, 3>' to 'ip_handler_rshiftWordByOctet_net_axis_512_512_3_s'.
WARNING: [SYN 201-103] Legalizing function name 'extract_ip_meta<512>' to 'extract_ip_meta_512_s'.
WARNING: [SYN 201-103] Legalizing function name 'ip_handler_check_ipv4_checksum<32>' to 'ip_handler_check_ipv4_checksum_32_s'.
WARNING: [SYN 201-103] Legalizing function name 'ip_invalid_dropper<512>' to 'ip_invalid_dropper_512_s'.
WARNING: [SYN 201-103] Legalizing function name 'detect_ipv4_protocol<512>' to 'detect_ipv4_protocol_512_s'.
WARNING: [SYN 201-103] Legalizing function name 'detect_ipv6_protocol<512>' to 'detect_ipv6_protocol_512_s'.
WARNING: [SYN 201-103] Legalizing function name 'ip_handler_duplicate_stream<net_axis<512> >' to 'ip_handler_duplicate_stream_net_axis_512_s'.
INFO: [HLS 200-10] ----------------------------------------------------------------
INFO: [HLS 200-42] -- Implementing module 'clear_1' 
INFO: [HLS 200-10] ----------------------------------------------------------------
INFO: [SCHED 204-11] Starting scheduling ...
INFO: [SCHED 204-61] Pipelining function 'clear.1'.
INFO: [HLS 200-1470] Pipelining result : Target II = 1, Final II = 1, Depth = 1, function 'clear.1'
INFO: [SCHED 204-11] Finished scheduling.
INFO: [HLS 200-111] Finished Scheduling: CPU user time: 0.15 seconds. CPU system time: 0.06 seconds. Elapsed time: 0.56 seconds; current allocated memory: 927.582 MB.
INFO: [BIND 205-100] Starting micro-architecture generation ...
INFO: [BIND 205-101] Performing variable lifetime analysis.
INFO: [BIND 205-101] Exploring resource sharing.
INFO: [BIND 205-101] Binding ...
INFO: [BIND 205-100] Finished micro-architecture generation.
INFO: [HLS 200-111] Finished Binding: CPU user time: 0.02 seconds. CPU system time: 0.01 seconds. Elapsed time: 0.1 seconds; current allocated memory: 927.582 MB.
INFO: [HLS 200-10] ----------------------------------------------------------------
INFO: [HLS 200-42] -- Implementing module 'detect_eth_protocol_512_s' 
INFO: [HLS 200-10] ----------------------------------------------------------------
INFO: [SCHED 204-11] Starting scheduling ...
INFO: [SCHED 204-61] Pipelining function 'detect_eth_protocol<512>'.
WARNING: [HLS 200-880] The II Violation in module 'detect_eth_protocol_512_s' (function 'detect_eth_protocol<512>'): Unable to enforce a carried dependence constraint (II = 1, distance = 1, offset = 1) between 'call' operation ('_ln64', /mnt/scratch/pyuvaraj/Vitis_RoCE_W/Vitis_RoCE/fpga-network-stack/hls/ip_handler/ip_handler.cpp:64) to 'clear.1' and 'load' operation ('header_ready_1_load', /mnt/scratch/pyuvaraj/Vitis_RoCE_W/Vitis_RoCE/fpga-network-stack/hls/ip_handler/../ethernet/../packet.hpp:55) on static variable 'header_ready_1'.
INFO: [HLS 200-1470] Pipelining result : Target II = 1, Final II = 2, Depth = 2, function 'detect_eth_protocol<512>'
INFO: [SCHED 204-11] Finished scheduling.
INFO: [HLS 200-111] Finished Scheduling: CPU user time: 0.06 seconds. CPU system time: 0.02 seconds. Elapsed time: 0.17 seconds; current allocated memory: 927.582 MB.
INFO: [BIND 205-100] Starting micro-architecture generation ...
INFO: [BIND 205-101] Performing variable lifetime analysis.
INFO: [BIND 205-101] Exploring resource sharing.
INFO: [BIND 205-101] Binding ...
INFO: [BIND 205-100] Finished micro-architecture generation.
INFO: [HLS 200-111] Finished Binding: CPU user time: 0.05 seconds. CPU system time: 0 seconds. Elapsed time: 0.11 seconds; current allocated memory: 927.582 MB.
INFO: [HLS 200-10] ----------------------------------------------------------------
INFO: [HLS 200-42] -- Implementing module 'route_by_eth_protocol_512_s' 
INFO: [HLS 200-10] ----------------------------------------------------------------
INFO: [SCHED 204-11] Starting scheduling ...
INFO: [SCHED 204-61] Pipelining function 'route_by_eth_protocol<512>'.
INFO: [HLS 200-1470] Pipelining result : Target II = 1, Final II = 1, Depth = 3, function 'route_by_eth_protocol<512>'
INFO: [SCHED 204-11] Finished scheduling.
INFO: [HLS 200-111] Finished Scheduling: CPU user time: 0.09 seconds. CPU system time: 0 seconds. Elapsed time: 0.16 seconds; current allocated memory: 927.582 MB.
INFO: [BIND 205-100] Starting micro-architecture generation ...
INFO: [BIND 205-101] Performing variable lifetime analysis.
INFO: [BIND 205-101] Exploring resource sharing.
INFO: [BIND 205-101] Binding ...
INFO: [BIND 205-100] Finished micro-architecture generation.
INFO: [HLS 200-111] Finished Binding: CPU user time: 0.04 seconds. CPU system time: 0 seconds. Elapsed time: 0.08 seconds; current allocated memory: 927.582 MB.
INFO: [HLS 200-10] ----------------------------------------------------------------
INFO: [HLS 200-42] -- Implementing module 'ip_handler_rshiftWordByOctet_net_axis_512_512_1_s' 
INFO: [HLS 200-10] ----------------------------------------------------------------
INFO: [SCHED 204-11] Starting scheduling ...
INFO: [SCHED 204-61] Pipelining function 'ip_handler_rshiftWordByOctet<net_axis<512>, 512, 1>'.
INFO: [HLS 200-1470] Pipelining result : Target II = 1, Final II = 1, Depth = 2, function 'ip_handler_rshiftWordByOctet<net_axis<512>, 512, 1>'
WARNING: [HLS 200-871] Estimated clock period (2.644ns) exceeds the target (target clock period: 3.2ns, clock uncertainty: 0.864ns, effective delay budget: 2.336ns).
WARNING: [HLS 200-1016] The critical path in module 'ip_handler_rshiftWordByOctet_net_axis_512_512_1_s' consists of the following:	fifo read operation ('ipv4ShiftFifo_read', /tools/Xilinx/Vitis_HLS/2022.1/common/technology/autopilot/hls_stream_39.h:145) on port 'ipv4ShiftFifo' (/tools/Xilinx/Vitis_HLS/2022.1/common/technology/autopilot/hls_stream_39.h:145) [24]  (1.17 ns)
	'icmp' operation ('sendWord.last.V') [36]  (0.967 ns)
	multiplexor before 'phi' operation ('sendWord.last.V') with incoming values : ('sendWord.last.V') [42]  (0.387 ns)
	'phi' operation ('sendWord.last.V') with incoming values : ('sendWord.last.V') [42]  (0 ns)
	blocking operation 0.122 ns on control path)

INFO: [SCHED 204-11] Finished scheduling.
INFO: [HLS 200-111] Finished Scheduling: CPU user time: 0.08 seconds. CPU system time: 0.01 seconds. Elapsed time: 0.16 seconds; current allocated memory: 927.582 MB.
INFO: [BIND 205-100] Starting micro-architecture generation ...
INFO: [BIND 205-101] Performing variable lifetime analysis.
INFO: [BIND 205-101] Exploring resource sharing.
INFO: [BIND 205-101] Binding ...
INFO: [BIND 205-100] Finished micro-architecture generation.
INFO: [HLS 200-111] Finished Binding: CPU user time: 0.03 seconds. CPU system time: 0 seconds. Elapsed time: 0.08 seconds; current allocated memory: 927.582 MB.
INFO: [HLS 200-10] ----------------------------------------------------------------
INFO: [HLS 200-42] -- Implementing module 'ip_handler_rshiftWordByOctet_net_axis_512_512_3_s' 
INFO: [HLS 200-10] ----------------------------------------------------------------
INFO: [SCHED 204-11] Starting scheduling ...
INFO: [SCHED 204-61] Pipelining function 'ip_handler_rshiftWordByOctet<net_axis<512>, 512, 3>'.
INFO: [HLS 200-1470] Pipelining result : Target II = 1, Final II = 1, Depth = 2, function 'ip_handler_rshiftWordByOctet<net_axis<512>, 512, 3>'
WARNING: [HLS 200-871] Estimated clock period (2.644ns) exceeds the target (target clock period: 3.2ns, clock uncertainty: 0.864ns, effective delay budget: 2.336ns).
WARNING: [HLS 200-1016] The critical path in module 'ip_handler_rshiftWordByOctet_net_axis_512_512_3_s' consists of the following:	fifo read operation ('ipv6ShiftFifo_read', /tools/Xilinx/Vitis_HLS/2022.1/common/technology/autopilot/hls_stream_39.h:145) on port 'ipv6ShiftFifo' (/tools/Xilinx/Vitis_HLS/2022.1/common/technology/autopilot/hls_stream_39.h:145) [24]  (1.17 ns)
	'icmp' operation ('sendWord.last.V') [36]  (0.967 ns)
	multiplexor before 'phi' operation ('sendWord.last.V') with incoming values : ('sendWord.last.V') [42]  (0.387 ns)
	'phi' operation ('sendWord.last.V') with incoming values : ('sendWord.last.V') [42]  (0 ns)
	blocking operation 0.122 ns on control path)

INFO: [SCHED 204-11] Finished scheduling.
INFO: [HLS 200-111] Finished Scheduling: CPU user time: 0.07 seconds. CPU system time: 0.01 seconds. Elapsed time: 0.31 seconds; current allocated memory: 927.582 MB.
INFO: [BIND 205-100] Starting micro-architecture generation ...
INFO: [BIND 205-101] Performing variable lifetime analysis.
INFO: [BIND 205-101] Exploring resource sharing.
INFO: [BIND 205-101] Binding ...
INFO: [BIND 205-100] Finished micro-architecture generation.
INFO: [HLS 200-111] Finished Binding: CPU user time: 0.04 seconds. CPU system time: 0 seconds. Elapsed time: 0.08 seconds; current allocated memory: 927.582 MB.
INFO: [HLS 200-10] ----------------------------------------------------------------
INFO: [HLS 200-42] -- Implementing module 'clear' 
INFO: [HLS 200-10] ----------------------------------------------------------------
INFO: [SCHED 204-11] Starting scheduling ...
INFO: [SCHED 204-61] Pipelining function 'clear'.
INFO: [HLS 200-1470] Pipelining result : Target II = 1, Final II = 1, Depth = 1, function 'clear'
INFO: [SCHED 204-11] Finished scheduling.
INFO: [HLS 200-111] Finished Scheduling: CPU user time: 0.04 seconds. CPU system time: 0 seconds. Elapsed time: 0.11 seconds; current allocated memory: 927.582 MB.
INFO: [BIND 205-100] Starting micro-architecture generation ...
INFO: [BIND 205-101] Performing variable lifetime analysis.
INFO: [BIND 205-101] Exploring resource sharing.
INFO: [BIND 205-101] Binding ...
INFO: [BIND 205-100] Finished micro-architecture generation.
INFO: [HLS 200-111] Finished Binding: CPU user time: 0.02 seconds. CPU system time: 0.01 seconds. Elapsed time: 0.07 seconds; current allocated memory: 927.582 MB.
INFO: [HLS 200-10] ----------------------------------------------------------------
INFO: [HLS 200-42] -- Implementing module 'extract_ip_meta_512_s' 
INFO: [HLS 200-10] ----------------------------------------------------------------
INFO: [SCHED 204-11] Starting scheduling ...
INFO: [SCHED 204-61] Pipelining function 'extract_ip_meta<512>'.
WARNING: [HLS 200-880] The II Violation in module 'extract_ip_meta_512_s' (function 'extract_ip_meta<512>'): Unable to enforce a carried dependence constraint (II = 1, distance = 1, offset = 1) between 'call' operation ('_ln165', /mnt/scratch/pyuvaraj/Vitis_RoCE_W/Vitis_RoCE/fpga-network-stack/hls/ip_handler/ip_handler.cpp:165) to 'clear' and 'load' operation ('header_ready_load', /mnt/scratch/pyuvaraj/Vitis_RoCE_W/Vitis_RoCE/fpga-network-stack/hls/ip_handler/../ethernet/../packet.hpp:55) on static variable 'header_ready'.
INFO: [HLS 200-1470] Pipelining result : Target II = 1, Final II = 2, Depth = 3, function 'extract_ip_meta<512>'
INFO: [SCHED 204-11] Finished scheduling.
INFO: [HLS 200-111] Finished Scheduling: CPU user time: 0.07 seconds. CPU system time: 0.01 seconds. Elapsed time: 0.15 seconds; current allocated memory: 927.582 MB.
INFO: [BIND 205-100] Starting micro-architecture generation ...
INFO: [BIND 205-101] Performing variable lifetime analysis.
INFO: [BIND 205-101] Exploring resource sharing.
INFO: [BIND 205-101] Binding ...
INFO: [BIND 205-100] Finished micro-architecture generation.
INFO: [HLS 200-111] Finished Binding: CPU user time: 0.07 seconds. CPU system time: 0 seconds. Elapsed time: 0.12 seconds; current allocated memory: 928.582 MB.
INFO: [HLS 200-10] ----------------------------------------------------------------
INFO: [HLS 200-42] -- Implementing module 'ip_handler_compute_ipv4_checksum' 
INFO: [HLS 200-10] ----------------------------------------------------------------
INFO: [SCHED 204-11] Starting scheduling ...
INFO: [SCHED 204-61] Pipelining function 'ip_handler_compute_ipv4_checksum'.
INFO: [HLS 200-1470] Pipelining result : Target II = 1, Final II = 1, Depth = 3, function 'ip_handler_compute_ipv4_checksum'
WARNING: [HLS 200-871] Estimated clock period (2.38944ns) exceeds the target (target clock period: 3.2ns, clock uncertainty: 0.864ns, effective delay budget: 2.336ns).
WARNING: [HLS 200-1016] The critical path in module 'ip_handler_compute_ipv4_checksum' consists of the following:	'load' operation ('cics_ip_sums_sum_V_29_load') on static variable 'cics_ip_sums_sum_V_29' [84]  (0 ns)
	'add' operation ('add_ln886_29') [458]  (0.791 ns)
	'add' operation ('add_ln232_59') [461]  (0 ns)
	'add' operation ('add_ln232_29') [462]  (0.675 ns)
	'select' operation ('select_ln1073_29') [464]  (0.268 ns)
	multiplexor before 'phi' operation ('cics_ip_sums_sum_V_29_new_0_i') with incoming values : ('select_ln1073_29') [515]  (0.387 ns)
	'phi' operation ('cics_ip_sums_sum_V_29_new_0_i') with incoming values : ('select_ln1073_29') [515]  (0 ns)
	'select' operation ('select_ln566_29', /mnt/scratch/pyuvaraj/Vitis_RoCE_W/Vitis_RoCE/fpga-network-stack/hls/ip_handler/../ipv4/ipv4_utils.cpp:566) [561]  (0.268 ns)
	'store' operation ('cics_ip_sums_sum_V_29_write_ln571', /mnt/scratch/pyuvaraj/Vitis_RoCE_W/Vitis_RoCE/fpga-network-stack/hls/ip_handler/../ipv4/ipv4_utils.cpp:571) of variable 'select_ln566_29', /mnt/scratch/pyuvaraj/Vitis_RoCE_W/Vitis_RoCE/fpga-network-stack/hls/ip_handler/../ipv4/ipv4_utils.cpp:566 on static variable 'cics_ip_sums_sum_V_29' [564]  (0 ns)

INFO: [SCHED 204-11] Finished scheduling.
INFO: [HLS 200-111] Finished Scheduling: CPU user time: 0.66 seconds. CPU system time: 0 seconds. Elapsed time: 0.75 seconds; current allocated memory: 932.148 MB.
INFO: [BIND 205-100] Starting micro-architecture generation ...
INFO: [BIND 205-101] Performing variable lifetime analysis.
INFO: [BIND 205-101] Exploring resource sharing.
INFO: [BIND 205-101] Binding ...
INFO: [BIND 205-100] Finished micro-architecture generation.
INFO: [HLS 200-111] Finished Binding: CPU user time: 0.31 seconds. CPU system time: 0 seconds. Elapsed time: 0.39 seconds; current allocated memory: 933.148 MB.
INFO: [HLS 200-10] ----------------------------------------------------------------
INFO: [HLS 200-42] -- Implementing module 'ip_handler_check_ipv4_checksum_32_s' 
INFO: [HLS 200-10] ----------------------------------------------------------------
INFO: [SCHED 204-11] Starting scheduling ...
INFO: [SCHED 204-61] Pipelining function 'ip_handler_check_ipv4_checksum<32>'.
INFO: [HLS 200-1470] Pipelining result : Target II = 1, Final II = 1, Depth = 6, function 'ip_handler_check_ipv4_checksum<32>'
INFO: [SCHED 204-11] Finished scheduling.
INFO: [HLS 200-111] Finished Scheduling: CPU user time: 0.79 seconds. CPU system time: 0.02 seconds. Elapsed time: 1 seconds; current allocated memory: 935.605 MB.
INFO: [BIND 205-100] Starting micro-architecture generation ...
INFO: [BIND 205-101] Performing variable lifetime analysis.
INFO: [BIND 205-101] Exploring resource sharing.
INFO: [BIND 205-101] Binding ...
INFO: [BIND 205-100] Finished micro-architecture generation.
INFO: [HLS 200-111] Finished Binding: CPU user time: 0.21 seconds. CPU system time: 0.02 seconds. Elapsed time: 0.3 seconds; current allocated memory: 935.605 MB.
INFO: [HLS 200-10] ----------------------------------------------------------------
INFO: [HLS 200-42] -- Implementing module 'ip_invalid_dropper_512_s' 
INFO: [HLS 200-10] ----------------------------------------------------------------
INFO: [SCHED 204-11] Starting scheduling ...
INFO: [SCHED 204-61] Pipelining function 'ip_invalid_dropper<512>'.
INFO: [HLS 200-1470] Pipelining result : Target II = 1, Final II = 1, Depth = 2, function 'ip_invalid_dropper<512>'
INFO: [SCHED 204-11] Finished scheduling.
INFO: [HLS 200-111] Finished Scheduling: CPU user time: 0.39 seconds. CPU system time: 0.01 seconds. Elapsed time: 0.54 seconds; current allocated memory: 936.016 MB.
INFO: [BIND 205-100] Starting micro-architecture generation ...
INFO: [BIND 205-101] Performing variable lifetime analysis.
INFO: [BIND 205-101] Exploring resource sharing.
INFO: [BIND 205-101] Binding ...
INFO: [BIND 205-100] Finished micro-architecture generation.
INFO: [HLS 200-111] Finished Binding: CPU user time: 0.03 seconds. CPU system time: 0.02 seconds. Elapsed time: 0.1 seconds; current allocated memory: 936.453 MB.
INFO: [HLS 200-10] ----------------------------------------------------------------
INFO: [HLS 200-42] -- Implementing module 'cut_length' 
INFO: [HLS 200-10] ----------------------------------------------------------------
INFO: [SCHED 204-11] Starting scheduling ...
INFO: [SCHED 204-61] Pipelining function 'cut_length'.
INFO: [HLS 200-1470] Pipelining result : Target II = 1, Final II = 1, Depth = 2, function 'cut_length'
INFO: [SCHED 204-11] Finished scheduling.
INFO: [HLS 200-111] Finished Scheduling: CPU user time: 0.07 seconds. CPU system time: 0.01 seconds. Elapsed time: 0.18 seconds; current allocated memory: 936.758 MB.
INFO: [BIND 205-100] Starting micro-architecture generation ...
INFO: [BIND 205-101] Performing variable lifetime analysis.
INFO: [BIND 205-101] Exploring resource sharing.
INFO: [BIND 205-101] Binding ...
INFO: [BIND 205-100] Finished micro-architecture generation.
INFO: [HLS 200-111] Finished Binding: CPU user time: 0.04 seconds. CPU system time: 0 seconds. Elapsed time: 0.11 seconds; current allocated memory: 936.879 MB.
INFO: [HLS 200-10] ----------------------------------------------------------------
INFO: [HLS 200-42] -- Implementing module 'detect_ipv4_protocol_512_s' 
INFO: [HLS 200-10] ----------------------------------------------------------------
INFO: [SCHED 204-11] Starting scheduling ...
INFO: [SCHED 204-61] Pipelining function 'detect_ipv4_protocol<512>'.
INFO: [HLS 200-1470] Pipelining result : Target II = 1, Final II = 1, Depth = 3, function 'detect_ipv4_protocol<512>'
INFO: [SCHED 204-11] Finished scheduling.
INFO: [HLS 200-111] Finished Scheduling: CPU user time: 0.08 seconds. CPU system time: 0.01 seconds. Elapsed time: 0.16 seconds; current allocated memory: 937.316 MB.
INFO: [BIND 205-100] Starting micro-architecture generation ...
INFO: [BIND 205-101] Performing variable lifetime analysis.
INFO: [BIND 205-101] Exploring resource sharing.
INFO: [BIND 205-101] Binding ...
INFO: [BIND 205-100] Finished micro-architecture generation.
INFO: [HLS 200-111] Finished Binding: CPU user time: 0.06 seconds. CPU system time: 0.01 seconds. Elapsed time: 0.12 seconds; current allocated memory: 937.930 MB.
INFO: [HLS 200-10] ----------------------------------------------------------------
INFO: [HLS 200-42] -- Implementing module 'detect_ipv6_protocol_512_s' 
INFO: [HLS 200-10] ----------------------------------------------------------------
INFO: [SCHED 204-11] Starting scheduling ...
INFO: [SCHED 204-61] Pipelining function 'detect_ipv6_protocol<512>'.
INFO: [HLS 200-1470] Pipelining result : Target II = 1, Final II = 1, Depth = 3, function 'detect_ipv6_protocol<512>'
INFO: [SCHED 204-11] Finished scheduling.
INFO: [HLS 200-111] Finished Scheduling: CPU user time: 0.08 seconds. CPU system time: 0 seconds. Elapsed time: 0.16 seconds; current allocated memory: 938.918 MB.
INFO: [BIND 205-100] Starting micro-architecture generation ...
INFO: [BIND 205-101] Performing variable lifetime analysis.
INFO: [BIND 205-101] Exploring resource sharing.
INFO: [BIND 205-101] Binding ...
INFO: [BIND 205-100] Finished micro-architecture generation.
INFO: [HLS 200-111] Finished Binding: CPU user time: 0.05 seconds. CPU system time: 0.01 seconds. Elapsed time: 0.12 seconds; current allocated memory: 940.504 MB.
INFO: [HLS 200-10] ----------------------------------------------------------------
INFO: [HLS 200-42] -- Implementing module 'ip_handler_duplicate_stream_net_axis_512_s' 
INFO: [HLS 200-10] ----------------------------------------------------------------
INFO: [SCHED 204-11] Starting scheduling ...
INFO: [SCHED 204-61] Pipelining function 'ip_handler_duplicate_stream<net_axis<512> >'.
INFO: [HLS 200-1470] Pipelining result : Target II = 1, Final II = 1, Depth = 3, function 'ip_handler_duplicate_stream<net_axis<512> >'
INFO: [SCHED 204-11] Finished scheduling.
INFO: [HLS 200-111] Finished Scheduling: CPU user time: 0.07 seconds. CPU system time: 0.01 seconds. Elapsed time: 0.15 seconds; current allocated memory: 941.410 MB.
INFO: [BIND 205-100] Starting micro-architecture generation ...
INFO: [BIND 205-101] Performing variable lifetime analysis.
INFO: [BIND 205-101] Exploring resource sharing.
INFO: [BIND 205-101] Binding ...
INFO: [BIND 205-100] Finished micro-architecture generation.
INFO: [HLS 200-111] Finished Binding: CPU user time: 0.04 seconds. CPU system time: 0 seconds. Elapsed time: 0.1 seconds; current allocated memory: 941.410 MB.
INFO: [HLS 200-10] ----------------------------------------------------------------
INFO: [HLS 200-42] -- Implementing module 'ip_handler_top' 
INFO: [HLS 200-10] ----------------------------------------------------------------
INFO: [SCHED 204-11] Starting scheduling ...
INFO: [SCHED 204-11] Finished scheduling.
INFO: [HLS 200-111] Finished Scheduling: CPU user time: 0.09 seconds. CPU system time: 0.01 seconds. Elapsed time: 0.16 seconds; current allocated memory: 941.496 MB.
INFO: [BIND 205-100] Starting micro-architecture generation ...
INFO: [BIND 205-101] Performing variable lifetime analysis.
INFO: [BIND 205-101] Exploring resource sharing.
INFO: [BIND 205-101] Binding ...
INFO: [BIND 205-100] Finished micro-architecture generation.
INFO: [HLS 200-111] Finished Binding: CPU user time: 0.36 seconds. CPU system time: 0.01 seconds. Elapsed time: 0.45 seconds; current allocated memory: 941.957 MB.
INFO: [HLS 200-10] ----------------------------------------------------------------
INFO: [HLS 200-10] -- Generating RTL for module 'clear_1' 
INFO: [HLS 200-10] ----------------------------------------------------------------
INFO: [RTGEN 206-100] Finished creating RTL model for 'clear_1'.
INFO: [HLS 200-111] Finished Creating RTL model: CPU user time: 0.72 seconds. CPU system time: 0.01 seconds. Elapsed time: 0.81 seconds; current allocated memory: 942.273 MB.
INFO: [HLS 200-10] ----------------------------------------------------------------
INFO: [HLS 200-10] -- Generating RTL for module 'detect_eth_protocol_512_s' 
INFO: [HLS 200-10] ----------------------------------------------------------------
WARNING: [RTGEN 206-101] Register 'header_ready_1' is power-on initialization.
WARNING: [RTGEN 206-101] Register 'header_header_V_1' is power-on initialization.
WARNING: [RTGEN 206-101] Register 'header_idx_1' is power-on initialization.
WARNING: [RTGEN 206-101] Register 'metaWritten_1' is power-on initialization.
INFO: [RTGEN 206-100] Finished creating RTL model for 'detect_eth_protocol_512_s'.
INFO: [HLS 200-111] Finished Creating RTL model: CPU user time: 0.08 seconds. CPU system time: 0.01 seconds. Elapsed time: 0.2 seconds; current allocated memory: 942.273 MB.
INFO: [HLS 200-10] ----------------------------------------------------------------
INFO: [HLS 200-10] -- Generating RTL for module 'route_by_eth_protocol_512_s' 
INFO: [HLS 200-10] ----------------------------------------------------------------
WARNING: [RTGEN 206-101] Register 'rep_fsmState_V' is power-on initialization.
WARNING: [RTGEN 206-101] Register 'rep_etherType_V' is power-on initialization.
INFO: [HLS 200-1030] Apply Unified Pipeline Control on module 'route_by_eth_protocol_512_s' pipeline 'route_by_eth_protocol<512>' pipeline type 'function pipeline'
INFO: [RTGEN 206-100] Finished creating RTL model for 'route_by_eth_protocol_512_s'.
INFO: [HLS 200-111] Finished Creating RTL model: CPU user time: 0.17 seconds. CPU system time: 0.02 seconds. Elapsed time: 0.31 seconds; current allocated memory: 943.457 MB.
INFO: [HLS 200-10] ----------------------------------------------------------------
INFO: [HLS 200-10] -- Generating RTL for module 'ip_handler_rshiftWordByOctet_net_axis_512_512_1_s' 
INFO: [HLS 200-10] ----------------------------------------------------------------
WARNING: [RTGEN 206-101] Register 'fsmState_1' is power-on initialization.
WARNING: [RTGEN 206-101] Register 'prevWord_data_V_1' is power-on initialization.
WARNING: [RTGEN 206-101] Register 'prevWord_keep_V_1' is power-on initialization.
WARNING: [RTGEN 206-101] Register 'rs_firstWord_1' is power-on initialization.
INFO: [HLS 200-1030] Apply Unified Pipeline Control on module 'ip_handler_rshiftWordByOctet_net_axis_512_512_1_s' pipeline 'ip_handler_rshiftWordByOctet<net_axis<512>, 512, 1>' pipeline type 'function pipeline'
INFO: [RTGEN 206-100] Finished creating RTL model for 'ip_handler_rshiftWordByOctet_net_axis_512_512_1_s'.
INFO: [HLS 200-111] Finished Creating RTL model: CPU user time: 0.22 seconds. CPU system time: 0.02 seconds. Elapsed time: 0.37 seconds; current allocated memory: 944.777 MB.
INFO: [HLS 200-10] ----------------------------------------------------------------
INFO: [HLS 200-10] -- Generating RTL for module 'ip_handler_rshiftWordByOctet_net_axis_512_512_3_s' 
INFO: [HLS 200-10] ----------------------------------------------------------------
WARNING: [RTGEN 206-101] Register 'fsmState' is power-on initialization.
WARNING: [RTGEN 206-101] Register 'prevWord_data_V' is power-on initialization.
WARNING: [RTGEN 206-101] Register 'prevWord_keep_V' is power-on initialization.
WARNING: [RTGEN 206-101] Register 'rs_firstWord' is power-on initialization.
INFO: [HLS 200-1030] Apply Unified Pipeline Control on module 'ip_handler_rshiftWordByOctet_net_axis_512_512_3_s' pipeline 'ip_handler_rshiftWordByOctet<net_axis<512>, 512, 3>' pipeline type 'function pipeline'
INFO: [RTGEN 206-100] Finished creating RTL model for 'ip_handler_rshiftWordByOctet_net_axis_512_512_3_s'.
INFO: [HLS 200-111] Finished Creating RTL model: CPU user time: 0.15 seconds. CPU system time: 0.01 seconds. Elapsed time: 0.3 seconds; current allocated memory: 945.988 MB.
INFO: [HLS 200-10] ----------------------------------------------------------------
INFO: [HLS 200-10] -- Generating RTL for module 'clear' 
INFO: [HLS 200-10] ----------------------------------------------------------------
INFO: [RTGEN 206-100] Finished creating RTL model for 'clear'.
INFO: [HLS 200-111] Finished Creating RTL model: CPU user time: 0.11 seconds. CPU system time: 0.01 seconds. Elapsed time: 0.2 seconds; current allocated memory: 946.934 MB.
INFO: [HLS 200-10] ----------------------------------------------------------------
INFO: [HLS 200-10] -- Generating RTL for module 'extract_ip_meta_512_s' 
INFO: [HLS 200-10] ----------------------------------------------------------------
WARNING: [RTGEN 206-101] Register 'header_ready' is power-on initialization.
WARNING: [RTGEN 206-101] Register 'header_header_V' is power-on initialization.
WARNING: [RTGEN 206-101] Register 'header_idx' is power-on initialization.
WARNING: [RTGEN 206-101] Register 'metaWritten' is power-on initialization.
INFO: [HLS 200-1030] Apply Unified Pipeline Control on module 'extract_ip_meta_512_s' pipeline 'extract_ip_meta<512>' pipeline type 'function pipeline'
INFO: [RTGEN 206-100] Finished creating RTL model for 'extract_ip_meta_512_s'.
INFO: [HLS 200-111] Finished Creating RTL model: CPU user time: 0.09 seconds. CPU system time: 0.01 seconds. Elapsed time: 0.21 seconds; current allocated memory: 947.789 MB.
INFO: [HLS 200-10] ----------------------------------------------------------------
INFO: [HLS 200-10] -- Generating RTL for module 'ip_handler_compute_ipv4_checksum' 
INFO: [HLS 200-10] ----------------------------------------------------------------
WARNING: [RTGEN 206-101] Register 'cics_firstWord' is power-on initialization.
WARNING: [RTGEN 206-101] Register 'cics_ip_sums_sum_V_0' is power-on initialization.
WARNING: [RTGEN 206-101] Register 'cics_ip_sums_sum_V_1' is power-on initialization.
WARNING: [RTGEN 206-101] Register 'cics_ip_sums_sum_V_2' is power-on initialization.
WARNING: [RTGEN 206-101] Register 'cics_ip_sums_sum_V_3' is power-on initialization.
WARNING: [RTGEN 206-101] Register 'cics_ip_sums_sum_V_4' is power-on initialization.
WARNING: [RTGEN 206-101] Register 'cics_ip_sums_sum_V_5' is power-on initialization.
WARNING: [RTGEN 206-101] Register 'cics_ip_sums_sum_V_6' is power-on initialization.
WARNING: [RTGEN 206-101] Register 'cics_ip_sums_sum_V_7' is power-on initialization.
WARNING: [RTGEN 206-101] Register 'cics_ip_sums_sum_V_8' is power-on initialization.
WARNING: [RTGEN 206-101] Register 'cics_ip_sums_sum_V_9' is power-on initialization.
WARNING: [RTGEN 206-101] Register 'cics_ip_sums_sum_V_10' is power-on initialization.
WARNING: [RTGEN 206-101] Register 'cics_ip_sums_sum_V_11' is power-on initialization.
WARNING: [RTGEN 206-101] Register 'cics_ip_sums_sum_V_12' is power-on initialization.
WARNING: [RTGEN 206-101] Register 'cics_ip_sums_sum_V_13' is power-on initialization.
WARNING: [RTGEN 206-101] Register 'cics_ip_sums_sum_V_14' is power-on initialization.
WARNING: [RTGEN 206-101] Register 'cics_ip_sums_sum_V_15' is power-on initialization.
WARNING: [RTGEN 206-101] Register 'cics_ip_sums_sum_V_16' is power-on initialization.
WARNING: [RTGEN 206-101] Register 'cics_ip_sums_sum_V_17' is power-on initialization.
WARNING: [RTGEN 206-101] Register 'cics_ip_sums_sum_V_18' is power-on initialization.
WARNING: [RTGEN 206-101] Register 'cics_ip_sums_sum_V_19' is power-on initialization.
WARNING: [RTGEN 206-101] Register 'cics_ip_sums_sum_V_20' is power-on initialization.
WARNING: [RTGEN 206-101] Register 'cics_ip_sums_sum_V_21' is power-on initialization.
WARNING: [RTGEN 206-101] Register 'cics_ip_sums_sum_V_22' is power-on initialization.
WARNING: [RTGEN 206-101] Register 'cics_ip_sums_sum_V_23' is power-on initialization.
WARNING: [RTGEN 206-101] Register 'cics_ip_sums_sum_V_24' is power-on initialization.
WARNING: [RTGEN 206-101] Register 'cics_ip_sums_sum_V_25' is power-on initialization.
WARNING: [RTGEN 206-101] Register 'cics_ip_sums_sum_V_26' is power-on initialization.
WARNING: [RTGEN 206-101] Register 'cics_ip_sums_sum_V_27' is power-on initialization.
WARNING: [RTGEN 206-101] Register 'cics_ip_sums_sum_V_28' is power-on initialization.
WARNING: [RTGEN 206-101] Register 'cics_ip_sums_sum_V_29' is power-on initialization.
INFO: [HLS 200-1030] Apply Unified Pipeline Control on module 'ip_handler_compute_ipv4_checksum' pipeline 'ip_handler_compute_ipv4_checksum' pipeline type 'function pipeline'
INFO: [RTGEN 206-100] Finished creating RTL model for 'ip_handler_compute_ipv4_checksum'.
INFO: [HLS 200-111] Finished Creating RTL model: CPU user time: 0.51 seconds. CPU system time: 0.03 seconds. Elapsed time: 0.94 seconds; current allocated memory: 952.641 MB.
INFO: [HLS 200-10] ----------------------------------------------------------------
INFO: [HLS 200-10] -- Generating RTL for module 'ip_handler_check_ipv4_checksum_32_s' 
INFO: [HLS 200-10] ----------------------------------------------------------------
INFO: [HLS 200-1030] Apply Unified Pipeline Control on module 'ip_handler_check_ipv4_checksum_32_s' pipeline 'ip_handler_check_ipv4_checksum<32>' pipeline type 'function pipeline'
INFO: [RTGEN 206-100] Finished creating RTL model for 'ip_handler_check_ipv4_checksum_32_s'.
INFO: [HLS 200-111] Finished Creating RTL model: CPU user time: 1.43 seconds. CPU system time: 0.05 seconds. Elapsed time: 1.7 seconds; current allocated memory: 964.660 MB.
INFO: [HLS 200-10] ----------------------------------------------------------------
INFO: [HLS 200-10] -- Generating RTL for module 'ip_invalid_dropper_512_s' 
INFO: [HLS 200-10] ----------------------------------------------------------------
WARNING: [RTGEN 206-101] Register 'iid_state' is power-on initialization.
INFO: [HLS 200-1030] Apply Unified Pipeline Control on module 'ip_invalid_dropper_512_s' pipeline 'ip_invalid_dropper<512>' pipeline type 'function pipeline'
INFO: [RTGEN 206-100] Finished creating RTL model for 'ip_invalid_dropper_512_s'.
INFO: [HLS 200-111] Finished Creating RTL model: CPU user time: 0.95 seconds. CPU system time: 0.05 seconds. Elapsed time: 1.19 seconds; current allocated memory: 971.781 MB.
INFO: [HLS 200-10] ----------------------------------------------------------------
INFO: [HLS 200-10] -- Generating RTL for module 'cut_length' 
INFO: [HLS 200-10] ----------------------------------------------------------------
WARNING: [RTGEN 206-101] Register 'cl_state' is power-on initialization.
INFO: [HLS 200-1030] Apply Unified Pipeline Control on module 'cut_length' pipeline 'cut_length' pipeline type 'function pipeline'
INFO: [RTGEN 206-100] Generating core module 'mux_646_64_1_1': 1 instance(s).
INFO: [RTGEN 206-100] Finished creating RTL model for 'cut_length'.
INFO: [HLS 200-111] Finished Creating RTL model: CPU user time: 0.18 seconds. CPU system time: 0.02 seconds. Elapsed time: 0.33 seconds; current allocated memory: 972.824 MB.
INFO: [HLS 200-10] ----------------------------------------------------------------
INFO: [HLS 200-10] -- Generating RTL for module 'detect_ipv4_protocol_512_s' 
INFO: [HLS 200-10] ----------------------------------------------------------------
WARNING: [RTGEN 206-101] Register 'dip_state' is power-on initialization.
WARNING: [RTGEN 206-101] Register 'dip_ipProtocol_V' is power-on initialization.
INFO: [HLS 200-1030] Apply Unified Pipeline Control on module 'detect_ipv4_protocol_512_s' pipeline 'detect_ipv4_protocol<512>' pipeline type 'function pipeline'
INFO: [RTGEN 206-100] Finished creating RTL model for 'detect_ipv4_protocol_512_s'.
INFO: [HLS 200-111] Finished Creating RTL model: CPU user time: 0.17 seconds. CPU system time: 0.01 seconds. Elapsed time: 0.29 seconds; current allocated memory: 974.207 MB.
INFO: [HLS 200-10] ----------------------------------------------------------------
INFO: [HLS 200-10] -- Generating RTL for module 'detect_ipv6_protocol_512_s' 
INFO: [HLS 200-10] ----------------------------------------------------------------
WARNING: [RTGEN 206-101] Register 'state_V' is power-on initialization.
WARNING: [RTGEN 206-101] Register 'nextHeader_V' is power-on initialization.
INFO: [HLS 200-1030] Apply Unified Pipeline Control on module 'detect_ipv6_protocol_512_s' pipeline 'detect_ipv6_protocol<512>' pipeline type 'function pipeline'
INFO: [RTGEN 206-100] Finished creating RTL model for 'detect_ipv6_protocol_512_s'.
INFO: [HLS 200-111] Finished Creating RTL model: CPU user time: 0.19 seconds. CPU system time: 0.01 seconds. Elapsed time: 0.34 seconds; current allocated memory: 976.199 MB.
INFO: [HLS 200-10] ----------------------------------------------------------------
INFO: [HLS 200-10] -- Generating RTL for module 'ip_handler_duplicate_stream_net_axis_512_s' 
INFO: [HLS 200-10] ----------------------------------------------------------------
INFO: [HLS 200-1030] Apply Unified Pipeline Control on module 'ip_handler_duplicate_stream_net_axis_512_s' pipeline 'ip_handler_duplicate_stream<net_axis<512> >' pipeline type 'function pipeline'
INFO: [RTGEN 206-100] Finished creating RTL model for 'ip_handler_duplicate_stream_net_axis_512_s'.
INFO: [HLS 200-111] Finished Creating RTL model: CPU user time: 0.16 seconds. CPU system time: 0.01 seconds. Elapsed time: 0.27 seconds; current allocated memory: 977.379 MB.
INFO: [HLS 200-10] ----------------------------------------------------------------
INFO: [HLS 200-10] -- Generating RTL for module 'ip_handler_top' 
INFO: [HLS 200-10] ----------------------------------------------------------------
WARNING: [RTGEN 206-101] Design contains AXI ports. Reset is fixed to synchronous and active low.
INFO: [RTGEN 206-500] Setting interface mode on port 'ip_handler_top/s_axis_raw' to 'axis' (register, both mode).
INFO: [RTGEN 206-500] Setting interface mode on port 'ip_handler_top/m_axis_arp' to 'axis' (register, both mode).
INFO: [RTGEN 206-500] Setting interface mode on port 'ip_handler_top/m_axis_icmpv6' to 'axis' (register, both mode).
INFO: [RTGEN 206-500] Setting interface mode on port 'ip_handler_top/m_axis_ipv6udp' to 'axis' (register, both mode).
INFO: [RTGEN 206-500] Setting interface mode on port 'ip_handler_top/m_axis_icmp' to 'axis' (register, both mode).
INFO: [RTGEN 206-500] Setting interface mode on port 'ip_handler_top/m_axis_udp' to 'axis' (register, both mode).
INFO: [RTGEN 206-500] Setting interface mode on port 'ip_handler_top/m_axis_tcp' to 'axis' (register, both mode).
INFO: [RTGEN 206-500] Setting interface mode on port 'ip_handler_top/m_axis_roce' to 'axis' (register, both mode).
INFO: [RTGEN 206-500] Setting interface mode on port 'ip_handler_top/myIpAddress' to 'ap_stable' (register).
INFO: [RTGEN 206-500] Setting interface mode on function 'ip_handler_top' to 'ap_ctrl_none'.
WARNING: [HLS 200-656] Deadlocks can occur since process route_by_eth_protocol<512> is instantiated in a dataflow region with ap_ctrl_none or without start propagation and contains an auto-rewind pipeline.
WARNING: [HLS 200-656] Deadlocks can occur since process ip_handler_rshiftWordByOctet<net_axis<512>, 512, 1> is instantiated in a dataflow region with ap_ctrl_none or without start propagation and contains an auto-rewind pipeline.
WARNING: [HLS 200-656] Deadlocks can occur since process ip_handler_rshiftWordByOctet<net_axis<512>, 512, 3> is instantiated in a dataflow region with ap_ctrl_none or without start propagation and contains an auto-rewind pipeline.
WARNING: [HLS 200-656] Deadlocks can occur since process extract_ip_meta<512> is instantiated in a dataflow region with ap_ctrl_none or without start propagation and contains an auto-rewind pipeline.
WARNING: [HLS 200-656] Deadlocks can occur since process ip_handler_compute_ipv4_checksum is instantiated in a dataflow region with ap_ctrl_none or without start propagation and contains an auto-rewind pipeline.
WARNING: [HLS 200-656] Deadlocks can occur since process ip_handler_check_ipv4_checksum<32> is instantiated in a dataflow region with ap_ctrl_none or without start propagation and contains an auto-rewind pipeline.
WARNING: [HLS 200-656] Deadlocks can occur since process ip_invalid_dropper<512> is instantiated in a dataflow region with ap_ctrl_none or without start propagation and contains an auto-rewind pipeline.
==============================================================
Vitis HLS - High-Level Synthesis from C, C++ and OpenCL v2022.1 (64-bit)
Tool Version Limit: 2022.04
Copyright 1986-2022 Xilinx, Inc. All Rights Reserved.
==============================================================
==============================================================
Vitis HLS - High-Level Synthesis from C, C++ and OpenCL v2022.1 (64-bit)
Tool Version Limit: 2022.04
Copyright 1986-2022 Xilinx, Inc. All Rights Reserved.
==============================================================
