

================================================================
== Vitis HLS Report for 'client_512_s'
================================================================
* Date:           Tue Jul 11 09:38:30 2023

* Version:        2022.1 (Build 3526262 on Mon Apr 18 15:47:01 MDT 2022)
* Project:        scatter_prj
* Solution:       solution1 (Vivado IP Flow Target)
* Product family: virtexuplus
* Target device:  xcu280-fsvh2892-2L-e


================================================================
== Performance Estimates
================================================================
+ Timing: 
    * Summary: 
    +--------+---------+----------+------------+
    |  Clock |  Target | Estimated| Uncertainty|
    +--------+---------+----------+------------+
    |ap_clk  |  3.20 ns|  3.080 ns|     0.86 ns|
    +--------+---------+----------+------------+

+ Latency: 
    * Summary: 
    +---------+---------+----------+----------+-----+-----+---------+
    |  Latency (cycles) |  Latency (absolute) |  Interval | Pipeline|
    |   min   |   max   |    min   |    max   | min | max |   Type  |
    +---------+---------+----------+----------+-----+-----+---------+
    |        3|        3|  9.600 ns|  9.600 ns|    1|    1|      yes|
    +---------+---------+----------+----------+-----+-----+---------+

    + Detail: 
        * Instance: 
        N/A

        * Loop: 
        N/A



================================================================
== Utilization Estimates
================================================================
* Summary: 
+---------------------+---------+------+---------+---------+-----+
|         Name        | BRAM_18K|  DSP |    FF   |   LUT   | URAM|
+---------------------+---------+------+---------+---------+-----+
|DSP                  |        -|     -|        -|        -|    -|
|Expression           |        -|     -|        0|     1065|    -|
|FIFO                 |        -|     -|        -|        -|    -|
|Instance             |        -|     -|        -|        -|    -|
|Memory               |        -|     -|        -|        -|    -|
|Multiplexer          |        -|     -|        -|      665|    -|
|Register             |        -|     -|      778|        -|    -|
+---------------------+---------+------+---------+---------+-----+
|Total                |        0|     0|      778|     1730|    0|
+---------------------+---------+------+---------+---------+-----+
|Available SLR        |     1344|  3008|   869120|   434560|  320|
+---------------------+---------+------+---------+---------+-----+
|Utilization SLR (%)  |        0|     0|       ~0|       ~0|    0|
+---------------------+---------+------+---------+---------+-----+
|Available            |     4032|  9024|  2607360|  1303680|  960|
+---------------------+---------+------+---------+---------+-----+
|Utilization (%)      |        0|     0|       ~0|       ~0|    0|
+---------------------+---------+------+---------+---------+-----+

+ Detail: 
    * Instance: 
    N/A

    * DSP: 
    N/A

    * Memory: 
    N/A

    * FIFO: 
    N/A

    * Expression: 
    +----------------------------------+----------+----+---+-----+------------+------------+
    |           Variable Name          | Operation| DSP| FF| LUT | Bitwidth P0| Bitwidth P1|
    +----------------------------------+----------+----+---+-----+------------+------------+
    |add_ln886_2_fu_1083_p2            |         +|   0|  0|   23|          16|           1|
    |add_ln886_3_fu_1020_p2            |         +|   0|  0|   23|          16|           1|
    |add_ln886_5_fu_930_p2             |         +|   0|  0|   39|          32|           1|
    |add_ln886_6_fu_1043_p2            |         +|   0|  0|   23|          16|           1|
    |add_ln886_7_fu_1055_p2            |         +|   0|  0|   23|          16|           1|
    |add_ln886_fu_887_p2               |         +|   0|  0|   23|          16|           1|
    |add_ln887_fu_984_p2               |         +|   0|  0|   23|          16|           2|
    |grp_fu_838_p2                     |         +|   0|  0|   23|          16|           1|
    |ret_V_fu_903_p2                   |         +|   0|  0|   40|          33|           2|
    |and_ln292_fu_919_p2               |       and|   0|  0|    2|           1|           1|
    |ap_condition_521                  |       and|   0|  0|    2|           1|           1|
    |ap_condition_575                  |       and|   0|  0|    2|           1|           1|
    |ap_condition_605                  |       and|   0|  0|    2|           1|           1|
    |ap_condition_664                  |       and|   0|  0|    2|           1|           1|
    |ap_condition_669                  |       and|   0|  0|    2|           1|           1|
    |ap_condition_673                  |       and|   0|  0|    2|           1|           1|
    |ap_condition_677                  |       and|   0|  0|    2|           1|           1|
    |ap_condition_681                  |       and|   0|  0|    2|           1|           1|
    |ap_condition_685                  |       and|   0|  0|    2|           1|           1|
    |ap_condition_689                  |       and|   0|  0|    2|           1|           1|
    |ap_condition_693                  |       and|   0|  0|    2|           1|           1|
    |ap_condition_697                  |       and|   0|  0|    2|           1|           1|
    |ap_condition_701                  |       and|   0|  0|    2|           1|           1|
    |ap_condition_704                  |       and|   0|  0|    2|           1|           1|
    |ap_condition_708                  |       and|   0|  0|    2|           1|           1|
    |ap_condition_714                  |       and|   0|  0|    2|           1|           1|
    |ap_condition_739                  |       and|   0|  0|    2|           1|           1|
    |ap_condition_742                  |       and|   0|  0|    2|           1|           1|
    |ap_predicate_op112_read_state2    |       and|   0|  0|    2|           1|           1|
    |ap_predicate_op196_write_state3   |       and|   0|  0|    2|           1|           1|
    |ap_predicate_op204_write_state3   |       and|   0|  0|    2|           1|           1|
    |ap_predicate_op208_write_state3   |       and|   0|  0|    2|           1|           1|
    |ap_predicate_op213_write_state3   |       and|   0|  0|    2|           1|           1|
    |ap_predicate_op214_write_state3   |       and|   0|  0|    2|           1|           1|
    |ap_predicate_op216_write_state4   |       and|   0|  0|    2|           1|           1|
    |ap_predicate_op97_read_state2     |       and|   0|  0|    2|           1|           1|
    |tmp_i_35_nbreadreq_fu_298_p3      |       and|   0|  0|    2|           1|           0|
    |tmp_i_nbreadreq_fu_312_p3         |       and|   0|  0|    2|           1|           0|
    |currWord_last_V_fu_925_p2         |      icmp|   0|  0|   13|          16|          16|
    |grp_fu_845_p2                     |      icmp|   0|  0|   13|          16|          16|
    |icmp_ln1065_3_fu_936_p2           |      icmp|   0|  0|   20|          32|          32|
    |icmp_ln1065_4_fu_1049_p2          |      icmp|   0|  0|   13|          16|          16|
    |icmp_ln1065_fu_1077_p2            |      icmp|   0|  0|   13|          16|          16|
    |icmp_ln1069_fu_1095_p2            |      icmp|   0|  0|   13|          16|          16|
    |icmp_ln1073_1_fu_913_p2           |      icmp|   0|  0|   20|          33|          33|
    |icmp_ln1073_fu_1038_p2            |      icmp|   0|  0|   13|          16|          16|
    |ap_block_pp0_stage0_01001         |        or|   0|  0|    2|           1|           1|
    |ap_block_pp0_stage0_11001         |        or|   0|  0|    2|           1|           1|
    |ap_block_state1_pp0_stage0_iter0  |        or|   0|  0|    2|           1|           1|
    |ap_block_state2_pp0_stage0_iter1  |        or|   0|  0|    2|           1|           1|
    |ap_block_state3_io                |        or|   0|  0|    2|           1|           1|
    |ap_block_state3_pp0_stage0_iter2  |        or|   0|  0|    2|           1|           1|
    |ap_block_state4_io                |        or|   0|  0|    2|           1|           1|
    |ap_block_state4_pp0_stage0_iter3  |        or|   0|  0|    2|           1|           1|
    |ap_condition_732                  |        or|   0|  0|    2|           1|           1|
    |or_ln174_fu_1204_p2               |        or|   0|  0|  576|         577|         576|
    |select_ln226_fu_1062_p3           |    select|   0|  0|   16|           1|           1|
    |select_ln310_1_fu_950_p3          |    select|   0|  0|    3|           1|           3|
    |select_ln310_fu_941_p3            |    select|   0|  0|   32|           1|           1|
    |ap_enable_pp0                     |       xor|   0|  0|    2|           1|           2|
    |xor_ln292_fu_894_p2               |       xor|   0|  0|    2|           1|           2|
    +----------------------------------+----------+----+---+-----+------------+------------+
    |Total                             |          |   0|  0| 1065|         958|         793|
    +----------------------------------+----------+----+---+-----+------------+------------+

    * Multiplexer: 
    +--------------------------------------------------------+----+-----------+-----+-----------+
    |                          Name                          | LUT| Input Size| Bits| Total Bits|
    +--------------------------------------------------------+----+-----------+-----+-----------+
    |ap_done                                                 |   9|          2|    1|          2|
    |ap_phi_mux_clientPkgCnt_V_flag_1_i_phi_fu_369_p4        |  14|          3|    1|          3|
    |ap_phi_mux_clientPkgCnt_V_flag_2_i_phi_fu_670_p20       |  20|          4|    1|          4|
    |ap_phi_mux_clientPkgCnt_V_new_1_i_phi_fu_380_p4         |   9|          2|   32|         64|
    |ap_phi_mux_clientPkgCnt_V_new_2_i_phi_fu_705_p20        |  14|          3|   32|         96|
    |ap_phi_mux_currentPort_V_1_flag_2_i_phi_fu_443_p4       |  14|          3|    1|          3|
    |ap_phi_mux_currentPort_V_1_flag_4_i_phi_fu_601_p20      |  20|          4|    1|          4|
    |ap_phi_mux_currentPort_V_1_new_2_i_phi_fu_453_p4        |   9|          2|   16|         32|
    |ap_phi_mux_currentPort_V_1_new_4_i_phi_fu_636_p20       |  20|          4|   16|         64|
    |ap_phi_mux_ipAddressIdx_V_flag_1_i_phi_fu_422_p4        |  14|          3|    1|          3|
    |ap_phi_mux_ipAddressIdx_V_flag_2_i_phi_fu_531_p20       |  20|          4|    1|          4|
    |ap_phi_mux_ipAddressIdx_V_new_1_i_phi_fu_433_p4         |   9|          2|   16|         32|
    |ap_phi_mux_ipAddressIdx_V_new_2_i_phi_fu_566_p20        |  14|          3|   16|         48|
    |ap_phi_mux_sentFirstWord_flag_0_i_phi_fu_358_p4         |  14|          3|    1|          3|
    |ap_phi_mux_sentFirstWord_flag_1_i_phi_fu_390_p4         |  14|          3|    1|          3|
    |ap_phi_mux_sentFirstWord_flag_2_i_phi_fu_740_p20        |  20|          4|    1|          4|
    |ap_phi_mux_sentFirstWord_new_1_i_phi_fu_401_p4          |  14|          3|    1|          3|
    |ap_phi_mux_sentFirstWord_new_2_i_phi_fu_775_p20         |  14|          3|    1|          3|
    |ap_phi_mux_sessionIt_V_flag_3_i_phi_fu_463_p20          |  14|          3|    1|          3|
    |ap_phi_mux_sessionIt_V_new_3_i_phi_fu_498_p20           |  14|          3|   16|         48|
    |ap_phi_mux_wordCount_V_new_0_i_phi_fu_412_p4            |  14|          3|   16|         48|
    |ap_phi_reg_pp0_iter2_openTuple_ip_address_V_11_reg_807  |  65|         12|   32|        384|
    |clientPkgNum_blk_n                                      |   9|          2|    1|          2|
    |closeConnectionBuffer_blk_n                             |   9|          2|    1|          2|
    |closeIt_V                                               |   9|          2|   16|         32|
    |expectedRespInKB_blk_n                                  |   9|          2|    1|          2|
    |m_axis_open_connection_TDATA_blk_n                      |   9|          2|    1|          2|
    |m_axis_tx_data_TDATA_blk_n                              |   9|          2|    1|          2|
    |numConnections_V                                        |  14|          3|   16|         48|
    |openConStatusBuffer_blk_n                               |   9|          2|    1|          2|
    |pkgWordCount_blk_n                                      |   9|          2|    1|          2|
    |regBasePort_blk_n                                       |   9|          2|    1|          2|
    |regIpAddress0_blk_n                                     |   9|          2|    1|          2|
    |regIpAddress10_blk_n                                    |   9|          2|    1|          2|
    |regIpAddress1_blk_n                                     |   9|          2|    1|          2|
    |regIpAddress2_blk_n                                     |   9|          2|    1|          2|
    |regIpAddress3_blk_n                                     |   9|          2|    1|          2|
    |regIpAddress4_blk_n                                     |   9|          2|    1|          2|
    |regIpAddress5_blk_n                                     |   9|          2|    1|          2|
    |regIpAddress6_blk_n                                     |   9|          2|    1|          2|
    |regIpAddress7_blk_n                                     |   9|          2|    1|          2|
    |regIpAddress8_blk_n                                     |   9|          2|    1|          2|
    |regIpAddress9_blk_n                                     |   9|          2|    1|          2|
    |runExperiment_blk_n                                     |   9|          2|    1|          2|
    |scatterFsmState                                         |  37|          7|    3|         21|
    |txMetaDataBuffer_blk_n                                  |   9|          2|    1|          2|
    |txMetaDataBuffer_din                                    |  20|          4|   32|        128|
    |txStatusBuffer_blk_n                                    |   9|          2|    1|          2|
    |useConn_blk_n                                           |   9|          2|    1|          2|
    |useIpAddr_blk_n                                         |   9|          2|    1|          2|
    +--------------------------------------------------------+----+-----------+-----+-----------+
    |Total                                                   | 665|        140|  296|       1135|
    +--------------------------------------------------------+----+-----------+-----+-----------+

    * Register: 
    +--------------------------------------------------------+----+----+-----+-----------+
    |                          Name                          | FF | LUT| Bits| Const Bits|
    +--------------------------------------------------------+----+----+-----+-----------+
    |and_ln292_reg_1360                                      |   1|   0|    1|          0|
    |ap_CS_fsm                                               |   1|   0|    1|          0|
    |ap_done_reg                                             |   1|   0|    1|          0|
    |ap_enable_reg_pp0_iter1                                 |   1|   0|    1|          0|
    |ap_enable_reg_pp0_iter2                                 |   1|   0|    1|          0|
    |ap_enable_reg_pp0_iter3                                 |   1|   0|    1|          0|
    |ap_phi_reg_pp0_iter1_openTuple_ip_address_V_11_reg_807  |  32|   0|   32|          0|
    |ap_phi_reg_pp0_iter2_openTuple_ip_address_V_11_reg_807  |  32|   0|   32|          0|
    |clientPkgCnt_V                                          |  32|   0|   32|          0|
    |closeIt_V                                               |  16|   0|   16|          0|
    |currWord_last_V_reg_1364                                |   1|   0|    1|          0|
    |currentPort_V_1                                         |  16|   0|   16|          0|
    |currentSessionID_V                                      |  16|   0|   16|          0|
    |expectedRespInKB_read_reg_1314                          |  16|   0|   16|          0|
    |expectedRespInKB_read_reg_1314_pp0_iter1_reg            |  16|   0|   16|          0|
    |icmp_ln1065_reg_1405                                    |   1|   0|    1|          0|
    |icmp_ln1073_reg_1398                                    |   1|   0|    1|          0|
    |icmp_ln1073_reg_1398_pp0_iter2_reg                      |   1|   0|    1|          0|
    |ipAddressIdx_V                                          |  16|   0|   16|          0|
    |lhs_reg_1308                                            |  32|   0|   32|          0|
    |numConnections_V                                        |  16|   0|   16|          0|
    |openTuple_ip_address_V_10_reg_1253                      |  32|   0|   32|          0|
    |openTuple_ip_address_V_1_reg_1298                       |  32|   0|   32|          0|
    |openTuple_ip_address_V_2_reg_1293                       |  32|   0|   32|          0|
    |openTuple_ip_address_V_3_reg_1288                       |  32|   0|   32|          0|
    |openTuple_ip_address_V_4_reg_1283                       |  32|   0|   32|          0|
    |openTuple_ip_address_V_5_reg_1278                       |  32|   0|   32|          0|
    |openTuple_ip_address_V_6_reg_1273                       |  32|   0|   32|          0|
    |openTuple_ip_address_V_7_reg_1268                       |  32|   0|   32|          0|
    |openTuple_ip_address_V_8_reg_1263                       |  32|   0|   32|          0|
    |openTuple_ip_address_V_9_reg_1258                       |  32|   0|   32|          0|
    |openTuple_ip_address_V_reg_1303                         |  32|   0|   32|          0|
    |openTuple_ip_port_V_reg_1355                            |  16|   0|   16|          0|
    |pkgWordCount_read_reg_1325                              |  16|   0|   16|          0|
    |pkgWordCount_read_reg_1325_pp0_iter1_reg                |  16|   0|   16|          0|
    |regBasePort_read_reg_1320                               |  16|   0|   16|          0|
    |runExperiment_read_reg_1344                             |   1|   0|    1|          0|
    |scatterFsmState                                         |   3|   0|    3|          0|
    |scatterFsmState_load_reg_1348                           |   3|   0|    3|          0|
    |scatterFsmState_load_reg_1348_pp0_iter2_reg             |   3|   0|    3|          0|
    |sentFirstWord                                           |   1|   0|    1|          0|
    |sessionIt_V                                             |  16|   0|   16|          0|
    |status_success_reg_1391                                 |   1|   0|    1|          0|
    |tmp_error_V_reg_1378                                    |   2|   0|    2|          0|
    |tmp_i_35_reg_1369                                       |   1|   0|    1|          0|
    |tmp_i_reg_1382                                          |   1|   0|    1|          0|
    |tmp_sessionID_V_1_reg_1373                              |  16|   0|   16|          0|
    |tmp_sessionID_V_reg_1386                                |  16|   0|   16|          0|
    |useConn_read_reg_1338                                   |  16|   0|   16|          0|
    |useIpAddr_read_reg_1333                                 |  16|   0|   16|          0|
    |wordCount_V                                             |  16|   0|   16|          0|
    +--------------------------------------------------------+----+----+-----+-----------+
    |Total                                                   | 778|   0|  778|          0|
    +--------------------------------------------------------+----+----+-----+-----------+



================================================================
== Interface
================================================================
* Summary: 
+--------------------------------------+-----+------+------------+------------------------+--------------+
|               RTL Ports              | Dir | Bits |  Protocol  |      Source Object     |    C Type    |
+--------------------------------------+-----+------+------------+------------------------+--------------+
|ap_clk                                |   in|     1|  ap_ctrl_hs|             client<512>|  return value|
|ap_rst                                |   in|     1|  ap_ctrl_hs|             client<512>|  return value|
|ap_start                              |   in|     1|  ap_ctrl_hs|             client<512>|  return value|
|ap_done                               |  out|     1|  ap_ctrl_hs|             client<512>|  return value|
|ap_continue                           |   in|     1|  ap_ctrl_hs|             client<512>|  return value|
|ap_idle                               |  out|     1|  ap_ctrl_hs|             client<512>|  return value|
|ap_ready                              |  out|     1|  ap_ctrl_hs|             client<512>|  return value|
|regIpAddress10_dout                   |   in|    32|     ap_fifo|          regIpAddress10|       pointer|
|regIpAddress10_num_data_valid         |   in|     3|     ap_fifo|          regIpAddress10|       pointer|
|regIpAddress10_fifo_cap               |   in|     3|     ap_fifo|          regIpAddress10|       pointer|
|regIpAddress10_empty_n                |   in|     1|     ap_fifo|          regIpAddress10|       pointer|
|regIpAddress10_read                   |  out|     1|     ap_fifo|          regIpAddress10|       pointer|
|regIpAddress9_dout                    |   in|    32|     ap_fifo|           regIpAddress9|       pointer|
|regIpAddress9_num_data_valid          |   in|     3|     ap_fifo|           regIpAddress9|       pointer|
|regIpAddress9_fifo_cap                |   in|     3|     ap_fifo|           regIpAddress9|       pointer|
|regIpAddress9_empty_n                 |   in|     1|     ap_fifo|           regIpAddress9|       pointer|
|regIpAddress9_read                    |  out|     1|     ap_fifo|           regIpAddress9|       pointer|
|regIpAddress8_dout                    |   in|    32|     ap_fifo|           regIpAddress8|       pointer|
|regIpAddress8_num_data_valid          |   in|     3|     ap_fifo|           regIpAddress8|       pointer|
|regIpAddress8_fifo_cap                |   in|     3|     ap_fifo|           regIpAddress8|       pointer|
|regIpAddress8_empty_n                 |   in|     1|     ap_fifo|           regIpAddress8|       pointer|
|regIpAddress8_read                    |  out|     1|     ap_fifo|           regIpAddress8|       pointer|
|regIpAddress7_dout                    |   in|    32|     ap_fifo|           regIpAddress7|       pointer|
|regIpAddress7_num_data_valid          |   in|     3|     ap_fifo|           regIpAddress7|       pointer|
|regIpAddress7_fifo_cap                |   in|     3|     ap_fifo|           regIpAddress7|       pointer|
|regIpAddress7_empty_n                 |   in|     1|     ap_fifo|           regIpAddress7|       pointer|
|regIpAddress7_read                    |  out|     1|     ap_fifo|           regIpAddress7|       pointer|
|regIpAddress6_dout                    |   in|    32|     ap_fifo|           regIpAddress6|       pointer|
|regIpAddress6_num_data_valid          |   in|     3|     ap_fifo|           regIpAddress6|       pointer|
|regIpAddress6_fifo_cap                |   in|     3|     ap_fifo|           regIpAddress6|       pointer|
|regIpAddress6_empty_n                 |   in|     1|     ap_fifo|           regIpAddress6|       pointer|
|regIpAddress6_read                    |  out|     1|     ap_fifo|           regIpAddress6|       pointer|
|regIpAddress5_dout                    |   in|    32|     ap_fifo|           regIpAddress5|       pointer|
|regIpAddress5_num_data_valid          |   in|     3|     ap_fifo|           regIpAddress5|       pointer|
|regIpAddress5_fifo_cap                |   in|     3|     ap_fifo|           regIpAddress5|       pointer|
|regIpAddress5_empty_n                 |   in|     1|     ap_fifo|           regIpAddress5|       pointer|
|regIpAddress5_read                    |  out|     1|     ap_fifo|           regIpAddress5|       pointer|
|regIpAddress4_dout                    |   in|    32|     ap_fifo|           regIpAddress4|       pointer|
|regIpAddress4_num_data_valid          |   in|     3|     ap_fifo|           regIpAddress4|       pointer|
|regIpAddress4_fifo_cap                |   in|     3|     ap_fifo|           regIpAddress4|       pointer|
|regIpAddress4_empty_n                 |   in|     1|     ap_fifo|           regIpAddress4|       pointer|
|regIpAddress4_read                    |  out|     1|     ap_fifo|           regIpAddress4|       pointer|
|regIpAddress3_dout                    |   in|    32|     ap_fifo|           regIpAddress3|       pointer|
|regIpAddress3_num_data_valid          |   in|     3|     ap_fifo|           regIpAddress3|       pointer|
|regIpAddress3_fifo_cap                |   in|     3|     ap_fifo|           regIpAddress3|       pointer|
|regIpAddress3_empty_n                 |   in|     1|     ap_fifo|           regIpAddress3|       pointer|
|regIpAddress3_read                    |  out|     1|     ap_fifo|           regIpAddress3|       pointer|
|regIpAddress2_dout                    |   in|    32|     ap_fifo|           regIpAddress2|       pointer|
|regIpAddress2_num_data_valid          |   in|     3|     ap_fifo|           regIpAddress2|       pointer|
|regIpAddress2_fifo_cap                |   in|     3|     ap_fifo|           regIpAddress2|       pointer|
|regIpAddress2_empty_n                 |   in|     1|     ap_fifo|           regIpAddress2|       pointer|
|regIpAddress2_read                    |  out|     1|     ap_fifo|           regIpAddress2|       pointer|
|regIpAddress1_dout                    |   in|    32|     ap_fifo|           regIpAddress1|       pointer|
|regIpAddress1_num_data_valid          |   in|     3|     ap_fifo|           regIpAddress1|       pointer|
|regIpAddress1_fifo_cap                |   in|     3|     ap_fifo|           regIpAddress1|       pointer|
|regIpAddress1_empty_n                 |   in|     1|     ap_fifo|           regIpAddress1|       pointer|
|regIpAddress1_read                    |  out|     1|     ap_fifo|           regIpAddress1|       pointer|
|regIpAddress0_dout                    |   in|    32|     ap_fifo|           regIpAddress0|       pointer|
|regIpAddress0_num_data_valid          |   in|     3|     ap_fifo|           regIpAddress0|       pointer|
|regIpAddress0_fifo_cap                |   in|     3|     ap_fifo|           regIpAddress0|       pointer|
|regIpAddress0_empty_n                 |   in|     1|     ap_fifo|           regIpAddress0|       pointer|
|regIpAddress0_read                    |  out|     1|     ap_fifo|           regIpAddress0|       pointer|
|clientPkgNum_dout                     |   in|    32|     ap_fifo|            clientPkgNum|       pointer|
|clientPkgNum_num_data_valid           |   in|     3|     ap_fifo|            clientPkgNum|       pointer|
|clientPkgNum_fifo_cap                 |   in|     3|     ap_fifo|            clientPkgNum|       pointer|
|clientPkgNum_empty_n                  |   in|     1|     ap_fifo|            clientPkgNum|       pointer|
|clientPkgNum_read                     |  out|     1|     ap_fifo|            clientPkgNum|       pointer|
|expectedRespInKB_dout                 |   in|    16|     ap_fifo|        expectedRespInKB|       pointer|
|expectedRespInKB_num_data_valid       |   in|     3|     ap_fifo|        expectedRespInKB|       pointer|
|expectedRespInKB_fifo_cap             |   in|     3|     ap_fifo|        expectedRespInKB|       pointer|
|expectedRespInKB_empty_n              |   in|     1|     ap_fifo|        expectedRespInKB|       pointer|
|expectedRespInKB_read                 |  out|     1|     ap_fifo|        expectedRespInKB|       pointer|
|regBasePort_dout                      |   in|    16|     ap_fifo|             regBasePort|       pointer|
|regBasePort_num_data_valid            |   in|     3|     ap_fifo|             regBasePort|       pointer|
|regBasePort_fifo_cap                  |   in|     3|     ap_fifo|             regBasePort|       pointer|
|regBasePort_empty_n                   |   in|     1|     ap_fifo|             regBasePort|       pointer|
|regBasePort_read                      |  out|     1|     ap_fifo|             regBasePort|       pointer|
|pkgWordCount_dout                     |   in|    16|     ap_fifo|            pkgWordCount|       pointer|
|pkgWordCount_num_data_valid           |   in|     3|     ap_fifo|            pkgWordCount|       pointer|
|pkgWordCount_fifo_cap                 |   in|     3|     ap_fifo|            pkgWordCount|       pointer|
|pkgWordCount_empty_n                  |   in|     1|     ap_fifo|            pkgWordCount|       pointer|
|pkgWordCount_read                     |  out|     1|     ap_fifo|            pkgWordCount|       pointer|
|useIpAddr_dout                        |   in|    16|     ap_fifo|               useIpAddr|       pointer|
|useIpAddr_num_data_valid              |   in|     3|     ap_fifo|               useIpAddr|       pointer|
|useIpAddr_fifo_cap                    |   in|     3|     ap_fifo|               useIpAddr|       pointer|
|useIpAddr_empty_n                     |   in|     1|     ap_fifo|               useIpAddr|       pointer|
|useIpAddr_read                        |  out|     1|     ap_fifo|               useIpAddr|       pointer|
|useConn_dout                          |   in|    16|     ap_fifo|                 useConn|       pointer|
|useConn_num_data_valid                |   in|     3|     ap_fifo|                 useConn|       pointer|
|useConn_fifo_cap                      |   in|     3|     ap_fifo|                 useConn|       pointer|
|useConn_empty_n                       |   in|     1|     ap_fifo|                 useConn|       pointer|
|useConn_read                          |  out|     1|     ap_fifo|                 useConn|       pointer|
|runExperiment_dout                    |   in|     1|     ap_fifo|           runExperiment|       pointer|
|runExperiment_num_data_valid          |   in|     3|     ap_fifo|           runExperiment|       pointer|
|runExperiment_fifo_cap                |   in|     3|     ap_fifo|           runExperiment|       pointer|
|runExperiment_empty_n                 |   in|     1|     ap_fifo|           runExperiment|       pointer|
|runExperiment_read                    |  out|     1|     ap_fifo|           runExperiment|       pointer|
|txStatusBuffer_dout                   |   in|    96|     ap_fifo|          txStatusBuffer|       pointer|
|txStatusBuffer_num_data_valid         |   in|    10|     ap_fifo|          txStatusBuffer|       pointer|
|txStatusBuffer_fifo_cap               |   in|    10|     ap_fifo|          txStatusBuffer|       pointer|
|txStatusBuffer_empty_n                |   in|     1|     ap_fifo|          txStatusBuffer|       pointer|
|txStatusBuffer_read                   |  out|     1|     ap_fifo|          txStatusBuffer|       pointer|
|openConStatusBuffer_dout              |   in|    32|     ap_fifo|     openConStatusBuffer|       pointer|
|openConStatusBuffer_num_data_valid    |   in|    10|     ap_fifo|     openConStatusBuffer|       pointer|
|openConStatusBuffer_fifo_cap          |   in|    10|     ap_fifo|     openConStatusBuffer|       pointer|
|openConStatusBuffer_empty_n           |   in|     1|     ap_fifo|     openConStatusBuffer|       pointer|
|openConStatusBuffer_read              |  out|     1|     ap_fifo|     openConStatusBuffer|       pointer|
|txMetaDataBuffer_din                  |  out|    32|     ap_fifo|        txMetaDataBuffer|       pointer|
|txMetaDataBuffer_num_data_valid       |   in|    10|     ap_fifo|        txMetaDataBuffer|       pointer|
|txMetaDataBuffer_fifo_cap             |   in|    10|     ap_fifo|        txMetaDataBuffer|       pointer|
|txMetaDataBuffer_full_n               |   in|     1|     ap_fifo|        txMetaDataBuffer|       pointer|
|txMetaDataBuffer_write                |  out|     1|     ap_fifo|        txMetaDataBuffer|       pointer|
|m_axis_tx_data_TREADY                 |   in|     1|        axis|          m_axis_tx_data|       pointer|
|m_axis_tx_data_TDATA                  |  out|  1024|        axis|          m_axis_tx_data|       pointer|
|m_axis_tx_data_TVALID                 |  out|     1|        axis|          m_axis_tx_data|       pointer|
|m_axis_open_connection_TREADY         |   in|     1|        axis|  m_axis_open_connection|       pointer|
|m_axis_open_connection_TDATA          |  out|    64|        axis|  m_axis_open_connection|       pointer|
|m_axis_open_connection_TVALID         |  out|     1|        axis|  m_axis_open_connection|       pointer|
|closeConnectionBuffer_din             |  out|    16|     ap_fifo|   closeConnectionBuffer|       pointer|
|closeConnectionBuffer_num_data_valid  |   in|    10|     ap_fifo|   closeConnectionBuffer|       pointer|
|closeConnectionBuffer_fifo_cap        |   in|    10|     ap_fifo|   closeConnectionBuffer|       pointer|
|closeConnectionBuffer_full_n          |   in|     1|     ap_fifo|   closeConnectionBuffer|       pointer|
|closeConnectionBuffer_write           |  out|     1|     ap_fifo|   closeConnectionBuffer|       pointer|
+--------------------------------------+-----+------+------------+------------------------+--------------+

