

================================================================
== Vitis HLS Report for 'server_512_s'
================================================================
* Date:           Tue Jul 11 09:38:31 2023

* Version:        2022.1 (Build 3526262 on Mon Apr 18 15:47:01 MDT 2022)
* Project:        scatter_prj
* Solution:       solution1 (Vivado IP Flow Target)
* Product family: virtexuplus
* Target device:  xcu280-fsvh2892-2L-e


================================================================
== Performance Estimates
================================================================
+ Timing: 
    * Summary: 
    +--------+---------+----------+------------+
    |  Clock |  Target | Estimated| Uncertainty|
    +--------+---------+----------+------------+
    |ap_clk  |  3.20 ns|  2.124 ns|     0.86 ns|
    +--------+---------+----------+------------+

+ Latency: 
    * Summary: 
    +---------+---------+----------+----------+-----+-----+---------+
    |  Latency (cycles) |  Latency (absolute) |  Interval | Pipeline|
    |   min   |   max   |    min   |    max   | min | max |   Type  |
    +---------+---------+----------+----------+-----+-----+---------+
    |        2|        2|  6.400 ns|  6.400 ns|    1|    1|      yes|
    +---------+---------+----------+----------+-----+-----+---------+

    + Detail: 
        * Instance: 
        N/A

        * Loop: 
        N/A



================================================================
== Utilization Estimates
================================================================
* Summary: 
+---------------------+---------+------+---------+---------+-----+
|         Name        | BRAM_18K|  DSP |    FF   |   LUT   | URAM|
+---------------------+---------+------+---------+---------+-----+
|DSP                  |        -|     -|        -|        -|    -|
|Expression           |        -|     -|        0|      146|    -|
|FIFO                 |        -|     -|        -|        -|    -|
|Instance             |        -|     -|        -|        -|    -|
|Memory               |        -|     -|        -|        -|    -|
|Multiplexer          |        -|     -|        -|      131|    -|
|Register             |        -|     -|       95|        -|    -|
+---------------------+---------+------+---------+---------+-----+
|Total                |        0|     0|       95|      277|    0|
+---------------------+---------+------+---------+---------+-----+
|Available SLR        |     1344|  3008|   869120|   434560|  320|
+---------------------+---------+------+---------+---------+-----+
|Utilization SLR (%)  |        0|     0|       ~0|       ~0|    0|
+---------------------+---------+------+---------+---------+-----+
|Available            |     4032|  9024|  2607360|  1303680|  960|
+---------------------+---------+------+---------+---------+-----+
|Utilization (%)      |        0|     0|       ~0|       ~0|    0|
+---------------------+---------+------+---------+---------+-----+

+ Detail: 
    * Instance: 
    N/A

    * DSP: 
    N/A

    * Memory: 
    N/A

    * FIFO: 
    N/A

    * Expression: 
    +----------------------------------+----------+----+---+----+------------+------------+
    |           Variable Name          | Operation| DSP| FF| LUT| Bitwidth P0| Bitwidth P1|
    +----------------------------------+----------+----+---+----+------------+------------+
    |add_ln886_1_fu_281_p2             |         +|   0|  0|  23|          16|           1|
    |add_ln886_fu_275_p2               |         +|   0|  0|  23|          16|           1|
    |and_ln145_fu_311_p2               |       and|   0|  0|   2|           1|           1|
    |ap_condition_221                  |       and|   0|  0|   2|           1|           1|
    |ap_condition_475                  |       and|   0|  0|   2|           1|           1|
    |ap_condition_476                  |       and|   0|  0|   2|           1|           1|
    |ap_predicate_op21_read_state1     |       and|   0|  0|   2|           1|           1|
    |ap_predicate_op59_read_state1     |       and|   0|  0|   2|           1|           1|
    |ap_predicate_op69_read_state1     |       and|   0|  0|   2|           1|           1|
    |ap_predicate_op77_write_state2    |       and|   0|  0|   2|           1|           1|
    |ap_predicate_op79_write_state3    |       and|   0|  0|   2|           1|           1|
    |grp_nbreadreq_fu_150_p3           |       and|   0|  0|   2|           1|           0|
    |tmp_6_nbreadreq_fu_128_p3         |       and|   0|  0|   2|           1|           0|
    |tmp_9_nbreadreq_fu_142_p3         |       and|   0|  0|   2|           1|           0|
    |tmp_nbreadreq_fu_114_p3           |       and|   0|  0|   2|           1|           0|
    |icmp_ln1065_fu_287_p2             |      icmp|   0|  0|  13|          16|          16|
    |icmp_ln1069_fu_367_p2             |      icmp|   0|  0|  13|          16|           1|
    |ap_block_pp0_stage0_01001         |        or|   0|  0|   2|           1|           1|
    |ap_block_pp0_stage0_11001         |        or|   0|  0|   2|           1|           1|
    |ap_block_state1_pp0_stage0_iter0  |        or|   0|  0|   2|           1|           1|
    |ap_block_state2_io                |        or|   0|  0|   2|           1|           1|
    |ap_block_state3_io                |        or|   0|  0|   2|           1|           1|
    |ap_block_state3_pp0_stage0_iter2  |        or|   0|  0|   2|           1|           1|
    |select_ln400_1_fu_302_p3          |    select|   0|  0|  16|           1|           1|
    |select_ln400_fu_293_p3            |    select|   0|  0|  16|           1|           1|
    |ap_enable_pp0                     |       xor|   0|  0|   2|           1|           2|
    |xor_ln145_fu_317_p2               |       xor|   0|  0|   2|           2|           1|
    +----------------------------------+----------+----+---+----+------------+------------+
    |Total                             |          |   0|  0| 146|          88|          39|
    +----------------------------------+----------+----+---+----+------------+------------+

    * Multiplexer: 
    +------------------------------------------------+----+-----------+-----+-----------+
    |                      Name                      | LUT| Input Size| Bits| Total Bits|
    +------------------------------------------------+----+-----------+-----+-----------+
    |ap_done                                         |   9|          2|    1|          2|
    |ap_phi_mux_currentPort_V_flag_4_phi_fu_187_p12  |  20|          4|    1|          4|
    |ap_phi_mux_currentPort_V_new_4_phi_fu_209_p12   |  20|          4|   16|         64|
    |ap_phi_mux_openedPort_V_new_3_phi_fu_231_p12    |  14|          3|   16|         48|
    |listenState                                     |  14|          3|    2|          6|
    |m_axis_listen_port_TDATA_blk_n                  |   9|          2|    1|          2|
    |m_axis_read_package_TDATA_blk_n                 |   9|          2|    1|          2|
    |s_axis_listen_port_status_TDATA_blk_n           |   9|          2|    1|          2|
    |s_axis_notifications_TDATA_blk_n                |   9|          2|    1|          2|
    |s_axis_rx_data_TDATA_blk_n                      |   9|          2|    1|          2|
    |s_axis_rx_metadata_TDATA_blk_n                  |   9|          2|    1|          2|
    +------------------------------------------------+----+-----------+-----+-----------+
    |Total                                           | 131|         28|   42|        136|
    +------------------------------------------------+----+-----------+-----+-----------+

    * Register: 
    +----------------------------------------+----+----+-----+-----------+
    |                  Name                  | FF | LUT| Bits| Const Bits|
    +----------------------------------------+----+----+-----+-----------+
    |ap_CS_fsm                               |   1|   0|    1|          0|
    |ap_done_reg                             |   1|   0|    1|          0|
    |ap_enable_reg_pp0_iter1                 |   1|   0|    1|          0|
    |ap_enable_reg_pp0_iter2                 |   1|   0|    1|          0|
    |currentPort_V                           |  16|   0|   16|          0|
    |currentPort_V_load_reg_400              |  16|   0|   16|          0|
    |icmp_ln1069_reg_412                     |   1|   0|    1|          0|
    |icmp_ln1069_reg_412_pp0_iter1_reg       |   1|   0|    1|          0|
    |listenState                             |   2|   0|    2|          0|
    |listenState_load_reg_396                |   2|   0|    2|          0|
    |listenState_load_reg_396_pp0_iter1_reg  |   2|   0|    2|          0|
    |openedPort_V                            |  16|   0|   16|          0|
    |serverFsmState                          |   1|   0|    1|          0|
    |tmp_6_reg_408                           |   1|   0|    1|          0|
    |tmp_6_reg_408_pp0_iter1_reg             |   1|   0|    1|          0|
    |trunc_ln174_reg_416                     |  32|   0|   32|          0|
    +----------------------------------------+----+----+-----+-----------+
    |Total                                   |  95|   0|   95|          0|
    +----------------------------------------+----+----+-----+-----------+



================================================================
== Interface
================================================================
* Summary: 
+----------------------------------+-----+------+------------+---------------------------+--------------+
|             RTL Ports            | Dir | Bits |  Protocol  |       Source Object       |    C Type    |
+----------------------------------+-----+------+------------+---------------------------+--------------+
|ap_clk                            |   in|     1|  ap_ctrl_hs|                server<512>|  return value|
|ap_rst                            |   in|     1|  ap_ctrl_hs|                server<512>|  return value|
|ap_start                          |   in|     1|  ap_ctrl_hs|                server<512>|  return value|
|ap_done                           |  out|     1|  ap_ctrl_hs|                server<512>|  return value|
|ap_continue                       |   in|     1|  ap_ctrl_hs|                server<512>|  return value|
|ap_idle                           |  out|     1|  ap_ctrl_hs|                server<512>|  return value|
|ap_ready                          |  out|     1|  ap_ctrl_hs|                server<512>|  return value|
|s_axis_listen_port_status_TVALID  |   in|     1|        axis|  s_axis_listen_port_status|       pointer|
|s_axis_listen_port_status_TDATA   |   in|     8|        axis|  s_axis_listen_port_status|       pointer|
|s_axis_listen_port_status_TREADY  |  out|     1|        axis|  s_axis_listen_port_status|       pointer|
|s_axis_notifications_TVALID       |   in|     1|        axis|       s_axis_notifications|       pointer|
|s_axis_notifications_TDATA        |   in|    96|        axis|       s_axis_notifications|       pointer|
|s_axis_notifications_TREADY       |  out|     1|        axis|       s_axis_notifications|       pointer|
|s_axis_rx_metadata_TVALID         |   in|     1|        axis|         s_axis_rx_metadata|       pointer|
|s_axis_rx_metadata_TDATA          |   in|    16|        axis|         s_axis_rx_metadata|       pointer|
|s_axis_rx_metadata_TREADY         |  out|     1|        axis|         s_axis_rx_metadata|       pointer|
|s_axis_rx_data_TVALID             |   in|     1|        axis|             s_axis_rx_data|       pointer|
|s_axis_rx_data_TDATA              |   in|  1024|        axis|             s_axis_rx_data|       pointer|
|s_axis_rx_data_TREADY             |  out|     1|        axis|             s_axis_rx_data|       pointer|
|m_axis_listen_port_TREADY         |   in|     1|        axis|         m_axis_listen_port|       pointer|
|m_axis_listen_port_TDATA          |  out|    16|        axis|         m_axis_listen_port|       pointer|
|m_axis_listen_port_TVALID         |  out|     1|        axis|         m_axis_listen_port|       pointer|
|m_axis_read_package_TREADY        |   in|     1|        axis|        m_axis_read_package|       pointer|
|m_axis_read_package_TDATA         |  out|    32|        axis|        m_axis_read_package|       pointer|
|m_axis_read_package_TVALID        |  out|     1|        axis|        m_axis_read_package|       pointer|
|runExperiment                     |   in|     1|     ap_none|              runExperiment|        scalar|
|usePort                           |   in|    16|     ap_none|                    usePort|        scalar|
|regBasePort                       |   in|    16|     ap_none|                regBasePort|        scalar|
+----------------------------------+-----+------+------------+---------------------------+--------------+

