

================================================================
== Vitis HLS Report for 'generate_arp_pkg_512_s'
================================================================
* Date:           Tue Jul 11 09:15:09 2023

* Version:        2022.1 (Build 3526262 on Mon Apr 18 15:47:01 MDT 2022)
* Project:        arp_server_subnet_prj
* Solution:       solution1 (Vivado IP Flow Target)
* Product family: virtexuplus
* Target device:  xcu280-fsvh2892-2L-e


================================================================
== Performance Estimates
================================================================
+ Timing: 
    * Summary: 
    +--------+---------+----------+------------+
    |  Clock |  Target | Estimated| Uncertainty|
    +--------+---------+----------+------------+
    |ap_clk  |  3.20 ns|  1.555 ns|     0.86 ns|
    +--------+---------+----------+------------+

+ Latency: 
    * Summary: 
    +---------+---------+----------+----------+-----+-----+---------+
    |  Latency (cycles) |  Latency (absolute) |  Interval | Pipeline|
    |   min   |   max   |    min   |    max   | min | max |   Type  |
    +---------+---------+----------+----------+-----+-----+---------+
    |        2|        2|  6.400 ns|  6.400 ns|    1|    1|      yes|
    +---------+---------+----------+----------+-----+-----+---------+

    + Detail: 
        * Instance: 
        N/A

        * Loop: 
        N/A



================================================================
== Utilization Estimates
================================================================
* Summary: 
+---------------------+---------+------+---------+---------+-----+
|         Name        | BRAM_18K|  DSP |    FF   |   LUT   | URAM|
+---------------------+---------+------+---------+---------+-----+
|DSP                  |        -|     -|        -|        -|    -|
|Expression           |        -|     -|        0|       65|    -|
|FIFO                 |        -|     -|        -|        -|    -|
|Instance             |        -|     -|        -|        -|    -|
|Memory               |        -|     -|        -|        -|    -|
|Multiplexer          |        -|     -|        -|       68|    -|
|Register             |        -|     -|      695|        -|    -|
+---------------------+---------+------+---------+---------+-----+
|Total                |        0|     0|      695|      133|    0|
+---------------------+---------+------+---------+---------+-----+
|Available SLR        |     1344|  3008|   869120|   434560|  320|
+---------------------+---------+------+---------+---------+-----+
|Utilization SLR (%)  |        0|     0|       ~0|       ~0|    0|
+---------------------+---------+------+---------+---------+-----+
|Available            |     4032|  9024|  2607360|  1303680|  960|
+---------------------+---------+------+---------+---------+-----+
|Utilization (%)      |        0|     0|       ~0|       ~0|    0|
+---------------------+---------+------+---------+---------+-----+

+ Detail: 
    * Instance: 
    N/A

    * DSP: 
    N/A

    * Memory: 
    N/A

    * FIFO: 
    N/A

    * Expression: 
    +----------------------------------+----------+----+---+----+------------+------------+
    |           Variable Name          | Operation| DSP| FF| LUT| Bitwidth P0| Bitwidth P1|
    +----------------------------------+----------+----+---+----+------------+------------+
    |add_ln85_fu_344_p2                |         +|   0|  0|  23|          16|           1|
    |ap_block_state2_io                |       and|   0|  0|   2|           1|           1|
    |ap_block_state3_io                |       and|   0|  0|   2|           1|           1|
    |ap_condition_147                  |       and|   0|  0|   2|           1|           1|
    |ap_condition_164                  |       and|   0|  0|   2|           1|           1|
    |ap_predicate_op25_read_state1     |       and|   0|  0|   2|           1|           1|
    |ap_predicate_op34_read_state1     |       and|   0|  0|   2|           1|           1|
    |tmp_4_i_nbreadreq_fu_126_p3       |       and|   0|  0|   2|           1|           0|
    |tmp_i_nbreadreq_fu_118_p3         |       and|   0|  0|   2|           1|           0|
    |icmp_ln82_fu_338_p2               |      icmp|   0|  0|  16|          25|           9|
    |ap_block_pp0_stage0_01001         |        or|   0|  0|   2|           1|           1|
    |ap_block_pp0_stage0_11001         |        or|   0|  0|   2|           1|           1|
    |ap_block_state1_pp0_stage0_iter0  |        or|   0|  0|   2|           1|           1|
    |ap_block_state3_pp0_stage0_iter2  |        or|   0|  0|   2|           1|           1|
    |ap_enable_pp0                     |       xor|   0|  0|   2|           1|           2|
    +----------------------------------+----------+----+---+----+------------+------------+
    |Total                             |          |   0|  0|  65|          54|          22|
    +----------------------------------+----------+----+---+----+------------+------------+

    * Multiplexer: 
    +------------------------------------------------+----+-----------+-----+-----------+
    |                      Name                      | LUT| Input Size| Bits| Total Bits|
    +------------------------------------------------+----+-----------+-----+-----------+
    |ap_done                                         |   9|          2|    1|          2|
    |ap_phi_reg_pp0_iter1_sendWord_data_V_1_reg_153  |  14|          3|  336|       1008|
    |arpReplyMetaFifo_blk_n                          |   9|          2|    1|          2|
    |arpRequestMetaFifo_blk_n                        |   9|          2|    1|          2|
    |header_header_V_1                               |   9|          2|  336|        672|
    |header_idx_1                                    |   9|          2|   16|         32|
    |m_axis_TDATA_blk_n                              |   9|          2|    1|          2|
    +------------------------------------------------+----+-----------+-----+-----------+
    |Total                                           |  68|         15|  692|       1720|
    +------------------------------------------------+----+-----------+-----+-----------+

    * Register: 
    +------------------------------------------------+-----+----+-----+-----------+
    |                      Name                      |  FF | LUT| Bits| Const Bits|
    +------------------------------------------------+-----+----+-----+-----------+
    |ap_CS_fsm                                       |    1|   0|    1|          0|
    |ap_done_reg                                     |    1|   0|    1|          0|
    |ap_enable_reg_pp0_iter1                         |    1|   0|    1|          0|
    |ap_enable_reg_pp0_iter2                         |    1|   0|    1|          0|
    |ap_phi_reg_pp0_iter1_sendWord_data_V_1_reg_153  |  336|   0|  336|          0|
    |gap_state                                       |    1|   0|    1|          0|
    |gap_state_load_reg_391                          |    1|   0|    1|          0|
    |gap_state_load_reg_391_pp0_iter1_reg            |    1|   0|    1|          0|
    |header_header_V_1                               |  336|   0|  336|          0|
    |header_idx_1                                    |   16|   0|   16|          0|
    +------------------------------------------------+-----+----+-----+-----------+
    |Total                                           |  695|   0|  695|          0|
    +------------------------------------------------+-----+----+-----+-----------+



================================================================
== Interface
================================================================
* Summary: 
+-----------------------------------+-----+------+------------+-----------------------+--------------+
|             RTL Ports             | Dir | Bits |  Protocol  |     Source Object     |    C Type    |
+-----------------------------------+-----+------+------------+-----------------------+--------------+
|ap_clk                             |   in|     1|  ap_ctrl_hs|  generate_arp_pkg<512>|  return value|
|ap_rst                             |   in|     1|  ap_ctrl_hs|  generate_arp_pkg<512>|  return value|
|ap_start                           |   in|     1|  ap_ctrl_hs|  generate_arp_pkg<512>|  return value|
|ap_done                            |  out|     1|  ap_ctrl_hs|  generate_arp_pkg<512>|  return value|
|ap_continue                        |   in|     1|  ap_ctrl_hs|  generate_arp_pkg<512>|  return value|
|ap_idle                            |  out|     1|  ap_ctrl_hs|  generate_arp_pkg<512>|  return value|
|ap_ready                           |  out|     1|  ap_ctrl_hs|  generate_arp_pkg<512>|  return value|
|arpRequestMetaFifo_dout            |   in|    32|     ap_fifo|     arpRequestMetaFifo|       pointer|
|arpRequestMetaFifo_num_data_valid  |   in|     3|     ap_fifo|     arpRequestMetaFifo|       pointer|
|arpRequestMetaFifo_fifo_cap        |   in|     3|     ap_fifo|     arpRequestMetaFifo|       pointer|
|arpRequestMetaFifo_empty_n         |   in|     1|     ap_fifo|     arpRequestMetaFifo|       pointer|
|arpRequestMetaFifo_read            |  out|     1|     ap_fifo|     arpRequestMetaFifo|       pointer|
|arpReplyMetaFifo_dout              |   in|   192|     ap_fifo|       arpReplyMetaFifo|       pointer|
|arpReplyMetaFifo_num_data_valid    |   in|     3|     ap_fifo|       arpReplyMetaFifo|       pointer|
|arpReplyMetaFifo_fifo_cap          |   in|     3|     ap_fifo|       arpReplyMetaFifo|       pointer|
|arpReplyMetaFifo_empty_n           |   in|     1|     ap_fifo|       arpReplyMetaFifo|       pointer|
|arpReplyMetaFifo_read              |  out|     1|     ap_fifo|       arpReplyMetaFifo|       pointer|
|m_axis_TREADY                      |   in|     1|        axis|                 m_axis|       pointer|
|m_axis_TDATA                       |  out|  1024|        axis|                 m_axis|       pointer|
|m_axis_TVALID                      |  out|     1|        axis|                 m_axis|       pointer|
|myMacAddress                       |   in|    48|   ap_stable|           myMacAddress|        scalar|
|myIpAddress                        |   in|    32|   ap_stable|            myIpAddress|        scalar|
+-----------------------------------+-----+------+------------+-----------------------+--------------+

