

================================================================
== Vitis HLS Report for 'insert_ethernet_header_512_s'
================================================================
* Date:           Tue Jul 11 09:20:44 2023

* Version:        2022.1 (Build 3526262 on Mon Apr 18 15:47:01 MDT 2022)
* Project:        mac_ip_encode_prj
* Solution:       solution1 (Vivado IP Flow Target)
* Product family: virtexuplus
* Target device:  xcu280-fsvh2892-2L-e


================================================================
== Performance Estimates
================================================================
+ Timing: 
    * Summary: 
    +--------+---------+----------+------------+
    |  Clock |  Target | Estimated| Uncertainty|
    +--------+---------+----------+------------+
    |ap_clk  |  3.20 ns|  1.947 ns|     0.86 ns|
    +--------+---------+----------+------------+

+ Latency: 
    * Summary: 
    +---------+---------+----------+----------+-----+-----+---------+
    |  Latency (cycles) |  Latency (absolute) |  Interval | Pipeline|
    |   min   |   max   |    min   |    max   | min | max |   Type  |
    +---------+---------+----------+----------+-----+-----+---------+
    |        2|        2|  6.400 ns|  6.400 ns|    1|    1|      yes|
    +---------+---------+----------+----------+-----+-----+---------+

    + Detail: 
        * Instance: 
        N/A

        * Loop: 
        N/A



================================================================
== Utilization Estimates
================================================================
* Summary: 
+---------------------+---------+------+---------+---------+-----+
|         Name        | BRAM_18K|  DSP |    FF   |   LUT   | URAM|
+---------------------+---------+------+---------+---------+-----+
|DSP                  |        -|     -|        -|        -|    -|
|Expression           |        -|     -|        0|      745|    -|
|FIFO                 |        -|     -|        -|        -|    -|
|Instance             |        -|     -|        -|        -|    -|
|Memory               |        -|     -|        -|        -|    -|
|Multiplexer          |        -|     -|        -|       59|    -|
|Register             |        -|     -|     1873|        -|    -|
+---------------------+---------+------+---------+---------+-----+
|Total                |        0|     0|     1873|      804|    0|
+---------------------+---------+------+---------+---------+-----+
|Available SLR        |     1344|  3008|   869120|   434560|  320|
+---------------------+---------+------+---------+---------+-----+
|Utilization SLR (%)  |        0|     0|       ~0|       ~0|    0|
+---------------------+---------+------+---------+---------+-----+
|Available            |     4032|  9024|  2607360|  1303680|  960|
+---------------------+---------+------+---------+---------+-----+
|Utilization (%)      |        0|     0|       ~0|       ~0|    0|
+---------------------+---------+------+---------+---------+-----+

+ Detail: 
    * Instance: 
    N/A

    * DSP: 
    N/A

    * Memory: 
    N/A

    * FIFO: 
    N/A

    * Expression: 
    +----------------------------------+----------+----+---+-----+------------+------------+
    |           Variable Name          | Operation| DSP| FF| LUT | Bitwidth P0| Bitwidth P1|
    +----------------------------------+----------+----+---+-----+------------+------------+
    |ap_condition_223                  |       and|   0|  0|    2|           1|           1|
    |ap_condition_379                  |       and|   0|  0|    2|           1|           1|
    |ap_predicate_op21_read_state1     |       and|   0|  0|    2|           1|           1|
    |ap_predicate_op35_read_state1     |       and|   0|  0|    2|           1|           1|
    |ap_predicate_op54_write_state2    |       and|   0|  0|    2|           1|           1|
    |ap_predicate_op55_write_state2    |       and|   0|  0|    2|           1|           1|
    |ap_predicate_op56_write_state3    |       and|   0|  0|    2|           1|           1|
    |ap_predicate_op58_write_state3    |       and|   0|  0|    2|           1|           1|
    |grp_nbreadreq_fu_90_p3            |       and|   0|  0|    2|           1|           0|
    |p_Result_s_fu_247_p2              |       and|   0|  0|  112|         112|         112|
    |tmp_i_nbreadreq_fu_82_p3          |       and|   0|  0|    2|           1|           0|
    |icmp_ln222_fu_129_p2              |      icmp|   0|  0|    8|           2|           3|
    |icmp_ln674_fu_163_p2              |      icmp|   0|  0|   16|          25|           7|
    |icmp_ln82_fu_157_p2               |      icmp|   0|  0|   16|          25|           7|
    |ap_block_pp0_stage0_01001         |        or|   0|  0|    2|           1|           1|
    |ap_block_pp0_stage0_11001         |        or|   0|  0|    2|           1|           1|
    |ap_block_state1_pp0_stage0_iter0  |        or|   0|  0|    2|           1|           1|
    |ap_block_state2_io                |        or|   0|  0|    2|           1|           1|
    |ap_block_state3_io                |        or|   0|  0|    2|           1|           1|
    |ap_block_state3_pp0_stage0_iter2  |        or|   0|  0|    2|           1|           1|
    |currWord_data_V_fu_264_p3         |    select|   0|  0|  428|           1|         512|
    |select_ln250_fu_179_p3            |    select|   0|  0|    3|           1|           1|
    |select_ln674_1_fu_233_p3          |    select|   0|  0|  108|           1|         112|
    |select_ln674_2_fu_240_p3          |    select|   0|  0|   18|           1|          18|
    |select_ln674_fu_222_p3            |    select|   0|  0|    2|           1|           1|
    |ap_enable_pp0                     |       xor|   0|  0|    2|           1|           2|
    +----------------------------------+----------+----+---+-----+------------+------------+
    |Total                             |          |   0|  0|  745|         186|         789|
    +----------------------------------+----------+----+---+-----+------------+------------+

    * Multiplexer: 
    +------------------------------+----+-----------+------+-----------+
    |             Name             | LUT| Input Size| Bits | Total Bits|
    +------------------------------+----+-----------+------+-----------+
    |ap_done                       |   9|          2|     1|          2|
    |dataStreamBuffer4_blk_n       |   9|          2|     1|          2|
    |ge_state                      |   9|          2|     2|          4|
    |headerFifo_blk_n              |   9|          2|     1|          2|
    |m_axis_ip_TDATA_blk_n         |   9|          2|     1|          2|
    |m_axis_ip_TDATA_int_regslice  |  14|          3|  1024|       3072|
    +------------------------------+----+-----------+------+-----------+
    |Total                         |  59|         13|  1030|       3084|
    +------------------------------+----+-----------+------+-----------+

    * Register: 
    +----------------------------------+------+----+------+-----------+
    |               Name               |  FF  | LUT| Bits | Const Bits|
    +----------------------------------+------+----+------+-----------+
    |ap_CS_fsm                         |     1|   0|     1|          0|
    |ap_done_reg                       |     1|   0|     1|          0|
    |ap_enable_reg_pp0_iter1           |     1|   0|     1|          0|
    |ap_enable_reg_pp0_iter2           |     1|   0|     1|          0|
    |dataStreamBuffer4_read_reg_328    |  1024|   0|  1024|          0|
    |ge_state                          |     2|   0|     2|          0|
    |headerFifo_read_reg_294           |   256|   0|   256|          0|
    |icmp_ln222_reg_282                |     1|   0|     1|          0|
    |icmp_ln222_reg_282_pp0_iter1_reg  |     1|   0|     1|          0|
    |icmp_ln674_reg_312                |     1|   0|     1|          0|
    |icmp_ln82_reg_307                 |     1|   0|     1|          0|
    |tmp_64_i_reg_324                  |     1|   0|     1|          0|
    |tmp_64_i_reg_324_pp0_iter1_reg    |     1|   0|     1|          0|
    |tmp_65_i_reg_290                  |     1|   0|     1|          0|
    |tmp_65_i_reg_290_pp0_iter1_reg    |     1|   0|     1|          0|
    |tmp_data_V_1_reg_301              |   512|   0|   512|          0|
    |tmp_i_reg_286                     |     1|   0|     1|          0|
    |tmp_i_reg_286_pp0_iter1_reg       |     1|   0|     1|          0|
    |tmp_reg_319                       |    65|   0|    65|          0|
    +----------------------------------+------+----+------+-----------+
    |Total                             |  1873|   0|  1873|          0|
    +----------------------------------+------+----+------+-----------+



================================================================
== Interface
================================================================
* Summary: 
+----------------------------------+-----+------+------------+-----------------------------+--------------+
|             RTL Ports            | Dir | Bits |  Protocol  |        Source Object        |    C Type    |
+----------------------------------+-----+------+------------+-----------------------------+--------------+
|ap_clk                            |   in|     1|  ap_ctrl_hs|  insert_ethernet_header<512>|  return value|
|ap_rst                            |   in|     1|  ap_ctrl_hs|  insert_ethernet_header<512>|  return value|
|ap_start                          |   in|     1|  ap_ctrl_hs|  insert_ethernet_header<512>|  return value|
|ap_done                           |  out|     1|  ap_ctrl_hs|  insert_ethernet_header<512>|  return value|
|ap_continue                       |   in|     1|  ap_ctrl_hs|  insert_ethernet_header<512>|  return value|
|ap_idle                           |  out|     1|  ap_ctrl_hs|  insert_ethernet_header<512>|  return value|
|ap_ready                          |  out|     1|  ap_ctrl_hs|  insert_ethernet_header<512>|  return value|
|headerFifo_dout                   |   in|   256|     ap_fifo|                   headerFifo|       pointer|
|headerFifo_num_data_valid         |   in|     2|     ap_fifo|                   headerFifo|       pointer|
|headerFifo_fifo_cap               |   in|     2|     ap_fifo|                   headerFifo|       pointer|
|headerFifo_empty_n                |   in|     1|     ap_fifo|                   headerFifo|       pointer|
|headerFifo_read                   |  out|     1|     ap_fifo|                   headerFifo|       pointer|
|dataStreamBuffer4_dout            |   in|  1024|     ap_fifo|            dataStreamBuffer4|       pointer|
|dataStreamBuffer4_num_data_valid  |   in|     2|     ap_fifo|            dataStreamBuffer4|       pointer|
|dataStreamBuffer4_fifo_cap        |   in|     2|     ap_fifo|            dataStreamBuffer4|       pointer|
|dataStreamBuffer4_empty_n         |   in|     1|     ap_fifo|            dataStreamBuffer4|       pointer|
|dataStreamBuffer4_read            |  out|     1|     ap_fifo|            dataStreamBuffer4|       pointer|
|m_axis_ip_TREADY                  |   in|     1|        axis|                    m_axis_ip|       pointer|
|m_axis_ip_TDATA                   |  out|  1024|        axis|                    m_axis_ip|       pointer|
|m_axis_ip_TVALID                  |  out|     1|        axis|                    m_axis_ip|       pointer|
+----------------------------------+-----+------+------------+-----------------------------+--------------+

