

================================================================
== Vitis HLS Report for 'mac_finalize_ipv4_checksum_32_s'
================================================================
* Date:           Tue Jul 11 09:20:42 2023

* Version:        2022.1 (Build 3526262 on Mon Apr 18 15:47:01 MDT 2022)
* Project:        mac_ip_encode_prj
* Solution:       solution1 (Vivado IP Flow Target)
* Product family: virtexuplus
* Target device:  xcu280-fsvh2892-2L-e


================================================================
== Performance Estimates
================================================================
+ Timing: 
    * Summary: 
    +--------+---------+----------+------------+
    |  Clock |  Target | Estimated| Uncertainty|
    +--------+---------+----------+------------+
    |ap_clk  |  3.20 ns|  2.298 ns|     0.86 ns|
    +--------+---------+----------+------------+

+ Latency: 
    * Summary: 
    +---------+---------+-----------+-----------+-----+-----+---------+
    |  Latency (cycles) |   Latency (absolute)  |  Interval | Pipeline|
    |   min   |   max   |    min    |    max    | min | max |   Type  |
    +---------+---------+-----------+-----------+-----+-----+---------+
    |        4|        4|  12.800 ns|  12.800 ns|    1|    1|      yes|
    +---------+---------+-----------+-----------+-----+-----+---------+

    + Detail: 
        * Instance: 
        N/A

        * Loop: 
        N/A



================================================================
== Utilization Estimates
================================================================
* Summary: 
+---------------------+---------+------+---------+---------+-----+
|         Name        | BRAM_18K|  DSP |    FF   |   LUT   | URAM|
+---------------------+---------+------+---------+---------+-----+
|DSP                  |        -|     -|        -|        -|    -|
|Expression           |        -|     -|        0|     2522|    -|
|FIFO                 |        -|     -|        -|        -|    -|
|Instance             |        -|     -|        -|        -|    -|
|Memory               |        -|     -|        -|        -|    -|
|Multiplexer          |        -|     -|        -|       27|    -|
|Register             |        -|     -|     1116|       32|    -|
+---------------------+---------+------+---------+---------+-----+
|Total                |        0|     0|     1116|     2581|    0|
+---------------------+---------+------+---------+---------+-----+
|Available SLR        |     1344|  3008|   869120|   434560|  320|
+---------------------+---------+------+---------+---------+-----+
|Utilization SLR (%)  |        0|     0|       ~0|       ~0|    0|
+---------------------+---------+------+---------+---------+-----+
|Available            |     4032|  9024|  2607360|  1303680|  960|
+---------------------+---------+------+---------+---------+-----+
|Utilization (%)      |        0|     0|       ~0|       ~0|    0|
+---------------------+---------+------+---------+---------+-----+

+ Detail: 
    * Instance: 
    N/A

    * DSP: 
    N/A

    * Memory: 
    N/A

    * FIFO: 
    N/A

    * Expression: 
    +----------------------------------+----------+----+---+----+------------+------------+
    |           Variable Name          | Operation| DSP| FF| LUT| Bitwidth P0| Bitwidth P1|
    +----------------------------------+----------+----+---+----+------------+------------+
    |add_ln232_10_fu_1665_p2           |         +|   0|  0|  16|          16|          16|
    |add_ln232_11_fu_1670_p2           |         +|   0|  0|  16|          16|          16|
    |add_ln232_12_fu_1701_p2           |         +|   0|  0|  16|          16|          16|
    |add_ln232_13_fu_1706_p2           |         +|   0|  0|  16|          16|          16|
    |add_ln232_14_fu_1737_p2           |         +|   0|  0|  16|          16|          16|
    |add_ln232_15_fu_1742_p2           |         +|   0|  0|  16|          16|          16|
    |add_ln232_16_fu_1773_p2           |         +|   0|  0|  16|          16|          16|
    |add_ln232_17_fu_1778_p2           |         +|   0|  0|  16|          16|          16|
    |add_ln232_18_fu_1809_p2           |         +|   0|  0|  16|          16|          16|
    |add_ln232_19_fu_1814_p2           |         +|   0|  0|  16|          16|          16|
    |add_ln232_1_fu_1490_p2            |         +|   0|  0|  16|          16|          16|
    |add_ln232_20_fu_1845_p2           |         +|   0|  0|  16|          16|          16|
    |add_ln232_21_fu_1850_p2           |         +|   0|  0|  16|          16|          16|
    |add_ln232_22_fu_1881_p2           |         +|   0|  0|  16|          16|          16|
    |add_ln232_23_fu_1886_p2           |         +|   0|  0|  16|          16|          16|
    |add_ln232_24_fu_1917_p2           |         +|   0|  0|  16|          16|          16|
    |add_ln232_25_fu_1922_p2           |         +|   0|  0|  16|          16|          16|
    |add_ln232_26_fu_1953_p2           |         +|   0|  0|  16|          16|          16|
    |add_ln232_27_fu_1958_p2           |         +|   0|  0|  16|          16|          16|
    |add_ln232_28_fu_1989_p2           |         +|   0|  0|  16|          16|          16|
    |add_ln232_29_fu_1994_p2           |         +|   0|  0|  16|          16|          16|
    |add_ln232_2_fu_1521_p2            |         +|   0|  0|  16|          16|          16|
    |add_ln232_30_fu_2025_p2           |         +|   0|  0|  16|          16|          16|
    |add_ln232_31_fu_2030_p2           |         +|   0|  0|  16|          16|          16|
    |add_ln232_32_fu_2097_p2           |         +|   0|  0|  16|          16|          16|
    |add_ln232_33_fu_2103_p2           |         +|   0|  0|  16|          16|          16|
    |add_ln232_34_fu_2161_p2           |         +|   0|  0|  16|          16|          16|
    |add_ln232_35_fu_2167_p2           |         +|   0|  0|  16|          16|          16|
    |add_ln232_36_fu_2225_p2           |         +|   0|  0|  16|          16|          16|
    |add_ln232_37_fu_2231_p2           |         +|   0|  0|  16|          16|          16|
    |add_ln232_38_fu_2289_p2           |         +|   0|  0|  16|          16|          16|
    |add_ln232_39_fu_2295_p2           |         +|   0|  0|  16|          16|          16|
    |add_ln232_3_fu_1526_p2            |         +|   0|  0|  16|          16|          16|
    |add_ln232_40_fu_2359_p2           |         +|   0|  0|  16|          16|          16|
    |add_ln232_41_fu_2413_p2           |         +|   0|  0|  16|          16|          16|
    |add_ln232_42_fu_2467_p2           |         +|   0|  0|  16|          16|          16|
    |add_ln232_43_fu_2521_p2           |         +|   0|  0|  16|          16|          16|
    |add_ln232_44_fu_2625_p2           |         +|   0|  0|  16|          16|          16|
    |add_ln232_45_fu_2665_p2           |         +|   0|  0|  16|          16|          16|
    |add_ln232_46_fu_2705_p2           |         +|   0|  0|  16|          16|          16|
    |add_ln232_47_fu_2745_p2           |         +|   0|  0|  16|          16|          16|
    |add_ln232_48_fu_2792_p2           |         +|   0|  0|  16|          16|          16|
    |add_ln232_49_fu_2818_p2           |         +|   0|  0|  16|          16|          16|
    |add_ln232_4_fu_1557_p2            |         +|   0|  0|  16|          16|          16|
    |add_ln232_50_fu_2849_p2           |         +|   0|  0|  16|          16|          16|
    |add_ln232_51_fu_2353_p2           |         +|   0|  0|  16|          16|          16|
    |add_ln232_52_fu_2407_p2           |         +|   0|  0|  16|          16|          16|
    |add_ln232_53_fu_2461_p2           |         +|   0|  0|  16|          16|          16|
    |add_ln232_54_fu_2515_p2           |         +|   0|  0|  16|          16|          16|
    |add_ln232_55_fu_2620_p2           |         +|   0|  0|  16|          16|          16|
    |add_ln232_56_fu_2660_p2           |         +|   0|  0|  16|          16|          16|
    |add_ln232_57_fu_2700_p2           |         +|   0|  0|  16|          16|          16|
    |add_ln232_58_fu_2740_p2           |         +|   0|  0|  16|          16|          16|
    |add_ln232_59_fu_2787_p2           |         +|   0|  0|  16|          16|          16|
    |add_ln232_5_fu_1562_p2            |         +|   0|  0|  16|          16|          16|
    |add_ln232_60_fu_2813_p2           |         +|   0|  0|  16|          16|          16|
    |add_ln232_61_fu_2844_p2           |         +|   0|  0|  16|          16|          16|
    |add_ln232_6_fu_1593_p2            |         +|   0|  0|  16|          16|          16|
    |add_ln232_7_fu_1598_p2            |         +|   0|  0|  16|          16|          16|
    |add_ln232_8_fu_1629_p2            |         +|   0|  0|  16|          16|          16|
    |add_ln232_9_fu_1634_p2            |         +|   0|  0|  16|          16|          16|
    |add_ln232_fu_1485_p2              |         +|   0|  0|  16|          16|          16|
    |add_ln553_10_fu_1860_p2           |         +|   0|  0|  19|           8|           8|
    |add_ln553_11_fu_1896_p2           |         +|   0|  0|  19|           8|           8|
    |add_ln553_12_fu_1932_p2           |         +|   0|  0|  19|           8|           8|
    |add_ln553_13_fu_1968_p2           |         +|   0|  0|  19|           8|           8|
    |add_ln553_14_fu_2004_p2           |         +|   0|  0|  19|           8|           8|
    |add_ln553_15_fu_2040_p2           |         +|   0|  0|  19|           8|           8|
    |add_ln553_16_fu_1495_p2           |         +|   0|  0|  19|           8|           8|
    |add_ln553_17_fu_1531_p2           |         +|   0|  0|  19|           8|           8|
    |add_ln553_18_fu_1567_p2           |         +|   0|  0|  19|           8|           8|
    |add_ln553_19_fu_1603_p2           |         +|   0|  0|  19|           8|           8|
    |add_ln553_1_fu_1536_p2            |         +|   0|  0|  19|           8|           8|
    |add_ln553_20_fu_1639_p2           |         +|   0|  0|  19|           8|           8|
    |add_ln553_21_fu_1675_p2           |         +|   0|  0|  19|           8|           8|
    |add_ln553_22_fu_1711_p2           |         +|   0|  0|  19|           8|           8|
    |add_ln553_23_fu_1747_p2           |         +|   0|  0|  19|           8|           8|
    |add_ln553_24_fu_1783_p2           |         +|   0|  0|  19|           8|           8|
    |add_ln553_25_fu_1819_p2           |         +|   0|  0|  19|           8|           8|
    |add_ln553_26_fu_1855_p2           |         +|   0|  0|  19|           8|           8|
    |add_ln553_27_fu_1891_p2           |         +|   0|  0|  19|           8|           8|
    |add_ln553_28_fu_1927_p2           |         +|   0|  0|  19|           8|           8|
    |add_ln553_29_fu_1963_p2           |         +|   0|  0|  19|           8|           8|
    |add_ln553_2_fu_1572_p2            |         +|   0|  0|  19|           8|           8|
    |add_ln553_30_fu_1999_p2           |         +|   0|  0|  19|           8|           8|
    |add_ln553_31_fu_2035_p2           |         +|   0|  0|  19|           8|           8|
    |add_ln553_3_fu_1608_p2            |         +|   0|  0|  19|           8|           8|
    |add_ln553_4_fu_1644_p2            |         +|   0|  0|  19|           8|           8|
    |add_ln553_5_fu_1680_p2            |         +|   0|  0|  19|           8|           8|
    |add_ln553_6_fu_1716_p2            |         +|   0|  0|  19|           8|           8|
    |add_ln553_7_fu_1752_p2            |         +|   0|  0|  19|           8|           8|
    |add_ln553_8_fu_1788_p2            |         +|   0|  0|  19|           8|           8|
    |add_ln553_9_fu_1824_p2            |         +|   0|  0|  19|           8|           8|
    |add_ln553_fu_1500_p2              |         +|   0|  0|  19|           8|           8|
    |add_ln563_1_fu_2548_p2            |         +|   0|  0|  19|           8|           8|
    |add_ln563_2_fu_2561_p2            |         +|   0|  0|  19|           8|           8|
    |add_ln563_3_fu_2574_p2            |         +|   0|  0|  19|           8|           8|
    |add_ln563_4_fu_2530_p2            |         +|   0|  0|  19|           8|           8|
    |add_ln563_5_fu_2543_p2            |         +|   0|  0|  19|           8|           8|
    |add_ln563_6_fu_2556_p2            |         +|   0|  0|  19|           8|           8|
    |add_ln563_7_fu_2569_p2            |         +|   0|  0|  19|           8|           8|
    |add_ln563_fu_2535_p2              |         +|   0|  0|  19|           8|           8|
    |add_ln886_10_fu_1195_p2           |         +|   0|  0|  24|          17|          17|
    |add_ln886_11_fu_1249_p2           |         +|   0|  0|  24|          17|          17|
    |add_ln886_12_fu_1303_p2           |         +|   0|  0|  24|          17|          17|
    |add_ln886_13_fu_1357_p2           |         +|   0|  0|  24|          17|          17|
    |add_ln886_14_fu_1411_p2           |         +|   0|  0|  24|          17|          17|
    |add_ln886_15_fu_1465_p2           |         +|   0|  0|  24|          17|          17|
    |add_ln886_16_fu_2079_p2           |         +|   0|  0|  24|          17|          17|
    |add_ln886_17_fu_2143_p2           |         +|   0|  0|  24|          17|          17|
    |add_ln886_18_fu_2207_p2           |         +|   0|  0|  24|          17|          17|
    |add_ln886_19_fu_2271_p2           |         +|   0|  0|  24|          17|          17|
    |add_ln886_1_fu_709_p2             |         +|   0|  0|  24|          17|          17|
    |add_ln886_20_fu_2335_p2           |         +|   0|  0|  24|          17|          17|
    |add_ln886_21_fu_2389_p2           |         +|   0|  0|  24|          17|          17|
    |add_ln886_22_fu_2443_p2           |         +|   0|  0|  24|          17|          17|
    |add_ln886_23_fu_2497_p2           |         +|   0|  0|  24|          17|          17|
    |add_ln886_24_fu_2602_p2           |         +|   0|  0|  24|          17|          17|
    |add_ln886_25_fu_2642_p2           |         +|   0|  0|  24|          17|          17|
    |add_ln886_26_fu_2682_p2           |         +|   0|  0|  24|          17|          17|
    |add_ln886_27_fu_2722_p2           |         +|   0|  0|  24|          17|          17|
    |add_ln886_28_fu_2763_p2           |         +|   0|  0|  24|          17|          17|
    |add_ln886_29_fu_2769_p2           |         +|   0|  0|  24|          17|          17|
    |add_ln886_2_fu_763_p2             |         +|   0|  0|  24|          17|          17|
    |add_ln886_30_fu_2827_p2           |         +|   0|  0|  24|          17|          17|
    |add_ln886_3_fu_817_p2             |         +|   0|  0|  24|          17|          17|
    |add_ln886_4_fu_871_p2             |         +|   0|  0|  24|          17|          17|
    |add_ln886_5_fu_925_p2             |         +|   0|  0|  24|          17|          17|
    |add_ln886_6_fu_979_p2             |         +|   0|  0|  24|          17|          17|
    |add_ln886_7_fu_1033_p2            |         +|   0|  0|  24|          17|          17|
    |add_ln886_8_fu_1087_p2            |         +|   0|  0|  24|          17|          17|
    |add_ln886_9_fu_1141_p2            |         +|   0|  0|  24|          17|          17|
    |add_ln886_fu_655_p2               |         +|   0|  0|  24|          17|          17|
    |ap_block_state5_pp0_stage0_iter4  |       and|   0|  0|   2|           1|           1|
    |tmp_i_nbreadreq_fu_292_p3         |       and|   0|  0|   2|           1|           0|
    |ap_block_pp0_stage0_01001         |        or|   0|  0|   2|           1|           1|
    |ap_block_state1_pp0_stage0_iter0  |        or|   0|  0|   2|           1|           1|
    |ap_enable_pp0                     |       xor|   0|  0|   2|           1|           2|
    |checksumFifo_din                  |       xor|   0|  0|  16|           2|          16|
    +----------------------------------+----------+----+---+----+------------+------------+
    |Total                             |          |   0|  0|2522|        1846|        1860|
    +----------------------------------+----------+----+---+----+------------+------------+

    * Multiplexer: 
    +--------------------+----+-----------+-----+-----------+
    |        Name        | LUT| Input Size| Bits| Total Bits|
    +--------------------+----+-----------+-----+-----------+
    |ap_done             |   9|          2|    1|          2|
    |checksumFifo_blk_n  |   9|          2|    1|          2|
    |subSumFifo_blk_n    |   9|          2|    1|          2|
    +--------------------+----+-----------+-----+-----------+
    |Total               |  27|          6|    3|          6|
    +--------------------+----+-----------+-----+-----------+

    * Register: 
    +----------------------------+----+----+-----+-----------+
    |            Name            | FF | LUT| Bits| Const Bits|
    +----------------------------+----+----+-----+-----------+
    |add_ln232_40_reg_3361       |  16|   0|   16|          0|
    |add_ln232_41_reg_3367       |  16|   0|   16|          0|
    |add_ln232_42_reg_3373       |  16|   0|   16|          0|
    |add_ln232_43_reg_3379       |  16|   0|   16|          0|
    |add_ln232_44_reg_3385       |  16|   0|   16|          0|
    |add_ln232_45_reg_3391       |  16|   0|   16|          0|
    |add_ln232_46_reg_3397       |  16|   0|   16|          0|
    |add_ln232_47_reg_3403       |  16|   0|   16|          0|
    |add_ln232_48_reg_3409       |  16|   0|   16|          0|
    |add_ln232_49_reg_3414       |  16|   0|   16|          0|
    |add_ln553_10_reg_3311       |   8|   0|    8|          0|
    |add_ln553_11_reg_3316       |   8|   0|    8|          0|
    |add_ln553_1_reg_3286        |   8|   0|    8|          0|
    |add_ln553_2_reg_3291        |   8|   0|    8|          0|
    |add_ln553_3_reg_3296        |   8|   0|    8|          0|
    |add_ln553_8_reg_3301        |   8|   0|    8|          0|
    |add_ln553_9_reg_3306        |   8|   0|    8|          0|
    |add_ln553_reg_3281          |   8|   0|    8|          0|
    |ap_CS_fsm                   |   1|   0|    1|          0|
    |ap_done_reg                 |   1|   0|    1|          0|
    |ap_enable_reg_pp0_iter1     |   1|   0|    1|          0|
    |ap_enable_reg_pp0_iter2     |   1|   0|    1|          0|
    |ap_enable_reg_pp0_iter3     |   1|   0|    1|          0|
    |ap_enable_reg_pp0_iter4     |   1|   0|    1|          0|
    |tmp_10_reg_3089             |  16|   0|   16|          0|
    |tmp_11_reg_3094             |  16|   0|   16|          0|
    |tmp_12_reg_3099             |   1|   0|    1|          0|
    |tmp_13_reg_3105             |  16|   0|   16|          0|
    |tmp_14_reg_3110             |  16|   0|   16|          0|
    |tmp_15_reg_3115             |   1|   0|    1|          0|
    |tmp_16_reg_3121             |  16|   0|   16|          0|
    |tmp_17_reg_3126             |  16|   0|   16|          0|
    |tmp_18_reg_3131             |   1|   0|    1|          0|
    |tmp_19_reg_3137             |  16|   0|   16|          0|
    |tmp_1_reg_3026              |  16|   0|   16|          0|
    |tmp_20_reg_3142             |  16|   0|   16|          0|
    |tmp_21_reg_3147             |   1|   0|    1|          0|
    |tmp_22_reg_3153             |  16|   0|   16|          0|
    |tmp_23_reg_3158             |  16|   0|   16|          0|
    |tmp_24_reg_3163             |   1|   0|    1|          0|
    |tmp_25_reg_3169             |  16|   0|   16|          0|
    |tmp_26_reg_3174             |  16|   0|   16|          0|
    |tmp_27_i_reg_3005           |   8|   0|    8|          0|
    |tmp_27_reg_3179             |   1|   0|    1|          0|
    |tmp_28_reg_3185             |  16|   0|   16|          0|
    |tmp_29_i_reg_3031           |   8|   0|    8|          0|
    |tmp_29_reg_3190             |  16|   0|   16|          0|
    |tmp_2_reg_3036              |  16|   0|   16|          0|
    |tmp_30_reg_3195             |   1|   0|    1|          0|
    |tmp_31_reg_3201             |  16|   0|   16|          0|
    |tmp_32_i_reg_3052           |   8|   0|    8|          0|
    |tmp_32_reg_3206             |  16|   0|   16|          0|
    |tmp_33_reg_3211             |   1|   0|    1|          0|
    |tmp_34_i_reg_3073           |   8|   0|    8|          0|
    |tmp_34_reg_3217             |  16|   0|   16|          0|
    |tmp_35_reg_3222             |  16|   0|   16|          0|
    |tmp_36_reg_3227             |   1|   0|    1|          0|
    |tmp_37_reg_3233             |  16|   0|   16|          0|
    |tmp_38_reg_3238             |  16|   0|   16|          0|
    |tmp_39_reg_3243             |   1|   0|    1|          0|
    |tmp_3_reg_3041              |   1|   0|    1|          0|
    |tmp_40_reg_3249             |  16|   0|   16|          0|
    |tmp_41_reg_3254             |  16|   0|   16|          0|
    |tmp_42_reg_3259             |   1|   0|    1|          0|
    |tmp_43_reg_3265             |  16|   0|   16|          0|
    |tmp_44_reg_3270             |  16|   0|   16|          0|
    |tmp_45_reg_3275             |   1|   0|    1|          0|
    |tmp_46_reg_3321             |   1|   0|    1|          0|
    |tmp_47_reg_3331             |   1|   0|    1|          0|
    |tmp_48_reg_3341             |   1|   0|    1|          0|
    |tmp_49_reg_3351             |   1|   0|    1|          0|
    |tmp_4_reg_3047              |  16|   0|   16|          0|
    |tmp_5_reg_3057              |  16|   0|   16|          0|
    |tmp_60_reg_3419             |   1|   0|    1|          0|
    |tmp_6_reg_3062              |   1|   0|    1|          0|
    |tmp_7_reg_3068              |  16|   0|   16|          0|
    |tmp_8_reg_3078              |  16|   0|   16|          0|
    |tmp_9_reg_3083              |   1|   0|    1|          0|
    |tmp_i_reg_2861              |   1|   0|    1|          0|
    |tmp_reg_3020                |   1|   0|    1|          0|
    |tmp_s_reg_3015              |  16|   0|   16|          0|
    |trunc_ln145_10_i7_reg_2890  |   8|   0|    8|          0|
    |trunc_ln145_12_i8_reg_2895  |   8|   0|    8|          0|
    |trunc_ln145_14_i9_reg_2900  |   8|   0|    8|          0|
    |trunc_ln145_16_i_reg_2905   |   8|   0|    8|          0|
    |trunc_ln145_18_i_reg_2910   |   8|   0|    8|          0|
    |trunc_ln145_1_i2_reg_2865   |   8|   0|    8|          0|
    |trunc_ln145_20_i_reg_2915   |   8|   0|    8|          0|
    |trunc_ln145_22_i_reg_2920   |   8|   0|    8|          0|
    |trunc_ln145_24_i_reg_2925   |   8|   0|    8|          0|
    |trunc_ln145_26_i_reg_2930   |   8|   0|    8|          0|
    |trunc_ln145_28_i_reg_2935   |   8|   0|    8|          0|
    |trunc_ln145_30_i_reg_2940   |   8|   0|    8|          0|
    |trunc_ln145_32_i_reg_2945   |   8|   0|    8|          0|
    |trunc_ln145_34_i_reg_2950   |   8|   0|    8|          0|
    |trunc_ln145_36_i_reg_2955   |   8|   0|    8|          0|
    |trunc_ln145_38_i_reg_2960   |   8|   0|    8|          0|
    |trunc_ln145_40_i_reg_2965   |   8|   0|    8|          0|
    |trunc_ln145_42_i_reg_2970   |   8|   0|    8|          0|
    |trunc_ln145_44_i_reg_2975   |   8|   0|    8|          0|
    |trunc_ln145_46_i_reg_2980   |   8|   0|    8|          0|
    |trunc_ln145_48_i_reg_2985   |   8|   0|    8|          0|
    |trunc_ln145_4_i3_reg_2870   |   8|   0|    8|          0|
    |trunc_ln145_50_i_reg_2990   |   8|   0|    8|          0|
    |trunc_ln145_52_i_reg_2995   |   8|   0|    8|          0|
    |trunc_ln145_7_i4_reg_2875   |   8|   0|    8|          0|
    |trunc_ln145_8_i6_reg_2885   |   8|   0|    8|          0|
    |trunc_ln145_i5_reg_2880     |   8|   0|    8|          0|
    |trunc_ln4_reg_3326          |   8|   0|    8|          0|
    |trunc_ln563_1_reg_3336      |   8|   0|    8|          0|
    |trunc_ln563_2_reg_3346      |   8|   0|    8|          0|
    |trunc_ln563_3_reg_3356      |   8|   0|    8|          0|
    |trunc_ln886_1_reg_3010      |  16|   0|   16|          0|
    |trunc_ln886_reg_3000        |   8|   0|    8|          0|
    |tmp_i_reg_2861              |  64|  32|    1|          0|
    +----------------------------+----+----+-----+-----------+
    |Total                       |1116|  32| 1053|          0|
    +----------------------------+----+----+-----+-----------+



================================================================
== Interface
================================================================
* Summary: 
+-----------------------------+-----+------+------------+--------------------------------+--------------+
|          RTL Ports          | Dir | Bits |  Protocol  |          Source Object         |    C Type    |
+-----------------------------+-----+------+------------+--------------------------------+--------------+
|ap_clk                       |   in|     1|  ap_ctrl_hs|  mac_finalize_ipv4_checksum<32>|  return value|
|ap_rst                       |   in|     1|  ap_ctrl_hs|  mac_finalize_ipv4_checksum<32>|  return value|
|ap_start                     |   in|     1|  ap_ctrl_hs|  mac_finalize_ipv4_checksum<32>|  return value|
|ap_done                      |  out|     1|  ap_ctrl_hs|  mac_finalize_ipv4_checksum<32>|  return value|
|ap_continue                  |   in|     1|  ap_ctrl_hs|  mac_finalize_ipv4_checksum<32>|  return value|
|ap_idle                      |  out|     1|  ap_ctrl_hs|  mac_finalize_ipv4_checksum<32>|  return value|
|ap_ready                     |  out|     1|  ap_ctrl_hs|  mac_finalize_ipv4_checksum<32>|  return value|
|subSumFifo_dout              |   in|  1024|     ap_fifo|                      subSumFifo|       pointer|
|subSumFifo_num_data_valid    |   in|     2|     ap_fifo|                      subSumFifo|       pointer|
|subSumFifo_fifo_cap          |   in|     2|     ap_fifo|                      subSumFifo|       pointer|
|subSumFifo_empty_n           |   in|     1|     ap_fifo|                      subSumFifo|       pointer|
|subSumFifo_read              |  out|     1|     ap_fifo|                      subSumFifo|       pointer|
|checksumFifo_din             |  out|    16|     ap_fifo|                    checksumFifo|       pointer|
|checksumFifo_num_data_valid  |   in|     5|     ap_fifo|                    checksumFifo|       pointer|
|checksumFifo_fifo_cap        |   in|     5|     ap_fifo|                    checksumFifo|       pointer|
|checksumFifo_full_n          |   in|     1|     ap_fifo|                    checksumFifo|       pointer|
|checksumFifo_write           |  out|     1|     ap_fifo|                    checksumFifo|       pointer|
+-----------------------------+-----+------+------------+--------------------------------+--------------+

