

================================================================
== Vitis HLS Report for 'arp_table'
================================================================
* Date:           Tue Jul 11 09:15:07 2023

* Version:        2022.1 (Build 3526262 on Mon Apr 18 15:47:01 MDT 2022)
* Project:        arp_server_subnet_prj
* Solution:       solution1 (Vivado IP Flow Target)
* Product family: virtexuplus
* Target device:  xcu280-fsvh2892-2L-e


================================================================
== Performance Estimates
================================================================
+ Timing: 
    * Summary: 
    +--------+---------+----------+------------+
    |  Clock |  Target | Estimated| Uncertainty|
    +--------+---------+----------+------------+
    |ap_clk  |  3.20 ns|  2.188 ns|     0.86 ns|
    +--------+---------+----------+------------+

+ Latency: 
    * Summary: 
    +---------+---------+----------+----------+-----+-----+---------+
    |  Latency (cycles) |  Latency (absolute) |  Interval | Pipeline|
    |   min   |   max   |    min   |    max   | min | max |   Type  |
    +---------+---------+----------+----------+-----+-----+---------+
    |        2|        2|  6.400 ns|  6.400 ns|    1|    1|      yes|
    +---------+---------+----------+----------+-----+-----+---------+

    + Detail: 
        * Instance: 
        N/A

        * Loop: 
        N/A

============================================================
+ Verbose Summary: Synthesis Manager
============================================================
InlineROM: 1
ExposeGlobal: 0
============================================================
+ Verbose Summary: CDFG Model
============================================================
IsTopModel: 0
ResetActiveHigh: 1
IsCombinational: 2
IsDatapathOnly: 0
HasWiredReturn: 1
HasMFsm: 2
HasVarLatency: 0
IsPipeline: 1
IsRtlPipelined: 1
IsInstanceOverlapped: 0
IsDontTouch: 0
HasImplIP: 0
IsGatedGlobalClock: 0

+ Individual pipeline summary: 
  * Pipeline-0: initiation interval (II) = 1, depth = 3


============================================================
+ Verbose Summary: Schedule
============================================================
* Number of FSM states : 3
* Pipeline : 1
  Pipeline-0 : II = 1, D = 3, States = { 1 2 3 }
* Dataflow Pipeline: 0

* FSM state transitions: 
1 --> 2 
2 --> 3 
3 --> 

* FSM state operations: 

State 1 <SV = 0> <Delay = 2.18>
ST_1 : Operation 4 [1/1] (0.00ns)   --->   "%specinterface_ln0 = specinterface void @_ssdm_op_SpecInterface, i32 %arpRequestMetaFifo, void @empty_4, i32 0, i32 0, void @empty_1, i32 0, i32 0, void @empty_1, void @empty_1, void @empty_1, i32 0, i32 0, i32 0, i32 0, void @empty_1, void @empty_1, i32 4294967295, i32 0"   --->   Operation 4 'specinterface' 'specinterface_ln0' <Predicate = true> <Delay = 0.00>
ST_1 : Operation 5 [1/1] (0.00ns)   --->   "%specinterface_ln0 = specinterface void @_ssdm_op_SpecInterface, i32 %arpRequestMetaFifo, void @empty_4, i32 0, i32 0, void @empty_1, i32 0, i32 0, void @empty_1, void @empty_1, void @empty_1, i32 0, i32 0, i32 0, i32 0, void @empty_1, void @empty_1, i32 4294967295, i32 0"   --->   Operation 5 'specinterface' 'specinterface_ln0' <Predicate = true> <Delay = 0.00>
ST_1 : Operation 6 [1/1] (0.00ns)   --->   "%specinterface_ln0 = specinterface void @_ssdm_op_SpecInterface, i32 %arpRequestMetaFifo, void @empty_4, i32 0, i32 0, void @empty_1, i32 0, i32 0, void @empty_1, void @empty_1, void @empty_1, i32 0, i32 0, i32 0, i32 0, void @empty_1, void @empty_1, i32 4294967295, i32 0"   --->   Operation 6 'specinterface' 'specinterface_ln0' <Predicate = true> <Delay = 0.00>
ST_1 : Operation 7 [1/1] (0.00ns)   --->   "%specinterface_ln0 = specinterface void @_ssdm_op_SpecInterface, i192 %arpTableInsertFifo, void @empty_4, i32 0, i32 0, void @empty_1, i32 0, i32 0, void @empty_1, void @empty_1, void @empty_1, i32 0, i32 0, i32 0, i32 0, void @empty_1, void @empty_1, i32 4294967295, i32 0"   --->   Operation 7 'specinterface' 'specinterface_ln0' <Predicate = true> <Delay = 0.00>
ST_1 : Operation 8 [1/1] (0.00ns)   --->   "%specinterface_ln0 = specinterface void @_ssdm_op_SpecInterface, i192 %arpTableInsertFifo, void @empty_4, i32 0, i32 0, void @empty_1, i32 0, i32 0, void @empty_1, void @empty_1, void @empty_1, i32 0, i32 0, i32 0, i32 0, void @empty_1, void @empty_1, i32 4294967295, i32 0"   --->   Operation 8 'specinterface' 'specinterface_ln0' <Predicate = true> <Delay = 0.00>
ST_1 : Operation 9 [1/1] (0.00ns)   --->   "%specinterface_ln0 = specinterface void @_ssdm_op_SpecInterface, i192 %arpTableInsertFifo, void @empty_4, i32 0, i32 0, void @empty_1, i32 0, i32 0, void @empty_1, void @empty_1, void @empty_1, i32 0, i32 0, i32 0, i32 0, void @empty_1, void @empty_1, i32 4294967295, i32 0"   --->   Operation 9 'specinterface' 'specinterface_ln0' <Predicate = true> <Delay = 0.00>
ST_1 : Operation 10 [1/1] (0.00ns)   --->   "%specinterface_ln0 = specinterface void @_ssdm_op_SpecInterface, i32 %arpRequestMetaFifo, void @empty_4, i32 0, i32 0, void @empty_1, i32 0, i32 0, void @empty_1, void @empty_1, void @empty_1, i32 0, i32 0, i32 0, i32 0, void @empty_1, void @empty_1, i32 4294967295, i32 0"   --->   Operation 10 'specinterface' 'specinterface_ln0' <Predicate = true> <Delay = 0.00>
ST_1 : Operation 11 [1/1] (0.00ns)   --->   "%specinterface_ln0 = specinterface void @_ssdm_op_SpecInterface, i192 %arpTableInsertFifo, void @empty_4, i32 0, i32 0, void @empty_1, i32 0, i32 0, void @empty_1, void @empty_1, void @empty_1, i32 0, i32 0, i32 0, i32 0, void @empty_1, void @empty_1, i32 4294967295, i32 0"   --->   Operation 11 'specinterface' 'specinterface_ln0' <Predicate = true> <Delay = 0.00>
ST_1 : Operation 12 [1/1] (0.00ns)   --->   "%specinterface_ln0 = specinterface void @_ssdm_op_SpecInterface, i128 %m_axis_host_arp_lookup_reply, void @empty, i32 1, i32 1, void @empty_0, i32 0, i32 0, void @empty_1, void @empty_1, void @empty_1, i32 0, i32 0, i32 0, i32 0, void @empty_1, void @empty_1, i32 4294967295, i32 0"   --->   Operation 12 'specinterface' 'specinterface_ln0' <Predicate = true> <Delay = 0.00>
ST_1 : Operation 13 [1/1] (0.00ns)   --->   "%specinterface_ln0 = specinterface void @_ssdm_op_SpecInterface, i128 %m_axis_arp_lookup_reply, void @empty, i32 1, i32 1, void @empty_0, i32 0, i32 0, void @empty_1, void @empty_1, void @empty_1, i32 0, i32 0, i32 0, i32 0, void @empty_1, void @empty_1, i32 4294967295, i32 0"   --->   Operation 13 'specinterface' 'specinterface_ln0' <Predicate = true> <Delay = 0.00>
ST_1 : Operation 14 [1/1] (0.00ns)   --->   "%specinterface_ln0 = specinterface void @_ssdm_op_SpecInterface, i32 %s_axis_host_arp_lookup_request, void @empty, i32 1, i32 1, void @empty_0, i32 0, i32 0, void @empty_1, void @empty_1, void @empty_1, i32 0, i32 0, i32 0, i32 0, void @empty_1, void @empty_1, i32 4294967295, i32 0"   --->   Operation 14 'specinterface' 'specinterface_ln0' <Predicate = true> <Delay = 0.00>
ST_1 : Operation 15 [1/1] (0.00ns)   --->   "%specinterface_ln0 = specinterface void @_ssdm_op_SpecInterface, i32 %s_axis_arp_lookup_request, void @empty, i32 1, i32 1, void @empty_0, i32 0, i32 0, void @empty_1, void @empty_1, void @empty_1, i32 0, i32 0, i32 0, i32 0, void @empty_1, void @empty_1, i32 4294967295, i32 0"   --->   Operation 15 'specinterface' 'specinterface_ln0' <Predicate = true> <Delay = 0.00>
ST_1 : Operation 16 [1/1] (0.00ns)   --->   "%specpipeline_ln167 = specpipeline void @_ssdm_op_SpecPipeline, i32 1, i32 0, i32 0, i32 0, void @empty_1" [/mnt/scratch/pyuvaraj/Vitis_RoCE_W/Vitis_RoCE/fpga-network-stack/hls/arp_server_subnet/arp_server_subnet.cpp:167]   --->   Operation 16 'specpipeline' 'specpipeline_ln167' <Predicate = true> <Delay = 0.00>
ST_1 : Operation 17 [1/1] (0.00ns)   --->   "%specmemcore_ln177 = specmemcore void @_ssdm_op_SpecMemCore, i48 %arpTable_macAddress_V, i64 666, i64 18, i64 18446744073709551615" [/mnt/scratch/pyuvaraj/Vitis_RoCE_W/Vitis_RoCE/fpga-network-stack/hls/arp_server_subnet/arp_server_subnet.cpp:177]   --->   Operation 17 'specmemcore' 'specmemcore_ln177' <Predicate = true> <Delay = 0.00>
ST_1 : Operation 18 [1/1] (0.00ns)   --->   "%specmemcore_ln177 = specmemcore void @_ssdm_op_SpecMemCore, i1 %arpTable_valid, i64 666, i64 18, i64 18446744073709551615" [/mnt/scratch/pyuvaraj/Vitis_RoCE_W/Vitis_RoCE/fpga-network-stack/hls/arp_server_subnet/arp_server_subnet.cpp:177]   --->   Operation 18 'specmemcore' 'specmemcore_ln177' <Predicate = true> <Delay = 0.00>
ST_1 : Operation 19 [1/1] (0.00ns)   --->   "%tmp_i = nbreadreq i1 @_ssdm_op_NbReadReq.ap_fifo.i192P0A, i192 %arpTableInsertFifo, i32 1" [/tools/Xilinx/Vitis_HLS/2022.1/common/technology/autopilot/hls_stream_39.h:136]   --->   Operation 19 'nbreadreq' 'tmp_i' <Predicate = true> <Delay = 0.00> <CoreInst = "FIFO_SRL">   --->   Core 81 'FIFO_SRL' <Latency = 0> <II = 1> <Delay = 0.98> <Storage> <Opcode : 'read' 'write' 'nbread' 'nbwrite'> <Ports = 0> <Width = 192> <Depth = 4> <FIFO>
ST_1 : Operation 20 [1/1] (0.00ns)   --->   "%br_ln184 = br i1 %tmp_i, void %if.else.i, void %if.then.i" [/mnt/scratch/pyuvaraj/Vitis_RoCE_W/Vitis_RoCE/fpga-network-stack/hls/arp_server_subnet/arp_server_subnet.cpp:184]   --->   Operation 20 'br' 'br_ln184' <Predicate = true> <Delay = 0.00>
ST_1 : Operation 21 [1/1] (0.00ns)   --->   "%tmp_5_i = nbreadreq i1 @_ssdm_op_NbReadReq.axis.i32P128A, i32 %s_axis_arp_lookup_request, i32 1" [/tools/Xilinx/Vitis_HLS/2022.1/common/technology/autopilot/hls_stream_39.h:136]   --->   Operation 21 'nbreadreq' 'tmp_5_i' <Predicate = (!tmp_i)> <Delay = 0.00> <CoreInst = "axis">   --->   Core 123 'axis' <Latency = 0> <II = 1> <Delay = 1.00> <Adapter> <Opcode : >
ST_1 : Operation 22 [1/1] (0.00ns)   --->   "%br_ln189 = br i1 %tmp_5_i, void %if.else11.i, void %if.then5.i" [/mnt/scratch/pyuvaraj/Vitis_RoCE_W/Vitis_RoCE/fpga-network-stack/hls/arp_server_subnet/arp_server_subnet.cpp:189]   --->   Operation 22 'br' 'br_ln189' <Predicate = (!tmp_i)> <Delay = 0.00>
ST_1 : Operation 23 [1/1] (0.00ns)   --->   "%tmp_7_i = nbreadreq i1 @_ssdm_op_NbReadReq.axis.i32P128A, i32 %s_axis_host_arp_lookup_request, i32 1" [/tools/Xilinx/Vitis_HLS/2022.1/common/technology/autopilot/hls_stream_39.h:136]   --->   Operation 23 'nbreadreq' 'tmp_7_i' <Predicate = (!tmp_i & !tmp_5_i)> <Delay = 0.00> <CoreInst = "axis">   --->   Core 123 'axis' <Latency = 0> <II = 1> <Delay = 1.00> <Adapter> <Opcode : >
ST_1 : Operation 24 [1/1] (0.00ns)   --->   "%br_ln200 = br i1 %tmp_7_i, void %if.end24.i, void %if.then13.i" [/mnt/scratch/pyuvaraj/Vitis_RoCE_W/Vitis_RoCE/fpga-network-stack/hls/arp_server_subnet/arp_server_subnet.cpp:200]   --->   Operation 24 'br' 'br_ln200' <Predicate = (!tmp_i & !tmp_5_i)> <Delay = 0.00>
ST_1 : Operation 25 [1/1] (0.00ns)   --->   "%query_ip_V_1 = read i32 @_ssdm_op_Read.axis.volatile.i32P128A, i32 %s_axis_host_arp_lookup_request" [/tools/Xilinx/Vitis_HLS/2022.1/common/technology/autopilot/hls_stream_39.h:145]   --->   Operation 25 'read' 'query_ip_V_1' <Predicate = (!tmp_i & !tmp_5_i & tmp_7_i)> <Delay = 0.00> <CoreInst = "axis">   --->   Core 123 'axis' <Latency = 0> <II = 1> <Delay = 1.00> <Adapter> <Opcode : >
ST_1 : Operation 26 [1/1] (0.00ns)   --->   "%tmp_8_i = partselect i8 @_ssdm_op_PartSelect.i8.i32.i32.i32, i32 %query_ip_V_1, i32 24, i32 31"   --->   Operation 26 'partselect' 'tmp_8_i' <Predicate = (!tmp_i & !tmp_5_i & tmp_7_i)> <Delay = 0.00>
ST_1 : Operation 27 [1/1] (0.00ns)   --->   "%zext_ln714_2 = zext i8 %tmp_8_i"   --->   Operation 27 'zext' 'zext_ln714_2' <Predicate = (!tmp_i & !tmp_5_i & tmp_7_i)> <Delay = 0.00>
ST_1 : Operation 28 [1/1] (0.00ns)   --->   "%arpTable_macAddress_V_addr_2 = getelementptr i48 %arpTable_macAddress_V, i64 0, i64 %zext_ln714_2" [/mnt/scratch/pyuvaraj/Vitis_RoCE_W/Vitis_RoCE/fpga-network-stack/hls/arp_server_subnet/arp_server_subnet.cpp:203]   --->   Operation 28 'getelementptr' 'arpTable_macAddress_V_addr_2' <Predicate = (!tmp_i & !tmp_5_i & tmp_7_i)> <Delay = 0.00>
ST_1 : Operation 29 [2/2] (1.20ns)   --->   "%currEntry_macAddress_V_2 = load i8 %arpTable_macAddress_V_addr_2" [/mnt/scratch/pyuvaraj/Vitis_RoCE_W/Vitis_RoCE/fpga-network-stack/hls/arp_server_subnet/arp_server_subnet.cpp:203]   --->   Operation 29 'load' 'currEntry_macAddress_V_2' <Predicate = (!tmp_i & !tmp_5_i & tmp_7_i)> <Delay = 1.20> <CoreInst = "RAM_1P_BRAM">   --->   Core 90 'RAM_1P_BRAM' <Latency = 1> <II = 1> <Delay = 1.20> <Storage> <Opcode : 'load' 'store'> <Ports = 1> <Width = 48> <Depth = 256> <RAM>
ST_1 : Operation 30 [1/1] (0.00ns)   --->   "%arpTable_valid_addr_2 = getelementptr i1 %arpTable_valid, i64 0, i64 %zext_ln714_2" [/mnt/scratch/pyuvaraj/Vitis_RoCE_W/Vitis_RoCE/fpga-network-stack/hls/arp_server_subnet/arp_server_subnet.cpp:203]   --->   Operation 30 'getelementptr' 'arpTable_valid_addr_2' <Predicate = (!tmp_i & !tmp_5_i & tmp_7_i)> <Delay = 0.00>
ST_1 : Operation 31 [2/2] (1.17ns)   --->   "%currEntry_valid_2 = load i8 %arpTable_valid_addr_2" [/mnt/scratch/pyuvaraj/Vitis_RoCE_W/Vitis_RoCE/fpga-network-stack/hls/arp_server_subnet/arp_server_subnet.cpp:203]   --->   Operation 31 'load' 'currEntry_valid_2' <Predicate = (!tmp_i & !tmp_5_i & tmp_7_i)> <Delay = 1.17> <CoreInst = "RAM_1P_BRAM">   --->   Core 90 'RAM_1P_BRAM' <Latency = 1> <II = 1> <Delay = 1.17> <Storage> <Opcode : 'load' 'store'> <Ports = 1> <Width = 1> <Depth = 256> <RAM>
ST_1 : Operation 32 [1/1] (0.00ns)   --->   "%br_ln0 = br void %if.end25.i"   --->   Operation 32 'br' 'br_ln0' <Predicate = (!tmp_i & !tmp_5_i)> <Delay = 0.00>
ST_1 : Operation 33 [1/1] (0.00ns)   --->   "%query_ip_V = read i32 @_ssdm_op_Read.axis.volatile.i32P128A, i32 %s_axis_arp_lookup_request" [/tools/Xilinx/Vitis_HLS/2022.1/common/technology/autopilot/hls_stream_39.h:145]   --->   Operation 33 'read' 'query_ip_V' <Predicate = (!tmp_i & tmp_5_i)> <Delay = 0.00> <CoreInst = "axis">   --->   Core 123 'axis' <Latency = 0> <II = 1> <Delay = 1.00> <Adapter> <Opcode : >
ST_1 : Operation 34 [1/1] (0.00ns)   --->   "%tmp_6_i = partselect i8 @_ssdm_op_PartSelect.i8.i32.i32.i32, i32 %query_ip_V, i32 24, i32 31"   --->   Operation 34 'partselect' 'tmp_6_i' <Predicate = (!tmp_i & tmp_5_i)> <Delay = 0.00>
ST_1 : Operation 35 [1/1] (0.00ns)   --->   "%zext_ln714_1 = zext i8 %tmp_6_i"   --->   Operation 35 'zext' 'zext_ln714_1' <Predicate = (!tmp_i & tmp_5_i)> <Delay = 0.00>
ST_1 : Operation 36 [1/1] (0.00ns)   --->   "%arpTable_macAddress_V_addr_1 = getelementptr i48 %arpTable_macAddress_V, i64 0, i64 %zext_ln714_1" [/mnt/scratch/pyuvaraj/Vitis_RoCE_W/Vitis_RoCE/fpga-network-stack/hls/arp_server_subnet/arp_server_subnet.cpp:192]   --->   Operation 36 'getelementptr' 'arpTable_macAddress_V_addr_1' <Predicate = (!tmp_i & tmp_5_i)> <Delay = 0.00>
ST_1 : Operation 37 [2/2] (1.20ns)   --->   "%currEntry_macAddress_V_1 = load i8 %arpTable_macAddress_V_addr_1" [/mnt/scratch/pyuvaraj/Vitis_RoCE_W/Vitis_RoCE/fpga-network-stack/hls/arp_server_subnet/arp_server_subnet.cpp:192]   --->   Operation 37 'load' 'currEntry_macAddress_V_1' <Predicate = (!tmp_i & tmp_5_i)> <Delay = 1.20> <CoreInst = "RAM_1P_BRAM">   --->   Core 90 'RAM_1P_BRAM' <Latency = 1> <II = 1> <Delay = 1.20> <Storage> <Opcode : 'load' 'store'> <Ports = 1> <Width = 48> <Depth = 256> <RAM>
ST_1 : Operation 38 [1/1] (0.00ns)   --->   "%arpTable_valid_addr_1 = getelementptr i1 %arpTable_valid, i64 0, i64 %zext_ln714_1" [/mnt/scratch/pyuvaraj/Vitis_RoCE_W/Vitis_RoCE/fpga-network-stack/hls/arp_server_subnet/arp_server_subnet.cpp:192]   --->   Operation 38 'getelementptr' 'arpTable_valid_addr_1' <Predicate = (!tmp_i & tmp_5_i)> <Delay = 0.00>
ST_1 : Operation 39 [2/2] (1.17ns)   --->   "%currEntry_valid_1 = load i8 %arpTable_valid_addr_1" [/mnt/scratch/pyuvaraj/Vitis_RoCE_W/Vitis_RoCE/fpga-network-stack/hls/arp_server_subnet/arp_server_subnet.cpp:192]   --->   Operation 39 'load' 'currEntry_valid_1' <Predicate = (!tmp_i & tmp_5_i)> <Delay = 1.17> <CoreInst = "RAM_1P_BRAM">   --->   Core 90 'RAM_1P_BRAM' <Latency = 1> <II = 1> <Delay = 1.17> <Storage> <Opcode : 'load' 'store'> <Ports = 1> <Width = 1> <Depth = 256> <RAM>
ST_1 : Operation 40 [1/1] (0.00ns)   --->   "%br_ln0 = br void %arp_table.exit"   --->   Operation 40 'br' 'br_ln0' <Predicate = (!tmp_i)> <Delay = 0.00>
ST_1 : Operation 41 [1/1] (0.98ns)   --->   "%arpTableInsertFifo_read = read i192 @_ssdm_op_Read.ap_fifo.volatile.i192P0A, i192 %arpTableInsertFifo" [/tools/Xilinx/Vitis_HLS/2022.1/common/technology/autopilot/hls_stream_39.h:145]   --->   Operation 41 'read' 'arpTableInsertFifo_read' <Predicate = (tmp_i)> <Delay = 0.98> <CoreInst = "FIFO_SRL">   --->   Core 81 'FIFO_SRL' <Latency = 0> <II = 1> <Delay = 0.98> <Storage> <Opcode : 'read' 'write' 'nbread' 'nbwrite'> <Ports = 0> <Width = 192> <Depth = 4> <FIFO>
ST_1 : Operation 42 [1/1] (0.00ns)   --->   "%currEntry_macAddress_V = partselect i48 @_ssdm_op_PartSelect.i48.i192.i32.i32, i192 %arpTableInsertFifo_read, i32 64, i32 111" [/tools/Xilinx/Vitis_HLS/2022.1/common/technology/autopilot/hls_stream_39.h:145]   --->   Operation 42 'partselect' 'currEntry_macAddress_V' <Predicate = (tmp_i)> <Delay = 0.00>
ST_1 : Operation 43 [1/1] (0.00ns)   --->   "%currEntry_valid = bitselect i1 @_ssdm_op_BitSelect.i1.i192.i192, i192 %arpTableInsertFifo_read, i192 128" [/tools/Xilinx/Vitis_HLS/2022.1/common/technology/autopilot/hls_stream_39.h:145]   --->   Operation 43 'bitselect' 'currEntry_valid' <Predicate = (tmp_i)> <Delay = 0.00>
ST_1 : Operation 44 [1/1] (0.00ns)   --->   "%tmp_i_23 = partselect i8 @_ssdm_op_PartSelect.i8.i192.i32.i32, i192 %arpTableInsertFifo_read, i32 24, i32 31"   --->   Operation 44 'partselect' 'tmp_i_23' <Predicate = (tmp_i)> <Delay = 0.00>
ST_1 : Operation 45 [1/1] (0.00ns)   --->   "%zext_ln714 = zext i8 %tmp_i_23"   --->   Operation 45 'zext' 'zext_ln714' <Predicate = (tmp_i)> <Delay = 0.00>
ST_1 : Operation 46 [1/1] (0.00ns)   --->   "%arpTable_macAddress_V_addr = getelementptr i48 %arpTable_macAddress_V, i64 0, i64 %zext_ln714" [/mnt/scratch/pyuvaraj/Vitis_RoCE_W/Vitis_RoCE/fpga-network-stack/hls/arp_server_subnet/arp_server_subnet.cpp:187]   --->   Operation 46 'getelementptr' 'arpTable_macAddress_V_addr' <Predicate = (tmp_i)> <Delay = 0.00>
ST_1 : Operation 47 [1/1] (1.20ns)   --->   "%store_ln187 = store i48 %currEntry_macAddress_V, i8 %arpTable_macAddress_V_addr" [/mnt/scratch/pyuvaraj/Vitis_RoCE_W/Vitis_RoCE/fpga-network-stack/hls/arp_server_subnet/arp_server_subnet.cpp:187]   --->   Operation 47 'store' 'store_ln187' <Predicate = (tmp_i)> <Delay = 1.20> <CoreInst = "RAM_1P_BRAM">   --->   Core 90 'RAM_1P_BRAM' <Latency = 1> <II = 1> <Delay = 1.20> <Storage> <Opcode : 'load' 'store'> <Ports = 1> <Width = 48> <Depth = 256> <RAM>
ST_1 : Operation 48 [1/1] (0.00ns)   --->   "%arpTable_valid_addr = getelementptr i1 %arpTable_valid, i64 0, i64 %zext_ln714" [/mnt/scratch/pyuvaraj/Vitis_RoCE_W/Vitis_RoCE/fpga-network-stack/hls/arp_server_subnet/arp_server_subnet.cpp:187]   --->   Operation 48 'getelementptr' 'arpTable_valid_addr' <Predicate = (tmp_i)> <Delay = 0.00>
ST_1 : Operation 49 [1/1] (1.17ns)   --->   "%store_ln187 = store i1 %currEntry_valid, i8 %arpTable_valid_addr" [/mnt/scratch/pyuvaraj/Vitis_RoCE_W/Vitis_RoCE/fpga-network-stack/hls/arp_server_subnet/arp_server_subnet.cpp:187]   --->   Operation 49 'store' 'store_ln187' <Predicate = (tmp_i)> <Delay = 1.17> <CoreInst = "RAM_1P_BRAM">   --->   Core 90 'RAM_1P_BRAM' <Latency = 1> <II = 1> <Delay = 1.17> <Storage> <Opcode : 'load' 'store'> <Ports = 1> <Width = 1> <Depth = 256> <RAM>
ST_1 : Operation 50 [1/1] (0.00ns)   --->   "%br_ln188 = br void %arp_table.exit" [/mnt/scratch/pyuvaraj/Vitis_RoCE_W/Vitis_RoCE/fpga-network-stack/hls/arp_server_subnet/arp_server_subnet.cpp:188]   --->   Operation 50 'br' 'br_ln188' <Predicate = (tmp_i)> <Delay = 0.00>

State 2 <SV = 1> <Delay = 1.20>
ST_2 : Operation 51 [1/2] (1.20ns)   --->   "%currEntry_macAddress_V_2 = load i8 %arpTable_macAddress_V_addr_2" [/mnt/scratch/pyuvaraj/Vitis_RoCE_W/Vitis_RoCE/fpga-network-stack/hls/arp_server_subnet/arp_server_subnet.cpp:203]   --->   Operation 51 'load' 'currEntry_macAddress_V_2' <Predicate = (!tmp_i & !tmp_5_i & tmp_7_i)> <Delay = 1.20> <CoreInst = "RAM_1P_BRAM">   --->   Core 90 'RAM_1P_BRAM' <Latency = 1> <II = 1> <Delay = 1.20> <Storage> <Opcode : 'load' 'store'> <Ports = 1> <Width = 48> <Depth = 256> <RAM>
ST_2 : Operation 52 [1/2] (1.17ns)   --->   "%currEntry_valid_2 = load i8 %arpTable_valid_addr_2" [/mnt/scratch/pyuvaraj/Vitis_RoCE_W/Vitis_RoCE/fpga-network-stack/hls/arp_server_subnet/arp_server_subnet.cpp:203]   --->   Operation 52 'load' 'currEntry_valid_2' <Predicate = (!tmp_i & !tmp_5_i & tmp_7_i)> <Delay = 1.17> <CoreInst = "RAM_1P_BRAM">   --->   Core 90 'RAM_1P_BRAM' <Latency = 1> <II = 1> <Delay = 1.17> <Storage> <Opcode : 'load' 'store'> <Ports = 1> <Width = 1> <Depth = 256> <RAM>
ST_2 : Operation 53 [1/1] (0.00ns)   --->   "%br_ln204 = br i1 %currEntry_valid_2, void %if.then18.i, void %if.end19.i" [/mnt/scratch/pyuvaraj/Vitis_RoCE_W/Vitis_RoCE/fpga-network-stack/hls/arp_server_subnet/arp_server_subnet.cpp:204]   --->   Operation 53 'br' 'br_ln204' <Predicate = (!tmp_i & !tmp_5_i & tmp_7_i)> <Delay = 0.00>
ST_2 : Operation 54 [1/1] (0.00ns)   --->   "%tmp_16_i = bitconcatenate i65 @_ssdm_op_BitConcatenate.i65.i1.i16.i48, i1 %currEntry_valid_2, i16 0, i48 %currEntry_macAddress_V_2" [/tools/Xilinx/Vitis_HLS/2022.1/common/technology/autopilot/hls_stream_39.h:174]   --->   Operation 54 'bitconcatenate' 'tmp_16_i' <Predicate = (!tmp_i & !tmp_5_i & tmp_7_i)> <Delay = 0.00>
ST_2 : Operation 55 [1/1] (0.00ns)   --->   "%zext_ln174_2 = zext i65 %tmp_16_i" [/tools/Xilinx/Vitis_HLS/2022.1/common/technology/autopilot/hls_stream_39.h:174]   --->   Operation 55 'zext' 'zext_ln174_2' <Predicate = (!tmp_i & !tmp_5_i & tmp_7_i)> <Delay = 0.00>
ST_2 : Operation 56 [2/2] (0.00ns)   --->   "%write_ln174 = write void @_ssdm_op_Write.axis.volatile.i128P128A, i128 %m_axis_host_arp_lookup_reply, i128 %zext_ln174_2" [/tools/Xilinx/Vitis_HLS/2022.1/common/technology/autopilot/hls_stream_39.h:174]   --->   Operation 56 'write' 'write_ln174' <Predicate = (!tmp_i & !tmp_5_i & tmp_7_i)> <Delay = 0.00> <CoreInst = "axis">   --->   Core 123 'axis' <Latency = 0> <II = 1> <Delay = 1.00> <Adapter> <Opcode : >
ST_2 : Operation 57 [1/2] (1.20ns)   --->   "%currEntry_macAddress_V_1 = load i8 %arpTable_macAddress_V_addr_1" [/mnt/scratch/pyuvaraj/Vitis_RoCE_W/Vitis_RoCE/fpga-network-stack/hls/arp_server_subnet/arp_server_subnet.cpp:192]   --->   Operation 57 'load' 'currEntry_macAddress_V_1' <Predicate = (!tmp_i & tmp_5_i)> <Delay = 1.20> <CoreInst = "RAM_1P_BRAM">   --->   Core 90 'RAM_1P_BRAM' <Latency = 1> <II = 1> <Delay = 1.20> <Storage> <Opcode : 'load' 'store'> <Ports = 1> <Width = 48> <Depth = 256> <RAM>
ST_2 : Operation 58 [1/2] (1.17ns)   --->   "%currEntry_valid_1 = load i8 %arpTable_valid_addr_1" [/mnt/scratch/pyuvaraj/Vitis_RoCE_W/Vitis_RoCE/fpga-network-stack/hls/arp_server_subnet/arp_server_subnet.cpp:192]   --->   Operation 58 'load' 'currEntry_valid_1' <Predicate = (!tmp_i & tmp_5_i)> <Delay = 1.17> <CoreInst = "RAM_1P_BRAM">   --->   Core 90 'RAM_1P_BRAM' <Latency = 1> <II = 1> <Delay = 1.17> <Storage> <Opcode : 'load' 'store'> <Ports = 1> <Width = 1> <Depth = 256> <RAM>
ST_2 : Operation 59 [1/1] (0.00ns)   --->   "%br_ln193 = br i1 %currEntry_valid_1, void %if.then9.i, void %if.end.i" [/mnt/scratch/pyuvaraj/Vitis_RoCE_W/Vitis_RoCE/fpga-network-stack/hls/arp_server_subnet/arp_server_subnet.cpp:193]   --->   Operation 59 'br' 'br_ln193' <Predicate = (!tmp_i & tmp_5_i)> <Delay = 0.00>
ST_2 : Operation 60 [1/1] (0.00ns)   --->   "%tmp_15_i = bitconcatenate i65 @_ssdm_op_BitConcatenate.i65.i1.i16.i48, i1 %currEntry_valid_1, i16 0, i48 %currEntry_macAddress_V_1" [/tools/Xilinx/Vitis_HLS/2022.1/common/technology/autopilot/hls_stream_39.h:174]   --->   Operation 60 'bitconcatenate' 'tmp_15_i' <Predicate = (!tmp_i & tmp_5_i)> <Delay = 0.00>
ST_2 : Operation 61 [1/1] (0.00ns)   --->   "%zext_ln174 = zext i65 %tmp_15_i" [/tools/Xilinx/Vitis_HLS/2022.1/common/technology/autopilot/hls_stream_39.h:174]   --->   Operation 61 'zext' 'zext_ln174' <Predicate = (!tmp_i & tmp_5_i)> <Delay = 0.00>
ST_2 : Operation 62 [2/2] (0.00ns)   --->   "%write_ln174 = write void @_ssdm_op_Write.axis.volatile.i128P128A, i128 %m_axis_arp_lookup_reply, i128 %zext_ln174" [/tools/Xilinx/Vitis_HLS/2022.1/common/technology/autopilot/hls_stream_39.h:174]   --->   Operation 62 'write' 'write_ln174' <Predicate = (!tmp_i & tmp_5_i)> <Delay = 0.00> <CoreInst = "axis">   --->   Core 123 'axis' <Latency = 0> <II = 1> <Delay = 1.00> <Adapter> <Opcode : >

State 3 <SV = 2> <Delay = 1.16>
ST_3 : Operation 63 [1/1] (1.16ns)   --->   "%write_ln174 = write void @_ssdm_op_Write.ap_fifo.volatile.i32P0A, i32 %arpRequestMetaFifo, i32 %query_ip_V_1" [/tools/Xilinx/Vitis_HLS/2022.1/common/technology/autopilot/hls_stream_39.h:174]   --->   Operation 63 'write' 'write_ln174' <Predicate = (!tmp_i & !tmp_5_i & tmp_7_i & !currEntry_valid_2)> <Delay = 1.16> <CoreInst = "FIFO_SRL">   --->   Core 81 'FIFO_SRL' <Latency = 0> <II = 1> <Delay = 1.46> <Storage> <Opcode : 'read' 'write' 'nbread' 'nbwrite'> <Ports = 0> <Width = 32> <Depth = 4> <FIFO>
ST_3 : Operation 64 [1/1] (0.00ns)   --->   "%br_ln208 = br void %if.end19.i" [/mnt/scratch/pyuvaraj/Vitis_RoCE_W/Vitis_RoCE/fpga-network-stack/hls/arp_server_subnet/arp_server_subnet.cpp:208]   --->   Operation 64 'br' 'br_ln208' <Predicate = (!tmp_i & !tmp_5_i & tmp_7_i & !currEntry_valid_2)> <Delay = 0.00>
ST_3 : Operation 65 [1/2] (0.00ns)   --->   "%write_ln174 = write void @_ssdm_op_Write.axis.volatile.i128P128A, i128 %m_axis_host_arp_lookup_reply, i128 %zext_ln174_2" [/tools/Xilinx/Vitis_HLS/2022.1/common/technology/autopilot/hls_stream_39.h:174]   --->   Operation 65 'write' 'write_ln174' <Predicate = (!tmp_i & !tmp_5_i & tmp_7_i)> <Delay = 0.00> <CoreInst = "axis">   --->   Core 123 'axis' <Latency = 0> <II = 1> <Delay = 1.00> <Adapter> <Opcode : >
ST_3 : Operation 66 [1/1] (0.00ns)   --->   "%br_ln210 = br void %if.end24.i" [/mnt/scratch/pyuvaraj/Vitis_RoCE_W/Vitis_RoCE/fpga-network-stack/hls/arp_server_subnet/arp_server_subnet.cpp:210]   --->   Operation 66 'br' 'br_ln210' <Predicate = (!tmp_i & !tmp_5_i & tmp_7_i)> <Delay = 0.00>
ST_3 : Operation 67 [1/1] (1.16ns)   --->   "%write_ln174 = write void @_ssdm_op_Write.ap_fifo.volatile.i32P0A, i32 %arpRequestMetaFifo, i32 %query_ip_V" [/tools/Xilinx/Vitis_HLS/2022.1/common/technology/autopilot/hls_stream_39.h:174]   --->   Operation 67 'write' 'write_ln174' <Predicate = (!tmp_i & tmp_5_i & !currEntry_valid_1)> <Delay = 1.16> <CoreInst = "FIFO_SRL">   --->   Core 81 'FIFO_SRL' <Latency = 0> <II = 1> <Delay = 1.46> <Storage> <Opcode : 'read' 'write' 'nbread' 'nbwrite'> <Ports = 0> <Width = 32> <Depth = 4> <FIFO>
ST_3 : Operation 68 [1/1] (0.00ns)   --->   "%br_ln197 = br void %if.end.i" [/mnt/scratch/pyuvaraj/Vitis_RoCE_W/Vitis_RoCE/fpga-network-stack/hls/arp_server_subnet/arp_server_subnet.cpp:197]   --->   Operation 68 'br' 'br_ln197' <Predicate = (!tmp_i & tmp_5_i & !currEntry_valid_1)> <Delay = 0.00>
ST_3 : Operation 69 [1/2] (0.00ns)   --->   "%write_ln174 = write void @_ssdm_op_Write.axis.volatile.i128P128A, i128 %m_axis_arp_lookup_reply, i128 %zext_ln174" [/tools/Xilinx/Vitis_HLS/2022.1/common/technology/autopilot/hls_stream_39.h:174]   --->   Operation 69 'write' 'write_ln174' <Predicate = (!tmp_i & tmp_5_i)> <Delay = 0.00> <CoreInst = "axis">   --->   Core 123 'axis' <Latency = 0> <II = 1> <Delay = 1.00> <Adapter> <Opcode : >
ST_3 : Operation 70 [1/1] (0.00ns)   --->   "%br_ln199 = br void %if.end25.i" [/mnt/scratch/pyuvaraj/Vitis_RoCE_W/Vitis_RoCE/fpga-network-stack/hls/arp_server_subnet/arp_server_subnet.cpp:199]   --->   Operation 70 'br' 'br_ln199' <Predicate = (!tmp_i & tmp_5_i)> <Delay = 0.00>
ST_3 : Operation 71 [1/1] (0.00ns)   --->   "%ret_ln0 = ret"   --->   Operation 71 'ret' 'ret_ln0' <Predicate = true> <Delay = 0.00>


============================================================
+ Verbose Summary: Timing violations
============================================================
Target clock period: 3.2ns, clock uncertainty: 0.864ns.

 <State 1>: 2.19ns
The critical path consists of the following:
	fifo read operation ('arpTableInsertFifo_read', /tools/Xilinx/Vitis_HLS/2022.1/common/technology/autopilot/hls_stream_39.h:145) on port 'arpTableInsertFifo' (/tools/Xilinx/Vitis_HLS/2022.1/common/technology/autopilot/hls_stream_39.h:145) [71]  (0.988 ns)
	'getelementptr' operation ('arpTable_macAddress_V_addr', /mnt/scratch/pyuvaraj/Vitis_RoCE_W/Vitis_RoCE/fpga-network-stack/hls/arp_server_subnet/arp_server_subnet.cpp:187) [76]  (0 ns)
	'store' operation ('store_ln187', /mnt/scratch/pyuvaraj/Vitis_RoCE_W/Vitis_RoCE/fpga-network-stack/hls/arp_server_subnet/arp_server_subnet.cpp:187) of variable 'currEntry.macAddress.V', /tools/Xilinx/Vitis_HLS/2022.1/common/technology/autopilot/hls_stream_39.h:145 on array 'arpTable_macAddress_V' [77]  (1.2 ns)

 <State 2>: 1.2ns
The critical path consists of the following:
	'load' operation ('currEntry.macAddress.V', /mnt/scratch/pyuvaraj/Vitis_RoCE_W/Vitis_RoCE/fpga-network-stack/hls/arp_server_subnet/arp_server_subnet.cpp:192) on array 'arpTable_macAddress_V' [56]  (1.2 ns)

 <State 3>: 1.17ns
The critical path consists of the following:
	fifo write operation ('write_ln174', /tools/Xilinx/Vitis_HLS/2022.1/common/technology/autopilot/hls_stream_39.h:174) on port 'arpRequestMetaFifo' (/tools/Xilinx/Vitis_HLS/2022.1/common/technology/autopilot/hls_stream_39.h:174) [42]  (1.17 ns)


============================================================
+ Verbose Summary: Binding
============================================================
N/A
* FSMD analyzer results:
  - Output states:
 - Input state : 
  - Chain level:
	State 1
	State 2
	State 3


============================================================
+ Verbose Summary: Datapath Resource usage 
============================================================
N/A
