

================================================================
== Vitis HLS Report for 'arp_server_subnet_top'
================================================================
* Date:           Tue Jul 11 09:15:10 2023

* Version:        2022.1 (Build 3526262 on Mon Apr 18 15:47:01 MDT 2022)
* Project:        arp_server_subnet_prj
* Solution:       solution1 (Vivado IP Flow Target)
* Product family: virtexuplus
* Target device:  xcu280-fsvh2892-2L-e


================================================================
== Performance Estimates
================================================================
+ Timing: 
    * Summary: 
    +--------+---------+----------+------------+
    |  Clock |  Target | Estimated| Uncertainty|
    +--------+---------+----------+------------+
    |ap_clk  |  3.20 ns|  2.188 ns|     0.86 ns|
    +--------+---------+----------+------------+

+ Latency: 
    * Summary: 
    +---------+---------+-----------+-----------+-----+-----+----------+
    |  Latency (cycles) |   Latency (absolute)  |  Interval | Pipeline |
    |   min   |   max   |    min    |    max    | min | max |   Type   |
    +---------+---------+-----------+-----------+-----+-----+----------+
    |        5|        5|  16.000 ns|  16.000 ns|    1|    1|  dataflow|
    +---------+---------+-----------+-----------+-----+-----+----------+

    + Detail: 
        * Instance: 
        +-------------------------+------------------------+---------+---------+----------+----------+-----+-----+---------+
        |                         |                        |  Latency (cycles) |  Latency (absolute) |  Interval | Pipeline|
        |         Instance        |         Module         |   min   |   max   |    min   |    max   | min | max |   Type  |
        +-------------------------+------------------------+---------+---------+----------+----------+-----+-----+---------+
        |process_arp_pkg_512_U0   |process_arp_pkg_512_s   |        2|        2|  6.400 ns|  6.400 ns|    1|    1|      yes|
        |generate_arp_pkg_512_U0  |generate_arp_pkg_512_s  |        2|        2|  6.400 ns|  6.400 ns|    1|    1|      yes|
        |arp_table_U0             |arp_table               |        2|        2|  6.400 ns|  6.400 ns|    1|    1|      yes|
        +-------------------------+------------------------+---------+---------+----------+----------+-----+-----+---------+

        * Loop: 
        N/A



================================================================
== Utilization Estimates
================================================================
* Summary: 
+---------------------+---------+------+---------+---------+-----+
|         Name        | BRAM_18K|  DSP |    FF   |   LUT   | URAM|
+---------------------+---------+------+---------+---------+-----+
|DSP                  |        -|     -|        -|        -|    -|
|Expression           |        -|     -|        -|        -|    -|
|FIFO                 |        -|     -|       15|      306|    -|
|Instance             |        3|     -|     1741|     3097|    -|
|Memory               |        -|     -|        -|        -|    -|
|Multiplexer          |        -|     -|        -|        -|    -|
|Register             |        -|     -|        -|        -|    -|
+---------------------+---------+------+---------+---------+-----+
|Total                |        3|     0|     1756|     3403|    0|
+---------------------+---------+------+---------+---------+-----+
|Available SLR        |     1344|  3008|   869120|   434560|  320|
+---------------------+---------+------+---------+---------+-----+
|Utilization SLR (%)  |       ~0|     0|       ~0|       ~0|    0|
+---------------------+---------+------+---------+---------+-----+
|Available            |     4032|  9024|  2607360|  1303680|  960|
+---------------------+---------+------+---------+---------+-----+
|Utilization (%)      |       ~0|     0|       ~0|       ~0|    0|
+---------------------+---------+------+---------+---------+-----+

+ Detail: 
    * Instance: 
    +-------------------------+------------------------+---------+----+-----+------+-----+
    |         Instance        |         Module         | BRAM_18K| DSP|  FF |  LUT | URAM|
    +-------------------------+------------------------+---------+----+-----+------+-----+
    |arp_table_U0             |arp_table               |        3|   0|  140|   161|    0|
    |generate_arp_pkg_512_U0  |generate_arp_pkg_512_s  |        0|   0|  695|   133|    0|
    |process_arp_pkg_512_U0   |process_arp_pkg_512_s   |        0|   0|  906|  2803|    0|
    +-------------------------+------------------------+---------+----+-----+------+-----+
    |Total                    |                        |        3|   0| 1741|  3097|    0|
    +-------------------------+------------------------+---------+----+-----+------+-----+

    * DSP: 
    N/A

    * Memory: 
    N/A

    * FIFO: 
    +----------------------+---------+---+----+-----+------+-----+---------+
    |         Name         | BRAM_18K| FF| LUT| URAM| Depth| Bits| Size:D*B|
    +----------------------+---------+---+----+-----+------+-----+---------+
    |arpReplyMetaFifo_U    |        0|  5|   0|    -|     4|  192|      768|
    |arpRequestMetaFifo_U  |        0|  5|   0|    -|     4|   32|      128|
    |arpTableInsertFifo_U  |        0|  5|   0|    -|     4|  192|      768|
    +----------------------+---------+---+----+-----+------+-----+---------+
    |Total                 |        0| 15|   0|    0|    12|  416|     1664|
    +----------------------+---------+---+----+-----+------+-----+---------+

    * Expression: 
    N/A

    * Multiplexer: 
    N/A

    * Register: 
    N/A



================================================================
== Interface
================================================================
* Summary: 
+---------------------------------------+-----+------+--------------+--------------------------------+--------------+
|               RTL Ports               | Dir | Bits |   Protocol   |          Source Object         |    C Type    |
+---------------------------------------+-----+------+--------------+--------------------------------+--------------+
|s_axis_TDATA                           |   in|  1024|          axis|                          s_axis|       pointer|
|s_axis_TVALID                          |   in|     1|          axis|                          s_axis|       pointer|
|s_axis_TREADY                          |  out|     1|          axis|                          s_axis|       pointer|
|s_axis_arp_lookup_request_TDATA        |   in|    32|          axis|       s_axis_arp_lookup_request|       pointer|
|s_axis_arp_lookup_request_TVALID       |   in|     1|          axis|       s_axis_arp_lookup_request|       pointer|
|s_axis_arp_lookup_request_TREADY       |  out|     1|          axis|       s_axis_arp_lookup_request|       pointer|
|s_axis_host_arp_lookup_request_TDATA   |   in|    32|          axis|  s_axis_host_arp_lookup_request|       pointer|
|s_axis_host_arp_lookup_request_TVALID  |   in|     1|          axis|  s_axis_host_arp_lookup_request|       pointer|
|s_axis_host_arp_lookup_request_TREADY  |  out|     1|          axis|  s_axis_host_arp_lookup_request|       pointer|
|m_axis_TDATA                           |  out|  1024|          axis|                          m_axis|       pointer|
|m_axis_TVALID                          |  out|     1|          axis|                          m_axis|       pointer|
|m_axis_TREADY                          |   in|     1|          axis|                          m_axis|       pointer|
|m_axis_arp_lookup_reply_TDATA          |  out|   128|          axis|         m_axis_arp_lookup_reply|       pointer|
|m_axis_arp_lookup_reply_TVALID         |  out|     1|          axis|         m_axis_arp_lookup_reply|       pointer|
|m_axis_arp_lookup_reply_TREADY         |   in|     1|          axis|         m_axis_arp_lookup_reply|       pointer|
|m_axis_host_arp_lookup_reply_TDATA     |  out|   128|          axis|    m_axis_host_arp_lookup_reply|       pointer|
|m_axis_host_arp_lookup_reply_TVALID    |  out|     1|          axis|    m_axis_host_arp_lookup_reply|       pointer|
|m_axis_host_arp_lookup_reply_TREADY    |   in|     1|          axis|    m_axis_host_arp_lookup_reply|       pointer|
|myMacAddress                           |   in|    48|     ap_stable|                    myMacAddress|        scalar|
|myIpAddress                            |   in|    32|     ap_stable|                     myIpAddress|        scalar|
|regRequestCount                        |  out|    16|        ap_vld|                 regRequestCount|       pointer|
|regRequestCount_ap_vld                 |  out|     1|        ap_vld|                 regRequestCount|       pointer|
|regReplyCount                          |  out|    16|        ap_vld|                   regReplyCount|       pointer|
|regReplyCount_ap_vld                   |  out|     1|        ap_vld|                   regReplyCount|       pointer|
|ap_clk                                 |   in|     1|  ap_ctrl_none|           arp_server_subnet_top|  return value|
|ap_rst_n                               |   in|     1|  ap_ctrl_none|           arp_server_subnet_top|  return value|
+---------------------------------------+-----+------+--------------+--------------------------------+--------------+

============================================================
+ Verbose Summary: Synthesis Manager
============================================================
InlineROM: 1
ExposeGlobal: 0
============================================================
+ Verbose Summary: CDFG Model
============================================================
IsTopModel: 1
ResetActiveHigh: 1
IsCombinational: 2
IsDatapathOnly: 2
HasWiredReturn: 1
HasMFsm: 0
HasVarLatency: 1
IsPipeline: 0
IsRtlPipelined: 0
IsInstanceOverlapped: 0
IsDontTouch: 0
HasImplIP: 0
IsGatedGlobalClock: 0


============================================================
+ Verbose Summary: Schedule
============================================================
* Number of FSM states : 11
* Pipeline : 0
* Dataflow Pipeline: 1
  DF-Pipeline-0: Size = 11, States = { 1 2 3 4 5 6 7 8 9 10 11 }

* FSM state transitions: 
1 --> 2 
2 --> 3 
3 --> 4 
4 --> 5 
5 --> 6 
6 --> 7 
7 --> 8 
8 --> 9 
9 --> 10 
10 --> 11 
11 --> 

* FSM state operations: 

State 1 <SV = 0> <Delay = 0.00>
ST_1 : Operation 12 [2/2] (0.00ns)   --->   "%myIpAddress_read = read i32 @_ssdm_op_Read.ap_stable.i32, i32 %myIpAddress" [/mnt/scratch/pyuvaraj/Vitis_RoCE_W/Vitis_RoCE/fpga-network-stack/hls/arp_server_subnet/arp_server_subnet.cpp:267]   --->   Operation 12 'read' 'myIpAddress_read' <Predicate = true> <Delay = 0.00>
ST_1 : Operation 13 [2/2] (0.00ns)   --->   "%myMacAddress_read = read i48 @_ssdm_op_Read.ap_stable.i48, i48 %myMacAddress" [/mnt/scratch/pyuvaraj/Vitis_RoCE_W/Vitis_RoCE/fpga-network-stack/hls/arp_server_subnet/arp_server_subnet.cpp:267]   --->   Operation 13 'read' 'myMacAddress_read' <Predicate = true> <Delay = 0.00>

State 2 <SV = 1> <Delay = 0.00>
ST_2 : Operation 14 [1/2] (0.00ns)   --->   "%myIpAddress_read = read i32 @_ssdm_op_Read.ap_stable.i32, i32 %myIpAddress" [/mnt/scratch/pyuvaraj/Vitis_RoCE_W/Vitis_RoCE/fpga-network-stack/hls/arp_server_subnet/arp_server_subnet.cpp:267]   --->   Operation 14 'read' 'myIpAddress_read' <Predicate = true> <Delay = 0.00>
ST_2 : Operation 15 [1/2] (0.00ns)   --->   "%myMacAddress_read = read i48 @_ssdm_op_Read.ap_stable.i48, i48 %myMacAddress" [/mnt/scratch/pyuvaraj/Vitis_RoCE_W/Vitis_RoCE/fpga-network-stack/hls/arp_server_subnet/arp_server_subnet.cpp:267]   --->   Operation 15 'read' 'myMacAddress_read' <Predicate = true> <Delay = 0.00>
ST_2 : Operation 16 [3/3] (0.00ns)   --->   "%call_ln240 = call void @process_arp_pkg<512>, i1024 %s_axis, i32 %myIpAddress_read, i16 %regRequestCount, i16 %regReplyCount, i1 %header_ready, i16 %header_idx, i336 %header_header_V, i192 %arpReplyMetaFifo, i16 %pag_requestCounter_V, i192 %arpTableInsertFifo, i16 %pag_replyCounter_V" [/mnt/scratch/pyuvaraj/Vitis_RoCE_W/Vitis_RoCE/fpga-network-stack/hls/arp_server_subnet/arp_server_subnet.cpp:240]   --->   Operation 16 'call' 'call_ln240' <Predicate = true> <Delay = 0.00> <CoreType = "Generic">   --->   Core 0 '' <Latency = 0> <II = 1> <Delay = 1.00> <Generic> <Opcode : >

State 3 <SV = 2> <Delay = 0.00>
ST_3 : Operation 17 [2/3] (0.00ns)   --->   "%call_ln240 = call void @process_arp_pkg<512>, i1024 %s_axis, i32 %myIpAddress_read, i16 %regRequestCount, i16 %regReplyCount, i1 %header_ready, i16 %header_idx, i336 %header_header_V, i192 %arpReplyMetaFifo, i16 %pag_requestCounter_V, i192 %arpTableInsertFifo, i16 %pag_replyCounter_V" [/mnt/scratch/pyuvaraj/Vitis_RoCE_W/Vitis_RoCE/fpga-network-stack/hls/arp_server_subnet/arp_server_subnet.cpp:240]   --->   Operation 17 'call' 'call_ln240' <Predicate = true> <Delay = 0.00> <CoreType = "Generic">   --->   Core 0 '' <Latency = 0> <II = 1> <Delay = 1.00> <Generic> <Opcode : >

State 4 <SV = 3> <Delay = 0.78>
ST_4 : Operation 18 [1/3] (0.78ns)   --->   "%call_ln240 = call void @process_arp_pkg<512>, i1024 %s_axis, i32 %myIpAddress_read, i16 %regRequestCount, i16 %regReplyCount, i1 %header_ready, i16 %header_idx, i336 %header_header_V, i192 %arpReplyMetaFifo, i16 %pag_requestCounter_V, i192 %arpTableInsertFifo, i16 %pag_replyCounter_V" [/mnt/scratch/pyuvaraj/Vitis_RoCE_W/Vitis_RoCE/fpga-network-stack/hls/arp_server_subnet/arp_server_subnet.cpp:240]   --->   Operation 18 'call' 'call_ln240' <Predicate = true> <Delay = 0.78> <CoreType = "Generic">   --->   Core 0 '' <Latency = 0> <II = 1> <Delay = 1.00> <Generic> <Opcode : >

State 5 <SV = 4> <Delay = 0.38>
ST_5 : Operation 19 [3/3] (0.38ns)   --->   "%call_ln247 = call void @generate_arp_pkg<512>, i1024 %m_axis, i48 %myMacAddress_read, i32 %myIpAddress_read, i1 %gap_state, i16 %header_idx_1, i336 %header_header_V_1, i192 %arpReplyMetaFifo, i32 %arpRequestMetaFifo" [/mnt/scratch/pyuvaraj/Vitis_RoCE_W/Vitis_RoCE/fpga-network-stack/hls/arp_server_subnet/arp_server_subnet.cpp:247]   --->   Operation 19 'call' 'call_ln247' <Predicate = true> <Delay = 0.38> <CoreType = "Generic">   --->   Core 0 '' <Latency = 0> <II = 1> <Delay = 1.00> <Generic> <Opcode : >

State 6 <SV = 5> <Delay = 1.55>
ST_6 : Operation 20 [2/3] (1.55ns)   --->   "%call_ln247 = call void @generate_arp_pkg<512>, i1024 %m_axis, i48 %myMacAddress_read, i32 %myIpAddress_read, i1 %gap_state, i16 %header_idx_1, i336 %header_header_V_1, i192 %arpReplyMetaFifo, i32 %arpRequestMetaFifo" [/mnt/scratch/pyuvaraj/Vitis_RoCE_W/Vitis_RoCE/fpga-network-stack/hls/arp_server_subnet/arp_server_subnet.cpp:247]   --->   Operation 20 'call' 'call_ln247' <Predicate = true> <Delay = 1.55> <CoreType = "Generic">   --->   Core 0 '' <Latency = 0> <II = 1> <Delay = 1.00> <Generic> <Opcode : >

State 7 <SV = 6> <Delay = 0.00>
ST_7 : Operation 21 [1/3] (0.00ns)   --->   "%call_ln247 = call void @generate_arp_pkg<512>, i1024 %m_axis, i48 %myMacAddress_read, i32 %myIpAddress_read, i1 %gap_state, i16 %header_idx_1, i336 %header_header_V_1, i192 %arpReplyMetaFifo, i32 %arpRequestMetaFifo" [/mnt/scratch/pyuvaraj/Vitis_RoCE_W/Vitis_RoCE/fpga-network-stack/hls/arp_server_subnet/arp_server_subnet.cpp:247]   --->   Operation 21 'call' 'call_ln247' <Predicate = true> <Delay = 0.00> <CoreType = "Generic">   --->   Core 0 '' <Latency = 0> <II = 1> <Delay = 1.00> <Generic> <Opcode : >

State 8 <SV = 7> <Delay = 0.00>
ST_8 : Operation 22 [3/3] (0.00ns)   --->   "%call_ln253 = call void @arp_table, i32 %s_axis_arp_lookup_request, i32 %s_axis_host_arp_lookup_request, i128 %m_axis_arp_lookup_reply, i128 %m_axis_host_arp_lookup_reply, i192 %arpTableInsertFifo, i48 %arpTable_macAddress_V, i1 %arpTable_valid, i32 %arpRequestMetaFifo" [/mnt/scratch/pyuvaraj/Vitis_RoCE_W/Vitis_RoCE/fpga-network-stack/hls/arp_server_subnet/arp_server_subnet.cpp:253]   --->   Operation 22 'call' 'call_ln253' <Predicate = true> <Delay = 0.00> <CoreType = "Generic">   --->   Core 0 '' <Latency = 0> <II = 1> <Delay = 1.00> <Generic> <Opcode : >

State 9 <SV = 8> <Delay = 0.00>
ST_9 : Operation 23 [2/3] (0.00ns)   --->   "%call_ln253 = call void @arp_table, i32 %s_axis_arp_lookup_request, i32 %s_axis_host_arp_lookup_request, i128 %m_axis_arp_lookup_reply, i128 %m_axis_host_arp_lookup_reply, i192 %arpTableInsertFifo, i48 %arpTable_macAddress_V, i1 %arpTable_valid, i32 %arpRequestMetaFifo" [/mnt/scratch/pyuvaraj/Vitis_RoCE_W/Vitis_RoCE/fpga-network-stack/hls/arp_server_subnet/arp_server_subnet.cpp:253]   --->   Operation 23 'call' 'call_ln253' <Predicate = true> <Delay = 0.00> <CoreType = "Generic">   --->   Core 0 '' <Latency = 0> <II = 1> <Delay = 1.00> <Generic> <Opcode : >

State 10 <SV = 9> <Delay = 0.00>
ST_10 : Operation 24 [1/3] (0.00ns)   --->   "%call_ln253 = call void @arp_table, i32 %s_axis_arp_lookup_request, i32 %s_axis_host_arp_lookup_request, i128 %m_axis_arp_lookup_reply, i128 %m_axis_host_arp_lookup_reply, i192 %arpTableInsertFifo, i48 %arpTable_macAddress_V, i1 %arpTable_valid, i32 %arpRequestMetaFifo" [/mnt/scratch/pyuvaraj/Vitis_RoCE_W/Vitis_RoCE/fpga-network-stack/hls/arp_server_subnet/arp_server_subnet.cpp:253]   --->   Operation 24 'call' 'call_ln253' <Predicate = true> <Delay = 0.00> <CoreType = "Generic">   --->   Core 0 '' <Latency = 0> <II = 1> <Delay = 1.00> <Generic> <Opcode : >

State 11 <SV = 10> <Delay = 0.00>
ST_11 : Operation 25 [1/1] (0.00ns)   --->   "%specdataflowpipeline_ln273 = specdataflowpipeline void @_ssdm_op_SpecDataflowPipeline, i32 4294967295, i32 1, void @empty_1" [/mnt/scratch/pyuvaraj/Vitis_RoCE_W/Vitis_RoCE/fpga-network-stack/hls/arp_server_subnet/arp_server_subnet.cpp:273]   --->   Operation 25 'specdataflowpipeline' 'specdataflowpipeline_ln273' <Predicate = true> <Delay = 0.00>
ST_11 : Operation 26 [1/1] (0.00ns)   --->   "%empty = specchannel i32 @_ssdm_op_SpecChannel, void @arpReplyMetaFifo_str, i32 1, void @p_str, void @p_str, i32 4, i32 4, i192 %arpReplyMetaFifo, i192 %arpReplyMetaFifo"   --->   Operation 26 'specchannel' 'empty' <Predicate = true> <Delay = 0.00>
ST_11 : Operation 27 [1/1] (0.00ns)   --->   "%empty_24 = specchannel i32 @_ssdm_op_SpecChannel, void @arpRequestMetaFifo_str, i32 1, void @p_str, void @p_str, i32 4, i32 4, i32 %arpRequestMetaFifo, i32 %arpRequestMetaFifo"   --->   Operation 27 'specchannel' 'empty_24' <Predicate = true> <Delay = 0.00>
ST_11 : Operation 28 [1/1] (0.00ns)   --->   "%empty_25 = specchannel i32 @_ssdm_op_SpecChannel, void @arpTableInsertFifo_str, i32 1, void @p_str, void @p_str, i32 4, i32 4, i192 %arpTableInsertFifo, i192 %arpTableInsertFifo"   --->   Operation 28 'specchannel' 'empty_25' <Predicate = true> <Delay = 0.00>
ST_11 : Operation 29 [1/1] (0.00ns)   --->   "%spectopmodule_ln261 = spectopmodule void @_ssdm_op_SpecTopModule, void @empty_5" [/mnt/scratch/pyuvaraj/Vitis_RoCE_W/Vitis_RoCE/fpga-network-stack/hls/arp_server_subnet/arp_server_subnet.cpp:261]   --->   Operation 29 'spectopmodule' 'spectopmodule_ln261' <Predicate = true> <Delay = 0.00>
ST_11 : Operation 30 [1/1] (0.00ns)   --->   "%specinterface_ln261 = specinterface void @_ssdm_op_SpecInterface, i32 0, void @empty_6, i32 0, i32 0, void @empty_1, i32 0, i32 0, void @empty_1, void @empty_1, void @empty_1, i32 0, i32 0, i32 0, i32 0, void @empty_1, void @empty_1, i32 4294967295, i32 0" [/mnt/scratch/pyuvaraj/Vitis_RoCE_W/Vitis_RoCE/fpga-network-stack/hls/arp_server_subnet/arp_server_subnet.cpp:261]   --->   Operation 30 'specinterface' 'specinterface_ln261' <Predicate = true> <Delay = 0.00>
ST_11 : Operation 31 [1/1] (0.00ns)   --->   "%specinterface_ln0 = specinterface void @_ssdm_op_SpecInterface, i1024 %s_axis, void @empty, i32 1, i32 1, void @empty_0, i32 0, i32 0, void @empty_1, void @empty_1, void @empty_1, i32 0, i32 0, i32 0, i32 0, void @empty_1, void @empty_1, i32 4294967295, i32 0"   --->   Operation 31 'specinterface' 'specinterface_ln0' <Predicate = true> <Delay = 0.00>
ST_11 : Operation 32 [1/1] (0.00ns)   --->   "%specbitsmap_ln0 = specbitsmap void @_ssdm_op_SpecBitsMap, i1024 %s_axis"   --->   Operation 32 'specbitsmap' 'specbitsmap_ln0' <Predicate = true> <Delay = 0.00>
ST_11 : Operation 33 [1/1] (0.00ns)   --->   "%specinterface_ln0 = specinterface void @_ssdm_op_SpecInterface, i32 %s_axis_arp_lookup_request, void @empty, i32 1, i32 1, void @empty_0, i32 0, i32 0, void @empty_1, void @empty_1, void @empty_1, i32 0, i32 0, i32 0, i32 0, void @empty_1, void @empty_1, i32 4294967295, i32 0"   --->   Operation 33 'specinterface' 'specinterface_ln0' <Predicate = true> <Delay = 0.00>
ST_11 : Operation 34 [1/1] (0.00ns)   --->   "%specbitsmap_ln0 = specbitsmap void @_ssdm_op_SpecBitsMap, i32 %s_axis_arp_lookup_request"   --->   Operation 34 'specbitsmap' 'specbitsmap_ln0' <Predicate = true> <Delay = 0.00>
ST_11 : Operation 35 [1/1] (0.00ns)   --->   "%specinterface_ln0 = specinterface void @_ssdm_op_SpecInterface, i32 %s_axis_host_arp_lookup_request, void @empty, i32 1, i32 1, void @empty_0, i32 0, i32 0, void @empty_1, void @empty_1, void @empty_1, i32 0, i32 0, i32 0, i32 0, void @empty_1, void @empty_1, i32 4294967295, i32 0"   --->   Operation 35 'specinterface' 'specinterface_ln0' <Predicate = true> <Delay = 0.00>
ST_11 : Operation 36 [1/1] (0.00ns)   --->   "%specbitsmap_ln0 = specbitsmap void @_ssdm_op_SpecBitsMap, i32 %s_axis_host_arp_lookup_request"   --->   Operation 36 'specbitsmap' 'specbitsmap_ln0' <Predicate = true> <Delay = 0.00>
ST_11 : Operation 37 [1/1] (0.00ns)   --->   "%specinterface_ln0 = specinterface void @_ssdm_op_SpecInterface, i1024 %m_axis, void @empty, i32 1, i32 1, void @empty_0, i32 0, i32 0, void @empty_1, void @empty_1, void @empty_1, i32 0, i32 0, i32 0, i32 0, void @empty_1, void @empty_1, i32 4294967295, i32 0"   --->   Operation 37 'specinterface' 'specinterface_ln0' <Predicate = true> <Delay = 0.00>
ST_11 : Operation 38 [1/1] (0.00ns)   --->   "%specbitsmap_ln0 = specbitsmap void @_ssdm_op_SpecBitsMap, i1024 %m_axis"   --->   Operation 38 'specbitsmap' 'specbitsmap_ln0' <Predicate = true> <Delay = 0.00>
ST_11 : Operation 39 [1/1] (0.00ns)   --->   "%specinterface_ln0 = specinterface void @_ssdm_op_SpecInterface, i128 %m_axis_arp_lookup_reply, void @empty, i32 1, i32 1, void @empty_0, i32 0, i32 0, void @empty_1, void @empty_1, void @empty_1, i32 0, i32 0, i32 0, i32 0, void @empty_1, void @empty_1, i32 4294967295, i32 0"   --->   Operation 39 'specinterface' 'specinterface_ln0' <Predicate = true> <Delay = 0.00>
ST_11 : Operation 40 [1/1] (0.00ns)   --->   "%specbitsmap_ln0 = specbitsmap void @_ssdm_op_SpecBitsMap, i128 %m_axis_arp_lookup_reply"   --->   Operation 40 'specbitsmap' 'specbitsmap_ln0' <Predicate = true> <Delay = 0.00>
ST_11 : Operation 41 [1/1] (0.00ns)   --->   "%specinterface_ln0 = specinterface void @_ssdm_op_SpecInterface, i128 %m_axis_host_arp_lookup_reply, void @empty, i32 1, i32 1, void @empty_0, i32 0, i32 0, void @empty_1, void @empty_1, void @empty_1, i32 0, i32 0, i32 0, i32 0, void @empty_1, void @empty_1, i32 4294967295, i32 0"   --->   Operation 41 'specinterface' 'specinterface_ln0' <Predicate = true> <Delay = 0.00>
ST_11 : Operation 42 [1/1] (0.00ns)   --->   "%specbitsmap_ln0 = specbitsmap void @_ssdm_op_SpecBitsMap, i128 %m_axis_host_arp_lookup_reply"   --->   Operation 42 'specbitsmap' 'specbitsmap_ln0' <Predicate = true> <Delay = 0.00>
ST_11 : Operation 43 [1/1] (0.00ns)   --->   "%specbitsmap_ln0 = specbitsmap void @_ssdm_op_SpecBitsMap, i48 %myMacAddress"   --->   Operation 43 'specbitsmap' 'specbitsmap_ln0' <Predicate = true> <Delay = 0.00>
ST_11 : Operation 44 [1/1] (0.00ns)   --->   "%specinterface_ln0 = specinterface void @_ssdm_op_SpecInterface, i48 %myMacAddress, void @empty_2, i32 1, i32 1, void @empty_1, i32 0, i32 0, void @empty_1, void @empty_1, void @empty_1, i32 0, i32 0, i32 0, i32 0, void @empty_1, void @empty_1, i32 4294967295, i32 0"   --->   Operation 44 'specinterface' 'specinterface_ln0' <Predicate = true> <Delay = 0.00>
ST_11 : Operation 45 [1/1] (0.00ns)   --->   "%specbitsmap_ln0 = specbitsmap void @_ssdm_op_SpecBitsMap, i32 %myIpAddress"   --->   Operation 45 'specbitsmap' 'specbitsmap_ln0' <Predicate = true> <Delay = 0.00>
ST_11 : Operation 46 [1/1] (0.00ns)   --->   "%specinterface_ln0 = specinterface void @_ssdm_op_SpecInterface, i32 %myIpAddress, void @empty_2, i32 1, i32 1, void @empty_1, i32 0, i32 0, void @empty_1, void @empty_1, void @empty_1, i32 0, i32 0, i32 0, i32 0, void @empty_1, void @empty_1, i32 4294967295, i32 0"   --->   Operation 46 'specinterface' 'specinterface_ln0' <Predicate = true> <Delay = 0.00>
ST_11 : Operation 47 [1/1] (0.00ns)   --->   "%specbitsmap_ln0 = specbitsmap void @_ssdm_op_SpecBitsMap, i16 %regRequestCount"   --->   Operation 47 'specbitsmap' 'specbitsmap_ln0' <Predicate = true> <Delay = 0.00>
ST_11 : Operation 48 [1/1] (0.00ns)   --->   "%specinterface_ln0 = specinterface void @_ssdm_op_SpecInterface, i16 %regRequestCount, void @empty_3, i32 0, i32 0, void @empty_1, i32 0, i32 0, void @empty_1, void @empty_1, void @empty_1, i32 0, i32 0, i32 0, i32 0, void @empty_1, void @empty_1, i32 4294967295, i32 0"   --->   Operation 48 'specinterface' 'specinterface_ln0' <Predicate = true> <Delay = 0.00>
ST_11 : Operation 49 [1/1] (0.00ns)   --->   "%specbitsmap_ln0 = specbitsmap void @_ssdm_op_SpecBitsMap, i16 %regReplyCount"   --->   Operation 49 'specbitsmap' 'specbitsmap_ln0' <Predicate = true> <Delay = 0.00>
ST_11 : Operation 50 [1/1] (0.00ns)   --->   "%specinterface_ln0 = specinterface void @_ssdm_op_SpecInterface, i16 %regReplyCount, void @empty_3, i32 0, i32 0, void @empty_1, i32 0, i32 0, void @empty_1, void @empty_1, void @empty_1, i32 0, i32 0, i32 0, i32 0, void @empty_1, void @empty_1, i32 4294967295, i32 0"   --->   Operation 50 'specinterface' 'specinterface_ln0' <Predicate = true> <Delay = 0.00>
ST_11 : Operation 51 [1/1] (0.00ns)   --->   "%specinterface_ln0 = specinterface void @_ssdm_op_SpecInterface, i192 %arpReplyMetaFifo, void @empty_4, i32 0, i32 0, void @empty_1, i32 0, i32 0, void @empty_1, void @empty_1, void @empty_1, i32 0, i32 0, i32 0, i32 0, void @empty_1, void @empty_1, i32 4294967295, i32 0"   --->   Operation 51 'specinterface' 'specinterface_ln0' <Predicate = true> <Delay = 0.00>
ST_11 : Operation 52 [1/1] (0.00ns)   --->   "%specinterface_ln0 = specinterface void @_ssdm_op_SpecInterface, i192 %arpTableInsertFifo, void @empty_4, i32 0, i32 0, void @empty_1, i32 0, i32 0, void @empty_1, void @empty_1, void @empty_1, i32 0, i32 0, i32 0, i32 0, void @empty_1, void @empty_1, i32 4294967295, i32 0"   --->   Operation 52 'specinterface' 'specinterface_ln0' <Predicate = true> <Delay = 0.00>
ST_11 : Operation 53 [1/1] (0.00ns)   --->   "%specinterface_ln0 = specinterface void @_ssdm_op_SpecInterface, i32 %arpRequestMetaFifo, void @empty_4, i32 0, i32 0, void @empty_1, i32 0, i32 0, void @empty_1, void @empty_1, void @empty_1, i32 0, i32 0, i32 0, i32 0, void @empty_1, void @empty_1, i32 4294967295, i32 0"   --->   Operation 53 'specinterface' 'specinterface_ln0' <Predicate = true> <Delay = 0.00>
ST_11 : Operation 54 [1/1] (0.00ns)   --->   "%ret_ln296 = ret" [/mnt/scratch/pyuvaraj/Vitis_RoCE_W/Vitis_RoCE/fpga-network-stack/hls/arp_server_subnet/arp_server_subnet.cpp:296]   --->   Operation 54 'ret' 'ret_ln296' <Predicate = true> <Delay = 0.00>


============================================================
+ Verbose Summary: Binding
============================================================
STG Binding: 
---------------- STG Properties BEGIN ----------------
- Is combinational: 0
- Is one-state seq: 0
- Is datapath-only: 0
- Is pipelined: 0
- Is top level: 1
Port [ Return ] is wired: 1; IO mode=ap_ctrl_none:ce=0
Port [ s_axis]:  wired=1; compound=1; hidden=0; nouse=0; global=0; static=0; extern=0; dir=0; type=0; pingpong=0; private_global=0; IO mode=axis:ce=0
Port [ s_axis_arp_lookup_request]:  wired=1; compound=1; hidden=0; nouse=0; global=0; static=0; extern=0; dir=0; type=0; pingpong=0; private_global=0; IO mode=axis:ce=0
Port [ s_axis_host_arp_lookup_request]:  wired=1; compound=1; hidden=0; nouse=0; global=0; static=0; extern=0; dir=0; type=0; pingpong=0; private_global=0; IO mode=axis:ce=0
Port [ m_axis]:  wired=1; compound=1; hidden=0; nouse=0; global=0; static=0; extern=0; dir=1; type=0; pingpong=0; private_global=0; IO mode=axis:ce=0
Port [ m_axis_arp_lookup_reply]:  wired=1; compound=1; hidden=0; nouse=0; global=0; static=0; extern=0; dir=1; type=0; pingpong=0; private_global=0; IO mode=axis:ce=0
Port [ m_axis_host_arp_lookup_reply]:  wired=1; compound=1; hidden=0; nouse=0; global=0; static=0; extern=0; dir=1; type=0; pingpong=0; private_global=0; IO mode=axis:ce=0
Port [ myMacAddress]:  wired=1; compound=0; hidden=0; nouse=0; global=0; static=0; extern=0; dir=0; type=0; pingpong=0; private_global=0; IO mode=ap_stable:ce=0
Port [ myIpAddress]:  wired=1; compound=0; hidden=0; nouse=0; global=0; static=0; extern=0; dir=0; type=0; pingpong=0; private_global=0; IO mode=ap_stable:ce=0
Port [ regRequestCount]:  wired=1; compound=0; hidden=0; nouse=0; global=0; static=0; extern=0; dir=1; type=0; pingpong=0; private_global=0; IO mode=ap_vld:ce=0
Port [ regReplyCount]:  wired=1; compound=0; hidden=0; nouse=0; global=0; static=0; extern=0; dir=1; type=0; pingpong=0; private_global=0; IO mode=ap_vld:ce=0
Port [ header_ready]:  wired=0; compound=0; hidden=1; nouse=1; global=1; static=1; extern=0; dir=2; type=0; pingpong=0; private_global=0; IO mode=ap_ovld:ce=0
Port [ header_idx]:  wired=0; compound=0; hidden=1; nouse=1; global=1; static=1; extern=0; dir=2; type=0; pingpong=0; private_global=0; IO mode=ap_ovld:ce=0
Port [ header_header_V]:  wired=0; compound=0; hidden=1; nouse=1; global=1; static=1; extern=0; dir=2; type=0; pingpong=0; private_global=0; IO mode=ap_ovld:ce=0
Port [ arpReplyMetaFifo]:  wired=0; compound=1; hidden=1; nouse=0; global=1; static=1; extern=0; dir=2; type=3; pingpong=0; private_global=1; IO mode=ap_fifo:ce=0
Port [ pag_requestCounter_V]:  wired=0; compound=0; hidden=1; nouse=1; global=1; static=1; extern=0; dir=2; type=0; pingpong=0; private_global=0; IO mode=ap_ovld:ce=0
Port [ arpTableInsertFifo]:  wired=0; compound=1; hidden=1; nouse=0; global=1; static=1; extern=0; dir=2; type=3; pingpong=0; private_global=1; IO mode=ap_fifo:ce=0
Port [ pag_replyCounter_V]:  wired=0; compound=0; hidden=1; nouse=1; global=1; static=1; extern=0; dir=2; type=0; pingpong=0; private_global=0; IO mode=ap_ovld:ce=0
Port [ gap_state]:  wired=0; compound=0; hidden=1; nouse=1; global=1; static=1; extern=0; dir=2; type=0; pingpong=0; private_global=0; IO mode=ap_ovld:ce=0
Port [ header_idx_1]:  wired=0; compound=0; hidden=1; nouse=1; global=1; static=1; extern=0; dir=2; type=0; pingpong=0; private_global=0; IO mode=ap_ovld:ce=0
Port [ header_header_V_1]:  wired=0; compound=0; hidden=1; nouse=1; global=1; static=1; extern=0; dir=2; type=0; pingpong=0; private_global=0; IO mode=ap_ovld:ce=0
Port [ arpRequestMetaFifo]:  wired=0; compound=1; hidden=1; nouse=0; global=1; static=1; extern=0; dir=2; type=3; pingpong=0; private_global=1; IO mode=ap_fifo:ce=0
Port [ arpTable_macAddress_V]:  wired=0; compound=1; hidden=1; nouse=1; global=1; static=1; extern=0; dir=2; type=1; pingpong=0; private_global=0; MemPort=[2]; IO mode=ap_memory:ce=0
Port [ arpTable_valid]:  wired=0; compound=1; hidden=1; nouse=1; global=1; static=1; extern=0; dir=2; type=1; pingpong=0; private_global=0; MemPort=[2]; IO mode=ap_memory:ce=0
---------------- STG Properties END ------------------

---------------- Datapath Model BEGIN ----------------

<LifeTime>
<method=bitvector/>
myIpAddress_read           (read                ) [ 000111000000]
myMacAddress_read          (read                ) [ 000111000000]
call_ln240                 (call                ) [ 000000000000]
call_ln247                 (call                ) [ 000000000000]
call_ln253                 (call                ) [ 000000000000]
specdataflowpipeline_ln273 (specdataflowpipeline) [ 000000000000]
empty                      (specchannel         ) [ 000000000000]
empty_24                   (specchannel         ) [ 000000000000]
empty_25                   (specchannel         ) [ 000000000000]
spectopmodule_ln261        (spectopmodule       ) [ 000000000000]
specinterface_ln261        (specinterface       ) [ 000000000000]
specinterface_ln0          (specinterface       ) [ 000000000000]
specbitsmap_ln0            (specbitsmap         ) [ 000000000000]
specinterface_ln0          (specinterface       ) [ 000000000000]
specbitsmap_ln0            (specbitsmap         ) [ 000000000000]
specinterface_ln0          (specinterface       ) [ 000000000000]
specbitsmap_ln0            (specbitsmap         ) [ 000000000000]
specinterface_ln0          (specinterface       ) [ 000000000000]
specbitsmap_ln0            (specbitsmap         ) [ 000000000000]
specinterface_ln0          (specinterface       ) [ 000000000000]
specbitsmap_ln0            (specbitsmap         ) [ 000000000000]
specinterface_ln0          (specinterface       ) [ 000000000000]
specbitsmap_ln0            (specbitsmap         ) [ 000000000000]
specbitsmap_ln0            (specbitsmap         ) [ 000000000000]
specinterface_ln0          (specinterface       ) [ 000000000000]
specbitsmap_ln0            (specbitsmap         ) [ 000000000000]
specinterface_ln0          (specinterface       ) [ 000000000000]
specbitsmap_ln0            (specbitsmap         ) [ 000000000000]
specinterface_ln0          (specinterface       ) [ 000000000000]
specbitsmap_ln0            (specbitsmap         ) [ 000000000000]
specinterface_ln0          (specinterface       ) [ 000000000000]
specinterface_ln0          (specinterface       ) [ 000000000000]
specinterface_ln0          (specinterface       ) [ 000000000000]
specinterface_ln0          (specinterface       ) [ 000000000000]
ret_ln296                  (ret                 ) [ 000000000000]
</LifeTime>

<model>

<comp_list>
<comp id="0" class="1000" name="s_axis">
<pin_list>
<pin id="1" dir="1" index="0" bw="1" slack="0"/>
</pin_list>
<bind>
<StgValue><ssdm name="s_axis"/></StgValue>
</bind>
</comp>

<comp id="2" class="1000" name="s_axis_arp_lookup_request">
<pin_list>
<pin id="3" dir="1" index="0" bw="1" slack="0"/>
</pin_list>
<bind>
<StgValue><ssdm name="s_axis_arp_lookup_request"/></StgValue>
</bind>
</comp>

<comp id="4" class="1000" name="s_axis_host_arp_lookup_request">
<pin_list>
<pin id="5" dir="1" index="0" bw="1" slack="0"/>
</pin_list>
<bind>
<StgValue><ssdm name="s_axis_host_arp_lookup_request"/></StgValue>
</bind>
</comp>

<comp id="6" class="1000" name="m_axis">
<pin_list>
<pin id="7" dir="1" index="0" bw="1" slack="0"/>
</pin_list>
<bind>
<StgValue><ssdm name="m_axis"/></StgValue>
</bind>
</comp>

<comp id="8" class="1000" name="m_axis_arp_lookup_reply">
<pin_list>
<pin id="9" dir="1" index="0" bw="1" slack="0"/>
</pin_list>
<bind>
<StgValue><ssdm name="m_axis_arp_lookup_reply"/></StgValue>
</bind>
</comp>

<comp id="10" class="1000" name="m_axis_host_arp_lookup_reply">
<pin_list>
<pin id="11" dir="1" index="0" bw="1" slack="0"/>
</pin_list>
<bind>
<StgValue><ssdm name="m_axis_host_arp_lookup_reply"/></StgValue>
</bind>
</comp>

<comp id="12" class="1000" name="myMacAddress">
<pin_list>
<pin id="13" dir="1" index="0" bw="1" slack="0"/>
</pin_list>
<bind>
<StgValue><ssdm name="myMacAddress"/></StgValue>
</bind>
</comp>

<comp id="14" class="1000" name="myIpAddress">
<pin_list>
<pin id="15" dir="1" index="0" bw="1" slack="0"/>
</pin_list>
<bind>
<StgValue><ssdm name="myIpAddress"/></StgValue>
</bind>
</comp>

<comp id="16" class="1000" name="regRequestCount">
<pin_list>
<pin id="17" dir="1" index="0" bw="1" slack="0"/>
</pin_list>
<bind>
<StgValue><ssdm name="regRequestCount"/></StgValue>
</bind>
</comp>

<comp id="18" class="1000" name="regReplyCount">
<pin_list>
<pin id="19" dir="1" index="0" bw="1" slack="0"/>
</pin_list>
<bind>
<StgValue><ssdm name="regReplyCount"/></StgValue>
</bind>
</comp>

<comp id="20" class="1000" name="header_ready">
<pin_list>
<pin id="21" dir="1" index="0" bw="1" slack="0"/>
</pin_list>
<bind>
<StgValue><ssdm name="header_ready"/></StgValue>
</bind>
</comp>

<comp id="22" class="1000" name="header_idx">
<pin_list>
<pin id="23" dir="1" index="0" bw="1" slack="0"/>
</pin_list>
<bind>
<StgValue><ssdm name="header_idx"/></StgValue>
</bind>
</comp>

<comp id="24" class="1000" name="header_header_V">
<pin_list>
<pin id="25" dir="1" index="0" bw="1" slack="0"/>
</pin_list>
<bind>
<StgValue><ssdm name="header_header_V"/></StgValue>
</bind>
</comp>

<comp id="26" class="1000" name="arpReplyMetaFifo">
<pin_list>
<pin id="27" dir="1" index="0" bw="1" slack="0"/>
</pin_list>
<bind>
<StgValue><ssdm name="arpReplyMetaFifo"/></StgValue>
</bind>
</comp>

<comp id="28" class="1000" name="pag_requestCounter_V">
<pin_list>
<pin id="29" dir="1" index="0" bw="1" slack="0"/>
</pin_list>
<bind>
<StgValue><ssdm name="pag_requestCounter_V"/></StgValue>
</bind>
</comp>

<comp id="30" class="1000" name="arpTableInsertFifo">
<pin_list>
<pin id="31" dir="1" index="0" bw="1" slack="0"/>
</pin_list>
<bind>
<StgValue><ssdm name="arpTableInsertFifo"/></StgValue>
</bind>
</comp>

<comp id="32" class="1000" name="pag_replyCounter_V">
<pin_list>
<pin id="33" dir="1" index="0" bw="1" slack="0"/>
</pin_list>
<bind>
<StgValue><ssdm name="pag_replyCounter_V"/></StgValue>
</bind>
</comp>

<comp id="34" class="1000" name="gap_state">
<pin_list>
<pin id="35" dir="1" index="0" bw="1" slack="0"/>
</pin_list>
<bind>
<StgValue><ssdm name="gap_state"/></StgValue>
</bind>
</comp>

<comp id="36" class="1000" name="header_idx_1">
<pin_list>
<pin id="37" dir="1" index="0" bw="1" slack="0"/>
</pin_list>
<bind>
<StgValue><ssdm name="header_idx_1"/></StgValue>
</bind>
</comp>

<comp id="38" class="1000" name="header_header_V_1">
<pin_list>
<pin id="39" dir="1" index="0" bw="1" slack="0"/>
</pin_list>
<bind>
<StgValue><ssdm name="header_header_V_1"/></StgValue>
</bind>
</comp>

<comp id="40" class="1000" name="arpRequestMetaFifo">
<pin_list>
<pin id="41" dir="1" index="0" bw="1" slack="0"/>
</pin_list>
<bind>
<StgValue><ssdm name="arpRequestMetaFifo"/></StgValue>
</bind>
</comp>

<comp id="42" class="1000" name="arpTable_macAddress_V">
<pin_list>
<pin id="43" dir="1" index="0" bw="1" slack="0"/>
</pin_list>
<bind>
<StgValue><ssdm name="arpTable_macAddress_V"/><MemPortTyVec>2 </MemPortTyVec>
</StgValue>
</bind>
</comp>

<comp id="44" class="1000" name="arpTable_valid">
<pin_list>
<pin id="45" dir="1" index="0" bw="1" slack="0"/>
</pin_list>
<bind>
<StgValue><ssdm name="arpTable_valid"/><MemPortTyVec>2 </MemPortTyVec>
</StgValue>
</bind>
</comp>

<comp id="46" class="1001" name="const_46">
<pin_list>
<pin id="47" dir="1" index="0" bw="1" slack="0"/>
</pin_list>
<bind>
<StgValue><ssdm name="_ssdm_op_Read.ap_stable.i32"/></StgValue>
</bind>
</comp>

<comp id="48" class="1001" name="const_48">
<pin_list>
<pin id="49" dir="1" index="0" bw="1" slack="0"/>
</pin_list>
<bind>
<StgValue><ssdm name="_ssdm_op_Read.ap_stable.i48"/></StgValue>
</bind>
</comp>

<comp id="50" class="1001" name="const_50">
<pin_list>
<pin id="51" dir="1" index="0" bw="1" slack="0"/>
</pin_list>
<bind>
<StgValue><ssdm name="process_arp_pkg<512>"/></StgValue>
</bind>
</comp>

<comp id="52" class="1001" name="const_52">
<pin_list>
<pin id="53" dir="1" index="0" bw="1" slack="0"/>
</pin_list>
<bind>
<StgValue><ssdm name="generate_arp_pkg<512>"/></StgValue>
</bind>
</comp>

<comp id="54" class="1001" name="const_54">
<pin_list>
<pin id="55" dir="1" index="0" bw="1" slack="0"/>
</pin_list>
<bind>
<StgValue><ssdm name="arp_table"/></StgValue>
</bind>
</comp>

<comp id="56" class="1001" name="const_56">
<pin_list>
<pin id="57" dir="1" index="0" bw="1" slack="2147483647"/>
</pin_list>
<bind>
<StgValue><ssdm name="_ssdm_op_SpecDataflowPipeline"/></StgValue>
</bind>
</comp>

<comp id="58" class="1001" name="const_58">
<pin_list>
<pin id="59" dir="1" index="0" bw="1" slack="2147483647"/>
</pin_list>
<bind>
<StgValue><ssdm name=""/></StgValue>
</bind>
</comp>

<comp id="60" class="1001" name="const_60">
<pin_list>
<pin id="61" dir="1" index="0" bw="1" slack="2147483647"/>
</pin_list>
<bind>
<StgValue><ssdm name=""/></StgValue>
</bind>
</comp>

<comp id="62" class="1001" name="const_62">
<pin_list>
<pin id="63" dir="1" index="0" bw="1" slack="2147483647"/>
</pin_list>
<bind>
<StgValue><ssdm name="empty_1"/></StgValue>
</bind>
</comp>

<comp id="64" class="1001" name="const_64">
<pin_list>
<pin id="65" dir="1" index="0" bw="1" slack="2147483647"/>
</pin_list>
<bind>
<StgValue><ssdm name="_ssdm_op_SpecChannel"/></StgValue>
</bind>
</comp>

<comp id="66" class="1001" name="const_66">
<pin_list>
<pin id="67" dir="1" index="0" bw="1" slack="2147483647"/>
</pin_list>
<bind>
<StgValue><ssdm name="arpReplyMetaFifo_str"/></StgValue>
</bind>
</comp>

<comp id="68" class="1001" name="const_68">
<pin_list>
<pin id="69" dir="1" index="0" bw="1" slack="2147483647"/>
</pin_list>
<bind>
<StgValue><ssdm name="p_str"/></StgValue>
</bind>
</comp>

<comp id="70" class="1001" name="const_70">
<pin_list>
<pin id="71" dir="1" index="0" bw="1" slack="2147483647"/>
</pin_list>
<bind>
<StgValue><ssdm name=""/></StgValue>
</bind>
</comp>

<comp id="72" class="1001" name="const_72">
<pin_list>
<pin id="73" dir="1" index="0" bw="1" slack="2147483647"/>
</pin_list>
<bind>
<StgValue><ssdm name="arpRequestMetaFifo_str"/></StgValue>
</bind>
</comp>

<comp id="74" class="1001" name="const_74">
<pin_list>
<pin id="75" dir="1" index="0" bw="1" slack="2147483647"/>
</pin_list>
<bind>
<StgValue><ssdm name="arpTableInsertFifo_str"/></StgValue>
</bind>
</comp>

<comp id="76" class="1001" name="const_76">
<pin_list>
<pin id="77" dir="1" index="0" bw="1" slack="2147483647"/>
</pin_list>
<bind>
<StgValue><ssdm name="_ssdm_op_SpecTopModule"/></StgValue>
</bind>
</comp>

<comp id="78" class="1001" name="const_78">
<pin_list>
<pin id="79" dir="1" index="0" bw="1" slack="2147483647"/>
</pin_list>
<bind>
<StgValue><ssdm name="empty_5"/></StgValue>
</bind>
</comp>

<comp id="80" class="1001" name="const_80">
<pin_list>
<pin id="81" dir="1" index="0" bw="1" slack="2147483647"/>
</pin_list>
<bind>
<StgValue><ssdm name="_ssdm_op_SpecInterface"/></StgValue>
</bind>
</comp>

<comp id="82" class="1001" name="const_82">
<pin_list>
<pin id="83" dir="1" index="0" bw="1" slack="2147483647"/>
</pin_list>
<bind>
<StgValue><ssdm name=""/></StgValue>
</bind>
</comp>

<comp id="84" class="1001" name="const_84">
<pin_list>
<pin id="85" dir="1" index="0" bw="1" slack="2147483647"/>
</pin_list>
<bind>
<StgValue><ssdm name="empty_6"/></StgValue>
</bind>
</comp>

<comp id="86" class="1001" name="const_86">
<pin_list>
<pin id="87" dir="1" index="0" bw="1" slack="2147483647"/>
</pin_list>
<bind>
<StgValue><ssdm name="empty"/></StgValue>
</bind>
</comp>

<comp id="88" class="1001" name="const_88">
<pin_list>
<pin id="89" dir="1" index="0" bw="1" slack="2147483647"/>
</pin_list>
<bind>
<StgValue><ssdm name="empty_0"/></StgValue>
</bind>
</comp>

<comp id="90" class="1001" name="const_90">
<pin_list>
<pin id="91" dir="1" index="0" bw="1" slack="2147483647"/>
</pin_list>
<bind>
<StgValue><ssdm name="_ssdm_op_SpecBitsMap"/></StgValue>
</bind>
</comp>

<comp id="92" class="1001" name="const_92">
<pin_list>
<pin id="93" dir="1" index="0" bw="1" slack="2147483647"/>
</pin_list>
<bind>
<StgValue><ssdm name="empty_2"/></StgValue>
</bind>
</comp>

<comp id="94" class="1001" name="const_94">
<pin_list>
<pin id="95" dir="1" index="0" bw="1" slack="2147483647"/>
</pin_list>
<bind>
<StgValue><ssdm name="empty_3"/></StgValue>
</bind>
</comp>

<comp id="96" class="1001" name="const_96">
<pin_list>
<pin id="97" dir="1" index="0" bw="1" slack="2147483647"/>
</pin_list>
<bind>
<StgValue><ssdm name="empty_4"/></StgValue>
</bind>
</comp>

<comp id="98" class="1004" name="grp_read_fu_98">
<pin_list>
<pin id="99" dir="0" index="0" bw="32" slack="0"/>
<pin id="100" dir="0" index="1" bw="32" slack="0"/>
<pin id="101" dir="1" index="2" bw="32" slack="0"/>
</pin_list>
<bind>
<opcode="read(1150) " fcode="read"/>
<opset="myIpAddress_read/1 "/>
</bind>
</comp>

<comp id="104" class="1004" name="grp_read_fu_104">
<pin_list>
<pin id="105" dir="0" index="0" bw="48" slack="0"/>
<pin id="106" dir="0" index="1" bw="48" slack="0"/>
<pin id="107" dir="1" index="2" bw="48" slack="3"/>
</pin_list>
<bind>
<opcode="read(1150) " fcode="read"/>
<opset="myMacAddress_read/1 "/>
</bind>
</comp>

<comp id="110" class="1004" name="grp_process_arp_pkg_512_s_fu_110">
<pin_list>
<pin id="111" dir="0" index="0" bw="0" slack="0"/>
<pin id="112" dir="0" index="1" bw="1024" slack="0"/>
<pin id="113" dir="0" index="2" bw="32" slack="0"/>
<pin id="114" dir="0" index="3" bw="16" slack="0"/>
<pin id="115" dir="0" index="4" bw="16" slack="0"/>
<pin id="116" dir="0" index="5" bw="1" slack="0"/>
<pin id="117" dir="0" index="6" bw="16" slack="0"/>
<pin id="118" dir="0" index="7" bw="336" slack="0"/>
<pin id="119" dir="0" index="8" bw="192" slack="0"/>
<pin id="120" dir="0" index="9" bw="16" slack="0"/>
<pin id="121" dir="0" index="10" bw="192" slack="0"/>
<pin id="122" dir="0" index="11" bw="16" slack="0"/>
<pin id="123" dir="1" index="12" bw="0" slack="2147483647"/>
</pin_list>
<bind>
<opcode="call(48) " fcode="call"/>
<opset="call_ln240/2 "/>
</bind>
</comp>

<comp id="136" class="1004" name="grp_generate_arp_pkg_512_s_fu_136">
<pin_list>
<pin id="137" dir="0" index="0" bw="0" slack="0"/>
<pin id="138" dir="0" index="1" bw="1024" slack="0"/>
<pin id="139" dir="0" index="2" bw="48" slack="3"/>
<pin id="140" dir="0" index="3" bw="32" slack="3"/>
<pin id="141" dir="0" index="4" bw="1" slack="0"/>
<pin id="142" dir="0" index="5" bw="16" slack="0"/>
<pin id="143" dir="0" index="6" bw="336" slack="0"/>
<pin id="144" dir="0" index="7" bw="192" slack="0"/>
<pin id="145" dir="0" index="8" bw="32" slack="0"/>
<pin id="146" dir="1" index="9" bw="0" slack="2147483647"/>
</pin_list>
<bind>
<opcode="call(48) " fcode="call"/>
<opset="call_ln247/5 "/>
</bind>
</comp>

<comp id="154" class="1004" name="grp_arp_table_fu_154">
<pin_list>
<pin id="155" dir="0" index="0" bw="0" slack="0"/>
<pin id="156" dir="0" index="1" bw="32" slack="0"/>
<pin id="157" dir="0" index="2" bw="32" slack="0"/>
<pin id="158" dir="0" index="3" bw="128" slack="0"/>
<pin id="159" dir="0" index="4" bw="128" slack="0"/>
<pin id="160" dir="0" index="5" bw="192" slack="0"/>
<pin id="161" dir="0" index="6" bw="48" slack="0"/>
<pin id="162" dir="0" index="7" bw="1" slack="0"/>
<pin id="163" dir="0" index="8" bw="32" slack="0"/>
<pin id="164" dir="1" index="9" bw="0" slack="2147483647"/>
</pin_list>
<bind>
<opcode="call(48) " fcode="call"/>
<opset="call_ln253/8 "/>
</bind>
</comp>

<comp id="174" class="1005" name="myIpAddress_read_reg_174">
<pin_list>
<pin id="175" dir="0" index="0" bw="32" slack="1"/>
<pin id="176" dir="1" index="1" bw="32" slack="1"/>
</pin_list>
<bind>
<opset="myIpAddress_read "/>
</bind>
</comp>

<comp id="180" class="1005" name="myMacAddress_read_reg_180">
<pin_list>
<pin id="181" dir="0" index="0" bw="48" slack="3"/>
<pin id="182" dir="1" index="1" bw="48" slack="3"/>
</pin_list>
<bind>
<opset="myMacAddress_read "/>
</bind>
</comp>

</comp_list>

<net_list>
<net id="102"><net_src comp="46" pin="0"/><net_sink comp="98" pin=0"/></net>

<net id="103"><net_src comp="14" pin="0"/><net_sink comp="98" pin=1"/></net>

<net id="108"><net_src comp="48" pin="0"/><net_sink comp="104" pin=0"/></net>

<net id="109"><net_src comp="12" pin="0"/><net_sink comp="104" pin=1"/></net>

<net id="124"><net_src comp="50" pin="0"/><net_sink comp="110" pin=0"/></net>

<net id="125"><net_src comp="0" pin="0"/><net_sink comp="110" pin=1"/></net>

<net id="126"><net_src comp="98" pin="2"/><net_sink comp="110" pin=2"/></net>

<net id="127"><net_src comp="16" pin="0"/><net_sink comp="110" pin=3"/></net>

<net id="128"><net_src comp="18" pin="0"/><net_sink comp="110" pin=4"/></net>

<net id="129"><net_src comp="20" pin="0"/><net_sink comp="110" pin=5"/></net>

<net id="130"><net_src comp="22" pin="0"/><net_sink comp="110" pin=6"/></net>

<net id="131"><net_src comp="24" pin="0"/><net_sink comp="110" pin=7"/></net>

<net id="132"><net_src comp="26" pin="0"/><net_sink comp="110" pin=8"/></net>

<net id="133"><net_src comp="28" pin="0"/><net_sink comp="110" pin=9"/></net>

<net id="134"><net_src comp="30" pin="0"/><net_sink comp="110" pin=10"/></net>

<net id="135"><net_src comp="32" pin="0"/><net_sink comp="110" pin=11"/></net>

<net id="147"><net_src comp="52" pin="0"/><net_sink comp="136" pin=0"/></net>

<net id="148"><net_src comp="6" pin="0"/><net_sink comp="136" pin=1"/></net>

<net id="149"><net_src comp="34" pin="0"/><net_sink comp="136" pin=4"/></net>

<net id="150"><net_src comp="36" pin="0"/><net_sink comp="136" pin=5"/></net>

<net id="151"><net_src comp="38" pin="0"/><net_sink comp="136" pin=6"/></net>

<net id="152"><net_src comp="26" pin="0"/><net_sink comp="136" pin=7"/></net>

<net id="153"><net_src comp="40" pin="0"/><net_sink comp="136" pin=8"/></net>

<net id="165"><net_src comp="54" pin="0"/><net_sink comp="154" pin=0"/></net>

<net id="166"><net_src comp="2" pin="0"/><net_sink comp="154" pin=1"/></net>

<net id="167"><net_src comp="4" pin="0"/><net_sink comp="154" pin=2"/></net>

<net id="168"><net_src comp="8" pin="0"/><net_sink comp="154" pin=3"/></net>

<net id="169"><net_src comp="10" pin="0"/><net_sink comp="154" pin=4"/></net>

<net id="170"><net_src comp="30" pin="0"/><net_sink comp="154" pin=5"/></net>

<net id="171"><net_src comp="42" pin="0"/><net_sink comp="154" pin=6"/></net>

<net id="172"><net_src comp="44" pin="0"/><net_sink comp="154" pin=7"/></net>

<net id="173"><net_src comp="40" pin="0"/><net_sink comp="154" pin=8"/></net>

<net id="177"><net_src comp="98" pin="2"/><net_sink comp="174" pin=0"/></net>

<net id="178"><net_src comp="174" pin="1"/><net_sink comp="110" pin=2"/></net>

<net id="179"><net_src comp="174" pin="1"/><net_sink comp="136" pin=3"/></net>

<net id="183"><net_src comp="104" pin="2"/><net_sink comp="180" pin=0"/></net>

<net id="184"><net_src comp="180" pin="1"/><net_sink comp="136" pin=2"/></net>

</net_list>

</model> 
---------------- Datapath Model END ------------------

* FSMD analyzer results:
  - Output states:
	Port: m_axis | {7 }
	Port: m_axis_arp_lookup_reply | {10 }
	Port: m_axis_host_arp_lookup_reply | {10 }
	Port: regRequestCount | {4 }
	Port: regReplyCount | {4 }
	Port: header_ready | {2 }
	Port: header_idx | {2 }
	Port: header_header_V | {2 }
	Port: arpReplyMetaFifo | {4 }
	Port: pag_requestCounter_V | {4 }
	Port: arpTableInsertFifo | {4 }
	Port: pag_replyCounter_V | {4 }
	Port: gap_state | {5 }
	Port: header_idx_1 | {5 }
	Port: header_header_V_1 | {5 }
	Port: arpRequestMetaFifo | {10 }
	Port: arpTable_macAddress_V | {8 }
	Port: arpTable_valid | {8 }
 - Input state : 
	Port: arp_server_subnet_top : s_axis | {2 }
	Port: arp_server_subnet_top : s_axis_arp_lookup_request | {8 }
	Port: arp_server_subnet_top : s_axis_host_arp_lookup_request | {8 }
	Port: arp_server_subnet_top : myMacAddress | {1 }
	Port: arp_server_subnet_top : myIpAddress | {1 }
	Port: arp_server_subnet_top : header_ready | {2 }
	Port: arp_server_subnet_top : header_idx | {2 }
	Port: arp_server_subnet_top : header_header_V | {2 }
	Port: arp_server_subnet_top : arpReplyMetaFifo | {5 }
	Port: arp_server_subnet_top : pag_requestCounter_V | {4 }
	Port: arp_server_subnet_top : arpTableInsertFifo | {8 }
	Port: arp_server_subnet_top : pag_replyCounter_V | {4 }
	Port: arp_server_subnet_top : gap_state | {5 }
	Port: arp_server_subnet_top : header_idx_1 | {5 }
	Port: arp_server_subnet_top : header_header_V_1 | {5 }
	Port: arp_server_subnet_top : arpRequestMetaFifo | {5 }
	Port: arp_server_subnet_top : arpTable_macAddress_V | {8 9 }
	Port: arp_server_subnet_top : arpTable_valid | {8 9 }
  - Chain level:
	State 1
	State 2
	State 3
	State 4
	State 5
	State 6
	State 7
	State 8
	State 9
	State 10
	State 11


============================================================
+ Verbose Summary: Datapath Resource usage 
============================================================

* Functional unit list:
|----------|-----------------------------------|---------|---------|---------|
| Operation|          Functional Unit          |  Delay  |    FF   |   LUT   |
|----------|-----------------------------------|---------|---------|---------|
|          |  grp_process_arp_pkg_512_s_fu_110 |    0    |   1222  |   2941  |
|   call   | grp_generate_arp_pkg_512_s_fu_136 |  0.387  |   1697  |    48   |
|          |        grp_arp_table_fu_154       | 2.13214 |   357   |    79   |
|----------|-----------------------------------|---------|---------|---------|
|   read   |           grp_read_fu_98          |    0    |    0    |    0    |
|          |          grp_read_fu_104          |    0    |    0    |    0    |
|----------|-----------------------------------|---------|---------|---------|
|   Total  |                                   | 2.51914 |   3276  |   3068  |
|----------|-----------------------------------|---------|---------|---------|

Memories:
+---------------------+--------+--------+--------+
|                     |  BRAM  |   FF   |   LUT  |
+---------------------+--------+--------+--------+
|arpTable_macAddress_V|    2   |    0   |    0   |
|    arpTable_valid   |    1   |    0   |    0   |
+---------------------+--------+--------+--------+
|        Total        |    3   |    0   |    0   |
+---------------------+--------+--------+--------+

* Register list:
+-------------------------+--------+
|                         |   FF   |
+-------------------------+--------+
| myIpAddress_read_reg_174|   32   |
|myMacAddress_read_reg_180|   48   |
+-------------------------+--------+
|          Total          |   80   |
+-------------------------+--------+

* Multiplexer (MUX) list: 
|----------------------------------|------|------|------|--------||---------||---------|
|               Comp               |  Pin | Size |  BW  | S x BW ||  Delay  ||   LUT   |
|----------------------------------|------|------|------|--------||---------||---------|
| grp_process_arp_pkg_512_s_fu_110 |  p2  |   2  |  32  |   64   ||    9    |
|----------------------------------|------|------|------|--------||---------||---------|
|               Total              |      |      |      |   64   ||  0.387  ||    9    |
|----------------------------------|------|------|------|--------||---------||---------|



* Summary:
+-----------+--------+--------+--------+--------+
|           |  BRAM  |  Delay |   FF   |   LUT  |
+-----------+--------+--------+--------+--------+
|  Function |    -   |    2   |  3276  |  3068  |
|   Memory  |    3   |    -   |    0   |    0   |
|Multiplexer|    -   |    0   |    -   |    9   |
|  Register |    -   |    -   |   80   |    -   |
+-----------+--------+--------+--------+--------+
|   Total   |    3   |    2   |  3356  |  3077  |
+-----------+--------+--------+--------+--------+
