

================================================================
== Vitis HLS Report for 'generate_arp_pkg_512_s'
================================================================
* Date:           Tue Jul 11 09:15:07 2023

* Version:        2022.1 (Build 3526262 on Mon Apr 18 15:47:01 MDT 2022)
* Project:        arp_server_subnet_prj
* Solution:       solution1 (Vivado IP Flow Target)
* Product family: virtexuplus
* Target device:  xcu280-fsvh2892-2L-e


================================================================
== Performance Estimates
================================================================
+ Timing: 
    * Summary: 
    +--------+---------+----------+------------+
    |  Clock |  Target | Estimated| Uncertainty|
    +--------+---------+----------+------------+
    |ap_clk  |  3.20 ns|  1.555 ns|     0.86 ns|
    +--------+---------+----------+------------+

+ Latency: 
    * Summary: 
    +---------+---------+----------+----------+-----+-----+---------+
    |  Latency (cycles) |  Latency (absolute) |  Interval | Pipeline|
    |   min   |   max   |    min   |    max   | min | max |   Type  |
    +---------+---------+----------+----------+-----+-----+---------+
    |        2|        2|  6.400 ns|  6.400 ns|    1|    1|      yes|
    +---------+---------+----------+----------+-----+-----+---------+

    + Detail: 
        * Instance: 
        N/A

        * Loop: 
        N/A

============================================================
+ Verbose Summary: Synthesis Manager
============================================================
InlineROM: 1
ExposeGlobal: 0
============================================================
+ Verbose Summary: CDFG Model
============================================================
IsTopModel: 0
ResetActiveHigh: 1
IsCombinational: 2
IsDatapathOnly: 0
HasWiredReturn: 1
HasMFsm: 2
HasVarLatency: 0
IsPipeline: 1
IsRtlPipelined: 1
IsInstanceOverlapped: 0
IsDontTouch: 0
HasImplIP: 0
IsGatedGlobalClock: 0

+ Individual pipeline summary: 
  * Pipeline-0: initiation interval (II) = 1, depth = 3


============================================================
+ Verbose Summary: Schedule
============================================================
* Number of FSM states : 3
* Pipeline : 1
  Pipeline-0 : II = 1, D = 3, States = { 1 2 3 }
* Dataflow Pipeline: 0

* FSM state transitions: 
1 --> 2 
2 --> 3 
3 --> 

* FSM state operations: 

State 1 <SV = 0> <Delay = 1.55>
ST_1 : Operation 4 [1/1] (0.00ns)   --->   "%myIpAddress_read = read i32 @_ssdm_op_Read.ap_auto.i32, i32 %myIpAddress"   --->   Operation 4 'read' 'myIpAddress_read' <Predicate = true> <Delay = 0.00>
ST_1 : Operation 5 [1/1] (0.00ns)   --->   "%myMacAddress_read = read i48 @_ssdm_op_Read.ap_auto.i48, i48 %myMacAddress"   --->   Operation 5 'read' 'myMacAddress_read' <Predicate = true> <Delay = 0.00>
ST_1 : Operation 6 [1/1] (0.00ns)   --->   "%specinterface_ln0 = specinterface void @_ssdm_op_SpecInterface, i192 %arpReplyMetaFifo, void @empty_4, i32 0, i32 0, void @empty_1, i32 0, i32 0, void @empty_1, void @empty_1, void @empty_1, i32 0, i32 0, i32 0, i32 0, void @empty_1, void @empty_1, i32 4294967295, i32 0"   --->   Operation 6 'specinterface' 'specinterface_ln0' <Predicate = true> <Delay = 0.00>
ST_1 : Operation 7 [1/1] (0.00ns)   --->   "%specinterface_ln0 = specinterface void @_ssdm_op_SpecInterface, i192 %arpReplyMetaFifo, void @empty_4, i32 0, i32 0, void @empty_1, i32 0, i32 0, void @empty_1, void @empty_1, void @empty_1, i32 0, i32 0, i32 0, i32 0, void @empty_1, void @empty_1, i32 4294967295, i32 0"   --->   Operation 7 'specinterface' 'specinterface_ln0' <Predicate = true> <Delay = 0.00>
ST_1 : Operation 8 [1/1] (0.00ns)   --->   "%specinterface_ln0 = specinterface void @_ssdm_op_SpecInterface, i192 %arpReplyMetaFifo, void @empty_4, i32 0, i32 0, void @empty_1, i32 0, i32 0, void @empty_1, void @empty_1, void @empty_1, i32 0, i32 0, i32 0, i32 0, void @empty_1, void @empty_1, i32 4294967295, i32 0"   --->   Operation 8 'specinterface' 'specinterface_ln0' <Predicate = true> <Delay = 0.00>
ST_1 : Operation 9 [1/1] (0.00ns)   --->   "%specinterface_ln0 = specinterface void @_ssdm_op_SpecInterface, i32 %arpRequestMetaFifo, void @empty_4, i32 0, i32 0, void @empty_1, i32 0, i32 0, void @empty_1, void @empty_1, void @empty_1, i32 0, i32 0, i32 0, i32 0, void @empty_1, void @empty_1, i32 4294967295, i32 0"   --->   Operation 9 'specinterface' 'specinterface_ln0' <Predicate = true> <Delay = 0.00>
ST_1 : Operation 10 [1/1] (0.00ns)   --->   "%specinterface_ln0 = specinterface void @_ssdm_op_SpecInterface, i32 %arpRequestMetaFifo, void @empty_4, i32 0, i32 0, void @empty_1, i32 0, i32 0, void @empty_1, void @empty_1, void @empty_1, i32 0, i32 0, i32 0, i32 0, void @empty_1, void @empty_1, i32 4294967295, i32 0"   --->   Operation 10 'specinterface' 'specinterface_ln0' <Predicate = true> <Delay = 0.00>
ST_1 : Operation 11 [1/1] (0.00ns)   --->   "%specinterface_ln0 = specinterface void @_ssdm_op_SpecInterface, i32 %arpRequestMetaFifo, void @empty_4, i32 0, i32 0, void @empty_1, i32 0, i32 0, void @empty_1, void @empty_1, void @empty_1, i32 0, i32 0, i32 0, i32 0, void @empty_1, void @empty_1, i32 4294967295, i32 0"   --->   Operation 11 'specinterface' 'specinterface_ln0' <Predicate = true> <Delay = 0.00>
ST_1 : Operation 12 [1/1] (0.00ns)   --->   "%specinterface_ln0 = specinterface void @_ssdm_op_SpecInterface, i32 %arpRequestMetaFifo, void @empty_4, i32 0, i32 0, void @empty_1, i32 0, i32 0, void @empty_1, void @empty_1, void @empty_1, i32 0, i32 0, i32 0, i32 0, void @empty_1, void @empty_1, i32 4294967295, i32 0"   --->   Operation 12 'specinterface' 'specinterface_ln0' <Predicate = true> <Delay = 0.00>
ST_1 : Operation 13 [1/1] (0.00ns)   --->   "%specinterface_ln0 = specinterface void @_ssdm_op_SpecInterface, i192 %arpReplyMetaFifo, void @empty_4, i32 0, i32 0, void @empty_1, i32 0, i32 0, void @empty_1, void @empty_1, void @empty_1, i32 0, i32 0, i32 0, i32 0, void @empty_1, void @empty_1, i32 4294967295, i32 0"   --->   Operation 13 'specinterface' 'specinterface_ln0' <Predicate = true> <Delay = 0.00>
ST_1 : Operation 14 [1/1] (0.00ns)   --->   "%specinterface_ln0 = specinterface void @_ssdm_op_SpecInterface, i1024 %m_axis, void @empty, i32 1, i32 1, void @empty_0, i32 0, i32 0, void @empty_1, void @empty_1, void @empty_1, i32 0, i32 0, i32 0, i32 0, void @empty_1, void @empty_1, i32 4294967295, i32 0"   --->   Operation 14 'specinterface' 'specinterface_ln0' <Predicate = true> <Delay = 0.00>
ST_1 : Operation 15 [1/1] (0.00ns)   --->   "%specpipeline_ln0 = specpipeline void @_ssdm_op_SpecPipeline, i32 1, i32 0, i32 0, i32 0, void @empty_1"   --->   Operation 15 'specpipeline' 'specpipeline_ln0' <Predicate = true> <Delay = 0.00>
ST_1 : Operation 16 [1/1] (0.00ns)   --->   "%gap_state_load = load i1 %gap_state" [/mnt/scratch/pyuvaraj/Vitis_RoCE_W/Vitis_RoCE/fpga-network-stack/hls/arp_server_subnet/arp_server_subnet.cpp:92]   --->   Operation 16 'load' 'gap_state_load' <Predicate = true> <Delay = 0.00>
ST_1 : Operation 17 [1/1] (0.00ns)   --->   "%header_idx_1_load = load i16 %header_idx_1" [/mnt/scratch/pyuvaraj/Vitis_RoCE_W/Vitis_RoCE/fpga-network-stack/hls/arp_server_subnet/../packet.hpp:76]   --->   Operation 17 'load' 'header_idx_1_load' <Predicate = true> <Delay = 0.00>
ST_1 : Operation 18 [1/1] (0.00ns)   --->   "%p_Val2_s = load i336 %header_header_V_1"   --->   Operation 18 'load' 'p_Val2_s' <Predicate = true> <Delay = 0.00>
ST_1 : Operation 19 [1/1] (0.00ns)   --->   "%br_ln92 = br i1 %gap_state_load, void %sw.bb.i, void %sw.bb20.i" [/mnt/scratch/pyuvaraj/Vitis_RoCE_W/Vitis_RoCE/fpga-network-stack/hls/arp_server_subnet/arp_server_subnet.cpp:92]   --->   Operation 19 'br' 'br_ln92' <Predicate = true> <Delay = 0.00>
ST_1 : Operation 20 [1/1] (0.38ns)   --->   "%store_ln95 = store i16 0, i16 %header_idx_1" [/mnt/scratch/pyuvaraj/Vitis_RoCE_W/Vitis_RoCE/fpga-network-stack/hls/arp_server_subnet/arp_server_subnet.cpp:95]   --->   Operation 20 'store' 'store_ln95' <Predicate = (!gap_state_load)> <Delay = 0.38>
ST_1 : Operation 21 [1/1] (0.00ns)   --->   "%tmp_i = nbreadreq i1 @_ssdm_op_NbReadReq.ap_fifo.i192P0A, i192 %arpReplyMetaFifo, i32 1" [/tools/Xilinx/Vitis_HLS/2022.1/common/technology/autopilot/hls_stream_39.h:136]   --->   Operation 21 'nbreadreq' 'tmp_i' <Predicate = (!gap_state_load)> <Delay = 0.00> <CoreInst = "FIFO_SRL">   --->   Core 81 'FIFO_SRL' <Latency = 0> <II = 1> <Delay = 0.98> <Storage> <Opcode : 'read' 'write' 'nbread' 'nbwrite'> <Ports = 0> <Width = 192> <Depth = 4> <FIFO>
ST_1 : Operation 22 [1/1] (0.00ns)   --->   "%br_ln96 = br i1 %tmp_i, void %if.else.i, void %if.then.i" [/mnt/scratch/pyuvaraj/Vitis_RoCE_W/Vitis_RoCE/fpga-network-stack/hls/arp_server_subnet/arp_server_subnet.cpp:96]   --->   Operation 22 'br' 'br_ln96' <Predicate = (!gap_state_load)> <Delay = 0.00>
ST_1 : Operation 23 [1/1] (0.00ns)   --->   "%tmp_4_i = nbreadreq i1 @_ssdm_op_NbReadReq.ap_fifo.i32P0A, i32 %arpRequestMetaFifo, i32 1" [/tools/Xilinx/Vitis_HLS/2022.1/common/technology/autopilot/hls_stream_39.h:136]   --->   Operation 23 'nbreadreq' 'tmp_4_i' <Predicate = (!gap_state_load & !tmp_i)> <Delay = 0.00> <CoreInst = "FIFO_SRL">   --->   Core 81 'FIFO_SRL' <Latency = 0> <II = 1> <Delay = 1.46> <Storage> <Opcode : 'read' 'write' 'nbread' 'nbwrite'> <Ports = 0> <Width = 32> <Depth = 4> <FIFO>
ST_1 : Operation 24 [1/1] (0.00ns)   --->   "%br_ln109 = br i1 %tmp_4_i, void %if.end.i, void %if.then16.i" [/mnt/scratch/pyuvaraj/Vitis_RoCE_W/Vitis_RoCE/fpga-network-stack/hls/arp_server_subnet/arp_server_subnet.cpp:109]   --->   Operation 24 'br' 'br_ln109' <Predicate = (!gap_state_load & !tmp_i)> <Delay = 0.00>
ST_1 : Operation 25 [1/1] (1.16ns)   --->   "%arpRequestMetaFifo_read = read i32 @_ssdm_op_Read.ap_fifo.volatile.i32P0A, i32 %arpRequestMetaFifo" [/tools/Xilinx/Vitis_HLS/2022.1/common/technology/autopilot/hls_stream_39.h:145]   --->   Operation 25 'read' 'arpRequestMetaFifo_read' <Predicate = (!gap_state_load & !tmp_i & tmp_4_i)> <Delay = 1.16> <CoreInst = "FIFO_SRL">   --->   Core 81 'FIFO_SRL' <Latency = 0> <II = 1> <Delay = 1.46> <Storage> <Opcode : 'read' 'write' 'nbread' 'nbwrite'> <Ports = 0> <Width = 32> <Depth = 4> <FIFO>
ST_1 : Operation 26 [1/1] (0.00ns)   --->   "%p_Result_10 = partset i336 @_ssdm_op_PartSet.i336.i336.i48.i32.i32, i336 %p_Val2_s, i48 281474976710655, i32 0, i32 47"   --->   Operation 26 'partset' 'p_Result_10' <Predicate = (!gap_state_load & !tmp_i & tmp_4_i)> <Delay = 0.00>
ST_1 : Operation 27 [1/1] (0.00ns)   --->   "%p_Result_11 = partset i336 @_ssdm_op_PartSet.i336.i336.i48.i32.i32, i336 %p_Result_10, i48 %myMacAddress_read, i32 48, i32 95"   --->   Operation 27 'partset' 'p_Result_11' <Predicate = (!gap_state_load & !tmp_i & tmp_4_i)> <Delay = 0.00>
ST_1 : Operation 28 [1/1] (0.00ns)   --->   "%tmp_14_i = bitconcatenate i176 @_ssdm_op_BitConcatenate.i176.i32.i48.i32.i48.i16, i32 %arpRequestMetaFifo_read, i48 0, i32 %myIpAddress_read, i48 %myMacAddress_read, i16 256"   --->   Operation 28 'bitconcatenate' 'tmp_14_i' <Predicate = (!gap_state_load & !tmp_i & tmp_4_i)> <Delay = 0.00>
ST_1 : Operation 29 [1/1] (0.00ns)   --->   "%p_Result_3 = partset i336 @_ssdm_op_PartSet.i336.i336.i176.i32.i32, i336 %p_Result_11, i176 %tmp_14_i, i32 160, i32 335"   --->   Operation 29 'partset' 'p_Result_3' <Predicate = (!gap_state_load & !tmp_i & tmp_4_i)> <Delay = 0.00>
ST_1 : Operation 30 [1/1] (0.38ns)   --->   "%store_ln414 = store i336 %p_Result_3, i336 %header_header_V_1"   --->   Operation 30 'store' 'store_ln414' <Predicate = (!gap_state_load & !tmp_i & tmp_4_i)> <Delay = 0.38>
ST_1 : Operation 31 [1/1] (0.38ns)   --->   "%store_ln120 = store i1 1, i1 %gap_state" [/mnt/scratch/pyuvaraj/Vitis_RoCE_W/Vitis_RoCE/fpga-network-stack/hls/arp_server_subnet/arp_server_subnet.cpp:120]   --->   Operation 31 'store' 'store_ln120' <Predicate = (!gap_state_load & !tmp_i & tmp_4_i)> <Delay = 0.38>
ST_1 : Operation 32 [1/1] (0.00ns)   --->   "%br_ln121 = br void %if.end.i" [/mnt/scratch/pyuvaraj/Vitis_RoCE_W/Vitis_RoCE/fpga-network-stack/hls/arp_server_subnet/arp_server_subnet.cpp:121]   --->   Operation 32 'br' 'br_ln121' <Predicate = (!gap_state_load & !tmp_i & tmp_4_i)> <Delay = 0.00>
ST_1 : Operation 33 [1/1] (0.00ns)   --->   "%br_ln0 = br void %if.end19.i"   --->   Operation 33 'br' 'br_ln0' <Predicate = (!gap_state_load & !tmp_i)> <Delay = 0.00>
ST_1 : Operation 34 [1/1] (0.98ns)   --->   "%arpReplyMetaFifo_read = read i192 @_ssdm_op_Read.ap_fifo.volatile.i192P0A, i192 %arpReplyMetaFifo" [/tools/Xilinx/Vitis_HLS/2022.1/common/technology/autopilot/hls_stream_39.h:145]   --->   Operation 34 'read' 'arpReplyMetaFifo_read' <Predicate = (!gap_state_load & tmp_i)> <Delay = 0.98> <CoreInst = "FIFO_SRL">   --->   Core 81 'FIFO_SRL' <Latency = 0> <II = 1> <Delay = 0.98> <Storage> <Opcode : 'read' 'write' 'nbread' 'nbwrite'> <Ports = 0> <Width = 192> <Depth = 4> <FIFO>
ST_1 : Operation 35 [1/1] (0.00ns)   --->   "%trunc_ln145 = trunc i192 %arpReplyMetaFifo_read" [/tools/Xilinx/Vitis_HLS/2022.1/common/technology/autopilot/hls_stream_39.h:145]   --->   Operation 35 'trunc' 'trunc_ln145' <Predicate = (!gap_state_load & tmp_i)> <Delay = 0.00>
ST_1 : Operation 36 [1/1] (0.00ns)   --->   "%tmp_i5 = partselect i48 @_ssdm_op_PartSelect.i48.i192.i32.i32, i192 %arpReplyMetaFifo_read, i32 64, i32 111" [/tools/Xilinx/Vitis_HLS/2022.1/common/technology/autopilot/hls_stream_39.h:145]   --->   Operation 36 'partselect' 'tmp_i5' <Predicate = (!gap_state_load & tmp_i)> <Delay = 0.00>
ST_1 : Operation 37 [1/1] (0.00ns)   --->   "%tmp_3_i6 = partselect i32 @_ssdm_op_PartSelect.i32.i192.i32.i32, i192 %arpReplyMetaFifo_read, i32 128, i32 159" [/tools/Xilinx/Vitis_HLS/2022.1/common/technology/autopilot/hls_stream_39.h:145]   --->   Operation 37 'partselect' 'tmp_3_i6' <Predicate = (!gap_state_load & tmp_i)> <Delay = 0.00>
ST_1 : Operation 38 [1/1] (0.00ns)   --->   "%p_Result_8 = partset i336 @_ssdm_op_PartSet.i336.i336.i48.i32.i32, i336 %p_Val2_s, i48 %trunc_ln145, i32 0, i32 47"   --->   Operation 38 'partset' 'p_Result_8' <Predicate = (!gap_state_load & tmp_i)> <Delay = 0.00>
ST_1 : Operation 39 [1/1] (0.00ns)   --->   "%p_Result_9 = partset i336 @_ssdm_op_PartSet.i336.i336.i48.i32.i32, i336 %p_Result_8, i48 %myMacAddress_read, i32 48, i32 95"   --->   Operation 39 'partset' 'p_Result_9' <Predicate = (!gap_state_load & tmp_i)> <Delay = 0.00>
ST_1 : Operation 40 [1/1] (0.00ns)   --->   "%tmp_13_i = bitconcatenate i176 @_ssdm_op_BitConcatenate.i176.i32.i48.i32.i48.i16, i32 %tmp_3_i6, i48 %tmp_i5, i32 %myIpAddress_read, i48 %myMacAddress_read, i16 512"   --->   Operation 40 'bitconcatenate' 'tmp_13_i' <Predicate = (!gap_state_load & tmp_i)> <Delay = 0.00>
ST_1 : Operation 41 [1/1] (0.00ns)   --->   "%p_Result_s = partset i336 @_ssdm_op_PartSet.i336.i336.i176.i32.i32, i336 %p_Result_9, i176 %tmp_13_i, i32 160, i32 335"   --->   Operation 41 'partset' 'p_Result_s' <Predicate = (!gap_state_load & tmp_i)> <Delay = 0.00>
ST_1 : Operation 42 [1/1] (0.38ns)   --->   "%store_ln414 = store i336 %p_Result_s, i336 %header_header_V_1"   --->   Operation 42 'store' 'store_ln414' <Predicate = (!gap_state_load & tmp_i)> <Delay = 0.38>
ST_1 : Operation 43 [1/1] (0.38ns)   --->   "%store_ln107 = store i1 1, i1 %gap_state" [/mnt/scratch/pyuvaraj/Vitis_RoCE_W/Vitis_RoCE/fpga-network-stack/hls/arp_server_subnet/arp_server_subnet.cpp:107]   --->   Operation 43 'store' 'store_ln107' <Predicate = (!gap_state_load & tmp_i)> <Delay = 0.38>
ST_1 : Operation 44 [1/1] (0.00ns)   --->   "%br_ln108 = br void %if.end19.i" [/mnt/scratch/pyuvaraj/Vitis_RoCE_W/Vitis_RoCE/fpga-network-stack/hls/arp_server_subnet/arp_server_subnet.cpp:108]   --->   Operation 44 'br' 'br_ln108' <Predicate = (!gap_state_load & tmp_i)> <Delay = 0.00>
ST_1 : Operation 45 [1/1] (0.00ns)   --->   "%br_ln122 = br void %generate_arp_pkg<512>.exit" [/mnt/scratch/pyuvaraj/Vitis_RoCE_W/Vitis_RoCE/fpga-network-stack/hls/arp_server_subnet/arp_server_subnet.cpp:122]   --->   Operation 45 'br' 'br_ln122' <Predicate = (!gap_state_load)> <Delay = 0.00>
ST_1 : Operation 46 [1/1] (0.00ns)   --->   "%shl_ln = bitconcatenate i25 @_ssdm_op_BitConcatenate.i25.i16.i9, i16 %header_idx_1_load, i9 0" [/mnt/scratch/pyuvaraj/Vitis_RoCE_W/Vitis_RoCE/fpga-network-stack/hls/arp_server_subnet/../packet.hpp:76]   --->   Operation 46 'bitconcatenate' 'shl_ln' <Predicate = (gap_state_load)> <Delay = 0.00>
ST_1 : Operation 47 [1/1] (0.77ns)   --->   "%icmp_ln82 = icmp_ult  i25 %shl_ln, i25 336" [/mnt/scratch/pyuvaraj/Vitis_RoCE_W/Vitis_RoCE/fpga-network-stack/hls/arp_server_subnet/../packet.hpp:82]   --->   Operation 47 'icmp' 'icmp_ln82' <Predicate = (gap_state_load)> <Delay = 0.77> <CoreInst = "Cmp">   --->   Core 9 'Cmp' <Latency = 0> <II = 1> <Delay = 0.77> <FuncUnit> <Opcode : 'icmp'> <InPorts = 2> <OutPorts = 1>
ST_1 : Operation 48 [1/1] (0.38ns)   --->   "%br_ln82 = br i1 %icmp_ln82, void %_ZN12packetHeaderILi512ELi336EE11consumeWordER7ap_uintILi512EE.exit.i, void %if.then19.i.i" [/mnt/scratch/pyuvaraj/Vitis_RoCE_W/Vitis_RoCE/fpga-network-stack/hls/arp_server_subnet/../packet.hpp:82]   --->   Operation 48 'br' 'br_ln82' <Predicate = (gap_state_load)> <Delay = 0.38>
ST_1 : Operation 49 [1/1] (0.78ns)   --->   "%add_ln85 = add i16 %header_idx_1_load, i16 1" [/mnt/scratch/pyuvaraj/Vitis_RoCE_W/Vitis_RoCE/fpga-network-stack/hls/arp_server_subnet/../packet.hpp:85]   --->   Operation 49 'add' 'add_ln85' <Predicate = (gap_state_load & icmp_ln82)> <Delay = 0.78> <CoreInst = "Adder">   --->   Core 1 'Adder' <Latency = 0> <II = 1> <Delay = 0.78> <FuncUnit> <Opcode : 'add' 'sub'> <InPorts = 2> <OutPorts = 1>
ST_1 : Operation 50 [1/1] (0.38ns)   --->   "%store_ln85 = store i16 %add_ln85, i16 %header_idx_1" [/mnt/scratch/pyuvaraj/Vitis_RoCE_W/Vitis_RoCE/fpga-network-stack/hls/arp_server_subnet/../packet.hpp:85]   --->   Operation 50 'store' 'store_ln85' <Predicate = (gap_state_load & icmp_ln82)> <Delay = 0.38>
ST_1 : Operation 51 [1/1] (0.38ns)   --->   "%br_ln86 = br void %_ZN12packetHeaderILi512ELi336EE11consumeWordER7ap_uintILi512EE.exit.i" [/mnt/scratch/pyuvaraj/Vitis_RoCE_W/Vitis_RoCE/fpga-network-stack/hls/arp_server_subnet/../packet.hpp:86]   --->   Operation 51 'br' 'br_ln86' <Predicate = (gap_state_load & icmp_ln82)> <Delay = 0.38>
ST_1 : Operation 52 [1/1] (0.38ns)   --->   "%store_ln135 = store i1 0, i1 %gap_state" [/mnt/scratch/pyuvaraj/Vitis_RoCE_W/Vitis_RoCE/fpga-network-stack/hls/arp_server_subnet/arp_server_subnet.cpp:135]   --->   Operation 52 'store' 'store_ln135' <Predicate = (gap_state_load)> <Delay = 0.38>

State 2 <SV = 1> <Delay = 0.00>
ST_2 : Operation 53 [1/1] (0.00ns)   --->   "%sendWord_data_V_1 = phi i336 %p_Val2_s, void %if.then19.i.i, i336 0, void %sw.bb20.i"   --->   Operation 53 'phi' 'sendWord_data_V_1' <Predicate = (gap_state_load)> <Delay = 0.00>
ST_2 : Operation 54 [1/1] (0.00ns)   --->   "%zext_ln125 = zext i336 %sendWord_data_V_1" [/mnt/scratch/pyuvaraj/Vitis_RoCE_W/Vitis_RoCE/fpga-network-stack/hls/arp_server_subnet/arp_server_subnet.cpp:125]   --->   Operation 54 'zext' 'zext_ln125' <Predicate = (gap_state_load)> <Delay = 0.00>
ST_2 : Operation 55 [1/1] (0.00ns)   --->   "%tmp_12_i = bitconcatenate i513 @_ssdm_op_BitConcatenate.i513.i1.i512, i1 1, i512 %zext_ln125" [/tools/Xilinx/Vitis_HLS/2022.1/common/technology/autopilot/hls_stream_39.h:174]   --->   Operation 55 'bitconcatenate' 'tmp_12_i' <Predicate = (gap_state_load)> <Delay = 0.00>
ST_2 : Operation 56 [1/1] (0.00ns)   --->   "%sext_ln174 = sext i513 %tmp_12_i" [/tools/Xilinx/Vitis_HLS/2022.1/common/technology/autopilot/hls_stream_39.h:174]   --->   Operation 56 'sext' 'sext_ln174' <Predicate = (gap_state_load)> <Delay = 0.00>
ST_2 : Operation 57 [1/1] (0.00ns)   --->   "%zext_ln174_cast = bitconcatenate i577 @_ssdm_op_BitConcatenate.i577.i23.i554, i23 4194304, i554 %sext_ln174" [/tools/Xilinx/Vitis_HLS/2022.1/common/technology/autopilot/hls_stream_39.h:174]   --->   Operation 57 'bitconcatenate' 'zext_ln174_cast' <Predicate = (gap_state_load)> <Delay = 0.00>
ST_2 : Operation 58 [1/1] (0.00ns)   --->   "%zext_ln174 = zext i577 %zext_ln174_cast" [/tools/Xilinx/Vitis_HLS/2022.1/common/technology/autopilot/hls_stream_39.h:174]   --->   Operation 58 'zext' 'zext_ln174' <Predicate = (gap_state_load)> <Delay = 0.00>
ST_2 : Operation 59 [2/2] (0.00ns)   --->   "%write_ln174 = write void @_ssdm_op_Write.axis.volatile.i1024P128A, i1024 %m_axis, i1024 %zext_ln174" [/tools/Xilinx/Vitis_HLS/2022.1/common/technology/autopilot/hls_stream_39.h:174]   --->   Operation 59 'write' 'write_ln174' <Predicate = (gap_state_load)> <Delay = 0.00> <CoreInst = "axis">   --->   Core 123 'axis' <Latency = 0> <II = 1> <Delay = 1.00> <Adapter> <Opcode : >

State 3 <SV = 2> <Delay = 0.00>
ST_3 : Operation 60 [1/2] (0.00ns)   --->   "%write_ln174 = write void @_ssdm_op_Write.axis.volatile.i1024P128A, i1024 %m_axis, i1024 %zext_ln174" [/tools/Xilinx/Vitis_HLS/2022.1/common/technology/autopilot/hls_stream_39.h:174]   --->   Operation 60 'write' 'write_ln174' <Predicate = (gap_state_load)> <Delay = 0.00> <CoreInst = "axis">   --->   Core 123 'axis' <Latency = 0> <II = 1> <Delay = 1.00> <Adapter> <Opcode : >
ST_3 : Operation 61 [1/1] (0.00ns)   --->   "%br_ln0 = br void %generate_arp_pkg<512>.exit"   --->   Operation 61 'br' 'br_ln0' <Predicate = (gap_state_load)> <Delay = 0.00>
ST_3 : Operation 62 [1/1] (0.00ns)   --->   "%ret_ln0 = ret"   --->   Operation 62 'ret' 'ret_ln0' <Predicate = true> <Delay = 0.00>


============================================================
+ Verbose Summary: Timing violations
============================================================
Target clock period: 3.2ns, clock uncertainty: 0.864ns.

 <State 1>: 1.55ns
The critical path consists of the following:
	fifo read operation ('arpRequestMetaFifo_read', /tools/Xilinx/Vitis_HLS/2022.1/common/technology/autopilot/hls_stream_39.h:145) on port 'arpRequestMetaFifo' (/tools/Xilinx/Vitis_HLS/2022.1/common/technology/autopilot/hls_stream_39.h:145) [33]  (1.17 ns)
	'store' operation ('store_ln414') of variable '__Result__' on static variable 'header_header_V_1' [38]  (0.387 ns)

 <State 2>: 0ns
The critical path consists of the following:

 <State 3>: 0ns
The critical path consists of the following:


============================================================
+ Verbose Summary: Binding
============================================================
N/A
* FSMD analyzer results:
  - Output states:
 - Input state : 
  - Chain level:
	State 1
	State 2
	State 3


============================================================
+ Verbose Summary: Datapath Resource usage 
============================================================
N/A
