

================================================================
== Vitis HLS Report for 'ipv4_drop_optional_ip_header_512_s'
================================================================
* Date:           Tue Jul 11 09:19:31 2023

* Version:        2022.1 (Build 3526262 on Mon Apr 18 15:47:01 MDT 2022)
* Project:        ipv4_prj
* Solution:       solution1 (Vivado IP Flow Target)
* Product family: virtexuplus
* Target device:  xcu280-fsvh2892-2L-e


================================================================
== Performance Estimates
================================================================
+ Timing: 
    * Summary: 
    +--------+---------+----------+------------+
    |  Clock |  Target | Estimated| Uncertainty|
    +--------+---------+----------+------------+
    |ap_clk  |  3.20 ns|  3.114 ns|     0.86 ns|
    +--------+---------+----------+------------+

+ Latency: 
    * Summary: 
    +---------+---------+----------+----------+-----+-----+---------+
    |  Latency (cycles) |  Latency (absolute) |  Interval | Pipeline|
    |   min   |   max   |    min   |    max   | min | max |   Type  |
    +---------+---------+----------+----------+-----+-----+---------+
    |        2|        2|  6.400 ns|  6.400 ns|    1|    1|      yes|
    +---------+---------+----------+----------+-----+-----+---------+

    + Detail: 
        * Instance: 
        N/A

        * Loop: 
        N/A



================================================================
== Utilization Estimates
================================================================
* Summary: 
+---------------------+---------+------+---------+---------+-----+
|         Name        | BRAM_18K|  DSP |    FF   |   LUT   | URAM|
+---------------------+---------+------+---------+---------+-----+
|DSP                  |        -|     -|        -|        -|    -|
|Expression           |        -|     -|        0|       92|    -|
|FIFO                 |        -|     -|        -|        -|    -|
|Instance             |        -|     -|        -|        -|    -|
|Memory               |        -|     -|        -|        -|    -|
|Multiplexer          |        -|     -|        -|      150|    -|
|Register             |        -|     -|     3957|        -|    -|
+---------------------+---------+------+---------+---------+-----+
|Total                |        0|     0|     3957|      242|    0|
+---------------------+---------+------+---------+---------+-----+
|Available SLR        |     1344|  3008|   869120|   434560|  320|
+---------------------+---------+------+---------+---------+-----+
|Utilization SLR (%)  |        0|     0|       ~0|       ~0|    0|
+---------------------+---------+------+---------+---------+-----+
|Available            |     4032|  9024|  2607360|  1303680|  960|
+---------------------+---------+------+---------+---------+-----+
|Utilization (%)      |        0|     0|       ~0|       ~0|    0|
+---------------------+---------+------+---------+---------+-----+

+ Detail: 
    * Instance: 
    N/A

    * DSP: 
    N/A

    * Memory: 
    N/A

    * FIFO: 
    N/A

    * Expression: 
    +----------------------------------+----------+----+---+----+------------+------------+
    |           Variable Name          | Operation| DSP| FF| LUT| Bitwidth P0| Bitwidth P1|
    +----------------------------------+----------+----+---+----+------------+------------+
    |add_ln887_fu_341_p2               |         +|   0|  0|  12|           4|           3|
    |ap_condition_257                  |       and|   0|  0|   2|           1|           1|
    |ap_condition_332                  |       and|   0|  0|   2|           1|           1|
    |ap_condition_338                  |       and|   0|  0|   2|           1|           1|
    |ap_condition_343                  |       and|   0|  0|   2|           1|           1|
    |ap_condition_347                  |       and|   0|  0|   2|           1|           1|
    |ap_condition_350                  |       and|   0|  0|   2|           1|           1|
    |ap_condition_355                  |       and|   0|  0|   2|           1|           1|
    |ap_condition_359                  |       and|   0|  0|   2|           1|           1|
    |ap_condition_365                  |       and|   0|  0|   2|           1|           1|
    |ap_condition_416                  |       and|   0|  0|   2|           1|           1|
    |ap_predicate_op111_write_state2   |       and|   0|  0|   2|           1|           1|
    |ap_predicate_op121_write_state2   |       and|   0|  0|   2|           1|           1|
    |ap_predicate_op124_write_state2   |       and|   0|  0|   2|           1|           1|
    |ap_predicate_op137_write_state3   |       and|   0|  0|   2|           1|           1|
    |ap_predicate_op138_write_state3   |       and|   0|  0|   2|           1|           1|
    |ap_predicate_op139_write_state3   |       and|   0|  0|   2|           1|           1|
    |ap_predicate_op28_read_state1     |       and|   0|  0|   2|           1|           1|
    |ap_predicate_op47_read_state1     |       and|   0|  0|   2|           1|           1|
    |ap_predicate_op56_read_state1     |       and|   0|  0|   2|           1|           1|
    |ap_predicate_op9_read_state1      |       and|   0|  0|   2|           1|           1|
    |grp_nbreadreq_fu_132_p3           |       and|   0|  0|   2|           1|           0|
    |tmp_i_nbreadreq_fu_146_p3         |       and|   0|  0|   2|           1|           0|
    |icmp_ln1065_fu_377_p2             |      icmp|   0|  0|   9|           4|           3|
    |ap_block_pp0_stage0_01001         |        or|   0|  0|   2|           1|           1|
    |ap_block_pp0_stage0_11001         |        or|   0|  0|   2|           1|           1|
    |ap_block_state1_pp0_stage0_iter0  |        or|   0|  0|   2|           1|           1|
    |ap_block_state2_io                |        or|   0|  0|   2|           1|           1|
    |ap_block_state3_io                |        or|   0|  0|   2|           1|           1|
    |ap_block_state3_pp0_stage0_iter2  |        or|   0|  0|   2|           1|           1|
    |ap_condition_383                  |        or|   0|  0|   2|           1|           1|
    |ap_condition_88                   |        or|   0|  0|   2|           1|           1|
    |ap_condition_97                   |        or|   0|  0|   2|           1|           1|
    |select_ln239_fu_387_p3            |    select|   0|  0|   3|           1|           3|
    |ap_enable_pp0                     |       xor|   0|  0|   2|           1|           2|
    |xor_ln174_1_fu_430_p2             |       xor|   0|  0|   2|           1|           2|
    |xor_ln174_fu_475_p2               |       xor|   0|  0|   2|           1|           2|
    +----------------------------------+----------+----+---+----+------------+------------+
    |Total                             |          |   0|  0|  92|          43|          44|
    +----------------------------------+----------+----+---+----+------------+------------+

    * Multiplexer: 
    +-----------------------------------+----+-----------+------+-----------+
    |                Name               | LUT| Input Size| Bits | Total Bits|
    +-----------------------------------+----+-----------+------+-----------+
    |ap_done                            |   9|          2|     1|          2|
    |doh_state                          |  54|         10|     3|         30|
    |length_V                           |   9|          2|     4|          8|
    |m_axis_rx_data_TDATA_blk_n         |   9|          2|     1|          2|
    |m_axis_rx_data_TDATA_int_regslice  |  31|          6|  1024|       6144|
    |prevWord_data_V_1                  |  20|          4|   512|       2048|
    |rx_process2dropFifo_blk_n          |   9|          2|     1|          2|
    |rx_process2dropLengthFifo_blk_n    |   9|          2|     1|          2|
    +-----------------------------------+----+-----------+------+-----------+
    |Total                              | 150|         30|  1547|       8238|
    +-----------------------------------+----+-----------+------+-----------+

    * Register: 
    +--------------------------------------+------+----+------+-----------+
    |                 Name                 |  FF  | LUT| Bits | Const Bits|
    +--------------------------------------+------+----+------+-----------+
    |ap_CS_fsm                             |     1|   0|     1|          0|
    |ap_done_reg                           |     1|   0|     1|          0|
    |ap_enable_reg_pp0_iter1               |     1|   0|     1|          0|
    |ap_enable_reg_pp0_iter2               |     1|   0|     1|          0|
    |currWord_data_V_5_reg_567             |   512|   0|   512|          0|
    |currWord_data_V_reg_597               |   512|   0|   512|          0|
    |doh_state                             |     3|   0|     3|          0|
    |doh_state_load_reg_559                |     3|   0|     3|          0|
    |doh_state_load_reg_559_pp0_iter1_reg  |     3|   0|     3|          0|
    |icmp_ln1065_reg_655                   |     1|   0|     1|          0|
    |length_V                              |     4|   0|     4|          0|
    |prevWord_data_V_1                     |   512|   0|   512|          0|
    |prevWord_keep_V_1                     |    64|   0|    64|          0|
    |reg_221                               |    64|   0|    64|          0|
    |rx_process2dropFifo_read_1_reg_627    |  1024|   0|  1024|          0|
    |tmp_11_reg_588                        |     1|   0|     1|          0|
    |tmp_13_i_reg_610                      |     4|   0|     4|          0|
    |tmp_20_i_reg_580                      |    20|   0|    20|          0|
    |tmp_3_i_reg_623                       |     1|   0|     1|          0|
    |tmp_3_i_reg_623_pp0_iter1_reg         |     1|   0|     1|          0|
    |tmp_4_i_reg_593                       |     1|   0|     1|          0|
    |tmp_4_i_reg_593_pp0_iter1_reg         |     1|   0|     1|          0|
    |tmp_5_i_reg_563                       |     1|   0|     1|          0|
    |tmp_5_i_reg_563_pp0_iter1_reg         |     1|   0|     1|          0|
    |tmp_8_i_reg_651                       |     1|   0|     1|          0|
    |tmp_8_reg_618                         |     1|   0|     1|          0|
    |tmp_i_37_reg_635                      |     1|   0|     1|          0|
    |tmp_i_reg_647                         |     1|   0|     1|          0|
    |trunc_ln145_3_reg_659                 |   512|   0|   512|          0|
    |trunc_ln145_reg_639                   |   512|   0|   512|          0|
    |trunc_ln674_1_reg_575                 |   160|   0|   160|          0|
    |trunc_ln674_reg_605                   |    32|   0|    32|          0|
    +--------------------------------------+------+----+------+-----------+
    |Total                                 |  3957|   0|  3957|          0|
    +--------------------------------------+------+----+------+-----------+



================================================================
== Interface
================================================================
* Summary: 
+------------------------------------------+-----+------+------------+-----------------------------------+--------------+
|                 RTL Ports                | Dir | Bits |  Protocol  |           Source Object           |    C Type    |
+------------------------------------------+-----+------+------------+-----------------------------------+--------------+
|ap_clk                                    |   in|     1|  ap_ctrl_hs|  ipv4_drop_optional_ip_header<512>|  return value|
|ap_rst                                    |   in|     1|  ap_ctrl_hs|  ipv4_drop_optional_ip_header<512>|  return value|
|ap_start                                  |   in|     1|  ap_ctrl_hs|  ipv4_drop_optional_ip_header<512>|  return value|
|ap_done                                   |  out|     1|  ap_ctrl_hs|  ipv4_drop_optional_ip_header<512>|  return value|
|ap_continue                               |   in|     1|  ap_ctrl_hs|  ipv4_drop_optional_ip_header<512>|  return value|
|ap_idle                                   |  out|     1|  ap_ctrl_hs|  ipv4_drop_optional_ip_header<512>|  return value|
|ap_ready                                  |  out|     1|  ap_ctrl_hs|  ipv4_drop_optional_ip_header<512>|  return value|
|rx_process2dropFifo_dout                  |   in|  1024|     ap_fifo|                rx_process2dropFifo|       pointer|
|rx_process2dropFifo_num_data_valid        |   in|     4|     ap_fifo|                rx_process2dropFifo|       pointer|
|rx_process2dropFifo_fifo_cap              |   in|     4|     ap_fifo|                rx_process2dropFifo|       pointer|
|rx_process2dropFifo_empty_n               |   in|     1|     ap_fifo|                rx_process2dropFifo|       pointer|
|rx_process2dropFifo_read                  |  out|     1|     ap_fifo|                rx_process2dropFifo|       pointer|
|rx_process2dropLengthFifo_dout            |   in|     4|     ap_fifo|          rx_process2dropLengthFifo|       pointer|
|rx_process2dropLengthFifo_num_data_valid  |   in|     2|     ap_fifo|          rx_process2dropLengthFifo|       pointer|
|rx_process2dropLengthFifo_fifo_cap        |   in|     2|     ap_fifo|          rx_process2dropLengthFifo|       pointer|
|rx_process2dropLengthFifo_empty_n         |   in|     1|     ap_fifo|          rx_process2dropLengthFifo|       pointer|
|rx_process2dropLengthFifo_read            |  out|     1|     ap_fifo|          rx_process2dropLengthFifo|       pointer|
|m_axis_rx_data_TREADY                     |   in|     1|        axis|                     m_axis_rx_data|       pointer|
|m_axis_rx_data_TDATA                      |  out|  1024|        axis|                     m_axis_rx_data|       pointer|
|m_axis_rx_data_TVALID                     |  out|     1|        axis|                     m_axis_rx_data|       pointer|
+------------------------------------------+-----+------+------------+-----------------------------------+--------------+

