

================================================================
== Vitis HLS Report for 'generate_exh_512_s'
================================================================
* Date:           Tue Jul 11 09:33:12 2023

* Version:        2022.1 (Build 3526262 on Mon Apr 18 15:47:01 MDT 2022)
* Project:        rocev2_prj
* Solution:       solution1 (Vivado IP Flow Target)
* Product family: virtexuplus
* Target device:  xcu280-fsvh2892-2L-e


================================================================
== Performance Estimates
================================================================
+ Timing: 
    * Summary: 
    +--------+---------+----------+------------+
    |  Clock |  Target | Estimated| Uncertainty|
    +--------+---------+----------+------------+
    |ap_clk  |  3.20 ns|  2.270 ns|     0.86 ns|
    +--------+---------+----------+------------+

+ Latency: 
    * Summary: 
    +---------+---------+----------+----------+-----+-----+---------+
    |  Latency (cycles) |  Latency (absolute) |  Interval | Pipeline|
    |   min   |   max   |    min   |    max   | min | max |   Type  |
    +---------+---------+----------+----------+-----+-----+---------+
    |        1|        1|  3.200 ns|  3.200 ns|    1|    1|      yes|
    +---------+---------+----------+----------+-----+-----+---------+

    + Detail: 
        * Instance: 
        N/A

        * Loop: 
        N/A



================================================================
== Utilization Estimates
================================================================
* Summary: 
+---------------------+---------+------+---------+---------+-----+
|         Name        | BRAM_18K|  DSP |    FF   |   LUT   | URAM|
+---------------------+---------+------+---------+---------+-----+
|DSP                  |        -|     -|        -|        -|    -|
|Expression           |        -|     -|        0|     1503|    -|
|FIFO                 |        -|     -|        -|        -|    -|
|Instance             |        -|     -|        -|        -|    -|
|Memory               |        -|     -|        -|        -|    -|
|Multiplexer          |        -|     -|        -|      234|    -|
|Register             |        -|     -|     2364|        -|    -|
+---------------------+---------+------+---------+---------+-----+
|Total                |        0|     0|     2364|     1737|    0|
+---------------------+---------+------+---------+---------+-----+
|Available SLR        |     1344|  3008|   869120|   434560|  320|
+---------------------+---------+------+---------+---------+-----+
|Utilization SLR (%)  |        0|     0|       ~0|       ~0|    0|
+---------------------+---------+------+---------+---------+-----+
|Available            |     4032|  9024|  2607360|  1303680|  960|
+---------------------+---------+------+---------+---------+-----+
|Utilization (%)      |        0|     0|       ~0|       ~0|    0|
+---------------------+---------+------+---------+---------+-----+

+ Detail: 
    * Instance: 
    N/A

    * DSP: 
    N/A

    * Memory: 
    N/A

    * FIFO: 
    N/A

    * Expression: 
    +----------------------------------+----------+----+---+-----+------------+------------+
    |           Variable Name          | Operation| DSP| FF| LUT | Bitwidth P0| Bitwidth P1|
    +----------------------------------+----------+----+---+-----+------------+------------+
    |add_ln232_12_fu_1146_p2           |         +|   0|  0|   23|          16|           6|
    |add_ln232_14_fu_1033_p2           |         +|   0|  0|   23|          16|           5|
    |grp_fu_345_p2                     |         +|   0|  0|   23|          16|           1|
    |grp_fu_449_p2                     |         +|   0|  0|   23|          16|           1|
    |grp_fu_454_p2                     |         +|   0|  0|   23|          16|           5|
    |ap_condition_357                  |       and|   0|  0|    2|           1|           1|
    |ap_condition_414                  |       and|   0|  0|    2|           1|           1|
    |ap_condition_523                  |       and|   0|  0|    2|           1|           1|
    |ap_predicate_op140_read_state1    |       and|   0|  0|    2|           1|           1|
    |ap_predicate_op157_write_state2   |       and|   0|  0|    2|           1|           1|
    |ap_predicate_op166_write_state2   |       and|   0|  0|    2|           1|           1|
    |ap_predicate_op216_write_state2   |       and|   0|  0|    2|           1|           1|
    |ap_predicate_op46_read_state1     |       and|   0|  0|    2|           1|           1|
    |tmp_i_238_nbreadreq_fu_216_p3     |       and|   0|  0|    2|           1|           0|
    |tmp_i_nbreadreq_fu_230_p3         |       and|   0|  0|    2|           1|           0|
    |icmp_ln1124_1_fu_1135_p2          |      icmp|   0|  0|   20|          32|           5|
    |icmp_ln1124_fu_1130_p2            |      icmp|   0|  0|   20|          32|           3|
    |icmp_ln82_4_fu_733_p2             |      icmp|   0|  0|   13|          18|           1|
    |icmp_ln82_5_fu_655_p2             |      icmp|   0|  0|   14|          20|           1|
    |icmp_ln82_6_fu_595_p2             |      icmp|   0|  0|   14|          20|           1|
    |icmp_ln82_fu_823_p2               |      icmp|   0|  0|   13|          18|           1|
    |info_hasPayload_1_fu_515_p2       |      icmp|   0|  0|   20|          32|           1|
    |ap_block_pp0_stage0_01001         |        or|   0|  0|    2|           1|           1|
    |ap_block_state1_pp0_stage0_iter0  |        or|   0|  0|    2|           1|           1|
    |ap_block_state2_pp0_stage0_iter1  |        or|   0|  0|    2|           1|           1|
    |ap_condition_373                  |        or|   0|  0|    2|           1|           1|
    |ap_condition_385                  |        or|   0|  0|    2|           1|           1|
    |ap_condition_405                  |        or|   0|  0|    2|           1|           1|
    |ap_predicate_op174_write_state2   |        or|   0|  0|    2|           1|           1|
    |ap_predicate_op185_write_state2   |        or|   0|  0|    2|           1|           1|
    |ap_predicate_op186_write_state2   |        or|   0|  0|    2|           1|           1|
    |ap_predicate_op196_write_state2   |        or|   0|  0|    2|           1|           1|
    |ap_predicate_op204_write_state2   |        or|   0|  0|    2|           1|           1|
    |ap_predicate_op208_write_state2   |        or|   0|  0|    2|           1|           1|
    |or_ln1124_fu_1140_p2              |        or|   0|  0|    2|           1|           1|
    |or_ln174_5_fu_1101_p2             |        or|   0|  0|  576|         577|         576|
    |or_ln174_6_fu_1047_p2             |        or|   0|  0|  576|         577|         576|
    |or_ln174_7_fu_1009_p2             |        or|   0|  0|   17|          17|           9|
    |or_ln174_8_fu_1119_p2             |        or|   0|  0|   17|          17|           9|
    |or_ln174_fu_991_p2                |        or|   0|  0|   17|          17|           1|
    |select_ln232_fu_1151_p3           |    select|   0|  0|   16|           1|          11|
    |select_ln496_fu_557_p3            |    select|   0|  0|    7|           1|           7|
    |ap_enable_pp0                     |       xor|   0|  0|    2|           1|           2|
    +----------------------------------+----------+----+---+-----+------------+------------+
    |Total                             |          |   0|  0| 1503|        1483|        1243|
    +----------------------------------+----------+----+---+-----+------------+------------+

    * Multiplexer: 
    +-------------------------------------------------+----+-----------+------+-----------+
    |                       Name                      | LUT| Input Size| Bits | Total Bits|
    +-------------------------------------------------+----+-----------+------+-----------+
    |ackHeader_idx_1                                  |   9|          2|    16|         32|
    |ap_done                                          |   9|          2|     1|          2|
    |ap_phi_reg_pp0_iter1_sendWord_data_V_11_reg_316  |   9|          2|   512|       1024|
    |ap_phi_reg_pp0_iter1_sendWord_data_V_13_reg_305  |   9|          2|   512|       1024|
    |ap_phi_reg_pp0_iter1_sendWord_data_V_15_reg_294  |   9|          2|   512|       1024|
    |ap_phi_reg_pp0_iter1_sendWord_data_V_17_reg_283  |   9|          2|   512|       1024|
    |ge_state                                         |  14|          3|     2|          6|
    |msnTable2txExh_rsp_blk_n                         |   9|          2|     1|          2|
    |rdmaHeader_idx_1                                 |   9|          2|    16|         32|
    |txExh2msnTable_req_blk_n                         |   9|          2|     1|          2|
    |tx_exh2payFifo_blk_n                             |   9|          2|     1|          2|
    |tx_exh2payFifo_din                               |  26|          5|  1024|       5120|
    |tx_exhMetaFifo_blk_n                             |   9|          2|     1|          2|
    |tx_lengthFifo_blk_n                              |   9|          2|     1|          2|
    |tx_lengthFifo_din                                |  31|          6|    16|         96|
    |tx_packetInfoFifo_blk_n                          |   9|          2|     1|          2|
    |tx_packetInfoFifo_din                            |  37|          7|    24|        168|
    |tx_readReqTable_upd_blk_n                        |   9|          2|     1|          2|
    +-------------------------------------------------+----+-----------+------+-----------+
    |Total                                            | 234|         49|  3154|       9566|
    +-------------------------------------------------+----+-----------+------+-----------+

    * Register: 
    +-------------------------------------------------+-----+----+-----+-----------+
    |                       Name                      |  FF | LUT| Bits| Const Bits|
    +-------------------------------------------------+-----+----+-----+-----------+
    |ackHeader_idx_1                                  |   16|   0|   16|          0|
    |ap_CS_fsm                                        |    1|   0|    1|          0|
    |ap_done_reg                                      |    1|   0|    1|          0|
    |ap_enable_reg_pp0_iter1                          |    1|   0|    1|          0|
    |ap_phi_reg_pp0_iter1_sendWord_data_V_11_reg_316  |  512|   0|  512|          0|
    |ap_phi_reg_pp0_iter1_sendWord_data_V_13_reg_305  |  512|   0|  512|          0|
    |ap_phi_reg_pp0_iter1_sendWord_data_V_15_reg_294  |  512|   0|  512|          0|
    |ap_phi_reg_pp0_iter1_sendWord_data_V_17_reg_283  |  512|   0|  512|          0|
    |ge_state                                         |    2|   0|    2|          0|
    |ge_state_load_reg_1160                           |    2|   0|    2|          0|
    |info_hasPayload_1_reg_1175                       |    1|   0|    1|          0|
    |metaWritten_4                                    |    1|   0|    1|          0|
    |metaWritten_4_load_reg_1171                      |    1|   0|    1|          0|
    |meta_addr_V                                      |   48|   0|   48|          0|
    |meta_isNak                                       |    1|   0|    1|          0|
    |meta_length_V                                    |   32|   0|   32|          0|
    |meta_op_code_3                                   |   32|   0|   32|          0|
    |meta_op_code_3_load_reg_1186                     |   32|   0|   32|          0|
    |meta_psn_V_1                                     |   24|   0|   24|          0|
    |meta_qpn_V                                       |   16|   0|   16|          0|
    |msnMeta_msn_V                                    |   24|   0|   24|          0|
    |msnMeta_r_key_V                                  |   32|   0|   32|          0|
    |p_s_reg_1228                                     |   16|   0|   16|          0|
    |rdmaHeader_idx_1                                 |   16|   0|   16|          0|
    |tmp_i_reg_1224                                   |    1|   0|    1|          0|
    |trunc_ln1305_reg_1164                            |   16|   0|   16|          0|
    +-------------------------------------------------+-----+----+-----+-----------+
    |Total                                            | 2364|   0| 2364|          0|
    +-------------------------------------------------+-----+----+-----+-----------+



================================================================
== Interface
================================================================
* Summary: 
+------------------------------------+-----+------+------------+---------------------+--------------+
|              RTL Ports             | Dir | Bits |  Protocol  |    Source Object    |    C Type    |
+------------------------------------+-----+------+------------+---------------------+--------------+
|ap_clk                              |   in|     1|  ap_ctrl_hs|    generate_exh<512>|  return value|
|ap_rst                              |   in|     1|  ap_ctrl_hs|    generate_exh<512>|  return value|
|ap_start                            |   in|     1|  ap_ctrl_hs|    generate_exh<512>|  return value|
|ap_done                             |  out|     1|  ap_ctrl_hs|    generate_exh<512>|  return value|
|ap_continue                         |   in|     1|  ap_ctrl_hs|    generate_exh<512>|  return value|
|ap_idle                             |  out|     1|  ap_ctrl_hs|    generate_exh<512>|  return value|
|ap_ready                            |  out|     1|  ap_ctrl_hs|    generate_exh<512>|  return value|
|msnTable2txExh_rsp_dout             |   in|    64|     ap_fifo|   msnTable2txExh_rsp|       pointer|
|msnTable2txExh_rsp_num_data_valid   |   in|     2|     ap_fifo|   msnTable2txExh_rsp|       pointer|
|msnTable2txExh_rsp_fifo_cap         |   in|     2|     ap_fifo|   msnTable2txExh_rsp|       pointer|
|msnTable2txExh_rsp_empty_n          |   in|     1|     ap_fifo|   msnTable2txExh_rsp|       pointer|
|msnTable2txExh_rsp_read             |  out|     1|     ap_fifo|   msnTable2txExh_rsp|       pointer|
|tx_exhMetaFifo_dout                 |   in|   256|     ap_fifo|       tx_exhMetaFifo|       pointer|
|tx_exhMetaFifo_num_data_valid       |   in|     3|     ap_fifo|       tx_exhMetaFifo|       pointer|
|tx_exhMetaFifo_fifo_cap             |   in|     3|     ap_fifo|       tx_exhMetaFifo|       pointer|
|tx_exhMetaFifo_empty_n              |   in|     1|     ap_fifo|       tx_exhMetaFifo|       pointer|
|tx_exhMetaFifo_read                 |  out|     1|     ap_fifo|       tx_exhMetaFifo|       pointer|
|tx_packetInfoFifo_din               |  out|    24|     ap_fifo|    tx_packetInfoFifo|       pointer|
|tx_packetInfoFifo_num_data_valid    |   in|     2|     ap_fifo|    tx_packetInfoFifo|       pointer|
|tx_packetInfoFifo_fifo_cap          |   in|     2|     ap_fifo|    tx_packetInfoFifo|       pointer|
|tx_packetInfoFifo_full_n            |   in|     1|     ap_fifo|    tx_packetInfoFifo|       pointer|
|tx_packetInfoFifo_write             |  out|     1|     ap_fifo|    tx_packetInfoFifo|       pointer|
|tx_exh2payFifo_din                  |  out|  1024|     ap_fifo|       tx_exh2payFifo|       pointer|
|tx_exh2payFifo_num_data_valid       |   in|     3|     ap_fifo|       tx_exh2payFifo|       pointer|
|tx_exh2payFifo_fifo_cap             |   in|     3|     ap_fifo|       tx_exh2payFifo|       pointer|
|tx_exh2payFifo_full_n               |   in|     1|     ap_fifo|       tx_exh2payFifo|       pointer|
|tx_exh2payFifo_write                |  out|     1|     ap_fifo|       tx_exh2payFifo|       pointer|
|tx_lengthFifo_din                   |  out|    16|     ap_fifo|        tx_lengthFifo|       pointer|
|tx_lengthFifo_num_data_valid        |   in|     3|     ap_fifo|        tx_lengthFifo|       pointer|
|tx_lengthFifo_fifo_cap              |   in|     3|     ap_fifo|        tx_lengthFifo|       pointer|
|tx_lengthFifo_full_n                |   in|     1|     ap_fifo|        tx_lengthFifo|       pointer|
|tx_lengthFifo_write                 |  out|     1|     ap_fifo|        tx_lengthFifo|       pointer|
|tx_readReqTable_upd_din             |  out|    64|     ap_fifo|  tx_readReqTable_upd|       pointer|
|tx_readReqTable_upd_num_data_valid  |   in|     2|     ap_fifo|  tx_readReqTable_upd|       pointer|
|tx_readReqTable_upd_fifo_cap        |   in|     2|     ap_fifo|  tx_readReqTable_upd|       pointer|
|tx_readReqTable_upd_full_n          |   in|     1|     ap_fifo|  tx_readReqTable_upd|       pointer|
|tx_readReqTable_upd_write           |  out|     1|     ap_fifo|  tx_readReqTable_upd|       pointer|
|txExh2msnTable_req_din              |  out|    16|     ap_fifo|   txExh2msnTable_req|       pointer|
|txExh2msnTable_req_num_data_valid   |   in|     2|     ap_fifo|   txExh2msnTable_req|       pointer|
|txExh2msnTable_req_fifo_cap         |   in|     2|     ap_fifo|   txExh2msnTable_req|       pointer|
|txExh2msnTable_req_full_n           |   in|     1|     ap_fifo|   txExh2msnTable_req|       pointer|
|txExh2msnTable_req_write            |  out|     1|     ap_fifo|   txExh2msnTable_req|       pointer|
+------------------------------------+-----+------+------------+---------------------+--------------+

