

================================================================
== Vitis HLS Report for 'ipv4_generate_ipv4_512_13'
================================================================
* Date:           Tue Jul 11 09:32:51 2023

* Version:        2022.1 (Build 3526262 on Mon Apr 18 15:47:01 MDT 2022)
* Project:        rocev2_prj
* Solution:       solution1 (Vivado IP Flow Target)
* Product family: virtexuplus
* Target device:  xcu280-fsvh2892-2L-e


================================================================
== Performance Estimates
================================================================
+ Timing: 
    * Summary: 
    +--------+---------+----------+------------+
    |  Clock |  Target | Estimated| Uncertainty|
    +--------+---------+----------+------------+
    |ap_clk  |  3.20 ns|  1.953 ns|     0.86 ns|
    +--------+---------+----------+------------+

+ Latency: 
    * Summary: 
    +---------+---------+----------+----------+-----+-----+---------+
    |  Latency (cycles) |  Latency (absolute) |  Interval | Pipeline|
    |   min   |   max   |    min   |    max   | min | max |   Type  |
    +---------+---------+----------+----------+-----+-----+---------+
    |        1|        1|  3.200 ns|  3.200 ns|    1|    1|      yes|
    +---------+---------+----------+----------+-----+-----+---------+

    + Detail: 
        * Instance: 
        N/A

        * Loop: 
        N/A



================================================================
== Utilization Estimates
================================================================
* Summary: 
+---------------------+---------+------+---------+---------+-----+
|         Name        | BRAM_18K|  DSP |    FF   |   LUT   | URAM|
+---------------------+---------+------+---------+---------+-----+
|DSP                  |        -|     -|        -|        -|    -|
|Expression           |        -|     -|        0|      114|    -|
|FIFO                 |        -|     -|        -|        -|    -|
|Instance             |        -|     -|        -|        -|    -|
|Memory               |        -|     -|        -|        -|    -|
|Multiplexer          |        -|     -|        -|      117|    -|
|Register             |        -|     -|     2298|        -|    -|
+---------------------+---------+------+---------+---------+-----+
|Total                |        0|     0|     2298|      231|    0|
+---------------------+---------+------+---------+---------+-----+
|Available SLR        |     1344|  3008|   869120|   434560|  320|
+---------------------+---------+------+---------+---------+-----+
|Utilization SLR (%)  |        0|     0|       ~0|       ~0|    0|
+---------------------+---------+------+---------+---------+-----+
|Available            |     4032|  9024|  2607360|  1303680|  960|
+---------------------+---------+------+---------+---------+-----+
|Utilization (%)      |        0|     0|       ~0|       ~0|    0|
+---------------------+---------+------+---------+---------+-----+

+ Detail: 
    * Instance: 
    N/A

    * DSP: 
    N/A

    * Memory: 
    N/A

    * FIFO: 
    N/A

    * Expression: 
    +----------------------------------+----------+----+---+----+------------+------------+
    |           Variable Name          | Operation| DSP| FF| LUT| Bitwidth P0| Bitwidth P1|
    +----------------------------------+----------+----+---+----+------------+------------+
    |grp_fu_197_p2                     |         +|   0|  0|  23|          16|           1|
    |len_V_fu_355_p2                   |         +|   0|  0|  23|          16|           5|
    |ap_condition_160                  |       and|   0|  0|   2|           1|           1|
    |ap_condition_169                  |       and|   0|  0|   2|           1|           1|
    |ap_condition_191                  |       and|   0|  0|   2|           1|           1|
    |ap_condition_203                  |       and|   0|  0|   2|           1|           1|
    |ap_condition_226                  |       and|   0|  0|   2|           1|           1|
    |ap_predicate_op25_read_state1     |       and|   0|  0|   2|           1|           1|
    |ap_predicate_op50_read_state1     |       and|   0|  0|   2|           1|           1|
    |ap_predicate_op59_read_state1     |       and|   0|  0|   2|           1|           1|
    |ap_predicate_op78_write_state2    |       and|   0|  0|   2|           1|           1|
    |ap_predicate_op86_write_state2    |       and|   0|  0|   2|           1|           1|
    |grp_nbreadreq_fu_134_p3           |       and|   0|  0|   2|           1|           0|
    |tmp_i_i_nbreadreq_fu_148_p3       |       and|   0|  0|   2|           1|           0|
    |icmp_ln82_2_fu_237_p2             |      icmp|   0|  0|  16|          25|           8|
    |icmp_ln82_fu_299_p2               |      icmp|   0|  0|  16|          25|           8|
    |ap_block_pp0_stage0_01001         |        or|   0|  0|   2|           1|           1|
    |ap_block_state1_pp0_stage0_iter0  |        or|   0|  0|   2|           1|           1|
    |ap_block_state2_pp0_stage0_iter1  |        or|   0|  0|   2|           1|           1|
    |select_ln222_cast_i_i_fu_277_p3   |    select|   0|  0|   2|           1|           2|
    |ap_enable_pp0                     |       xor|   0|  0|   2|           1|           2|
    |xor_ln222_fu_271_p2               |       xor|   0|  0|   2|           1|           2|
    +----------------------------------+----------+----+---+----+------------+------------+
    |Total                             |          |   0|  0| 114|         100|          41|
    +----------------------------------+----------+----+---+----+------------+------------+

    * Multiplexer: 
    +------------------------------------------------+----+-----------+------+-----------+
    |                      Name                      | LUT| Input Size| Bits | Total Bits|
    +------------------------------------------------+----+-----------+------+-----------+
    |ap_done                                         |   9|          2|     1|          2|
    |ap_phi_reg_pp0_iter1_currWord_data_V_5_reg_178  |   9|          2|   512|       1024|
    |ap_phi_reg_pp0_iter1_currWord_data_V_7_reg_169  |  14|          3|   512|       1536|
    |gi_state                                        |  20|          4|     2|          8|
    |header_idx_2                                    |   9|          2|    16|         32|
    |local_ip_address_blk_n                          |   9|          2|     1|          2|
    |tx_ip2crcFifo_blk_n                             |   9|          2|     1|          2|
    |tx_ip2crcFifo_din                               |  20|          4|  1024|       4096|
    |tx_shift2ipv4Fifo_blk_n                         |   9|          2|     1|          2|
    |tx_udp2ipMetaFifo_blk_n                         |   9|          2|     1|          2|
    +------------------------------------------------+----+-----------+------+-----------+
    |Total                                           | 117|         25|  2071|       6706|
    +------------------------------------------------+----+-----------+------+-----------+

    * Register: 
    +------------------------------------------------+------+----+------+-----------+
    |                      Name                      |  FF  | LUT| Bits | Const Bits|
    +------------------------------------------------+------+----+------+-----------+
    |ap_CS_fsm                                       |     1|   0|     1|          0|
    |ap_done_reg                                     |     1|   0|     1|          0|
    |ap_enable_reg_pp0_iter1                         |     1|   0|     1|          0|
    |ap_phi_reg_pp0_iter1_currWord_data_V_5_reg_178  |   512|   0|   512|          0|
    |ap_phi_reg_pp0_iter1_currWord_data_V_7_reg_169  |   512|   0|   512|          0|
    |gi_state                                        |     2|   0|     2|          0|
    |gi_state_load_reg_472                           |     2|   0|     2|          0|
    |header_header_V_2                               |   160|   0|   160|          0|
    |header_idx_2                                    |    16|   0|    16|          0|
    |tmp_179_i_i_reg_506                             |     1|   0|     1|          0|
    |tmp_i_i_233_reg_476                             |     1|   0|     1|          0|
    |tmp_reg_493                                     |    65|   0|    65|          0|
    |tx_shift2ipv4Fifo_read_reg_510                  |  1024|   0|  1024|          0|
    +------------------------------------------------+------+----+------+-----------+
    |Total                                           |  2298|   0|  2298|          0|
    +------------------------------------------------+------+----+------+-----------+



================================================================
== Interface
================================================================
* Summary: 
+----------------------------------+-----+------+------------+---------------------------+--------------+
|             RTL Ports            | Dir | Bits |  Protocol  |       Source Object       |    C Type    |
+----------------------------------+-----+------+------------+---------------------------+--------------+
|ap_clk                            |   in|     1|  ap_ctrl_hs|  ipv4_generate_ipv4<512>13|  return value|
|ap_rst                            |   in|     1|  ap_ctrl_hs|  ipv4_generate_ipv4<512>13|  return value|
|ap_start                          |   in|     1|  ap_ctrl_hs|  ipv4_generate_ipv4<512>13|  return value|
|ap_done                           |  out|     1|  ap_ctrl_hs|  ipv4_generate_ipv4<512>13|  return value|
|ap_continue                       |   in|     1|  ap_ctrl_hs|  ipv4_generate_ipv4<512>13|  return value|
|ap_idle                           |  out|     1|  ap_ctrl_hs|  ipv4_generate_ipv4<512>13|  return value|
|ap_ready                          |  out|     1|  ap_ctrl_hs|  ipv4_generate_ipv4<512>13|  return value|
|local_ip_address_dout             |   in|   128|     ap_fifo|           local_ip_address|       pointer|
|local_ip_address_num_data_valid   |   in|     3|     ap_fifo|           local_ip_address|       pointer|
|local_ip_address_fifo_cap         |   in|     3|     ap_fifo|           local_ip_address|       pointer|
|local_ip_address_empty_n          |   in|     1|     ap_fifo|           local_ip_address|       pointer|
|local_ip_address_read             |  out|     1|     ap_fifo|           local_ip_address|       pointer|
|tx_shift2ipv4Fifo_dout            |   in|  1024|     ap_fifo|          tx_shift2ipv4Fifo|       pointer|
|tx_shift2ipv4Fifo_num_data_valid  |   in|     4|     ap_fifo|          tx_shift2ipv4Fifo|       pointer|
|tx_shift2ipv4Fifo_fifo_cap        |   in|     4|     ap_fifo|          tx_shift2ipv4Fifo|       pointer|
|tx_shift2ipv4Fifo_empty_n         |   in|     1|     ap_fifo|          tx_shift2ipv4Fifo|       pointer|
|tx_shift2ipv4Fifo_read            |  out|     1|     ap_fifo|          tx_shift2ipv4Fifo|       pointer|
|tx_udp2ipMetaFifo_dout            |   in|    64|     ap_fifo|          tx_udp2ipMetaFifo|       pointer|
|tx_udp2ipMetaFifo_num_data_valid  |   in|     2|     ap_fifo|          tx_udp2ipMetaFifo|       pointer|
|tx_udp2ipMetaFifo_fifo_cap        |   in|     2|     ap_fifo|          tx_udp2ipMetaFifo|       pointer|
|tx_udp2ipMetaFifo_empty_n         |   in|     1|     ap_fifo|          tx_udp2ipMetaFifo|       pointer|
|tx_udp2ipMetaFifo_read            |  out|     1|     ap_fifo|          tx_udp2ipMetaFifo|       pointer|
|tx_ip2crcFifo_din                 |  out|  1024|     ap_fifo|              tx_ip2crcFifo|       pointer|
|tx_ip2crcFifo_num_data_valid      |   in|     2|     ap_fifo|              tx_ip2crcFifo|       pointer|
|tx_ip2crcFifo_fifo_cap            |   in|     2|     ap_fifo|              tx_ip2crcFifo|       pointer|
|tx_ip2crcFifo_full_n              |   in|     1|     ap_fifo|              tx_ip2crcFifo|       pointer|
|tx_ip2crcFifo_write               |  out|     1|     ap_fifo|              tx_ip2crcFifo|       pointer|
+----------------------------------+-----+------+------------+---------------------------+--------------+

