

================================================================
== Vitis HLS Report for 'mem_cmd_merger_512_s'
================================================================
* Date:           Tue Jul 11 09:33:17 2023

* Version:        2022.1 (Build 3526262 on Mon Apr 18 15:47:01 MDT 2022)
* Project:        rocev2_prj
* Solution:       solution1 (Vivado IP Flow Target)
* Product family: virtexuplus
* Target device:  xcu280-fsvh2892-2L-e


================================================================
== Performance Estimates
================================================================
+ Timing: 
    * Summary: 
    +--------+---------+----------+------------+
    |  Clock |  Target | Estimated| Uncertainty|
    +--------+---------+----------+------------+
    |ap_clk  |  3.20 ns|  2.355 ns|     0.86 ns|
    +--------+---------+----------+------------+

+ Latency: 
    * Summary: 
    +---------+---------+----------+----------+-----+-----+---------+
    |  Latency (cycles) |  Latency (absolute) |  Interval | Pipeline|
    |   min   |   max   |    min   |    max   | min | max |   Type  |
    +---------+---------+----------+----------+-----+-----+---------+
    |        3|        3|  9.600 ns|  9.600 ns|    1|    1|      yes|
    +---------+---------+----------+----------+-----+-----+---------+

    + Detail: 
        * Instance: 
        N/A

        * Loop: 
        N/A



================================================================
== Utilization Estimates
================================================================
* Summary: 
+---------------------+---------+------+---------+---------+-----+
|         Name        | BRAM_18K|  DSP |    FF   |   LUT   | URAM|
+---------------------+---------+------+---------+---------+-----+
|DSP                  |        -|     -|        -|        -|    -|
|Expression           |        -|     -|        0|      361|    -|
|FIFO                 |        -|     -|        -|        -|    -|
|Instance             |        -|     -|        -|        -|    -|
|Memory               |        -|     -|        -|        -|    -|
|Multiplexer          |        -|     -|        -|       79|    -|
|Register             |        -|     -|      451|       32|    -|
+---------------------+---------+------+---------+---------+-----+
|Total                |        0|     0|      451|      472|    0|
+---------------------+---------+------+---------+---------+-----+
|Available SLR        |     1344|  3008|   869120|   434560|  320|
+---------------------+---------+------+---------+---------+-----+
|Utilization SLR (%)  |        0|     0|       ~0|       ~0|    0|
+---------------------+---------+------+---------+---------+-----+
|Available            |     4032|  9024|  2607360|  1303680|  960|
+---------------------+---------+------+---------+---------+-----+
|Utilization (%)      |        0|     0|       ~0|       ~0|    0|
+---------------------+---------+------+---------+---------+-----+

+ Detail: 
    * Instance: 
    N/A

    * DSP: 
    N/A

    * Memory: 
    N/A

    * FIFO: 
    N/A

    * Expression: 
    +----------------------------------+----------+----+---+----+------------+------------+
    |           Variable Name          | Operation| DSP| FF| LUT| Bitwidth P0| Bitwidth P1|
    +----------------------------------+----------+----+---+----+------------+------------+
    |add_ln1559_1_fu_258_p2            |         +|   0|  0|  40|          33|           6|
    |add_ln1559_2_fu_220_p2            |         +|   0|  0|  40|          33|           6|
    |add_ln1559_fu_144_p2              |         +|   0|  0|  40|          33|           6|
    |ap_block_state2_pp0_stage0_iter1  |       and|   0|  0|   2|           1|           1|
    |ap_predicate_op31_read_state2     |       and|   0|  0|   2|           1|           1|
    |ap_predicate_op41_write_state3    |       and|   0|  0|   2|           1|           1|
    |ap_predicate_op55_write_state3    |       and|   0|  0|   2|           1|           1|
    |ap_predicate_op63_write_state4    |       and|   0|  0|   2|           1|           1|
    |tmp_i_231_nbreadreq_fu_84_p3      |       and|   0|  0|   2|           1|           0|
    |tmp_i_nbreadreq_fu_70_p3          |       and|   0|  0|   2|           1|           0|
    |icmp_ln1069_fu_180_p2             |      icmp|   0|  0|  29|          64|           1|
    |ap_block_pp0_stage0_01001         |        or|   0|  0|   2|           1|           1|
    |ap_block_pp0_stage0_11001         |        or|   0|  0|   2|           1|           1|
    |ap_block_state1_pp0_stage0_iter0  |        or|   0|  0|   2|           1|           1|
    |ap_block_state3_io                |        or|   0|  0|   2|           1|           1|
    |ap_block_state3_pp0_stage0_iter2  |        or|   0|  0|   2|           1|           1|
    |ap_block_state4_io                |        or|   0|  0|   2|           1|           1|
    |ap_block_state4_pp0_stage0_iter3  |        or|   0|  0|   2|           1|           1|
    |or_ln174_3_fu_244_p2              |        or|   0|  0|  91|          91|           1|
    |or_ln174_fu_282_p2                |        or|   0|  0|  91|          91|          33|
    |ap_enable_pp0                     |       xor|   0|  0|   2|           1|           2|
    +----------------------------------+----------+----+---+----+------------+------------+
    |Total                             |          |   0|  0| 361|         360|          67|
    +----------------------------------+----------+----+---+----+------------+------------+

    * Multiplexer: 
    +----------------------------------------+----+-----------+-----+-----------+
    |                  Name                  | LUT| Input Size| Bits| Total Bits|
    +----------------------------------------+----+-----------+-----+-----------+
    |ap_done                                 |   9|          2|    1|          2|
    |m_axis_mem_read_cmd_TDATA_blk_n         |   9|          2|    1|          2|
    |m_axis_mem_read_cmd_TDATA_int_regslice  |  14|          3|  192|        576|
    |rx_remoteMemCmd_blk_n                   |   9|          2|    1|          2|
    |tx_localMemCmdFifo_blk_n                |   9|          2|    1|          2|
    |tx_pkgInfoFifo_blk_n                    |   9|          2|    1|          2|
    |tx_pkgInfoFifo_din                      |  20|          4|   96|        384|
    +----------------------------------------+----+-----------+-----+-----------+
    |Total                                   |  79|         17|  293|        970|
    +----------------------------------------+----+-----------+-----+-----------+

    * Register: 
    +-----------------------------------+----+----+-----+-----------+
    |                Name               | FF | LUT| Bits| Const Bits|
    +-----------------------------------+----+----+-----+-----------+
    |ap_CS_fsm                          |   1|   0|    1|          0|
    |ap_done_reg                        |   1|   0|    1|          0|
    |ap_enable_reg_pp0_iter1            |   1|   0|    1|          0|
    |ap_enable_reg_pp0_iter2            |   1|   0|    1|          0|
    |ap_enable_reg_pp0_iter3            |   1|   0|    1|          0|
    |cmd_len_V_1_reg_341                |  32|   0|   32|          0|
    |icmp_ln1069_reg_347                |   1|   0|    1|          0|
    |icmp_ln1069_reg_347_pp0_iter2_reg  |   1|   0|    1|          0|
    |tmp_170_i_reg_327                  |  96|   0|   96|          0|
    |tmp_170_i_reg_327_pp0_iter1_reg    |  96|   0|   96|          0|
    |tmp_173_i_reg_356                  |  96|   0|   96|          0|
    |tmp_40_reg_322                     |   1|   0|    1|          0|
    |tmp_40_reg_322_pp0_iter1_reg       |   1|   0|    1|          0|
    |tmp_41_reg_351                     |   1|   0|    1|          0|
    |tmp_i_231_reg_337                  |   1|   0|    1|          0|
    |tmp_i_231_reg_337_pp0_iter2_reg    |   1|   0|    1|          0|
    |tmp_i_reg_318                      |   1|   0|    1|          0|
    |tmp_reg_332                        |  27|   0|   27|          0|
    |tmp_reg_332_pp0_iter1_reg          |  27|   0|   27|          0|
    |tmp_i_reg_318                      |  64|  32|    1|          0|
    +-----------------------------------+----+----+-----+-----------+
    |Total                              | 451|  32|  388|          0|
    +-----------------------------------+----+----+-----+-----------+



================================================================
== Interface
================================================================
* Summary: 
+-----------------------------------+-----+-----+------------+---------------------+--------------+
|             RTL Ports             | Dir | Bits|  Protocol  |    Source Object    |    C Type    |
+-----------------------------------+-----+-----+------------+---------------------+--------------+
|ap_clk                             |   in|    1|  ap_ctrl_hs|  mem_cmd_merger<512>|  return value|
|ap_rst                             |   in|    1|  ap_ctrl_hs|  mem_cmd_merger<512>|  return value|
|ap_start                           |   in|    1|  ap_ctrl_hs|  mem_cmd_merger<512>|  return value|
|ap_done                            |  out|    1|  ap_ctrl_hs|  mem_cmd_merger<512>|  return value|
|ap_continue                        |   in|    1|  ap_ctrl_hs|  mem_cmd_merger<512>|  return value|
|ap_idle                            |  out|    1|  ap_ctrl_hs|  mem_cmd_merger<512>|  return value|
|ap_ready                           |  out|    1|  ap_ctrl_hs|  mem_cmd_merger<512>|  return value|
|rx_remoteMemCmd_dout               |   in|  192|     ap_fifo|      rx_remoteMemCmd|       pointer|
|rx_remoteMemCmd_num_data_valid     |   in|   10|     ap_fifo|      rx_remoteMemCmd|       pointer|
|rx_remoteMemCmd_fifo_cap           |   in|   10|     ap_fifo|      rx_remoteMemCmd|       pointer|
|rx_remoteMemCmd_empty_n            |   in|    1|     ap_fifo|      rx_remoteMemCmd|       pointer|
|rx_remoteMemCmd_read               |  out|    1|     ap_fifo|      rx_remoteMemCmd|       pointer|
|tx_localMemCmdFifo_dout            |   in|  192|     ap_fifo|   tx_localMemCmdFifo|       pointer|
|tx_localMemCmdFifo_num_data_valid  |   in|    2|     ap_fifo|   tx_localMemCmdFifo|       pointer|
|tx_localMemCmdFifo_fifo_cap        |   in|    2|     ap_fifo|   tx_localMemCmdFifo|       pointer|
|tx_localMemCmdFifo_empty_n         |   in|    1|     ap_fifo|   tx_localMemCmdFifo|       pointer|
|tx_localMemCmdFifo_read            |  out|    1|     ap_fifo|   tx_localMemCmdFifo|       pointer|
|m_axis_mem_read_cmd_TREADY         |   in|    1|        axis|  m_axis_mem_read_cmd|       pointer|
|m_axis_mem_read_cmd_TDATA          |  out|  192|        axis|  m_axis_mem_read_cmd|       pointer|
|m_axis_mem_read_cmd_TVALID         |  out|    1|        axis|  m_axis_mem_read_cmd|       pointer|
|tx_pkgInfoFifo_din                 |  out|   96|     ap_fifo|       tx_pkgInfoFifo|       pointer|
|tx_pkgInfoFifo_num_data_valid      |   in|    8|     ap_fifo|       tx_pkgInfoFifo|       pointer|
|tx_pkgInfoFifo_fifo_cap            |   in|    8|     ap_fifo|       tx_pkgInfoFifo|       pointer|
|tx_pkgInfoFifo_full_n              |   in|    1|     ap_fifo|       tx_pkgInfoFifo|       pointer|
|tx_pkgInfoFifo_write               |  out|    1|     ap_fifo|       tx_pkgInfoFifo|       pointer|
+-----------------------------------+-----+-----+------------+---------------------+--------------+

