

================================================================
== Vitis HLS Report for 'merge_rx_meta'
================================================================
* Date:           Tue Jul 11 09:32:53 2023

* Version:        2022.1 (Build 3526262 on Mon Apr 18 15:47:01 MDT 2022)
* Project:        rocev2_prj
* Solution:       solution1 (Vivado IP Flow Target)
* Product family: virtexuplus
* Target device:  xcu280-fsvh2892-2L-e


================================================================
== Performance Estimates
================================================================
+ Timing: 
    * Summary: 
    +--------+---------+----------+------------+
    |  Clock |  Target | Estimated| Uncertainty|
    +--------+---------+----------+------------+
    |ap_clk  |  3.20 ns|  1.290 ns|     0.86 ns|
    +--------+---------+----------+------------+

+ Latency: 
    * Summary: 
    +---------+---------+----------+----------+-----+-----+---------+
    |  Latency (cycles) |  Latency (absolute) |  Interval | Pipeline|
    |   min   |   max   |    min   |    max   | min | max |   Type  |
    +---------+---------+----------+----------+-----+-----+---------+
    |        1|        1|  3.200 ns|  3.200 ns|    1|    1|      yes|
    +---------+---------+----------+----------+-----+-----+---------+

    + Detail: 
        * Instance: 
        N/A

        * Loop: 
        N/A



================================================================
== Utilization Estimates
================================================================
* Summary: 
+---------------------+---------+------+---------+---------+-----+
|         Name        | BRAM_18K|  DSP |    FF   |   LUT   | URAM|
+---------------------+---------+------+---------+---------+-----+
|DSP                  |        -|     -|        -|        -|    -|
|Expression           |        -|     -|        0|       16|    -|
|FIFO                 |        -|     -|        -|        -|    -|
|Instance             |        -|     -|        -|        -|    -|
|Memory               |        -|     -|        -|        -|    -|
|Multiplexer          |        -|     -|        -|       36|    -|
|Register             |        -|     -|       86|        -|    -|
+---------------------+---------+------+---------+---------+-----+
|Total                |        0|     0|       86|       52|    0|
+---------------------+---------+------+---------+---------+-----+
|Available SLR        |     1344|  3008|   869120|   434560|  320|
+---------------------+---------+------+---------+---------+-----+
|Utilization SLR (%)  |        0|     0|       ~0|       ~0|    0|
+---------------------+---------+------+---------+---------+-----+
|Available            |     4032|  9024|  2607360|  1303680|  960|
+---------------------+---------+------+---------+---------+-----+
|Utilization (%)      |        0|     0|       ~0|       ~0|    0|
+---------------------+---------+------+---------+---------+-----+

+ Detail: 
    * Instance: 
    N/A

    * DSP: 
    N/A

    * Memory: 
    N/A

    * FIFO: 
    N/A

    * Expression: 
    +----------------------------------+----------+----+---+----+------------+------------+
    |           Variable Name          | Operation| DSP| FF| LUT| Bitwidth P0| Bitwidth P1|
    +----------------------------------+----------+----+---+----+------------+------------+
    |ap_block_state2_pp0_stage0_iter1  |       and|   0|  0|   2|           1|           1|
    |ap_predicate_op20_read_state1     |       and|   0|  0|   2|           1|           1|
    |ap_predicate_op29_write_state2    |       and|   0|  0|   2|           1|           1|
    |tmp_i_230_nbreadreq_fu_42_p3      |       and|   0|  0|   2|           1|           0|
    |tmp_i_nbreadreq_fu_34_p3          |       and|   0|  0|   2|           1|           0|
    |ap_block_pp0_stage0_01001         |        or|   0|  0|   2|           1|           1|
    |ap_block_state1_pp0_stage0_iter0  |        or|   0|  0|   2|           1|           1|
    |ap_enable_pp0                     |       xor|   0|  0|   2|           1|           2|
    +----------------------------------+----------+----+---+----+------------+------------+
    |Total                             |          |   0|  0|  16|           8|           7|
    +----------------------------------+----------+----+---+----+------------+------------+

    * Multiplexer: 
    +-------------------------+----+-----------+-----+-----------+
    |           Name          | LUT| Input Size| Bits| Total Bits|
    +-------------------------+----+-----------+-----+-----------+
    |ap_done                  |   9|          2|    1|          2|
    |rx_ip2udpMetaFifo_blk_n  |   9|          2|    1|          2|
    |rx_ipUdpMetaFifo_blk_n   |   9|          2|    1|          2|
    |rx_udpMetaFifo_blk_n     |   9|          2|    1|          2|
    +-------------------------+----+-----------+-----+-----------+
    |Total                    |  36|          8|    4|          8|
    +-------------------------+----+-----------+-----+-----------+

    * Register: 
    +-------------------------------+----+----+-----+-----------+
    |              Name             | FF | LUT| Bits| Const Bits|
    +-------------------------------+----+----+-----+-----------+
    |ap_CS_fsm                      |   1|   0|    1|          0|
    |ap_done_reg                    |   1|   0|    1|          0|
    |ap_enable_reg_pp0_iter1        |   1|   0|    1|          0|
    |meta0_their_address_V_reg_106  |  32|   0|   32|          0|
    |meta1_valid_reg_111            |   1|   0|    1|          0|
    |tmp_i_230_reg_102              |   1|   0|    1|          0|
    |tmp_i_reg_98                   |   1|   0|    1|          0|
    |trunc_ln174_reg_115            |  48|   0|   48|          0|
    +-------------------------------+----+----+-----+-----------+
    |Total                          |  86|   0|   86|          0|
    +-------------------------------+----+----+-----+-----------+



================================================================
== Interface
================================================================
* Summary: 
+----------------------------------+-----+-----+------------+-------------------+--------------+
|             RTL Ports            | Dir | Bits|  Protocol  |   Source Object   |    C Type    |
+----------------------------------+-----+-----+------------+-------------------+--------------+
|ap_clk                            |   in|    1|  ap_ctrl_hs|      merge_rx_meta|  return value|
|ap_rst                            |   in|    1|  ap_ctrl_hs|      merge_rx_meta|  return value|
|ap_start                          |   in|    1|  ap_ctrl_hs|      merge_rx_meta|  return value|
|ap_done                           |  out|    1|  ap_ctrl_hs|      merge_rx_meta|  return value|
|ap_continue                       |   in|    1|  ap_ctrl_hs|      merge_rx_meta|  return value|
|ap_idle                           |  out|    1|  ap_ctrl_hs|      merge_rx_meta|  return value|
|ap_ready                          |  out|    1|  ap_ctrl_hs|      merge_rx_meta|  return value|
|rx_ip2udpMetaFifo_dout            |   in|   64|     ap_fifo|  rx_ip2udpMetaFifo|       pointer|
|rx_ip2udpMetaFifo_num_data_valid  |   in|    2|     ap_fifo|  rx_ip2udpMetaFifo|       pointer|
|rx_ip2udpMetaFifo_fifo_cap        |   in|    2|     ap_fifo|  rx_ip2udpMetaFifo|       pointer|
|rx_ip2udpMetaFifo_empty_n         |   in|    1|     ap_fifo|  rx_ip2udpMetaFifo|       pointer|
|rx_ip2udpMetaFifo_read            |  out|    1|     ap_fifo|  rx_ip2udpMetaFifo|       pointer|
|rx_udpMetaFifo_dout               |   in|   64|     ap_fifo|     rx_udpMetaFifo|       pointer|
|rx_udpMetaFifo_num_data_valid     |   in|    2|     ap_fifo|     rx_udpMetaFifo|       pointer|
|rx_udpMetaFifo_fifo_cap           |   in|    2|     ap_fifo|     rx_udpMetaFifo|       pointer|
|rx_udpMetaFifo_empty_n            |   in|    1|     ap_fifo|     rx_udpMetaFifo|       pointer|
|rx_udpMetaFifo_read               |  out|    1|     ap_fifo|     rx_udpMetaFifo|       pointer|
|rx_ipUdpMetaFifo_din              |  out|  256|     ap_fifo|   rx_ipUdpMetaFifo|       pointer|
|rx_ipUdpMetaFifo_num_data_valid   |   in|    4|     ap_fifo|   rx_ipUdpMetaFifo|       pointer|
|rx_ipUdpMetaFifo_fifo_cap         |   in|    4|     ap_fifo|   rx_ipUdpMetaFifo|       pointer|
|rx_ipUdpMetaFifo_full_n           |   in|    1|     ap_fifo|   rx_ipUdpMetaFifo|       pointer|
|rx_ipUdpMetaFifo_write            |  out|    1|     ap_fifo|   rx_ipUdpMetaFifo|       pointer|
+----------------------------------+-----+-----+------------+-------------------+--------------+

